[2024-12-22T02:15:58.757-0800] {processor.py:186} INFO - Started process (PID=99729) to work on /Users/rishukhurana/anaconda3/lib/python3.11/site-packages/airflow/example_dags/plugins/listener_plugin.py
[2024-12-22T02:15:58.761-0800] {processor.py:914} INFO - Processing file /Users/rishukhurana/anaconda3/lib/python3.11/site-packages/airflow/example_dags/plugins/listener_plugin.py for tasks to queue
[2024-12-22T02:15:58.764-0800] {logging_mixin.py:190} INFO - [2024-12-22T02:15:58.763-0800] {dagbag.py:588} INFO - Filling up the DagBag from /Users/rishukhurana/anaconda3/lib/python3.11/site-packages/airflow/example_dags/plugins/listener_plugin.py
[2024-12-22T02:15:58.773-0800] {processor.py:927} WARNING - No viable dags retrieved from /Users/rishukhurana/anaconda3/lib/python3.11/site-packages/airflow/example_dags/plugins/listener_plugin.py
[2024-12-22T02:15:59.023-0800] {processor.py:208} INFO - Processing /Users/rishukhurana/anaconda3/lib/python3.11/site-packages/airflow/example_dags/plugins/listener_plugin.py took 0.283 seconds
[2024-12-22T02:22:14.621-0800] {processor.py:186} INFO - Started process (PID=99945) to work on /Users/rishukhurana/anaconda3/lib/python3.11/site-packages/airflow/example_dags/plugins/listener_plugin.py
[2024-12-22T02:22:14.624-0800] {processor.py:914} INFO - Processing file /Users/rishukhurana/anaconda3/lib/python3.11/site-packages/airflow/example_dags/plugins/listener_plugin.py for tasks to queue
[2024-12-22T02:22:14.626-0800] {logging_mixin.py:190} INFO - [2024-12-22T02:22:14.625-0800] {dagbag.py:588} INFO - Filling up the DagBag from /Users/rishukhurana/anaconda3/lib/python3.11/site-packages/airflow/example_dags/plugins/listener_plugin.py
[2024-12-22T02:22:14.631-0800] {processor.py:927} WARNING - No viable dags retrieved from /Users/rishukhurana/anaconda3/lib/python3.11/site-packages/airflow/example_dags/plugins/listener_plugin.py
[2024-12-22T02:22:14.807-0800] {processor.py:208} INFO - Processing /Users/rishukhurana/anaconda3/lib/python3.11/site-packages/airflow/example_dags/plugins/listener_plugin.py took 0.195 seconds
[2024-12-22T02:26:42.235-0800] {processor.py:186} INFO - Started process (PID=307) to work on /Users/rishukhurana/anaconda3/lib/python3.11/site-packages/airflow/example_dags/plugins/listener_plugin.py
[2024-12-22T02:26:42.237-0800] {processor.py:914} INFO - Processing file /Users/rishukhurana/anaconda3/lib/python3.11/site-packages/airflow/example_dags/plugins/listener_plugin.py for tasks to queue
[2024-12-22T02:26:42.239-0800] {logging_mixin.py:190} INFO - [2024-12-22T02:26:42.239-0800] {dagbag.py:588} INFO - Filling up the DagBag from /Users/rishukhurana/anaconda3/lib/python3.11/site-packages/airflow/example_dags/plugins/listener_plugin.py
[2024-12-22T02:26:42.245-0800] {processor.py:927} WARNING - No viable dags retrieved from /Users/rishukhurana/anaconda3/lib/python3.11/site-packages/airflow/example_dags/plugins/listener_plugin.py
[2024-12-22T02:26:42.350-0800] {processor.py:208} INFO - Processing /Users/rishukhurana/anaconda3/lib/python3.11/site-packages/airflow/example_dags/plugins/listener_plugin.py took 0.123 seconds
[2024-12-22T02:29:57.933-0800] {processor.py:186} INFO - Started process (PID=496) to work on /Users/rishukhurana/anaconda3/lib/python3.11/site-packages/airflow/example_dags/plugins/listener_plugin.py
[2024-12-22T02:29:57.936-0800] {processor.py:914} INFO - Processing file /Users/rishukhurana/anaconda3/lib/python3.11/site-packages/airflow/example_dags/plugins/listener_plugin.py for tasks to queue
[2024-12-22T02:29:57.938-0800] {logging_mixin.py:190} INFO - [2024-12-22T02:29:57.938-0800] {dagbag.py:588} INFO - Filling up the DagBag from /Users/rishukhurana/anaconda3/lib/python3.11/site-packages/airflow/example_dags/plugins/listener_plugin.py
[2024-12-22T02:29:57.942-0800] {processor.py:927} WARNING - No viable dags retrieved from /Users/rishukhurana/anaconda3/lib/python3.11/site-packages/airflow/example_dags/plugins/listener_plugin.py
[2024-12-22T02:29:58.027-0800] {processor.py:208} INFO - Processing /Users/rishukhurana/anaconda3/lib/python3.11/site-packages/airflow/example_dags/plugins/listener_plugin.py took 0.102 seconds
[2024-12-22T02:33:17.894-0800] {processor.py:186} INFO - Started process (PID=730) to work on /Users/rishukhurana/anaconda3/lib/python3.11/site-packages/airflow/example_dags/plugins/listener_plugin.py
[2024-12-22T02:33:17.896-0800] {processor.py:914} INFO - Processing file /Users/rishukhurana/anaconda3/lib/python3.11/site-packages/airflow/example_dags/plugins/listener_plugin.py for tasks to queue
[2024-12-22T02:33:17.897-0800] {logging_mixin.py:190} INFO - [2024-12-22T02:33:17.897-0800] {dagbag.py:588} INFO - Filling up the DagBag from /Users/rishukhurana/anaconda3/lib/python3.11/site-packages/airflow/example_dags/plugins/listener_plugin.py
[2024-12-22T02:33:17.902-0800] {processor.py:927} WARNING - No viable dags retrieved from /Users/rishukhurana/anaconda3/lib/python3.11/site-packages/airflow/example_dags/plugins/listener_plugin.py
[2024-12-22T02:33:17.994-0800] {processor.py:208} INFO - Processing /Users/rishukhurana/anaconda3/lib/python3.11/site-packages/airflow/example_dags/plugins/listener_plugin.py took 0.104 seconds
[2024-12-22T02:36:29.915-0800] {processor.py:186} INFO - Started process (PID=878) to work on /Users/rishukhurana/anaconda3/lib/python3.11/site-packages/airflow/example_dags/plugins/listener_plugin.py
[2024-12-22T02:36:29.918-0800] {processor.py:914} INFO - Processing file /Users/rishukhurana/anaconda3/lib/python3.11/site-packages/airflow/example_dags/plugins/listener_plugin.py for tasks to queue
[2024-12-22T02:36:29.919-0800] {logging_mixin.py:190} INFO - [2024-12-22T02:36:29.919-0800] {dagbag.py:588} INFO - Filling up the DagBag from /Users/rishukhurana/anaconda3/lib/python3.11/site-packages/airflow/example_dags/plugins/listener_plugin.py
[2024-12-22T02:36:29.923-0800] {processor.py:927} WARNING - No viable dags retrieved from /Users/rishukhurana/anaconda3/lib/python3.11/site-packages/airflow/example_dags/plugins/listener_plugin.py
[2024-12-22T02:36:30.011-0800] {processor.py:208} INFO - Processing /Users/rishukhurana/anaconda3/lib/python3.11/site-packages/airflow/example_dags/plugins/listener_plugin.py took 0.104 seconds
[2024-12-22T02:39:46.285-0800] {processor.py:186} INFO - Started process (PID=1130) to work on /Users/rishukhurana/anaconda3/lib/python3.11/site-packages/airflow/example_dags/plugins/listener_plugin.py
[2024-12-22T02:39:46.288-0800] {processor.py:914} INFO - Processing file /Users/rishukhurana/anaconda3/lib/python3.11/site-packages/airflow/example_dags/plugins/listener_plugin.py for tasks to queue
[2024-12-22T02:39:46.289-0800] {logging_mixin.py:190} INFO - [2024-12-22T02:39:46.289-0800] {dagbag.py:588} INFO - Filling up the DagBag from /Users/rishukhurana/anaconda3/lib/python3.11/site-packages/airflow/example_dags/plugins/listener_plugin.py
[2024-12-22T02:39:46.293-0800] {processor.py:927} WARNING - No viable dags retrieved from /Users/rishukhurana/anaconda3/lib/python3.11/site-packages/airflow/example_dags/plugins/listener_plugin.py
[2024-12-22T02:39:46.370-0800] {processor.py:208} INFO - Processing /Users/rishukhurana/anaconda3/lib/python3.11/site-packages/airflow/example_dags/plugins/listener_plugin.py took 0.089 seconds
[2024-12-22T02:42:54.204-0800] {processor.py:186} INFO - Started process (PID=1371) to work on /Users/rishukhurana/anaconda3/lib/python3.11/site-packages/airflow/example_dags/plugins/listener_plugin.py
[2024-12-22T02:42:54.206-0800] {processor.py:914} INFO - Processing file /Users/rishukhurana/anaconda3/lib/python3.11/site-packages/airflow/example_dags/plugins/listener_plugin.py for tasks to queue
[2024-12-22T02:42:54.208-0800] {logging_mixin.py:190} INFO - [2024-12-22T02:42:54.208-0800] {dagbag.py:588} INFO - Filling up the DagBag from /Users/rishukhurana/anaconda3/lib/python3.11/site-packages/airflow/example_dags/plugins/listener_plugin.py
[2024-12-22T02:42:54.212-0800] {processor.py:927} WARNING - No viable dags retrieved from /Users/rishukhurana/anaconda3/lib/python3.11/site-packages/airflow/example_dags/plugins/listener_plugin.py
[2024-12-22T02:42:54.287-0800] {processor.py:208} INFO - Processing /Users/rishukhurana/anaconda3/lib/python3.11/site-packages/airflow/example_dags/plugins/listener_plugin.py took 0.087 seconds
[2024-12-22T02:46:09.783-0800] {processor.py:186} INFO - Started process (PID=1637) to work on /Users/rishukhurana/anaconda3/lib/python3.11/site-packages/airflow/example_dags/plugins/listener_plugin.py
[2024-12-22T02:46:09.785-0800] {processor.py:914} INFO - Processing file /Users/rishukhurana/anaconda3/lib/python3.11/site-packages/airflow/example_dags/plugins/listener_plugin.py for tasks to queue
[2024-12-22T02:46:09.786-0800] {logging_mixin.py:190} INFO - [2024-12-22T02:46:09.786-0800] {dagbag.py:588} INFO - Filling up the DagBag from /Users/rishukhurana/anaconda3/lib/python3.11/site-packages/airflow/example_dags/plugins/listener_plugin.py
[2024-12-22T02:46:09.790-0800] {processor.py:927} WARNING - No viable dags retrieved from /Users/rishukhurana/anaconda3/lib/python3.11/site-packages/airflow/example_dags/plugins/listener_plugin.py
[2024-12-22T02:46:09.887-0800] {processor.py:208} INFO - Processing /Users/rishukhurana/anaconda3/lib/python3.11/site-packages/airflow/example_dags/plugins/listener_plugin.py took 0.112 seconds
[2024-12-22T02:49:25.416-0800] {processor.py:186} INFO - Started process (PID=1791) to work on /Users/rishukhurana/anaconda3/lib/python3.11/site-packages/airflow/example_dags/plugins/listener_plugin.py
[2024-12-22T02:49:25.419-0800] {processor.py:914} INFO - Processing file /Users/rishukhurana/anaconda3/lib/python3.11/site-packages/airflow/example_dags/plugins/listener_plugin.py for tasks to queue
[2024-12-22T02:49:25.420-0800] {logging_mixin.py:190} INFO - [2024-12-22T02:49:25.420-0800] {dagbag.py:588} INFO - Filling up the DagBag from /Users/rishukhurana/anaconda3/lib/python3.11/site-packages/airflow/example_dags/plugins/listener_plugin.py
[2024-12-22T02:49:25.422-0800] {processor.py:927} WARNING - No viable dags retrieved from /Users/rishukhurana/anaconda3/lib/python3.11/site-packages/airflow/example_dags/plugins/listener_plugin.py
[2024-12-22T02:49:25.504-0800] {processor.py:208} INFO - Processing /Users/rishukhurana/anaconda3/lib/python3.11/site-packages/airflow/example_dags/plugins/listener_plugin.py took 0.094 seconds
[2024-12-22T02:52:36.182-0800] {processor.py:186} INFO - Started process (PID=1942) to work on /Users/rishukhurana/anaconda3/lib/python3.11/site-packages/airflow/example_dags/plugins/listener_plugin.py
[2024-12-22T02:52:36.184-0800] {processor.py:914} INFO - Processing file /Users/rishukhurana/anaconda3/lib/python3.11/site-packages/airflow/example_dags/plugins/listener_plugin.py for tasks to queue
[2024-12-22T02:52:36.185-0800] {logging_mixin.py:190} INFO - [2024-12-22T02:52:36.185-0800] {dagbag.py:588} INFO - Filling up the DagBag from /Users/rishukhurana/anaconda3/lib/python3.11/site-packages/airflow/example_dags/plugins/listener_plugin.py
[2024-12-22T02:52:36.189-0800] {processor.py:927} WARNING - No viable dags retrieved from /Users/rishukhurana/anaconda3/lib/python3.11/site-packages/airflow/example_dags/plugins/listener_plugin.py
[2024-12-22T02:52:36.269-0800] {processor.py:208} INFO - Processing /Users/rishukhurana/anaconda3/lib/python3.11/site-packages/airflow/example_dags/plugins/listener_plugin.py took 0.092 seconds
[2024-12-22T02:55:42.061-0800] {processor.py:186} INFO - Started process (PID=2096) to work on /Users/rishukhurana/anaconda3/lib/python3.11/site-packages/airflow/example_dags/plugins/listener_plugin.py
[2024-12-22T02:55:42.063-0800] {processor.py:914} INFO - Processing file /Users/rishukhurana/anaconda3/lib/python3.11/site-packages/airflow/example_dags/plugins/listener_plugin.py for tasks to queue
[2024-12-22T02:55:42.065-0800] {logging_mixin.py:190} INFO - [2024-12-22T02:55:42.065-0800] {dagbag.py:588} INFO - Filling up the DagBag from /Users/rishukhurana/anaconda3/lib/python3.11/site-packages/airflow/example_dags/plugins/listener_plugin.py
[2024-12-22T02:55:42.069-0800] {processor.py:927} WARNING - No viable dags retrieved from /Users/rishukhurana/anaconda3/lib/python3.11/site-packages/airflow/example_dags/plugins/listener_plugin.py
[2024-12-22T02:55:42.148-0800] {processor.py:208} INFO - Processing /Users/rishukhurana/anaconda3/lib/python3.11/site-packages/airflow/example_dags/plugins/listener_plugin.py took 0.094 seconds
[2024-12-22T02:58:47.998-0800] {processor.py:186} INFO - Started process (PID=2246) to work on /Users/rishukhurana/anaconda3/lib/python3.11/site-packages/airflow/example_dags/plugins/listener_plugin.py
[2024-12-22T02:58:47.999-0800] {processor.py:914} INFO - Processing file /Users/rishukhurana/anaconda3/lib/python3.11/site-packages/airflow/example_dags/plugins/listener_plugin.py for tasks to queue
[2024-12-22T02:58:48.000-0800] {logging_mixin.py:190} INFO - [2024-12-22T02:58:48.000-0800] {dagbag.py:588} INFO - Filling up the DagBag from /Users/rishukhurana/anaconda3/lib/python3.11/site-packages/airflow/example_dags/plugins/listener_plugin.py
[2024-12-22T02:58:48.005-0800] {processor.py:927} WARNING - No viable dags retrieved from /Users/rishukhurana/anaconda3/lib/python3.11/site-packages/airflow/example_dags/plugins/listener_plugin.py
[2024-12-22T02:58:48.096-0800] {processor.py:208} INFO - Processing /Users/rishukhurana/anaconda3/lib/python3.11/site-packages/airflow/example_dags/plugins/listener_plugin.py took 0.102 seconds
[2024-12-22T03:02:04.370-0800] {processor.py:186} INFO - Started process (PID=2451) to work on /Users/rishukhurana/anaconda3/lib/python3.11/site-packages/airflow/example_dags/plugins/listener_plugin.py
[2024-12-22T03:02:04.372-0800] {processor.py:914} INFO - Processing file /Users/rishukhurana/anaconda3/lib/python3.11/site-packages/airflow/example_dags/plugins/listener_plugin.py for tasks to queue
[2024-12-22T03:02:04.374-0800] {logging_mixin.py:190} INFO - [2024-12-22T03:02:04.373-0800] {dagbag.py:588} INFO - Filling up the DagBag from /Users/rishukhurana/anaconda3/lib/python3.11/site-packages/airflow/example_dags/plugins/listener_plugin.py
[2024-12-22T03:02:04.379-0800] {processor.py:927} WARNING - No viable dags retrieved from /Users/rishukhurana/anaconda3/lib/python3.11/site-packages/airflow/example_dags/plugins/listener_plugin.py
[2024-12-22T03:02:04.476-0800] {processor.py:208} INFO - Processing /Users/rishukhurana/anaconda3/lib/python3.11/site-packages/airflow/example_dags/plugins/listener_plugin.py took 0.116 seconds
[2024-12-22T03:05:16.567-0800] {processor.py:186} INFO - Started process (PID=2612) to work on /Users/rishukhurana/anaconda3/lib/python3.11/site-packages/airflow/example_dags/plugins/listener_plugin.py
[2024-12-22T03:05:16.569-0800] {processor.py:914} INFO - Processing file /Users/rishukhurana/anaconda3/lib/python3.11/site-packages/airflow/example_dags/plugins/listener_plugin.py for tasks to queue
[2024-12-22T03:05:16.570-0800] {logging_mixin.py:190} INFO - [2024-12-22T03:05:16.570-0800] {dagbag.py:588} INFO - Filling up the DagBag from /Users/rishukhurana/anaconda3/lib/python3.11/site-packages/airflow/example_dags/plugins/listener_plugin.py
[2024-12-22T03:05:16.572-0800] {processor.py:927} WARNING - No viable dags retrieved from /Users/rishukhurana/anaconda3/lib/python3.11/site-packages/airflow/example_dags/plugins/listener_plugin.py
[2024-12-22T03:05:16.662-0800] {processor.py:208} INFO - Processing /Users/rishukhurana/anaconda3/lib/python3.11/site-packages/airflow/example_dags/plugins/listener_plugin.py took 0.100 seconds
[2024-12-22T03:08:29.442-0800] {processor.py:186} INFO - Started process (PID=2762) to work on /Users/rishukhurana/anaconda3/lib/python3.11/site-packages/airflow/example_dags/plugins/listener_plugin.py
[2024-12-22T03:08:29.444-0800] {processor.py:914} INFO - Processing file /Users/rishukhurana/anaconda3/lib/python3.11/site-packages/airflow/example_dags/plugins/listener_plugin.py for tasks to queue
[2024-12-22T03:08:29.446-0800] {logging_mixin.py:190} INFO - [2024-12-22T03:08:29.446-0800] {dagbag.py:588} INFO - Filling up the DagBag from /Users/rishukhurana/anaconda3/lib/python3.11/site-packages/airflow/example_dags/plugins/listener_plugin.py
[2024-12-22T03:08:29.452-0800] {processor.py:927} WARNING - No viable dags retrieved from /Users/rishukhurana/anaconda3/lib/python3.11/site-packages/airflow/example_dags/plugins/listener_plugin.py
[2024-12-22T03:08:29.536-0800] {processor.py:208} INFO - Processing /Users/rishukhurana/anaconda3/lib/python3.11/site-packages/airflow/example_dags/plugins/listener_plugin.py took 0.102 seconds
[2024-12-22T03:11:44.711-0800] {processor.py:186} INFO - Started process (PID=3011) to work on /Users/rishukhurana/anaconda3/lib/python3.11/site-packages/airflow/example_dags/plugins/listener_plugin.py
[2024-12-22T03:11:44.713-0800] {processor.py:914} INFO - Processing file /Users/rishukhurana/anaconda3/lib/python3.11/site-packages/airflow/example_dags/plugins/listener_plugin.py for tasks to queue
[2024-12-22T03:11:44.715-0800] {logging_mixin.py:190} INFO - [2024-12-22T03:11:44.714-0800] {dagbag.py:588} INFO - Filling up the DagBag from /Users/rishukhurana/anaconda3/lib/python3.11/site-packages/airflow/example_dags/plugins/listener_plugin.py
[2024-12-22T03:11:44.719-0800] {processor.py:927} WARNING - No viable dags retrieved from /Users/rishukhurana/anaconda3/lib/python3.11/site-packages/airflow/example_dags/plugins/listener_plugin.py
[2024-12-22T03:11:44.807-0800] {processor.py:208} INFO - Processing /Users/rishukhurana/anaconda3/lib/python3.11/site-packages/airflow/example_dags/plugins/listener_plugin.py took 0.103 seconds
[2024-12-22T03:14:57.347-0800] {processor.py:186} INFO - Started process (PID=3178) to work on /Users/rishukhurana/anaconda3/lib/python3.11/site-packages/airflow/example_dags/plugins/listener_plugin.py
[2024-12-22T03:14:57.350-0800] {processor.py:914} INFO - Processing file /Users/rishukhurana/anaconda3/lib/python3.11/site-packages/airflow/example_dags/plugins/listener_plugin.py for tasks to queue
[2024-12-22T03:14:57.352-0800] {logging_mixin.py:190} INFO - [2024-12-22T03:14:57.351-0800] {dagbag.py:588} INFO - Filling up the DagBag from /Users/rishukhurana/anaconda3/lib/python3.11/site-packages/airflow/example_dags/plugins/listener_plugin.py
[2024-12-22T03:14:57.356-0800] {processor.py:927} WARNING - No viable dags retrieved from /Users/rishukhurana/anaconda3/lib/python3.11/site-packages/airflow/example_dags/plugins/listener_plugin.py
[2024-12-22T03:14:57.438-0800] {processor.py:208} INFO - Processing /Users/rishukhurana/anaconda3/lib/python3.11/site-packages/airflow/example_dags/plugins/listener_plugin.py took 0.099 seconds
[2024-12-22T03:18:08.104-0800] {processor.py:186} INFO - Started process (PID=3336) to work on /Users/rishukhurana/anaconda3/lib/python3.11/site-packages/airflow/example_dags/plugins/listener_plugin.py
[2024-12-22T03:18:08.106-0800] {processor.py:914} INFO - Processing file /Users/rishukhurana/anaconda3/lib/python3.11/site-packages/airflow/example_dags/plugins/listener_plugin.py for tasks to queue
[2024-12-22T03:18:08.107-0800] {logging_mixin.py:190} INFO - [2024-12-22T03:18:08.107-0800] {dagbag.py:588} INFO - Filling up the DagBag from /Users/rishukhurana/anaconda3/lib/python3.11/site-packages/airflow/example_dags/plugins/listener_plugin.py
[2024-12-22T03:18:08.112-0800] {processor.py:927} WARNING - No viable dags retrieved from /Users/rishukhurana/anaconda3/lib/python3.11/site-packages/airflow/example_dags/plugins/listener_plugin.py
[2024-12-22T03:18:08.204-0800] {processor.py:208} INFO - Processing /Users/rishukhurana/anaconda3/lib/python3.11/site-packages/airflow/example_dags/plugins/listener_plugin.py took 0.105 seconds
[2024-12-22T03:21:18.496-0800] {processor.py:186} INFO - Started process (PID=3494) to work on /Users/rishukhurana/anaconda3/lib/python3.11/site-packages/airflow/example_dags/plugins/listener_plugin.py
[2024-12-22T03:21:18.498-0800] {processor.py:914} INFO - Processing file /Users/rishukhurana/anaconda3/lib/python3.11/site-packages/airflow/example_dags/plugins/listener_plugin.py for tasks to queue
[2024-12-22T03:21:18.500-0800] {logging_mixin.py:190} INFO - [2024-12-22T03:21:18.499-0800] {dagbag.py:588} INFO - Filling up the DagBag from /Users/rishukhurana/anaconda3/lib/python3.11/site-packages/airflow/example_dags/plugins/listener_plugin.py
[2024-12-22T03:21:18.505-0800] {processor.py:927} WARNING - No viable dags retrieved from /Users/rishukhurana/anaconda3/lib/python3.11/site-packages/airflow/example_dags/plugins/listener_plugin.py
[2024-12-22T03:21:18.588-0800] {processor.py:208} INFO - Processing /Users/rishukhurana/anaconda3/lib/python3.11/site-packages/airflow/example_dags/plugins/listener_plugin.py took 0.097 seconds
[2024-12-22T03:24:31.198-0800] {processor.py:186} INFO - Started process (PID=3754) to work on /Users/rishukhurana/anaconda3/lib/python3.11/site-packages/airflow/example_dags/plugins/listener_plugin.py
[2024-12-22T03:24:31.199-0800] {processor.py:914} INFO - Processing file /Users/rishukhurana/anaconda3/lib/python3.11/site-packages/airflow/example_dags/plugins/listener_plugin.py for tasks to queue
[2024-12-22T03:24:31.200-0800] {logging_mixin.py:190} INFO - [2024-12-22T03:24:31.200-0800] {dagbag.py:588} INFO - Filling up the DagBag from /Users/rishukhurana/anaconda3/lib/python3.11/site-packages/airflow/example_dags/plugins/listener_plugin.py
[2024-12-22T03:24:31.205-0800] {processor.py:927} WARNING - No viable dags retrieved from /Users/rishukhurana/anaconda3/lib/python3.11/site-packages/airflow/example_dags/plugins/listener_plugin.py
[2024-12-22T03:24:31.300-0800] {processor.py:208} INFO - Processing /Users/rishukhurana/anaconda3/lib/python3.11/site-packages/airflow/example_dags/plugins/listener_plugin.py took 0.111 seconds
[2024-12-22T03:27:47.271-0800] {processor.py:186} INFO - Started process (PID=4146) to work on /Users/rishukhurana/anaconda3/lib/python3.11/site-packages/airflow/example_dags/plugins/listener_plugin.py
[2024-12-22T03:27:47.272-0800] {processor.py:914} INFO - Processing file /Users/rishukhurana/anaconda3/lib/python3.11/site-packages/airflow/example_dags/plugins/listener_plugin.py for tasks to queue
[2024-12-22T03:27:47.274-0800] {logging_mixin.py:190} INFO - [2024-12-22T03:27:47.274-0800] {dagbag.py:588} INFO - Filling up the DagBag from /Users/rishukhurana/anaconda3/lib/python3.11/site-packages/airflow/example_dags/plugins/listener_plugin.py
[2024-12-22T03:27:47.280-0800] {processor.py:927} WARNING - No viable dags retrieved from /Users/rishukhurana/anaconda3/lib/python3.11/site-packages/airflow/example_dags/plugins/listener_plugin.py
[2024-12-22T03:27:47.365-0800] {processor.py:208} INFO - Processing /Users/rishukhurana/anaconda3/lib/python3.11/site-packages/airflow/example_dags/plugins/listener_plugin.py took 0.102 seconds
[2024-12-22T03:31:04.605-0800] {processor.py:186} INFO - Started process (PID=4472) to work on /Users/rishukhurana/anaconda3/lib/python3.11/site-packages/airflow/example_dags/plugins/listener_plugin.py
[2024-12-22T03:31:04.606-0800] {processor.py:914} INFO - Processing file /Users/rishukhurana/anaconda3/lib/python3.11/site-packages/airflow/example_dags/plugins/listener_plugin.py for tasks to queue
[2024-12-22T03:31:04.608-0800] {logging_mixin.py:190} INFO - [2024-12-22T03:31:04.607-0800] {dagbag.py:588} INFO - Filling up the DagBag from /Users/rishukhurana/anaconda3/lib/python3.11/site-packages/airflow/example_dags/plugins/listener_plugin.py
[2024-12-22T03:31:04.614-0800] {processor.py:927} WARNING - No viable dags retrieved from /Users/rishukhurana/anaconda3/lib/python3.11/site-packages/airflow/example_dags/plugins/listener_plugin.py
[2024-12-22T03:31:04.700-0800] {processor.py:208} INFO - Processing /Users/rishukhurana/anaconda3/lib/python3.11/site-packages/airflow/example_dags/plugins/listener_plugin.py took 0.100 seconds
[2024-12-22T03:50:39.280-0800] {processor.py:186} INFO - Started process (PID=6268) to work on /Users/rishukhurana/anaconda3/lib/python3.11/site-packages/airflow/example_dags/plugins/listener_plugin.py
[2024-12-22T03:50:39.281-0800] {processor.py:914} INFO - Processing file /Users/rishukhurana/anaconda3/lib/python3.11/site-packages/airflow/example_dags/plugins/listener_plugin.py for tasks to queue
[2024-12-22T03:50:39.282-0800] {logging_mixin.py:190} INFO - [2024-12-22T03:50:39.282-0800] {dagbag.py:588} INFO - Filling up the DagBag from /Users/rishukhurana/anaconda3/lib/python3.11/site-packages/airflow/example_dags/plugins/listener_plugin.py
[2024-12-22T03:50:39.286-0800] {processor.py:927} WARNING - No viable dags retrieved from /Users/rishukhurana/anaconda3/lib/python3.11/site-packages/airflow/example_dags/plugins/listener_plugin.py
[2024-12-22T03:50:39.388-0800] {processor.py:208} INFO - Processing /Users/rishukhurana/anaconda3/lib/python3.11/site-packages/airflow/example_dags/plugins/listener_plugin.py took 0.120 seconds
[2024-12-22T03:54:05.386-0800] {processor.py:186} INFO - Started process (PID=6750) to work on /Users/rishukhurana/anaconda3/lib/python3.11/site-packages/airflow/example_dags/plugins/listener_plugin.py
[2024-12-22T03:54:05.387-0800] {processor.py:914} INFO - Processing file /Users/rishukhurana/anaconda3/lib/python3.11/site-packages/airflow/example_dags/plugins/listener_plugin.py for tasks to queue
[2024-12-22T03:54:05.388-0800] {logging_mixin.py:190} INFO - [2024-12-22T03:54:05.388-0800] {dagbag.py:588} INFO - Filling up the DagBag from /Users/rishukhurana/anaconda3/lib/python3.11/site-packages/airflow/example_dags/plugins/listener_plugin.py
[2024-12-22T03:54:05.392-0800] {processor.py:927} WARNING - No viable dags retrieved from /Users/rishukhurana/anaconda3/lib/python3.11/site-packages/airflow/example_dags/plugins/listener_plugin.py
[2024-12-22T03:54:05.480-0800] {processor.py:208} INFO - Processing /Users/rishukhurana/anaconda3/lib/python3.11/site-packages/airflow/example_dags/plugins/listener_plugin.py took 0.100 seconds
[2024-12-22T03:57:25.372-0800] {processor.py:186} INFO - Started process (PID=7025) to work on /Users/rishukhurana/anaconda3/lib/python3.11/site-packages/airflow/example_dags/plugins/listener_plugin.py
[2024-12-22T03:57:25.374-0800] {processor.py:914} INFO - Processing file /Users/rishukhurana/anaconda3/lib/python3.11/site-packages/airflow/example_dags/plugins/listener_plugin.py for tasks to queue
[2024-12-22T03:57:25.375-0800] {logging_mixin.py:190} INFO - [2024-12-22T03:57:25.375-0800] {dagbag.py:588} INFO - Filling up the DagBag from /Users/rishukhurana/anaconda3/lib/python3.11/site-packages/airflow/example_dags/plugins/listener_plugin.py
[2024-12-22T03:57:25.381-0800] {processor.py:927} WARNING - No viable dags retrieved from /Users/rishukhurana/anaconda3/lib/python3.11/site-packages/airflow/example_dags/plugins/listener_plugin.py
[2024-12-22T03:57:25.463-0800] {processor.py:208} INFO - Processing /Users/rishukhurana/anaconda3/lib/python3.11/site-packages/airflow/example_dags/plugins/listener_plugin.py took 0.095 seconds
[2024-12-22T04:07:11.583-0800] {processor.py:186} INFO - Started process (PID=8054) to work on /Users/rishukhurana/anaconda3/lib/python3.11/site-packages/airflow/example_dags/plugins/listener_plugin.py
[2024-12-22T04:07:11.585-0800] {processor.py:914} INFO - Processing file /Users/rishukhurana/anaconda3/lib/python3.11/site-packages/airflow/example_dags/plugins/listener_plugin.py for tasks to queue
[2024-12-22T04:07:11.586-0800] {logging_mixin.py:190} INFO - [2024-12-22T04:07:11.586-0800] {dagbag.py:588} INFO - Filling up the DagBag from /Users/rishukhurana/anaconda3/lib/python3.11/site-packages/airflow/example_dags/plugins/listener_plugin.py
[2024-12-22T04:07:11.593-0800] {processor.py:927} WARNING - No viable dags retrieved from /Users/rishukhurana/anaconda3/lib/python3.11/site-packages/airflow/example_dags/plugins/listener_plugin.py
[2024-12-22T04:07:11.697-0800] {processor.py:208} INFO - Processing /Users/rishukhurana/anaconda3/lib/python3.11/site-packages/airflow/example_dags/plugins/listener_plugin.py took 0.124 seconds
