[2024-12-22T02:18:23.665-0800] {processor.py:186} INFO - Started process (PID=99816) to work on /Users/rishukhurana/anaconda3/lib/python3.11/site-packages/airflow/example_dags/example_setup_teardown.py
[2024-12-22T02:18:23.668-0800] {processor.py:914} INFO - Processing file /Users/rishukhurana/anaconda3/lib/python3.11/site-packages/airflow/example_dags/example_setup_teardown.py for tasks to queue
[2024-12-22T02:18:23.671-0800] {logging_mixin.py:190} INFO - [2024-12-22T02:18:23.671-0800] {dagbag.py:588} INFO - Filling up the DagBag from /Users/rishukhurana/anaconda3/lib/python3.11/site-packages/airflow/example_dags/example_setup_teardown.py
[2024-12-22T02:18:23.691-0800] {processor.py:925} INFO - DAG(s) 'example_setup_teardown' retrieved from /Users/rishukhurana/anaconda3/lib/python3.11/site-packages/airflow/example_dags/example_setup_teardown.py
[2024-12-22T02:18:24.018-0800] {logging_mixin.py:190} INFO - [2024-12-22T02:18:24.017-0800] {dag.py:3239} INFO - Sync 1 DAGs
[2024-12-22T02:18:24.047-0800] {logging_mixin.py:190} INFO - [2024-12-22T02:18:24.046-0800] {dag.py:4180} INFO - Setting next_dagrun for example_setup_teardown to None, run_after=None
[2024-12-22T02:18:24.092-0800] {processor.py:208} INFO - Processing /Users/rishukhurana/anaconda3/lib/python3.11/site-packages/airflow/example_dags/example_setup_teardown.py took 0.442 seconds
[2024-12-22T02:24:34.119-0800] {processor.py:186} INFO - Started process (PID=139) to work on /Users/rishukhurana/anaconda3/lib/python3.11/site-packages/airflow/example_dags/example_setup_teardown.py
[2024-12-22T02:24:34.122-0800] {processor.py:914} INFO - Processing file /Users/rishukhurana/anaconda3/lib/python3.11/site-packages/airflow/example_dags/example_setup_teardown.py for tasks to queue
[2024-12-22T02:24:34.125-0800] {logging_mixin.py:190} INFO - [2024-12-22T02:24:34.124-0800] {dagbag.py:588} INFO - Filling up the DagBag from /Users/rishukhurana/anaconda3/lib/python3.11/site-packages/airflow/example_dags/example_setup_teardown.py
[2024-12-22T02:24:34.141-0800] {processor.py:925} INFO - DAG(s) 'example_setup_teardown' retrieved from /Users/rishukhurana/anaconda3/lib/python3.11/site-packages/airflow/example_dags/example_setup_teardown.py
[2024-12-22T02:24:34.357-0800] {logging_mixin.py:190} INFO - [2024-12-22T02:24:34.357-0800] {dag.py:3239} INFO - Sync 1 DAGs
[2024-12-22T02:24:34.379-0800] {logging_mixin.py:190} INFO - [2024-12-22T02:24:34.378-0800] {dag.py:4180} INFO - Setting next_dagrun for example_setup_teardown to None, run_after=None
[2024-12-22T02:24:34.411-0800] {processor.py:208} INFO - Processing /Users/rishukhurana/anaconda3/lib/python3.11/site-packages/airflow/example_dags/example_setup_teardown.py took 0.309 seconds
[2024-12-22T02:28:05.416-0800] {processor.py:186} INFO - Started process (PID=375) to work on /Users/rishukhurana/anaconda3/lib/python3.11/site-packages/airflow/example_dags/example_setup_teardown.py
[2024-12-22T02:28:05.418-0800] {processor.py:914} INFO - Processing file /Users/rishukhurana/anaconda3/lib/python3.11/site-packages/airflow/example_dags/example_setup_teardown.py for tasks to queue
[2024-12-22T02:28:05.420-0800] {logging_mixin.py:190} INFO - [2024-12-22T02:28:05.420-0800] {dagbag.py:588} INFO - Filling up the DagBag from /Users/rishukhurana/anaconda3/lib/python3.11/site-packages/airflow/example_dags/example_setup_teardown.py
[2024-12-22T02:28:05.429-0800] {processor.py:925} INFO - DAG(s) 'example_setup_teardown' retrieved from /Users/rishukhurana/anaconda3/lib/python3.11/site-packages/airflow/example_dags/example_setup_teardown.py
[2024-12-22T02:28:05.516-0800] {logging_mixin.py:190} INFO - [2024-12-22T02:28:05.516-0800] {dag.py:3239} INFO - Sync 1 DAGs
[2024-12-22T02:28:05.528-0800] {logging_mixin.py:190} INFO - [2024-12-22T02:28:05.527-0800] {dag.py:4180} INFO - Setting next_dagrun for example_setup_teardown to None, run_after=None
[2024-12-22T02:28:05.543-0800] {processor.py:208} INFO - Processing /Users/rishukhurana/anaconda3/lib/python3.11/site-packages/airflow/example_dags/example_setup_teardown.py took 0.135 seconds
[2024-12-22T02:31:22.497-0800] {processor.py:186} INFO - Started process (PID=580) to work on /Users/rishukhurana/anaconda3/lib/python3.11/site-packages/airflow/example_dags/example_setup_teardown.py
[2024-12-22T02:31:22.500-0800] {processor.py:914} INFO - Processing file /Users/rishukhurana/anaconda3/lib/python3.11/site-packages/airflow/example_dags/example_setup_teardown.py for tasks to queue
[2024-12-22T02:31:22.501-0800] {logging_mixin.py:190} INFO - [2024-12-22T02:31:22.501-0800] {dagbag.py:588} INFO - Filling up the DagBag from /Users/rishukhurana/anaconda3/lib/python3.11/site-packages/airflow/example_dags/example_setup_teardown.py
[2024-12-22T02:31:22.513-0800] {processor.py:925} INFO - DAG(s) 'example_setup_teardown' retrieved from /Users/rishukhurana/anaconda3/lib/python3.11/site-packages/airflow/example_dags/example_setup_teardown.py
[2024-12-22T02:31:22.604-0800] {logging_mixin.py:190} INFO - [2024-12-22T02:31:22.604-0800] {dag.py:3239} INFO - Sync 1 DAGs
[2024-12-22T02:31:22.614-0800] {logging_mixin.py:190} INFO - [2024-12-22T02:31:22.614-0800] {dag.py:4180} INFO - Setting next_dagrun for example_setup_teardown to None, run_after=None
[2024-12-22T02:31:22.634-0800] {processor.py:208} INFO - Processing /Users/rishukhurana/anaconda3/lib/python3.11/site-packages/airflow/example_dags/example_setup_teardown.py took 0.145 seconds
[2024-12-22T02:34:37.796-0800] {processor.py:186} INFO - Started process (PID=793) to work on /Users/rishukhurana/anaconda3/lib/python3.11/site-packages/airflow/example_dags/example_setup_teardown.py
[2024-12-22T02:34:37.798-0800] {processor.py:914} INFO - Processing file /Users/rishukhurana/anaconda3/lib/python3.11/site-packages/airflow/example_dags/example_setup_teardown.py for tasks to queue
[2024-12-22T02:34:37.800-0800] {logging_mixin.py:190} INFO - [2024-12-22T02:34:37.799-0800] {dagbag.py:588} INFO - Filling up the DagBag from /Users/rishukhurana/anaconda3/lib/python3.11/site-packages/airflow/example_dags/example_setup_teardown.py
[2024-12-22T02:34:37.809-0800] {processor.py:925} INFO - DAG(s) 'example_setup_teardown' retrieved from /Users/rishukhurana/anaconda3/lib/python3.11/site-packages/airflow/example_dags/example_setup_teardown.py
[2024-12-22T02:34:37.906-0800] {logging_mixin.py:190} INFO - [2024-12-22T02:34:37.906-0800] {dag.py:3239} INFO - Sync 1 DAGs
[2024-12-22T02:34:37.918-0800] {logging_mixin.py:190} INFO - [2024-12-22T02:34:37.918-0800] {dag.py:4180} INFO - Setting next_dagrun for example_setup_teardown to None, run_after=None
[2024-12-22T02:34:37.934-0800] {processor.py:208} INFO - Processing /Users/rishukhurana/anaconda3/lib/python3.11/site-packages/airflow/example_dags/example_setup_teardown.py took 0.147 seconds
[2024-12-22T02:37:54.458-0800] {processor.py:186} INFO - Started process (PID=963) to work on /Users/rishukhurana/anaconda3/lib/python3.11/site-packages/airflow/example_dags/example_setup_teardown.py
[2024-12-22T02:37:54.460-0800] {processor.py:914} INFO - Processing file /Users/rishukhurana/anaconda3/lib/python3.11/site-packages/airflow/example_dags/example_setup_teardown.py for tasks to queue
[2024-12-22T02:37:54.462-0800] {logging_mixin.py:190} INFO - [2024-12-22T02:37:54.461-0800] {dagbag.py:588} INFO - Filling up the DagBag from /Users/rishukhurana/anaconda3/lib/python3.11/site-packages/airflow/example_dags/example_setup_teardown.py
[2024-12-22T02:37:54.473-0800] {processor.py:925} INFO - DAG(s) 'example_setup_teardown' retrieved from /Users/rishukhurana/anaconda3/lib/python3.11/site-packages/airflow/example_dags/example_setup_teardown.py
[2024-12-22T02:37:54.580-0800] {logging_mixin.py:190} INFO - [2024-12-22T02:37:54.579-0800] {dag.py:3239} INFO - Sync 1 DAGs
[2024-12-22T02:37:54.593-0800] {logging_mixin.py:190} INFO - [2024-12-22T02:37:54.593-0800] {dag.py:4180} INFO - Setting next_dagrun for example_setup_teardown to None, run_after=None
[2024-12-22T02:37:54.612-0800] {processor.py:208} INFO - Processing /Users/rishukhurana/anaconda3/lib/python3.11/site-packages/airflow/example_dags/example_setup_teardown.py took 0.163 seconds
[2024-12-22T02:41:05.537-0800] {processor.py:186} INFO - Started process (PID=1242) to work on /Users/rishukhurana/anaconda3/lib/python3.11/site-packages/airflow/example_dags/example_setup_teardown.py
[2024-12-22T02:41:05.540-0800] {processor.py:914} INFO - Processing file /Users/rishukhurana/anaconda3/lib/python3.11/site-packages/airflow/example_dags/example_setup_teardown.py for tasks to queue
[2024-12-22T02:41:05.541-0800] {logging_mixin.py:190} INFO - [2024-12-22T02:41:05.541-0800] {dagbag.py:588} INFO - Filling up the DagBag from /Users/rishukhurana/anaconda3/lib/python3.11/site-packages/airflow/example_dags/example_setup_teardown.py
[2024-12-22T02:41:05.550-0800] {processor.py:925} INFO - DAG(s) 'example_setup_teardown' retrieved from /Users/rishukhurana/anaconda3/lib/python3.11/site-packages/airflow/example_dags/example_setup_teardown.py
[2024-12-22T02:41:05.635-0800] {logging_mixin.py:190} INFO - [2024-12-22T02:41:05.635-0800] {dag.py:3239} INFO - Sync 1 DAGs
[2024-12-22T02:41:05.646-0800] {logging_mixin.py:190} INFO - [2024-12-22T02:41:05.646-0800] {dag.py:4180} INFO - Setting next_dagrun for example_setup_teardown to None, run_after=None
[2024-12-22T02:41:05.662-0800] {processor.py:208} INFO - Processing /Users/rishukhurana/anaconda3/lib/python3.11/site-packages/airflow/example_dags/example_setup_teardown.py took 0.130 seconds
[2024-12-22T02:44:14.287-0800] {processor.py:186} INFO - Started process (PID=1441) to work on /Users/rishukhurana/anaconda3/lib/python3.11/site-packages/airflow/example_dags/example_setup_teardown.py
[2024-12-22T02:44:14.289-0800] {processor.py:914} INFO - Processing file /Users/rishukhurana/anaconda3/lib/python3.11/site-packages/airflow/example_dags/example_setup_teardown.py for tasks to queue
[2024-12-22T02:44:14.290-0800] {logging_mixin.py:190} INFO - [2024-12-22T02:44:14.290-0800] {dagbag.py:588} INFO - Filling up the DagBag from /Users/rishukhurana/anaconda3/lib/python3.11/site-packages/airflow/example_dags/example_setup_teardown.py
[2024-12-22T02:44:14.299-0800] {processor.py:925} INFO - DAG(s) 'example_setup_teardown' retrieved from /Users/rishukhurana/anaconda3/lib/python3.11/site-packages/airflow/example_dags/example_setup_teardown.py
[2024-12-22T02:44:14.385-0800] {logging_mixin.py:190} INFO - [2024-12-22T02:44:14.385-0800] {dag.py:3239} INFO - Sync 1 DAGs
[2024-12-22T02:44:14.395-0800] {logging_mixin.py:190} INFO - [2024-12-22T02:44:14.395-0800] {dag.py:4180} INFO - Setting next_dagrun for example_setup_teardown to None, run_after=None
[2024-12-22T02:44:14.409-0800] {processor.py:208} INFO - Processing /Users/rishukhurana/anaconda3/lib/python3.11/site-packages/airflow/example_dags/example_setup_teardown.py took 0.127 seconds
[2024-12-22T02:47:31.956-0800] {processor.py:186} INFO - Started process (PID=1702) to work on /Users/rishukhurana/anaconda3/lib/python3.11/site-packages/airflow/example_dags/example_setup_teardown.py
[2024-12-22T02:47:31.958-0800] {processor.py:914} INFO - Processing file /Users/rishukhurana/anaconda3/lib/python3.11/site-packages/airflow/example_dags/example_setup_teardown.py for tasks to queue
[2024-12-22T02:47:31.959-0800] {logging_mixin.py:190} INFO - [2024-12-22T02:47:31.959-0800] {dagbag.py:588} INFO - Filling up the DagBag from /Users/rishukhurana/anaconda3/lib/python3.11/site-packages/airflow/example_dags/example_setup_teardown.py
[2024-12-22T02:47:31.971-0800] {processor.py:925} INFO - DAG(s) 'example_setup_teardown' retrieved from /Users/rishukhurana/anaconda3/lib/python3.11/site-packages/airflow/example_dags/example_setup_teardown.py
[2024-12-22T02:47:32.062-0800] {logging_mixin.py:190} INFO - [2024-12-22T02:47:32.062-0800] {dag.py:3239} INFO - Sync 1 DAGs
[2024-12-22T02:47:32.073-0800] {logging_mixin.py:190} INFO - [2024-12-22T02:47:32.073-0800] {dag.py:4180} INFO - Setting next_dagrun for example_setup_teardown to None, run_after=None
[2024-12-22T02:47:32.089-0800] {processor.py:208} INFO - Processing /Users/rishukhurana/anaconda3/lib/python3.11/site-packages/airflow/example_dags/example_setup_teardown.py took 0.142 seconds
[2024-12-22T02:50:44.840-0800] {processor.py:186} INFO - Started process (PID=1854) to work on /Users/rishukhurana/anaconda3/lib/python3.11/site-packages/airflow/example_dags/example_setup_teardown.py
[2024-12-22T02:50:44.843-0800] {processor.py:914} INFO - Processing file /Users/rishukhurana/anaconda3/lib/python3.11/site-packages/airflow/example_dags/example_setup_teardown.py for tasks to queue
[2024-12-22T02:50:44.845-0800] {logging_mixin.py:190} INFO - [2024-12-22T02:50:44.844-0800] {dagbag.py:588} INFO - Filling up the DagBag from /Users/rishukhurana/anaconda3/lib/python3.11/site-packages/airflow/example_dags/example_setup_teardown.py
[2024-12-22T02:50:44.855-0800] {processor.py:925} INFO - DAG(s) 'example_setup_teardown' retrieved from /Users/rishukhurana/anaconda3/lib/python3.11/site-packages/airflow/example_dags/example_setup_teardown.py
[2024-12-22T02:50:44.944-0800] {logging_mixin.py:190} INFO - [2024-12-22T02:50:44.943-0800] {dag.py:3239} INFO - Sync 1 DAGs
[2024-12-22T02:50:44.954-0800] {logging_mixin.py:190} INFO - [2024-12-22T02:50:44.954-0800] {dag.py:4180} INFO - Setting next_dagrun for example_setup_teardown to None, run_after=None
[2024-12-22T02:50:44.971-0800] {processor.py:208} INFO - Processing /Users/rishukhurana/anaconda3/lib/python3.11/site-packages/airflow/example_dags/example_setup_teardown.py took 0.140 seconds
[2024-12-22T02:53:54.894-0800] {processor.py:186} INFO - Started process (PID=2013) to work on /Users/rishukhurana/anaconda3/lib/python3.11/site-packages/airflow/example_dags/example_setup_teardown.py
[2024-12-22T02:53:54.896-0800] {processor.py:914} INFO - Processing file /Users/rishukhurana/anaconda3/lib/python3.11/site-packages/airflow/example_dags/example_setup_teardown.py for tasks to queue
[2024-12-22T02:53:54.898-0800] {logging_mixin.py:190} INFO - [2024-12-22T02:53:54.898-0800] {dagbag.py:588} INFO - Filling up the DagBag from /Users/rishukhurana/anaconda3/lib/python3.11/site-packages/airflow/example_dags/example_setup_teardown.py
[2024-12-22T02:53:54.909-0800] {processor.py:925} INFO - DAG(s) 'example_setup_teardown' retrieved from /Users/rishukhurana/anaconda3/lib/python3.11/site-packages/airflow/example_dags/example_setup_teardown.py
[2024-12-22T02:53:55.000-0800] {logging_mixin.py:190} INFO - [2024-12-22T02:53:55.000-0800] {dag.py:3239} INFO - Sync 1 DAGs
[2024-12-22T02:53:55.011-0800] {logging_mixin.py:190} INFO - [2024-12-22T02:53:55.011-0800] {dag.py:4180} INFO - Setting next_dagrun for example_setup_teardown to None, run_after=None
[2024-12-22T02:53:55.028-0800] {processor.py:208} INFO - Processing /Users/rishukhurana/anaconda3/lib/python3.11/site-packages/airflow/example_dags/example_setup_teardown.py took 0.142 seconds
[2024-12-22T02:56:56.444-0800] {processor.py:186} INFO - Started process (PID=2158) to work on /Users/rishukhurana/anaconda3/lib/python3.11/site-packages/airflow/example_dags/example_setup_teardown.py
[2024-12-22T02:56:56.446-0800] {processor.py:914} INFO - Processing file /Users/rishukhurana/anaconda3/lib/python3.11/site-packages/airflow/example_dags/example_setup_teardown.py for tasks to queue
[2024-12-22T02:56:56.448-0800] {logging_mixin.py:190} INFO - [2024-12-22T02:56:56.447-0800] {dagbag.py:588} INFO - Filling up the DagBag from /Users/rishukhurana/anaconda3/lib/python3.11/site-packages/airflow/example_dags/example_setup_teardown.py
[2024-12-22T02:56:56.456-0800] {processor.py:925} INFO - DAG(s) 'example_setup_teardown' retrieved from /Users/rishukhurana/anaconda3/lib/python3.11/site-packages/airflow/example_dags/example_setup_teardown.py
[2024-12-22T02:56:56.541-0800] {logging_mixin.py:190} INFO - [2024-12-22T02:56:56.541-0800] {dag.py:3239} INFO - Sync 1 DAGs
[2024-12-22T02:56:56.551-0800] {logging_mixin.py:190} INFO - [2024-12-22T02:56:56.551-0800] {dag.py:4180} INFO - Setting next_dagrun for example_setup_teardown to None, run_after=None
[2024-12-22T02:56:56.567-0800] {processor.py:208} INFO - Processing /Users/rishukhurana/anaconda3/lib/python3.11/site-packages/airflow/example_dags/example_setup_teardown.py took 0.130 seconds
[2024-12-22T03:00:09.423-0800] {processor.py:186} INFO - Started process (PID=2321) to work on /Users/rishukhurana/anaconda3/lib/python3.11/site-packages/airflow/example_dags/example_setup_teardown.py
[2024-12-22T03:00:09.425-0800] {processor.py:914} INFO - Processing file /Users/rishukhurana/anaconda3/lib/python3.11/site-packages/airflow/example_dags/example_setup_teardown.py for tasks to queue
[2024-12-22T03:00:09.426-0800] {logging_mixin.py:190} INFO - [2024-12-22T03:00:09.426-0800] {dagbag.py:588} INFO - Filling up the DagBag from /Users/rishukhurana/anaconda3/lib/python3.11/site-packages/airflow/example_dags/example_setup_teardown.py
[2024-12-22T03:00:09.436-0800] {processor.py:925} INFO - DAG(s) 'example_setup_teardown' retrieved from /Users/rishukhurana/anaconda3/lib/python3.11/site-packages/airflow/example_dags/example_setup_teardown.py
[2024-12-22T03:00:09.535-0800] {logging_mixin.py:190} INFO - [2024-12-22T03:00:09.535-0800] {dag.py:3239} INFO - Sync 1 DAGs
[2024-12-22T03:00:09.546-0800] {logging_mixin.py:190} INFO - [2024-12-22T03:00:09.545-0800] {dag.py:4180} INFO - Setting next_dagrun for example_setup_teardown to None, run_after=None
[2024-12-22T03:00:09.562-0800] {processor.py:208} INFO - Processing /Users/rishukhurana/anaconda3/lib/python3.11/site-packages/airflow/example_dags/example_setup_teardown.py took 0.146 seconds
[2024-12-22T03:03:25.879-0800] {processor.py:186} INFO - Started process (PID=2526) to work on /Users/rishukhurana/anaconda3/lib/python3.11/site-packages/airflow/example_dags/example_setup_teardown.py
[2024-12-22T03:03:25.880-0800] {processor.py:914} INFO - Processing file /Users/rishukhurana/anaconda3/lib/python3.11/site-packages/airflow/example_dags/example_setup_teardown.py for tasks to queue
[2024-12-22T03:03:25.882-0800] {logging_mixin.py:190} INFO - [2024-12-22T03:03:25.882-0800] {dagbag.py:588} INFO - Filling up the DagBag from /Users/rishukhurana/anaconda3/lib/python3.11/site-packages/airflow/example_dags/example_setup_teardown.py
[2024-12-22T03:03:25.891-0800] {processor.py:925} INFO - DAG(s) 'example_setup_teardown' retrieved from /Users/rishukhurana/anaconda3/lib/python3.11/site-packages/airflow/example_dags/example_setup_teardown.py
[2024-12-22T03:03:25.976-0800] {logging_mixin.py:190} INFO - [2024-12-22T03:03:25.976-0800] {dag.py:3239} INFO - Sync 1 DAGs
[2024-12-22T03:03:25.987-0800] {logging_mixin.py:190} INFO - [2024-12-22T03:03:25.986-0800] {dag.py:4180} INFO - Setting next_dagrun for example_setup_teardown to None, run_after=None
[2024-12-22T03:03:26.003-0800] {processor.py:208} INFO - Processing /Users/rishukhurana/anaconda3/lib/python3.11/site-packages/airflow/example_dags/example_setup_teardown.py took 0.132 seconds
[2024-12-22T03:06:35.898-0800] {processor.py:186} INFO - Started process (PID=2672) to work on /Users/rishukhurana/anaconda3/lib/python3.11/site-packages/airflow/example_dags/example_setup_teardown.py
[2024-12-22T03:06:35.899-0800] {processor.py:914} INFO - Processing file /Users/rishukhurana/anaconda3/lib/python3.11/site-packages/airflow/example_dags/example_setup_teardown.py for tasks to queue
[2024-12-22T03:06:35.900-0800] {logging_mixin.py:190} INFO - [2024-12-22T03:06:35.900-0800] {dagbag.py:588} INFO - Filling up the DagBag from /Users/rishukhurana/anaconda3/lib/python3.11/site-packages/airflow/example_dags/example_setup_teardown.py
[2024-12-22T03:06:35.918-0800] {processor.py:925} INFO - DAG(s) 'example_setup_teardown' retrieved from /Users/rishukhurana/anaconda3/lib/python3.11/site-packages/airflow/example_dags/example_setup_teardown.py
[2024-12-22T03:06:36.009-0800] {logging_mixin.py:190} INFO - [2024-12-22T03:06:36.009-0800] {dag.py:3239} INFO - Sync 1 DAGs
[2024-12-22T03:06:36.020-0800] {logging_mixin.py:190} INFO - [2024-12-22T03:06:36.020-0800] {dag.py:4180} INFO - Setting next_dagrun for example_setup_teardown to None, run_after=None
[2024-12-22T03:06:36.036-0800] {processor.py:208} INFO - Processing /Users/rishukhurana/anaconda3/lib/python3.11/site-packages/airflow/example_dags/example_setup_teardown.py took 0.142 seconds
[2024-12-22T03:09:52.086-0800] {processor.py:186} INFO - Started process (PID=2849) to work on /Users/rishukhurana/anaconda3/lib/python3.11/site-packages/airflow/example_dags/example_setup_teardown.py
[2024-12-22T03:09:52.089-0800] {processor.py:914} INFO - Processing file /Users/rishukhurana/anaconda3/lib/python3.11/site-packages/airflow/example_dags/example_setup_teardown.py for tasks to queue
[2024-12-22T03:09:52.090-0800] {logging_mixin.py:190} INFO - [2024-12-22T03:09:52.090-0800] {dagbag.py:588} INFO - Filling up the DagBag from /Users/rishukhurana/anaconda3/lib/python3.11/site-packages/airflow/example_dags/example_setup_teardown.py
[2024-12-22T03:09:52.109-0800] {processor.py:925} INFO - DAG(s) 'example_setup_teardown' retrieved from /Users/rishukhurana/anaconda3/lib/python3.11/site-packages/airflow/example_dags/example_setup_teardown.py
[2024-12-22T03:09:52.222-0800] {logging_mixin.py:190} INFO - [2024-12-22T03:09:52.222-0800] {dag.py:3239} INFO - Sync 1 DAGs
[2024-12-22T03:09:52.232-0800] {logging_mixin.py:190} INFO - [2024-12-22T03:09:52.232-0800] {dag.py:4180} INFO - Setting next_dagrun for example_setup_teardown to None, run_after=None
[2024-12-22T03:09:52.257-0800] {processor.py:208} INFO - Processing /Users/rishukhurana/anaconda3/lib/python3.11/site-packages/airflow/example_dags/example_setup_teardown.py took 0.175 seconds
[2024-12-22T03:13:06.060-0800] {processor.py:186} INFO - Started process (PID=3089) to work on /Users/rishukhurana/anaconda3/lib/python3.11/site-packages/airflow/example_dags/example_setup_teardown.py
[2024-12-22T03:13:06.062-0800] {processor.py:914} INFO - Processing file /Users/rishukhurana/anaconda3/lib/python3.11/site-packages/airflow/example_dags/example_setup_teardown.py for tasks to queue
[2024-12-22T03:13:06.064-0800] {logging_mixin.py:190} INFO - [2024-12-22T03:13:06.063-0800] {dagbag.py:588} INFO - Filling up the DagBag from /Users/rishukhurana/anaconda3/lib/python3.11/site-packages/airflow/example_dags/example_setup_teardown.py
[2024-12-22T03:13:06.074-0800] {processor.py:925} INFO - DAG(s) 'example_setup_teardown' retrieved from /Users/rishukhurana/anaconda3/lib/python3.11/site-packages/airflow/example_dags/example_setup_teardown.py
[2024-12-22T03:13:06.163-0800] {logging_mixin.py:190} INFO - [2024-12-22T03:13:06.163-0800] {dag.py:3239} INFO - Sync 1 DAGs
[2024-12-22T03:13:06.175-0800] {logging_mixin.py:190} INFO - [2024-12-22T03:13:06.175-0800] {dag.py:4180} INFO - Setting next_dagrun for example_setup_teardown to None, run_after=None
[2024-12-22T03:13:06.192-0800] {processor.py:208} INFO - Processing /Users/rishukhurana/anaconda3/lib/python3.11/site-packages/airflow/example_dags/example_setup_teardown.py took 0.137 seconds
[2024-12-22T03:16:17.042-0800] {processor.py:186} INFO - Started process (PID=3245) to work on /Users/rishukhurana/anaconda3/lib/python3.11/site-packages/airflow/example_dags/example_setup_teardown.py
[2024-12-22T03:16:17.045-0800] {processor.py:914} INFO - Processing file /Users/rishukhurana/anaconda3/lib/python3.11/site-packages/airflow/example_dags/example_setup_teardown.py for tasks to queue
[2024-12-22T03:16:17.047-0800] {logging_mixin.py:190} INFO - [2024-12-22T03:16:17.046-0800] {dagbag.py:588} INFO - Filling up the DagBag from /Users/rishukhurana/anaconda3/lib/python3.11/site-packages/airflow/example_dags/example_setup_teardown.py
[2024-12-22T03:16:17.056-0800] {processor.py:925} INFO - DAG(s) 'example_setup_teardown' retrieved from /Users/rishukhurana/anaconda3/lib/python3.11/site-packages/airflow/example_dags/example_setup_teardown.py
[2024-12-22T03:16:17.145-0800] {logging_mixin.py:190} INFO - [2024-12-22T03:16:17.145-0800] {dag.py:3239} INFO - Sync 1 DAGs
[2024-12-22T03:16:17.156-0800] {logging_mixin.py:190} INFO - [2024-12-22T03:16:17.156-0800] {dag.py:4180} INFO - Setting next_dagrun for example_setup_teardown to None, run_after=None
[2024-12-22T03:16:17.173-0800] {processor.py:208} INFO - Processing /Users/rishukhurana/anaconda3/lib/python3.11/site-packages/airflow/example_dags/example_setup_teardown.py took 0.138 seconds
[2024-12-22T03:19:26.789-0800] {processor.py:186} INFO - Started process (PID=3396) to work on /Users/rishukhurana/anaconda3/lib/python3.11/site-packages/airflow/example_dags/example_setup_teardown.py
[2024-12-22T03:19:26.790-0800] {processor.py:914} INFO - Processing file /Users/rishukhurana/anaconda3/lib/python3.11/site-packages/airflow/example_dags/example_setup_teardown.py for tasks to queue
[2024-12-22T03:19:26.792-0800] {logging_mixin.py:190} INFO - [2024-12-22T03:19:26.791-0800] {dagbag.py:588} INFO - Filling up the DagBag from /Users/rishukhurana/anaconda3/lib/python3.11/site-packages/airflow/example_dags/example_setup_teardown.py
[2024-12-22T03:19:26.803-0800] {processor.py:925} INFO - DAG(s) 'example_setup_teardown' retrieved from /Users/rishukhurana/anaconda3/lib/python3.11/site-packages/airflow/example_dags/example_setup_teardown.py
[2024-12-22T03:19:26.908-0800] {logging_mixin.py:190} INFO - [2024-12-22T03:19:26.907-0800] {dag.py:3239} INFO - Sync 1 DAGs
[2024-12-22T03:19:26.918-0800] {logging_mixin.py:190} INFO - [2024-12-22T03:19:26.918-0800] {dag.py:4180} INFO - Setting next_dagrun for example_setup_teardown to None, run_after=None
[2024-12-22T03:19:26.933-0800] {processor.py:208} INFO - Processing /Users/rishukhurana/anaconda3/lib/python3.11/site-packages/airflow/example_dags/example_setup_teardown.py took 0.149 seconds
[2024-12-22T03:22:38.329-0800] {processor.py:186} INFO - Started process (PID=3556) to work on /Users/rishukhurana/anaconda3/lib/python3.11/site-packages/airflow/example_dags/example_setup_teardown.py
[2024-12-22T03:22:38.332-0800] {processor.py:914} INFO - Processing file /Users/rishukhurana/anaconda3/lib/python3.11/site-packages/airflow/example_dags/example_setup_teardown.py for tasks to queue
[2024-12-22T03:22:38.335-0800] {logging_mixin.py:190} INFO - [2024-12-22T03:22:38.334-0800] {dagbag.py:588} INFO - Filling up the DagBag from /Users/rishukhurana/anaconda3/lib/python3.11/site-packages/airflow/example_dags/example_setup_teardown.py
[2024-12-22T03:22:38.345-0800] {processor.py:925} INFO - DAG(s) 'example_setup_teardown' retrieved from /Users/rishukhurana/anaconda3/lib/python3.11/site-packages/airflow/example_dags/example_setup_teardown.py
[2024-12-22T03:22:38.438-0800] {logging_mixin.py:190} INFO - [2024-12-22T03:22:38.438-0800] {dag.py:3239} INFO - Sync 1 DAGs
[2024-12-22T03:22:38.449-0800] {logging_mixin.py:190} INFO - [2024-12-22T03:22:38.449-0800] {dag.py:4180} INFO - Setting next_dagrun for example_setup_teardown to None, run_after=None
[2024-12-22T03:22:38.469-0800] {processor.py:208} INFO - Processing /Users/rishukhurana/anaconda3/lib/python3.11/site-packages/airflow/example_dags/example_setup_teardown.py took 0.150 seconds
[2024-12-22T03:25:54.336-0800] {processor.py:186} INFO - Started process (PID=3983) to work on /Users/rishukhurana/anaconda3/lib/python3.11/site-packages/airflow/example_dags/example_setup_teardown.py
[2024-12-22T03:25:54.337-0800] {processor.py:914} INFO - Processing file /Users/rishukhurana/anaconda3/lib/python3.11/site-packages/airflow/example_dags/example_setup_teardown.py for tasks to queue
[2024-12-22T03:25:54.338-0800] {logging_mixin.py:190} INFO - [2024-12-22T03:25:54.338-0800] {dagbag.py:588} INFO - Filling up the DagBag from /Users/rishukhurana/anaconda3/lib/python3.11/site-packages/airflow/example_dags/example_setup_teardown.py
[2024-12-22T03:25:54.348-0800] {processor.py:925} INFO - DAG(s) 'example_setup_teardown' retrieved from /Users/rishukhurana/anaconda3/lib/python3.11/site-packages/airflow/example_dags/example_setup_teardown.py
[2024-12-22T03:25:54.436-0800] {logging_mixin.py:190} INFO - [2024-12-22T03:25:54.436-0800] {dag.py:3239} INFO - Sync 1 DAGs
[2024-12-22T03:25:54.446-0800] {logging_mixin.py:190} INFO - [2024-12-22T03:25:54.446-0800] {dag.py:4180} INFO - Setting next_dagrun for example_setup_teardown to None, run_after=None
[2024-12-22T03:25:54.462-0800] {processor.py:208} INFO - Processing /Users/rishukhurana/anaconda3/lib/python3.11/site-packages/airflow/example_dags/example_setup_teardown.py took 0.131 seconds
