[2024-12-22T02:21:21.784-0800] {processor.py:186} INFO - Started process (PID=99917) to work on /Users/rishukhurana/anaconda3/lib/python3.11/site-packages/airflow/example_dags/example_bash_decorator.py
[2024-12-22T02:21:21.787-0800] {processor.py:914} INFO - Processing file /Users/rishukhurana/anaconda3/lib/python3.11/site-packages/airflow/example_dags/example_bash_decorator.py for tasks to queue
[2024-12-22T02:21:21.790-0800] {logging_mixin.py:190} INFO - [2024-12-22T02:21:21.789-0800] {dagbag.py:588} INFO - Filling up the DagBag from /Users/rishukhurana/anaconda3/lib/python3.11/site-packages/airflow/example_dags/example_bash_decorator.py
[2024-12-22T02:21:21.915-0800] {processor.py:925} INFO - DAG(s) 'example_bash_decorator' retrieved from /Users/rishukhurana/anaconda3/lib/python3.11/site-packages/airflow/example_dags/example_bash_decorator.py
[2024-12-22T02:21:22.311-0800] {logging_mixin.py:190} INFO - [2024-12-22T02:21:22.311-0800] {dag.py:3239} INFO - Sync 1 DAGs
[2024-12-22T02:21:22.330-0800] {logging_mixin.py:190} INFO - [2024-12-22T02:21:22.330-0800] {dag.py:4180} INFO - Setting next_dagrun for example_bash_decorator to None, run_after=None
[2024-12-22T02:21:22.373-0800] {processor.py:208} INFO - Processing /Users/rishukhurana/anaconda3/lib/python3.11/site-packages/airflow/example_dags/example_bash_decorator.py took 0.607 seconds
[2024-12-22T02:29:26.991-0800] {processor.py:186} INFO - Started process (PID=469) to work on /Users/rishukhurana/anaconda3/lib/python3.11/site-packages/airflow/example_dags/example_bash_decorator.py
[2024-12-22T02:29:26.993-0800] {processor.py:914} INFO - Processing file /Users/rishukhurana/anaconda3/lib/python3.11/site-packages/airflow/example_dags/example_bash_decorator.py for tasks to queue
[2024-12-22T02:29:26.994-0800] {logging_mixin.py:190} INFO - [2024-12-22T02:29:26.994-0800] {dagbag.py:588} INFO - Filling up the DagBag from /Users/rishukhurana/anaconda3/lib/python3.11/site-packages/airflow/example_dags/example_bash_decorator.py
[2024-12-22T02:29:27.035-0800] {processor.py:925} INFO - DAG(s) 'example_bash_decorator' retrieved from /Users/rishukhurana/anaconda3/lib/python3.11/site-packages/airflow/example_dags/example_bash_decorator.py
[2024-12-22T02:29:27.261-0800] {logging_mixin.py:190} INFO - [2024-12-22T02:29:27.261-0800] {dag.py:3239} INFO - Sync 1 DAGs
[2024-12-22T02:29:27.271-0800] {logging_mixin.py:190} INFO - [2024-12-22T02:29:27.271-0800] {dag.py:4180} INFO - Setting next_dagrun for example_bash_decorator to None, run_after=None
[2024-12-22T02:29:27.289-0800] {processor.py:208} INFO - Processing /Users/rishukhurana/anaconda3/lib/python3.11/site-packages/airflow/example_dags/example_bash_decorator.py took 0.303 seconds
[2024-12-22T02:36:00.304-0800] {processor.py:186} INFO - Started process (PID=856) to work on /Users/rishukhurana/anaconda3/lib/python3.11/site-packages/airflow/example_dags/example_bash_decorator.py
[2024-12-22T02:36:00.306-0800] {processor.py:914} INFO - Processing file /Users/rishukhurana/anaconda3/lib/python3.11/site-packages/airflow/example_dags/example_bash_decorator.py for tasks to queue
[2024-12-22T02:36:00.308-0800] {logging_mixin.py:190} INFO - [2024-12-22T02:36:00.307-0800] {dagbag.py:588} INFO - Filling up the DagBag from /Users/rishukhurana/anaconda3/lib/python3.11/site-packages/airflow/example_dags/example_bash_decorator.py
[2024-12-22T02:36:00.363-0800] {processor.py:925} INFO - DAG(s) 'example_bash_decorator' retrieved from /Users/rishukhurana/anaconda3/lib/python3.11/site-packages/airflow/example_dags/example_bash_decorator.py
[2024-12-22T02:36:00.573-0800] {logging_mixin.py:190} INFO - [2024-12-22T02:36:00.573-0800] {dag.py:3239} INFO - Sync 1 DAGs
[2024-12-22T02:36:00.583-0800] {logging_mixin.py:190} INFO - [2024-12-22T02:36:00.583-0800] {dag.py:4180} INFO - Setting next_dagrun for example_bash_decorator to None, run_after=None
[2024-12-22T02:36:00.600-0800] {processor.py:208} INFO - Processing /Users/rishukhurana/anaconda3/lib/python3.11/site-packages/airflow/example_dags/example_bash_decorator.py took 0.305 seconds
[2024-12-22T02:42:26.556-0800] {processor.py:186} INFO - Started process (PID=1334) to work on /Users/rishukhurana/anaconda3/lib/python3.11/site-packages/airflow/example_dags/example_bash_decorator.py
[2024-12-22T02:42:26.558-0800] {processor.py:914} INFO - Processing file /Users/rishukhurana/anaconda3/lib/python3.11/site-packages/airflow/example_dags/example_bash_decorator.py for tasks to queue
[2024-12-22T02:42:26.559-0800] {logging_mixin.py:190} INFO - [2024-12-22T02:42:26.559-0800] {dagbag.py:588} INFO - Filling up the DagBag from /Users/rishukhurana/anaconda3/lib/python3.11/site-packages/airflow/example_dags/example_bash_decorator.py
[2024-12-22T02:42:26.608-0800] {processor.py:925} INFO - DAG(s) 'example_bash_decorator' retrieved from /Users/rishukhurana/anaconda3/lib/python3.11/site-packages/airflow/example_dags/example_bash_decorator.py
[2024-12-22T02:42:26.838-0800] {logging_mixin.py:190} INFO - [2024-12-22T02:42:26.838-0800] {dag.py:3239} INFO - Sync 1 DAGs
[2024-12-22T02:42:26.847-0800] {logging_mixin.py:190} INFO - [2024-12-22T02:42:26.846-0800] {dag.py:4180} INFO - Setting next_dagrun for example_bash_decorator to None, run_after=None
[2024-12-22T02:42:26.863-0800] {processor.py:208} INFO - Processing /Users/rishukhurana/anaconda3/lib/python3.11/site-packages/airflow/example_dags/example_bash_decorator.py took 0.316 seconds
[2024-12-22T02:48:55.770-0800] {processor.py:186} INFO - Started process (PID=1769) to work on /Users/rishukhurana/anaconda3/lib/python3.11/site-packages/airflow/example_dags/example_bash_decorator.py
[2024-12-22T02:48:55.772-0800] {processor.py:914} INFO - Processing file /Users/rishukhurana/anaconda3/lib/python3.11/site-packages/airflow/example_dags/example_bash_decorator.py for tasks to queue
[2024-12-22T02:48:55.774-0800] {logging_mixin.py:190} INFO - [2024-12-22T02:48:55.774-0800] {dagbag.py:588} INFO - Filling up the DagBag from /Users/rishukhurana/anaconda3/lib/python3.11/site-packages/airflow/example_dags/example_bash_decorator.py
[2024-12-22T02:48:55.816-0800] {processor.py:925} INFO - DAG(s) 'example_bash_decorator' retrieved from /Users/rishukhurana/anaconda3/lib/python3.11/site-packages/airflow/example_dags/example_bash_decorator.py
[2024-12-22T02:48:56.057-0800] {logging_mixin.py:190} INFO - [2024-12-22T02:48:56.057-0800] {dag.py:3239} INFO - Sync 1 DAGs
[2024-12-22T02:48:56.066-0800] {logging_mixin.py:190} INFO - [2024-12-22T02:48:56.065-0800] {dag.py:4180} INFO - Setting next_dagrun for example_bash_decorator to None, run_after=None
[2024-12-22T02:48:56.083-0800] {processor.py:208} INFO - Processing /Users/rishukhurana/anaconda3/lib/python3.11/site-packages/airflow/example_dags/example_bash_decorator.py took 0.321 seconds
[2024-12-22T02:55:13.386-0800] {processor.py:186} INFO - Started process (PID=2074) to work on /Users/rishukhurana/anaconda3/lib/python3.11/site-packages/airflow/example_dags/example_bash_decorator.py
[2024-12-22T02:55:13.389-0800] {processor.py:914} INFO - Processing file /Users/rishukhurana/anaconda3/lib/python3.11/site-packages/airflow/example_dags/example_bash_decorator.py for tasks to queue
[2024-12-22T02:55:13.390-0800] {logging_mixin.py:190} INFO - [2024-12-22T02:55:13.390-0800] {dagbag.py:588} INFO - Filling up the DagBag from /Users/rishukhurana/anaconda3/lib/python3.11/site-packages/airflow/example_dags/example_bash_decorator.py
[2024-12-22T02:55:13.447-0800] {processor.py:925} INFO - DAG(s) 'example_bash_decorator' retrieved from /Users/rishukhurana/anaconda3/lib/python3.11/site-packages/airflow/example_dags/example_bash_decorator.py
[2024-12-22T02:55:13.670-0800] {logging_mixin.py:190} INFO - [2024-12-22T02:55:13.670-0800] {dag.py:3239} INFO - Sync 1 DAGs
[2024-12-22T02:55:13.679-0800] {logging_mixin.py:190} INFO - [2024-12-22T02:55:13.679-0800] {dag.py:4180} INFO - Setting next_dagrun for example_bash_decorator to None, run_after=None
[2024-12-22T02:55:13.694-0800] {processor.py:208} INFO - Processing /Users/rishukhurana/anaconda3/lib/python3.11/site-packages/airflow/example_dags/example_bash_decorator.py took 0.314 seconds
[2024-12-22T03:01:34.728-0800] {processor.py:186} INFO - Started process (PID=2427) to work on /Users/rishukhurana/anaconda3/lib/python3.11/site-packages/airflow/example_dags/example_bash_decorator.py
[2024-12-22T03:01:34.730-0800] {processor.py:914} INFO - Processing file /Users/rishukhurana/anaconda3/lib/python3.11/site-packages/airflow/example_dags/example_bash_decorator.py for tasks to queue
[2024-12-22T03:01:34.733-0800] {logging_mixin.py:190} INFO - [2024-12-22T03:01:34.732-0800] {dagbag.py:588} INFO - Filling up the DagBag from /Users/rishukhurana/anaconda3/lib/python3.11/site-packages/airflow/example_dags/example_bash_decorator.py
[2024-12-22T03:01:34.777-0800] {processor.py:925} INFO - DAG(s) 'example_bash_decorator' retrieved from /Users/rishukhurana/anaconda3/lib/python3.11/site-packages/airflow/example_dags/example_bash_decorator.py
[2024-12-22T03:01:35.026-0800] {logging_mixin.py:190} INFO - [2024-12-22T03:01:35.025-0800] {dag.py:3239} INFO - Sync 1 DAGs
[2024-12-22T03:01:35.035-0800] {logging_mixin.py:190} INFO - [2024-12-22T03:01:35.035-0800] {dag.py:4180} INFO - Setting next_dagrun for example_bash_decorator to None, run_after=None
[2024-12-22T03:01:35.052-0800] {processor.py:208} INFO - Processing /Users/rishukhurana/anaconda3/lib/python3.11/site-packages/airflow/example_dags/example_bash_decorator.py took 0.330 seconds
[2024-12-22T03:07:57.833-0800] {processor.py:186} INFO - Started process (PID=2740) to work on /Users/rishukhurana/anaconda3/lib/python3.11/site-packages/airflow/example_dags/example_bash_decorator.py
[2024-12-22T03:07:57.835-0800] {processor.py:914} INFO - Processing file /Users/rishukhurana/anaconda3/lib/python3.11/site-packages/airflow/example_dags/example_bash_decorator.py for tasks to queue
[2024-12-22T03:07:57.837-0800] {logging_mixin.py:190} INFO - [2024-12-22T03:07:57.836-0800] {dagbag.py:588} INFO - Filling up the DagBag from /Users/rishukhurana/anaconda3/lib/python3.11/site-packages/airflow/example_dags/example_bash_decorator.py
[2024-12-22T03:07:57.903-0800] {processor.py:925} INFO - DAG(s) 'example_bash_decorator' retrieved from /Users/rishukhurana/anaconda3/lib/python3.11/site-packages/airflow/example_dags/example_bash_decorator.py
[2024-12-22T03:07:58.143-0800] {logging_mixin.py:190} INFO - [2024-12-22T03:07:58.143-0800] {dag.py:3239} INFO - Sync 1 DAGs
[2024-12-22T03:07:58.152-0800] {logging_mixin.py:190} INFO - [2024-12-22T03:07:58.152-0800] {dag.py:4180} INFO - Setting next_dagrun for example_bash_decorator to None, run_after=None
[2024-12-22T03:07:58.169-0800] {processor.py:208} INFO - Processing /Users/rishukhurana/anaconda3/lib/python3.11/site-packages/airflow/example_dags/example_bash_decorator.py took 0.341 seconds
[2024-12-22T03:14:27.214-0800] {processor.py:186} INFO - Started process (PID=3155) to work on /Users/rishukhurana/anaconda3/lib/python3.11/site-packages/airflow/example_dags/example_bash_decorator.py
[2024-12-22T03:14:27.216-0800] {processor.py:914} INFO - Processing file /Users/rishukhurana/anaconda3/lib/python3.11/site-packages/airflow/example_dags/example_bash_decorator.py for tasks to queue
[2024-12-22T03:14:27.219-0800] {logging_mixin.py:190} INFO - [2024-12-22T03:14:27.218-0800] {dagbag.py:588} INFO - Filling up the DagBag from /Users/rishukhurana/anaconda3/lib/python3.11/site-packages/airflow/example_dags/example_bash_decorator.py
[2024-12-22T03:14:27.274-0800] {processor.py:925} INFO - DAG(s) 'example_bash_decorator' retrieved from /Users/rishukhurana/anaconda3/lib/python3.11/site-packages/airflow/example_dags/example_bash_decorator.py
[2024-12-22T03:14:27.514-0800] {logging_mixin.py:190} INFO - [2024-12-22T03:14:27.514-0800] {dag.py:3239} INFO - Sync 1 DAGs
[2024-12-22T03:14:27.525-0800] {logging_mixin.py:190} INFO - [2024-12-22T03:14:27.524-0800] {dag.py:4180} INFO - Setting next_dagrun for example_bash_decorator to None, run_after=None
[2024-12-22T03:14:27.542-0800] {processor.py:208} INFO - Processing /Users/rishukhurana/anaconda3/lib/python3.11/site-packages/airflow/example_dags/example_bash_decorator.py took 0.337 seconds
[2024-12-22T03:20:48.395-0800] {processor.py:186} INFO - Started process (PID=3470) to work on /Users/rishukhurana/anaconda3/lib/python3.11/site-packages/airflow/example_dags/example_bash_decorator.py
[2024-12-22T03:20:48.397-0800] {processor.py:914} INFO - Processing file /Users/rishukhurana/anaconda3/lib/python3.11/site-packages/airflow/example_dags/example_bash_decorator.py for tasks to queue
[2024-12-22T03:20:48.399-0800] {logging_mixin.py:190} INFO - [2024-12-22T03:20:48.398-0800] {dagbag.py:588} INFO - Filling up the DagBag from /Users/rishukhurana/anaconda3/lib/python3.11/site-packages/airflow/example_dags/example_bash_decorator.py
[2024-12-22T03:20:48.458-0800] {processor.py:925} INFO - DAG(s) 'example_bash_decorator' retrieved from /Users/rishukhurana/anaconda3/lib/python3.11/site-packages/airflow/example_dags/example_bash_decorator.py
[2024-12-22T03:20:48.687-0800] {logging_mixin.py:190} INFO - [2024-12-22T03:20:48.687-0800] {dag.py:3239} INFO - Sync 1 DAGs
[2024-12-22T03:20:48.696-0800] {logging_mixin.py:190} INFO - [2024-12-22T03:20:48.696-0800] {dag.py:4180} INFO - Setting next_dagrun for example_bash_decorator to None, run_after=None
[2024-12-22T03:20:48.713-0800] {processor.py:208} INFO - Processing /Users/rishukhurana/anaconda3/lib/python3.11/site-packages/airflow/example_dags/example_bash_decorator.py took 0.327 seconds
[2024-12-22T03:27:16.592-0800] {processor.py:186} INFO - Started process (PID=4110) to work on /Users/rishukhurana/anaconda3/lib/python3.11/site-packages/airflow/example_dags/example_bash_decorator.py
[2024-12-22T03:27:16.593-0800] {processor.py:914} INFO - Processing file /Users/rishukhurana/anaconda3/lib/python3.11/site-packages/airflow/example_dags/example_bash_decorator.py for tasks to queue
[2024-12-22T03:27:16.594-0800] {logging_mixin.py:190} INFO - [2024-12-22T03:27:16.594-0800] {dagbag.py:588} INFO - Filling up the DagBag from /Users/rishukhurana/anaconda3/lib/python3.11/site-packages/airflow/example_dags/example_bash_decorator.py
[2024-12-22T03:27:16.645-0800] {processor.py:925} INFO - DAG(s) 'example_bash_decorator' retrieved from /Users/rishukhurana/anaconda3/lib/python3.11/site-packages/airflow/example_dags/example_bash_decorator.py
[2024-12-22T03:27:16.870-0800] {logging_mixin.py:190} INFO - [2024-12-22T03:27:16.870-0800] {dag.py:3239} INFO - Sync 1 DAGs
[2024-12-22T03:27:16.879-0800] {logging_mixin.py:190} INFO - [2024-12-22T03:27:16.879-0800] {dag.py:4180} INFO - Setting next_dagrun for example_bash_decorator to None, run_after=None
[2024-12-22T03:27:16.895-0800] {processor.py:208} INFO - Processing /Users/rishukhurana/anaconda3/lib/python3.11/site-packages/airflow/example_dags/example_bash_decorator.py took 0.313 seconds
