[2024-12-22T02:17:31.816-0800] {processor.py:186} INFO - Started process (PID=99784) to work on /Users/rishukhurana/anaconda3/lib/python3.11/site-packages/airflow/example_dags/example_task_group_decorator.py
[2024-12-22T02:17:31.818-0800] {processor.py:914} INFO - Processing file /Users/rishukhurana/anaconda3/lib/python3.11/site-packages/airflow/example_dags/example_task_group_decorator.py for tasks to queue
[2024-12-22T02:17:31.821-0800] {logging_mixin.py:190} INFO - [2024-12-22T02:17:31.821-0800] {dagbag.py:588} INFO - Filling up the DagBag from /Users/rishukhurana/anaconda3/lib/python3.11/site-packages/airflow/example_dags/example_task_group_decorator.py
[2024-12-22T02:17:31.922-0800] {processor.py:925} INFO - DAG(s) 'example_task_group_decorator' retrieved from /Users/rishukhurana/anaconda3/lib/python3.11/site-packages/airflow/example_dags/example_task_group_decorator.py
[2024-12-22T02:17:32.141-0800] {logging_mixin.py:190} INFO - [2024-12-22T02:17:32.140-0800] {dag.py:3239} INFO - Sync 1 DAGs
[2024-12-22T02:17:32.171-0800] {logging_mixin.py:190} INFO - [2024-12-22T02:17:32.171-0800] {dag.py:4180} INFO - Setting next_dagrun for example_task_group_decorator to None, run_after=None
[2024-12-22T02:17:32.207-0800] {processor.py:208} INFO - Processing /Users/rishukhurana/anaconda3/lib/python3.11/site-packages/airflow/example_dags/example_task_group_decorator.py took 0.402 seconds
[2024-12-22T02:23:46.174-0800] {processor.py:186} INFO - Started process (PID=99994) to work on /Users/rishukhurana/anaconda3/lib/python3.11/site-packages/airflow/example_dags/example_task_group_decorator.py
[2024-12-22T02:23:46.176-0800] {processor.py:914} INFO - Processing file /Users/rishukhurana/anaconda3/lib/python3.11/site-packages/airflow/example_dags/example_task_group_decorator.py for tasks to queue
[2024-12-22T02:23:46.179-0800] {logging_mixin.py:190} INFO - [2024-12-22T02:23:46.178-0800] {dagbag.py:588} INFO - Filling up the DagBag from /Users/rishukhurana/anaconda3/lib/python3.11/site-packages/airflow/example_dags/example_task_group_decorator.py
[2024-12-22T02:23:46.282-0800] {processor.py:925} INFO - DAG(s) 'example_task_group_decorator' retrieved from /Users/rishukhurana/anaconda3/lib/python3.11/site-packages/airflow/example_dags/example_task_group_decorator.py
[2024-12-22T02:23:46.462-0800] {logging_mixin.py:190} INFO - [2024-12-22T02:23:46.461-0800] {dag.py:3239} INFO - Sync 1 DAGs
[2024-12-22T02:23:46.480-0800] {logging_mixin.py:190} INFO - [2024-12-22T02:23:46.480-0800] {dag.py:4180} INFO - Setting next_dagrun for example_task_group_decorator to None, run_after=None
[2024-12-22T02:23:46.508-0800] {processor.py:208} INFO - Processing /Users/rishukhurana/anaconda3/lib/python3.11/site-packages/airflow/example_dags/example_task_group_decorator.py took 0.343 seconds
[2024-12-22T02:27:36.278-0800] {processor.py:186} INFO - Started process (PID=352) to work on /Users/rishukhurana/anaconda3/lib/python3.11/site-packages/airflow/example_dags/example_task_group_decorator.py
[2024-12-22T02:27:36.280-0800] {processor.py:914} INFO - Processing file /Users/rishukhurana/anaconda3/lib/python3.11/site-packages/airflow/example_dags/example_task_group_decorator.py for tasks to queue
[2024-12-22T02:27:36.282-0800] {logging_mixin.py:190} INFO - [2024-12-22T02:27:36.281-0800] {dagbag.py:588} INFO - Filling up the DagBag from /Users/rishukhurana/anaconda3/lib/python3.11/site-packages/airflow/example_dags/example_task_group_decorator.py
[2024-12-22T02:27:36.328-0800] {processor.py:925} INFO - DAG(s) 'example_task_group_decorator' retrieved from /Users/rishukhurana/anaconda3/lib/python3.11/site-packages/airflow/example_dags/example_task_group_decorator.py
[2024-12-22T02:27:36.423-0800] {logging_mixin.py:190} INFO - [2024-12-22T02:27:36.423-0800] {dag.py:3239} INFO - Sync 1 DAGs
[2024-12-22T02:27:36.432-0800] {logging_mixin.py:190} INFO - [2024-12-22T02:27:36.432-0800] {dag.py:4180} INFO - Setting next_dagrun for example_task_group_decorator to None, run_after=None
[2024-12-22T02:27:36.449-0800] {processor.py:208} INFO - Processing /Users/rishukhurana/anaconda3/lib/python3.11/site-packages/airflow/example_dags/example_task_group_decorator.py took 0.180 seconds
[2024-12-22T02:30:53.049-0800] {processor.py:186} INFO - Started process (PID=547) to work on /Users/rishukhurana/anaconda3/lib/python3.11/site-packages/airflow/example_dags/example_task_group_decorator.py
[2024-12-22T02:30:53.051-0800] {processor.py:914} INFO - Processing file /Users/rishukhurana/anaconda3/lib/python3.11/site-packages/airflow/example_dags/example_task_group_decorator.py for tasks to queue
[2024-12-22T02:30:53.053-0800] {logging_mixin.py:190} INFO - [2024-12-22T02:30:53.052-0800] {dagbag.py:588} INFO - Filling up the DagBag from /Users/rishukhurana/anaconda3/lib/python3.11/site-packages/airflow/example_dags/example_task_group_decorator.py
[2024-12-22T02:30:53.121-0800] {processor.py:925} INFO - DAG(s) 'example_task_group_decorator' retrieved from /Users/rishukhurana/anaconda3/lib/python3.11/site-packages/airflow/example_dags/example_task_group_decorator.py
[2024-12-22T02:30:53.239-0800] {logging_mixin.py:190} INFO - [2024-12-22T02:30:53.238-0800] {dag.py:3239} INFO - Sync 1 DAGs
[2024-12-22T02:30:53.250-0800] {logging_mixin.py:190} INFO - [2024-12-22T02:30:53.250-0800] {dag.py:4180} INFO - Setting next_dagrun for example_task_group_decorator to None, run_after=None
[2024-12-22T02:30:53.272-0800] {processor.py:208} INFO - Processing /Users/rishukhurana/anaconda3/lib/python3.11/site-packages/airflow/example_dags/example_task_group_decorator.py took 0.233 seconds
[2024-12-22T02:34:10.831-0800] {processor.py:186} INFO - Started process (PID=771) to work on /Users/rishukhurana/anaconda3/lib/python3.11/site-packages/airflow/example_dags/example_task_group_decorator.py
[2024-12-22T02:34:10.833-0800] {processor.py:914} INFO - Processing file /Users/rishukhurana/anaconda3/lib/python3.11/site-packages/airflow/example_dags/example_task_group_decorator.py for tasks to queue
[2024-12-22T02:34:10.835-0800] {logging_mixin.py:190} INFO - [2024-12-22T02:34:10.835-0800] {dagbag.py:588} INFO - Filling up the DagBag from /Users/rishukhurana/anaconda3/lib/python3.11/site-packages/airflow/example_dags/example_task_group_decorator.py
[2024-12-22T02:34:10.881-0800] {processor.py:925} INFO - DAG(s) 'example_task_group_decorator' retrieved from /Users/rishukhurana/anaconda3/lib/python3.11/site-packages/airflow/example_dags/example_task_group_decorator.py
[2024-12-22T02:34:10.979-0800] {logging_mixin.py:190} INFO - [2024-12-22T02:34:10.979-0800] {dag.py:3239} INFO - Sync 1 DAGs
[2024-12-22T02:34:10.988-0800] {logging_mixin.py:190} INFO - [2024-12-22T02:34:10.988-0800] {dag.py:4180} INFO - Setting next_dagrun for example_task_group_decorator to None, run_after=None
[2024-12-22T02:34:11.007-0800] {processor.py:208} INFO - Processing /Users/rishukhurana/anaconda3/lib/python3.11/site-packages/airflow/example_dags/example_task_group_decorator.py took 0.181 seconds
[2024-12-22T02:37:25.125-0800] {processor.py:186} INFO - Started process (PID=930) to work on /Users/rishukhurana/anaconda3/lib/python3.11/site-packages/airflow/example_dags/example_task_group_decorator.py
[2024-12-22T02:37:25.128-0800] {processor.py:914} INFO - Processing file /Users/rishukhurana/anaconda3/lib/python3.11/site-packages/airflow/example_dags/example_task_group_decorator.py for tasks to queue
[2024-12-22T02:37:25.129-0800] {logging_mixin.py:190} INFO - [2024-12-22T02:37:25.129-0800] {dagbag.py:588} INFO - Filling up the DagBag from /Users/rishukhurana/anaconda3/lib/python3.11/site-packages/airflow/example_dags/example_task_group_decorator.py
[2024-12-22T02:37:25.169-0800] {processor.py:925} INFO - DAG(s) 'example_task_group_decorator' retrieved from /Users/rishukhurana/anaconda3/lib/python3.11/site-packages/airflow/example_dags/example_task_group_decorator.py
[2024-12-22T02:37:25.257-0800] {logging_mixin.py:190} INFO - [2024-12-22T02:37:25.257-0800] {dag.py:3239} INFO - Sync 1 DAGs
[2024-12-22T02:37:25.266-0800] {logging_mixin.py:190} INFO - [2024-12-22T02:37:25.266-0800] {dag.py:4180} INFO - Setting next_dagrun for example_task_group_decorator to None, run_after=None
[2024-12-22T02:37:25.281-0800] {processor.py:208} INFO - Processing /Users/rishukhurana/anaconda3/lib/python3.11/site-packages/airflow/example_dags/example_task_group_decorator.py took 0.166 seconds
[2024-12-22T02:40:37.648-0800] {processor.py:186} INFO - Started process (PID=1207) to work on /Users/rishukhurana/anaconda3/lib/python3.11/site-packages/airflow/example_dags/example_task_group_decorator.py
[2024-12-22T02:40:37.650-0800] {processor.py:914} INFO - Processing file /Users/rishukhurana/anaconda3/lib/python3.11/site-packages/airflow/example_dags/example_task_group_decorator.py for tasks to queue
[2024-12-22T02:40:37.652-0800] {logging_mixin.py:190} INFO - [2024-12-22T02:40:37.651-0800] {dagbag.py:588} INFO - Filling up the DagBag from /Users/rishukhurana/anaconda3/lib/python3.11/site-packages/airflow/example_dags/example_task_group_decorator.py
[2024-12-22T02:40:37.711-0800] {processor.py:925} INFO - DAG(s) 'example_task_group_decorator' retrieved from /Users/rishukhurana/anaconda3/lib/python3.11/site-packages/airflow/example_dags/example_task_group_decorator.py
[2024-12-22T02:40:37.801-0800] {logging_mixin.py:190} INFO - [2024-12-22T02:40:37.800-0800] {dag.py:3239} INFO - Sync 1 DAGs
[2024-12-22T02:40:37.810-0800] {logging_mixin.py:190} INFO - [2024-12-22T02:40:37.809-0800] {dag.py:4180} INFO - Setting next_dagrun for example_task_group_decorator to None, run_after=None
[2024-12-22T02:40:37.830-0800] {processor.py:208} INFO - Processing /Users/rishukhurana/anaconda3/lib/python3.11/site-packages/airflow/example_dags/example_task_group_decorator.py took 0.191 seconds
[2024-12-22T02:43:45.936-0800] {processor.py:186} INFO - Started process (PID=1415) to work on /Users/rishukhurana/anaconda3/lib/python3.11/site-packages/airflow/example_dags/example_task_group_decorator.py
[2024-12-22T02:43:45.938-0800] {processor.py:914} INFO - Processing file /Users/rishukhurana/anaconda3/lib/python3.11/site-packages/airflow/example_dags/example_task_group_decorator.py for tasks to queue
[2024-12-22T02:43:45.940-0800] {logging_mixin.py:190} INFO - [2024-12-22T02:43:45.939-0800] {dagbag.py:588} INFO - Filling up the DagBag from /Users/rishukhurana/anaconda3/lib/python3.11/site-packages/airflow/example_dags/example_task_group_decorator.py
[2024-12-22T02:43:45.999-0800] {processor.py:925} INFO - DAG(s) 'example_task_group_decorator' retrieved from /Users/rishukhurana/anaconda3/lib/python3.11/site-packages/airflow/example_dags/example_task_group_decorator.py
[2024-12-22T02:43:46.092-0800] {logging_mixin.py:190} INFO - [2024-12-22T02:43:46.092-0800] {dag.py:3239} INFO - Sync 1 DAGs
[2024-12-22T02:43:46.102-0800] {logging_mixin.py:190} INFO - [2024-12-22T02:43:46.102-0800] {dag.py:4180} INFO - Setting next_dagrun for example_task_group_decorator to None, run_after=None
[2024-12-22T02:43:46.119-0800] {processor.py:208} INFO - Processing /Users/rishukhurana/anaconda3/lib/python3.11/site-packages/airflow/example_dags/example_task_group_decorator.py took 0.191 seconds
[2024-12-22T02:47:03.855-0800] {processor.py:186} INFO - Started process (PID=1680) to work on /Users/rishukhurana/anaconda3/lib/python3.11/site-packages/airflow/example_dags/example_task_group_decorator.py
[2024-12-22T02:47:03.857-0800] {processor.py:914} INFO - Processing file /Users/rishukhurana/anaconda3/lib/python3.11/site-packages/airflow/example_dags/example_task_group_decorator.py for tasks to queue
[2024-12-22T02:47:03.858-0800] {logging_mixin.py:190} INFO - [2024-12-22T02:47:03.858-0800] {dagbag.py:588} INFO - Filling up the DagBag from /Users/rishukhurana/anaconda3/lib/python3.11/site-packages/airflow/example_dags/example_task_group_decorator.py
[2024-12-22T02:47:03.904-0800] {processor.py:925} INFO - DAG(s) 'example_task_group_decorator' retrieved from /Users/rishukhurana/anaconda3/lib/python3.11/site-packages/airflow/example_dags/example_task_group_decorator.py
[2024-12-22T02:47:04.003-0800] {logging_mixin.py:190} INFO - [2024-12-22T02:47:04.002-0800] {dag.py:3239} INFO - Sync 1 DAGs
[2024-12-22T02:47:04.011-0800] {logging_mixin.py:190} INFO - [2024-12-22T02:47:04.011-0800] {dag.py:4180} INFO - Setting next_dagrun for example_task_group_decorator to None, run_after=None
[2024-12-22T02:47:04.028-0800] {processor.py:208} INFO - Processing /Users/rishukhurana/anaconda3/lib/python3.11/site-packages/airflow/example_dags/example_task_group_decorator.py took 0.177 seconds
[2024-12-22T02:50:17.769-0800] {processor.py:186} INFO - Started process (PID=1832) to work on /Users/rishukhurana/anaconda3/lib/python3.11/site-packages/airflow/example_dags/example_task_group_decorator.py
[2024-12-22T02:50:17.771-0800] {processor.py:914} INFO - Processing file /Users/rishukhurana/anaconda3/lib/python3.11/site-packages/airflow/example_dags/example_task_group_decorator.py for tasks to queue
[2024-12-22T02:50:17.773-0800] {logging_mixin.py:190} INFO - [2024-12-22T02:50:17.773-0800] {dagbag.py:588} INFO - Filling up the DagBag from /Users/rishukhurana/anaconda3/lib/python3.11/site-packages/airflow/example_dags/example_task_group_decorator.py
[2024-12-22T02:50:17.814-0800] {processor.py:925} INFO - DAG(s) 'example_task_group_decorator' retrieved from /Users/rishukhurana/anaconda3/lib/python3.11/site-packages/airflow/example_dags/example_task_group_decorator.py
[2024-12-22T02:50:17.908-0800] {logging_mixin.py:190} INFO - [2024-12-22T02:50:17.908-0800] {dag.py:3239} INFO - Sync 1 DAGs
[2024-12-22T02:50:17.916-0800] {logging_mixin.py:190} INFO - [2024-12-22T02:50:17.916-0800] {dag.py:4180} INFO - Setting next_dagrun for example_task_group_decorator to None, run_after=None
[2024-12-22T02:50:17.933-0800] {processor.py:208} INFO - Processing /Users/rishukhurana/anaconda3/lib/python3.11/site-packages/airflow/example_dags/example_task_group_decorator.py took 0.171 seconds
[2024-12-22T02:53:26.633-0800] {processor.py:186} INFO - Started process (PID=1990) to work on /Users/rishukhurana/anaconda3/lib/python3.11/site-packages/airflow/example_dags/example_task_group_decorator.py
[2024-12-22T02:53:26.635-0800] {processor.py:914} INFO - Processing file /Users/rishukhurana/anaconda3/lib/python3.11/site-packages/airflow/example_dags/example_task_group_decorator.py for tasks to queue
[2024-12-22T02:53:26.636-0800] {logging_mixin.py:190} INFO - [2024-12-22T02:53:26.636-0800] {dagbag.py:588} INFO - Filling up the DagBag from /Users/rishukhurana/anaconda3/lib/python3.11/site-packages/airflow/example_dags/example_task_group_decorator.py
[2024-12-22T02:53:26.679-0800] {processor.py:925} INFO - DAG(s) 'example_task_group_decorator' retrieved from /Users/rishukhurana/anaconda3/lib/python3.11/site-packages/airflow/example_dags/example_task_group_decorator.py
[2024-12-22T02:53:26.773-0800] {logging_mixin.py:190} INFO - [2024-12-22T02:53:26.773-0800] {dag.py:3239} INFO - Sync 1 DAGs
[2024-12-22T02:53:26.783-0800] {logging_mixin.py:190} INFO - [2024-12-22T02:53:26.782-0800] {dag.py:4180} INFO - Setting next_dagrun for example_task_group_decorator to None, run_after=None
[2024-12-22T02:53:26.798-0800] {processor.py:208} INFO - Processing /Users/rishukhurana/anaconda3/lib/python3.11/site-packages/airflow/example_dags/example_task_group_decorator.py took 0.170 seconds
[2024-12-22T02:56:30.988-0800] {processor.py:186} INFO - Started process (PID=2136) to work on /Users/rishukhurana/anaconda3/lib/python3.11/site-packages/airflow/example_dags/example_task_group_decorator.py
[2024-12-22T02:56:30.990-0800] {processor.py:914} INFO - Processing file /Users/rishukhurana/anaconda3/lib/python3.11/site-packages/airflow/example_dags/example_task_group_decorator.py for tasks to queue
[2024-12-22T02:56:30.992-0800] {logging_mixin.py:190} INFO - [2024-12-22T02:56:30.991-0800] {dagbag.py:588} INFO - Filling up the DagBag from /Users/rishukhurana/anaconda3/lib/python3.11/site-packages/airflow/example_dags/example_task_group_decorator.py
[2024-12-22T02:56:31.029-0800] {processor.py:925} INFO - DAG(s) 'example_task_group_decorator' retrieved from /Users/rishukhurana/anaconda3/lib/python3.11/site-packages/airflow/example_dags/example_task_group_decorator.py
[2024-12-22T02:56:31.117-0800] {logging_mixin.py:190} INFO - [2024-12-22T02:56:31.117-0800] {dag.py:3239} INFO - Sync 1 DAGs
[2024-12-22T02:56:31.126-0800] {logging_mixin.py:190} INFO - [2024-12-22T02:56:31.126-0800] {dag.py:4180} INFO - Setting next_dagrun for example_task_group_decorator to None, run_after=None
[2024-12-22T02:56:31.145-0800] {processor.py:208} INFO - Processing /Users/rishukhurana/anaconda3/lib/python3.11/site-packages/airflow/example_dags/example_task_group_decorator.py took 0.166 seconds
[2024-12-22T02:59:40.627-0800] {processor.py:186} INFO - Started process (PID=2299) to work on /Users/rishukhurana/anaconda3/lib/python3.11/site-packages/airflow/example_dags/example_task_group_decorator.py
[2024-12-22T02:59:40.629-0800] {processor.py:914} INFO - Processing file /Users/rishukhurana/anaconda3/lib/python3.11/site-packages/airflow/example_dags/example_task_group_decorator.py for tasks to queue
[2024-12-22T02:59:40.630-0800] {logging_mixin.py:190} INFO - [2024-12-22T02:59:40.630-0800] {dagbag.py:588} INFO - Filling up the DagBag from /Users/rishukhurana/anaconda3/lib/python3.11/site-packages/airflow/example_dags/example_task_group_decorator.py
[2024-12-22T02:59:40.678-0800] {processor.py:925} INFO - DAG(s) 'example_task_group_decorator' retrieved from /Users/rishukhurana/anaconda3/lib/python3.11/site-packages/airflow/example_dags/example_task_group_decorator.py
[2024-12-22T02:59:40.799-0800] {logging_mixin.py:190} INFO - [2024-12-22T02:59:40.799-0800] {dag.py:3239} INFO - Sync 1 DAGs
[2024-12-22T02:59:40.810-0800] {logging_mixin.py:190} INFO - [2024-12-22T02:59:40.809-0800] {dag.py:4180} INFO - Setting next_dagrun for example_task_group_decorator to None, run_after=None
[2024-12-22T02:59:40.826-0800] {processor.py:208} INFO - Processing /Users/rishukhurana/anaconda3/lib/python3.11/site-packages/airflow/example_dags/example_task_group_decorator.py took 0.204 seconds
[2024-12-22T03:02:56.710-0800] {processor.py:186} INFO - Started process (PID=2496) to work on /Users/rishukhurana/anaconda3/lib/python3.11/site-packages/airflow/example_dags/example_task_group_decorator.py
[2024-12-22T03:02:56.713-0800] {processor.py:914} INFO - Processing file /Users/rishukhurana/anaconda3/lib/python3.11/site-packages/airflow/example_dags/example_task_group_decorator.py for tasks to queue
[2024-12-22T03:02:56.715-0800] {logging_mixin.py:190} INFO - [2024-12-22T03:02:56.715-0800] {dagbag.py:588} INFO - Filling up the DagBag from /Users/rishukhurana/anaconda3/lib/python3.11/site-packages/airflow/example_dags/example_task_group_decorator.py
[2024-12-22T03:02:56.760-0800] {processor.py:925} INFO - DAG(s) 'example_task_group_decorator' retrieved from /Users/rishukhurana/anaconda3/lib/python3.11/site-packages/airflow/example_dags/example_task_group_decorator.py
[2024-12-22T03:02:56.859-0800] {logging_mixin.py:190} INFO - [2024-12-22T03:02:56.859-0800] {dag.py:3239} INFO - Sync 1 DAGs
[2024-12-22T03:02:56.868-0800] {logging_mixin.py:190} INFO - [2024-12-22T03:02:56.868-0800] {dag.py:4180} INFO - Setting next_dagrun for example_task_group_decorator to None, run_after=None
[2024-12-22T03:02:56.891-0800] {processor.py:208} INFO - Processing /Users/rishukhurana/anaconda3/lib/python3.11/site-packages/airflow/example_dags/example_task_group_decorator.py took 0.192 seconds
[2024-12-22T03:06:07.716-0800] {processor.py:186} INFO - Started process (PID=2652) to work on /Users/rishukhurana/anaconda3/lib/python3.11/site-packages/airflow/example_dags/example_task_group_decorator.py
[2024-12-22T03:06:07.718-0800] {processor.py:914} INFO - Processing file /Users/rishukhurana/anaconda3/lib/python3.11/site-packages/airflow/example_dags/example_task_group_decorator.py for tasks to queue
[2024-12-22T03:06:07.720-0800] {logging_mixin.py:190} INFO - [2024-12-22T03:06:07.719-0800] {dagbag.py:588} INFO - Filling up the DagBag from /Users/rishukhurana/anaconda3/lib/python3.11/site-packages/airflow/example_dags/example_task_group_decorator.py
[2024-12-22T03:06:07.762-0800] {processor.py:925} INFO - DAG(s) 'example_task_group_decorator' retrieved from /Users/rishukhurana/anaconda3/lib/python3.11/site-packages/airflow/example_dags/example_task_group_decorator.py
[2024-12-22T03:06:07.855-0800] {logging_mixin.py:190} INFO - [2024-12-22T03:06:07.855-0800] {dag.py:3239} INFO - Sync 1 DAGs
[2024-12-22T03:06:07.865-0800] {logging_mixin.py:190} INFO - [2024-12-22T03:06:07.865-0800] {dag.py:4180} INFO - Setting next_dagrun for example_task_group_decorator to None, run_after=None
[2024-12-22T03:06:07.886-0800] {processor.py:208} INFO - Processing /Users/rishukhurana/anaconda3/lib/python3.11/site-packages/airflow/example_dags/example_task_group_decorator.py took 0.175 seconds
[2024-12-22T03:09:21.729-0800] {processor.py:186} INFO - Started process (PID=2806) to work on /Users/rishukhurana/anaconda3/lib/python3.11/site-packages/airflow/example_dags/example_task_group_decorator.py
[2024-12-22T03:09:21.731-0800] {processor.py:914} INFO - Processing file /Users/rishukhurana/anaconda3/lib/python3.11/site-packages/airflow/example_dags/example_task_group_decorator.py for tasks to queue
[2024-12-22T03:09:21.733-0800] {logging_mixin.py:190} INFO - [2024-12-22T03:09:21.733-0800] {dagbag.py:588} INFO - Filling up the DagBag from /Users/rishukhurana/anaconda3/lib/python3.11/site-packages/airflow/example_dags/example_task_group_decorator.py
[2024-12-22T03:09:21.773-0800] {processor.py:925} INFO - DAG(s) 'example_task_group_decorator' retrieved from /Users/rishukhurana/anaconda3/lib/python3.11/site-packages/airflow/example_dags/example_task_group_decorator.py
[2024-12-22T03:09:21.864-0800] {logging_mixin.py:190} INFO - [2024-12-22T03:09:21.864-0800] {dag.py:3239} INFO - Sync 1 DAGs
[2024-12-22T03:09:21.874-0800] {logging_mixin.py:190} INFO - [2024-12-22T03:09:21.874-0800] {dag.py:4180} INFO - Setting next_dagrun for example_task_group_decorator to None, run_after=None
[2024-12-22T03:09:21.890-0800] {processor.py:208} INFO - Processing /Users/rishukhurana/anaconda3/lib/python3.11/site-packages/airflow/example_dags/example_task_group_decorator.py took 0.166 seconds
[2024-12-22T03:12:37.918-0800] {processor.py:186} INFO - Started process (PID=3069) to work on /Users/rishukhurana/anaconda3/lib/python3.11/site-packages/airflow/example_dags/example_task_group_decorator.py
[2024-12-22T03:12:37.920-0800] {processor.py:914} INFO - Processing file /Users/rishukhurana/anaconda3/lib/python3.11/site-packages/airflow/example_dags/example_task_group_decorator.py for tasks to queue
[2024-12-22T03:12:37.922-0800] {logging_mixin.py:190} INFO - [2024-12-22T03:12:37.922-0800] {dagbag.py:588} INFO - Filling up the DagBag from /Users/rishukhurana/anaconda3/lib/python3.11/site-packages/airflow/example_dags/example_task_group_decorator.py
[2024-12-22T03:12:37.963-0800] {processor.py:925} INFO - DAG(s) 'example_task_group_decorator' retrieved from /Users/rishukhurana/anaconda3/lib/python3.11/site-packages/airflow/example_dags/example_task_group_decorator.py
[2024-12-22T03:12:38.056-0800] {logging_mixin.py:190} INFO - [2024-12-22T03:12:38.056-0800] {dag.py:3239} INFO - Sync 1 DAGs
[2024-12-22T03:12:38.065-0800] {logging_mixin.py:190} INFO - [2024-12-22T03:12:38.065-0800] {dag.py:4180} INFO - Setting next_dagrun for example_task_group_decorator to None, run_after=None
[2024-12-22T03:12:38.083-0800] {processor.py:208} INFO - Processing /Users/rishukhurana/anaconda3/lib/python3.11/site-packages/airflow/example_dags/example_task_group_decorator.py took 0.173 seconds
[2024-12-22T03:15:50.237-0800] {processor.py:186} INFO - Started process (PID=3224) to work on /Users/rishukhurana/anaconda3/lib/python3.11/site-packages/airflow/example_dags/example_task_group_decorator.py
[2024-12-22T03:15:50.238-0800] {processor.py:914} INFO - Processing file /Users/rishukhurana/anaconda3/lib/python3.11/site-packages/airflow/example_dags/example_task_group_decorator.py for tasks to queue
[2024-12-22T03:15:50.240-0800] {logging_mixin.py:190} INFO - [2024-12-22T03:15:50.240-0800] {dagbag.py:588} INFO - Filling up the DagBag from /Users/rishukhurana/anaconda3/lib/python3.11/site-packages/airflow/example_dags/example_task_group_decorator.py
[2024-12-22T03:15:50.302-0800] {processor.py:925} INFO - DAG(s) 'example_task_group_decorator' retrieved from /Users/rishukhurana/anaconda3/lib/python3.11/site-packages/airflow/example_dags/example_task_group_decorator.py
[2024-12-22T03:15:50.397-0800] {logging_mixin.py:190} INFO - [2024-12-22T03:15:50.396-0800] {dag.py:3239} INFO - Sync 1 DAGs
[2024-12-22T03:15:50.407-0800] {logging_mixin.py:190} INFO - [2024-12-22T03:15:50.406-0800] {dag.py:4180} INFO - Setting next_dagrun for example_task_group_decorator to None, run_after=None
[2024-12-22T03:15:50.423-0800] {processor.py:208} INFO - Processing /Users/rishukhurana/anaconda3/lib/python3.11/site-packages/airflow/example_dags/example_task_group_decorator.py took 0.194 seconds
[2024-12-22T03:18:59.830-0800] {processor.py:186} INFO - Started process (PID=3376) to work on /Users/rishukhurana/anaconda3/lib/python3.11/site-packages/airflow/example_dags/example_task_group_decorator.py
[2024-12-22T03:18:59.833-0800] {processor.py:914} INFO - Processing file /Users/rishukhurana/anaconda3/lib/python3.11/site-packages/airflow/example_dags/example_task_group_decorator.py for tasks to queue
[2024-12-22T03:18:59.834-0800] {logging_mixin.py:190} INFO - [2024-12-22T03:18:59.834-0800] {dagbag.py:588} INFO - Filling up the DagBag from /Users/rishukhurana/anaconda3/lib/python3.11/site-packages/airflow/example_dags/example_task_group_decorator.py
[2024-12-22T03:18:59.875-0800] {processor.py:925} INFO - DAG(s) 'example_task_group_decorator' retrieved from /Users/rishukhurana/anaconda3/lib/python3.11/site-packages/airflow/example_dags/example_task_group_decorator.py
[2024-12-22T03:18:59.965-0800] {logging_mixin.py:190} INFO - [2024-12-22T03:18:59.965-0800] {dag.py:3239} INFO - Sync 1 DAGs
[2024-12-22T03:18:59.974-0800] {logging_mixin.py:190} INFO - [2024-12-22T03:18:59.974-0800] {dag.py:4180} INFO - Setting next_dagrun for example_task_group_decorator to None, run_after=None
[2024-12-22T03:18:59.989-0800] {processor.py:208} INFO - Processing /Users/rishukhurana/anaconda3/lib/python3.11/site-packages/airflow/example_dags/example_task_group_decorator.py took 0.166 seconds
[2024-12-22T03:22:10.437-0800] {processor.py:186} INFO - Started process (PID=3534) to work on /Users/rishukhurana/anaconda3/lib/python3.11/site-packages/airflow/example_dags/example_task_group_decorator.py
[2024-12-22T03:22:10.439-0800] {processor.py:914} INFO - Processing file /Users/rishukhurana/anaconda3/lib/python3.11/site-packages/airflow/example_dags/example_task_group_decorator.py for tasks to queue
[2024-12-22T03:22:10.441-0800] {logging_mixin.py:190} INFO - [2024-12-22T03:22:10.441-0800] {dagbag.py:588} INFO - Filling up the DagBag from /Users/rishukhurana/anaconda3/lib/python3.11/site-packages/airflow/example_dags/example_task_group_decorator.py
[2024-12-22T03:22:10.488-0800] {processor.py:925} INFO - DAG(s) 'example_task_group_decorator' retrieved from /Users/rishukhurana/anaconda3/lib/python3.11/site-packages/airflow/example_dags/example_task_group_decorator.py
[2024-12-22T03:22:10.584-0800] {logging_mixin.py:190} INFO - [2024-12-22T03:22:10.584-0800] {dag.py:3239} INFO - Sync 1 DAGs
[2024-12-22T03:22:10.593-0800] {logging_mixin.py:190} INFO - [2024-12-22T03:22:10.593-0800] {dag.py:4180} INFO - Setting next_dagrun for example_task_group_decorator to None, run_after=None
[2024-12-22T03:22:10.615-0800] {processor.py:208} INFO - Processing /Users/rishukhurana/anaconda3/lib/python3.11/site-packages/airflow/example_dags/example_task_group_decorator.py took 0.187 seconds
[2024-12-22T03:25:27.127-0800] {processor.py:186} INFO - Started process (PID=3898) to work on /Users/rishukhurana/anaconda3/lib/python3.11/site-packages/airflow/example_dags/example_task_group_decorator.py
[2024-12-22T03:25:27.129-0800] {processor.py:914} INFO - Processing file /Users/rishukhurana/anaconda3/lib/python3.11/site-packages/airflow/example_dags/example_task_group_decorator.py for tasks to queue
[2024-12-22T03:25:27.131-0800] {logging_mixin.py:190} INFO - [2024-12-22T03:25:27.131-0800] {dagbag.py:588} INFO - Filling up the DagBag from /Users/rishukhurana/anaconda3/lib/python3.11/site-packages/airflow/example_dags/example_task_group_decorator.py
[2024-12-22T03:25:27.233-0800] {processor.py:925} INFO - DAG(s) 'example_task_group_decorator' retrieved from /Users/rishukhurana/anaconda3/lib/python3.11/site-packages/airflow/example_dags/example_task_group_decorator.py
[2024-12-22T03:25:27.374-0800] {logging_mixin.py:190} INFO - [2024-12-22T03:25:27.374-0800] {dag.py:3239} INFO - Sync 1 DAGs
[2024-12-22T03:25:27.384-0800] {logging_mixin.py:190} INFO - [2024-12-22T03:25:27.384-0800] {dag.py:4180} INFO - Setting next_dagrun for example_task_group_decorator to None, run_after=None
[2024-12-22T03:25:27.404-0800] {processor.py:208} INFO - Processing /Users/rishukhurana/anaconda3/lib/python3.11/site-packages/airflow/example_dags/example_task_group_decorator.py took 0.308 seconds
