[2024-12-22T02:18:29.565-0800] {processor.py:186} INFO - Started process (PID=99818) to work on /Users/rishukhurana/anaconda3/lib/python3.11/site-packages/airflow/example_dags/example_sensors.py
[2024-12-22T02:18:29.568-0800] {processor.py:914} INFO - Processing file /Users/rishukhurana/anaconda3/lib/python3.11/site-packages/airflow/example_dags/example_sensors.py for tasks to queue
[2024-12-22T02:18:29.572-0800] {logging_mixin.py:190} INFO - [2024-12-22T02:18:29.571-0800] {dagbag.py:588} INFO - Filling up the DagBag from /Users/rishukhurana/anaconda3/lib/python3.11/site-packages/airflow/example_dags/example_sensors.py
[2024-12-22T02:18:29.624-0800] {processor.py:925} INFO - DAG(s) 'example_sensors' retrieved from /Users/rishukhurana/anaconda3/lib/python3.11/site-packages/airflow/example_dags/example_sensors.py
[2024-12-22T02:18:30.945-0800] {logging_mixin.py:190} INFO - [2024-12-22T02:18:30.944-0800] {utils.py:160} INFO - NumExpr defaulting to 8 threads.
[2024-12-22T02:18:31.872-0800] {logging_mixin.py:190} INFO - [2024-12-22T02:18:31.872-0800] {dag.py:3239} INFO - Sync 1 DAGs
[2024-12-22T02:18:31.892-0800] {logging_mixin.py:190} INFO - [2024-12-22T02:18:31.892-0800] {dag.py:4180} INFO - Setting next_dagrun for example_sensors to None, run_after=None
[2024-12-22T02:18:31.926-0800] {processor.py:208} INFO - Processing /Users/rishukhurana/anaconda3/lib/python3.11/site-packages/airflow/example_dags/example_sensors.py took 2.381 seconds
[2024-12-22T02:24:39.333-0800] {processor.py:186} INFO - Started process (PID=143) to work on /Users/rishukhurana/anaconda3/lib/python3.11/site-packages/airflow/example_dags/example_sensors.py
[2024-12-22T02:24:39.337-0800] {processor.py:914} INFO - Processing file /Users/rishukhurana/anaconda3/lib/python3.11/site-packages/airflow/example_dags/example_sensors.py for tasks to queue
[2024-12-22T02:24:39.340-0800] {logging_mixin.py:190} INFO - [2024-12-22T02:24:39.339-0800] {dagbag.py:588} INFO - Filling up the DagBag from /Users/rishukhurana/anaconda3/lib/python3.11/site-packages/airflow/example_dags/example_sensors.py
[2024-12-22T02:24:39.374-0800] {processor.py:925} INFO - DAG(s) 'example_sensors' retrieved from /Users/rishukhurana/anaconda3/lib/python3.11/site-packages/airflow/example_dags/example_sensors.py
[2024-12-22T02:24:40.420-0800] {logging_mixin.py:190} INFO - [2024-12-22T02:24:40.420-0800] {utils.py:160} INFO - NumExpr defaulting to 8 threads.
[2024-12-22T02:24:41.247-0800] {logging_mixin.py:190} INFO - [2024-12-22T02:24:41.247-0800] {dag.py:3239} INFO - Sync 1 DAGs
[2024-12-22T02:24:41.264-0800] {logging_mixin.py:190} INFO - [2024-12-22T02:24:41.264-0800] {dag.py:4180} INFO - Setting next_dagrun for example_sensors to None, run_after=None
[2024-12-22T02:24:41.295-0800] {processor.py:208} INFO - Processing /Users/rishukhurana/anaconda3/lib/python3.11/site-packages/airflow/example_dags/example_sensors.py took 1.978 seconds
[2024-12-22T02:28:09.011-0800] {processor.py:186} INFO - Started process (PID=377) to work on /Users/rishukhurana/anaconda3/lib/python3.11/site-packages/airflow/example_dags/example_sensors.py
[2024-12-22T02:28:09.012-0800] {processor.py:914} INFO - Processing file /Users/rishukhurana/anaconda3/lib/python3.11/site-packages/airflow/example_dags/example_sensors.py for tasks to queue
[2024-12-22T02:28:09.014-0800] {logging_mixin.py:190} INFO - [2024-12-22T02:28:09.014-0800] {dagbag.py:588} INFO - Filling up the DagBag from /Users/rishukhurana/anaconda3/lib/python3.11/site-packages/airflow/example_dags/example_sensors.py
[2024-12-22T02:28:09.037-0800] {processor.py:925} INFO - DAG(s) 'example_sensors' retrieved from /Users/rishukhurana/anaconda3/lib/python3.11/site-packages/airflow/example_dags/example_sensors.py
[2024-12-22T02:28:09.619-0800] {logging_mixin.py:190} INFO - [2024-12-22T02:28:09.618-0800] {utils.py:160} INFO - NumExpr defaulting to 8 threads.
[2024-12-22T02:28:10.189-0800] {logging_mixin.py:190} INFO - [2024-12-22T02:28:10.188-0800] {dag.py:3239} INFO - Sync 1 DAGs
[2024-12-22T02:28:10.199-0800] {logging_mixin.py:190} INFO - [2024-12-22T02:28:10.198-0800] {dag.py:4180} INFO - Setting next_dagrun for example_sensors to None, run_after=None
[2024-12-22T02:28:10.217-0800] {processor.py:208} INFO - Processing /Users/rishukhurana/anaconda3/lib/python3.11/site-packages/airflow/example_dags/example_sensors.py took 1.215 seconds
[2024-12-22T02:31:26.053-0800] {processor.py:186} INFO - Started process (PID=582) to work on /Users/rishukhurana/anaconda3/lib/python3.11/site-packages/airflow/example_dags/example_sensors.py
[2024-12-22T02:31:26.055-0800] {processor.py:914} INFO - Processing file /Users/rishukhurana/anaconda3/lib/python3.11/site-packages/airflow/example_dags/example_sensors.py for tasks to queue
[2024-12-22T02:31:26.057-0800] {logging_mixin.py:190} INFO - [2024-12-22T02:31:26.056-0800] {dagbag.py:588} INFO - Filling up the DagBag from /Users/rishukhurana/anaconda3/lib/python3.11/site-packages/airflow/example_dags/example_sensors.py
[2024-12-22T02:31:26.077-0800] {processor.py:925} INFO - DAG(s) 'example_sensors' retrieved from /Users/rishukhurana/anaconda3/lib/python3.11/site-packages/airflow/example_dags/example_sensors.py
[2024-12-22T02:31:26.635-0800] {logging_mixin.py:190} INFO - [2024-12-22T02:31:26.635-0800] {utils.py:160} INFO - NumExpr defaulting to 8 threads.
[2024-12-22T02:31:27.189-0800] {logging_mixin.py:190} INFO - [2024-12-22T02:31:27.188-0800] {dag.py:3239} INFO - Sync 1 DAGs
[2024-12-22T02:31:27.198-0800] {logging_mixin.py:190} INFO - [2024-12-22T02:31:27.198-0800] {dag.py:4180} INFO - Setting next_dagrun for example_sensors to None, run_after=None
[2024-12-22T02:31:27.216-0800] {processor.py:208} INFO - Processing /Users/rishukhurana/anaconda3/lib/python3.11/site-packages/airflow/example_dags/example_sensors.py took 1.170 seconds
[2024-12-22T02:34:40.916-0800] {processor.py:186} INFO - Started process (PID=795) to work on /Users/rishukhurana/anaconda3/lib/python3.11/site-packages/airflow/example_dags/example_sensors.py
[2024-12-22T02:34:40.917-0800] {processor.py:914} INFO - Processing file /Users/rishukhurana/anaconda3/lib/python3.11/site-packages/airflow/example_dags/example_sensors.py for tasks to queue
[2024-12-22T02:34:40.919-0800] {logging_mixin.py:190} INFO - [2024-12-22T02:34:40.919-0800] {dagbag.py:588} INFO - Filling up the DagBag from /Users/rishukhurana/anaconda3/lib/python3.11/site-packages/airflow/example_dags/example_sensors.py
[2024-12-22T02:34:40.936-0800] {processor.py:925} INFO - DAG(s) 'example_sensors' retrieved from /Users/rishukhurana/anaconda3/lib/python3.11/site-packages/airflow/example_dags/example_sensors.py
[2024-12-22T02:34:41.408-0800] {logging_mixin.py:190} INFO - [2024-12-22T02:34:41.408-0800] {utils.py:160} INFO - NumExpr defaulting to 8 threads.
[2024-12-22T02:34:41.774-0800] {logging_mixin.py:190} INFO - [2024-12-22T02:34:41.774-0800] {dag.py:3239} INFO - Sync 1 DAGs
[2024-12-22T02:34:41.785-0800] {logging_mixin.py:190} INFO - [2024-12-22T02:34:41.785-0800] {dag.py:4180} INFO - Setting next_dagrun for example_sensors to None, run_after=None
[2024-12-22T02:34:41.802-0800] {processor.py:208} INFO - Processing /Users/rishukhurana/anaconda3/lib/python3.11/site-packages/airflow/example_dags/example_sensors.py took 0.892 seconds
[2024-12-22T02:37:57.874-0800] {processor.py:186} INFO - Started process (PID=965) to work on /Users/rishukhurana/anaconda3/lib/python3.11/site-packages/airflow/example_dags/example_sensors.py
[2024-12-22T02:37:57.876-0800] {processor.py:914} INFO - Processing file /Users/rishukhurana/anaconda3/lib/python3.11/site-packages/airflow/example_dags/example_sensors.py for tasks to queue
[2024-12-22T02:37:57.878-0800] {logging_mixin.py:190} INFO - [2024-12-22T02:37:57.877-0800] {dagbag.py:588} INFO - Filling up the DagBag from /Users/rishukhurana/anaconda3/lib/python3.11/site-packages/airflow/example_dags/example_sensors.py
[2024-12-22T02:37:57.897-0800] {processor.py:925} INFO - DAG(s) 'example_sensors' retrieved from /Users/rishukhurana/anaconda3/lib/python3.11/site-packages/airflow/example_dags/example_sensors.py
[2024-12-22T02:37:58.506-0800] {logging_mixin.py:190} INFO - [2024-12-22T02:37:58.505-0800] {utils.py:160} INFO - NumExpr defaulting to 8 threads.
[2024-12-22T02:37:59.022-0800] {logging_mixin.py:190} INFO - [2024-12-22T02:37:59.021-0800] {dag.py:3239} INFO - Sync 1 DAGs
[2024-12-22T02:37:59.032-0800] {logging_mixin.py:190} INFO - [2024-12-22T02:37:59.032-0800] {dag.py:4180} INFO - Setting next_dagrun for example_sensors to None, run_after=None
[2024-12-22T02:37:59.048-0800] {processor.py:208} INFO - Processing /Users/rishukhurana/anaconda3/lib/python3.11/site-packages/airflow/example_dags/example_sensors.py took 1.183 seconds
[2024-12-22T02:41:09.371-0800] {processor.py:186} INFO - Started process (PID=1248) to work on /Users/rishukhurana/anaconda3/lib/python3.11/site-packages/airflow/example_dags/example_sensors.py
[2024-12-22T02:41:09.373-0800] {processor.py:914} INFO - Processing file /Users/rishukhurana/anaconda3/lib/python3.11/site-packages/airflow/example_dags/example_sensors.py for tasks to queue
[2024-12-22T02:41:09.374-0800] {logging_mixin.py:190} INFO - [2024-12-22T02:41:09.374-0800] {dagbag.py:588} INFO - Filling up the DagBag from /Users/rishukhurana/anaconda3/lib/python3.11/site-packages/airflow/example_dags/example_sensors.py
[2024-12-22T02:41:09.394-0800] {processor.py:925} INFO - DAG(s) 'example_sensors' retrieved from /Users/rishukhurana/anaconda3/lib/python3.11/site-packages/airflow/example_dags/example_sensors.py
[2024-12-22T02:41:10.185-0800] {logging_mixin.py:190} INFO - [2024-12-22T02:41:10.184-0800] {utils.py:160} INFO - NumExpr defaulting to 8 threads.
[2024-12-22T02:41:10.644-0800] {logging_mixin.py:190} INFO - [2024-12-22T02:41:10.643-0800] {dag.py:3239} INFO - Sync 1 DAGs
[2024-12-22T02:41:10.655-0800] {logging_mixin.py:190} INFO - [2024-12-22T02:41:10.655-0800] {dag.py:4180} INFO - Setting next_dagrun for example_sensors to None, run_after=None
[2024-12-22T02:41:10.673-0800] {processor.py:208} INFO - Processing /Users/rishukhurana/anaconda3/lib/python3.11/site-packages/airflow/example_dags/example_sensors.py took 1.309 seconds
[2024-12-22T02:44:17.468-0800] {processor.py:186} INFO - Started process (PID=1443) to work on /Users/rishukhurana/anaconda3/lib/python3.11/site-packages/airflow/example_dags/example_sensors.py
[2024-12-22T02:44:17.470-0800] {processor.py:914} INFO - Processing file /Users/rishukhurana/anaconda3/lib/python3.11/site-packages/airflow/example_dags/example_sensors.py for tasks to queue
[2024-12-22T02:44:17.471-0800] {logging_mixin.py:190} INFO - [2024-12-22T02:44:17.471-0800] {dagbag.py:588} INFO - Filling up the DagBag from /Users/rishukhurana/anaconda3/lib/python3.11/site-packages/airflow/example_dags/example_sensors.py
[2024-12-22T02:44:17.491-0800] {processor.py:925} INFO - DAG(s) 'example_sensors' retrieved from /Users/rishukhurana/anaconda3/lib/python3.11/site-packages/airflow/example_dags/example_sensors.py
[2024-12-22T02:44:18.023-0800] {logging_mixin.py:190} INFO - [2024-12-22T02:44:18.023-0800] {utils.py:160} INFO - NumExpr defaulting to 8 threads.
[2024-12-22T02:44:18.582-0800] {logging_mixin.py:190} INFO - [2024-12-22T02:44:18.581-0800] {dag.py:3239} INFO - Sync 1 DAGs
[2024-12-22T02:44:18.591-0800] {logging_mixin.py:190} INFO - [2024-12-22T02:44:18.591-0800] {dag.py:4180} INFO - Setting next_dagrun for example_sensors to None, run_after=None
[2024-12-22T02:44:18.611-0800] {processor.py:208} INFO - Processing /Users/rishukhurana/anaconda3/lib/python3.11/site-packages/airflow/example_dags/example_sensors.py took 1.149 seconds
[2024-12-22T02:47:35.344-0800] {processor.py:186} INFO - Started process (PID=1706) to work on /Users/rishukhurana/anaconda3/lib/python3.11/site-packages/airflow/example_dags/example_sensors.py
[2024-12-22T02:47:35.346-0800] {processor.py:914} INFO - Processing file /Users/rishukhurana/anaconda3/lib/python3.11/site-packages/airflow/example_dags/example_sensors.py for tasks to queue
[2024-12-22T02:47:35.347-0800] {logging_mixin.py:190} INFO - [2024-12-22T02:47:35.347-0800] {dagbag.py:588} INFO - Filling up the DagBag from /Users/rishukhurana/anaconda3/lib/python3.11/site-packages/airflow/example_dags/example_sensors.py
[2024-12-22T02:47:35.368-0800] {processor.py:925} INFO - DAG(s) 'example_sensors' retrieved from /Users/rishukhurana/anaconda3/lib/python3.11/site-packages/airflow/example_dags/example_sensors.py
[2024-12-22T02:47:35.809-0800] {logging_mixin.py:190} INFO - [2024-12-22T02:47:35.809-0800] {utils.py:160} INFO - NumExpr defaulting to 8 threads.
[2024-12-22T02:47:36.167-0800] {logging_mixin.py:190} INFO - [2024-12-22T02:47:36.166-0800] {dag.py:3239} INFO - Sync 1 DAGs
[2024-12-22T02:47:36.176-0800] {logging_mixin.py:190} INFO - [2024-12-22T02:47:36.176-0800] {dag.py:4180} INFO - Setting next_dagrun for example_sensors to None, run_after=None
[2024-12-22T02:47:36.194-0800] {processor.py:208} INFO - Processing /Users/rishukhurana/anaconda3/lib/python3.11/site-packages/airflow/example_dags/example_sensors.py took 0.863 seconds
[2024-12-22T02:50:48.242-0800] {processor.py:186} INFO - Started process (PID=1856) to work on /Users/rishukhurana/anaconda3/lib/python3.11/site-packages/airflow/example_dags/example_sensors.py
[2024-12-22T02:50:48.244-0800] {processor.py:914} INFO - Processing file /Users/rishukhurana/anaconda3/lib/python3.11/site-packages/airflow/example_dags/example_sensors.py for tasks to queue
[2024-12-22T02:50:48.246-0800] {logging_mixin.py:190} INFO - [2024-12-22T02:50:48.246-0800] {dagbag.py:588} INFO - Filling up the DagBag from /Users/rishukhurana/anaconda3/lib/python3.11/site-packages/airflow/example_dags/example_sensors.py
[2024-12-22T02:50:48.264-0800] {processor.py:925} INFO - DAG(s) 'example_sensors' retrieved from /Users/rishukhurana/anaconda3/lib/python3.11/site-packages/airflow/example_dags/example_sensors.py
[2024-12-22T02:50:48.797-0800] {logging_mixin.py:190} INFO - [2024-12-22T02:50:48.796-0800] {utils.py:160} INFO - NumExpr defaulting to 8 threads.
[2024-12-22T02:50:49.296-0800] {logging_mixin.py:190} INFO - [2024-12-22T02:50:49.295-0800] {dag.py:3239} INFO - Sync 1 DAGs
[2024-12-22T02:50:49.305-0800] {logging_mixin.py:190} INFO - [2024-12-22T02:50:49.305-0800] {dag.py:4180} INFO - Setting next_dagrun for example_sensors to None, run_after=None
[2024-12-22T02:50:49.324-0800] {processor.py:208} INFO - Processing /Users/rishukhurana/anaconda3/lib/python3.11/site-packages/airflow/example_dags/example_sensors.py took 1.091 seconds
[2024-12-22T02:53:58.032-0800] {processor.py:186} INFO - Started process (PID=2015) to work on /Users/rishukhurana/anaconda3/lib/python3.11/site-packages/airflow/example_dags/example_sensors.py
[2024-12-22T02:53:58.034-0800] {processor.py:914} INFO - Processing file /Users/rishukhurana/anaconda3/lib/python3.11/site-packages/airflow/example_dags/example_sensors.py for tasks to queue
[2024-12-22T02:53:58.036-0800] {logging_mixin.py:190} INFO - [2024-12-22T02:53:58.035-0800] {dagbag.py:588} INFO - Filling up the DagBag from /Users/rishukhurana/anaconda3/lib/python3.11/site-packages/airflow/example_dags/example_sensors.py
[2024-12-22T02:53:58.053-0800] {processor.py:925} INFO - DAG(s) 'example_sensors' retrieved from /Users/rishukhurana/anaconda3/lib/python3.11/site-packages/airflow/example_dags/example_sensors.py
[2024-12-22T02:53:58.573-0800] {logging_mixin.py:190} INFO - [2024-12-22T02:53:58.573-0800] {utils.py:160} INFO - NumExpr defaulting to 8 threads.
[2024-12-22T02:53:59.040-0800] {logging_mixin.py:190} INFO - [2024-12-22T02:53:59.039-0800] {dag.py:3239} INFO - Sync 1 DAGs
[2024-12-22T02:53:59.050-0800] {logging_mixin.py:190} INFO - [2024-12-22T02:53:59.049-0800] {dag.py:4180} INFO - Setting next_dagrun for example_sensors to None, run_after=None
[2024-12-22T02:53:59.067-0800] {processor.py:208} INFO - Processing /Users/rishukhurana/anaconda3/lib/python3.11/site-packages/airflow/example_dags/example_sensors.py took 1.042 seconds
[2024-12-22T02:56:59.692-0800] {processor.py:186} INFO - Started process (PID=2160) to work on /Users/rishukhurana/anaconda3/lib/python3.11/site-packages/airflow/example_dags/example_sensors.py
[2024-12-22T02:56:59.694-0800] {processor.py:914} INFO - Processing file /Users/rishukhurana/anaconda3/lib/python3.11/site-packages/airflow/example_dags/example_sensors.py for tasks to queue
[2024-12-22T02:56:59.696-0800] {logging_mixin.py:190} INFO - [2024-12-22T02:56:59.696-0800] {dagbag.py:588} INFO - Filling up the DagBag from /Users/rishukhurana/anaconda3/lib/python3.11/site-packages/airflow/example_dags/example_sensors.py
[2024-12-22T02:56:59.715-0800] {processor.py:925} INFO - DAG(s) 'example_sensors' retrieved from /Users/rishukhurana/anaconda3/lib/python3.11/site-packages/airflow/example_dags/example_sensors.py
[2024-12-22T02:57:00.255-0800] {logging_mixin.py:190} INFO - [2024-12-22T02:57:00.254-0800] {utils.py:160} INFO - NumExpr defaulting to 8 threads.
[2024-12-22T02:57:00.770-0800] {logging_mixin.py:190} INFO - [2024-12-22T02:57:00.770-0800] {dag.py:3239} INFO - Sync 1 DAGs
[2024-12-22T02:57:00.779-0800] {logging_mixin.py:190} INFO - [2024-12-22T02:57:00.779-0800] {dag.py:4180} INFO - Setting next_dagrun for example_sensors to None, run_after=None
[2024-12-22T02:57:00.796-0800] {processor.py:208} INFO - Processing /Users/rishukhurana/anaconda3/lib/python3.11/site-packages/airflow/example_dags/example_sensors.py took 1.113 seconds
[2024-12-22T03:00:13.263-0800] {processor.py:186} INFO - Started process (PID=2325) to work on /Users/rishukhurana/anaconda3/lib/python3.11/site-packages/airflow/example_dags/example_sensors.py
[2024-12-22T03:00:13.265-0800] {processor.py:914} INFO - Processing file /Users/rishukhurana/anaconda3/lib/python3.11/site-packages/airflow/example_dags/example_sensors.py for tasks to queue
[2024-12-22T03:00:13.267-0800] {logging_mixin.py:190} INFO - [2024-12-22T03:00:13.267-0800] {dagbag.py:588} INFO - Filling up the DagBag from /Users/rishukhurana/anaconda3/lib/python3.11/site-packages/airflow/example_dags/example_sensors.py
[2024-12-22T03:00:13.285-0800] {processor.py:925} INFO - DAG(s) 'example_sensors' retrieved from /Users/rishukhurana/anaconda3/lib/python3.11/site-packages/airflow/example_dags/example_sensors.py
[2024-12-22T03:00:13.867-0800] {logging_mixin.py:190} INFO - [2024-12-22T03:00:13.866-0800] {utils.py:160} INFO - NumExpr defaulting to 8 threads.
[2024-12-22T03:00:14.323-0800] {logging_mixin.py:190} INFO - [2024-12-22T03:00:14.323-0800] {dag.py:3239} INFO - Sync 1 DAGs
[2024-12-22T03:00:14.333-0800] {logging_mixin.py:190} INFO - [2024-12-22T03:00:14.332-0800] {dag.py:4180} INFO - Setting next_dagrun for example_sensors to None, run_after=None
[2024-12-22T03:00:14.349-0800] {processor.py:208} INFO - Processing /Users/rishukhurana/anaconda3/lib/python3.11/site-packages/airflow/example_dags/example_sensors.py took 1.093 seconds
[2024-12-22T03:03:29.273-0800] {processor.py:186} INFO - Started process (PID=2528) to work on /Users/rishukhurana/anaconda3/lib/python3.11/site-packages/airflow/example_dags/example_sensors.py
[2024-12-22T03:03:29.275-0800] {processor.py:914} INFO - Processing file /Users/rishukhurana/anaconda3/lib/python3.11/site-packages/airflow/example_dags/example_sensors.py for tasks to queue
[2024-12-22T03:03:29.277-0800] {logging_mixin.py:190} INFO - [2024-12-22T03:03:29.277-0800] {dagbag.py:588} INFO - Filling up the DagBag from /Users/rishukhurana/anaconda3/lib/python3.11/site-packages/airflow/example_dags/example_sensors.py
[2024-12-22T03:03:29.296-0800] {processor.py:925} INFO - DAG(s) 'example_sensors' retrieved from /Users/rishukhurana/anaconda3/lib/python3.11/site-packages/airflow/example_dags/example_sensors.py
[2024-12-22T03:03:29.871-0800] {logging_mixin.py:190} INFO - [2024-12-22T03:03:29.871-0800] {utils.py:160} INFO - NumExpr defaulting to 8 threads.
[2024-12-22T03:03:30.415-0800] {logging_mixin.py:190} INFO - [2024-12-22T03:03:30.415-0800] {dag.py:3239} INFO - Sync 1 DAGs
[2024-12-22T03:03:30.424-0800] {logging_mixin.py:190} INFO - [2024-12-22T03:03:30.424-0800] {dag.py:4180} INFO - Setting next_dagrun for example_sensors to None, run_after=None
[2024-12-22T03:03:30.441-0800] {processor.py:208} INFO - Processing /Users/rishukhurana/anaconda3/lib/python3.11/site-packages/airflow/example_dags/example_sensors.py took 1.172 seconds
[2024-12-22T03:06:39.394-0800] {processor.py:186} INFO - Started process (PID=2676) to work on /Users/rishukhurana/anaconda3/lib/python3.11/site-packages/airflow/example_dags/example_sensors.py
[2024-12-22T03:06:39.396-0800] {processor.py:914} INFO - Processing file /Users/rishukhurana/anaconda3/lib/python3.11/site-packages/airflow/example_dags/example_sensors.py for tasks to queue
[2024-12-22T03:06:39.398-0800] {logging_mixin.py:190} INFO - [2024-12-22T03:06:39.398-0800] {dagbag.py:588} INFO - Filling up the DagBag from /Users/rishukhurana/anaconda3/lib/python3.11/site-packages/airflow/example_dags/example_sensors.py
[2024-12-22T03:06:39.418-0800] {processor.py:925} INFO - DAG(s) 'example_sensors' retrieved from /Users/rishukhurana/anaconda3/lib/python3.11/site-packages/airflow/example_dags/example_sensors.py
[2024-12-22T03:06:39.957-0800] {logging_mixin.py:190} INFO - [2024-12-22T03:06:39.957-0800] {utils.py:160} INFO - NumExpr defaulting to 8 threads.
[2024-12-22T03:06:40.447-0800] {logging_mixin.py:190} INFO - [2024-12-22T03:06:40.447-0800] {dag.py:3239} INFO - Sync 1 DAGs
[2024-12-22T03:06:40.455-0800] {logging_mixin.py:190} INFO - [2024-12-22T03:06:40.455-0800] {dag.py:4180} INFO - Setting next_dagrun for example_sensors to None, run_after=None
[2024-12-22T03:06:40.474-0800] {processor.py:208} INFO - Processing /Users/rishukhurana/anaconda3/lib/python3.11/site-packages/airflow/example_dags/example_sensors.py took 1.088 seconds
[2024-12-22T03:09:55.876-0800] {processor.py:186} INFO - Started process (PID=2893) to work on /Users/rishukhurana/anaconda3/lib/python3.11/site-packages/airflow/example_dags/example_sensors.py
[2024-12-22T03:09:55.877-0800] {processor.py:914} INFO - Processing file /Users/rishukhurana/anaconda3/lib/python3.11/site-packages/airflow/example_dags/example_sensors.py for tasks to queue
[2024-12-22T03:09:55.879-0800] {logging_mixin.py:190} INFO - [2024-12-22T03:09:55.878-0800] {dagbag.py:588} INFO - Filling up the DagBag from /Users/rishukhurana/anaconda3/lib/python3.11/site-packages/airflow/example_dags/example_sensors.py
[2024-12-22T03:09:55.899-0800] {processor.py:925} INFO - DAG(s) 'example_sensors' retrieved from /Users/rishukhurana/anaconda3/lib/python3.11/site-packages/airflow/example_dags/example_sensors.py
[2024-12-22T03:09:56.472-0800] {logging_mixin.py:190} INFO - [2024-12-22T03:09:56.471-0800] {utils.py:160} INFO - NumExpr defaulting to 8 threads.
[2024-12-22T03:09:57.028-0800] {logging_mixin.py:190} INFO - [2024-12-22T03:09:57.028-0800] {dag.py:3239} INFO - Sync 1 DAGs
[2024-12-22T03:09:57.039-0800] {logging_mixin.py:190} INFO - [2024-12-22T03:09:57.039-0800] {dag.py:4180} INFO - Setting next_dagrun for example_sensors to None, run_after=None
[2024-12-22T03:09:57.056-0800] {processor.py:208} INFO - Processing /Users/rishukhurana/anaconda3/lib/python3.11/site-packages/airflow/example_dags/example_sensors.py took 1.185 seconds
[2024-12-22T03:13:09.473-0800] {processor.py:186} INFO - Started process (PID=3093) to work on /Users/rishukhurana/anaconda3/lib/python3.11/site-packages/airflow/example_dags/example_sensors.py
[2024-12-22T03:13:09.475-0800] {processor.py:914} INFO - Processing file /Users/rishukhurana/anaconda3/lib/python3.11/site-packages/airflow/example_dags/example_sensors.py for tasks to queue
[2024-12-22T03:13:09.477-0800] {logging_mixin.py:190} INFO - [2024-12-22T03:13:09.476-0800] {dagbag.py:588} INFO - Filling up the DagBag from /Users/rishukhurana/anaconda3/lib/python3.11/site-packages/airflow/example_dags/example_sensors.py
[2024-12-22T03:13:09.494-0800] {processor.py:925} INFO - DAG(s) 'example_sensors' retrieved from /Users/rishukhurana/anaconda3/lib/python3.11/site-packages/airflow/example_dags/example_sensors.py
[2024-12-22T03:13:10.033-0800] {logging_mixin.py:190} INFO - [2024-12-22T03:13:10.033-0800] {utils.py:160} INFO - NumExpr defaulting to 8 threads.
[2024-12-22T03:13:10.534-0800] {logging_mixin.py:190} INFO - [2024-12-22T03:13:10.534-0800] {dag.py:3239} INFO - Sync 1 DAGs
[2024-12-22T03:13:10.544-0800] {logging_mixin.py:190} INFO - [2024-12-22T03:13:10.544-0800] {dag.py:4180} INFO - Setting next_dagrun for example_sensors to None, run_after=None
[2024-12-22T03:13:10.562-0800] {processor.py:208} INFO - Processing /Users/rishukhurana/anaconda3/lib/python3.11/site-packages/airflow/example_dags/example_sensors.py took 1.102 seconds
[2024-12-22T03:16:20.488-0800] {processor.py:186} INFO - Started process (PID=3250) to work on /Users/rishukhurana/anaconda3/lib/python3.11/site-packages/airflow/example_dags/example_sensors.py
[2024-12-22T03:16:20.491-0800] {processor.py:914} INFO - Processing file /Users/rishukhurana/anaconda3/lib/python3.11/site-packages/airflow/example_dags/example_sensors.py for tasks to queue
[2024-12-22T03:16:20.493-0800] {logging_mixin.py:190} INFO - [2024-12-22T03:16:20.492-0800] {dagbag.py:588} INFO - Filling up the DagBag from /Users/rishukhurana/anaconda3/lib/python3.11/site-packages/airflow/example_dags/example_sensors.py
[2024-12-22T03:16:20.511-0800] {processor.py:925} INFO - DAG(s) 'example_sensors' retrieved from /Users/rishukhurana/anaconda3/lib/python3.11/site-packages/airflow/example_dags/example_sensors.py
[2024-12-22T03:16:21.054-0800] {logging_mixin.py:190} INFO - [2024-12-22T03:16:21.054-0800] {utils.py:160} INFO - NumExpr defaulting to 8 threads.
[2024-12-22T03:16:21.545-0800] {logging_mixin.py:190} INFO - [2024-12-22T03:16:21.545-0800] {dag.py:3239} INFO - Sync 1 DAGs
[2024-12-22T03:16:21.555-0800] {logging_mixin.py:190} INFO - [2024-12-22T03:16:21.555-0800] {dag.py:4180} INFO - Setting next_dagrun for example_sensors to None, run_after=None
[2024-12-22T03:16:21.572-0800] {processor.py:208} INFO - Processing /Users/rishukhurana/anaconda3/lib/python3.11/site-packages/airflow/example_dags/example_sensors.py took 1.092 seconds
[2024-12-22T03:19:30.757-0800] {processor.py:186} INFO - Started process (PID=3400) to work on /Users/rishukhurana/anaconda3/lib/python3.11/site-packages/airflow/example_dags/example_sensors.py
[2024-12-22T03:19:30.759-0800] {processor.py:914} INFO - Processing file /Users/rishukhurana/anaconda3/lib/python3.11/site-packages/airflow/example_dags/example_sensors.py for tasks to queue
[2024-12-22T03:19:30.761-0800] {logging_mixin.py:190} INFO - [2024-12-22T03:19:30.761-0800] {dagbag.py:588} INFO - Filling up the DagBag from /Users/rishukhurana/anaconda3/lib/python3.11/site-packages/airflow/example_dags/example_sensors.py
[2024-12-22T03:19:30.781-0800] {processor.py:925} INFO - DAG(s) 'example_sensors' retrieved from /Users/rishukhurana/anaconda3/lib/python3.11/site-packages/airflow/example_dags/example_sensors.py
[2024-12-22T03:19:31.342-0800] {logging_mixin.py:190} INFO - [2024-12-22T03:19:31.342-0800] {utils.py:160} INFO - NumExpr defaulting to 8 threads.
[2024-12-22T03:19:31.854-0800] {logging_mixin.py:190} INFO - [2024-12-22T03:19:31.854-0800] {dag.py:3239} INFO - Sync 1 DAGs
[2024-12-22T03:19:31.866-0800] {logging_mixin.py:190} INFO - [2024-12-22T03:19:31.865-0800] {dag.py:4180} INFO - Setting next_dagrun for example_sensors to None, run_after=None
[2024-12-22T03:19:31.886-0800] {processor.py:208} INFO - Processing /Users/rishukhurana/anaconda3/lib/python3.11/site-packages/airflow/example_dags/example_sensors.py took 1.134 seconds
[2024-12-22T03:22:41.872-0800] {processor.py:186} INFO - Started process (PID=3558) to work on /Users/rishukhurana/anaconda3/lib/python3.11/site-packages/airflow/example_dags/example_sensors.py
[2024-12-22T03:22:41.874-0800] {processor.py:914} INFO - Processing file /Users/rishukhurana/anaconda3/lib/python3.11/site-packages/airflow/example_dags/example_sensors.py for tasks to queue
[2024-12-22T03:22:41.876-0800] {logging_mixin.py:190} INFO - [2024-12-22T03:22:41.876-0800] {dagbag.py:588} INFO - Filling up the DagBag from /Users/rishukhurana/anaconda3/lib/python3.11/site-packages/airflow/example_dags/example_sensors.py
[2024-12-22T03:22:41.896-0800] {processor.py:925} INFO - DAG(s) 'example_sensors' retrieved from /Users/rishukhurana/anaconda3/lib/python3.11/site-packages/airflow/example_dags/example_sensors.py
[2024-12-22T03:22:42.433-0800] {logging_mixin.py:190} INFO - [2024-12-22T03:22:42.432-0800] {utils.py:160} INFO - NumExpr defaulting to 8 threads.
[2024-12-22T03:22:42.934-0800] {logging_mixin.py:190} INFO - [2024-12-22T03:22:42.933-0800] {dag.py:3239} INFO - Sync 1 DAGs
[2024-12-22T03:22:42.943-0800] {logging_mixin.py:190} INFO - [2024-12-22T03:22:42.942-0800] {dag.py:4180} INFO - Setting next_dagrun for example_sensors to None, run_after=None
[2024-12-22T03:22:42.961-0800] {processor.py:208} INFO - Processing /Users/rishukhurana/anaconda3/lib/python3.11/site-packages/airflow/example_dags/example_sensors.py took 1.096 seconds
[2024-12-22T03:25:57.694-0800] {processor.py:186} INFO - Started process (PID=3985) to work on /Users/rishukhurana/anaconda3/lib/python3.11/site-packages/airflow/example_dags/example_sensors.py
[2024-12-22T03:25:57.697-0800] {processor.py:914} INFO - Processing file /Users/rishukhurana/anaconda3/lib/python3.11/site-packages/airflow/example_dags/example_sensors.py for tasks to queue
[2024-12-22T03:25:57.699-0800] {logging_mixin.py:190} INFO - [2024-12-22T03:25:57.699-0800] {dagbag.py:588} INFO - Filling up the DagBag from /Users/rishukhurana/anaconda3/lib/python3.11/site-packages/airflow/example_dags/example_sensors.py
[2024-12-22T03:25:57.724-0800] {processor.py:925} INFO - DAG(s) 'example_sensors' retrieved from /Users/rishukhurana/anaconda3/lib/python3.11/site-packages/airflow/example_dags/example_sensors.py
[2024-12-22T03:25:58.172-0800] {logging_mixin.py:190} INFO - [2024-12-22T03:25:58.172-0800] {utils.py:160} INFO - NumExpr defaulting to 8 threads.
[2024-12-22T03:25:58.606-0800] {logging_mixin.py:190} INFO - [2024-12-22T03:25:58.606-0800] {dag.py:3239} INFO - Sync 1 DAGs
[2024-12-22T03:25:58.617-0800] {logging_mixin.py:190} INFO - [2024-12-22T03:25:58.616-0800] {dag.py:4180} INFO - Setting next_dagrun for example_sensors to None, run_after=None
[2024-12-22T03:25:58.637-0800] {processor.py:208} INFO - Processing /Users/rishukhurana/anaconda3/lib/python3.11/site-packages/airflow/example_dags/example_sensors.py took 0.947 seconds
[2024-12-22T03:29:13.341-0800] {processor.py:186} INFO - Started process (PID=4308) to work on /Users/rishukhurana/anaconda3/lib/python3.11/site-packages/airflow/example_dags/example_sensors.py
[2024-12-22T03:29:13.344-0800] {processor.py:914} INFO - Processing file /Users/rishukhurana/anaconda3/lib/python3.11/site-packages/airflow/example_dags/example_sensors.py for tasks to queue
[2024-12-22T03:29:13.345-0800] {logging_mixin.py:190} INFO - [2024-12-22T03:29:13.345-0800] {dagbag.py:588} INFO - Filling up the DagBag from /Users/rishukhurana/anaconda3/lib/python3.11/site-packages/airflow/example_dags/example_sensors.py
[2024-12-22T03:29:13.366-0800] {processor.py:925} INFO - DAG(s) 'example_sensors' retrieved from /Users/rishukhurana/anaconda3/lib/python3.11/site-packages/airflow/example_dags/example_sensors.py
[2024-12-22T03:29:13.941-0800] {logging_mixin.py:190} INFO - [2024-12-22T03:29:13.940-0800] {utils.py:160} INFO - NumExpr defaulting to 8 threads.
[2024-12-22T03:29:14.522-0800] {logging_mixin.py:190} INFO - [2024-12-22T03:29:14.522-0800] {dag.py:3239} INFO - Sync 1 DAGs
[2024-12-22T03:29:14.532-0800] {logging_mixin.py:190} INFO - [2024-12-22T03:29:14.531-0800] {dag.py:4180} INFO - Setting next_dagrun for example_sensors to None, run_after=None
[2024-12-22T03:29:14.550-0800] {processor.py:208} INFO - Processing /Users/rishukhurana/anaconda3/lib/python3.11/site-packages/airflow/example_dags/example_sensors.py took 1.216 seconds
[2024-12-22T03:32:34.154-0800] {processor.py:186} INFO - Started process (PID=4630) to work on /Users/rishukhurana/anaconda3/lib/python3.11/site-packages/airflow/example_dags/example_sensors.py
[2024-12-22T03:32:34.156-0800] {processor.py:914} INFO - Processing file /Users/rishukhurana/anaconda3/lib/python3.11/site-packages/airflow/example_dags/example_sensors.py for tasks to queue
[2024-12-22T03:32:34.158-0800] {logging_mixin.py:190} INFO - [2024-12-22T03:32:34.158-0800] {dagbag.py:588} INFO - Filling up the DagBag from /Users/rishukhurana/anaconda3/lib/python3.11/site-packages/airflow/example_dags/example_sensors.py
[2024-12-22T03:32:34.177-0800] {processor.py:925} INFO - DAG(s) 'example_sensors' retrieved from /Users/rishukhurana/anaconda3/lib/python3.11/site-packages/airflow/example_dags/example_sensors.py
[2024-12-22T03:32:34.739-0800] {logging_mixin.py:190} INFO - [2024-12-22T03:32:34.739-0800] {utils.py:160} INFO - NumExpr defaulting to 8 threads.
[2024-12-22T03:32:35.256-0800] {logging_mixin.py:190} INFO - [2024-12-22T03:32:35.255-0800] {dag.py:3239} INFO - Sync 1 DAGs
[2024-12-22T03:32:35.265-0800] {logging_mixin.py:190} INFO - [2024-12-22T03:32:35.265-0800] {dag.py:4180} INFO - Setting next_dagrun for example_sensors to None, run_after=None
[2024-12-22T03:32:35.282-0800] {processor.py:208} INFO - Processing /Users/rishukhurana/anaconda3/lib/python3.11/site-packages/airflow/example_dags/example_sensors.py took 1.133 seconds
