[2024-12-22T02:19:50.744-0800] {processor.py:186} INFO - Started process (PID=99865) to work on /Users/rishukhurana/anaconda3/lib/python3.11/site-packages/airflow/example_dags/example_inlet_event_extra.py
[2024-12-22T02:19:50.746-0800] {processor.py:914} INFO - Processing file /Users/rishukhurana/anaconda3/lib/python3.11/site-packages/airflow/example_dags/example_inlet_event_extra.py for tasks to queue
[2024-12-22T02:19:50.749-0800] {logging_mixin.py:190} INFO - [2024-12-22T02:19:50.749-0800] {dagbag.py:588} INFO - Filling up the DagBag from /Users/rishukhurana/anaconda3/lib/python3.11/site-packages/airflow/example_dags/example_inlet_event_extra.py
[2024-12-22T02:19:51.799-0800] {processor.py:925} INFO - DAG(s) 'read_dataset_event_from_classic', 'read_dataset_event' retrieved from /Users/rishukhurana/anaconda3/lib/python3.11/site-packages/airflow/example_dags/example_inlet_event_extra.py
[2024-12-22T02:19:51.961-0800] {logging_mixin.py:190} INFO - [2024-12-22T02:19:51.960-0800] {dag.py:3239} INFO - Sync 2 DAGs
[2024-12-22T02:19:51.994-0800] {logging_mixin.py:190} INFO - [2024-12-22T02:19:51.994-0800] {dag.py:4180} INFO - Setting next_dagrun for read_dataset_event to 2024-12-21 00:00:00+00:00, run_after=2024-12-22 00:00:00+00:00
[2024-12-22T02:19:52.002-0800] {logging_mixin.py:190} INFO - [2024-12-22T02:19:52.002-0800] {dag.py:4180} INFO - Setting next_dagrun for read_dataset_event_from_classic to 2024-12-21 00:00:00+00:00, run_after=2024-12-22 00:00:00+00:00
[2024-12-22T02:19:52.030-0800] {processor.py:208} INFO - Processing /Users/rishukhurana/anaconda3/lib/python3.11/site-packages/airflow/example_dags/example_inlet_event_extra.py took 1.302 seconds
[2024-12-22T02:25:27.384-0800] {processor.py:186} INFO - Started process (PID=207) to work on /Users/rishukhurana/anaconda3/lib/python3.11/site-packages/airflow/example_dags/example_inlet_event_extra.py
[2024-12-22T02:25:27.386-0800] {processor.py:914} INFO - Processing file /Users/rishukhurana/anaconda3/lib/python3.11/site-packages/airflow/example_dags/example_inlet_event_extra.py for tasks to queue
[2024-12-22T02:25:27.389-0800] {logging_mixin.py:190} INFO - [2024-12-22T02:25:27.388-0800] {dagbag.py:588} INFO - Filling up the DagBag from /Users/rishukhurana/anaconda3/lib/python3.11/site-packages/airflow/example_dags/example_inlet_event_extra.py
[2024-12-22T02:25:27.891-0800] {processor.py:925} INFO - DAG(s) 'read_dataset_event', 'read_dataset_event_from_classic' retrieved from /Users/rishukhurana/anaconda3/lib/python3.11/site-packages/airflow/example_dags/example_inlet_event_extra.py
[2024-12-22T02:25:27.977-0800] {logging_mixin.py:190} INFO - [2024-12-22T02:25:27.977-0800] {dag.py:3239} INFO - Sync 2 DAGs
[2024-12-22T02:25:27.997-0800] {logging_mixin.py:190} INFO - [2024-12-22T02:25:27.996-0800] {dag.py:4180} INFO - Setting next_dagrun for read_dataset_event to 2024-12-21 00:00:00+00:00, run_after=2024-12-22 00:00:00+00:00
[2024-12-22T02:25:28.000-0800] {logging_mixin.py:190} INFO - [2024-12-22T02:25:28.000-0800] {dag.py:4180} INFO - Setting next_dagrun for read_dataset_event_from_classic to 2024-12-21 00:00:00+00:00, run_after=2024-12-22 00:00:00+00:00
[2024-12-22T02:25:28.015-0800] {processor.py:208} INFO - Processing /Users/rishukhurana/anaconda3/lib/python3.11/site-packages/airflow/example_dags/example_inlet_event_extra.py took 0.636 seconds
[2024-12-22T02:28:55.852-0800] {processor.py:186} INFO - Started process (PID=438) to work on /Users/rishukhurana/anaconda3/lib/python3.11/site-packages/airflow/example_dags/example_inlet_event_extra.py
[2024-12-22T02:28:55.855-0800] {processor.py:914} INFO - Processing file /Users/rishukhurana/anaconda3/lib/python3.11/site-packages/airflow/example_dags/example_inlet_event_extra.py for tasks to queue
[2024-12-22T02:28:55.856-0800] {logging_mixin.py:190} INFO - [2024-12-22T02:28:55.856-0800] {dagbag.py:588} INFO - Filling up the DagBag from /Users/rishukhurana/anaconda3/lib/python3.11/site-packages/airflow/example_dags/example_inlet_event_extra.py
[2024-12-22T02:28:56.581-0800] {processor.py:925} INFO - DAG(s) 'read_dataset_event_from_classic', 'read_dataset_event' retrieved from /Users/rishukhurana/anaconda3/lib/python3.11/site-packages/airflow/example_dags/example_inlet_event_extra.py
[2024-12-22T02:28:56.668-0800] {logging_mixin.py:190} INFO - [2024-12-22T02:28:56.667-0800] {dag.py:3239} INFO - Sync 2 DAGs
[2024-12-22T02:28:56.685-0800] {logging_mixin.py:190} INFO - [2024-12-22T02:28:56.685-0800] {dag.py:4180} INFO - Setting next_dagrun for read_dataset_event to 2024-12-21 00:00:00+00:00, run_after=2024-12-22 00:00:00+00:00
[2024-12-22T02:28:56.689-0800] {logging_mixin.py:190} INFO - [2024-12-22T02:28:56.689-0800] {dag.py:4180} INFO - Setting next_dagrun for read_dataset_event_from_classic to 2024-12-21 00:00:00+00:00, run_after=2024-12-22 00:00:00+00:00
[2024-12-22T02:28:56.705-0800] {processor.py:208} INFO - Processing /Users/rishukhurana/anaconda3/lib/python3.11/site-packages/airflow/example_dags/example_inlet_event_extra.py took 0.862 seconds
[2024-12-22T02:32:16.114-0800] {processor.py:186} INFO - Started process (PID=663) to work on /Users/rishukhurana/anaconda3/lib/python3.11/site-packages/airflow/example_dags/example_inlet_event_extra.py
[2024-12-22T02:32:16.116-0800] {processor.py:914} INFO - Processing file /Users/rishukhurana/anaconda3/lib/python3.11/site-packages/airflow/example_dags/example_inlet_event_extra.py for tasks to queue
[2024-12-22T02:32:16.117-0800] {logging_mixin.py:190} INFO - [2024-12-22T02:32:16.117-0800] {dagbag.py:588} INFO - Filling up the DagBag from /Users/rishukhurana/anaconda3/lib/python3.11/site-packages/airflow/example_dags/example_inlet_event_extra.py
[2024-12-22T02:32:16.929-0800] {processor.py:925} INFO - DAG(s) 'read_dataset_event_from_classic', 'read_dataset_event' retrieved from /Users/rishukhurana/anaconda3/lib/python3.11/site-packages/airflow/example_dags/example_inlet_event_extra.py
[2024-12-22T02:32:17.053-0800] {logging_mixin.py:190} INFO - [2024-12-22T02:32:17.053-0800] {dag.py:3239} INFO - Sync 2 DAGs
[2024-12-22T02:32:17.081-0800] {logging_mixin.py:190} INFO - [2024-12-22T02:32:17.080-0800] {dag.py:4180} INFO - Setting next_dagrun for read_dataset_event to 2024-12-21 00:00:00+00:00, run_after=2024-12-22 00:00:00+00:00
[2024-12-22T02:32:17.088-0800] {logging_mixin.py:190} INFO - [2024-12-22T02:32:17.088-0800] {dag.py:4180} INFO - Setting next_dagrun for read_dataset_event_from_classic to 2024-12-21 00:00:00+00:00, run_after=2024-12-22 00:00:00+00:00
[2024-12-22T02:32:17.104-0800] {processor.py:208} INFO - Processing /Users/rishukhurana/anaconda3/lib/python3.11/site-packages/airflow/example_dags/example_inlet_event_extra.py took 0.998 seconds
[2024-12-22T02:35:27.967-0800] {processor.py:186} INFO - Started process (PID=832) to work on /Users/rishukhurana/anaconda3/lib/python3.11/site-packages/airflow/example_dags/example_inlet_event_extra.py
[2024-12-22T02:35:27.969-0800] {processor.py:914} INFO - Processing file /Users/rishukhurana/anaconda3/lib/python3.11/site-packages/airflow/example_dags/example_inlet_event_extra.py for tasks to queue
[2024-12-22T02:35:27.971-0800] {logging_mixin.py:190} INFO - [2024-12-22T02:35:27.971-0800] {dagbag.py:588} INFO - Filling up the DagBag from /Users/rishukhurana/anaconda3/lib/python3.11/site-packages/airflow/example_dags/example_inlet_event_extra.py
[2024-12-22T02:35:28.586-0800] {processor.py:925} INFO - DAG(s) 'read_dataset_event_from_classic', 'read_dataset_event' retrieved from /Users/rishukhurana/anaconda3/lib/python3.11/site-packages/airflow/example_dags/example_inlet_event_extra.py
[2024-12-22T02:35:28.688-0800] {logging_mixin.py:190} INFO - [2024-12-22T02:35:28.688-0800] {dag.py:3239} INFO - Sync 2 DAGs
[2024-12-22T02:35:28.708-0800] {logging_mixin.py:190} INFO - [2024-12-22T02:35:28.707-0800] {dag.py:4180} INFO - Setting next_dagrun for read_dataset_event to 2024-12-21 00:00:00+00:00, run_after=2024-12-22 00:00:00+00:00
[2024-12-22T02:35:28.713-0800] {logging_mixin.py:190} INFO - [2024-12-22T02:35:28.713-0800] {dag.py:4180} INFO - Setting next_dagrun for read_dataset_event_from_classic to 2024-12-21 00:00:00+00:00, run_after=2024-12-22 00:00:00+00:00
[2024-12-22T02:35:28.729-0800] {processor.py:208} INFO - Processing /Users/rishukhurana/anaconda3/lib/python3.11/site-packages/airflow/example_dags/example_inlet_event_extra.py took 0.769 seconds
[2024-12-22T02:38:45.586-0800] {processor.py:186} INFO - Started process (PID=1035) to work on /Users/rishukhurana/anaconda3/lib/python3.11/site-packages/airflow/example_dags/example_inlet_event_extra.py
[2024-12-22T02:38:45.588-0800] {processor.py:914} INFO - Processing file /Users/rishukhurana/anaconda3/lib/python3.11/site-packages/airflow/example_dags/example_inlet_event_extra.py for tasks to queue
[2024-12-22T02:38:45.589-0800] {logging_mixin.py:190} INFO - [2024-12-22T02:38:45.589-0800] {dagbag.py:588} INFO - Filling up the DagBag from /Users/rishukhurana/anaconda3/lib/python3.11/site-packages/airflow/example_dags/example_inlet_event_extra.py
[2024-12-22T02:38:46.300-0800] {processor.py:925} INFO - DAG(s) 'read_dataset_event', 'read_dataset_event_from_classic' retrieved from /Users/rishukhurana/anaconda3/lib/python3.11/site-packages/airflow/example_dags/example_inlet_event_extra.py
[2024-12-22T02:38:46.384-0800] {logging_mixin.py:190} INFO - [2024-12-22T02:38:46.383-0800] {dag.py:3239} INFO - Sync 2 DAGs
[2024-12-22T02:38:46.402-0800] {logging_mixin.py:190} INFO - [2024-12-22T02:38:46.401-0800] {dag.py:4180} INFO - Setting next_dagrun for read_dataset_event to 2024-12-21 00:00:00+00:00, run_after=2024-12-22 00:00:00+00:00
[2024-12-22T02:38:46.405-0800] {logging_mixin.py:190} INFO - [2024-12-22T02:38:46.405-0800] {dag.py:4180} INFO - Setting next_dagrun for read_dataset_event_from_classic to 2024-12-21 00:00:00+00:00, run_after=2024-12-22 00:00:00+00:00
[2024-12-22T02:38:46.420-0800] {processor.py:208} INFO - Processing /Users/rishukhurana/anaconda3/lib/python3.11/site-packages/airflow/example_dags/example_inlet_event_extra.py took 0.843 seconds
[2024-12-22T02:41:56.546-0800] {processor.py:186} INFO - Started process (PID=1298) to work on /Users/rishukhurana/anaconda3/lib/python3.11/site-packages/airflow/example_dags/example_inlet_event_extra.py
[2024-12-22T02:41:56.549-0800] {processor.py:914} INFO - Processing file /Users/rishukhurana/anaconda3/lib/python3.11/site-packages/airflow/example_dags/example_inlet_event_extra.py for tasks to queue
[2024-12-22T02:41:56.550-0800] {logging_mixin.py:190} INFO - [2024-12-22T02:41:56.550-0800] {dagbag.py:588} INFO - Filling up the DagBag from /Users/rishukhurana/anaconda3/lib/python3.11/site-packages/airflow/example_dags/example_inlet_event_extra.py
[2024-12-22T02:41:57.245-0800] {processor.py:925} INFO - DAG(s) 'read_dataset_event', 'read_dataset_event_from_classic' retrieved from /Users/rishukhurana/anaconda3/lib/python3.11/site-packages/airflow/example_dags/example_inlet_event_extra.py
[2024-12-22T02:41:57.376-0800] {logging_mixin.py:190} INFO - [2024-12-22T02:41:57.376-0800] {dag.py:3239} INFO - Sync 2 DAGs
[2024-12-22T02:41:57.396-0800] {logging_mixin.py:190} INFO - [2024-12-22T02:41:57.396-0800] {dag.py:4180} INFO - Setting next_dagrun for read_dataset_event to 2024-12-21 00:00:00+00:00, run_after=2024-12-22 00:00:00+00:00
[2024-12-22T02:41:57.400-0800] {logging_mixin.py:190} INFO - [2024-12-22T02:41:57.400-0800] {dag.py:4180} INFO - Setting next_dagrun for read_dataset_event_from_classic to 2024-12-21 00:00:00+00:00, run_after=2024-12-22 00:00:00+00:00
[2024-12-22T02:41:57.415-0800] {processor.py:208} INFO - Processing /Users/rishukhurana/anaconda3/lib/python3.11/site-packages/airflow/example_dags/example_inlet_event_extra.py took 0.874 seconds
[2024-12-22T02:45:04.909-0800] {processor.py:186} INFO - Started process (PID=1488) to work on /Users/rishukhurana/anaconda3/lib/python3.11/site-packages/airflow/example_dags/example_inlet_event_extra.py
[2024-12-22T02:45:04.911-0800] {processor.py:914} INFO - Processing file /Users/rishukhurana/anaconda3/lib/python3.11/site-packages/airflow/example_dags/example_inlet_event_extra.py for tasks to queue
[2024-12-22T02:45:04.912-0800] {logging_mixin.py:190} INFO - [2024-12-22T02:45:04.912-0800] {dagbag.py:588} INFO - Filling up the DagBag from /Users/rishukhurana/anaconda3/lib/python3.11/site-packages/airflow/example_dags/example_inlet_event_extra.py
[2024-12-22T02:45:05.675-0800] {processor.py:925} INFO - DAG(s) 'read_dataset_event_from_classic', 'read_dataset_event' retrieved from /Users/rishukhurana/anaconda3/lib/python3.11/site-packages/airflow/example_dags/example_inlet_event_extra.py
[2024-12-22T02:45:05.803-0800] {logging_mixin.py:190} INFO - [2024-12-22T02:45:05.803-0800] {dag.py:3239} INFO - Sync 2 DAGs
[2024-12-22T02:45:05.827-0800] {logging_mixin.py:190} INFO - [2024-12-22T02:45:05.826-0800] {dag.py:4180} INFO - Setting next_dagrun for read_dataset_event to 2024-12-21 00:00:00+00:00, run_after=2024-12-22 00:00:00+00:00
[2024-12-22T02:45:05.832-0800] {logging_mixin.py:190} INFO - [2024-12-22T02:45:05.831-0800] {dag.py:4180} INFO - Setting next_dagrun for read_dataset_event_from_classic to 2024-12-21 00:00:00+00:00, run_after=2024-12-22 00:00:00+00:00
[2024-12-22T02:45:05.854-0800] {processor.py:208} INFO - Processing /Users/rishukhurana/anaconda3/lib/python3.11/site-packages/airflow/example_dags/example_inlet_event_extra.py took 0.951 seconds
[2024-12-22T02:48:21.797-0800] {processor.py:186} INFO - Started process (PID=1741) to work on /Users/rishukhurana/anaconda3/lib/python3.11/site-packages/airflow/example_dags/example_inlet_event_extra.py
[2024-12-22T02:48:21.800-0800] {processor.py:914} INFO - Processing file /Users/rishukhurana/anaconda3/lib/python3.11/site-packages/airflow/example_dags/example_inlet_event_extra.py for tasks to queue
[2024-12-22T02:48:21.802-0800] {logging_mixin.py:190} INFO - [2024-12-22T02:48:21.802-0800] {dagbag.py:588} INFO - Filling up the DagBag from /Users/rishukhurana/anaconda3/lib/python3.11/site-packages/airflow/example_dags/example_inlet_event_extra.py
[2024-12-22T02:48:22.278-0800] {processor.py:925} INFO - DAG(s) 'read_dataset_event', 'read_dataset_event_from_classic' retrieved from /Users/rishukhurana/anaconda3/lib/python3.11/site-packages/airflow/example_dags/example_inlet_event_extra.py
[2024-12-22T02:48:22.363-0800] {logging_mixin.py:190} INFO - [2024-12-22T02:48:22.362-0800] {dag.py:3239} INFO - Sync 2 DAGs
[2024-12-22T02:48:22.380-0800] {logging_mixin.py:190} INFO - [2024-12-22T02:48:22.380-0800] {dag.py:4180} INFO - Setting next_dagrun for read_dataset_event to 2024-12-21 00:00:00+00:00, run_after=2024-12-22 00:00:00+00:00
[2024-12-22T02:48:22.385-0800] {logging_mixin.py:190} INFO - [2024-12-22T02:48:22.385-0800] {dag.py:4180} INFO - Setting next_dagrun for read_dataset_event_from_classic to 2024-12-21 00:00:00+00:00, run_after=2024-12-22 00:00:00+00:00
[2024-12-22T02:48:22.401-0800] {processor.py:208} INFO - Processing /Users/rishukhurana/anaconda3/lib/python3.11/site-packages/airflow/example_dags/example_inlet_event_extra.py took 0.611 seconds
[2024-12-22T02:51:35.045-0800] {processor.py:186} INFO - Started process (PID=1893) to work on /Users/rishukhurana/anaconda3/lib/python3.11/site-packages/airflow/example_dags/example_inlet_event_extra.py
[2024-12-22T02:51:35.047-0800] {processor.py:914} INFO - Processing file /Users/rishukhurana/anaconda3/lib/python3.11/site-packages/airflow/example_dags/example_inlet_event_extra.py for tasks to queue
[2024-12-22T02:51:35.049-0800] {logging_mixin.py:190} INFO - [2024-12-22T02:51:35.049-0800] {dagbag.py:588} INFO - Filling up the DagBag from /Users/rishukhurana/anaconda3/lib/python3.11/site-packages/airflow/example_dags/example_inlet_event_extra.py
[2024-12-22T02:51:35.941-0800] {processor.py:925} INFO - DAG(s) 'read_dataset_event', 'read_dataset_event_from_classic' retrieved from /Users/rishukhurana/anaconda3/lib/python3.11/site-packages/airflow/example_dags/example_inlet_event_extra.py
[2024-12-22T02:51:36.035-0800] {logging_mixin.py:190} INFO - [2024-12-22T02:51:36.035-0800] {dag.py:3239} INFO - Sync 2 DAGs
[2024-12-22T02:51:36.056-0800] {logging_mixin.py:190} INFO - [2024-12-22T02:51:36.055-0800] {dag.py:4180} INFO - Setting next_dagrun for read_dataset_event to 2024-12-21 00:00:00+00:00, run_after=2024-12-22 00:00:00+00:00
[2024-12-22T02:51:36.060-0800] {logging_mixin.py:190} INFO - [2024-12-22T02:51:36.060-0800] {dag.py:4180} INFO - Setting next_dagrun for read_dataset_event_from_classic to 2024-12-21 00:00:00+00:00, run_after=2024-12-22 00:00:00+00:00
[2024-12-22T02:51:36.075-0800] {processor.py:208} INFO - Processing /Users/rishukhurana/anaconda3/lib/python3.11/site-packages/airflow/example_dags/example_inlet_event_extra.py took 1.040 seconds
[2024-12-22T02:54:44.530-0800] {processor.py:186} INFO - Started process (PID=2049) to work on /Users/rishukhurana/anaconda3/lib/python3.11/site-packages/airflow/example_dags/example_inlet_event_extra.py
[2024-12-22T02:54:44.532-0800] {processor.py:914} INFO - Processing file /Users/rishukhurana/anaconda3/lib/python3.11/site-packages/airflow/example_dags/example_inlet_event_extra.py for tasks to queue
[2024-12-22T02:54:44.535-0800] {logging_mixin.py:190} INFO - [2024-12-22T02:54:44.534-0800] {dagbag.py:588} INFO - Filling up the DagBag from /Users/rishukhurana/anaconda3/lib/python3.11/site-packages/airflow/example_dags/example_inlet_event_extra.py
[2024-12-22T02:54:45.219-0800] {processor.py:925} INFO - DAG(s) 'read_dataset_event_from_classic', 'read_dataset_event' retrieved from /Users/rishukhurana/anaconda3/lib/python3.11/site-packages/airflow/example_dags/example_inlet_event_extra.py
[2024-12-22T02:54:45.309-0800] {logging_mixin.py:190} INFO - [2024-12-22T02:54:45.309-0800] {dag.py:3239} INFO - Sync 2 DAGs
[2024-12-22T02:54:45.325-0800] {logging_mixin.py:190} INFO - [2024-12-22T02:54:45.325-0800] {dag.py:4180} INFO - Setting next_dagrun for read_dataset_event to 2024-12-21 00:00:00+00:00, run_after=2024-12-22 00:00:00+00:00
[2024-12-22T02:54:45.329-0800] {logging_mixin.py:190} INFO - [2024-12-22T02:54:45.329-0800] {dag.py:4180} INFO - Setting next_dagrun for read_dataset_event_from_classic to 2024-12-21 00:00:00+00:00, run_after=2024-12-22 00:00:00+00:00
[2024-12-22T02:54:45.343-0800] {processor.py:208} INFO - Processing /Users/rishukhurana/anaconda3/lib/python3.11/site-packages/airflow/example_dags/example_inlet_event_extra.py took 0.822 seconds
[2024-12-22T03:01:04.435-0800] {processor.py:186} INFO - Started process (PID=2402) to work on /Users/rishukhurana/anaconda3/lib/python3.11/site-packages/airflow/example_dags/example_inlet_event_extra.py
[2024-12-22T03:01:04.438-0800] {processor.py:914} INFO - Processing file /Users/rishukhurana/anaconda3/lib/python3.11/site-packages/airflow/example_dags/example_inlet_event_extra.py for tasks to queue
[2024-12-22T03:01:04.439-0800] {logging_mixin.py:190} INFO - [2024-12-22T03:01:04.439-0800] {dagbag.py:588} INFO - Filling up the DagBag from /Users/rishukhurana/anaconda3/lib/python3.11/site-packages/airflow/example_dags/example_inlet_event_extra.py
[2024-12-22T03:01:05.120-0800] {processor.py:925} INFO - DAG(s) 'read_dataset_event_from_classic', 'read_dataset_event' retrieved from /Users/rishukhurana/anaconda3/lib/python3.11/site-packages/airflow/example_dags/example_inlet_event_extra.py
[2024-12-22T03:01:05.212-0800] {logging_mixin.py:190} INFO - [2024-12-22T03:01:05.212-0800] {dag.py:3239} INFO - Sync 2 DAGs
[2024-12-22T03:01:05.231-0800] {logging_mixin.py:190} INFO - [2024-12-22T03:01:05.230-0800] {dag.py:4180} INFO - Setting next_dagrun for read_dataset_event to 2024-12-21 00:00:00+00:00, run_after=2024-12-22 00:00:00+00:00
[2024-12-22T03:01:05.235-0800] {logging_mixin.py:190} INFO - [2024-12-22T03:01:05.234-0800] {dag.py:4180} INFO - Setting next_dagrun for read_dataset_event_from_classic to 2024-12-21 00:00:00+00:00, run_after=2024-12-22 00:00:00+00:00
[2024-12-22T03:01:05.249-0800] {processor.py:208} INFO - Processing /Users/rishukhurana/anaconda3/lib/python3.11/site-packages/airflow/example_dags/example_inlet_event_extra.py took 0.823 seconds
[2024-12-22T03:04:15.443-0800] {processor.py:186} INFO - Started process (PID=2566) to work on /Users/rishukhurana/anaconda3/lib/python3.11/site-packages/airflow/example_dags/example_inlet_event_extra.py
[2024-12-22T03:04:15.445-0800] {processor.py:914} INFO - Processing file /Users/rishukhurana/anaconda3/lib/python3.11/site-packages/airflow/example_dags/example_inlet_event_extra.py for tasks to queue
[2024-12-22T03:04:15.447-0800] {logging_mixin.py:190} INFO - [2024-12-22T03:04:15.447-0800] {dagbag.py:588} INFO - Filling up the DagBag from /Users/rishukhurana/anaconda3/lib/python3.11/site-packages/airflow/example_dags/example_inlet_event_extra.py
[2024-12-22T03:04:16.141-0800] {processor.py:925} INFO - DAG(s) 'read_dataset_event_from_classic', 'read_dataset_event' retrieved from /Users/rishukhurana/anaconda3/lib/python3.11/site-packages/airflow/example_dags/example_inlet_event_extra.py
[2024-12-22T03:04:16.222-0800] {logging_mixin.py:190} INFO - [2024-12-22T03:04:16.222-0800] {dag.py:3239} INFO - Sync 2 DAGs
[2024-12-22T03:04:16.239-0800] {logging_mixin.py:190} INFO - [2024-12-22T03:04:16.239-0800] {dag.py:4180} INFO - Setting next_dagrun for read_dataset_event to 2024-12-21 00:00:00+00:00, run_after=2024-12-22 00:00:00+00:00
[2024-12-22T03:04:16.242-0800] {logging_mixin.py:190} INFO - [2024-12-22T03:04:16.242-0800] {dag.py:4180} INFO - Setting next_dagrun for read_dataset_event_from_classic to 2024-12-21 00:00:00+00:00, run_after=2024-12-22 00:00:00+00:00
[2024-12-22T03:04:16.256-0800] {processor.py:208} INFO - Processing /Users/rishukhurana/anaconda3/lib/python3.11/site-packages/airflow/example_dags/example_inlet_event_extra.py took 0.821 seconds
[2024-12-22T03:07:26.899-0800] {processor.py:186} INFO - Started process (PID=2713) to work on /Users/rishukhurana/anaconda3/lib/python3.11/site-packages/airflow/example_dags/example_inlet_event_extra.py
[2024-12-22T03:07:26.901-0800] {processor.py:914} INFO - Processing file /Users/rishukhurana/anaconda3/lib/python3.11/site-packages/airflow/example_dags/example_inlet_event_extra.py for tasks to queue
[2024-12-22T03:07:26.903-0800] {logging_mixin.py:190} INFO - [2024-12-22T03:07:26.902-0800] {dagbag.py:588} INFO - Filling up the DagBag from /Users/rishukhurana/anaconda3/lib/python3.11/site-packages/airflow/example_dags/example_inlet_event_extra.py
[2024-12-22T03:07:27.588-0800] {processor.py:925} INFO - DAG(s) 'read_dataset_event_from_classic', 'read_dataset_event' retrieved from /Users/rishukhurana/anaconda3/lib/python3.11/site-packages/airflow/example_dags/example_inlet_event_extra.py
[2024-12-22T03:07:27.675-0800] {logging_mixin.py:190} INFO - [2024-12-22T03:07:27.674-0800] {dag.py:3239} INFO - Sync 2 DAGs
[2024-12-22T03:07:27.693-0800] {logging_mixin.py:190} INFO - [2024-12-22T03:07:27.692-0800] {dag.py:4180} INFO - Setting next_dagrun for read_dataset_event to 2024-12-21 00:00:00+00:00, run_after=2024-12-22 00:00:00+00:00
[2024-12-22T03:07:27.697-0800] {logging_mixin.py:190} INFO - [2024-12-22T03:07:27.697-0800] {dag.py:4180} INFO - Setting next_dagrun for read_dataset_event_from_classic to 2024-12-21 00:00:00+00:00, run_after=2024-12-22 00:00:00+00:00
[2024-12-22T03:07:27.713-0800] {processor.py:208} INFO - Processing /Users/rishukhurana/anaconda3/lib/python3.11/site-packages/airflow/example_dags/example_inlet_event_extra.py took 0.818 seconds
[2024-12-22T03:10:45.295-0800] {processor.py:186} INFO - Started process (PID=2962) to work on /Users/rishukhurana/anaconda3/lib/python3.11/site-packages/airflow/example_dags/example_inlet_event_extra.py
[2024-12-22T03:10:45.298-0800] {processor.py:914} INFO - Processing file /Users/rishukhurana/anaconda3/lib/python3.11/site-packages/airflow/example_dags/example_inlet_event_extra.py for tasks to queue
[2024-12-22T03:10:45.299-0800] {logging_mixin.py:190} INFO - [2024-12-22T03:10:45.299-0800] {dagbag.py:588} INFO - Filling up the DagBag from /Users/rishukhurana/anaconda3/lib/python3.11/site-packages/airflow/example_dags/example_inlet_event_extra.py
[2024-12-22T03:10:46.054-0800] {processor.py:925} INFO - DAG(s) 'read_dataset_event_from_classic', 'read_dataset_event' retrieved from /Users/rishukhurana/anaconda3/lib/python3.11/site-packages/airflow/example_dags/example_inlet_event_extra.py
[2024-12-22T03:10:46.140-0800] {logging_mixin.py:190} INFO - [2024-12-22T03:10:46.140-0800] {dag.py:3239} INFO - Sync 2 DAGs
[2024-12-22T03:10:46.158-0800] {logging_mixin.py:190} INFO - [2024-12-22T03:10:46.158-0800] {dag.py:4180} INFO - Setting next_dagrun for read_dataset_event to 2024-12-21 00:00:00+00:00, run_after=2024-12-22 00:00:00+00:00
[2024-12-22T03:10:46.161-0800] {logging_mixin.py:190} INFO - [2024-12-22T03:10:46.161-0800] {dag.py:4180} INFO - Setting next_dagrun for read_dataset_event_from_classic to 2024-12-21 00:00:00+00:00, run_after=2024-12-22 00:00:00+00:00
[2024-12-22T03:10:46.177-0800] {processor.py:208} INFO - Processing /Users/rishukhurana/anaconda3/lib/python3.11/site-packages/airflow/example_dags/example_inlet_event_extra.py took 0.889 seconds
[2024-12-22T03:13:56.631-0800] {processor.py:186} INFO - Started process (PID=3128) to work on /Users/rishukhurana/anaconda3/lib/python3.11/site-packages/airflow/example_dags/example_inlet_event_extra.py
[2024-12-22T03:13:56.634-0800] {processor.py:914} INFO - Processing file /Users/rishukhurana/anaconda3/lib/python3.11/site-packages/airflow/example_dags/example_inlet_event_extra.py for tasks to queue
[2024-12-22T03:13:56.636-0800] {logging_mixin.py:190} INFO - [2024-12-22T03:13:56.635-0800] {dagbag.py:588} INFO - Filling up the DagBag from /Users/rishukhurana/anaconda3/lib/python3.11/site-packages/airflow/example_dags/example_inlet_event_extra.py
[2024-12-22T03:13:57.308-0800] {processor.py:925} INFO - DAG(s) 'read_dataset_event', 'read_dataset_event_from_classic' retrieved from /Users/rishukhurana/anaconda3/lib/python3.11/site-packages/airflow/example_dags/example_inlet_event_extra.py
[2024-12-22T03:13:57.393-0800] {logging_mixin.py:190} INFO - [2024-12-22T03:13:57.392-0800] {dag.py:3239} INFO - Sync 2 DAGs
[2024-12-22T03:13:57.410-0800] {logging_mixin.py:190} INFO - [2024-12-22T03:13:57.410-0800] {dag.py:4180} INFO - Setting next_dagrun for read_dataset_event to 2024-12-21 00:00:00+00:00, run_after=2024-12-22 00:00:00+00:00
[2024-12-22T03:13:57.415-0800] {logging_mixin.py:190} INFO - [2024-12-22T03:13:57.414-0800] {dag.py:4180} INFO - Setting next_dagrun for read_dataset_event_from_classic to 2024-12-21 00:00:00+00:00, run_after=2024-12-22 00:00:00+00:00
[2024-12-22T03:13:57.429-0800] {processor.py:208} INFO - Processing /Users/rishukhurana/anaconda3/lib/python3.11/site-packages/airflow/example_dags/example_inlet_event_extra.py took 0.807 seconds
[2024-12-22T03:17:06.359-0800] {processor.py:186} INFO - Started process (PID=3284) to work on /Users/rishukhurana/anaconda3/lib/python3.11/site-packages/airflow/example_dags/example_inlet_event_extra.py
[2024-12-22T03:17:06.362-0800] {processor.py:914} INFO - Processing file /Users/rishukhurana/anaconda3/lib/python3.11/site-packages/airflow/example_dags/example_inlet_event_extra.py for tasks to queue
[2024-12-22T03:17:06.363-0800] {logging_mixin.py:190} INFO - [2024-12-22T03:17:06.363-0800] {dagbag.py:588} INFO - Filling up the DagBag from /Users/rishukhurana/anaconda3/lib/python3.11/site-packages/airflow/example_dags/example_inlet_event_extra.py
[2024-12-22T03:17:06.871-0800] {processor.py:925} INFO - DAG(s) 'read_dataset_event', 'read_dataset_event_from_classic' retrieved from /Users/rishukhurana/anaconda3/lib/python3.11/site-packages/airflow/example_dags/example_inlet_event_extra.py
[2024-12-22T03:17:06.960-0800] {logging_mixin.py:190} INFO - [2024-12-22T03:17:06.960-0800] {dag.py:3239} INFO - Sync 2 DAGs
[2024-12-22T03:17:06.978-0800] {logging_mixin.py:190} INFO - [2024-12-22T03:17:06.977-0800] {dag.py:4180} INFO - Setting next_dagrun for read_dataset_event to 2024-12-21 00:00:00+00:00, run_after=2024-12-22 00:00:00+00:00
[2024-12-22T03:17:06.981-0800] {logging_mixin.py:190} INFO - [2024-12-22T03:17:06.981-0800] {dag.py:4180} INFO - Setting next_dagrun for read_dataset_event_from_classic to 2024-12-21 00:00:00+00:00, run_after=2024-12-22 00:00:00+00:00
[2024-12-22T03:17:06.996-0800] {processor.py:208} INFO - Processing /Users/rishukhurana/anaconda3/lib/python3.11/site-packages/airflow/example_dags/example_inlet_event_extra.py took 0.642 seconds
[2024-12-22T03:20:17.821-0800] {processor.py:186} INFO - Started process (PID=3443) to work on /Users/rishukhurana/anaconda3/lib/python3.11/site-packages/airflow/example_dags/example_inlet_event_extra.py
[2024-12-22T03:20:17.822-0800] {processor.py:914} INFO - Processing file /Users/rishukhurana/anaconda3/lib/python3.11/site-packages/airflow/example_dags/example_inlet_event_extra.py for tasks to queue
[2024-12-22T03:20:17.824-0800] {logging_mixin.py:190} INFO - [2024-12-22T03:20:17.824-0800] {dagbag.py:588} INFO - Filling up the DagBag from /Users/rishukhurana/anaconda3/lib/python3.11/site-packages/airflow/example_dags/example_inlet_event_extra.py
[2024-12-22T03:20:18.469-0800] {processor.py:925} INFO - DAG(s) 'read_dataset_event', 'read_dataset_event_from_classic' retrieved from /Users/rishukhurana/anaconda3/lib/python3.11/site-packages/airflow/example_dags/example_inlet_event_extra.py
[2024-12-22T03:20:18.561-0800] {logging_mixin.py:190} INFO - [2024-12-22T03:20:18.561-0800] {dag.py:3239} INFO - Sync 2 DAGs
[2024-12-22T03:20:18.580-0800] {logging_mixin.py:190} INFO - [2024-12-22T03:20:18.579-0800] {dag.py:4180} INFO - Setting next_dagrun for read_dataset_event to 2024-12-21 00:00:00+00:00, run_after=2024-12-22 00:00:00+00:00
[2024-12-22T03:20:18.583-0800] {logging_mixin.py:190} INFO - [2024-12-22T03:20:18.583-0800] {dag.py:4180} INFO - Setting next_dagrun for read_dataset_event_from_classic to 2024-12-21 00:00:00+00:00, run_after=2024-12-22 00:00:00+00:00
[2024-12-22T03:20:18.600-0800] {processor.py:208} INFO - Processing /Users/rishukhurana/anaconda3/lib/python3.11/site-packages/airflow/example_dags/example_inlet_event_extra.py took 0.788 seconds
[2024-12-22T03:23:29.381-0800] {processor.py:186} INFO - Started process (PID=3624) to work on /Users/rishukhurana/anaconda3/lib/python3.11/site-packages/airflow/example_dags/example_inlet_event_extra.py
[2024-12-22T03:23:29.382-0800] {processor.py:914} INFO - Processing file /Users/rishukhurana/anaconda3/lib/python3.11/site-packages/airflow/example_dags/example_inlet_event_extra.py for tasks to queue
[2024-12-22T03:23:29.384-0800] {logging_mixin.py:190} INFO - [2024-12-22T03:23:29.384-0800] {dagbag.py:588} INFO - Filling up the DagBag from /Users/rishukhurana/anaconda3/lib/python3.11/site-packages/airflow/example_dags/example_inlet_event_extra.py
[2024-12-22T03:23:30.222-0800] {processor.py:925} INFO - DAG(s) 'read_dataset_event_from_classic', 'read_dataset_event' retrieved from /Users/rishukhurana/anaconda3/lib/python3.11/site-packages/airflow/example_dags/example_inlet_event_extra.py
[2024-12-22T03:23:30.312-0800] {logging_mixin.py:190} INFO - [2024-12-22T03:23:30.312-0800] {dag.py:3239} INFO - Sync 2 DAGs
[2024-12-22T03:23:30.333-0800] {logging_mixin.py:190} INFO - [2024-12-22T03:23:30.333-0800] {dag.py:4180} INFO - Setting next_dagrun for read_dataset_event to 2024-12-21 00:00:00+00:00, run_after=2024-12-22 00:00:00+00:00
[2024-12-22T03:23:30.337-0800] {logging_mixin.py:190} INFO - [2024-12-22T03:23:30.337-0800] {dag.py:4180} INFO - Setting next_dagrun for read_dataset_event_from_classic to 2024-12-21 00:00:00+00:00, run_after=2024-12-22 00:00:00+00:00
[2024-12-22T03:23:30.351-0800] {processor.py:208} INFO - Processing /Users/rishukhurana/anaconda3/lib/python3.11/site-packages/airflow/example_dags/example_inlet_event_extra.py took 0.976 seconds
