[2024-12-22T02:20:35.807-0800] {processor.py:186} INFO - Started process (PID=99889) to work on /Users/rishukhurana/anaconda3/lib/python3.11/site-packages/airflow/example_dags/example_dataset_alias.py
[2024-12-22T02:20:35.810-0800] {processor.py:914} INFO - Processing file /Users/rishukhurana/anaconda3/lib/python3.11/site-packages/airflow/example_dags/example_dataset_alias.py for tasks to queue
[2024-12-22T02:20:35.813-0800] {logging_mixin.py:190} INFO - [2024-12-22T02:20:35.812-0800] {dagbag.py:588} INFO - Filling up the DagBag from /Users/rishukhurana/anaconda3/lib/python3.11/site-packages/airflow/example_dags/example_dataset_alias.py
[2024-12-22T02:20:37.123-0800] {processor.py:925} INFO - DAG(s) 'dataset_alias_example_alias_consumer', 'dataset_s3_bucket_producer', 'dataset_s3_bucket_consumer', 'dataset_alias_example_alias_producer' retrieved from /Users/rishukhurana/anaconda3/lib/python3.11/site-packages/airflow/example_dags/example_dataset_alias.py
[2024-12-22T02:20:37.188-0800] {logging_mixin.py:190} INFO - [2024-12-22T02:20:37.187-0800] {dag.py:3239} INFO - Sync 4 DAGs
[2024-12-22T02:20:37.227-0800] {logging_mixin.py:190} INFO - [2024-12-22T02:20:37.227-0800] {dag.py:4180} INFO - Setting next_dagrun for dataset_alias_example_alias_consumer to None, run_after=None
[2024-12-22T02:20:37.232-0800] {logging_mixin.py:190} INFO - [2024-12-22T02:20:37.232-0800] {dag.py:4180} INFO - Setting next_dagrun for dataset_alias_example_alias_producer to None, run_after=None
[2024-12-22T02:20:37.235-0800] {logging_mixin.py:190} INFO - [2024-12-22T02:20:37.235-0800] {dag.py:4180} INFO - Setting next_dagrun for dataset_s3_bucket_consumer to None, run_after=None
[2024-12-22T02:20:37.237-0800] {logging_mixin.py:190} INFO - [2024-12-22T02:20:37.237-0800] {dag.py:4180} INFO - Setting next_dagrun for dataset_s3_bucket_producer to None, run_after=None
[2024-12-22T02:20:37.282-0800] {processor.py:208} INFO - Processing /Users/rishukhurana/anaconda3/lib/python3.11/site-packages/airflow/example_dags/example_dataset_alias.py took 1.491 seconds
[2024-12-22T02:25:54.596-0800] {processor.py:186} INFO - Started process (PID=240) to work on /Users/rishukhurana/anaconda3/lib/python3.11/site-packages/airflow/example_dags/example_dataset_alias.py
[2024-12-22T02:25:54.597-0800] {processor.py:914} INFO - Processing file /Users/rishukhurana/anaconda3/lib/python3.11/site-packages/airflow/example_dags/example_dataset_alias.py for tasks to queue
[2024-12-22T02:25:54.599-0800] {logging_mixin.py:190} INFO - [2024-12-22T02:25:54.598-0800] {dagbag.py:588} INFO - Filling up the DagBag from /Users/rishukhurana/anaconda3/lib/python3.11/site-packages/airflow/example_dags/example_dataset_alias.py
[2024-12-22T02:25:55.162-0800] {processor.py:925} INFO - DAG(s) 'dataset_s3_bucket_producer', 'dataset_s3_bucket_consumer', 'dataset_alias_example_alias_consumer', 'dataset_alias_example_alias_producer' retrieved from /Users/rishukhurana/anaconda3/lib/python3.11/site-packages/airflow/example_dags/example_dataset_alias.py
[2024-12-22T02:25:55.183-0800] {logging_mixin.py:190} INFO - [2024-12-22T02:25:55.183-0800] {dag.py:3239} INFO - Sync 4 DAGs
[2024-12-22T02:25:55.198-0800] {logging_mixin.py:190} INFO - [2024-12-22T02:25:55.198-0800] {dag.py:4180} INFO - Setting next_dagrun for dataset_alias_example_alias_consumer to None, run_after=None
[2024-12-22T02:25:55.200-0800] {logging_mixin.py:190} INFO - [2024-12-22T02:25:55.200-0800] {dag.py:4180} INFO - Setting next_dagrun for dataset_alias_example_alias_producer to None, run_after=None
[2024-12-22T02:25:55.201-0800] {logging_mixin.py:190} INFO - [2024-12-22T02:25:55.201-0800] {dag.py:4180} INFO - Setting next_dagrun for dataset_s3_bucket_consumer to None, run_after=None
[2024-12-22T02:25:55.202-0800] {logging_mixin.py:190} INFO - [2024-12-22T02:25:55.202-0800] {dag.py:4180} INFO - Setting next_dagrun for dataset_s3_bucket_producer to None, run_after=None
[2024-12-22T02:25:55.220-0800] {processor.py:208} INFO - Processing /Users/rishukhurana/anaconda3/lib/python3.11/site-packages/airflow/example_dags/example_dataset_alias.py took 0.630 seconds
[2024-12-22T02:32:33.980-0800] {processor.py:186} INFO - Started process (PID=693) to work on /Users/rishukhurana/anaconda3/lib/python3.11/site-packages/airflow/example_dags/example_dataset_alias.py
[2024-12-22T02:32:33.982-0800] {processor.py:914} INFO - Processing file /Users/rishukhurana/anaconda3/lib/python3.11/site-packages/airflow/example_dags/example_dataset_alias.py for tasks to queue
[2024-12-22T02:32:33.984-0800] {logging_mixin.py:190} INFO - [2024-12-22T02:32:33.984-0800] {dagbag.py:588} INFO - Filling up the DagBag from /Users/rishukhurana/anaconda3/lib/python3.11/site-packages/airflow/example_dags/example_dataset_alias.py
[2024-12-22T02:32:34.593-0800] {processor.py:925} INFO - DAG(s) 'dataset_alias_example_alias_consumer', 'dataset_s3_bucket_producer', 'dataset_alias_example_alias_producer', 'dataset_s3_bucket_consumer' retrieved from /Users/rishukhurana/anaconda3/lib/python3.11/site-packages/airflow/example_dags/example_dataset_alias.py
[2024-12-22T02:32:34.615-0800] {logging_mixin.py:190} INFO - [2024-12-22T02:32:34.615-0800] {dag.py:3239} INFO - Sync 4 DAGs
[2024-12-22T02:32:34.633-0800] {logging_mixin.py:190} INFO - [2024-12-22T02:32:34.633-0800] {dag.py:4180} INFO - Setting next_dagrun for dataset_alias_example_alias_consumer to None, run_after=None
[2024-12-22T02:32:34.635-0800] {logging_mixin.py:190} INFO - [2024-12-22T02:32:34.635-0800] {dag.py:4180} INFO - Setting next_dagrun for dataset_alias_example_alias_producer to None, run_after=None
[2024-12-22T02:32:34.636-0800] {logging_mixin.py:190} INFO - [2024-12-22T02:32:34.636-0800] {dag.py:4180} INFO - Setting next_dagrun for dataset_s3_bucket_consumer to None, run_after=None
[2024-12-22T02:32:34.637-0800] {logging_mixin.py:190} INFO - [2024-12-22T02:32:34.637-0800] {dag.py:4180} INFO - Setting next_dagrun for dataset_s3_bucket_producer to None, run_after=None
[2024-12-22T02:32:34.655-0800] {processor.py:208} INFO - Processing /Users/rishukhurana/anaconda3/lib/python3.11/site-packages/airflow/example_dags/example_dataset_alias.py took 0.680 seconds
[2024-12-22T02:39:01.908-0800] {processor.py:186} INFO - Started process (PID=1065) to work on /Users/rishukhurana/anaconda3/lib/python3.11/site-packages/airflow/example_dags/example_dataset_alias.py
[2024-12-22T02:39:01.910-0800] {processor.py:914} INFO - Processing file /Users/rishukhurana/anaconda3/lib/python3.11/site-packages/airflow/example_dags/example_dataset_alias.py for tasks to queue
[2024-12-22T02:39:01.912-0800] {logging_mixin.py:190} INFO - [2024-12-22T02:39:01.912-0800] {dagbag.py:588} INFO - Filling up the DagBag from /Users/rishukhurana/anaconda3/lib/python3.11/site-packages/airflow/example_dags/example_dataset_alias.py
[2024-12-22T02:39:02.480-0800] {processor.py:925} INFO - DAG(s) 'dataset_alias_example_alias_consumer', 'dataset_s3_bucket_producer', 'dataset_s3_bucket_consumer', 'dataset_alias_example_alias_producer' retrieved from /Users/rishukhurana/anaconda3/lib/python3.11/site-packages/airflow/example_dags/example_dataset_alias.py
[2024-12-22T02:39:02.502-0800] {logging_mixin.py:190} INFO - [2024-12-22T02:39:02.502-0800] {dag.py:3239} INFO - Sync 4 DAGs
[2024-12-22T02:39:02.518-0800] {logging_mixin.py:190} INFO - [2024-12-22T02:39:02.518-0800] {dag.py:4180} INFO - Setting next_dagrun for dataset_alias_example_alias_consumer to None, run_after=None
[2024-12-22T02:39:02.520-0800] {logging_mixin.py:190} INFO - [2024-12-22T02:39:02.520-0800] {dag.py:4180} INFO - Setting next_dagrun for dataset_alias_example_alias_producer to None, run_after=None
[2024-12-22T02:39:02.521-0800] {logging_mixin.py:190} INFO - [2024-12-22T02:39:02.521-0800] {dag.py:4180} INFO - Setting next_dagrun for dataset_s3_bucket_consumer to None, run_after=None
[2024-12-22T02:39:02.522-0800] {logging_mixin.py:190} INFO - [2024-12-22T02:39:02.522-0800] {dag.py:4180} INFO - Setting next_dagrun for dataset_s3_bucket_producer to None, run_after=None
[2024-12-22T02:39:02.541-0800] {processor.py:208} INFO - Processing /Users/rishukhurana/anaconda3/lib/python3.11/site-packages/airflow/example_dags/example_dataset_alias.py took 0.641 seconds
[2024-12-22T02:45:22.794-0800] {processor.py:186} INFO - Started process (PID=1544) to work on /Users/rishukhurana/anaconda3/lib/python3.11/site-packages/airflow/example_dags/example_dataset_alias.py
[2024-12-22T02:45:22.797-0800] {processor.py:914} INFO - Processing file /Users/rishukhurana/anaconda3/lib/python3.11/site-packages/airflow/example_dags/example_dataset_alias.py for tasks to queue
[2024-12-22T02:45:22.799-0800] {logging_mixin.py:190} INFO - [2024-12-22T02:45:22.799-0800] {dagbag.py:588} INFO - Filling up the DagBag from /Users/rishukhurana/anaconda3/lib/python3.11/site-packages/airflow/example_dags/example_dataset_alias.py
[2024-12-22T02:45:23.630-0800] {processor.py:925} INFO - DAG(s) 'dataset_alias_example_alias_consumer', 'dataset_s3_bucket_producer', 'dataset_s3_bucket_consumer', 'dataset_alias_example_alias_producer' retrieved from /Users/rishukhurana/anaconda3/lib/python3.11/site-packages/airflow/example_dags/example_dataset_alias.py
[2024-12-22T02:45:23.662-0800] {logging_mixin.py:190} INFO - [2024-12-22T02:45:23.662-0800] {dag.py:3239} INFO - Sync 4 DAGs
[2024-12-22T02:45:23.682-0800] {logging_mixin.py:190} INFO - [2024-12-22T02:45:23.682-0800] {dag.py:4180} INFO - Setting next_dagrun for dataset_alias_example_alias_consumer to None, run_after=None
[2024-12-22T02:45:23.685-0800] {logging_mixin.py:190} INFO - [2024-12-22T02:45:23.684-0800] {dag.py:4180} INFO - Setting next_dagrun for dataset_alias_example_alias_producer to None, run_after=None
[2024-12-22T02:45:23.686-0800] {logging_mixin.py:190} INFO - [2024-12-22T02:45:23.686-0800] {dag.py:4180} INFO - Setting next_dagrun for dataset_s3_bucket_consumer to None, run_after=None
[2024-12-22T02:45:23.687-0800] {logging_mixin.py:190} INFO - [2024-12-22T02:45:23.687-0800] {dag.py:4180} INFO - Setting next_dagrun for dataset_s3_bucket_producer to None, run_after=None
[2024-12-22T02:45:23.718-0800] {processor.py:208} INFO - Processing /Users/rishukhurana/anaconda3/lib/python3.11/site-packages/airflow/example_dags/example_dataset_alias.py took 0.932 seconds
[2024-12-22T02:51:51.469-0800] {processor.py:186} INFO - Started process (PID=1906) to work on /Users/rishukhurana/anaconda3/lib/python3.11/site-packages/airflow/example_dags/example_dataset_alias.py
[2024-12-22T02:51:51.471-0800] {processor.py:914} INFO - Processing file /Users/rishukhurana/anaconda3/lib/python3.11/site-packages/airflow/example_dags/example_dataset_alias.py for tasks to queue
[2024-12-22T02:51:51.472-0800] {logging_mixin.py:190} INFO - [2024-12-22T02:51:51.472-0800] {dagbag.py:588} INFO - Filling up the DagBag from /Users/rishukhurana/anaconda3/lib/python3.11/site-packages/airflow/example_dags/example_dataset_alias.py
[2024-12-22T02:51:52.158-0800] {processor.py:925} INFO - DAG(s) 'dataset_s3_bucket_producer', 'dataset_s3_bucket_consumer', 'dataset_alias_example_alias_producer', 'dataset_alias_example_alias_consumer' retrieved from /Users/rishukhurana/anaconda3/lib/python3.11/site-packages/airflow/example_dags/example_dataset_alias.py
[2024-12-22T02:51:52.188-0800] {logging_mixin.py:190} INFO - [2024-12-22T02:51:52.188-0800] {dag.py:3239} INFO - Sync 4 DAGs
[2024-12-22T02:51:52.212-0800] {logging_mixin.py:190} INFO - [2024-12-22T02:51:52.211-0800] {dag.py:4180} INFO - Setting next_dagrun for dataset_alias_example_alias_consumer to None, run_after=None
[2024-12-22T02:51:52.214-0800] {logging_mixin.py:190} INFO - [2024-12-22T02:51:52.214-0800] {dag.py:4180} INFO - Setting next_dagrun for dataset_alias_example_alias_producer to None, run_after=None
[2024-12-22T02:51:52.216-0800] {logging_mixin.py:190} INFO - [2024-12-22T02:51:52.215-0800] {dag.py:4180} INFO - Setting next_dagrun for dataset_s3_bucket_consumer to None, run_after=None
[2024-12-22T02:51:52.217-0800] {logging_mixin.py:190} INFO - [2024-12-22T02:51:52.217-0800] {dag.py:4180} INFO - Setting next_dagrun for dataset_s3_bucket_producer to None, run_after=None
[2024-12-22T02:51:52.243-0800] {processor.py:208} INFO - Processing /Users/rishukhurana/anaconda3/lib/python3.11/site-packages/airflow/example_dags/example_dataset_alias.py took 0.779 seconds
[2024-12-22T02:58:01.292-0800] {processor.py:186} INFO - Started process (PID=2210) to work on /Users/rishukhurana/anaconda3/lib/python3.11/site-packages/airflow/example_dags/example_dataset_alias.py
[2024-12-22T02:58:01.293-0800] {processor.py:914} INFO - Processing file /Users/rishukhurana/anaconda3/lib/python3.11/site-packages/airflow/example_dags/example_dataset_alias.py for tasks to queue
[2024-12-22T02:58:01.295-0800] {logging_mixin.py:190} INFO - [2024-12-22T02:58:01.295-0800] {dagbag.py:588} INFO - Filling up the DagBag from /Users/rishukhurana/anaconda3/lib/python3.11/site-packages/airflow/example_dags/example_dataset_alias.py
[2024-12-22T02:58:01.944-0800] {processor.py:925} INFO - DAG(s) 'dataset_s3_bucket_consumer', 'dataset_s3_bucket_producer', 'dataset_alias_example_alias_consumer', 'dataset_alias_example_alias_producer' retrieved from /Users/rishukhurana/anaconda3/lib/python3.11/site-packages/airflow/example_dags/example_dataset_alias.py
[2024-12-22T02:58:01.964-0800] {logging_mixin.py:190} INFO - [2024-12-22T02:58:01.964-0800] {dag.py:3239} INFO - Sync 4 DAGs
[2024-12-22T02:58:01.979-0800] {logging_mixin.py:190} INFO - [2024-12-22T02:58:01.979-0800] {dag.py:4180} INFO - Setting next_dagrun for dataset_alias_example_alias_consumer to None, run_after=None
[2024-12-22T02:58:01.981-0800] {logging_mixin.py:190} INFO - [2024-12-22T02:58:01.981-0800] {dag.py:4180} INFO - Setting next_dagrun for dataset_alias_example_alias_producer to None, run_after=None
[2024-12-22T02:58:01.982-0800] {logging_mixin.py:190} INFO - [2024-12-22T02:58:01.982-0800] {dag.py:4180} INFO - Setting next_dagrun for dataset_s3_bucket_consumer to None, run_after=None
[2024-12-22T02:58:01.983-0800] {logging_mixin.py:190} INFO - [2024-12-22T02:58:01.983-0800] {dag.py:4180} INFO - Setting next_dagrun for dataset_s3_bucket_producer to None, run_after=None
[2024-12-22T02:58:02.001-0800] {processor.py:208} INFO - Processing /Users/rishukhurana/anaconda3/lib/python3.11/site-packages/airflow/example_dags/example_dataset_alias.py took 0.718 seconds
[2024-12-22T03:04:31.791-0800] {processor.py:186} INFO - Started process (PID=2578) to work on /Users/rishukhurana/anaconda3/lib/python3.11/site-packages/airflow/example_dags/example_dataset_alias.py
[2024-12-22T03:04:31.793-0800] {processor.py:914} INFO - Processing file /Users/rishukhurana/anaconda3/lib/python3.11/site-packages/airflow/example_dags/example_dataset_alias.py for tasks to queue
[2024-12-22T03:04:31.795-0800] {logging_mixin.py:190} INFO - [2024-12-22T03:04:31.794-0800] {dagbag.py:588} INFO - Filling up the DagBag from /Users/rishukhurana/anaconda3/lib/python3.11/site-packages/airflow/example_dags/example_dataset_alias.py
[2024-12-22T03:04:32.302-0800] {processor.py:925} INFO - DAG(s) 'dataset_s3_bucket_producer', 'dataset_s3_bucket_consumer', 'dataset_alias_example_alias_producer', 'dataset_alias_example_alias_consumer' retrieved from /Users/rishukhurana/anaconda3/lib/python3.11/site-packages/airflow/example_dags/example_dataset_alias.py
[2024-12-22T03:04:32.321-0800] {logging_mixin.py:190} INFO - [2024-12-22T03:04:32.321-0800] {dag.py:3239} INFO - Sync 4 DAGs
[2024-12-22T03:04:32.335-0800] {logging_mixin.py:190} INFO - [2024-12-22T03:04:32.335-0800] {dag.py:4180} INFO - Setting next_dagrun for dataset_alias_example_alias_consumer to None, run_after=None
[2024-12-22T03:04:32.337-0800] {logging_mixin.py:190} INFO - [2024-12-22T03:04:32.337-0800] {dag.py:4180} INFO - Setting next_dagrun for dataset_alias_example_alias_producer to None, run_after=None
[2024-12-22T03:04:32.337-0800] {logging_mixin.py:190} INFO - [2024-12-22T03:04:32.337-0800] {dag.py:4180} INFO - Setting next_dagrun for dataset_s3_bucket_consumer to None, run_after=None
[2024-12-22T03:04:32.338-0800] {logging_mixin.py:190} INFO - [2024-12-22T03:04:32.338-0800] {dag.py:4180} INFO - Setting next_dagrun for dataset_s3_bucket_producer to None, run_after=None
[2024-12-22T03:04:32.353-0800] {processor.py:208} INFO - Processing /Users/rishukhurana/anaconda3/lib/python3.11/site-packages/airflow/example_dags/example_dataset_alias.py took 0.570 seconds
[2024-12-22T03:11:01.807-0800] {processor.py:186} INFO - Started process (PID=2978) to work on /Users/rishukhurana/anaconda3/lib/python3.11/site-packages/airflow/example_dags/example_dataset_alias.py
[2024-12-22T03:11:01.809-0800] {processor.py:914} INFO - Processing file /Users/rishukhurana/anaconda3/lib/python3.11/site-packages/airflow/example_dags/example_dataset_alias.py for tasks to queue
[2024-12-22T03:11:01.810-0800] {logging_mixin.py:190} INFO - [2024-12-22T03:11:01.810-0800] {dagbag.py:588} INFO - Filling up the DagBag from /Users/rishukhurana/anaconda3/lib/python3.11/site-packages/airflow/example_dags/example_dataset_alias.py
[2024-12-22T03:11:02.388-0800] {processor.py:925} INFO - DAG(s) 'dataset_s3_bucket_consumer', 'dataset_s3_bucket_producer', 'dataset_alias_example_alias_consumer', 'dataset_alias_example_alias_producer' retrieved from /Users/rishukhurana/anaconda3/lib/python3.11/site-packages/airflow/example_dags/example_dataset_alias.py
[2024-12-22T03:11:02.408-0800] {logging_mixin.py:190} INFO - [2024-12-22T03:11:02.408-0800] {dag.py:3239} INFO - Sync 4 DAGs
[2024-12-22T03:11:02.424-0800] {logging_mixin.py:190} INFO - [2024-12-22T03:11:02.423-0800] {dag.py:4180} INFO - Setting next_dagrun for dataset_alias_example_alias_consumer to None, run_after=None
[2024-12-22T03:11:02.425-0800] {logging_mixin.py:190} INFO - [2024-12-22T03:11:02.425-0800] {dag.py:4180} INFO - Setting next_dagrun for dataset_alias_example_alias_producer to None, run_after=None
[2024-12-22T03:11:02.426-0800] {logging_mixin.py:190} INFO - [2024-12-22T03:11:02.426-0800] {dag.py:4180} INFO - Setting next_dagrun for dataset_s3_bucket_consumer to None, run_after=None
[2024-12-22T03:11:02.427-0800] {logging_mixin.py:190} INFO - [2024-12-22T03:11:02.427-0800] {dag.py:4180} INFO - Setting next_dagrun for dataset_s3_bucket_producer to None, run_after=None
[2024-12-22T03:11:02.444-0800] {processor.py:208} INFO - Processing /Users/rishukhurana/anaconda3/lib/python3.11/site-packages/airflow/example_dags/example_dataset_alias.py took 0.643 seconds
[2024-12-22T03:17:22.742-0800] {processor.py:186} INFO - Started process (PID=3298) to work on /Users/rishukhurana/anaconda3/lib/python3.11/site-packages/airflow/example_dags/example_dataset_alias.py
[2024-12-22T03:17:22.744-0800] {processor.py:914} INFO - Processing file /Users/rishukhurana/anaconda3/lib/python3.11/site-packages/airflow/example_dags/example_dataset_alias.py for tasks to queue
[2024-12-22T03:17:22.746-0800] {logging_mixin.py:190} INFO - [2024-12-22T03:17:22.746-0800] {dagbag.py:588} INFO - Filling up the DagBag from /Users/rishukhurana/anaconda3/lib/python3.11/site-packages/airflow/example_dags/example_dataset_alias.py
[2024-12-22T03:17:23.353-0800] {processor.py:925} INFO - DAG(s) 'dataset_s3_bucket_producer', 'dataset_alias_example_alias_consumer', 'dataset_s3_bucket_consumer', 'dataset_alias_example_alias_producer' retrieved from /Users/rishukhurana/anaconda3/lib/python3.11/site-packages/airflow/example_dags/example_dataset_alias.py
[2024-12-22T03:17:23.373-0800] {logging_mixin.py:190} INFO - [2024-12-22T03:17:23.372-0800] {dag.py:3239} INFO - Sync 4 DAGs
[2024-12-22T03:17:23.389-0800] {logging_mixin.py:190} INFO - [2024-12-22T03:17:23.389-0800] {dag.py:4180} INFO - Setting next_dagrun for dataset_alias_example_alias_consumer to None, run_after=None
[2024-12-22T03:17:23.392-0800] {logging_mixin.py:190} INFO - [2024-12-22T03:17:23.391-0800] {dag.py:4180} INFO - Setting next_dagrun for dataset_alias_example_alias_producer to None, run_after=None
[2024-12-22T03:17:23.393-0800] {logging_mixin.py:190} INFO - [2024-12-22T03:17:23.392-0800] {dag.py:4180} INFO - Setting next_dagrun for dataset_s3_bucket_consumer to None, run_after=None
[2024-12-22T03:17:23.393-0800] {logging_mixin.py:190} INFO - [2024-12-22T03:17:23.393-0800] {dag.py:4180} INFO - Setting next_dagrun for dataset_s3_bucket_producer to None, run_after=None
[2024-12-22T03:17:23.410-0800] {processor.py:208} INFO - Processing /Users/rishukhurana/anaconda3/lib/python3.11/site-packages/airflow/example_dags/example_dataset_alias.py took 0.676 seconds
[2024-12-22T03:23:46.118-0800] {processor.py:186} INFO - Started process (PID=3661) to work on /Users/rishukhurana/anaconda3/lib/python3.11/site-packages/airflow/example_dags/example_dataset_alias.py
[2024-12-22T03:23:46.120-0800] {processor.py:914} INFO - Processing file /Users/rishukhurana/anaconda3/lib/python3.11/site-packages/airflow/example_dags/example_dataset_alias.py for tasks to queue
[2024-12-22T03:23:46.121-0800] {logging_mixin.py:190} INFO - [2024-12-22T03:23:46.121-0800] {dagbag.py:588} INFO - Filling up the DagBag from /Users/rishukhurana/anaconda3/lib/python3.11/site-packages/airflow/example_dags/example_dataset_alias.py
[2024-12-22T03:23:46.683-0800] {processor.py:925} INFO - DAG(s) 'dataset_alias_example_alias_consumer', 'dataset_s3_bucket_consumer', 'dataset_alias_example_alias_producer', 'dataset_s3_bucket_producer' retrieved from /Users/rishukhurana/anaconda3/lib/python3.11/site-packages/airflow/example_dags/example_dataset_alias.py
[2024-12-22T03:23:46.704-0800] {logging_mixin.py:190} INFO - [2024-12-22T03:23:46.704-0800] {dag.py:3239} INFO - Sync 4 DAGs
[2024-12-22T03:23:46.720-0800] {logging_mixin.py:190} INFO - [2024-12-22T03:23:46.720-0800] {dag.py:4180} INFO - Setting next_dagrun for dataset_alias_example_alias_consumer to None, run_after=None
[2024-12-22T03:23:46.722-0800] {logging_mixin.py:190} INFO - [2024-12-22T03:23:46.722-0800] {dag.py:4180} INFO - Setting next_dagrun for dataset_alias_example_alias_producer to None, run_after=None
[2024-12-22T03:23:46.723-0800] {logging_mixin.py:190} INFO - [2024-12-22T03:23:46.722-0800] {dag.py:4180} INFO - Setting next_dagrun for dataset_s3_bucket_consumer to None, run_after=None
[2024-12-22T03:23:46.723-0800] {logging_mixin.py:190} INFO - [2024-12-22T03:23:46.723-0800] {dag.py:4180} INFO - Setting next_dagrun for dataset_s3_bucket_producer to None, run_after=None
[2024-12-22T03:23:46.740-0800] {processor.py:208} INFO - Processing /Users/rishukhurana/anaconda3/lib/python3.11/site-packages/airflow/example_dags/example_dataset_alias.py took 0.631 seconds
[2024-12-22T03:30:17.410-0800] {processor.py:186} INFO - Started process (PID=4408) to work on /Users/rishukhurana/anaconda3/lib/python3.11/site-packages/airflow/example_dags/example_dataset_alias.py
[2024-12-22T03:30:17.412-0800] {processor.py:914} INFO - Processing file /Users/rishukhurana/anaconda3/lib/python3.11/site-packages/airflow/example_dags/example_dataset_alias.py for tasks to queue
[2024-12-22T03:30:17.413-0800] {logging_mixin.py:190} INFO - [2024-12-22T03:30:17.413-0800] {dagbag.py:588} INFO - Filling up the DagBag from /Users/rishukhurana/anaconda3/lib/python3.11/site-packages/airflow/example_dags/example_dataset_alias.py
[2024-12-22T03:30:17.982-0800] {processor.py:925} INFO - DAG(s) 'dataset_s3_bucket_producer', 'dataset_alias_example_alias_producer', 'dataset_s3_bucket_consumer', 'dataset_alias_example_alias_consumer' retrieved from /Users/rishukhurana/anaconda3/lib/python3.11/site-packages/airflow/example_dags/example_dataset_alias.py
[2024-12-22T03:30:18.002-0800] {logging_mixin.py:190} INFO - [2024-12-22T03:30:18.002-0800] {dag.py:3239} INFO - Sync 4 DAGs
[2024-12-22T03:30:18.017-0800] {logging_mixin.py:190} INFO - [2024-12-22T03:30:18.017-0800] {dag.py:4180} INFO - Setting next_dagrun for dataset_alias_example_alias_consumer to None, run_after=None
[2024-12-22T03:30:18.019-0800] {logging_mixin.py:190} INFO - [2024-12-22T03:30:18.019-0800] {dag.py:4180} INFO - Setting next_dagrun for dataset_alias_example_alias_producer to None, run_after=None
[2024-12-22T03:30:18.020-0800] {logging_mixin.py:190} INFO - [2024-12-22T03:30:18.020-0800] {dag.py:4180} INFO - Setting next_dagrun for dataset_s3_bucket_consumer to None, run_after=None
[2024-12-22T03:30:18.020-0800] {logging_mixin.py:190} INFO - [2024-12-22T03:30:18.020-0800] {dag.py:4180} INFO - Setting next_dagrun for dataset_s3_bucket_producer to None, run_after=None
[2024-12-22T03:30:18.039-0800] {processor.py:208} INFO - Processing /Users/rishukhurana/anaconda3/lib/python3.11/site-packages/airflow/example_dags/example_dataset_alias.py took 0.633 seconds
