[2024-12-22T02:19:34.968-0800] {processor.py:186} INFO - Started process (PID=99857) to work on /Users/rishukhurana/anaconda3/lib/python3.11/site-packages/airflow/example_dags/example_latest_only_with_trigger.py
[2024-12-22T02:19:34.970-0800] {processor.py:914} INFO - Processing file /Users/rishukhurana/anaconda3/lib/python3.11/site-packages/airflow/example_dags/example_latest_only_with_trigger.py for tasks to queue
[2024-12-22T02:19:34.974-0800] {logging_mixin.py:190} INFO - [2024-12-22T02:19:34.973-0800] {dagbag.py:588} INFO - Filling up the DagBag from /Users/rishukhurana/anaconda3/lib/python3.11/site-packages/airflow/example_dags/example_latest_only_with_trigger.py
[2024-12-22T02:19:34.990-0800] {processor.py:925} INFO - DAG(s) 'latest_only_with_trigger' retrieved from /Users/rishukhurana/anaconda3/lib/python3.11/site-packages/airflow/example_dags/example_latest_only_with_trigger.py
[2024-12-22T02:19:35.169-0800] {logging_mixin.py:190} INFO - [2024-12-22T02:19:35.168-0800] {dag.py:3239} INFO - Sync 1 DAGs
[2024-12-22T02:19:35.201-0800] {logging_mixin.py:190} INFO - [2024-12-22T02:19:35.201-0800] {dag.py:4180} INFO - Setting next_dagrun for latest_only_with_trigger to 2024-12-22 04:00:00+00:00, run_after=2024-12-22 08:00:00+00:00
[2024-12-22T02:19:35.231-0800] {processor.py:208} INFO - Processing /Users/rishukhurana/anaconda3/lib/python3.11/site-packages/airflow/example_dags/example_latest_only_with_trigger.py took 0.279 seconds
[2024-12-22T02:25:17.794-0800] {processor.py:186} INFO - Started process (PID=194) to work on /Users/rishukhurana/anaconda3/lib/python3.11/site-packages/airflow/example_dags/example_latest_only_with_trigger.py
[2024-12-22T02:25:17.796-0800] {processor.py:914} INFO - Processing file /Users/rishukhurana/anaconda3/lib/python3.11/site-packages/airflow/example_dags/example_latest_only_with_trigger.py for tasks to queue
[2024-12-22T02:25:17.798-0800] {logging_mixin.py:190} INFO - [2024-12-22T02:25:17.798-0800] {dagbag.py:588} INFO - Filling up the DagBag from /Users/rishukhurana/anaconda3/lib/python3.11/site-packages/airflow/example_dags/example_latest_only_with_trigger.py
[2024-12-22T02:25:17.806-0800] {processor.py:925} INFO - DAG(s) 'latest_only_with_trigger' retrieved from /Users/rishukhurana/anaconda3/lib/python3.11/site-packages/airflow/example_dags/example_latest_only_with_trigger.py
[2024-12-22T02:25:17.889-0800] {logging_mixin.py:190} INFO - [2024-12-22T02:25:17.889-0800] {dag.py:3239} INFO - Sync 1 DAGs
[2024-12-22T02:25:17.908-0800] {logging_mixin.py:190} INFO - [2024-12-22T02:25:17.907-0800] {dag.py:4180} INFO - Setting next_dagrun for latest_only_with_trigger to 2024-12-22 04:00:00+00:00, run_after=2024-12-22 08:00:00+00:00
[2024-12-22T02:25:17.923-0800] {processor.py:208} INFO - Processing /Users/rishukhurana/anaconda3/lib/python3.11/site-packages/airflow/example_dags/example_latest_only_with_trigger.py took 0.138 seconds
[2024-12-22T02:28:45.252-0800] {processor.py:186} INFO - Started process (PID=414) to work on /Users/rishukhurana/anaconda3/lib/python3.11/site-packages/airflow/example_dags/example_latest_only_with_trigger.py
[2024-12-22T02:28:45.254-0800] {processor.py:914} INFO - Processing file /Users/rishukhurana/anaconda3/lib/python3.11/site-packages/airflow/example_dags/example_latest_only_with_trigger.py for tasks to queue
[2024-12-22T02:28:45.256-0800] {logging_mixin.py:190} INFO - [2024-12-22T02:28:45.256-0800] {dagbag.py:588} INFO - Filling up the DagBag from /Users/rishukhurana/anaconda3/lib/python3.11/site-packages/airflow/example_dags/example_latest_only_with_trigger.py
[2024-12-22T02:28:45.266-0800] {processor.py:925} INFO - DAG(s) 'latest_only_with_trigger' retrieved from /Users/rishukhurana/anaconda3/lib/python3.11/site-packages/airflow/example_dags/example_latest_only_with_trigger.py
[2024-12-22T02:28:45.360-0800] {logging_mixin.py:190} INFO - [2024-12-22T02:28:45.359-0800] {dag.py:3239} INFO - Sync 1 DAGs
[2024-12-22T02:28:45.377-0800] {logging_mixin.py:190} INFO - [2024-12-22T02:28:45.377-0800] {dag.py:4180} INFO - Setting next_dagrun for latest_only_with_trigger to 2024-12-22 04:00:00+00:00, run_after=2024-12-22 08:00:00+00:00
[2024-12-22T02:28:45.393-0800] {processor.py:208} INFO - Processing /Users/rishukhurana/anaconda3/lib/python3.11/site-packages/airflow/example_dags/example_latest_only_with_trigger.py took 0.150 seconds
[2024-12-22T02:32:02.589-0800] {processor.py:186} INFO - Started process (PID=626) to work on /Users/rishukhurana/anaconda3/lib/python3.11/site-packages/airflow/example_dags/example_latest_only_with_trigger.py
[2024-12-22T02:32:02.591-0800] {processor.py:914} INFO - Processing file /Users/rishukhurana/anaconda3/lib/python3.11/site-packages/airflow/example_dags/example_latest_only_with_trigger.py for tasks to queue
[2024-12-22T02:32:02.592-0800] {logging_mixin.py:190} INFO - [2024-12-22T02:32:02.592-0800] {dagbag.py:588} INFO - Filling up the DagBag from /Users/rishukhurana/anaconda3/lib/python3.11/site-packages/airflow/example_dags/example_latest_only_with_trigger.py
[2024-12-22T02:32:02.603-0800] {processor.py:925} INFO - DAG(s) 'latest_only_with_trigger' retrieved from /Users/rishukhurana/anaconda3/lib/python3.11/site-packages/airflow/example_dags/example_latest_only_with_trigger.py
[2024-12-22T02:32:02.696-0800] {logging_mixin.py:190} INFO - [2024-12-22T02:32:02.696-0800] {dag.py:3239} INFO - Sync 1 DAGs
[2024-12-22T02:32:02.714-0800] {logging_mixin.py:190} INFO - [2024-12-22T02:32:02.714-0800] {dag.py:4180} INFO - Setting next_dagrun for latest_only_with_trigger to 2024-12-22 04:00:00+00:00, run_after=2024-12-22 08:00:00+00:00
[2024-12-22T02:32:02.730-0800] {processor.py:208} INFO - Processing /Users/rishukhurana/anaconda3/lib/python3.11/site-packages/airflow/example_dags/example_latest_only_with_trigger.py took 0.150 seconds
[2024-12-22T02:35:17.526-0800] {processor.py:186} INFO - Started process (PID=824) to work on /Users/rishukhurana/anaconda3/lib/python3.11/site-packages/airflow/example_dags/example_latest_only_with_trigger.py
[2024-12-22T02:35:17.528-0800] {processor.py:914} INFO - Processing file /Users/rishukhurana/anaconda3/lib/python3.11/site-packages/airflow/example_dags/example_latest_only_with_trigger.py for tasks to queue
[2024-12-22T02:35:17.530-0800] {logging_mixin.py:190} INFO - [2024-12-22T02:35:17.530-0800] {dagbag.py:588} INFO - Filling up the DagBag from /Users/rishukhurana/anaconda3/lib/python3.11/site-packages/airflow/example_dags/example_latest_only_with_trigger.py
[2024-12-22T02:35:17.545-0800] {processor.py:925} INFO - DAG(s) 'latest_only_with_trigger' retrieved from /Users/rishukhurana/anaconda3/lib/python3.11/site-packages/airflow/example_dags/example_latest_only_with_trigger.py
[2024-12-22T02:35:17.701-0800] {logging_mixin.py:190} INFO - [2024-12-22T02:35:17.700-0800] {dag.py:3239} INFO - Sync 1 DAGs
[2024-12-22T02:35:17.726-0800] {logging_mixin.py:190} INFO - [2024-12-22T02:35:17.726-0800] {dag.py:4180} INFO - Setting next_dagrun for latest_only_with_trigger to 2024-12-22 04:00:00+00:00, run_after=2024-12-22 08:00:00+00:00
[2024-12-22T02:35:17.752-0800] {processor.py:208} INFO - Processing /Users/rishukhurana/anaconda3/lib/python3.11/site-packages/airflow/example_dags/example_latest_only_with_trigger.py took 0.234 seconds
[2024-12-22T02:38:35.211-0800] {processor.py:186} INFO - Started process (PID=1013) to work on /Users/rishukhurana/anaconda3/lib/python3.11/site-packages/airflow/example_dags/example_latest_only_with_trigger.py
[2024-12-22T02:38:35.214-0800] {processor.py:914} INFO - Processing file /Users/rishukhurana/anaconda3/lib/python3.11/site-packages/airflow/example_dags/example_latest_only_with_trigger.py for tasks to queue
[2024-12-22T02:38:35.215-0800] {logging_mixin.py:190} INFO - [2024-12-22T02:38:35.215-0800] {dagbag.py:588} INFO - Filling up the DagBag from /Users/rishukhurana/anaconda3/lib/python3.11/site-packages/airflow/example_dags/example_latest_only_with_trigger.py
[2024-12-22T02:38:35.227-0800] {processor.py:925} INFO - DAG(s) 'latest_only_with_trigger' retrieved from /Users/rishukhurana/anaconda3/lib/python3.11/site-packages/airflow/example_dags/example_latest_only_with_trigger.py
[2024-12-22T02:38:35.319-0800] {logging_mixin.py:190} INFO - [2024-12-22T02:38:35.318-0800] {dag.py:3239} INFO - Sync 1 DAGs
[2024-12-22T02:38:35.338-0800] {logging_mixin.py:190} INFO - [2024-12-22T02:38:35.338-0800] {dag.py:4180} INFO - Setting next_dagrun for latest_only_with_trigger to 2024-12-22 04:00:00+00:00, run_after=2024-12-22 08:00:00+00:00
[2024-12-22T02:38:35.355-0800] {processor.py:208} INFO - Processing /Users/rishukhurana/anaconda3/lib/python3.11/site-packages/airflow/example_dags/example_latest_only_with_trigger.py took 0.157 seconds
[2024-12-22T02:41:47.501-0800] {processor.py:186} INFO - Started process (PID=1290) to work on /Users/rishukhurana/anaconda3/lib/python3.11/site-packages/airflow/example_dags/example_latest_only_with_trigger.py
[2024-12-22T02:41:47.503-0800] {processor.py:914} INFO - Processing file /Users/rishukhurana/anaconda3/lib/python3.11/site-packages/airflow/example_dags/example_latest_only_with_trigger.py for tasks to queue
[2024-12-22T02:41:47.505-0800] {logging_mixin.py:190} INFO - [2024-12-22T02:41:47.505-0800] {dagbag.py:588} INFO - Filling up the DagBag from /Users/rishukhurana/anaconda3/lib/python3.11/site-packages/airflow/example_dags/example_latest_only_with_trigger.py
[2024-12-22T02:41:47.515-0800] {processor.py:925} INFO - DAG(s) 'latest_only_with_trigger' retrieved from /Users/rishukhurana/anaconda3/lib/python3.11/site-packages/airflow/example_dags/example_latest_only_with_trigger.py
[2024-12-22T02:41:47.607-0800] {logging_mixin.py:190} INFO - [2024-12-22T02:41:47.606-0800] {dag.py:3239} INFO - Sync 1 DAGs
[2024-12-22T02:41:47.625-0800] {logging_mixin.py:190} INFO - [2024-12-22T02:41:47.624-0800] {dag.py:4180} INFO - Setting next_dagrun for latest_only_with_trigger to 2024-12-22 04:00:00+00:00, run_after=2024-12-22 08:00:00+00:00
[2024-12-22T02:41:47.641-0800] {processor.py:208} INFO - Processing /Users/rishukhurana/anaconda3/lib/python3.11/site-packages/airflow/example_dags/example_latest_only_with_trigger.py took 0.149 seconds
[2024-12-22T02:44:54.174-0800] {processor.py:186} INFO - Started process (PID=1480) to work on /Users/rishukhurana/anaconda3/lib/python3.11/site-packages/airflow/example_dags/example_latest_only_with_trigger.py
[2024-12-22T02:44:54.175-0800] {processor.py:914} INFO - Processing file /Users/rishukhurana/anaconda3/lib/python3.11/site-packages/airflow/example_dags/example_latest_only_with_trigger.py for tasks to queue
[2024-12-22T02:44:54.177-0800] {logging_mixin.py:190} INFO - [2024-12-22T02:44:54.177-0800] {dagbag.py:588} INFO - Filling up the DagBag from /Users/rishukhurana/anaconda3/lib/python3.11/site-packages/airflow/example_dags/example_latest_only_with_trigger.py
[2024-12-22T02:44:54.187-0800] {processor.py:925} INFO - DAG(s) 'latest_only_with_trigger' retrieved from /Users/rishukhurana/anaconda3/lib/python3.11/site-packages/airflow/example_dags/example_latest_only_with_trigger.py
[2024-12-22T02:44:54.286-0800] {logging_mixin.py:190} INFO - [2024-12-22T02:44:54.286-0800] {dag.py:3239} INFO - Sync 1 DAGs
[2024-12-22T02:44:54.304-0800] {logging_mixin.py:190} INFO - [2024-12-22T02:44:54.304-0800] {dag.py:4180} INFO - Setting next_dagrun for latest_only_with_trigger to 2024-12-22 04:00:00+00:00, run_after=2024-12-22 08:00:00+00:00
[2024-12-22T02:44:54.319-0800] {processor.py:208} INFO - Processing /Users/rishukhurana/anaconda3/lib/python3.11/site-packages/airflow/example_dags/example_latest_only_with_trigger.py took 0.150 seconds
[2024-12-22T02:48:11.579-0800] {processor.py:186} INFO - Started process (PID=1733) to work on /Users/rishukhurana/anaconda3/lib/python3.11/site-packages/airflow/example_dags/example_latest_only_with_trigger.py
[2024-12-22T02:48:11.582-0800] {processor.py:914} INFO - Processing file /Users/rishukhurana/anaconda3/lib/python3.11/site-packages/airflow/example_dags/example_latest_only_with_trigger.py for tasks to queue
[2024-12-22T02:48:11.583-0800] {logging_mixin.py:190} INFO - [2024-12-22T02:48:11.583-0800] {dagbag.py:588} INFO - Filling up the DagBag from /Users/rishukhurana/anaconda3/lib/python3.11/site-packages/airflow/example_dags/example_latest_only_with_trigger.py
[2024-12-22T02:48:11.594-0800] {processor.py:925} INFO - DAG(s) 'latest_only_with_trigger' retrieved from /Users/rishukhurana/anaconda3/lib/python3.11/site-packages/airflow/example_dags/example_latest_only_with_trigger.py
[2024-12-22T02:48:11.684-0800] {logging_mixin.py:190} INFO - [2024-12-22T02:48:11.684-0800] {dag.py:3239} INFO - Sync 1 DAGs
[2024-12-22T02:48:11.701-0800] {logging_mixin.py:190} INFO - [2024-12-22T02:48:11.701-0800] {dag.py:4180} INFO - Setting next_dagrun for latest_only_with_trigger to 2024-12-22 04:00:00+00:00, run_after=2024-12-22 08:00:00+00:00
[2024-12-22T02:48:11.718-0800] {processor.py:208} INFO - Processing /Users/rishukhurana/anaconda3/lib/python3.11/site-packages/airflow/example_dags/example_latest_only_with_trigger.py took 0.146 seconds
[2024-12-22T02:51:24.161-0800] {processor.py:186} INFO - Started process (PID=1882) to work on /Users/rishukhurana/anaconda3/lib/python3.11/site-packages/airflow/example_dags/example_latest_only_with_trigger.py
[2024-12-22T02:51:24.163-0800] {processor.py:914} INFO - Processing file /Users/rishukhurana/anaconda3/lib/python3.11/site-packages/airflow/example_dags/example_latest_only_with_trigger.py for tasks to queue
[2024-12-22T02:51:24.165-0800] {logging_mixin.py:190} INFO - [2024-12-22T02:51:24.164-0800] {dagbag.py:588} INFO - Filling up the DagBag from /Users/rishukhurana/anaconda3/lib/python3.11/site-packages/airflow/example_dags/example_latest_only_with_trigger.py
[2024-12-22T02:51:24.175-0800] {processor.py:925} INFO - DAG(s) 'latest_only_with_trigger' retrieved from /Users/rishukhurana/anaconda3/lib/python3.11/site-packages/airflow/example_dags/example_latest_only_with_trigger.py
[2024-12-22T02:51:24.265-0800] {logging_mixin.py:190} INFO - [2024-12-22T02:51:24.265-0800] {dag.py:3239} INFO - Sync 1 DAGs
[2024-12-22T02:51:24.284-0800] {logging_mixin.py:190} INFO - [2024-12-22T02:51:24.283-0800] {dag.py:4180} INFO - Setting next_dagrun for latest_only_with_trigger to 2024-12-22 04:00:00+00:00, run_after=2024-12-22 08:00:00+00:00
[2024-12-22T02:51:24.300-0800] {processor.py:208} INFO - Processing /Users/rishukhurana/anaconda3/lib/python3.11/site-packages/airflow/example_dags/example_latest_only_with_trigger.py took 0.146 seconds
[2024-12-22T02:54:34.889-0800] {processor.py:186} INFO - Started process (PID=2043) to work on /Users/rishukhurana/anaconda3/lib/python3.11/site-packages/airflow/example_dags/example_latest_only_with_trigger.py
[2024-12-22T02:54:34.891-0800] {processor.py:914} INFO - Processing file /Users/rishukhurana/anaconda3/lib/python3.11/site-packages/airflow/example_dags/example_latest_only_with_trigger.py for tasks to queue
[2024-12-22T02:54:34.893-0800] {logging_mixin.py:190} INFO - [2024-12-22T02:54:34.893-0800] {dagbag.py:588} INFO - Filling up the DagBag from /Users/rishukhurana/anaconda3/lib/python3.11/site-packages/airflow/example_dags/example_latest_only_with_trigger.py
[2024-12-22T02:54:34.904-0800] {processor.py:925} INFO - DAG(s) 'latest_only_with_trigger' retrieved from /Users/rishukhurana/anaconda3/lib/python3.11/site-packages/airflow/example_dags/example_latest_only_with_trigger.py
[2024-12-22T02:54:35.003-0800] {logging_mixin.py:190} INFO - [2024-12-22T02:54:35.003-0800] {dag.py:3239} INFO - Sync 1 DAGs
[2024-12-22T02:54:35.022-0800] {logging_mixin.py:190} INFO - [2024-12-22T02:54:35.022-0800] {dag.py:4180} INFO - Setting next_dagrun for latest_only_with_trigger to 2024-12-22 04:00:00+00:00, run_after=2024-12-22 08:00:00+00:00
[2024-12-22T02:54:35.038-0800] {processor.py:208} INFO - Processing /Users/rishukhurana/anaconda3/lib/python3.11/site-packages/airflow/example_dags/example_latest_only_with_trigger.py took 0.158 seconds
[2024-12-22T02:57:37.862-0800] {processor.py:186} INFO - Started process (PID=2191) to work on /Users/rishukhurana/anaconda3/lib/python3.11/site-packages/airflow/example_dags/example_latest_only_with_trigger.py
[2024-12-22T02:57:37.863-0800] {processor.py:914} INFO - Processing file /Users/rishukhurana/anaconda3/lib/python3.11/site-packages/airflow/example_dags/example_latest_only_with_trigger.py for tasks to queue
[2024-12-22T02:57:37.865-0800] {logging_mixin.py:190} INFO - [2024-12-22T02:57:37.864-0800] {dagbag.py:588} INFO - Filling up the DagBag from /Users/rishukhurana/anaconda3/lib/python3.11/site-packages/airflow/example_dags/example_latest_only_with_trigger.py
[2024-12-22T02:57:37.873-0800] {processor.py:925} INFO - DAG(s) 'latest_only_with_trigger' retrieved from /Users/rishukhurana/anaconda3/lib/python3.11/site-packages/airflow/example_dags/example_latest_only_with_trigger.py
[2024-12-22T02:57:37.963-0800] {logging_mixin.py:190} INFO - [2024-12-22T02:57:37.963-0800] {dag.py:3239} INFO - Sync 1 DAGs
[2024-12-22T02:57:37.981-0800] {logging_mixin.py:190} INFO - [2024-12-22T02:57:37.981-0800] {dag.py:4180} INFO - Setting next_dagrun for latest_only_with_trigger to 2024-12-22 04:00:00+00:00, run_after=2024-12-22 08:00:00+00:00
[2024-12-22T02:57:37.997-0800] {processor.py:208} INFO - Processing /Users/rishukhurana/anaconda3/lib/python3.11/site-packages/airflow/example_dags/example_latest_only_with_trigger.py took 0.139 seconds
[2024-12-22T03:00:52.992-0800] {processor.py:186} INFO - Started process (PID=2391) to work on /Users/rishukhurana/anaconda3/lib/python3.11/site-packages/airflow/example_dags/example_latest_only_with_trigger.py
[2024-12-22T03:00:52.994-0800] {processor.py:914} INFO - Processing file /Users/rishukhurana/anaconda3/lib/python3.11/site-packages/airflow/example_dags/example_latest_only_with_trigger.py for tasks to queue
[2024-12-22T03:00:52.995-0800] {logging_mixin.py:190} INFO - [2024-12-22T03:00:52.995-0800] {dagbag.py:588} INFO - Filling up the DagBag from /Users/rishukhurana/anaconda3/lib/python3.11/site-packages/airflow/example_dags/example_latest_only_with_trigger.py
[2024-12-22T03:00:53.004-0800] {processor.py:925} INFO - DAG(s) 'latest_only_with_trigger' retrieved from /Users/rishukhurana/anaconda3/lib/python3.11/site-packages/airflow/example_dags/example_latest_only_with_trigger.py
[2024-12-22T03:00:53.092-0800] {logging_mixin.py:190} INFO - [2024-12-22T03:00:53.092-0800] {dag.py:3239} INFO - Sync 1 DAGs
[2024-12-22T03:00:53.110-0800] {logging_mixin.py:190} INFO - [2024-12-22T03:00:53.109-0800] {dag.py:4180} INFO - Setting next_dagrun for latest_only_with_trigger to 2024-12-22 04:00:00+00:00, run_after=2024-12-22 08:00:00+00:00
[2024-12-22T03:00:53.125-0800] {processor.py:208} INFO - Processing /Users/rishukhurana/anaconda3/lib/python3.11/site-packages/airflow/example_dags/example_latest_only_with_trigger.py took 0.138 seconds
[2024-12-22T03:04:05.860-0800] {processor.py:186} INFO - Started process (PID=2560) to work on /Users/rishukhurana/anaconda3/lib/python3.11/site-packages/airflow/example_dags/example_latest_only_with_trigger.py
[2024-12-22T03:04:05.862-0800] {processor.py:914} INFO - Processing file /Users/rishukhurana/anaconda3/lib/python3.11/site-packages/airflow/example_dags/example_latest_only_with_trigger.py for tasks to queue
[2024-12-22T03:04:05.864-0800] {logging_mixin.py:190} INFO - [2024-12-22T03:04:05.863-0800] {dagbag.py:588} INFO - Filling up the DagBag from /Users/rishukhurana/anaconda3/lib/python3.11/site-packages/airflow/example_dags/example_latest_only_with_trigger.py
[2024-12-22T03:04:05.873-0800] {processor.py:925} INFO - DAG(s) 'latest_only_with_trigger' retrieved from /Users/rishukhurana/anaconda3/lib/python3.11/site-packages/airflow/example_dags/example_latest_only_with_trigger.py
[2024-12-22T03:04:05.955-0800] {logging_mixin.py:190} INFO - [2024-12-22T03:04:05.955-0800] {dag.py:3239} INFO - Sync 1 DAGs
[2024-12-22T03:04:05.972-0800] {logging_mixin.py:190} INFO - [2024-12-22T03:04:05.972-0800] {dag.py:4180} INFO - Setting next_dagrun for latest_only_with_trigger to 2024-12-22 04:00:00+00:00, run_after=2024-12-22 08:00:00+00:00
[2024-12-22T03:04:05.987-0800] {processor.py:208} INFO - Processing /Users/rishukhurana/anaconda3/lib/python3.11/site-packages/airflow/example_dags/example_latest_only_with_trigger.py took 0.135 seconds
[2024-12-22T03:07:16.360-0800] {processor.py:186} INFO - Started process (PID=2705) to work on /Users/rishukhurana/anaconda3/lib/python3.11/site-packages/airflow/example_dags/example_latest_only_with_trigger.py
[2024-12-22T03:07:16.362-0800] {processor.py:914} INFO - Processing file /Users/rishukhurana/anaconda3/lib/python3.11/site-packages/airflow/example_dags/example_latest_only_with_trigger.py for tasks to queue
[2024-12-22T03:07:16.364-0800] {logging_mixin.py:190} INFO - [2024-12-22T03:07:16.363-0800] {dagbag.py:588} INFO - Filling up the DagBag from /Users/rishukhurana/anaconda3/lib/python3.11/site-packages/airflow/example_dags/example_latest_only_with_trigger.py
[2024-12-22T03:07:16.373-0800] {processor.py:925} INFO - DAG(s) 'latest_only_with_trigger' retrieved from /Users/rishukhurana/anaconda3/lib/python3.11/site-packages/airflow/example_dags/example_latest_only_with_trigger.py
[2024-12-22T03:07:16.464-0800] {logging_mixin.py:190} INFO - [2024-12-22T03:07:16.463-0800] {dag.py:3239} INFO - Sync 1 DAGs
[2024-12-22T03:07:16.481-0800] {logging_mixin.py:190} INFO - [2024-12-22T03:07:16.481-0800] {dag.py:4180} INFO - Setting next_dagrun for latest_only_with_trigger to 2024-12-22 04:00:00+00:00, run_after=2024-12-22 08:00:00+00:00
[2024-12-22T03:07:16.500-0800] {processor.py:208} INFO - Processing /Users/rishukhurana/anaconda3/lib/python3.11/site-packages/airflow/example_dags/example_latest_only_with_trigger.py took 0.148 seconds
[2024-12-22T03:10:36.295-0800] {processor.py:186} INFO - Started process (PID=2953) to work on /Users/rishukhurana/anaconda3/lib/python3.11/site-packages/airflow/example_dags/example_latest_only_with_trigger.py
[2024-12-22T03:10:36.297-0800] {processor.py:914} INFO - Processing file /Users/rishukhurana/anaconda3/lib/python3.11/site-packages/airflow/example_dags/example_latest_only_with_trigger.py for tasks to queue
[2024-12-22T03:10:36.299-0800] {logging_mixin.py:190} INFO - [2024-12-22T03:10:36.298-0800] {dagbag.py:588} INFO - Filling up the DagBag from /Users/rishukhurana/anaconda3/lib/python3.11/site-packages/airflow/example_dags/example_latest_only_with_trigger.py
[2024-12-22T03:10:36.308-0800] {processor.py:925} INFO - DAG(s) 'latest_only_with_trigger' retrieved from /Users/rishukhurana/anaconda3/lib/python3.11/site-packages/airflow/example_dags/example_latest_only_with_trigger.py
[2024-12-22T03:10:36.399-0800] {logging_mixin.py:190} INFO - [2024-12-22T03:10:36.399-0800] {dag.py:3239} INFO - Sync 1 DAGs
[2024-12-22T03:10:36.417-0800] {logging_mixin.py:190} INFO - [2024-12-22T03:10:36.417-0800] {dag.py:4180} INFO - Setting next_dagrun for latest_only_with_trigger to 2024-12-22 04:00:00+00:00, run_after=2024-12-22 08:00:00+00:00
[2024-12-22T03:10:36.432-0800] {processor.py:208} INFO - Processing /Users/rishukhurana/anaconda3/lib/python3.11/site-packages/airflow/example_dags/example_latest_only_with_trigger.py took 0.145 seconds
[2024-12-22T03:13:46.242-0800] {processor.py:186} INFO - Started process (PID=3120) to work on /Users/rishukhurana/anaconda3/lib/python3.11/site-packages/airflow/example_dags/example_latest_only_with_trigger.py
[2024-12-22T03:13:46.244-0800] {processor.py:914} INFO - Processing file /Users/rishukhurana/anaconda3/lib/python3.11/site-packages/airflow/example_dags/example_latest_only_with_trigger.py for tasks to queue
[2024-12-22T03:13:46.246-0800] {logging_mixin.py:190} INFO - [2024-12-22T03:13:46.246-0800] {dagbag.py:588} INFO - Filling up the DagBag from /Users/rishukhurana/anaconda3/lib/python3.11/site-packages/airflow/example_dags/example_latest_only_with_trigger.py
[2024-12-22T03:13:46.256-0800] {processor.py:925} INFO - DAG(s) 'latest_only_with_trigger' retrieved from /Users/rishukhurana/anaconda3/lib/python3.11/site-packages/airflow/example_dags/example_latest_only_with_trigger.py
[2024-12-22T03:13:46.349-0800] {logging_mixin.py:190} INFO - [2024-12-22T03:13:46.349-0800] {dag.py:3239} INFO - Sync 1 DAGs
[2024-12-22T03:13:46.366-0800] {logging_mixin.py:190} INFO - [2024-12-22T03:13:46.366-0800] {dag.py:4180} INFO - Setting next_dagrun for latest_only_with_trigger to 2024-12-22 04:00:00+00:00, run_after=2024-12-22 08:00:00+00:00
[2024-12-22T03:13:46.382-0800] {processor.py:208} INFO - Processing /Users/rishukhurana/anaconda3/lib/python3.11/site-packages/airflow/example_dags/example_latest_only_with_trigger.py took 0.149 seconds
[2024-12-22T03:16:56.061-0800] {processor.py:186} INFO - Started process (PID=3276) to work on /Users/rishukhurana/anaconda3/lib/python3.11/site-packages/airflow/example_dags/example_latest_only_with_trigger.py
[2024-12-22T03:16:56.063-0800] {processor.py:914} INFO - Processing file /Users/rishukhurana/anaconda3/lib/python3.11/site-packages/airflow/example_dags/example_latest_only_with_trigger.py for tasks to queue
[2024-12-22T03:16:56.065-0800] {logging_mixin.py:190} INFO - [2024-12-22T03:16:56.064-0800] {dagbag.py:588} INFO - Filling up the DagBag from /Users/rishukhurana/anaconda3/lib/python3.11/site-packages/airflow/example_dags/example_latest_only_with_trigger.py
[2024-12-22T03:16:56.074-0800] {processor.py:925} INFO - DAG(s) 'latest_only_with_trigger' retrieved from /Users/rishukhurana/anaconda3/lib/python3.11/site-packages/airflow/example_dags/example_latest_only_with_trigger.py
[2024-12-22T03:16:56.165-0800] {logging_mixin.py:190} INFO - [2024-12-22T03:16:56.165-0800] {dag.py:3239} INFO - Sync 1 DAGs
[2024-12-22T03:16:56.182-0800] {logging_mixin.py:190} INFO - [2024-12-22T03:16:56.182-0800] {dag.py:4180} INFO - Setting next_dagrun for latest_only_with_trigger to 2024-12-22 04:00:00+00:00, run_after=2024-12-22 08:00:00+00:00
[2024-12-22T03:16:56.198-0800] {processor.py:208} INFO - Processing /Users/rishukhurana/anaconda3/lib/python3.11/site-packages/airflow/example_dags/example_latest_only_with_trigger.py took 0.142 seconds
[2024-12-22T03:20:08.056-0800] {processor.py:186} INFO - Started process (PID=3432) to work on /Users/rishukhurana/anaconda3/lib/python3.11/site-packages/airflow/example_dags/example_latest_only_with_trigger.py
[2024-12-22T03:20:08.058-0800] {processor.py:914} INFO - Processing file /Users/rishukhurana/anaconda3/lib/python3.11/site-packages/airflow/example_dags/example_latest_only_with_trigger.py for tasks to queue
[2024-12-22T03:20:08.060-0800] {logging_mixin.py:190} INFO - [2024-12-22T03:20:08.060-0800] {dagbag.py:588} INFO - Filling up the DagBag from /Users/rishukhurana/anaconda3/lib/python3.11/site-packages/airflow/example_dags/example_latest_only_with_trigger.py
[2024-12-22T03:20:08.069-0800] {processor.py:925} INFO - DAG(s) 'latest_only_with_trigger' retrieved from /Users/rishukhurana/anaconda3/lib/python3.11/site-packages/airflow/example_dags/example_latest_only_with_trigger.py
[2024-12-22T03:20:08.157-0800] {logging_mixin.py:190} INFO - [2024-12-22T03:20:08.156-0800] {dag.py:3239} INFO - Sync 1 DAGs
[2024-12-22T03:20:08.173-0800] {logging_mixin.py:190} INFO - [2024-12-22T03:20:08.173-0800] {dag.py:4180} INFO - Setting next_dagrun for latest_only_with_trigger to 2024-12-22 04:00:00+00:00, run_after=2024-12-22 08:00:00+00:00
[2024-12-22T03:20:08.189-0800] {processor.py:208} INFO - Processing /Users/rishukhurana/anaconda3/lib/python3.11/site-packages/airflow/example_dags/example_latest_only_with_trigger.py took 0.139 seconds
[2024-12-22T03:23:17.769-0800] {processor.py:186} INFO - Started process (PID=3585) to work on /Users/rishukhurana/anaconda3/lib/python3.11/site-packages/airflow/example_dags/example_latest_only_with_trigger.py
[2024-12-22T03:23:17.771-0800] {processor.py:914} INFO - Processing file /Users/rishukhurana/anaconda3/lib/python3.11/site-packages/airflow/example_dags/example_latest_only_with_trigger.py for tasks to queue
[2024-12-22T03:23:17.772-0800] {logging_mixin.py:190} INFO - [2024-12-22T03:23:17.772-0800] {dagbag.py:588} INFO - Filling up the DagBag from /Users/rishukhurana/anaconda3/lib/python3.11/site-packages/airflow/example_dags/example_latest_only_with_trigger.py
[2024-12-22T03:23:17.783-0800] {processor.py:925} INFO - DAG(s) 'latest_only_with_trigger' retrieved from /Users/rishukhurana/anaconda3/lib/python3.11/site-packages/airflow/example_dags/example_latest_only_with_trigger.py
[2024-12-22T03:23:17.877-0800] {logging_mixin.py:190} INFO - [2024-12-22T03:23:17.877-0800] {dag.py:3239} INFO - Sync 1 DAGs
[2024-12-22T03:23:17.897-0800] {logging_mixin.py:190} INFO - [2024-12-22T03:23:17.897-0800] {dag.py:4180} INFO - Setting next_dagrun for latest_only_with_trigger to 2024-12-22 04:00:00+00:00, run_after=2024-12-22 08:00:00+00:00
[2024-12-22T03:23:17.914-0800] {processor.py:208} INFO - Processing /Users/rishukhurana/anaconda3/lib/python3.11/site-packages/airflow/example_dags/example_latest_only_with_trigger.py took 0.153 seconds
[2024-12-22T03:26:34.924-0800] {processor.py:186} INFO - Started process (PID=4043) to work on /Users/rishukhurana/anaconda3/lib/python3.11/site-packages/airflow/example_dags/example_latest_only_with_trigger.py
[2024-12-22T03:26:34.927-0800] {processor.py:914} INFO - Processing file /Users/rishukhurana/anaconda3/lib/python3.11/site-packages/airflow/example_dags/example_latest_only_with_trigger.py for tasks to queue
[2024-12-22T03:26:34.928-0800] {logging_mixin.py:190} INFO - [2024-12-22T03:26:34.928-0800] {dagbag.py:588} INFO - Filling up the DagBag from /Users/rishukhurana/anaconda3/lib/python3.11/site-packages/airflow/example_dags/example_latest_only_with_trigger.py
[2024-12-22T03:26:34.938-0800] {processor.py:925} INFO - DAG(s) 'latest_only_with_trigger' retrieved from /Users/rishukhurana/anaconda3/lib/python3.11/site-packages/airflow/example_dags/example_latest_only_with_trigger.py
[2024-12-22T03:26:35.047-0800] {logging_mixin.py:190} INFO - [2024-12-22T03:26:35.047-0800] {dag.py:3239} INFO - Sync 1 DAGs
[2024-12-22T03:26:35.068-0800] {logging_mixin.py:190} INFO - [2024-12-22T03:26:35.068-0800] {dag.py:4180} INFO - Setting next_dagrun for latest_only_with_trigger to 2024-12-22 04:00:00+00:00, run_after=2024-12-22 08:00:00+00:00
[2024-12-22T03:26:35.085-0800] {processor.py:208} INFO - Processing /Users/rishukhurana/anaconda3/lib/python3.11/site-packages/airflow/example_dags/example_latest_only_with_trigger.py took 0.165 seconds
[2024-12-22T03:29:49.528-0800] {processor.py:186} INFO - Started process (PID=4349) to work on /Users/rishukhurana/anaconda3/lib/python3.11/site-packages/airflow/example_dags/example_latest_only_with_trigger.py
[2024-12-22T03:29:49.530-0800] {processor.py:914} INFO - Processing file /Users/rishukhurana/anaconda3/lib/python3.11/site-packages/airflow/example_dags/example_latest_only_with_trigger.py for tasks to queue
[2024-12-22T03:29:49.532-0800] {logging_mixin.py:190} INFO - [2024-12-22T03:29:49.531-0800] {dagbag.py:588} INFO - Filling up the DagBag from /Users/rishukhurana/anaconda3/lib/python3.11/site-packages/airflow/example_dags/example_latest_only_with_trigger.py
[2024-12-22T03:29:49.542-0800] {processor.py:925} INFO - DAG(s) 'latest_only_with_trigger' retrieved from /Users/rishukhurana/anaconda3/lib/python3.11/site-packages/airflow/example_dags/example_latest_only_with_trigger.py
[2024-12-22T03:29:49.635-0800] {logging_mixin.py:190} INFO - [2024-12-22T03:29:49.634-0800] {dag.py:3239} INFO - Sync 1 DAGs
[2024-12-22T03:29:49.653-0800] {logging_mixin.py:190} INFO - [2024-12-22T03:29:49.652-0800] {dag.py:4180} INFO - Setting next_dagrun for latest_only_with_trigger to 2024-12-22 04:00:00+00:00, run_after=2024-12-22 08:00:00+00:00
[2024-12-22T03:29:49.668-0800] {processor.py:208} INFO - Processing /Users/rishukhurana/anaconda3/lib/python3.11/site-packages/airflow/example_dags/example_latest_only_with_trigger.py took 0.145 seconds
[2024-12-22T03:52:46.159-0800] {processor.py:186} INFO - Started process (PID=6456) to work on /Users/rishukhurana/anaconda3/lib/python3.11/site-packages/airflow/example_dags/example_latest_only_with_trigger.py
[2024-12-22T03:52:46.161-0800] {processor.py:914} INFO - Processing file /Users/rishukhurana/anaconda3/lib/python3.11/site-packages/airflow/example_dags/example_latest_only_with_trigger.py for tasks to queue
[2024-12-22T03:52:46.162-0800] {logging_mixin.py:190} INFO - [2024-12-22T03:52:46.162-0800] {dagbag.py:588} INFO - Filling up the DagBag from /Users/rishukhurana/anaconda3/lib/python3.11/site-packages/airflow/example_dags/example_latest_only_with_trigger.py
[2024-12-22T03:52:46.172-0800] {processor.py:925} INFO - DAG(s) 'latest_only_with_trigger' retrieved from /Users/rishukhurana/anaconda3/lib/python3.11/site-packages/airflow/example_dags/example_latest_only_with_trigger.py
[2024-12-22T03:52:46.335-0800] {logging_mixin.py:190} INFO - [2024-12-22T03:52:46.335-0800] {dag.py:3239} INFO - Sync 1 DAGs
[2024-12-22T03:52:46.351-0800] {logging_mixin.py:190} INFO - [2024-12-22T03:52:46.351-0800] {dag.py:4180} INFO - Setting next_dagrun for latest_only_with_trigger to 2024-12-22 04:00:00+00:00, run_after=2024-12-22 08:00:00+00:00
[2024-12-22T03:52:46.375-0800] {processor.py:208} INFO - Processing /Users/rishukhurana/anaconda3/lib/python3.11/site-packages/airflow/example_dags/example_latest_only_with_trigger.py took 0.225 seconds
[2024-12-22T03:56:07.361-0800] {processor.py:186} INFO - Started process (PID=6878) to work on /Users/rishukhurana/anaconda3/lib/python3.11/site-packages/airflow/example_dags/example_latest_only_with_trigger.py
[2024-12-22T03:56:07.364-0800] {processor.py:914} INFO - Processing file /Users/rishukhurana/anaconda3/lib/python3.11/site-packages/airflow/example_dags/example_latest_only_with_trigger.py for tasks to queue
[2024-12-22T03:56:07.367-0800] {logging_mixin.py:190} INFO - [2024-12-22T03:56:07.366-0800] {dagbag.py:588} INFO - Filling up the DagBag from /Users/rishukhurana/anaconda3/lib/python3.11/site-packages/airflow/example_dags/example_latest_only_with_trigger.py
[2024-12-22T03:56:07.378-0800] {processor.py:925} INFO - DAG(s) 'latest_only_with_trigger' retrieved from /Users/rishukhurana/anaconda3/lib/python3.11/site-packages/airflow/example_dags/example_latest_only_with_trigger.py
[2024-12-22T03:56:07.481-0800] {logging_mixin.py:190} INFO - [2024-12-22T03:56:07.481-0800] {dag.py:3239} INFO - Sync 1 DAGs
[2024-12-22T03:56:07.499-0800] {logging_mixin.py:190} INFO - [2024-12-22T03:56:07.499-0800] {dag.py:4180} INFO - Setting next_dagrun for latest_only_with_trigger to 2024-12-22 04:00:00+00:00, run_after=2024-12-22 08:00:00+00:00
[2024-12-22T03:56:07.516-0800] {processor.py:208} INFO - Processing /Users/rishukhurana/anaconda3/lib/python3.11/site-packages/airflow/example_dags/example_latest_only_with_trigger.py took 0.161 seconds
[2024-12-22T04:06:00.531-0800] {processor.py:186} INFO - Started process (PID=7982) to work on /Users/rishukhurana/anaconda3/lib/python3.11/site-packages/airflow/example_dags/example_latest_only_with_trigger.py
[2024-12-22T04:06:00.533-0800] {processor.py:914} INFO - Processing file /Users/rishukhurana/anaconda3/lib/python3.11/site-packages/airflow/example_dags/example_latest_only_with_trigger.py for tasks to queue
[2024-12-22T04:06:00.535-0800] {logging_mixin.py:190} INFO - [2024-12-22T04:06:00.535-0800] {dagbag.py:588} INFO - Filling up the DagBag from /Users/rishukhurana/anaconda3/lib/python3.11/site-packages/airflow/example_dags/example_latest_only_with_trigger.py
[2024-12-22T04:06:00.545-0800] {processor.py:925} INFO - DAG(s) 'latest_only_with_trigger' retrieved from /Users/rishukhurana/anaconda3/lib/python3.11/site-packages/airflow/example_dags/example_latest_only_with_trigger.py
[2024-12-22T04:06:00.720-0800] {logging_mixin.py:190} INFO - [2024-12-22T04:06:00.719-0800] {dag.py:3239} INFO - Sync 1 DAGs
[2024-12-22T04:06:00.739-0800] {logging_mixin.py:190} INFO - [2024-12-22T04:06:00.739-0800] {dag.py:4180} INFO - Setting next_dagrun for latest_only_with_trigger to 2024-12-22 08:00:00+00:00, run_after=2024-12-22 12:00:00+00:00
[2024-12-22T04:06:00.758-0800] {processor.py:208} INFO - Processing /Users/rishukhurana/anaconda3/lib/python3.11/site-packages/airflow/example_dags/example_latest_only_with_trigger.py took 0.237 seconds
