[2024-12-22T02:17:58.492-0800] {processor.py:186} INFO - Started process (PID=99798) to work on /Users/rishukhurana/anaconda3/lib/python3.11/site-packages/airflow/example_dags/example_skip_dag.py
[2024-12-22T02:17:58.495-0800] {processor.py:914} INFO - Processing file /Users/rishukhurana/anaconda3/lib/python3.11/site-packages/airflow/example_dags/example_skip_dag.py for tasks to queue
[2024-12-22T02:17:58.498-0800] {logging_mixin.py:190} INFO - [2024-12-22T02:17:58.498-0800] {dagbag.py:588} INFO - Filling up the DagBag from /Users/rishukhurana/anaconda3/lib/python3.11/site-packages/airflow/example_dags/example_skip_dag.py
[2024-12-22T02:17:58.514-0800] {processor.py:925} INFO - DAG(s) 'example_skip_dag' retrieved from /Users/rishukhurana/anaconda3/lib/python3.11/site-packages/airflow/example_dags/example_skip_dag.py
[2024-12-22T02:17:58.697-0800] {logging_mixin.py:190} INFO - [2024-12-22T02:17:58.696-0800] {dag.py:3239} INFO - Sync 1 DAGs
[2024-12-22T02:17:58.729-0800] {logging_mixin.py:190} INFO - [2024-12-22T02:17:58.729-0800] {dag.py:4180} INFO - Setting next_dagrun for example_skip_dag to 2024-12-21 00:00:00+00:00, run_after=2024-12-22 00:00:00+00:00
[2024-12-22T02:17:58.759-0800] {processor.py:208} INFO - Processing /Users/rishukhurana/anaconda3/lib/python3.11/site-packages/airflow/example_dags/example_skip_dag.py took 0.285 seconds
[2024-12-22T02:24:12.037-0800] {processor.py:186} INFO - Started process (PID=110) to work on /Users/rishukhurana/anaconda3/lib/python3.11/site-packages/airflow/example_dags/example_skip_dag.py
[2024-12-22T02:24:12.043-0800] {processor.py:914} INFO - Processing file /Users/rishukhurana/anaconda3/lib/python3.11/site-packages/airflow/example_dags/example_skip_dag.py for tasks to queue
[2024-12-22T02:24:12.046-0800] {logging_mixin.py:190} INFO - [2024-12-22T02:24:12.045-0800] {dagbag.py:588} INFO - Filling up the DagBag from /Users/rishukhurana/anaconda3/lib/python3.11/site-packages/airflow/example_dags/example_skip_dag.py
[2024-12-22T02:24:12.062-0800] {processor.py:925} INFO - DAG(s) 'example_skip_dag' retrieved from /Users/rishukhurana/anaconda3/lib/python3.11/site-packages/airflow/example_dags/example_skip_dag.py
[2024-12-22T02:24:12.242-0800] {logging_mixin.py:190} INFO - [2024-12-22T02:24:12.241-0800] {dag.py:3239} INFO - Sync 1 DAGs
[2024-12-22T02:24:12.273-0800] {logging_mixin.py:190} INFO - [2024-12-22T02:24:12.273-0800] {dag.py:4180} INFO - Setting next_dagrun for example_skip_dag to 2024-12-21 00:00:00+00:00, run_after=2024-12-22 00:00:00+00:00
[2024-12-22T02:24:12.304-0800] {processor.py:208} INFO - Processing /Users/rishukhurana/anaconda3/lib/python3.11/site-packages/airflow/example_dags/example_skip_dag.py took 0.279 seconds
[2024-12-22T02:27:50.332-0800] {processor.py:186} INFO - Started process (PID=362) to work on /Users/rishukhurana/anaconda3/lib/python3.11/site-packages/airflow/example_dags/example_skip_dag.py
[2024-12-22T02:27:50.333-0800] {processor.py:914} INFO - Processing file /Users/rishukhurana/anaconda3/lib/python3.11/site-packages/airflow/example_dags/example_skip_dag.py for tasks to queue
[2024-12-22T02:27:50.335-0800] {logging_mixin.py:190} INFO - [2024-12-22T02:27:50.335-0800] {dagbag.py:588} INFO - Filling up the DagBag from /Users/rishukhurana/anaconda3/lib/python3.11/site-packages/airflow/example_dags/example_skip_dag.py
[2024-12-22T02:27:50.343-0800] {processor.py:925} INFO - DAG(s) 'example_skip_dag' retrieved from /Users/rishukhurana/anaconda3/lib/python3.11/site-packages/airflow/example_dags/example_skip_dag.py
[2024-12-22T02:27:50.435-0800] {logging_mixin.py:190} INFO - [2024-12-22T02:27:50.435-0800] {dag.py:3239} INFO - Sync 1 DAGs
[2024-12-22T02:27:50.452-0800] {logging_mixin.py:190} INFO - [2024-12-22T02:27:50.452-0800] {dag.py:4180} INFO - Setting next_dagrun for example_skip_dag to 2024-12-21 00:00:00+00:00, run_after=2024-12-22 00:00:00+00:00
[2024-12-22T02:27:50.469-0800] {processor.py:208} INFO - Processing /Users/rishukhurana/anaconda3/lib/python3.11/site-packages/airflow/example_dags/example_skip_dag.py took 0.143 seconds
[2024-12-22T02:31:08.948-0800] {processor.py:186} INFO - Started process (PID=563) to work on /Users/rishukhurana/anaconda3/lib/python3.11/site-packages/airflow/example_dags/example_skip_dag.py
[2024-12-22T02:31:08.950-0800] {processor.py:914} INFO - Processing file /Users/rishukhurana/anaconda3/lib/python3.11/site-packages/airflow/example_dags/example_skip_dag.py for tasks to queue
[2024-12-22T02:31:08.952-0800] {logging_mixin.py:190} INFO - [2024-12-22T02:31:08.951-0800] {dagbag.py:588} INFO - Filling up the DagBag from /Users/rishukhurana/anaconda3/lib/python3.11/site-packages/airflow/example_dags/example_skip_dag.py
[2024-12-22T02:31:08.961-0800] {processor.py:925} INFO - DAG(s) 'example_skip_dag' retrieved from /Users/rishukhurana/anaconda3/lib/python3.11/site-packages/airflow/example_dags/example_skip_dag.py
[2024-12-22T02:31:09.053-0800] {logging_mixin.py:190} INFO - [2024-12-22T02:31:09.053-0800] {dag.py:3239} INFO - Sync 1 DAGs
[2024-12-22T02:31:09.071-0800] {logging_mixin.py:190} INFO - [2024-12-22T02:31:09.070-0800] {dag.py:4180} INFO - Setting next_dagrun for example_skip_dag to 2024-12-21 00:00:00+00:00, run_after=2024-12-22 00:00:00+00:00
[2024-12-22T02:31:09.089-0800] {processor.py:208} INFO - Processing /Users/rishukhurana/anaconda3/lib/python3.11/site-packages/airflow/example_dags/example_skip_dag.py took 0.148 seconds
[2024-12-22T02:34:24.841-0800] {processor.py:186} INFO - Started process (PID=783) to work on /Users/rishukhurana/anaconda3/lib/python3.11/site-packages/airflow/example_dags/example_skip_dag.py
[2024-12-22T02:34:24.843-0800] {processor.py:914} INFO - Processing file /Users/rishukhurana/anaconda3/lib/python3.11/site-packages/airflow/example_dags/example_skip_dag.py for tasks to queue
[2024-12-22T02:34:24.845-0800] {logging_mixin.py:190} INFO - [2024-12-22T02:34:24.845-0800] {dagbag.py:588} INFO - Filling up the DagBag from /Users/rishukhurana/anaconda3/lib/python3.11/site-packages/airflow/example_dags/example_skip_dag.py
[2024-12-22T02:34:24.855-0800] {processor.py:925} INFO - DAG(s) 'example_skip_dag' retrieved from /Users/rishukhurana/anaconda3/lib/python3.11/site-packages/airflow/example_dags/example_skip_dag.py
[2024-12-22T02:34:24.953-0800] {logging_mixin.py:190} INFO - [2024-12-22T02:34:24.952-0800] {dag.py:3239} INFO - Sync 1 DAGs
[2024-12-22T02:34:24.970-0800] {logging_mixin.py:190} INFO - [2024-12-22T02:34:24.970-0800] {dag.py:4180} INFO - Setting next_dagrun for example_skip_dag to 2024-12-21 00:00:00+00:00, run_after=2024-12-22 00:00:00+00:00
[2024-12-22T02:34:24.985-0800] {processor.py:208} INFO - Processing /Users/rishukhurana/anaconda3/lib/python3.11/site-packages/airflow/example_dags/example_skip_dag.py took 0.151 seconds
[2024-12-22T02:37:40.334-0800] {processor.py:186} INFO - Started process (PID=949) to work on /Users/rishukhurana/anaconda3/lib/python3.11/site-packages/airflow/example_dags/example_skip_dag.py
[2024-12-22T02:37:40.336-0800] {processor.py:914} INFO - Processing file /Users/rishukhurana/anaconda3/lib/python3.11/site-packages/airflow/example_dags/example_skip_dag.py for tasks to queue
[2024-12-22T02:37:40.337-0800] {logging_mixin.py:190} INFO - [2024-12-22T02:37:40.337-0800] {dagbag.py:588} INFO - Filling up the DagBag from /Users/rishukhurana/anaconda3/lib/python3.11/site-packages/airflow/example_dags/example_skip_dag.py
[2024-12-22T02:37:40.345-0800] {processor.py:925} INFO - DAG(s) 'example_skip_dag' retrieved from /Users/rishukhurana/anaconda3/lib/python3.11/site-packages/airflow/example_dags/example_skip_dag.py
[2024-12-22T02:37:40.438-0800] {logging_mixin.py:190} INFO - [2024-12-22T02:37:40.438-0800] {dag.py:3239} INFO - Sync 1 DAGs
[2024-12-22T02:37:40.457-0800] {logging_mixin.py:190} INFO - [2024-12-22T02:37:40.456-0800] {dag.py:4180} INFO - Setting next_dagrun for example_skip_dag to 2024-12-21 00:00:00+00:00, run_after=2024-12-22 00:00:00+00:00
[2024-12-22T02:37:40.473-0800] {processor.py:208} INFO - Processing /Users/rishukhurana/anaconda3/lib/python3.11/site-packages/airflow/example_dags/example_skip_dag.py took 0.144 seconds
[2024-12-22T02:40:52.236-0800] {processor.py:186} INFO - Started process (PID=1220) to work on /Users/rishukhurana/anaconda3/lib/python3.11/site-packages/airflow/example_dags/example_skip_dag.py
[2024-12-22T02:40:52.237-0800] {processor.py:914} INFO - Processing file /Users/rishukhurana/anaconda3/lib/python3.11/site-packages/airflow/example_dags/example_skip_dag.py for tasks to queue
[2024-12-22T02:40:52.238-0800] {logging_mixin.py:190} INFO - [2024-12-22T02:40:52.238-0800] {dagbag.py:588} INFO - Filling up the DagBag from /Users/rishukhurana/anaconda3/lib/python3.11/site-packages/airflow/example_dags/example_skip_dag.py
[2024-12-22T02:40:52.247-0800] {processor.py:925} INFO - DAG(s) 'example_skip_dag' retrieved from /Users/rishukhurana/anaconda3/lib/python3.11/site-packages/airflow/example_dags/example_skip_dag.py
[2024-12-22T02:40:52.340-0800] {logging_mixin.py:190} INFO - [2024-12-22T02:40:52.340-0800] {dag.py:3239} INFO - Sync 1 DAGs
[2024-12-22T02:40:52.357-0800] {logging_mixin.py:190} INFO - [2024-12-22T02:40:52.357-0800] {dag.py:4180} INFO - Setting next_dagrun for example_skip_dag to 2024-12-21 00:00:00+00:00, run_after=2024-12-22 00:00:00+00:00
[2024-12-22T02:40:52.373-0800] {processor.py:208} INFO - Processing /Users/rishukhurana/anaconda3/lib/python3.11/site-packages/airflow/example_dags/example_skip_dag.py took 0.155 seconds
[2024-12-22T02:43:59.848-0800] {processor.py:186} INFO - Started process (PID=1425) to work on /Users/rishukhurana/anaconda3/lib/python3.11/site-packages/airflow/example_dags/example_skip_dag.py
[2024-12-22T02:43:59.852-0800] {processor.py:914} INFO - Processing file /Users/rishukhurana/anaconda3/lib/python3.11/site-packages/airflow/example_dags/example_skip_dag.py for tasks to queue
[2024-12-22T02:43:59.854-0800] {logging_mixin.py:190} INFO - [2024-12-22T02:43:59.853-0800] {dagbag.py:588} INFO - Filling up the DagBag from /Users/rishukhurana/anaconda3/lib/python3.11/site-packages/airflow/example_dags/example_skip_dag.py
[2024-12-22T02:43:59.861-0800] {processor.py:925} INFO - DAG(s) 'example_skip_dag' retrieved from /Users/rishukhurana/anaconda3/lib/python3.11/site-packages/airflow/example_dags/example_skip_dag.py
[2024-12-22T02:43:59.956-0800] {logging_mixin.py:190} INFO - [2024-12-22T02:43:59.956-0800] {dag.py:3239} INFO - Sync 1 DAGs
[2024-12-22T02:43:59.974-0800] {logging_mixin.py:190} INFO - [2024-12-22T02:43:59.974-0800] {dag.py:4180} INFO - Setting next_dagrun for example_skip_dag to 2024-12-21 00:00:00+00:00, run_after=2024-12-22 00:00:00+00:00
[2024-12-22T02:43:59.993-0800] {processor.py:208} INFO - Processing /Users/rishukhurana/anaconda3/lib/python3.11/site-packages/airflow/example_dags/example_skip_dag.py took 0.154 seconds
[2024-12-22T02:47:18.308-0800] {processor.py:186} INFO - Started process (PID=1691) to work on /Users/rishukhurana/anaconda3/lib/python3.11/site-packages/airflow/example_dags/example_skip_dag.py
[2024-12-22T02:47:18.311-0800] {processor.py:914} INFO - Processing file /Users/rishukhurana/anaconda3/lib/python3.11/site-packages/airflow/example_dags/example_skip_dag.py for tasks to queue
[2024-12-22T02:47:18.312-0800] {logging_mixin.py:190} INFO - [2024-12-22T02:47:18.312-0800] {dagbag.py:588} INFO - Filling up the DagBag from /Users/rishukhurana/anaconda3/lib/python3.11/site-packages/airflow/example_dags/example_skip_dag.py
[2024-12-22T02:47:18.322-0800] {processor.py:925} INFO - DAG(s) 'example_skip_dag' retrieved from /Users/rishukhurana/anaconda3/lib/python3.11/site-packages/airflow/example_dags/example_skip_dag.py
[2024-12-22T02:47:18.412-0800] {logging_mixin.py:190} INFO - [2024-12-22T02:47:18.411-0800] {dag.py:3239} INFO - Sync 1 DAGs
[2024-12-22T02:47:18.429-0800] {logging_mixin.py:190} INFO - [2024-12-22T02:47:18.429-0800] {dag.py:4180} INFO - Setting next_dagrun for example_skip_dag to 2024-12-21 00:00:00+00:00, run_after=2024-12-22 00:00:00+00:00
[2024-12-22T02:47:18.447-0800] {processor.py:208} INFO - Processing /Users/rishukhurana/anaconda3/lib/python3.11/site-packages/airflow/example_dags/example_skip_dag.py took 0.147 seconds
[2024-12-22T02:50:32.107-0800] {processor.py:186} INFO - Started process (PID=1842) to work on /Users/rishukhurana/anaconda3/lib/python3.11/site-packages/airflow/example_dags/example_skip_dag.py
[2024-12-22T02:50:32.109-0800] {processor.py:914} INFO - Processing file /Users/rishukhurana/anaconda3/lib/python3.11/site-packages/airflow/example_dags/example_skip_dag.py for tasks to queue
[2024-12-22T02:50:32.111-0800] {logging_mixin.py:190} INFO - [2024-12-22T02:50:32.110-0800] {dagbag.py:588} INFO - Filling up the DagBag from /Users/rishukhurana/anaconda3/lib/python3.11/site-packages/airflow/example_dags/example_skip_dag.py
[2024-12-22T02:50:32.122-0800] {processor.py:925} INFO - DAG(s) 'example_skip_dag' retrieved from /Users/rishukhurana/anaconda3/lib/python3.11/site-packages/airflow/example_dags/example_skip_dag.py
[2024-12-22T02:50:32.212-0800] {logging_mixin.py:190} INFO - [2024-12-22T02:50:32.212-0800] {dag.py:3239} INFO - Sync 1 DAGs
[2024-12-22T02:50:32.230-0800] {logging_mixin.py:190} INFO - [2024-12-22T02:50:32.229-0800] {dag.py:4180} INFO - Setting next_dagrun for example_skip_dag to 2024-12-21 00:00:00+00:00, run_after=2024-12-22 00:00:00+00:00
[2024-12-22T02:50:32.246-0800] {processor.py:208} INFO - Processing /Users/rishukhurana/anaconda3/lib/python3.11/site-packages/airflow/example_dags/example_skip_dag.py took 0.147 seconds
[2024-12-22T02:53:40.601-0800] {processor.py:186} INFO - Started process (PID=2000) to work on /Users/rishukhurana/anaconda3/lib/python3.11/site-packages/airflow/example_dags/example_skip_dag.py
[2024-12-22T02:53:40.603-0800] {processor.py:914} INFO - Processing file /Users/rishukhurana/anaconda3/lib/python3.11/site-packages/airflow/example_dags/example_skip_dag.py for tasks to queue
[2024-12-22T02:53:40.606-0800] {logging_mixin.py:190} INFO - [2024-12-22T02:53:40.605-0800] {dagbag.py:588} INFO - Filling up the DagBag from /Users/rishukhurana/anaconda3/lib/python3.11/site-packages/airflow/example_dags/example_skip_dag.py
[2024-12-22T02:53:40.613-0800] {processor.py:925} INFO - DAG(s) 'example_skip_dag' retrieved from /Users/rishukhurana/anaconda3/lib/python3.11/site-packages/airflow/example_dags/example_skip_dag.py
[2024-12-22T02:53:40.708-0800] {logging_mixin.py:190} INFO - [2024-12-22T02:53:40.707-0800] {dag.py:3239} INFO - Sync 1 DAGs
[2024-12-22T02:53:40.725-0800] {logging_mixin.py:190} INFO - [2024-12-22T02:53:40.725-0800] {dag.py:4180} INFO - Setting next_dagrun for example_skip_dag to 2024-12-21 00:00:00+00:00, run_after=2024-12-22 00:00:00+00:00
[2024-12-22T02:53:40.741-0800] {processor.py:208} INFO - Processing /Users/rishukhurana/anaconda3/lib/python3.11/site-packages/airflow/example_dags/example_skip_dag.py took 0.148 seconds
[2024-12-22T02:56:43.960-0800] {processor.py:186} INFO - Started process (PID=2146) to work on /Users/rishukhurana/anaconda3/lib/python3.11/site-packages/airflow/example_dags/example_skip_dag.py
[2024-12-22T02:56:43.961-0800] {processor.py:914} INFO - Processing file /Users/rishukhurana/anaconda3/lib/python3.11/site-packages/airflow/example_dags/example_skip_dag.py for tasks to queue
[2024-12-22T02:56:43.962-0800] {logging_mixin.py:190} INFO - [2024-12-22T02:56:43.962-0800] {dagbag.py:588} INFO - Filling up the DagBag from /Users/rishukhurana/anaconda3/lib/python3.11/site-packages/airflow/example_dags/example_skip_dag.py
[2024-12-22T02:56:43.975-0800] {processor.py:925} INFO - DAG(s) 'example_skip_dag' retrieved from /Users/rishukhurana/anaconda3/lib/python3.11/site-packages/airflow/example_dags/example_skip_dag.py
[2024-12-22T02:56:44.062-0800] {logging_mixin.py:190} INFO - [2024-12-22T02:56:44.062-0800] {dag.py:3239} INFO - Sync 1 DAGs
[2024-12-22T02:56:44.080-0800] {logging_mixin.py:190} INFO - [2024-12-22T02:56:44.079-0800] {dag.py:4180} INFO - Setting next_dagrun for example_skip_dag to 2024-12-21 00:00:00+00:00, run_after=2024-12-22 00:00:00+00:00
[2024-12-22T02:56:44.096-0800] {processor.py:208} INFO - Processing /Users/rishukhurana/anaconda3/lib/python3.11/site-packages/airflow/example_dags/example_skip_dag.py took 0.139 seconds
[2024-12-22T02:59:55.236-0800] {processor.py:186} INFO - Started process (PID=2309) to work on /Users/rishukhurana/anaconda3/lib/python3.11/site-packages/airflow/example_dags/example_skip_dag.py
[2024-12-22T02:59:55.238-0800] {processor.py:914} INFO - Processing file /Users/rishukhurana/anaconda3/lib/python3.11/site-packages/airflow/example_dags/example_skip_dag.py for tasks to queue
[2024-12-22T02:59:55.239-0800] {logging_mixin.py:190} INFO - [2024-12-22T02:59:55.239-0800] {dagbag.py:588} INFO - Filling up the DagBag from /Users/rishukhurana/anaconda3/lib/python3.11/site-packages/airflow/example_dags/example_skip_dag.py
[2024-12-22T02:59:55.252-0800] {processor.py:925} INFO - DAG(s) 'example_skip_dag' retrieved from /Users/rishukhurana/anaconda3/lib/python3.11/site-packages/airflow/example_dags/example_skip_dag.py
[2024-12-22T02:59:55.343-0800] {logging_mixin.py:190} INFO - [2024-12-22T02:59:55.342-0800] {dag.py:3239} INFO - Sync 1 DAGs
[2024-12-22T02:59:55.359-0800] {logging_mixin.py:190} INFO - [2024-12-22T02:59:55.358-0800] {dag.py:4180} INFO - Setting next_dagrun for example_skip_dag to 2024-12-21 00:00:00+00:00, run_after=2024-12-22 00:00:00+00:00
[2024-12-22T02:59:55.372-0800] {processor.py:208} INFO - Processing /Users/rishukhurana/anaconda3/lib/python3.11/site-packages/airflow/example_dags/example_skip_dag.py took 0.141 seconds
[2024-12-22T03:03:12.245-0800] {processor.py:186} INFO - Started process (PID=2514) to work on /Users/rishukhurana/anaconda3/lib/python3.11/site-packages/airflow/example_dags/example_skip_dag.py
[2024-12-22T03:03:12.247-0800] {processor.py:914} INFO - Processing file /Users/rishukhurana/anaconda3/lib/python3.11/site-packages/airflow/example_dags/example_skip_dag.py for tasks to queue
[2024-12-22T03:03:12.248-0800] {logging_mixin.py:190} INFO - [2024-12-22T03:03:12.248-0800] {dagbag.py:588} INFO - Filling up the DagBag from /Users/rishukhurana/anaconda3/lib/python3.11/site-packages/airflow/example_dags/example_skip_dag.py
[2024-12-22T03:03:12.258-0800] {processor.py:925} INFO - DAG(s) 'example_skip_dag' retrieved from /Users/rishukhurana/anaconda3/lib/python3.11/site-packages/airflow/example_dags/example_skip_dag.py
[2024-12-22T03:03:12.353-0800] {logging_mixin.py:190} INFO - [2024-12-22T03:03:12.353-0800] {dag.py:3239} INFO - Sync 1 DAGs
[2024-12-22T03:03:12.371-0800] {logging_mixin.py:190} INFO - [2024-12-22T03:03:12.370-0800] {dag.py:4180} INFO - Setting next_dagrun for example_skip_dag to 2024-12-21 00:00:00+00:00, run_after=2024-12-22 00:00:00+00:00
[2024-12-22T03:03:12.387-0800] {processor.py:208} INFO - Processing /Users/rishukhurana/anaconda3/lib/python3.11/site-packages/airflow/example_dags/example_skip_dag.py took 0.152 seconds
[2024-12-22T03:06:22.026-0800] {processor.py:186} INFO - Started process (PID=2662) to work on /Users/rishukhurana/anaconda3/lib/python3.11/site-packages/airflow/example_dags/example_skip_dag.py
[2024-12-22T03:06:22.028-0800] {processor.py:914} INFO - Processing file /Users/rishukhurana/anaconda3/lib/python3.11/site-packages/airflow/example_dags/example_skip_dag.py for tasks to queue
[2024-12-22T03:06:22.030-0800] {logging_mixin.py:190} INFO - [2024-12-22T03:06:22.030-0800] {dagbag.py:588} INFO - Filling up the DagBag from /Users/rishukhurana/anaconda3/lib/python3.11/site-packages/airflow/example_dags/example_skip_dag.py
[2024-12-22T03:06:22.038-0800] {processor.py:925} INFO - DAG(s) 'example_skip_dag' retrieved from /Users/rishukhurana/anaconda3/lib/python3.11/site-packages/airflow/example_dags/example_skip_dag.py
[2024-12-22T03:06:22.129-0800] {logging_mixin.py:190} INFO - [2024-12-22T03:06:22.129-0800] {dag.py:3239} INFO - Sync 1 DAGs
[2024-12-22T03:06:22.147-0800] {logging_mixin.py:190} INFO - [2024-12-22T03:06:22.147-0800] {dag.py:4180} INFO - Setting next_dagrun for example_skip_dag to 2024-12-21 00:00:00+00:00, run_after=2024-12-22 00:00:00+00:00
[2024-12-22T03:06:22.164-0800] {processor.py:208} INFO - Processing /Users/rishukhurana/anaconda3/lib/python3.11/site-packages/airflow/example_dags/example_skip_dag.py took 0.145 seconds
[2024-12-22T03:09:36.527-0800] {processor.py:186} INFO - Started process (PID=2820) to work on /Users/rishukhurana/anaconda3/lib/python3.11/site-packages/airflow/example_dags/example_skip_dag.py
[2024-12-22T03:09:36.529-0800] {processor.py:914} INFO - Processing file /Users/rishukhurana/anaconda3/lib/python3.11/site-packages/airflow/example_dags/example_skip_dag.py for tasks to queue
[2024-12-22T03:09:36.531-0800] {logging_mixin.py:190} INFO - [2024-12-22T03:09:36.531-0800] {dagbag.py:588} INFO - Filling up the DagBag from /Users/rishukhurana/anaconda3/lib/python3.11/site-packages/airflow/example_dags/example_skip_dag.py
[2024-12-22T03:09:36.541-0800] {processor.py:925} INFO - DAG(s) 'example_skip_dag' retrieved from /Users/rishukhurana/anaconda3/lib/python3.11/site-packages/airflow/example_dags/example_skip_dag.py
[2024-12-22T03:09:36.637-0800] {logging_mixin.py:190} INFO - [2024-12-22T03:09:36.637-0800] {dag.py:3239} INFO - Sync 1 DAGs
[2024-12-22T03:09:36.655-0800] {logging_mixin.py:190} INFO - [2024-12-22T03:09:36.655-0800] {dag.py:4180} INFO - Setting next_dagrun for example_skip_dag to 2024-12-21 00:00:00+00:00, run_after=2024-12-22 00:00:00+00:00
[2024-12-22T03:09:36.673-0800] {processor.py:208} INFO - Processing /Users/rishukhurana/anaconda3/lib/python3.11/site-packages/airflow/example_dags/example_skip_dag.py took 0.152 seconds
[2024-12-22T03:12:52.245-0800] {processor.py:186} INFO - Started process (PID=3079) to work on /Users/rishukhurana/anaconda3/lib/python3.11/site-packages/airflow/example_dags/example_skip_dag.py
[2024-12-22T03:12:52.248-0800] {processor.py:914} INFO - Processing file /Users/rishukhurana/anaconda3/lib/python3.11/site-packages/airflow/example_dags/example_skip_dag.py for tasks to queue
[2024-12-22T03:12:52.249-0800] {logging_mixin.py:190} INFO - [2024-12-22T03:12:52.249-0800] {dagbag.py:588} INFO - Filling up the DagBag from /Users/rishukhurana/anaconda3/lib/python3.11/site-packages/airflow/example_dags/example_skip_dag.py
[2024-12-22T03:12:52.258-0800] {processor.py:925} INFO - DAG(s) 'example_skip_dag' retrieved from /Users/rishukhurana/anaconda3/lib/python3.11/site-packages/airflow/example_dags/example_skip_dag.py
[2024-12-22T03:12:52.352-0800] {logging_mixin.py:190} INFO - [2024-12-22T03:12:52.352-0800] {dag.py:3239} INFO - Sync 1 DAGs
[2024-12-22T03:12:52.369-0800] {logging_mixin.py:190} INFO - [2024-12-22T03:12:52.369-0800] {dag.py:4180} INFO - Setting next_dagrun for example_skip_dag to 2024-12-21 00:00:00+00:00, run_after=2024-12-22 00:00:00+00:00
[2024-12-22T03:12:52.385-0800] {processor.py:208} INFO - Processing /Users/rishukhurana/anaconda3/lib/python3.11/site-packages/airflow/example_dags/example_skip_dag.py took 0.145 seconds
[2024-12-22T03:16:04.637-0800] {processor.py:186} INFO - Started process (PID=3235) to work on /Users/rishukhurana/anaconda3/lib/python3.11/site-packages/airflow/example_dags/example_skip_dag.py
[2024-12-22T03:16:04.639-0800] {processor.py:914} INFO - Processing file /Users/rishukhurana/anaconda3/lib/python3.11/site-packages/airflow/example_dags/example_skip_dag.py for tasks to queue
[2024-12-22T03:16:04.641-0800] {logging_mixin.py:190} INFO - [2024-12-22T03:16:04.641-0800] {dagbag.py:588} INFO - Filling up the DagBag from /Users/rishukhurana/anaconda3/lib/python3.11/site-packages/airflow/example_dags/example_skip_dag.py
[2024-12-22T03:16:04.651-0800] {processor.py:925} INFO - DAG(s) 'example_skip_dag' retrieved from /Users/rishukhurana/anaconda3/lib/python3.11/site-packages/airflow/example_dags/example_skip_dag.py
[2024-12-22T03:16:04.744-0800] {logging_mixin.py:190} INFO - [2024-12-22T03:16:04.743-0800] {dag.py:3239} INFO - Sync 1 DAGs
[2024-12-22T03:16:04.762-0800] {logging_mixin.py:190} INFO - [2024-12-22T03:16:04.762-0800] {dag.py:4180} INFO - Setting next_dagrun for example_skip_dag to 2024-12-21 00:00:00+00:00, run_after=2024-12-22 00:00:00+00:00
[2024-12-22T03:16:04.778-0800] {processor.py:208} INFO - Processing /Users/rishukhurana/anaconda3/lib/python3.11/site-packages/airflow/example_dags/example_skip_dag.py took 0.149 seconds
[2024-12-22T03:19:13.727-0800] {processor.py:186} INFO - Started process (PID=3386) to work on /Users/rishukhurana/anaconda3/lib/python3.11/site-packages/airflow/example_dags/example_skip_dag.py
[2024-12-22T03:19:13.729-0800] {processor.py:914} INFO - Processing file /Users/rishukhurana/anaconda3/lib/python3.11/site-packages/airflow/example_dags/example_skip_dag.py for tasks to queue
[2024-12-22T03:19:13.731-0800] {logging_mixin.py:190} INFO - [2024-12-22T03:19:13.731-0800] {dagbag.py:588} INFO - Filling up the DagBag from /Users/rishukhurana/anaconda3/lib/python3.11/site-packages/airflow/example_dags/example_skip_dag.py
[2024-12-22T03:19:13.739-0800] {processor.py:925} INFO - DAG(s) 'example_skip_dag' retrieved from /Users/rishukhurana/anaconda3/lib/python3.11/site-packages/airflow/example_dags/example_skip_dag.py
[2024-12-22T03:19:13.825-0800] {logging_mixin.py:190} INFO - [2024-12-22T03:19:13.824-0800] {dag.py:3239} INFO - Sync 1 DAGs
[2024-12-22T03:19:13.841-0800] {logging_mixin.py:190} INFO - [2024-12-22T03:19:13.841-0800] {dag.py:4180} INFO - Setting next_dagrun for example_skip_dag to 2024-12-21 00:00:00+00:00, run_after=2024-12-22 00:00:00+00:00
[2024-12-22T03:19:13.858-0800] {processor.py:208} INFO - Processing /Users/rishukhurana/anaconda3/lib/python3.11/site-packages/airflow/example_dags/example_skip_dag.py took 0.139 seconds
[2024-12-22T03:22:24.728-0800] {processor.py:186} INFO - Started process (PID=3544) to work on /Users/rishukhurana/anaconda3/lib/python3.11/site-packages/airflow/example_dags/example_skip_dag.py
[2024-12-22T03:22:24.730-0800] {processor.py:914} INFO - Processing file /Users/rishukhurana/anaconda3/lib/python3.11/site-packages/airflow/example_dags/example_skip_dag.py for tasks to queue
[2024-12-22T03:22:24.733-0800] {logging_mixin.py:190} INFO - [2024-12-22T03:22:24.732-0800] {dagbag.py:588} INFO - Filling up the DagBag from /Users/rishukhurana/anaconda3/lib/python3.11/site-packages/airflow/example_dags/example_skip_dag.py
[2024-12-22T03:22:24.744-0800] {processor.py:925} INFO - DAG(s) 'example_skip_dag' retrieved from /Users/rishukhurana/anaconda3/lib/python3.11/site-packages/airflow/example_dags/example_skip_dag.py
[2024-12-22T03:22:24.861-0800] {logging_mixin.py:190} INFO - [2024-12-22T03:22:24.861-0800] {dag.py:3239} INFO - Sync 1 DAGs
[2024-12-22T03:22:24.883-0800] {logging_mixin.py:190} INFO - [2024-12-22T03:22:24.882-0800] {dag.py:4180} INFO - Setting next_dagrun for example_skip_dag to 2024-12-21 00:00:00+00:00, run_after=2024-12-22 00:00:00+00:00
[2024-12-22T03:22:24.904-0800] {processor.py:208} INFO - Processing /Users/rishukhurana/anaconda3/lib/python3.11/site-packages/airflow/example_dags/example_skip_dag.py took 0.185 seconds
[2024-12-22T03:25:42.001-0800] {processor.py:186} INFO - Started process (PID=3952) to work on /Users/rishukhurana/anaconda3/lib/python3.11/site-packages/airflow/example_dags/example_skip_dag.py
[2024-12-22T03:25:42.004-0800] {processor.py:914} INFO - Processing file /Users/rishukhurana/anaconda3/lib/python3.11/site-packages/airflow/example_dags/example_skip_dag.py for tasks to queue
[2024-12-22T03:25:42.005-0800] {logging_mixin.py:190} INFO - [2024-12-22T03:25:42.005-0800] {dagbag.py:588} INFO - Filling up the DagBag from /Users/rishukhurana/anaconda3/lib/python3.11/site-packages/airflow/example_dags/example_skip_dag.py
[2024-12-22T03:25:42.016-0800] {processor.py:925} INFO - DAG(s) 'example_skip_dag' retrieved from /Users/rishukhurana/anaconda3/lib/python3.11/site-packages/airflow/example_dags/example_skip_dag.py
[2024-12-22T03:25:42.107-0800] {logging_mixin.py:190} INFO - [2024-12-22T03:25:42.107-0800] {dag.py:3239} INFO - Sync 1 DAGs
[2024-12-22T03:25:42.125-0800] {logging_mixin.py:190} INFO - [2024-12-22T03:25:42.124-0800] {dag.py:4180} INFO - Setting next_dagrun for example_skip_dag to 2024-12-21 00:00:00+00:00, run_after=2024-12-22 00:00:00+00:00
[2024-12-22T03:25:42.141-0800] {processor.py:208} INFO - Processing /Users/rishukhurana/anaconda3/lib/python3.11/site-packages/airflow/example_dags/example_skip_dag.py took 0.148 seconds
