[2024-12-22T02:21:16.239-0800] {processor.py:186} INFO - Started process (PID=99914) to work on /Users/rishukhurana/anaconda3/lib/python3.11/site-packages/airflow/example_dags/example_branch_datetime_operator.py
[2024-12-22T02:21:16.241-0800] {processor.py:914} INFO - Processing file /Users/rishukhurana/anaconda3/lib/python3.11/site-packages/airflow/example_dags/example_branch_datetime_operator.py for tasks to queue
[2024-12-22T02:21:16.244-0800] {logging_mixin.py:190} INFO - [2024-12-22T02:21:16.243-0800] {dagbag.py:588} INFO - Filling up the DagBag from /Users/rishukhurana/anaconda3/lib/python3.11/site-packages/airflow/example_dags/example_branch_datetime_operator.py
[2024-12-22T02:21:16.275-0800] {processor.py:925} INFO - DAG(s) 'example_branch_datetime_operator_2', 'example_branch_datetime_operator', 'example_branch_datetime_operator_3' retrieved from /Users/rishukhurana/anaconda3/lib/python3.11/site-packages/airflow/example_dags/example_branch_datetime_operator.py
[2024-12-22T02:21:16.477-0800] {logging_mixin.py:190} INFO - [2024-12-22T02:21:16.476-0800] {dag.py:3239} INFO - Sync 3 DAGs
[2024-12-22T02:21:16.518-0800] {logging_mixin.py:190} INFO - [2024-12-22T02:21:16.518-0800] {dag.py:4180} INFO - Setting next_dagrun for example_branch_datetime_operator to 2024-12-21 00:00:00+00:00, run_after=2024-12-22 00:00:00+00:00
[2024-12-22T02:21:16.531-0800] {logging_mixin.py:190} INFO - [2024-12-22T02:21:16.530-0800] {dag.py:4180} INFO - Setting next_dagrun for example_branch_datetime_operator_2 to 2024-12-21 00:00:00+00:00, run_after=2024-12-22 00:00:00+00:00
[2024-12-22T02:21:16.538-0800] {logging_mixin.py:190} INFO - [2024-12-22T02:21:16.538-0800] {dag.py:4180} INFO - Setting next_dagrun for example_branch_datetime_operator_3 to 2024-12-21 00:00:00+00:00, run_after=2024-12-22 00:00:00+00:00
[2024-12-22T02:21:16.569-0800] {processor.py:208} INFO - Processing /Users/rishukhurana/anaconda3/lib/python3.11/site-packages/airflow/example_dags/example_branch_datetime_operator.py took 0.339 seconds
[2024-12-22T02:29:23.582-0800] {processor.py:186} INFO - Started process (PID=467) to work on /Users/rishukhurana/anaconda3/lib/python3.11/site-packages/airflow/example_dags/example_branch_datetime_operator.py
[2024-12-22T02:29:23.585-0800] {processor.py:914} INFO - Processing file /Users/rishukhurana/anaconda3/lib/python3.11/site-packages/airflow/example_dags/example_branch_datetime_operator.py for tasks to queue
[2024-12-22T02:29:23.587-0800] {logging_mixin.py:190} INFO - [2024-12-22T02:29:23.586-0800] {dagbag.py:588} INFO - Filling up the DagBag from /Users/rishukhurana/anaconda3/lib/python3.11/site-packages/airflow/example_dags/example_branch_datetime_operator.py
[2024-12-22T02:29:23.601-0800] {processor.py:925} INFO - DAG(s) 'example_branch_datetime_operator_2', 'example_branch_datetime_operator_3', 'example_branch_datetime_operator' retrieved from /Users/rishukhurana/anaconda3/lib/python3.11/site-packages/airflow/example_dags/example_branch_datetime_operator.py
[2024-12-22T02:29:23.695-0800] {logging_mixin.py:190} INFO - [2024-12-22T02:29:23.695-0800] {dag.py:3239} INFO - Sync 3 DAGs
[2024-12-22T02:29:23.714-0800] {logging_mixin.py:190} INFO - [2024-12-22T02:29:23.713-0800] {dag.py:4180} INFO - Setting next_dagrun for example_branch_datetime_operator to 2024-12-21 00:00:00+00:00, run_after=2024-12-22 00:00:00+00:00
[2024-12-22T02:29:23.718-0800] {logging_mixin.py:190} INFO - [2024-12-22T02:29:23.718-0800] {dag.py:4180} INFO - Setting next_dagrun for example_branch_datetime_operator_2 to 2024-12-21 00:00:00+00:00, run_after=2024-12-22 00:00:00+00:00
[2024-12-22T02:29:23.720-0800] {logging_mixin.py:190} INFO - [2024-12-22T02:29:23.720-0800] {dag.py:4180} INFO - Setting next_dagrun for example_branch_datetime_operator_3 to 2024-12-21 00:00:00+00:00, run_after=2024-12-22 00:00:00+00:00
[2024-12-22T02:29:23.736-0800] {processor.py:208} INFO - Processing /Users/rishukhurana/anaconda3/lib/python3.11/site-packages/airflow/example_dags/example_branch_datetime_operator.py took 0.162 seconds
[2024-12-22T02:35:56.860-0800] {processor.py:186} INFO - Started process (PID=854) to work on /Users/rishukhurana/anaconda3/lib/python3.11/site-packages/airflow/example_dags/example_branch_datetime_operator.py
[2024-12-22T02:35:56.862-0800] {processor.py:914} INFO - Processing file /Users/rishukhurana/anaconda3/lib/python3.11/site-packages/airflow/example_dags/example_branch_datetime_operator.py for tasks to queue
[2024-12-22T02:35:56.864-0800] {logging_mixin.py:190} INFO - [2024-12-22T02:35:56.863-0800] {dagbag.py:588} INFO - Filling up the DagBag from /Users/rishukhurana/anaconda3/lib/python3.11/site-packages/airflow/example_dags/example_branch_datetime_operator.py
[2024-12-22T02:35:56.879-0800] {processor.py:925} INFO - DAG(s) 'example_branch_datetime_operator', 'example_branch_datetime_operator_2', 'example_branch_datetime_operator_3' retrieved from /Users/rishukhurana/anaconda3/lib/python3.11/site-packages/airflow/example_dags/example_branch_datetime_operator.py
[2024-12-22T02:35:56.979-0800] {logging_mixin.py:190} INFO - [2024-12-22T02:35:56.979-0800] {dag.py:3239} INFO - Sync 3 DAGs
[2024-12-22T02:35:56.998-0800] {logging_mixin.py:190} INFO - [2024-12-22T02:35:56.998-0800] {dag.py:4180} INFO - Setting next_dagrun for example_branch_datetime_operator to 2024-12-21 00:00:00+00:00, run_after=2024-12-22 00:00:00+00:00
[2024-12-22T02:35:57.002-0800] {logging_mixin.py:190} INFO - [2024-12-22T02:35:57.002-0800] {dag.py:4180} INFO - Setting next_dagrun for example_branch_datetime_operator_2 to 2024-12-21 00:00:00+00:00, run_after=2024-12-22 00:00:00+00:00
[2024-12-22T02:35:57.004-0800] {logging_mixin.py:190} INFO - [2024-12-22T02:35:57.004-0800] {dag.py:4180} INFO - Setting next_dagrun for example_branch_datetime_operator_3 to 2024-12-21 00:00:00+00:00, run_after=2024-12-22 00:00:00+00:00
[2024-12-22T02:35:57.019-0800] {processor.py:208} INFO - Processing /Users/rishukhurana/anaconda3/lib/python3.11/site-packages/airflow/example_dags/example_branch_datetime_operator.py took 0.166 seconds
[2024-12-22T02:42:23.296-0800] {processor.py:186} INFO - Started process (PID=1330) to work on /Users/rishukhurana/anaconda3/lib/python3.11/site-packages/airflow/example_dags/example_branch_datetime_operator.py
[2024-12-22T02:42:23.298-0800] {processor.py:914} INFO - Processing file /Users/rishukhurana/anaconda3/lib/python3.11/site-packages/airflow/example_dags/example_branch_datetime_operator.py for tasks to queue
[2024-12-22T02:42:23.300-0800] {logging_mixin.py:190} INFO - [2024-12-22T02:42:23.300-0800] {dagbag.py:588} INFO - Filling up the DagBag from /Users/rishukhurana/anaconda3/lib/python3.11/site-packages/airflow/example_dags/example_branch_datetime_operator.py
[2024-12-22T02:42:23.312-0800] {processor.py:925} INFO - DAG(s) 'example_branch_datetime_operator_2', 'example_branch_datetime_operator', 'example_branch_datetime_operator_3' retrieved from /Users/rishukhurana/anaconda3/lib/python3.11/site-packages/airflow/example_dags/example_branch_datetime_operator.py
[2024-12-22T02:42:23.404-0800] {logging_mixin.py:190} INFO - [2024-12-22T02:42:23.403-0800] {dag.py:3239} INFO - Sync 3 DAGs
[2024-12-22T02:42:23.421-0800] {logging_mixin.py:190} INFO - [2024-12-22T02:42:23.421-0800] {dag.py:4180} INFO - Setting next_dagrun for example_branch_datetime_operator to 2024-12-21 00:00:00+00:00, run_after=2024-12-22 00:00:00+00:00
[2024-12-22T02:42:23.425-0800] {logging_mixin.py:190} INFO - [2024-12-22T02:42:23.424-0800] {dag.py:4180} INFO - Setting next_dagrun for example_branch_datetime_operator_2 to 2024-12-21 00:00:00+00:00, run_after=2024-12-22 00:00:00+00:00
[2024-12-22T02:42:23.426-0800] {logging_mixin.py:190} INFO - [2024-12-22T02:42:23.426-0800] {dag.py:4180} INFO - Setting next_dagrun for example_branch_datetime_operator_3 to 2024-12-21 00:00:00+00:00, run_after=2024-12-22 00:00:00+00:00
[2024-12-22T02:42:23.440-0800] {processor.py:208} INFO - Processing /Users/rishukhurana/anaconda3/lib/python3.11/site-packages/airflow/example_dags/example_branch_datetime_operator.py took 0.152 seconds
[2024-12-22T02:48:52.362-0800] {processor.py:186} INFO - Started process (PID=1765) to work on /Users/rishukhurana/anaconda3/lib/python3.11/site-packages/airflow/example_dags/example_branch_datetime_operator.py
[2024-12-22T02:48:52.364-0800] {processor.py:914} INFO - Processing file /Users/rishukhurana/anaconda3/lib/python3.11/site-packages/airflow/example_dags/example_branch_datetime_operator.py for tasks to queue
[2024-12-22T02:48:52.366-0800] {logging_mixin.py:190} INFO - [2024-12-22T02:48:52.365-0800] {dagbag.py:588} INFO - Filling up the DagBag from /Users/rishukhurana/anaconda3/lib/python3.11/site-packages/airflow/example_dags/example_branch_datetime_operator.py
[2024-12-22T02:48:52.379-0800] {processor.py:925} INFO - DAG(s) 'example_branch_datetime_operator_3', 'example_branch_datetime_operator', 'example_branch_datetime_operator_2' retrieved from /Users/rishukhurana/anaconda3/lib/python3.11/site-packages/airflow/example_dags/example_branch_datetime_operator.py
[2024-12-22T02:48:52.472-0800] {logging_mixin.py:190} INFO - [2024-12-22T02:48:52.471-0800] {dag.py:3239} INFO - Sync 3 DAGs
[2024-12-22T02:48:52.490-0800] {logging_mixin.py:190} INFO - [2024-12-22T02:48:52.489-0800] {dag.py:4180} INFO - Setting next_dagrun for example_branch_datetime_operator to 2024-12-21 00:00:00+00:00, run_after=2024-12-22 00:00:00+00:00
[2024-12-22T02:48:52.493-0800] {logging_mixin.py:190} INFO - [2024-12-22T02:48:52.493-0800] {dag.py:4180} INFO - Setting next_dagrun for example_branch_datetime_operator_2 to 2024-12-21 00:00:00+00:00, run_after=2024-12-22 00:00:00+00:00
[2024-12-22T02:48:52.495-0800] {logging_mixin.py:190} INFO - [2024-12-22T02:48:52.495-0800] {dag.py:4180} INFO - Setting next_dagrun for example_branch_datetime_operator_3 to 2024-12-21 00:00:00+00:00, run_after=2024-12-22 00:00:00+00:00
[2024-12-22T02:48:52.511-0800] {processor.py:208} INFO - Processing /Users/rishukhurana/anaconda3/lib/python3.11/site-packages/airflow/example_dags/example_branch_datetime_operator.py took 0.157 seconds
[2024-12-22T02:55:10.856-0800] {processor.py:186} INFO - Started process (PID=2071) to work on /Users/rishukhurana/anaconda3/lib/python3.11/site-packages/airflow/example_dags/example_branch_datetime_operator.py
[2024-12-22T02:55:10.858-0800] {processor.py:914} INFO - Processing file /Users/rishukhurana/anaconda3/lib/python3.11/site-packages/airflow/example_dags/example_branch_datetime_operator.py for tasks to queue
[2024-12-22T02:55:10.860-0800] {logging_mixin.py:190} INFO - [2024-12-22T02:55:10.860-0800] {dagbag.py:588} INFO - Filling up the DagBag from /Users/rishukhurana/anaconda3/lib/python3.11/site-packages/airflow/example_dags/example_branch_datetime_operator.py
[2024-12-22T02:55:10.873-0800] {processor.py:925} INFO - DAG(s) 'example_branch_datetime_operator_3', 'example_branch_datetime_operator', 'example_branch_datetime_operator_2' retrieved from /Users/rishukhurana/anaconda3/lib/python3.11/site-packages/airflow/example_dags/example_branch_datetime_operator.py
[2024-12-22T02:55:10.967-0800] {logging_mixin.py:190} INFO - [2024-12-22T02:55:10.966-0800] {dag.py:3239} INFO - Sync 3 DAGs
[2024-12-22T02:55:10.986-0800] {logging_mixin.py:190} INFO - [2024-12-22T02:55:10.986-0800] {dag.py:4180} INFO - Setting next_dagrun for example_branch_datetime_operator to 2024-12-21 00:00:00+00:00, run_after=2024-12-22 00:00:00+00:00
[2024-12-22T02:55:10.990-0800] {logging_mixin.py:190} INFO - [2024-12-22T02:55:10.990-0800] {dag.py:4180} INFO - Setting next_dagrun for example_branch_datetime_operator_2 to 2024-12-21 00:00:00+00:00, run_after=2024-12-22 00:00:00+00:00
[2024-12-22T02:55:10.992-0800] {logging_mixin.py:190} INFO - [2024-12-22T02:55:10.992-0800] {dag.py:4180} INFO - Setting next_dagrun for example_branch_datetime_operator_3 to 2024-12-21 00:00:00+00:00, run_after=2024-12-22 00:00:00+00:00
[2024-12-22T02:55:11.006-0800] {processor.py:208} INFO - Processing /Users/rishukhurana/anaconda3/lib/python3.11/site-packages/airflow/example_dags/example_branch_datetime_operator.py took 0.159 seconds
[2024-12-22T03:01:31.433-0800] {processor.py:186} INFO - Started process (PID=2425) to work on /Users/rishukhurana/anaconda3/lib/python3.11/site-packages/airflow/example_dags/example_branch_datetime_operator.py
[2024-12-22T03:01:31.435-0800] {processor.py:914} INFO - Processing file /Users/rishukhurana/anaconda3/lib/python3.11/site-packages/airflow/example_dags/example_branch_datetime_operator.py for tasks to queue
[2024-12-22T03:01:31.436-0800] {logging_mixin.py:190} INFO - [2024-12-22T03:01:31.436-0800] {dagbag.py:588} INFO - Filling up the DagBag from /Users/rishukhurana/anaconda3/lib/python3.11/site-packages/airflow/example_dags/example_branch_datetime_operator.py
[2024-12-22T03:01:31.447-0800] {processor.py:925} INFO - DAG(s) 'example_branch_datetime_operator_3', 'example_branch_datetime_operator_2', 'example_branch_datetime_operator' retrieved from /Users/rishukhurana/anaconda3/lib/python3.11/site-packages/airflow/example_dags/example_branch_datetime_operator.py
[2024-12-22T03:01:31.543-0800] {logging_mixin.py:190} INFO - [2024-12-22T03:01:31.543-0800] {dag.py:3239} INFO - Sync 3 DAGs
[2024-12-22T03:01:31.561-0800] {logging_mixin.py:190} INFO - [2024-12-22T03:01:31.560-0800] {dag.py:4180} INFO - Setting next_dagrun for example_branch_datetime_operator to 2024-12-21 00:00:00+00:00, run_after=2024-12-22 00:00:00+00:00
[2024-12-22T03:01:31.564-0800] {logging_mixin.py:190} INFO - [2024-12-22T03:01:31.564-0800] {dag.py:4180} INFO - Setting next_dagrun for example_branch_datetime_operator_2 to 2024-12-21 00:00:00+00:00, run_after=2024-12-22 00:00:00+00:00
[2024-12-22T03:01:31.566-0800] {logging_mixin.py:190} INFO - [2024-12-22T03:01:31.566-0800] {dag.py:4180} INFO - Setting next_dagrun for example_branch_datetime_operator_3 to 2024-12-21 00:00:00+00:00, run_after=2024-12-22 00:00:00+00:00
[2024-12-22T03:01:31.580-0800] {processor.py:208} INFO - Processing /Users/rishukhurana/anaconda3/lib/python3.11/site-packages/airflow/example_dags/example_branch_datetime_operator.py took 0.155 seconds
[2024-12-22T03:07:54.306-0800] {processor.py:186} INFO - Started process (PID=2736) to work on /Users/rishukhurana/anaconda3/lib/python3.11/site-packages/airflow/example_dags/example_branch_datetime_operator.py
[2024-12-22T03:07:54.307-0800] {processor.py:914} INFO - Processing file /Users/rishukhurana/anaconda3/lib/python3.11/site-packages/airflow/example_dags/example_branch_datetime_operator.py for tasks to queue
[2024-12-22T03:07:54.309-0800] {logging_mixin.py:190} INFO - [2024-12-22T03:07:54.309-0800] {dagbag.py:588} INFO - Filling up the DagBag from /Users/rishukhurana/anaconda3/lib/python3.11/site-packages/airflow/example_dags/example_branch_datetime_operator.py
[2024-12-22T03:07:54.324-0800] {processor.py:925} INFO - DAG(s) 'example_branch_datetime_operator_2', 'example_branch_datetime_operator_3', 'example_branch_datetime_operator' retrieved from /Users/rishukhurana/anaconda3/lib/python3.11/site-packages/airflow/example_dags/example_branch_datetime_operator.py
[2024-12-22T03:07:54.424-0800] {logging_mixin.py:190} INFO - [2024-12-22T03:07:54.423-0800] {dag.py:3239} INFO - Sync 3 DAGs
[2024-12-22T03:07:54.442-0800] {logging_mixin.py:190} INFO - [2024-12-22T03:07:54.442-0800] {dag.py:4180} INFO - Setting next_dagrun for example_branch_datetime_operator to 2024-12-21 00:00:00+00:00, run_after=2024-12-22 00:00:00+00:00
[2024-12-22T03:07:54.446-0800] {logging_mixin.py:190} INFO - [2024-12-22T03:07:54.446-0800] {dag.py:4180} INFO - Setting next_dagrun for example_branch_datetime_operator_2 to 2024-12-21 00:00:00+00:00, run_after=2024-12-22 00:00:00+00:00
[2024-12-22T03:07:54.448-0800] {logging_mixin.py:190} INFO - [2024-12-22T03:07:54.448-0800] {dag.py:4180} INFO - Setting next_dagrun for example_branch_datetime_operator_3 to 2024-12-21 00:00:00+00:00, run_after=2024-12-22 00:00:00+00:00
[2024-12-22T03:07:54.462-0800] {processor.py:208} INFO - Processing /Users/rishukhurana/anaconda3/lib/python3.11/site-packages/airflow/example_dags/example_branch_datetime_operator.py took 0.164 seconds
[2024-12-22T03:14:23.501-0800] {processor.py:186} INFO - Started process (PID=3151) to work on /Users/rishukhurana/anaconda3/lib/python3.11/site-packages/airflow/example_dags/example_branch_datetime_operator.py
[2024-12-22T03:14:23.503-0800] {processor.py:914} INFO - Processing file /Users/rishukhurana/anaconda3/lib/python3.11/site-packages/airflow/example_dags/example_branch_datetime_operator.py for tasks to queue
[2024-12-22T03:14:23.505-0800] {logging_mixin.py:190} INFO - [2024-12-22T03:14:23.505-0800] {dagbag.py:588} INFO - Filling up the DagBag from /Users/rishukhurana/anaconda3/lib/python3.11/site-packages/airflow/example_dags/example_branch_datetime_operator.py
[2024-12-22T03:14:23.519-0800] {processor.py:925} INFO - DAG(s) 'example_branch_datetime_operator_2', 'example_branch_datetime_operator_3', 'example_branch_datetime_operator' retrieved from /Users/rishukhurana/anaconda3/lib/python3.11/site-packages/airflow/example_dags/example_branch_datetime_operator.py
[2024-12-22T03:14:23.619-0800] {logging_mixin.py:190} INFO - [2024-12-22T03:14:23.619-0800] {dag.py:3239} INFO - Sync 3 DAGs
[2024-12-22T03:14:23.638-0800] {logging_mixin.py:190} INFO - [2024-12-22T03:14:23.638-0800] {dag.py:4180} INFO - Setting next_dagrun for example_branch_datetime_operator to 2024-12-21 00:00:00+00:00, run_after=2024-12-22 00:00:00+00:00
[2024-12-22T03:14:23.642-0800] {logging_mixin.py:190} INFO - [2024-12-22T03:14:23.642-0800] {dag.py:4180} INFO - Setting next_dagrun for example_branch_datetime_operator_2 to 2024-12-21 00:00:00+00:00, run_after=2024-12-22 00:00:00+00:00
[2024-12-22T03:14:23.644-0800] {logging_mixin.py:190} INFO - [2024-12-22T03:14:23.644-0800] {dag.py:4180} INFO - Setting next_dagrun for example_branch_datetime_operator_3 to 2024-12-21 00:00:00+00:00, run_after=2024-12-22 00:00:00+00:00
[2024-12-22T03:14:23.658-0800] {processor.py:208} INFO - Processing /Users/rishukhurana/anaconda3/lib/python3.11/site-packages/airflow/example_dags/example_branch_datetime_operator.py took 0.166 seconds
[2024-12-22T03:20:44.561-0800] {processor.py:186} INFO - Started process (PID=3466) to work on /Users/rishukhurana/anaconda3/lib/python3.11/site-packages/airflow/example_dags/example_branch_datetime_operator.py
[2024-12-22T03:20:44.564-0800] {processor.py:914} INFO - Processing file /Users/rishukhurana/anaconda3/lib/python3.11/site-packages/airflow/example_dags/example_branch_datetime_operator.py for tasks to queue
[2024-12-22T03:20:44.565-0800] {logging_mixin.py:190} INFO - [2024-12-22T03:20:44.565-0800] {dagbag.py:588} INFO - Filling up the DagBag from /Users/rishukhurana/anaconda3/lib/python3.11/site-packages/airflow/example_dags/example_branch_datetime_operator.py
[2024-12-22T03:20:44.579-0800] {processor.py:925} INFO - DAG(s) 'example_branch_datetime_operator_3', 'example_branch_datetime_operator', 'example_branch_datetime_operator_2' retrieved from /Users/rishukhurana/anaconda3/lib/python3.11/site-packages/airflow/example_dags/example_branch_datetime_operator.py
[2024-12-22T03:20:44.668-0800] {logging_mixin.py:190} INFO - [2024-12-22T03:20:44.668-0800] {dag.py:3239} INFO - Sync 3 DAGs
[2024-12-22T03:20:44.684-0800] {logging_mixin.py:190} INFO - [2024-12-22T03:20:44.684-0800] {dag.py:4180} INFO - Setting next_dagrun for example_branch_datetime_operator to 2024-12-21 00:00:00+00:00, run_after=2024-12-22 00:00:00+00:00
[2024-12-22T03:20:44.688-0800] {logging_mixin.py:190} INFO - [2024-12-22T03:20:44.688-0800] {dag.py:4180} INFO - Setting next_dagrun for example_branch_datetime_operator_2 to 2024-12-21 00:00:00+00:00, run_after=2024-12-22 00:00:00+00:00
[2024-12-22T03:20:44.690-0800] {logging_mixin.py:190} INFO - [2024-12-22T03:20:44.690-0800] {dag.py:4180} INFO - Setting next_dagrun for example_branch_datetime_operator_3 to 2024-12-21 00:00:00+00:00, run_after=2024-12-22 00:00:00+00:00
[2024-12-22T03:20:44.703-0800] {processor.py:208} INFO - Processing /Users/rishukhurana/anaconda3/lib/python3.11/site-packages/airflow/example_dags/example_branch_datetime_operator.py took 0.147 seconds
[2024-12-22T03:27:13.114-0800] {processor.py:186} INFO - Started process (PID=4108) to work on /Users/rishukhurana/anaconda3/lib/python3.11/site-packages/airflow/example_dags/example_branch_datetime_operator.py
[2024-12-22T03:27:13.116-0800] {processor.py:914} INFO - Processing file /Users/rishukhurana/anaconda3/lib/python3.11/site-packages/airflow/example_dags/example_branch_datetime_operator.py for tasks to queue
[2024-12-22T03:27:13.118-0800] {logging_mixin.py:190} INFO - [2024-12-22T03:27:13.117-0800] {dagbag.py:588} INFO - Filling up the DagBag from /Users/rishukhurana/anaconda3/lib/python3.11/site-packages/airflow/example_dags/example_branch_datetime_operator.py
[2024-12-22T03:27:13.133-0800] {processor.py:925} INFO - DAG(s) 'example_branch_datetime_operator_2', 'example_branch_datetime_operator', 'example_branch_datetime_operator_3' retrieved from /Users/rishukhurana/anaconda3/lib/python3.11/site-packages/airflow/example_dags/example_branch_datetime_operator.py
[2024-12-22T03:27:13.233-0800] {logging_mixin.py:190} INFO - [2024-12-22T03:27:13.233-0800] {dag.py:3239} INFO - Sync 3 DAGs
[2024-12-22T03:27:13.252-0800] {logging_mixin.py:190} INFO - [2024-12-22T03:27:13.252-0800] {dag.py:4180} INFO - Setting next_dagrun for example_branch_datetime_operator to 2024-12-21 00:00:00+00:00, run_after=2024-12-22 00:00:00+00:00
[2024-12-22T03:27:13.256-0800] {logging_mixin.py:190} INFO - [2024-12-22T03:27:13.256-0800] {dag.py:4180} INFO - Setting next_dagrun for example_branch_datetime_operator_2 to 2024-12-21 00:00:00+00:00, run_after=2024-12-22 00:00:00+00:00
[2024-12-22T03:27:13.258-0800] {logging_mixin.py:190} INFO - [2024-12-22T03:27:13.258-0800] {dag.py:4180} INFO - Setting next_dagrun for example_branch_datetime_operator_3 to 2024-12-21 00:00:00+00:00, run_after=2024-12-22 00:00:00+00:00
[2024-12-22T03:27:13.274-0800] {processor.py:208} INFO - Processing /Users/rishukhurana/anaconda3/lib/python3.11/site-packages/airflow/example_dags/example_branch_datetime_operator.py took 0.165 seconds
[2024-12-22T03:53:32.110-0800] {processor.py:186} INFO - Started process (PID=6678) to work on /Users/rishukhurana/anaconda3/lib/python3.11/site-packages/airflow/example_dags/example_branch_datetime_operator.py
[2024-12-22T03:53:32.112-0800] {processor.py:914} INFO - Processing file /Users/rishukhurana/anaconda3/lib/python3.11/site-packages/airflow/example_dags/example_branch_datetime_operator.py for tasks to queue
[2024-12-22T03:53:32.113-0800] {logging_mixin.py:190} INFO - [2024-12-22T03:53:32.113-0800] {dagbag.py:588} INFO - Filling up the DagBag from /Users/rishukhurana/anaconda3/lib/python3.11/site-packages/airflow/example_dags/example_branch_datetime_operator.py
[2024-12-22T03:53:32.128-0800] {processor.py:925} INFO - DAG(s) 'example_branch_datetime_operator_3', 'example_branch_datetime_operator_2', 'example_branch_datetime_operator' retrieved from /Users/rishukhurana/anaconda3/lib/python3.11/site-packages/airflow/example_dags/example_branch_datetime_operator.py
[2024-12-22T03:53:32.337-0800] {logging_mixin.py:190} INFO - [2024-12-22T03:53:32.337-0800] {dag.py:3239} INFO - Sync 3 DAGs
[2024-12-22T03:53:32.353-0800] {logging_mixin.py:190} INFO - [2024-12-22T03:53:32.353-0800] {dag.py:4180} INFO - Setting next_dagrun for example_branch_datetime_operator to 2024-12-21 00:00:00+00:00, run_after=2024-12-22 00:00:00+00:00
[2024-12-22T03:53:32.356-0800] {logging_mixin.py:190} INFO - [2024-12-22T03:53:32.356-0800] {dag.py:4180} INFO - Setting next_dagrun for example_branch_datetime_operator_2 to 2024-12-21 00:00:00+00:00, run_after=2024-12-22 00:00:00+00:00
[2024-12-22T03:53:32.359-0800] {logging_mixin.py:190} INFO - [2024-12-22T03:53:32.359-0800] {dag.py:4180} INFO - Setting next_dagrun for example_branch_datetime_operator_3 to 2024-12-21 00:00:00+00:00, run_after=2024-12-22 00:00:00+00:00
[2024-12-22T03:53:32.375-0800] {processor.py:208} INFO - Processing /Users/rishukhurana/anaconda3/lib/python3.11/site-packages/airflow/example_dags/example_branch_datetime_operator.py took 0.273 seconds
[2024-12-22T04:06:38.359-0800] {processor.py:186} INFO - Started process (PID=8010) to work on /Users/rishukhurana/anaconda3/lib/python3.11/site-packages/airflow/example_dags/example_branch_datetime_operator.py
[2024-12-22T04:06:38.362-0800] {processor.py:914} INFO - Processing file /Users/rishukhurana/anaconda3/lib/python3.11/site-packages/airflow/example_dags/example_branch_datetime_operator.py for tasks to queue
[2024-12-22T04:06:38.364-0800] {logging_mixin.py:190} INFO - [2024-12-22T04:06:38.363-0800] {dagbag.py:588} INFO - Filling up the DagBag from /Users/rishukhurana/anaconda3/lib/python3.11/site-packages/airflow/example_dags/example_branch_datetime_operator.py
[2024-12-22T04:06:38.377-0800] {processor.py:925} INFO - DAG(s) 'example_branch_datetime_operator', 'example_branch_datetime_operator_3', 'example_branch_datetime_operator_2' retrieved from /Users/rishukhurana/anaconda3/lib/python3.11/site-packages/airflow/example_dags/example_branch_datetime_operator.py
[2024-12-22T04:06:38.562-0800] {logging_mixin.py:190} INFO - [2024-12-22T04:06:38.561-0800] {dag.py:3239} INFO - Sync 3 DAGs
[2024-12-22T04:06:38.577-0800] {logging_mixin.py:190} INFO - [2024-12-22T04:06:38.577-0800] {dag.py:4180} INFO - Setting next_dagrun for example_branch_datetime_operator to 2024-12-21 00:00:00+00:00, run_after=2024-12-22 00:00:00+00:00
[2024-12-22T04:06:38.580-0800] {logging_mixin.py:190} INFO - [2024-12-22T04:06:38.580-0800] {dag.py:4180} INFO - Setting next_dagrun for example_branch_datetime_operator_2 to 2024-12-21 00:00:00+00:00, run_after=2024-12-22 00:00:00+00:00
[2024-12-22T04:06:38.582-0800] {logging_mixin.py:190} INFO - [2024-12-22T04:06:38.582-0800] {dag.py:4180} INFO - Setting next_dagrun for example_branch_datetime_operator_3 to 2024-12-21 00:00:00+00:00, run_after=2024-12-22 00:00:00+00:00
[2024-12-22T04:06:38.600-0800] {processor.py:208} INFO - Processing /Users/rishukhurana/anaconda3/lib/python3.11/site-packages/airflow/example_dags/example_branch_datetime_operator.py took 0.249 seconds
