[2024-12-22T02:21:00.152-0800] {processor.py:186} INFO - Started process (PID=99903) to work on /Users/rishukhurana/anaconda3/lib/python3.11/site-packages/airflow/example_dags/example_branch_operator.py
[2024-12-22T02:21:00.155-0800] {processor.py:914} INFO - Processing file /Users/rishukhurana/anaconda3/lib/python3.11/site-packages/airflow/example_dags/example_branch_operator.py for tasks to queue
[2024-12-22T02:21:00.158-0800] {logging_mixin.py:190} INFO - [2024-12-22T02:21:00.157-0800] {dagbag.py:588} INFO - Filling up the DagBag from /Users/rishukhurana/anaconda3/lib/python3.11/site-packages/airflow/example_dags/example_branch_operator.py
[2024-12-22T02:21:00.192-0800] {processor.py:927} WARNING - No viable dags retrieved from /Users/rishukhurana/anaconda3/lib/python3.11/site-packages/airflow/example_dags/example_branch_operator.py
[2024-12-22T02:21:00.331-0800] {processor.py:208} INFO - Processing /Users/rishukhurana/anaconda3/lib/python3.11/site-packages/airflow/example_dags/example_branch_operator.py took 0.197 seconds
[2024-12-22T02:29:14.087-0800] {processor.py:186} INFO - Started process (PID=458) to work on /Users/rishukhurana/anaconda3/lib/python3.11/site-packages/airflow/example_dags/example_branch_operator.py
[2024-12-22T02:29:14.089-0800] {processor.py:914} INFO - Processing file /Users/rishukhurana/anaconda3/lib/python3.11/site-packages/airflow/example_dags/example_branch_operator.py for tasks to queue
[2024-12-22T02:29:14.091-0800] {logging_mixin.py:190} INFO - [2024-12-22T02:29:14.090-0800] {dagbag.py:588} INFO - Filling up the DagBag from /Users/rishukhurana/anaconda3/lib/python3.11/site-packages/airflow/example_dags/example_branch_operator.py
[2024-12-22T02:29:14.111-0800] {processor.py:927} WARNING - No viable dags retrieved from /Users/rishukhurana/anaconda3/lib/python3.11/site-packages/airflow/example_dags/example_branch_operator.py
[2024-12-22T02:29:14.191-0800] {processor.py:208} INFO - Processing /Users/rishukhurana/anaconda3/lib/python3.11/site-packages/airflow/example_dags/example_branch_operator.py took 0.114 seconds
[2024-12-22T02:35:46.603-0800] {processor.py:186} INFO - Started process (PID=846) to work on /Users/rishukhurana/anaconda3/lib/python3.11/site-packages/airflow/example_dags/example_branch_operator.py
[2024-12-22T02:35:46.606-0800] {processor.py:914} INFO - Processing file /Users/rishukhurana/anaconda3/lib/python3.11/site-packages/airflow/example_dags/example_branch_operator.py for tasks to queue
[2024-12-22T02:35:46.607-0800] {logging_mixin.py:190} INFO - [2024-12-22T02:35:46.607-0800] {dagbag.py:588} INFO - Filling up the DagBag from /Users/rishukhurana/anaconda3/lib/python3.11/site-packages/airflow/example_dags/example_branch_operator.py
[2024-12-22T02:35:46.628-0800] {processor.py:927} WARNING - No viable dags retrieved from /Users/rishukhurana/anaconda3/lib/python3.11/site-packages/airflow/example_dags/example_branch_operator.py
[2024-12-22T02:35:46.710-0800] {processor.py:208} INFO - Processing /Users/rishukhurana/anaconda3/lib/python3.11/site-packages/airflow/example_dags/example_branch_operator.py took 0.114 seconds
[2024-12-22T02:42:14.306-0800] {processor.py:186} INFO - Started process (PID=1318) to work on /Users/rishukhurana/anaconda3/lib/python3.11/site-packages/airflow/example_dags/example_branch_operator.py
[2024-12-22T02:42:14.308-0800] {processor.py:914} INFO - Processing file /Users/rishukhurana/anaconda3/lib/python3.11/site-packages/airflow/example_dags/example_branch_operator.py for tasks to queue
[2024-12-22T02:42:14.309-0800] {logging_mixin.py:190} INFO - [2024-12-22T02:42:14.309-0800] {dagbag.py:588} INFO - Filling up the DagBag from /Users/rishukhurana/anaconda3/lib/python3.11/site-packages/airflow/example_dags/example_branch_operator.py
[2024-12-22T02:42:14.329-0800] {processor.py:927} WARNING - No viable dags retrieved from /Users/rishukhurana/anaconda3/lib/python3.11/site-packages/airflow/example_dags/example_branch_operator.py
[2024-12-22T02:42:14.405-0800] {processor.py:208} INFO - Processing /Users/rishukhurana/anaconda3/lib/python3.11/site-packages/airflow/example_dags/example_branch_operator.py took 0.103 seconds
[2024-12-22T02:48:42.215-0800] {processor.py:186} INFO - Started process (PID=1757) to work on /Users/rishukhurana/anaconda3/lib/python3.11/site-packages/airflow/example_dags/example_branch_operator.py
[2024-12-22T02:48:42.218-0800] {processor.py:914} INFO - Processing file /Users/rishukhurana/anaconda3/lib/python3.11/site-packages/airflow/example_dags/example_branch_operator.py for tasks to queue
[2024-12-22T02:48:42.219-0800] {logging_mixin.py:190} INFO - [2024-12-22T02:48:42.219-0800] {dagbag.py:588} INFO - Filling up the DagBag from /Users/rishukhurana/anaconda3/lib/python3.11/site-packages/airflow/example_dags/example_branch_operator.py
[2024-12-22T02:48:42.240-0800] {processor.py:927} WARNING - No viable dags retrieved from /Users/rishukhurana/anaconda3/lib/python3.11/site-packages/airflow/example_dags/example_branch_operator.py
[2024-12-22T02:48:42.318-0800] {processor.py:208} INFO - Processing /Users/rishukhurana/anaconda3/lib/python3.11/site-packages/airflow/example_dags/example_branch_operator.py took 0.111 seconds
[2024-12-22T02:55:01.013-0800] {processor.py:186} INFO - Started process (PID=2063) to work on /Users/rishukhurana/anaconda3/lib/python3.11/site-packages/airflow/example_dags/example_branch_operator.py
[2024-12-22T02:55:01.015-0800] {processor.py:914} INFO - Processing file /Users/rishukhurana/anaconda3/lib/python3.11/site-packages/airflow/example_dags/example_branch_operator.py for tasks to queue
[2024-12-22T02:55:01.016-0800] {logging_mixin.py:190} INFO - [2024-12-22T02:55:01.016-0800] {dagbag.py:588} INFO - Filling up the DagBag from /Users/rishukhurana/anaconda3/lib/python3.11/site-packages/airflow/example_dags/example_branch_operator.py
[2024-12-22T02:55:01.037-0800] {processor.py:927} WARNING - No viable dags retrieved from /Users/rishukhurana/anaconda3/lib/python3.11/site-packages/airflow/example_dags/example_branch_operator.py
[2024-12-22T02:55:01.108-0800] {processor.py:208} INFO - Processing /Users/rishukhurana/anaconda3/lib/python3.11/site-packages/airflow/example_dags/example_branch_operator.py took 0.100 seconds
[2024-12-22T03:01:22.834-0800] {processor.py:186} INFO - Started process (PID=2417) to work on /Users/rishukhurana/anaconda3/lib/python3.11/site-packages/airflow/example_dags/example_branch_operator.py
[2024-12-22T03:01:22.836-0800] {processor.py:914} INFO - Processing file /Users/rishukhurana/anaconda3/lib/python3.11/site-packages/airflow/example_dags/example_branch_operator.py for tasks to queue
[2024-12-22T03:01:22.838-0800] {logging_mixin.py:190} INFO - [2024-12-22T03:01:22.837-0800] {dagbag.py:588} INFO - Filling up the DagBag from /Users/rishukhurana/anaconda3/lib/python3.11/site-packages/airflow/example_dags/example_branch_operator.py
[2024-12-22T03:01:22.858-0800] {processor.py:927} WARNING - No viable dags retrieved from /Users/rishukhurana/anaconda3/lib/python3.11/site-packages/airflow/example_dags/example_branch_operator.py
[2024-12-22T03:01:22.934-0800] {processor.py:208} INFO - Processing /Users/rishukhurana/anaconda3/lib/python3.11/site-packages/airflow/example_dags/example_branch_operator.py took 0.113 seconds
[2024-12-22T03:07:44.422-0800] {processor.py:186} INFO - Started process (PID=2727) to work on /Users/rishukhurana/anaconda3/lib/python3.11/site-packages/airflow/example_dags/example_branch_operator.py
[2024-12-22T03:07:44.425-0800] {processor.py:914} INFO - Processing file /Users/rishukhurana/anaconda3/lib/python3.11/site-packages/airflow/example_dags/example_branch_operator.py for tasks to queue
[2024-12-22T03:07:44.426-0800] {logging_mixin.py:190} INFO - [2024-12-22T03:07:44.426-0800] {dagbag.py:588} INFO - Filling up the DagBag from /Users/rishukhurana/anaconda3/lib/python3.11/site-packages/airflow/example_dags/example_branch_operator.py
[2024-12-22T03:07:44.446-0800] {processor.py:927} WARNING - No viable dags retrieved from /Users/rishukhurana/anaconda3/lib/python3.11/site-packages/airflow/example_dags/example_branch_operator.py
[2024-12-22T03:07:44.524-0800] {processor.py:208} INFO - Processing /Users/rishukhurana/anaconda3/lib/python3.11/site-packages/airflow/example_dags/example_branch_operator.py took 0.113 seconds
[2024-12-22T03:14:14.009-0800] {processor.py:186} INFO - Started process (PID=3143) to work on /Users/rishukhurana/anaconda3/lib/python3.11/site-packages/airflow/example_dags/example_branch_operator.py
[2024-12-22T03:14:14.011-0800] {processor.py:914} INFO - Processing file /Users/rishukhurana/anaconda3/lib/python3.11/site-packages/airflow/example_dags/example_branch_operator.py for tasks to queue
[2024-12-22T03:14:14.013-0800] {logging_mixin.py:190} INFO - [2024-12-22T03:14:14.013-0800] {dagbag.py:588} INFO - Filling up the DagBag from /Users/rishukhurana/anaconda3/lib/python3.11/site-packages/airflow/example_dags/example_branch_operator.py
[2024-12-22T03:14:14.032-0800] {processor.py:927} WARNING - No viable dags retrieved from /Users/rishukhurana/anaconda3/lib/python3.11/site-packages/airflow/example_dags/example_branch_operator.py
[2024-12-22T03:14:14.112-0800] {processor.py:208} INFO - Processing /Users/rishukhurana/anaconda3/lib/python3.11/site-packages/airflow/example_dags/example_branch_operator.py took 0.108 seconds
[2024-12-22T03:20:35.415-0800] {processor.py:186} INFO - Started process (PID=3458) to work on /Users/rishukhurana/anaconda3/lib/python3.11/site-packages/airflow/example_dags/example_branch_operator.py
[2024-12-22T03:20:35.417-0800] {processor.py:914} INFO - Processing file /Users/rishukhurana/anaconda3/lib/python3.11/site-packages/airflow/example_dags/example_branch_operator.py for tasks to queue
[2024-12-22T03:20:35.418-0800] {logging_mixin.py:190} INFO - [2024-12-22T03:20:35.418-0800] {dagbag.py:588} INFO - Filling up the DagBag from /Users/rishukhurana/anaconda3/lib/python3.11/site-packages/airflow/example_dags/example_branch_operator.py
[2024-12-22T03:20:35.437-0800] {processor.py:927} WARNING - No viable dags retrieved from /Users/rishukhurana/anaconda3/lib/python3.11/site-packages/airflow/example_dags/example_branch_operator.py
[2024-12-22T03:20:35.515-0800] {processor.py:208} INFO - Processing /Users/rishukhurana/anaconda3/lib/python3.11/site-packages/airflow/example_dags/example_branch_operator.py took 0.105 seconds
[2024-12-22T03:27:02.609-0800] {processor.py:186} INFO - Started process (PID=4089) to work on /Users/rishukhurana/anaconda3/lib/python3.11/site-packages/airflow/example_dags/example_branch_operator.py
[2024-12-22T03:27:02.611-0800] {processor.py:914} INFO - Processing file /Users/rishukhurana/anaconda3/lib/python3.11/site-packages/airflow/example_dags/example_branch_operator.py for tasks to queue
[2024-12-22T03:27:02.613-0800] {logging_mixin.py:190} INFO - [2024-12-22T03:27:02.613-0800] {dagbag.py:588} INFO - Filling up the DagBag from /Users/rishukhurana/anaconda3/lib/python3.11/site-packages/airflow/example_dags/example_branch_operator.py
[2024-12-22T03:27:02.637-0800] {processor.py:927} WARNING - No viable dags retrieved from /Users/rishukhurana/anaconda3/lib/python3.11/site-packages/airflow/example_dags/example_branch_operator.py
[2024-12-22T03:27:02.723-0800] {processor.py:208} INFO - Processing /Users/rishukhurana/anaconda3/lib/python3.11/site-packages/airflow/example_dags/example_branch_operator.py took 0.120 seconds
