[2024-12-22T02:21:05.300-0800] {processor.py:186} INFO - Started process (PID=99908) to work on /Users/rishukhurana/anaconda3/lib/python3.11/site-packages/airflow/example_dags/example_branch_labels.py
[2024-12-22T02:21:05.302-0800] {processor.py:914} INFO - Processing file /Users/rishukhurana/anaconda3/lib/python3.11/site-packages/airflow/example_dags/example_branch_labels.py for tasks to queue
[2024-12-22T02:21:05.305-0800] {logging_mixin.py:190} INFO - [2024-12-22T02:21:05.305-0800] {dagbag.py:588} INFO - Filling up the DagBag from /Users/rishukhurana/anaconda3/lib/python3.11/site-packages/airflow/example_dags/example_branch_labels.py
[2024-12-22T02:21:05.322-0800] {processor.py:925} INFO - DAG(s) 'example_branch_labels' retrieved from /Users/rishukhurana/anaconda3/lib/python3.11/site-packages/airflow/example_dags/example_branch_labels.py
[2024-12-22T02:21:05.490-0800] {logging_mixin.py:190} INFO - [2024-12-22T02:21:05.489-0800] {dag.py:3239} INFO - Sync 1 DAGs
[2024-12-22T02:21:05.521-0800] {logging_mixin.py:190} INFO - [2024-12-22T02:21:05.520-0800] {dag.py:4180} INFO - Setting next_dagrun for example_branch_labels to 2024-12-21 00:00:00+00:00, run_after=2024-12-22 00:00:00+00:00
[2024-12-22T02:21:05.548-0800] {processor.py:208} INFO - Processing /Users/rishukhurana/anaconda3/lib/python3.11/site-packages/airflow/example_dags/example_branch_labels.py took 0.261 seconds
[2024-12-22T02:29:16.671-0800] {processor.py:186} INFO - Started process (PID=461) to work on /Users/rishukhurana/anaconda3/lib/python3.11/site-packages/airflow/example_dags/example_branch_labels.py
[2024-12-22T02:29:16.672-0800] {processor.py:914} INFO - Processing file /Users/rishukhurana/anaconda3/lib/python3.11/site-packages/airflow/example_dags/example_branch_labels.py for tasks to queue
[2024-12-22T02:29:16.674-0800] {logging_mixin.py:190} INFO - [2024-12-22T02:29:16.673-0800] {dagbag.py:588} INFO - Filling up the DagBag from /Users/rishukhurana/anaconda3/lib/python3.11/site-packages/airflow/example_dags/example_branch_labels.py
[2024-12-22T02:29:16.685-0800] {processor.py:925} INFO - DAG(s) 'example_branch_labels' retrieved from /Users/rishukhurana/anaconda3/lib/python3.11/site-packages/airflow/example_dags/example_branch_labels.py
[2024-12-22T02:29:16.777-0800] {logging_mixin.py:190} INFO - [2024-12-22T02:29:16.777-0800] {dag.py:3239} INFO - Sync 1 DAGs
[2024-12-22T02:29:16.794-0800] {logging_mixin.py:190} INFO - [2024-12-22T02:29:16.794-0800] {dag.py:4180} INFO - Setting next_dagrun for example_branch_labels to 2024-12-21 00:00:00+00:00, run_after=2024-12-22 00:00:00+00:00
[2024-12-22T02:29:16.809-0800] {processor.py:208} INFO - Processing /Users/rishukhurana/anaconda3/lib/python3.11/site-packages/airflow/example_dags/example_branch_labels.py took 0.143 seconds
[2024-12-22T02:35:50.020-0800] {processor.py:186} INFO - Started process (PID=848) to work on /Users/rishukhurana/anaconda3/lib/python3.11/site-packages/airflow/example_dags/example_branch_labels.py
[2024-12-22T02:35:50.023-0800] {processor.py:914} INFO - Processing file /Users/rishukhurana/anaconda3/lib/python3.11/site-packages/airflow/example_dags/example_branch_labels.py for tasks to queue
[2024-12-22T02:35:50.025-0800] {logging_mixin.py:190} INFO - [2024-12-22T02:35:50.024-0800] {dagbag.py:588} INFO - Filling up the DagBag from /Users/rishukhurana/anaconda3/lib/python3.11/site-packages/airflow/example_dags/example_branch_labels.py
[2024-12-22T02:35:50.039-0800] {processor.py:925} INFO - DAG(s) 'example_branch_labels' retrieved from /Users/rishukhurana/anaconda3/lib/python3.11/site-packages/airflow/example_dags/example_branch_labels.py
[2024-12-22T02:35:50.138-0800] {logging_mixin.py:190} INFO - [2024-12-22T02:35:50.138-0800] {dag.py:3239} INFO - Sync 1 DAGs
[2024-12-22T02:35:50.156-0800] {logging_mixin.py:190} INFO - [2024-12-22T02:35:50.155-0800] {dag.py:4180} INFO - Setting next_dagrun for example_branch_labels to 2024-12-21 00:00:00+00:00, run_after=2024-12-22 00:00:00+00:00
[2024-12-22T02:35:50.171-0800] {processor.py:208} INFO - Processing /Users/rishukhurana/anaconda3/lib/python3.11/site-packages/airflow/example_dags/example_branch_labels.py took 0.155 seconds
[2024-12-22T02:42:17.602-0800] {processor.py:186} INFO - Started process (PID=1320) to work on /Users/rishukhurana/anaconda3/lib/python3.11/site-packages/airflow/example_dags/example_branch_labels.py
[2024-12-22T02:42:17.604-0800] {processor.py:914} INFO - Processing file /Users/rishukhurana/anaconda3/lib/python3.11/site-packages/airflow/example_dags/example_branch_labels.py for tasks to queue
[2024-12-22T02:42:17.606-0800] {logging_mixin.py:190} INFO - [2024-12-22T02:42:17.605-0800] {dagbag.py:588} INFO - Filling up the DagBag from /Users/rishukhurana/anaconda3/lib/python3.11/site-packages/airflow/example_dags/example_branch_labels.py
[2024-12-22T02:42:17.620-0800] {processor.py:925} INFO - DAG(s) 'example_branch_labels' retrieved from /Users/rishukhurana/anaconda3/lib/python3.11/site-packages/airflow/example_dags/example_branch_labels.py
[2024-12-22T02:42:17.712-0800] {logging_mixin.py:190} INFO - [2024-12-22T02:42:17.712-0800] {dag.py:3239} INFO - Sync 1 DAGs
[2024-12-22T02:42:17.729-0800] {logging_mixin.py:190} INFO - [2024-12-22T02:42:17.729-0800] {dag.py:4180} INFO - Setting next_dagrun for example_branch_labels to 2024-12-21 00:00:00+00:00, run_after=2024-12-22 00:00:00+00:00
[2024-12-22T02:42:17.744-0800] {processor.py:208} INFO - Processing /Users/rishukhurana/anaconda3/lib/python3.11/site-packages/airflow/example_dags/example_branch_labels.py took 0.150 seconds
[2024-12-22T02:48:45.603-0800] {processor.py:186} INFO - Started process (PID=1761) to work on /Users/rishukhurana/anaconda3/lib/python3.11/site-packages/airflow/example_dags/example_branch_labels.py
[2024-12-22T02:48:45.605-0800] {processor.py:914} INFO - Processing file /Users/rishukhurana/anaconda3/lib/python3.11/site-packages/airflow/example_dags/example_branch_labels.py for tasks to queue
[2024-12-22T02:48:45.607-0800] {logging_mixin.py:190} INFO - [2024-12-22T02:48:45.606-0800] {dagbag.py:588} INFO - Filling up the DagBag from /Users/rishukhurana/anaconda3/lib/python3.11/site-packages/airflow/example_dags/example_branch_labels.py
[2024-12-22T02:48:45.618-0800] {processor.py:925} INFO - DAG(s) 'example_branch_labels' retrieved from /Users/rishukhurana/anaconda3/lib/python3.11/site-packages/airflow/example_dags/example_branch_labels.py
[2024-12-22T02:48:45.708-0800] {logging_mixin.py:190} INFO - [2024-12-22T02:48:45.707-0800] {dag.py:3239} INFO - Sync 1 DAGs
[2024-12-22T02:48:45.725-0800] {logging_mixin.py:190} INFO - [2024-12-22T02:48:45.725-0800] {dag.py:4180} INFO - Setting next_dagrun for example_branch_labels to 2024-12-21 00:00:00+00:00, run_after=2024-12-22 00:00:00+00:00
[2024-12-22T02:48:45.740-0800] {processor.py:208} INFO - Processing /Users/rishukhurana/anaconda3/lib/python3.11/site-packages/airflow/example_dags/example_branch_labels.py took 0.147 seconds
[2024-12-22T02:55:04.272-0800] {processor.py:186} INFO - Started process (PID=2065) to work on /Users/rishukhurana/anaconda3/lib/python3.11/site-packages/airflow/example_dags/example_branch_labels.py
[2024-12-22T02:55:04.274-0800] {processor.py:914} INFO - Processing file /Users/rishukhurana/anaconda3/lib/python3.11/site-packages/airflow/example_dags/example_branch_labels.py for tasks to queue
[2024-12-22T02:55:04.276-0800] {logging_mixin.py:190} INFO - [2024-12-22T02:55:04.276-0800] {dagbag.py:588} INFO - Filling up the DagBag from /Users/rishukhurana/anaconda3/lib/python3.11/site-packages/airflow/example_dags/example_branch_labels.py
[2024-12-22T02:55:04.287-0800] {processor.py:925} INFO - DAG(s) 'example_branch_labels' retrieved from /Users/rishukhurana/anaconda3/lib/python3.11/site-packages/airflow/example_dags/example_branch_labels.py
[2024-12-22T02:55:04.374-0800] {logging_mixin.py:190} INFO - [2024-12-22T02:55:04.373-0800] {dag.py:3239} INFO - Sync 1 DAGs
[2024-12-22T02:55:04.391-0800] {logging_mixin.py:190} INFO - [2024-12-22T02:55:04.391-0800] {dag.py:4180} INFO - Setting next_dagrun for example_branch_labels to 2024-12-21 00:00:00+00:00, run_after=2024-12-22 00:00:00+00:00
[2024-12-22T02:55:04.406-0800] {processor.py:208} INFO - Processing /Users/rishukhurana/anaconda3/lib/python3.11/site-packages/airflow/example_dags/example_branch_labels.py took 0.141 seconds
[2024-12-22T03:01:25.567-0800] {processor.py:186} INFO - Started process (PID=2421) to work on /Users/rishukhurana/anaconda3/lib/python3.11/site-packages/airflow/example_dags/example_branch_labels.py
[2024-12-22T03:01:25.569-0800] {processor.py:914} INFO - Processing file /Users/rishukhurana/anaconda3/lib/python3.11/site-packages/airflow/example_dags/example_branch_labels.py for tasks to queue
[2024-12-22T03:01:25.570-0800] {logging_mixin.py:190} INFO - [2024-12-22T03:01:25.570-0800] {dagbag.py:588} INFO - Filling up the DagBag from /Users/rishukhurana/anaconda3/lib/python3.11/site-packages/airflow/example_dags/example_branch_labels.py
[2024-12-22T03:01:25.581-0800] {processor.py:925} INFO - DAG(s) 'example_branch_labels' retrieved from /Users/rishukhurana/anaconda3/lib/python3.11/site-packages/airflow/example_dags/example_branch_labels.py
[2024-12-22T03:01:25.671-0800] {logging_mixin.py:190} INFO - [2024-12-22T03:01:25.671-0800] {dag.py:3239} INFO - Sync 1 DAGs
[2024-12-22T03:01:25.689-0800] {logging_mixin.py:190} INFO - [2024-12-22T03:01:25.688-0800] {dag.py:4180} INFO - Setting next_dagrun for example_branch_labels to 2024-12-21 00:00:00+00:00, run_after=2024-12-22 00:00:00+00:00
[2024-12-22T03:01:25.704-0800] {processor.py:208} INFO - Processing /Users/rishukhurana/anaconda3/lib/python3.11/site-packages/airflow/example_dags/example_branch_labels.py took 0.146 seconds
[2024-12-22T03:07:47.778-0800] {processor.py:186} INFO - Started process (PID=2731) to work on /Users/rishukhurana/anaconda3/lib/python3.11/site-packages/airflow/example_dags/example_branch_labels.py
[2024-12-22T03:07:47.780-0800] {processor.py:914} INFO - Processing file /Users/rishukhurana/anaconda3/lib/python3.11/site-packages/airflow/example_dags/example_branch_labels.py for tasks to queue
[2024-12-22T03:07:47.782-0800] {logging_mixin.py:190} INFO - [2024-12-22T03:07:47.781-0800] {dagbag.py:588} INFO - Filling up the DagBag from /Users/rishukhurana/anaconda3/lib/python3.11/site-packages/airflow/example_dags/example_branch_labels.py
[2024-12-22T03:07:47.796-0800] {processor.py:925} INFO - DAG(s) 'example_branch_labels' retrieved from /Users/rishukhurana/anaconda3/lib/python3.11/site-packages/airflow/example_dags/example_branch_labels.py
[2024-12-22T03:07:47.887-0800] {logging_mixin.py:190} INFO - [2024-12-22T03:07:47.887-0800] {dag.py:3239} INFO - Sync 1 DAGs
[2024-12-22T03:07:47.905-0800] {logging_mixin.py:190} INFO - [2024-12-22T03:07:47.904-0800] {dag.py:4180} INFO - Setting next_dagrun for example_branch_labels to 2024-12-21 00:00:00+00:00, run_after=2024-12-22 00:00:00+00:00
[2024-12-22T03:07:47.919-0800] {processor.py:208} INFO - Processing /Users/rishukhurana/anaconda3/lib/python3.11/site-packages/airflow/example_dags/example_branch_labels.py took 0.150 seconds
[2024-12-22T03:14:16.567-0800] {processor.py:186} INFO - Started process (PID=3145) to work on /Users/rishukhurana/anaconda3/lib/python3.11/site-packages/airflow/example_dags/example_branch_labels.py
[2024-12-22T03:14:16.570-0800] {processor.py:914} INFO - Processing file /Users/rishukhurana/anaconda3/lib/python3.11/site-packages/airflow/example_dags/example_branch_labels.py for tasks to queue
[2024-12-22T03:14:16.572-0800] {logging_mixin.py:190} INFO - [2024-12-22T03:14:16.572-0800] {dagbag.py:588} INFO - Filling up the DagBag from /Users/rishukhurana/anaconda3/lib/python3.11/site-packages/airflow/example_dags/example_branch_labels.py
[2024-12-22T03:14:16.582-0800] {processor.py:925} INFO - DAG(s) 'example_branch_labels' retrieved from /Users/rishukhurana/anaconda3/lib/python3.11/site-packages/airflow/example_dags/example_branch_labels.py
[2024-12-22T03:14:16.674-0800] {logging_mixin.py:190} INFO - [2024-12-22T03:14:16.673-0800] {dag.py:3239} INFO - Sync 1 DAGs
[2024-12-22T03:14:16.691-0800] {logging_mixin.py:190} INFO - [2024-12-22T03:14:16.690-0800] {dag.py:4180} INFO - Setting next_dagrun for example_branch_labels to 2024-12-21 00:00:00+00:00, run_after=2024-12-22 00:00:00+00:00
[2024-12-22T03:14:16.707-0800] {processor.py:208} INFO - Processing /Users/rishukhurana/anaconda3/lib/python3.11/site-packages/airflow/example_dags/example_branch_labels.py took 0.148 seconds
[2024-12-22T03:20:37.909-0800] {processor.py:186} INFO - Started process (PID=3462) to work on /Users/rishukhurana/anaconda3/lib/python3.11/site-packages/airflow/example_dags/example_branch_labels.py
[2024-12-22T03:20:37.911-0800] {processor.py:914} INFO - Processing file /Users/rishukhurana/anaconda3/lib/python3.11/site-packages/airflow/example_dags/example_branch_labels.py for tasks to queue
[2024-12-22T03:20:37.913-0800] {logging_mixin.py:190} INFO - [2024-12-22T03:20:37.913-0800] {dagbag.py:588} INFO - Filling up the DagBag from /Users/rishukhurana/anaconda3/lib/python3.11/site-packages/airflow/example_dags/example_branch_labels.py
[2024-12-22T03:20:37.924-0800] {processor.py:925} INFO - DAG(s) 'example_branch_labels' retrieved from /Users/rishukhurana/anaconda3/lib/python3.11/site-packages/airflow/example_dags/example_branch_labels.py
[2024-12-22T03:20:38.019-0800] {logging_mixin.py:190} INFO - [2024-12-22T03:20:38.018-0800] {dag.py:3239} INFO - Sync 1 DAGs
[2024-12-22T03:20:38.035-0800] {logging_mixin.py:190} INFO - [2024-12-22T03:20:38.035-0800] {dag.py:4180} INFO - Setting next_dagrun for example_branch_labels to 2024-12-21 00:00:00+00:00, run_after=2024-12-22 00:00:00+00:00
[2024-12-22T03:20:38.050-0800] {processor.py:208} INFO - Processing /Users/rishukhurana/anaconda3/lib/python3.11/site-packages/airflow/example_dags/example_branch_labels.py took 0.145 seconds
[2024-12-22T03:27:06.132-0800] {processor.py:186} INFO - Started process (PID=4093) to work on /Users/rishukhurana/anaconda3/lib/python3.11/site-packages/airflow/example_dags/example_branch_labels.py
[2024-12-22T03:27:06.135-0800] {processor.py:914} INFO - Processing file /Users/rishukhurana/anaconda3/lib/python3.11/site-packages/airflow/example_dags/example_branch_labels.py for tasks to queue
[2024-12-22T03:27:06.137-0800] {logging_mixin.py:190} INFO - [2024-12-22T03:27:06.136-0800] {dagbag.py:588} INFO - Filling up the DagBag from /Users/rishukhurana/anaconda3/lib/python3.11/site-packages/airflow/example_dags/example_branch_labels.py
[2024-12-22T03:27:06.147-0800] {processor.py:925} INFO - DAG(s) 'example_branch_labels' retrieved from /Users/rishukhurana/anaconda3/lib/python3.11/site-packages/airflow/example_dags/example_branch_labels.py
[2024-12-22T03:27:06.248-0800] {logging_mixin.py:190} INFO - [2024-12-22T03:27:06.248-0800] {dag.py:3239} INFO - Sync 1 DAGs
[2024-12-22T03:27:06.268-0800] {logging_mixin.py:190} INFO - [2024-12-22T03:27:06.267-0800] {dag.py:4180} INFO - Setting next_dagrun for example_branch_labels to 2024-12-21 00:00:00+00:00, run_after=2024-12-22 00:00:00+00:00
[2024-12-22T03:27:06.284-0800] {processor.py:208} INFO - Processing /Users/rishukhurana/anaconda3/lib/python3.11/site-packages/airflow/example_dags/example_branch_labels.py took 0.160 seconds
