[2024-12-22T02:20:28.737-0800] {processor.py:186} INFO - Started process (PID=99885) to work on /Users/rishukhurana/anaconda3/lib/python3.11/site-packages/airflow/example_dags/example_dataset_alias_with_no_taskflow.py
[2024-12-22T02:20:28.740-0800] {processor.py:914} INFO - Processing file /Users/rishukhurana/anaconda3/lib/python3.11/site-packages/airflow/example_dags/example_dataset_alias_with_no_taskflow.py for tasks to queue
[2024-12-22T02:20:28.742-0800] {logging_mixin.py:190} INFO - [2024-12-22T02:20:28.742-0800] {dagbag.py:588} INFO - Filling up the DagBag from /Users/rishukhurana/anaconda3/lib/python3.11/site-packages/airflow/example_dags/example_dataset_alias_with_no_taskflow.py
[2024-12-22T02:20:29.945-0800] {processor.py:925} INFO - DAG(s) 'dataset_s3_bucket_consumer_with_no_taskflow', 'dataset_alias_example_alias_producer_with_no_taskflow', 'dataset_s3_bucket_producer_with_no_taskflow', 'dataset_alias_example_alias_consumer_with_no_taskflow' retrieved from /Users/rishukhurana/anaconda3/lib/python3.11/site-packages/airflow/example_dags/example_dataset_alias_with_no_taskflow.py
[2024-12-22T02:20:29.990-0800] {logging_mixin.py:190} INFO - [2024-12-22T02:20:29.989-0800] {dag.py:3239} INFO - Sync 4 DAGs
[2024-12-22T02:20:30.040-0800] {logging_mixin.py:190} INFO - [2024-12-22T02:20:30.040-0800] {dag.py:4180} INFO - Setting next_dagrun for dataset_alias_example_alias_consumer_with_no_taskflow to None, run_after=None
[2024-12-22T02:20:30.045-0800] {logging_mixin.py:190} INFO - [2024-12-22T02:20:30.044-0800] {dag.py:4180} INFO - Setting next_dagrun for dataset_alias_example_alias_producer_with_no_taskflow to None, run_after=None
[2024-12-22T02:20:30.047-0800] {logging_mixin.py:190} INFO - [2024-12-22T02:20:30.047-0800] {dag.py:4180} INFO - Setting next_dagrun for dataset_s3_bucket_consumer_with_no_taskflow to None, run_after=None
[2024-12-22T02:20:30.049-0800] {logging_mixin.py:190} INFO - [2024-12-22T02:20:30.048-0800] {dag.py:4180} INFO - Setting next_dagrun for dataset_s3_bucket_producer_with_no_taskflow to None, run_after=None
[2024-12-22T02:20:30.094-0800] {processor.py:208} INFO - Processing /Users/rishukhurana/anaconda3/lib/python3.11/site-packages/airflow/example_dags/example_dataset_alias_with_no_taskflow.py took 1.371 seconds
[2024-12-22T02:25:50.794-0800] {processor.py:186} INFO - Started process (PID=235) to work on /Users/rishukhurana/anaconda3/lib/python3.11/site-packages/airflow/example_dags/example_dataset_alias_with_no_taskflow.py
[2024-12-22T02:25:50.797-0800] {processor.py:914} INFO - Processing file /Users/rishukhurana/anaconda3/lib/python3.11/site-packages/airflow/example_dags/example_dataset_alias_with_no_taskflow.py for tasks to queue
[2024-12-22T02:25:50.799-0800] {logging_mixin.py:190} INFO - [2024-12-22T02:25:50.798-0800] {dagbag.py:588} INFO - Filling up the DagBag from /Users/rishukhurana/anaconda3/lib/python3.11/site-packages/airflow/example_dags/example_dataset_alias_with_no_taskflow.py
[2024-12-22T02:25:51.435-0800] {processor.py:925} INFO - DAG(s) 'dataset_s3_bucket_producer_with_no_taskflow', 'dataset_alias_example_alias_consumer_with_no_taskflow', 'dataset_s3_bucket_consumer_with_no_taskflow', 'dataset_alias_example_alias_producer_with_no_taskflow' retrieved from /Users/rishukhurana/anaconda3/lib/python3.11/site-packages/airflow/example_dags/example_dataset_alias_with_no_taskflow.py
[2024-12-22T02:25:51.455-0800] {logging_mixin.py:190} INFO - [2024-12-22T02:25:51.455-0800] {dag.py:3239} INFO - Sync 4 DAGs
[2024-12-22T02:25:51.473-0800] {logging_mixin.py:190} INFO - [2024-12-22T02:25:51.472-0800] {dag.py:4180} INFO - Setting next_dagrun for dataset_alias_example_alias_consumer_with_no_taskflow to None, run_after=None
[2024-12-22T02:25:51.475-0800] {logging_mixin.py:190} INFO - [2024-12-22T02:25:51.474-0800] {dag.py:4180} INFO - Setting next_dagrun for dataset_alias_example_alias_producer_with_no_taskflow to None, run_after=None
[2024-12-22T02:25:51.476-0800] {logging_mixin.py:190} INFO - [2024-12-22T02:25:51.476-0800] {dag.py:4180} INFO - Setting next_dagrun for dataset_s3_bucket_consumer_with_no_taskflow to None, run_after=None
[2024-12-22T02:25:51.477-0800] {logging_mixin.py:190} INFO - [2024-12-22T02:25:51.477-0800] {dag.py:4180} INFO - Setting next_dagrun for dataset_s3_bucket_producer_with_no_taskflow to None, run_after=None
[2024-12-22T02:25:51.513-0800] {processor.py:208} INFO - Processing /Users/rishukhurana/anaconda3/lib/python3.11/site-packages/airflow/example_dags/example_dataset_alias_with_no_taskflow.py took 0.732 seconds
[2024-12-22T02:32:29.969-0800] {processor.py:186} INFO - Started process (PID=689) to work on /Users/rishukhurana/anaconda3/lib/python3.11/site-packages/airflow/example_dags/example_dataset_alias_with_no_taskflow.py
[2024-12-22T02:32:29.972-0800] {processor.py:914} INFO - Processing file /Users/rishukhurana/anaconda3/lib/python3.11/site-packages/airflow/example_dags/example_dataset_alias_with_no_taskflow.py for tasks to queue
[2024-12-22T02:32:29.974-0800] {logging_mixin.py:190} INFO - [2024-12-22T02:32:29.973-0800] {dagbag.py:588} INFO - Filling up the DagBag from /Users/rishukhurana/anaconda3/lib/python3.11/site-packages/airflow/example_dags/example_dataset_alias_with_no_taskflow.py
[2024-12-22T02:32:30.588-0800] {processor.py:925} INFO - DAG(s) 'dataset_alias_example_alias_producer_with_no_taskflow', 'dataset_s3_bucket_consumer_with_no_taskflow', 'dataset_alias_example_alias_consumer_with_no_taskflow', 'dataset_s3_bucket_producer_with_no_taskflow' retrieved from /Users/rishukhurana/anaconda3/lib/python3.11/site-packages/airflow/example_dags/example_dataset_alias_with_no_taskflow.py
[2024-12-22T02:32:30.609-0800] {logging_mixin.py:190} INFO - [2024-12-22T02:32:30.608-0800] {dag.py:3239} INFO - Sync 4 DAGs
[2024-12-22T02:32:30.627-0800] {logging_mixin.py:190} INFO - [2024-12-22T02:32:30.627-0800] {dag.py:4180} INFO - Setting next_dagrun for dataset_alias_example_alias_consumer_with_no_taskflow to None, run_after=None
[2024-12-22T02:32:30.629-0800] {logging_mixin.py:190} INFO - [2024-12-22T02:32:30.629-0800] {dag.py:4180} INFO - Setting next_dagrun for dataset_alias_example_alias_producer_with_no_taskflow to None, run_after=None
[2024-12-22T02:32:30.630-0800] {logging_mixin.py:190} INFO - [2024-12-22T02:32:30.630-0800] {dag.py:4180} INFO - Setting next_dagrun for dataset_s3_bucket_consumer_with_no_taskflow to None, run_after=None
[2024-12-22T02:32:30.631-0800] {logging_mixin.py:190} INFO - [2024-12-22T02:32:30.631-0800] {dag.py:4180} INFO - Setting next_dagrun for dataset_s3_bucket_producer_with_no_taskflow to None, run_after=None
[2024-12-22T02:32:30.649-0800] {processor.py:208} INFO - Processing /Users/rishukhurana/anaconda3/lib/python3.11/site-packages/airflow/example_dags/example_dataset_alias_with_no_taskflow.py took 0.687 seconds
[2024-12-22T02:38:57.915-0800] {processor.py:186} INFO - Started process (PID=1060) to work on /Users/rishukhurana/anaconda3/lib/python3.11/site-packages/airflow/example_dags/example_dataset_alias_with_no_taskflow.py
[2024-12-22T02:38:57.917-0800] {processor.py:914} INFO - Processing file /Users/rishukhurana/anaconda3/lib/python3.11/site-packages/airflow/example_dags/example_dataset_alias_with_no_taskflow.py for tasks to queue
[2024-12-22T02:38:57.918-0800] {logging_mixin.py:190} INFO - [2024-12-22T02:38:57.918-0800] {dagbag.py:588} INFO - Filling up the DagBag from /Users/rishukhurana/anaconda3/lib/python3.11/site-packages/airflow/example_dags/example_dataset_alias_with_no_taskflow.py
[2024-12-22T02:38:58.472-0800] {processor.py:925} INFO - DAG(s) 'dataset_s3_bucket_consumer_with_no_taskflow', 'dataset_s3_bucket_producer_with_no_taskflow', 'dataset_alias_example_alias_producer_with_no_taskflow', 'dataset_alias_example_alias_consumer_with_no_taskflow' retrieved from /Users/rishukhurana/anaconda3/lib/python3.11/site-packages/airflow/example_dags/example_dataset_alias_with_no_taskflow.py
[2024-12-22T02:38:58.493-0800] {logging_mixin.py:190} INFO - [2024-12-22T02:38:58.492-0800] {dag.py:3239} INFO - Sync 4 DAGs
[2024-12-22T02:38:58.510-0800] {logging_mixin.py:190} INFO - [2024-12-22T02:38:58.510-0800] {dag.py:4180} INFO - Setting next_dagrun for dataset_alias_example_alias_consumer_with_no_taskflow to None, run_after=None
[2024-12-22T02:38:58.512-0800] {logging_mixin.py:190} INFO - [2024-12-22T02:38:58.512-0800] {dag.py:4180} INFO - Setting next_dagrun for dataset_alias_example_alias_producer_with_no_taskflow to None, run_after=None
[2024-12-22T02:38:58.513-0800] {logging_mixin.py:190} INFO - [2024-12-22T02:38:58.513-0800] {dag.py:4180} INFO - Setting next_dagrun for dataset_s3_bucket_consumer_with_no_taskflow to None, run_after=None
[2024-12-22T02:38:58.513-0800] {logging_mixin.py:190} INFO - [2024-12-22T02:38:58.513-0800] {dag.py:4180} INFO - Setting next_dagrun for dataset_s3_bucket_producer_with_no_taskflow to None, run_after=None
[2024-12-22T02:38:58.531-0800] {processor.py:208} INFO - Processing /Users/rishukhurana/anaconda3/lib/python3.11/site-packages/airflow/example_dags/example_dataset_alias_with_no_taskflow.py took 0.630 seconds
[2024-12-22T02:45:18.360-0800] {processor.py:186} INFO - Started process (PID=1540) to work on /Users/rishukhurana/anaconda3/lib/python3.11/site-packages/airflow/example_dags/example_dataset_alias_with_no_taskflow.py
[2024-12-22T02:45:18.362-0800] {processor.py:914} INFO - Processing file /Users/rishukhurana/anaconda3/lib/python3.11/site-packages/airflow/example_dags/example_dataset_alias_with_no_taskflow.py for tasks to queue
[2024-12-22T02:45:18.363-0800] {logging_mixin.py:190} INFO - [2024-12-22T02:45:18.363-0800] {dagbag.py:588} INFO - Filling up the DagBag from /Users/rishukhurana/anaconda3/lib/python3.11/site-packages/airflow/example_dags/example_dataset_alias_with_no_taskflow.py
[2024-12-22T02:45:19.224-0800] {processor.py:925} INFO - DAG(s) 'dataset_s3_bucket_producer_with_no_taskflow', 'dataset_s3_bucket_consumer_with_no_taskflow', 'dataset_alias_example_alias_producer_with_no_taskflow', 'dataset_alias_example_alias_consumer_with_no_taskflow' retrieved from /Users/rishukhurana/anaconda3/lib/python3.11/site-packages/airflow/example_dags/example_dataset_alias_with_no_taskflow.py
[2024-12-22T02:45:19.249-0800] {logging_mixin.py:190} INFO - [2024-12-22T02:45:19.248-0800] {dag.py:3239} INFO - Sync 4 DAGs
[2024-12-22T02:45:19.271-0800] {logging_mixin.py:190} INFO - [2024-12-22T02:45:19.271-0800] {dag.py:4180} INFO - Setting next_dagrun for dataset_alias_example_alias_consumer_with_no_taskflow to None, run_after=None
[2024-12-22T02:45:19.273-0800] {logging_mixin.py:190} INFO - [2024-12-22T02:45:19.273-0800] {dag.py:4180} INFO - Setting next_dagrun for dataset_alias_example_alias_producer_with_no_taskflow to None, run_after=None
[2024-12-22T02:45:19.274-0800] {logging_mixin.py:190} INFO - [2024-12-22T02:45:19.274-0800] {dag.py:4180} INFO - Setting next_dagrun for dataset_s3_bucket_consumer_with_no_taskflow to None, run_after=None
[2024-12-22T02:45:19.275-0800] {logging_mixin.py:190} INFO - [2024-12-22T02:45:19.275-0800] {dag.py:4180} INFO - Setting next_dagrun for dataset_s3_bucket_producer_with_no_taskflow to None, run_after=None
[2024-12-22T02:45:19.297-0800] {processor.py:208} INFO - Processing /Users/rishukhurana/anaconda3/lib/python3.11/site-packages/airflow/example_dags/example_dataset_alias_with_no_taskflow.py took 0.945 seconds
[2024-12-22T02:51:47.363-0800] {processor.py:186} INFO - Started process (PID=1904) to work on /Users/rishukhurana/anaconda3/lib/python3.11/site-packages/airflow/example_dags/example_dataset_alias_with_no_taskflow.py
[2024-12-22T02:51:47.365-0800] {processor.py:914} INFO - Processing file /Users/rishukhurana/anaconda3/lib/python3.11/site-packages/airflow/example_dags/example_dataset_alias_with_no_taskflow.py for tasks to queue
[2024-12-22T02:51:47.366-0800] {logging_mixin.py:190} INFO - [2024-12-22T02:51:47.366-0800] {dagbag.py:588} INFO - Filling up the DagBag from /Users/rishukhurana/anaconda3/lib/python3.11/site-packages/airflow/example_dags/example_dataset_alias_with_no_taskflow.py
[2024-12-22T02:51:48.051-0800] {processor.py:925} INFO - DAG(s) 'dataset_s3_bucket_consumer_with_no_taskflow', 'dataset_s3_bucket_producer_with_no_taskflow', 'dataset_alias_example_alias_producer_with_no_taskflow', 'dataset_alias_example_alias_consumer_with_no_taskflow' retrieved from /Users/rishukhurana/anaconda3/lib/python3.11/site-packages/airflow/example_dags/example_dataset_alias_with_no_taskflow.py
[2024-12-22T02:51:48.071-0800] {logging_mixin.py:190} INFO - [2024-12-22T02:51:48.071-0800] {dag.py:3239} INFO - Sync 4 DAGs
[2024-12-22T02:51:48.088-0800] {logging_mixin.py:190} INFO - [2024-12-22T02:51:48.088-0800] {dag.py:4180} INFO - Setting next_dagrun for dataset_alias_example_alias_consumer_with_no_taskflow to None, run_after=None
[2024-12-22T02:51:48.091-0800] {logging_mixin.py:190} INFO - [2024-12-22T02:51:48.091-0800] {dag.py:4180} INFO - Setting next_dagrun for dataset_alias_example_alias_producer_with_no_taskflow to None, run_after=None
[2024-12-22T02:51:48.092-0800] {logging_mixin.py:190} INFO - [2024-12-22T02:51:48.092-0800] {dag.py:4180} INFO - Setting next_dagrun for dataset_s3_bucket_consumer_with_no_taskflow to None, run_after=None
[2024-12-22T02:51:48.093-0800] {logging_mixin.py:190} INFO - [2024-12-22T02:51:48.093-0800] {dag.py:4180} INFO - Setting next_dagrun for dataset_s3_bucket_producer_with_no_taskflow to None, run_after=None
[2024-12-22T02:51:48.112-0800] {processor.py:208} INFO - Processing /Users/rishukhurana/anaconda3/lib/python3.11/site-packages/airflow/example_dags/example_dataset_alias_with_no_taskflow.py took 0.756 seconds
[2024-12-22T02:57:57.230-0800] {processor.py:186} INFO - Started process (PID=2207) to work on /Users/rishukhurana/anaconda3/lib/python3.11/site-packages/airflow/example_dags/example_dataset_alias_with_no_taskflow.py
[2024-12-22T02:57:57.232-0800] {processor.py:914} INFO - Processing file /Users/rishukhurana/anaconda3/lib/python3.11/site-packages/airflow/example_dags/example_dataset_alias_with_no_taskflow.py for tasks to queue
[2024-12-22T02:57:57.233-0800] {logging_mixin.py:190} INFO - [2024-12-22T02:57:57.233-0800] {dagbag.py:588} INFO - Filling up the DagBag from /Users/rishukhurana/anaconda3/lib/python3.11/site-packages/airflow/example_dags/example_dataset_alias_with_no_taskflow.py
[2024-12-22T02:57:57.813-0800] {processor.py:925} INFO - DAG(s) 'dataset_alias_example_alias_consumer_with_no_taskflow', 'dataset_alias_example_alias_producer_with_no_taskflow', 'dataset_s3_bucket_consumer_with_no_taskflow', 'dataset_s3_bucket_producer_with_no_taskflow' retrieved from /Users/rishukhurana/anaconda3/lib/python3.11/site-packages/airflow/example_dags/example_dataset_alias_with_no_taskflow.py
[2024-12-22T02:57:57.833-0800] {logging_mixin.py:190} INFO - [2024-12-22T02:57:57.833-0800] {dag.py:3239} INFO - Sync 4 DAGs
[2024-12-22T02:57:57.850-0800] {logging_mixin.py:190} INFO - [2024-12-22T02:57:57.850-0800] {dag.py:4180} INFO - Setting next_dagrun for dataset_alias_example_alias_consumer_with_no_taskflow to None, run_after=None
[2024-12-22T02:57:57.852-0800] {logging_mixin.py:190} INFO - [2024-12-22T02:57:57.852-0800] {dag.py:4180} INFO - Setting next_dagrun for dataset_alias_example_alias_producer_with_no_taskflow to None, run_after=None
[2024-12-22T02:57:57.853-0800] {logging_mixin.py:190} INFO - [2024-12-22T02:57:57.853-0800] {dag.py:4180} INFO - Setting next_dagrun for dataset_s3_bucket_consumer_with_no_taskflow to None, run_after=None
[2024-12-22T02:57:57.854-0800] {logging_mixin.py:190} INFO - [2024-12-22T02:57:57.853-0800] {dag.py:4180} INFO - Setting next_dagrun for dataset_s3_bucket_producer_with_no_taskflow to None, run_after=None
[2024-12-22T02:57:57.871-0800] {processor.py:208} INFO - Processing /Users/rishukhurana/anaconda3/lib/python3.11/site-packages/airflow/example_dags/example_dataset_alias_with_no_taskflow.py took 0.654 seconds
[2024-12-22T03:04:28.025-0800] {processor.py:186} INFO - Started process (PID=2576) to work on /Users/rishukhurana/anaconda3/lib/python3.11/site-packages/airflow/example_dags/example_dataset_alias_with_no_taskflow.py
[2024-12-22T03:04:28.027-0800] {processor.py:914} INFO - Processing file /Users/rishukhurana/anaconda3/lib/python3.11/site-packages/airflow/example_dags/example_dataset_alias_with_no_taskflow.py for tasks to queue
[2024-12-22T03:04:28.029-0800] {logging_mixin.py:190} INFO - [2024-12-22T03:04:28.028-0800] {dagbag.py:588} INFO - Filling up the DagBag from /Users/rishukhurana/anaconda3/lib/python3.11/site-packages/airflow/example_dags/example_dataset_alias_with_no_taskflow.py
[2024-12-22T03:04:28.546-0800] {processor.py:925} INFO - DAG(s) 'dataset_s3_bucket_consumer_with_no_taskflow', 'dataset_alias_example_alias_producer_with_no_taskflow', 'dataset_s3_bucket_producer_with_no_taskflow', 'dataset_alias_example_alias_consumer_with_no_taskflow' retrieved from /Users/rishukhurana/anaconda3/lib/python3.11/site-packages/airflow/example_dags/example_dataset_alias_with_no_taskflow.py
[2024-12-22T03:04:28.564-0800] {logging_mixin.py:190} INFO - [2024-12-22T03:04:28.564-0800] {dag.py:3239} INFO - Sync 4 DAGs
[2024-12-22T03:04:28.581-0800] {logging_mixin.py:190} INFO - [2024-12-22T03:04:28.580-0800] {dag.py:4180} INFO - Setting next_dagrun for dataset_alias_example_alias_consumer_with_no_taskflow to None, run_after=None
[2024-12-22T03:04:28.583-0800] {logging_mixin.py:190} INFO - [2024-12-22T03:04:28.582-0800] {dag.py:4180} INFO - Setting next_dagrun for dataset_alias_example_alias_producer_with_no_taskflow to None, run_after=None
[2024-12-22T03:04:28.583-0800] {logging_mixin.py:190} INFO - [2024-12-22T03:04:28.583-0800] {dag.py:4180} INFO - Setting next_dagrun for dataset_s3_bucket_consumer_with_no_taskflow to None, run_after=None
[2024-12-22T03:04:28.584-0800] {logging_mixin.py:190} INFO - [2024-12-22T03:04:28.584-0800] {dag.py:4180} INFO - Setting next_dagrun for dataset_s3_bucket_producer_with_no_taskflow to None, run_after=None
[2024-12-22T03:04:28.600-0800] {processor.py:208} INFO - Processing /Users/rishukhurana/anaconda3/lib/python3.11/site-packages/airflow/example_dags/example_dataset_alias_with_no_taskflow.py took 0.583 seconds
[2024-12-22T03:10:57.878-0800] {processor.py:186} INFO - Started process (PID=2975) to work on /Users/rishukhurana/anaconda3/lib/python3.11/site-packages/airflow/example_dags/example_dataset_alias_with_no_taskflow.py
[2024-12-22T03:10:57.880-0800] {processor.py:914} INFO - Processing file /Users/rishukhurana/anaconda3/lib/python3.11/site-packages/airflow/example_dags/example_dataset_alias_with_no_taskflow.py for tasks to queue
[2024-12-22T03:10:57.881-0800] {logging_mixin.py:190} INFO - [2024-12-22T03:10:57.881-0800] {dagbag.py:588} INFO - Filling up the DagBag from /Users/rishukhurana/anaconda3/lib/python3.11/site-packages/airflow/example_dags/example_dataset_alias_with_no_taskflow.py
[2024-12-22T03:10:58.463-0800] {processor.py:925} INFO - DAG(s) 'dataset_s3_bucket_consumer_with_no_taskflow', 'dataset_alias_example_alias_consumer_with_no_taskflow', 'dataset_s3_bucket_producer_with_no_taskflow', 'dataset_alias_example_alias_producer_with_no_taskflow' retrieved from /Users/rishukhurana/anaconda3/lib/python3.11/site-packages/airflow/example_dags/example_dataset_alias_with_no_taskflow.py
[2024-12-22T03:10:58.485-0800] {logging_mixin.py:190} INFO - [2024-12-22T03:10:58.485-0800] {dag.py:3239} INFO - Sync 4 DAGs
[2024-12-22T03:10:58.503-0800] {logging_mixin.py:190} INFO - [2024-12-22T03:10:58.502-0800] {dag.py:4180} INFO - Setting next_dagrun for dataset_alias_example_alias_consumer_with_no_taskflow to None, run_after=None
[2024-12-22T03:10:58.504-0800] {logging_mixin.py:190} INFO - [2024-12-22T03:10:58.504-0800] {dag.py:4180} INFO - Setting next_dagrun for dataset_alias_example_alias_producer_with_no_taskflow to None, run_after=None
[2024-12-22T03:10:58.505-0800] {logging_mixin.py:190} INFO - [2024-12-22T03:10:58.505-0800] {dag.py:4180} INFO - Setting next_dagrun for dataset_s3_bucket_consumer_with_no_taskflow to None, run_after=None
[2024-12-22T03:10:58.506-0800] {logging_mixin.py:190} INFO - [2024-12-22T03:10:58.506-0800] {dag.py:4180} INFO - Setting next_dagrun for dataset_s3_bucket_producer_with_no_taskflow to None, run_after=None
[2024-12-22T03:10:58.525-0800] {processor.py:208} INFO - Processing /Users/rishukhurana/anaconda3/lib/python3.11/site-packages/airflow/example_dags/example_dataset_alias_with_no_taskflow.py took 0.654 seconds
[2024-12-22T03:17:18.758-0800] {processor.py:186} INFO - Started process (PID=3296) to work on /Users/rishukhurana/anaconda3/lib/python3.11/site-packages/airflow/example_dags/example_dataset_alias_with_no_taskflow.py
[2024-12-22T03:17:18.761-0800] {processor.py:914} INFO - Processing file /Users/rishukhurana/anaconda3/lib/python3.11/site-packages/airflow/example_dags/example_dataset_alias_with_no_taskflow.py for tasks to queue
[2024-12-22T03:17:18.762-0800] {logging_mixin.py:190} INFO - [2024-12-22T03:17:18.762-0800] {dagbag.py:588} INFO - Filling up the DagBag from /Users/rishukhurana/anaconda3/lib/python3.11/site-packages/airflow/example_dags/example_dataset_alias_with_no_taskflow.py
[2024-12-22T03:17:19.304-0800] {processor.py:925} INFO - DAG(s) 'dataset_s3_bucket_consumer_with_no_taskflow', 'dataset_alias_example_alias_consumer_with_no_taskflow', 'dataset_s3_bucket_producer_with_no_taskflow', 'dataset_alias_example_alias_producer_with_no_taskflow' retrieved from /Users/rishukhurana/anaconda3/lib/python3.11/site-packages/airflow/example_dags/example_dataset_alias_with_no_taskflow.py
[2024-12-22T03:17:19.323-0800] {logging_mixin.py:190} INFO - [2024-12-22T03:17:19.323-0800] {dag.py:3239} INFO - Sync 4 DAGs
[2024-12-22T03:17:19.340-0800] {logging_mixin.py:190} INFO - [2024-12-22T03:17:19.340-0800] {dag.py:4180} INFO - Setting next_dagrun for dataset_alias_example_alias_consumer_with_no_taskflow to None, run_after=None
[2024-12-22T03:17:19.342-0800] {logging_mixin.py:190} INFO - [2024-12-22T03:17:19.341-0800] {dag.py:4180} INFO - Setting next_dagrun for dataset_alias_example_alias_producer_with_no_taskflow to None, run_after=None
[2024-12-22T03:17:19.342-0800] {logging_mixin.py:190} INFO - [2024-12-22T03:17:19.342-0800] {dag.py:4180} INFO - Setting next_dagrun for dataset_s3_bucket_consumer_with_no_taskflow to None, run_after=None
[2024-12-22T03:17:19.343-0800] {logging_mixin.py:190} INFO - [2024-12-22T03:17:19.343-0800] {dag.py:4180} INFO - Setting next_dagrun for dataset_s3_bucket_producer_with_no_taskflow to None, run_after=None
[2024-12-22T03:17:19.362-0800] {processor.py:208} INFO - Processing /Users/rishukhurana/anaconda3/lib/python3.11/site-packages/airflow/example_dags/example_dataset_alias_with_no_taskflow.py took 0.609 seconds
[2024-12-22T03:23:41.986-0800] {processor.py:186} INFO - Started process (PID=3657) to work on /Users/rishukhurana/anaconda3/lib/python3.11/site-packages/airflow/example_dags/example_dataset_alias_with_no_taskflow.py
[2024-12-22T03:23:41.988-0800] {processor.py:914} INFO - Processing file /Users/rishukhurana/anaconda3/lib/python3.11/site-packages/airflow/example_dags/example_dataset_alias_with_no_taskflow.py for tasks to queue
[2024-12-22T03:23:41.990-0800] {logging_mixin.py:190} INFO - [2024-12-22T03:23:41.989-0800] {dagbag.py:588} INFO - Filling up the DagBag from /Users/rishukhurana/anaconda3/lib/python3.11/site-packages/airflow/example_dags/example_dataset_alias_with_no_taskflow.py
[2024-12-22T03:23:42.543-0800] {processor.py:925} INFO - DAG(s) 'dataset_s3_bucket_consumer_with_no_taskflow', 'dataset_alias_example_alias_consumer_with_no_taskflow', 'dataset_alias_example_alias_producer_with_no_taskflow', 'dataset_s3_bucket_producer_with_no_taskflow' retrieved from /Users/rishukhurana/anaconda3/lib/python3.11/site-packages/airflow/example_dags/example_dataset_alias_with_no_taskflow.py
[2024-12-22T03:23:42.564-0800] {logging_mixin.py:190} INFO - [2024-12-22T03:23:42.564-0800] {dag.py:3239} INFO - Sync 4 DAGs
[2024-12-22T03:23:42.582-0800] {logging_mixin.py:190} INFO - [2024-12-22T03:23:42.582-0800] {dag.py:4180} INFO - Setting next_dagrun for dataset_alias_example_alias_consumer_with_no_taskflow to None, run_after=None
[2024-12-22T03:23:42.584-0800] {logging_mixin.py:190} INFO - [2024-12-22T03:23:42.584-0800] {dag.py:4180} INFO - Setting next_dagrun for dataset_alias_example_alias_producer_with_no_taskflow to None, run_after=None
[2024-12-22T03:23:42.585-0800] {logging_mixin.py:190} INFO - [2024-12-22T03:23:42.585-0800] {dag.py:4180} INFO - Setting next_dagrun for dataset_s3_bucket_consumer_with_no_taskflow to None, run_after=None
[2024-12-22T03:23:42.586-0800] {logging_mixin.py:190} INFO - [2024-12-22T03:23:42.586-0800] {dag.py:4180} INFO - Setting next_dagrun for dataset_s3_bucket_producer_with_no_taskflow to None, run_after=None
[2024-12-22T03:23:42.606-0800] {processor.py:208} INFO - Processing /Users/rishukhurana/anaconda3/lib/python3.11/site-packages/airflow/example_dags/example_dataset_alias_with_no_taskflow.py took 0.625 seconds
[2024-12-22T03:30:12.991-0800] {processor.py:186} INFO - Started process (PID=4393) to work on /Users/rishukhurana/anaconda3/lib/python3.11/site-packages/airflow/example_dags/example_dataset_alias_with_no_taskflow.py
[2024-12-22T03:30:12.994-0800] {processor.py:914} INFO - Processing file /Users/rishukhurana/anaconda3/lib/python3.11/site-packages/airflow/example_dags/example_dataset_alias_with_no_taskflow.py for tasks to queue
[2024-12-22T03:30:12.996-0800] {logging_mixin.py:190} INFO - [2024-12-22T03:30:12.996-0800] {dagbag.py:588} INFO - Filling up the DagBag from /Users/rishukhurana/anaconda3/lib/python3.11/site-packages/airflow/example_dags/example_dataset_alias_with_no_taskflow.py
[2024-12-22T03:30:13.623-0800] {processor.py:925} INFO - DAG(s) 'dataset_s3_bucket_consumer_with_no_taskflow', 'dataset_alias_example_alias_producer_with_no_taskflow', 'dataset_s3_bucket_producer_with_no_taskflow', 'dataset_alias_example_alias_consumer_with_no_taskflow' retrieved from /Users/rishukhurana/anaconda3/lib/python3.11/site-packages/airflow/example_dags/example_dataset_alias_with_no_taskflow.py
[2024-12-22T03:30:13.643-0800] {logging_mixin.py:190} INFO - [2024-12-22T03:30:13.643-0800] {dag.py:3239} INFO - Sync 4 DAGs
[2024-12-22T03:30:13.661-0800] {logging_mixin.py:190} INFO - [2024-12-22T03:30:13.661-0800] {dag.py:4180} INFO - Setting next_dagrun for dataset_alias_example_alias_consumer_with_no_taskflow to None, run_after=None
[2024-12-22T03:30:13.663-0800] {logging_mixin.py:190} INFO - [2024-12-22T03:30:13.663-0800] {dag.py:4180} INFO - Setting next_dagrun for dataset_alias_example_alias_producer_with_no_taskflow to None, run_after=None
[2024-12-22T03:30:13.664-0800] {logging_mixin.py:190} INFO - [2024-12-22T03:30:13.664-0800] {dag.py:4180} INFO - Setting next_dagrun for dataset_s3_bucket_consumer_with_no_taskflow to None, run_after=None
[2024-12-22T03:30:13.665-0800] {logging_mixin.py:190} INFO - [2024-12-22T03:30:13.665-0800] {dag.py:4180} INFO - Setting next_dagrun for dataset_s3_bucket_producer_with_no_taskflow to None, run_after=None
[2024-12-22T03:30:13.688-0800] {processor.py:208} INFO - Processing /Users/rishukhurana/anaconda3/lib/python3.11/site-packages/airflow/example_dags/example_dataset_alias_with_no_taskflow.py took 0.705 seconds
