[2024-12-14T05:37:50.480-0800] {processor.py:186} INFO - Started process (PID=10534) to work on /Users/rishukhurana/anaconda3/lib/python3.11/site-packages/airflow/example_dags/example_bash_operator.py
[2024-12-14T05:37:50.481-0800] {processor.py:914} INFO - Processing file /Users/rishukhurana/anaconda3/lib/python3.11/site-packages/airflow/example_dags/example_bash_operator.py for tasks to queue
[2024-12-14T05:37:50.483-0800] {logging_mixin.py:190} INFO - [2024-12-14T05:37:50.482-0800] {dagbag.py:588} INFO - Filling up the DagBag from /Users/rishukhurana/anaconda3/lib/python3.11/site-packages/airflow/example_dags/example_bash_operator.py
[2024-12-14T05:37:50.497-0800] {processor.py:925} INFO - DAG(s) 'example_bash_operator' retrieved from /Users/rishukhurana/anaconda3/lib/python3.11/site-packages/airflow/example_dags/example_bash_operator.py
[2024-12-14T05:37:50.611-0800] {logging_mixin.py:190} INFO - [2024-12-14T05:37:50.611-0800] {dag.py:3239} INFO - Sync 1 DAGs
[2024-12-14T05:37:50.630-0800] {logging_mixin.py:190} INFO - [2024-12-14T05:37:50.630-0800] {dag.py:4180} INFO - Setting next_dagrun for example_bash_operator to 2024-12-13 00:00:00+00:00, run_after=2024-12-14 00:00:00+00:00
[2024-12-14T05:37:50.646-0800] {processor.py:208} INFO - Processing /Users/rishukhurana/anaconda3/lib/python3.11/site-packages/airflow/example_dags/example_bash_operator.py took 0.173 seconds
[2024-12-14T05:43:50.281-0800] {processor.py:186} INFO - Started process (PID=10864) to work on /Users/rishukhurana/anaconda3/lib/python3.11/site-packages/airflow/example_dags/example_bash_operator.py
[2024-12-14T05:43:50.283-0800] {processor.py:914} INFO - Processing file /Users/rishukhurana/anaconda3/lib/python3.11/site-packages/airflow/example_dags/example_bash_operator.py for tasks to queue
[2024-12-14T05:43:50.285-0800] {logging_mixin.py:190} INFO - [2024-12-14T05:43:50.284-0800] {dagbag.py:588} INFO - Filling up the DagBag from /Users/rishukhurana/anaconda3/lib/python3.11/site-packages/airflow/example_dags/example_bash_operator.py
[2024-12-14T05:43:50.300-0800] {processor.py:925} INFO - DAG(s) 'example_bash_operator' retrieved from /Users/rishukhurana/anaconda3/lib/python3.11/site-packages/airflow/example_dags/example_bash_operator.py
[2024-12-14T05:43:50.407-0800] {logging_mixin.py:190} INFO - [2024-12-14T05:43:50.407-0800] {dag.py:3239} INFO - Sync 1 DAGs
[2024-12-14T05:43:50.425-0800] {logging_mixin.py:190} INFO - [2024-12-14T05:43:50.425-0800] {dag.py:4180} INFO - Setting next_dagrun for example_bash_operator to 2024-12-13 00:00:00+00:00, run_after=2024-12-14 00:00:00+00:00
[2024-12-14T05:43:50.444-0800] {processor.py:208} INFO - Processing /Users/rishukhurana/anaconda3/lib/python3.11/site-packages/airflow/example_dags/example_bash_operator.py took 0.170 seconds
[2024-12-14T05:50:23.328-0800] {processor.py:186} INFO - Started process (PID=11270) to work on /Users/rishukhurana/anaconda3/lib/python3.11/site-packages/airflow/example_dags/example_bash_operator.py
[2024-12-14T05:50:23.330-0800] {processor.py:914} INFO - Processing file /Users/rishukhurana/anaconda3/lib/python3.11/site-packages/airflow/example_dags/example_bash_operator.py for tasks to queue
[2024-12-14T05:50:23.331-0800] {logging_mixin.py:190} INFO - [2024-12-14T05:50:23.331-0800] {dagbag.py:588} INFO - Filling up the DagBag from /Users/rishukhurana/anaconda3/lib/python3.11/site-packages/airflow/example_dags/example_bash_operator.py
[2024-12-14T05:50:23.344-0800] {processor.py:925} INFO - DAG(s) 'example_bash_operator' retrieved from /Users/rishukhurana/anaconda3/lib/python3.11/site-packages/airflow/example_dags/example_bash_operator.py
[2024-12-14T05:50:23.453-0800] {logging_mixin.py:190} INFO - [2024-12-14T05:50:23.453-0800] {dag.py:3239} INFO - Sync 1 DAGs
[2024-12-14T05:50:23.472-0800] {logging_mixin.py:190} INFO - [2024-12-14T05:50:23.471-0800] {dag.py:4180} INFO - Setting next_dagrun for example_bash_operator to 2024-12-13 00:00:00+00:00, run_after=2024-12-14 00:00:00+00:00
[2024-12-14T05:50:23.490-0800] {processor.py:208} INFO - Processing /Users/rishukhurana/anaconda3/lib/python3.11/site-packages/airflow/example_dags/example_bash_operator.py took 0.167 seconds
[2024-12-14T05:56:47.825-0800] {processor.py:186} INFO - Started process (PID=11622) to work on /Users/rishukhurana/anaconda3/lib/python3.11/site-packages/airflow/example_dags/example_bash_operator.py
[2024-12-14T05:56:47.828-0800] {processor.py:914} INFO - Processing file /Users/rishukhurana/anaconda3/lib/python3.11/site-packages/airflow/example_dags/example_bash_operator.py for tasks to queue
[2024-12-14T05:56:47.829-0800] {logging_mixin.py:190} INFO - [2024-12-14T05:56:47.829-0800] {dagbag.py:588} INFO - Filling up the DagBag from /Users/rishukhurana/anaconda3/lib/python3.11/site-packages/airflow/example_dags/example_bash_operator.py
[2024-12-14T05:56:47.843-0800] {processor.py:925} INFO - DAG(s) 'example_bash_operator' retrieved from /Users/rishukhurana/anaconda3/lib/python3.11/site-packages/airflow/example_dags/example_bash_operator.py
[2024-12-14T05:56:47.946-0800] {logging_mixin.py:190} INFO - [2024-12-14T05:56:47.946-0800] {dag.py:3239} INFO - Sync 1 DAGs
[2024-12-14T05:56:47.966-0800] {logging_mixin.py:190} INFO - [2024-12-14T05:56:47.966-0800] {dag.py:4180} INFO - Setting next_dagrun for example_bash_operator to 2024-12-13 00:00:00+00:00, run_after=2024-12-14 00:00:00+00:00
[2024-12-14T05:56:47.985-0800] {processor.py:208} INFO - Processing /Users/rishukhurana/anaconda3/lib/python3.11/site-packages/airflow/example_dags/example_bash_operator.py took 0.167 seconds
[2024-12-14T06:02:49.321-0800] {processor.py:186} INFO - Started process (PID=11917) to work on /Users/rishukhurana/anaconda3/lib/python3.11/site-packages/airflow/example_dags/example_bash_operator.py
[2024-12-14T06:02:49.323-0800] {processor.py:914} INFO - Processing file /Users/rishukhurana/anaconda3/lib/python3.11/site-packages/airflow/example_dags/example_bash_operator.py for tasks to queue
[2024-12-14T06:02:49.325-0800] {logging_mixin.py:190} INFO - [2024-12-14T06:02:49.325-0800] {dagbag.py:588} INFO - Filling up the DagBag from /Users/rishukhurana/anaconda3/lib/python3.11/site-packages/airflow/example_dags/example_bash_operator.py
[2024-12-14T06:02:49.338-0800] {processor.py:925} INFO - DAG(s) 'example_bash_operator' retrieved from /Users/rishukhurana/anaconda3/lib/python3.11/site-packages/airflow/example_dags/example_bash_operator.py
[2024-12-14T06:02:49.435-0800] {logging_mixin.py:190} INFO - [2024-12-14T06:02:49.434-0800] {dag.py:3239} INFO - Sync 1 DAGs
[2024-12-14T06:02:49.452-0800] {logging_mixin.py:190} INFO - [2024-12-14T06:02:49.452-0800] {dag.py:4180} INFO - Setting next_dagrun for example_bash_operator to 2024-12-13 00:00:00+00:00, run_after=2024-12-14 00:00:00+00:00
[2024-12-14T06:02:49.469-0800] {processor.py:208} INFO - Processing /Users/rishukhurana/anaconda3/lib/python3.11/site-packages/airflow/example_dags/example_bash_operator.py took 0.155 seconds
[2024-12-14T06:08:40.132-0800] {processor.py:186} INFO - Started process (PID=12192) to work on /Users/rishukhurana/anaconda3/lib/python3.11/site-packages/airflow/example_dags/example_bash_operator.py
[2024-12-14T06:08:40.133-0800] {processor.py:914} INFO - Processing file /Users/rishukhurana/anaconda3/lib/python3.11/site-packages/airflow/example_dags/example_bash_operator.py for tasks to queue
[2024-12-14T06:08:40.135-0800] {logging_mixin.py:190} INFO - [2024-12-14T06:08:40.134-0800] {dagbag.py:588} INFO - Filling up the DagBag from /Users/rishukhurana/anaconda3/lib/python3.11/site-packages/airflow/example_dags/example_bash_operator.py
[2024-12-14T06:08:40.149-0800] {processor.py:925} INFO - DAG(s) 'example_bash_operator' retrieved from /Users/rishukhurana/anaconda3/lib/python3.11/site-packages/airflow/example_dags/example_bash_operator.py
[2024-12-14T06:08:40.253-0800] {logging_mixin.py:190} INFO - [2024-12-14T06:08:40.253-0800] {dag.py:3239} INFO - Sync 1 DAGs
[2024-12-14T06:08:40.271-0800] {logging_mixin.py:190} INFO - [2024-12-14T06:08:40.271-0800] {dag.py:4180} INFO - Setting next_dagrun for example_bash_operator to 2024-12-13 00:00:00+00:00, run_after=2024-12-14 00:00:00+00:00
[2024-12-14T06:08:40.289-0800] {processor.py:208} INFO - Processing /Users/rishukhurana/anaconda3/lib/python3.11/site-packages/airflow/example_dags/example_bash_operator.py took 0.162 seconds
[2024-12-14T06:14:28.233-0800] {processor.py:186} INFO - Started process (PID=12469) to work on /Users/rishukhurana/anaconda3/lib/python3.11/site-packages/airflow/example_dags/example_bash_operator.py
[2024-12-14T06:14:28.236-0800] {processor.py:914} INFO - Processing file /Users/rishukhurana/anaconda3/lib/python3.11/site-packages/airflow/example_dags/example_bash_operator.py for tasks to queue
[2024-12-14T06:14:28.237-0800] {logging_mixin.py:190} INFO - [2024-12-14T06:14:28.237-0800] {dagbag.py:588} INFO - Filling up the DagBag from /Users/rishukhurana/anaconda3/lib/python3.11/site-packages/airflow/example_dags/example_bash_operator.py
[2024-12-14T06:14:28.253-0800] {processor.py:925} INFO - DAG(s) 'example_bash_operator' retrieved from /Users/rishukhurana/anaconda3/lib/python3.11/site-packages/airflow/example_dags/example_bash_operator.py
[2024-12-14T06:14:28.346-0800] {logging_mixin.py:190} INFO - [2024-12-14T06:14:28.346-0800] {dag.py:3239} INFO - Sync 1 DAGs
[2024-12-14T06:14:28.363-0800] {logging_mixin.py:190} INFO - [2024-12-14T06:14:28.363-0800] {dag.py:4180} INFO - Setting next_dagrun for example_bash_operator to 2024-12-13 00:00:00+00:00, run_after=2024-12-14 00:00:00+00:00
[2024-12-14T06:14:28.380-0800] {processor.py:208} INFO - Processing /Users/rishukhurana/anaconda3/lib/python3.11/site-packages/airflow/example_dags/example_bash_operator.py took 0.153 seconds
[2024-12-14T06:20:36.609-0800] {processor.py:186} INFO - Started process (PID=12790) to work on /Users/rishukhurana/anaconda3/lib/python3.11/site-packages/airflow/example_dags/example_bash_operator.py
[2024-12-14T06:20:36.611-0800] {processor.py:914} INFO - Processing file /Users/rishukhurana/anaconda3/lib/python3.11/site-packages/airflow/example_dags/example_bash_operator.py for tasks to queue
[2024-12-14T06:20:36.612-0800] {logging_mixin.py:190} INFO - [2024-12-14T06:20:36.612-0800] {dagbag.py:588} INFO - Filling up the DagBag from /Users/rishukhurana/anaconda3/lib/python3.11/site-packages/airflow/example_dags/example_bash_operator.py
[2024-12-14T06:20:36.624-0800] {processor.py:925} INFO - DAG(s) 'example_bash_operator' retrieved from /Users/rishukhurana/anaconda3/lib/python3.11/site-packages/airflow/example_dags/example_bash_operator.py
[2024-12-14T06:20:36.720-0800] {logging_mixin.py:190} INFO - [2024-12-14T06:20:36.720-0800] {dag.py:3239} INFO - Sync 1 DAGs
[2024-12-14T06:20:36.738-0800] {logging_mixin.py:190} INFO - [2024-12-14T06:20:36.737-0800] {dag.py:4180} INFO - Setting next_dagrun for example_bash_operator to 2024-12-13 00:00:00+00:00, run_after=2024-12-14 00:00:00+00:00
[2024-12-14T06:20:36.752-0800] {processor.py:208} INFO - Processing /Users/rishukhurana/anaconda3/lib/python3.11/site-packages/airflow/example_dags/example_bash_operator.py took 0.150 seconds
[2024-12-14T06:26:31.385-0800] {processor.py:186} INFO - Started process (PID=13170) to work on /Users/rishukhurana/anaconda3/lib/python3.11/site-packages/airflow/example_dags/example_bash_operator.py
[2024-12-14T06:26:31.387-0800] {processor.py:914} INFO - Processing file /Users/rishukhurana/anaconda3/lib/python3.11/site-packages/airflow/example_dags/example_bash_operator.py for tasks to queue
[2024-12-14T06:26:31.389-0800] {logging_mixin.py:190} INFO - [2024-12-14T06:26:31.388-0800] {dagbag.py:588} INFO - Filling up the DagBag from /Users/rishukhurana/anaconda3/lib/python3.11/site-packages/airflow/example_dags/example_bash_operator.py
[2024-12-14T06:26:31.402-0800] {processor.py:925} INFO - DAG(s) 'example_bash_operator' retrieved from /Users/rishukhurana/anaconda3/lib/python3.11/site-packages/airflow/example_dags/example_bash_operator.py
[2024-12-14T06:26:31.513-0800] {logging_mixin.py:190} INFO - [2024-12-14T06:26:31.513-0800] {dag.py:3239} INFO - Sync 1 DAGs
[2024-12-14T06:26:31.533-0800] {logging_mixin.py:190} INFO - [2024-12-14T06:26:31.533-0800] {dag.py:4180} INFO - Setting next_dagrun for example_bash_operator to 2024-12-13 00:00:00+00:00, run_after=2024-12-14 00:00:00+00:00
[2024-12-14T06:26:31.550-0800] {processor.py:208} INFO - Processing /Users/rishukhurana/anaconda3/lib/python3.11/site-packages/airflow/example_dags/example_bash_operator.py took 0.170 seconds
[2024-12-14T06:32:37.222-0800] {processor.py:186} INFO - Started process (PID=13488) to work on /Users/rishukhurana/anaconda3/lib/python3.11/site-packages/airflow/example_dags/example_bash_operator.py
[2024-12-14T06:32:37.224-0800] {processor.py:914} INFO - Processing file /Users/rishukhurana/anaconda3/lib/python3.11/site-packages/airflow/example_dags/example_bash_operator.py for tasks to queue
[2024-12-14T06:32:37.225-0800] {logging_mixin.py:190} INFO - [2024-12-14T06:32:37.225-0800] {dagbag.py:588} INFO - Filling up the DagBag from /Users/rishukhurana/anaconda3/lib/python3.11/site-packages/airflow/example_dags/example_bash_operator.py
[2024-12-14T06:32:37.239-0800] {processor.py:925} INFO - DAG(s) 'example_bash_operator' retrieved from /Users/rishukhurana/anaconda3/lib/python3.11/site-packages/airflow/example_dags/example_bash_operator.py
[2024-12-14T06:32:37.333-0800] {logging_mixin.py:190} INFO - [2024-12-14T06:32:37.333-0800] {dag.py:3239} INFO - Sync 1 DAGs
[2024-12-14T06:32:37.350-0800] {logging_mixin.py:190} INFO - [2024-12-14T06:32:37.350-0800] {dag.py:4180} INFO - Setting next_dagrun for example_bash_operator to 2024-12-13 00:00:00+00:00, run_after=2024-12-14 00:00:00+00:00
[2024-12-14T06:32:37.366-0800] {processor.py:208} INFO - Processing /Users/rishukhurana/anaconda3/lib/python3.11/site-packages/airflow/example_dags/example_bash_operator.py took 0.150 seconds
[2024-12-14T06:38:15.827-0800] {processor.py:186} INFO - Started process (PID=13760) to work on /Users/rishukhurana/anaconda3/lib/python3.11/site-packages/airflow/example_dags/example_bash_operator.py
[2024-12-14T06:38:15.829-0800] {processor.py:914} INFO - Processing file /Users/rishukhurana/anaconda3/lib/python3.11/site-packages/airflow/example_dags/example_bash_operator.py for tasks to queue
[2024-12-14T06:38:15.831-0800] {logging_mixin.py:190} INFO - [2024-12-14T06:38:15.831-0800] {dagbag.py:588} INFO - Filling up the DagBag from /Users/rishukhurana/anaconda3/lib/python3.11/site-packages/airflow/example_dags/example_bash_operator.py
[2024-12-14T06:38:15.845-0800] {processor.py:925} INFO - DAG(s) 'example_bash_operator' retrieved from /Users/rishukhurana/anaconda3/lib/python3.11/site-packages/airflow/example_dags/example_bash_operator.py
[2024-12-14T06:38:15.934-0800] {logging_mixin.py:190} INFO - [2024-12-14T06:38:15.933-0800] {dag.py:3239} INFO - Sync 1 DAGs
[2024-12-14T06:38:15.951-0800] {logging_mixin.py:190} INFO - [2024-12-14T06:38:15.950-0800] {dag.py:4180} INFO - Setting next_dagrun for example_bash_operator to 2024-12-13 00:00:00+00:00, run_after=2024-12-14 00:00:00+00:00
[2024-12-14T06:38:15.966-0800] {processor.py:208} INFO - Processing /Users/rishukhurana/anaconda3/lib/python3.11/site-packages/airflow/example_dags/example_bash_operator.py took 0.144 seconds
[2024-12-14T06:44:04.702-0800] {processor.py:186} INFO - Started process (PID=14093) to work on /Users/rishukhurana/anaconda3/lib/python3.11/site-packages/airflow/example_dags/example_bash_operator.py
[2024-12-14T06:44:04.704-0800] {processor.py:914} INFO - Processing file /Users/rishukhurana/anaconda3/lib/python3.11/site-packages/airflow/example_dags/example_bash_operator.py for tasks to queue
[2024-12-14T06:44:04.705-0800] {logging_mixin.py:190} INFO - [2024-12-14T06:44:04.705-0800] {dagbag.py:588} INFO - Filling up the DagBag from /Users/rishukhurana/anaconda3/lib/python3.11/site-packages/airflow/example_dags/example_bash_operator.py
[2024-12-14T06:44:04.717-0800] {processor.py:925} INFO - DAG(s) 'example_bash_operator' retrieved from /Users/rishukhurana/anaconda3/lib/python3.11/site-packages/airflow/example_dags/example_bash_operator.py
[2024-12-14T06:44:04.825-0800] {logging_mixin.py:190} INFO - [2024-12-14T06:44:04.825-0800] {dag.py:3239} INFO - Sync 1 DAGs
[2024-12-14T06:44:04.847-0800] {logging_mixin.py:190} INFO - [2024-12-14T06:44:04.847-0800] {dag.py:4180} INFO - Setting next_dagrun for example_bash_operator to 2024-12-13 00:00:00+00:00, run_after=2024-12-14 00:00:00+00:00
[2024-12-14T06:44:04.871-0800] {processor.py:208} INFO - Processing /Users/rishukhurana/anaconda3/lib/python3.11/site-packages/airflow/example_dags/example_bash_operator.py took 0.175 seconds
[2024-12-14T06:49:42.040-0800] {processor.py:186} INFO - Started process (PID=14388) to work on /Users/rishukhurana/anaconda3/lib/python3.11/site-packages/airflow/example_dags/example_bash_operator.py
[2024-12-14T06:49:42.043-0800] {processor.py:914} INFO - Processing file /Users/rishukhurana/anaconda3/lib/python3.11/site-packages/airflow/example_dags/example_bash_operator.py for tasks to queue
[2024-12-14T06:49:42.044-0800] {logging_mixin.py:190} INFO - [2024-12-14T06:49:42.044-0800] {dagbag.py:588} INFO - Filling up the DagBag from /Users/rishukhurana/anaconda3/lib/python3.11/site-packages/airflow/example_dags/example_bash_operator.py
[2024-12-14T06:49:42.059-0800] {processor.py:925} INFO - DAG(s) 'example_bash_operator' retrieved from /Users/rishukhurana/anaconda3/lib/python3.11/site-packages/airflow/example_dags/example_bash_operator.py
[2024-12-14T06:49:42.147-0800] {logging_mixin.py:190} INFO - [2024-12-14T06:49:42.147-0800] {dag.py:3239} INFO - Sync 1 DAGs
[2024-12-14T06:49:42.163-0800] {logging_mixin.py:190} INFO - [2024-12-14T06:49:42.162-0800] {dag.py:4180} INFO - Setting next_dagrun for example_bash_operator to 2024-12-13 00:00:00+00:00, run_after=2024-12-14 00:00:00+00:00
[2024-12-14T06:49:42.178-0800] {processor.py:208} INFO - Processing /Users/rishukhurana/anaconda3/lib/python3.11/site-packages/airflow/example_dags/example_bash_operator.py took 0.144 seconds
[2024-12-14T06:55:17.813-0800] {processor.py:186} INFO - Started process (PID=14699) to work on /Users/rishukhurana/anaconda3/lib/python3.11/site-packages/airflow/example_dags/example_bash_operator.py
[2024-12-14T06:55:17.816-0800] {processor.py:914} INFO - Processing file /Users/rishukhurana/anaconda3/lib/python3.11/site-packages/airflow/example_dags/example_bash_operator.py for tasks to queue
[2024-12-14T06:55:17.817-0800] {logging_mixin.py:190} INFO - [2024-12-14T06:55:17.817-0800] {dagbag.py:588} INFO - Filling up the DagBag from /Users/rishukhurana/anaconda3/lib/python3.11/site-packages/airflow/example_dags/example_bash_operator.py
[2024-12-14T06:55:17.832-0800] {processor.py:925} INFO - DAG(s) 'example_bash_operator' retrieved from /Users/rishukhurana/anaconda3/lib/python3.11/site-packages/airflow/example_dags/example_bash_operator.py
[2024-12-14T06:55:17.921-0800] {logging_mixin.py:190} INFO - [2024-12-14T06:55:17.921-0800] {dag.py:3239} INFO - Sync 1 DAGs
[2024-12-14T06:55:17.938-0800] {logging_mixin.py:190} INFO - [2024-12-14T06:55:17.938-0800] {dag.py:4180} INFO - Setting next_dagrun for example_bash_operator to 2024-12-13 00:00:00+00:00, run_after=2024-12-14 00:00:00+00:00
[2024-12-14T06:55:17.954-0800] {processor.py:208} INFO - Processing /Users/rishukhurana/anaconda3/lib/python3.11/site-packages/airflow/example_dags/example_bash_operator.py took 0.147 seconds
[2024-12-14T07:00:44.489-0800] {processor.py:186} INFO - Started process (PID=14976) to work on /Users/rishukhurana/anaconda3/lib/python3.11/site-packages/airflow/example_dags/example_bash_operator.py
[2024-12-14T07:00:44.490-0800] {processor.py:914} INFO - Processing file /Users/rishukhurana/anaconda3/lib/python3.11/site-packages/airflow/example_dags/example_bash_operator.py for tasks to queue
[2024-12-14T07:00:44.492-0800] {logging_mixin.py:190} INFO - [2024-12-14T07:00:44.492-0800] {dagbag.py:588} INFO - Filling up the DagBag from /Users/rishukhurana/anaconda3/lib/python3.11/site-packages/airflow/example_dags/example_bash_operator.py
[2024-12-14T07:00:44.506-0800] {processor.py:925} INFO - DAG(s) 'example_bash_operator' retrieved from /Users/rishukhurana/anaconda3/lib/python3.11/site-packages/airflow/example_dags/example_bash_operator.py
[2024-12-14T07:00:44.602-0800] {logging_mixin.py:190} INFO - [2024-12-14T07:00:44.602-0800] {dag.py:3239} INFO - Sync 1 DAGs
[2024-12-14T07:00:44.619-0800] {logging_mixin.py:190} INFO - [2024-12-14T07:00:44.619-0800] {dag.py:4180} INFO - Setting next_dagrun for example_bash_operator to 2024-12-13 00:00:00+00:00, run_after=2024-12-14 00:00:00+00:00
[2024-12-14T07:00:44.636-0800] {processor.py:208} INFO - Processing /Users/rishukhurana/anaconda3/lib/python3.11/site-packages/airflow/example_dags/example_bash_operator.py took 0.153 seconds
[2024-12-14T07:06:39.915-0800] {processor.py:186} INFO - Started process (PID=15275) to work on /Users/rishukhurana/anaconda3/lib/python3.11/site-packages/airflow/example_dags/example_bash_operator.py
[2024-12-14T07:06:39.918-0800] {processor.py:914} INFO - Processing file /Users/rishukhurana/anaconda3/lib/python3.11/site-packages/airflow/example_dags/example_bash_operator.py for tasks to queue
[2024-12-14T07:06:39.919-0800] {logging_mixin.py:190} INFO - [2024-12-14T07:06:39.919-0800] {dagbag.py:588} INFO - Filling up the DagBag from /Users/rishukhurana/anaconda3/lib/python3.11/site-packages/airflow/example_dags/example_bash_operator.py
[2024-12-14T07:06:39.932-0800] {processor.py:925} INFO - DAG(s) 'example_bash_operator' retrieved from /Users/rishukhurana/anaconda3/lib/python3.11/site-packages/airflow/example_dags/example_bash_operator.py
[2024-12-14T07:06:40.032-0800] {logging_mixin.py:190} INFO - [2024-12-14T07:06:40.032-0800] {dag.py:3239} INFO - Sync 1 DAGs
[2024-12-14T07:06:40.049-0800] {logging_mixin.py:190} INFO - [2024-12-14T07:06:40.048-0800] {dag.py:4180} INFO - Setting next_dagrun for example_bash_operator to 2024-12-13 00:00:00+00:00, run_after=2024-12-14 00:00:00+00:00
[2024-12-14T07:06:40.065-0800] {processor.py:208} INFO - Processing /Users/rishukhurana/anaconda3/lib/python3.11/site-packages/airflow/example_dags/example_bash_operator.py took 0.153 seconds
[2024-12-14T07:12:44.938-0800] {processor.py:186} INFO - Started process (PID=15593) to work on /Users/rishukhurana/anaconda3/lib/python3.11/site-packages/airflow/example_dags/example_bash_operator.py
[2024-12-14T07:12:44.940-0800] {processor.py:914} INFO - Processing file /Users/rishukhurana/anaconda3/lib/python3.11/site-packages/airflow/example_dags/example_bash_operator.py for tasks to queue
[2024-12-14T07:12:44.941-0800] {logging_mixin.py:190} INFO - [2024-12-14T07:12:44.941-0800] {dagbag.py:588} INFO - Filling up the DagBag from /Users/rishukhurana/anaconda3/lib/python3.11/site-packages/airflow/example_dags/example_bash_operator.py
[2024-12-14T07:12:44.956-0800] {processor.py:925} INFO - DAG(s) 'example_bash_operator' retrieved from /Users/rishukhurana/anaconda3/lib/python3.11/site-packages/airflow/example_dags/example_bash_operator.py
[2024-12-14T07:12:45.049-0800] {logging_mixin.py:190} INFO - [2024-12-14T07:12:45.049-0800] {dag.py:3239} INFO - Sync 1 DAGs
[2024-12-14T07:12:45.067-0800] {logging_mixin.py:190} INFO - [2024-12-14T07:12:45.066-0800] {dag.py:4180} INFO - Setting next_dagrun for example_bash_operator to 2024-12-13 00:00:00+00:00, run_after=2024-12-14 00:00:00+00:00
[2024-12-14T07:12:45.081-0800] {processor.py:208} INFO - Processing /Users/rishukhurana/anaconda3/lib/python3.11/site-packages/airflow/example_dags/example_bash_operator.py took 0.149 seconds
[2024-12-14T07:19:02.343-0800] {processor.py:186} INFO - Started process (PID=15963) to work on /Users/rishukhurana/anaconda3/lib/python3.11/site-packages/airflow/example_dags/example_bash_operator.py
[2024-12-14T07:19:02.345-0800] {processor.py:914} INFO - Processing file /Users/rishukhurana/anaconda3/lib/python3.11/site-packages/airflow/example_dags/example_bash_operator.py for tasks to queue
[2024-12-14T07:19:02.347-0800] {logging_mixin.py:190} INFO - [2024-12-14T07:19:02.347-0800] {dagbag.py:588} INFO - Filling up the DagBag from /Users/rishukhurana/anaconda3/lib/python3.11/site-packages/airflow/example_dags/example_bash_operator.py
[2024-12-14T07:19:02.358-0800] {processor.py:925} INFO - DAG(s) 'example_bash_operator' retrieved from /Users/rishukhurana/anaconda3/lib/python3.11/site-packages/airflow/example_dags/example_bash_operator.py
[2024-12-14T07:19:02.451-0800] {logging_mixin.py:190} INFO - [2024-12-14T07:19:02.451-0800] {dag.py:3239} INFO - Sync 1 DAGs
[2024-12-14T07:19:02.468-0800] {logging_mixin.py:190} INFO - [2024-12-14T07:19:02.468-0800] {dag.py:4180} INFO - Setting next_dagrun for example_bash_operator to 2024-12-13 00:00:00+00:00, run_after=2024-12-14 00:00:00+00:00
[2024-12-14T07:19:02.487-0800] {processor.py:208} INFO - Processing /Users/rishukhurana/anaconda3/lib/python3.11/site-packages/airflow/example_dags/example_bash_operator.py took 0.149 seconds
[2024-12-14T07:24:49.032-0800] {processor.py:186} INFO - Started process (PID=16283) to work on /Users/rishukhurana/anaconda3/lib/python3.11/site-packages/airflow/example_dags/example_bash_operator.py
[2024-12-14T07:24:49.034-0800] {processor.py:914} INFO - Processing file /Users/rishukhurana/anaconda3/lib/python3.11/site-packages/airflow/example_dags/example_bash_operator.py for tasks to queue
[2024-12-14T07:24:49.036-0800] {logging_mixin.py:190} INFO - [2024-12-14T07:24:49.035-0800] {dagbag.py:588} INFO - Filling up the DagBag from /Users/rishukhurana/anaconda3/lib/python3.11/site-packages/airflow/example_dags/example_bash_operator.py
[2024-12-14T07:24:49.049-0800] {processor.py:925} INFO - DAG(s) 'example_bash_operator' retrieved from /Users/rishukhurana/anaconda3/lib/python3.11/site-packages/airflow/example_dags/example_bash_operator.py
[2024-12-14T07:24:49.146-0800] {logging_mixin.py:190} INFO - [2024-12-14T07:24:49.145-0800] {dag.py:3239} INFO - Sync 1 DAGs
[2024-12-14T07:24:49.163-0800] {logging_mixin.py:190} INFO - [2024-12-14T07:24:49.163-0800] {dag.py:4180} INFO - Setting next_dagrun for example_bash_operator to 2024-12-13 00:00:00+00:00, run_after=2024-12-14 00:00:00+00:00
[2024-12-14T07:24:49.178-0800] {processor.py:208} INFO - Processing /Users/rishukhurana/anaconda3/lib/python3.11/site-packages/airflow/example_dags/example_bash_operator.py took 0.152 seconds
[2024-12-14T07:30:41.472-0800] {processor.py:186} INFO - Started process (PID=16563) to work on /Users/rishukhurana/anaconda3/lib/python3.11/site-packages/airflow/example_dags/example_bash_operator.py
[2024-12-14T07:30:41.474-0800] {processor.py:914} INFO - Processing file /Users/rishukhurana/anaconda3/lib/python3.11/site-packages/airflow/example_dags/example_bash_operator.py for tasks to queue
[2024-12-14T07:30:41.475-0800] {logging_mixin.py:190} INFO - [2024-12-14T07:30:41.475-0800] {dagbag.py:588} INFO - Filling up the DagBag from /Users/rishukhurana/anaconda3/lib/python3.11/site-packages/airflow/example_dags/example_bash_operator.py
[2024-12-14T07:30:41.488-0800] {processor.py:925} INFO - DAG(s) 'example_bash_operator' retrieved from /Users/rishukhurana/anaconda3/lib/python3.11/site-packages/airflow/example_dags/example_bash_operator.py
[2024-12-14T07:30:41.590-0800] {logging_mixin.py:190} INFO - [2024-12-14T07:30:41.590-0800] {dag.py:3239} INFO - Sync 1 DAGs
[2024-12-14T07:30:41.607-0800] {logging_mixin.py:190} INFO - [2024-12-14T07:30:41.607-0800] {dag.py:4180} INFO - Setting next_dagrun for example_bash_operator to 2024-12-13 00:00:00+00:00, run_after=2024-12-14 00:00:00+00:00
[2024-12-14T07:30:41.623-0800] {processor.py:208} INFO - Processing /Users/rishukhurana/anaconda3/lib/python3.11/site-packages/airflow/example_dags/example_bash_operator.py took 0.158 seconds
[2024-12-14T07:36:59.097-0800] {processor.py:186} INFO - Started process (PID=16875) to work on /Users/rishukhurana/anaconda3/lib/python3.11/site-packages/airflow/example_dags/example_bash_operator.py
[2024-12-14T07:36:59.098-0800] {processor.py:914} INFO - Processing file /Users/rishukhurana/anaconda3/lib/python3.11/site-packages/airflow/example_dags/example_bash_operator.py for tasks to queue
[2024-12-14T07:36:59.099-0800] {logging_mixin.py:190} INFO - [2024-12-14T07:36:59.099-0800] {dagbag.py:588} INFO - Filling up the DagBag from /Users/rishukhurana/anaconda3/lib/python3.11/site-packages/airflow/example_dags/example_bash_operator.py
[2024-12-14T07:36:59.117-0800] {processor.py:925} INFO - DAG(s) 'example_bash_operator' retrieved from /Users/rishukhurana/anaconda3/lib/python3.11/site-packages/airflow/example_dags/example_bash_operator.py
[2024-12-14T07:36:59.206-0800] {logging_mixin.py:190} INFO - [2024-12-14T07:36:59.205-0800] {dag.py:3239} INFO - Sync 1 DAGs
[2024-12-14T07:36:59.223-0800] {logging_mixin.py:190} INFO - [2024-12-14T07:36:59.223-0800] {dag.py:4180} INFO - Setting next_dagrun for example_bash_operator to 2024-12-13 00:00:00+00:00, run_after=2024-12-14 00:00:00+00:00
[2024-12-14T07:36:59.240-0800] {processor.py:208} INFO - Processing /Users/rishukhurana/anaconda3/lib/python3.11/site-packages/airflow/example_dags/example_bash_operator.py took 0.149 seconds
[2024-12-14T07:43:22.733-0800] {processor.py:186} INFO - Started process (PID=17200) to work on /Users/rishukhurana/anaconda3/lib/python3.11/site-packages/airflow/example_dags/example_bash_operator.py
[2024-12-14T07:43:22.736-0800] {processor.py:914} INFO - Processing file /Users/rishukhurana/anaconda3/lib/python3.11/site-packages/airflow/example_dags/example_bash_operator.py for tasks to queue
[2024-12-14T07:43:22.738-0800] {logging_mixin.py:190} INFO - [2024-12-14T07:43:22.738-0800] {dagbag.py:588} INFO - Filling up the DagBag from /Users/rishukhurana/anaconda3/lib/python3.11/site-packages/airflow/example_dags/example_bash_operator.py
[2024-12-14T07:43:22.754-0800] {processor.py:925} INFO - DAG(s) 'example_bash_operator' retrieved from /Users/rishukhurana/anaconda3/lib/python3.11/site-packages/airflow/example_dags/example_bash_operator.py
[2024-12-14T07:43:22.850-0800] {logging_mixin.py:190} INFO - [2024-12-14T07:43:22.849-0800] {dag.py:3239} INFO - Sync 1 DAGs
[2024-12-14T07:43:22.866-0800] {logging_mixin.py:190} INFO - [2024-12-14T07:43:22.866-0800] {dag.py:4180} INFO - Setting next_dagrun for example_bash_operator to 2024-12-13 00:00:00+00:00, run_after=2024-12-14 00:00:00+00:00
[2024-12-14T07:43:22.883-0800] {processor.py:208} INFO - Processing /Users/rishukhurana/anaconda3/lib/python3.11/site-packages/airflow/example_dags/example_bash_operator.py took 0.154 seconds
[2024-12-14T07:49:35.648-0800] {processor.py:186} INFO - Started process (PID=17525) to work on /Users/rishukhurana/anaconda3/lib/python3.11/site-packages/airflow/example_dags/example_bash_operator.py
[2024-12-14T07:49:35.651-0800] {processor.py:914} INFO - Processing file /Users/rishukhurana/anaconda3/lib/python3.11/site-packages/airflow/example_dags/example_bash_operator.py for tasks to queue
[2024-12-14T07:49:35.652-0800] {logging_mixin.py:190} INFO - [2024-12-14T07:49:35.652-0800] {dagbag.py:588} INFO - Filling up the DagBag from /Users/rishukhurana/anaconda3/lib/python3.11/site-packages/airflow/example_dags/example_bash_operator.py
[2024-12-14T07:49:35.668-0800] {processor.py:925} INFO - DAG(s) 'example_bash_operator' retrieved from /Users/rishukhurana/anaconda3/lib/python3.11/site-packages/airflow/example_dags/example_bash_operator.py
[2024-12-14T07:49:35.754-0800] {logging_mixin.py:190} INFO - [2024-12-14T07:49:35.754-0800] {dag.py:3239} INFO - Sync 1 DAGs
[2024-12-14T07:49:35.770-0800] {logging_mixin.py:190} INFO - [2024-12-14T07:49:35.770-0800] {dag.py:4180} INFO - Setting next_dagrun for example_bash_operator to 2024-12-13 00:00:00+00:00, run_after=2024-12-14 00:00:00+00:00
[2024-12-14T07:49:35.791-0800] {processor.py:208} INFO - Processing /Users/rishukhurana/anaconda3/lib/python3.11/site-packages/airflow/example_dags/example_bash_operator.py took 0.148 seconds
[2024-12-14T07:55:39.091-0800] {processor.py:186} INFO - Started process (PID=17905) to work on /Users/rishukhurana/anaconda3/lib/python3.11/site-packages/airflow/example_dags/example_bash_operator.py
[2024-12-14T07:55:39.092-0800] {processor.py:914} INFO - Processing file /Users/rishukhurana/anaconda3/lib/python3.11/site-packages/airflow/example_dags/example_bash_operator.py for tasks to queue
[2024-12-14T07:55:39.093-0800] {logging_mixin.py:190} INFO - [2024-12-14T07:55:39.093-0800] {dagbag.py:588} INFO - Filling up the DagBag from /Users/rishukhurana/anaconda3/lib/python3.11/site-packages/airflow/example_dags/example_bash_operator.py
[2024-12-14T07:55:39.106-0800] {processor.py:925} INFO - DAG(s) 'example_bash_operator' retrieved from /Users/rishukhurana/anaconda3/lib/python3.11/site-packages/airflow/example_dags/example_bash_operator.py
[2024-12-14T07:55:39.203-0800] {logging_mixin.py:190} INFO - [2024-12-14T07:55:39.203-0800] {dag.py:3239} INFO - Sync 1 DAGs
[2024-12-14T07:55:39.221-0800] {logging_mixin.py:190} INFO - [2024-12-14T07:55:39.221-0800] {dag.py:4180} INFO - Setting next_dagrun for example_bash_operator to 2024-12-13 00:00:00+00:00, run_after=2024-12-14 00:00:00+00:00
[2024-12-14T07:55:39.237-0800] {processor.py:208} INFO - Processing /Users/rishukhurana/anaconda3/lib/python3.11/site-packages/airflow/example_dags/example_bash_operator.py took 0.151 seconds
[2024-12-14T08:01:27.207-0800] {processor.py:186} INFO - Started process (PID=18194) to work on /Users/rishukhurana/anaconda3/lib/python3.11/site-packages/airflow/example_dags/example_bash_operator.py
[2024-12-14T08:01:27.210-0800] {processor.py:914} INFO - Processing file /Users/rishukhurana/anaconda3/lib/python3.11/site-packages/airflow/example_dags/example_bash_operator.py for tasks to queue
[2024-12-14T08:01:27.211-0800] {logging_mixin.py:190} INFO - [2024-12-14T08:01:27.211-0800] {dagbag.py:588} INFO - Filling up the DagBag from /Users/rishukhurana/anaconda3/lib/python3.11/site-packages/airflow/example_dags/example_bash_operator.py
[2024-12-14T08:01:27.223-0800] {processor.py:925} INFO - DAG(s) 'example_bash_operator' retrieved from /Users/rishukhurana/anaconda3/lib/python3.11/site-packages/airflow/example_dags/example_bash_operator.py
[2024-12-14T08:01:27.310-0800] {logging_mixin.py:190} INFO - [2024-12-14T08:01:27.310-0800] {dag.py:3239} INFO - Sync 1 DAGs
[2024-12-14T08:01:27.326-0800] {logging_mixin.py:190} INFO - [2024-12-14T08:01:27.325-0800] {dag.py:4180} INFO - Setting next_dagrun for example_bash_operator to 2024-12-13 00:00:00+00:00, run_after=2024-12-14 00:00:00+00:00
[2024-12-14T08:01:27.341-0800] {processor.py:208} INFO - Processing /Users/rishukhurana/anaconda3/lib/python3.11/site-packages/airflow/example_dags/example_bash_operator.py took 0.139 seconds
[2024-12-14T08:07:12.012-0800] {processor.py:186} INFO - Started process (PID=18480) to work on /Users/rishukhurana/anaconda3/lib/python3.11/site-packages/airflow/example_dags/example_bash_operator.py
[2024-12-14T08:07:12.014-0800] {processor.py:914} INFO - Processing file /Users/rishukhurana/anaconda3/lib/python3.11/site-packages/airflow/example_dags/example_bash_operator.py for tasks to queue
[2024-12-14T08:07:12.015-0800] {logging_mixin.py:190} INFO - [2024-12-14T08:07:12.015-0800] {dagbag.py:588} INFO - Filling up the DagBag from /Users/rishukhurana/anaconda3/lib/python3.11/site-packages/airflow/example_dags/example_bash_operator.py
[2024-12-14T08:07:12.027-0800] {processor.py:925} INFO - DAG(s) 'example_bash_operator' retrieved from /Users/rishukhurana/anaconda3/lib/python3.11/site-packages/airflow/example_dags/example_bash_operator.py
[2024-12-14T08:07:12.112-0800] {logging_mixin.py:190} INFO - [2024-12-14T08:07:12.112-0800] {dag.py:3239} INFO - Sync 1 DAGs
[2024-12-14T08:07:12.127-0800] {logging_mixin.py:190} INFO - [2024-12-14T08:07:12.127-0800] {dag.py:4180} INFO - Setting next_dagrun for example_bash_operator to 2024-12-13 00:00:00+00:00, run_after=2024-12-14 00:00:00+00:00
[2024-12-14T08:07:12.148-0800] {processor.py:208} INFO - Processing /Users/rishukhurana/anaconda3/lib/python3.11/site-packages/airflow/example_dags/example_bash_operator.py took 0.143 seconds
[2024-12-14T08:12:52.325-0800] {processor.py:186} INFO - Started process (PID=18758) to work on /Users/rishukhurana/anaconda3/lib/python3.11/site-packages/airflow/example_dags/example_bash_operator.py
[2024-12-14T08:12:52.327-0800] {processor.py:914} INFO - Processing file /Users/rishukhurana/anaconda3/lib/python3.11/site-packages/airflow/example_dags/example_bash_operator.py for tasks to queue
[2024-12-14T08:12:52.328-0800] {logging_mixin.py:190} INFO - [2024-12-14T08:12:52.328-0800] {dagbag.py:588} INFO - Filling up the DagBag from /Users/rishukhurana/anaconda3/lib/python3.11/site-packages/airflow/example_dags/example_bash_operator.py
[2024-12-14T08:12:52.340-0800] {processor.py:925} INFO - DAG(s) 'example_bash_operator' retrieved from /Users/rishukhurana/anaconda3/lib/python3.11/site-packages/airflow/example_dags/example_bash_operator.py
[2024-12-14T08:12:52.425-0800] {logging_mixin.py:190} INFO - [2024-12-14T08:12:52.425-0800] {dag.py:3239} INFO - Sync 1 DAGs
[2024-12-14T08:12:52.440-0800] {logging_mixin.py:190} INFO - [2024-12-14T08:12:52.440-0800] {dag.py:4180} INFO - Setting next_dagrun for example_bash_operator to 2024-12-13 00:00:00+00:00, run_after=2024-12-14 00:00:00+00:00
[2024-12-14T08:12:52.455-0800] {processor.py:208} INFO - Processing /Users/rishukhurana/anaconda3/lib/python3.11/site-packages/airflow/example_dags/example_bash_operator.py took 0.136 seconds
[2024-12-14T08:18:40.903-0800] {processor.py:186} INFO - Started process (PID=19042) to work on /Users/rishukhurana/anaconda3/lib/python3.11/site-packages/airflow/example_dags/example_bash_operator.py
[2024-12-14T08:18:40.906-0800] {processor.py:914} INFO - Processing file /Users/rishukhurana/anaconda3/lib/python3.11/site-packages/airflow/example_dags/example_bash_operator.py for tasks to queue
[2024-12-14T08:18:40.907-0800] {logging_mixin.py:190} INFO - [2024-12-14T08:18:40.907-0800] {dagbag.py:588} INFO - Filling up the DagBag from /Users/rishukhurana/anaconda3/lib/python3.11/site-packages/airflow/example_dags/example_bash_operator.py
[2024-12-14T08:18:40.918-0800] {processor.py:925} INFO - DAG(s) 'example_bash_operator' retrieved from /Users/rishukhurana/anaconda3/lib/python3.11/site-packages/airflow/example_dags/example_bash_operator.py
[2024-12-14T08:18:41.013-0800] {logging_mixin.py:190} INFO - [2024-12-14T08:18:41.013-0800] {dag.py:3239} INFO - Sync 1 DAGs
[2024-12-14T08:18:41.030-0800] {logging_mixin.py:190} INFO - [2024-12-14T08:18:41.029-0800] {dag.py:4180} INFO - Setting next_dagrun for example_bash_operator to 2024-12-13 00:00:00+00:00, run_after=2024-12-14 00:00:00+00:00
[2024-12-14T08:18:41.045-0800] {processor.py:208} INFO - Processing /Users/rishukhurana/anaconda3/lib/python3.11/site-packages/airflow/example_dags/example_bash_operator.py took 0.147 seconds
[2024-12-14T08:24:38.411-0800] {processor.py:186} INFO - Started process (PID=19352) to work on /Users/rishukhurana/anaconda3/lib/python3.11/site-packages/airflow/example_dags/example_bash_operator.py
[2024-12-14T08:24:38.414-0800] {processor.py:914} INFO - Processing file /Users/rishukhurana/anaconda3/lib/python3.11/site-packages/airflow/example_dags/example_bash_operator.py for tasks to queue
[2024-12-14T08:24:38.416-0800] {logging_mixin.py:190} INFO - [2024-12-14T08:24:38.416-0800] {dagbag.py:588} INFO - Filling up the DagBag from /Users/rishukhurana/anaconda3/lib/python3.11/site-packages/airflow/example_dags/example_bash_operator.py
[2024-12-14T08:24:38.429-0800] {processor.py:925} INFO - DAG(s) 'example_bash_operator' retrieved from /Users/rishukhurana/anaconda3/lib/python3.11/site-packages/airflow/example_dags/example_bash_operator.py
[2024-12-14T08:24:38.521-0800] {logging_mixin.py:190} INFO - [2024-12-14T08:24:38.521-0800] {dag.py:3239} INFO - Sync 1 DAGs
[2024-12-14T08:24:38.538-0800] {logging_mixin.py:190} INFO - [2024-12-14T08:24:38.537-0800] {dag.py:4180} INFO - Setting next_dagrun for example_bash_operator to 2024-12-13 00:00:00+00:00, run_after=2024-12-14 00:00:00+00:00
[2024-12-14T08:24:38.552-0800] {processor.py:208} INFO - Processing /Users/rishukhurana/anaconda3/lib/python3.11/site-packages/airflow/example_dags/example_bash_operator.py took 0.146 seconds
[2024-12-14T08:30:40.093-0800] {processor.py:186} INFO - Started process (PID=19639) to work on /Users/rishukhurana/anaconda3/lib/python3.11/site-packages/airflow/example_dags/example_bash_operator.py
[2024-12-14T08:30:40.095-0800] {processor.py:914} INFO - Processing file /Users/rishukhurana/anaconda3/lib/python3.11/site-packages/airflow/example_dags/example_bash_operator.py for tasks to queue
[2024-12-14T08:30:40.096-0800] {logging_mixin.py:190} INFO - [2024-12-14T08:30:40.096-0800] {dagbag.py:588} INFO - Filling up the DagBag from /Users/rishukhurana/anaconda3/lib/python3.11/site-packages/airflow/example_dags/example_bash_operator.py
[2024-12-14T08:30:40.106-0800] {processor.py:925} INFO - DAG(s) 'example_bash_operator' retrieved from /Users/rishukhurana/anaconda3/lib/python3.11/site-packages/airflow/example_dags/example_bash_operator.py
[2024-12-14T08:30:40.193-0800] {logging_mixin.py:190} INFO - [2024-12-14T08:30:40.192-0800] {dag.py:3239} INFO - Sync 1 DAGs
[2024-12-14T08:30:40.208-0800] {logging_mixin.py:190} INFO - [2024-12-14T08:30:40.208-0800] {dag.py:4180} INFO - Setting next_dagrun for example_bash_operator to 2024-12-13 00:00:00+00:00, run_after=2024-12-14 00:00:00+00:00
[2024-12-14T08:30:40.223-0800] {processor.py:208} INFO - Processing /Users/rishukhurana/anaconda3/lib/python3.11/site-packages/airflow/example_dags/example_bash_operator.py took 0.137 seconds
[2024-12-14T08:36:32.015-0800] {processor.py:186} INFO - Started process (PID=19920) to work on /Users/rishukhurana/anaconda3/lib/python3.11/site-packages/airflow/example_dags/example_bash_operator.py
[2024-12-14T08:36:32.017-0800] {processor.py:914} INFO - Processing file /Users/rishukhurana/anaconda3/lib/python3.11/site-packages/airflow/example_dags/example_bash_operator.py for tasks to queue
[2024-12-14T08:36:32.019-0800] {logging_mixin.py:190} INFO - [2024-12-14T08:36:32.018-0800] {dagbag.py:588} INFO - Filling up the DagBag from /Users/rishukhurana/anaconda3/lib/python3.11/site-packages/airflow/example_dags/example_bash_operator.py
[2024-12-14T08:36:32.030-0800] {processor.py:925} INFO - DAG(s) 'example_bash_operator' retrieved from /Users/rishukhurana/anaconda3/lib/python3.11/site-packages/airflow/example_dags/example_bash_operator.py
[2024-12-14T08:36:32.126-0800] {logging_mixin.py:190} INFO - [2024-12-14T08:36:32.126-0800] {dag.py:3239} INFO - Sync 1 DAGs
[2024-12-14T08:36:32.142-0800] {logging_mixin.py:190} INFO - [2024-12-14T08:36:32.141-0800] {dag.py:4180} INFO - Setting next_dagrun for example_bash_operator to 2024-12-13 00:00:00+00:00, run_after=2024-12-14 00:00:00+00:00
[2024-12-14T08:36:32.157-0800] {processor.py:208} INFO - Processing /Users/rishukhurana/anaconda3/lib/python3.11/site-packages/airflow/example_dags/example_bash_operator.py took 0.148 seconds
[2024-12-14T08:42:20.903-0800] {processor.py:186} INFO - Started process (PID=20220) to work on /Users/rishukhurana/anaconda3/lib/python3.11/site-packages/airflow/example_dags/example_bash_operator.py
[2024-12-14T08:42:20.905-0800] {processor.py:914} INFO - Processing file /Users/rishukhurana/anaconda3/lib/python3.11/site-packages/airflow/example_dags/example_bash_operator.py for tasks to queue
[2024-12-14T08:42:20.907-0800] {logging_mixin.py:190} INFO - [2024-12-14T08:42:20.906-0800] {dagbag.py:588} INFO - Filling up the DagBag from /Users/rishukhurana/anaconda3/lib/python3.11/site-packages/airflow/example_dags/example_bash_operator.py
[2024-12-14T08:42:20.924-0800] {processor.py:925} INFO - DAG(s) 'example_bash_operator' retrieved from /Users/rishukhurana/anaconda3/lib/python3.11/site-packages/airflow/example_dags/example_bash_operator.py
[2024-12-14T08:42:21.019-0800] {logging_mixin.py:190} INFO - [2024-12-14T08:42:21.019-0800] {dag.py:3239} INFO - Sync 1 DAGs
[2024-12-14T08:42:21.035-0800] {logging_mixin.py:190} INFO - [2024-12-14T08:42:21.035-0800] {dag.py:4180} INFO - Setting next_dagrun for example_bash_operator to 2024-12-13 00:00:00+00:00, run_after=2024-12-14 00:00:00+00:00
[2024-12-14T08:42:21.056-0800] {processor.py:208} INFO - Processing /Users/rishukhurana/anaconda3/lib/python3.11/site-packages/airflow/example_dags/example_bash_operator.py took 0.159 seconds
[2024-12-14T08:48:18.589-0800] {processor.py:186} INFO - Started process (PID=20517) to work on /Users/rishukhurana/anaconda3/lib/python3.11/site-packages/airflow/example_dags/example_bash_operator.py
[2024-12-14T08:48:18.591-0800] {processor.py:914} INFO - Processing file /Users/rishukhurana/anaconda3/lib/python3.11/site-packages/airflow/example_dags/example_bash_operator.py for tasks to queue
[2024-12-14T08:48:18.592-0800] {logging_mixin.py:190} INFO - [2024-12-14T08:48:18.592-0800] {dagbag.py:588} INFO - Filling up the DagBag from /Users/rishukhurana/anaconda3/lib/python3.11/site-packages/airflow/example_dags/example_bash_operator.py
[2024-12-14T08:48:18.604-0800] {processor.py:925} INFO - DAG(s) 'example_bash_operator' retrieved from /Users/rishukhurana/anaconda3/lib/python3.11/site-packages/airflow/example_dags/example_bash_operator.py
[2024-12-14T08:48:18.711-0800] {logging_mixin.py:190} INFO - [2024-12-14T08:48:18.711-0800] {dag.py:3239} INFO - Sync 1 DAGs
[2024-12-14T08:48:18.732-0800] {logging_mixin.py:190} INFO - [2024-12-14T08:48:18.732-0800] {dag.py:4180} INFO - Setting next_dagrun for example_bash_operator to 2024-12-13 00:00:00+00:00, run_after=2024-12-14 00:00:00+00:00
[2024-12-14T08:48:18.751-0800] {processor.py:208} INFO - Processing /Users/rishukhurana/anaconda3/lib/python3.11/site-packages/airflow/example_dags/example_bash_operator.py took 0.167 seconds
[2024-12-14T08:54:44.994-0800] {processor.py:186} INFO - Started process (PID=20887) to work on /Users/rishukhurana/anaconda3/lib/python3.11/site-packages/airflow/example_dags/example_bash_operator.py
[2024-12-14T08:54:44.995-0800] {processor.py:914} INFO - Processing file /Users/rishukhurana/anaconda3/lib/python3.11/site-packages/airflow/example_dags/example_bash_operator.py for tasks to queue
[2024-12-14T08:54:44.997-0800] {logging_mixin.py:190} INFO - [2024-12-14T08:54:44.996-0800] {dagbag.py:588} INFO - Filling up the DagBag from /Users/rishukhurana/anaconda3/lib/python3.11/site-packages/airflow/example_dags/example_bash_operator.py
[2024-12-14T08:54:45.015-0800] {processor.py:925} INFO - DAG(s) 'example_bash_operator' retrieved from /Users/rishukhurana/anaconda3/lib/python3.11/site-packages/airflow/example_dags/example_bash_operator.py
[2024-12-14T08:54:45.116-0800] {logging_mixin.py:190} INFO - [2024-12-14T08:54:45.116-0800] {dag.py:3239} INFO - Sync 1 DAGs
[2024-12-14T08:54:45.134-0800] {logging_mixin.py:190} INFO - [2024-12-14T08:54:45.134-0800] {dag.py:4180} INFO - Setting next_dagrun for example_bash_operator to 2024-12-13 00:00:00+00:00, run_after=2024-12-14 00:00:00+00:00
[2024-12-14T08:54:45.151-0800] {processor.py:208} INFO - Processing /Users/rishukhurana/anaconda3/lib/python3.11/site-packages/airflow/example_dags/example_bash_operator.py took 0.162 seconds
[2024-12-14T09:01:00.094-0800] {processor.py:186} INFO - Started process (PID=21176) to work on /Users/rishukhurana/anaconda3/lib/python3.11/site-packages/airflow/example_dags/example_bash_operator.py
[2024-12-14T09:01:00.098-0800] {processor.py:914} INFO - Processing file /Users/rishukhurana/anaconda3/lib/python3.11/site-packages/airflow/example_dags/example_bash_operator.py for tasks to queue
[2024-12-14T09:01:00.100-0800] {logging_mixin.py:190} INFO - [2024-12-14T09:01:00.100-0800] {dagbag.py:588} INFO - Filling up the DagBag from /Users/rishukhurana/anaconda3/lib/python3.11/site-packages/airflow/example_dags/example_bash_operator.py
[2024-12-14T09:01:00.114-0800] {processor.py:925} INFO - DAG(s) 'example_bash_operator' retrieved from /Users/rishukhurana/anaconda3/lib/python3.11/site-packages/airflow/example_dags/example_bash_operator.py
[2024-12-14T09:01:00.204-0800] {logging_mixin.py:190} INFO - [2024-12-14T09:01:00.204-0800] {dag.py:3239} INFO - Sync 1 DAGs
[2024-12-14T09:01:00.220-0800] {logging_mixin.py:190} INFO - [2024-12-14T09:01:00.220-0800] {dag.py:4180} INFO - Setting next_dagrun for example_bash_operator to 2024-12-13 00:00:00+00:00, run_after=2024-12-14 00:00:00+00:00
[2024-12-14T09:01:00.239-0800] {processor.py:208} INFO - Processing /Users/rishukhurana/anaconda3/lib/python3.11/site-packages/airflow/example_dags/example_bash_operator.py took 0.151 seconds
[2024-12-14T09:07:07.701-0800] {processor.py:186} INFO - Started process (PID=21463) to work on /Users/rishukhurana/anaconda3/lib/python3.11/site-packages/airflow/example_dags/example_bash_operator.py
[2024-12-14T09:07:07.703-0800] {processor.py:914} INFO - Processing file /Users/rishukhurana/anaconda3/lib/python3.11/site-packages/airflow/example_dags/example_bash_operator.py for tasks to queue
[2024-12-14T09:07:07.704-0800] {logging_mixin.py:190} INFO - [2024-12-14T09:07:07.704-0800] {dagbag.py:588} INFO - Filling up the DagBag from /Users/rishukhurana/anaconda3/lib/python3.11/site-packages/airflow/example_dags/example_bash_operator.py
[2024-12-14T09:07:07.721-0800] {processor.py:925} INFO - DAG(s) 'example_bash_operator' retrieved from /Users/rishukhurana/anaconda3/lib/python3.11/site-packages/airflow/example_dags/example_bash_operator.py
[2024-12-14T09:07:07.844-0800] {logging_mixin.py:190} INFO - [2024-12-14T09:07:07.843-0800] {dag.py:3239} INFO - Sync 1 DAGs
[2024-12-14T09:07:07.862-0800] {logging_mixin.py:190} INFO - [2024-12-14T09:07:07.861-0800] {dag.py:4180} INFO - Setting next_dagrun for example_bash_operator to 2024-12-13 00:00:00+00:00, run_after=2024-12-14 00:00:00+00:00
[2024-12-14T09:07:07.879-0800] {processor.py:208} INFO - Processing /Users/rishukhurana/anaconda3/lib/python3.11/site-packages/airflow/example_dags/example_bash_operator.py took 0.184 seconds
[2024-12-14T09:13:21.472-0800] {processor.py:186} INFO - Started process (PID=21772) to work on /Users/rishukhurana/anaconda3/lib/python3.11/site-packages/airflow/example_dags/example_bash_operator.py
[2024-12-14T09:13:21.475-0800] {processor.py:914} INFO - Processing file /Users/rishukhurana/anaconda3/lib/python3.11/site-packages/airflow/example_dags/example_bash_operator.py for tasks to queue
[2024-12-14T09:13:21.476-0800] {logging_mixin.py:190} INFO - [2024-12-14T09:13:21.476-0800] {dagbag.py:588} INFO - Filling up the DagBag from /Users/rishukhurana/anaconda3/lib/python3.11/site-packages/airflow/example_dags/example_bash_operator.py
[2024-12-14T09:13:21.493-0800] {processor.py:925} INFO - DAG(s) 'example_bash_operator' retrieved from /Users/rishukhurana/anaconda3/lib/python3.11/site-packages/airflow/example_dags/example_bash_operator.py
[2024-12-14T09:13:21.592-0800] {logging_mixin.py:190} INFO - [2024-12-14T09:13:21.592-0800] {dag.py:3239} INFO - Sync 1 DAGs
[2024-12-14T09:13:21.610-0800] {logging_mixin.py:190} INFO - [2024-12-14T09:13:21.609-0800] {dag.py:4180} INFO - Setting next_dagrun for example_bash_operator to 2024-12-13 00:00:00+00:00, run_after=2024-12-14 00:00:00+00:00
[2024-12-14T09:13:21.625-0800] {processor.py:208} INFO - Processing /Users/rishukhurana/anaconda3/lib/python3.11/site-packages/airflow/example_dags/example_bash_operator.py took 0.159 seconds
[2024-12-14T09:19:41.951-0800] {processor.py:186} INFO - Started process (PID=22072) to work on /Users/rishukhurana/anaconda3/lib/python3.11/site-packages/airflow/example_dags/example_bash_operator.py
[2024-12-14T09:19:41.954-0800] {processor.py:914} INFO - Processing file /Users/rishukhurana/anaconda3/lib/python3.11/site-packages/airflow/example_dags/example_bash_operator.py for tasks to queue
[2024-12-14T09:19:41.955-0800] {logging_mixin.py:190} INFO - [2024-12-14T09:19:41.955-0800] {dagbag.py:588} INFO - Filling up the DagBag from /Users/rishukhurana/anaconda3/lib/python3.11/site-packages/airflow/example_dags/example_bash_operator.py
[2024-12-14T09:19:41.968-0800] {processor.py:925} INFO - DAG(s) 'example_bash_operator' retrieved from /Users/rishukhurana/anaconda3/lib/python3.11/site-packages/airflow/example_dags/example_bash_operator.py
[2024-12-14T09:19:42.071-0800] {logging_mixin.py:190} INFO - [2024-12-14T09:19:42.071-0800] {dag.py:3239} INFO - Sync 1 DAGs
[2024-12-14T09:19:42.089-0800] {logging_mixin.py:190} INFO - [2024-12-14T09:19:42.089-0800] {dag.py:4180} INFO - Setting next_dagrun for example_bash_operator to 2024-12-13 00:00:00+00:00, run_after=2024-12-14 00:00:00+00:00
[2024-12-14T09:19:42.105-0800] {processor.py:208} INFO - Processing /Users/rishukhurana/anaconda3/lib/python3.11/site-packages/airflow/example_dags/example_bash_operator.py took 0.158 seconds
[2024-12-14T09:25:53.883-0800] {processor.py:186} INFO - Started process (PID=22391) to work on /Users/rishukhurana/anaconda3/lib/python3.11/site-packages/airflow/example_dags/example_bash_operator.py
[2024-12-14T09:25:53.886-0800] {processor.py:914} INFO - Processing file /Users/rishukhurana/anaconda3/lib/python3.11/site-packages/airflow/example_dags/example_bash_operator.py for tasks to queue
[2024-12-14T09:25:53.887-0800] {logging_mixin.py:190} INFO - [2024-12-14T09:25:53.886-0800] {dagbag.py:588} INFO - Filling up the DagBag from /Users/rishukhurana/anaconda3/lib/python3.11/site-packages/airflow/example_dags/example_bash_operator.py
[2024-12-14T09:25:53.900-0800] {processor.py:925} INFO - DAG(s) 'example_bash_operator' retrieved from /Users/rishukhurana/anaconda3/lib/python3.11/site-packages/airflow/example_dags/example_bash_operator.py
[2024-12-14T09:25:53.987-0800] {logging_mixin.py:190} INFO - [2024-12-14T09:25:53.987-0800] {dag.py:3239} INFO - Sync 1 DAGs
[2024-12-14T09:25:54.003-0800] {logging_mixin.py:190} INFO - [2024-12-14T09:25:54.002-0800] {dag.py:4180} INFO - Setting next_dagrun for example_bash_operator to 2024-12-13 00:00:00+00:00, run_after=2024-12-14 00:00:00+00:00
[2024-12-14T09:25:54.016-0800] {processor.py:208} INFO - Processing /Users/rishukhurana/anaconda3/lib/python3.11/site-packages/airflow/example_dags/example_bash_operator.py took 0.139 seconds
[2024-12-14T09:31:50.220-0800] {processor.py:186} INFO - Started process (PID=22698) to work on /Users/rishukhurana/anaconda3/lib/python3.11/site-packages/airflow/example_dags/example_bash_operator.py
[2024-12-14T09:31:50.223-0800] {processor.py:914} INFO - Processing file /Users/rishukhurana/anaconda3/lib/python3.11/site-packages/airflow/example_dags/example_bash_operator.py for tasks to queue
[2024-12-14T09:31:50.225-0800] {logging_mixin.py:190} INFO - [2024-12-14T09:31:50.224-0800] {dagbag.py:588} INFO - Filling up the DagBag from /Users/rishukhurana/anaconda3/lib/python3.11/site-packages/airflow/example_dags/example_bash_operator.py
[2024-12-14T09:31:50.235-0800] {processor.py:925} INFO - DAG(s) 'example_bash_operator' retrieved from /Users/rishukhurana/anaconda3/lib/python3.11/site-packages/airflow/example_dags/example_bash_operator.py
[2024-12-14T09:31:50.323-0800] {logging_mixin.py:190} INFO - [2024-12-14T09:31:50.323-0800] {dag.py:3239} INFO - Sync 1 DAGs
[2024-12-14T09:31:50.339-0800] {logging_mixin.py:190} INFO - [2024-12-14T09:31:50.339-0800] {dag.py:4180} INFO - Setting next_dagrun for example_bash_operator to 2024-12-13 00:00:00+00:00, run_after=2024-12-14 00:00:00+00:00
[2024-12-14T09:31:50.357-0800] {processor.py:208} INFO - Processing /Users/rishukhurana/anaconda3/lib/python3.11/site-packages/airflow/example_dags/example_bash_operator.py took 0.143 seconds
[2024-12-14T09:37:40.934-0800] {processor.py:186} INFO - Started process (PID=22985) to work on /Users/rishukhurana/anaconda3/lib/python3.11/site-packages/airflow/example_dags/example_bash_operator.py
[2024-12-14T09:37:40.937-0800] {processor.py:914} INFO - Processing file /Users/rishukhurana/anaconda3/lib/python3.11/site-packages/airflow/example_dags/example_bash_operator.py for tasks to queue
[2024-12-14T09:37:40.938-0800] {logging_mixin.py:190} INFO - [2024-12-14T09:37:40.938-0800] {dagbag.py:588} INFO - Filling up the DagBag from /Users/rishukhurana/anaconda3/lib/python3.11/site-packages/airflow/example_dags/example_bash_operator.py
[2024-12-14T09:37:40.949-0800] {processor.py:925} INFO - DAG(s) 'example_bash_operator' retrieved from /Users/rishukhurana/anaconda3/lib/python3.11/site-packages/airflow/example_dags/example_bash_operator.py
[2024-12-14T09:37:41.040-0800] {logging_mixin.py:190} INFO - [2024-12-14T09:37:41.039-0800] {dag.py:3239} INFO - Sync 1 DAGs
[2024-12-14T09:37:41.055-0800] {logging_mixin.py:190} INFO - [2024-12-14T09:37:41.055-0800] {dag.py:4180} INFO - Setting next_dagrun for example_bash_operator to 2024-12-13 00:00:00+00:00, run_after=2024-12-14 00:00:00+00:00
[2024-12-14T09:37:41.070-0800] {processor.py:208} INFO - Processing /Users/rishukhurana/anaconda3/lib/python3.11/site-packages/airflow/example_dags/example_bash_operator.py took 0.142 seconds
[2024-12-14T09:43:38.334-0800] {processor.py:186} INFO - Started process (PID=23273) to work on /Users/rishukhurana/anaconda3/lib/python3.11/site-packages/airflow/example_dags/example_bash_operator.py
[2024-12-14T09:43:38.337-0800] {processor.py:914} INFO - Processing file /Users/rishukhurana/anaconda3/lib/python3.11/site-packages/airflow/example_dags/example_bash_operator.py for tasks to queue
[2024-12-14T09:43:38.339-0800] {logging_mixin.py:190} INFO - [2024-12-14T09:43:38.338-0800] {dagbag.py:588} INFO - Filling up the DagBag from /Users/rishukhurana/anaconda3/lib/python3.11/site-packages/airflow/example_dags/example_bash_operator.py
[2024-12-14T09:43:38.350-0800] {processor.py:925} INFO - DAG(s) 'example_bash_operator' retrieved from /Users/rishukhurana/anaconda3/lib/python3.11/site-packages/airflow/example_dags/example_bash_operator.py
[2024-12-14T09:43:38.438-0800] {logging_mixin.py:190} INFO - [2024-12-14T09:43:38.438-0800] {dag.py:3239} INFO - Sync 1 DAGs
[2024-12-14T09:43:38.456-0800] {logging_mixin.py:190} INFO - [2024-12-14T09:43:38.455-0800] {dag.py:4180} INFO - Setting next_dagrun for example_bash_operator to 2024-12-13 00:00:00+00:00, run_after=2024-12-14 00:00:00+00:00
[2024-12-14T09:43:38.469-0800] {processor.py:208} INFO - Processing /Users/rishukhurana/anaconda3/lib/python3.11/site-packages/airflow/example_dags/example_bash_operator.py took 0.141 seconds
