[2024-12-14T05:37:53.985-0800] {processor.py:186} INFO - Started process (PID=10538) to work on /Users/rishukhurana/anaconda3/lib/python3.11/site-packages/airflow/example_dags/example_bash_decorator.py
[2024-12-14T05:37:53.986-0800] {processor.py:914} INFO - Processing file /Users/rishukhurana/anaconda3/lib/python3.11/site-packages/airflow/example_dags/example_bash_decorator.py for tasks to queue
[2024-12-14T05:37:53.988-0800] {logging_mixin.py:190} INFO - [2024-12-14T05:37:53.987-0800] {dagbag.py:588} INFO - Filling up the DagBag from /Users/rishukhurana/anaconda3/lib/python3.11/site-packages/airflow/example_dags/example_bash_decorator.py
[2024-12-14T05:37:54.050-0800] {processor.py:925} INFO - DAG(s) 'example_bash_decorator' retrieved from /Users/rishukhurana/anaconda3/lib/python3.11/site-packages/airflow/example_dags/example_bash_decorator.py
[2024-12-14T05:37:54.294-0800] {logging_mixin.py:190} INFO - [2024-12-14T05:37:54.293-0800] {dag.py:3239} INFO - Sync 1 DAGs
[2024-12-14T05:37:54.304-0800] {logging_mixin.py:190} INFO - [2024-12-14T05:37:54.304-0800] {dag.py:4180} INFO - Setting next_dagrun for example_bash_decorator to None, run_after=None
[2024-12-14T05:37:54.322-0800] {processor.py:208} INFO - Processing /Users/rishukhurana/anaconda3/lib/python3.11/site-packages/airflow/example_dags/example_bash_decorator.py took 0.342 seconds
[2024-12-14T05:43:53.977-0800] {processor.py:186} INFO - Started process (PID=10866) to work on /Users/rishukhurana/anaconda3/lib/python3.11/site-packages/airflow/example_dags/example_bash_decorator.py
[2024-12-14T05:43:53.980-0800] {processor.py:914} INFO - Processing file /Users/rishukhurana/anaconda3/lib/python3.11/site-packages/airflow/example_dags/example_bash_decorator.py for tasks to queue
[2024-12-14T05:43:53.981-0800] {logging_mixin.py:190} INFO - [2024-12-14T05:43:53.981-0800] {dagbag.py:588} INFO - Filling up the DagBag from /Users/rishukhurana/anaconda3/lib/python3.11/site-packages/airflow/example_dags/example_bash_decorator.py
[2024-12-14T05:43:54.047-0800] {processor.py:925} INFO - DAG(s) 'example_bash_decorator' retrieved from /Users/rishukhurana/anaconda3/lib/python3.11/site-packages/airflow/example_dags/example_bash_decorator.py
[2024-12-14T05:43:54.303-0800] {logging_mixin.py:190} INFO - [2024-12-14T05:43:54.302-0800] {dag.py:3239} INFO - Sync 1 DAGs
[2024-12-14T05:43:54.312-0800] {logging_mixin.py:190} INFO - [2024-12-14T05:43:54.312-0800] {dag.py:4180} INFO - Setting next_dagrun for example_bash_decorator to None, run_after=None
[2024-12-14T05:43:54.330-0800] {processor.py:208} INFO - Processing /Users/rishukhurana/anaconda3/lib/python3.11/site-packages/airflow/example_dags/example_bash_decorator.py took 0.359 seconds
[2024-12-14T05:50:26.942-0800] {processor.py:186} INFO - Started process (PID=11272) to work on /Users/rishukhurana/anaconda3/lib/python3.11/site-packages/airflow/example_dags/example_bash_decorator.py
[2024-12-14T05:50:26.944-0800] {processor.py:914} INFO - Processing file /Users/rishukhurana/anaconda3/lib/python3.11/site-packages/airflow/example_dags/example_bash_decorator.py for tasks to queue
[2024-12-14T05:50:26.945-0800] {logging_mixin.py:190} INFO - [2024-12-14T05:50:26.945-0800] {dagbag.py:588} INFO - Filling up the DagBag from /Users/rishukhurana/anaconda3/lib/python3.11/site-packages/airflow/example_dags/example_bash_decorator.py
[2024-12-14T05:50:26.983-0800] {processor.py:925} INFO - DAG(s) 'example_bash_decorator' retrieved from /Users/rishukhurana/anaconda3/lib/python3.11/site-packages/airflow/example_dags/example_bash_decorator.py
[2024-12-14T05:50:27.208-0800] {logging_mixin.py:190} INFO - [2024-12-14T05:50:27.208-0800] {dag.py:3239} INFO - Sync 1 DAGs
[2024-12-14T05:50:27.218-0800] {logging_mixin.py:190} INFO - [2024-12-14T05:50:27.217-0800] {dag.py:4180} INFO - Setting next_dagrun for example_bash_decorator to None, run_after=None
[2024-12-14T05:50:27.234-0800] {processor.py:208} INFO - Processing /Users/rishukhurana/anaconda3/lib/python3.11/site-packages/airflow/example_dags/example_bash_decorator.py took 0.297 seconds
[2024-12-14T05:56:51.231-0800] {processor.py:186} INFO - Started process (PID=11626) to work on /Users/rishukhurana/anaconda3/lib/python3.11/site-packages/airflow/example_dags/example_bash_decorator.py
[2024-12-14T05:56:51.233-0800] {processor.py:914} INFO - Processing file /Users/rishukhurana/anaconda3/lib/python3.11/site-packages/airflow/example_dags/example_bash_decorator.py for tasks to queue
[2024-12-14T05:56:51.234-0800] {logging_mixin.py:190} INFO - [2024-12-14T05:56:51.234-0800] {dagbag.py:588} INFO - Filling up the DagBag from /Users/rishukhurana/anaconda3/lib/python3.11/site-packages/airflow/example_dags/example_bash_decorator.py
[2024-12-14T05:56:51.274-0800] {processor.py:925} INFO - DAG(s) 'example_bash_decorator' retrieved from /Users/rishukhurana/anaconda3/lib/python3.11/site-packages/airflow/example_dags/example_bash_decorator.py
[2024-12-14T05:56:51.524-0800] {logging_mixin.py:190} INFO - [2024-12-14T05:56:51.524-0800] {dag.py:3239} INFO - Sync 1 DAGs
[2024-12-14T05:56:51.533-0800] {logging_mixin.py:190} INFO - [2024-12-14T05:56:51.533-0800] {dag.py:4180} INFO - Setting next_dagrun for example_bash_decorator to None, run_after=None
[2024-12-14T05:56:51.549-0800] {processor.py:208} INFO - Processing /Users/rishukhurana/anaconda3/lib/python3.11/site-packages/airflow/example_dags/example_bash_decorator.py took 0.325 seconds
[2024-12-14T06:02:52.715-0800] {processor.py:186} INFO - Started process (PID=11920) to work on /Users/rishukhurana/anaconda3/lib/python3.11/site-packages/airflow/example_dags/example_bash_decorator.py
[2024-12-14T06:02:52.717-0800] {processor.py:914} INFO - Processing file /Users/rishukhurana/anaconda3/lib/python3.11/site-packages/airflow/example_dags/example_bash_decorator.py for tasks to queue
[2024-12-14T06:02:52.719-0800] {logging_mixin.py:190} INFO - [2024-12-14T06:02:52.719-0800] {dagbag.py:588} INFO - Filling up the DagBag from /Users/rishukhurana/anaconda3/lib/python3.11/site-packages/airflow/example_dags/example_bash_decorator.py
[2024-12-14T06:02:52.772-0800] {processor.py:925} INFO - DAG(s) 'example_bash_decorator' retrieved from /Users/rishukhurana/anaconda3/lib/python3.11/site-packages/airflow/example_dags/example_bash_decorator.py
[2024-12-14T06:02:53.049-0800] {logging_mixin.py:190} INFO - [2024-12-14T06:02:53.049-0800] {dag.py:3239} INFO - Sync 1 DAGs
[2024-12-14T06:02:53.059-0800] {logging_mixin.py:190} INFO - [2024-12-14T06:02:53.058-0800] {dag.py:4180} INFO - Setting next_dagrun for example_bash_decorator to None, run_after=None
[2024-12-14T06:02:53.076-0800] {processor.py:208} INFO - Processing /Users/rishukhurana/anaconda3/lib/python3.11/site-packages/airflow/example_dags/example_bash_decorator.py took 0.367 seconds
[2024-12-14T06:08:43.519-0800] {processor.py:186} INFO - Started process (PID=12195) to work on /Users/rishukhurana/anaconda3/lib/python3.11/site-packages/airflow/example_dags/example_bash_decorator.py
[2024-12-14T06:08:43.521-0800] {processor.py:914} INFO - Processing file /Users/rishukhurana/anaconda3/lib/python3.11/site-packages/airflow/example_dags/example_bash_decorator.py for tasks to queue
[2024-12-14T06:08:43.523-0800] {logging_mixin.py:190} INFO - [2024-12-14T06:08:43.522-0800] {dagbag.py:588} INFO - Filling up the DagBag from /Users/rishukhurana/anaconda3/lib/python3.11/site-packages/airflow/example_dags/example_bash_decorator.py
[2024-12-14T06:08:43.582-0800] {processor.py:925} INFO - DAG(s) 'example_bash_decorator' retrieved from /Users/rishukhurana/anaconda3/lib/python3.11/site-packages/airflow/example_dags/example_bash_decorator.py
[2024-12-14T06:08:43.832-0800] {logging_mixin.py:190} INFO - [2024-12-14T06:08:43.832-0800] {dag.py:3239} INFO - Sync 1 DAGs
[2024-12-14T06:08:43.842-0800] {logging_mixin.py:190} INFO - [2024-12-14T06:08:43.842-0800] {dag.py:4180} INFO - Setting next_dagrun for example_bash_decorator to None, run_after=None
[2024-12-14T06:08:43.859-0800] {processor.py:208} INFO - Processing /Users/rishukhurana/anaconda3/lib/python3.11/site-packages/airflow/example_dags/example_bash_decorator.py took 0.346 seconds
[2024-12-14T06:14:31.530-0800] {processor.py:186} INFO - Started process (PID=12472) to work on /Users/rishukhurana/anaconda3/lib/python3.11/site-packages/airflow/example_dags/example_bash_decorator.py
[2024-12-14T06:14:31.533-0800] {processor.py:914} INFO - Processing file /Users/rishukhurana/anaconda3/lib/python3.11/site-packages/airflow/example_dags/example_bash_decorator.py for tasks to queue
[2024-12-14T06:14:31.534-0800] {logging_mixin.py:190} INFO - [2024-12-14T06:14:31.534-0800] {dagbag.py:588} INFO - Filling up the DagBag from /Users/rishukhurana/anaconda3/lib/python3.11/site-packages/airflow/example_dags/example_bash_decorator.py
[2024-12-14T06:14:31.583-0800] {processor.py:925} INFO - DAG(s) 'example_bash_decorator' retrieved from /Users/rishukhurana/anaconda3/lib/python3.11/site-packages/airflow/example_dags/example_bash_decorator.py
[2024-12-14T06:14:31.863-0800] {logging_mixin.py:190} INFO - [2024-12-14T06:14:31.863-0800] {dag.py:3239} INFO - Sync 1 DAGs
[2024-12-14T06:14:31.872-0800] {logging_mixin.py:190} INFO - [2024-12-14T06:14:31.871-0800] {dag.py:4180} INFO - Setting next_dagrun for example_bash_decorator to None, run_after=None
[2024-12-14T06:14:31.890-0800] {processor.py:208} INFO - Processing /Users/rishukhurana/anaconda3/lib/python3.11/site-packages/airflow/example_dags/example_bash_decorator.py took 0.364 seconds
[2024-12-14T06:20:39.764-0800] {processor.py:186} INFO - Started process (PID=12792) to work on /Users/rishukhurana/anaconda3/lib/python3.11/site-packages/airflow/example_dags/example_bash_decorator.py
[2024-12-14T06:20:39.766-0800] {processor.py:914} INFO - Processing file /Users/rishukhurana/anaconda3/lib/python3.11/site-packages/airflow/example_dags/example_bash_decorator.py for tasks to queue
[2024-12-14T06:20:39.767-0800] {logging_mixin.py:190} INFO - [2024-12-14T06:20:39.767-0800] {dagbag.py:588} INFO - Filling up the DagBag from /Users/rishukhurana/anaconda3/lib/python3.11/site-packages/airflow/example_dags/example_bash_decorator.py
[2024-12-14T06:20:39.807-0800] {processor.py:925} INFO - DAG(s) 'example_bash_decorator' retrieved from /Users/rishukhurana/anaconda3/lib/python3.11/site-packages/airflow/example_dags/example_bash_decorator.py
[2024-12-14T06:20:40.089-0800] {logging_mixin.py:190} INFO - [2024-12-14T06:20:40.088-0800] {dag.py:3239} INFO - Sync 1 DAGs
[2024-12-14T06:20:40.098-0800] {logging_mixin.py:190} INFO - [2024-12-14T06:20:40.097-0800] {dag.py:4180} INFO - Setting next_dagrun for example_bash_decorator to None, run_after=None
[2024-12-14T06:20:40.112-0800] {processor.py:208} INFO - Processing /Users/rishukhurana/anaconda3/lib/python3.11/site-packages/airflow/example_dags/example_bash_decorator.py took 0.355 seconds
[2024-12-14T06:26:34.839-0800] {processor.py:186} INFO - Started process (PID=13173) to work on /Users/rishukhurana/anaconda3/lib/python3.11/site-packages/airflow/example_dags/example_bash_decorator.py
[2024-12-14T06:26:34.841-0800] {processor.py:914} INFO - Processing file /Users/rishukhurana/anaconda3/lib/python3.11/site-packages/airflow/example_dags/example_bash_decorator.py for tasks to queue
[2024-12-14T06:26:34.843-0800] {logging_mixin.py:190} INFO - [2024-12-14T06:26:34.842-0800] {dagbag.py:588} INFO - Filling up the DagBag from /Users/rishukhurana/anaconda3/lib/python3.11/site-packages/airflow/example_dags/example_bash_decorator.py
[2024-12-14T06:26:34.889-0800] {processor.py:925} INFO - DAG(s) 'example_bash_decorator' retrieved from /Users/rishukhurana/anaconda3/lib/python3.11/site-packages/airflow/example_dags/example_bash_decorator.py
[2024-12-14T06:26:35.157-0800] {logging_mixin.py:190} INFO - [2024-12-14T06:26:35.157-0800] {dag.py:3239} INFO - Sync 1 DAGs
[2024-12-14T06:26:35.166-0800] {logging_mixin.py:190} INFO - [2024-12-14T06:26:35.166-0800] {dag.py:4180} INFO - Setting next_dagrun for example_bash_decorator to None, run_after=None
[2024-12-14T06:26:35.183-0800] {processor.py:208} INFO - Processing /Users/rishukhurana/anaconda3/lib/python3.11/site-packages/airflow/example_dags/example_bash_decorator.py took 0.350 seconds
[2024-12-14T06:32:40.699-0800] {processor.py:186} INFO - Started process (PID=13490) to work on /Users/rishukhurana/anaconda3/lib/python3.11/site-packages/airflow/example_dags/example_bash_decorator.py
[2024-12-14T06:32:40.702-0800] {processor.py:914} INFO - Processing file /Users/rishukhurana/anaconda3/lib/python3.11/site-packages/airflow/example_dags/example_bash_decorator.py for tasks to queue
[2024-12-14T06:32:40.703-0800] {logging_mixin.py:190} INFO - [2024-12-14T06:32:40.702-0800] {dagbag.py:588} INFO - Filling up the DagBag from /Users/rishukhurana/anaconda3/lib/python3.11/site-packages/airflow/example_dags/example_bash_decorator.py
[2024-12-14T06:32:40.770-0800] {processor.py:925} INFO - DAG(s) 'example_bash_decorator' retrieved from /Users/rishukhurana/anaconda3/lib/python3.11/site-packages/airflow/example_dags/example_bash_decorator.py
[2024-12-14T06:32:41.024-0800] {logging_mixin.py:190} INFO - [2024-12-14T06:32:41.023-0800] {dag.py:3239} INFO - Sync 1 DAGs
[2024-12-14T06:32:41.037-0800] {logging_mixin.py:190} INFO - [2024-12-14T06:32:41.037-0800] {dag.py:4180} INFO - Setting next_dagrun for example_bash_decorator to None, run_after=None
[2024-12-14T06:32:41.061-0800] {processor.py:208} INFO - Processing /Users/rishukhurana/anaconda3/lib/python3.11/site-packages/airflow/example_dags/example_bash_decorator.py took 0.366 seconds
[2024-12-14T06:38:18.708-0800] {processor.py:186} INFO - Started process (PID=13763) to work on /Users/rishukhurana/anaconda3/lib/python3.11/site-packages/airflow/example_dags/example_bash_decorator.py
[2024-12-14T06:38:18.710-0800] {processor.py:914} INFO - Processing file /Users/rishukhurana/anaconda3/lib/python3.11/site-packages/airflow/example_dags/example_bash_decorator.py for tasks to queue
[2024-12-14T06:38:18.711-0800] {logging_mixin.py:190} INFO - [2024-12-14T06:38:18.711-0800] {dagbag.py:588} INFO - Filling up the DagBag from /Users/rishukhurana/anaconda3/lib/python3.11/site-packages/airflow/example_dags/example_bash_decorator.py
[2024-12-14T06:38:18.768-0800] {processor.py:925} INFO - DAG(s) 'example_bash_decorator' retrieved from /Users/rishukhurana/anaconda3/lib/python3.11/site-packages/airflow/example_dags/example_bash_decorator.py
[2024-12-14T06:38:19.027-0800] {logging_mixin.py:190} INFO - [2024-12-14T06:38:19.027-0800] {dag.py:3239} INFO - Sync 1 DAGs
[2024-12-14T06:38:19.035-0800] {logging_mixin.py:190} INFO - [2024-12-14T06:38:19.035-0800] {dag.py:4180} INFO - Setting next_dagrun for example_bash_decorator to None, run_after=None
[2024-12-14T06:38:19.051-0800] {processor.py:208} INFO - Processing /Users/rishukhurana/anaconda3/lib/python3.11/site-packages/airflow/example_dags/example_bash_decorator.py took 0.348 seconds
[2024-12-14T06:44:08.364-0800] {processor.py:186} INFO - Started process (PID=14096) to work on /Users/rishukhurana/anaconda3/lib/python3.11/site-packages/airflow/example_dags/example_bash_decorator.py
[2024-12-14T06:44:08.366-0800] {processor.py:914} INFO - Processing file /Users/rishukhurana/anaconda3/lib/python3.11/site-packages/airflow/example_dags/example_bash_decorator.py for tasks to queue
[2024-12-14T06:44:08.367-0800] {logging_mixin.py:190} INFO - [2024-12-14T06:44:08.367-0800] {dagbag.py:588} INFO - Filling up the DagBag from /Users/rishukhurana/anaconda3/lib/python3.11/site-packages/airflow/example_dags/example_bash_decorator.py
[2024-12-14T06:44:08.417-0800] {processor.py:925} INFO - DAG(s) 'example_bash_decorator' retrieved from /Users/rishukhurana/anaconda3/lib/python3.11/site-packages/airflow/example_dags/example_bash_decorator.py
[2024-12-14T06:44:08.714-0800] {logging_mixin.py:190} INFO - [2024-12-14T06:44:08.713-0800] {dag.py:3239} INFO - Sync 1 DAGs
[2024-12-14T06:44:08.722-0800] {logging_mixin.py:190} INFO - [2024-12-14T06:44:08.721-0800] {dag.py:4180} INFO - Setting next_dagrun for example_bash_decorator to None, run_after=None
[2024-12-14T06:44:08.746-0800] {processor.py:208} INFO - Processing /Users/rishukhurana/anaconda3/lib/python3.11/site-packages/airflow/example_dags/example_bash_decorator.py took 0.387 seconds
[2024-12-14T06:49:45.325-0800] {processor.py:186} INFO - Started process (PID=14391) to work on /Users/rishukhurana/anaconda3/lib/python3.11/site-packages/airflow/example_dags/example_bash_decorator.py
[2024-12-14T06:49:45.327-0800] {processor.py:914} INFO - Processing file /Users/rishukhurana/anaconda3/lib/python3.11/site-packages/airflow/example_dags/example_bash_decorator.py for tasks to queue
[2024-12-14T06:49:45.328-0800] {logging_mixin.py:190} INFO - [2024-12-14T06:49:45.328-0800] {dagbag.py:588} INFO - Filling up the DagBag from /Users/rishukhurana/anaconda3/lib/python3.11/site-packages/airflow/example_dags/example_bash_decorator.py
[2024-12-14T06:49:45.384-0800] {processor.py:925} INFO - DAG(s) 'example_bash_decorator' retrieved from /Users/rishukhurana/anaconda3/lib/python3.11/site-packages/airflow/example_dags/example_bash_decorator.py
[2024-12-14T06:49:45.618-0800] {logging_mixin.py:190} INFO - [2024-12-14T06:49:45.617-0800] {dag.py:3239} INFO - Sync 1 DAGs
[2024-12-14T06:49:45.627-0800] {logging_mixin.py:190} INFO - [2024-12-14T06:49:45.627-0800] {dag.py:4180} INFO - Setting next_dagrun for example_bash_decorator to None, run_after=None
[2024-12-14T06:49:45.643-0800] {processor.py:208} INFO - Processing /Users/rishukhurana/anaconda3/lib/python3.11/site-packages/airflow/example_dags/example_bash_decorator.py took 0.324 seconds
[2024-12-14T06:55:21.011-0800] {processor.py:186} INFO - Started process (PID=14702) to work on /Users/rishukhurana/anaconda3/lib/python3.11/site-packages/airflow/example_dags/example_bash_decorator.py
[2024-12-14T06:55:21.013-0800] {processor.py:914} INFO - Processing file /Users/rishukhurana/anaconda3/lib/python3.11/site-packages/airflow/example_dags/example_bash_decorator.py for tasks to queue
[2024-12-14T06:55:21.014-0800] {logging_mixin.py:190} INFO - [2024-12-14T06:55:21.014-0800] {dagbag.py:588} INFO - Filling up the DagBag from /Users/rishukhurana/anaconda3/lib/python3.11/site-packages/airflow/example_dags/example_bash_decorator.py
[2024-12-14T06:55:21.065-0800] {processor.py:925} INFO - DAG(s) 'example_bash_decorator' retrieved from /Users/rishukhurana/anaconda3/lib/python3.11/site-packages/airflow/example_dags/example_bash_decorator.py
[2024-12-14T06:55:21.319-0800] {logging_mixin.py:190} INFO - [2024-12-14T06:55:21.319-0800] {dag.py:3239} INFO - Sync 1 DAGs
[2024-12-14T06:55:21.328-0800] {logging_mixin.py:190} INFO - [2024-12-14T06:55:21.327-0800] {dag.py:4180} INFO - Setting next_dagrun for example_bash_decorator to None, run_after=None
[2024-12-14T06:55:21.342-0800] {processor.py:208} INFO - Processing /Users/rishukhurana/anaconda3/lib/python3.11/site-packages/airflow/example_dags/example_bash_decorator.py took 0.336 seconds
[2024-12-14T07:00:47.890-0800] {processor.py:186} INFO - Started process (PID=14979) to work on /Users/rishukhurana/anaconda3/lib/python3.11/site-packages/airflow/example_dags/example_bash_decorator.py
[2024-12-14T07:00:47.893-0800] {processor.py:914} INFO - Processing file /Users/rishukhurana/anaconda3/lib/python3.11/site-packages/airflow/example_dags/example_bash_decorator.py for tasks to queue
[2024-12-14T07:00:47.894-0800] {logging_mixin.py:190} INFO - [2024-12-14T07:00:47.894-0800] {dagbag.py:588} INFO - Filling up the DagBag from /Users/rishukhurana/anaconda3/lib/python3.11/site-packages/airflow/example_dags/example_bash_decorator.py
[2024-12-14T07:00:47.957-0800] {processor.py:925} INFO - DAG(s) 'example_bash_decorator' retrieved from /Users/rishukhurana/anaconda3/lib/python3.11/site-packages/airflow/example_dags/example_bash_decorator.py
[2024-12-14T07:00:48.264-0800] {logging_mixin.py:190} INFO - [2024-12-14T07:00:48.264-0800] {dag.py:3239} INFO - Sync 1 DAGs
[2024-12-14T07:00:48.273-0800] {logging_mixin.py:190} INFO - [2024-12-14T07:00:48.273-0800] {dag.py:4180} INFO - Setting next_dagrun for example_bash_decorator to None, run_after=None
[2024-12-14T07:00:48.300-0800] {processor.py:208} INFO - Processing /Users/rishukhurana/anaconda3/lib/python3.11/site-packages/airflow/example_dags/example_bash_decorator.py took 0.416 seconds
[2024-12-14T07:06:42.518-0800] {processor.py:186} INFO - Started process (PID=15278) to work on /Users/rishukhurana/anaconda3/lib/python3.11/site-packages/airflow/example_dags/example_bash_decorator.py
[2024-12-14T07:06:42.520-0800] {processor.py:914} INFO - Processing file /Users/rishukhurana/anaconda3/lib/python3.11/site-packages/airflow/example_dags/example_bash_decorator.py for tasks to queue
[2024-12-14T07:06:42.522-0800] {logging_mixin.py:190} INFO - [2024-12-14T07:06:42.522-0800] {dagbag.py:588} INFO - Filling up the DagBag from /Users/rishukhurana/anaconda3/lib/python3.11/site-packages/airflow/example_dags/example_bash_decorator.py
[2024-12-14T07:06:42.567-0800] {processor.py:925} INFO - DAG(s) 'example_bash_decorator' retrieved from /Users/rishukhurana/anaconda3/lib/python3.11/site-packages/airflow/example_dags/example_bash_decorator.py
[2024-12-14T07:06:42.802-0800] {logging_mixin.py:190} INFO - [2024-12-14T07:06:42.802-0800] {dag.py:3239} INFO - Sync 1 DAGs
[2024-12-14T07:06:42.812-0800] {logging_mixin.py:190} INFO - [2024-12-14T07:06:42.812-0800] {dag.py:4180} INFO - Setting next_dagrun for example_bash_decorator to None, run_after=None
[2024-12-14T07:06:42.829-0800] {processor.py:208} INFO - Processing /Users/rishukhurana/anaconda3/lib/python3.11/site-packages/airflow/example_dags/example_bash_decorator.py took 0.316 seconds
[2024-12-14T07:12:48.560-0800] {processor.py:186} INFO - Started process (PID=15596) to work on /Users/rishukhurana/anaconda3/lib/python3.11/site-packages/airflow/example_dags/example_bash_decorator.py
[2024-12-14T07:12:48.562-0800] {processor.py:914} INFO - Processing file /Users/rishukhurana/anaconda3/lib/python3.11/site-packages/airflow/example_dags/example_bash_decorator.py for tasks to queue
[2024-12-14T07:12:48.563-0800] {logging_mixin.py:190} INFO - [2024-12-14T07:12:48.562-0800] {dagbag.py:588} INFO - Filling up the DagBag from /Users/rishukhurana/anaconda3/lib/python3.11/site-packages/airflow/example_dags/example_bash_decorator.py
[2024-12-14T07:12:48.620-0800] {processor.py:925} INFO - DAG(s) 'example_bash_decorator' retrieved from /Users/rishukhurana/anaconda3/lib/python3.11/site-packages/airflow/example_dags/example_bash_decorator.py
[2024-12-14T07:12:48.842-0800] {logging_mixin.py:190} INFO - [2024-12-14T07:12:48.842-0800] {dag.py:3239} INFO - Sync 1 DAGs
[2024-12-14T07:12:48.852-0800] {logging_mixin.py:190} INFO - [2024-12-14T07:12:48.852-0800] {dag.py:4180} INFO - Setting next_dagrun for example_bash_decorator to None, run_after=None
[2024-12-14T07:12:48.870-0800] {processor.py:208} INFO - Processing /Users/rishukhurana/anaconda3/lib/python3.11/site-packages/airflow/example_dags/example_bash_decorator.py took 0.316 seconds
[2024-12-14T07:19:05.602-0800] {processor.py:186} INFO - Started process (PID=15966) to work on /Users/rishukhurana/anaconda3/lib/python3.11/site-packages/airflow/example_dags/example_bash_decorator.py
[2024-12-14T07:19:05.605-0800] {processor.py:914} INFO - Processing file /Users/rishukhurana/anaconda3/lib/python3.11/site-packages/airflow/example_dags/example_bash_decorator.py for tasks to queue
[2024-12-14T07:19:05.605-0800] {logging_mixin.py:190} INFO - [2024-12-14T07:19:05.605-0800] {dagbag.py:588} INFO - Filling up the DagBag from /Users/rishukhurana/anaconda3/lib/python3.11/site-packages/airflow/example_dags/example_bash_decorator.py
[2024-12-14T07:19:05.646-0800] {processor.py:925} INFO - DAG(s) 'example_bash_decorator' retrieved from /Users/rishukhurana/anaconda3/lib/python3.11/site-packages/airflow/example_dags/example_bash_decorator.py
[2024-12-14T07:19:05.902-0800] {logging_mixin.py:190} INFO - [2024-12-14T07:19:05.902-0800] {dag.py:3239} INFO - Sync 1 DAGs
[2024-12-14T07:19:05.910-0800] {logging_mixin.py:190} INFO - [2024-12-14T07:19:05.910-0800] {dag.py:4180} INFO - Setting next_dagrun for example_bash_decorator to None, run_after=None
[2024-12-14T07:19:05.924-0800] {processor.py:208} INFO - Processing /Users/rishukhurana/anaconda3/lib/python3.11/site-packages/airflow/example_dags/example_bash_decorator.py took 0.329 seconds
[2024-12-14T07:24:52.397-0800] {processor.py:186} INFO - Started process (PID=16285) to work on /Users/rishukhurana/anaconda3/lib/python3.11/site-packages/airflow/example_dags/example_bash_decorator.py
[2024-12-14T07:24:52.400-0800] {processor.py:914} INFO - Processing file /Users/rishukhurana/anaconda3/lib/python3.11/site-packages/airflow/example_dags/example_bash_decorator.py for tasks to queue
[2024-12-14T07:24:52.401-0800] {logging_mixin.py:190} INFO - [2024-12-14T07:24:52.401-0800] {dagbag.py:588} INFO - Filling up the DagBag from /Users/rishukhurana/anaconda3/lib/python3.11/site-packages/airflow/example_dags/example_bash_decorator.py
[2024-12-14T07:24:52.448-0800] {processor.py:925} INFO - DAG(s) 'example_bash_decorator' retrieved from /Users/rishukhurana/anaconda3/lib/python3.11/site-packages/airflow/example_dags/example_bash_decorator.py
[2024-12-14T07:24:52.682-0800] {logging_mixin.py:190} INFO - [2024-12-14T07:24:52.681-0800] {dag.py:3239} INFO - Sync 1 DAGs
[2024-12-14T07:24:52.690-0800] {logging_mixin.py:190} INFO - [2024-12-14T07:24:52.690-0800] {dag.py:4180} INFO - Setting next_dagrun for example_bash_decorator to None, run_after=None
[2024-12-14T07:24:52.705-0800] {processor.py:208} INFO - Processing /Users/rishukhurana/anaconda3/lib/python3.11/site-packages/airflow/example_dags/example_bash_decorator.py took 0.314 seconds
[2024-12-14T07:30:45.060-0800] {processor.py:186} INFO - Started process (PID=16565) to work on /Users/rishukhurana/anaconda3/lib/python3.11/site-packages/airflow/example_dags/example_bash_decorator.py
[2024-12-14T07:30:45.062-0800] {processor.py:914} INFO - Processing file /Users/rishukhurana/anaconda3/lib/python3.11/site-packages/airflow/example_dags/example_bash_decorator.py for tasks to queue
[2024-12-14T07:30:45.063-0800] {logging_mixin.py:190} INFO - [2024-12-14T07:30:45.063-0800] {dagbag.py:588} INFO - Filling up the DagBag from /Users/rishukhurana/anaconda3/lib/python3.11/site-packages/airflow/example_dags/example_bash_decorator.py
[2024-12-14T07:30:45.112-0800] {processor.py:925} INFO - DAG(s) 'example_bash_decorator' retrieved from /Users/rishukhurana/anaconda3/lib/python3.11/site-packages/airflow/example_dags/example_bash_decorator.py
[2024-12-14T07:30:45.387-0800] {logging_mixin.py:190} INFO - [2024-12-14T07:30:45.387-0800] {dag.py:3239} INFO - Sync 1 DAGs
[2024-12-14T07:30:45.396-0800] {logging_mixin.py:190} INFO - [2024-12-14T07:30:45.396-0800] {dag.py:4180} INFO - Setting next_dagrun for example_bash_decorator to None, run_after=None
[2024-12-14T07:30:45.414-0800] {processor.py:208} INFO - Processing /Users/rishukhurana/anaconda3/lib/python3.11/site-packages/airflow/example_dags/example_bash_decorator.py took 0.359 seconds
[2024-12-14T07:37:03.318-0800] {processor.py:186} INFO - Started process (PID=16878) to work on /Users/rishukhurana/anaconda3/lib/python3.11/site-packages/airflow/example_dags/example_bash_decorator.py
[2024-12-14T07:37:03.324-0800] {processor.py:914} INFO - Processing file /Users/rishukhurana/anaconda3/lib/python3.11/site-packages/airflow/example_dags/example_bash_decorator.py for tasks to queue
[2024-12-14T07:37:03.325-0800] {logging_mixin.py:190} INFO - [2024-12-14T07:37:03.325-0800] {dagbag.py:588} INFO - Filling up the DagBag from /Users/rishukhurana/anaconda3/lib/python3.11/site-packages/airflow/example_dags/example_bash_decorator.py
[2024-12-14T07:37:03.412-0800] {processor.py:925} INFO - DAG(s) 'example_bash_decorator' retrieved from /Users/rishukhurana/anaconda3/lib/python3.11/site-packages/airflow/example_dags/example_bash_decorator.py
[2024-12-14T07:37:03.691-0800] {logging_mixin.py:190} INFO - [2024-12-14T07:37:03.690-0800] {dag.py:3239} INFO - Sync 1 DAGs
[2024-12-14T07:37:03.700-0800] {logging_mixin.py:190} INFO - [2024-12-14T07:37:03.700-0800] {dag.py:4180} INFO - Setting next_dagrun for example_bash_decorator to None, run_after=None
[2024-12-14T07:37:03.716-0800] {processor.py:208} INFO - Processing /Users/rishukhurana/anaconda3/lib/python3.11/site-packages/airflow/example_dags/example_bash_decorator.py took 0.402 seconds
[2024-12-14T07:43:26.096-0800] {processor.py:186} INFO - Started process (PID=17202) to work on /Users/rishukhurana/anaconda3/lib/python3.11/site-packages/airflow/example_dags/example_bash_decorator.py
[2024-12-14T07:43:26.098-0800] {processor.py:914} INFO - Processing file /Users/rishukhurana/anaconda3/lib/python3.11/site-packages/airflow/example_dags/example_bash_decorator.py for tasks to queue
[2024-12-14T07:43:26.099-0800] {logging_mixin.py:190} INFO - [2024-12-14T07:43:26.099-0800] {dagbag.py:588} INFO - Filling up the DagBag from /Users/rishukhurana/anaconda3/lib/python3.11/site-packages/airflow/example_dags/example_bash_decorator.py
[2024-12-14T07:43:26.176-0800] {processor.py:925} INFO - DAG(s) 'example_bash_decorator' retrieved from /Users/rishukhurana/anaconda3/lib/python3.11/site-packages/airflow/example_dags/example_bash_decorator.py
[2024-12-14T07:43:26.430-0800] {logging_mixin.py:190} INFO - [2024-12-14T07:43:26.429-0800] {dag.py:3239} INFO - Sync 1 DAGs
[2024-12-14T07:43:26.439-0800] {logging_mixin.py:190} INFO - [2024-12-14T07:43:26.439-0800] {dag.py:4180} INFO - Setting next_dagrun for example_bash_decorator to None, run_after=None
[2024-12-14T07:43:26.456-0800] {processor.py:208} INFO - Processing /Users/rishukhurana/anaconda3/lib/python3.11/site-packages/airflow/example_dags/example_bash_decorator.py took 0.365 seconds
[2024-12-14T07:49:38.836-0800] {processor.py:186} INFO - Started process (PID=17528) to work on /Users/rishukhurana/anaconda3/lib/python3.11/site-packages/airflow/example_dags/example_bash_decorator.py
[2024-12-14T07:49:38.839-0800] {processor.py:914} INFO - Processing file /Users/rishukhurana/anaconda3/lib/python3.11/site-packages/airflow/example_dags/example_bash_decorator.py for tasks to queue
[2024-12-14T07:49:38.840-0800] {logging_mixin.py:190} INFO - [2024-12-14T07:49:38.840-0800] {dagbag.py:588} INFO - Filling up the DagBag from /Users/rishukhurana/anaconda3/lib/python3.11/site-packages/airflow/example_dags/example_bash_decorator.py
[2024-12-14T07:49:38.914-0800] {processor.py:925} INFO - DAG(s) 'example_bash_decorator' retrieved from /Users/rishukhurana/anaconda3/lib/python3.11/site-packages/airflow/example_dags/example_bash_decorator.py
[2024-12-14T07:49:39.157-0800] {logging_mixin.py:190} INFO - [2024-12-14T07:49:39.157-0800] {dag.py:3239} INFO - Sync 1 DAGs
[2024-12-14T07:49:39.166-0800] {logging_mixin.py:190} INFO - [2024-12-14T07:49:39.166-0800] {dag.py:4180} INFO - Setting next_dagrun for example_bash_decorator to None, run_after=None
[2024-12-14T07:49:39.180-0800] {processor.py:208} INFO - Processing /Users/rishukhurana/anaconda3/lib/python3.11/site-packages/airflow/example_dags/example_bash_decorator.py took 0.349 seconds
[2024-12-14T07:55:42.402-0800] {processor.py:186} INFO - Started process (PID=17909) to work on /Users/rishukhurana/anaconda3/lib/python3.11/site-packages/airflow/example_dags/example_bash_decorator.py
[2024-12-14T07:55:42.405-0800] {processor.py:914} INFO - Processing file /Users/rishukhurana/anaconda3/lib/python3.11/site-packages/airflow/example_dags/example_bash_decorator.py for tasks to queue
[2024-12-14T07:55:42.406-0800] {logging_mixin.py:190} INFO - [2024-12-14T07:55:42.406-0800] {dagbag.py:588} INFO - Filling up the DagBag from /Users/rishukhurana/anaconda3/lib/python3.11/site-packages/airflow/example_dags/example_bash_decorator.py
[2024-12-14T07:55:42.450-0800] {processor.py:925} INFO - DAG(s) 'example_bash_decorator' retrieved from /Users/rishukhurana/anaconda3/lib/python3.11/site-packages/airflow/example_dags/example_bash_decorator.py
[2024-12-14T07:55:42.671-0800] {logging_mixin.py:190} INFO - [2024-12-14T07:55:42.671-0800] {dag.py:3239} INFO - Sync 1 DAGs
[2024-12-14T07:55:42.681-0800] {logging_mixin.py:190} INFO - [2024-12-14T07:55:42.680-0800] {dag.py:4180} INFO - Setting next_dagrun for example_bash_decorator to None, run_after=None
[2024-12-14T07:55:42.696-0800] {processor.py:208} INFO - Processing /Users/rishukhurana/anaconda3/lib/python3.11/site-packages/airflow/example_dags/example_bash_decorator.py took 0.302 seconds
[2024-12-14T08:01:30.368-0800] {processor.py:186} INFO - Started process (PID=18196) to work on /Users/rishukhurana/anaconda3/lib/python3.11/site-packages/airflow/example_dags/example_bash_decorator.py
[2024-12-14T08:01:30.371-0800] {processor.py:914} INFO - Processing file /Users/rishukhurana/anaconda3/lib/python3.11/site-packages/airflow/example_dags/example_bash_decorator.py for tasks to queue
[2024-12-14T08:01:30.373-0800] {logging_mixin.py:190} INFO - [2024-12-14T08:01:30.372-0800] {dagbag.py:588} INFO - Filling up the DagBag from /Users/rishukhurana/anaconda3/lib/python3.11/site-packages/airflow/example_dags/example_bash_decorator.py
[2024-12-14T08:01:30.410-0800] {processor.py:925} INFO - DAG(s) 'example_bash_decorator' retrieved from /Users/rishukhurana/anaconda3/lib/python3.11/site-packages/airflow/example_dags/example_bash_decorator.py
[2024-12-14T08:01:30.629-0800] {logging_mixin.py:190} INFO - [2024-12-14T08:01:30.629-0800] {dag.py:3239} INFO - Sync 1 DAGs
[2024-12-14T08:01:30.637-0800] {logging_mixin.py:190} INFO - [2024-12-14T08:01:30.637-0800] {dag.py:4180} INFO - Setting next_dagrun for example_bash_decorator to None, run_after=None
[2024-12-14T08:01:30.651-0800] {processor.py:208} INFO - Processing /Users/rishukhurana/anaconda3/lib/python3.11/site-packages/airflow/example_dags/example_bash_decorator.py took 0.289 seconds
[2024-12-14T08:07:15.229-0800] {processor.py:186} INFO - Started process (PID=18483) to work on /Users/rishukhurana/anaconda3/lib/python3.11/site-packages/airflow/example_dags/example_bash_decorator.py
[2024-12-14T08:07:15.231-0800] {processor.py:914} INFO - Processing file /Users/rishukhurana/anaconda3/lib/python3.11/site-packages/airflow/example_dags/example_bash_decorator.py for tasks to queue
[2024-12-14T08:07:15.232-0800] {logging_mixin.py:190} INFO - [2024-12-14T08:07:15.232-0800] {dagbag.py:588} INFO - Filling up the DagBag from /Users/rishukhurana/anaconda3/lib/python3.11/site-packages/airflow/example_dags/example_bash_decorator.py
[2024-12-14T08:07:15.269-0800] {processor.py:925} INFO - DAG(s) 'example_bash_decorator' retrieved from /Users/rishukhurana/anaconda3/lib/python3.11/site-packages/airflow/example_dags/example_bash_decorator.py
[2024-12-14T08:07:15.527-0800] {logging_mixin.py:190} INFO - [2024-12-14T08:07:15.527-0800] {dag.py:3239} INFO - Sync 1 DAGs
[2024-12-14T08:07:15.535-0800] {logging_mixin.py:190} INFO - [2024-12-14T08:07:15.535-0800] {dag.py:4180} INFO - Setting next_dagrun for example_bash_decorator to None, run_after=None
[2024-12-14T08:07:15.549-0800] {processor.py:208} INFO - Processing /Users/rishukhurana/anaconda3/lib/python3.11/site-packages/airflow/example_dags/example_bash_decorator.py took 0.326 seconds
[2024-12-14T08:12:55.516-0800] {processor.py:186} INFO - Started process (PID=18762) to work on /Users/rishukhurana/anaconda3/lib/python3.11/site-packages/airflow/example_dags/example_bash_decorator.py
[2024-12-14T08:12:55.518-0800] {processor.py:914} INFO - Processing file /Users/rishukhurana/anaconda3/lib/python3.11/site-packages/airflow/example_dags/example_bash_decorator.py for tasks to queue
[2024-12-14T08:12:55.519-0800] {logging_mixin.py:190} INFO - [2024-12-14T08:12:55.519-0800] {dagbag.py:588} INFO - Filling up the DagBag from /Users/rishukhurana/anaconda3/lib/python3.11/site-packages/airflow/example_dags/example_bash_decorator.py
[2024-12-14T08:12:55.559-0800] {processor.py:925} INFO - DAG(s) 'example_bash_decorator' retrieved from /Users/rishukhurana/anaconda3/lib/python3.11/site-packages/airflow/example_dags/example_bash_decorator.py
[2024-12-14T08:12:55.853-0800] {logging_mixin.py:190} INFO - [2024-12-14T08:12:55.853-0800] {dag.py:3239} INFO - Sync 1 DAGs
[2024-12-14T08:12:55.861-0800] {logging_mixin.py:190} INFO - [2024-12-14T08:12:55.861-0800] {dag.py:4180} INFO - Setting next_dagrun for example_bash_decorator to None, run_after=None
[2024-12-14T08:12:55.877-0800] {processor.py:208} INFO - Processing /Users/rishukhurana/anaconda3/lib/python3.11/site-packages/airflow/example_dags/example_bash_decorator.py took 0.367 seconds
[2024-12-14T08:18:43.326-0800] {processor.py:186} INFO - Started process (PID=19045) to work on /Users/rishukhurana/anaconda3/lib/python3.11/site-packages/airflow/example_dags/example_bash_decorator.py
[2024-12-14T08:18:43.328-0800] {processor.py:914} INFO - Processing file /Users/rishukhurana/anaconda3/lib/python3.11/site-packages/airflow/example_dags/example_bash_decorator.py for tasks to queue
[2024-12-14T08:18:43.329-0800] {logging_mixin.py:190} INFO - [2024-12-14T08:18:43.329-0800] {dagbag.py:588} INFO - Filling up the DagBag from /Users/rishukhurana/anaconda3/lib/python3.11/site-packages/airflow/example_dags/example_bash_decorator.py
[2024-12-14T08:18:43.372-0800] {processor.py:925} INFO - DAG(s) 'example_bash_decorator' retrieved from /Users/rishukhurana/anaconda3/lib/python3.11/site-packages/airflow/example_dags/example_bash_decorator.py
[2024-12-14T08:18:43.623-0800] {logging_mixin.py:190} INFO - [2024-12-14T08:18:43.623-0800] {dag.py:3239} INFO - Sync 1 DAGs
[2024-12-14T08:18:43.632-0800] {logging_mixin.py:190} INFO - [2024-12-14T08:18:43.632-0800] {dag.py:4180} INFO - Setting next_dagrun for example_bash_decorator to None, run_after=None
[2024-12-14T08:18:43.648-0800] {processor.py:208} INFO - Processing /Users/rishukhurana/anaconda3/lib/python3.11/site-packages/airflow/example_dags/example_bash_decorator.py took 0.327 seconds
[2024-12-14T08:24:41.574-0800] {processor.py:186} INFO - Started process (PID=19354) to work on /Users/rishukhurana/anaconda3/lib/python3.11/site-packages/airflow/example_dags/example_bash_decorator.py
[2024-12-14T08:24:41.576-0800] {processor.py:914} INFO - Processing file /Users/rishukhurana/anaconda3/lib/python3.11/site-packages/airflow/example_dags/example_bash_decorator.py for tasks to queue
[2024-12-14T08:24:41.577-0800] {logging_mixin.py:190} INFO - [2024-12-14T08:24:41.577-0800] {dagbag.py:588} INFO - Filling up the DagBag from /Users/rishukhurana/anaconda3/lib/python3.11/site-packages/airflow/example_dags/example_bash_decorator.py
[2024-12-14T08:24:41.616-0800] {processor.py:925} INFO - DAG(s) 'example_bash_decorator' retrieved from /Users/rishukhurana/anaconda3/lib/python3.11/site-packages/airflow/example_dags/example_bash_decorator.py
[2024-12-14T08:24:41.899-0800] {logging_mixin.py:190} INFO - [2024-12-14T08:24:41.898-0800] {dag.py:3239} INFO - Sync 1 DAGs
[2024-12-14T08:24:41.907-0800] {logging_mixin.py:190} INFO - [2024-12-14T08:24:41.906-0800] {dag.py:4180} INFO - Setting next_dagrun for example_bash_decorator to None, run_after=None
[2024-12-14T08:24:41.921-0800] {processor.py:208} INFO - Processing /Users/rishukhurana/anaconda3/lib/python3.11/site-packages/airflow/example_dags/example_bash_decorator.py took 0.353 seconds
[2024-12-14T08:30:43.415-0800] {processor.py:186} INFO - Started process (PID=19641) to work on /Users/rishukhurana/anaconda3/lib/python3.11/site-packages/airflow/example_dags/example_bash_decorator.py
[2024-12-14T08:30:43.417-0800] {processor.py:914} INFO - Processing file /Users/rishukhurana/anaconda3/lib/python3.11/site-packages/airflow/example_dags/example_bash_decorator.py for tasks to queue
[2024-12-14T08:30:43.418-0800] {logging_mixin.py:190} INFO - [2024-12-14T08:30:43.418-0800] {dagbag.py:588} INFO - Filling up the DagBag from /Users/rishukhurana/anaconda3/lib/python3.11/site-packages/airflow/example_dags/example_bash_decorator.py
[2024-12-14T08:30:43.460-0800] {processor.py:925} INFO - DAG(s) 'example_bash_decorator' retrieved from /Users/rishukhurana/anaconda3/lib/python3.11/site-packages/airflow/example_dags/example_bash_decorator.py
[2024-12-14T08:30:43.727-0800] {logging_mixin.py:190} INFO - [2024-12-14T08:30:43.727-0800] {dag.py:3239} INFO - Sync 1 DAGs
[2024-12-14T08:30:43.736-0800] {logging_mixin.py:190} INFO - [2024-12-14T08:30:43.736-0800] {dag.py:4180} INFO - Setting next_dagrun for example_bash_decorator to None, run_after=None
[2024-12-14T08:30:43.757-0800] {processor.py:208} INFO - Processing /Users/rishukhurana/anaconda3/lib/python3.11/site-packages/airflow/example_dags/example_bash_decorator.py took 0.348 seconds
[2024-12-14T08:36:35.262-0800] {processor.py:186} INFO - Started process (PID=19922) to work on /Users/rishukhurana/anaconda3/lib/python3.11/site-packages/airflow/example_dags/example_bash_decorator.py
[2024-12-14T08:36:35.264-0800] {processor.py:914} INFO - Processing file /Users/rishukhurana/anaconda3/lib/python3.11/site-packages/airflow/example_dags/example_bash_decorator.py for tasks to queue
[2024-12-14T08:36:35.265-0800] {logging_mixin.py:190} INFO - [2024-12-14T08:36:35.265-0800] {dagbag.py:588} INFO - Filling up the DagBag from /Users/rishukhurana/anaconda3/lib/python3.11/site-packages/airflow/example_dags/example_bash_decorator.py
[2024-12-14T08:36:35.300-0800] {processor.py:925} INFO - DAG(s) 'example_bash_decorator' retrieved from /Users/rishukhurana/anaconda3/lib/python3.11/site-packages/airflow/example_dags/example_bash_decorator.py
[2024-12-14T08:36:35.461-0800] {logging_mixin.py:190} INFO - [2024-12-14T08:36:35.461-0800] {dag.py:3239} INFO - Sync 1 DAGs
[2024-12-14T08:36:35.469-0800] {logging_mixin.py:190} INFO - [2024-12-14T08:36:35.469-0800] {dag.py:4180} INFO - Setting next_dagrun for example_bash_decorator to None, run_after=None
[2024-12-14T08:36:35.490-0800] {processor.py:208} INFO - Processing /Users/rishukhurana/anaconda3/lib/python3.11/site-packages/airflow/example_dags/example_bash_decorator.py took 0.234 seconds
[2024-12-14T08:42:24.244-0800] {processor.py:186} INFO - Started process (PID=20222) to work on /Users/rishukhurana/anaconda3/lib/python3.11/site-packages/airflow/example_dags/example_bash_decorator.py
[2024-12-14T08:42:24.246-0800] {processor.py:914} INFO - Processing file /Users/rishukhurana/anaconda3/lib/python3.11/site-packages/airflow/example_dags/example_bash_decorator.py for tasks to queue
[2024-12-14T08:42:24.247-0800] {logging_mixin.py:190} INFO - [2024-12-14T08:42:24.247-0800] {dagbag.py:588} INFO - Filling up the DagBag from /Users/rishukhurana/anaconda3/lib/python3.11/site-packages/airflow/example_dags/example_bash_decorator.py
[2024-12-14T08:42:24.297-0800] {processor.py:925} INFO - DAG(s) 'example_bash_decorator' retrieved from /Users/rishukhurana/anaconda3/lib/python3.11/site-packages/airflow/example_dags/example_bash_decorator.py
[2024-12-14T08:42:24.562-0800] {logging_mixin.py:190} INFO - [2024-12-14T08:42:24.561-0800] {dag.py:3239} INFO - Sync 1 DAGs
[2024-12-14T08:42:24.570-0800] {logging_mixin.py:190} INFO - [2024-12-14T08:42:24.570-0800] {dag.py:4180} INFO - Setting next_dagrun for example_bash_decorator to None, run_after=None
[2024-12-14T08:42:24.586-0800] {processor.py:208} INFO - Processing /Users/rishukhurana/anaconda3/lib/python3.11/site-packages/airflow/example_dags/example_bash_decorator.py took 0.348 seconds
[2024-12-14T08:48:21.996-0800] {processor.py:186} INFO - Started process (PID=20519) to work on /Users/rishukhurana/anaconda3/lib/python3.11/site-packages/airflow/example_dags/example_bash_decorator.py
[2024-12-14T08:48:21.999-0800] {processor.py:914} INFO - Processing file /Users/rishukhurana/anaconda3/lib/python3.11/site-packages/airflow/example_dags/example_bash_decorator.py for tasks to queue
[2024-12-14T08:48:22.000-0800] {logging_mixin.py:190} INFO - [2024-12-14T08:48:22.000-0800] {dagbag.py:588} INFO - Filling up the DagBag from /Users/rishukhurana/anaconda3/lib/python3.11/site-packages/airflow/example_dags/example_bash_decorator.py
[2024-12-14T08:48:22.046-0800] {processor.py:925} INFO - DAG(s) 'example_bash_decorator' retrieved from /Users/rishukhurana/anaconda3/lib/python3.11/site-packages/airflow/example_dags/example_bash_decorator.py
[2024-12-14T08:48:22.293-0800] {logging_mixin.py:190} INFO - [2024-12-14T08:48:22.293-0800] {dag.py:3239} INFO - Sync 1 DAGs
[2024-12-14T08:48:22.303-0800] {logging_mixin.py:190} INFO - [2024-12-14T08:48:22.302-0800] {dag.py:4180} INFO - Setting next_dagrun for example_bash_decorator to None, run_after=None
[2024-12-14T08:48:22.321-0800] {processor.py:208} INFO - Processing /Users/rishukhurana/anaconda3/lib/python3.11/site-packages/airflow/example_dags/example_bash_decorator.py took 0.332 seconds
[2024-12-14T08:54:47.844-0800] {processor.py:186} INFO - Started process (PID=20889) to work on /Users/rishukhurana/anaconda3/lib/python3.11/site-packages/airflow/example_dags/example_bash_decorator.py
[2024-12-14T08:54:47.847-0800] {processor.py:914} INFO - Processing file /Users/rishukhurana/anaconda3/lib/python3.11/site-packages/airflow/example_dags/example_bash_decorator.py for tasks to queue
[2024-12-14T08:54:47.848-0800] {logging_mixin.py:190} INFO - [2024-12-14T08:54:47.848-0800] {dagbag.py:588} INFO - Filling up the DagBag from /Users/rishukhurana/anaconda3/lib/python3.11/site-packages/airflow/example_dags/example_bash_decorator.py
[2024-12-14T08:54:47.927-0800] {processor.py:925} INFO - DAG(s) 'example_bash_decorator' retrieved from /Users/rishukhurana/anaconda3/lib/python3.11/site-packages/airflow/example_dags/example_bash_decorator.py
[2024-12-14T08:54:48.208-0800] {logging_mixin.py:190} INFO - [2024-12-14T08:54:48.208-0800] {dag.py:3239} INFO - Sync 1 DAGs
[2024-12-14T08:54:48.227-0800] {logging_mixin.py:190} INFO - [2024-12-14T08:54:48.227-0800] {dag.py:4180} INFO - Setting next_dagrun for example_bash_decorator to None, run_after=None
[2024-12-14T08:54:48.247-0800] {processor.py:208} INFO - Processing /Users/rishukhurana/anaconda3/lib/python3.11/site-packages/airflow/example_dags/example_bash_decorator.py took 0.409 seconds
[2024-12-14T09:01:03.342-0800] {processor.py:186} INFO - Started process (PID=21178) to work on /Users/rishukhurana/anaconda3/lib/python3.11/site-packages/airflow/example_dags/example_bash_decorator.py
[2024-12-14T09:01:03.344-0800] {processor.py:914} INFO - Processing file /Users/rishukhurana/anaconda3/lib/python3.11/site-packages/airflow/example_dags/example_bash_decorator.py for tasks to queue
[2024-12-14T09:01:03.345-0800] {logging_mixin.py:190} INFO - [2024-12-14T09:01:03.345-0800] {dagbag.py:588} INFO - Filling up the DagBag from /Users/rishukhurana/anaconda3/lib/python3.11/site-packages/airflow/example_dags/example_bash_decorator.py
[2024-12-14T09:01:03.407-0800] {processor.py:925} INFO - DAG(s) 'example_bash_decorator' retrieved from /Users/rishukhurana/anaconda3/lib/python3.11/site-packages/airflow/example_dags/example_bash_decorator.py
[2024-12-14T09:01:03.657-0800] {logging_mixin.py:190} INFO - [2024-12-14T09:01:03.657-0800] {dag.py:3239} INFO - Sync 1 DAGs
[2024-12-14T09:01:03.666-0800] {logging_mixin.py:190} INFO - [2024-12-14T09:01:03.666-0800] {dag.py:4180} INFO - Setting next_dagrun for example_bash_decorator to None, run_after=None
[2024-12-14T09:01:03.681-0800] {processor.py:208} INFO - Processing /Users/rishukhurana/anaconda3/lib/python3.11/site-packages/airflow/example_dags/example_bash_decorator.py took 0.345 seconds
[2024-12-14T09:07:11.600-0800] {processor.py:186} INFO - Started process (PID=21467) to work on /Users/rishukhurana/anaconda3/lib/python3.11/site-packages/airflow/example_dags/example_bash_decorator.py
[2024-12-14T09:07:11.603-0800] {processor.py:914} INFO - Processing file /Users/rishukhurana/anaconda3/lib/python3.11/site-packages/airflow/example_dags/example_bash_decorator.py for tasks to queue
[2024-12-14T09:07:11.604-0800] {logging_mixin.py:190} INFO - [2024-12-14T09:07:11.604-0800] {dagbag.py:588} INFO - Filling up the DagBag from /Users/rishukhurana/anaconda3/lib/python3.11/site-packages/airflow/example_dags/example_bash_decorator.py
[2024-12-14T09:07:11.666-0800] {processor.py:925} INFO - DAG(s) 'example_bash_decorator' retrieved from /Users/rishukhurana/anaconda3/lib/python3.11/site-packages/airflow/example_dags/example_bash_decorator.py
[2024-12-14T09:07:11.904-0800] {logging_mixin.py:190} INFO - [2024-12-14T09:07:11.903-0800] {dag.py:3239} INFO - Sync 1 DAGs
[2024-12-14T09:07:11.913-0800] {logging_mixin.py:190} INFO - [2024-12-14T09:07:11.913-0800] {dag.py:4180} INFO - Setting next_dagrun for example_bash_decorator to None, run_after=None
[2024-12-14T09:07:11.931-0800] {processor.py:208} INFO - Processing /Users/rishukhurana/anaconda3/lib/python3.11/site-packages/airflow/example_dags/example_bash_decorator.py took 0.338 seconds
[2024-12-14T09:13:25.011-0800] {processor.py:186} INFO - Started process (PID=21775) to work on /Users/rishukhurana/anaconda3/lib/python3.11/site-packages/airflow/example_dags/example_bash_decorator.py
[2024-12-14T09:13:25.013-0800] {processor.py:914} INFO - Processing file /Users/rishukhurana/anaconda3/lib/python3.11/site-packages/airflow/example_dags/example_bash_decorator.py for tasks to queue
[2024-12-14T09:13:25.014-0800] {logging_mixin.py:190} INFO - [2024-12-14T09:13:25.014-0800] {dagbag.py:588} INFO - Filling up the DagBag from /Users/rishukhurana/anaconda3/lib/python3.11/site-packages/airflow/example_dags/example_bash_decorator.py
[2024-12-14T09:13:25.084-0800] {processor.py:925} INFO - DAG(s) 'example_bash_decorator' retrieved from /Users/rishukhurana/anaconda3/lib/python3.11/site-packages/airflow/example_dags/example_bash_decorator.py
[2024-12-14T09:13:25.340-0800] {logging_mixin.py:190} INFO - [2024-12-14T09:13:25.340-0800] {dag.py:3239} INFO - Sync 1 DAGs
[2024-12-14T09:13:25.348-0800] {logging_mixin.py:190} INFO - [2024-12-14T09:13:25.348-0800] {dag.py:4180} INFO - Setting next_dagrun for example_bash_decorator to None, run_after=None
[2024-12-14T09:13:25.367-0800] {processor.py:208} INFO - Processing /Users/rishukhurana/anaconda3/lib/python3.11/site-packages/airflow/example_dags/example_bash_decorator.py took 0.363 seconds
[2024-12-14T09:19:45.399-0800] {processor.py:186} INFO - Started process (PID=22075) to work on /Users/rishukhurana/anaconda3/lib/python3.11/site-packages/airflow/example_dags/example_bash_decorator.py
[2024-12-14T09:19:45.401-0800] {processor.py:914} INFO - Processing file /Users/rishukhurana/anaconda3/lib/python3.11/site-packages/airflow/example_dags/example_bash_decorator.py for tasks to queue
[2024-12-14T09:19:45.403-0800] {logging_mixin.py:190} INFO - [2024-12-14T09:19:45.403-0800] {dagbag.py:588} INFO - Filling up the DagBag from /Users/rishukhurana/anaconda3/lib/python3.11/site-packages/airflow/example_dags/example_bash_decorator.py
[2024-12-14T09:19:45.444-0800] {processor.py:925} INFO - DAG(s) 'example_bash_decorator' retrieved from /Users/rishukhurana/anaconda3/lib/python3.11/site-packages/airflow/example_dags/example_bash_decorator.py
[2024-12-14T09:19:45.681-0800] {logging_mixin.py:190} INFO - [2024-12-14T09:19:45.681-0800] {dag.py:3239} INFO - Sync 1 DAGs
[2024-12-14T09:19:45.690-0800] {logging_mixin.py:190} INFO - [2024-12-14T09:19:45.690-0800] {dag.py:4180} INFO - Setting next_dagrun for example_bash_decorator to None, run_after=None
[2024-12-14T09:19:45.706-0800] {processor.py:208} INFO - Processing /Users/rishukhurana/anaconda3/lib/python3.11/site-packages/airflow/example_dags/example_bash_decorator.py took 0.313 seconds
[2024-12-14T09:25:57.120-0800] {processor.py:186} INFO - Started process (PID=22393) to work on /Users/rishukhurana/anaconda3/lib/python3.11/site-packages/airflow/example_dags/example_bash_decorator.py
[2024-12-14T09:25:57.123-0800] {processor.py:914} INFO - Processing file /Users/rishukhurana/anaconda3/lib/python3.11/site-packages/airflow/example_dags/example_bash_decorator.py for tasks to queue
[2024-12-14T09:25:57.124-0800] {logging_mixin.py:190} INFO - [2024-12-14T09:25:57.124-0800] {dagbag.py:588} INFO - Filling up the DagBag from /Users/rishukhurana/anaconda3/lib/python3.11/site-packages/airflow/example_dags/example_bash_decorator.py
[2024-12-14T09:25:57.191-0800] {processor.py:925} INFO - DAG(s) 'example_bash_decorator' retrieved from /Users/rishukhurana/anaconda3/lib/python3.11/site-packages/airflow/example_dags/example_bash_decorator.py
[2024-12-14T09:25:57.477-0800] {logging_mixin.py:190} INFO - [2024-12-14T09:25:57.476-0800] {dag.py:3239} INFO - Sync 1 DAGs
[2024-12-14T09:25:57.484-0800] {logging_mixin.py:190} INFO - [2024-12-14T09:25:57.484-0800] {dag.py:4180} INFO - Setting next_dagrun for example_bash_decorator to None, run_after=None
[2024-12-14T09:25:57.501-0800] {processor.py:208} INFO - Processing /Users/rishukhurana/anaconda3/lib/python3.11/site-packages/airflow/example_dags/example_bash_decorator.py took 0.389 seconds
[2024-12-14T09:31:53.410-0800] {processor.py:186} INFO - Started process (PID=22701) to work on /Users/rishukhurana/anaconda3/lib/python3.11/site-packages/airflow/example_dags/example_bash_decorator.py
[2024-12-14T09:31:53.412-0800] {processor.py:914} INFO - Processing file /Users/rishukhurana/anaconda3/lib/python3.11/site-packages/airflow/example_dags/example_bash_decorator.py for tasks to queue
[2024-12-14T09:31:53.414-0800] {logging_mixin.py:190} INFO - [2024-12-14T09:31:53.413-0800] {dagbag.py:588} INFO - Filling up the DagBag from /Users/rishukhurana/anaconda3/lib/python3.11/site-packages/airflow/example_dags/example_bash_decorator.py
[2024-12-14T09:31:53.453-0800] {processor.py:925} INFO - DAG(s) 'example_bash_decorator' retrieved from /Users/rishukhurana/anaconda3/lib/python3.11/site-packages/airflow/example_dags/example_bash_decorator.py
[2024-12-14T09:31:53.718-0800] {logging_mixin.py:190} INFO - [2024-12-14T09:31:53.718-0800] {dag.py:3239} INFO - Sync 1 DAGs
[2024-12-14T09:31:53.726-0800] {logging_mixin.py:190} INFO - [2024-12-14T09:31:53.726-0800] {dag.py:4180} INFO - Setting next_dagrun for example_bash_decorator to None, run_after=None
[2024-12-14T09:31:53.741-0800] {processor.py:208} INFO - Processing /Users/rishukhurana/anaconda3/lib/python3.11/site-packages/airflow/example_dags/example_bash_decorator.py took 0.336 seconds
[2024-12-14T09:37:44.144-0800] {processor.py:186} INFO - Started process (PID=22988) to work on /Users/rishukhurana/anaconda3/lib/python3.11/site-packages/airflow/example_dags/example_bash_decorator.py
[2024-12-14T09:37:44.147-0800] {processor.py:914} INFO - Processing file /Users/rishukhurana/anaconda3/lib/python3.11/site-packages/airflow/example_dags/example_bash_decorator.py for tasks to queue
[2024-12-14T09:37:44.148-0800] {logging_mixin.py:190} INFO - [2024-12-14T09:37:44.148-0800] {dagbag.py:588} INFO - Filling up the DagBag from /Users/rishukhurana/anaconda3/lib/python3.11/site-packages/airflow/example_dags/example_bash_decorator.py
[2024-12-14T09:37:44.187-0800] {processor.py:925} INFO - DAG(s) 'example_bash_decorator' retrieved from /Users/rishukhurana/anaconda3/lib/python3.11/site-packages/airflow/example_dags/example_bash_decorator.py
[2024-12-14T09:37:44.429-0800] {logging_mixin.py:190} INFO - [2024-12-14T09:37:44.429-0800] {dag.py:3239} INFO - Sync 1 DAGs
[2024-12-14T09:37:44.437-0800] {logging_mixin.py:190} INFO - [2024-12-14T09:37:44.437-0800] {dag.py:4180} INFO - Setting next_dagrun for example_bash_decorator to None, run_after=None
[2024-12-14T09:37:44.451-0800] {processor.py:208} INFO - Processing /Users/rishukhurana/anaconda3/lib/python3.11/site-packages/airflow/example_dags/example_bash_decorator.py took 0.313 seconds
[2024-12-14T09:43:40.991-0800] {processor.py:186} INFO - Started process (PID=23276) to work on /Users/rishukhurana/anaconda3/lib/python3.11/site-packages/airflow/example_dags/example_bash_decorator.py
[2024-12-14T09:43:40.994-0800] {processor.py:914} INFO - Processing file /Users/rishukhurana/anaconda3/lib/python3.11/site-packages/airflow/example_dags/example_bash_decorator.py for tasks to queue
[2024-12-14T09:43:40.995-0800] {logging_mixin.py:190} INFO - [2024-12-14T09:43:40.995-0800] {dagbag.py:588} INFO - Filling up the DagBag from /Users/rishukhurana/anaconda3/lib/python3.11/site-packages/airflow/example_dags/example_bash_decorator.py
[2024-12-14T09:43:41.038-0800] {processor.py:925} INFO - DAG(s) 'example_bash_decorator' retrieved from /Users/rishukhurana/anaconda3/lib/python3.11/site-packages/airflow/example_dags/example_bash_decorator.py
[2024-12-14T09:43:41.315-0800] {logging_mixin.py:190} INFO - [2024-12-14T09:43:41.315-0800] {dag.py:3239} INFO - Sync 1 DAGs
[2024-12-14T09:43:41.323-0800] {logging_mixin.py:190} INFO - [2024-12-14T09:43:41.322-0800] {dag.py:4180} INFO - Setting next_dagrun for example_bash_decorator to None, run_after=None
[2024-12-14T09:43:41.336-0800] {processor.py:208} INFO - Processing /Users/rishukhurana/anaconda3/lib/python3.11/site-packages/airflow/example_dags/example_bash_decorator.py took 0.351 seconds
