[2024-12-14T05:37:04.663-0800] {processor.py:186} INFO - Started process (PID=10491) to work on /Users/rishukhurana/anaconda3/lib/python3.11/site-packages/airflow/example_dags/example_dynamic_task_mapping.py
[2024-12-14T05:37:04.665-0800] {processor.py:914} INFO - Processing file /Users/rishukhurana/anaconda3/lib/python3.11/site-packages/airflow/example_dags/example_dynamic_task_mapping.py for tasks to queue
[2024-12-14T05:37:04.666-0800] {logging_mixin.py:190} INFO - [2024-12-14T05:37:04.666-0800] {dagbag.py:588} INFO - Filling up the DagBag from /Users/rishukhurana/anaconda3/lib/python3.11/site-packages/airflow/example_dags/example_dynamic_task_mapping.py
[2024-12-14T05:37:04.719-0800] {processor.py:925} INFO - DAG(s) 'example_dynamic_task_mapping' retrieved from /Users/rishukhurana/anaconda3/lib/python3.11/site-packages/airflow/example_dags/example_dynamic_task_mapping.py
[2024-12-14T05:37:04.817-0800] {logging_mixin.py:190} INFO - [2024-12-14T05:37:04.817-0800] {dag.py:3239} INFO - Sync 1 DAGs
[2024-12-14T05:37:04.827-0800] {logging_mixin.py:190} INFO - [2024-12-14T05:37:04.827-0800] {dag.py:4180} INFO - Setting next_dagrun for example_dynamic_task_mapping to None, run_after=None
[2024-12-14T05:37:04.847-0800] {processor.py:208} INFO - Processing /Users/rishukhurana/anaconda3/lib/python3.11/site-packages/airflow/example_dags/example_dynamic_task_mapping.py took 0.190 seconds
[2024-12-14T05:40:31.359-0800] {processor.py:186} INFO - Started process (PID=10686) to work on /Users/rishukhurana/anaconda3/lib/python3.11/site-packages/airflow/example_dags/example_dynamic_task_mapping.py
[2024-12-14T05:40:31.362-0800] {processor.py:914} INFO - Processing file /Users/rishukhurana/anaconda3/lib/python3.11/site-packages/airflow/example_dags/example_dynamic_task_mapping.py for tasks to queue
[2024-12-14T05:40:31.363-0800] {logging_mixin.py:190} INFO - [2024-12-14T05:40:31.362-0800] {dagbag.py:588} INFO - Filling up the DagBag from /Users/rishukhurana/anaconda3/lib/python3.11/site-packages/airflow/example_dags/example_dynamic_task_mapping.py
[2024-12-14T05:40:31.399-0800] {processor.py:925} INFO - DAG(s) 'example_dynamic_task_mapping' retrieved from /Users/rishukhurana/anaconda3/lib/python3.11/site-packages/airflow/example_dags/example_dynamic_task_mapping.py
[2024-12-14T05:40:31.488-0800] {logging_mixin.py:190} INFO - [2024-12-14T05:40:31.488-0800] {dag.py:3239} INFO - Sync 1 DAGs
[2024-12-14T05:40:31.498-0800] {logging_mixin.py:190} INFO - [2024-12-14T05:40:31.497-0800] {dag.py:4180} INFO - Setting next_dagrun for example_dynamic_task_mapping to None, run_after=None
[2024-12-14T05:40:31.513-0800] {processor.py:208} INFO - Processing /Users/rishukhurana/anaconda3/lib/python3.11/site-packages/airflow/example_dags/example_dynamic_task_mapping.py took 0.160 seconds
[2024-12-14T05:46:39.663-0800] {processor.py:186} INFO - Started process (PID=11032) to work on /Users/rishukhurana/anaconda3/lib/python3.11/site-packages/airflow/example_dags/example_dynamic_task_mapping.py
[2024-12-14T05:46:39.665-0800] {processor.py:914} INFO - Processing file /Users/rishukhurana/anaconda3/lib/python3.11/site-packages/airflow/example_dags/example_dynamic_task_mapping.py for tasks to queue
[2024-12-14T05:46:39.667-0800] {logging_mixin.py:190} INFO - [2024-12-14T05:46:39.666-0800] {dagbag.py:588} INFO - Filling up the DagBag from /Users/rishukhurana/anaconda3/lib/python3.11/site-packages/airflow/example_dags/example_dynamic_task_mapping.py
[2024-12-14T05:46:39.703-0800] {processor.py:925} INFO - DAG(s) 'example_dynamic_task_mapping' retrieved from /Users/rishukhurana/anaconda3/lib/python3.11/site-packages/airflow/example_dags/example_dynamic_task_mapping.py
[2024-12-14T05:46:39.798-0800] {logging_mixin.py:190} INFO - [2024-12-14T05:46:39.798-0800] {dag.py:3239} INFO - Sync 1 DAGs
[2024-12-14T05:46:39.808-0800] {logging_mixin.py:190} INFO - [2024-12-14T05:46:39.808-0800] {dag.py:4180} INFO - Setting next_dagrun for example_dynamic_task_mapping to None, run_after=None
[2024-12-14T05:46:39.824-0800] {processor.py:208} INFO - Processing /Users/rishukhurana/anaconda3/lib/python3.11/site-packages/airflow/example_dags/example_dynamic_task_mapping.py took 0.168 seconds
[2024-12-14T05:53:18.705-0800] {processor.py:186} INFO - Started process (PID=11435) to work on /Users/rishukhurana/anaconda3/lib/python3.11/site-packages/airflow/example_dags/example_dynamic_task_mapping.py
[2024-12-14T05:53:18.708-0800] {processor.py:914} INFO - Processing file /Users/rishukhurana/anaconda3/lib/python3.11/site-packages/airflow/example_dags/example_dynamic_task_mapping.py for tasks to queue
[2024-12-14T05:53:18.709-0800] {logging_mixin.py:190} INFO - [2024-12-14T05:53:18.709-0800] {dagbag.py:588} INFO - Filling up the DagBag from /Users/rishukhurana/anaconda3/lib/python3.11/site-packages/airflow/example_dags/example_dynamic_task_mapping.py
[2024-12-14T05:53:18.762-0800] {processor.py:925} INFO - DAG(s) 'example_dynamic_task_mapping' retrieved from /Users/rishukhurana/anaconda3/lib/python3.11/site-packages/airflow/example_dags/example_dynamic_task_mapping.py
[2024-12-14T05:53:18.856-0800] {logging_mixin.py:190} INFO - [2024-12-14T05:53:18.856-0800] {dag.py:3239} INFO - Sync 1 DAGs
[2024-12-14T05:53:18.865-0800] {logging_mixin.py:190} INFO - [2024-12-14T05:53:18.865-0800] {dag.py:4180} INFO - Setting next_dagrun for example_dynamic_task_mapping to None, run_after=None
[2024-12-14T05:53:18.881-0800] {processor.py:208} INFO - Processing /Users/rishukhurana/anaconda3/lib/python3.11/site-packages/airflow/example_dags/example_dynamic_task_mapping.py took 0.181 seconds
[2024-12-14T05:59:34.006-0800] {processor.py:186} INFO - Started process (PID=11763) to work on /Users/rishukhurana/anaconda3/lib/python3.11/site-packages/airflow/example_dags/example_dynamic_task_mapping.py
[2024-12-14T05:59:34.008-0800] {processor.py:914} INFO - Processing file /Users/rishukhurana/anaconda3/lib/python3.11/site-packages/airflow/example_dags/example_dynamic_task_mapping.py for tasks to queue
[2024-12-14T05:59:34.010-0800] {logging_mixin.py:190} INFO - [2024-12-14T05:59:34.010-0800] {dagbag.py:588} INFO - Filling up the DagBag from /Users/rishukhurana/anaconda3/lib/python3.11/site-packages/airflow/example_dags/example_dynamic_task_mapping.py
[2024-12-14T05:59:34.057-0800] {processor.py:925} INFO - DAG(s) 'example_dynamic_task_mapping' retrieved from /Users/rishukhurana/anaconda3/lib/python3.11/site-packages/airflow/example_dags/example_dynamic_task_mapping.py
[2024-12-14T05:59:34.184-0800] {logging_mixin.py:190} INFO - [2024-12-14T05:59:34.184-0800] {dag.py:3239} INFO - Sync 1 DAGs
[2024-12-14T05:59:34.195-0800] {logging_mixin.py:190} INFO - [2024-12-14T05:59:34.195-0800] {dag.py:4180} INFO - Setting next_dagrun for example_dynamic_task_mapping to None, run_after=None
[2024-12-14T05:59:34.217-0800] {processor.py:208} INFO - Processing /Users/rishukhurana/anaconda3/lib/python3.11/site-packages/airflow/example_dags/example_dynamic_task_mapping.py took 0.216 seconds
[2024-12-14T06:05:30.465-0800] {processor.py:186} INFO - Started process (PID=12041) to work on /Users/rishukhurana/anaconda3/lib/python3.11/site-packages/airflow/example_dags/example_dynamic_task_mapping.py
[2024-12-14T06:05:30.467-0800] {processor.py:914} INFO - Processing file /Users/rishukhurana/anaconda3/lib/python3.11/site-packages/airflow/example_dags/example_dynamic_task_mapping.py for tasks to queue
[2024-12-14T06:05:30.468-0800] {logging_mixin.py:190} INFO - [2024-12-14T06:05:30.468-0800] {dagbag.py:588} INFO - Filling up the DagBag from /Users/rishukhurana/anaconda3/lib/python3.11/site-packages/airflow/example_dags/example_dynamic_task_mapping.py
[2024-12-14T06:05:30.522-0800] {processor.py:925} INFO - DAG(s) 'example_dynamic_task_mapping' retrieved from /Users/rishukhurana/anaconda3/lib/python3.11/site-packages/airflow/example_dags/example_dynamic_task_mapping.py
[2024-12-14T06:05:30.619-0800] {logging_mixin.py:190} INFO - [2024-12-14T06:05:30.619-0800] {dag.py:3239} INFO - Sync 1 DAGs
[2024-12-14T06:05:30.634-0800] {logging_mixin.py:190} INFO - [2024-12-14T06:05:30.634-0800] {dag.py:4180} INFO - Setting next_dagrun for example_dynamic_task_mapping to None, run_after=None
[2024-12-14T06:05:30.657-0800] {processor.py:208} INFO - Processing /Users/rishukhurana/anaconda3/lib/python3.11/site-packages/airflow/example_dags/example_dynamic_task_mapping.py took 0.198 seconds
[2024-12-14T06:11:18.877-0800] {processor.py:186} INFO - Started process (PID=12318) to work on /Users/rishukhurana/anaconda3/lib/python3.11/site-packages/airflow/example_dags/example_dynamic_task_mapping.py
[2024-12-14T06:11:18.879-0800] {processor.py:914} INFO - Processing file /Users/rishukhurana/anaconda3/lib/python3.11/site-packages/airflow/example_dags/example_dynamic_task_mapping.py for tasks to queue
[2024-12-14T06:11:18.880-0800] {logging_mixin.py:190} INFO - [2024-12-14T06:11:18.880-0800] {dagbag.py:588} INFO - Filling up the DagBag from /Users/rishukhurana/anaconda3/lib/python3.11/site-packages/airflow/example_dags/example_dynamic_task_mapping.py
[2024-12-14T06:11:18.911-0800] {processor.py:925} INFO - DAG(s) 'example_dynamic_task_mapping' retrieved from /Users/rishukhurana/anaconda3/lib/python3.11/site-packages/airflow/example_dags/example_dynamic_task_mapping.py
[2024-12-14T06:11:18.995-0800] {logging_mixin.py:190} INFO - [2024-12-14T06:11:18.995-0800] {dag.py:3239} INFO - Sync 1 DAGs
[2024-12-14T06:11:19.006-0800] {logging_mixin.py:190} INFO - [2024-12-14T06:11:19.005-0800] {dag.py:4180} INFO - Setting next_dagrun for example_dynamic_task_mapping to None, run_after=None
[2024-12-14T06:11:19.023-0800] {processor.py:208} INFO - Processing /Users/rishukhurana/anaconda3/lib/python3.11/site-packages/airflow/example_dags/example_dynamic_task_mapping.py took 0.152 seconds
[2024-12-14T06:17:10.638-0800] {processor.py:186} INFO - Started process (PID=12595) to work on /Users/rishukhurana/anaconda3/lib/python3.11/site-packages/airflow/example_dags/example_dynamic_task_mapping.py
[2024-12-14T06:17:10.639-0800] {processor.py:914} INFO - Processing file /Users/rishukhurana/anaconda3/lib/python3.11/site-packages/airflow/example_dags/example_dynamic_task_mapping.py for tasks to queue
[2024-12-14T06:17:10.640-0800] {logging_mixin.py:190} INFO - [2024-12-14T06:17:10.640-0800] {dagbag.py:588} INFO - Filling up the DagBag from /Users/rishukhurana/anaconda3/lib/python3.11/site-packages/airflow/example_dags/example_dynamic_task_mapping.py
[2024-12-14T06:17:10.677-0800] {processor.py:925} INFO - DAG(s) 'example_dynamic_task_mapping' retrieved from /Users/rishukhurana/anaconda3/lib/python3.11/site-packages/airflow/example_dags/example_dynamic_task_mapping.py
[2024-12-14T06:17:10.767-0800] {logging_mixin.py:190} INFO - [2024-12-14T06:17:10.767-0800] {dag.py:3239} INFO - Sync 1 DAGs
[2024-12-14T06:17:10.776-0800] {logging_mixin.py:190} INFO - [2024-12-14T06:17:10.776-0800] {dag.py:4180} INFO - Setting next_dagrun for example_dynamic_task_mapping to None, run_after=None
[2024-12-14T06:17:10.793-0800] {processor.py:208} INFO - Processing /Users/rishukhurana/anaconda3/lib/python3.11/site-packages/airflow/example_dags/example_dynamic_task_mapping.py took 0.162 seconds
[2024-12-14T06:23:20.643-0800] {processor.py:186} INFO - Started process (PID=12955) to work on /Users/rishukhurana/anaconda3/lib/python3.11/site-packages/airflow/example_dags/example_dynamic_task_mapping.py
[2024-12-14T06:23:20.645-0800] {processor.py:914} INFO - Processing file /Users/rishukhurana/anaconda3/lib/python3.11/site-packages/airflow/example_dags/example_dynamic_task_mapping.py for tasks to queue
[2024-12-14T06:23:20.646-0800] {logging_mixin.py:190} INFO - [2024-12-14T06:23:20.646-0800] {dagbag.py:588} INFO - Filling up the DagBag from /Users/rishukhurana/anaconda3/lib/python3.11/site-packages/airflow/example_dags/example_dynamic_task_mapping.py
[2024-12-14T06:23:20.679-0800] {processor.py:925} INFO - DAG(s) 'example_dynamic_task_mapping' retrieved from /Users/rishukhurana/anaconda3/lib/python3.11/site-packages/airflow/example_dags/example_dynamic_task_mapping.py
[2024-12-14T06:23:20.769-0800] {logging_mixin.py:190} INFO - [2024-12-14T06:23:20.769-0800] {dag.py:3239} INFO - Sync 1 DAGs
[2024-12-14T06:23:20.778-0800] {logging_mixin.py:190} INFO - [2024-12-14T06:23:20.778-0800] {dag.py:4180} INFO - Setting next_dagrun for example_dynamic_task_mapping to None, run_after=None
[2024-12-14T06:23:20.794-0800] {processor.py:208} INFO - Processing /Users/rishukhurana/anaconda3/lib/python3.11/site-packages/airflow/example_dags/example_dynamic_task_mapping.py took 0.157 seconds
[2024-12-14T06:29:16.193-0800] {processor.py:186} INFO - Started process (PID=13329) to work on /Users/rishukhurana/anaconda3/lib/python3.11/site-packages/airflow/example_dags/example_dynamic_task_mapping.py
[2024-12-14T06:29:16.195-0800] {processor.py:914} INFO - Processing file /Users/rishukhurana/anaconda3/lib/python3.11/site-packages/airflow/example_dags/example_dynamic_task_mapping.py for tasks to queue
[2024-12-14T06:29:16.196-0800] {logging_mixin.py:190} INFO - [2024-12-14T06:29:16.196-0800] {dagbag.py:588} INFO - Filling up the DagBag from /Users/rishukhurana/anaconda3/lib/python3.11/site-packages/airflow/example_dags/example_dynamic_task_mapping.py
[2024-12-14T06:29:16.250-0800] {processor.py:925} INFO - DAG(s) 'example_dynamic_task_mapping' retrieved from /Users/rishukhurana/anaconda3/lib/python3.11/site-packages/airflow/example_dags/example_dynamic_task_mapping.py
[2024-12-14T06:29:16.346-0800] {logging_mixin.py:190} INFO - [2024-12-14T06:29:16.345-0800] {dag.py:3239} INFO - Sync 1 DAGs
[2024-12-14T06:29:16.356-0800] {logging_mixin.py:190} INFO - [2024-12-14T06:29:16.356-0800] {dag.py:4180} INFO - Setting next_dagrun for example_dynamic_task_mapping to None, run_after=None
[2024-12-14T06:29:16.373-0800] {processor.py:208} INFO - Processing /Users/rishukhurana/anaconda3/lib/python3.11/site-packages/airflow/example_dags/example_dynamic_task_mapping.py took 0.184 seconds
[2024-12-14T06:35:20.675-0800] {processor.py:186} INFO - Started process (PID=13612) to work on /Users/rishukhurana/anaconda3/lib/python3.11/site-packages/airflow/example_dags/example_dynamic_task_mapping.py
[2024-12-14T06:35:20.678-0800] {processor.py:914} INFO - Processing file /Users/rishukhurana/anaconda3/lib/python3.11/site-packages/airflow/example_dags/example_dynamic_task_mapping.py for tasks to queue
[2024-12-14T06:35:20.679-0800] {logging_mixin.py:190} INFO - [2024-12-14T06:35:20.678-0800] {dagbag.py:588} INFO - Filling up the DagBag from /Users/rishukhurana/anaconda3/lib/python3.11/site-packages/airflow/example_dags/example_dynamic_task_mapping.py
[2024-12-14T06:35:20.710-0800] {processor.py:925} INFO - DAG(s) 'example_dynamic_task_mapping' retrieved from /Users/rishukhurana/anaconda3/lib/python3.11/site-packages/airflow/example_dags/example_dynamic_task_mapping.py
[2024-12-14T06:35:20.787-0800] {logging_mixin.py:190} INFO - [2024-12-14T06:35:20.786-0800] {dag.py:3239} INFO - Sync 1 DAGs
[2024-12-14T06:35:20.795-0800] {logging_mixin.py:190} INFO - [2024-12-14T06:35:20.795-0800] {dag.py:4180} INFO - Setting next_dagrun for example_dynamic_task_mapping to None, run_after=None
[2024-12-14T06:35:20.812-0800] {processor.py:208} INFO - Processing /Users/rishukhurana/anaconda3/lib/python3.11/site-packages/airflow/example_dags/example_dynamic_task_mapping.py took 0.142 seconds
[2024-12-14T06:40:47.541-0800] {processor.py:186} INFO - Started process (PID=13903) to work on /Users/rishukhurana/anaconda3/lib/python3.11/site-packages/airflow/example_dags/example_dynamic_task_mapping.py
[2024-12-14T06:40:47.543-0800] {processor.py:914} INFO - Processing file /Users/rishukhurana/anaconda3/lib/python3.11/site-packages/airflow/example_dags/example_dynamic_task_mapping.py for tasks to queue
[2024-12-14T06:40:47.545-0800] {logging_mixin.py:190} INFO - [2024-12-14T06:40:47.545-0800] {dagbag.py:588} INFO - Filling up the DagBag from /Users/rishukhurana/anaconda3/lib/python3.11/site-packages/airflow/example_dags/example_dynamic_task_mapping.py
[2024-12-14T06:40:47.618-0800] {processor.py:925} INFO - DAG(s) 'example_dynamic_task_mapping' retrieved from /Users/rishukhurana/anaconda3/lib/python3.11/site-packages/airflow/example_dags/example_dynamic_task_mapping.py
[2024-12-14T06:40:47.739-0800] {logging_mixin.py:190} INFO - [2024-12-14T06:40:47.738-0800] {dag.py:3239} INFO - Sync 1 DAGs
[2024-12-14T06:40:47.752-0800] {logging_mixin.py:190} INFO - [2024-12-14T06:40:47.751-0800] {dag.py:4180} INFO - Setting next_dagrun for example_dynamic_task_mapping to None, run_after=None
[2024-12-14T06:40:47.770-0800] {processor.py:208} INFO - Processing /Users/rishukhurana/anaconda3/lib/python3.11/site-packages/airflow/example_dags/example_dynamic_task_mapping.py took 0.238 seconds
[2024-12-14T06:46:42.561-0800] {processor.py:186} INFO - Started process (PID=14222) to work on /Users/rishukhurana/anaconda3/lib/python3.11/site-packages/airflow/example_dags/example_dynamic_task_mapping.py
[2024-12-14T06:46:42.563-0800] {processor.py:914} INFO - Processing file /Users/rishukhurana/anaconda3/lib/python3.11/site-packages/airflow/example_dags/example_dynamic_task_mapping.py for tasks to queue
[2024-12-14T06:46:42.565-0800] {logging_mixin.py:190} INFO - [2024-12-14T06:46:42.565-0800] {dagbag.py:588} INFO - Filling up the DagBag from /Users/rishukhurana/anaconda3/lib/python3.11/site-packages/airflow/example_dags/example_dynamic_task_mapping.py
[2024-12-14T06:46:42.625-0800] {processor.py:925} INFO - DAG(s) 'example_dynamic_task_mapping' retrieved from /Users/rishukhurana/anaconda3/lib/python3.11/site-packages/airflow/example_dags/example_dynamic_task_mapping.py
[2024-12-14T06:46:42.703-0800] {logging_mixin.py:190} INFO - [2024-12-14T06:46:42.703-0800] {dag.py:3239} INFO - Sync 1 DAGs
[2024-12-14T06:46:42.712-0800] {logging_mixin.py:190} INFO - [2024-12-14T06:46:42.711-0800] {dag.py:4180} INFO - Setting next_dagrun for example_dynamic_task_mapping to None, run_after=None
[2024-12-14T06:46:42.725-0800] {processor.py:208} INFO - Processing /Users/rishukhurana/anaconda3/lib/python3.11/site-packages/airflow/example_dags/example_dynamic_task_mapping.py took 0.169 seconds
[2024-12-14T06:52:08.641-0800] {processor.py:186} INFO - Started process (PID=14527) to work on /Users/rishukhurana/anaconda3/lib/python3.11/site-packages/airflow/example_dags/example_dynamic_task_mapping.py
[2024-12-14T06:52:08.643-0800] {processor.py:914} INFO - Processing file /Users/rishukhurana/anaconda3/lib/python3.11/site-packages/airflow/example_dags/example_dynamic_task_mapping.py for tasks to queue
[2024-12-14T06:52:08.644-0800] {logging_mixin.py:190} INFO - [2024-12-14T06:52:08.644-0800] {dagbag.py:588} INFO - Filling up the DagBag from /Users/rishukhurana/anaconda3/lib/python3.11/site-packages/airflow/example_dags/example_dynamic_task_mapping.py
[2024-12-14T06:52:08.680-0800] {processor.py:925} INFO - DAG(s) 'example_dynamic_task_mapping' retrieved from /Users/rishukhurana/anaconda3/lib/python3.11/site-packages/airflow/example_dags/example_dynamic_task_mapping.py
[2024-12-14T06:52:08.762-0800] {logging_mixin.py:190} INFO - [2024-12-14T06:52:08.761-0800] {dag.py:3239} INFO - Sync 1 DAGs
[2024-12-14T06:52:08.771-0800] {logging_mixin.py:190} INFO - [2024-12-14T06:52:08.770-0800] {dag.py:4180} INFO - Setting next_dagrun for example_dynamic_task_mapping to None, run_after=None
[2024-12-14T06:52:08.792-0800] {processor.py:208} INFO - Processing /Users/rishukhurana/anaconda3/lib/python3.11/site-packages/airflow/example_dags/example_dynamic_task_mapping.py took 0.157 seconds
[2024-12-14T06:57:42.463-0800] {processor.py:186} INFO - Started process (PID=14819) to work on /Users/rishukhurana/anaconda3/lib/python3.11/site-packages/airflow/example_dags/example_dynamic_task_mapping.py
[2024-12-14T06:57:42.465-0800] {processor.py:914} INFO - Processing file /Users/rishukhurana/anaconda3/lib/python3.11/site-packages/airflow/example_dags/example_dynamic_task_mapping.py for tasks to queue
[2024-12-14T06:57:42.466-0800] {logging_mixin.py:190} INFO - [2024-12-14T06:57:42.466-0800] {dagbag.py:588} INFO - Filling up the DagBag from /Users/rishukhurana/anaconda3/lib/python3.11/site-packages/airflow/example_dags/example_dynamic_task_mapping.py
[2024-12-14T06:57:42.522-0800] {processor.py:925} INFO - DAG(s) 'example_dynamic_task_mapping' retrieved from /Users/rishukhurana/anaconda3/lib/python3.11/site-packages/airflow/example_dags/example_dynamic_task_mapping.py
[2024-12-14T06:57:42.601-0800] {logging_mixin.py:190} INFO - [2024-12-14T06:57:42.601-0800] {dag.py:3239} INFO - Sync 1 DAGs
[2024-12-14T06:57:42.610-0800] {logging_mixin.py:190} INFO - [2024-12-14T06:57:42.610-0800] {dag.py:4180} INFO - Setting next_dagrun for example_dynamic_task_mapping to None, run_after=None
[2024-12-14T06:57:42.631-0800] {processor.py:208} INFO - Processing /Users/rishukhurana/anaconda3/lib/python3.11/site-packages/airflow/example_dags/example_dynamic_task_mapping.py took 0.175 seconds
[2024-12-14T07:03:28.604-0800] {processor.py:186} INFO - Started process (PID=15112) to work on /Users/rishukhurana/anaconda3/lib/python3.11/site-packages/airflow/example_dags/example_dynamic_task_mapping.py
[2024-12-14T07:03:28.605-0800] {processor.py:914} INFO - Processing file /Users/rishukhurana/anaconda3/lib/python3.11/site-packages/airflow/example_dags/example_dynamic_task_mapping.py for tasks to queue
[2024-12-14T07:03:28.608-0800] {logging_mixin.py:190} INFO - [2024-12-14T07:03:28.607-0800] {dagbag.py:588} INFO - Filling up the DagBag from /Users/rishukhurana/anaconda3/lib/python3.11/site-packages/airflow/example_dags/example_dynamic_task_mapping.py
[2024-12-14T07:03:28.665-0800] {processor.py:925} INFO - DAG(s) 'example_dynamic_task_mapping' retrieved from /Users/rishukhurana/anaconda3/lib/python3.11/site-packages/airflow/example_dags/example_dynamic_task_mapping.py
[2024-12-14T07:03:28.754-0800] {logging_mixin.py:190} INFO - [2024-12-14T07:03:28.754-0800] {dag.py:3239} INFO - Sync 1 DAGs
[2024-12-14T07:03:28.763-0800] {logging_mixin.py:190} INFO - [2024-12-14T07:03:28.763-0800] {dag.py:4180} INFO - Setting next_dagrun for example_dynamic_task_mapping to None, run_after=None
[2024-12-14T07:03:28.778-0800] {processor.py:208} INFO - Processing /Users/rishukhurana/anaconda3/lib/python3.11/site-packages/airflow/example_dags/example_dynamic_task_mapping.py took 0.187 seconds
[2024-12-14T07:09:19.267-0800] {processor.py:186} INFO - Started process (PID=15400) to work on /Users/rishukhurana/anaconda3/lib/python3.11/site-packages/airflow/example_dags/example_dynamic_task_mapping.py
[2024-12-14T07:09:19.270-0800] {processor.py:914} INFO - Processing file /Users/rishukhurana/anaconda3/lib/python3.11/site-packages/airflow/example_dags/example_dynamic_task_mapping.py for tasks to queue
[2024-12-14T07:09:19.271-0800] {logging_mixin.py:190} INFO - [2024-12-14T07:09:19.271-0800] {dagbag.py:588} INFO - Filling up the DagBag from /Users/rishukhurana/anaconda3/lib/python3.11/site-packages/airflow/example_dags/example_dynamic_task_mapping.py
[2024-12-14T07:09:19.305-0800] {processor.py:925} INFO - DAG(s) 'example_dynamic_task_mapping' retrieved from /Users/rishukhurana/anaconda3/lib/python3.11/site-packages/airflow/example_dags/example_dynamic_task_mapping.py
[2024-12-14T07:09:19.401-0800] {logging_mixin.py:190} INFO - [2024-12-14T07:09:19.400-0800] {dag.py:3239} INFO - Sync 1 DAGs
[2024-12-14T07:09:19.410-0800] {logging_mixin.py:190} INFO - [2024-12-14T07:09:19.410-0800] {dag.py:4180} INFO - Setting next_dagrun for example_dynamic_task_mapping to None, run_after=None
[2024-12-14T07:09:19.424-0800] {processor.py:208} INFO - Processing /Users/rishukhurana/anaconda3/lib/python3.11/site-packages/airflow/example_dags/example_dynamic_task_mapping.py took 0.162 seconds
[2024-12-14T07:15:55.817-0800] {processor.py:186} INFO - Started process (PID=15807) to work on /Users/rishukhurana/anaconda3/lib/python3.11/site-packages/airflow/example_dags/example_dynamic_task_mapping.py
[2024-12-14T07:15:55.820-0800] {processor.py:914} INFO - Processing file /Users/rishukhurana/anaconda3/lib/python3.11/site-packages/airflow/example_dags/example_dynamic_task_mapping.py for tasks to queue
[2024-12-14T07:15:55.821-0800] {logging_mixin.py:190} INFO - [2024-12-14T07:15:55.821-0800] {dagbag.py:588} INFO - Filling up the DagBag from /Users/rishukhurana/anaconda3/lib/python3.11/site-packages/airflow/example_dags/example_dynamic_task_mapping.py
[2024-12-14T07:15:55.855-0800] {processor.py:925} INFO - DAG(s) 'example_dynamic_task_mapping' retrieved from /Users/rishukhurana/anaconda3/lib/python3.11/site-packages/airflow/example_dags/example_dynamic_task_mapping.py
[2024-12-14T07:15:55.934-0800] {logging_mixin.py:190} INFO - [2024-12-14T07:15:55.933-0800] {dag.py:3239} INFO - Sync 1 DAGs
[2024-12-14T07:15:55.944-0800] {logging_mixin.py:190} INFO - [2024-12-14T07:15:55.944-0800] {dag.py:4180} INFO - Setting next_dagrun for example_dynamic_task_mapping to None, run_after=None
[2024-12-14T07:15:55.958-0800] {processor.py:208} INFO - Processing /Users/rishukhurana/anaconda3/lib/python3.11/site-packages/airflow/example_dags/example_dynamic_task_mapping.py took 0.147 seconds
[2024-12-14T07:21:38.822-0800] {processor.py:186} INFO - Started process (PID=16129) to work on /Users/rishukhurana/anaconda3/lib/python3.11/site-packages/airflow/example_dags/example_dynamic_task_mapping.py
[2024-12-14T07:21:38.825-0800] {processor.py:914} INFO - Processing file /Users/rishukhurana/anaconda3/lib/python3.11/site-packages/airflow/example_dags/example_dynamic_task_mapping.py for tasks to queue
[2024-12-14T07:21:38.826-0800] {logging_mixin.py:190} INFO - [2024-12-14T07:21:38.825-0800] {dagbag.py:588} INFO - Filling up the DagBag from /Users/rishukhurana/anaconda3/lib/python3.11/site-packages/airflow/example_dags/example_dynamic_task_mapping.py
[2024-12-14T07:21:38.858-0800] {processor.py:925} INFO - DAG(s) 'example_dynamic_task_mapping' retrieved from /Users/rishukhurana/anaconda3/lib/python3.11/site-packages/airflow/example_dags/example_dynamic_task_mapping.py
[2024-12-14T07:21:38.942-0800] {logging_mixin.py:190} INFO - [2024-12-14T07:21:38.942-0800] {dag.py:3239} INFO - Sync 1 DAGs
[2024-12-14T07:21:38.951-0800] {logging_mixin.py:190} INFO - [2024-12-14T07:21:38.951-0800] {dag.py:4180} INFO - Setting next_dagrun for example_dynamic_task_mapping to None, run_after=None
[2024-12-14T07:21:38.966-0800] {processor.py:208} INFO - Processing /Users/rishukhurana/anaconda3/lib/python3.11/site-packages/airflow/example_dags/example_dynamic_task_mapping.py took 0.149 seconds
[2024-12-14T07:27:26.637-0800] {processor.py:186} INFO - Started process (PID=16409) to work on /Users/rishukhurana/anaconda3/lib/python3.11/site-packages/airflow/example_dags/example_dynamic_task_mapping.py
[2024-12-14T07:27:26.638-0800] {processor.py:914} INFO - Processing file /Users/rishukhurana/anaconda3/lib/python3.11/site-packages/airflow/example_dags/example_dynamic_task_mapping.py for tasks to queue
[2024-12-14T07:27:26.640-0800] {logging_mixin.py:190} INFO - [2024-12-14T07:27:26.639-0800] {dagbag.py:588} INFO - Filling up the DagBag from /Users/rishukhurana/anaconda3/lib/python3.11/site-packages/airflow/example_dags/example_dynamic_task_mapping.py
[2024-12-14T07:27:26.674-0800] {processor.py:925} INFO - DAG(s) 'example_dynamic_task_mapping' retrieved from /Users/rishukhurana/anaconda3/lib/python3.11/site-packages/airflow/example_dags/example_dynamic_task_mapping.py
[2024-12-14T07:27:26.761-0800] {logging_mixin.py:190} INFO - [2024-12-14T07:27:26.760-0800] {dag.py:3239} INFO - Sync 1 DAGs
[2024-12-14T07:27:26.770-0800] {logging_mixin.py:190} INFO - [2024-12-14T07:27:26.770-0800] {dag.py:4180} INFO - Setting next_dagrun for example_dynamic_task_mapping to None, run_after=None
[2024-12-14T07:27:26.787-0800] {processor.py:208} INFO - Processing /Users/rishukhurana/anaconda3/lib/python3.11/site-packages/airflow/example_dags/example_dynamic_task_mapping.py took 0.156 seconds
[2024-12-14T07:33:30.747-0800] {processor.py:186} INFO - Started process (PID=16701) to work on /Users/rishukhurana/anaconda3/lib/python3.11/site-packages/airflow/example_dags/example_dynamic_task_mapping.py
[2024-12-14T07:33:30.749-0800] {processor.py:914} INFO - Processing file /Users/rishukhurana/anaconda3/lib/python3.11/site-packages/airflow/example_dags/example_dynamic_task_mapping.py for tasks to queue
[2024-12-14T07:33:30.751-0800] {logging_mixin.py:190} INFO - [2024-12-14T07:33:30.750-0800] {dagbag.py:588} INFO - Filling up the DagBag from /Users/rishukhurana/anaconda3/lib/python3.11/site-packages/airflow/example_dags/example_dynamic_task_mapping.py
[2024-12-14T07:33:30.788-0800] {processor.py:925} INFO - DAG(s) 'example_dynamic_task_mapping' retrieved from /Users/rishukhurana/anaconda3/lib/python3.11/site-packages/airflow/example_dags/example_dynamic_task_mapping.py
[2024-12-14T07:33:30.884-0800] {logging_mixin.py:190} INFO - [2024-12-14T07:33:30.884-0800] {dag.py:3239} INFO - Sync 1 DAGs
[2024-12-14T07:33:30.895-0800] {logging_mixin.py:190} INFO - [2024-12-14T07:33:30.895-0800] {dag.py:4180} INFO - Setting next_dagrun for example_dynamic_task_mapping to None, run_after=None
[2024-12-14T07:33:30.914-0800] {processor.py:208} INFO - Processing /Users/rishukhurana/anaconda3/lib/python3.11/site-packages/airflow/example_dags/example_dynamic_task_mapping.py took 0.172 seconds
[2024-12-14T07:39:47.126-0800] {processor.py:186} INFO - Started process (PID=17010) to work on /Users/rishukhurana/anaconda3/lib/python3.11/site-packages/airflow/example_dags/example_dynamic_task_mapping.py
[2024-12-14T07:39:47.128-0800] {processor.py:914} INFO - Processing file /Users/rishukhurana/anaconda3/lib/python3.11/site-packages/airflow/example_dags/example_dynamic_task_mapping.py for tasks to queue
[2024-12-14T07:39:47.130-0800] {logging_mixin.py:190} INFO - [2024-12-14T07:39:47.130-0800] {dagbag.py:588} INFO - Filling up the DagBag from /Users/rishukhurana/anaconda3/lib/python3.11/site-packages/airflow/example_dags/example_dynamic_task_mapping.py
[2024-12-14T07:39:47.179-0800] {processor.py:925} INFO - DAG(s) 'example_dynamic_task_mapping' retrieved from /Users/rishukhurana/anaconda3/lib/python3.11/site-packages/airflow/example_dags/example_dynamic_task_mapping.py
[2024-12-14T07:39:47.298-0800] {logging_mixin.py:190} INFO - [2024-12-14T07:39:47.297-0800] {dag.py:3239} INFO - Sync 1 DAGs
[2024-12-14T07:39:47.308-0800] {logging_mixin.py:190} INFO - [2024-12-14T07:39:47.308-0800] {dag.py:4180} INFO - Setting next_dagrun for example_dynamic_task_mapping to None, run_after=None
[2024-12-14T07:39:47.326-0800] {processor.py:208} INFO - Processing /Users/rishukhurana/anaconda3/lib/python3.11/site-packages/airflow/example_dags/example_dynamic_task_mapping.py took 0.206 seconds
[2024-12-14T07:46:21.035-0800] {processor.py:186} INFO - Started process (PID=17363) to work on /Users/rishukhurana/anaconda3/lib/python3.11/site-packages/airflow/example_dags/example_dynamic_task_mapping.py
[2024-12-14T07:46:21.037-0800] {processor.py:914} INFO - Processing file /Users/rishukhurana/anaconda3/lib/python3.11/site-packages/airflow/example_dags/example_dynamic_task_mapping.py for tasks to queue
[2024-12-14T07:46:21.038-0800] {logging_mixin.py:190} INFO - [2024-12-14T07:46:21.038-0800] {dagbag.py:588} INFO - Filling up the DagBag from /Users/rishukhurana/anaconda3/lib/python3.11/site-packages/airflow/example_dags/example_dynamic_task_mapping.py
[2024-12-14T07:46:21.081-0800] {processor.py:925} INFO - DAG(s) 'example_dynamic_task_mapping' retrieved from /Users/rishukhurana/anaconda3/lib/python3.11/site-packages/airflow/example_dags/example_dynamic_task_mapping.py
[2024-12-14T07:46:21.171-0800] {logging_mixin.py:190} INFO - [2024-12-14T07:46:21.170-0800] {dag.py:3239} INFO - Sync 1 DAGs
[2024-12-14T07:46:21.180-0800] {logging_mixin.py:190} INFO - [2024-12-14T07:46:21.180-0800] {dag.py:4180} INFO - Setting next_dagrun for example_dynamic_task_mapping to None, run_after=None
[2024-12-14T07:46:21.196-0800] {processor.py:208} INFO - Processing /Users/rishukhurana/anaconda3/lib/python3.11/site-packages/airflow/example_dags/example_dynamic_task_mapping.py took 0.167 seconds
[2024-12-14T07:52:11.332-0800] {processor.py:186} INFO - Started process (PID=17671) to work on /Users/rishukhurana/anaconda3/lib/python3.11/site-packages/airflow/example_dags/example_dynamic_task_mapping.py
[2024-12-14T07:52:11.334-0800] {processor.py:914} INFO - Processing file /Users/rishukhurana/anaconda3/lib/python3.11/site-packages/airflow/example_dags/example_dynamic_task_mapping.py for tasks to queue
[2024-12-14T07:52:11.335-0800] {logging_mixin.py:190} INFO - [2024-12-14T07:52:11.335-0800] {dagbag.py:588} INFO - Filling up the DagBag from /Users/rishukhurana/anaconda3/lib/python3.11/site-packages/airflow/example_dags/example_dynamic_task_mapping.py
[2024-12-14T07:52:11.395-0800] {processor.py:925} INFO - DAG(s) 'example_dynamic_task_mapping' retrieved from /Users/rishukhurana/anaconda3/lib/python3.11/site-packages/airflow/example_dags/example_dynamic_task_mapping.py
[2024-12-14T07:52:11.523-0800] {logging_mixin.py:190} INFO - [2024-12-14T07:52:11.522-0800] {dag.py:3239} INFO - Sync 1 DAGs
[2024-12-14T07:52:11.536-0800] {logging_mixin.py:190} INFO - [2024-12-14T07:52:11.536-0800] {dag.py:4180} INFO - Setting next_dagrun for example_dynamic_task_mapping to None, run_after=None
[2024-12-14T07:52:11.556-0800] {processor.py:208} INFO - Processing /Users/rishukhurana/anaconda3/lib/python3.11/site-packages/airflow/example_dags/example_dynamic_task_mapping.py took 0.232 seconds
[2024-12-14T07:58:18.063-0800] {processor.py:186} INFO - Started process (PID=18033) to work on /Users/rishukhurana/anaconda3/lib/python3.11/site-packages/airflow/example_dags/example_dynamic_task_mapping.py
[2024-12-14T07:58:18.066-0800] {processor.py:914} INFO - Processing file /Users/rishukhurana/anaconda3/lib/python3.11/site-packages/airflow/example_dags/example_dynamic_task_mapping.py for tasks to queue
[2024-12-14T07:58:18.067-0800] {logging_mixin.py:190} INFO - [2024-12-14T07:58:18.067-0800] {dagbag.py:588} INFO - Filling up the DagBag from /Users/rishukhurana/anaconda3/lib/python3.11/site-packages/airflow/example_dags/example_dynamic_task_mapping.py
[2024-12-14T07:58:18.098-0800] {processor.py:925} INFO - DAG(s) 'example_dynamic_task_mapping' retrieved from /Users/rishukhurana/anaconda3/lib/python3.11/site-packages/airflow/example_dags/example_dynamic_task_mapping.py
[2024-12-14T07:58:18.176-0800] {logging_mixin.py:190} INFO - [2024-12-14T07:58:18.175-0800] {dag.py:3239} INFO - Sync 1 DAGs
[2024-12-14T07:58:18.184-0800] {logging_mixin.py:190} INFO - [2024-12-14T07:58:18.184-0800] {dag.py:4180} INFO - Setting next_dagrun for example_dynamic_task_mapping to None, run_after=None
[2024-12-14T07:58:18.200-0800] {processor.py:208} INFO - Processing /Users/rishukhurana/anaconda3/lib/python3.11/site-packages/airflow/example_dags/example_dynamic_task_mapping.py took 0.143 seconds
[2024-12-14T08:04:00.772-0800] {processor.py:186} INFO - Started process (PID=18322) to work on /Users/rishukhurana/anaconda3/lib/python3.11/site-packages/airflow/example_dags/example_dynamic_task_mapping.py
[2024-12-14T08:04:00.775-0800] {processor.py:914} INFO - Processing file /Users/rishukhurana/anaconda3/lib/python3.11/site-packages/airflow/example_dags/example_dynamic_task_mapping.py for tasks to queue
[2024-12-14T08:04:00.776-0800] {logging_mixin.py:190} INFO - [2024-12-14T08:04:00.775-0800] {dagbag.py:588} INFO - Filling up the DagBag from /Users/rishukhurana/anaconda3/lib/python3.11/site-packages/airflow/example_dags/example_dynamic_task_mapping.py
[2024-12-14T08:04:00.807-0800] {processor.py:925} INFO - DAG(s) 'example_dynamic_task_mapping' retrieved from /Users/rishukhurana/anaconda3/lib/python3.11/site-packages/airflow/example_dags/example_dynamic_task_mapping.py
[2024-12-14T08:04:00.884-0800] {logging_mixin.py:190} INFO - [2024-12-14T08:04:00.884-0800] {dag.py:3239} INFO - Sync 1 DAGs
[2024-12-14T08:04:00.893-0800] {logging_mixin.py:190} INFO - [2024-12-14T08:04:00.893-0800] {dag.py:4180} INFO - Setting next_dagrun for example_dynamic_task_mapping to None, run_after=None
[2024-12-14T08:04:00.909-0800] {processor.py:208} INFO - Processing /Users/rishukhurana/anaconda3/lib/python3.11/site-packages/airflow/example_dags/example_dynamic_task_mapping.py took 0.143 seconds
[2024-12-14T08:09:41.036-0800] {processor.py:186} INFO - Started process (PID=18604) to work on /Users/rishukhurana/anaconda3/lib/python3.11/site-packages/airflow/example_dags/example_dynamic_task_mapping.py
[2024-12-14T08:09:41.038-0800] {processor.py:914} INFO - Processing file /Users/rishukhurana/anaconda3/lib/python3.11/site-packages/airflow/example_dags/example_dynamic_task_mapping.py for tasks to queue
[2024-12-14T08:09:41.039-0800] {logging_mixin.py:190} INFO - [2024-12-14T08:09:41.039-0800] {dagbag.py:588} INFO - Filling up the DagBag from /Users/rishukhurana/anaconda3/lib/python3.11/site-packages/airflow/example_dags/example_dynamic_task_mapping.py
[2024-12-14T08:09:41.069-0800] {processor.py:925} INFO - DAG(s) 'example_dynamic_task_mapping' retrieved from /Users/rishukhurana/anaconda3/lib/python3.11/site-packages/airflow/example_dags/example_dynamic_task_mapping.py
[2024-12-14T08:09:41.151-0800] {logging_mixin.py:190} INFO - [2024-12-14T08:09:41.151-0800] {dag.py:3239} INFO - Sync 1 DAGs
[2024-12-14T08:09:41.159-0800] {logging_mixin.py:190} INFO - [2024-12-14T08:09:41.159-0800] {dag.py:4180} INFO - Setting next_dagrun for example_dynamic_task_mapping to None, run_after=None
[2024-12-14T08:09:41.179-0800] {processor.py:208} INFO - Processing /Users/rishukhurana/anaconda3/lib/python3.11/site-packages/airflow/example_dags/example_dynamic_task_mapping.py took 0.150 seconds
[2024-12-14T08:15:25.709-0800] {processor.py:186} INFO - Started process (PID=18883) to work on /Users/rishukhurana/anaconda3/lib/python3.11/site-packages/airflow/example_dags/example_dynamic_task_mapping.py
[2024-12-14T08:15:25.712-0800] {processor.py:914} INFO - Processing file /Users/rishukhurana/anaconda3/lib/python3.11/site-packages/airflow/example_dags/example_dynamic_task_mapping.py for tasks to queue
[2024-12-14T08:15:25.713-0800] {logging_mixin.py:190} INFO - [2024-12-14T08:15:25.713-0800] {dagbag.py:588} INFO - Filling up the DagBag from /Users/rishukhurana/anaconda3/lib/python3.11/site-packages/airflow/example_dags/example_dynamic_task_mapping.py
[2024-12-14T08:15:25.745-0800] {processor.py:925} INFO - DAG(s) 'example_dynamic_task_mapping' retrieved from /Users/rishukhurana/anaconda3/lib/python3.11/site-packages/airflow/example_dags/example_dynamic_task_mapping.py
[2024-12-14T08:15:25.827-0800] {logging_mixin.py:190} INFO - [2024-12-14T08:15:25.827-0800] {dag.py:3239} INFO - Sync 1 DAGs
[2024-12-14T08:15:25.836-0800] {logging_mixin.py:190} INFO - [2024-12-14T08:15:25.836-0800] {dag.py:4180} INFO - Setting next_dagrun for example_dynamic_task_mapping to None, run_after=None
[2024-12-14T08:15:25.853-0800] {processor.py:208} INFO - Processing /Users/rishukhurana/anaconda3/lib/python3.11/site-packages/airflow/example_dags/example_dynamic_task_mapping.py took 0.149 seconds
[2024-12-14T08:21:25.697-0800] {processor.py:186} INFO - Started process (PID=19198) to work on /Users/rishukhurana/anaconda3/lib/python3.11/site-packages/airflow/example_dags/example_dynamic_task_mapping.py
[2024-12-14T08:21:25.699-0800] {processor.py:914} INFO - Processing file /Users/rishukhurana/anaconda3/lib/python3.11/site-packages/airflow/example_dags/example_dynamic_task_mapping.py for tasks to queue
[2024-12-14T08:21:25.700-0800] {logging_mixin.py:190} INFO - [2024-12-14T08:21:25.700-0800] {dagbag.py:588} INFO - Filling up the DagBag from /Users/rishukhurana/anaconda3/lib/python3.11/site-packages/airflow/example_dags/example_dynamic_task_mapping.py
[2024-12-14T08:21:25.731-0800] {processor.py:925} INFO - DAG(s) 'example_dynamic_task_mapping' retrieved from /Users/rishukhurana/anaconda3/lib/python3.11/site-packages/airflow/example_dags/example_dynamic_task_mapping.py
[2024-12-14T08:21:25.810-0800] {logging_mixin.py:190} INFO - [2024-12-14T08:21:25.809-0800] {dag.py:3239} INFO - Sync 1 DAGs
[2024-12-14T08:21:25.818-0800] {logging_mixin.py:190} INFO - [2024-12-14T08:21:25.818-0800] {dag.py:4180} INFO - Setting next_dagrun for example_dynamic_task_mapping to None, run_after=None
[2024-12-14T08:21:25.839-0800] {processor.py:208} INFO - Processing /Users/rishukhurana/anaconda3/lib/python3.11/site-packages/airflow/example_dags/example_dynamic_task_mapping.py took 0.147 seconds
[2024-12-14T08:27:19.500-0800] {processor.py:186} INFO - Started process (PID=19481) to work on /Users/rishukhurana/anaconda3/lib/python3.11/site-packages/airflow/example_dags/example_dynamic_task_mapping.py
[2024-12-14T08:27:19.504-0800] {processor.py:914} INFO - Processing file /Users/rishukhurana/anaconda3/lib/python3.11/site-packages/airflow/example_dags/example_dynamic_task_mapping.py for tasks to queue
[2024-12-14T08:27:19.506-0800] {logging_mixin.py:190} INFO - [2024-12-14T08:27:19.505-0800] {dagbag.py:588} INFO - Filling up the DagBag from /Users/rishukhurana/anaconda3/lib/python3.11/site-packages/airflow/example_dags/example_dynamic_task_mapping.py
[2024-12-14T08:27:19.536-0800] {processor.py:925} INFO - DAG(s) 'example_dynamic_task_mapping' retrieved from /Users/rishukhurana/anaconda3/lib/python3.11/site-packages/airflow/example_dags/example_dynamic_task_mapping.py
[2024-12-14T08:27:19.615-0800] {logging_mixin.py:190} INFO - [2024-12-14T08:27:19.615-0800] {dag.py:3239} INFO - Sync 1 DAGs
[2024-12-14T08:27:19.624-0800] {logging_mixin.py:190} INFO - [2024-12-14T08:27:19.623-0800] {dag.py:4180} INFO - Setting next_dagrun for example_dynamic_task_mapping to None, run_after=None
[2024-12-14T08:27:19.641-0800] {processor.py:208} INFO - Processing /Users/rishukhurana/anaconda3/lib/python3.11/site-packages/airflow/example_dags/example_dynamic_task_mapping.py took 0.148 seconds
[2024-12-14T08:33:23.334-0800] {processor.py:186} INFO - Started process (PID=19766) to work on /Users/rishukhurana/anaconda3/lib/python3.11/site-packages/airflow/example_dags/example_dynamic_task_mapping.py
[2024-12-14T08:33:23.336-0800] {processor.py:914} INFO - Processing file /Users/rishukhurana/anaconda3/lib/python3.11/site-packages/airflow/example_dags/example_dynamic_task_mapping.py for tasks to queue
[2024-12-14T08:33:23.337-0800] {logging_mixin.py:190} INFO - [2024-12-14T08:33:23.337-0800] {dagbag.py:588} INFO - Filling up the DagBag from /Users/rishukhurana/anaconda3/lib/python3.11/site-packages/airflow/example_dags/example_dynamic_task_mapping.py
[2024-12-14T08:33:23.372-0800] {processor.py:925} INFO - DAG(s) 'example_dynamic_task_mapping' retrieved from /Users/rishukhurana/anaconda3/lib/python3.11/site-packages/airflow/example_dags/example_dynamic_task_mapping.py
[2024-12-14T08:33:23.457-0800] {logging_mixin.py:190} INFO - [2024-12-14T08:33:23.457-0800] {dag.py:3239} INFO - Sync 1 DAGs
[2024-12-14T08:33:23.466-0800] {logging_mixin.py:190} INFO - [2024-12-14T08:33:23.466-0800] {dag.py:4180} INFO - Setting next_dagrun for example_dynamic_task_mapping to None, run_after=None
[2024-12-14T08:33:23.487-0800] {processor.py:208} INFO - Processing /Users/rishukhurana/anaconda3/lib/python3.11/site-packages/airflow/example_dags/example_dynamic_task_mapping.py took 0.157 seconds
[2024-12-14T08:39:03.748-0800] {processor.py:186} INFO - Started process (PID=20043) to work on /Users/rishukhurana/anaconda3/lib/python3.11/site-packages/airflow/example_dags/example_dynamic_task_mapping.py
[2024-12-14T08:39:03.751-0800] {processor.py:914} INFO - Processing file /Users/rishukhurana/anaconda3/lib/python3.11/site-packages/airflow/example_dags/example_dynamic_task_mapping.py for tasks to queue
[2024-12-14T08:39:03.752-0800] {logging_mixin.py:190} INFO - [2024-12-14T08:39:03.752-0800] {dagbag.py:588} INFO - Filling up the DagBag from /Users/rishukhurana/anaconda3/lib/python3.11/site-packages/airflow/example_dags/example_dynamic_task_mapping.py
[2024-12-14T08:39:03.785-0800] {processor.py:925} INFO - DAG(s) 'example_dynamic_task_mapping' retrieved from /Users/rishukhurana/anaconda3/lib/python3.11/site-packages/airflow/example_dags/example_dynamic_task_mapping.py
[2024-12-14T08:39:03.871-0800] {logging_mixin.py:190} INFO - [2024-12-14T08:39:03.871-0800] {dag.py:3239} INFO - Sync 1 DAGs
[2024-12-14T08:39:03.880-0800] {logging_mixin.py:190} INFO - [2024-12-14T08:39:03.880-0800] {dag.py:4180} INFO - Setting next_dagrun for example_dynamic_task_mapping to None, run_after=None
[2024-12-14T08:39:03.895-0800] {processor.py:208} INFO - Processing /Users/rishukhurana/anaconda3/lib/python3.11/site-packages/airflow/example_dags/example_dynamic_task_mapping.py took 0.152 seconds
[2024-12-14T08:45:02.745-0800] {processor.py:186} INFO - Started process (PID=20357) to work on /Users/rishukhurana/anaconda3/lib/python3.11/site-packages/airflow/example_dags/example_dynamic_task_mapping.py
[2024-12-14T08:45:02.747-0800] {processor.py:914} INFO - Processing file /Users/rishukhurana/anaconda3/lib/python3.11/site-packages/airflow/example_dags/example_dynamic_task_mapping.py for tasks to queue
[2024-12-14T08:45:02.748-0800] {logging_mixin.py:190} INFO - [2024-12-14T08:45:02.748-0800] {dagbag.py:588} INFO - Filling up the DagBag from /Users/rishukhurana/anaconda3/lib/python3.11/site-packages/airflow/example_dags/example_dynamic_task_mapping.py
[2024-12-14T08:45:02.781-0800] {processor.py:925} INFO - DAG(s) 'example_dynamic_task_mapping' retrieved from /Users/rishukhurana/anaconda3/lib/python3.11/site-packages/airflow/example_dags/example_dynamic_task_mapping.py
[2024-12-14T08:45:02.865-0800] {logging_mixin.py:190} INFO - [2024-12-14T08:45:02.865-0800] {dag.py:3239} INFO - Sync 1 DAGs
[2024-12-14T08:45:02.874-0800] {logging_mixin.py:190} INFO - [2024-12-14T08:45:02.874-0800] {dag.py:4180} INFO - Setting next_dagrun for example_dynamic_task_mapping to None, run_after=None
[2024-12-14T08:45:02.891-0800] {processor.py:208} INFO - Processing /Users/rishukhurana/anaconda3/lib/python3.11/site-packages/airflow/example_dags/example_dynamic_task_mapping.py took 0.152 seconds
[2024-12-14T08:51:20.718-0800] {processor.py:186} INFO - Started process (PID=20702) to work on /Users/rishukhurana/anaconda3/lib/python3.11/site-packages/airflow/example_dags/example_dynamic_task_mapping.py
[2024-12-14T08:51:20.721-0800] {processor.py:914} INFO - Processing file /Users/rishukhurana/anaconda3/lib/python3.11/site-packages/airflow/example_dags/example_dynamic_task_mapping.py for tasks to queue
[2024-12-14T08:51:20.722-0800] {logging_mixin.py:190} INFO - [2024-12-14T08:51:20.722-0800] {dagbag.py:588} INFO - Filling up the DagBag from /Users/rishukhurana/anaconda3/lib/python3.11/site-packages/airflow/example_dags/example_dynamic_task_mapping.py
[2024-12-14T08:51:20.758-0800] {processor.py:925} INFO - DAG(s) 'example_dynamic_task_mapping' retrieved from /Users/rishukhurana/anaconda3/lib/python3.11/site-packages/airflow/example_dags/example_dynamic_task_mapping.py
[2024-12-14T08:51:20.846-0800] {logging_mixin.py:190} INFO - [2024-12-14T08:51:20.846-0800] {dag.py:3239} INFO - Sync 1 DAGs
[2024-12-14T08:51:20.856-0800] {logging_mixin.py:190} INFO - [2024-12-14T08:51:20.856-0800] {dag.py:4180} INFO - Setting next_dagrun for example_dynamic_task_mapping to None, run_after=None
[2024-12-14T08:51:20.872-0800] {processor.py:208} INFO - Processing /Users/rishukhurana/anaconda3/lib/python3.11/site-packages/airflow/example_dags/example_dynamic_task_mapping.py took 0.160 seconds
[2024-12-14T08:57:37.294-0800] {processor.py:186} INFO - Started process (PID=21018) to work on /Users/rishukhurana/anaconda3/lib/python3.11/site-packages/airflow/example_dags/example_dynamic_task_mapping.py
[2024-12-14T08:57:37.296-0800] {processor.py:914} INFO - Processing file /Users/rishukhurana/anaconda3/lib/python3.11/site-packages/airflow/example_dags/example_dynamic_task_mapping.py for tasks to queue
[2024-12-14T08:57:37.298-0800] {logging_mixin.py:190} INFO - [2024-12-14T08:57:37.297-0800] {dagbag.py:588} INFO - Filling up the DagBag from /Users/rishukhurana/anaconda3/lib/python3.11/site-packages/airflow/example_dags/example_dynamic_task_mapping.py
[2024-12-14T08:57:37.332-0800] {processor.py:925} INFO - DAG(s) 'example_dynamic_task_mapping' retrieved from /Users/rishukhurana/anaconda3/lib/python3.11/site-packages/airflow/example_dags/example_dynamic_task_mapping.py
[2024-12-14T08:57:37.417-0800] {logging_mixin.py:190} INFO - [2024-12-14T08:57:37.417-0800] {dag.py:3239} INFO - Sync 1 DAGs
[2024-12-14T08:57:37.426-0800] {logging_mixin.py:190} INFO - [2024-12-14T08:57:37.426-0800] {dag.py:4180} INFO - Setting next_dagrun for example_dynamic_task_mapping to None, run_after=None
[2024-12-14T08:57:37.441-0800] {processor.py:208} INFO - Processing /Users/rishukhurana/anaconda3/lib/python3.11/site-packages/airflow/example_dags/example_dynamic_task_mapping.py took 0.153 seconds
[2024-12-14T09:03:50.750-0800] {processor.py:186} INFO - Started process (PID=21307) to work on /Users/rishukhurana/anaconda3/lib/python3.11/site-packages/airflow/example_dags/example_dynamic_task_mapping.py
[2024-12-14T09:03:50.752-0800] {processor.py:914} INFO - Processing file /Users/rishukhurana/anaconda3/lib/python3.11/site-packages/airflow/example_dags/example_dynamic_task_mapping.py for tasks to queue
[2024-12-14T09:03:50.753-0800] {logging_mixin.py:190} INFO - [2024-12-14T09:03:50.753-0800] {dagbag.py:588} INFO - Filling up the DagBag from /Users/rishukhurana/anaconda3/lib/python3.11/site-packages/airflow/example_dags/example_dynamic_task_mapping.py
[2024-12-14T09:03:50.796-0800] {processor.py:925} INFO - DAG(s) 'example_dynamic_task_mapping' retrieved from /Users/rishukhurana/anaconda3/lib/python3.11/site-packages/airflow/example_dags/example_dynamic_task_mapping.py
[2024-12-14T09:03:50.913-0800] {logging_mixin.py:190} INFO - [2024-12-14T09:03:50.913-0800] {dag.py:3239} INFO - Sync 1 DAGs
[2024-12-14T09:03:50.922-0800] {logging_mixin.py:190} INFO - [2024-12-14T09:03:50.922-0800] {dag.py:4180} INFO - Setting next_dagrun for example_dynamic_task_mapping to None, run_after=None
[2024-12-14T09:03:50.942-0800] {processor.py:208} INFO - Processing /Users/rishukhurana/anaconda3/lib/python3.11/site-packages/airflow/example_dags/example_dynamic_task_mapping.py took 0.199 seconds
[2024-12-14T09:09:53.855-0800] {processor.py:186} INFO - Started process (PID=21598) to work on /Users/rishukhurana/anaconda3/lib/python3.11/site-packages/airflow/example_dags/example_dynamic_task_mapping.py
[2024-12-14T09:09:53.857-0800] {processor.py:914} INFO - Processing file /Users/rishukhurana/anaconda3/lib/python3.11/site-packages/airflow/example_dags/example_dynamic_task_mapping.py for tasks to queue
[2024-12-14T09:09:53.858-0800] {logging_mixin.py:190} INFO - [2024-12-14T09:09:53.858-0800] {dagbag.py:588} INFO - Filling up the DagBag from /Users/rishukhurana/anaconda3/lib/python3.11/site-packages/airflow/example_dags/example_dynamic_task_mapping.py
[2024-12-14T09:09:53.896-0800] {processor.py:925} INFO - DAG(s) 'example_dynamic_task_mapping' retrieved from /Users/rishukhurana/anaconda3/lib/python3.11/site-packages/airflow/example_dags/example_dynamic_task_mapping.py
[2024-12-14T09:09:53.990-0800] {logging_mixin.py:190} INFO - [2024-12-14T09:09:53.990-0800] {dag.py:3239} INFO - Sync 1 DAGs
[2024-12-14T09:09:54.001-0800] {logging_mixin.py:190} INFO - [2024-12-14T09:09:54.001-0800] {dag.py:4180} INFO - Setting next_dagrun for example_dynamic_task_mapping to None, run_after=None
[2024-12-14T09:09:54.017-0800] {processor.py:208} INFO - Processing /Users/rishukhurana/anaconda3/lib/python3.11/site-packages/airflow/example_dags/example_dynamic_task_mapping.py took 0.167 seconds
[2024-12-14T09:16:08.738-0800] {processor.py:186} INFO - Started process (PID=21904) to work on /Users/rishukhurana/anaconda3/lib/python3.11/site-packages/airflow/example_dags/example_dynamic_task_mapping.py
[2024-12-14T09:16:08.740-0800] {processor.py:914} INFO - Processing file /Users/rishukhurana/anaconda3/lib/python3.11/site-packages/airflow/example_dags/example_dynamic_task_mapping.py for tasks to queue
[2024-12-14T09:16:08.742-0800] {logging_mixin.py:190} INFO - [2024-12-14T09:16:08.741-0800] {dagbag.py:588} INFO - Filling up the DagBag from /Users/rishukhurana/anaconda3/lib/python3.11/site-packages/airflow/example_dags/example_dynamic_task_mapping.py
[2024-12-14T09:16:08.778-0800] {processor.py:925} INFO - DAG(s) 'example_dynamic_task_mapping' retrieved from /Users/rishukhurana/anaconda3/lib/python3.11/site-packages/airflow/example_dags/example_dynamic_task_mapping.py
[2024-12-14T09:16:08.869-0800] {logging_mixin.py:190} INFO - [2024-12-14T09:16:08.869-0800] {dag.py:3239} INFO - Sync 1 DAGs
[2024-12-14T09:16:08.879-0800] {logging_mixin.py:190} INFO - [2024-12-14T09:16:08.879-0800] {dag.py:4180} INFO - Setting next_dagrun for example_dynamic_task_mapping to None, run_after=None
[2024-12-14T09:16:08.895-0800] {processor.py:208} INFO - Processing /Users/rishukhurana/anaconda3/lib/python3.11/site-packages/airflow/example_dags/example_dynamic_task_mapping.py took 0.164 seconds
[2024-12-14T09:22:32.293-0800] {processor.py:186} INFO - Started process (PID=22231) to work on /Users/rishukhurana/anaconda3/lib/python3.11/site-packages/airflow/example_dags/example_dynamic_task_mapping.py
[2024-12-14T09:22:32.299-0800] {processor.py:914} INFO - Processing file /Users/rishukhurana/anaconda3/lib/python3.11/site-packages/airflow/example_dags/example_dynamic_task_mapping.py for tasks to queue
[2024-12-14T09:22:32.304-0800] {logging_mixin.py:190} INFO - [2024-12-14T09:22:32.303-0800] {dagbag.py:588} INFO - Filling up the DagBag from /Users/rishukhurana/anaconda3/lib/python3.11/site-packages/airflow/example_dags/example_dynamic_task_mapping.py
[2024-12-14T09:22:32.377-0800] {processor.py:925} INFO - DAG(s) 'example_dynamic_task_mapping' retrieved from /Users/rishukhurana/anaconda3/lib/python3.11/site-packages/airflow/example_dags/example_dynamic_task_mapping.py
[2024-12-14T09:22:32.464-0800] {logging_mixin.py:190} INFO - [2024-12-14T09:22:32.463-0800] {dag.py:3239} INFO - Sync 1 DAGs
[2024-12-14T09:22:32.473-0800] {logging_mixin.py:190} INFO - [2024-12-14T09:22:32.473-0800] {dag.py:4180} INFO - Setting next_dagrun for example_dynamic_task_mapping to None, run_after=None
[2024-12-14T09:22:32.492-0800] {processor.py:208} INFO - Processing /Users/rishukhurana/anaconda3/lib/python3.11/site-packages/airflow/example_dags/example_dynamic_task_mapping.py took 0.207 seconds
[2024-12-14T09:28:39.030-0800] {processor.py:186} INFO - Started process (PID=22535) to work on /Users/rishukhurana/anaconda3/lib/python3.11/site-packages/airflow/example_dags/example_dynamic_task_mapping.py
[2024-12-14T09:28:39.033-0800] {processor.py:914} INFO - Processing file /Users/rishukhurana/anaconda3/lib/python3.11/site-packages/airflow/example_dags/example_dynamic_task_mapping.py for tasks to queue
[2024-12-14T09:28:39.034-0800] {logging_mixin.py:190} INFO - [2024-12-14T09:28:39.034-0800] {dagbag.py:588} INFO - Filling up the DagBag from /Users/rishukhurana/anaconda3/lib/python3.11/site-packages/airflow/example_dags/example_dynamic_task_mapping.py
[2024-12-14T09:28:39.082-0800] {processor.py:925} INFO - DAG(s) 'example_dynamic_task_mapping' retrieved from /Users/rishukhurana/anaconda3/lib/python3.11/site-packages/airflow/example_dags/example_dynamic_task_mapping.py
[2024-12-14T09:28:39.165-0800] {logging_mixin.py:190} INFO - [2024-12-14T09:28:39.164-0800] {dag.py:3239} INFO - Sync 1 DAGs
[2024-12-14T09:28:39.173-0800] {logging_mixin.py:190} INFO - [2024-12-14T09:28:39.173-0800] {dag.py:4180} INFO - Setting next_dagrun for example_dynamic_task_mapping to None, run_after=None
[2024-12-14T09:28:39.189-0800] {processor.py:208} INFO - Processing /Users/rishukhurana/anaconda3/lib/python3.11/site-packages/airflow/example_dags/example_dynamic_task_mapping.py took 0.164 seconds
[2024-12-14T09:34:27.765-0800] {processor.py:186} INFO - Started process (PID=22828) to work on /Users/rishukhurana/anaconda3/lib/python3.11/site-packages/airflow/example_dags/example_dynamic_task_mapping.py
[2024-12-14T09:34:27.768-0800] {processor.py:914} INFO - Processing file /Users/rishukhurana/anaconda3/lib/python3.11/site-packages/airflow/example_dags/example_dynamic_task_mapping.py for tasks to queue
[2024-12-14T09:34:27.769-0800] {logging_mixin.py:190} INFO - [2024-12-14T09:34:27.768-0800] {dagbag.py:588} INFO - Filling up the DagBag from /Users/rishukhurana/anaconda3/lib/python3.11/site-packages/airflow/example_dags/example_dynamic_task_mapping.py
[2024-12-14T09:34:27.800-0800] {processor.py:925} INFO - DAG(s) 'example_dynamic_task_mapping' retrieved from /Users/rishukhurana/anaconda3/lib/python3.11/site-packages/airflow/example_dags/example_dynamic_task_mapping.py
[2024-12-14T09:34:27.876-0800] {logging_mixin.py:190} INFO - [2024-12-14T09:34:27.875-0800] {dag.py:3239} INFO - Sync 1 DAGs
[2024-12-14T09:34:27.884-0800] {logging_mixin.py:190} INFO - [2024-12-14T09:34:27.884-0800] {dag.py:4180} INFO - Setting next_dagrun for example_dynamic_task_mapping to None, run_after=None
[2024-12-14T09:34:27.906-0800] {processor.py:208} INFO - Processing /Users/rishukhurana/anaconda3/lib/python3.11/site-packages/airflow/example_dags/example_dynamic_task_mapping.py took 0.147 seconds
[2024-12-14T09:40:20.170-0800] {processor.py:186} INFO - Started process (PID=23114) to work on /Users/rishukhurana/anaconda3/lib/python3.11/site-packages/airflow/example_dags/example_dynamic_task_mapping.py
[2024-12-14T09:40:20.172-0800] {processor.py:914} INFO - Processing file /Users/rishukhurana/anaconda3/lib/python3.11/site-packages/airflow/example_dags/example_dynamic_task_mapping.py for tasks to queue
[2024-12-14T09:40:20.173-0800] {logging_mixin.py:190} INFO - [2024-12-14T09:40:20.173-0800] {dagbag.py:588} INFO - Filling up the DagBag from /Users/rishukhurana/anaconda3/lib/python3.11/site-packages/airflow/example_dags/example_dynamic_task_mapping.py
[2024-12-14T09:40:20.204-0800] {processor.py:925} INFO - DAG(s) 'example_dynamic_task_mapping' retrieved from /Users/rishukhurana/anaconda3/lib/python3.11/site-packages/airflow/example_dags/example_dynamic_task_mapping.py
[2024-12-14T09:40:20.283-0800] {logging_mixin.py:190} INFO - [2024-12-14T09:40:20.282-0800] {dag.py:3239} INFO - Sync 1 DAGs
[2024-12-14T09:40:20.291-0800] {logging_mixin.py:190} INFO - [2024-12-14T09:40:20.291-0800] {dag.py:4180} INFO - Setting next_dagrun for example_dynamic_task_mapping to None, run_after=None
[2024-12-14T09:40:20.313-0800] {processor.py:208} INFO - Processing /Users/rishukhurana/anaconda3/lib/python3.11/site-packages/airflow/example_dags/example_dynamic_task_mapping.py took 0.149 seconds
[2024-12-14T10:50:42.311-0800] {processor.py:186} INFO - Started process (PID=23440) to work on /Users/rishukhurana/anaconda3/lib/python3.11/site-packages/airflow/example_dags/example_dynamic_task_mapping.py
[2024-12-14T10:50:42.314-0800] {processor.py:914} INFO - Processing file /Users/rishukhurana/anaconda3/lib/python3.11/site-packages/airflow/example_dags/example_dynamic_task_mapping.py for tasks to queue
[2024-12-14T10:50:42.316-0800] {logging_mixin.py:190} INFO - [2024-12-14T10:50:42.315-0800] {dagbag.py:588} INFO - Filling up the DagBag from /Users/rishukhurana/anaconda3/lib/python3.11/site-packages/airflow/example_dags/example_dynamic_task_mapping.py
[2024-12-14T10:50:42.386-0800] {processor.py:925} INFO - DAG(s) 'example_dynamic_task_mapping' retrieved from /Users/rishukhurana/anaconda3/lib/python3.11/site-packages/airflow/example_dags/example_dynamic_task_mapping.py
[2024-12-14T10:50:42.523-0800] {logging_mixin.py:190} INFO - [2024-12-14T10:50:42.522-0800] {dag.py:3239} INFO - Sync 1 DAGs
[2024-12-14T10:50:42.537-0800] {logging_mixin.py:190} INFO - [2024-12-14T10:50:42.536-0800] {dag.py:4180} INFO - Setting next_dagrun for example_dynamic_task_mapping to None, run_after=None
[2024-12-14T10:50:42.570-0800] {processor.py:208} INFO - Processing /Users/rishukhurana/anaconda3/lib/python3.11/site-packages/airflow/example_dags/example_dynamic_task_mapping.py took 0.268 seconds
[2024-12-14T15:05:32.967-0800] {processor.py:186} INFO - Started process (PID=23883) to work on /Users/rishukhurana/anaconda3/lib/python3.11/site-packages/airflow/example_dags/example_dynamic_task_mapping.py
[2024-12-14T15:05:32.992-0800] {processor.py:914} INFO - Processing file /Users/rishukhurana/anaconda3/lib/python3.11/site-packages/airflow/example_dags/example_dynamic_task_mapping.py for tasks to queue
[2024-12-14T15:05:33.014-0800] {logging_mixin.py:190} INFO - [2024-12-14T15:05:33.011-0800] {dagbag.py:588} INFO - Filling up the DagBag from /Users/rishukhurana/anaconda3/lib/python3.11/site-packages/airflow/example_dags/example_dynamic_task_mapping.py
[2024-12-14T15:05:33.491-0800] {processor.py:925} INFO - DAG(s) 'example_dynamic_task_mapping' retrieved from /Users/rishukhurana/anaconda3/lib/python3.11/site-packages/airflow/example_dags/example_dynamic_task_mapping.py
[2024-12-14T15:05:34.287-0800] {logging_mixin.py:190} INFO - [2024-12-14T15:05:34.285-0800] {dag.py:3239} INFO - Sync 1 DAGs
[2024-12-14T15:05:34.377-0800] {logging_mixin.py:190} INFO - [2024-12-14T15:05:34.375-0800] {dag.py:4180} INFO - Setting next_dagrun for example_dynamic_task_mapping to None, run_after=None
[2024-12-14T15:05:34.601-0800] {processor.py:208} INFO - Processing /Users/rishukhurana/anaconda3/lib/python3.11/site-packages/airflow/example_dags/example_dynamic_task_mapping.py took 1.745 seconds
