[2024-12-14T05:37:08.183-0800] {processor.py:186} INFO - Started process (PID=10495) to work on /Users/rishukhurana/anaconda3/lib/python3.11/site-packages/airflow/example_dags/example_display_name.py
[2024-12-14T05:37:08.184-0800] {processor.py:914} INFO - Processing file /Users/rishukhurana/anaconda3/lib/python3.11/site-packages/airflow/example_dags/example_display_name.py for tasks to queue
[2024-12-14T05:37:08.185-0800] {logging_mixin.py:190} INFO - [2024-12-14T05:37:08.185-0800] {dagbag.py:588} INFO - Filling up the DagBag from /Users/rishukhurana/anaconda3/lib/python3.11/site-packages/airflow/example_dags/example_display_name.py
[2024-12-14T05:37:08.221-0800] {processor.py:925} INFO - DAG(s) 'example_display_name' retrieved from /Users/rishukhurana/anaconda3/lib/python3.11/site-packages/airflow/example_dags/example_display_name.py
[2024-12-14T05:37:08.315-0800] {logging_mixin.py:190} INFO - [2024-12-14T05:37:08.315-0800] {dag.py:3239} INFO - Sync 1 DAGs
[2024-12-14T05:37:08.325-0800] {logging_mixin.py:190} INFO - [2024-12-14T05:37:08.325-0800] {dag.py:4180} INFO - Setting next_dagrun for example_display_name to None, run_after=None
[2024-12-14T05:37:08.342-0800] {processor.py:208} INFO - Processing /Users/rishukhurana/anaconda3/lib/python3.11/site-packages/airflow/example_dags/example_display_name.py took 0.163 seconds
[2024-12-14T05:40:34.886-0800] {processor.py:186} INFO - Started process (PID=10689) to work on /Users/rishukhurana/anaconda3/lib/python3.11/site-packages/airflow/example_dags/example_display_name.py
[2024-12-14T05:40:34.888-0800] {processor.py:914} INFO - Processing file /Users/rishukhurana/anaconda3/lib/python3.11/site-packages/airflow/example_dags/example_display_name.py for tasks to queue
[2024-12-14T05:40:34.889-0800] {logging_mixin.py:190} INFO - [2024-12-14T05:40:34.889-0800] {dagbag.py:588} INFO - Filling up the DagBag from /Users/rishukhurana/anaconda3/lib/python3.11/site-packages/airflow/example_dags/example_display_name.py
[2024-12-14T05:40:34.923-0800] {processor.py:925} INFO - DAG(s) 'example_display_name' retrieved from /Users/rishukhurana/anaconda3/lib/python3.11/site-packages/airflow/example_dags/example_display_name.py
[2024-12-14T05:40:35.058-0800] {logging_mixin.py:190} INFO - [2024-12-14T05:40:35.058-0800] {dag.py:3239} INFO - Sync 1 DAGs
[2024-12-14T05:40:35.075-0800] {logging_mixin.py:190} INFO - [2024-12-14T05:40:35.074-0800] {dag.py:4180} INFO - Setting next_dagrun for example_display_name to None, run_after=None
[2024-12-14T05:40:35.095-0800] {processor.py:208} INFO - Processing /Users/rishukhurana/anaconda3/lib/python3.11/site-packages/airflow/example_dags/example_display_name.py took 0.214 seconds
[2024-12-14T05:46:43.087-0800] {processor.py:186} INFO - Started process (PID=11037) to work on /Users/rishukhurana/anaconda3/lib/python3.11/site-packages/airflow/example_dags/example_display_name.py
[2024-12-14T05:46:43.089-0800] {processor.py:914} INFO - Processing file /Users/rishukhurana/anaconda3/lib/python3.11/site-packages/airflow/example_dags/example_display_name.py for tasks to queue
[2024-12-14T05:46:43.090-0800] {logging_mixin.py:190} INFO - [2024-12-14T05:46:43.090-0800] {dagbag.py:588} INFO - Filling up the DagBag from /Users/rishukhurana/anaconda3/lib/python3.11/site-packages/airflow/example_dags/example_display_name.py
[2024-12-14T05:46:43.127-0800] {processor.py:925} INFO - DAG(s) 'example_display_name' retrieved from /Users/rishukhurana/anaconda3/lib/python3.11/site-packages/airflow/example_dags/example_display_name.py
[2024-12-14T05:46:43.215-0800] {logging_mixin.py:190} INFO - [2024-12-14T05:46:43.215-0800] {dag.py:3239} INFO - Sync 1 DAGs
[2024-12-14T05:46:43.224-0800] {logging_mixin.py:190} INFO - [2024-12-14T05:46:43.224-0800] {dag.py:4180} INFO - Setting next_dagrun for example_display_name to None, run_after=None
[2024-12-14T05:46:43.241-0800] {processor.py:208} INFO - Processing /Users/rishukhurana/anaconda3/lib/python3.11/site-packages/airflow/example_dags/example_display_name.py took 0.161 seconds
[2024-12-14T05:53:22.637-0800] {processor.py:186} INFO - Started process (PID=11438) to work on /Users/rishukhurana/anaconda3/lib/python3.11/site-packages/airflow/example_dags/example_display_name.py
[2024-12-14T05:53:22.639-0800] {processor.py:914} INFO - Processing file /Users/rishukhurana/anaconda3/lib/python3.11/site-packages/airflow/example_dags/example_display_name.py for tasks to queue
[2024-12-14T05:53:22.640-0800] {logging_mixin.py:190} INFO - [2024-12-14T05:53:22.640-0800] {dagbag.py:588} INFO - Filling up the DagBag from /Users/rishukhurana/anaconda3/lib/python3.11/site-packages/airflow/example_dags/example_display_name.py
[2024-12-14T05:53:22.678-0800] {processor.py:925} INFO - DAG(s) 'example_display_name' retrieved from /Users/rishukhurana/anaconda3/lib/python3.11/site-packages/airflow/example_dags/example_display_name.py
[2024-12-14T05:53:22.781-0800] {logging_mixin.py:190} INFO - [2024-12-14T05:53:22.780-0800] {dag.py:3239} INFO - Sync 1 DAGs
[2024-12-14T05:53:22.791-0800] {logging_mixin.py:190} INFO - [2024-12-14T05:53:22.790-0800] {dag.py:4180} INFO - Setting next_dagrun for example_display_name to None, run_after=None
[2024-12-14T05:53:22.808-0800] {processor.py:208} INFO - Processing /Users/rishukhurana/anaconda3/lib/python3.11/site-packages/airflow/example_dags/example_display_name.py took 0.177 seconds
[2024-12-14T05:59:37.571-0800] {processor.py:186} INFO - Started process (PID=11766) to work on /Users/rishukhurana/anaconda3/lib/python3.11/site-packages/airflow/example_dags/example_display_name.py
[2024-12-14T05:59:37.573-0800] {processor.py:914} INFO - Processing file /Users/rishukhurana/anaconda3/lib/python3.11/site-packages/airflow/example_dags/example_display_name.py for tasks to queue
[2024-12-14T05:59:37.574-0800] {logging_mixin.py:190} INFO - [2024-12-14T05:59:37.574-0800] {dagbag.py:588} INFO - Filling up the DagBag from /Users/rishukhurana/anaconda3/lib/python3.11/site-packages/airflow/example_dags/example_display_name.py
[2024-12-14T05:59:37.611-0800] {processor.py:925} INFO - DAG(s) 'example_display_name' retrieved from /Users/rishukhurana/anaconda3/lib/python3.11/site-packages/airflow/example_dags/example_display_name.py
[2024-12-14T05:59:37.730-0800] {logging_mixin.py:190} INFO - [2024-12-14T05:59:37.729-0800] {dag.py:3239} INFO - Sync 1 DAGs
[2024-12-14T05:59:37.746-0800] {logging_mixin.py:190} INFO - [2024-12-14T05:59:37.746-0800] {dag.py:4180} INFO - Setting next_dagrun for example_display_name to None, run_after=None
[2024-12-14T05:59:37.771-0800] {processor.py:208} INFO - Processing /Users/rishukhurana/anaconda3/lib/python3.11/site-packages/airflow/example_dags/example_display_name.py took 0.206 seconds
[2024-12-14T06:05:33.937-0800] {processor.py:186} INFO - Started process (PID=12044) to work on /Users/rishukhurana/anaconda3/lib/python3.11/site-packages/airflow/example_dags/example_display_name.py
[2024-12-14T06:05:33.939-0800] {processor.py:914} INFO - Processing file /Users/rishukhurana/anaconda3/lib/python3.11/site-packages/airflow/example_dags/example_display_name.py for tasks to queue
[2024-12-14T06:05:33.940-0800] {logging_mixin.py:190} INFO - [2024-12-14T06:05:33.940-0800] {dagbag.py:588} INFO - Filling up the DagBag from /Users/rishukhurana/anaconda3/lib/python3.11/site-packages/airflow/example_dags/example_display_name.py
[2024-12-14T06:05:33.974-0800] {processor.py:925} INFO - DAG(s) 'example_display_name' retrieved from /Users/rishukhurana/anaconda3/lib/python3.11/site-packages/airflow/example_dags/example_display_name.py
[2024-12-14T06:05:34.059-0800] {logging_mixin.py:190} INFO - [2024-12-14T06:05:34.058-0800] {dag.py:3239} INFO - Sync 1 DAGs
[2024-12-14T06:05:34.068-0800] {logging_mixin.py:190} INFO - [2024-12-14T06:05:34.067-0800] {dag.py:4180} INFO - Setting next_dagrun for example_display_name to None, run_after=None
[2024-12-14T06:05:34.084-0800] {processor.py:208} INFO - Processing /Users/rishukhurana/anaconda3/lib/python3.11/site-packages/airflow/example_dags/example_display_name.py took 0.152 seconds
[2024-12-14T06:11:22.242-0800] {processor.py:186} INFO - Started process (PID=12322) to work on /Users/rishukhurana/anaconda3/lib/python3.11/site-packages/airflow/example_dags/example_display_name.py
[2024-12-14T06:11:22.245-0800] {processor.py:914} INFO - Processing file /Users/rishukhurana/anaconda3/lib/python3.11/site-packages/airflow/example_dags/example_display_name.py for tasks to queue
[2024-12-14T06:11:22.246-0800] {logging_mixin.py:190} INFO - [2024-12-14T06:11:22.245-0800] {dagbag.py:588} INFO - Filling up the DagBag from /Users/rishukhurana/anaconda3/lib/python3.11/site-packages/airflow/example_dags/example_display_name.py
[2024-12-14T06:11:22.278-0800] {processor.py:925} INFO - DAG(s) 'example_display_name' retrieved from /Users/rishukhurana/anaconda3/lib/python3.11/site-packages/airflow/example_dags/example_display_name.py
[2024-12-14T06:11:22.370-0800] {logging_mixin.py:190} INFO - [2024-12-14T06:11:22.370-0800] {dag.py:3239} INFO - Sync 1 DAGs
[2024-12-14T06:11:22.379-0800] {logging_mixin.py:190} INFO - [2024-12-14T06:11:22.379-0800] {dag.py:4180} INFO - Setting next_dagrun for example_display_name to None, run_after=None
[2024-12-14T06:11:22.398-0800] {processor.py:208} INFO - Processing /Users/rishukhurana/anaconda3/lib/python3.11/site-packages/airflow/example_dags/example_display_name.py took 0.161 seconds
[2024-12-14T06:17:14.001-0800] {processor.py:186} INFO - Started process (PID=12599) to work on /Users/rishukhurana/anaconda3/lib/python3.11/site-packages/airflow/example_dags/example_display_name.py
[2024-12-14T06:17:14.003-0800] {processor.py:914} INFO - Processing file /Users/rishukhurana/anaconda3/lib/python3.11/site-packages/airflow/example_dags/example_display_name.py for tasks to queue
[2024-12-14T06:17:14.004-0800] {logging_mixin.py:190} INFO - [2024-12-14T06:17:14.004-0800] {dagbag.py:588} INFO - Filling up the DagBag from /Users/rishukhurana/anaconda3/lib/python3.11/site-packages/airflow/example_dags/example_display_name.py
[2024-12-14T06:17:14.036-0800] {processor.py:925} INFO - DAG(s) 'example_display_name' retrieved from /Users/rishukhurana/anaconda3/lib/python3.11/site-packages/airflow/example_dags/example_display_name.py
[2024-12-14T06:17:14.124-0800] {logging_mixin.py:190} INFO - [2024-12-14T06:17:14.123-0800] {dag.py:3239} INFO - Sync 1 DAGs
[2024-12-14T06:17:14.135-0800] {logging_mixin.py:190} INFO - [2024-12-14T06:17:14.134-0800] {dag.py:4180} INFO - Setting next_dagrun for example_display_name to None, run_after=None
[2024-12-14T06:17:14.157-0800] {processor.py:208} INFO - Processing /Users/rishukhurana/anaconda3/lib/python3.11/site-packages/airflow/example_dags/example_display_name.py took 0.162 seconds
[2024-12-14T06:23:23.996-0800] {processor.py:186} INFO - Started process (PID=12962) to work on /Users/rishukhurana/anaconda3/lib/python3.11/site-packages/airflow/example_dags/example_display_name.py
[2024-12-14T06:23:23.998-0800] {processor.py:914} INFO - Processing file /Users/rishukhurana/anaconda3/lib/python3.11/site-packages/airflow/example_dags/example_display_name.py for tasks to queue
[2024-12-14T06:23:24.000-0800] {logging_mixin.py:190} INFO - [2024-12-14T06:23:24.000-0800] {dagbag.py:588} INFO - Filling up the DagBag from /Users/rishukhurana/anaconda3/lib/python3.11/site-packages/airflow/example_dags/example_display_name.py
[2024-12-14T06:23:24.036-0800] {processor.py:925} INFO - DAG(s) 'example_display_name' retrieved from /Users/rishukhurana/anaconda3/lib/python3.11/site-packages/airflow/example_dags/example_display_name.py
[2024-12-14T06:23:24.122-0800] {logging_mixin.py:190} INFO - [2024-12-14T06:23:24.121-0800] {dag.py:3239} INFO - Sync 1 DAGs
[2024-12-14T06:23:24.131-0800] {logging_mixin.py:190} INFO - [2024-12-14T06:23:24.130-0800] {dag.py:4180} INFO - Setting next_dagrun for example_display_name to None, run_after=None
[2024-12-14T06:23:24.150-0800] {processor.py:208} INFO - Processing /Users/rishukhurana/anaconda3/lib/python3.11/site-packages/airflow/example_dags/example_display_name.py took 0.161 seconds
[2024-12-14T06:29:19.849-0800] {processor.py:186} INFO - Started process (PID=13331) to work on /Users/rishukhurana/anaconda3/lib/python3.11/site-packages/airflow/example_dags/example_display_name.py
[2024-12-14T06:29:19.851-0800] {processor.py:914} INFO - Processing file /Users/rishukhurana/anaconda3/lib/python3.11/site-packages/airflow/example_dags/example_display_name.py for tasks to queue
[2024-12-14T06:29:19.853-0800] {logging_mixin.py:190} INFO - [2024-12-14T06:29:19.852-0800] {dagbag.py:588} INFO - Filling up the DagBag from /Users/rishukhurana/anaconda3/lib/python3.11/site-packages/airflow/example_dags/example_display_name.py
[2024-12-14T06:29:19.894-0800] {processor.py:925} INFO - DAG(s) 'example_display_name' retrieved from /Users/rishukhurana/anaconda3/lib/python3.11/site-packages/airflow/example_dags/example_display_name.py
[2024-12-14T06:29:19.992-0800] {logging_mixin.py:190} INFO - [2024-12-14T06:29:19.991-0800] {dag.py:3239} INFO - Sync 1 DAGs
[2024-12-14T06:29:20.001-0800] {logging_mixin.py:190} INFO - [2024-12-14T06:29:20.001-0800] {dag.py:4180} INFO - Setting next_dagrun for example_display_name to None, run_after=None
[2024-12-14T06:29:20.018-0800] {processor.py:208} INFO - Processing /Users/rishukhurana/anaconda3/lib/python3.11/site-packages/airflow/example_dags/example_display_name.py took 0.174 seconds
[2024-12-14T06:35:23.809-0800] {processor.py:186} INFO - Started process (PID=13615) to work on /Users/rishukhurana/anaconda3/lib/python3.11/site-packages/airflow/example_dags/example_display_name.py
[2024-12-14T06:35:23.812-0800] {processor.py:914} INFO - Processing file /Users/rishukhurana/anaconda3/lib/python3.11/site-packages/airflow/example_dags/example_display_name.py for tasks to queue
[2024-12-14T06:35:23.813-0800] {logging_mixin.py:190} INFO - [2024-12-14T06:35:23.813-0800] {dagbag.py:588} INFO - Filling up the DagBag from /Users/rishukhurana/anaconda3/lib/python3.11/site-packages/airflow/example_dags/example_display_name.py
[2024-12-14T06:35:23.843-0800] {processor.py:925} INFO - DAG(s) 'example_display_name' retrieved from /Users/rishukhurana/anaconda3/lib/python3.11/site-packages/airflow/example_dags/example_display_name.py
[2024-12-14T06:35:23.921-0800] {logging_mixin.py:190} INFO - [2024-12-14T06:35:23.920-0800] {dag.py:3239} INFO - Sync 1 DAGs
[2024-12-14T06:35:23.930-0800] {logging_mixin.py:190} INFO - [2024-12-14T06:35:23.930-0800] {dag.py:4180} INFO - Setting next_dagrun for example_display_name to None, run_after=None
[2024-12-14T06:35:23.946-0800] {processor.py:208} INFO - Processing /Users/rishukhurana/anaconda3/lib/python3.11/site-packages/airflow/example_dags/example_display_name.py took 0.143 seconds
[2024-12-14T06:40:51.636-0800] {processor.py:186} INFO - Started process (PID=13907) to work on /Users/rishukhurana/anaconda3/lib/python3.11/site-packages/airflow/example_dags/example_display_name.py
[2024-12-14T06:40:51.638-0800] {processor.py:914} INFO - Processing file /Users/rishukhurana/anaconda3/lib/python3.11/site-packages/airflow/example_dags/example_display_name.py for tasks to queue
[2024-12-14T06:40:51.639-0800] {logging_mixin.py:190} INFO - [2024-12-14T06:40:51.639-0800] {dagbag.py:588} INFO - Filling up the DagBag from /Users/rishukhurana/anaconda3/lib/python3.11/site-packages/airflow/example_dags/example_display_name.py
[2024-12-14T06:40:51.677-0800] {processor.py:925} INFO - DAG(s) 'example_display_name' retrieved from /Users/rishukhurana/anaconda3/lib/python3.11/site-packages/airflow/example_dags/example_display_name.py
[2024-12-14T06:40:51.787-0800] {logging_mixin.py:190} INFO - [2024-12-14T06:40:51.787-0800] {dag.py:3239} INFO - Sync 1 DAGs
[2024-12-14T06:40:51.801-0800] {logging_mixin.py:190} INFO - [2024-12-14T06:40:51.801-0800] {dag.py:4180} INFO - Setting next_dagrun for example_display_name to None, run_after=None
[2024-12-14T06:40:51.819-0800] {processor.py:208} INFO - Processing /Users/rishukhurana/anaconda3/lib/python3.11/site-packages/airflow/example_dags/example_display_name.py took 0.187 seconds
[2024-12-14T06:46:45.561-0800] {processor.py:186} INFO - Started process (PID=14225) to work on /Users/rishukhurana/anaconda3/lib/python3.11/site-packages/airflow/example_dags/example_display_name.py
[2024-12-14T06:46:45.563-0800] {processor.py:914} INFO - Processing file /Users/rishukhurana/anaconda3/lib/python3.11/site-packages/airflow/example_dags/example_display_name.py for tasks to queue
[2024-12-14T06:46:45.564-0800] {logging_mixin.py:190} INFO - [2024-12-14T06:46:45.564-0800] {dagbag.py:588} INFO - Filling up the DagBag from /Users/rishukhurana/anaconda3/lib/python3.11/site-packages/airflow/example_dags/example_display_name.py
[2024-12-14T06:46:45.595-0800] {processor.py:925} INFO - DAG(s) 'example_display_name' retrieved from /Users/rishukhurana/anaconda3/lib/python3.11/site-packages/airflow/example_dags/example_display_name.py
[2024-12-14T06:46:45.672-0800] {logging_mixin.py:190} INFO - [2024-12-14T06:46:45.672-0800] {dag.py:3239} INFO - Sync 1 DAGs
[2024-12-14T06:46:45.681-0800] {logging_mixin.py:190} INFO - [2024-12-14T06:46:45.680-0800] {dag.py:4180} INFO - Setting next_dagrun for example_display_name to None, run_after=None
[2024-12-14T06:46:45.697-0800] {processor.py:208} INFO - Processing /Users/rishukhurana/anaconda3/lib/python3.11/site-packages/airflow/example_dags/example_display_name.py took 0.142 seconds
[2024-12-14T06:52:11.934-0800] {processor.py:186} INFO - Started process (PID=14530) to work on /Users/rishukhurana/anaconda3/lib/python3.11/site-packages/airflow/example_dags/example_display_name.py
[2024-12-14T06:52:11.936-0800] {processor.py:914} INFO - Processing file /Users/rishukhurana/anaconda3/lib/python3.11/site-packages/airflow/example_dags/example_display_name.py for tasks to queue
[2024-12-14T06:52:11.938-0800] {logging_mixin.py:190} INFO - [2024-12-14T06:52:11.937-0800] {dagbag.py:588} INFO - Filling up the DagBag from /Users/rishukhurana/anaconda3/lib/python3.11/site-packages/airflow/example_dags/example_display_name.py
[2024-12-14T06:52:11.972-0800] {processor.py:925} INFO - DAG(s) 'example_display_name' retrieved from /Users/rishukhurana/anaconda3/lib/python3.11/site-packages/airflow/example_dags/example_display_name.py
[2024-12-14T06:52:12.057-0800] {logging_mixin.py:190} INFO - [2024-12-14T06:52:12.056-0800] {dag.py:3239} INFO - Sync 1 DAGs
[2024-12-14T06:52:12.066-0800] {logging_mixin.py:190} INFO - [2024-12-14T06:52:12.065-0800] {dag.py:4180} INFO - Setting next_dagrun for example_display_name to None, run_after=None
[2024-12-14T06:52:12.087-0800] {processor.py:208} INFO - Processing /Users/rishukhurana/anaconda3/lib/python3.11/site-packages/airflow/example_dags/example_display_name.py took 0.159 seconds
[2024-12-14T06:57:45.729-0800] {processor.py:186} INFO - Started process (PID=14822) to work on /Users/rishukhurana/anaconda3/lib/python3.11/site-packages/airflow/example_dags/example_display_name.py
[2024-12-14T06:57:45.732-0800] {processor.py:914} INFO - Processing file /Users/rishukhurana/anaconda3/lib/python3.11/site-packages/airflow/example_dags/example_display_name.py for tasks to queue
[2024-12-14T06:57:45.733-0800] {logging_mixin.py:190} INFO - [2024-12-14T06:57:45.733-0800] {dagbag.py:588} INFO - Filling up the DagBag from /Users/rishukhurana/anaconda3/lib/python3.11/site-packages/airflow/example_dags/example_display_name.py
[2024-12-14T06:57:45.763-0800] {processor.py:925} INFO - DAG(s) 'example_display_name' retrieved from /Users/rishukhurana/anaconda3/lib/python3.11/site-packages/airflow/example_dags/example_display_name.py
[2024-12-14T06:57:45.840-0800] {logging_mixin.py:190} INFO - [2024-12-14T06:57:45.840-0800] {dag.py:3239} INFO - Sync 1 DAGs
[2024-12-14T06:57:45.849-0800] {logging_mixin.py:190} INFO - [2024-12-14T06:57:45.848-0800] {dag.py:4180} INFO - Setting next_dagrun for example_display_name to None, run_after=None
[2024-12-14T06:57:45.864-0800] {processor.py:208} INFO - Processing /Users/rishukhurana/anaconda3/lib/python3.11/site-packages/airflow/example_dags/example_display_name.py took 0.140 seconds
[2024-12-14T07:03:32.056-0800] {processor.py:186} INFO - Started process (PID=15115) to work on /Users/rishukhurana/anaconda3/lib/python3.11/site-packages/airflow/example_dags/example_display_name.py
[2024-12-14T07:03:32.058-0800] {processor.py:914} INFO - Processing file /Users/rishukhurana/anaconda3/lib/python3.11/site-packages/airflow/example_dags/example_display_name.py for tasks to queue
[2024-12-14T07:03:32.059-0800] {logging_mixin.py:190} INFO - [2024-12-14T07:03:32.059-0800] {dagbag.py:588} INFO - Filling up the DagBag from /Users/rishukhurana/anaconda3/lib/python3.11/site-packages/airflow/example_dags/example_display_name.py
[2024-12-14T07:03:32.093-0800] {processor.py:925} INFO - DAG(s) 'example_display_name' retrieved from /Users/rishukhurana/anaconda3/lib/python3.11/site-packages/airflow/example_dags/example_display_name.py
[2024-12-14T07:03:32.186-0800] {logging_mixin.py:190} INFO - [2024-12-14T07:03:32.185-0800] {dag.py:3239} INFO - Sync 1 DAGs
[2024-12-14T07:03:32.197-0800] {logging_mixin.py:190} INFO - [2024-12-14T07:03:32.197-0800] {dag.py:4180} INFO - Setting next_dagrun for example_display_name to None, run_after=None
[2024-12-14T07:03:32.212-0800] {processor.py:208} INFO - Processing /Users/rishukhurana/anaconda3/lib/python3.11/site-packages/airflow/example_dags/example_display_name.py took 0.161 seconds
[2024-12-14T07:09:22.475-0800] {processor.py:186} INFO - Started process (PID=15403) to work on /Users/rishukhurana/anaconda3/lib/python3.11/site-packages/airflow/example_dags/example_display_name.py
[2024-12-14T07:09:22.477-0800] {processor.py:914} INFO - Processing file /Users/rishukhurana/anaconda3/lib/python3.11/site-packages/airflow/example_dags/example_display_name.py for tasks to queue
[2024-12-14T07:09:22.479-0800] {logging_mixin.py:190} INFO - [2024-12-14T07:09:22.478-0800] {dagbag.py:588} INFO - Filling up the DagBag from /Users/rishukhurana/anaconda3/lib/python3.11/site-packages/airflow/example_dags/example_display_name.py
[2024-12-14T07:09:22.510-0800] {processor.py:925} INFO - DAG(s) 'example_display_name' retrieved from /Users/rishukhurana/anaconda3/lib/python3.11/site-packages/airflow/example_dags/example_display_name.py
[2024-12-14T07:09:22.593-0800] {logging_mixin.py:190} INFO - [2024-12-14T07:09:22.593-0800] {dag.py:3239} INFO - Sync 1 DAGs
[2024-12-14T07:09:22.603-0800] {logging_mixin.py:190} INFO - [2024-12-14T07:09:22.602-0800] {dag.py:4180} INFO - Setting next_dagrun for example_display_name to None, run_after=None
[2024-12-14T07:09:22.618-0800] {processor.py:208} INFO - Processing /Users/rishukhurana/anaconda3/lib/python3.11/site-packages/airflow/example_dags/example_display_name.py took 0.148 seconds
[2024-12-14T07:15:59.110-0800] {processor.py:186} INFO - Started process (PID=15810) to work on /Users/rishukhurana/anaconda3/lib/python3.11/site-packages/airflow/example_dags/example_display_name.py
[2024-12-14T07:15:59.112-0800] {processor.py:914} INFO - Processing file /Users/rishukhurana/anaconda3/lib/python3.11/site-packages/airflow/example_dags/example_display_name.py for tasks to queue
[2024-12-14T07:15:59.113-0800] {logging_mixin.py:190} INFO - [2024-12-14T07:15:59.113-0800] {dagbag.py:588} INFO - Filling up the DagBag from /Users/rishukhurana/anaconda3/lib/python3.11/site-packages/airflow/example_dags/example_display_name.py
[2024-12-14T07:15:59.144-0800] {processor.py:925} INFO - DAG(s) 'example_display_name' retrieved from /Users/rishukhurana/anaconda3/lib/python3.11/site-packages/airflow/example_dags/example_display_name.py
[2024-12-14T07:15:59.220-0800] {logging_mixin.py:190} INFO - [2024-12-14T07:15:59.220-0800] {dag.py:3239} INFO - Sync 1 DAGs
[2024-12-14T07:15:59.230-0800] {logging_mixin.py:190} INFO - [2024-12-14T07:15:59.229-0800] {dag.py:4180} INFO - Setting next_dagrun for example_display_name to None, run_after=None
[2024-12-14T07:15:59.246-0800] {processor.py:208} INFO - Processing /Users/rishukhurana/anaconda3/lib/python3.11/site-packages/airflow/example_dags/example_display_name.py took 0.141 seconds
[2024-12-14T07:21:42.156-0800] {processor.py:186} INFO - Started process (PID=16132) to work on /Users/rishukhurana/anaconda3/lib/python3.11/site-packages/airflow/example_dags/example_display_name.py
[2024-12-14T07:21:42.159-0800] {processor.py:914} INFO - Processing file /Users/rishukhurana/anaconda3/lib/python3.11/site-packages/airflow/example_dags/example_display_name.py for tasks to queue
[2024-12-14T07:21:42.160-0800] {logging_mixin.py:190} INFO - [2024-12-14T07:21:42.160-0800] {dagbag.py:588} INFO - Filling up the DagBag from /Users/rishukhurana/anaconda3/lib/python3.11/site-packages/airflow/example_dags/example_display_name.py
[2024-12-14T07:21:42.193-0800] {processor.py:925} INFO - DAG(s) 'example_display_name' retrieved from /Users/rishukhurana/anaconda3/lib/python3.11/site-packages/airflow/example_dags/example_display_name.py
[2024-12-14T07:21:42.276-0800] {logging_mixin.py:190} INFO - [2024-12-14T07:21:42.276-0800] {dag.py:3239} INFO - Sync 1 DAGs
[2024-12-14T07:21:42.286-0800] {logging_mixin.py:190} INFO - [2024-12-14T07:21:42.285-0800] {dag.py:4180} INFO - Setting next_dagrun for example_display_name to None, run_after=None
[2024-12-14T07:21:42.300-0800] {processor.py:208} INFO - Processing /Users/rishukhurana/anaconda3/lib/python3.11/site-packages/airflow/example_dags/example_display_name.py took 0.150 seconds
[2024-12-14T07:27:30.048-0800] {processor.py:186} INFO - Started process (PID=16412) to work on /Users/rishukhurana/anaconda3/lib/python3.11/site-packages/airflow/example_dags/example_display_name.py
[2024-12-14T07:27:30.050-0800] {processor.py:914} INFO - Processing file /Users/rishukhurana/anaconda3/lib/python3.11/site-packages/airflow/example_dags/example_display_name.py for tasks to queue
[2024-12-14T07:27:30.052-0800] {logging_mixin.py:190} INFO - [2024-12-14T07:27:30.052-0800] {dagbag.py:588} INFO - Filling up the DagBag from /Users/rishukhurana/anaconda3/lib/python3.11/site-packages/airflow/example_dags/example_display_name.py
[2024-12-14T07:27:30.086-0800] {processor.py:925} INFO - DAG(s) 'example_display_name' retrieved from /Users/rishukhurana/anaconda3/lib/python3.11/site-packages/airflow/example_dags/example_display_name.py
[2024-12-14T07:27:30.168-0800] {logging_mixin.py:190} INFO - [2024-12-14T07:27:30.168-0800] {dag.py:3239} INFO - Sync 1 DAGs
[2024-12-14T07:27:30.177-0800] {logging_mixin.py:190} INFO - [2024-12-14T07:27:30.177-0800] {dag.py:4180} INFO - Setting next_dagrun for example_display_name to None, run_after=None
[2024-12-14T07:27:30.192-0800] {processor.py:208} INFO - Processing /Users/rishukhurana/anaconda3/lib/python3.11/site-packages/airflow/example_dags/example_display_name.py took 0.149 seconds
[2024-12-14T07:33:34.508-0800] {processor.py:186} INFO - Started process (PID=16703) to work on /Users/rishukhurana/anaconda3/lib/python3.11/site-packages/airflow/example_dags/example_display_name.py
[2024-12-14T07:33:34.510-0800] {processor.py:914} INFO - Processing file /Users/rishukhurana/anaconda3/lib/python3.11/site-packages/airflow/example_dags/example_display_name.py for tasks to queue
[2024-12-14T07:33:34.511-0800] {logging_mixin.py:190} INFO - [2024-12-14T07:33:34.511-0800] {dagbag.py:588} INFO - Filling up the DagBag from /Users/rishukhurana/anaconda3/lib/python3.11/site-packages/airflow/example_dags/example_display_name.py
[2024-12-14T07:33:34.548-0800] {processor.py:925} INFO - DAG(s) 'example_display_name' retrieved from /Users/rishukhurana/anaconda3/lib/python3.11/site-packages/airflow/example_dags/example_display_name.py
[2024-12-14T07:33:34.634-0800] {logging_mixin.py:190} INFO - [2024-12-14T07:33:34.633-0800] {dag.py:3239} INFO - Sync 1 DAGs
[2024-12-14T07:33:34.643-0800] {logging_mixin.py:190} INFO - [2024-12-14T07:33:34.643-0800] {dag.py:4180} INFO - Setting next_dagrun for example_display_name to None, run_after=None
[2024-12-14T07:33:34.660-0800] {processor.py:208} INFO - Processing /Users/rishukhurana/anaconda3/lib/python3.11/site-packages/airflow/example_dags/example_display_name.py took 0.158 seconds
[2024-12-14T07:39:50.762-0800] {processor.py:186} INFO - Started process (PID=17013) to work on /Users/rishukhurana/anaconda3/lib/python3.11/site-packages/airflow/example_dags/example_display_name.py
[2024-12-14T07:39:50.763-0800] {processor.py:914} INFO - Processing file /Users/rishukhurana/anaconda3/lib/python3.11/site-packages/airflow/example_dags/example_display_name.py for tasks to queue
[2024-12-14T07:39:50.765-0800] {logging_mixin.py:190} INFO - [2024-12-14T07:39:50.765-0800] {dagbag.py:588} INFO - Filling up the DagBag from /Users/rishukhurana/anaconda3/lib/python3.11/site-packages/airflow/example_dags/example_display_name.py
[2024-12-14T07:39:50.803-0800] {processor.py:925} INFO - DAG(s) 'example_display_name' retrieved from /Users/rishukhurana/anaconda3/lib/python3.11/site-packages/airflow/example_dags/example_display_name.py
[2024-12-14T07:39:50.898-0800] {logging_mixin.py:190} INFO - [2024-12-14T07:39:50.898-0800] {dag.py:3239} INFO - Sync 1 DAGs
[2024-12-14T07:39:50.908-0800] {logging_mixin.py:190} INFO - [2024-12-14T07:39:50.907-0800] {dag.py:4180} INFO - Setting next_dagrun for example_display_name to None, run_after=None
[2024-12-14T07:39:50.926-0800] {processor.py:208} INFO - Processing /Users/rishukhurana/anaconda3/lib/python3.11/site-packages/airflow/example_dags/example_display_name.py took 0.171 seconds
[2024-12-14T07:46:24.512-0800] {processor.py:186} INFO - Started process (PID=17367) to work on /Users/rishukhurana/anaconda3/lib/python3.11/site-packages/airflow/example_dags/example_display_name.py
[2024-12-14T07:46:24.514-0800] {processor.py:914} INFO - Processing file /Users/rishukhurana/anaconda3/lib/python3.11/site-packages/airflow/example_dags/example_display_name.py for tasks to queue
[2024-12-14T07:46:24.515-0800] {logging_mixin.py:190} INFO - [2024-12-14T07:46:24.515-0800] {dagbag.py:588} INFO - Filling up the DagBag from /Users/rishukhurana/anaconda3/lib/python3.11/site-packages/airflow/example_dags/example_display_name.py
[2024-12-14T07:46:24.551-0800] {processor.py:925} INFO - DAG(s) 'example_display_name' retrieved from /Users/rishukhurana/anaconda3/lib/python3.11/site-packages/airflow/example_dags/example_display_name.py
[2024-12-14T07:46:24.637-0800] {logging_mixin.py:190} INFO - [2024-12-14T07:46:24.636-0800] {dag.py:3239} INFO - Sync 1 DAGs
[2024-12-14T07:46:24.646-0800] {logging_mixin.py:190} INFO - [2024-12-14T07:46:24.646-0800] {dag.py:4180} INFO - Setting next_dagrun for example_display_name to None, run_after=None
[2024-12-14T07:46:24.662-0800] {processor.py:208} INFO - Processing /Users/rishukhurana/anaconda3/lib/python3.11/site-packages/airflow/example_dags/example_display_name.py took 0.155 seconds
[2024-12-14T07:52:15.086-0800] {processor.py:186} INFO - Started process (PID=17680) to work on /Users/rishukhurana/anaconda3/lib/python3.11/site-packages/airflow/example_dags/example_display_name.py
[2024-12-14T07:52:15.088-0800] {processor.py:914} INFO - Processing file /Users/rishukhurana/anaconda3/lib/python3.11/site-packages/airflow/example_dags/example_display_name.py for tasks to queue
[2024-12-14T07:52:15.089-0800] {logging_mixin.py:190} INFO - [2024-12-14T07:52:15.089-0800] {dagbag.py:588} INFO - Filling up the DagBag from /Users/rishukhurana/anaconda3/lib/python3.11/site-packages/airflow/example_dags/example_display_name.py
[2024-12-14T07:52:15.132-0800] {processor.py:925} INFO - DAG(s) 'example_display_name' retrieved from /Users/rishukhurana/anaconda3/lib/python3.11/site-packages/airflow/example_dags/example_display_name.py
[2024-12-14T07:52:15.225-0800] {logging_mixin.py:190} INFO - [2024-12-14T07:52:15.225-0800] {dag.py:3239} INFO - Sync 1 DAGs
[2024-12-14T07:52:15.235-0800] {logging_mixin.py:190} INFO - [2024-12-14T07:52:15.235-0800] {dag.py:4180} INFO - Setting next_dagrun for example_display_name to None, run_after=None
[2024-12-14T07:52:15.251-0800] {processor.py:208} INFO - Processing /Users/rishukhurana/anaconda3/lib/python3.11/site-packages/airflow/example_dags/example_display_name.py took 0.169 seconds
[2024-12-14T07:58:21.398-0800] {processor.py:186} INFO - Started process (PID=18036) to work on /Users/rishukhurana/anaconda3/lib/python3.11/site-packages/airflow/example_dags/example_display_name.py
[2024-12-14T07:58:21.400-0800] {processor.py:914} INFO - Processing file /Users/rishukhurana/anaconda3/lib/python3.11/site-packages/airflow/example_dags/example_display_name.py for tasks to queue
[2024-12-14T07:58:21.402-0800] {logging_mixin.py:190} INFO - [2024-12-14T07:58:21.401-0800] {dagbag.py:588} INFO - Filling up the DagBag from /Users/rishukhurana/anaconda3/lib/python3.11/site-packages/airflow/example_dags/example_display_name.py
[2024-12-14T07:58:21.433-0800] {processor.py:925} INFO - DAG(s) 'example_display_name' retrieved from /Users/rishukhurana/anaconda3/lib/python3.11/site-packages/airflow/example_dags/example_display_name.py
[2024-12-14T07:58:21.511-0800] {logging_mixin.py:190} INFO - [2024-12-14T07:58:21.510-0800] {dag.py:3239} INFO - Sync 1 DAGs
[2024-12-14T07:58:21.519-0800] {logging_mixin.py:190} INFO - [2024-12-14T07:58:21.519-0800] {dag.py:4180} INFO - Setting next_dagrun for example_display_name to None, run_after=None
[2024-12-14T07:58:21.535-0800] {processor.py:208} INFO - Processing /Users/rishukhurana/anaconda3/lib/python3.11/site-packages/airflow/example_dags/example_display_name.py took 0.143 seconds
[2024-12-14T08:04:03.934-0800] {processor.py:186} INFO - Started process (PID=18326) to work on /Users/rishukhurana/anaconda3/lib/python3.11/site-packages/airflow/example_dags/example_display_name.py
[2024-12-14T08:04:03.936-0800] {processor.py:914} INFO - Processing file /Users/rishukhurana/anaconda3/lib/python3.11/site-packages/airflow/example_dags/example_display_name.py for tasks to queue
[2024-12-14T08:04:03.937-0800] {logging_mixin.py:190} INFO - [2024-12-14T08:04:03.937-0800] {dagbag.py:588} INFO - Filling up the DagBag from /Users/rishukhurana/anaconda3/lib/python3.11/site-packages/airflow/example_dags/example_display_name.py
[2024-12-14T08:04:03.968-0800] {processor.py:925} INFO - DAG(s) 'example_display_name' retrieved from /Users/rishukhurana/anaconda3/lib/python3.11/site-packages/airflow/example_dags/example_display_name.py
[2024-12-14T08:04:04.044-0800] {logging_mixin.py:190} INFO - [2024-12-14T08:04:04.043-0800] {dag.py:3239} INFO - Sync 1 DAGs
[2024-12-14T08:04:04.052-0800] {logging_mixin.py:190} INFO - [2024-12-14T08:04:04.052-0800] {dag.py:4180} INFO - Setting next_dagrun for example_display_name to None, run_after=None
[2024-12-14T08:04:04.073-0800] {processor.py:208} INFO - Processing /Users/rishukhurana/anaconda3/lib/python3.11/site-packages/airflow/example_dags/example_display_name.py took 0.146 seconds
[2024-12-14T08:09:44.356-0800] {processor.py:186} INFO - Started process (PID=18608) to work on /Users/rishukhurana/anaconda3/lib/python3.11/site-packages/airflow/example_dags/example_display_name.py
[2024-12-14T08:09:44.358-0800] {processor.py:914} INFO - Processing file /Users/rishukhurana/anaconda3/lib/python3.11/site-packages/airflow/example_dags/example_display_name.py for tasks to queue
[2024-12-14T08:09:44.359-0800] {logging_mixin.py:190} INFO - [2024-12-14T08:09:44.359-0800] {dagbag.py:588} INFO - Filling up the DagBag from /Users/rishukhurana/anaconda3/lib/python3.11/site-packages/airflow/example_dags/example_display_name.py
[2024-12-14T08:09:44.389-0800] {processor.py:925} INFO - DAG(s) 'example_display_name' retrieved from /Users/rishukhurana/anaconda3/lib/python3.11/site-packages/airflow/example_dags/example_display_name.py
[2024-12-14T08:09:44.468-0800] {logging_mixin.py:190} INFO - [2024-12-14T08:09:44.467-0800] {dag.py:3239} INFO - Sync 1 DAGs
[2024-12-14T08:09:44.476-0800] {logging_mixin.py:190} INFO - [2024-12-14T08:09:44.476-0800] {dag.py:4180} INFO - Setting next_dagrun for example_display_name to None, run_after=None
[2024-12-14T08:09:44.492-0800] {processor.py:208} INFO - Processing /Users/rishukhurana/anaconda3/lib/python3.11/site-packages/airflow/example_dags/example_display_name.py took 0.143 seconds
[2024-12-14T08:15:29.009-0800] {processor.py:186} INFO - Started process (PID=18885) to work on /Users/rishukhurana/anaconda3/lib/python3.11/site-packages/airflow/example_dags/example_display_name.py
[2024-12-14T08:15:29.011-0800] {processor.py:914} INFO - Processing file /Users/rishukhurana/anaconda3/lib/python3.11/site-packages/airflow/example_dags/example_display_name.py for tasks to queue
[2024-12-14T08:15:29.012-0800] {logging_mixin.py:190} INFO - [2024-12-14T08:15:29.012-0800] {dagbag.py:588} INFO - Filling up the DagBag from /Users/rishukhurana/anaconda3/lib/python3.11/site-packages/airflow/example_dags/example_display_name.py
[2024-12-14T08:15:29.043-0800] {processor.py:925} INFO - DAG(s) 'example_display_name' retrieved from /Users/rishukhurana/anaconda3/lib/python3.11/site-packages/airflow/example_dags/example_display_name.py
[2024-12-14T08:15:29.120-0800] {logging_mixin.py:190} INFO - [2024-12-14T08:15:29.119-0800] {dag.py:3239} INFO - Sync 1 DAGs
[2024-12-14T08:15:29.128-0800] {logging_mixin.py:190} INFO - [2024-12-14T08:15:29.128-0800] {dag.py:4180} INFO - Setting next_dagrun for example_display_name to None, run_after=None
[2024-12-14T08:15:29.143-0800] {processor.py:208} INFO - Processing /Users/rishukhurana/anaconda3/lib/python3.11/site-packages/airflow/example_dags/example_display_name.py took 0.140 seconds
[2024-12-14T08:21:28.897-0800] {processor.py:186} INFO - Started process (PID=19200) to work on /Users/rishukhurana/anaconda3/lib/python3.11/site-packages/airflow/example_dags/example_display_name.py
[2024-12-14T08:21:28.899-0800] {processor.py:914} INFO - Processing file /Users/rishukhurana/anaconda3/lib/python3.11/site-packages/airflow/example_dags/example_display_name.py for tasks to queue
[2024-12-14T08:21:28.900-0800] {logging_mixin.py:190} INFO - [2024-12-14T08:21:28.900-0800] {dagbag.py:588} INFO - Filling up the DagBag from /Users/rishukhurana/anaconda3/lib/python3.11/site-packages/airflow/example_dags/example_display_name.py
[2024-12-14T08:21:28.932-0800] {processor.py:925} INFO - DAG(s) 'example_display_name' retrieved from /Users/rishukhurana/anaconda3/lib/python3.11/site-packages/airflow/example_dags/example_display_name.py
[2024-12-14T08:21:29.009-0800] {logging_mixin.py:190} INFO - [2024-12-14T08:21:29.009-0800] {dag.py:3239} INFO - Sync 1 DAGs
[2024-12-14T08:21:29.018-0800] {logging_mixin.py:190} INFO - [2024-12-14T08:21:29.017-0800] {dag.py:4180} INFO - Setting next_dagrun for example_display_name to None, run_after=None
[2024-12-14T08:21:29.032-0800] {processor.py:208} INFO - Processing /Users/rishukhurana/anaconda3/lib/python3.11/site-packages/airflow/example_dags/example_display_name.py took 0.141 seconds
[2024-12-14T08:27:22.977-0800] {processor.py:186} INFO - Started process (PID=19483) to work on /Users/rishukhurana/anaconda3/lib/python3.11/site-packages/airflow/example_dags/example_display_name.py
[2024-12-14T08:27:22.979-0800] {processor.py:914} INFO - Processing file /Users/rishukhurana/anaconda3/lib/python3.11/site-packages/airflow/example_dags/example_display_name.py for tasks to queue
[2024-12-14T08:27:22.980-0800] {logging_mixin.py:190} INFO - [2024-12-14T08:27:22.980-0800] {dagbag.py:588} INFO - Filling up the DagBag from /Users/rishukhurana/anaconda3/lib/python3.11/site-packages/airflow/example_dags/example_display_name.py
[2024-12-14T08:27:23.014-0800] {processor.py:925} INFO - DAG(s) 'example_display_name' retrieved from /Users/rishukhurana/anaconda3/lib/python3.11/site-packages/airflow/example_dags/example_display_name.py
[2024-12-14T08:27:23.090-0800] {logging_mixin.py:190} INFO - [2024-12-14T08:27:23.090-0800] {dag.py:3239} INFO - Sync 1 DAGs
[2024-12-14T08:27:23.099-0800] {logging_mixin.py:190} INFO - [2024-12-14T08:27:23.099-0800] {dag.py:4180} INFO - Setting next_dagrun for example_display_name to None, run_after=None
[2024-12-14T08:27:23.114-0800] {processor.py:208} INFO - Processing /Users/rishukhurana/anaconda3/lib/python3.11/site-packages/airflow/example_dags/example_display_name.py took 0.143 seconds
[2024-12-14T08:33:27.041-0800] {processor.py:186} INFO - Started process (PID=19770) to work on /Users/rishukhurana/anaconda3/lib/python3.11/site-packages/airflow/example_dags/example_display_name.py
[2024-12-14T08:33:27.044-0800] {processor.py:914} INFO - Processing file /Users/rishukhurana/anaconda3/lib/python3.11/site-packages/airflow/example_dags/example_display_name.py for tasks to queue
[2024-12-14T08:33:27.045-0800] {logging_mixin.py:190} INFO - [2024-12-14T08:33:27.045-0800] {dagbag.py:588} INFO - Filling up the DagBag from /Users/rishukhurana/anaconda3/lib/python3.11/site-packages/airflow/example_dags/example_display_name.py
[2024-12-14T08:33:27.075-0800] {processor.py:925} INFO - DAG(s) 'example_display_name' retrieved from /Users/rishukhurana/anaconda3/lib/python3.11/site-packages/airflow/example_dags/example_display_name.py
[2024-12-14T08:33:27.155-0800] {logging_mixin.py:190} INFO - [2024-12-14T08:33:27.154-0800] {dag.py:3239} INFO - Sync 1 DAGs
[2024-12-14T08:33:27.164-0800] {logging_mixin.py:190} INFO - [2024-12-14T08:33:27.164-0800] {dag.py:4180} INFO - Setting next_dagrun for example_display_name to None, run_after=None
[2024-12-14T08:33:27.179-0800] {processor.py:208} INFO - Processing /Users/rishukhurana/anaconda3/lib/python3.11/site-packages/airflow/example_dags/example_display_name.py took 0.144 seconds
[2024-12-14T08:39:07.125-0800] {processor.py:186} INFO - Started process (PID=20047) to work on /Users/rishukhurana/anaconda3/lib/python3.11/site-packages/airflow/example_dags/example_display_name.py
[2024-12-14T08:39:07.127-0800] {processor.py:914} INFO - Processing file /Users/rishukhurana/anaconda3/lib/python3.11/site-packages/airflow/example_dags/example_display_name.py for tasks to queue
[2024-12-14T08:39:07.128-0800] {logging_mixin.py:190} INFO - [2024-12-14T08:39:07.128-0800] {dagbag.py:588} INFO - Filling up the DagBag from /Users/rishukhurana/anaconda3/lib/python3.11/site-packages/airflow/example_dags/example_display_name.py
[2024-12-14T08:39:07.161-0800] {processor.py:925} INFO - DAG(s) 'example_display_name' retrieved from /Users/rishukhurana/anaconda3/lib/python3.11/site-packages/airflow/example_dags/example_display_name.py
[2024-12-14T08:39:07.252-0800] {logging_mixin.py:190} INFO - [2024-12-14T08:39:07.252-0800] {dag.py:3239} INFO - Sync 1 DAGs
[2024-12-14T08:39:07.262-0800] {logging_mixin.py:190} INFO - [2024-12-14T08:39:07.262-0800] {dag.py:4180} INFO - Setting next_dagrun for example_display_name to None, run_after=None
[2024-12-14T08:39:07.278-0800] {processor.py:208} INFO - Processing /Users/rishukhurana/anaconda3/lib/python3.11/site-packages/airflow/example_dags/example_display_name.py took 0.157 seconds
[2024-12-14T08:45:06.042-0800] {processor.py:186} INFO - Started process (PID=20359) to work on /Users/rishukhurana/anaconda3/lib/python3.11/site-packages/airflow/example_dags/example_display_name.py
[2024-12-14T08:45:06.044-0800] {processor.py:914} INFO - Processing file /Users/rishukhurana/anaconda3/lib/python3.11/site-packages/airflow/example_dags/example_display_name.py for tasks to queue
[2024-12-14T08:45:06.046-0800] {logging_mixin.py:190} INFO - [2024-12-14T08:45:06.045-0800] {dagbag.py:588} INFO - Filling up the DagBag from /Users/rishukhurana/anaconda3/lib/python3.11/site-packages/airflow/example_dags/example_display_name.py
[2024-12-14T08:45:06.080-0800] {processor.py:925} INFO - DAG(s) 'example_display_name' retrieved from /Users/rishukhurana/anaconda3/lib/python3.11/site-packages/airflow/example_dags/example_display_name.py
[2024-12-14T08:45:06.163-0800] {logging_mixin.py:190} INFO - [2024-12-14T08:45:06.163-0800] {dag.py:3239} INFO - Sync 1 DAGs
[2024-12-14T08:45:06.172-0800] {logging_mixin.py:190} INFO - [2024-12-14T08:45:06.172-0800] {dag.py:4180} INFO - Setting next_dagrun for example_display_name to None, run_after=None
[2024-12-14T08:45:06.188-0800] {processor.py:208} INFO - Processing /Users/rishukhurana/anaconda3/lib/python3.11/site-packages/airflow/example_dags/example_display_name.py took 0.151 seconds
[2024-12-14T08:51:24.330-0800] {processor.py:186} INFO - Started process (PID=20704) to work on /Users/rishukhurana/anaconda3/lib/python3.11/site-packages/airflow/example_dags/example_display_name.py
[2024-12-14T08:51:24.333-0800] {processor.py:914} INFO - Processing file /Users/rishukhurana/anaconda3/lib/python3.11/site-packages/airflow/example_dags/example_display_name.py for tasks to queue
[2024-12-14T08:51:24.334-0800] {logging_mixin.py:190} INFO - [2024-12-14T08:51:24.334-0800] {dagbag.py:588} INFO - Filling up the DagBag from /Users/rishukhurana/anaconda3/lib/python3.11/site-packages/airflow/example_dags/example_display_name.py
[2024-12-14T08:51:24.373-0800] {processor.py:925} INFO - DAG(s) 'example_display_name' retrieved from /Users/rishukhurana/anaconda3/lib/python3.11/site-packages/airflow/example_dags/example_display_name.py
[2024-12-14T08:51:24.467-0800] {logging_mixin.py:190} INFO - [2024-12-14T08:51:24.467-0800] {dag.py:3239} INFO - Sync 1 DAGs
[2024-12-14T08:51:24.476-0800] {logging_mixin.py:190} INFO - [2024-12-14T08:51:24.476-0800] {dag.py:4180} INFO - Setting next_dagrun for example_display_name to None, run_after=None
[2024-12-14T08:51:24.495-0800] {processor.py:208} INFO - Processing /Users/rishukhurana/anaconda3/lib/python3.11/site-packages/airflow/example_dags/example_display_name.py took 0.170 seconds
[2024-12-14T08:57:40.680-0800] {processor.py:186} INFO - Started process (PID=21022) to work on /Users/rishukhurana/anaconda3/lib/python3.11/site-packages/airflow/example_dags/example_display_name.py
[2024-12-14T08:57:40.682-0800] {processor.py:914} INFO - Processing file /Users/rishukhurana/anaconda3/lib/python3.11/site-packages/airflow/example_dags/example_display_name.py for tasks to queue
[2024-12-14T08:57:40.683-0800] {logging_mixin.py:190} INFO - [2024-12-14T08:57:40.683-0800] {dagbag.py:588} INFO - Filling up the DagBag from /Users/rishukhurana/anaconda3/lib/python3.11/site-packages/airflow/example_dags/example_display_name.py
[2024-12-14T08:57:40.721-0800] {processor.py:925} INFO - DAG(s) 'example_display_name' retrieved from /Users/rishukhurana/anaconda3/lib/python3.11/site-packages/airflow/example_dags/example_display_name.py
[2024-12-14T08:57:40.810-0800] {logging_mixin.py:190} INFO - [2024-12-14T08:57:40.809-0800] {dag.py:3239} INFO - Sync 1 DAGs
[2024-12-14T08:57:40.819-0800] {logging_mixin.py:190} INFO - [2024-12-14T08:57:40.819-0800] {dag.py:4180} INFO - Setting next_dagrun for example_display_name to None, run_after=None
[2024-12-14T08:57:40.836-0800] {processor.py:208} INFO - Processing /Users/rishukhurana/anaconda3/lib/python3.11/site-packages/airflow/example_dags/example_display_name.py took 0.161 seconds
[2024-12-14T09:03:54.120-0800] {processor.py:186} INFO - Started process (PID=21309) to work on /Users/rishukhurana/anaconda3/lib/python3.11/site-packages/airflow/example_dags/example_display_name.py
[2024-12-14T09:03:54.122-0800] {processor.py:914} INFO - Processing file /Users/rishukhurana/anaconda3/lib/python3.11/site-packages/airflow/example_dags/example_display_name.py for tasks to queue
[2024-12-14T09:03:54.123-0800] {logging_mixin.py:190} INFO - [2024-12-14T09:03:54.123-0800] {dagbag.py:588} INFO - Filling up the DagBag from /Users/rishukhurana/anaconda3/lib/python3.11/site-packages/airflow/example_dags/example_display_name.py
[2024-12-14T09:03:54.157-0800] {processor.py:925} INFO - DAG(s) 'example_display_name' retrieved from /Users/rishukhurana/anaconda3/lib/python3.11/site-packages/airflow/example_dags/example_display_name.py
[2024-12-14T09:03:54.275-0800] {logging_mixin.py:190} INFO - [2024-12-14T09:03:54.274-0800] {dag.py:3239} INFO - Sync 1 DAGs
[2024-12-14T09:03:54.286-0800] {logging_mixin.py:190} INFO - [2024-12-14T09:03:54.286-0800] {dag.py:4180} INFO - Setting next_dagrun for example_display_name to None, run_after=None
[2024-12-14T09:03:54.309-0800] {processor.py:208} INFO - Processing /Users/rishukhurana/anaconda3/lib/python3.11/site-packages/airflow/example_dags/example_display_name.py took 0.194 seconds
[2024-12-14T09:09:57.370-0800] {processor.py:186} INFO - Started process (PID=21601) to work on /Users/rishukhurana/anaconda3/lib/python3.11/site-packages/airflow/example_dags/example_display_name.py
[2024-12-14T09:09:57.372-0800] {processor.py:914} INFO - Processing file /Users/rishukhurana/anaconda3/lib/python3.11/site-packages/airflow/example_dags/example_display_name.py for tasks to queue
[2024-12-14T09:09:57.374-0800] {logging_mixin.py:190} INFO - [2024-12-14T09:09:57.374-0800] {dagbag.py:588} INFO - Filling up the DagBag from /Users/rishukhurana/anaconda3/lib/python3.11/site-packages/airflow/example_dags/example_display_name.py
[2024-12-14T09:09:57.410-0800] {processor.py:925} INFO - DAG(s) 'example_display_name' retrieved from /Users/rishukhurana/anaconda3/lib/python3.11/site-packages/airflow/example_dags/example_display_name.py
[2024-12-14T09:09:57.503-0800] {logging_mixin.py:190} INFO - [2024-12-14T09:09:57.503-0800] {dag.py:3239} INFO - Sync 1 DAGs
[2024-12-14T09:09:57.513-0800] {logging_mixin.py:190} INFO - [2024-12-14T09:09:57.512-0800] {dag.py:4180} INFO - Setting next_dagrun for example_display_name to None, run_after=None
[2024-12-14T09:09:57.529-0800] {processor.py:208} INFO - Processing /Users/rishukhurana/anaconda3/lib/python3.11/site-packages/airflow/example_dags/example_display_name.py took 0.166 seconds
[2024-12-14T09:16:12.222-0800] {processor.py:186} INFO - Started process (PID=21908) to work on /Users/rishukhurana/anaconda3/lib/python3.11/site-packages/airflow/example_dags/example_display_name.py
[2024-12-14T09:16:12.224-0800] {processor.py:914} INFO - Processing file /Users/rishukhurana/anaconda3/lib/python3.11/site-packages/airflow/example_dags/example_display_name.py for tasks to queue
[2024-12-14T09:16:12.226-0800] {logging_mixin.py:190} INFO - [2024-12-14T09:16:12.225-0800] {dagbag.py:588} INFO - Filling up the DagBag from /Users/rishukhurana/anaconda3/lib/python3.11/site-packages/airflow/example_dags/example_display_name.py
[2024-12-14T09:16:12.261-0800] {processor.py:925} INFO - DAG(s) 'example_display_name' retrieved from /Users/rishukhurana/anaconda3/lib/python3.11/site-packages/airflow/example_dags/example_display_name.py
[2024-12-14T09:16:12.346-0800] {logging_mixin.py:190} INFO - [2024-12-14T09:16:12.346-0800] {dag.py:3239} INFO - Sync 1 DAGs
[2024-12-14T09:16:12.355-0800] {logging_mixin.py:190} INFO - [2024-12-14T09:16:12.355-0800] {dag.py:4180} INFO - Setting next_dagrun for example_display_name to None, run_after=None
[2024-12-14T09:16:12.372-0800] {processor.py:208} INFO - Processing /Users/rishukhurana/anaconda3/lib/python3.11/site-packages/airflow/example_dags/example_display_name.py took 0.156 seconds
[2024-12-14T09:22:35.979-0800] {processor.py:186} INFO - Started process (PID=22234) to work on /Users/rishukhurana/anaconda3/lib/python3.11/site-packages/airflow/example_dags/example_display_name.py
[2024-12-14T09:22:35.982-0800] {processor.py:914} INFO - Processing file /Users/rishukhurana/anaconda3/lib/python3.11/site-packages/airflow/example_dags/example_display_name.py for tasks to queue
[2024-12-14T09:22:35.983-0800] {logging_mixin.py:190} INFO - [2024-12-14T09:22:35.983-0800] {dagbag.py:588} INFO - Filling up the DagBag from /Users/rishukhurana/anaconda3/lib/python3.11/site-packages/airflow/example_dags/example_display_name.py
[2024-12-14T09:22:36.016-0800] {processor.py:925} INFO - DAG(s) 'example_display_name' retrieved from /Users/rishukhurana/anaconda3/lib/python3.11/site-packages/airflow/example_dags/example_display_name.py
[2024-12-14T09:22:36.091-0800] {logging_mixin.py:190} INFO - [2024-12-14T09:22:36.091-0800] {dag.py:3239} INFO - Sync 1 DAGs
[2024-12-14T09:22:36.099-0800] {logging_mixin.py:190} INFO - [2024-12-14T09:22:36.099-0800] {dag.py:4180} INFO - Setting next_dagrun for example_display_name to None, run_after=None
[2024-12-14T09:22:36.117-0800] {processor.py:208} INFO - Processing /Users/rishukhurana/anaconda3/lib/python3.11/site-packages/airflow/example_dags/example_display_name.py took 0.145 seconds
[2024-12-14T09:28:42.235-0800] {processor.py:186} INFO - Started process (PID=22538) to work on /Users/rishukhurana/anaconda3/lib/python3.11/site-packages/airflow/example_dags/example_display_name.py
[2024-12-14T09:28:42.237-0800] {processor.py:914} INFO - Processing file /Users/rishukhurana/anaconda3/lib/python3.11/site-packages/airflow/example_dags/example_display_name.py for tasks to queue
[2024-12-14T09:28:42.238-0800] {logging_mixin.py:190} INFO - [2024-12-14T09:28:42.238-0800] {dagbag.py:588} INFO - Filling up the DagBag from /Users/rishukhurana/anaconda3/lib/python3.11/site-packages/airflow/example_dags/example_display_name.py
[2024-12-14T09:28:42.268-0800] {processor.py:925} INFO - DAG(s) 'example_display_name' retrieved from /Users/rishukhurana/anaconda3/lib/python3.11/site-packages/airflow/example_dags/example_display_name.py
[2024-12-14T09:28:42.346-0800] {logging_mixin.py:190} INFO - [2024-12-14T09:28:42.346-0800] {dag.py:3239} INFO - Sync 1 DAGs
[2024-12-14T09:28:42.356-0800] {logging_mixin.py:190} INFO - [2024-12-14T09:28:42.356-0800] {dag.py:4180} INFO - Setting next_dagrun for example_display_name to None, run_after=None
[2024-12-14T09:28:42.372-0800] {processor.py:208} INFO - Processing /Users/rishukhurana/anaconda3/lib/python3.11/site-packages/airflow/example_dags/example_display_name.py took 0.143 seconds
[2024-12-14T09:34:31.174-0800] {processor.py:186} INFO - Started process (PID=22830) to work on /Users/rishukhurana/anaconda3/lib/python3.11/site-packages/airflow/example_dags/example_display_name.py
[2024-12-14T09:34:31.177-0800] {processor.py:914} INFO - Processing file /Users/rishukhurana/anaconda3/lib/python3.11/site-packages/airflow/example_dags/example_display_name.py for tasks to queue
[2024-12-14T09:34:31.178-0800] {logging_mixin.py:190} INFO - [2024-12-14T09:34:31.178-0800] {dagbag.py:588} INFO - Filling up the DagBag from /Users/rishukhurana/anaconda3/lib/python3.11/site-packages/airflow/example_dags/example_display_name.py
[2024-12-14T09:34:31.211-0800] {processor.py:925} INFO - DAG(s) 'example_display_name' retrieved from /Users/rishukhurana/anaconda3/lib/python3.11/site-packages/airflow/example_dags/example_display_name.py
[2024-12-14T09:34:31.291-0800] {logging_mixin.py:190} INFO - [2024-12-14T09:34:31.291-0800] {dag.py:3239} INFO - Sync 1 DAGs
[2024-12-14T09:34:31.300-0800] {logging_mixin.py:190} INFO - [2024-12-14T09:34:31.300-0800] {dag.py:4180} INFO - Setting next_dagrun for example_display_name to None, run_after=None
[2024-12-14T09:34:31.316-0800] {processor.py:208} INFO - Processing /Users/rishukhurana/anaconda3/lib/python3.11/site-packages/airflow/example_dags/example_display_name.py took 0.146 seconds
[2024-12-14T09:40:23.361-0800] {processor.py:186} INFO - Started process (PID=23117) to work on /Users/rishukhurana/anaconda3/lib/python3.11/site-packages/airflow/example_dags/example_display_name.py
[2024-12-14T09:40:23.363-0800] {processor.py:914} INFO - Processing file /Users/rishukhurana/anaconda3/lib/python3.11/site-packages/airflow/example_dags/example_display_name.py for tasks to queue
[2024-12-14T09:40:23.365-0800] {logging_mixin.py:190} INFO - [2024-12-14T09:40:23.364-0800] {dagbag.py:588} INFO - Filling up the DagBag from /Users/rishukhurana/anaconda3/lib/python3.11/site-packages/airflow/example_dags/example_display_name.py
[2024-12-14T09:40:23.395-0800] {processor.py:925} INFO - DAG(s) 'example_display_name' retrieved from /Users/rishukhurana/anaconda3/lib/python3.11/site-packages/airflow/example_dags/example_display_name.py
[2024-12-14T09:40:23.471-0800] {logging_mixin.py:190} INFO - [2024-12-14T09:40:23.470-0800] {dag.py:3239} INFO - Sync 1 DAGs
[2024-12-14T09:40:23.479-0800] {logging_mixin.py:190} INFO - [2024-12-14T09:40:23.479-0800] {dag.py:4180} INFO - Setting next_dagrun for example_display_name to None, run_after=None
[2024-12-14T09:40:23.494-0800] {processor.py:208} INFO - Processing /Users/rishukhurana/anaconda3/lib/python3.11/site-packages/airflow/example_dags/example_display_name.py took 0.139 seconds
[2024-12-14T10:50:48.562-0800] {processor.py:186} INFO - Started process (PID=23448) to work on /Users/rishukhurana/anaconda3/lib/python3.11/site-packages/airflow/example_dags/example_display_name.py
[2024-12-14T10:50:48.566-0800] {processor.py:914} INFO - Processing file /Users/rishukhurana/anaconda3/lib/python3.11/site-packages/airflow/example_dags/example_display_name.py for tasks to queue
[2024-12-14T10:50:48.567-0800] {logging_mixin.py:190} INFO - [2024-12-14T10:50:48.567-0800] {dagbag.py:588} INFO - Filling up the DagBag from /Users/rishukhurana/anaconda3/lib/python3.11/site-packages/airflow/example_dags/example_display_name.py
[2024-12-14T10:50:48.625-0800] {processor.py:925} INFO - DAG(s) 'example_display_name' retrieved from /Users/rishukhurana/anaconda3/lib/python3.11/site-packages/airflow/example_dags/example_display_name.py
[2024-12-14T10:50:48.713-0800] {logging_mixin.py:190} INFO - [2024-12-14T10:50:48.712-0800] {dag.py:3239} INFO - Sync 1 DAGs
[2024-12-14T10:50:48.725-0800] {logging_mixin.py:190} INFO - [2024-12-14T10:50:48.725-0800] {dag.py:4180} INFO - Setting next_dagrun for example_display_name to None, run_after=None
[2024-12-14T10:50:48.742-0800] {processor.py:208} INFO - Processing /Users/rishukhurana/anaconda3/lib/python3.11/site-packages/airflow/example_dags/example_display_name.py took 0.186 seconds
[2024-12-14T15:21:20.580-0800] {processor.py:186} INFO - Started process (PID=23892) to work on /Users/rishukhurana/anaconda3/lib/python3.11/site-packages/airflow/example_dags/example_display_name.py
[2024-12-14T15:21:20.585-0800] {processor.py:914} INFO - Processing file /Users/rishukhurana/anaconda3/lib/python3.11/site-packages/airflow/example_dags/example_display_name.py for tasks to queue
[2024-12-14T15:21:20.587-0800] {logging_mixin.py:190} INFO - [2024-12-14T15:21:20.587-0800] {dagbag.py:588} INFO - Filling up the DagBag from /Users/rishukhurana/anaconda3/lib/python3.11/site-packages/airflow/example_dags/example_display_name.py
[2024-12-14T15:21:20.671-0800] {processor.py:925} INFO - DAG(s) 'example_display_name' retrieved from /Users/rishukhurana/anaconda3/lib/python3.11/site-packages/airflow/example_dags/example_display_name.py
[2024-12-14T15:21:20.790-0800] {logging_mixin.py:190} INFO - [2024-12-14T15:21:20.789-0800] {dag.py:3239} INFO - Sync 1 DAGs
[2024-12-14T15:21:20.805-0800] {logging_mixin.py:190} INFO - [2024-12-14T15:21:20.805-0800] {dag.py:4180} INFO - Setting next_dagrun for example_display_name to None, run_after=None
[2024-12-14T15:21:20.825-0800] {processor.py:208} INFO - Processing /Users/rishukhurana/anaconda3/lib/python3.11/site-packages/airflow/example_dags/example_display_name.py took 0.252 seconds
