[2024-12-17T18:12:54.192-0800] {processor.py:186} INFO - Started process (PID=49205) to work on /Users/rishukhurana/airflow/dags/dag.py
[2024-12-17T18:12:54.196-0800] {processor.py:914} INFO - Processing file /Users/rishukhurana/airflow/dags/dag.py for tasks to queue
[2024-12-17T18:12:54.197-0800] {logging_mixin.py:190} INFO - [2024-12-17T18:12:54.197-0800] {dagbag.py:588} INFO - Filling up the DagBag from /Users/rishukhurana/airflow/dags/dag.py
[2024-12-17T18:12:54.211-0800] {processor.py:925} INFO - DAG(s) 'ETL' retrieved from /Users/rishukhurana/airflow/dags/dag.py
[2024-12-17T18:12:54.340-0800] {logging_mixin.py:190} INFO - [2024-12-17T18:12:54.340-0800] {dag.py:3239} INFO - Sync 1 DAGs
[2024-12-17T18:12:54.368-0800] {logging_mixin.py:190} INFO - [2024-12-17T18:12:54.367-0800] {dag.py:4180} INFO - Setting next_dagrun for ETL to 2024-12-17 00:00:00+00:00, run_after=2024-12-18 00:00:00+00:00
[2024-12-17T18:12:54.390-0800] {processor.py:208} INFO - Processing /Users/rishukhurana/airflow/dags/dag.py took 0.205 seconds
[2024-12-18T02:21:44.872-0800] {processor.py:186} INFO - Started process (PID=49462) to work on /Users/rishukhurana/airflow/dags/dag.py
[2024-12-18T02:21:44.873-0800] {processor.py:914} INFO - Processing file /Users/rishukhurana/airflow/dags/dag.py for tasks to queue
[2024-12-18T02:21:44.875-0800] {logging_mixin.py:190} INFO - [2024-12-18T02:21:44.875-0800] {dagbag.py:588} INFO - Filling up the DagBag from /Users/rishukhurana/airflow/dags/dag.py
[2024-12-18T02:21:44.883-0800] {processor.py:925} INFO - DAG(s) 'ETL' retrieved from /Users/rishukhurana/airflow/dags/dag.py
[2024-12-18T02:21:44.999-0800] {logging_mixin.py:190} INFO - [2024-12-18T02:21:44.998-0800] {dag.py:3239} INFO - Sync 1 DAGs
[2024-12-18T02:21:45.015-0800] {logging_mixin.py:190} INFO - [2024-12-18T02:21:45.015-0800] {dag.py:4180} INFO - Setting next_dagrun for ETL to 2024-12-17 00:00:00+00:00, run_after=2024-12-18 00:00:00+00:00
[2024-12-18T02:21:45.030-0800] {processor.py:208} INFO - Processing /Users/rishukhurana/airflow/dags/dag.py took 0.165 seconds
[2024-12-18T03:00:34.180-0800] {processor.py:186} INFO - Started process (PID=49691) to work on /Users/rishukhurana/airflow/dags/dag.py
[2024-12-18T03:00:34.184-0800] {processor.py:914} INFO - Processing file /Users/rishukhurana/airflow/dags/dag.py for tasks to queue
[2024-12-18T03:00:34.188-0800] {logging_mixin.py:190} INFO - [2024-12-18T03:00:34.187-0800] {dagbag.py:588} INFO - Filling up the DagBag from /Users/rishukhurana/airflow/dags/dag.py
[2024-12-18T03:00:34.214-0800] {processor.py:925} INFO - DAG(s) 'ETL' retrieved from /Users/rishukhurana/airflow/dags/dag.py
[2024-12-18T03:00:34.508-0800] {logging_mixin.py:190} INFO - [2024-12-18T03:00:34.507-0800] {dag.py:3239} INFO - Sync 1 DAGs
[2024-12-18T03:00:34.542-0800] {logging_mixin.py:190} INFO - [2024-12-18T03:00:34.542-0800] {dag.py:4180} INFO - Setting next_dagrun for ETL to 2024-12-17 00:00:00+00:00, run_after=2024-12-18 00:00:00+00:00
[2024-12-18T03:00:34.570-0800] {processor.py:208} INFO - Processing /Users/rishukhurana/airflow/dags/dag.py took 0.403 seconds
[2024-12-18T03:05:51.487-0800] {processor.py:186} INFO - Started process (PID=49892) to work on /Users/rishukhurana/airflow/dags/dag.py
[2024-12-18T03:05:51.490-0800] {processor.py:914} INFO - Processing file /Users/rishukhurana/airflow/dags/dag.py for tasks to queue
[2024-12-18T03:05:51.494-0800] {logging_mixin.py:190} INFO - [2024-12-18T03:05:51.493-0800] {dagbag.py:588} INFO - Filling up the DagBag from /Users/rishukhurana/airflow/dags/dag.py
[2024-12-18T03:05:51.524-0800] {processor.py:925} INFO - DAG(s) 'ETL' retrieved from /Users/rishukhurana/airflow/dags/dag.py
[2024-12-18T03:05:51.705-0800] {logging_mixin.py:190} INFO - [2024-12-18T03:05:51.705-0800] {dag.py:3239} INFO - Sync 1 DAGs
[2024-12-18T03:05:51.733-0800] {logging_mixin.py:190} INFO - [2024-12-18T03:05:51.733-0800] {dag.py:4180} INFO - Setting next_dagrun for ETL to 2024-12-17 00:00:00+00:00, run_after=2024-12-18 00:00:00+00:00
[2024-12-18T03:05:51.760-0800] {processor.py:208} INFO - Processing /Users/rishukhurana/airflow/dags/dag.py took 0.288 seconds
[2024-12-18T03:11:17.602-0800] {processor.py:186} INFO - Started process (PID=50083) to work on /Users/rishukhurana/airflow/dags/dag.py
[2024-12-18T03:11:17.604-0800] {processor.py:914} INFO - Processing file /Users/rishukhurana/airflow/dags/dag.py for tasks to queue
[2024-12-18T03:11:17.606-0800] {logging_mixin.py:190} INFO - [2024-12-18T03:11:17.606-0800] {dagbag.py:588} INFO - Filling up the DagBag from /Users/rishukhurana/airflow/dags/dag.py
[2024-12-18T03:11:17.619-0800] {processor.py:925} INFO - DAG(s) 'ETL' retrieved from /Users/rishukhurana/airflow/dags/dag.py
[2024-12-18T03:11:17.775-0800] {logging_mixin.py:190} INFO - [2024-12-18T03:11:17.774-0800] {dag.py:3239} INFO - Sync 1 DAGs
[2024-12-18T03:11:17.803-0800] {logging_mixin.py:190} INFO - [2024-12-18T03:11:17.802-0800] {dag.py:4180} INFO - Setting next_dagrun for ETL to 2024-12-17 00:00:00+00:00, run_after=2024-12-18 00:00:00+00:00
[2024-12-18T03:11:17.829-0800] {processor.py:208} INFO - Processing /Users/rishukhurana/airflow/dags/dag.py took 0.235 seconds
[2024-12-18T03:15:49.544-0800] {processor.py:186} INFO - Started process (PID=50284) to work on /Users/rishukhurana/airflow/dags/dag.py
[2024-12-18T03:15:49.547-0800] {processor.py:914} INFO - Processing file /Users/rishukhurana/airflow/dags/dag.py for tasks to queue
[2024-12-18T03:15:49.548-0800] {logging_mixin.py:190} INFO - [2024-12-18T03:15:49.548-0800] {dagbag.py:588} INFO - Filling up the DagBag from /Users/rishukhurana/airflow/dags/dag.py
[2024-12-18T03:15:49.555-0800] {processor.py:925} INFO - DAG(s) 'ETL' retrieved from /Users/rishukhurana/airflow/dags/dag.py
[2024-12-18T03:15:49.638-0800] {logging_mixin.py:190} INFO - [2024-12-18T03:15:49.637-0800] {dag.py:3239} INFO - Sync 1 DAGs
[2024-12-18T03:15:49.654-0800] {logging_mixin.py:190} INFO - [2024-12-18T03:15:49.654-0800] {dag.py:4180} INFO - Setting next_dagrun for ETL to 2024-12-17 00:00:00+00:00, run_after=2024-12-18 00:00:00+00:00
[2024-12-18T03:15:49.671-0800] {processor.py:208} INFO - Processing /Users/rishukhurana/airflow/dags/dag.py took 0.132 seconds
[2024-12-18T03:19:01.911-0800] {processor.py:186} INFO - Started process (PID=50436) to work on /Users/rishukhurana/airflow/dags/dag.py
[2024-12-18T03:19:01.914-0800] {processor.py:914} INFO - Processing file /Users/rishukhurana/airflow/dags/dag.py for tasks to queue
[2024-12-18T03:19:01.915-0800] {logging_mixin.py:190} INFO - [2024-12-18T03:19:01.915-0800] {dagbag.py:588} INFO - Filling up the DagBag from /Users/rishukhurana/airflow/dags/dag.py
[2024-12-18T03:19:01.922-0800] {processor.py:925} INFO - DAG(s) 'ETL' retrieved from /Users/rishukhurana/airflow/dags/dag.py
[2024-12-18T03:19:02.005-0800] {logging_mixin.py:190} INFO - [2024-12-18T03:19:02.005-0800] {dag.py:3239} INFO - Sync 1 DAGs
[2024-12-18T03:19:02.021-0800] {logging_mixin.py:190} INFO - [2024-12-18T03:19:02.021-0800] {dag.py:4180} INFO - Setting next_dagrun for ETL to 2024-12-17 00:00:00+00:00, run_after=2024-12-18 00:00:00+00:00
[2024-12-18T03:19:02.042-0800] {processor.py:208} INFO - Processing /Users/rishukhurana/airflow/dags/dag.py took 0.137 seconds
[2024-12-18T03:22:07.518-0800] {processor.py:186} INFO - Started process (PID=50614) to work on /Users/rishukhurana/airflow/dags/dag.py
[2024-12-18T03:22:07.520-0800] {processor.py:914} INFO - Processing file /Users/rishukhurana/airflow/dags/dag.py for tasks to queue
[2024-12-18T03:22:07.522-0800] {logging_mixin.py:190} INFO - [2024-12-18T03:22:07.521-0800] {dagbag.py:588} INFO - Filling up the DagBag from /Users/rishukhurana/airflow/dags/dag.py
[2024-12-18T03:22:07.530-0800] {processor.py:925} INFO - DAG(s) 'ETL' retrieved from /Users/rishukhurana/airflow/dags/dag.py
[2024-12-18T03:22:07.625-0800] {logging_mixin.py:190} INFO - [2024-12-18T03:22:07.625-0800] {dag.py:3239} INFO - Sync 1 DAGs
[2024-12-18T03:22:07.643-0800] {logging_mixin.py:190} INFO - [2024-12-18T03:22:07.643-0800] {dag.py:4180} INFO - Setting next_dagrun for ETL to 2024-12-17 00:00:00+00:00, run_after=2024-12-18 00:00:00+00:00
[2024-12-18T03:22:07.658-0800] {processor.py:208} INFO - Processing /Users/rishukhurana/airflow/dags/dag.py took 0.146 seconds
[2024-12-18T03:25:12.690-0800] {processor.py:186} INFO - Started process (PID=50764) to work on /Users/rishukhurana/airflow/dags/dag.py
[2024-12-18T03:25:12.693-0800] {processor.py:914} INFO - Processing file /Users/rishukhurana/airflow/dags/dag.py for tasks to queue
[2024-12-18T03:25:12.694-0800] {logging_mixin.py:190} INFO - [2024-12-18T03:25:12.694-0800] {dagbag.py:588} INFO - Filling up the DagBag from /Users/rishukhurana/airflow/dags/dag.py
[2024-12-18T03:25:12.700-0800] {processor.py:925} INFO - DAG(s) 'ETL' retrieved from /Users/rishukhurana/airflow/dags/dag.py
[2024-12-18T03:25:12.780-0800] {logging_mixin.py:190} INFO - [2024-12-18T03:25:12.780-0800] {dag.py:3239} INFO - Sync 1 DAGs
[2024-12-18T03:25:12.795-0800] {logging_mixin.py:190} INFO - [2024-12-18T03:25:12.794-0800] {dag.py:4180} INFO - Setting next_dagrun for ETL to 2024-12-17 00:00:00+00:00, run_after=2024-12-18 00:00:00+00:00
[2024-12-18T03:25:12.809-0800] {processor.py:208} INFO - Processing /Users/rishukhurana/airflow/dags/dag.py took 0.126 seconds
[2024-12-18T03:28:14.573-0800] {processor.py:186} INFO - Started process (PID=50910) to work on /Users/rishukhurana/airflow/dags/dag.py
[2024-12-18T03:28:14.575-0800] {processor.py:914} INFO - Processing file /Users/rishukhurana/airflow/dags/dag.py for tasks to queue
[2024-12-18T03:28:14.577-0800] {logging_mixin.py:190} INFO - [2024-12-18T03:28:14.577-0800] {dagbag.py:588} INFO - Filling up the DagBag from /Users/rishukhurana/airflow/dags/dag.py
[2024-12-18T03:28:14.585-0800] {processor.py:925} INFO - DAG(s) 'ETL' retrieved from /Users/rishukhurana/airflow/dags/dag.py
[2024-12-18T03:28:14.666-0800] {logging_mixin.py:190} INFO - [2024-12-18T03:28:14.666-0800] {dag.py:3239} INFO - Sync 1 DAGs
[2024-12-18T03:28:14.683-0800] {logging_mixin.py:190} INFO - [2024-12-18T03:28:14.683-0800] {dag.py:4180} INFO - Setting next_dagrun for ETL to 2024-12-17 00:00:00+00:00, run_after=2024-12-18 00:00:00+00:00
[2024-12-18T03:28:14.697-0800] {processor.py:208} INFO - Processing /Users/rishukhurana/airflow/dags/dag.py took 0.130 seconds
[2024-12-18T03:31:15.505-0800] {processor.py:186} INFO - Started process (PID=51055) to work on /Users/rishukhurana/airflow/dags/dag.py
[2024-12-18T03:31:15.508-0800] {processor.py:914} INFO - Processing file /Users/rishukhurana/airflow/dags/dag.py for tasks to queue
[2024-12-18T03:31:15.509-0800] {logging_mixin.py:190} INFO - [2024-12-18T03:31:15.509-0800] {dagbag.py:588} INFO - Filling up the DagBag from /Users/rishukhurana/airflow/dags/dag.py
[2024-12-18T03:31:15.518-0800] {processor.py:925} INFO - DAG(s) 'ETL' retrieved from /Users/rishukhurana/airflow/dags/dag.py
[2024-12-18T03:31:15.599-0800] {logging_mixin.py:190} INFO - [2024-12-18T03:31:15.598-0800] {dag.py:3239} INFO - Sync 1 DAGs
[2024-12-18T03:31:15.613-0800] {logging_mixin.py:190} INFO - [2024-12-18T03:31:15.613-0800] {dag.py:4180} INFO - Setting next_dagrun for ETL to 2024-12-17 00:00:00+00:00, run_after=2024-12-18 00:00:00+00:00
[2024-12-18T03:31:15.628-0800] {processor.py:208} INFO - Processing /Users/rishukhurana/airflow/dags/dag.py took 0.129 seconds
[2024-12-18T03:34:38.505-0800] {processor.py:186} INFO - Started process (PID=51356) to work on /Users/rishukhurana/airflow/dags/dag.py
[2024-12-18T03:34:38.507-0800] {processor.py:914} INFO - Processing file /Users/rishukhurana/airflow/dags/dag.py for tasks to queue
[2024-12-18T03:34:38.509-0800] {logging_mixin.py:190} INFO - [2024-12-18T03:34:38.509-0800] {dagbag.py:588} INFO - Filling up the DagBag from /Users/rishukhurana/airflow/dags/dag.py
[2024-12-18T03:34:38.523-0800] {processor.py:925} INFO - DAG(s) 'ETL' retrieved from /Users/rishukhurana/airflow/dags/dag.py
[2024-12-18T03:34:38.626-0800] {logging_mixin.py:190} INFO - [2024-12-18T03:34:38.626-0800] {dag.py:3239} INFO - Sync 1 DAGs
[2024-12-18T03:34:38.642-0800] {logging_mixin.py:190} INFO - [2024-12-18T03:34:38.642-0800] {dag.py:4180} INFO - Setting next_dagrun for ETL to 2024-12-17 00:00:00+00:00, run_after=2024-12-18 00:00:00+00:00
[2024-12-18T03:34:38.659-0800] {processor.py:208} INFO - Processing /Users/rishukhurana/airflow/dags/dag.py took 0.160 seconds
[2024-12-18T03:37:46.020-0800] {processor.py:186} INFO - Started process (PID=51516) to work on /Users/rishukhurana/airflow/dags/dag.py
[2024-12-18T03:37:46.022-0800] {processor.py:914} INFO - Processing file /Users/rishukhurana/airflow/dags/dag.py for tasks to queue
[2024-12-18T03:37:46.024-0800] {logging_mixin.py:190} INFO - [2024-12-18T03:37:46.023-0800] {dagbag.py:588} INFO - Filling up the DagBag from /Users/rishukhurana/airflow/dags/dag.py
[2024-12-18T03:37:46.031-0800] {processor.py:925} INFO - DAG(s) 'ETL' retrieved from /Users/rishukhurana/airflow/dags/dag.py
[2024-12-18T03:37:46.120-0800] {logging_mixin.py:190} INFO - [2024-12-18T03:37:46.119-0800] {dag.py:3239} INFO - Sync 1 DAGs
[2024-12-18T03:37:46.134-0800] {logging_mixin.py:190} INFO - [2024-12-18T03:37:46.134-0800] {dag.py:4180} INFO - Setting next_dagrun for ETL to 2024-12-17 00:00:00+00:00, run_after=2024-12-18 00:00:00+00:00
[2024-12-18T03:37:46.151-0800] {processor.py:208} INFO - Processing /Users/rishukhurana/airflow/dags/dag.py took 0.136 seconds
[2024-12-18T03:40:46.468-0800] {processor.py:186} INFO - Started process (PID=51661) to work on /Users/rishukhurana/airflow/dags/dag.py
[2024-12-18T03:40:46.470-0800] {processor.py:914} INFO - Processing file /Users/rishukhurana/airflow/dags/dag.py for tasks to queue
[2024-12-18T03:40:46.471-0800] {logging_mixin.py:190} INFO - [2024-12-18T03:40:46.471-0800] {dagbag.py:588} INFO - Filling up the DagBag from /Users/rishukhurana/airflow/dags/dag.py
[2024-12-18T03:40:46.479-0800] {processor.py:925} INFO - DAG(s) 'ETL' retrieved from /Users/rishukhurana/airflow/dags/dag.py
[2024-12-18T03:40:46.560-0800] {logging_mixin.py:190} INFO - [2024-12-18T03:40:46.559-0800] {dag.py:3239} INFO - Sync 1 DAGs
[2024-12-18T03:40:46.575-0800] {logging_mixin.py:190} INFO - [2024-12-18T03:40:46.575-0800] {dag.py:4180} INFO - Setting next_dagrun for ETL to 2024-12-17 00:00:00+00:00, run_after=2024-12-18 00:00:00+00:00
[2024-12-18T03:40:46.596-0800] {processor.py:208} INFO - Processing /Users/rishukhurana/airflow/dags/dag.py took 0.135 seconds
[2024-12-18T03:43:40.942-0800] {processor.py:186} INFO - Started process (PID=51813) to work on /Users/rishukhurana/airflow/dags/dag.py
[2024-12-18T03:43:40.945-0800] {processor.py:914} INFO - Processing file /Users/rishukhurana/airflow/dags/dag.py for tasks to queue
[2024-12-18T03:43:40.946-0800] {logging_mixin.py:190} INFO - [2024-12-18T03:43:40.946-0800] {dagbag.py:588} INFO - Filling up the DagBag from /Users/rishukhurana/airflow/dags/dag.py
[2024-12-18T03:43:40.953-0800] {processor.py:925} INFO - DAG(s) 'ETL' retrieved from /Users/rishukhurana/airflow/dags/dag.py
[2024-12-18T03:43:41.036-0800] {logging_mixin.py:190} INFO - [2024-12-18T03:43:41.036-0800] {dag.py:3239} INFO - Sync 1 DAGs
[2024-12-18T03:43:41.052-0800] {logging_mixin.py:190} INFO - [2024-12-18T03:43:41.052-0800] {dag.py:4180} INFO - Setting next_dagrun for ETL to 2024-12-17 00:00:00+00:00, run_after=2024-12-18 00:00:00+00:00
[2024-12-18T03:43:41.067-0800] {processor.py:208} INFO - Processing /Users/rishukhurana/airflow/dags/dag.py took 0.131 seconds
[2024-12-18T03:46:33.997-0800] {processor.py:186} INFO - Started process (PID=51955) to work on /Users/rishukhurana/airflow/dags/dag.py
[2024-12-18T03:46:34.000-0800] {processor.py:914} INFO - Processing file /Users/rishukhurana/airflow/dags/dag.py for tasks to queue
[2024-12-18T03:46:34.001-0800] {logging_mixin.py:190} INFO - [2024-12-18T03:46:34.001-0800] {dagbag.py:588} INFO - Filling up the DagBag from /Users/rishukhurana/airflow/dags/dag.py
[2024-12-18T03:46:34.007-0800] {processor.py:925} INFO - DAG(s) 'ETL' retrieved from /Users/rishukhurana/airflow/dags/dag.py
[2024-12-18T03:46:34.090-0800] {logging_mixin.py:190} INFO - [2024-12-18T03:46:34.089-0800] {dag.py:3239} INFO - Sync 1 DAGs
[2024-12-18T03:46:34.105-0800] {logging_mixin.py:190} INFO - [2024-12-18T03:46:34.105-0800] {dag.py:4180} INFO - Setting next_dagrun for ETL to 2024-12-17 00:00:00+00:00, run_after=2024-12-18 00:00:00+00:00
[2024-12-18T03:46:34.126-0800] {processor.py:208} INFO - Processing /Users/rishukhurana/airflow/dags/dag.py took 0.133 seconds
[2024-12-18T03:49:35.211-0800] {processor.py:186} INFO - Started process (PID=52119) to work on /Users/rishukhurana/airflow/dags/dag.py
[2024-12-18T03:49:35.214-0800] {processor.py:914} INFO - Processing file /Users/rishukhurana/airflow/dags/dag.py for tasks to queue
[2024-12-18T03:49:35.216-0800] {logging_mixin.py:190} INFO - [2024-12-18T03:49:35.215-0800] {dagbag.py:588} INFO - Filling up the DagBag from /Users/rishukhurana/airflow/dags/dag.py
[2024-12-18T03:49:35.225-0800] {processor.py:925} INFO - DAG(s) 'ETL' retrieved from /Users/rishukhurana/airflow/dags/dag.py
[2024-12-18T03:49:35.330-0800] {logging_mixin.py:190} INFO - [2024-12-18T03:49:35.330-0800] {dag.py:3239} INFO - Sync 1 DAGs
[2024-12-18T03:49:35.348-0800] {logging_mixin.py:190} INFO - [2024-12-18T03:49:35.347-0800] {dag.py:4180} INFO - Setting next_dagrun for ETL to 2024-12-17 00:00:00+00:00, run_after=2024-12-18 00:00:00+00:00
[2024-12-18T03:49:35.364-0800] {processor.py:208} INFO - Processing /Users/rishukhurana/airflow/dags/dag.py took 0.159 seconds
[2024-12-18T03:52:32.460-0800] {processor.py:186} INFO - Started process (PID=52281) to work on /Users/rishukhurana/airflow/dags/dag.py
[2024-12-18T03:52:32.462-0800] {processor.py:914} INFO - Processing file /Users/rishukhurana/airflow/dags/dag.py for tasks to queue
[2024-12-18T03:52:32.464-0800] {logging_mixin.py:190} INFO - [2024-12-18T03:52:32.464-0800] {dagbag.py:588} INFO - Filling up the DagBag from /Users/rishukhurana/airflow/dags/dag.py
[2024-12-18T03:52:32.471-0800] {processor.py:925} INFO - DAG(s) 'ETL' retrieved from /Users/rishukhurana/airflow/dags/dag.py
[2024-12-18T03:52:32.559-0800] {logging_mixin.py:190} INFO - [2024-12-18T03:52:32.558-0800] {dag.py:3239} INFO - Sync 1 DAGs
[2024-12-18T03:52:32.574-0800] {logging_mixin.py:190} INFO - [2024-12-18T03:52:32.573-0800] {dag.py:4180} INFO - Setting next_dagrun for ETL to 2024-12-17 00:00:00+00:00, run_after=2024-12-18 00:00:00+00:00
[2024-12-18T03:52:32.590-0800] {processor.py:208} INFO - Processing /Users/rishukhurana/airflow/dags/dag.py took 0.137 seconds
[2024-12-18T03:55:45.338-0800] {processor.py:186} INFO - Started process (PID=52441) to work on /Users/rishukhurana/airflow/dags/dag.py
[2024-12-18T03:55:45.340-0800] {processor.py:914} INFO - Processing file /Users/rishukhurana/airflow/dags/dag.py for tasks to queue
[2024-12-18T03:55:45.341-0800] {logging_mixin.py:190} INFO - [2024-12-18T03:55:45.341-0800] {dagbag.py:588} INFO - Filling up the DagBag from /Users/rishukhurana/airflow/dags/dag.py
[2024-12-18T03:55:45.351-0800] {processor.py:925} INFO - DAG(s) 'ETL' retrieved from /Users/rishukhurana/airflow/dags/dag.py
[2024-12-18T03:55:45.472-0800] {logging_mixin.py:190} INFO - [2024-12-18T03:55:45.472-0800] {dag.py:3239} INFO - Sync 1 DAGs
[2024-12-18T03:55:45.493-0800] {logging_mixin.py:190} INFO - [2024-12-18T03:55:45.492-0800] {dag.py:4180} INFO - Setting next_dagrun for ETL to 2024-12-17 00:00:00+00:00, run_after=2024-12-18 00:00:00+00:00
[2024-12-18T03:55:45.512-0800] {processor.py:208} INFO - Processing /Users/rishukhurana/airflow/dags/dag.py took 0.182 seconds
[2024-12-18T03:59:02.667-0800] {processor.py:186} INFO - Started process (PID=52610) to work on /Users/rishukhurana/airflow/dags/dag.py
[2024-12-18T03:59:02.671-0800] {processor.py:914} INFO - Processing file /Users/rishukhurana/airflow/dags/dag.py for tasks to queue
[2024-12-18T03:59:02.673-0800] {logging_mixin.py:190} INFO - [2024-12-18T03:59:02.673-0800] {dagbag.py:588} INFO - Filling up the DagBag from /Users/rishukhurana/airflow/dags/dag.py
[2024-12-18T03:59:02.680-0800] {processor.py:925} INFO - DAG(s) 'ETL' retrieved from /Users/rishukhurana/airflow/dags/dag.py
[2024-12-18T03:59:02.781-0800] {logging_mixin.py:190} INFO - [2024-12-18T03:59:02.781-0800] {dag.py:3239} INFO - Sync 1 DAGs
[2024-12-18T03:59:02.798-0800] {logging_mixin.py:190} INFO - [2024-12-18T03:59:02.797-0800] {dag.py:4180} INFO - Setting next_dagrun for ETL to 2024-12-17 00:00:00+00:00, run_after=2024-12-18 00:00:00+00:00
[2024-12-18T03:59:02.814-0800] {processor.py:208} INFO - Processing /Users/rishukhurana/airflow/dags/dag.py took 0.154 seconds
[2024-12-18T04:02:01.140-0800] {processor.py:186} INFO - Started process (PID=52757) to work on /Users/rishukhurana/airflow/dags/dag.py
[2024-12-18T04:02:01.141-0800] {processor.py:914} INFO - Processing file /Users/rishukhurana/airflow/dags/dag.py for tasks to queue
[2024-12-18T04:02:01.143-0800] {logging_mixin.py:190} INFO - [2024-12-18T04:02:01.143-0800] {dagbag.py:588} INFO - Filling up the DagBag from /Users/rishukhurana/airflow/dags/dag.py
[2024-12-18T04:02:01.149-0800] {processor.py:925} INFO - DAG(s) 'ETL' retrieved from /Users/rishukhurana/airflow/dags/dag.py
[2024-12-18T04:02:01.231-0800] {logging_mixin.py:190} INFO - [2024-12-18T04:02:01.230-0800] {dag.py:3239} INFO - Sync 1 DAGs
[2024-12-18T04:02:01.246-0800] {logging_mixin.py:190} INFO - [2024-12-18T04:02:01.246-0800] {dag.py:4180} INFO - Setting next_dagrun for ETL to 2024-12-17 00:00:00+00:00, run_after=2024-12-18 00:00:00+00:00
[2024-12-18T04:02:01.267-0800] {processor.py:208} INFO - Processing /Users/rishukhurana/airflow/dags/dag.py took 0.134 seconds
[2024-12-18T04:05:01.025-0800] {processor.py:186} INFO - Started process (PID=52975) to work on /Users/rishukhurana/airflow/dags/dag.py
[2024-12-18T04:05:01.027-0800] {processor.py:914} INFO - Processing file /Users/rishukhurana/airflow/dags/dag.py for tasks to queue
[2024-12-18T04:05:01.029-0800] {logging_mixin.py:190} INFO - [2024-12-18T04:05:01.028-0800] {dagbag.py:588} INFO - Filling up the DagBag from /Users/rishukhurana/airflow/dags/dag.py
[2024-12-18T04:05:01.041-0800] {processor.py:925} INFO - DAG(s) 'ETL' retrieved from /Users/rishukhurana/airflow/dags/dag.py
[2024-12-18T04:05:01.174-0800] {logging_mixin.py:190} INFO - [2024-12-18T04:05:01.173-0800] {dag.py:3239} INFO - Sync 1 DAGs
[2024-12-18T04:05:01.194-0800] {logging_mixin.py:190} INFO - [2024-12-18T04:05:01.193-0800] {dag.py:4180} INFO - Setting next_dagrun for ETL to 2024-12-17 00:00:00+00:00, run_after=2024-12-18 00:00:00+00:00
[2024-12-18T04:05:01.213-0800] {processor.py:208} INFO - Processing /Users/rishukhurana/airflow/dags/dag.py took 0.193 seconds
[2024-12-18T04:08:03.391-0800] {processor.py:186} INFO - Started process (PID=53140) to work on /Users/rishukhurana/airflow/dags/dag.py
[2024-12-18T04:08:03.393-0800] {processor.py:914} INFO - Processing file /Users/rishukhurana/airflow/dags/dag.py for tasks to queue
[2024-12-18T04:08:03.395-0800] {logging_mixin.py:190} INFO - [2024-12-18T04:08:03.394-0800] {dagbag.py:588} INFO - Filling up the DagBag from /Users/rishukhurana/airflow/dags/dag.py
[2024-12-18T04:08:03.401-0800] {processor.py:925} INFO - DAG(s) 'ETL' retrieved from /Users/rishukhurana/airflow/dags/dag.py
[2024-12-18T04:08:03.490-0800] {logging_mixin.py:190} INFO - [2024-12-18T04:08:03.489-0800] {dag.py:3239} INFO - Sync 1 DAGs
[2024-12-18T04:08:03.504-0800] {logging_mixin.py:190} INFO - [2024-12-18T04:08:03.504-0800] {dag.py:4180} INFO - Setting next_dagrun for ETL to 2024-12-17 00:00:00+00:00, run_after=2024-12-18 00:00:00+00:00
[2024-12-18T04:08:03.525-0800] {processor.py:208} INFO - Processing /Users/rishukhurana/airflow/dags/dag.py took 0.140 seconds
[2024-12-18T04:11:06.552-0800] {processor.py:186} INFO - Started process (PID=53333) to work on /Users/rishukhurana/airflow/dags/dag.py
[2024-12-18T04:11:06.553-0800] {processor.py:914} INFO - Processing file /Users/rishukhurana/airflow/dags/dag.py for tasks to queue
[2024-12-18T04:11:06.555-0800] {logging_mixin.py:190} INFO - [2024-12-18T04:11:06.555-0800] {dagbag.py:588} INFO - Filling up the DagBag from /Users/rishukhurana/airflow/dags/dag.py
[2024-12-18T04:11:06.564-0800] {processor.py:925} INFO - DAG(s) 'ETL' retrieved from /Users/rishukhurana/airflow/dags/dag.py
[2024-12-18T04:11:06.652-0800] {logging_mixin.py:190} INFO - [2024-12-18T04:11:06.652-0800] {dag.py:3239} INFO - Sync 1 DAGs
[2024-12-18T04:11:06.668-0800] {logging_mixin.py:190} INFO - [2024-12-18T04:11:06.667-0800] {dag.py:4180} INFO - Setting next_dagrun for ETL to 2024-12-17 00:00:00+00:00, run_after=2024-12-18 00:00:00+00:00
[2024-12-18T04:11:06.681-0800] {processor.py:208} INFO - Processing /Users/rishukhurana/airflow/dags/dag.py took 0.136 seconds
[2024-12-18T04:14:02.965-0800] {processor.py:186} INFO - Started process (PID=53511) to work on /Users/rishukhurana/airflow/dags/dag.py
[2024-12-18T04:14:02.968-0800] {processor.py:914} INFO - Processing file /Users/rishukhurana/airflow/dags/dag.py for tasks to queue
[2024-12-18T04:14:02.969-0800] {logging_mixin.py:190} INFO - [2024-12-18T04:14:02.969-0800] {dagbag.py:588} INFO - Filling up the DagBag from /Users/rishukhurana/airflow/dags/dag.py
[2024-12-18T04:14:02.977-0800] {processor.py:925} INFO - DAG(s) 'ETL' retrieved from /Users/rishukhurana/airflow/dags/dag.py
[2024-12-18T04:14:03.059-0800] {logging_mixin.py:190} INFO - [2024-12-18T04:14:03.059-0800] {dag.py:3239} INFO - Sync 1 DAGs
[2024-12-18T04:14:03.075-0800] {logging_mixin.py:190} INFO - [2024-12-18T04:14:03.074-0800] {dag.py:4180} INFO - Setting next_dagrun for ETL to 2024-12-17 00:00:00+00:00, run_after=2024-12-18 00:00:00+00:00
[2024-12-18T04:14:03.090-0800] {processor.py:208} INFO - Processing /Users/rishukhurana/airflow/dags/dag.py took 0.129 seconds
[2024-12-18T04:16:55.099-0800] {processor.py:186} INFO - Started process (PID=53653) to work on /Users/rishukhurana/airflow/dags/dag.py
[2024-12-18T04:16:55.101-0800] {processor.py:914} INFO - Processing file /Users/rishukhurana/airflow/dags/dag.py for tasks to queue
[2024-12-18T04:16:55.103-0800] {logging_mixin.py:190} INFO - [2024-12-18T04:16:55.103-0800] {dagbag.py:588} INFO - Filling up the DagBag from /Users/rishukhurana/airflow/dags/dag.py
[2024-12-18T04:16:55.110-0800] {processor.py:925} INFO - DAG(s) 'ETL' retrieved from /Users/rishukhurana/airflow/dags/dag.py
[2024-12-18T04:16:55.191-0800] {logging_mixin.py:190} INFO - [2024-12-18T04:16:55.190-0800] {dag.py:3239} INFO - Sync 1 DAGs
[2024-12-18T04:16:55.206-0800] {logging_mixin.py:190} INFO - [2024-12-18T04:16:55.206-0800] {dag.py:4180} INFO - Setting next_dagrun for ETL to 2024-12-17 00:00:00+00:00, run_after=2024-12-18 00:00:00+00:00
[2024-12-18T04:16:55.227-0800] {processor.py:208} INFO - Processing /Users/rishukhurana/airflow/dags/dag.py took 0.134 seconds
[2024-12-18T04:19:48.265-0800] {processor.py:186} INFO - Started process (PID=53795) to work on /Users/rishukhurana/airflow/dags/dag.py
[2024-12-18T04:19:48.268-0800] {processor.py:914} INFO - Processing file /Users/rishukhurana/airflow/dags/dag.py for tasks to queue
[2024-12-18T04:19:48.269-0800] {logging_mixin.py:190} INFO - [2024-12-18T04:19:48.269-0800] {dagbag.py:588} INFO - Filling up the DagBag from /Users/rishukhurana/airflow/dags/dag.py
[2024-12-18T04:19:48.277-0800] {processor.py:925} INFO - DAG(s) 'ETL' retrieved from /Users/rishukhurana/airflow/dags/dag.py
[2024-12-18T04:19:48.372-0800] {logging_mixin.py:190} INFO - [2024-12-18T04:19:48.371-0800] {dag.py:3239} INFO - Sync 1 DAGs
[2024-12-18T04:19:48.391-0800] {logging_mixin.py:190} INFO - [2024-12-18T04:19:48.391-0800] {dag.py:4180} INFO - Setting next_dagrun for ETL to 2024-12-17 00:00:00+00:00, run_after=2024-12-18 00:00:00+00:00
[2024-12-18T04:19:48.406-0800] {processor.py:208} INFO - Processing /Users/rishukhurana/airflow/dags/dag.py took 0.147 seconds
[2024-12-18T04:22:42.046-0800] {processor.py:186} INFO - Started process (PID=53951) to work on /Users/rishukhurana/airflow/dags/dag.py
[2024-12-18T04:22:42.048-0800] {processor.py:914} INFO - Processing file /Users/rishukhurana/airflow/dags/dag.py for tasks to queue
[2024-12-18T04:22:42.051-0800] {logging_mixin.py:190} INFO - [2024-12-18T04:22:42.051-0800] {dagbag.py:588} INFO - Filling up the DagBag from /Users/rishukhurana/airflow/dags/dag.py
[2024-12-18T04:22:42.059-0800] {processor.py:925} INFO - DAG(s) 'ETL' retrieved from /Users/rishukhurana/airflow/dags/dag.py
[2024-12-18T04:22:42.172-0800] {logging_mixin.py:190} INFO - [2024-12-18T04:22:42.171-0800] {dag.py:3239} INFO - Sync 1 DAGs
[2024-12-18T04:22:42.191-0800] {logging_mixin.py:190} INFO - [2024-12-18T04:22:42.191-0800] {dag.py:4180} INFO - Setting next_dagrun for ETL to 2024-12-17 00:00:00+00:00, run_after=2024-12-18 00:00:00+00:00
[2024-12-18T04:22:42.207-0800] {processor.py:208} INFO - Processing /Users/rishukhurana/airflow/dags/dag.py took 0.169 seconds
[2024-12-18T04:25:42.113-0800] {processor.py:186} INFO - Started process (PID=54115) to work on /Users/rishukhurana/airflow/dags/dag.py
[2024-12-18T04:25:42.114-0800] {processor.py:914} INFO - Processing file /Users/rishukhurana/airflow/dags/dag.py for tasks to queue
[2024-12-18T04:25:42.116-0800] {logging_mixin.py:190} INFO - [2024-12-18T04:25:42.116-0800] {dagbag.py:588} INFO - Filling up the DagBag from /Users/rishukhurana/airflow/dags/dag.py
[2024-12-18T04:25:42.122-0800] {processor.py:925} INFO - DAG(s) 'ETL' retrieved from /Users/rishukhurana/airflow/dags/dag.py
[2024-12-18T04:25:42.219-0800] {logging_mixin.py:190} INFO - [2024-12-18T04:25:42.219-0800] {dag.py:3239} INFO - Sync 1 DAGs
[2024-12-18T04:25:42.234-0800] {logging_mixin.py:190} INFO - [2024-12-18T04:25:42.234-0800] {dag.py:4180} INFO - Setting next_dagrun for ETL to 2024-12-17 00:00:00+00:00, run_after=2024-12-18 00:00:00+00:00
[2024-12-18T04:25:42.252-0800] {processor.py:208} INFO - Processing /Users/rishukhurana/airflow/dags/dag.py took 0.145 seconds
[2024-12-18T04:28:43.429-0800] {processor.py:186} INFO - Started process (PID=54263) to work on /Users/rishukhurana/airflow/dags/dag.py
[2024-12-18T04:28:43.432-0800] {processor.py:914} INFO - Processing file /Users/rishukhurana/airflow/dags/dag.py for tasks to queue
[2024-12-18T04:28:43.433-0800] {logging_mixin.py:190} INFO - [2024-12-18T04:28:43.433-0800] {dagbag.py:588} INFO - Filling up the DagBag from /Users/rishukhurana/airflow/dags/dag.py
[2024-12-18T04:28:43.441-0800] {processor.py:925} INFO - DAG(s) 'ETL' retrieved from /Users/rishukhurana/airflow/dags/dag.py
[2024-12-18T04:28:43.523-0800] {logging_mixin.py:190} INFO - [2024-12-18T04:28:43.523-0800] {dag.py:3239} INFO - Sync 1 DAGs
[2024-12-18T04:28:43.540-0800] {logging_mixin.py:190} INFO - [2024-12-18T04:28:43.539-0800] {dag.py:4180} INFO - Setting next_dagrun for ETL to 2024-12-17 00:00:00+00:00, run_after=2024-12-18 00:00:00+00:00
[2024-12-18T04:28:43.557-0800] {processor.py:208} INFO - Processing /Users/rishukhurana/airflow/dags/dag.py took 0.135 seconds
[2024-12-18T04:31:32.850-0800] {processor.py:186} INFO - Started process (PID=54407) to work on /Users/rishukhurana/airflow/dags/dag.py
[2024-12-18T04:31:32.852-0800] {processor.py:914} INFO - Processing file /Users/rishukhurana/airflow/dags/dag.py for tasks to queue
[2024-12-18T04:31:32.854-0800] {logging_mixin.py:190} INFO - [2024-12-18T04:31:32.854-0800] {dagbag.py:588} INFO - Filling up the DagBag from /Users/rishukhurana/airflow/dags/dag.py
[2024-12-18T04:31:32.861-0800] {processor.py:925} INFO - DAG(s) 'ETL' retrieved from /Users/rishukhurana/airflow/dags/dag.py
[2024-12-18T04:31:32.942-0800] {logging_mixin.py:190} INFO - [2024-12-18T04:31:32.942-0800] {dag.py:3239} INFO - Sync 1 DAGs
[2024-12-18T04:31:32.957-0800] {logging_mixin.py:190} INFO - [2024-12-18T04:31:32.956-0800] {dag.py:4180} INFO - Setting next_dagrun for ETL to 2024-12-17 00:00:00+00:00, run_after=2024-12-18 00:00:00+00:00
[2024-12-18T04:31:32.977-0800] {processor.py:208} INFO - Processing /Users/rishukhurana/airflow/dags/dag.py took 0.135 seconds
[2024-12-18T04:34:24.317-0800] {processor.py:186} INFO - Started process (PID=54551) to work on /Users/rishukhurana/airflow/dags/dag.py
[2024-12-18T04:34:24.319-0800] {processor.py:914} INFO - Processing file /Users/rishukhurana/airflow/dags/dag.py for tasks to queue
[2024-12-18T04:34:24.320-0800] {logging_mixin.py:190} INFO - [2024-12-18T04:34:24.320-0800] {dagbag.py:588} INFO - Filling up the DagBag from /Users/rishukhurana/airflow/dags/dag.py
[2024-12-18T04:34:24.326-0800] {processor.py:925} INFO - DAG(s) 'ETL' retrieved from /Users/rishukhurana/airflow/dags/dag.py
[2024-12-18T04:34:24.409-0800] {logging_mixin.py:190} INFO - [2024-12-18T04:34:24.409-0800] {dag.py:3239} INFO - Sync 1 DAGs
[2024-12-18T04:34:24.424-0800] {logging_mixin.py:190} INFO - [2024-12-18T04:34:24.424-0800] {dag.py:4180} INFO - Setting next_dagrun for ETL to 2024-12-17 00:00:00+00:00, run_after=2024-12-18 00:00:00+00:00
[2024-12-18T04:34:24.439-0800] {processor.py:208} INFO - Processing /Users/rishukhurana/airflow/dags/dag.py took 0.128 seconds
[2024-12-18T07:33:25.258-0800] {processor.py:186} INFO - Started process (PID=54802) to work on /Users/rishukhurana/airflow/dags/dag.py
[2024-12-18T07:33:25.270-0800] {processor.py:914} INFO - Processing file /Users/rishukhurana/airflow/dags/dag.py for tasks to queue
[2024-12-18T07:33:25.274-0800] {logging_mixin.py:190} INFO - [2024-12-18T07:33:25.271-0800] {dagbag.py:588} INFO - Filling up the DagBag from /Users/rishukhurana/airflow/dags/dag.py
[2024-12-18T07:33:25.296-0800] {processor.py:925} INFO - DAG(s) 'ETL' retrieved from /Users/rishukhurana/airflow/dags/dag.py
[2024-12-18T07:33:25.508-0800] {logging_mixin.py:190} INFO - [2024-12-18T07:33:25.508-0800] {dag.py:3239} INFO - Sync 1 DAGs
[2024-12-18T07:33:25.531-0800] {logging_mixin.py:190} INFO - [2024-12-18T07:33:25.531-0800] {dag.py:4180} INFO - Setting next_dagrun for ETL to 2024-12-17 00:00:00+00:00, run_after=2024-12-18 00:00:00+00:00
[2024-12-18T07:33:25.554-0800] {processor.py:208} INFO - Processing /Users/rishukhurana/airflow/dags/dag.py took 0.302 seconds
[2024-12-18T07:36:47.054-0800] {processor.py:186} INFO - Started process (PID=55005) to work on /Users/rishukhurana/airflow/dags/dag.py
[2024-12-18T07:36:47.055-0800] {processor.py:914} INFO - Processing file /Users/rishukhurana/airflow/dags/dag.py for tasks to queue
[2024-12-18T07:36:47.057-0800] {logging_mixin.py:190} INFO - [2024-12-18T07:36:47.056-0800] {dagbag.py:588} INFO - Filling up the DagBag from /Users/rishukhurana/airflow/dags/dag.py
[2024-12-18T07:36:47.066-0800] {processor.py:925} INFO - DAG(s) 'ETL' retrieved from /Users/rishukhurana/airflow/dags/dag.py
[2024-12-18T07:36:47.156-0800] {logging_mixin.py:190} INFO - [2024-12-18T07:36:47.155-0800] {dag.py:3239} INFO - Sync 1 DAGs
[2024-12-18T07:36:47.172-0800] {logging_mixin.py:190} INFO - [2024-12-18T07:36:47.172-0800] {dag.py:4180} INFO - Setting next_dagrun for ETL to 2024-12-17 00:00:00+00:00, run_after=2024-12-18 00:00:00+00:00
[2024-12-18T07:36:47.188-0800] {processor.py:208} INFO - Processing /Users/rishukhurana/airflow/dags/dag.py took 0.139 seconds
[2024-12-18T07:39:52.876-0800] {processor.py:186} INFO - Started process (PID=55157) to work on /Users/rishukhurana/airflow/dags/dag.py
[2024-12-18T07:39:52.878-0800] {processor.py:914} INFO - Processing file /Users/rishukhurana/airflow/dags/dag.py for tasks to queue
[2024-12-18T07:39:52.880-0800] {logging_mixin.py:190} INFO - [2024-12-18T07:39:52.879-0800] {dagbag.py:588} INFO - Filling up the DagBag from /Users/rishukhurana/airflow/dags/dag.py
[2024-12-18T07:39:52.892-0800] {processor.py:925} INFO - DAG(s) 'ETL' retrieved from /Users/rishukhurana/airflow/dags/dag.py
[2024-12-18T07:39:52.978-0800] {logging_mixin.py:190} INFO - [2024-12-18T07:39:52.978-0800] {dag.py:3239} INFO - Sync 1 DAGs
[2024-12-18T07:39:52.993-0800] {logging_mixin.py:190} INFO - [2024-12-18T07:39:52.993-0800] {dag.py:4180} INFO - Setting next_dagrun for ETL to 2024-12-17 00:00:00+00:00, run_after=2024-12-18 00:00:00+00:00
[2024-12-18T07:39:53.008-0800] {processor.py:208} INFO - Processing /Users/rishukhurana/airflow/dags/dag.py took 0.140 seconds
[2024-12-18T07:42:56.017-0800] {processor.py:186} INFO - Started process (PID=55301) to work on /Users/rishukhurana/airflow/dags/dag.py
[2024-12-18T07:42:56.020-0800] {processor.py:914} INFO - Processing file /Users/rishukhurana/airflow/dags/dag.py for tasks to queue
[2024-12-18T07:42:56.021-0800] {logging_mixin.py:190} INFO - [2024-12-18T07:42:56.021-0800] {dagbag.py:588} INFO - Filling up the DagBag from /Users/rishukhurana/airflow/dags/dag.py
[2024-12-18T07:42:56.027-0800] {processor.py:925} INFO - DAG(s) 'ETL' retrieved from /Users/rishukhurana/airflow/dags/dag.py
[2024-12-18T07:42:56.110-0800] {logging_mixin.py:190} INFO - [2024-12-18T07:42:56.110-0800] {dag.py:3239} INFO - Sync 1 DAGs
[2024-12-18T07:42:56.126-0800] {logging_mixin.py:190} INFO - [2024-12-18T07:42:56.125-0800] {dag.py:4180} INFO - Setting next_dagrun for ETL to 2024-12-17 00:00:00+00:00, run_after=2024-12-18 00:00:00+00:00
[2024-12-18T07:42:56.143-0800] {processor.py:208} INFO - Processing /Users/rishukhurana/airflow/dags/dag.py took 0.132 seconds
[2024-12-18T07:45:53.507-0800] {processor.py:186} INFO - Started process (PID=55445) to work on /Users/rishukhurana/airflow/dags/dag.py
[2024-12-18T07:45:53.509-0800] {processor.py:914} INFO - Processing file /Users/rishukhurana/airflow/dags/dag.py for tasks to queue
[2024-12-18T07:45:53.511-0800] {logging_mixin.py:190} INFO - [2024-12-18T07:45:53.510-0800] {dagbag.py:588} INFO - Filling up the DagBag from /Users/rishukhurana/airflow/dags/dag.py
[2024-12-18T07:45:53.518-0800] {processor.py:925} INFO - DAG(s) 'ETL' retrieved from /Users/rishukhurana/airflow/dags/dag.py
[2024-12-18T07:45:53.602-0800] {logging_mixin.py:190} INFO - [2024-12-18T07:45:53.602-0800] {dag.py:3239} INFO - Sync 1 DAGs
[2024-12-18T07:45:53.619-0800] {logging_mixin.py:190} INFO - [2024-12-18T07:45:53.618-0800] {dag.py:4180} INFO - Setting next_dagrun for ETL to 2024-12-17 00:00:00+00:00, run_after=2024-12-18 00:00:00+00:00
[2024-12-18T07:45:53.635-0800] {processor.py:208} INFO - Processing /Users/rishukhurana/airflow/dags/dag.py took 0.135 seconds
[2024-12-18T07:48:58.317-0800] {processor.py:186} INFO - Started process (PID=55589) to work on /Users/rishukhurana/airflow/dags/dag.py
[2024-12-18T07:48:58.318-0800] {processor.py:914} INFO - Processing file /Users/rishukhurana/airflow/dags/dag.py for tasks to queue
[2024-12-18T07:48:58.320-0800] {logging_mixin.py:190} INFO - [2024-12-18T07:48:58.320-0800] {dagbag.py:588} INFO - Filling up the DagBag from /Users/rishukhurana/airflow/dags/dag.py
[2024-12-18T07:48:58.327-0800] {processor.py:925} INFO - DAG(s) 'ETL' retrieved from /Users/rishukhurana/airflow/dags/dag.py
[2024-12-18T07:48:58.422-0800] {logging_mixin.py:190} INFO - [2024-12-18T07:48:58.421-0800] {dag.py:3239} INFO - Sync 1 DAGs
[2024-12-18T07:48:58.437-0800] {logging_mixin.py:190} INFO - [2024-12-18T07:48:58.437-0800] {dag.py:4180} INFO - Setting next_dagrun for ETL to 2024-12-17 00:00:00+00:00, run_after=2024-12-18 00:00:00+00:00
[2024-12-18T07:48:58.455-0800] {processor.py:208} INFO - Processing /Users/rishukhurana/airflow/dags/dag.py took 0.145 seconds
[2024-12-18T07:52:10.616-0800] {processor.py:186} INFO - Started process (PID=55734) to work on /Users/rishukhurana/airflow/dags/dag.py
[2024-12-18T07:52:10.619-0800] {processor.py:914} INFO - Processing file /Users/rishukhurana/airflow/dags/dag.py for tasks to queue
[2024-12-18T07:52:10.620-0800] {logging_mixin.py:190} INFO - [2024-12-18T07:52:10.620-0800] {dagbag.py:588} INFO - Filling up the DagBag from /Users/rishukhurana/airflow/dags/dag.py
[2024-12-18T07:52:10.629-0800] {processor.py:925} INFO - DAG(s) 'ETL' retrieved from /Users/rishukhurana/airflow/dags/dag.py
[2024-12-18T07:52:10.727-0800] {logging_mixin.py:190} INFO - [2024-12-18T07:52:10.727-0800] {dag.py:3239} INFO - Sync 1 DAGs
[2024-12-18T07:52:10.744-0800] {logging_mixin.py:190} INFO - [2024-12-18T07:52:10.743-0800] {dag.py:4180} INFO - Setting next_dagrun for ETL to 2024-12-17 00:00:00+00:00, run_after=2024-12-18 00:00:00+00:00
[2024-12-18T07:52:10.759-0800] {processor.py:208} INFO - Processing /Users/rishukhurana/airflow/dags/dag.py took 0.150 seconds
[2024-12-18T07:55:18.349-0800] {processor.py:186} INFO - Started process (PID=55891) to work on /Users/rishukhurana/airflow/dags/dag.py
[2024-12-18T07:55:18.351-0800] {processor.py:914} INFO - Processing file /Users/rishukhurana/airflow/dags/dag.py for tasks to queue
[2024-12-18T07:55:18.352-0800] {logging_mixin.py:190} INFO - [2024-12-18T07:55:18.352-0800] {dagbag.py:588} INFO - Filling up the DagBag from /Users/rishukhurana/airflow/dags/dag.py
[2024-12-18T07:55:18.359-0800] {processor.py:925} INFO - DAG(s) 'ETL' retrieved from /Users/rishukhurana/airflow/dags/dag.py
[2024-12-18T07:55:18.456-0800] {logging_mixin.py:190} INFO - [2024-12-18T07:55:18.456-0800] {dag.py:3239} INFO - Sync 1 DAGs
[2024-12-18T07:55:18.475-0800] {logging_mixin.py:190} INFO - [2024-12-18T07:55:18.475-0800] {dag.py:4180} INFO - Setting next_dagrun for ETL to 2024-12-17 00:00:00+00:00, run_after=2024-12-18 00:00:00+00:00
[2024-12-18T07:55:18.497-0800] {processor.py:208} INFO - Processing /Users/rishukhurana/airflow/dags/dag.py took 0.152 seconds
[2024-12-18T07:58:39.571-0800] {processor.py:186} INFO - Started process (PID=56058) to work on /Users/rishukhurana/airflow/dags/dag.py
[2024-12-18T07:58:39.573-0800] {processor.py:914} INFO - Processing file /Users/rishukhurana/airflow/dags/dag.py for tasks to queue
[2024-12-18T07:58:39.575-0800] {logging_mixin.py:190} INFO - [2024-12-18T07:58:39.574-0800] {dagbag.py:588} INFO - Filling up the DagBag from /Users/rishukhurana/airflow/dags/dag.py
[2024-12-18T07:58:39.583-0800] {processor.py:925} INFO - DAG(s) 'ETL' retrieved from /Users/rishukhurana/airflow/dags/dag.py
[2024-12-18T07:58:39.676-0800] {logging_mixin.py:190} INFO - [2024-12-18T07:58:39.676-0800] {dag.py:3239} INFO - Sync 1 DAGs
[2024-12-18T07:58:39.695-0800] {logging_mixin.py:190} INFO - [2024-12-18T07:58:39.694-0800] {dag.py:4180} INFO - Setting next_dagrun for ETL to 2024-12-17 00:00:00+00:00, run_after=2024-12-18 00:00:00+00:00
[2024-12-18T07:58:39.710-0800] {processor.py:208} INFO - Processing /Users/rishukhurana/airflow/dags/dag.py took 0.146 seconds
[2024-12-18T08:01:57.065-0800] {processor.py:186} INFO - Started process (PID=56211) to work on /Users/rishukhurana/airflow/dags/dag.py
[2024-12-18T08:01:57.068-0800] {processor.py:914} INFO - Processing file /Users/rishukhurana/airflow/dags/dag.py for tasks to queue
[2024-12-18T08:01:57.070-0800] {logging_mixin.py:190} INFO - [2024-12-18T08:01:57.070-0800] {dagbag.py:588} INFO - Filling up the DagBag from /Users/rishukhurana/airflow/dags/dag.py
[2024-12-18T08:01:57.080-0800] {processor.py:925} INFO - DAG(s) 'ETL' retrieved from /Users/rishukhurana/airflow/dags/dag.py
[2024-12-18T08:01:57.177-0800] {logging_mixin.py:190} INFO - [2024-12-18T08:01:57.177-0800] {dag.py:3239} INFO - Sync 1 DAGs
[2024-12-18T08:01:57.194-0800] {logging_mixin.py:190} INFO - [2024-12-18T08:01:57.194-0800] {dag.py:4180} INFO - Setting next_dagrun for ETL to 2024-12-17 00:00:00+00:00, run_after=2024-12-18 00:00:00+00:00
[2024-12-18T08:01:57.210-0800] {processor.py:208} INFO - Processing /Users/rishukhurana/airflow/dags/dag.py took 0.153 seconds
[2024-12-18T08:05:10.427-0800] {processor.py:186} INFO - Started process (PID=56394) to work on /Users/rishukhurana/airflow/dags/dag.py
[2024-12-18T08:05:10.428-0800] {processor.py:914} INFO - Processing file /Users/rishukhurana/airflow/dags/dag.py for tasks to queue
[2024-12-18T08:05:10.430-0800] {logging_mixin.py:190} INFO - [2024-12-18T08:05:10.429-0800] {dagbag.py:588} INFO - Filling up the DagBag from /Users/rishukhurana/airflow/dags/dag.py
[2024-12-18T08:05:10.438-0800] {processor.py:925} INFO - DAG(s) 'ETL' retrieved from /Users/rishukhurana/airflow/dags/dag.py
[2024-12-18T08:05:10.534-0800] {logging_mixin.py:190} INFO - [2024-12-18T08:05:10.534-0800] {dag.py:3239} INFO - Sync 1 DAGs
[2024-12-18T08:05:10.551-0800] {logging_mixin.py:190} INFO - [2024-12-18T08:05:10.551-0800] {dag.py:4180} INFO - Setting next_dagrun for ETL to 2024-12-17 00:00:00+00:00, run_after=2024-12-18 00:00:00+00:00
[2024-12-18T08:05:10.567-0800] {processor.py:208} INFO - Processing /Users/rishukhurana/airflow/dags/dag.py took 0.148 seconds
[2024-12-18T08:08:21.799-0800] {processor.py:186} INFO - Started process (PID=56563) to work on /Users/rishukhurana/airflow/dags/dag.py
[2024-12-18T08:08:21.800-0800] {processor.py:914} INFO - Processing file /Users/rishukhurana/airflow/dags/dag.py for tasks to queue
[2024-12-18T08:08:21.801-0800] {logging_mixin.py:190} INFO - [2024-12-18T08:08:21.801-0800] {dagbag.py:588} INFO - Filling up the DagBag from /Users/rishukhurana/airflow/dags/dag.py
[2024-12-18T08:08:21.810-0800] {processor.py:925} INFO - DAG(s) 'ETL' retrieved from /Users/rishukhurana/airflow/dags/dag.py
[2024-12-18T08:08:21.907-0800] {logging_mixin.py:190} INFO - [2024-12-18T08:08:21.907-0800] {dag.py:3239} INFO - Sync 1 DAGs
[2024-12-18T08:08:21.927-0800] {logging_mixin.py:190} INFO - [2024-12-18T08:08:21.927-0800] {dag.py:4180} INFO - Setting next_dagrun for ETL to 2024-12-17 00:00:00+00:00, run_after=2024-12-18 00:00:00+00:00
[2024-12-18T08:08:21.943-0800] {processor.py:208} INFO - Processing /Users/rishukhurana/airflow/dags/dag.py took 0.151 seconds
[2024-12-18T08:11:32.637-0800] {processor.py:186} INFO - Started process (PID=56712) to work on /Users/rishukhurana/airflow/dags/dag.py
[2024-12-18T08:11:32.640-0800] {processor.py:914} INFO - Processing file /Users/rishukhurana/airflow/dags/dag.py for tasks to queue
[2024-12-18T08:11:32.641-0800] {logging_mixin.py:190} INFO - [2024-12-18T08:11:32.641-0800] {dagbag.py:588} INFO - Filling up the DagBag from /Users/rishukhurana/airflow/dags/dag.py
[2024-12-18T08:11:32.650-0800] {processor.py:925} INFO - DAG(s) 'ETL' retrieved from /Users/rishukhurana/airflow/dags/dag.py
[2024-12-18T08:11:32.750-0800] {logging_mixin.py:190} INFO - [2024-12-18T08:11:32.750-0800] {dag.py:3239} INFO - Sync 1 DAGs
[2024-12-18T08:11:32.767-0800] {logging_mixin.py:190} INFO - [2024-12-18T08:11:32.767-0800] {dag.py:4180} INFO - Setting next_dagrun for ETL to 2024-12-17 00:00:00+00:00, run_after=2024-12-18 00:00:00+00:00
[2024-12-18T08:11:32.784-0800] {processor.py:208} INFO - Processing /Users/rishukhurana/airflow/dags/dag.py took 0.150 seconds
[2024-12-18T08:14:42.438-0800] {processor.py:186} INFO - Started process (PID=56857) to work on /Users/rishukhurana/airflow/dags/dag.py
[2024-12-18T08:14:42.440-0800] {processor.py:914} INFO - Processing file /Users/rishukhurana/airflow/dags/dag.py for tasks to queue
[2024-12-18T08:14:42.442-0800] {logging_mixin.py:190} INFO - [2024-12-18T08:14:42.442-0800] {dagbag.py:588} INFO - Filling up the DagBag from /Users/rishukhurana/airflow/dags/dag.py
[2024-12-18T08:14:42.452-0800] {processor.py:925} INFO - DAG(s) 'ETL' retrieved from /Users/rishukhurana/airflow/dags/dag.py
[2024-12-18T08:14:42.548-0800] {logging_mixin.py:190} INFO - [2024-12-18T08:14:42.548-0800] {dag.py:3239} INFO - Sync 1 DAGs
[2024-12-18T08:14:42.565-0800] {logging_mixin.py:190} INFO - [2024-12-18T08:14:42.565-0800] {dag.py:4180} INFO - Setting next_dagrun for ETL to 2024-12-17 00:00:00+00:00, run_after=2024-12-18 00:00:00+00:00
[2024-12-18T08:14:42.583-0800] {processor.py:208} INFO - Processing /Users/rishukhurana/airflow/dags/dag.py took 0.152 seconds
[2024-12-18T08:17:57.729-0800] {processor.py:186} INFO - Started process (PID=57008) to work on /Users/rishukhurana/airflow/dags/dag.py
[2024-12-18T08:17:57.731-0800] {processor.py:914} INFO - Processing file /Users/rishukhurana/airflow/dags/dag.py for tasks to queue
[2024-12-18T08:17:57.733-0800] {logging_mixin.py:190} INFO - [2024-12-18T08:17:57.732-0800] {dagbag.py:588} INFO - Filling up the DagBag from /Users/rishukhurana/airflow/dags/dag.py
[2024-12-18T08:17:57.741-0800] {processor.py:925} INFO - DAG(s) 'ETL' retrieved from /Users/rishukhurana/airflow/dags/dag.py
[2024-12-18T08:17:57.836-0800] {logging_mixin.py:190} INFO - [2024-12-18T08:17:57.836-0800] {dag.py:3239} INFO - Sync 1 DAGs
[2024-12-18T08:17:57.853-0800] {logging_mixin.py:190} INFO - [2024-12-18T08:17:57.852-0800] {dag.py:4180} INFO - Setting next_dagrun for ETL to 2024-12-17 00:00:00+00:00, run_after=2024-12-18 00:00:00+00:00
[2024-12-18T08:17:57.870-0800] {processor.py:208} INFO - Processing /Users/rishukhurana/airflow/dags/dag.py took 0.148 seconds
[2024-12-18T08:21:07.169-0800] {processor.py:186} INFO - Started process (PID=57153) to work on /Users/rishukhurana/airflow/dags/dag.py
[2024-12-18T08:21:07.171-0800] {processor.py:914} INFO - Processing file /Users/rishukhurana/airflow/dags/dag.py for tasks to queue
[2024-12-18T08:21:07.173-0800] {logging_mixin.py:190} INFO - [2024-12-18T08:21:07.173-0800] {dagbag.py:588} INFO - Filling up the DagBag from /Users/rishukhurana/airflow/dags/dag.py
[2024-12-18T08:21:07.181-0800] {processor.py:925} INFO - DAG(s) 'ETL' retrieved from /Users/rishukhurana/airflow/dags/dag.py
[2024-12-18T08:21:07.278-0800] {logging_mixin.py:190} INFO - [2024-12-18T08:21:07.278-0800] {dag.py:3239} INFO - Sync 1 DAGs
[2024-12-18T08:21:07.295-0800] {logging_mixin.py:190} INFO - [2024-12-18T08:21:07.295-0800] {dag.py:4180} INFO - Setting next_dagrun for ETL to 2024-12-17 00:00:00+00:00, run_after=2024-12-18 00:00:00+00:00
[2024-12-18T08:21:07.312-0800] {processor.py:208} INFO - Processing /Users/rishukhurana/airflow/dags/dag.py took 0.148 seconds
[2024-12-18T08:24:16.365-0800] {processor.py:186} INFO - Started process (PID=57301) to work on /Users/rishukhurana/airflow/dags/dag.py
[2024-12-18T08:24:16.367-0800] {processor.py:914} INFO - Processing file /Users/rishukhurana/airflow/dags/dag.py for tasks to queue
[2024-12-18T08:24:16.369-0800] {logging_mixin.py:190} INFO - [2024-12-18T08:24:16.369-0800] {dagbag.py:588} INFO - Filling up the DagBag from /Users/rishukhurana/airflow/dags/dag.py
[2024-12-18T08:24:16.379-0800] {processor.py:925} INFO - DAG(s) 'ETL' retrieved from /Users/rishukhurana/airflow/dags/dag.py
[2024-12-18T08:24:16.474-0800] {logging_mixin.py:190} INFO - [2024-12-18T08:24:16.473-0800] {dag.py:3239} INFO - Sync 1 DAGs
[2024-12-18T08:24:16.490-0800] {logging_mixin.py:190} INFO - [2024-12-18T08:24:16.490-0800] {dag.py:4180} INFO - Setting next_dagrun for ETL to 2024-12-17 00:00:00+00:00, run_after=2024-12-18 00:00:00+00:00
[2024-12-18T08:24:16.507-0800] {processor.py:208} INFO - Processing /Users/rishukhurana/airflow/dags/dag.py took 0.148 seconds
[2024-12-18T08:27:25.025-0800] {processor.py:186} INFO - Started process (PID=57449) to work on /Users/rishukhurana/airflow/dags/dag.py
[2024-12-18T08:27:25.028-0800] {processor.py:914} INFO - Processing file /Users/rishukhurana/airflow/dags/dag.py for tasks to queue
[2024-12-18T08:27:25.029-0800] {logging_mixin.py:190} INFO - [2024-12-18T08:27:25.029-0800] {dagbag.py:588} INFO - Filling up the DagBag from /Users/rishukhurana/airflow/dags/dag.py
[2024-12-18T08:27:25.037-0800] {processor.py:925} INFO - DAG(s) 'ETL' retrieved from /Users/rishukhurana/airflow/dags/dag.py
[2024-12-18T08:27:25.131-0800] {logging_mixin.py:190} INFO - [2024-12-18T08:27:25.131-0800] {dag.py:3239} INFO - Sync 1 DAGs
[2024-12-18T08:27:25.149-0800] {logging_mixin.py:190} INFO - [2024-12-18T08:27:25.149-0800] {dag.py:4180} INFO - Setting next_dagrun for ETL to 2024-12-17 00:00:00+00:00, run_after=2024-12-18 00:00:00+00:00
[2024-12-18T08:27:25.165-0800] {processor.py:208} INFO - Processing /Users/rishukhurana/airflow/dags/dag.py took 0.147 seconds
[2024-12-18T08:30:35.740-0800] {processor.py:186} INFO - Started process (PID=57599) to work on /Users/rishukhurana/airflow/dags/dag.py
[2024-12-18T08:30:35.742-0800] {processor.py:914} INFO - Processing file /Users/rishukhurana/airflow/dags/dag.py for tasks to queue
[2024-12-18T08:30:35.743-0800] {logging_mixin.py:190} INFO - [2024-12-18T08:30:35.743-0800] {dagbag.py:588} INFO - Filling up the DagBag from /Users/rishukhurana/airflow/dags/dag.py
[2024-12-18T08:30:35.751-0800] {processor.py:925} INFO - DAG(s) 'ETL' retrieved from /Users/rishukhurana/airflow/dags/dag.py
[2024-12-18T08:30:35.852-0800] {logging_mixin.py:190} INFO - [2024-12-18T08:30:35.852-0800] {dag.py:3239} INFO - Sync 1 DAGs
[2024-12-18T08:30:35.871-0800] {logging_mixin.py:190} INFO - [2024-12-18T08:30:35.871-0800] {dag.py:4180} INFO - Setting next_dagrun for ETL to 2024-12-17 00:00:00+00:00, run_after=2024-12-18 00:00:00+00:00
[2024-12-18T08:30:35.886-0800] {processor.py:208} INFO - Processing /Users/rishukhurana/airflow/dags/dag.py took 0.152 seconds
[2024-12-18T08:33:43.632-0800] {processor.py:186} INFO - Started process (PID=57764) to work on /Users/rishukhurana/airflow/dags/dag.py
[2024-12-18T08:33:43.634-0800] {processor.py:914} INFO - Processing file /Users/rishukhurana/airflow/dags/dag.py for tasks to queue
[2024-12-18T08:33:43.635-0800] {logging_mixin.py:190} INFO - [2024-12-18T08:33:43.635-0800] {dagbag.py:588} INFO - Filling up the DagBag from /Users/rishukhurana/airflow/dags/dag.py
[2024-12-18T08:33:43.643-0800] {processor.py:925} INFO - DAG(s) 'ETL' retrieved from /Users/rishukhurana/airflow/dags/dag.py
[2024-12-18T08:33:43.729-0800] {logging_mixin.py:190} INFO - [2024-12-18T08:33:43.728-0800] {dag.py:3239} INFO - Sync 1 DAGs
[2024-12-18T08:33:43.744-0800] {logging_mixin.py:190} INFO - [2024-12-18T08:33:43.743-0800] {dag.py:4180} INFO - Setting next_dagrun for ETL to 2024-12-17 00:00:00+00:00, run_after=2024-12-18 00:00:00+00:00
[2024-12-18T08:33:43.758-0800] {processor.py:208} INFO - Processing /Users/rishukhurana/airflow/dags/dag.py took 0.134 seconds
[2024-12-18T08:36:42.534-0800] {processor.py:186} INFO - Started process (PID=57908) to work on /Users/rishukhurana/airflow/dags/dag.py
[2024-12-18T08:36:42.536-0800] {processor.py:914} INFO - Processing file /Users/rishukhurana/airflow/dags/dag.py for tasks to queue
[2024-12-18T08:36:42.538-0800] {logging_mixin.py:190} INFO - [2024-12-18T08:36:42.538-0800] {dagbag.py:588} INFO - Filling up the DagBag from /Users/rishukhurana/airflow/dags/dag.py
[2024-12-18T08:36:42.546-0800] {processor.py:925} INFO - DAG(s) 'ETL' retrieved from /Users/rishukhurana/airflow/dags/dag.py
[2024-12-18T08:36:42.628-0800] {logging_mixin.py:190} INFO - [2024-12-18T08:36:42.627-0800] {dag.py:3239} INFO - Sync 1 DAGs
[2024-12-18T08:36:42.643-0800] {logging_mixin.py:190} INFO - [2024-12-18T08:36:42.642-0800] {dag.py:4180} INFO - Setting next_dagrun for ETL to 2024-12-17 00:00:00+00:00, run_after=2024-12-18 00:00:00+00:00
[2024-12-18T08:36:42.663-0800] {processor.py:208} INFO - Processing /Users/rishukhurana/airflow/dags/dag.py took 0.135 seconds
[2024-12-18T08:39:47.979-0800] {processor.py:186} INFO - Started process (PID=58096) to work on /Users/rishukhurana/airflow/dags/dag.py
[2024-12-18T08:39:47.981-0800] {processor.py:914} INFO - Processing file /Users/rishukhurana/airflow/dags/dag.py for tasks to queue
[2024-12-18T08:39:47.983-0800] {logging_mixin.py:190} INFO - [2024-12-18T08:39:47.983-0800] {dagbag.py:588} INFO - Filling up the DagBag from /Users/rishukhurana/airflow/dags/dag.py
[2024-12-18T08:39:47.991-0800] {processor.py:925} INFO - DAG(s) 'ETL' retrieved from /Users/rishukhurana/airflow/dags/dag.py
[2024-12-18T08:39:48.078-0800] {logging_mixin.py:190} INFO - [2024-12-18T08:39:48.078-0800] {dag.py:3239} INFO - Sync 1 DAGs
[2024-12-18T08:39:48.094-0800] {logging_mixin.py:190} INFO - [2024-12-18T08:39:48.094-0800] {dag.py:4180} INFO - Setting next_dagrun for ETL to 2024-12-17 00:00:00+00:00, run_after=2024-12-18 00:00:00+00:00
[2024-12-18T08:39:48.109-0800] {processor.py:208} INFO - Processing /Users/rishukhurana/airflow/dags/dag.py took 0.137 seconds
[2024-12-18T08:42:42.935-0800] {processor.py:186} INFO - Started process (PID=58255) to work on /Users/rishukhurana/airflow/dags/dag.py
[2024-12-18T08:42:42.937-0800] {processor.py:914} INFO - Processing file /Users/rishukhurana/airflow/dags/dag.py for tasks to queue
[2024-12-18T08:42:42.940-0800] {logging_mixin.py:190} INFO - [2024-12-18T08:42:42.939-0800] {dagbag.py:588} INFO - Filling up the DagBag from /Users/rishukhurana/airflow/dags/dag.py
[2024-12-18T08:42:42.947-0800] {processor.py:925} INFO - DAG(s) 'ETL' retrieved from /Users/rishukhurana/airflow/dags/dag.py
[2024-12-18T08:42:43.030-0800] {logging_mixin.py:190} INFO - [2024-12-18T08:42:43.030-0800] {dag.py:3239} INFO - Sync 1 DAGs
[2024-12-18T08:42:43.045-0800] {logging_mixin.py:190} INFO - [2024-12-18T08:42:43.044-0800] {dag.py:4180} INFO - Setting next_dagrun for ETL to 2024-12-17 00:00:00+00:00, run_after=2024-12-18 00:00:00+00:00
[2024-12-18T08:42:43.061-0800] {processor.py:208} INFO - Processing /Users/rishukhurana/airflow/dags/dag.py took 0.132 seconds
[2024-12-18T09:00:34.542-0800] {processor.py:186} INFO - Started process (PID=58420) to work on /Users/rishukhurana/airflow/dags/dag.py
[2024-12-18T09:00:34.544-0800] {processor.py:914} INFO - Processing file /Users/rishukhurana/airflow/dags/dag.py for tasks to queue
[2024-12-18T09:00:34.546-0800] {logging_mixin.py:190} INFO - [2024-12-18T09:00:34.545-0800] {dagbag.py:588} INFO - Filling up the DagBag from /Users/rishukhurana/airflow/dags/dag.py
[2024-12-18T09:00:34.556-0800] {processor.py:925} INFO - DAG(s) 'ETL' retrieved from /Users/rishukhurana/airflow/dags/dag.py
[2024-12-18T09:00:34.669-0800] {logging_mixin.py:190} INFO - [2024-12-18T09:00:34.668-0800] {dag.py:3239} INFO - Sync 1 DAGs
[2024-12-18T09:00:34.686-0800] {logging_mixin.py:190} INFO - [2024-12-18T09:00:34.686-0800] {dag.py:4180} INFO - Setting next_dagrun for ETL to 2024-12-17 00:00:00+00:00, run_after=2024-12-18 00:00:00+00:00
[2024-12-18T09:00:34.701-0800] {processor.py:208} INFO - Processing /Users/rishukhurana/airflow/dags/dag.py took 0.166 seconds
[2024-12-18T09:03:41.529-0800] {processor.py:186} INFO - Started process (PID=58579) to work on /Users/rishukhurana/airflow/dags/dag.py
[2024-12-18T09:03:41.531-0800] {processor.py:914} INFO - Processing file /Users/rishukhurana/airflow/dags/dag.py for tasks to queue
[2024-12-18T09:03:41.532-0800] {logging_mixin.py:190} INFO - [2024-12-18T09:03:41.532-0800] {dagbag.py:588} INFO - Filling up the DagBag from /Users/rishukhurana/airflow/dags/dag.py
[2024-12-18T09:03:41.540-0800] {processor.py:925} INFO - DAG(s) 'ETL' retrieved from /Users/rishukhurana/airflow/dags/dag.py
[2024-12-18T09:03:41.634-0800] {logging_mixin.py:190} INFO - [2024-12-18T09:03:41.634-0800] {dag.py:3239} INFO - Sync 1 DAGs
[2024-12-18T09:03:41.650-0800] {logging_mixin.py:190} INFO - [2024-12-18T09:03:41.650-0800] {dag.py:4180} INFO - Setting next_dagrun for ETL to 2024-12-17 00:00:00+00:00, run_after=2024-12-18 00:00:00+00:00
[2024-12-18T09:03:41.666-0800] {processor.py:208} INFO - Processing /Users/rishukhurana/airflow/dags/dag.py took 0.143 seconds
[2024-12-18T09:06:50.327-0800] {processor.py:186} INFO - Started process (PID=58730) to work on /Users/rishukhurana/airflow/dags/dag.py
[2024-12-18T09:06:50.329-0800] {processor.py:914} INFO - Processing file /Users/rishukhurana/airflow/dags/dag.py for tasks to queue
[2024-12-18T09:06:50.331-0800] {logging_mixin.py:190} INFO - [2024-12-18T09:06:50.331-0800] {dagbag.py:588} INFO - Filling up the DagBag from /Users/rishukhurana/airflow/dags/dag.py
[2024-12-18T09:06:50.338-0800] {processor.py:925} INFO - DAG(s) 'ETL' retrieved from /Users/rishukhurana/airflow/dags/dag.py
[2024-12-18T09:06:50.432-0800] {logging_mixin.py:190} INFO - [2024-12-18T09:06:50.432-0800] {dag.py:3239} INFO - Sync 1 DAGs
[2024-12-18T09:06:50.448-0800] {logging_mixin.py:190} INFO - [2024-12-18T09:06:50.447-0800] {dag.py:4180} INFO - Setting next_dagrun for ETL to 2024-12-17 00:00:00+00:00, run_after=2024-12-18 00:00:00+00:00
[2024-12-18T09:06:50.463-0800] {processor.py:208} INFO - Processing /Users/rishukhurana/airflow/dags/dag.py took 0.143 seconds
[2024-12-18T09:09:58.048-0800] {processor.py:186} INFO - Started process (PID=58881) to work on /Users/rishukhurana/airflow/dags/dag.py
[2024-12-18T09:09:58.050-0800] {processor.py:914} INFO - Processing file /Users/rishukhurana/airflow/dags/dag.py for tasks to queue
[2024-12-18T09:09:58.052-0800] {logging_mixin.py:190} INFO - [2024-12-18T09:09:58.052-0800] {dagbag.py:588} INFO - Filling up the DagBag from /Users/rishukhurana/airflow/dags/dag.py
[2024-12-18T09:09:58.060-0800] {processor.py:925} INFO - DAG(s) 'ETL' retrieved from /Users/rishukhurana/airflow/dags/dag.py
[2024-12-18T09:09:58.153-0800] {logging_mixin.py:190} INFO - [2024-12-18T09:09:58.153-0800] {dag.py:3239} INFO - Sync 1 DAGs
[2024-12-18T09:09:58.171-0800] {logging_mixin.py:190} INFO - [2024-12-18T09:09:58.171-0800] {dag.py:4180} INFO - Setting next_dagrun for ETL to 2024-12-17 00:00:00+00:00, run_after=2024-12-18 00:00:00+00:00
[2024-12-18T09:09:58.190-0800] {processor.py:208} INFO - Processing /Users/rishukhurana/airflow/dags/dag.py took 0.148 seconds
[2024-12-18T09:13:11.608-0800] {processor.py:186} INFO - Started process (PID=59036) to work on /Users/rishukhurana/airflow/dags/dag.py
[2024-12-18T09:13:11.613-0800] {processor.py:914} INFO - Processing file /Users/rishukhurana/airflow/dags/dag.py for tasks to queue
[2024-12-18T09:13:11.614-0800] {logging_mixin.py:190} INFO - [2024-12-18T09:13:11.614-0800] {dagbag.py:588} INFO - Filling up the DagBag from /Users/rishukhurana/airflow/dags/dag.py
[2024-12-18T09:13:11.623-0800] {processor.py:925} INFO - DAG(s) 'ETL' retrieved from /Users/rishukhurana/airflow/dags/dag.py
[2024-12-18T09:13:11.707-0800] {logging_mixin.py:190} INFO - [2024-12-18T09:13:11.707-0800] {dag.py:3239} INFO - Sync 1 DAGs
[2024-12-18T09:13:11.722-0800] {logging_mixin.py:190} INFO - [2024-12-18T09:13:11.722-0800] {dag.py:4180} INFO - Setting next_dagrun for ETL to 2024-12-17 00:00:00+00:00, run_after=2024-12-18 00:00:00+00:00
[2024-12-18T09:13:11.743-0800] {processor.py:208} INFO - Processing /Users/rishukhurana/airflow/dags/dag.py took 0.139 seconds
[2024-12-18T09:16:20.991-0800] {processor.py:186} INFO - Started process (PID=59189) to work on /Users/rishukhurana/airflow/dags/dag.py
[2024-12-18T09:16:20.993-0800] {processor.py:914} INFO - Processing file /Users/rishukhurana/airflow/dags/dag.py for tasks to queue
[2024-12-18T09:16:20.994-0800] {logging_mixin.py:190} INFO - [2024-12-18T09:16:20.994-0800] {dagbag.py:588} INFO - Filling up the DagBag from /Users/rishukhurana/airflow/dags/dag.py
[2024-12-18T09:16:21.002-0800] {processor.py:925} INFO - DAG(s) 'ETL' retrieved from /Users/rishukhurana/airflow/dags/dag.py
[2024-12-18T09:16:21.094-0800] {logging_mixin.py:190} INFO - [2024-12-18T09:16:21.094-0800] {dag.py:3239} INFO - Sync 1 DAGs
[2024-12-18T09:16:21.111-0800] {logging_mixin.py:190} INFO - [2024-12-18T09:16:21.111-0800] {dag.py:4180} INFO - Setting next_dagrun for ETL to 2024-12-17 00:00:00+00:00, run_after=2024-12-18 00:00:00+00:00
[2024-12-18T09:16:21.125-0800] {processor.py:208} INFO - Processing /Users/rishukhurana/airflow/dags/dag.py took 0.141 seconds
[2024-12-18T09:19:22.603-0800] {processor.py:186} INFO - Started process (PID=59352) to work on /Users/rishukhurana/airflow/dags/dag.py
[2024-12-18T09:19:22.605-0800] {processor.py:914} INFO - Processing file /Users/rishukhurana/airflow/dags/dag.py for tasks to queue
[2024-12-18T09:19:22.607-0800] {logging_mixin.py:190} INFO - [2024-12-18T09:19:22.606-0800] {dagbag.py:588} INFO - Filling up the DagBag from /Users/rishukhurana/airflow/dags/dag.py
[2024-12-18T09:19:22.614-0800] {processor.py:925} INFO - DAG(s) 'ETL' retrieved from /Users/rishukhurana/airflow/dags/dag.py
[2024-12-18T09:19:22.698-0800] {logging_mixin.py:190} INFO - [2024-12-18T09:19:22.698-0800] {dag.py:3239} INFO - Sync 1 DAGs
[2024-12-18T09:19:22.714-0800] {logging_mixin.py:190} INFO - [2024-12-18T09:19:22.713-0800] {dag.py:4180} INFO - Setting next_dagrun for ETL to 2024-12-17 00:00:00+00:00, run_after=2024-12-18 00:00:00+00:00
[2024-12-18T09:19:22.729-0800] {processor.py:208} INFO - Processing /Users/rishukhurana/airflow/dags/dag.py took 0.132 seconds
[2024-12-18T09:22:29.675-0800] {processor.py:186} INFO - Started process (PID=59530) to work on /Users/rishukhurana/airflow/dags/dag.py
[2024-12-18T09:22:29.678-0800] {processor.py:914} INFO - Processing file /Users/rishukhurana/airflow/dags/dag.py for tasks to queue
[2024-12-18T09:22:29.679-0800] {logging_mixin.py:190} INFO - [2024-12-18T09:22:29.679-0800] {dagbag.py:588} INFO - Filling up the DagBag from /Users/rishukhurana/airflow/dags/dag.py
[2024-12-18T09:22:29.689-0800] {processor.py:925} INFO - DAG(s) 'ETL' retrieved from /Users/rishukhurana/airflow/dags/dag.py
[2024-12-18T09:22:29.801-0800] {logging_mixin.py:190} INFO - [2024-12-18T09:22:29.801-0800] {dag.py:3239} INFO - Sync 1 DAGs
[2024-12-18T09:22:29.818-0800] {logging_mixin.py:190} INFO - [2024-12-18T09:22:29.818-0800] {dag.py:4180} INFO - Setting next_dagrun for ETL to 2024-12-17 00:00:00+00:00, run_after=2024-12-18 00:00:00+00:00
[2024-12-18T09:22:29.834-0800] {processor.py:208} INFO - Processing /Users/rishukhurana/airflow/dags/dag.py took 0.167 seconds
[2024-12-18T09:25:42.411-0800] {processor.py:186} INFO - Started process (PID=59700) to work on /Users/rishukhurana/airflow/dags/dag.py
[2024-12-18T09:25:42.413-0800] {processor.py:914} INFO - Processing file /Users/rishukhurana/airflow/dags/dag.py for tasks to queue
[2024-12-18T09:25:42.415-0800] {logging_mixin.py:190} INFO - [2024-12-18T09:25:42.415-0800] {dagbag.py:588} INFO - Filling up the DagBag from /Users/rishukhurana/airflow/dags/dag.py
[2024-12-18T09:25:42.426-0800] {processor.py:925} INFO - DAG(s) 'ETL' retrieved from /Users/rishukhurana/airflow/dags/dag.py
[2024-12-18T09:25:42.517-0800] {logging_mixin.py:190} INFO - [2024-12-18T09:25:42.517-0800] {dag.py:3239} INFO - Sync 1 DAGs
[2024-12-18T09:25:42.534-0800] {logging_mixin.py:190} INFO - [2024-12-18T09:25:42.533-0800] {dag.py:4180} INFO - Setting next_dagrun for ETL to 2024-12-17 00:00:00+00:00, run_after=2024-12-18 00:00:00+00:00
[2024-12-18T09:25:42.550-0800] {processor.py:208} INFO - Processing /Users/rishukhurana/airflow/dags/dag.py took 0.144 seconds
[2024-12-18T09:28:55.395-0800] {processor.py:186} INFO - Started process (PID=59855) to work on /Users/rishukhurana/airflow/dags/dag.py
[2024-12-18T09:28:55.397-0800] {processor.py:914} INFO - Processing file /Users/rishukhurana/airflow/dags/dag.py for tasks to queue
[2024-12-18T09:28:55.399-0800] {logging_mixin.py:190} INFO - [2024-12-18T09:28:55.399-0800] {dagbag.py:588} INFO - Filling up the DagBag from /Users/rishukhurana/airflow/dags/dag.py
[2024-12-18T09:28:55.406-0800] {processor.py:925} INFO - DAG(s) 'ETL' retrieved from /Users/rishukhurana/airflow/dags/dag.py
[2024-12-18T09:28:55.513-0800] {logging_mixin.py:190} INFO - [2024-12-18T09:28:55.513-0800] {dag.py:3239} INFO - Sync 1 DAGs
[2024-12-18T09:28:55.531-0800] {logging_mixin.py:190} INFO - [2024-12-18T09:28:55.531-0800] {dag.py:4180} INFO - Setting next_dagrun for ETL to 2024-12-17 00:00:00+00:00, run_after=2024-12-18 00:00:00+00:00
[2024-12-18T09:28:55.550-0800] {processor.py:208} INFO - Processing /Users/rishukhurana/airflow/dags/dag.py took 0.162 seconds
[2024-12-18T10:43:08.292-0800] {processor.py:186} INFO - Started process (PID=60083) to work on /Users/rishukhurana/airflow/dags/dag.py
[2024-12-18T10:43:08.296-0800] {processor.py:914} INFO - Processing file /Users/rishukhurana/airflow/dags/dag.py for tasks to queue
[2024-12-18T10:43:08.299-0800] {logging_mixin.py:190} INFO - [2024-12-18T10:43:08.298-0800] {dagbag.py:588} INFO - Filling up the DagBag from /Users/rishukhurana/airflow/dags/dag.py
[2024-12-18T10:43:08.312-0800] {processor.py:925} INFO - DAG(s) 'ETL' retrieved from /Users/rishukhurana/airflow/dags/dag.py
[2024-12-18T10:43:08.407-0800] {logging_mixin.py:190} INFO - [2024-12-18T10:43:08.406-0800] {dag.py:3239} INFO - Sync 1 DAGs
[2024-12-18T10:43:08.434-0800] {logging_mixin.py:190} INFO - [2024-12-18T10:43:08.433-0800] {dag.py:4180} INFO - Setting next_dagrun for ETL to 2024-12-17 00:00:00+00:00, run_after=2024-12-18 00:00:00+00:00
[2024-12-18T10:43:08.454-0800] {processor.py:208} INFO - Processing /Users/rishukhurana/airflow/dags/dag.py took 0.172 seconds
[2024-12-18T14:34:44.025-0800] {processor.py:186} INFO - Started process (PID=60436) to work on /Users/rishukhurana/airflow/dags/dag.py
[2024-12-18T14:34:44.042-0800] {processor.py:914} INFO - Processing file /Users/rishukhurana/airflow/dags/dag.py for tasks to queue
[2024-12-18T14:34:44.049-0800] {logging_mixin.py:190} INFO - [2024-12-18T14:34:44.048-0800] {dagbag.py:588} INFO - Filling up the DagBag from /Users/rishukhurana/airflow/dags/dag.py
[2024-12-18T14:34:44.122-0800] {processor.py:925} INFO - DAG(s) 'ETL' retrieved from /Users/rishukhurana/airflow/dags/dag.py
[2024-12-18T14:34:44.872-0800] {logging_mixin.py:190} INFO - [2024-12-18T14:34:44.870-0800] {dag.py:3239} INFO - Sync 1 DAGs
[2024-12-18T14:34:45.012-0800] {logging_mixin.py:190} INFO - [2024-12-18T14:34:45.011-0800] {dag.py:4180} INFO - Setting next_dagrun for ETL to 2024-12-17 00:00:00+00:00, run_after=2024-12-18 00:00:00+00:00
[2024-12-18T14:34:45.132-0800] {processor.py:208} INFO - Processing /Users/rishukhurana/airflow/dags/dag.py took 1.160 seconds
