[2024-12-17T17:00:46.741-0800] {processor.py:186} INFO - Started process (PID=49174) to work on /Users/rishukhurana/airflow/dags/modular_bizlogic_modular.py
[2024-12-17T17:00:46.758-0800] {processor.py:914} INFO - Processing file /Users/rishukhurana/airflow/dags/modular_bizlogic_modular.py for tasks to queue
[2024-12-17T17:00:46.773-0800] {logging_mixin.py:190} INFO - [2024-12-17T17:00:46.769-0800] {dagbag.py:588} INFO - Filling up the DagBag from /Users/rishukhurana/airflow/dags/modular_bizlogic_modular.py
[2024-12-17T17:00:50.552-0800] {logging_mixin.py:190} INFO - [2024-12-17T17:00:50.546-0800] {utils.py:160} INFO - NumExpr defaulting to 8 threads.
[2024-12-17T17:00:53.724-0800] {processor.py:925} INFO - DAG(s) 'ALL_IN_ONE_Modular_etl' retrieved from /Users/rishukhurana/airflow/dags/modular_bizlogic_modular.py
[2024-12-17T17:00:54.686-0800] {logging_mixin.py:190} INFO - [2024-12-17T17:00:54.672-0800] {dag.py:3239} INFO - Sync 1 DAGs
[2024-12-17T17:00:54.941-0800] {logging_mixin.py:190} INFO - [2024-12-17T17:00:54.939-0800] {dag.py:4180} INFO - Setting next_dagrun for ALL_IN_ONE_Modular_etl to 2024-12-18 00:00:00+00:00, run_after=2024-12-19 00:00:00+00:00
[2024-12-17T17:00:55.187-0800] {processor.py:208} INFO - Processing /Users/rishukhurana/airflow/dags/modular_bizlogic_modular.py took 8.521 seconds
[2024-12-18T02:12:20.327-0800] {processor.py:186} INFO - Started process (PID=49447) to work on /Users/rishukhurana/airflow/dags/modular_bizlogic_modular.py
[2024-12-18T02:12:20.329-0800] {processor.py:914} INFO - Processing file /Users/rishukhurana/airflow/dags/modular_bizlogic_modular.py for tasks to queue
[2024-12-18T02:12:20.331-0800] {logging_mixin.py:190} INFO - [2024-12-18T02:12:20.330-0800] {dagbag.py:588} INFO - Filling up the DagBag from /Users/rishukhurana/airflow/dags/modular_bizlogic_modular.py
[2024-12-18T02:12:21.047-0800] {logging_mixin.py:190} INFO - [2024-12-18T02:12:21.046-0800] {utils.py:160} INFO - NumExpr defaulting to 8 threads.
[2024-12-18T02:12:21.683-0800] {processor.py:925} INFO - DAG(s) 'ALL_IN_ONE_Modular_etl' retrieved from /Users/rishukhurana/airflow/dags/modular_bizlogic_modular.py
[2024-12-18T02:12:21.765-0800] {logging_mixin.py:190} INFO - [2024-12-18T02:12:21.764-0800] {dag.py:3239} INFO - Sync 1 DAGs
[2024-12-18T02:12:21.783-0800] {logging_mixin.py:190} INFO - [2024-12-18T02:12:21.782-0800] {dag.py:4180} INFO - Setting next_dagrun for ALL_IN_ONE_Modular_etl to 2024-12-18 00:00:00+00:00, run_after=2024-12-19 00:00:00+00:00
[2024-12-18T02:12:21.802-0800] {processor.py:208} INFO - Processing /Users/rishukhurana/airflow/dags/modular_bizlogic_modular.py took 1.480 seconds
[2024-12-18T02:59:37.440-0800] {processor.py:186} INFO - Started process (PID=49674) to work on /Users/rishukhurana/airflow/dags/modular_bizlogic_modular.py
[2024-12-18T02:59:37.446-0800] {processor.py:914} INFO - Processing file /Users/rishukhurana/airflow/dags/modular_bizlogic_modular.py for tasks to queue
[2024-12-18T02:59:37.449-0800] {logging_mixin.py:190} INFO - [2024-12-18T02:59:37.448-0800] {dagbag.py:588} INFO - Filling up the DagBag from /Users/rishukhurana/airflow/dags/modular_bizlogic_modular.py
[2024-12-18T02:59:38.310-0800] {logging_mixin.py:190} INFO - [2024-12-18T02:59:38.310-0800] {utils.py:160} INFO - NumExpr defaulting to 8 threads.
[2024-12-18T02:59:38.922-0800] {processor.py:925} INFO - DAG(s) 'ALL_IN_ONE_Modular_etl' retrieved from /Users/rishukhurana/airflow/dags/modular_bizlogic_modular.py
[2024-12-18T02:59:39.073-0800] {logging_mixin.py:190} INFO - [2024-12-18T02:59:39.072-0800] {dag.py:3239} INFO - Sync 1 DAGs
[2024-12-18T02:59:39.103-0800] {logging_mixin.py:190} INFO - [2024-12-18T02:59:39.103-0800] {dag.py:4180} INFO - Setting next_dagrun for ALL_IN_ONE_Modular_etl to 2024-12-18 00:00:00+00:00, run_after=2024-12-19 00:00:00+00:00
[2024-12-18T02:59:39.130-0800] {processor.py:208} INFO - Processing /Users/rishukhurana/airflow/dags/modular_bizlogic_modular.py took 1.701 seconds
[2024-12-18T03:05:24.214-0800] {processor.py:186} INFO - Started process (PID=49878) to work on /Users/rishukhurana/airflow/dags/modular_bizlogic_modular.py
[2024-12-18T03:05:24.217-0800] {processor.py:914} INFO - Processing file /Users/rishukhurana/airflow/dags/modular_bizlogic_modular.py for tasks to queue
[2024-12-18T03:05:24.219-0800] {logging_mixin.py:190} INFO - [2024-12-18T03:05:24.218-0800] {dagbag.py:588} INFO - Filling up the DagBag from /Users/rishukhurana/airflow/dags/modular_bizlogic_modular.py
[2024-12-18T03:05:25.122-0800] {logging_mixin.py:190} INFO - [2024-12-18T03:05:25.121-0800] {utils.py:160} INFO - NumExpr defaulting to 8 threads.
[2024-12-18T03:05:25.854-0800] {processor.py:925} INFO - DAG(s) 'ALL_IN_ONE_Modular_etl' retrieved from /Users/rishukhurana/airflow/dags/modular_bizlogic_modular.py
[2024-12-18T03:05:26.032-0800] {logging_mixin.py:190} INFO - [2024-12-18T03:05:26.031-0800] {dag.py:3239} INFO - Sync 1 DAGs
[2024-12-18T03:05:26.067-0800] {logging_mixin.py:190} INFO - [2024-12-18T03:05:26.066-0800] {dag.py:4180} INFO - Setting next_dagrun for ALL_IN_ONE_Modular_etl to 2024-12-18 00:00:00+00:00, run_after=2024-12-19 00:00:00+00:00
[2024-12-18T03:05:26.096-0800] {processor.py:208} INFO - Processing /Users/rishukhurana/airflow/dags/modular_bizlogic_modular.py took 1.896 seconds
[2024-12-18T03:10:55.588-0800] {processor.py:186} INFO - Started process (PID=50069) to work on /Users/rishukhurana/airflow/dags/modular_bizlogic_modular.py
[2024-12-18T03:10:55.591-0800] {processor.py:914} INFO - Processing file /Users/rishukhurana/airflow/dags/modular_bizlogic_modular.py for tasks to queue
[2024-12-18T03:10:55.594-0800] {logging_mixin.py:190} INFO - [2024-12-18T03:10:55.593-0800] {dagbag.py:588} INFO - Filling up the DagBag from /Users/rishukhurana/airflow/dags/modular_bizlogic_modular.py
[2024-12-18T03:10:56.428-0800] {logging_mixin.py:190} INFO - [2024-12-18T03:10:56.427-0800] {utils.py:160} INFO - NumExpr defaulting to 8 threads.
[2024-12-18T03:10:57.109-0800] {processor.py:925} INFO - DAG(s) 'ALL_IN_ONE_Modular_etl' retrieved from /Users/rishukhurana/airflow/dags/modular_bizlogic_modular.py
[2024-12-18T03:10:57.259-0800] {logging_mixin.py:190} INFO - [2024-12-18T03:10:57.259-0800] {dag.py:3239} INFO - Sync 1 DAGs
[2024-12-18T03:10:57.292-0800] {logging_mixin.py:190} INFO - [2024-12-18T03:10:57.292-0800] {dag.py:4180} INFO - Setting next_dagrun for ALL_IN_ONE_Modular_etl to 2024-12-18 00:00:00+00:00, run_after=2024-12-19 00:00:00+00:00
[2024-12-18T03:10:57.318-0800] {processor.py:208} INFO - Processing /Users/rishukhurana/airflow/dags/modular_bizlogic_modular.py took 1.742 seconds
[2024-12-18T03:15:33.814-0800] {processor.py:186} INFO - Started process (PID=50273) to work on /Users/rishukhurana/airflow/dags/modular_bizlogic_modular.py
[2024-12-18T03:15:33.816-0800] {processor.py:914} INFO - Processing file /Users/rishukhurana/airflow/dags/modular_bizlogic_modular.py for tasks to queue
[2024-12-18T03:15:33.817-0800] {logging_mixin.py:190} INFO - [2024-12-18T03:15:33.817-0800] {dagbag.py:588} INFO - Filling up the DagBag from /Users/rishukhurana/airflow/dags/modular_bizlogic_modular.py
[2024-12-18T03:15:34.301-0800] {logging_mixin.py:190} INFO - [2024-12-18T03:15:34.301-0800] {utils.py:160} INFO - NumExpr defaulting to 8 threads.
[2024-12-18T03:15:34.821-0800] {processor.py:925} INFO - DAG(s) 'ALL_IN_ONE_Modular_etl' retrieved from /Users/rishukhurana/airflow/dags/modular_bizlogic_modular.py
[2024-12-18T03:15:34.907-0800] {logging_mixin.py:190} INFO - [2024-12-18T03:15:34.906-0800] {dag.py:3239} INFO - Sync 1 DAGs
[2024-12-18T03:15:34.927-0800] {logging_mixin.py:190} INFO - [2024-12-18T03:15:34.926-0800] {dag.py:4180} INFO - Setting next_dagrun for ALL_IN_ONE_Modular_etl to 2024-12-18 00:00:00+00:00, run_after=2024-12-19 00:00:00+00:00
[2024-12-18T03:15:34.943-0800] {processor.py:208} INFO - Processing /Users/rishukhurana/airflow/dags/modular_bizlogic_modular.py took 1.136 seconds
[2024-12-18T03:18:46.733-0800] {processor.py:186} INFO - Started process (PID=50426) to work on /Users/rishukhurana/airflow/dags/modular_bizlogic_modular.py
[2024-12-18T03:18:46.735-0800] {processor.py:914} INFO - Processing file /Users/rishukhurana/airflow/dags/modular_bizlogic_modular.py for tasks to queue
[2024-12-18T03:18:46.737-0800] {logging_mixin.py:190} INFO - [2024-12-18T03:18:46.737-0800] {dagbag.py:588} INFO - Filling up the DagBag from /Users/rishukhurana/airflow/dags/modular_bizlogic_modular.py
[2024-12-18T03:18:47.242-0800] {logging_mixin.py:190} INFO - [2024-12-18T03:18:47.242-0800] {utils.py:160} INFO - NumExpr defaulting to 8 threads.
[2024-12-18T03:18:47.735-0800] {processor.py:925} INFO - DAG(s) 'ALL_IN_ONE_Modular_etl' retrieved from /Users/rishukhurana/airflow/dags/modular_bizlogic_modular.py
[2024-12-18T03:18:47.814-0800] {logging_mixin.py:190} INFO - [2024-12-18T03:18:47.814-0800] {dag.py:3239} INFO - Sync 1 DAGs
[2024-12-18T03:18:47.837-0800] {logging_mixin.py:190} INFO - [2024-12-18T03:18:47.836-0800] {dag.py:4180} INFO - Setting next_dagrun for ALL_IN_ONE_Modular_etl to 2024-12-18 00:00:00+00:00, run_after=2024-12-19 00:00:00+00:00
[2024-12-18T03:18:47.855-0800] {processor.py:208} INFO - Processing /Users/rishukhurana/airflow/dags/modular_bizlogic_modular.py took 1.128 seconds
[2024-12-18T03:21:51.909-0800] {processor.py:186} INFO - Started process (PID=50593) to work on /Users/rishukhurana/airflow/dags/modular_bizlogic_modular.py
[2024-12-18T03:21:51.911-0800] {processor.py:914} INFO - Processing file /Users/rishukhurana/airflow/dags/modular_bizlogic_modular.py for tasks to queue
[2024-12-18T03:21:51.912-0800] {logging_mixin.py:190} INFO - [2024-12-18T03:21:51.912-0800] {dagbag.py:588} INFO - Filling up the DagBag from /Users/rishukhurana/airflow/dags/modular_bizlogic_modular.py
[2024-12-18T03:21:52.402-0800] {logging_mixin.py:190} INFO - [2024-12-18T03:21:52.402-0800] {utils.py:160} INFO - NumExpr defaulting to 8 threads.
[2024-12-18T03:21:53.145-0800] {processor.py:925} INFO - DAG(s) 'ALL_IN_ONE_Modular_etl' retrieved from /Users/rishukhurana/airflow/dags/modular_bizlogic_modular.py
[2024-12-18T03:21:53.459-0800] {logging_mixin.py:190} INFO - [2024-12-18T03:21:53.459-0800] {dag.py:3239} INFO - Sync 1 DAGs
[2024-12-18T03:21:53.478-0800] {logging_mixin.py:190} INFO - [2024-12-18T03:21:53.478-0800] {dag.py:4180} INFO - Setting next_dagrun for ALL_IN_ONE_Modular_etl to 2024-12-18 00:00:00+00:00, run_after=2024-12-19 00:00:00+00:00
[2024-12-18T03:21:53.501-0800] {processor.py:208} INFO - Processing /Users/rishukhurana/airflow/dags/modular_bizlogic_modular.py took 1.599 seconds
[2024-12-18T03:24:57.193-0800] {processor.py:186} INFO - Started process (PID=50753) to work on /Users/rishukhurana/airflow/dags/modular_bizlogic_modular.py
[2024-12-18T03:24:57.196-0800] {processor.py:914} INFO - Processing file /Users/rishukhurana/airflow/dags/modular_bizlogic_modular.py for tasks to queue
[2024-12-18T03:24:57.197-0800] {logging_mixin.py:190} INFO - [2024-12-18T03:24:57.197-0800] {dagbag.py:588} INFO - Filling up the DagBag from /Users/rishukhurana/airflow/dags/modular_bizlogic_modular.py
[2024-12-18T03:24:57.563-0800] {logging_mixin.py:190} INFO - [2024-12-18T03:24:57.562-0800] {utils.py:160} INFO - NumExpr defaulting to 8 threads.
[2024-12-18T03:24:57.854-0800] {processor.py:925} INFO - DAG(s) 'ALL_IN_ONE_Modular_etl' retrieved from /Users/rishukhurana/airflow/dags/modular_bizlogic_modular.py
[2024-12-18T03:24:57.934-0800] {logging_mixin.py:190} INFO - [2024-12-18T03:24:57.934-0800] {dag.py:3239} INFO - Sync 1 DAGs
[2024-12-18T03:24:57.955-0800] {logging_mixin.py:190} INFO - [2024-12-18T03:24:57.955-0800] {dag.py:4180} INFO - Setting next_dagrun for ALL_IN_ONE_Modular_etl to 2024-12-18 00:00:00+00:00, run_after=2024-12-19 00:00:00+00:00
[2024-12-18T03:24:57.974-0800] {processor.py:208} INFO - Processing /Users/rishukhurana/airflow/dags/modular_bizlogic_modular.py took 0.786 seconds
[2024-12-18T03:28:00.651-0800] {processor.py:186} INFO - Started process (PID=50899) to work on /Users/rishukhurana/airflow/dags/modular_bizlogic_modular.py
[2024-12-18T03:28:00.653-0800] {processor.py:914} INFO - Processing file /Users/rishukhurana/airflow/dags/modular_bizlogic_modular.py for tasks to queue
[2024-12-18T03:28:00.654-0800] {logging_mixin.py:190} INFO - [2024-12-18T03:28:00.654-0800] {dagbag.py:588} INFO - Filling up the DagBag from /Users/rishukhurana/airflow/dags/modular_bizlogic_modular.py
[2024-12-18T03:28:01.015-0800] {logging_mixin.py:190} INFO - [2024-12-18T03:28:01.014-0800] {utils.py:160} INFO - NumExpr defaulting to 8 threads.
[2024-12-18T03:28:01.359-0800] {processor.py:925} INFO - DAG(s) 'ALL_IN_ONE_Modular_etl' retrieved from /Users/rishukhurana/airflow/dags/modular_bizlogic_modular.py
[2024-12-18T03:28:01.447-0800] {logging_mixin.py:190} INFO - [2024-12-18T03:28:01.447-0800] {dag.py:3239} INFO - Sync 1 DAGs
[2024-12-18T03:28:01.470-0800] {logging_mixin.py:190} INFO - [2024-12-18T03:28:01.470-0800] {dag.py:4180} INFO - Setting next_dagrun for ALL_IN_ONE_Modular_etl to 2024-12-18 00:00:00+00:00, run_after=2024-12-19 00:00:00+00:00
[2024-12-18T03:28:01.488-0800] {processor.py:208} INFO - Processing /Users/rishukhurana/airflow/dags/modular_bizlogic_modular.py took 0.843 seconds
[2024-12-18T03:30:59.900-0800] {processor.py:186} INFO - Started process (PID=51044) to work on /Users/rishukhurana/airflow/dags/modular_bizlogic_modular.py
[2024-12-18T03:30:59.902-0800] {processor.py:914} INFO - Processing file /Users/rishukhurana/airflow/dags/modular_bizlogic_modular.py for tasks to queue
[2024-12-18T03:30:59.904-0800] {logging_mixin.py:190} INFO - [2024-12-18T03:30:59.903-0800] {dagbag.py:588} INFO - Filling up the DagBag from /Users/rishukhurana/airflow/dags/modular_bizlogic_modular.py
[2024-12-18T03:31:00.450-0800] {logging_mixin.py:190} INFO - [2024-12-18T03:31:00.449-0800] {utils.py:160} INFO - NumExpr defaulting to 8 threads.
[2024-12-18T03:31:00.981-0800] {processor.py:925} INFO - DAG(s) 'ALL_IN_ONE_Modular_etl' retrieved from /Users/rishukhurana/airflow/dags/modular_bizlogic_modular.py
[2024-12-18T03:31:01.062-0800] {logging_mixin.py:190} INFO - [2024-12-18T03:31:01.061-0800] {dag.py:3239} INFO - Sync 1 DAGs
[2024-12-18T03:31:01.080-0800] {logging_mixin.py:190} INFO - [2024-12-18T03:31:01.080-0800] {dag.py:4180} INFO - Setting next_dagrun for ALL_IN_ONE_Modular_etl to 2024-12-18 00:00:00+00:00, run_after=2024-12-19 00:00:00+00:00
[2024-12-18T03:31:01.094-0800] {processor.py:208} INFO - Processing /Users/rishukhurana/airflow/dags/modular_bizlogic_modular.py took 1.200 seconds
[2024-12-18T03:34:07.009-0800] {processor.py:186} INFO - Started process (PID=51266) to work on /Users/rishukhurana/airflow/dags/modular_bizlogic_modular.py
[2024-12-18T03:34:07.012-0800] {processor.py:914} INFO - Processing file /Users/rishukhurana/airflow/dags/modular_bizlogic_modular.py for tasks to queue
[2024-12-18T03:34:07.013-0800] {logging_mixin.py:190} INFO - [2024-12-18T03:34:07.013-0800] {dagbag.py:588} INFO - Filling up the DagBag from /Users/rishukhurana/airflow/dags/modular_bizlogic_modular.py
[2024-12-18T03:34:17.863-0800] {logging_mixin.py:190} INFO - [2024-12-18T03:34:17.862-0800] {utils.py:160} INFO - NumExpr defaulting to 8 threads.
[2024-12-18T03:34:19.201-0800] {processor.py:925} INFO - DAG(s) 'ALL_IN_ONE_Modular_etl' retrieved from /Users/rishukhurana/airflow/dags/modular_bizlogic_modular.py
[2024-12-18T03:34:19.311-0800] {logging_mixin.py:190} INFO - [2024-12-18T03:34:19.310-0800] {dag.py:3239} INFO - Sync 1 DAGs
[2024-12-18T03:34:19.339-0800] {logging_mixin.py:190} INFO - [2024-12-18T03:34:19.339-0800] {dag.py:4180} INFO - Setting next_dagrun for ALL_IN_ONE_Modular_etl to 2024-12-18 00:00:00+00:00, run_after=2024-12-19 00:00:00+00:00
[2024-12-18T03:34:19.359-0800] {processor.py:208} INFO - Processing /Users/rishukhurana/airflow/dags/modular_bizlogic_modular.py took 12.355 seconds
[2024-12-18T03:37:30.336-0800] {processor.py:186} INFO - Started process (PID=51504) to work on /Users/rishukhurana/airflow/dags/modular_bizlogic_modular.py
[2024-12-18T03:37:30.338-0800] {processor.py:914} INFO - Processing file /Users/rishukhurana/airflow/dags/modular_bizlogic_modular.py for tasks to queue
[2024-12-18T03:37:30.340-0800] {logging_mixin.py:190} INFO - [2024-12-18T03:37:30.340-0800] {dagbag.py:588} INFO - Filling up the DagBag from /Users/rishukhurana/airflow/dags/modular_bizlogic_modular.py
[2024-12-18T03:37:30.847-0800] {logging_mixin.py:190} INFO - [2024-12-18T03:37:30.847-0800] {utils.py:160} INFO - NumExpr defaulting to 8 threads.
[2024-12-18T03:37:31.316-0800] {processor.py:925} INFO - DAG(s) 'ALL_IN_ONE_Modular_etl' retrieved from /Users/rishukhurana/airflow/dags/modular_bizlogic_modular.py
[2024-12-18T03:37:31.405-0800] {logging_mixin.py:190} INFO - [2024-12-18T03:37:31.404-0800] {dag.py:3239} INFO - Sync 1 DAGs
[2024-12-18T03:37:31.425-0800] {logging_mixin.py:190} INFO - [2024-12-18T03:37:31.425-0800] {dag.py:4180} INFO - Setting next_dagrun for ALL_IN_ONE_Modular_etl to 2024-12-18 00:00:00+00:00, run_after=2024-12-19 00:00:00+00:00
[2024-12-18T03:37:31.442-0800] {processor.py:208} INFO - Processing /Users/rishukhurana/airflow/dags/modular_bizlogic_modular.py took 1.114 seconds
[2024-12-18T03:40:31.209-0800] {processor.py:186} INFO - Started process (PID=51650) to work on /Users/rishukhurana/airflow/dags/modular_bizlogic_modular.py
[2024-12-18T03:40:31.212-0800] {processor.py:914} INFO - Processing file /Users/rishukhurana/airflow/dags/modular_bizlogic_modular.py for tasks to queue
[2024-12-18T03:40:31.213-0800] {logging_mixin.py:190} INFO - [2024-12-18T03:40:31.212-0800] {dagbag.py:588} INFO - Filling up the DagBag from /Users/rishukhurana/airflow/dags/modular_bizlogic_modular.py
[2024-12-18T03:40:31.580-0800] {logging_mixin.py:190} INFO - [2024-12-18T03:40:31.580-0800] {utils.py:160} INFO - NumExpr defaulting to 8 threads.
[2024-12-18T03:40:31.931-0800] {processor.py:925} INFO - DAG(s) 'ALL_IN_ONE_Modular_etl' retrieved from /Users/rishukhurana/airflow/dags/modular_bizlogic_modular.py
[2024-12-18T03:40:32.011-0800] {logging_mixin.py:190} INFO - [2024-12-18T03:40:32.011-0800] {dag.py:3239} INFO - Sync 1 DAGs
[2024-12-18T03:40:32.031-0800] {logging_mixin.py:190} INFO - [2024-12-18T03:40:32.030-0800] {dag.py:4180} INFO - Setting next_dagrun for ALL_IN_ONE_Modular_etl to 2024-12-18 00:00:00+00:00, run_after=2024-12-19 00:00:00+00:00
[2024-12-18T03:40:32.049-0800] {processor.py:208} INFO - Processing /Users/rishukhurana/airflow/dags/modular_bizlogic_modular.py took 0.845 seconds
[2024-12-18T03:43:25.888-0800] {processor.py:186} INFO - Started process (PID=51800) to work on /Users/rishukhurana/airflow/dags/modular_bizlogic_modular.py
[2024-12-18T03:43:25.890-0800] {processor.py:914} INFO - Processing file /Users/rishukhurana/airflow/dags/modular_bizlogic_modular.py for tasks to queue
[2024-12-18T03:43:25.892-0800] {logging_mixin.py:190} INFO - [2024-12-18T03:43:25.891-0800] {dagbag.py:588} INFO - Filling up the DagBag from /Users/rishukhurana/airflow/dags/modular_bizlogic_modular.py
[2024-12-18T03:43:26.335-0800] {logging_mixin.py:190} INFO - [2024-12-18T03:43:26.335-0800] {utils.py:160} INFO - NumExpr defaulting to 8 threads.
[2024-12-18T03:43:26.813-0800] {processor.py:925} INFO - DAG(s) 'ALL_IN_ONE_Modular_etl' retrieved from /Users/rishukhurana/airflow/dags/modular_bizlogic_modular.py
[2024-12-18T03:43:26.893-0800] {logging_mixin.py:190} INFO - [2024-12-18T03:43:26.892-0800] {dag.py:3239} INFO - Sync 1 DAGs
[2024-12-18T03:43:26.912-0800] {logging_mixin.py:190} INFO - [2024-12-18T03:43:26.912-0800] {dag.py:4180} INFO - Setting next_dagrun for ALL_IN_ONE_Modular_etl to 2024-12-18 00:00:00+00:00, run_after=2024-12-19 00:00:00+00:00
[2024-12-18T03:43:26.928-0800] {processor.py:208} INFO - Processing /Users/rishukhurana/airflow/dags/modular_bizlogic_modular.py took 1.047 seconds
[2024-12-18T03:46:18.961-0800] {processor.py:186} INFO - Started process (PID=51944) to work on /Users/rishukhurana/airflow/dags/modular_bizlogic_modular.py
[2024-12-18T03:46:18.964-0800] {processor.py:914} INFO - Processing file /Users/rishukhurana/airflow/dags/modular_bizlogic_modular.py for tasks to queue
[2024-12-18T03:46:18.965-0800] {logging_mixin.py:190} INFO - [2024-12-18T03:46:18.965-0800] {dagbag.py:588} INFO - Filling up the DagBag from /Users/rishukhurana/airflow/dags/modular_bizlogic_modular.py
[2024-12-18T03:46:19.314-0800] {logging_mixin.py:190} INFO - [2024-12-18T03:46:19.314-0800] {utils.py:160} INFO - NumExpr defaulting to 8 threads.
[2024-12-18T03:46:19.597-0800] {processor.py:925} INFO - DAG(s) 'ALL_IN_ONE_Modular_etl' retrieved from /Users/rishukhurana/airflow/dags/modular_bizlogic_modular.py
[2024-12-18T03:46:19.674-0800] {logging_mixin.py:190} INFO - [2024-12-18T03:46:19.673-0800] {dag.py:3239} INFO - Sync 1 DAGs
[2024-12-18T03:46:19.691-0800] {logging_mixin.py:190} INFO - [2024-12-18T03:46:19.691-0800] {dag.py:4180} INFO - Setting next_dagrun for ALL_IN_ONE_Modular_etl to 2024-12-18 00:00:00+00:00, run_after=2024-12-19 00:00:00+00:00
[2024-12-18T03:46:19.707-0800] {processor.py:208} INFO - Processing /Users/rishukhurana/airflow/dags/modular_bizlogic_modular.py took 0.752 seconds
[2024-12-18T03:49:18.755-0800] {processor.py:186} INFO - Started process (PID=52107) to work on /Users/rishukhurana/airflow/dags/modular_bizlogic_modular.py
[2024-12-18T03:49:18.758-0800] {processor.py:914} INFO - Processing file /Users/rishukhurana/airflow/dags/modular_bizlogic_modular.py for tasks to queue
[2024-12-18T03:49:18.759-0800] {logging_mixin.py:190} INFO - [2024-12-18T03:49:18.759-0800] {dagbag.py:588} INFO - Filling up the DagBag from /Users/rishukhurana/airflow/dags/modular_bizlogic_modular.py
[2024-12-18T03:49:19.187-0800] {logging_mixin.py:190} INFO - [2024-12-18T03:49:19.186-0800] {utils.py:160} INFO - NumExpr defaulting to 8 threads.
[2024-12-18T03:49:19.658-0800] {processor.py:925} INFO - DAG(s) 'ALL_IN_ONE_Modular_etl' retrieved from /Users/rishukhurana/airflow/dags/modular_bizlogic_modular.py
[2024-12-18T03:49:19.754-0800] {logging_mixin.py:190} INFO - [2024-12-18T03:49:19.754-0800] {dag.py:3239} INFO - Sync 1 DAGs
[2024-12-18T03:49:19.774-0800] {logging_mixin.py:190} INFO - [2024-12-18T03:49:19.773-0800] {dag.py:4180} INFO - Setting next_dagrun for ALL_IN_ONE_Modular_etl to 2024-12-18 00:00:00+00:00, run_after=2024-12-19 00:00:00+00:00
[2024-12-18T03:49:19.789-0800] {processor.py:208} INFO - Processing /Users/rishukhurana/airflow/dags/modular_bizlogic_modular.py took 1.041 seconds
[2024-12-18T03:52:18.211-0800] {processor.py:186} INFO - Started process (PID=52269) to work on /Users/rishukhurana/airflow/dags/modular_bizlogic_modular.py
[2024-12-18T03:52:18.213-0800] {processor.py:914} INFO - Processing file /Users/rishukhurana/airflow/dags/modular_bizlogic_modular.py for tasks to queue
[2024-12-18T03:52:18.215-0800] {logging_mixin.py:190} INFO - [2024-12-18T03:52:18.214-0800] {dagbag.py:588} INFO - Filling up the DagBag from /Users/rishukhurana/airflow/dags/modular_bizlogic_modular.py
[2024-12-18T03:52:18.695-0800] {logging_mixin.py:190} INFO - [2024-12-18T03:52:18.695-0800] {utils.py:160} INFO - NumExpr defaulting to 8 threads.
[2024-12-18T03:52:19.168-0800] {processor.py:925} INFO - DAG(s) 'ALL_IN_ONE_Modular_etl' retrieved from /Users/rishukhurana/airflow/dags/modular_bizlogic_modular.py
[2024-12-18T03:52:19.245-0800] {logging_mixin.py:190} INFO - [2024-12-18T03:52:19.245-0800] {dag.py:3239} INFO - Sync 1 DAGs
[2024-12-18T03:52:19.264-0800] {logging_mixin.py:190} INFO - [2024-12-18T03:52:19.264-0800] {dag.py:4180} INFO - Setting next_dagrun for ALL_IN_ONE_Modular_etl to 2024-12-18 00:00:00+00:00, run_after=2024-12-19 00:00:00+00:00
[2024-12-18T03:52:19.278-0800] {processor.py:208} INFO - Processing /Users/rishukhurana/airflow/dags/modular_bizlogic_modular.py took 1.072 seconds
[2024-12-18T03:55:28.317-0800] {processor.py:186} INFO - Started process (PID=52429) to work on /Users/rishukhurana/airflow/dags/modular_bizlogic_modular.py
[2024-12-18T03:55:28.319-0800] {processor.py:914} INFO - Processing file /Users/rishukhurana/airflow/dags/modular_bizlogic_modular.py for tasks to queue
[2024-12-18T03:55:28.320-0800] {logging_mixin.py:190} INFO - [2024-12-18T03:55:28.320-0800] {dagbag.py:588} INFO - Filling up the DagBag from /Users/rishukhurana/airflow/dags/modular_bizlogic_modular.py
[2024-12-18T03:55:28.805-0800] {logging_mixin.py:190} INFO - [2024-12-18T03:55:28.804-0800] {utils.py:160} INFO - NumExpr defaulting to 8 threads.
[2024-12-18T03:55:29.268-0800] {processor.py:925} INFO - DAG(s) 'ALL_IN_ONE_Modular_etl' retrieved from /Users/rishukhurana/airflow/dags/modular_bizlogic_modular.py
[2024-12-18T03:55:29.346-0800] {logging_mixin.py:190} INFO - [2024-12-18T03:55:29.345-0800] {dag.py:3239} INFO - Sync 1 DAGs
[2024-12-18T03:55:29.364-0800] {logging_mixin.py:190} INFO - [2024-12-18T03:55:29.363-0800] {dag.py:4180} INFO - Setting next_dagrun for ALL_IN_ONE_Modular_etl to 2024-12-18 00:00:00+00:00, run_after=2024-12-19 00:00:00+00:00
[2024-12-18T03:55:29.384-0800] {processor.py:208} INFO - Processing /Users/rishukhurana/airflow/dags/modular_bizlogic_modular.py took 1.071 seconds
[2024-12-18T03:58:47.333-0800] {processor.py:186} INFO - Started process (PID=52598) to work on /Users/rishukhurana/airflow/dags/modular_bizlogic_modular.py
[2024-12-18T03:58:47.335-0800] {processor.py:914} INFO - Processing file /Users/rishukhurana/airflow/dags/modular_bizlogic_modular.py for tasks to queue
[2024-12-18T03:58:47.337-0800] {logging_mixin.py:190} INFO - [2024-12-18T03:58:47.337-0800] {dagbag.py:588} INFO - Filling up the DagBag from /Users/rishukhurana/airflow/dags/modular_bizlogic_modular.py
[2024-12-18T03:58:47.811-0800] {logging_mixin.py:190} INFO - [2024-12-18T03:58:47.810-0800] {utils.py:160} INFO - NumExpr defaulting to 8 threads.
[2024-12-18T03:58:48.287-0800] {processor.py:925} INFO - DAG(s) 'ALL_IN_ONE_Modular_etl' retrieved from /Users/rishukhurana/airflow/dags/modular_bizlogic_modular.py
[2024-12-18T03:58:48.374-0800] {logging_mixin.py:190} INFO - [2024-12-18T03:58:48.374-0800] {dag.py:3239} INFO - Sync 1 DAGs
[2024-12-18T03:58:48.392-0800] {logging_mixin.py:190} INFO - [2024-12-18T03:58:48.392-0800] {dag.py:4180} INFO - Setting next_dagrun for ALL_IN_ONE_Modular_etl to 2024-12-18 00:00:00+00:00, run_after=2024-12-19 00:00:00+00:00
[2024-12-18T03:58:48.408-0800] {processor.py:208} INFO - Processing /Users/rishukhurana/airflow/dags/modular_bizlogic_modular.py took 1.080 seconds
[2024-12-18T04:01:46.345-0800] {processor.py:186} INFO - Started process (PID=52746) to work on /Users/rishukhurana/airflow/dags/modular_bizlogic_modular.py
[2024-12-18T04:01:46.348-0800] {processor.py:914} INFO - Processing file /Users/rishukhurana/airflow/dags/modular_bizlogic_modular.py for tasks to queue
[2024-12-18T04:01:46.349-0800] {logging_mixin.py:190} INFO - [2024-12-18T04:01:46.349-0800] {dagbag.py:588} INFO - Filling up the DagBag from /Users/rishukhurana/airflow/dags/modular_bizlogic_modular.py
[2024-12-18T04:01:46.694-0800] {logging_mixin.py:190} INFO - [2024-12-18T04:01:46.693-0800] {utils.py:160} INFO - NumExpr defaulting to 8 threads.
[2024-12-18T04:01:46.977-0800] {processor.py:925} INFO - DAG(s) 'ALL_IN_ONE_Modular_etl' retrieved from /Users/rishukhurana/airflow/dags/modular_bizlogic_modular.py
[2024-12-18T04:01:47.056-0800] {logging_mixin.py:190} INFO - [2024-12-18T04:01:47.056-0800] {dag.py:3239} INFO - Sync 1 DAGs
[2024-12-18T04:01:47.074-0800] {logging_mixin.py:190} INFO - [2024-12-18T04:01:47.074-0800] {dag.py:4180} INFO - Setting next_dagrun for ALL_IN_ONE_Modular_etl to 2024-12-18 00:00:00+00:00, run_after=2024-12-19 00:00:00+00:00
[2024-12-18T04:01:47.088-0800] {processor.py:208} INFO - Processing /Users/rishukhurana/airflow/dags/modular_bizlogic_modular.py took 0.747 seconds
[2024-12-18T04:04:41.357-0800] {processor.py:186} INFO - Started process (PID=52937) to work on /Users/rishukhurana/airflow/dags/modular_bizlogic_modular.py
[2024-12-18T04:04:41.358-0800] {processor.py:914} INFO - Processing file /Users/rishukhurana/airflow/dags/modular_bizlogic_modular.py for tasks to queue
[2024-12-18T04:04:41.360-0800] {logging_mixin.py:190} INFO - [2024-12-18T04:04:41.359-0800] {dagbag.py:588} INFO - Filling up the DagBag from /Users/rishukhurana/airflow/dags/modular_bizlogic_modular.py
[2024-12-18T04:04:41.863-0800] {logging_mixin.py:190} INFO - [2024-12-18T04:04:41.863-0800] {utils.py:160} INFO - NumExpr defaulting to 8 threads.
[2024-12-18T04:04:42.372-0800] {processor.py:925} INFO - DAG(s) 'ALL_IN_ONE_Modular_etl' retrieved from /Users/rishukhurana/airflow/dags/modular_bizlogic_modular.py
[2024-12-18T04:04:42.452-0800] {logging_mixin.py:190} INFO - [2024-12-18T04:04:42.451-0800] {dag.py:3239} INFO - Sync 1 DAGs
[2024-12-18T04:04:42.471-0800] {logging_mixin.py:190} INFO - [2024-12-18T04:04:42.471-0800] {dag.py:4180} INFO - Setting next_dagrun for ALL_IN_ONE_Modular_etl to 2024-12-18 00:00:00+00:00, run_after=2024-12-19 00:00:00+00:00
[2024-12-18T04:04:42.487-0800] {processor.py:208} INFO - Processing /Users/rishukhurana/airflow/dags/modular_bizlogic_modular.py took 1.137 seconds
[2024-12-18T04:07:48.128-0800] {processor.py:186} INFO - Started process (PID=53128) to work on /Users/rishukhurana/airflow/dags/modular_bizlogic_modular.py
[2024-12-18T04:07:48.130-0800] {processor.py:914} INFO - Processing file /Users/rishukhurana/airflow/dags/modular_bizlogic_modular.py for tasks to queue
[2024-12-18T04:07:48.131-0800] {logging_mixin.py:190} INFO - [2024-12-18T04:07:48.131-0800] {dagbag.py:588} INFO - Filling up the DagBag from /Users/rishukhurana/airflow/dags/modular_bizlogic_modular.py
[2024-12-18T04:07:48.536-0800] {logging_mixin.py:190} INFO - [2024-12-18T04:07:48.536-0800] {utils.py:160} INFO - NumExpr defaulting to 8 threads.
[2024-12-18T04:07:48.843-0800] {processor.py:925} INFO - DAG(s) 'ALL_IN_ONE_Modular_etl' retrieved from /Users/rishukhurana/airflow/dags/modular_bizlogic_modular.py
[2024-12-18T04:07:48.925-0800] {logging_mixin.py:190} INFO - [2024-12-18T04:07:48.924-0800] {dag.py:3239} INFO - Sync 1 DAGs
[2024-12-18T04:07:48.941-0800] {logging_mixin.py:190} INFO - [2024-12-18T04:07:48.941-0800] {dag.py:4180} INFO - Setting next_dagrun for ALL_IN_ONE_Modular_etl to 2024-12-18 00:00:00+00:00, run_after=2024-12-19 00:00:00+00:00
[2024-12-18T04:07:48.958-0800] {processor.py:208} INFO - Processing /Users/rishukhurana/airflow/dags/modular_bizlogic_modular.py took 0.836 seconds
[2024-12-18T04:10:51.171-0800] {processor.py:186} INFO - Started process (PID=53308) to work on /Users/rishukhurana/airflow/dags/modular_bizlogic_modular.py
[2024-12-18T04:10:51.172-0800] {processor.py:914} INFO - Processing file /Users/rishukhurana/airflow/dags/modular_bizlogic_modular.py for tasks to queue
[2024-12-18T04:10:51.175-0800] {logging_mixin.py:190} INFO - [2024-12-18T04:10:51.174-0800] {dagbag.py:588} INFO - Filling up the DagBag from /Users/rishukhurana/airflow/dags/modular_bizlogic_modular.py
[2024-12-18T04:10:51.642-0800] {logging_mixin.py:190} INFO - [2024-12-18T04:10:51.642-0800] {utils.py:160} INFO - NumExpr defaulting to 8 threads.
[2024-12-18T04:10:52.095-0800] {processor.py:925} INFO - DAG(s) 'ALL_IN_ONE_Modular_etl' retrieved from /Users/rishukhurana/airflow/dags/modular_bizlogic_modular.py
[2024-12-18T04:10:52.179-0800] {logging_mixin.py:190} INFO - [2024-12-18T04:10:52.179-0800] {dag.py:3239} INFO - Sync 1 DAGs
[2024-12-18T04:10:52.199-0800] {logging_mixin.py:190} INFO - [2024-12-18T04:10:52.199-0800] {dag.py:4180} INFO - Setting next_dagrun for ALL_IN_ONE_Modular_etl to 2024-12-18 00:00:00+00:00, run_after=2024-12-19 00:00:00+00:00
[2024-12-18T04:10:52.214-0800] {processor.py:208} INFO - Processing /Users/rishukhurana/airflow/dags/modular_bizlogic_modular.py took 1.048 seconds
[2024-12-18T04:13:47.768-0800] {processor.py:186} INFO - Started process (PID=53500) to work on /Users/rishukhurana/airflow/dags/modular_bizlogic_modular.py
[2024-12-18T04:13:47.770-0800] {processor.py:914} INFO - Processing file /Users/rishukhurana/airflow/dags/modular_bizlogic_modular.py for tasks to queue
[2024-12-18T04:13:47.772-0800] {logging_mixin.py:190} INFO - [2024-12-18T04:13:47.771-0800] {dagbag.py:588} INFO - Filling up the DagBag from /Users/rishukhurana/airflow/dags/modular_bizlogic_modular.py
[2024-12-18T04:13:48.242-0800] {logging_mixin.py:190} INFO - [2024-12-18T04:13:48.241-0800] {utils.py:160} INFO - NumExpr defaulting to 8 threads.
[2024-12-18T04:13:48.740-0800] {processor.py:925} INFO - DAG(s) 'ALL_IN_ONE_Modular_etl' retrieved from /Users/rishukhurana/airflow/dags/modular_bizlogic_modular.py
[2024-12-18T04:13:48.817-0800] {logging_mixin.py:190} INFO - [2024-12-18T04:13:48.817-0800] {dag.py:3239} INFO - Sync 1 DAGs
[2024-12-18T04:13:48.833-0800] {logging_mixin.py:190} INFO - [2024-12-18T04:13:48.833-0800] {dag.py:4180} INFO - Setting next_dagrun for ALL_IN_ONE_Modular_etl to 2024-12-18 00:00:00+00:00, run_after=2024-12-19 00:00:00+00:00
[2024-12-18T04:13:48.846-0800] {processor.py:208} INFO - Processing /Users/rishukhurana/airflow/dags/modular_bizlogic_modular.py took 1.084 seconds
[2024-12-18T04:16:40.356-0800] {processor.py:186} INFO - Started process (PID=53642) to work on /Users/rishukhurana/airflow/dags/modular_bizlogic_modular.py
[2024-12-18T04:16:40.357-0800] {processor.py:914} INFO - Processing file /Users/rishukhurana/airflow/dags/modular_bizlogic_modular.py for tasks to queue
[2024-12-18T04:16:40.359-0800] {logging_mixin.py:190} INFO - [2024-12-18T04:16:40.359-0800] {dagbag.py:588} INFO - Filling up the DagBag from /Users/rishukhurana/airflow/dags/modular_bizlogic_modular.py
[2024-12-18T04:16:40.722-0800] {logging_mixin.py:190} INFO - [2024-12-18T04:16:40.722-0800] {utils.py:160} INFO - NumExpr defaulting to 8 threads.
[2024-12-18T04:16:41.028-0800] {processor.py:925} INFO - DAG(s) 'ALL_IN_ONE_Modular_etl' retrieved from /Users/rishukhurana/airflow/dags/modular_bizlogic_modular.py
[2024-12-18T04:16:41.109-0800] {logging_mixin.py:190} INFO - [2024-12-18T04:16:41.109-0800] {dag.py:3239} INFO - Sync 1 DAGs
[2024-12-18T04:16:41.128-0800] {logging_mixin.py:190} INFO - [2024-12-18T04:16:41.128-0800] {dag.py:4180} INFO - Setting next_dagrun for ALL_IN_ONE_Modular_etl to 2024-12-18 00:00:00+00:00, run_after=2024-12-19 00:00:00+00:00
[2024-12-18T04:16:41.147-0800] {processor.py:208} INFO - Processing /Users/rishukhurana/airflow/dags/modular_bizlogic_modular.py took 0.796 seconds
[2024-12-18T04:19:33.037-0800] {processor.py:186} INFO - Started process (PID=53784) to work on /Users/rishukhurana/airflow/dags/modular_bizlogic_modular.py
[2024-12-18T04:19:33.039-0800] {processor.py:914} INFO - Processing file /Users/rishukhurana/airflow/dags/modular_bizlogic_modular.py for tasks to queue
[2024-12-18T04:19:33.041-0800] {logging_mixin.py:190} INFO - [2024-12-18T04:19:33.041-0800] {dagbag.py:588} INFO - Filling up the DagBag from /Users/rishukhurana/airflow/dags/modular_bizlogic_modular.py
[2024-12-18T04:19:33.514-0800] {logging_mixin.py:190} INFO - [2024-12-18T04:19:33.513-0800] {utils.py:160} INFO - NumExpr defaulting to 8 threads.
[2024-12-18T04:19:34.011-0800] {processor.py:925} INFO - DAG(s) 'ALL_IN_ONE_Modular_etl' retrieved from /Users/rishukhurana/airflow/dags/modular_bizlogic_modular.py
[2024-12-18T04:19:34.093-0800] {logging_mixin.py:190} INFO - [2024-12-18T04:19:34.092-0800] {dag.py:3239} INFO - Sync 1 DAGs
[2024-12-18T04:19:34.114-0800] {logging_mixin.py:190} INFO - [2024-12-18T04:19:34.114-0800] {dag.py:4180} INFO - Setting next_dagrun for ALL_IN_ONE_Modular_etl to 2024-12-18 00:00:00+00:00, run_after=2024-12-19 00:00:00+00:00
[2024-12-18T04:19:34.127-0800] {processor.py:208} INFO - Processing /Users/rishukhurana/airflow/dags/modular_bizlogic_modular.py took 1.097 seconds
[2024-12-18T04:22:27.316-0800] {processor.py:186} INFO - Started process (PID=53936) to work on /Users/rishukhurana/airflow/dags/modular_bizlogic_modular.py
[2024-12-18T04:22:27.318-0800] {processor.py:914} INFO - Processing file /Users/rishukhurana/airflow/dags/modular_bizlogic_modular.py for tasks to queue
[2024-12-18T04:22:27.320-0800] {logging_mixin.py:190} INFO - [2024-12-18T04:22:27.319-0800] {dagbag.py:588} INFO - Filling up the DagBag from /Users/rishukhurana/airflow/dags/modular_bizlogic_modular.py
[2024-12-18T04:22:27.784-0800] {logging_mixin.py:190} INFO - [2024-12-18T04:22:27.784-0800] {utils.py:160} INFO - NumExpr defaulting to 8 threads.
[2024-12-18T04:22:28.267-0800] {processor.py:925} INFO - DAG(s) 'ALL_IN_ONE_Modular_etl' retrieved from /Users/rishukhurana/airflow/dags/modular_bizlogic_modular.py
[2024-12-18T04:22:28.528-0800] {logging_mixin.py:190} INFO - [2024-12-18T04:22:28.528-0800] {dag.py:3239} INFO - Sync 1 DAGs
[2024-12-18T04:22:28.555-0800] {logging_mixin.py:190} INFO - [2024-12-18T04:22:28.555-0800] {dag.py:4180} INFO - Setting next_dagrun for ALL_IN_ONE_Modular_etl to 2024-12-18 00:00:00+00:00, run_after=2024-12-19 00:00:00+00:00
[2024-12-18T04:22:28.575-0800] {processor.py:208} INFO - Processing /Users/rishukhurana/airflow/dags/modular_bizlogic_modular.py took 1.264 seconds
[2024-12-18T04:25:25.639-0800] {processor.py:186} INFO - Started process (PID=54104) to work on /Users/rishukhurana/airflow/dags/modular_bizlogic_modular.py
[2024-12-18T04:25:25.641-0800] {processor.py:914} INFO - Processing file /Users/rishukhurana/airflow/dags/modular_bizlogic_modular.py for tasks to queue
[2024-12-18T04:25:25.642-0800] {logging_mixin.py:190} INFO - [2024-12-18T04:25:25.642-0800] {dagbag.py:588} INFO - Filling up the DagBag from /Users/rishukhurana/airflow/dags/modular_bizlogic_modular.py
[2024-12-18T04:25:26.218-0800] {logging_mixin.py:190} INFO - [2024-12-18T04:25:26.217-0800] {utils.py:160} INFO - NumExpr defaulting to 8 threads.
[2024-12-18T04:25:26.779-0800] {processor.py:925} INFO - DAG(s) 'ALL_IN_ONE_Modular_etl' retrieved from /Users/rishukhurana/airflow/dags/modular_bizlogic_modular.py
[2024-12-18T04:25:26.874-0800] {logging_mixin.py:190} INFO - [2024-12-18T04:25:26.873-0800] {dag.py:3239} INFO - Sync 1 DAGs
[2024-12-18T04:25:26.892-0800] {logging_mixin.py:190} INFO - [2024-12-18T04:25:26.892-0800] {dag.py:4180} INFO - Setting next_dagrun for ALL_IN_ONE_Modular_etl to 2024-12-18 00:00:00+00:00, run_after=2024-12-19 00:00:00+00:00
[2024-12-18T04:25:26.917-0800] {processor.py:208} INFO - Processing /Users/rishukhurana/airflow/dags/modular_bizlogic_modular.py took 1.285 seconds
[2024-12-18T04:28:28.223-0800] {processor.py:186} INFO - Started process (PID=54251) to work on /Users/rishukhurana/airflow/dags/modular_bizlogic_modular.py
[2024-12-18T04:28:28.226-0800] {processor.py:914} INFO - Processing file /Users/rishukhurana/airflow/dags/modular_bizlogic_modular.py for tasks to queue
[2024-12-18T04:28:28.227-0800] {logging_mixin.py:190} INFO - [2024-12-18T04:28:28.227-0800] {dagbag.py:588} INFO - Filling up the DagBag from /Users/rishukhurana/airflow/dags/modular_bizlogic_modular.py
[2024-12-18T04:28:28.581-0800] {logging_mixin.py:190} INFO - [2024-12-18T04:28:28.581-0800] {utils.py:160} INFO - NumExpr defaulting to 8 threads.
[2024-12-18T04:28:29.013-0800] {processor.py:925} INFO - DAG(s) 'ALL_IN_ONE_Modular_etl' retrieved from /Users/rishukhurana/airflow/dags/modular_bizlogic_modular.py
[2024-12-18T04:28:29.099-0800] {logging_mixin.py:190} INFO - [2024-12-18T04:28:29.098-0800] {dag.py:3239} INFO - Sync 1 DAGs
[2024-12-18T04:28:29.120-0800] {logging_mixin.py:190} INFO - [2024-12-18T04:28:29.120-0800] {dag.py:4180} INFO - Setting next_dagrun for ALL_IN_ONE_Modular_etl to 2024-12-18 00:00:00+00:00, run_after=2024-12-19 00:00:00+00:00
[2024-12-18T04:28:29.136-0800] {processor.py:208} INFO - Processing /Users/rishukhurana/airflow/dags/modular_bizlogic_modular.py took 0.919 seconds
[2024-12-18T04:31:18.793-0800] {processor.py:186} INFO - Started process (PID=54395) to work on /Users/rishukhurana/airflow/dags/modular_bizlogic_modular.py
[2024-12-18T04:31:18.796-0800] {processor.py:914} INFO - Processing file /Users/rishukhurana/airflow/dags/modular_bizlogic_modular.py for tasks to queue
[2024-12-18T04:31:18.797-0800] {logging_mixin.py:190} INFO - [2024-12-18T04:31:18.797-0800] {dagbag.py:588} INFO - Filling up the DagBag from /Users/rishukhurana/airflow/dags/modular_bizlogic_modular.py
[2024-12-18T04:31:19.140-0800] {logging_mixin.py:190} INFO - [2024-12-18T04:31:19.140-0800] {utils.py:160} INFO - NumExpr defaulting to 8 threads.
[2024-12-18T04:31:19.422-0800] {processor.py:925} INFO - DAG(s) 'ALL_IN_ONE_Modular_etl' retrieved from /Users/rishukhurana/airflow/dags/modular_bizlogic_modular.py
[2024-12-18T04:31:19.497-0800] {logging_mixin.py:190} INFO - [2024-12-18T04:31:19.497-0800] {dag.py:3239} INFO - Sync 1 DAGs
[2024-12-18T04:31:19.514-0800] {logging_mixin.py:190} INFO - [2024-12-18T04:31:19.514-0800] {dag.py:4180} INFO - Setting next_dagrun for ALL_IN_ONE_Modular_etl to 2024-12-18 00:00:00+00:00, run_after=2024-12-19 00:00:00+00:00
[2024-12-18T04:31:19.528-0800] {processor.py:208} INFO - Processing /Users/rishukhurana/airflow/dags/modular_bizlogic_modular.py took 0.741 seconds
[2024-12-18T04:34:09.106-0800] {processor.py:186} INFO - Started process (PID=54538) to work on /Users/rishukhurana/airflow/dags/modular_bizlogic_modular.py
[2024-12-18T04:34:09.107-0800] {processor.py:914} INFO - Processing file /Users/rishukhurana/airflow/dags/modular_bizlogic_modular.py for tasks to queue
[2024-12-18T04:34:09.109-0800] {logging_mixin.py:190} INFO - [2024-12-18T04:34:09.109-0800] {dagbag.py:588} INFO - Filling up the DagBag from /Users/rishukhurana/airflow/dags/modular_bizlogic_modular.py
[2024-12-18T04:34:09.467-0800] {logging_mixin.py:190} INFO - [2024-12-18T04:34:09.467-0800] {utils.py:160} INFO - NumExpr defaulting to 8 threads.
[2024-12-18T04:34:09.760-0800] {processor.py:925} INFO - DAG(s) 'ALL_IN_ONE_Modular_etl' retrieved from /Users/rishukhurana/airflow/dags/modular_bizlogic_modular.py
[2024-12-18T04:34:09.840-0800] {logging_mixin.py:190} INFO - [2024-12-18T04:34:09.839-0800] {dag.py:3239} INFO - Sync 1 DAGs
[2024-12-18T04:34:09.856-0800] {logging_mixin.py:190} INFO - [2024-12-18T04:34:09.856-0800] {dag.py:4180} INFO - Setting next_dagrun for ALL_IN_ONE_Modular_etl to 2024-12-18 00:00:00+00:00, run_after=2024-12-19 00:00:00+00:00
[2024-12-18T04:34:09.868-0800] {processor.py:208} INFO - Processing /Users/rishukhurana/airflow/dags/modular_bizlogic_modular.py took 0.769 seconds
[2024-12-18T07:33:06.582-0800] {processor.py:186} INFO - Started process (PID=54787) to work on /Users/rishukhurana/airflow/dags/modular_bizlogic_modular.py
[2024-12-18T07:33:06.584-0800] {processor.py:914} INFO - Processing file /Users/rishukhurana/airflow/dags/modular_bizlogic_modular.py for tasks to queue
[2024-12-18T07:33:06.586-0800] {logging_mixin.py:190} INFO - [2024-12-18T07:33:06.586-0800] {dagbag.py:588} INFO - Filling up the DagBag from /Users/rishukhurana/airflow/dags/modular_bizlogic_modular.py
[2024-12-18T07:33:07.404-0800] {logging_mixin.py:190} INFO - [2024-12-18T07:33:07.403-0800] {utils.py:160} INFO - NumExpr defaulting to 8 threads.
[2024-12-18T07:33:08.062-0800] {processor.py:925} INFO - DAG(s) 'ALL_IN_ONE_Modular_etl' retrieved from /Users/rishukhurana/airflow/dags/modular_bizlogic_modular.py
[2024-12-18T07:33:08.155-0800] {logging_mixin.py:190} INFO - [2024-12-18T07:33:08.154-0800] {dag.py:3239} INFO - Sync 1 DAGs
[2024-12-18T07:33:08.175-0800] {logging_mixin.py:190} INFO - [2024-12-18T07:33:08.174-0800] {dag.py:4180} INFO - Setting next_dagrun for ALL_IN_ONE_Modular_etl to 2024-12-18 00:00:00+00:00, run_after=2024-12-19 00:00:00+00:00
[2024-12-18T07:33:08.191-0800] {processor.py:208} INFO - Processing /Users/rishukhurana/airflow/dags/modular_bizlogic_modular.py took 1.615 seconds
[2024-12-18T07:36:29.814-0800] {processor.py:186} INFO - Started process (PID=54990) to work on /Users/rishukhurana/airflow/dags/modular_bizlogic_modular.py
[2024-12-18T07:36:29.815-0800] {processor.py:914} INFO - Processing file /Users/rishukhurana/airflow/dags/modular_bizlogic_modular.py for tasks to queue
[2024-12-18T07:36:29.816-0800] {logging_mixin.py:190} INFO - [2024-12-18T07:36:29.816-0800] {dagbag.py:588} INFO - Filling up the DagBag from /Users/rishukhurana/airflow/dags/modular_bizlogic_modular.py
[2024-12-18T07:36:30.336-0800] {logging_mixin.py:190} INFO - [2024-12-18T07:36:30.336-0800] {utils.py:160} INFO - NumExpr defaulting to 8 threads.
[2024-12-18T07:36:30.848-0800] {processor.py:925} INFO - DAG(s) 'ALL_IN_ONE_Modular_etl' retrieved from /Users/rishukhurana/airflow/dags/modular_bizlogic_modular.py
[2024-12-18T07:36:30.937-0800] {logging_mixin.py:190} INFO - [2024-12-18T07:36:30.936-0800] {dag.py:3239} INFO - Sync 1 DAGs
[2024-12-18T07:36:31.025-0800] {logging_mixin.py:190} INFO - [2024-12-18T07:36:31.024-0800] {dag.py:4180} INFO - Setting next_dagrun for ALL_IN_ONE_Modular_etl to 2024-12-18 00:00:00+00:00, run_after=2024-12-19 00:00:00+00:00
[2024-12-18T07:36:31.062-0800] {processor.py:208} INFO - Processing /Users/rishukhurana/airflow/dags/modular_bizlogic_modular.py took 1.254 seconds
[2024-12-18T07:39:36.904-0800] {processor.py:186} INFO - Started process (PID=55145) to work on /Users/rishukhurana/airflow/dags/modular_bizlogic_modular.py
[2024-12-18T07:39:36.906-0800] {processor.py:914} INFO - Processing file /Users/rishukhurana/airflow/dags/modular_bizlogic_modular.py for tasks to queue
[2024-12-18T07:39:36.907-0800] {logging_mixin.py:190} INFO - [2024-12-18T07:39:36.907-0800] {dagbag.py:588} INFO - Filling up the DagBag from /Users/rishukhurana/airflow/dags/modular_bizlogic_modular.py
[2024-12-18T07:39:37.369-0800] {logging_mixin.py:190} INFO - [2024-12-18T07:39:37.369-0800] {utils.py:160} INFO - NumExpr defaulting to 8 threads.
[2024-12-18T07:39:37.856-0800] {processor.py:925} INFO - DAG(s) 'ALL_IN_ONE_Modular_etl' retrieved from /Users/rishukhurana/airflow/dags/modular_bizlogic_modular.py
[2024-12-18T07:39:37.939-0800] {logging_mixin.py:190} INFO - [2024-12-18T07:39:37.938-0800] {dag.py:3239} INFO - Sync 1 DAGs
[2024-12-18T07:39:37.959-0800] {logging_mixin.py:190} INFO - [2024-12-18T07:39:37.958-0800] {dag.py:4180} INFO - Setting next_dagrun for ALL_IN_ONE_Modular_etl to 2024-12-18 00:00:00+00:00, run_after=2024-12-19 00:00:00+00:00
[2024-12-18T07:39:37.976-0800] {processor.py:208} INFO - Processing /Users/rishukhurana/airflow/dags/modular_bizlogic_modular.py took 1.079 seconds
[2024-12-18T07:42:40.487-0800] {processor.py:186} INFO - Started process (PID=55289) to work on /Users/rishukhurana/airflow/dags/modular_bizlogic_modular.py
[2024-12-18T07:42:40.489-0800] {processor.py:914} INFO - Processing file /Users/rishukhurana/airflow/dags/modular_bizlogic_modular.py for tasks to queue
[2024-12-18T07:42:40.490-0800] {logging_mixin.py:190} INFO - [2024-12-18T07:42:40.490-0800] {dagbag.py:588} INFO - Filling up the DagBag from /Users/rishukhurana/airflow/dags/modular_bizlogic_modular.py
[2024-12-18T07:42:41.032-0800] {logging_mixin.py:190} INFO - [2024-12-18T07:42:41.031-0800] {utils.py:160} INFO - NumExpr defaulting to 8 threads.
[2024-12-18T07:42:41.582-0800] {processor.py:925} INFO - DAG(s) 'ALL_IN_ONE_Modular_etl' retrieved from /Users/rishukhurana/airflow/dags/modular_bizlogic_modular.py
[2024-12-18T07:42:41.663-0800] {logging_mixin.py:190} INFO - [2024-12-18T07:42:41.662-0800] {dag.py:3239} INFO - Sync 1 DAGs
[2024-12-18T07:42:41.679-0800] {logging_mixin.py:190} INFO - [2024-12-18T07:42:41.679-0800] {dag.py:4180} INFO - Setting next_dagrun for ALL_IN_ONE_Modular_etl to 2024-12-18 00:00:00+00:00, run_after=2024-12-19 00:00:00+00:00
[2024-12-18T07:42:41.693-0800] {processor.py:208} INFO - Processing /Users/rishukhurana/airflow/dags/modular_bizlogic_modular.py took 1.212 seconds
[2024-12-18T07:45:38.309-0800] {processor.py:186} INFO - Started process (PID=55433) to work on /Users/rishukhurana/airflow/dags/modular_bizlogic_modular.py
[2024-12-18T07:45:38.311-0800] {processor.py:914} INFO - Processing file /Users/rishukhurana/airflow/dags/modular_bizlogic_modular.py for tasks to queue
[2024-12-18T07:45:38.312-0800] {logging_mixin.py:190} INFO - [2024-12-18T07:45:38.312-0800] {dagbag.py:588} INFO - Filling up the DagBag from /Users/rishukhurana/airflow/dags/modular_bizlogic_modular.py
[2024-12-18T07:45:38.669-0800] {logging_mixin.py:190} INFO - [2024-12-18T07:45:38.669-0800] {utils.py:160} INFO - NumExpr defaulting to 8 threads.
[2024-12-18T07:45:39.028-0800] {processor.py:925} INFO - DAG(s) 'ALL_IN_ONE_Modular_etl' retrieved from /Users/rishukhurana/airflow/dags/modular_bizlogic_modular.py
[2024-12-18T07:45:39.109-0800] {logging_mixin.py:190} INFO - [2024-12-18T07:45:39.109-0800] {dag.py:3239} INFO - Sync 1 DAGs
[2024-12-18T07:45:39.127-0800] {logging_mixin.py:190} INFO - [2024-12-18T07:45:39.127-0800] {dag.py:4180} INFO - Setting next_dagrun for ALL_IN_ONE_Modular_etl to 2024-12-18 00:00:00+00:00, run_after=2024-12-19 00:00:00+00:00
[2024-12-18T07:45:39.145-0800] {processor.py:208} INFO - Processing /Users/rishukhurana/airflow/dags/modular_bizlogic_modular.py took 0.844 seconds
[2024-12-18T07:48:42.736-0800] {processor.py:186} INFO - Started process (PID=55579) to work on /Users/rishukhurana/airflow/dags/modular_bizlogic_modular.py
[2024-12-18T07:48:42.738-0800] {processor.py:914} INFO - Processing file /Users/rishukhurana/airflow/dags/modular_bizlogic_modular.py for tasks to queue
[2024-12-18T07:48:42.740-0800] {logging_mixin.py:190} INFO - [2024-12-18T07:48:42.740-0800] {dagbag.py:588} INFO - Filling up the DagBag from /Users/rishukhurana/airflow/dags/modular_bizlogic_modular.py
[2024-12-18T07:48:43.247-0800] {logging_mixin.py:190} INFO - [2024-12-18T07:48:43.246-0800] {utils.py:160} INFO - NumExpr defaulting to 8 threads.
[2024-12-18T07:48:43.743-0800] {processor.py:925} INFO - DAG(s) 'ALL_IN_ONE_Modular_etl' retrieved from /Users/rishukhurana/airflow/dags/modular_bizlogic_modular.py
[2024-12-18T07:48:43.826-0800] {logging_mixin.py:190} INFO - [2024-12-18T07:48:43.826-0800] {dag.py:3239} INFO - Sync 1 DAGs
[2024-12-18T07:48:43.844-0800] {logging_mixin.py:190} INFO - [2024-12-18T07:48:43.844-0800] {dag.py:4180} INFO - Setting next_dagrun for ALL_IN_ONE_Modular_etl to 2024-12-18 00:00:00+00:00, run_after=2024-12-19 00:00:00+00:00
[2024-12-18T07:48:43.857-0800] {processor.py:208} INFO - Processing /Users/rishukhurana/airflow/dags/modular_bizlogic_modular.py took 1.128 seconds
[2024-12-18T07:51:54.394-0800] {processor.py:186} INFO - Started process (PID=55724) to work on /Users/rishukhurana/airflow/dags/modular_bizlogic_modular.py
[2024-12-18T07:51:54.396-0800] {processor.py:914} INFO - Processing file /Users/rishukhurana/airflow/dags/modular_bizlogic_modular.py for tasks to queue
[2024-12-18T07:51:54.397-0800] {logging_mixin.py:190} INFO - [2024-12-18T07:51:54.397-0800] {dagbag.py:588} INFO - Filling up the DagBag from /Users/rishukhurana/airflow/dags/modular_bizlogic_modular.py
[2024-12-18T07:51:54.906-0800] {logging_mixin.py:190} INFO - [2024-12-18T07:51:54.906-0800] {utils.py:160} INFO - NumExpr defaulting to 8 threads.
[2024-12-18T07:51:55.367-0800] {processor.py:925} INFO - DAG(s) 'ALL_IN_ONE_Modular_etl' retrieved from /Users/rishukhurana/airflow/dags/modular_bizlogic_modular.py
[2024-12-18T07:51:55.465-0800] {logging_mixin.py:190} INFO - [2024-12-18T07:51:55.464-0800] {dag.py:3239} INFO - Sync 1 DAGs
[2024-12-18T07:51:55.486-0800] {logging_mixin.py:190} INFO - [2024-12-18T07:51:55.485-0800] {dag.py:4180} INFO - Setting next_dagrun for ALL_IN_ONE_Modular_etl to 2024-12-18 00:00:00+00:00, run_after=2024-12-19 00:00:00+00:00
[2024-12-18T07:51:55.504-0800] {processor.py:208} INFO - Processing /Users/rishukhurana/airflow/dags/modular_bizlogic_modular.py took 1.119 seconds
[2024-12-18T07:55:02.245-0800] {processor.py:186} INFO - Started process (PID=55879) to work on /Users/rishukhurana/airflow/dags/modular_bizlogic_modular.py
[2024-12-18T07:55:02.246-0800] {processor.py:914} INFO - Processing file /Users/rishukhurana/airflow/dags/modular_bizlogic_modular.py for tasks to queue
[2024-12-18T07:55:02.248-0800] {logging_mixin.py:190} INFO - [2024-12-18T07:55:02.247-0800] {dagbag.py:588} INFO - Filling up the DagBag from /Users/rishukhurana/airflow/dags/modular_bizlogic_modular.py
[2024-12-18T07:55:02.755-0800] {logging_mixin.py:190} INFO - [2024-12-18T07:55:02.754-0800] {utils.py:160} INFO - NumExpr defaulting to 8 threads.
[2024-12-18T07:55:03.176-0800] {processor.py:925} INFO - DAG(s) 'ALL_IN_ONE_Modular_etl' retrieved from /Users/rishukhurana/airflow/dags/modular_bizlogic_modular.py
[2024-12-18T07:55:03.262-0800] {logging_mixin.py:190} INFO - [2024-12-18T07:55:03.261-0800] {dag.py:3239} INFO - Sync 1 DAGs
[2024-12-18T07:55:03.280-0800] {logging_mixin.py:190} INFO - [2024-12-18T07:55:03.280-0800] {dag.py:4180} INFO - Setting next_dagrun for ALL_IN_ONE_Modular_etl to 2024-12-18 00:00:00+00:00, run_after=2024-12-19 00:00:00+00:00
[2024-12-18T07:55:03.296-0800] {processor.py:208} INFO - Processing /Users/rishukhurana/airflow/dags/modular_bizlogic_modular.py took 1.056 seconds
[2024-12-18T07:58:22.745-0800] {processor.py:186} INFO - Started process (PID=56044) to work on /Users/rishukhurana/airflow/dags/modular_bizlogic_modular.py
[2024-12-18T07:58:22.747-0800] {processor.py:914} INFO - Processing file /Users/rishukhurana/airflow/dags/modular_bizlogic_modular.py for tasks to queue
[2024-12-18T07:58:22.749-0800] {logging_mixin.py:190} INFO - [2024-12-18T07:58:22.749-0800] {dagbag.py:588} INFO - Filling up the DagBag from /Users/rishukhurana/airflow/dags/modular_bizlogic_modular.py
[2024-12-18T07:58:23.313-0800] {logging_mixin.py:190} INFO - [2024-12-18T07:58:23.313-0800] {utils.py:160} INFO - NumExpr defaulting to 8 threads.
[2024-12-18T07:58:23.760-0800] {processor.py:925} INFO - DAG(s) 'ALL_IN_ONE_Modular_etl' retrieved from /Users/rishukhurana/airflow/dags/modular_bizlogic_modular.py
[2024-12-18T07:58:23.880-0800] {logging_mixin.py:190} INFO - [2024-12-18T07:58:23.879-0800] {dag.py:3239} INFO - Sync 1 DAGs
[2024-12-18T07:58:23.902-0800] {logging_mixin.py:190} INFO - [2024-12-18T07:58:23.901-0800] {dag.py:4180} INFO - Setting next_dagrun for ALL_IN_ONE_Modular_etl to 2024-12-18 00:00:00+00:00, run_after=2024-12-19 00:00:00+00:00
[2024-12-18T07:58:23.919-0800] {processor.py:208} INFO - Processing /Users/rishukhurana/airflow/dags/modular_bizlogic_modular.py took 1.181 seconds
[2024-12-18T08:01:40.746-0800] {processor.py:186} INFO - Started process (PID=56199) to work on /Users/rishukhurana/airflow/dags/modular_bizlogic_modular.py
[2024-12-18T08:01:40.748-0800] {processor.py:914} INFO - Processing file /Users/rishukhurana/airflow/dags/modular_bizlogic_modular.py for tasks to queue
[2024-12-18T08:01:40.749-0800] {logging_mixin.py:190} INFO - [2024-12-18T08:01:40.749-0800] {dagbag.py:588} INFO - Filling up the DagBag from /Users/rishukhurana/airflow/dags/modular_bizlogic_modular.py
[2024-12-18T08:01:41.253-0800] {logging_mixin.py:190} INFO - [2024-12-18T08:01:41.253-0800] {utils.py:160} INFO - NumExpr defaulting to 8 threads.
[2024-12-18T08:01:41.662-0800] {processor.py:925} INFO - DAG(s) 'ALL_IN_ONE_Modular_etl' retrieved from /Users/rishukhurana/airflow/dags/modular_bizlogic_modular.py
[2024-12-18T08:01:41.755-0800] {logging_mixin.py:190} INFO - [2024-12-18T08:01:41.754-0800] {dag.py:3239} INFO - Sync 1 DAGs
[2024-12-18T08:01:41.773-0800] {logging_mixin.py:190} INFO - [2024-12-18T08:01:41.773-0800] {dag.py:4180} INFO - Setting next_dagrun for ALL_IN_ONE_Modular_etl to 2024-12-18 00:00:00+00:00, run_after=2024-12-19 00:00:00+00:00
[2024-12-18T08:01:41.789-0800] {processor.py:208} INFO - Processing /Users/rishukhurana/airflow/dags/modular_bizlogic_modular.py took 1.048 seconds
[2024-12-18T08:04:54.836-0800] {processor.py:186} INFO - Started process (PID=56384) to work on /Users/rishukhurana/airflow/dags/modular_bizlogic_modular.py
[2024-12-18T08:04:54.838-0800] {processor.py:914} INFO - Processing file /Users/rishukhurana/airflow/dags/modular_bizlogic_modular.py for tasks to queue
[2024-12-18T08:04:54.840-0800] {logging_mixin.py:190} INFO - [2024-12-18T08:04:54.839-0800] {dagbag.py:588} INFO - Filling up the DagBag from /Users/rishukhurana/airflow/dags/modular_bizlogic_modular.py
[2024-12-18T08:04:55.355-0800] {logging_mixin.py:190} INFO - [2024-12-18T08:04:55.354-0800] {utils.py:160} INFO - NumExpr defaulting to 8 threads.
[2024-12-18T08:04:55.784-0800] {processor.py:925} INFO - DAG(s) 'ALL_IN_ONE_Modular_etl' retrieved from /Users/rishukhurana/airflow/dags/modular_bizlogic_modular.py
[2024-12-18T08:04:55.880-0800] {logging_mixin.py:190} INFO - [2024-12-18T08:04:55.879-0800] {dag.py:3239} INFO - Sync 1 DAGs
[2024-12-18T08:04:55.899-0800] {logging_mixin.py:190} INFO - [2024-12-18T08:04:55.898-0800] {dag.py:4180} INFO - Setting next_dagrun for ALL_IN_ONE_Modular_etl to 2024-12-18 00:00:00+00:00, run_after=2024-12-19 00:00:00+00:00
[2024-12-18T08:04:55.914-0800] {processor.py:208} INFO - Processing /Users/rishukhurana/airflow/dags/modular_bizlogic_modular.py took 1.084 seconds
[2024-12-18T08:08:06.155-0800] {processor.py:186} INFO - Started process (PID=56553) to work on /Users/rishukhurana/airflow/dags/modular_bizlogic_modular.py
[2024-12-18T08:08:06.156-0800] {processor.py:914} INFO - Processing file /Users/rishukhurana/airflow/dags/modular_bizlogic_modular.py for tasks to queue
[2024-12-18T08:08:06.158-0800] {logging_mixin.py:190} INFO - [2024-12-18T08:08:06.158-0800] {dagbag.py:588} INFO - Filling up the DagBag from /Users/rishukhurana/airflow/dags/modular_bizlogic_modular.py
[2024-12-18T08:08:06.673-0800] {logging_mixin.py:190} INFO - [2024-12-18T08:08:06.673-0800] {utils.py:160} INFO - NumExpr defaulting to 8 threads.
[2024-12-18T08:08:07.100-0800] {processor.py:925} INFO - DAG(s) 'ALL_IN_ONE_Modular_etl' retrieved from /Users/rishukhurana/airflow/dags/modular_bizlogic_modular.py
[2024-12-18T08:08:07.195-0800] {logging_mixin.py:190} INFO - [2024-12-18T08:08:07.195-0800] {dag.py:3239} INFO - Sync 1 DAGs
[2024-12-18T08:08:07.214-0800] {logging_mixin.py:190} INFO - [2024-12-18T08:08:07.213-0800] {dag.py:4180} INFO - Setting next_dagrun for ALL_IN_ONE_Modular_etl to 2024-12-18 00:00:00+00:00, run_after=2024-12-19 00:00:00+00:00
[2024-12-18T08:08:07.230-0800] {processor.py:208} INFO - Processing /Users/rishukhurana/airflow/dags/modular_bizlogic_modular.py took 1.082 seconds
[2024-12-18T08:11:16.908-0800] {processor.py:186} INFO - Started process (PID=56702) to work on /Users/rishukhurana/airflow/dags/modular_bizlogic_modular.py
[2024-12-18T08:11:16.910-0800] {processor.py:914} INFO - Processing file /Users/rishukhurana/airflow/dags/modular_bizlogic_modular.py for tasks to queue
[2024-12-18T08:11:16.911-0800] {logging_mixin.py:190} INFO - [2024-12-18T08:11:16.911-0800] {dagbag.py:588} INFO - Filling up the DagBag from /Users/rishukhurana/airflow/dags/modular_bizlogic_modular.py
[2024-12-18T08:11:17.390-0800] {logging_mixin.py:190} INFO - [2024-12-18T08:11:17.389-0800] {utils.py:160} INFO - NumExpr defaulting to 8 threads.
[2024-12-18T08:11:17.798-0800] {processor.py:925} INFO - DAG(s) 'ALL_IN_ONE_Modular_etl' retrieved from /Users/rishukhurana/airflow/dags/modular_bizlogic_modular.py
[2024-12-18T08:11:17.893-0800] {logging_mixin.py:190} INFO - [2024-12-18T08:11:17.893-0800] {dag.py:3239} INFO - Sync 1 DAGs
[2024-12-18T08:11:17.913-0800] {logging_mixin.py:190} INFO - [2024-12-18T08:11:17.912-0800] {dag.py:4180} INFO - Setting next_dagrun for ALL_IN_ONE_Modular_etl to 2024-12-18 00:00:00+00:00, run_after=2024-12-19 00:00:00+00:00
[2024-12-18T08:11:17.929-0800] {processor.py:208} INFO - Processing /Users/rishukhurana/airflow/dags/modular_bizlogic_modular.py took 1.028 seconds
[2024-12-18T08:14:26.195-0800] {processor.py:186} INFO - Started process (PID=56846) to work on /Users/rishukhurana/airflow/dags/modular_bizlogic_modular.py
[2024-12-18T08:14:26.196-0800] {processor.py:914} INFO - Processing file /Users/rishukhurana/airflow/dags/modular_bizlogic_modular.py for tasks to queue
[2024-12-18T08:14:26.198-0800] {logging_mixin.py:190} INFO - [2024-12-18T08:14:26.197-0800] {dagbag.py:588} INFO - Filling up the DagBag from /Users/rishukhurana/airflow/dags/modular_bizlogic_modular.py
[2024-12-18T08:14:26.711-0800] {logging_mixin.py:190} INFO - [2024-12-18T08:14:26.711-0800] {utils.py:160} INFO - NumExpr defaulting to 8 threads.
[2024-12-18T08:14:27.138-0800] {processor.py:925} INFO - DAG(s) 'ALL_IN_ONE_Modular_etl' retrieved from /Users/rishukhurana/airflow/dags/modular_bizlogic_modular.py
[2024-12-18T08:14:27.232-0800] {logging_mixin.py:190} INFO - [2024-12-18T08:14:27.231-0800] {dag.py:3239} INFO - Sync 1 DAGs
[2024-12-18T08:14:27.251-0800] {logging_mixin.py:190} INFO - [2024-12-18T08:14:27.251-0800] {dag.py:4180} INFO - Setting next_dagrun for ALL_IN_ONE_Modular_etl to 2024-12-18 00:00:00+00:00, run_after=2024-12-19 00:00:00+00:00
[2024-12-18T08:14:27.267-0800] {processor.py:208} INFO - Processing /Users/rishukhurana/airflow/dags/modular_bizlogic_modular.py took 1.077 seconds
[2024-12-18T08:17:41.657-0800] {processor.py:186} INFO - Started process (PID=56996) to work on /Users/rishukhurana/airflow/dags/modular_bizlogic_modular.py
[2024-12-18T08:17:41.659-0800] {processor.py:914} INFO - Processing file /Users/rishukhurana/airflow/dags/modular_bizlogic_modular.py for tasks to queue
[2024-12-18T08:17:41.661-0800] {logging_mixin.py:190} INFO - [2024-12-18T08:17:41.660-0800] {dagbag.py:588} INFO - Filling up the DagBag from /Users/rishukhurana/airflow/dags/modular_bizlogic_modular.py
[2024-12-18T08:17:42.060-0800] {logging_mixin.py:190} INFO - [2024-12-18T08:17:42.060-0800] {utils.py:160} INFO - NumExpr defaulting to 8 threads.
[2024-12-18T08:17:42.453-0800] {processor.py:925} INFO - DAG(s) 'ALL_IN_ONE_Modular_etl' retrieved from /Users/rishukhurana/airflow/dags/modular_bizlogic_modular.py
[2024-12-18T08:17:42.543-0800] {logging_mixin.py:190} INFO - [2024-12-18T08:17:42.542-0800] {dag.py:3239} INFO - Sync 1 DAGs
[2024-12-18T08:17:42.560-0800] {logging_mixin.py:190} INFO - [2024-12-18T08:17:42.560-0800] {dag.py:4180} INFO - Setting next_dagrun for ALL_IN_ONE_Modular_etl to 2024-12-18 00:00:00+00:00, run_after=2024-12-19 00:00:00+00:00
[2024-12-18T08:17:42.576-0800] {processor.py:208} INFO - Processing /Users/rishukhurana/airflow/dags/modular_bizlogic_modular.py took 0.925 seconds
[2024-12-18T08:20:51.557-0800] {processor.py:186} INFO - Started process (PID=57142) to work on /Users/rishukhurana/airflow/dags/modular_bizlogic_modular.py
[2024-12-18T08:20:51.559-0800] {processor.py:914} INFO - Processing file /Users/rishukhurana/airflow/dags/modular_bizlogic_modular.py for tasks to queue
[2024-12-18T08:20:51.561-0800] {logging_mixin.py:190} INFO - [2024-12-18T08:20:51.561-0800] {dagbag.py:588} INFO - Filling up the DagBag from /Users/rishukhurana/airflow/dags/modular_bizlogic_modular.py
[2024-12-18T08:20:51.958-0800] {logging_mixin.py:190} INFO - [2024-12-18T08:20:51.958-0800] {utils.py:160} INFO - NumExpr defaulting to 8 threads.
[2024-12-18T08:20:52.268-0800] {processor.py:925} INFO - DAG(s) 'ALL_IN_ONE_Modular_etl' retrieved from /Users/rishukhurana/airflow/dags/modular_bizlogic_modular.py
[2024-12-18T08:20:52.360-0800] {logging_mixin.py:190} INFO - [2024-12-18T08:20:52.360-0800] {dag.py:3239} INFO - Sync 1 DAGs
[2024-12-18T08:20:52.379-0800] {logging_mixin.py:190} INFO - [2024-12-18T08:20:52.378-0800] {dag.py:4180} INFO - Setting next_dagrun for ALL_IN_ONE_Modular_etl to 2024-12-18 00:00:00+00:00, run_after=2024-12-19 00:00:00+00:00
[2024-12-18T08:20:52.393-0800] {processor.py:208} INFO - Processing /Users/rishukhurana/airflow/dags/modular_bizlogic_modular.py took 0.842 seconds
[2024-12-18T08:24:01.259-0800] {processor.py:186} INFO - Started process (PID=57291) to work on /Users/rishukhurana/airflow/dags/modular_bizlogic_modular.py
[2024-12-18T08:24:01.261-0800] {processor.py:914} INFO - Processing file /Users/rishukhurana/airflow/dags/modular_bizlogic_modular.py for tasks to queue
[2024-12-18T08:24:01.263-0800] {logging_mixin.py:190} INFO - [2024-12-18T08:24:01.263-0800] {dagbag.py:588} INFO - Filling up the DagBag from /Users/rishukhurana/airflow/dags/modular_bizlogic_modular.py
[2024-12-18T08:24:01.744-0800] {logging_mixin.py:190} INFO - [2024-12-18T08:24:01.744-0800] {utils.py:160} INFO - NumExpr defaulting to 8 threads.
[2024-12-18T08:24:02.144-0800] {processor.py:925} INFO - DAG(s) 'ALL_IN_ONE_Modular_etl' retrieved from /Users/rishukhurana/airflow/dags/modular_bizlogic_modular.py
[2024-12-18T08:24:02.237-0800] {logging_mixin.py:190} INFO - [2024-12-18T08:24:02.237-0800] {dag.py:3239} INFO - Sync 1 DAGs
[2024-12-18T08:24:02.257-0800] {logging_mixin.py:190} INFO - [2024-12-18T08:24:02.256-0800] {dag.py:4180} INFO - Setting next_dagrun for ALL_IN_ONE_Modular_etl to 2024-12-18 00:00:00+00:00, run_after=2024-12-19 00:00:00+00:00
[2024-12-18T08:24:02.272-0800] {processor.py:208} INFO - Processing /Users/rishukhurana/airflow/dags/modular_bizlogic_modular.py took 1.019 seconds
[2024-12-18T08:27:08.972-0800] {processor.py:186} INFO - Started process (PID=57439) to work on /Users/rishukhurana/airflow/dags/modular_bizlogic_modular.py
[2024-12-18T08:27:08.974-0800] {processor.py:914} INFO - Processing file /Users/rishukhurana/airflow/dags/modular_bizlogic_modular.py for tasks to queue
[2024-12-18T08:27:08.975-0800] {logging_mixin.py:190} INFO - [2024-12-18T08:27:08.975-0800] {dagbag.py:588} INFO - Filling up the DagBag from /Users/rishukhurana/airflow/dags/modular_bizlogic_modular.py
[2024-12-18T08:27:09.509-0800] {logging_mixin.py:190} INFO - [2024-12-18T08:27:09.509-0800] {utils.py:160} INFO - NumExpr defaulting to 8 threads.
[2024-12-18T08:27:09.931-0800] {processor.py:925} INFO - DAG(s) 'ALL_IN_ONE_Modular_etl' retrieved from /Users/rishukhurana/airflow/dags/modular_bizlogic_modular.py
[2024-12-18T08:27:10.025-0800] {logging_mixin.py:190} INFO - [2024-12-18T08:27:10.024-0800] {dag.py:3239} INFO - Sync 1 DAGs
[2024-12-18T08:27:10.042-0800] {logging_mixin.py:190} INFO - [2024-12-18T08:27:10.042-0800] {dag.py:4180} INFO - Setting next_dagrun for ALL_IN_ONE_Modular_etl to 2024-12-18 00:00:00+00:00, run_after=2024-12-19 00:00:00+00:00
[2024-12-18T08:27:10.058-0800] {processor.py:208} INFO - Processing /Users/rishukhurana/airflow/dags/modular_bizlogic_modular.py took 1.092 seconds
[2024-12-18T08:30:20.244-0800] {processor.py:186} INFO - Started process (PID=57589) to work on /Users/rishukhurana/airflow/dags/modular_bizlogic_modular.py
[2024-12-18T08:30:20.246-0800] {processor.py:914} INFO - Processing file /Users/rishukhurana/airflow/dags/modular_bizlogic_modular.py for tasks to queue
[2024-12-18T08:30:20.247-0800] {logging_mixin.py:190} INFO - [2024-12-18T08:30:20.247-0800] {dagbag.py:588} INFO - Filling up the DagBag from /Users/rishukhurana/airflow/dags/modular_bizlogic_modular.py
[2024-12-18T08:30:20.761-0800] {logging_mixin.py:190} INFO - [2024-12-18T08:30:20.761-0800] {utils.py:160} INFO - NumExpr defaulting to 8 threads.
[2024-12-18T08:30:21.187-0800] {processor.py:925} INFO - DAG(s) 'ALL_IN_ONE_Modular_etl' retrieved from /Users/rishukhurana/airflow/dags/modular_bizlogic_modular.py
[2024-12-18T08:30:21.283-0800] {logging_mixin.py:190} INFO - [2024-12-18T08:30:21.282-0800] {dag.py:3239} INFO - Sync 1 DAGs
[2024-12-18T08:30:21.303-0800] {logging_mixin.py:190} INFO - [2024-12-18T08:30:21.302-0800] {dag.py:4180} INFO - Setting next_dagrun for ALL_IN_ONE_Modular_etl to 2024-12-18 00:00:00+00:00, run_after=2024-12-19 00:00:00+00:00
[2024-12-18T08:30:21.317-0800] {processor.py:208} INFO - Processing /Users/rishukhurana/airflow/dags/modular_bizlogic_modular.py took 1.079 seconds
[2024-12-18T08:33:28.537-0800] {processor.py:186} INFO - Started process (PID=57746) to work on /Users/rishukhurana/airflow/dags/modular_bizlogic_modular.py
[2024-12-18T08:33:28.539-0800] {processor.py:914} INFO - Processing file /Users/rishukhurana/airflow/dags/modular_bizlogic_modular.py for tasks to queue
[2024-12-18T08:33:28.541-0800] {logging_mixin.py:190} INFO - [2024-12-18T08:33:28.540-0800] {dagbag.py:588} INFO - Filling up the DagBag from /Users/rishukhurana/airflow/dags/modular_bizlogic_modular.py
[2024-12-18T08:33:29.083-0800] {logging_mixin.py:190} INFO - [2024-12-18T08:33:29.083-0800] {utils.py:160} INFO - NumExpr defaulting to 8 threads.
[2024-12-18T08:33:29.609-0800] {processor.py:925} INFO - DAG(s) 'ALL_IN_ONE_Modular_etl' retrieved from /Users/rishukhurana/airflow/dags/modular_bizlogic_modular.py
[2024-12-18T08:33:29.704-0800] {logging_mixin.py:190} INFO - [2024-12-18T08:33:29.704-0800] {dag.py:3239} INFO - Sync 1 DAGs
[2024-12-18T08:33:29.723-0800] {logging_mixin.py:190} INFO - [2024-12-18T08:33:29.723-0800] {dag.py:4180} INFO - Setting next_dagrun for ALL_IN_ONE_Modular_etl to 2024-12-18 00:00:00+00:00, run_after=2024-12-19 00:00:00+00:00
[2024-12-18T08:33:29.738-0800] {processor.py:208} INFO - Processing /Users/rishukhurana/airflow/dags/modular_bizlogic_modular.py took 1.208 seconds
[2024-12-18T08:36:26.830-0800] {processor.py:186} INFO - Started process (PID=57896) to work on /Users/rishukhurana/airflow/dags/modular_bizlogic_modular.py
[2024-12-18T08:36:26.832-0800] {processor.py:914} INFO - Processing file /Users/rishukhurana/airflow/dags/modular_bizlogic_modular.py for tasks to queue
[2024-12-18T08:36:26.834-0800] {logging_mixin.py:190} INFO - [2024-12-18T08:36:26.833-0800] {dagbag.py:588} INFO - Filling up the DagBag from /Users/rishukhurana/airflow/dags/modular_bizlogic_modular.py
[2024-12-18T08:36:27.355-0800] {logging_mixin.py:190} INFO - [2024-12-18T08:36:27.355-0800] {utils.py:160} INFO - NumExpr defaulting to 8 threads.
[2024-12-18T08:36:27.906-0800] {processor.py:925} INFO - DAG(s) 'ALL_IN_ONE_Modular_etl' retrieved from /Users/rishukhurana/airflow/dags/modular_bizlogic_modular.py
[2024-12-18T08:36:27.993-0800] {logging_mixin.py:190} INFO - [2024-12-18T08:36:27.992-0800] {dag.py:3239} INFO - Sync 1 DAGs
[2024-12-18T08:36:28.011-0800] {logging_mixin.py:190} INFO - [2024-12-18T08:36:28.011-0800] {dag.py:4180} INFO - Setting next_dagrun for ALL_IN_ONE_Modular_etl to 2024-12-18 00:00:00+00:00, run_after=2024-12-19 00:00:00+00:00
[2024-12-18T08:36:28.027-0800] {processor.py:208} INFO - Processing /Users/rishukhurana/airflow/dags/modular_bizlogic_modular.py took 1.204 seconds
[2024-12-18T08:39:32.512-0800] {processor.py:186} INFO - Started process (PID=58086) to work on /Users/rishukhurana/airflow/dags/modular_bizlogic_modular.py
[2024-12-18T08:39:32.514-0800] {processor.py:914} INFO - Processing file /Users/rishukhurana/airflow/dags/modular_bizlogic_modular.py for tasks to queue
[2024-12-18T08:39:32.516-0800] {logging_mixin.py:190} INFO - [2024-12-18T08:39:32.516-0800] {dagbag.py:588} INFO - Filling up the DagBag from /Users/rishukhurana/airflow/dags/modular_bizlogic_modular.py
[2024-12-18T08:39:32.983-0800] {logging_mixin.py:190} INFO - [2024-12-18T08:39:32.983-0800] {utils.py:160} INFO - NumExpr defaulting to 8 threads.
[2024-12-18T08:39:33.465-0800] {processor.py:925} INFO - DAG(s) 'ALL_IN_ONE_Modular_etl' retrieved from /Users/rishukhurana/airflow/dags/modular_bizlogic_modular.py
[2024-12-18T08:39:33.547-0800] {logging_mixin.py:190} INFO - [2024-12-18T08:39:33.546-0800] {dag.py:3239} INFO - Sync 1 DAGs
[2024-12-18T08:39:33.565-0800] {logging_mixin.py:190} INFO - [2024-12-18T08:39:33.565-0800] {dag.py:4180} INFO - Setting next_dagrun for ALL_IN_ONE_Modular_etl to 2024-12-18 00:00:00+00:00, run_after=2024-12-19 00:00:00+00:00
[2024-12-18T08:39:33.580-0800] {processor.py:208} INFO - Processing /Users/rishukhurana/airflow/dags/modular_bizlogic_modular.py took 1.073 seconds
[2024-12-18T08:42:27.439-0800] {processor.py:186} INFO - Started process (PID=58243) to work on /Users/rishukhurana/airflow/dags/modular_bizlogic_modular.py
[2024-12-18T08:42:27.442-0800] {processor.py:914} INFO - Processing file /Users/rishukhurana/airflow/dags/modular_bizlogic_modular.py for tasks to queue
[2024-12-18T08:42:27.444-0800] {logging_mixin.py:190} INFO - [2024-12-18T08:42:27.443-0800] {dagbag.py:588} INFO - Filling up the DagBag from /Users/rishukhurana/airflow/dags/modular_bizlogic_modular.py
[2024-12-18T08:42:27.921-0800] {logging_mixin.py:190} INFO - [2024-12-18T08:42:27.920-0800] {utils.py:160} INFO - NumExpr defaulting to 8 threads.
[2024-12-18T08:42:28.431-0800] {processor.py:925} INFO - DAG(s) 'ALL_IN_ONE_Modular_etl' retrieved from /Users/rishukhurana/airflow/dags/modular_bizlogic_modular.py
[2024-12-18T08:42:28.510-0800] {logging_mixin.py:190} INFO - [2024-12-18T08:42:28.510-0800] {dag.py:3239} INFO - Sync 1 DAGs
[2024-12-18T08:42:28.529-0800] {logging_mixin.py:190} INFO - [2024-12-18T08:42:28.529-0800] {dag.py:4180} INFO - Setting next_dagrun for ALL_IN_ONE_Modular_etl to 2024-12-18 00:00:00+00:00, run_after=2024-12-19 00:00:00+00:00
[2024-12-18T08:42:28.544-0800] {processor.py:208} INFO - Processing /Users/rishukhurana/airflow/dags/modular_bizlogic_modular.py took 1.111 seconds
[2024-12-18T09:00:18.713-0800] {processor.py:186} INFO - Started process (PID=58409) to work on /Users/rishukhurana/airflow/dags/modular_bizlogic_modular.py
[2024-12-18T09:00:18.715-0800] {processor.py:914} INFO - Processing file /Users/rishukhurana/airflow/dags/modular_bizlogic_modular.py for tasks to queue
[2024-12-18T09:00:18.716-0800] {logging_mixin.py:190} INFO - [2024-12-18T09:00:18.716-0800] {dagbag.py:588} INFO - Filling up the DagBag from /Users/rishukhurana/airflow/dags/modular_bizlogic_modular.py
[2024-12-18T09:00:19.211-0800] {logging_mixin.py:190} INFO - [2024-12-18T09:00:19.210-0800] {utils.py:160} INFO - NumExpr defaulting to 8 threads.
[2024-12-18T09:00:19.729-0800] {processor.py:925} INFO - DAG(s) 'ALL_IN_ONE_Modular_etl' retrieved from /Users/rishukhurana/airflow/dags/modular_bizlogic_modular.py
[2024-12-18T09:00:19.812-0800] {logging_mixin.py:190} INFO - [2024-12-18T09:00:19.811-0800] {dag.py:3239} INFO - Sync 1 DAGs
[2024-12-18T09:00:19.832-0800] {logging_mixin.py:190} INFO - [2024-12-18T09:00:19.831-0800] {dag.py:4180} INFO - Setting next_dagrun for ALL_IN_ONE_Modular_etl to 2024-12-18 00:00:00+00:00, run_after=2024-12-19 00:00:00+00:00
[2024-12-18T09:00:19.847-0800] {processor.py:208} INFO - Processing /Users/rishukhurana/airflow/dags/modular_bizlogic_modular.py took 1.139 seconds
[2024-12-18T09:03:25.599-0800] {processor.py:186} INFO - Started process (PID=58566) to work on /Users/rishukhurana/airflow/dags/modular_bizlogic_modular.py
[2024-12-18T09:03:25.600-0800] {processor.py:914} INFO - Processing file /Users/rishukhurana/airflow/dags/modular_bizlogic_modular.py for tasks to queue
[2024-12-18T09:03:25.602-0800] {logging_mixin.py:190} INFO - [2024-12-18T09:03:25.601-0800] {dagbag.py:588} INFO - Filling up the DagBag from /Users/rishukhurana/airflow/dags/modular_bizlogic_modular.py
[2024-12-18T09:03:25.990-0800] {logging_mixin.py:190} INFO - [2024-12-18T09:03:25.989-0800] {utils.py:160} INFO - NumExpr defaulting to 8 threads.
[2024-12-18T09:03:26.470-0800] {processor.py:925} INFO - DAG(s) 'ALL_IN_ONE_Modular_etl' retrieved from /Users/rishukhurana/airflow/dags/modular_bizlogic_modular.py
[2024-12-18T09:03:26.561-0800] {logging_mixin.py:190} INFO - [2024-12-18T09:03:26.560-0800] {dag.py:3239} INFO - Sync 1 DAGs
[2024-12-18T09:03:26.579-0800] {logging_mixin.py:190} INFO - [2024-12-18T09:03:26.578-0800] {dag.py:4180} INFO - Setting next_dagrun for ALL_IN_ONE_Modular_etl to 2024-12-18 00:00:00+00:00, run_after=2024-12-19 00:00:00+00:00
[2024-12-18T09:03:26.593-0800] {processor.py:208} INFO - Processing /Users/rishukhurana/airflow/dags/modular_bizlogic_modular.py took 0.999 seconds
[2024-12-18T09:06:34.150-0800] {processor.py:186} INFO - Started process (PID=58718) to work on /Users/rishukhurana/airflow/dags/modular_bizlogic_modular.py
[2024-12-18T09:06:34.152-0800] {processor.py:914} INFO - Processing file /Users/rishukhurana/airflow/dags/modular_bizlogic_modular.py for tasks to queue
[2024-12-18T09:06:34.154-0800] {logging_mixin.py:190} INFO - [2024-12-18T09:06:34.153-0800] {dagbag.py:588} INFO - Filling up the DagBag from /Users/rishukhurana/airflow/dags/modular_bizlogic_modular.py
[2024-12-18T09:06:34.668-0800] {logging_mixin.py:190} INFO - [2024-12-18T09:06:34.668-0800] {utils.py:160} INFO - NumExpr defaulting to 8 threads.
[2024-12-18T09:06:35.178-0800] {processor.py:925} INFO - DAG(s) 'ALL_IN_ONE_Modular_etl' retrieved from /Users/rishukhurana/airflow/dags/modular_bizlogic_modular.py
[2024-12-18T09:06:35.262-0800] {logging_mixin.py:190} INFO - [2024-12-18T09:06:35.261-0800] {dag.py:3239} INFO - Sync 1 DAGs
[2024-12-18T09:06:35.281-0800] {logging_mixin.py:190} INFO - [2024-12-18T09:06:35.281-0800] {dag.py:4180} INFO - Setting next_dagrun for ALL_IN_ONE_Modular_etl to 2024-12-18 00:00:00+00:00, run_after=2024-12-19 00:00:00+00:00
[2024-12-18T09:06:35.299-0800] {processor.py:208} INFO - Processing /Users/rishukhurana/airflow/dags/modular_bizlogic_modular.py took 1.156 seconds
[2024-12-18T09:09:42.025-0800] {processor.py:186} INFO - Started process (PID=58870) to work on /Users/rishukhurana/airflow/dags/modular_bizlogic_modular.py
[2024-12-18T09:09:42.027-0800] {processor.py:914} INFO - Processing file /Users/rishukhurana/airflow/dags/modular_bizlogic_modular.py for tasks to queue
[2024-12-18T09:09:42.028-0800] {logging_mixin.py:190} INFO - [2024-12-18T09:09:42.028-0800] {dagbag.py:588} INFO - Filling up the DagBag from /Users/rishukhurana/airflow/dags/modular_bizlogic_modular.py
[2024-12-18T09:09:42.526-0800] {logging_mixin.py:190} INFO - [2024-12-18T09:09:42.526-0800] {utils.py:160} INFO - NumExpr defaulting to 8 threads.
[2024-12-18T09:09:43.000-0800] {processor.py:925} INFO - DAG(s) 'ALL_IN_ONE_Modular_etl' retrieved from /Users/rishukhurana/airflow/dags/modular_bizlogic_modular.py
[2024-12-18T09:09:43.084-0800] {logging_mixin.py:190} INFO - [2024-12-18T09:09:43.083-0800] {dag.py:3239} INFO - Sync 1 DAGs
[2024-12-18T09:09:43.103-0800] {logging_mixin.py:190} INFO - [2024-12-18T09:09:43.103-0800] {dag.py:4180} INFO - Setting next_dagrun for ALL_IN_ONE_Modular_etl to 2024-12-18 00:00:00+00:00, run_after=2024-12-19 00:00:00+00:00
[2024-12-18T09:09:43.118-0800] {processor.py:208} INFO - Processing /Users/rishukhurana/airflow/dags/modular_bizlogic_modular.py took 1.097 seconds
[2024-12-18T09:12:55.628-0800] {processor.py:186} INFO - Started process (PID=59019) to work on /Users/rishukhurana/airflow/dags/modular_bizlogic_modular.py
[2024-12-18T09:12:55.630-0800] {processor.py:914} INFO - Processing file /Users/rishukhurana/airflow/dags/modular_bizlogic_modular.py for tasks to queue
[2024-12-18T09:12:55.631-0800] {logging_mixin.py:190} INFO - [2024-12-18T09:12:55.631-0800] {dagbag.py:588} INFO - Filling up the DagBag from /Users/rishukhurana/airflow/dags/modular_bizlogic_modular.py
[2024-12-18T09:12:56.166-0800] {logging_mixin.py:190} INFO - [2024-12-18T09:12:56.166-0800] {utils.py:160} INFO - NumExpr defaulting to 8 threads.
[2024-12-18T09:12:56.700-0800] {processor.py:925} INFO - DAG(s) 'ALL_IN_ONE_Modular_etl' retrieved from /Users/rishukhurana/airflow/dags/modular_bizlogic_modular.py
[2024-12-18T09:12:56.783-0800] {logging_mixin.py:190} INFO - [2024-12-18T09:12:56.783-0800] {dag.py:3239} INFO - Sync 1 DAGs
[2024-12-18T09:12:56.804-0800] {logging_mixin.py:190} INFO - [2024-12-18T09:12:56.804-0800] {dag.py:4180} INFO - Setting next_dagrun for ALL_IN_ONE_Modular_etl to 2024-12-18 00:00:00+00:00, run_after=2024-12-19 00:00:00+00:00
[2024-12-18T09:12:56.820-0800] {processor.py:208} INFO - Processing /Users/rishukhurana/airflow/dags/modular_bizlogic_modular.py took 1.199 seconds
[2024-12-18T09:16:04.592-0800] {processor.py:186} INFO - Started process (PID=59178) to work on /Users/rishukhurana/airflow/dags/modular_bizlogic_modular.py
[2024-12-18T09:16:04.594-0800] {processor.py:914} INFO - Processing file /Users/rishukhurana/airflow/dags/modular_bizlogic_modular.py for tasks to queue
[2024-12-18T09:16:04.596-0800] {logging_mixin.py:190} INFO - [2024-12-18T09:16:04.596-0800] {dagbag.py:588} INFO - Filling up the DagBag from /Users/rishukhurana/airflow/dags/modular_bizlogic_modular.py
[2024-12-18T09:16:05.041-0800] {logging_mixin.py:190} INFO - [2024-12-18T09:16:05.041-0800] {utils.py:160} INFO - NumExpr defaulting to 8 threads.
[2024-12-18T09:16:05.562-0800] {processor.py:925} INFO - DAG(s) 'ALL_IN_ONE_Modular_etl' retrieved from /Users/rishukhurana/airflow/dags/modular_bizlogic_modular.py
[2024-12-18T09:16:05.640-0800] {logging_mixin.py:190} INFO - [2024-12-18T09:16:05.640-0800] {dag.py:3239} INFO - Sync 1 DAGs
[2024-12-18T09:16:05.662-0800] {logging_mixin.py:190} INFO - [2024-12-18T09:16:05.662-0800] {dag.py:4180} INFO - Setting next_dagrun for ALL_IN_ONE_Modular_etl to 2024-12-18 00:00:00+00:00, run_after=2024-12-19 00:00:00+00:00
[2024-12-18T09:16:05.680-0800] {processor.py:208} INFO - Processing /Users/rishukhurana/airflow/dags/modular_bizlogic_modular.py took 1.094 seconds
[2024-12-18T09:19:07.722-0800] {processor.py:186} INFO - Started process (PID=59340) to work on /Users/rishukhurana/airflow/dags/modular_bizlogic_modular.py
[2024-12-18T09:19:07.724-0800] {processor.py:914} INFO - Processing file /Users/rishukhurana/airflow/dags/modular_bizlogic_modular.py for tasks to queue
[2024-12-18T09:19:07.725-0800] {logging_mixin.py:190} INFO - [2024-12-18T09:19:07.725-0800] {dagbag.py:588} INFO - Filling up the DagBag from /Users/rishukhurana/airflow/dags/modular_bizlogic_modular.py
[2024-12-18T09:19:08.314-0800] {logging_mixin.py:190} INFO - [2024-12-18T09:19:08.314-0800] {utils.py:160} INFO - NumExpr defaulting to 8 threads.
[2024-12-18T09:19:08.783-0800] {processor.py:925} INFO - DAG(s) 'ALL_IN_ONE_Modular_etl' retrieved from /Users/rishukhurana/airflow/dags/modular_bizlogic_modular.py
[2024-12-18T09:19:08.867-0800] {logging_mixin.py:190} INFO - [2024-12-18T09:19:08.866-0800] {dag.py:3239} INFO - Sync 1 DAGs
[2024-12-18T09:19:08.886-0800] {logging_mixin.py:190} INFO - [2024-12-18T09:19:08.886-0800] {dag.py:4180} INFO - Setting next_dagrun for ALL_IN_ONE_Modular_etl to 2024-12-18 00:00:00+00:00, run_after=2024-12-19 00:00:00+00:00
[2024-12-18T09:19:08.901-0800] {processor.py:208} INFO - Processing /Users/rishukhurana/airflow/dags/modular_bizlogic_modular.py took 1.187 seconds
[2024-12-18T09:22:13.719-0800] {processor.py:186} INFO - Started process (PID=59514) to work on /Users/rishukhurana/airflow/dags/modular_bizlogic_modular.py
[2024-12-18T09:22:13.721-0800] {processor.py:914} INFO - Processing file /Users/rishukhurana/airflow/dags/modular_bizlogic_modular.py for tasks to queue
[2024-12-18T09:22:13.722-0800] {logging_mixin.py:190} INFO - [2024-12-18T09:22:13.722-0800] {dagbag.py:588} INFO - Filling up the DagBag from /Users/rishukhurana/airflow/dags/modular_bizlogic_modular.py
[2024-12-18T09:22:14.206-0800] {logging_mixin.py:190} INFO - [2024-12-18T09:22:14.206-0800] {utils.py:160} INFO - NumExpr defaulting to 8 threads.
[2024-12-18T09:22:14.675-0800] {processor.py:925} INFO - DAG(s) 'ALL_IN_ONE_Modular_etl' retrieved from /Users/rishukhurana/airflow/dags/modular_bizlogic_modular.py
[2024-12-18T09:22:14.759-0800] {logging_mixin.py:190} INFO - [2024-12-18T09:22:14.759-0800] {dag.py:3239} INFO - Sync 1 DAGs
[2024-12-18T09:22:14.778-0800] {logging_mixin.py:190} INFO - [2024-12-18T09:22:14.777-0800] {dag.py:4180} INFO - Setting next_dagrun for ALL_IN_ONE_Modular_etl to 2024-12-18 00:00:00+00:00, run_after=2024-12-19 00:00:00+00:00
[2024-12-18T09:22:14.798-0800] {processor.py:208} INFO - Processing /Users/rishukhurana/airflow/dags/modular_bizlogic_modular.py took 1.087 seconds
[2024-12-18T09:25:27.665-0800] {processor.py:186} INFO - Started process (PID=59686) to work on /Users/rishukhurana/airflow/dags/modular_bizlogic_modular.py
[2024-12-18T09:25:27.667-0800] {processor.py:914} INFO - Processing file /Users/rishukhurana/airflow/dags/modular_bizlogic_modular.py for tasks to queue
[2024-12-18T09:25:27.669-0800] {logging_mixin.py:190} INFO - [2024-12-18T09:25:27.669-0800] {dagbag.py:588} INFO - Filling up the DagBag from /Users/rishukhurana/airflow/dags/modular_bizlogic_modular.py
[2024-12-18T09:25:28.227-0800] {logging_mixin.py:190} INFO - [2024-12-18T09:25:28.226-0800] {utils.py:160} INFO - NumExpr defaulting to 8 threads.
[2024-12-18T09:25:28.777-0800] {processor.py:925} INFO - DAG(s) 'ALL_IN_ONE_Modular_etl' retrieved from /Users/rishukhurana/airflow/dags/modular_bizlogic_modular.py
[2024-12-18T09:25:28.859-0800] {logging_mixin.py:190} INFO - [2024-12-18T09:25:28.859-0800] {dag.py:3239} INFO - Sync 1 DAGs
[2024-12-18T09:25:28.878-0800] {logging_mixin.py:190} INFO - [2024-12-18T09:25:28.878-0800] {dag.py:4180} INFO - Setting next_dagrun for ALL_IN_ONE_Modular_etl to 2024-12-18 00:00:00+00:00, run_after=2024-12-19 00:00:00+00:00
[2024-12-18T09:25:28.893-0800] {processor.py:208} INFO - Processing /Users/rishukhurana/airflow/dags/modular_bizlogic_modular.py took 1.235 seconds
[2024-12-18T09:28:38.511-0800] {processor.py:186} INFO - Started process (PID=59843) to work on /Users/rishukhurana/airflow/dags/modular_bizlogic_modular.py
[2024-12-18T09:28:38.513-0800] {processor.py:914} INFO - Processing file /Users/rishukhurana/airflow/dags/modular_bizlogic_modular.py for tasks to queue
[2024-12-18T09:28:38.514-0800] {logging_mixin.py:190} INFO - [2024-12-18T09:28:38.514-0800] {dagbag.py:588} INFO - Filling up the DagBag from /Users/rishukhurana/airflow/dags/modular_bizlogic_modular.py
[2024-12-18T09:28:39.001-0800] {logging_mixin.py:190} INFO - [2024-12-18T09:28:39.000-0800] {utils.py:160} INFO - NumExpr defaulting to 8 threads.
[2024-12-18T09:28:39.445-0800] {processor.py:925} INFO - DAG(s) 'ALL_IN_ONE_Modular_etl' retrieved from /Users/rishukhurana/airflow/dags/modular_bizlogic_modular.py
[2024-12-18T09:28:39.537-0800] {logging_mixin.py:190} INFO - [2024-12-18T09:28:39.537-0800] {dag.py:3239} INFO - Sync 1 DAGs
[2024-12-18T09:28:39.557-0800] {logging_mixin.py:190} INFO - [2024-12-18T09:28:39.557-0800] {dag.py:4180} INFO - Setting next_dagrun for ALL_IN_ONE_Modular_etl to 2024-12-18 00:00:00+00:00, run_after=2024-12-19 00:00:00+00:00
[2024-12-18T09:28:39.575-0800] {processor.py:208} INFO - Processing /Users/rishukhurana/airflow/dags/modular_bizlogic_modular.py took 1.069 seconds
[2024-12-18T10:27:12.424-0800] {processor.py:186} INFO - Started process (PID=60067) to work on /Users/rishukhurana/airflow/dags/modular_bizlogic_modular.py
[2024-12-18T10:27:12.426-0800] {processor.py:914} INFO - Processing file /Users/rishukhurana/airflow/dags/modular_bizlogic_modular.py for tasks to queue
[2024-12-18T10:27:12.427-0800] {logging_mixin.py:190} INFO - [2024-12-18T10:27:12.427-0800] {dagbag.py:588} INFO - Filling up the DagBag from /Users/rishukhurana/airflow/dags/modular_bizlogic_modular.py
[2024-12-18T10:27:13.084-0800] {logging_mixin.py:190} INFO - [2024-12-18T10:27:13.084-0800] {utils.py:160} INFO - NumExpr defaulting to 8 threads.
[2024-12-18T10:27:13.601-0800] {processor.py:925} INFO - DAG(s) 'ALL_IN_ONE_Modular_etl' retrieved from /Users/rishukhurana/airflow/dags/modular_bizlogic_modular.py
[2024-12-18T10:27:13.707-0800] {logging_mixin.py:190} INFO - [2024-12-18T10:27:13.706-0800] {dag.py:3239} INFO - Sync 1 DAGs
[2024-12-18T10:27:13.732-0800] {logging_mixin.py:190} INFO - [2024-12-18T10:27:13.731-0800] {dag.py:4180} INFO - Setting next_dagrun for ALL_IN_ONE_Modular_etl to 2024-12-18 00:00:00+00:00, run_after=2024-12-19 00:00:00+00:00
[2024-12-18T10:27:13.752-0800] {processor.py:208} INFO - Processing /Users/rishukhurana/airflow/dags/modular_bizlogic_modular.py took 1.337 seconds
[2024-12-18T14:20:57.942-0800] {processor.py:186} INFO - Started process (PID=60405) to work on /Users/rishukhurana/airflow/dags/modular_bizlogic_modular.py
[2024-12-18T14:20:57.959-0800] {processor.py:914} INFO - Processing file /Users/rishukhurana/airflow/dags/modular_bizlogic_modular.py for tasks to queue
[2024-12-18T14:20:57.967-0800] {logging_mixin.py:190} INFO - [2024-12-18T14:20:57.966-0800] {dagbag.py:588} INFO - Filling up the DagBag from /Users/rishukhurana/airflow/dags/modular_bizlogic_modular.py
[2024-12-18T14:21:01.416-0800] {logging_mixin.py:190} INFO - [2024-12-18T14:21:01.414-0800] {utils.py:160} INFO - NumExpr defaulting to 8 threads.
[2024-12-18T14:21:03.825-0800] {processor.py:925} INFO - DAG(s) 'ALL_IN_ONE_Modular_etl' retrieved from /Users/rishukhurana/airflow/dags/modular_bizlogic_modular.py
[2024-12-18T14:21:04.533-0800] {logging_mixin.py:190} INFO - [2024-12-18T14:21:04.530-0800] {dag.py:3239} INFO - Sync 1 DAGs
[2024-12-18T14:21:04.668-0800] {logging_mixin.py:190} INFO - [2024-12-18T14:21:04.666-0800] {dag.py:4180} INFO - Setting next_dagrun for ALL_IN_ONE_Modular_etl to 2024-12-18 00:00:00+00:00, run_after=2024-12-19 00:00:00+00:00
[2024-12-18T14:21:04.781-0800] {processor.py:208} INFO - Processing /Users/rishukhurana/airflow/dags/modular_bizlogic_modular.py took 6.893 seconds
