[2024-12-14T07:13:54.976-0800] {local_task_job_runner.py:123} INFO - ::group::Pre task execution logs
[2024-12-14T07:13:54.988-0800] {taskinstance.py:2613} INFO - Dependencies all met for dep_context=non-requeueable deps ti=<TaskInstance: X_coms.Extract manual__2024-12-14T15:13:41.143080+00:00 [queued]>
[2024-12-14T07:13:54.993-0800] {taskinstance.py:2613} INFO - Dependencies all met for dep_context=requeueable deps ti=<TaskInstance: X_coms.Extract manual__2024-12-14T15:13:41.143080+00:00 [queued]>
[2024-12-14T07:13:54.993-0800] {taskinstance.py:2866} INFO - Starting attempt 1 of 1
[2024-12-14T07:13:55.003-0800] {taskinstance.py:2889} INFO - Executing <Task(PythonOperator): Extract> on 2024-12-14 15:13:41.143080+00:00
[2024-12-14T07:13:55.009-0800] {standard_task_runner.py:72} INFO - Started process 15676 to run task
[2024-12-14T07:13:55.017-0800] {standard_task_runner.py:104} INFO - Running: ['airflow', 'tasks', 'run', 'X_coms', 'Extract', 'manual__2024-12-14T15:13:41.143080+00:00', '--job-id', '18', '--raw', '--subdir', 'DAGS_FOLDER/X_Coms.py', '--cfg-path', '/var/folders/05/fw9xrgzd2xz986svxp5_g00w0000gn/T/tmp7kusqpvy']
[2024-12-14T07:13:55.020-0800] {standard_task_runner.py:105} INFO - Job 18: Subtask Extract
[2024-12-14T07:13:55.071-0800] {task_command.py:467} INFO - Running <TaskInstance: X_coms.Extract manual__2024-12-14T15:13:41.143080+00:00 [running]> on host rishus-macbook-pro.local
[2024-12-14T07:13:55.124-0800] {taskinstance.py:3132} INFO - Exporting env vars: AIRFLOW_CTX_DAG_OWNER='airflow' AIRFLOW_CTX_DAG_ID='X_coms' AIRFLOW_CTX_TASK_ID='Extract' AIRFLOW_CTX_EXECUTION_DATE='2024-12-14T15:13:41.143080+00:00' AIRFLOW_CTX_TRY_NUMBER='1' AIRFLOW_CTX_DAG_RUN_ID='manual__2024-12-14T15:13:41.143080+00:00'
[2024-12-14T07:13:55.126-0800] {logging_mixin.py:190} INFO - Task instance is in running state
[2024-12-14T07:13:55.127-0800] {logging_mixin.py:190} INFO -  Previous state of the Task instance: queued
[2024-12-14T07:13:55.128-0800] {logging_mixin.py:190} INFO - Current task name:Extract state:running start_date:2024-12-14 15:13:54.989056+00:00
[2024-12-14T07:13:55.128-0800] {logging_mixin.py:190} INFO - Dag name:X_coms and current dag run status:running
[2024-12-14T07:13:55.129-0800] {taskinstance.py:731} INFO - ::endgroup::
[2024-12-14T07:13:55.130-0800] {logging_mixin.py:190} INFO - What is your name
[2024-12-14T07:13:55.131-0800] {logging_mixin.py:190} INFO - My name is Rishu
[2024-12-14T07:13:55.131-0800] {python.py:240} INFO - Done. Returned value was: I got this!
[2024-12-14T07:13:55.141-0800] {taskinstance.py:340} INFO - ::group::Post task execution logs
[2024-12-14T07:13:55.143-0800] {taskinstance.py:352} INFO - Marking task as SUCCESS. dag_id=X_coms, task_id=Extract, run_id=manual__2024-12-14T15:13:41.143080+00:00, execution_date=20241214T151341, start_date=20241214T151354, end_date=20241214T151355
[2024-12-14T07:13:55.150-0800] {logging_mixin.py:190} INFO - Task instance in success state
[2024-12-14T07:13:55.151-0800] {logging_mixin.py:190} INFO -  Previous state of the Task instance: running
[2024-12-14T07:13:55.151-0800] {logging_mixin.py:190} INFO - Dag name:X_coms queued_at:2024-12-14 15:13:41.169348+00:00
[2024-12-14T07:13:55.152-0800] {logging_mixin.py:190} INFO - Task hostname:rishus-macbook-pro.local operator:PythonOperator
[2024-12-14T07:13:55.161-0800] {local_task_job_runner.py:266} INFO - Task exited with return code 0
[2024-12-14T07:13:55.179-0800] {taskinstance.py:3895} INFO - 1 downstream tasks scheduled from follow-on schedule check
[2024-12-14T07:13:55.181-0800] {local_task_job_runner.py:245} INFO - ::endgroup::
