[2024-12-17T23:26:22.162-0800] {processor.py:186} INFO - Started process (PID=49362) to work on /Users/rishukhurana/anaconda3/lib/python3.11/site-packages/airflow/example_dags/example_inlet_event_extra.py
[2024-12-17T23:26:22.163-0800] {processor.py:914} INFO - Processing file /Users/rishukhurana/anaconda3/lib/python3.11/site-packages/airflow/example_dags/example_inlet_event_extra.py for tasks to queue
[2024-12-17T23:26:22.165-0800] {logging_mixin.py:190} INFO - [2024-12-17T23:26:22.164-0800] {dagbag.py:588} INFO - Filling up the DagBag from /Users/rishukhurana/anaconda3/lib/python3.11/site-packages/airflow/example_dags/example_inlet_event_extra.py
[2024-12-17T23:26:22.971-0800] {processor.py:925} INFO - DAG(s) 'read_dataset_event_from_classic', 'read_dataset_event' retrieved from /Users/rishukhurana/anaconda3/lib/python3.11/site-packages/airflow/example_dags/example_inlet_event_extra.py
[2024-12-17T23:26:23.060-0800] {logging_mixin.py:190} INFO - [2024-12-17T23:26:23.059-0800] {dag.py:3239} INFO - Sync 2 DAGs
[2024-12-17T23:26:23.079-0800] {logging_mixin.py:190} INFO - [2024-12-17T23:26:23.078-0800] {dag.py:4180} INFO - Setting next_dagrun for read_dataset_event to 2024-12-17 00:00:00+00:00, run_after=2024-12-18 00:00:00+00:00
[2024-12-17T23:26:23.084-0800] {logging_mixin.py:190} INFO - [2024-12-17T23:26:23.083-0800] {dag.py:4180} INFO - Setting next_dagrun for read_dataset_event_from_classic to 2024-12-17 00:00:00+00:00, run_after=2024-12-18 00:00:00+00:00
[2024-12-17T23:26:23.099-0800] {processor.py:208} INFO - Processing /Users/rishukhurana/anaconda3/lib/python3.11/site-packages/airflow/example_dags/example_inlet_event_extra.py took 0.945 seconds
[2024-12-18T02:58:02.463-0800] {processor.py:186} INFO - Started process (PID=49614) to work on /Users/rishukhurana/anaconda3/lib/python3.11/site-packages/airflow/example_dags/example_inlet_event_extra.py
[2024-12-18T02:58:02.466-0800] {processor.py:914} INFO - Processing file /Users/rishukhurana/anaconda3/lib/python3.11/site-packages/airflow/example_dags/example_inlet_event_extra.py for tasks to queue
[2024-12-18T02:58:02.469-0800] {logging_mixin.py:190} INFO - [2024-12-18T02:58:02.469-0800] {dagbag.py:588} INFO - Filling up the DagBag from /Users/rishukhurana/anaconda3/lib/python3.11/site-packages/airflow/example_dags/example_inlet_event_extra.py
[2024-12-18T02:58:03.298-0800] {processor.py:925} INFO - DAG(s) 'read_dataset_event', 'read_dataset_event_from_classic' retrieved from /Users/rishukhurana/anaconda3/lib/python3.11/site-packages/airflow/example_dags/example_inlet_event_extra.py
[2024-12-18T02:58:03.451-0800] {logging_mixin.py:190} INFO - [2024-12-18T02:58:03.450-0800] {dag.py:3239} INFO - Sync 2 DAGs
[2024-12-18T02:58:03.488-0800] {logging_mixin.py:190} INFO - [2024-12-18T02:58:03.488-0800] {dag.py:4180} INFO - Setting next_dagrun for read_dataset_event to 2024-12-17 00:00:00+00:00, run_after=2024-12-18 00:00:00+00:00
[2024-12-18T02:58:03.497-0800] {logging_mixin.py:190} INFO - [2024-12-18T02:58:03.496-0800] {dag.py:4180} INFO - Setting next_dagrun for read_dataset_event_from_classic to 2024-12-17 00:00:00+00:00, run_after=2024-12-18 00:00:00+00:00
[2024-12-18T02:58:03.523-0800] {processor.py:208} INFO - Processing /Users/rishukhurana/anaconda3/lib/python3.11/site-packages/airflow/example_dags/example_inlet_event_extra.py took 1.075 seconds
[2024-12-18T03:04:12.109-0800] {processor.py:186} INFO - Started process (PID=49838) to work on /Users/rishukhurana/anaconda3/lib/python3.11/site-packages/airflow/example_dags/example_inlet_event_extra.py
[2024-12-18T03:04:12.112-0800] {processor.py:914} INFO - Processing file /Users/rishukhurana/anaconda3/lib/python3.11/site-packages/airflow/example_dags/example_inlet_event_extra.py for tasks to queue
[2024-12-18T03:04:12.114-0800] {logging_mixin.py:190} INFO - [2024-12-18T03:04:12.114-0800] {dagbag.py:588} INFO - Filling up the DagBag from /Users/rishukhurana/anaconda3/lib/python3.11/site-packages/airflow/example_dags/example_inlet_event_extra.py
[2024-12-18T03:04:13.237-0800] {processor.py:925} INFO - DAG(s) 'read_dataset_event_from_classic', 'read_dataset_event' retrieved from /Users/rishukhurana/anaconda3/lib/python3.11/site-packages/airflow/example_dags/example_inlet_event_extra.py
[2024-12-18T03:04:13.387-0800] {logging_mixin.py:190} INFO - [2024-12-18T03:04:13.386-0800] {dag.py:3239} INFO - Sync 2 DAGs
[2024-12-18T03:04:13.419-0800] {logging_mixin.py:190} INFO - [2024-12-18T03:04:13.419-0800] {dag.py:4180} INFO - Setting next_dagrun for read_dataset_event to 2024-12-17 00:00:00+00:00, run_after=2024-12-18 00:00:00+00:00
[2024-12-18T03:04:13.426-0800] {logging_mixin.py:190} INFO - [2024-12-18T03:04:13.426-0800] {dag.py:4180} INFO - Setting next_dagrun for read_dataset_event_from_classic to 2024-12-17 00:00:00+00:00, run_after=2024-12-18 00:00:00+00:00
[2024-12-18T03:04:13.451-0800] {processor.py:208} INFO - Processing /Users/rishukhurana/anaconda3/lib/python3.11/site-packages/airflow/example_dags/example_inlet_event_extra.py took 1.353 seconds
[2024-12-18T03:09:41.946-0800] {processor.py:186} INFO - Started process (PID=50027) to work on /Users/rishukhurana/anaconda3/lib/python3.11/site-packages/airflow/example_dags/example_inlet_event_extra.py
[2024-12-18T03:09:41.950-0800] {processor.py:914} INFO - Processing file /Users/rishukhurana/anaconda3/lib/python3.11/site-packages/airflow/example_dags/example_inlet_event_extra.py for tasks to queue
[2024-12-18T03:09:41.952-0800] {logging_mixin.py:190} INFO - [2024-12-18T03:09:41.952-0800] {dagbag.py:588} INFO - Filling up the DagBag from /Users/rishukhurana/anaconda3/lib/python3.11/site-packages/airflow/example_dags/example_inlet_event_extra.py
[2024-12-18T03:09:43.334-0800] {processor.py:925} INFO - DAG(s) 'read_dataset_event', 'read_dataset_event_from_classic' retrieved from /Users/rishukhurana/anaconda3/lib/python3.11/site-packages/airflow/example_dags/example_inlet_event_extra.py
[2024-12-18T03:09:43.502-0800] {logging_mixin.py:190} INFO - [2024-12-18T03:09:43.501-0800] {dag.py:3239} INFO - Sync 2 DAGs
[2024-12-18T03:09:43.537-0800] {logging_mixin.py:190} INFO - [2024-12-18T03:09:43.537-0800] {dag.py:4180} INFO - Setting next_dagrun for read_dataset_event to 2024-12-17 00:00:00+00:00, run_after=2024-12-18 00:00:00+00:00
[2024-12-18T03:09:43.545-0800] {logging_mixin.py:190} INFO - [2024-12-18T03:09:43.545-0800] {dag.py:4180} INFO - Setting next_dagrun for read_dataset_event_from_classic to 2024-12-17 00:00:00+00:00, run_after=2024-12-18 00:00:00+00:00
[2024-12-18T03:09:43.573-0800] {processor.py:208} INFO - Processing /Users/rishukhurana/anaconda3/lib/python3.11/site-packages/airflow/example_dags/example_inlet_event_extra.py took 1.640 seconds
[2024-12-18T03:14:31.648-0800] {processor.py:186} INFO - Started process (PID=50235) to work on /Users/rishukhurana/anaconda3/lib/python3.11/site-packages/airflow/example_dags/example_inlet_event_extra.py
[2024-12-18T03:14:31.651-0800] {processor.py:914} INFO - Processing file /Users/rishukhurana/anaconda3/lib/python3.11/site-packages/airflow/example_dags/example_inlet_event_extra.py for tasks to queue
[2024-12-18T03:14:31.654-0800] {logging_mixin.py:190} INFO - [2024-12-18T03:14:31.653-0800] {dagbag.py:588} INFO - Filling up the DagBag from /Users/rishukhurana/anaconda3/lib/python3.11/site-packages/airflow/example_dags/example_inlet_event_extra.py
[2024-12-18T03:14:32.458-0800] {processor.py:925} INFO - DAG(s) 'read_dataset_event_from_classic', 'read_dataset_event' retrieved from /Users/rishukhurana/anaconda3/lib/python3.11/site-packages/airflow/example_dags/example_inlet_event_extra.py
[2024-12-18T03:14:32.605-0800] {logging_mixin.py:190} INFO - [2024-12-18T03:14:32.605-0800] {dag.py:3239} INFO - Sync 2 DAGs
[2024-12-18T03:14:32.637-0800] {logging_mixin.py:190} INFO - [2024-12-18T03:14:32.636-0800] {dag.py:4180} INFO - Setting next_dagrun for read_dataset_event to 2024-12-17 00:00:00+00:00, run_after=2024-12-18 00:00:00+00:00
[2024-12-18T03:14:32.643-0800] {logging_mixin.py:190} INFO - [2024-12-18T03:14:32.643-0800] {dag.py:4180} INFO - Setting next_dagrun for read_dataset_event_from_classic to 2024-12-17 00:00:00+00:00, run_after=2024-12-18 00:00:00+00:00
[2024-12-18T03:14:32.667-0800] {processor.py:208} INFO - Processing /Users/rishukhurana/anaconda3/lib/python3.11/site-packages/airflow/example_dags/example_inlet_event_extra.py took 1.029 seconds
[2024-12-18T03:18:05.587-0800] {processor.py:186} INFO - Started process (PID=50393) to work on /Users/rishukhurana/anaconda3/lib/python3.11/site-packages/airflow/example_dags/example_inlet_event_extra.py
[2024-12-18T03:18:05.589-0800] {processor.py:914} INFO - Processing file /Users/rishukhurana/anaconda3/lib/python3.11/site-packages/airflow/example_dags/example_inlet_event_extra.py for tasks to queue
[2024-12-18T03:18:05.591-0800] {logging_mixin.py:190} INFO - [2024-12-18T03:18:05.590-0800] {dagbag.py:588} INFO - Filling up the DagBag from /Users/rishukhurana/anaconda3/lib/python3.11/site-packages/airflow/example_dags/example_inlet_event_extra.py
[2024-12-18T03:18:06.380-0800] {processor.py:925} INFO - DAG(s) 'read_dataset_event_from_classic', 'read_dataset_event' retrieved from /Users/rishukhurana/anaconda3/lib/python3.11/site-packages/airflow/example_dags/example_inlet_event_extra.py
[2024-12-18T03:18:06.467-0800] {logging_mixin.py:190} INFO - [2024-12-18T03:18:06.467-0800] {dag.py:3239} INFO - Sync 2 DAGs
[2024-12-18T03:18:06.483-0800] {logging_mixin.py:190} INFO - [2024-12-18T03:18:06.482-0800] {dag.py:4180} INFO - Setting next_dagrun for read_dataset_event to 2024-12-17 00:00:00+00:00, run_after=2024-12-18 00:00:00+00:00
[2024-12-18T03:18:06.486-0800] {logging_mixin.py:190} INFO - [2024-12-18T03:18:06.486-0800] {dag.py:4180} INFO - Setting next_dagrun for read_dataset_event_from_classic to 2024-12-17 00:00:00+00:00, run_after=2024-12-18 00:00:00+00:00
[2024-12-18T03:18:06.501-0800] {processor.py:208} INFO - Processing /Users/rishukhurana/anaconda3/lib/python3.11/site-packages/airflow/example_dags/example_inlet_event_extra.py took 0.919 seconds
[2024-12-18T03:21:17.508-0800] {processor.py:186} INFO - Started process (PID=50545) to work on /Users/rishukhurana/anaconda3/lib/python3.11/site-packages/airflow/example_dags/example_inlet_event_extra.py
[2024-12-18T03:21:17.510-0800] {processor.py:914} INFO - Processing file /Users/rishukhurana/anaconda3/lib/python3.11/site-packages/airflow/example_dags/example_inlet_event_extra.py for tasks to queue
[2024-12-18T03:21:17.511-0800] {logging_mixin.py:190} INFO - [2024-12-18T03:21:17.511-0800] {dagbag.py:588} INFO - Filling up the DagBag from /Users/rishukhurana/anaconda3/lib/python3.11/site-packages/airflow/example_dags/example_inlet_event_extra.py
[2024-12-18T03:21:18.331-0800] {processor.py:925} INFO - DAG(s) 'read_dataset_event', 'read_dataset_event_from_classic' retrieved from /Users/rishukhurana/anaconda3/lib/python3.11/site-packages/airflow/example_dags/example_inlet_event_extra.py
[2024-12-18T03:21:18.408-0800] {logging_mixin.py:190} INFO - [2024-12-18T03:21:18.408-0800] {dag.py:3239} INFO - Sync 2 DAGs
[2024-12-18T03:21:18.426-0800] {logging_mixin.py:190} INFO - [2024-12-18T03:21:18.426-0800] {dag.py:4180} INFO - Setting next_dagrun for read_dataset_event to 2024-12-17 00:00:00+00:00, run_after=2024-12-18 00:00:00+00:00
[2024-12-18T03:21:18.430-0800] {logging_mixin.py:190} INFO - [2024-12-18T03:21:18.430-0800] {dag.py:4180} INFO - Setting next_dagrun for read_dataset_event_from_classic to 2024-12-17 00:00:00+00:00, run_after=2024-12-18 00:00:00+00:00
[2024-12-18T03:21:18.446-0800] {processor.py:208} INFO - Processing /Users/rishukhurana/anaconda3/lib/python3.11/site-packages/airflow/example_dags/example_inlet_event_extra.py took 0.944 seconds
[2024-12-18T03:24:23.985-0800] {processor.py:186} INFO - Started process (PID=50726) to work on /Users/rishukhurana/anaconda3/lib/python3.11/site-packages/airflow/example_dags/example_inlet_event_extra.py
[2024-12-18T03:24:23.987-0800] {processor.py:914} INFO - Processing file /Users/rishukhurana/anaconda3/lib/python3.11/site-packages/airflow/example_dags/example_inlet_event_extra.py for tasks to queue
[2024-12-18T03:24:23.989-0800] {logging_mixin.py:190} INFO - [2024-12-18T03:24:23.989-0800] {dagbag.py:588} INFO - Filling up the DagBag from /Users/rishukhurana/anaconda3/lib/python3.11/site-packages/airflow/example_dags/example_inlet_event_extra.py
[2024-12-18T03:24:24.423-0800] {processor.py:925} INFO - DAG(s) 'read_dataset_event', 'read_dataset_event_from_classic' retrieved from /Users/rishukhurana/anaconda3/lib/python3.11/site-packages/airflow/example_dags/example_inlet_event_extra.py
[2024-12-18T03:24:24.498-0800] {logging_mixin.py:190} INFO - [2024-12-18T03:24:24.498-0800] {dag.py:3239} INFO - Sync 2 DAGs
[2024-12-18T03:24:24.515-0800] {logging_mixin.py:190} INFO - [2024-12-18T03:24:24.515-0800] {dag.py:4180} INFO - Setting next_dagrun for read_dataset_event to 2024-12-17 00:00:00+00:00, run_after=2024-12-18 00:00:00+00:00
[2024-12-18T03:24:24.519-0800] {logging_mixin.py:190} INFO - [2024-12-18T03:24:24.519-0800] {dag.py:4180} INFO - Setting next_dagrun for read_dataset_event_from_classic to 2024-12-17 00:00:00+00:00, run_after=2024-12-18 00:00:00+00:00
[2024-12-18T03:24:24.534-0800] {processor.py:208} INFO - Processing /Users/rishukhurana/anaconda3/lib/python3.11/site-packages/airflow/example_dags/example_inlet_event_extra.py took 0.555 seconds
[2024-12-18T03:27:27.798-0800] {processor.py:186} INFO - Started process (PID=50874) to work on /Users/rishukhurana/anaconda3/lib/python3.11/site-packages/airflow/example_dags/example_inlet_event_extra.py
[2024-12-18T03:27:27.800-0800] {processor.py:914} INFO - Processing file /Users/rishukhurana/anaconda3/lib/python3.11/site-packages/airflow/example_dags/example_inlet_event_extra.py for tasks to queue
[2024-12-18T03:27:27.801-0800] {logging_mixin.py:190} INFO - [2024-12-18T03:27:27.801-0800] {dagbag.py:588} INFO - Filling up the DagBag from /Users/rishukhurana/anaconda3/lib/python3.11/site-packages/airflow/example_dags/example_inlet_event_extra.py
[2024-12-18T03:27:28.328-0800] {processor.py:925} INFO - DAG(s) 'read_dataset_event_from_classic', 'read_dataset_event' retrieved from /Users/rishukhurana/anaconda3/lib/python3.11/site-packages/airflow/example_dags/example_inlet_event_extra.py
[2024-12-18T03:27:28.415-0800] {logging_mixin.py:190} INFO - [2024-12-18T03:27:28.415-0800] {dag.py:3239} INFO - Sync 2 DAGs
[2024-12-18T03:27:28.439-0800] {logging_mixin.py:190} INFO - [2024-12-18T03:27:28.439-0800] {dag.py:4180} INFO - Setting next_dagrun for read_dataset_event to 2024-12-17 00:00:00+00:00, run_after=2024-12-18 00:00:00+00:00
[2024-12-18T03:27:28.444-0800] {logging_mixin.py:190} INFO - [2024-12-18T03:27:28.444-0800] {dag.py:4180} INFO - Setting next_dagrun for read_dataset_event_from_classic to 2024-12-17 00:00:00+00:00, run_after=2024-12-18 00:00:00+00:00
[2024-12-18T03:27:28.463-0800] {processor.py:208} INFO - Processing /Users/rishukhurana/anaconda3/lib/python3.11/site-packages/airflow/example_dags/example_inlet_event_extra.py took 0.670 seconds
[2024-12-18T03:33:25.946-0800] {processor.py:186} INFO - Started process (PID=51162) to work on /Users/rishukhurana/anaconda3/lib/python3.11/site-packages/airflow/example_dags/example_inlet_event_extra.py
[2024-12-18T03:33:25.948-0800] {processor.py:914} INFO - Processing file /Users/rishukhurana/anaconda3/lib/python3.11/site-packages/airflow/example_dags/example_inlet_event_extra.py for tasks to queue
[2024-12-18T03:33:25.950-0800] {logging_mixin.py:190} INFO - [2024-12-18T03:33:25.950-0800] {dagbag.py:588} INFO - Filling up the DagBag from /Users/rishukhurana/anaconda3/lib/python3.11/site-packages/airflow/example_dags/example_inlet_event_extra.py
[2024-12-18T03:33:26.416-0800] {processor.py:925} INFO - DAG(s) 'read_dataset_event_from_classic', 'read_dataset_event' retrieved from /Users/rishukhurana/anaconda3/lib/python3.11/site-packages/airflow/example_dags/example_inlet_event_extra.py
[2024-12-18T03:33:26.496-0800] {logging_mixin.py:190} INFO - [2024-12-18T03:33:26.495-0800] {dag.py:3239} INFO - Sync 2 DAGs
[2024-12-18T03:33:26.511-0800] {logging_mixin.py:190} INFO - [2024-12-18T03:33:26.511-0800] {dag.py:4180} INFO - Setting next_dagrun for read_dataset_event to 2024-12-17 00:00:00+00:00, run_after=2024-12-18 00:00:00+00:00
[2024-12-18T03:33:26.514-0800] {logging_mixin.py:190} INFO - [2024-12-18T03:33:26.514-0800] {dag.py:4180} INFO - Setting next_dagrun for read_dataset_event_from_classic to 2024-12-17 00:00:00+00:00, run_after=2024-12-18 00:00:00+00:00
[2024-12-18T03:33:26.536-0800] {processor.py:208} INFO - Processing /Users/rishukhurana/anaconda3/lib/python3.11/site-packages/airflow/example_dags/example_inlet_event_extra.py took 0.595 seconds
[2024-12-18T03:36:52.126-0800] {processor.py:186} INFO - Started process (PID=51474) to work on /Users/rishukhurana/anaconda3/lib/python3.11/site-packages/airflow/example_dags/example_inlet_event_extra.py
[2024-12-18T03:36:52.128-0800] {processor.py:914} INFO - Processing file /Users/rishukhurana/anaconda3/lib/python3.11/site-packages/airflow/example_dags/example_inlet_event_extra.py for tasks to queue
[2024-12-18T03:36:52.130-0800] {logging_mixin.py:190} INFO - [2024-12-18T03:36:52.129-0800] {dagbag.py:588} INFO - Filling up the DagBag from /Users/rishukhurana/anaconda3/lib/python3.11/site-packages/airflow/example_dags/example_inlet_event_extra.py
[2024-12-18T03:36:52.730-0800] {processor.py:925} INFO - DAG(s) 'read_dataset_event', 'read_dataset_event_from_classic' retrieved from /Users/rishukhurana/anaconda3/lib/python3.11/site-packages/airflow/example_dags/example_inlet_event_extra.py
[2024-12-18T03:36:52.812-0800] {logging_mixin.py:190} INFO - [2024-12-18T03:36:52.811-0800] {dag.py:3239} INFO - Sync 2 DAGs
[2024-12-18T03:36:52.828-0800] {logging_mixin.py:190} INFO - [2024-12-18T03:36:52.828-0800] {dag.py:4180} INFO - Setting next_dagrun for read_dataset_event to 2024-12-17 00:00:00+00:00, run_after=2024-12-18 00:00:00+00:00
[2024-12-18T03:36:52.832-0800] {logging_mixin.py:190} INFO - [2024-12-18T03:36:52.831-0800] {dag.py:4180} INFO - Setting next_dagrun for read_dataset_event_from_classic to 2024-12-17 00:00:00+00:00, run_after=2024-12-18 00:00:00+00:00
[2024-12-18T03:36:52.845-0800] {processor.py:208} INFO - Processing /Users/rishukhurana/anaconda3/lib/python3.11/site-packages/airflow/example_dags/example_inlet_event_extra.py took 0.727 seconds
[2024-12-18T03:39:58.658-0800] {processor.py:186} INFO - Started process (PID=51625) to work on /Users/rishukhurana/anaconda3/lib/python3.11/site-packages/airflow/example_dags/example_inlet_event_extra.py
[2024-12-18T03:39:58.661-0800] {processor.py:914} INFO - Processing file /Users/rishukhurana/anaconda3/lib/python3.11/site-packages/airflow/example_dags/example_inlet_event_extra.py for tasks to queue
[2024-12-18T03:39:58.662-0800] {logging_mixin.py:190} INFO - [2024-12-18T03:39:58.662-0800] {dagbag.py:588} INFO - Filling up the DagBag from /Users/rishukhurana/anaconda3/lib/python3.11/site-packages/airflow/example_dags/example_inlet_event_extra.py
[2024-12-18T03:39:59.382-0800] {processor.py:925} INFO - DAG(s) 'read_dataset_event', 'read_dataset_event_from_classic' retrieved from /Users/rishukhurana/anaconda3/lib/python3.11/site-packages/airflow/example_dags/example_inlet_event_extra.py
[2024-12-18T03:39:59.463-0800] {logging_mixin.py:190} INFO - [2024-12-18T03:39:59.463-0800] {dag.py:3239} INFO - Sync 2 DAGs
[2024-12-18T03:39:59.479-0800] {logging_mixin.py:190} INFO - [2024-12-18T03:39:59.479-0800] {dag.py:4180} INFO - Setting next_dagrun for read_dataset_event to 2024-12-17 00:00:00+00:00, run_after=2024-12-18 00:00:00+00:00
[2024-12-18T03:39:59.483-0800] {logging_mixin.py:190} INFO - [2024-12-18T03:39:59.483-0800] {dag.py:4180} INFO - Setting next_dagrun for read_dataset_event_from_classic to 2024-12-17 00:00:00+00:00, run_after=2024-12-18 00:00:00+00:00
[2024-12-18T03:39:59.499-0800] {processor.py:208} INFO - Processing /Users/rishukhurana/anaconda3/lib/python3.11/site-packages/airflow/example_dags/example_inlet_event_extra.py took 0.847 seconds
[2024-12-18T03:45:47.671-0800] {processor.py:186} INFO - Started process (PID=51920) to work on /Users/rishukhurana/anaconda3/lib/python3.11/site-packages/airflow/example_dags/example_inlet_event_extra.py
[2024-12-18T03:45:47.673-0800] {processor.py:914} INFO - Processing file /Users/rishukhurana/anaconda3/lib/python3.11/site-packages/airflow/example_dags/example_inlet_event_extra.py for tasks to queue
[2024-12-18T03:45:47.675-0800] {logging_mixin.py:190} INFO - [2024-12-18T03:45:47.675-0800] {dagbag.py:588} INFO - Filling up the DagBag from /Users/rishukhurana/anaconda3/lib/python3.11/site-packages/airflow/example_dags/example_inlet_event_extra.py
[2024-12-18T03:45:48.113-0800] {processor.py:925} INFO - DAG(s) 'read_dataset_event_from_classic', 'read_dataset_event' retrieved from /Users/rishukhurana/anaconda3/lib/python3.11/site-packages/airflow/example_dags/example_inlet_event_extra.py
[2024-12-18T03:45:48.188-0800] {logging_mixin.py:190} INFO - [2024-12-18T03:45:48.188-0800] {dag.py:3239} INFO - Sync 2 DAGs
[2024-12-18T03:45:48.205-0800] {logging_mixin.py:190} INFO - [2024-12-18T03:45:48.205-0800] {dag.py:4180} INFO - Setting next_dagrun for read_dataset_event to 2024-12-17 00:00:00+00:00, run_after=2024-12-18 00:00:00+00:00
[2024-12-18T03:45:48.209-0800] {logging_mixin.py:190} INFO - [2024-12-18T03:45:48.209-0800] {dag.py:4180} INFO - Setting next_dagrun for read_dataset_event_from_classic to 2024-12-17 00:00:00+00:00, run_after=2024-12-18 00:00:00+00:00
[2024-12-18T03:45:48.227-0800] {processor.py:208} INFO - Processing /Users/rishukhurana/anaconda3/lib/python3.11/site-packages/airflow/example_dags/example_inlet_event_extra.py took 0.562 seconds
[2024-12-18T03:51:47.519-0800] {processor.py:186} INFO - Started process (PID=52231) to work on /Users/rishukhurana/anaconda3/lib/python3.11/site-packages/airflow/example_dags/example_inlet_event_extra.py
[2024-12-18T03:51:47.522-0800] {processor.py:914} INFO - Processing file /Users/rishukhurana/anaconda3/lib/python3.11/site-packages/airflow/example_dags/example_inlet_event_extra.py for tasks to queue
[2024-12-18T03:51:47.523-0800] {logging_mixin.py:190} INFO - [2024-12-18T03:51:47.522-0800] {dagbag.py:588} INFO - Filling up the DagBag from /Users/rishukhurana/anaconda3/lib/python3.11/site-packages/airflow/example_dags/example_inlet_event_extra.py
[2024-12-18T03:51:47.961-0800] {processor.py:925} INFO - DAG(s) 'read_dataset_event', 'read_dataset_event_from_classic' retrieved from /Users/rishukhurana/anaconda3/lib/python3.11/site-packages/airflow/example_dags/example_inlet_event_extra.py
[2024-12-18T03:51:48.036-0800] {logging_mixin.py:190} INFO - [2024-12-18T03:51:48.036-0800] {dag.py:3239} INFO - Sync 2 DAGs
[2024-12-18T03:51:48.053-0800] {logging_mixin.py:190} INFO - [2024-12-18T03:51:48.053-0800] {dag.py:4180} INFO - Setting next_dagrun for read_dataset_event to 2024-12-17 00:00:00+00:00, run_after=2024-12-18 00:00:00+00:00
[2024-12-18T03:51:48.057-0800] {logging_mixin.py:190} INFO - [2024-12-18T03:51:48.056-0800] {dag.py:4180} INFO - Setting next_dagrun for read_dataset_event_from_classic to 2024-12-17 00:00:00+00:00, run_after=2024-12-18 00:00:00+00:00
[2024-12-18T03:51:48.075-0800] {processor.py:208} INFO - Processing /Users/rishukhurana/anaconda3/lib/python3.11/site-packages/airflow/example_dags/example_inlet_event_extra.py took 0.562 seconds
[2024-12-18T03:58:12.313-0800] {processor.py:186} INFO - Started process (PID=52561) to work on /Users/rishukhurana/anaconda3/lib/python3.11/site-packages/airflow/example_dags/example_inlet_event_extra.py
[2024-12-18T03:58:12.315-0800] {processor.py:914} INFO - Processing file /Users/rishukhurana/anaconda3/lib/python3.11/site-packages/airflow/example_dags/example_inlet_event_extra.py for tasks to queue
[2024-12-18T03:58:12.317-0800] {logging_mixin.py:190} INFO - [2024-12-18T03:58:12.317-0800] {dagbag.py:588} INFO - Filling up the DagBag from /Users/rishukhurana/anaconda3/lib/python3.11/site-packages/airflow/example_dags/example_inlet_event_extra.py
[2024-12-18T03:58:13.089-0800] {processor.py:925} INFO - DAG(s) 'read_dataset_event_from_classic', 'read_dataset_event' retrieved from /Users/rishukhurana/anaconda3/lib/python3.11/site-packages/airflow/example_dags/example_inlet_event_extra.py
[2024-12-18T03:58:13.173-0800] {logging_mixin.py:190} INFO - [2024-12-18T03:58:13.173-0800] {dag.py:3239} INFO - Sync 2 DAGs
[2024-12-18T03:58:13.192-0800] {logging_mixin.py:190} INFO - [2024-12-18T03:58:13.192-0800] {dag.py:4180} INFO - Setting next_dagrun for read_dataset_event to 2024-12-17 00:00:00+00:00, run_after=2024-12-18 00:00:00+00:00
[2024-12-18T03:58:13.196-0800] {logging_mixin.py:190} INFO - [2024-12-18T03:58:13.196-0800] {dag.py:4180} INFO - Setting next_dagrun for read_dataset_event_from_classic to 2024-12-17 00:00:00+00:00, run_after=2024-12-18 00:00:00+00:00
[2024-12-18T03:58:13.209-0800] {processor.py:208} INFO - Processing /Users/rishukhurana/anaconda3/lib/python3.11/site-packages/airflow/example_dags/example_inlet_event_extra.py took 0.902 seconds
[2024-12-18T04:01:13.970-0800] {processor.py:186} INFO - Started process (PID=52719) to work on /Users/rishukhurana/anaconda3/lib/python3.11/site-packages/airflow/example_dags/example_inlet_event_extra.py
[2024-12-18T04:01:13.972-0800] {processor.py:914} INFO - Processing file /Users/rishukhurana/anaconda3/lib/python3.11/site-packages/airflow/example_dags/example_inlet_event_extra.py for tasks to queue
[2024-12-18T04:01:13.974-0800] {logging_mixin.py:190} INFO - [2024-12-18T04:01:13.973-0800] {dagbag.py:588} INFO - Filling up the DagBag from /Users/rishukhurana/anaconda3/lib/python3.11/site-packages/airflow/example_dags/example_inlet_event_extra.py
[2024-12-18T04:01:14.411-0800] {processor.py:925} INFO - DAG(s) 'read_dataset_event', 'read_dataset_event_from_classic' retrieved from /Users/rishukhurana/anaconda3/lib/python3.11/site-packages/airflow/example_dags/example_inlet_event_extra.py
[2024-12-18T04:01:14.488-0800] {logging_mixin.py:190} INFO - [2024-12-18T04:01:14.488-0800] {dag.py:3239} INFO - Sync 2 DAGs
[2024-12-18T04:01:14.504-0800] {logging_mixin.py:190} INFO - [2024-12-18T04:01:14.504-0800] {dag.py:4180} INFO - Setting next_dagrun for read_dataset_event to 2024-12-17 00:00:00+00:00, run_after=2024-12-18 00:00:00+00:00
[2024-12-18T04:01:14.508-0800] {logging_mixin.py:190} INFO - [2024-12-18T04:01:14.508-0800] {dag.py:4180} INFO - Setting next_dagrun for read_dataset_event_from_classic to 2024-12-17 00:00:00+00:00, run_after=2024-12-18 00:00:00+00:00
[2024-12-18T04:01:14.526-0800] {processor.py:208} INFO - Processing /Users/rishukhurana/anaconda3/lib/python3.11/site-packages/airflow/example_dags/example_inlet_event_extra.py took 0.563 seconds
[2024-12-18T04:07:14.212-0800] {processor.py:186} INFO - Started process (PID=53095) to work on /Users/rishukhurana/anaconda3/lib/python3.11/site-packages/airflow/example_dags/example_inlet_event_extra.py
[2024-12-18T04:07:14.215-0800] {processor.py:914} INFO - Processing file /Users/rishukhurana/anaconda3/lib/python3.11/site-packages/airflow/example_dags/example_inlet_event_extra.py for tasks to queue
[2024-12-18T04:07:14.216-0800] {logging_mixin.py:190} INFO - [2024-12-18T04:07:14.216-0800] {dagbag.py:588} INFO - Filling up the DagBag from /Users/rishukhurana/anaconda3/lib/python3.11/site-packages/airflow/example_dags/example_inlet_event_extra.py
[2024-12-18T04:07:14.951-0800] {processor.py:925} INFO - DAG(s) 'read_dataset_event', 'read_dataset_event_from_classic' retrieved from /Users/rishukhurana/anaconda3/lib/python3.11/site-packages/airflow/example_dags/example_inlet_event_extra.py
[2024-12-18T04:07:15.034-0800] {logging_mixin.py:190} INFO - [2024-12-18T04:07:15.034-0800] {dag.py:3239} INFO - Sync 2 DAGs
[2024-12-18T04:07:15.052-0800] {logging_mixin.py:190} INFO - [2024-12-18T04:07:15.051-0800] {dag.py:4180} INFO - Setting next_dagrun for read_dataset_event to 2024-12-17 00:00:00+00:00, run_after=2024-12-18 00:00:00+00:00
[2024-12-18T04:07:15.055-0800] {logging_mixin.py:190} INFO - [2024-12-18T04:07:15.055-0800] {dag.py:4180} INFO - Setting next_dagrun for read_dataset_event_from_classic to 2024-12-17 00:00:00+00:00, run_after=2024-12-18 00:00:00+00:00
[2024-12-18T04:07:15.069-0800] {processor.py:208} INFO - Processing /Users/rishukhurana/anaconda3/lib/python3.11/site-packages/airflow/example_dags/example_inlet_event_extra.py took 0.861 seconds
[2024-12-18T04:10:18.394-0800] {processor.py:186} INFO - Started process (PID=53278) to work on /Users/rishukhurana/anaconda3/lib/python3.11/site-packages/airflow/example_dags/example_inlet_event_extra.py
[2024-12-18T04:10:18.396-0800] {processor.py:914} INFO - Processing file /Users/rishukhurana/anaconda3/lib/python3.11/site-packages/airflow/example_dags/example_inlet_event_extra.py for tasks to queue
[2024-12-18T04:10:18.397-0800] {logging_mixin.py:190} INFO - [2024-12-18T04:10:18.397-0800] {dagbag.py:588} INFO - Filling up the DagBag from /Users/rishukhurana/anaconda3/lib/python3.11/site-packages/airflow/example_dags/example_inlet_event_extra.py
[2024-12-18T04:10:19.197-0800] {processor.py:925} INFO - DAG(s) 'read_dataset_event_from_classic', 'read_dataset_event' retrieved from /Users/rishukhurana/anaconda3/lib/python3.11/site-packages/airflow/example_dags/example_inlet_event_extra.py
[2024-12-18T04:10:19.279-0800] {logging_mixin.py:190} INFO - [2024-12-18T04:10:19.279-0800] {dag.py:3239} INFO - Sync 2 DAGs
[2024-12-18T04:10:19.298-0800] {logging_mixin.py:190} INFO - [2024-12-18T04:10:19.297-0800] {dag.py:4180} INFO - Setting next_dagrun for read_dataset_event to 2024-12-17 00:00:00+00:00, run_after=2024-12-18 00:00:00+00:00
[2024-12-18T04:10:19.302-0800] {logging_mixin.py:190} INFO - [2024-12-18T04:10:19.302-0800] {dag.py:4180} INFO - Setting next_dagrun for read_dataset_event_from_classic to 2024-12-17 00:00:00+00:00, run_after=2024-12-18 00:00:00+00:00
[2024-12-18T04:10:19.317-0800] {processor.py:208} INFO - Processing /Users/rishukhurana/anaconda3/lib/python3.11/site-packages/airflow/example_dags/example_inlet_event_extra.py took 0.930 seconds
[2024-12-18T04:16:09.233-0800] {processor.py:186} INFO - Started process (PID=53616) to work on /Users/rishukhurana/anaconda3/lib/python3.11/site-packages/airflow/example_dags/example_inlet_event_extra.py
[2024-12-18T04:16:09.235-0800] {processor.py:914} INFO - Processing file /Users/rishukhurana/anaconda3/lib/python3.11/site-packages/airflow/example_dags/example_inlet_event_extra.py for tasks to queue
[2024-12-18T04:16:09.237-0800] {logging_mixin.py:190} INFO - [2024-12-18T04:16:09.237-0800] {dagbag.py:588} INFO - Filling up the DagBag from /Users/rishukhurana/anaconda3/lib/python3.11/site-packages/airflow/example_dags/example_inlet_event_extra.py
[2024-12-18T04:16:09.671-0800] {processor.py:925} INFO - DAG(s) 'read_dataset_event', 'read_dataset_event_from_classic' retrieved from /Users/rishukhurana/anaconda3/lib/python3.11/site-packages/airflow/example_dags/example_inlet_event_extra.py
[2024-12-18T04:16:09.749-0800] {logging_mixin.py:190} INFO - [2024-12-18T04:16:09.749-0800] {dag.py:3239} INFO - Sync 2 DAGs
[2024-12-18T04:16:09.765-0800] {logging_mixin.py:190} INFO - [2024-12-18T04:16:09.765-0800] {dag.py:4180} INFO - Setting next_dagrun for read_dataset_event to 2024-12-17 00:00:00+00:00, run_after=2024-12-18 00:00:00+00:00
[2024-12-18T04:16:09.769-0800] {logging_mixin.py:190} INFO - [2024-12-18T04:16:09.769-0800] {dag.py:4180} INFO - Setting next_dagrun for read_dataset_event_from_classic to 2024-12-17 00:00:00+00:00, run_after=2024-12-18 00:00:00+00:00
[2024-12-18T04:16:09.782-0800] {processor.py:208} INFO - Processing /Users/rishukhurana/anaconda3/lib/python3.11/site-packages/airflow/example_dags/example_inlet_event_extra.py took 0.555 seconds
[2024-12-18T04:21:55.212-0800] {processor.py:186} INFO - Started process (PID=53900) to work on /Users/rishukhurana/anaconda3/lib/python3.11/site-packages/airflow/example_dags/example_inlet_event_extra.py
[2024-12-18T04:21:55.214-0800] {processor.py:914} INFO - Processing file /Users/rishukhurana/anaconda3/lib/python3.11/site-packages/airflow/example_dags/example_inlet_event_extra.py for tasks to queue
[2024-12-18T04:21:55.216-0800] {logging_mixin.py:190} INFO - [2024-12-18T04:21:55.215-0800] {dagbag.py:588} INFO - Filling up the DagBag from /Users/rishukhurana/anaconda3/lib/python3.11/site-packages/airflow/example_dags/example_inlet_event_extra.py
[2024-12-18T04:21:55.651-0800] {processor.py:925} INFO - DAG(s) 'read_dataset_event', 'read_dataset_event_from_classic' retrieved from /Users/rishukhurana/anaconda3/lib/python3.11/site-packages/airflow/example_dags/example_inlet_event_extra.py
[2024-12-18T04:21:55.726-0800] {logging_mixin.py:190} INFO - [2024-12-18T04:21:55.726-0800] {dag.py:3239} INFO - Sync 2 DAGs
[2024-12-18T04:21:55.742-0800] {logging_mixin.py:190} INFO - [2024-12-18T04:21:55.742-0800] {dag.py:4180} INFO - Setting next_dagrun for read_dataset_event to 2024-12-17 00:00:00+00:00, run_after=2024-12-18 00:00:00+00:00
[2024-12-18T04:21:55.747-0800] {logging_mixin.py:190} INFO - [2024-12-18T04:21:55.747-0800] {dag.py:4180} INFO - Setting next_dagrun for read_dataset_event_from_classic to 2024-12-17 00:00:00+00:00, run_after=2024-12-18 00:00:00+00:00
[2024-12-18T04:21:55.762-0800] {processor.py:208} INFO - Processing /Users/rishukhurana/anaconda3/lib/python3.11/site-packages/airflow/example_dags/example_inlet_event_extra.py took 0.556 seconds
[2024-12-18T04:27:57.899-0800] {processor.py:186} INFO - Started process (PID=54227) to work on /Users/rishukhurana/anaconda3/lib/python3.11/site-packages/airflow/example_dags/example_inlet_event_extra.py
[2024-12-18T04:27:57.901-0800] {processor.py:914} INFO - Processing file /Users/rishukhurana/anaconda3/lib/python3.11/site-packages/airflow/example_dags/example_inlet_event_extra.py for tasks to queue
[2024-12-18T04:27:57.902-0800] {logging_mixin.py:190} INFO - [2024-12-18T04:27:57.902-0800] {dagbag.py:588} INFO - Filling up the DagBag from /Users/rishukhurana/anaconda3/lib/python3.11/site-packages/airflow/example_dags/example_inlet_event_extra.py
[2024-12-18T04:27:58.667-0800] {processor.py:925} INFO - DAG(s) 'read_dataset_event_from_classic', 'read_dataset_event' retrieved from /Users/rishukhurana/anaconda3/lib/python3.11/site-packages/airflow/example_dags/example_inlet_event_extra.py
[2024-12-18T04:27:58.743-0800] {logging_mixin.py:190} INFO - [2024-12-18T04:27:58.743-0800] {dag.py:3239} INFO - Sync 2 DAGs
[2024-12-18T04:27:58.760-0800] {logging_mixin.py:190} INFO - [2024-12-18T04:27:58.759-0800] {dag.py:4180} INFO - Setting next_dagrun for read_dataset_event to 2024-12-17 00:00:00+00:00, run_after=2024-12-18 00:00:00+00:00
[2024-12-18T04:27:58.763-0800] {logging_mixin.py:190} INFO - [2024-12-18T04:27:58.763-0800] {dag.py:4180} INFO - Setting next_dagrun for read_dataset_event_from_classic to 2024-12-17 00:00:00+00:00, run_after=2024-12-18 00:00:00+00:00
[2024-12-18T04:27:58.777-0800] {processor.py:208} INFO - Processing /Users/rishukhurana/anaconda3/lib/python3.11/site-packages/airflow/example_dags/example_inlet_event_extra.py took 0.884 seconds
[2024-12-18T04:33:39.016-0800] {processor.py:186} INFO - Started process (PID=54513) to work on /Users/rishukhurana/anaconda3/lib/python3.11/site-packages/airflow/example_dags/example_inlet_event_extra.py
[2024-12-18T04:33:39.018-0800] {processor.py:914} INFO - Processing file /Users/rishukhurana/anaconda3/lib/python3.11/site-packages/airflow/example_dags/example_inlet_event_extra.py for tasks to queue
[2024-12-18T04:33:39.020-0800] {logging_mixin.py:190} INFO - [2024-12-18T04:33:39.020-0800] {dagbag.py:588} INFO - Filling up the DagBag from /Users/rishukhurana/anaconda3/lib/python3.11/site-packages/airflow/example_dags/example_inlet_event_extra.py
[2024-12-18T04:33:39.459-0800] {processor.py:925} INFO - DAG(s) 'read_dataset_event_from_classic', 'read_dataset_event' retrieved from /Users/rishukhurana/anaconda3/lib/python3.11/site-packages/airflow/example_dags/example_inlet_event_extra.py
[2024-12-18T04:33:39.534-0800] {logging_mixin.py:190} INFO - [2024-12-18T04:33:39.533-0800] {dag.py:3239} INFO - Sync 2 DAGs
[2024-12-18T04:33:39.549-0800] {logging_mixin.py:190} INFO - [2024-12-18T04:33:39.549-0800] {dag.py:4180} INFO - Setting next_dagrun for read_dataset_event to 2024-12-17 00:00:00+00:00, run_after=2024-12-18 00:00:00+00:00
[2024-12-18T04:33:39.553-0800] {logging_mixin.py:190} INFO - [2024-12-18T04:33:39.553-0800] {dag.py:4180} INFO - Setting next_dagrun for read_dataset_event_from_classic to 2024-12-17 00:00:00+00:00, run_after=2024-12-18 00:00:00+00:00
[2024-12-18T04:33:39.567-0800] {processor.py:208} INFO - Processing /Users/rishukhurana/anaconda3/lib/python3.11/site-packages/airflow/example_dags/example_inlet_event_extra.py took 0.557 seconds
[2024-12-18T07:35:51.319-0800] {processor.py:186} INFO - Started process (PID=54962) to work on /Users/rishukhurana/anaconda3/lib/python3.11/site-packages/airflow/example_dags/example_inlet_event_extra.py
[2024-12-18T07:35:51.321-0800] {processor.py:914} INFO - Processing file /Users/rishukhurana/anaconda3/lib/python3.11/site-packages/airflow/example_dags/example_inlet_event_extra.py for tasks to queue
[2024-12-18T07:35:51.322-0800] {logging_mixin.py:190} INFO - [2024-12-18T07:35:51.322-0800] {dagbag.py:588} INFO - Filling up the DagBag from /Users/rishukhurana/anaconda3/lib/python3.11/site-packages/airflow/example_dags/example_inlet_event_extra.py
[2024-12-18T07:35:52.079-0800] {processor.py:925} INFO - DAG(s) 'read_dataset_event_from_classic', 'read_dataset_event' retrieved from /Users/rishukhurana/anaconda3/lib/python3.11/site-packages/airflow/example_dags/example_inlet_event_extra.py
[2024-12-18T07:35:52.173-0800] {logging_mixin.py:190} INFO - [2024-12-18T07:35:52.173-0800] {dag.py:3239} INFO - Sync 2 DAGs
[2024-12-18T07:35:52.194-0800] {logging_mixin.py:190} INFO - [2024-12-18T07:35:52.193-0800] {dag.py:4180} INFO - Setting next_dagrun for read_dataset_event to 2024-12-17 00:00:00+00:00, run_after=2024-12-18 00:00:00+00:00
[2024-12-18T07:35:52.198-0800] {logging_mixin.py:190} INFO - [2024-12-18T07:35:52.198-0800] {dag.py:4180} INFO - Setting next_dagrun for read_dataset_event_from_classic to 2024-12-17 00:00:00+00:00, run_after=2024-12-18 00:00:00+00:00
[2024-12-18T07:35:52.214-0800] {processor.py:208} INFO - Processing /Users/rishukhurana/anaconda3/lib/python3.11/site-packages/airflow/example_dags/example_inlet_event_extra.py took 0.902 seconds
[2024-12-18T07:39:02.972-0800] {processor.py:186} INFO - Started process (PID=55119) to work on /Users/rishukhurana/anaconda3/lib/python3.11/site-packages/airflow/example_dags/example_inlet_event_extra.py
[2024-12-18T07:39:02.975-0800] {processor.py:914} INFO - Processing file /Users/rishukhurana/anaconda3/lib/python3.11/site-packages/airflow/example_dags/example_inlet_event_extra.py for tasks to queue
[2024-12-18T07:39:02.976-0800] {logging_mixin.py:190} INFO - [2024-12-18T07:39:02.976-0800] {dagbag.py:588} INFO - Filling up the DagBag from /Users/rishukhurana/anaconda3/lib/python3.11/site-packages/airflow/example_dags/example_inlet_event_extra.py
[2024-12-18T07:39:03.519-0800] {processor.py:925} INFO - DAG(s) 'read_dataset_event', 'read_dataset_event_from_classic' retrieved from /Users/rishukhurana/anaconda3/lib/python3.11/site-packages/airflow/example_dags/example_inlet_event_extra.py
[2024-12-18T07:39:03.599-0800] {logging_mixin.py:190} INFO - [2024-12-18T07:39:03.598-0800] {dag.py:3239} INFO - Sync 2 DAGs
[2024-12-18T07:39:03.617-0800] {logging_mixin.py:190} INFO - [2024-12-18T07:39:03.616-0800] {dag.py:4180} INFO - Setting next_dagrun for read_dataset_event to 2024-12-17 00:00:00+00:00, run_after=2024-12-18 00:00:00+00:00
[2024-12-18T07:39:03.620-0800] {logging_mixin.py:190} INFO - [2024-12-18T07:39:03.620-0800] {dag.py:4180} INFO - Setting next_dagrun for read_dataset_event_from_classic to 2024-12-17 00:00:00+00:00, run_after=2024-12-18 00:00:00+00:00
[2024-12-18T07:39:03.640-0800] {processor.py:208} INFO - Processing /Users/rishukhurana/anaconda3/lib/python3.11/site-packages/airflow/example_dags/example_inlet_event_extra.py took 0.675 seconds
[2024-12-18T07:42:09.079-0800] {processor.py:186} INFO - Started process (PID=55265) to work on /Users/rishukhurana/anaconda3/lib/python3.11/site-packages/airflow/example_dags/example_inlet_event_extra.py
[2024-12-18T07:42:09.082-0800] {processor.py:914} INFO - Processing file /Users/rishukhurana/anaconda3/lib/python3.11/site-packages/airflow/example_dags/example_inlet_event_extra.py for tasks to queue
[2024-12-18T07:42:09.083-0800] {logging_mixin.py:190} INFO - [2024-12-18T07:42:09.083-0800] {dagbag.py:588} INFO - Filling up the DagBag from /Users/rishukhurana/anaconda3/lib/python3.11/site-packages/airflow/example_dags/example_inlet_event_extra.py
[2024-12-18T07:42:09.566-0800] {processor.py:925} INFO - DAG(s) 'read_dataset_event_from_classic', 'read_dataset_event' retrieved from /Users/rishukhurana/anaconda3/lib/python3.11/site-packages/airflow/example_dags/example_inlet_event_extra.py
[2024-12-18T07:42:09.642-0800] {logging_mixin.py:190} INFO - [2024-12-18T07:42:09.642-0800] {dag.py:3239} INFO - Sync 2 DAGs
[2024-12-18T07:42:09.659-0800] {logging_mixin.py:190} INFO - [2024-12-18T07:42:09.658-0800] {dag.py:4180} INFO - Setting next_dagrun for read_dataset_event to 2024-12-17 00:00:00+00:00, run_after=2024-12-18 00:00:00+00:00
[2024-12-18T07:42:09.662-0800] {logging_mixin.py:190} INFO - [2024-12-18T07:42:09.662-0800] {dag.py:4180} INFO - Setting next_dagrun for read_dataset_event_from_classic to 2024-12-17 00:00:00+00:00, run_after=2024-12-18 00:00:00+00:00
[2024-12-18T07:42:09.677-0800] {processor.py:208} INFO - Processing /Users/rishukhurana/anaconda3/lib/python3.11/site-packages/airflow/example_dags/example_inlet_event_extra.py took 0.605 seconds
[2024-12-18T07:48:12.323-0800] {processor.py:186} INFO - Started process (PID=55554) to work on /Users/rishukhurana/anaconda3/lib/python3.11/site-packages/airflow/example_dags/example_inlet_event_extra.py
[2024-12-18T07:48:12.325-0800] {processor.py:914} INFO - Processing file /Users/rishukhurana/anaconda3/lib/python3.11/site-packages/airflow/example_dags/example_inlet_event_extra.py for tasks to queue
[2024-12-18T07:48:12.326-0800] {logging_mixin.py:190} INFO - [2024-12-18T07:48:12.326-0800] {dagbag.py:588} INFO - Filling up the DagBag from /Users/rishukhurana/anaconda3/lib/python3.11/site-packages/airflow/example_dags/example_inlet_event_extra.py
[2024-12-18T07:48:12.755-0800] {processor.py:925} INFO - DAG(s) 'read_dataset_event', 'read_dataset_event_from_classic' retrieved from /Users/rishukhurana/anaconda3/lib/python3.11/site-packages/airflow/example_dags/example_inlet_event_extra.py
[2024-12-18T07:48:12.831-0800] {logging_mixin.py:190} INFO - [2024-12-18T07:48:12.831-0800] {dag.py:3239} INFO - Sync 2 DAGs
[2024-12-18T07:48:12.847-0800] {logging_mixin.py:190} INFO - [2024-12-18T07:48:12.847-0800] {dag.py:4180} INFO - Setting next_dagrun for read_dataset_event to 2024-12-17 00:00:00+00:00, run_after=2024-12-18 00:00:00+00:00
[2024-12-18T07:48:12.852-0800] {logging_mixin.py:190} INFO - [2024-12-18T07:48:12.852-0800] {dag.py:4180} INFO - Setting next_dagrun for read_dataset_event_from_classic to 2024-12-17 00:00:00+00:00, run_after=2024-12-18 00:00:00+00:00
[2024-12-18T07:48:12.867-0800] {processor.py:208} INFO - Processing /Users/rishukhurana/anaconda3/lib/python3.11/site-packages/airflow/example_dags/example_inlet_event_extra.py took 0.550 seconds
[2024-12-18T07:54:28.840-0800] {processor.py:186} INFO - Started process (PID=55854) to work on /Users/rishukhurana/anaconda3/lib/python3.11/site-packages/airflow/example_dags/example_inlet_event_extra.py
[2024-12-18T07:54:28.842-0800] {processor.py:914} INFO - Processing file /Users/rishukhurana/anaconda3/lib/python3.11/site-packages/airflow/example_dags/example_inlet_event_extra.py for tasks to queue
[2024-12-18T07:54:28.844-0800] {logging_mixin.py:190} INFO - [2024-12-18T07:54:28.844-0800] {dagbag.py:588} INFO - Filling up the DagBag from /Users/rishukhurana/anaconda3/lib/python3.11/site-packages/airflow/example_dags/example_inlet_event_extra.py
[2024-12-18T07:54:29.326-0800] {processor.py:925} INFO - DAG(s) 'read_dataset_event', 'read_dataset_event_from_classic' retrieved from /Users/rishukhurana/anaconda3/lib/python3.11/site-packages/airflow/example_dags/example_inlet_event_extra.py
[2024-12-18T07:54:29.410-0800] {logging_mixin.py:190} INFO - [2024-12-18T07:54:29.410-0800] {dag.py:3239} INFO - Sync 2 DAGs
[2024-12-18T07:54:29.427-0800] {logging_mixin.py:190} INFO - [2024-12-18T07:54:29.427-0800] {dag.py:4180} INFO - Setting next_dagrun for read_dataset_event to 2024-12-17 00:00:00+00:00, run_after=2024-12-18 00:00:00+00:00
[2024-12-18T07:54:29.431-0800] {logging_mixin.py:190} INFO - [2024-12-18T07:54:29.431-0800] {dag.py:4180} INFO - Setting next_dagrun for read_dataset_event_from_classic to 2024-12-17 00:00:00+00:00, run_after=2024-12-18 00:00:00+00:00
[2024-12-18T07:54:29.447-0800] {processor.py:208} INFO - Processing /Users/rishukhurana/anaconda3/lib/python3.11/site-packages/airflow/example_dags/example_inlet_event_extra.py took 0.614 seconds
[2024-12-18T07:57:44.153-0800] {processor.py:186} INFO - Started process (PID=56017) to work on /Users/rishukhurana/anaconda3/lib/python3.11/site-packages/airflow/example_dags/example_inlet_event_extra.py
[2024-12-18T07:57:44.155-0800] {processor.py:914} INFO - Processing file /Users/rishukhurana/anaconda3/lib/python3.11/site-packages/airflow/example_dags/example_inlet_event_extra.py for tasks to queue
[2024-12-18T07:57:44.157-0800] {logging_mixin.py:190} INFO - [2024-12-18T07:57:44.156-0800] {dagbag.py:588} INFO - Filling up the DagBag from /Users/rishukhurana/anaconda3/lib/python3.11/site-packages/airflow/example_dags/example_inlet_event_extra.py
[2024-12-18T07:57:44.911-0800] {processor.py:925} INFO - DAG(s) 'read_dataset_event_from_classic', 'read_dataset_event' retrieved from /Users/rishukhurana/anaconda3/lib/python3.11/site-packages/airflow/example_dags/example_inlet_event_extra.py
[2024-12-18T07:57:45.002-0800] {logging_mixin.py:190} INFO - [2024-12-18T07:57:45.002-0800] {dag.py:3239} INFO - Sync 2 DAGs
[2024-12-18T07:57:45.021-0800] {logging_mixin.py:190} INFO - [2024-12-18T07:57:45.021-0800] {dag.py:4180} INFO - Setting next_dagrun for read_dataset_event to 2024-12-17 00:00:00+00:00, run_after=2024-12-18 00:00:00+00:00
[2024-12-18T07:57:45.025-0800] {logging_mixin.py:190} INFO - [2024-12-18T07:57:45.025-0800] {dag.py:4180} INFO - Setting next_dagrun for read_dataset_event_from_classic to 2024-12-17 00:00:00+00:00, run_after=2024-12-18 00:00:00+00:00
[2024-12-18T07:57:45.040-0800] {processor.py:208} INFO - Processing /Users/rishukhurana/anaconda3/lib/python3.11/site-packages/airflow/example_dags/example_inlet_event_extra.py took 0.895 seconds
[2024-12-18T08:01:02.179-0800] {processor.py:186} INFO - Started process (PID=56171) to work on /Users/rishukhurana/anaconda3/lib/python3.11/site-packages/airflow/example_dags/example_inlet_event_extra.py
[2024-12-18T08:01:02.182-0800] {processor.py:914} INFO - Processing file /Users/rishukhurana/anaconda3/lib/python3.11/site-packages/airflow/example_dags/example_inlet_event_extra.py for tasks to queue
[2024-12-18T08:01:02.183-0800] {logging_mixin.py:190} INFO - [2024-12-18T08:01:02.183-0800] {dagbag.py:588} INFO - Filling up the DagBag from /Users/rishukhurana/anaconda3/lib/python3.11/site-packages/airflow/example_dags/example_inlet_event_extra.py
[2024-12-18T08:01:02.681-0800] {processor.py:925} INFO - DAG(s) 'read_dataset_event', 'read_dataset_event_from_classic' retrieved from /Users/rishukhurana/anaconda3/lib/python3.11/site-packages/airflow/example_dags/example_inlet_event_extra.py
[2024-12-18T08:01:02.772-0800] {logging_mixin.py:190} INFO - [2024-12-18T08:01:02.771-0800] {dag.py:3239} INFO - Sync 2 DAGs
[2024-12-18T08:01:02.790-0800] {logging_mixin.py:190} INFO - [2024-12-18T08:01:02.790-0800] {dag.py:4180} INFO - Setting next_dagrun for read_dataset_event to 2024-12-17 00:00:00+00:00, run_after=2024-12-18 00:00:00+00:00
[2024-12-18T08:01:02.795-0800] {logging_mixin.py:190} INFO - [2024-12-18T08:01:02.795-0800] {dag.py:4180} INFO - Setting next_dagrun for read_dataset_event_from_classic to 2024-12-17 00:00:00+00:00, run_after=2024-12-18 00:00:00+00:00
[2024-12-18T08:01:02.810-0800] {processor.py:208} INFO - Processing /Users/rishukhurana/anaconda3/lib/python3.11/site-packages/airflow/example_dags/example_inlet_event_extra.py took 0.639 seconds
[2024-12-18T08:04:20.169-0800] {processor.py:186} INFO - Started process (PID=56341) to work on /Users/rishukhurana/anaconda3/lib/python3.11/site-packages/airflow/example_dags/example_inlet_event_extra.py
[2024-12-18T08:04:20.170-0800] {processor.py:914} INFO - Processing file /Users/rishukhurana/anaconda3/lib/python3.11/site-packages/airflow/example_dags/example_inlet_event_extra.py for tasks to queue
[2024-12-18T08:04:20.172-0800] {logging_mixin.py:190} INFO - [2024-12-18T08:04:20.172-0800] {dagbag.py:588} INFO - Filling up the DagBag from /Users/rishukhurana/anaconda3/lib/python3.11/site-packages/airflow/example_dags/example_inlet_event_extra.py
[2024-12-18T08:04:20.660-0800] {processor.py:925} INFO - DAG(s) 'read_dataset_event_from_classic', 'read_dataset_event' retrieved from /Users/rishukhurana/anaconda3/lib/python3.11/site-packages/airflow/example_dags/example_inlet_event_extra.py
[2024-12-18T08:04:20.750-0800] {logging_mixin.py:190} INFO - [2024-12-18T08:04:20.750-0800] {dag.py:3239} INFO - Sync 2 DAGs
[2024-12-18T08:04:20.769-0800] {logging_mixin.py:190} INFO - [2024-12-18T08:04:20.768-0800] {dag.py:4180} INFO - Setting next_dagrun for read_dataset_event to 2024-12-17 00:00:00+00:00, run_after=2024-12-18 00:00:00+00:00
[2024-12-18T08:04:20.773-0800] {logging_mixin.py:190} INFO - [2024-12-18T08:04:20.773-0800] {dag.py:4180} INFO - Setting next_dagrun for read_dataset_event_from_classic to 2024-12-17 00:00:00+00:00, run_after=2024-12-18 00:00:00+00:00
[2024-12-18T08:04:20.788-0800] {processor.py:208} INFO - Processing /Users/rishukhurana/anaconda3/lib/python3.11/site-packages/airflow/example_dags/example_inlet_event_extra.py took 0.624 seconds
[2024-12-18T08:07:32.244-0800] {processor.py:186} INFO - Started process (PID=56527) to work on /Users/rishukhurana/anaconda3/lib/python3.11/site-packages/airflow/example_dags/example_inlet_event_extra.py
[2024-12-18T08:07:32.246-0800] {processor.py:914} INFO - Processing file /Users/rishukhurana/anaconda3/lib/python3.11/site-packages/airflow/example_dags/example_inlet_event_extra.py for tasks to queue
[2024-12-18T08:07:32.247-0800] {logging_mixin.py:190} INFO - [2024-12-18T08:07:32.247-0800] {dagbag.py:588} INFO - Filling up the DagBag from /Users/rishukhurana/anaconda3/lib/python3.11/site-packages/airflow/example_dags/example_inlet_event_extra.py
[2024-12-18T08:07:32.800-0800] {processor.py:925} INFO - DAG(s) 'read_dataset_event_from_classic', 'read_dataset_event' retrieved from /Users/rishukhurana/anaconda3/lib/python3.11/site-packages/airflow/example_dags/example_inlet_event_extra.py
[2024-12-18T08:07:32.889-0800] {logging_mixin.py:190} INFO - [2024-12-18T08:07:32.889-0800] {dag.py:3239} INFO - Sync 2 DAGs
[2024-12-18T08:07:32.908-0800] {logging_mixin.py:190} INFO - [2024-12-18T08:07:32.908-0800] {dag.py:4180} INFO - Setting next_dagrun for read_dataset_event to 2024-12-17 00:00:00+00:00, run_after=2024-12-18 00:00:00+00:00
[2024-12-18T08:07:32.912-0800] {logging_mixin.py:190} INFO - [2024-12-18T08:07:32.912-0800] {dag.py:4180} INFO - Setting next_dagrun for read_dataset_event_from_classic to 2024-12-17 00:00:00+00:00, run_after=2024-12-18 00:00:00+00:00
[2024-12-18T08:07:32.927-0800] {processor.py:208} INFO - Processing /Users/rishukhurana/anaconda3/lib/python3.11/site-packages/airflow/example_dags/example_inlet_event_extra.py took 0.689 seconds
[2024-12-18T08:10:41.094-0800] {processor.py:186} INFO - Started process (PID=56674) to work on /Users/rishukhurana/anaconda3/lib/python3.11/site-packages/airflow/example_dags/example_inlet_event_extra.py
[2024-12-18T08:10:41.096-0800] {processor.py:914} INFO - Processing file /Users/rishukhurana/anaconda3/lib/python3.11/site-packages/airflow/example_dags/example_inlet_event_extra.py for tasks to queue
[2024-12-18T08:10:41.098-0800] {logging_mixin.py:190} INFO - [2024-12-18T08:10:41.098-0800] {dagbag.py:588} INFO - Filling up the DagBag from /Users/rishukhurana/anaconda3/lib/python3.11/site-packages/airflow/example_dags/example_inlet_event_extra.py
[2024-12-18T08:10:41.734-0800] {processor.py:925} INFO - DAG(s) 'read_dataset_event_from_classic', 'read_dataset_event' retrieved from /Users/rishukhurana/anaconda3/lib/python3.11/site-packages/airflow/example_dags/example_inlet_event_extra.py
[2024-12-18T08:10:41.828-0800] {logging_mixin.py:190} INFO - [2024-12-18T08:10:41.828-0800] {dag.py:3239} INFO - Sync 2 DAGs
[2024-12-18T08:10:41.846-0800] {logging_mixin.py:190} INFO - [2024-12-18T08:10:41.846-0800] {dag.py:4180} INFO - Setting next_dagrun for read_dataset_event to 2024-12-17 00:00:00+00:00, run_after=2024-12-18 00:00:00+00:00
[2024-12-18T08:10:41.851-0800] {logging_mixin.py:190} INFO - [2024-12-18T08:10:41.850-0800] {dag.py:4180} INFO - Setting next_dagrun for read_dataset_event_from_classic to 2024-12-17 00:00:00+00:00, run_after=2024-12-18 00:00:00+00:00
[2024-12-18T08:10:41.864-0800] {processor.py:208} INFO - Processing /Users/rishukhurana/anaconda3/lib/python3.11/site-packages/airflow/example_dags/example_inlet_event_extra.py took 0.775 seconds
[2024-12-18T08:13:52.557-0800] {processor.py:186} INFO - Started process (PID=56821) to work on /Users/rishukhurana/anaconda3/lib/python3.11/site-packages/airflow/example_dags/example_inlet_event_extra.py
[2024-12-18T08:13:52.559-0800] {processor.py:914} INFO - Processing file /Users/rishukhurana/anaconda3/lib/python3.11/site-packages/airflow/example_dags/example_inlet_event_extra.py for tasks to queue
[2024-12-18T08:13:52.561-0800] {logging_mixin.py:190} INFO - [2024-12-18T08:13:52.560-0800] {dagbag.py:588} INFO - Filling up the DagBag from /Users/rishukhurana/anaconda3/lib/python3.11/site-packages/airflow/example_dags/example_inlet_event_extra.py
[2024-12-18T08:13:53.056-0800] {processor.py:925} INFO - DAG(s) 'read_dataset_event', 'read_dataset_event_from_classic' retrieved from /Users/rishukhurana/anaconda3/lib/python3.11/site-packages/airflow/example_dags/example_inlet_event_extra.py
[2024-12-18T08:13:53.144-0800] {logging_mixin.py:190} INFO - [2024-12-18T08:13:53.144-0800] {dag.py:3239} INFO - Sync 2 DAGs
[2024-12-18T08:13:53.163-0800] {logging_mixin.py:190} INFO - [2024-12-18T08:13:53.162-0800] {dag.py:4180} INFO - Setting next_dagrun for read_dataset_event to 2024-12-17 00:00:00+00:00, run_after=2024-12-18 00:00:00+00:00
[2024-12-18T08:13:53.168-0800] {logging_mixin.py:190} INFO - [2024-12-18T08:13:53.168-0800] {dag.py:4180} INFO - Setting next_dagrun for read_dataset_event_from_classic to 2024-12-17 00:00:00+00:00, run_after=2024-12-18 00:00:00+00:00
[2024-12-18T08:13:53.182-0800] {processor.py:208} INFO - Processing /Users/rishukhurana/anaconda3/lib/python3.11/site-packages/airflow/example_dags/example_inlet_event_extra.py took 0.631 seconds
[2024-12-18T08:17:05.344-0800] {processor.py:186} INFO - Started process (PID=56968) to work on /Users/rishukhurana/anaconda3/lib/python3.11/site-packages/airflow/example_dags/example_inlet_event_extra.py
[2024-12-18T08:17:05.346-0800] {processor.py:914} INFO - Processing file /Users/rishukhurana/anaconda3/lib/python3.11/site-packages/airflow/example_dags/example_inlet_event_extra.py for tasks to queue
[2024-12-18T08:17:05.348-0800] {logging_mixin.py:190} INFO - [2024-12-18T08:17:05.347-0800] {dagbag.py:588} INFO - Filling up the DagBag from /Users/rishukhurana/anaconda3/lib/python3.11/site-packages/airflow/example_dags/example_inlet_event_extra.py
[2024-12-18T08:17:05.992-0800] {processor.py:925} INFO - DAG(s) 'read_dataset_event', 'read_dataset_event_from_classic' retrieved from /Users/rishukhurana/anaconda3/lib/python3.11/site-packages/airflow/example_dags/example_inlet_event_extra.py
[2024-12-18T08:17:06.084-0800] {logging_mixin.py:190} INFO - [2024-12-18T08:17:06.084-0800] {dag.py:3239} INFO - Sync 2 DAGs
[2024-12-18T08:17:06.102-0800] {logging_mixin.py:190} INFO - [2024-12-18T08:17:06.102-0800] {dag.py:4180} INFO - Setting next_dagrun for read_dataset_event to 2024-12-17 00:00:00+00:00, run_after=2024-12-18 00:00:00+00:00
[2024-12-18T08:17:06.106-0800] {logging_mixin.py:190} INFO - [2024-12-18T08:17:06.106-0800] {dag.py:4180} INFO - Setting next_dagrun for read_dataset_event_from_classic to 2024-12-17 00:00:00+00:00, run_after=2024-12-18 00:00:00+00:00
[2024-12-18T08:17:06.121-0800] {processor.py:208} INFO - Processing /Users/rishukhurana/anaconda3/lib/python3.11/site-packages/airflow/example_dags/example_inlet_event_extra.py took 0.782 seconds
[2024-12-18T08:20:18.338-0800] {processor.py:186} INFO - Started process (PID=57117) to work on /Users/rishukhurana/anaconda3/lib/python3.11/site-packages/airflow/example_dags/example_inlet_event_extra.py
[2024-12-18T08:20:18.340-0800] {processor.py:914} INFO - Processing file /Users/rishukhurana/anaconda3/lib/python3.11/site-packages/airflow/example_dags/example_inlet_event_extra.py for tasks to queue
[2024-12-18T08:20:18.342-0800] {logging_mixin.py:190} INFO - [2024-12-18T08:20:18.342-0800] {dagbag.py:588} INFO - Filling up the DagBag from /Users/rishukhurana/anaconda3/lib/python3.11/site-packages/airflow/example_dags/example_inlet_event_extra.py
[2024-12-18T08:20:18.824-0800] {processor.py:925} INFO - DAG(s) 'read_dataset_event', 'read_dataset_event_from_classic' retrieved from /Users/rishukhurana/anaconda3/lib/python3.11/site-packages/airflow/example_dags/example_inlet_event_extra.py
[2024-12-18T08:20:18.916-0800] {logging_mixin.py:190} INFO - [2024-12-18T08:20:18.916-0800] {dag.py:3239} INFO - Sync 2 DAGs
[2024-12-18T08:20:18.934-0800] {logging_mixin.py:190} INFO - [2024-12-18T08:20:18.934-0800] {dag.py:4180} INFO - Setting next_dagrun for read_dataset_event to 2024-12-17 00:00:00+00:00, run_after=2024-12-18 00:00:00+00:00
[2024-12-18T08:20:18.938-0800] {logging_mixin.py:190} INFO - [2024-12-18T08:20:18.938-0800] {dag.py:4180} INFO - Setting next_dagrun for read_dataset_event_from_classic to 2024-12-17 00:00:00+00:00, run_after=2024-12-18 00:00:00+00:00
[2024-12-18T08:20:18.951-0800] {processor.py:208} INFO - Processing /Users/rishukhurana/anaconda3/lib/python3.11/site-packages/airflow/example_dags/example_inlet_event_extra.py took 0.618 seconds
[2024-12-18T08:23:25.974-0800] {processor.py:186} INFO - Started process (PID=57261) to work on /Users/rishukhurana/anaconda3/lib/python3.11/site-packages/airflow/example_dags/example_inlet_event_extra.py
[2024-12-18T08:23:25.977-0800] {processor.py:914} INFO - Processing file /Users/rishukhurana/anaconda3/lib/python3.11/site-packages/airflow/example_dags/example_inlet_event_extra.py for tasks to queue
[2024-12-18T08:23:25.978-0800] {logging_mixin.py:190} INFO - [2024-12-18T08:23:25.977-0800] {dagbag.py:588} INFO - Filling up the DagBag from /Users/rishukhurana/anaconda3/lib/python3.11/site-packages/airflow/example_dags/example_inlet_event_extra.py
[2024-12-18T08:23:26.466-0800] {processor.py:925} INFO - DAG(s) 'read_dataset_event_from_classic', 'read_dataset_event' retrieved from /Users/rishukhurana/anaconda3/lib/python3.11/site-packages/airflow/example_dags/example_inlet_event_extra.py
[2024-12-18T08:23:26.558-0800] {logging_mixin.py:190} INFO - [2024-12-18T08:23:26.557-0800] {dag.py:3239} INFO - Sync 2 DAGs
[2024-12-18T08:23:26.576-0800] {logging_mixin.py:190} INFO - [2024-12-18T08:23:26.575-0800] {dag.py:4180} INFO - Setting next_dagrun for read_dataset_event to 2024-12-17 00:00:00+00:00, run_after=2024-12-18 00:00:00+00:00
[2024-12-18T08:23:26.581-0800] {logging_mixin.py:190} INFO - [2024-12-18T08:23:26.580-0800] {dag.py:4180} INFO - Setting next_dagrun for read_dataset_event_from_classic to 2024-12-17 00:00:00+00:00, run_after=2024-12-18 00:00:00+00:00
[2024-12-18T08:23:26.596-0800] {processor.py:208} INFO - Processing /Users/rishukhurana/anaconda3/lib/python3.11/site-packages/airflow/example_dags/example_inlet_event_extra.py took 0.626 seconds
[2024-12-18T08:26:35.714-0800] {processor.py:186} INFO - Started process (PID=57412) to work on /Users/rishukhurana/anaconda3/lib/python3.11/site-packages/airflow/example_dags/example_inlet_event_extra.py
[2024-12-18T08:26:35.717-0800] {processor.py:914} INFO - Processing file /Users/rishukhurana/anaconda3/lib/python3.11/site-packages/airflow/example_dags/example_inlet_event_extra.py for tasks to queue
[2024-12-18T08:26:35.718-0800] {logging_mixin.py:190} INFO - [2024-12-18T08:26:35.718-0800] {dagbag.py:588} INFO - Filling up the DagBag from /Users/rishukhurana/anaconda3/lib/python3.11/site-packages/airflow/example_dags/example_inlet_event_extra.py
[2024-12-18T08:26:36.365-0800] {processor.py:925} INFO - DAG(s) 'read_dataset_event', 'read_dataset_event_from_classic' retrieved from /Users/rishukhurana/anaconda3/lib/python3.11/site-packages/airflow/example_dags/example_inlet_event_extra.py
[2024-12-18T08:26:36.458-0800] {logging_mixin.py:190} INFO - [2024-12-18T08:26:36.458-0800] {dag.py:3239} INFO - Sync 2 DAGs
[2024-12-18T08:26:36.478-0800] {logging_mixin.py:190} INFO - [2024-12-18T08:26:36.478-0800] {dag.py:4180} INFO - Setting next_dagrun for read_dataset_event to 2024-12-17 00:00:00+00:00, run_after=2024-12-18 00:00:00+00:00
[2024-12-18T08:26:36.483-0800] {logging_mixin.py:190} INFO - [2024-12-18T08:26:36.482-0800] {dag.py:4180} INFO - Setting next_dagrun for read_dataset_event_from_classic to 2024-12-17 00:00:00+00:00, run_after=2024-12-18 00:00:00+00:00
[2024-12-18T08:26:36.495-0800] {processor.py:208} INFO - Processing /Users/rishukhurana/anaconda3/lib/python3.11/site-packages/airflow/example_dags/example_inlet_event_extra.py took 0.787 seconds
[2024-12-18T08:29:45.343-0800] {processor.py:186} INFO - Started process (PID=57560) to work on /Users/rishukhurana/anaconda3/lib/python3.11/site-packages/airflow/example_dags/example_inlet_event_extra.py
[2024-12-18T08:29:45.346-0800] {processor.py:914} INFO - Processing file /Users/rishukhurana/anaconda3/lib/python3.11/site-packages/airflow/example_dags/example_inlet_event_extra.py for tasks to queue
[2024-12-18T08:29:45.348-0800] {logging_mixin.py:190} INFO - [2024-12-18T08:29:45.347-0800] {dagbag.py:588} INFO - Filling up the DagBag from /Users/rishukhurana/anaconda3/lib/python3.11/site-packages/airflow/example_dags/example_inlet_event_extra.py
[2024-12-18T08:29:45.836-0800] {processor.py:925} INFO - DAG(s) 'read_dataset_event_from_classic', 'read_dataset_event' retrieved from /Users/rishukhurana/anaconda3/lib/python3.11/site-packages/airflow/example_dags/example_inlet_event_extra.py
[2024-12-18T08:29:45.928-0800] {logging_mixin.py:190} INFO - [2024-12-18T08:29:45.928-0800] {dag.py:3239} INFO - Sync 2 DAGs
[2024-12-18T08:29:45.946-0800] {logging_mixin.py:190} INFO - [2024-12-18T08:29:45.946-0800] {dag.py:4180} INFO - Setting next_dagrun for read_dataset_event to 2024-12-17 00:00:00+00:00, run_after=2024-12-18 00:00:00+00:00
[2024-12-18T08:29:45.950-0800] {logging_mixin.py:190} INFO - [2024-12-18T08:29:45.950-0800] {dag.py:4180} INFO - Setting next_dagrun for read_dataset_event_from_classic to 2024-12-17 00:00:00+00:00, run_after=2024-12-18 00:00:00+00:00
[2024-12-18T08:29:45.963-0800] {processor.py:208} INFO - Processing /Users/rishukhurana/anaconda3/lib/python3.11/site-packages/airflow/example_dags/example_inlet_event_extra.py took 0.627 seconds
[2024-12-18T08:32:56.648-0800] {processor.py:186} INFO - Started process (PID=57718) to work on /Users/rishukhurana/anaconda3/lib/python3.11/site-packages/airflow/example_dags/example_inlet_event_extra.py
[2024-12-18T08:32:56.651-0800] {processor.py:914} INFO - Processing file /Users/rishukhurana/anaconda3/lib/python3.11/site-packages/airflow/example_dags/example_inlet_event_extra.py for tasks to queue
[2024-12-18T08:32:56.652-0800] {logging_mixin.py:190} INFO - [2024-12-18T08:32:56.652-0800] {dagbag.py:588} INFO - Filling up the DagBag from /Users/rishukhurana/anaconda3/lib/python3.11/site-packages/airflow/example_dags/example_inlet_event_extra.py
[2024-12-18T08:32:57.113-0800] {processor.py:925} INFO - DAG(s) 'read_dataset_event', 'read_dataset_event_from_classic' retrieved from /Users/rishukhurana/anaconda3/lib/python3.11/site-packages/airflow/example_dags/example_inlet_event_extra.py
[2024-12-18T08:32:57.191-0800] {logging_mixin.py:190} INFO - [2024-12-18T08:32:57.191-0800] {dag.py:3239} INFO - Sync 2 DAGs
[2024-12-18T08:32:57.207-0800] {logging_mixin.py:190} INFO - [2024-12-18T08:32:57.207-0800] {dag.py:4180} INFO - Setting next_dagrun for read_dataset_event to 2024-12-17 00:00:00+00:00, run_after=2024-12-18 00:00:00+00:00
[2024-12-18T08:32:57.211-0800] {logging_mixin.py:190} INFO - [2024-12-18T08:32:57.211-0800] {dag.py:4180} INFO - Setting next_dagrun for read_dataset_event_from_classic to 2024-12-17 00:00:00+00:00, run_after=2024-12-18 00:00:00+00:00
[2024-12-18T08:32:57.224-0800] {processor.py:208} INFO - Processing /Users/rishukhurana/anaconda3/lib/python3.11/site-packages/airflow/example_dags/example_inlet_event_extra.py took 0.581 seconds
[2024-12-18T08:39:01.707-0800] {processor.py:186} INFO - Started process (PID=58060) to work on /Users/rishukhurana/anaconda3/lib/python3.11/site-packages/airflow/example_dags/example_inlet_event_extra.py
[2024-12-18T08:39:01.709-0800] {processor.py:914} INFO - Processing file /Users/rishukhurana/anaconda3/lib/python3.11/site-packages/airflow/example_dags/example_inlet_event_extra.py for tasks to queue
[2024-12-18T08:39:01.710-0800] {logging_mixin.py:190} INFO - [2024-12-18T08:39:01.710-0800] {dagbag.py:588} INFO - Filling up the DagBag from /Users/rishukhurana/anaconda3/lib/python3.11/site-packages/airflow/example_dags/example_inlet_event_extra.py
[2024-12-18T08:39:02.452-0800] {processor.py:925} INFO - DAG(s) 'read_dataset_event', 'read_dataset_event_from_classic' retrieved from /Users/rishukhurana/anaconda3/lib/python3.11/site-packages/airflow/example_dags/example_inlet_event_extra.py
[2024-12-18T08:39:02.534-0800] {logging_mixin.py:190} INFO - [2024-12-18T08:39:02.534-0800] {dag.py:3239} INFO - Sync 2 DAGs
[2024-12-18T08:39:02.551-0800] {logging_mixin.py:190} INFO - [2024-12-18T08:39:02.551-0800] {dag.py:4180} INFO - Setting next_dagrun for read_dataset_event to 2024-12-17 00:00:00+00:00, run_after=2024-12-18 00:00:00+00:00
[2024-12-18T08:39:02.555-0800] {logging_mixin.py:190} INFO - [2024-12-18T08:39:02.555-0800] {dag.py:4180} INFO - Setting next_dagrun for read_dataset_event_from_classic to 2024-12-17 00:00:00+00:00, run_after=2024-12-18 00:00:00+00:00
[2024-12-18T08:39:02.570-0800] {processor.py:208} INFO - Processing /Users/rishukhurana/anaconda3/lib/python3.11/site-packages/airflow/example_dags/example_inlet_event_extra.py took 0.869 seconds
[2024-12-18T08:59:46.202-0800] {processor.py:186} INFO - Started process (PID=58383) to work on /Users/rishukhurana/anaconda3/lib/python3.11/site-packages/airflow/example_dags/example_inlet_event_extra.py
[2024-12-18T08:59:46.205-0800] {processor.py:914} INFO - Processing file /Users/rishukhurana/anaconda3/lib/python3.11/site-packages/airflow/example_dags/example_inlet_event_extra.py for tasks to queue
[2024-12-18T08:59:46.206-0800] {logging_mixin.py:190} INFO - [2024-12-18T08:59:46.206-0800] {dagbag.py:588} INFO - Filling up the DagBag from /Users/rishukhurana/anaconda3/lib/python3.11/site-packages/airflow/example_dags/example_inlet_event_extra.py
[2024-12-18T08:59:46.915-0800] {processor.py:925} INFO - DAG(s) 'read_dataset_event_from_classic', 'read_dataset_event' retrieved from /Users/rishukhurana/anaconda3/lib/python3.11/site-packages/airflow/example_dags/example_inlet_event_extra.py
[2024-12-18T08:59:47.006-0800] {logging_mixin.py:190} INFO - [2024-12-18T08:59:47.006-0800] {dag.py:3239} INFO - Sync 2 DAGs
[2024-12-18T08:59:47.027-0800] {logging_mixin.py:190} INFO - [2024-12-18T08:59:47.027-0800] {dag.py:4180} INFO - Setting next_dagrun for read_dataset_event to 2024-12-17 00:00:00+00:00, run_after=2024-12-18 00:00:00+00:00
[2024-12-18T08:59:47.031-0800] {logging_mixin.py:190} INFO - [2024-12-18T08:59:47.031-0800] {dag.py:4180} INFO - Setting next_dagrun for read_dataset_event_from_classic to 2024-12-17 00:00:00+00:00, run_after=2024-12-18 00:00:00+00:00
[2024-12-18T08:59:47.047-0800] {processor.py:208} INFO - Processing /Users/rishukhurana/anaconda3/lib/python3.11/site-packages/airflow/example_dags/example_inlet_event_extra.py took 0.849 seconds
[2024-12-18T09:06:01.788-0800] {processor.py:186} INFO - Started process (PID=58693) to work on /Users/rishukhurana/anaconda3/lib/python3.11/site-packages/airflow/example_dags/example_inlet_event_extra.py
[2024-12-18T09:06:01.790-0800] {processor.py:914} INFO - Processing file /Users/rishukhurana/anaconda3/lib/python3.11/site-packages/airflow/example_dags/example_inlet_event_extra.py for tasks to queue
[2024-12-18T09:06:01.791-0800] {logging_mixin.py:190} INFO - [2024-12-18T09:06:01.791-0800] {dagbag.py:588} INFO - Filling up the DagBag from /Users/rishukhurana/anaconda3/lib/python3.11/site-packages/airflow/example_dags/example_inlet_event_extra.py
[2024-12-18T09:06:02.568-0800] {processor.py:925} INFO - DAG(s) 'read_dataset_event_from_classic', 'read_dataset_event' retrieved from /Users/rishukhurana/anaconda3/lib/python3.11/site-packages/airflow/example_dags/example_inlet_event_extra.py
[2024-12-18T09:06:02.654-0800] {logging_mixin.py:190} INFO - [2024-12-18T09:06:02.654-0800] {dag.py:3239} INFO - Sync 2 DAGs
[2024-12-18T09:06:02.674-0800] {logging_mixin.py:190} INFO - [2024-12-18T09:06:02.674-0800] {dag.py:4180} INFO - Setting next_dagrun for read_dataset_event to 2024-12-17 00:00:00+00:00, run_after=2024-12-18 00:00:00+00:00
[2024-12-18T09:06:02.677-0800] {logging_mixin.py:190} INFO - [2024-12-18T09:06:02.677-0800] {dag.py:4180} INFO - Setting next_dagrun for read_dataset_event_from_classic to 2024-12-17 00:00:00+00:00, run_after=2024-12-18 00:00:00+00:00
[2024-12-18T09:06:02.691-0800] {processor.py:208} INFO - Processing /Users/rishukhurana/anaconda3/lib/python3.11/site-packages/airflow/example_dags/example_inlet_event_extra.py took 0.910 seconds
[2024-12-18T09:12:22.962-0800] {processor.py:186} INFO - Started process (PID=58994) to work on /Users/rishukhurana/anaconda3/lib/python3.11/site-packages/airflow/example_dags/example_inlet_event_extra.py
[2024-12-18T09:12:22.966-0800] {processor.py:914} INFO - Processing file /Users/rishukhurana/anaconda3/lib/python3.11/site-packages/airflow/example_dags/example_inlet_event_extra.py for tasks to queue
[2024-12-18T09:12:22.967-0800] {logging_mixin.py:190} INFO - [2024-12-18T09:12:22.967-0800] {dagbag.py:588} INFO - Filling up the DagBag from /Users/rishukhurana/anaconda3/lib/python3.11/site-packages/airflow/example_dags/example_inlet_event_extra.py
[2024-12-18T09:12:23.871-0800] {processor.py:925} INFO - DAG(s) 'read_dataset_event_from_classic', 'read_dataset_event' retrieved from /Users/rishukhurana/anaconda3/lib/python3.11/site-packages/airflow/example_dags/example_inlet_event_extra.py
[2024-12-18T09:12:23.964-0800] {logging_mixin.py:190} INFO - [2024-12-18T09:12:23.964-0800] {dag.py:3239} INFO - Sync 2 DAGs
[2024-12-18T09:12:23.985-0800] {logging_mixin.py:190} INFO - [2024-12-18T09:12:23.985-0800] {dag.py:4180} INFO - Setting next_dagrun for read_dataset_event to 2024-12-17 00:00:00+00:00, run_after=2024-12-18 00:00:00+00:00
[2024-12-18T09:12:23.991-0800] {logging_mixin.py:190} INFO - [2024-12-18T09:12:23.990-0800] {dag.py:4180} INFO - Setting next_dagrun for read_dataset_event_from_classic to 2024-12-17 00:00:00+00:00, run_after=2024-12-18 00:00:00+00:00
[2024-12-18T09:12:24.009-0800] {processor.py:208} INFO - Processing /Users/rishukhurana/anaconda3/lib/python3.11/site-packages/airflow/example_dags/example_inlet_event_extra.py took 1.051 seconds
[2024-12-18T09:18:35.253-0800] {processor.py:186} INFO - Started process (PID=59315) to work on /Users/rishukhurana/anaconda3/lib/python3.11/site-packages/airflow/example_dags/example_inlet_event_extra.py
[2024-12-18T09:18:35.256-0800] {processor.py:914} INFO - Processing file /Users/rishukhurana/anaconda3/lib/python3.11/site-packages/airflow/example_dags/example_inlet_event_extra.py for tasks to queue
[2024-12-18T09:18:35.258-0800] {logging_mixin.py:190} INFO - [2024-12-18T09:18:35.257-0800] {dagbag.py:588} INFO - Filling up the DagBag from /Users/rishukhurana/anaconda3/lib/python3.11/site-packages/airflow/example_dags/example_inlet_event_extra.py
[2024-12-18T09:18:36.125-0800] {processor.py:925} INFO - DAG(s) 'read_dataset_event_from_classic', 'read_dataset_event' retrieved from /Users/rishukhurana/anaconda3/lib/python3.11/site-packages/airflow/example_dags/example_inlet_event_extra.py
[2024-12-18T09:18:36.205-0800] {logging_mixin.py:190} INFO - [2024-12-18T09:18:36.205-0800] {dag.py:3239} INFO - Sync 2 DAGs
[2024-12-18T09:18:36.221-0800] {logging_mixin.py:190} INFO - [2024-12-18T09:18:36.221-0800] {dag.py:4180} INFO - Setting next_dagrun for read_dataset_event to 2024-12-17 00:00:00+00:00, run_after=2024-12-18 00:00:00+00:00
[2024-12-18T09:18:36.225-0800] {logging_mixin.py:190} INFO - [2024-12-18T09:18:36.225-0800] {dag.py:4180} INFO - Setting next_dagrun for read_dataset_event_from_classic to 2024-12-17 00:00:00+00:00, run_after=2024-12-18 00:00:00+00:00
[2024-12-18T09:18:36.239-0800] {processor.py:208} INFO - Processing /Users/rishukhurana/anaconda3/lib/python3.11/site-packages/airflow/example_dags/example_inlet_event_extra.py took 0.993 seconds
[2024-12-18T09:24:54.648-0800] {processor.py:186} INFO - Started process (PID=59648) to work on /Users/rishukhurana/anaconda3/lib/python3.11/site-packages/airflow/example_dags/example_inlet_event_extra.py
[2024-12-18T09:24:54.651-0800] {processor.py:914} INFO - Processing file /Users/rishukhurana/anaconda3/lib/python3.11/site-packages/airflow/example_dags/example_inlet_event_extra.py for tasks to queue
[2024-12-18T09:24:54.652-0800] {logging_mixin.py:190} INFO - [2024-12-18T09:24:54.652-0800] {dagbag.py:588} INFO - Filling up the DagBag from /Users/rishukhurana/anaconda3/lib/python3.11/site-packages/airflow/example_dags/example_inlet_event_extra.py
[2024-12-18T09:24:55.481-0800] {processor.py:925} INFO - DAG(s) 'read_dataset_event', 'read_dataset_event_from_classic' retrieved from /Users/rishukhurana/anaconda3/lib/python3.11/site-packages/airflow/example_dags/example_inlet_event_extra.py
[2024-12-18T09:24:55.567-0800] {logging_mixin.py:190} INFO - [2024-12-18T09:24:55.567-0800] {dag.py:3239} INFO - Sync 2 DAGs
[2024-12-18T09:24:55.588-0800] {logging_mixin.py:190} INFO - [2024-12-18T09:24:55.588-0800] {dag.py:4180} INFO - Setting next_dagrun for read_dataset_event to 2024-12-17 00:00:00+00:00, run_after=2024-12-18 00:00:00+00:00
[2024-12-18T09:24:55.592-0800] {logging_mixin.py:190} INFO - [2024-12-18T09:24:55.592-0800] {dag.py:4180} INFO - Setting next_dagrun for read_dataset_event_from_classic to 2024-12-17 00:00:00+00:00, run_after=2024-12-18 00:00:00+00:00
[2024-12-18T09:24:55.608-0800] {processor.py:208} INFO - Processing /Users/rishukhurana/anaconda3/lib/python3.11/site-packages/airflow/example_dags/example_inlet_event_extra.py took 0.965 seconds
[2024-12-18T10:10:03.524-0800] {processor.py:186} INFO - Started process (PID=60015) to work on /Users/rishukhurana/anaconda3/lib/python3.11/site-packages/airflow/example_dags/example_inlet_event_extra.py
[2024-12-18T10:10:03.539-0800] {processor.py:914} INFO - Processing file /Users/rishukhurana/anaconda3/lib/python3.11/site-packages/airflow/example_dags/example_inlet_event_extra.py for tasks to queue
[2024-12-18T10:10:03.548-0800] {logging_mixin.py:190} INFO - [2024-12-18T10:10:03.546-0800] {dagbag.py:588} INFO - Filling up the DagBag from /Users/rishukhurana/anaconda3/lib/python3.11/site-packages/airflow/example_dags/example_inlet_event_extra.py
[2024-12-18T10:10:11.964-0800] {processor.py:925} INFO - DAG(s) 'read_dataset_event', 'read_dataset_event_from_classic' retrieved from /Users/rishukhurana/anaconda3/lib/python3.11/site-packages/airflow/example_dags/example_inlet_event_extra.py
[2024-12-18T10:10:13.849-0800] {logging_mixin.py:190} INFO - [2024-12-18T10:10:13.836-0800] {dag.py:3239} INFO - Sync 2 DAGs
[2024-12-18T10:10:14.311-0800] {logging_mixin.py:190} INFO - [2024-12-18T10:10:14.304-0800] {dag.py:4180} INFO - Setting next_dagrun for read_dataset_event to 2024-12-17 00:00:00+00:00, run_after=2024-12-18 00:00:00+00:00
[2024-12-18T10:10:14.397-0800] {logging_mixin.py:190} INFO - [2024-12-18T10:10:14.396-0800] {dag.py:4180} INFO - Setting next_dagrun for read_dataset_event_from_classic to 2024-12-17 00:00:00+00:00, run_after=2024-12-18 00:00:00+00:00
[2024-12-18T10:10:14.767-0800] {processor.py:208} INFO - Processing /Users/rishukhurana/anaconda3/lib/python3.11/site-packages/airflow/example_dags/example_inlet_event_extra.py took 11.326 seconds
[2024-12-18T13:48:58.851-0800] {processor.py:186} INFO - Started process (PID=60341) to work on /Users/rishukhurana/anaconda3/lib/python3.11/site-packages/airflow/example_dags/example_inlet_event_extra.py
[2024-12-18T13:48:58.854-0800] {processor.py:914} INFO - Processing file /Users/rishukhurana/anaconda3/lib/python3.11/site-packages/airflow/example_dags/example_inlet_event_extra.py for tasks to queue
[2024-12-18T13:48:58.855-0800] {logging_mixin.py:190} INFO - [2024-12-18T13:48:58.855-0800] {dagbag.py:588} INFO - Filling up the DagBag from /Users/rishukhurana/anaconda3/lib/python3.11/site-packages/airflow/example_dags/example_inlet_event_extra.py
[2024-12-18T13:48:59.730-0800] {processor.py:925} INFO - DAG(s) 'read_dataset_event', 'read_dataset_event_from_classic' retrieved from /Users/rishukhurana/anaconda3/lib/python3.11/site-packages/airflow/example_dags/example_inlet_event_extra.py
[2024-12-18T13:48:59.999-0800] {logging_mixin.py:190} INFO - [2024-12-18T13:48:59.998-0800] {dag.py:3239} INFO - Sync 2 DAGs
[2024-12-18T13:49:00.021-0800] {logging_mixin.py:190} INFO - [2024-12-18T13:49:00.021-0800] {dag.py:4180} INFO - Setting next_dagrun for read_dataset_event to 2024-12-17 00:00:00+00:00, run_after=2024-12-18 00:00:00+00:00
[2024-12-18T13:49:00.025-0800] {logging_mixin.py:190} INFO - [2024-12-18T13:49:00.025-0800] {dag.py:4180} INFO - Setting next_dagrun for read_dataset_event_from_classic to 2024-12-17 00:00:00+00:00, run_after=2024-12-18 00:00:00+00:00
[2024-12-18T13:49:00.047-0800] {processor.py:208} INFO - Processing /Users/rishukhurana/anaconda3/lib/python3.11/site-packages/airflow/example_dags/example_inlet_event_extra.py took 1.202 seconds
