[2024-12-17T16:11:50.683-0800] {processor.py:186} INFO - Started process (PID=49116) to work on /Users/rishukhurana/anaconda3/lib/python3.11/site-packages/airflow/example_dags/tutorial_taskflow_api.py
[2024-12-17T16:11:50.688-0800] {processor.py:914} INFO - Processing file /Users/rishukhurana/anaconda3/lib/python3.11/site-packages/airflow/example_dags/tutorial_taskflow_api.py for tasks to queue
[2024-12-17T16:11:50.693-0800] {logging_mixin.py:190} INFO - [2024-12-17T16:11:50.693-0800] {dagbag.py:588} INFO - Filling up the DagBag from /Users/rishukhurana/anaconda3/lib/python3.11/site-packages/airflow/example_dags/tutorial_taskflow_api.py
[2024-12-17T16:11:50.777-0800] {processor.py:925} INFO - DAG(s) 'tutorial_taskflow_api' retrieved from /Users/rishukhurana/anaconda3/lib/python3.11/site-packages/airflow/example_dags/tutorial_taskflow_api.py
[2024-12-17T16:11:50.894-0800] {logging_mixin.py:190} INFO - [2024-12-17T16:11:50.893-0800] {dag.py:3239} INFO - Sync 1 DAGs
[2024-12-17T16:11:50.920-0800] {logging_mixin.py:190} INFO - [2024-12-17T16:11:50.919-0800] {dag.py:4180} INFO - Setting next_dagrun for tutorial_taskflow_api to None, run_after=None
[2024-12-17T16:11:50.945-0800] {processor.py:208} INFO - Processing /Users/rishukhurana/anaconda3/lib/python3.11/site-packages/airflow/example_dags/tutorial_taskflow_api.py took 0.284 seconds
[2024-12-17T18:13:21.543-0800] {processor.py:186} INFO - Started process (PID=49238) to work on /Users/rishukhurana/anaconda3/lib/python3.11/site-packages/airflow/example_dags/tutorial_taskflow_api.py
[2024-12-17T18:13:21.545-0800] {processor.py:914} INFO - Processing file /Users/rishukhurana/anaconda3/lib/python3.11/site-packages/airflow/example_dags/tutorial_taskflow_api.py for tasks to queue
[2024-12-17T18:13:21.547-0800] {logging_mixin.py:190} INFO - [2024-12-17T18:13:21.546-0800] {dagbag.py:588} INFO - Filling up the DagBag from /Users/rishukhurana/anaconda3/lib/python3.11/site-packages/airflow/example_dags/tutorial_taskflow_api.py
[2024-12-17T18:13:21.576-0800] {processor.py:925} INFO - DAG(s) 'tutorial_taskflow_api' retrieved from /Users/rishukhurana/anaconda3/lib/python3.11/site-packages/airflow/example_dags/tutorial_taskflow_api.py
[2024-12-17T18:13:21.653-0800] {logging_mixin.py:190} INFO - [2024-12-17T18:13:21.653-0800] {dag.py:3239} INFO - Sync 1 DAGs
[2024-12-17T18:13:21.661-0800] {logging_mixin.py:190} INFO - [2024-12-17T18:13:21.661-0800] {dag.py:4180} INFO - Setting next_dagrun for tutorial_taskflow_api to None, run_after=None
[2024-12-17T18:13:21.681-0800] {processor.py:208} INFO - Processing /Users/rishukhurana/anaconda3/lib/python3.11/site-packages/airflow/example_dags/tutorial_taskflow_api.py took 0.145 seconds
[2024-12-18T02:54:52.821-0800] {processor.py:186} INFO - Started process (PID=49492) to work on /Users/rishukhurana/anaconda3/lib/python3.11/site-packages/airflow/example_dags/tutorial_taskflow_api.py
[2024-12-18T02:54:52.823-0800] {processor.py:914} INFO - Processing file /Users/rishukhurana/anaconda3/lib/python3.11/site-packages/airflow/example_dags/tutorial_taskflow_api.py for tasks to queue
[2024-12-18T02:54:52.824-0800] {logging_mixin.py:190} INFO - [2024-12-18T02:54:52.824-0800] {dagbag.py:588} INFO - Filling up the DagBag from /Users/rishukhurana/anaconda3/lib/python3.11/site-packages/airflow/example_dags/tutorial_taskflow_api.py
[2024-12-18T02:54:52.861-0800] {processor.py:925} INFO - DAG(s) 'tutorial_taskflow_api' retrieved from /Users/rishukhurana/anaconda3/lib/python3.11/site-packages/airflow/example_dags/tutorial_taskflow_api.py
[2024-12-18T02:54:52.987-0800] {logging_mixin.py:190} INFO - [2024-12-18T02:54:52.987-0800] {dag.py:3239} INFO - Sync 1 DAGs
[2024-12-18T02:54:52.999-0800] {logging_mixin.py:190} INFO - [2024-12-18T02:54:52.999-0800] {dag.py:4180} INFO - Setting next_dagrun for tutorial_taskflow_api to None, run_after=None
[2024-12-18T02:54:53.022-0800] {processor.py:208} INFO - Processing /Users/rishukhurana/anaconda3/lib/python3.11/site-packages/airflow/example_dags/tutorial_taskflow_api.py took 0.206 seconds
[2024-12-18T03:01:14.181-0800] {processor.py:186} INFO - Started process (PID=49730) to work on /Users/rishukhurana/anaconda3/lib/python3.11/site-packages/airflow/example_dags/tutorial_taskflow_api.py
[2024-12-18T03:01:14.184-0800] {processor.py:914} INFO - Processing file /Users/rishukhurana/anaconda3/lib/python3.11/site-packages/airflow/example_dags/tutorial_taskflow_api.py for tasks to queue
[2024-12-18T03:01:14.187-0800] {logging_mixin.py:190} INFO - [2024-12-18T03:01:14.187-0800] {dagbag.py:588} INFO - Filling up the DagBag from /Users/rishukhurana/anaconda3/lib/python3.11/site-packages/airflow/example_dags/tutorial_taskflow_api.py
[2024-12-18T03:01:14.243-0800] {processor.py:925} INFO - DAG(s) 'tutorial_taskflow_api' retrieved from /Users/rishukhurana/anaconda3/lib/python3.11/site-packages/airflow/example_dags/tutorial_taskflow_api.py
[2024-12-18T03:01:14.394-0800] {logging_mixin.py:190} INFO - [2024-12-18T03:01:14.393-0800] {dag.py:3239} INFO - Sync 1 DAGs
[2024-12-18T03:01:14.410-0800] {logging_mixin.py:190} INFO - [2024-12-18T03:01:14.410-0800] {dag.py:4180} INFO - Setting next_dagrun for tutorial_taskflow_api to None, run_after=None
[2024-12-18T03:01:14.438-0800] {processor.py:208} INFO - Processing /Users/rishukhurana/anaconda3/lib/python3.11/site-packages/airflow/example_dags/tutorial_taskflow_api.py took 0.264 seconds
[2024-12-18T03:06:36.505-0800] {processor.py:186} INFO - Started process (PID=49919) to work on /Users/rishukhurana/anaconda3/lib/python3.11/site-packages/airflow/example_dags/tutorial_taskflow_api.py
[2024-12-18T03:06:36.508-0800] {processor.py:914} INFO - Processing file /Users/rishukhurana/anaconda3/lib/python3.11/site-packages/airflow/example_dags/tutorial_taskflow_api.py for tasks to queue
[2024-12-18T03:06:36.511-0800] {logging_mixin.py:190} INFO - [2024-12-18T03:06:36.511-0800] {dagbag.py:588} INFO - Filling up the DagBag from /Users/rishukhurana/anaconda3/lib/python3.11/site-packages/airflow/example_dags/tutorial_taskflow_api.py
[2024-12-18T03:06:36.573-0800] {processor.py:925} INFO - DAG(s) 'tutorial_taskflow_api' retrieved from /Users/rishukhurana/anaconda3/lib/python3.11/site-packages/airflow/example_dags/tutorial_taskflow_api.py
[2024-12-18T03:06:36.739-0800] {logging_mixin.py:190} INFO - [2024-12-18T03:06:36.739-0800] {dag.py:3239} INFO - Sync 1 DAGs
[2024-12-18T03:06:36.756-0800] {logging_mixin.py:190} INFO - [2024-12-18T03:06:36.755-0800] {dag.py:4180} INFO - Setting next_dagrun for tutorial_taskflow_api to None, run_after=None
[2024-12-18T03:06:36.784-0800] {processor.py:208} INFO - Processing /Users/rishukhurana/anaconda3/lib/python3.11/site-packages/airflow/example_dags/tutorial_taskflow_api.py took 0.289 seconds
[2024-12-18T03:11:54.047-0800] {processor.py:186} INFO - Started process (PID=50116) to work on /Users/rishukhurana/anaconda3/lib/python3.11/site-packages/airflow/example_dags/tutorial_taskflow_api.py
[2024-12-18T03:11:54.050-0800] {processor.py:914} INFO - Processing file /Users/rishukhurana/anaconda3/lib/python3.11/site-packages/airflow/example_dags/tutorial_taskflow_api.py for tasks to queue
[2024-12-18T03:11:54.052-0800] {logging_mixin.py:190} INFO - [2024-12-18T03:11:54.052-0800] {dagbag.py:588} INFO - Filling up the DagBag from /Users/rishukhurana/anaconda3/lib/python3.11/site-packages/airflow/example_dags/tutorial_taskflow_api.py
[2024-12-18T03:11:54.108-0800] {processor.py:925} INFO - DAG(s) 'tutorial_taskflow_api' retrieved from /Users/rishukhurana/anaconda3/lib/python3.11/site-packages/airflow/example_dags/tutorial_taskflow_api.py
[2024-12-18T03:11:54.259-0800] {logging_mixin.py:190} INFO - [2024-12-18T03:11:54.258-0800] {dag.py:3239} INFO - Sync 1 DAGs
[2024-12-18T03:11:54.275-0800] {logging_mixin.py:190} INFO - [2024-12-18T03:11:54.275-0800] {dag.py:4180} INFO - Setting next_dagrun for tutorial_taskflow_api to None, run_after=None
[2024-12-18T03:11:54.304-0800] {processor.py:208} INFO - Processing /Users/rishukhurana/anaconda3/lib/python3.11/site-packages/airflow/example_dags/tutorial_taskflow_api.py took 0.268 seconds
[2024-12-18T03:16:15.723-0800] {processor.py:186} INFO - Started process (PID=50306) to work on /Users/rishukhurana/anaconda3/lib/python3.11/site-packages/airflow/example_dags/tutorial_taskflow_api.py
[2024-12-18T03:16:15.725-0800] {processor.py:914} INFO - Processing file /Users/rishukhurana/anaconda3/lib/python3.11/site-packages/airflow/example_dags/tutorial_taskflow_api.py for tasks to queue
[2024-12-18T03:16:15.726-0800] {logging_mixin.py:190} INFO - [2024-12-18T03:16:15.726-0800] {dagbag.py:588} INFO - Filling up the DagBag from /Users/rishukhurana/anaconda3/lib/python3.11/site-packages/airflow/example_dags/tutorial_taskflow_api.py
[2024-12-18T03:16:15.757-0800] {processor.py:925} INFO - DAG(s) 'tutorial_taskflow_api' retrieved from /Users/rishukhurana/anaconda3/lib/python3.11/site-packages/airflow/example_dags/tutorial_taskflow_api.py
[2024-12-18T03:16:15.837-0800] {logging_mixin.py:190} INFO - [2024-12-18T03:16:15.837-0800] {dag.py:3239} INFO - Sync 1 DAGs
[2024-12-18T03:16:15.846-0800] {logging_mixin.py:190} INFO - [2024-12-18T03:16:15.846-0800] {dag.py:4180} INFO - Setting next_dagrun for tutorial_taskflow_api to None, run_after=None
[2024-12-18T03:16:15.860-0800] {processor.py:208} INFO - Processing /Users/rishukhurana/anaconda3/lib/python3.11/site-packages/airflow/example_dags/tutorial_taskflow_api.py took 0.144 seconds
[2024-12-18T03:19:27.470-0800] {processor.py:186} INFO - Started process (PID=50458) to work on /Users/rishukhurana/anaconda3/lib/python3.11/site-packages/airflow/example_dags/tutorial_taskflow_api.py
[2024-12-18T03:19:27.473-0800] {processor.py:914} INFO - Processing file /Users/rishukhurana/anaconda3/lib/python3.11/site-packages/airflow/example_dags/tutorial_taskflow_api.py for tasks to queue
[2024-12-18T03:19:27.474-0800] {logging_mixin.py:190} INFO - [2024-12-18T03:19:27.474-0800] {dagbag.py:588} INFO - Filling up the DagBag from /Users/rishukhurana/anaconda3/lib/python3.11/site-packages/airflow/example_dags/tutorial_taskflow_api.py
[2024-12-18T03:19:27.524-0800] {processor.py:925} INFO - DAG(s) 'tutorial_taskflow_api' retrieved from /Users/rishukhurana/anaconda3/lib/python3.11/site-packages/airflow/example_dags/tutorial_taskflow_api.py
[2024-12-18T03:19:27.605-0800] {logging_mixin.py:190} INFO - [2024-12-18T03:19:27.604-0800] {dag.py:3239} INFO - Sync 1 DAGs
[2024-12-18T03:19:27.613-0800] {logging_mixin.py:190} INFO - [2024-12-18T03:19:27.613-0800] {dag.py:4180} INFO - Setting next_dagrun for tutorial_taskflow_api to None, run_after=None
[2024-12-18T03:19:27.628-0800] {processor.py:208} INFO - Processing /Users/rishukhurana/anaconda3/lib/python3.11/site-packages/airflow/example_dags/tutorial_taskflow_api.py took 0.163 seconds
[2024-12-18T03:22:34.584-0800] {processor.py:186} INFO - Started process (PID=50638) to work on /Users/rishukhurana/anaconda3/lib/python3.11/site-packages/airflow/example_dags/tutorial_taskflow_api.py
[2024-12-18T03:22:34.585-0800] {processor.py:914} INFO - Processing file /Users/rishukhurana/anaconda3/lib/python3.11/site-packages/airflow/example_dags/tutorial_taskflow_api.py for tasks to queue
[2024-12-18T03:22:34.587-0800] {logging_mixin.py:190} INFO - [2024-12-18T03:22:34.587-0800] {dagbag.py:588} INFO - Filling up the DagBag from /Users/rishukhurana/anaconda3/lib/python3.11/site-packages/airflow/example_dags/tutorial_taskflow_api.py
[2024-12-18T03:22:34.621-0800] {processor.py:925} INFO - DAG(s) 'tutorial_taskflow_api' retrieved from /Users/rishukhurana/anaconda3/lib/python3.11/site-packages/airflow/example_dags/tutorial_taskflow_api.py
[2024-12-18T03:22:34.706-0800] {logging_mixin.py:190} INFO - [2024-12-18T03:22:34.705-0800] {dag.py:3239} INFO - Sync 1 DAGs
[2024-12-18T03:22:34.715-0800] {logging_mixin.py:190} INFO - [2024-12-18T03:22:34.715-0800] {dag.py:4180} INFO - Setting next_dagrun for tutorial_taskflow_api to None, run_after=None
[2024-12-18T03:22:34.733-0800] {processor.py:208} INFO - Processing /Users/rishukhurana/anaconda3/lib/python3.11/site-packages/airflow/example_dags/tutorial_taskflow_api.py took 0.156 seconds
[2024-12-18T03:25:39.610-0800] {processor.py:186} INFO - Started process (PID=50787) to work on /Users/rishukhurana/anaconda3/lib/python3.11/site-packages/airflow/example_dags/tutorial_taskflow_api.py
[2024-12-18T03:25:39.613-0800] {processor.py:914} INFO - Processing file /Users/rishukhurana/anaconda3/lib/python3.11/site-packages/airflow/example_dags/tutorial_taskflow_api.py for tasks to queue
[2024-12-18T03:25:39.614-0800] {logging_mixin.py:190} INFO - [2024-12-18T03:25:39.614-0800] {dagbag.py:588} INFO - Filling up the DagBag from /Users/rishukhurana/anaconda3/lib/python3.11/site-packages/airflow/example_dags/tutorial_taskflow_api.py
[2024-12-18T03:25:39.644-0800] {processor.py:925} INFO - DAG(s) 'tutorial_taskflow_api' retrieved from /Users/rishukhurana/anaconda3/lib/python3.11/site-packages/airflow/example_dags/tutorial_taskflow_api.py
[2024-12-18T03:25:39.725-0800] {logging_mixin.py:190} INFO - [2024-12-18T03:25:39.724-0800] {dag.py:3239} INFO - Sync 1 DAGs
[2024-12-18T03:25:39.733-0800] {logging_mixin.py:190} INFO - [2024-12-18T03:25:39.733-0800] {dag.py:4180} INFO - Setting next_dagrun for tutorial_taskflow_api to None, run_after=None
[2024-12-18T03:25:39.752-0800] {processor.py:208} INFO - Processing /Users/rishukhurana/anaconda3/lib/python3.11/site-packages/airflow/example_dags/tutorial_taskflow_api.py took 0.148 seconds
[2024-12-18T03:28:39.789-0800] {processor.py:186} INFO - Started process (PID=50931) to work on /Users/rishukhurana/anaconda3/lib/python3.11/site-packages/airflow/example_dags/tutorial_taskflow_api.py
[2024-12-18T03:28:39.791-0800] {processor.py:914} INFO - Processing file /Users/rishukhurana/anaconda3/lib/python3.11/site-packages/airflow/example_dags/tutorial_taskflow_api.py for tasks to queue
[2024-12-18T03:28:39.793-0800] {logging_mixin.py:190} INFO - [2024-12-18T03:28:39.792-0800] {dagbag.py:588} INFO - Filling up the DagBag from /Users/rishukhurana/anaconda3/lib/python3.11/site-packages/airflow/example_dags/tutorial_taskflow_api.py
[2024-12-18T03:28:39.830-0800] {processor.py:925} INFO - DAG(s) 'tutorial_taskflow_api' retrieved from /Users/rishukhurana/anaconda3/lib/python3.11/site-packages/airflow/example_dags/tutorial_taskflow_api.py
[2024-12-18T03:28:39.916-0800] {logging_mixin.py:190} INFO - [2024-12-18T03:28:39.915-0800] {dag.py:3239} INFO - Sync 1 DAGs
[2024-12-18T03:28:39.924-0800] {logging_mixin.py:190} INFO - [2024-12-18T03:28:39.924-0800] {dag.py:4180} INFO - Setting next_dagrun for tutorial_taskflow_api to None, run_after=None
[2024-12-18T03:28:39.938-0800] {processor.py:208} INFO - Processing /Users/rishukhurana/anaconda3/lib/python3.11/site-packages/airflow/example_dags/tutorial_taskflow_api.py took 0.156 seconds
[2024-12-18T03:31:40.750-0800] {processor.py:186} INFO - Started process (PID=51077) to work on /Users/rishukhurana/anaconda3/lib/python3.11/site-packages/airflow/example_dags/tutorial_taskflow_api.py
[2024-12-18T03:31:40.753-0800] {processor.py:914} INFO - Processing file /Users/rishukhurana/anaconda3/lib/python3.11/site-packages/airflow/example_dags/tutorial_taskflow_api.py for tasks to queue
[2024-12-18T03:31:40.754-0800] {logging_mixin.py:190} INFO - [2024-12-18T03:31:40.754-0800] {dagbag.py:588} INFO - Filling up the DagBag from /Users/rishukhurana/anaconda3/lib/python3.11/site-packages/airflow/example_dags/tutorial_taskflow_api.py
[2024-12-18T03:31:40.784-0800] {processor.py:925} INFO - DAG(s) 'tutorial_taskflow_api' retrieved from /Users/rishukhurana/anaconda3/lib/python3.11/site-packages/airflow/example_dags/tutorial_taskflow_api.py
[2024-12-18T03:31:40.861-0800] {logging_mixin.py:190} INFO - [2024-12-18T03:31:40.861-0800] {dag.py:3239} INFO - Sync 1 DAGs
[2024-12-18T03:31:40.870-0800] {logging_mixin.py:190} INFO - [2024-12-18T03:31:40.869-0800] {dag.py:4180} INFO - Setting next_dagrun for tutorial_taskflow_api to None, run_after=None
[2024-12-18T03:31:40.890-0800] {processor.py:208} INFO - Processing /Users/rishukhurana/anaconda3/lib/python3.11/site-packages/airflow/example_dags/tutorial_taskflow_api.py took 0.146 seconds
[2024-12-18T03:35:04.785-0800] {processor.py:186} INFO - Started process (PID=51383) to work on /Users/rishukhurana/anaconda3/lib/python3.11/site-packages/airflow/example_dags/tutorial_taskflow_api.py
[2024-12-18T03:35:04.786-0800] {processor.py:914} INFO - Processing file /Users/rishukhurana/anaconda3/lib/python3.11/site-packages/airflow/example_dags/tutorial_taskflow_api.py for tasks to queue
[2024-12-18T03:35:04.788-0800] {logging_mixin.py:190} INFO - [2024-12-18T03:35:04.788-0800] {dagbag.py:588} INFO - Filling up the DagBag from /Users/rishukhurana/anaconda3/lib/python3.11/site-packages/airflow/example_dags/tutorial_taskflow_api.py
[2024-12-18T03:35:04.822-0800] {processor.py:925} INFO - DAG(s) 'tutorial_taskflow_api' retrieved from /Users/rishukhurana/anaconda3/lib/python3.11/site-packages/airflow/example_dags/tutorial_taskflow_api.py
[2024-12-18T03:35:04.907-0800] {logging_mixin.py:190} INFO - [2024-12-18T03:35:04.906-0800] {dag.py:3239} INFO - Sync 1 DAGs
[2024-12-18T03:35:04.915-0800] {logging_mixin.py:190} INFO - [2024-12-18T03:35:04.915-0800] {dag.py:4180} INFO - Setting next_dagrun for tutorial_taskflow_api to None, run_after=None
[2024-12-18T03:35:04.932-0800] {processor.py:208} INFO - Processing /Users/rishukhurana/anaconda3/lib/python3.11/site-packages/airflow/example_dags/tutorial_taskflow_api.py took 0.154 seconds
[2024-12-18T03:38:11.833-0800] {processor.py:186} INFO - Started process (PID=51537) to work on /Users/rishukhurana/anaconda3/lib/python3.11/site-packages/airflow/example_dags/tutorial_taskflow_api.py
[2024-12-18T03:38:11.835-0800] {processor.py:914} INFO - Processing file /Users/rishukhurana/anaconda3/lib/python3.11/site-packages/airflow/example_dags/tutorial_taskflow_api.py for tasks to queue
[2024-12-18T03:38:11.837-0800] {logging_mixin.py:190} INFO - [2024-12-18T03:38:11.837-0800] {dagbag.py:588} INFO - Filling up the DagBag from /Users/rishukhurana/anaconda3/lib/python3.11/site-packages/airflow/example_dags/tutorial_taskflow_api.py
[2024-12-18T03:38:11.869-0800] {processor.py:925} INFO - DAG(s) 'tutorial_taskflow_api' retrieved from /Users/rishukhurana/anaconda3/lib/python3.11/site-packages/airflow/example_dags/tutorial_taskflow_api.py
[2024-12-18T03:38:11.948-0800] {logging_mixin.py:190} INFO - [2024-12-18T03:38:11.947-0800] {dag.py:3239} INFO - Sync 1 DAGs
[2024-12-18T03:38:11.956-0800] {logging_mixin.py:190} INFO - [2024-12-18T03:38:11.956-0800] {dag.py:4180} INFO - Setting next_dagrun for tutorial_taskflow_api to None, run_after=None
[2024-12-18T03:38:11.978-0800] {processor.py:208} INFO - Processing /Users/rishukhurana/anaconda3/lib/python3.11/site-packages/airflow/example_dags/tutorial_taskflow_api.py took 0.151 seconds
[2024-12-18T03:41:12.353-0800] {processor.py:186} INFO - Started process (PID=51682) to work on /Users/rishukhurana/anaconda3/lib/python3.11/site-packages/airflow/example_dags/tutorial_taskflow_api.py
[2024-12-18T03:41:12.355-0800] {processor.py:914} INFO - Processing file /Users/rishukhurana/anaconda3/lib/python3.11/site-packages/airflow/example_dags/tutorial_taskflow_api.py for tasks to queue
[2024-12-18T03:41:12.356-0800] {logging_mixin.py:190} INFO - [2024-12-18T03:41:12.356-0800] {dagbag.py:588} INFO - Filling up the DagBag from /Users/rishukhurana/anaconda3/lib/python3.11/site-packages/airflow/example_dags/tutorial_taskflow_api.py
[2024-12-18T03:41:12.388-0800] {processor.py:925} INFO - DAG(s) 'tutorial_taskflow_api' retrieved from /Users/rishukhurana/anaconda3/lib/python3.11/site-packages/airflow/example_dags/tutorial_taskflow_api.py
[2024-12-18T03:41:12.470-0800] {logging_mixin.py:190} INFO - [2024-12-18T03:41:12.470-0800] {dag.py:3239} INFO - Sync 1 DAGs
[2024-12-18T03:41:12.479-0800] {logging_mixin.py:190} INFO - [2024-12-18T03:41:12.478-0800] {dag.py:4180} INFO - Setting next_dagrun for tutorial_taskflow_api to None, run_after=None
[2024-12-18T03:41:12.493-0800] {processor.py:208} INFO - Processing /Users/rishukhurana/anaconda3/lib/python3.11/site-packages/airflow/example_dags/tutorial_taskflow_api.py took 0.148 seconds
[2024-12-18T03:44:07.665-0800] {processor.py:186} INFO - Started process (PID=51835) to work on /Users/rishukhurana/anaconda3/lib/python3.11/site-packages/airflow/example_dags/tutorial_taskflow_api.py
[2024-12-18T03:44:07.667-0800] {processor.py:914} INFO - Processing file /Users/rishukhurana/anaconda3/lib/python3.11/site-packages/airflow/example_dags/tutorial_taskflow_api.py for tasks to queue
[2024-12-18T03:44:07.668-0800] {logging_mixin.py:190} INFO - [2024-12-18T03:44:07.668-0800] {dagbag.py:588} INFO - Filling up the DagBag from /Users/rishukhurana/anaconda3/lib/python3.11/site-packages/airflow/example_dags/tutorial_taskflow_api.py
[2024-12-18T03:44:07.702-0800] {processor.py:925} INFO - DAG(s) 'tutorial_taskflow_api' retrieved from /Users/rishukhurana/anaconda3/lib/python3.11/site-packages/airflow/example_dags/tutorial_taskflow_api.py
[2024-12-18T03:44:07.793-0800] {logging_mixin.py:190} INFO - [2024-12-18T03:44:07.793-0800] {dag.py:3239} INFO - Sync 1 DAGs
[2024-12-18T03:44:07.802-0800] {logging_mixin.py:190} INFO - [2024-12-18T03:44:07.801-0800] {dag.py:4180} INFO - Setting next_dagrun for tutorial_taskflow_api to None, run_after=None
[2024-12-18T03:44:07.817-0800] {processor.py:208} INFO - Processing /Users/rishukhurana/anaconda3/lib/python3.11/site-packages/airflow/example_dags/tutorial_taskflow_api.py took 0.158 seconds
[2024-12-18T03:46:59.682-0800] {processor.py:186} INFO - Started process (PID=51976) to work on /Users/rishukhurana/anaconda3/lib/python3.11/site-packages/airflow/example_dags/tutorial_taskflow_api.py
[2024-12-18T03:46:59.684-0800] {processor.py:914} INFO - Processing file /Users/rishukhurana/anaconda3/lib/python3.11/site-packages/airflow/example_dags/tutorial_taskflow_api.py for tasks to queue
[2024-12-18T03:46:59.686-0800] {logging_mixin.py:190} INFO - [2024-12-18T03:46:59.685-0800] {dagbag.py:588} INFO - Filling up the DagBag from /Users/rishukhurana/anaconda3/lib/python3.11/site-packages/airflow/example_dags/tutorial_taskflow_api.py
[2024-12-18T03:46:59.722-0800] {processor.py:925} INFO - DAG(s) 'tutorial_taskflow_api' retrieved from /Users/rishukhurana/anaconda3/lib/python3.11/site-packages/airflow/example_dags/tutorial_taskflow_api.py
[2024-12-18T03:46:59.806-0800] {logging_mixin.py:190} INFO - [2024-12-18T03:46:59.806-0800] {dag.py:3239} INFO - Sync 1 DAGs
[2024-12-18T03:46:59.815-0800] {logging_mixin.py:190} INFO - [2024-12-18T03:46:59.814-0800] {dag.py:4180} INFO - Setting next_dagrun for tutorial_taskflow_api to None, run_after=None
[2024-12-18T03:46:59.831-0800] {processor.py:208} INFO - Processing /Users/rishukhurana/anaconda3/lib/python3.11/site-packages/airflow/example_dags/tutorial_taskflow_api.py took 0.156 seconds
[2024-12-18T03:50:01.029-0800] {processor.py:186} INFO - Started process (PID=52141) to work on /Users/rishukhurana/anaconda3/lib/python3.11/site-packages/airflow/example_dags/tutorial_taskflow_api.py
[2024-12-18T03:50:01.032-0800] {processor.py:914} INFO - Processing file /Users/rishukhurana/anaconda3/lib/python3.11/site-packages/airflow/example_dags/tutorial_taskflow_api.py for tasks to queue
[2024-12-18T03:50:01.033-0800] {logging_mixin.py:190} INFO - [2024-12-18T03:50:01.033-0800] {dagbag.py:588} INFO - Filling up the DagBag from /Users/rishukhurana/anaconda3/lib/python3.11/site-packages/airflow/example_dags/tutorial_taskflow_api.py
[2024-12-18T03:50:01.065-0800] {processor.py:925} INFO - DAG(s) 'tutorial_taskflow_api' retrieved from /Users/rishukhurana/anaconda3/lib/python3.11/site-packages/airflow/example_dags/tutorial_taskflow_api.py
[2024-12-18T03:50:01.148-0800] {logging_mixin.py:190} INFO - [2024-12-18T03:50:01.148-0800] {dag.py:3239} INFO - Sync 1 DAGs
[2024-12-18T03:50:01.157-0800] {logging_mixin.py:190} INFO - [2024-12-18T03:50:01.156-0800] {dag.py:4180} INFO - Setting next_dagrun for tutorial_taskflow_api to None, run_after=None
[2024-12-18T03:50:01.172-0800] {processor.py:208} INFO - Processing /Users/rishukhurana/anaconda3/lib/python3.11/site-packages/airflow/example_dags/tutorial_taskflow_api.py took 0.149 seconds
[2024-12-18T03:52:58.042-0800] {processor.py:186} INFO - Started process (PID=52302) to work on /Users/rishukhurana/anaconda3/lib/python3.11/site-packages/airflow/example_dags/tutorial_taskflow_api.py
[2024-12-18T03:52:58.045-0800] {processor.py:914} INFO - Processing file /Users/rishukhurana/anaconda3/lib/python3.11/site-packages/airflow/example_dags/tutorial_taskflow_api.py for tasks to queue
[2024-12-18T03:52:58.046-0800] {logging_mixin.py:190} INFO - [2024-12-18T03:52:58.046-0800] {dagbag.py:588} INFO - Filling up the DagBag from /Users/rishukhurana/anaconda3/lib/python3.11/site-packages/airflow/example_dags/tutorial_taskflow_api.py
[2024-12-18T03:52:58.090-0800] {processor.py:925} INFO - DAG(s) 'tutorial_taskflow_api' retrieved from /Users/rishukhurana/anaconda3/lib/python3.11/site-packages/airflow/example_dags/tutorial_taskflow_api.py
[2024-12-18T03:52:58.183-0800] {logging_mixin.py:190} INFO - [2024-12-18T03:52:58.182-0800] {dag.py:3239} INFO - Sync 1 DAGs
[2024-12-18T03:52:58.193-0800] {logging_mixin.py:190} INFO - [2024-12-18T03:52:58.192-0800] {dag.py:4180} INFO - Setting next_dagrun for tutorial_taskflow_api to None, run_after=None
[2024-12-18T03:52:58.209-0800] {processor.py:208} INFO - Processing /Users/rishukhurana/anaconda3/lib/python3.11/site-packages/airflow/example_dags/tutorial_taskflow_api.py took 0.173 seconds
[2024-12-18T03:56:15.576-0800] {processor.py:186} INFO - Started process (PID=52463) to work on /Users/rishukhurana/anaconda3/lib/python3.11/site-packages/airflow/example_dags/tutorial_taskflow_api.py
[2024-12-18T03:56:15.579-0800] {processor.py:914} INFO - Processing file /Users/rishukhurana/anaconda3/lib/python3.11/site-packages/airflow/example_dags/tutorial_taskflow_api.py for tasks to queue
[2024-12-18T03:56:15.580-0800] {logging_mixin.py:190} INFO - [2024-12-18T03:56:15.580-0800] {dagbag.py:588} INFO - Filling up the DagBag from /Users/rishukhurana/anaconda3/lib/python3.11/site-packages/airflow/example_dags/tutorial_taskflow_api.py
[2024-12-18T03:56:15.620-0800] {processor.py:925} INFO - DAG(s) 'tutorial_taskflow_api' retrieved from /Users/rishukhurana/anaconda3/lib/python3.11/site-packages/airflow/example_dags/tutorial_taskflow_api.py
[2024-12-18T03:56:15.722-0800] {logging_mixin.py:190} INFO - [2024-12-18T03:56:15.721-0800] {dag.py:3239} INFO - Sync 1 DAGs
[2024-12-18T03:56:15.735-0800] {logging_mixin.py:190} INFO - [2024-12-18T03:56:15.735-0800] {dag.py:4180} INFO - Setting next_dagrun for tutorial_taskflow_api to None, run_after=None
[2024-12-18T03:56:15.753-0800] {processor.py:208} INFO - Processing /Users/rishukhurana/anaconda3/lib/python3.11/site-packages/airflow/example_dags/tutorial_taskflow_api.py took 0.184 seconds
[2024-12-18T03:59:29.738-0800] {processor.py:186} INFO - Started process (PID=52631) to work on /Users/rishukhurana/anaconda3/lib/python3.11/site-packages/airflow/example_dags/tutorial_taskflow_api.py
[2024-12-18T03:59:29.740-0800] {processor.py:914} INFO - Processing file /Users/rishukhurana/anaconda3/lib/python3.11/site-packages/airflow/example_dags/tutorial_taskflow_api.py for tasks to queue
[2024-12-18T03:59:29.741-0800] {logging_mixin.py:190} INFO - [2024-12-18T03:59:29.741-0800] {dagbag.py:588} INFO - Filling up the DagBag from /Users/rishukhurana/anaconda3/lib/python3.11/site-packages/airflow/example_dags/tutorial_taskflow_api.py
[2024-12-18T03:59:29.773-0800] {processor.py:925} INFO - DAG(s) 'tutorial_taskflow_api' retrieved from /Users/rishukhurana/anaconda3/lib/python3.11/site-packages/airflow/example_dags/tutorial_taskflow_api.py
[2024-12-18T03:59:29.849-0800] {logging_mixin.py:190} INFO - [2024-12-18T03:59:29.848-0800] {dag.py:3239} INFO - Sync 1 DAGs
[2024-12-18T03:59:29.858-0800] {logging_mixin.py:190} INFO - [2024-12-18T03:59:29.857-0800] {dag.py:4180} INFO - Setting next_dagrun for tutorial_taskflow_api to None, run_after=None
[2024-12-18T03:59:29.873-0800] {processor.py:208} INFO - Processing /Users/rishukhurana/anaconda3/lib/python3.11/site-packages/airflow/example_dags/tutorial_taskflow_api.py took 0.141 seconds
[2024-12-18T04:02:26.570-0800] {processor.py:186} INFO - Started process (PID=52778) to work on /Users/rishukhurana/anaconda3/lib/python3.11/site-packages/airflow/example_dags/tutorial_taskflow_api.py
[2024-12-18T04:02:26.571-0800] {processor.py:914} INFO - Processing file /Users/rishukhurana/anaconda3/lib/python3.11/site-packages/airflow/example_dags/tutorial_taskflow_api.py for tasks to queue
[2024-12-18T04:02:26.573-0800] {logging_mixin.py:190} INFO - [2024-12-18T04:02:26.572-0800] {dagbag.py:588} INFO - Filling up the DagBag from /Users/rishukhurana/anaconda3/lib/python3.11/site-packages/airflow/example_dags/tutorial_taskflow_api.py
[2024-12-18T04:02:26.603-0800] {processor.py:925} INFO - DAG(s) 'tutorial_taskflow_api' retrieved from /Users/rishukhurana/anaconda3/lib/python3.11/site-packages/airflow/example_dags/tutorial_taskflow_api.py
[2024-12-18T04:02:26.683-0800] {logging_mixin.py:190} INFO - [2024-12-18T04:02:26.682-0800] {dag.py:3239} INFO - Sync 1 DAGs
[2024-12-18T04:02:26.691-0800] {logging_mixin.py:190} INFO - [2024-12-18T04:02:26.691-0800] {dag.py:4180} INFO - Setting next_dagrun for tutorial_taskflow_api to None, run_after=None
[2024-12-18T04:02:26.706-0800] {processor.py:208} INFO - Processing /Users/rishukhurana/anaconda3/lib/python3.11/site-packages/airflow/example_dags/tutorial_taskflow_api.py took 0.143 seconds
[2024-12-18T04:05:27.516-0800] {processor.py:186} INFO - Started process (PID=53001) to work on /Users/rishukhurana/anaconda3/lib/python3.11/site-packages/airflow/example_dags/tutorial_taskflow_api.py
[2024-12-18T04:05:27.518-0800] {processor.py:914} INFO - Processing file /Users/rishukhurana/anaconda3/lib/python3.11/site-packages/airflow/example_dags/tutorial_taskflow_api.py for tasks to queue
[2024-12-18T04:05:27.519-0800] {logging_mixin.py:190} INFO - [2024-12-18T04:05:27.519-0800] {dagbag.py:588} INFO - Filling up the DagBag from /Users/rishukhurana/anaconda3/lib/python3.11/site-packages/airflow/example_dags/tutorial_taskflow_api.py
[2024-12-18T04:05:27.553-0800] {processor.py:925} INFO - DAG(s) 'tutorial_taskflow_api' retrieved from /Users/rishukhurana/anaconda3/lib/python3.11/site-packages/airflow/example_dags/tutorial_taskflow_api.py
[2024-12-18T04:05:27.645-0800] {logging_mixin.py:190} INFO - [2024-12-18T04:05:27.645-0800] {dag.py:3239} INFO - Sync 1 DAGs
[2024-12-18T04:05:27.655-0800] {logging_mixin.py:190} INFO - [2024-12-18T04:05:27.654-0800] {dag.py:4180} INFO - Setting next_dagrun for tutorial_taskflow_api to None, run_after=None
[2024-12-18T04:05:27.669-0800] {processor.py:208} INFO - Processing /Users/rishukhurana/anaconda3/lib/python3.11/site-packages/airflow/example_dags/tutorial_taskflow_api.py took 0.158 seconds
[2024-12-18T04:08:28.951-0800] {processor.py:186} INFO - Started process (PID=53171) to work on /Users/rishukhurana/anaconda3/lib/python3.11/site-packages/airflow/example_dags/tutorial_taskflow_api.py
[2024-12-18T04:08:28.953-0800] {processor.py:914} INFO - Processing file /Users/rishukhurana/anaconda3/lib/python3.11/site-packages/airflow/example_dags/tutorial_taskflow_api.py for tasks to queue
[2024-12-18T04:08:28.954-0800] {logging_mixin.py:190} INFO - [2024-12-18T04:08:28.954-0800] {dagbag.py:588} INFO - Filling up the DagBag from /Users/rishukhurana/anaconda3/lib/python3.11/site-packages/airflow/example_dags/tutorial_taskflow_api.py
[2024-12-18T04:08:28.985-0800] {processor.py:925} INFO - DAG(s) 'tutorial_taskflow_api' retrieved from /Users/rishukhurana/anaconda3/lib/python3.11/site-packages/airflow/example_dags/tutorial_taskflow_api.py
[2024-12-18T04:08:29.071-0800] {logging_mixin.py:190} INFO - [2024-12-18T04:08:29.070-0800] {dag.py:3239} INFO - Sync 1 DAGs
[2024-12-18T04:08:29.079-0800] {logging_mixin.py:190} INFO - [2024-12-18T04:08:29.079-0800] {dag.py:4180} INFO - Setting next_dagrun for tutorial_taskflow_api to None, run_after=None
[2024-12-18T04:08:29.095-0800] {processor.py:208} INFO - Processing /Users/rishukhurana/anaconda3/lib/python3.11/site-packages/airflow/example_dags/tutorial_taskflow_api.py took 0.151 seconds
[2024-12-18T04:11:32.118-0800] {processor.py:186} INFO - Started process (PID=53357) to work on /Users/rishukhurana/anaconda3/lib/python3.11/site-packages/airflow/example_dags/tutorial_taskflow_api.py
[2024-12-18T04:11:32.120-0800] {processor.py:914} INFO - Processing file /Users/rishukhurana/anaconda3/lib/python3.11/site-packages/airflow/example_dags/tutorial_taskflow_api.py for tasks to queue
[2024-12-18T04:11:32.122-0800] {logging_mixin.py:190} INFO - [2024-12-18T04:11:32.121-0800] {dagbag.py:588} INFO - Filling up the DagBag from /Users/rishukhurana/anaconda3/lib/python3.11/site-packages/airflow/example_dags/tutorial_taskflow_api.py
[2024-12-18T04:11:32.161-0800] {processor.py:925} INFO - DAG(s) 'tutorial_taskflow_api' retrieved from /Users/rishukhurana/anaconda3/lib/python3.11/site-packages/airflow/example_dags/tutorial_taskflow_api.py
[2024-12-18T04:11:32.250-0800] {logging_mixin.py:190} INFO - [2024-12-18T04:11:32.249-0800] {dag.py:3239} INFO - Sync 1 DAGs
[2024-12-18T04:11:32.259-0800] {logging_mixin.py:190} INFO - [2024-12-18T04:11:32.259-0800] {dag.py:4180} INFO - Setting next_dagrun for tutorial_taskflow_api to None, run_after=None
[2024-12-18T04:11:32.274-0800] {processor.py:208} INFO - Processing /Users/rishukhurana/anaconda3/lib/python3.11/site-packages/airflow/example_dags/tutorial_taskflow_api.py took 0.162 seconds
[2024-12-18T04:14:28.397-0800] {processor.py:186} INFO - Started process (PID=53532) to work on /Users/rishukhurana/anaconda3/lib/python3.11/site-packages/airflow/example_dags/tutorial_taskflow_api.py
[2024-12-18T04:14:28.399-0800] {processor.py:914} INFO - Processing file /Users/rishukhurana/anaconda3/lib/python3.11/site-packages/airflow/example_dags/tutorial_taskflow_api.py for tasks to queue
[2024-12-18T04:14:28.401-0800] {logging_mixin.py:190} INFO - [2024-12-18T04:14:28.400-0800] {dagbag.py:588} INFO - Filling up the DagBag from /Users/rishukhurana/anaconda3/lib/python3.11/site-packages/airflow/example_dags/tutorial_taskflow_api.py
[2024-12-18T04:14:28.431-0800] {processor.py:925} INFO - DAG(s) 'tutorial_taskflow_api' retrieved from /Users/rishukhurana/anaconda3/lib/python3.11/site-packages/airflow/example_dags/tutorial_taskflow_api.py
[2024-12-18T04:14:28.509-0800] {logging_mixin.py:190} INFO - [2024-12-18T04:14:28.508-0800] {dag.py:3239} INFO - Sync 1 DAGs
[2024-12-18T04:14:28.517-0800] {logging_mixin.py:190} INFO - [2024-12-18T04:14:28.517-0800] {dag.py:4180} INFO - Setting next_dagrun for tutorial_taskflow_api to None, run_after=None
[2024-12-18T04:14:28.532-0800] {processor.py:208} INFO - Processing /Users/rishukhurana/anaconda3/lib/python3.11/site-packages/airflow/example_dags/tutorial_taskflow_api.py took 0.141 seconds
[2024-12-18T04:17:19.866-0800] {processor.py:186} INFO - Started process (PID=53674) to work on /Users/rishukhurana/anaconda3/lib/python3.11/site-packages/airflow/example_dags/tutorial_taskflow_api.py
[2024-12-18T04:17:19.869-0800] {processor.py:914} INFO - Processing file /Users/rishukhurana/anaconda3/lib/python3.11/site-packages/airflow/example_dags/tutorial_taskflow_api.py for tasks to queue
[2024-12-18T04:17:19.870-0800] {logging_mixin.py:190} INFO - [2024-12-18T04:17:19.870-0800] {dagbag.py:588} INFO - Filling up the DagBag from /Users/rishukhurana/anaconda3/lib/python3.11/site-packages/airflow/example_dags/tutorial_taskflow_api.py
[2024-12-18T04:17:19.902-0800] {processor.py:925} INFO - DAG(s) 'tutorial_taskflow_api' retrieved from /Users/rishukhurana/anaconda3/lib/python3.11/site-packages/airflow/example_dags/tutorial_taskflow_api.py
[2024-12-18T04:17:19.980-0800] {logging_mixin.py:190} INFO - [2024-12-18T04:17:19.980-0800] {dag.py:3239} INFO - Sync 1 DAGs
[2024-12-18T04:17:19.989-0800] {logging_mixin.py:190} INFO - [2024-12-18T04:17:19.989-0800] {dag.py:4180} INFO - Setting next_dagrun for tutorial_taskflow_api to None, run_after=None
[2024-12-18T04:17:20.004-0800] {processor.py:208} INFO - Processing /Users/rishukhurana/anaconda3/lib/python3.11/site-packages/airflow/example_dags/tutorial_taskflow_api.py took 0.144 seconds
[2024-12-18T04:20:13.961-0800] {processor.py:186} INFO - Started process (PID=53816) to work on /Users/rishukhurana/anaconda3/lib/python3.11/site-packages/airflow/example_dags/tutorial_taskflow_api.py
[2024-12-18T04:20:13.964-0800] {processor.py:914} INFO - Processing file /Users/rishukhurana/anaconda3/lib/python3.11/site-packages/airflow/example_dags/tutorial_taskflow_api.py for tasks to queue
[2024-12-18T04:20:13.965-0800] {logging_mixin.py:190} INFO - [2024-12-18T04:20:13.965-0800] {dagbag.py:588} INFO - Filling up the DagBag from /Users/rishukhurana/anaconda3/lib/python3.11/site-packages/airflow/example_dags/tutorial_taskflow_api.py
[2024-12-18T04:20:13.998-0800] {processor.py:925} INFO - DAG(s) 'tutorial_taskflow_api' retrieved from /Users/rishukhurana/anaconda3/lib/python3.11/site-packages/airflow/example_dags/tutorial_taskflow_api.py
[2024-12-18T04:20:14.076-0800] {logging_mixin.py:190} INFO - [2024-12-18T04:20:14.076-0800] {dag.py:3239} INFO - Sync 1 DAGs
[2024-12-18T04:20:14.085-0800] {logging_mixin.py:190} INFO - [2024-12-18T04:20:14.085-0800] {dag.py:4180} INFO - Setting next_dagrun for tutorial_taskflow_api to None, run_after=None
[2024-12-18T04:20:14.105-0800] {processor.py:208} INFO - Processing /Users/rishukhurana/anaconda3/lib/python3.11/site-packages/airflow/example_dags/tutorial_taskflow_api.py took 0.149 seconds
[2024-12-18T04:23:07.483-0800] {processor.py:186} INFO - Started process (PID=53972) to work on /Users/rishukhurana/anaconda3/lib/python3.11/site-packages/airflow/example_dags/tutorial_taskflow_api.py
[2024-12-18T04:23:07.486-0800] {processor.py:914} INFO - Processing file /Users/rishukhurana/anaconda3/lib/python3.11/site-packages/airflow/example_dags/tutorial_taskflow_api.py for tasks to queue
[2024-12-18T04:23:07.487-0800] {logging_mixin.py:190} INFO - [2024-12-18T04:23:07.487-0800] {dagbag.py:588} INFO - Filling up the DagBag from /Users/rishukhurana/anaconda3/lib/python3.11/site-packages/airflow/example_dags/tutorial_taskflow_api.py
[2024-12-18T04:23:07.518-0800] {processor.py:925} INFO - DAG(s) 'tutorial_taskflow_api' retrieved from /Users/rishukhurana/anaconda3/lib/python3.11/site-packages/airflow/example_dags/tutorial_taskflow_api.py
[2024-12-18T04:23:07.594-0800] {logging_mixin.py:190} INFO - [2024-12-18T04:23:07.594-0800] {dag.py:3239} INFO - Sync 1 DAGs
[2024-12-18T04:23:07.603-0800] {logging_mixin.py:190} INFO - [2024-12-18T04:23:07.603-0800] {dag.py:4180} INFO - Setting next_dagrun for tutorial_taskflow_api to None, run_after=None
[2024-12-18T04:23:07.624-0800] {processor.py:208} INFO - Processing /Users/rishukhurana/anaconda3/lib/python3.11/site-packages/airflow/example_dags/tutorial_taskflow_api.py took 0.147 seconds
[2024-12-18T04:26:09.474-0800] {processor.py:186} INFO - Started process (PID=54136) to work on /Users/rishukhurana/anaconda3/lib/python3.11/site-packages/airflow/example_dags/tutorial_taskflow_api.py
[2024-12-18T04:26:09.476-0800] {processor.py:914} INFO - Processing file /Users/rishukhurana/anaconda3/lib/python3.11/site-packages/airflow/example_dags/tutorial_taskflow_api.py for tasks to queue
[2024-12-18T04:26:09.478-0800] {logging_mixin.py:190} INFO - [2024-12-18T04:26:09.478-0800] {dagbag.py:588} INFO - Filling up the DagBag from /Users/rishukhurana/anaconda3/lib/python3.11/site-packages/airflow/example_dags/tutorial_taskflow_api.py
[2024-12-18T04:26:09.521-0800] {processor.py:925} INFO - DAG(s) 'tutorial_taskflow_api' retrieved from /Users/rishukhurana/anaconda3/lib/python3.11/site-packages/airflow/example_dags/tutorial_taskflow_api.py
[2024-12-18T04:26:09.623-0800] {logging_mixin.py:190} INFO - [2024-12-18T04:26:09.623-0800] {dag.py:3239} INFO - Sync 1 DAGs
[2024-12-18T04:26:09.632-0800] {logging_mixin.py:190} INFO - [2024-12-18T04:26:09.632-0800] {dag.py:4180} INFO - Setting next_dagrun for tutorial_taskflow_api to None, run_after=None
[2024-12-18T04:26:09.651-0800] {processor.py:208} INFO - Processing /Users/rishukhurana/anaconda3/lib/python3.11/site-packages/airflow/example_dags/tutorial_taskflow_api.py took 0.181 seconds
[2024-12-18T04:29:05.941-0800] {processor.py:186} INFO - Started process (PID=54284) to work on /Users/rishukhurana/anaconda3/lib/python3.11/site-packages/airflow/example_dags/tutorial_taskflow_api.py
[2024-12-18T04:29:05.944-0800] {processor.py:914} INFO - Processing file /Users/rishukhurana/anaconda3/lib/python3.11/site-packages/airflow/example_dags/tutorial_taskflow_api.py for tasks to queue
[2024-12-18T04:29:05.945-0800] {logging_mixin.py:190} INFO - [2024-12-18T04:29:05.945-0800] {dagbag.py:588} INFO - Filling up the DagBag from /Users/rishukhurana/anaconda3/lib/python3.11/site-packages/airflow/example_dags/tutorial_taskflow_api.py
[2024-12-18T04:29:05.979-0800] {processor.py:925} INFO - DAG(s) 'tutorial_taskflow_api' retrieved from /Users/rishukhurana/anaconda3/lib/python3.11/site-packages/airflow/example_dags/tutorial_taskflow_api.py
[2024-12-18T04:29:06.070-0800] {logging_mixin.py:190} INFO - [2024-12-18T04:29:06.070-0800] {dag.py:3239} INFO - Sync 1 DAGs
[2024-12-18T04:29:06.079-0800] {logging_mixin.py:190} INFO - [2024-12-18T04:29:06.079-0800] {dag.py:4180} INFO - Setting next_dagrun for tutorial_taskflow_api to None, run_after=None
[2024-12-18T04:29:06.095-0800] {processor.py:208} INFO - Processing /Users/rishukhurana/anaconda3/lib/python3.11/site-packages/airflow/example_dags/tutorial_taskflow_api.py took 0.161 seconds
[2024-12-18T04:31:58.555-0800] {processor.py:186} INFO - Started process (PID=54428) to work on /Users/rishukhurana/anaconda3/lib/python3.11/site-packages/airflow/example_dags/tutorial_taskflow_api.py
[2024-12-18T04:31:58.556-0800] {processor.py:914} INFO - Processing file /Users/rishukhurana/anaconda3/lib/python3.11/site-packages/airflow/example_dags/tutorial_taskflow_api.py for tasks to queue
[2024-12-18T04:31:58.558-0800] {logging_mixin.py:190} INFO - [2024-12-18T04:31:58.558-0800] {dagbag.py:588} INFO - Filling up the DagBag from /Users/rishukhurana/anaconda3/lib/python3.11/site-packages/airflow/example_dags/tutorial_taskflow_api.py
[2024-12-18T04:31:58.588-0800] {processor.py:925} INFO - DAG(s) 'tutorial_taskflow_api' retrieved from /Users/rishukhurana/anaconda3/lib/python3.11/site-packages/airflow/example_dags/tutorial_taskflow_api.py
[2024-12-18T04:31:58.665-0800] {logging_mixin.py:190} INFO - [2024-12-18T04:31:58.664-0800] {dag.py:3239} INFO - Sync 1 DAGs
[2024-12-18T04:31:58.673-0800] {logging_mixin.py:190} INFO - [2024-12-18T04:31:58.673-0800] {dag.py:4180} INFO - Setting next_dagrun for tutorial_taskflow_api to None, run_after=None
[2024-12-18T04:31:58.688-0800] {processor.py:208} INFO - Processing /Users/rishukhurana/anaconda3/lib/python3.11/site-packages/airflow/example_dags/tutorial_taskflow_api.py took 0.140 seconds
[2024-12-18T04:34:51.345-0800] {processor.py:186} INFO - Started process (PID=54578) to work on /Users/rishukhurana/anaconda3/lib/python3.11/site-packages/airflow/example_dags/tutorial_taskflow_api.py
[2024-12-18T04:34:51.347-0800] {processor.py:914} INFO - Processing file /Users/rishukhurana/anaconda3/lib/python3.11/site-packages/airflow/example_dags/tutorial_taskflow_api.py for tasks to queue
[2024-12-18T04:34:51.348-0800] {logging_mixin.py:190} INFO - [2024-12-18T04:34:51.348-0800] {dagbag.py:588} INFO - Filling up the DagBag from /Users/rishukhurana/anaconda3/lib/python3.11/site-packages/airflow/example_dags/tutorial_taskflow_api.py
[2024-12-18T04:34:51.379-0800] {processor.py:925} INFO - DAG(s) 'tutorial_taskflow_api' retrieved from /Users/rishukhurana/anaconda3/lib/python3.11/site-packages/airflow/example_dags/tutorial_taskflow_api.py
[2024-12-18T04:34:51.456-0800] {logging_mixin.py:190} INFO - [2024-12-18T04:34:51.456-0800] {dag.py:3239} INFO - Sync 1 DAGs
[2024-12-18T04:34:51.465-0800] {logging_mixin.py:190} INFO - [2024-12-18T04:34:51.465-0800] {dag.py:4180} INFO - Setting next_dagrun for tutorial_taskflow_api to None, run_after=None
[2024-12-18T04:34:51.480-0800] {processor.py:208} INFO - Processing /Users/rishukhurana/anaconda3/lib/python3.11/site-packages/airflow/example_dags/tutorial_taskflow_api.py took 0.140 seconds
[2024-12-18T07:33:56.698-0800] {processor.py:186} INFO - Started process (PID=54865) to work on /Users/rishukhurana/anaconda3/lib/python3.11/site-packages/airflow/example_dags/tutorial_taskflow_api.py
[2024-12-18T07:33:56.699-0800] {processor.py:914} INFO - Processing file /Users/rishukhurana/anaconda3/lib/python3.11/site-packages/airflow/example_dags/tutorial_taskflow_api.py for tasks to queue
[2024-12-18T07:33:56.700-0800] {logging_mixin.py:190} INFO - [2024-12-18T07:33:56.700-0800] {dagbag.py:588} INFO - Filling up the DagBag from /Users/rishukhurana/anaconda3/lib/python3.11/site-packages/airflow/example_dags/tutorial_taskflow_api.py
[2024-12-18T07:33:56.741-0800] {processor.py:925} INFO - DAG(s) 'tutorial_taskflow_api' retrieved from /Users/rishukhurana/anaconda3/lib/python3.11/site-packages/airflow/example_dags/tutorial_taskflow_api.py
[2024-12-18T07:33:56.846-0800] {logging_mixin.py:190} INFO - [2024-12-18T07:33:56.846-0800] {dag.py:3239} INFO - Sync 1 DAGs
[2024-12-18T07:33:56.857-0800] {logging_mixin.py:190} INFO - [2024-12-18T07:33:56.857-0800] {dag.py:4180} INFO - Setting next_dagrun for tutorial_taskflow_api to None, run_after=None
[2024-12-18T07:33:56.874-0800] {processor.py:208} INFO - Processing /Users/rishukhurana/anaconda3/lib/python3.11/site-packages/airflow/example_dags/tutorial_taskflow_api.py took 0.183 seconds
[2024-12-18T07:37:13.164-0800] {processor.py:186} INFO - Started process (PID=55031) to work on /Users/rishukhurana/anaconda3/lib/python3.11/site-packages/airflow/example_dags/tutorial_taskflow_api.py
[2024-12-18T07:37:13.168-0800] {processor.py:914} INFO - Processing file /Users/rishukhurana/anaconda3/lib/python3.11/site-packages/airflow/example_dags/tutorial_taskflow_api.py for tasks to queue
[2024-12-18T07:37:13.169-0800] {logging_mixin.py:190} INFO - [2024-12-18T07:37:13.169-0800] {dagbag.py:588} INFO - Filling up the DagBag from /Users/rishukhurana/anaconda3/lib/python3.11/site-packages/airflow/example_dags/tutorial_taskflow_api.py
[2024-12-18T07:37:13.205-0800] {processor.py:925} INFO - DAG(s) 'tutorial_taskflow_api' retrieved from /Users/rishukhurana/anaconda3/lib/python3.11/site-packages/airflow/example_dags/tutorial_taskflow_api.py
[2024-12-18T07:37:13.287-0800] {logging_mixin.py:190} INFO - [2024-12-18T07:37:13.286-0800] {dag.py:3239} INFO - Sync 1 DAGs
[2024-12-18T07:37:13.296-0800] {logging_mixin.py:190} INFO - [2024-12-18T07:37:13.296-0800] {dag.py:4180} INFO - Setting next_dagrun for tutorial_taskflow_api to None, run_after=None
[2024-12-18T07:37:13.311-0800] {processor.py:208} INFO - Processing /Users/rishukhurana/anaconda3/lib/python3.11/site-packages/airflow/example_dags/tutorial_taskflow_api.py took 0.155 seconds
[2024-12-18T07:40:19.461-0800] {processor.py:186} INFO - Started process (PID=55178) to work on /Users/rishukhurana/anaconda3/lib/python3.11/site-packages/airflow/example_dags/tutorial_taskflow_api.py
[2024-12-18T07:40:19.463-0800] {processor.py:914} INFO - Processing file /Users/rishukhurana/anaconda3/lib/python3.11/site-packages/airflow/example_dags/tutorial_taskflow_api.py for tasks to queue
[2024-12-18T07:40:19.464-0800] {logging_mixin.py:190} INFO - [2024-12-18T07:40:19.464-0800] {dagbag.py:588} INFO - Filling up the DagBag from /Users/rishukhurana/anaconda3/lib/python3.11/site-packages/airflow/example_dags/tutorial_taskflow_api.py
[2024-12-18T07:40:19.496-0800] {processor.py:925} INFO - DAG(s) 'tutorial_taskflow_api' retrieved from /Users/rishukhurana/anaconda3/lib/python3.11/site-packages/airflow/example_dags/tutorial_taskflow_api.py
[2024-12-18T07:40:19.579-0800] {logging_mixin.py:190} INFO - [2024-12-18T07:40:19.579-0800] {dag.py:3239} INFO - Sync 1 DAGs
[2024-12-18T07:40:19.588-0800] {logging_mixin.py:190} INFO - [2024-12-18T07:40:19.588-0800] {dag.py:4180} INFO - Setting next_dagrun for tutorial_taskflow_api to None, run_after=None
[2024-12-18T07:40:19.604-0800] {processor.py:208} INFO - Processing /Users/rishukhurana/anaconda3/lib/python3.11/site-packages/airflow/example_dags/tutorial_taskflow_api.py took 0.149 seconds
[2024-12-18T07:43:21.843-0800] {processor.py:186} INFO - Started process (PID=55324) to work on /Users/rishukhurana/anaconda3/lib/python3.11/site-packages/airflow/example_dags/tutorial_taskflow_api.py
[2024-12-18T07:43:21.845-0800] {processor.py:914} INFO - Processing file /Users/rishukhurana/anaconda3/lib/python3.11/site-packages/airflow/example_dags/tutorial_taskflow_api.py for tasks to queue
[2024-12-18T07:43:21.847-0800] {logging_mixin.py:190} INFO - [2024-12-18T07:43:21.846-0800] {dagbag.py:588} INFO - Filling up the DagBag from /Users/rishukhurana/anaconda3/lib/python3.11/site-packages/airflow/example_dags/tutorial_taskflow_api.py
[2024-12-18T07:43:21.878-0800] {processor.py:925} INFO - DAG(s) 'tutorial_taskflow_api' retrieved from /Users/rishukhurana/anaconda3/lib/python3.11/site-packages/airflow/example_dags/tutorial_taskflow_api.py
[2024-12-18T07:43:21.973-0800] {logging_mixin.py:190} INFO - [2024-12-18T07:43:21.972-0800] {dag.py:3239} INFO - Sync 1 DAGs
[2024-12-18T07:43:21.982-0800] {logging_mixin.py:190} INFO - [2024-12-18T07:43:21.981-0800] {dag.py:4180} INFO - Setting next_dagrun for tutorial_taskflow_api to None, run_after=None
[2024-12-18T07:43:21.996-0800] {processor.py:208} INFO - Processing /Users/rishukhurana/anaconda3/lib/python3.11/site-packages/airflow/example_dags/tutorial_taskflow_api.py took 0.159 seconds
[2024-12-18T07:46:19.326-0800] {processor.py:186} INFO - Started process (PID=55465) to work on /Users/rishukhurana/anaconda3/lib/python3.11/site-packages/airflow/example_dags/tutorial_taskflow_api.py
[2024-12-18T07:46:19.329-0800] {processor.py:914} INFO - Processing file /Users/rishukhurana/anaconda3/lib/python3.11/site-packages/airflow/example_dags/tutorial_taskflow_api.py for tasks to queue
[2024-12-18T07:46:19.330-0800] {logging_mixin.py:190} INFO - [2024-12-18T07:46:19.330-0800] {dagbag.py:588} INFO - Filling up the DagBag from /Users/rishukhurana/anaconda3/lib/python3.11/site-packages/airflow/example_dags/tutorial_taskflow_api.py
[2024-12-18T07:46:19.361-0800] {processor.py:925} INFO - DAG(s) 'tutorial_taskflow_api' retrieved from /Users/rishukhurana/anaconda3/lib/python3.11/site-packages/airflow/example_dags/tutorial_taskflow_api.py
[2024-12-18T07:46:19.444-0800] {logging_mixin.py:190} INFO - [2024-12-18T07:46:19.444-0800] {dag.py:3239} INFO - Sync 1 DAGs
[2024-12-18T07:46:19.453-0800] {logging_mixin.py:190} INFO - [2024-12-18T07:46:19.453-0800] {dag.py:4180} INFO - Setting next_dagrun for tutorial_taskflow_api to None, run_after=None
[2024-12-18T07:46:19.468-0800] {processor.py:208} INFO - Processing /Users/rishukhurana/anaconda3/lib/python3.11/site-packages/airflow/example_dags/tutorial_taskflow_api.py took 0.149 seconds
[2024-12-18T07:49:25.957-0800] {processor.py:186} INFO - Started process (PID=55611) to work on /Users/rishukhurana/anaconda3/lib/python3.11/site-packages/airflow/example_dags/tutorial_taskflow_api.py
[2024-12-18T07:49:25.958-0800] {processor.py:914} INFO - Processing file /Users/rishukhurana/anaconda3/lib/python3.11/site-packages/airflow/example_dags/tutorial_taskflow_api.py for tasks to queue
[2024-12-18T07:49:25.960-0800] {logging_mixin.py:190} INFO - [2024-12-18T07:49:25.960-0800] {dagbag.py:588} INFO - Filling up the DagBag from /Users/rishukhurana/anaconda3/lib/python3.11/site-packages/airflow/example_dags/tutorial_taskflow_api.py
[2024-12-18T07:49:25.996-0800] {processor.py:925} INFO - DAG(s) 'tutorial_taskflow_api' retrieved from /Users/rishukhurana/anaconda3/lib/python3.11/site-packages/airflow/example_dags/tutorial_taskflow_api.py
[2024-12-18T07:49:26.097-0800] {logging_mixin.py:190} INFO - [2024-12-18T07:49:26.097-0800] {dag.py:3239} INFO - Sync 1 DAGs
[2024-12-18T07:49:26.107-0800] {logging_mixin.py:190} INFO - [2024-12-18T07:49:26.106-0800] {dag.py:4180} INFO - Setting next_dagrun for tutorial_taskflow_api to None, run_after=None
[2024-12-18T07:49:26.124-0800] {processor.py:208} INFO - Processing /Users/rishukhurana/anaconda3/lib/python3.11/site-packages/airflow/example_dags/tutorial_taskflow_api.py took 0.175 seconds
[2024-12-18T07:52:39.239-0800] {processor.py:186} INFO - Started process (PID=55757) to work on /Users/rishukhurana/anaconda3/lib/python3.11/site-packages/airflow/example_dags/tutorial_taskflow_api.py
[2024-12-18T07:52:39.241-0800] {processor.py:914} INFO - Processing file /Users/rishukhurana/anaconda3/lib/python3.11/site-packages/airflow/example_dags/tutorial_taskflow_api.py for tasks to queue
[2024-12-18T07:52:39.242-0800] {logging_mixin.py:190} INFO - [2024-12-18T07:52:39.242-0800] {dagbag.py:588} INFO - Filling up the DagBag from /Users/rishukhurana/anaconda3/lib/python3.11/site-packages/airflow/example_dags/tutorial_taskflow_api.py
[2024-12-18T07:52:39.281-0800] {processor.py:925} INFO - DAG(s) 'tutorial_taskflow_api' retrieved from /Users/rishukhurana/anaconda3/lib/python3.11/site-packages/airflow/example_dags/tutorial_taskflow_api.py
[2024-12-18T07:52:39.385-0800] {logging_mixin.py:190} INFO - [2024-12-18T07:52:39.385-0800] {dag.py:3239} INFO - Sync 1 DAGs
[2024-12-18T07:52:39.395-0800] {logging_mixin.py:190} INFO - [2024-12-18T07:52:39.395-0800] {dag.py:4180} INFO - Setting next_dagrun for tutorial_taskflow_api to None, run_after=None
[2024-12-18T07:52:39.412-0800] {processor.py:208} INFO - Processing /Users/rishukhurana/anaconda3/lib/python3.11/site-packages/airflow/example_dags/tutorial_taskflow_api.py took 0.180 seconds
[2024-12-18T07:55:45.782-0800] {processor.py:186} INFO - Started process (PID=55913) to work on /Users/rishukhurana/anaconda3/lib/python3.11/site-packages/airflow/example_dags/tutorial_taskflow_api.py
[2024-12-18T07:55:45.785-0800] {processor.py:914} INFO - Processing file /Users/rishukhurana/anaconda3/lib/python3.11/site-packages/airflow/example_dags/tutorial_taskflow_api.py for tasks to queue
[2024-12-18T07:55:45.786-0800] {logging_mixin.py:190} INFO - [2024-12-18T07:55:45.786-0800] {dagbag.py:588} INFO - Filling up the DagBag from /Users/rishukhurana/anaconda3/lib/python3.11/site-packages/airflow/example_dags/tutorial_taskflow_api.py
[2024-12-18T07:55:45.818-0800] {processor.py:925} INFO - DAG(s) 'tutorial_taskflow_api' retrieved from /Users/rishukhurana/anaconda3/lib/python3.11/site-packages/airflow/example_dags/tutorial_taskflow_api.py
[2024-12-18T07:55:45.898-0800] {logging_mixin.py:190} INFO - [2024-12-18T07:55:45.898-0800] {dag.py:3239} INFO - Sync 1 DAGs
[2024-12-18T07:55:45.907-0800] {logging_mixin.py:190} INFO - [2024-12-18T07:55:45.907-0800] {dag.py:4180} INFO - Setting next_dagrun for tutorial_taskflow_api to None, run_after=None
[2024-12-18T07:55:45.924-0800] {processor.py:208} INFO - Processing /Users/rishukhurana/anaconda3/lib/python3.11/site-packages/airflow/example_dags/tutorial_taskflow_api.py took 0.150 seconds
[2024-12-18T07:59:05.953-0800] {processor.py:186} INFO - Started process (PID=56080) to work on /Users/rishukhurana/anaconda3/lib/python3.11/site-packages/airflow/example_dags/tutorial_taskflow_api.py
[2024-12-18T07:59:05.954-0800] {processor.py:914} INFO - Processing file /Users/rishukhurana/anaconda3/lib/python3.11/site-packages/airflow/example_dags/tutorial_taskflow_api.py for tasks to queue
[2024-12-18T07:59:05.956-0800] {logging_mixin.py:190} INFO - [2024-12-18T07:59:05.955-0800] {dagbag.py:588} INFO - Filling up the DagBag from /Users/rishukhurana/anaconda3/lib/python3.11/site-packages/airflow/example_dags/tutorial_taskflow_api.py
[2024-12-18T07:59:05.991-0800] {processor.py:925} INFO - DAG(s) 'tutorial_taskflow_api' retrieved from /Users/rishukhurana/anaconda3/lib/python3.11/site-packages/airflow/example_dags/tutorial_taskflow_api.py
[2024-12-18T07:59:06.082-0800] {logging_mixin.py:190} INFO - [2024-12-18T07:59:06.081-0800] {dag.py:3239} INFO - Sync 1 DAGs
[2024-12-18T07:59:06.092-0800] {logging_mixin.py:190} INFO - [2024-12-18T07:59:06.092-0800] {dag.py:4180} INFO - Setting next_dagrun for tutorial_taskflow_api to None, run_after=None
[2024-12-18T07:59:06.110-0800] {processor.py:208} INFO - Processing /Users/rishukhurana/anaconda3/lib/python3.11/site-packages/airflow/example_dags/tutorial_taskflow_api.py took 0.162 seconds
[2024-12-18T08:02:26.219-0800] {processor.py:186} INFO - Started process (PID=56240) to work on /Users/rishukhurana/anaconda3/lib/python3.11/site-packages/airflow/example_dags/tutorial_taskflow_api.py
[2024-12-18T08:02:26.221-0800] {processor.py:914} INFO - Processing file /Users/rishukhurana/anaconda3/lib/python3.11/site-packages/airflow/example_dags/tutorial_taskflow_api.py for tasks to queue
[2024-12-18T08:02:26.223-0800] {logging_mixin.py:190} INFO - [2024-12-18T08:02:26.222-0800] {dagbag.py:588} INFO - Filling up the DagBag from /Users/rishukhurana/anaconda3/lib/python3.11/site-packages/airflow/example_dags/tutorial_taskflow_api.py
[2024-12-18T08:02:26.260-0800] {processor.py:925} INFO - DAG(s) 'tutorial_taskflow_api' retrieved from /Users/rishukhurana/anaconda3/lib/python3.11/site-packages/airflow/example_dags/tutorial_taskflow_api.py
[2024-12-18T08:02:26.355-0800] {logging_mixin.py:190} INFO - [2024-12-18T08:02:26.355-0800] {dag.py:3239} INFO - Sync 1 DAGs
[2024-12-18T08:02:26.367-0800] {logging_mixin.py:190} INFO - [2024-12-18T08:02:26.366-0800] {dag.py:4180} INFO - Setting next_dagrun for tutorial_taskflow_api to None, run_after=None
[2024-12-18T08:02:26.382-0800] {processor.py:208} INFO - Processing /Users/rishukhurana/anaconda3/lib/python3.11/site-packages/airflow/example_dags/tutorial_taskflow_api.py took 0.171 seconds
[2024-12-18T08:05:38.169-0800] {processor.py:186} INFO - Started process (PID=56416) to work on /Users/rishukhurana/anaconda3/lib/python3.11/site-packages/airflow/example_dags/tutorial_taskflow_api.py
[2024-12-18T08:05:38.172-0800] {processor.py:914} INFO - Processing file /Users/rishukhurana/anaconda3/lib/python3.11/site-packages/airflow/example_dags/tutorial_taskflow_api.py for tasks to queue
[2024-12-18T08:05:38.174-0800] {logging_mixin.py:190} INFO - [2024-12-18T08:05:38.174-0800] {dagbag.py:588} INFO - Filling up the DagBag from /Users/rishukhurana/anaconda3/lib/python3.11/site-packages/airflow/example_dags/tutorial_taskflow_api.py
[2024-12-18T08:05:38.215-0800] {processor.py:925} INFO - DAG(s) 'tutorial_taskflow_api' retrieved from /Users/rishukhurana/anaconda3/lib/python3.11/site-packages/airflow/example_dags/tutorial_taskflow_api.py
[2024-12-18T08:05:38.315-0800] {logging_mixin.py:190} INFO - [2024-12-18T08:05:38.314-0800] {dag.py:3239} INFO - Sync 1 DAGs
[2024-12-18T08:05:38.325-0800] {logging_mixin.py:190} INFO - [2024-12-18T08:05:38.324-0800] {dag.py:4180} INFO - Setting next_dagrun for tutorial_taskflow_api to None, run_after=None
[2024-12-18T08:05:38.340-0800] {processor.py:208} INFO - Processing /Users/rishukhurana/anaconda3/lib/python3.11/site-packages/airflow/example_dags/tutorial_taskflow_api.py took 0.175 seconds
[2024-12-18T08:08:48.510-0800] {processor.py:186} INFO - Started process (PID=56587) to work on /Users/rishukhurana/anaconda3/lib/python3.11/site-packages/airflow/example_dags/tutorial_taskflow_api.py
[2024-12-18T08:08:48.513-0800] {processor.py:914} INFO - Processing file /Users/rishukhurana/anaconda3/lib/python3.11/site-packages/airflow/example_dags/tutorial_taskflow_api.py for tasks to queue
[2024-12-18T08:08:48.514-0800] {logging_mixin.py:190} INFO - [2024-12-18T08:08:48.514-0800] {dagbag.py:588} INFO - Filling up the DagBag from /Users/rishukhurana/anaconda3/lib/python3.11/site-packages/airflow/example_dags/tutorial_taskflow_api.py
[2024-12-18T08:08:48.549-0800] {processor.py:925} INFO - DAG(s) 'tutorial_taskflow_api' retrieved from /Users/rishukhurana/anaconda3/lib/python3.11/site-packages/airflow/example_dags/tutorial_taskflow_api.py
[2024-12-18T08:08:48.647-0800] {logging_mixin.py:190} INFO - [2024-12-18T08:08:48.647-0800] {dag.py:3239} INFO - Sync 1 DAGs
[2024-12-18T08:08:48.657-0800] {logging_mixin.py:190} INFO - [2024-12-18T08:08:48.656-0800] {dag.py:4180} INFO - Setting next_dagrun for tutorial_taskflow_api to None, run_after=None
[2024-12-18T08:08:48.673-0800] {processor.py:208} INFO - Processing /Users/rishukhurana/anaconda3/lib/python3.11/site-packages/airflow/example_dags/tutorial_taskflow_api.py took 0.167 seconds
[2024-12-18T08:12:00.452-0800] {processor.py:186} INFO - Started process (PID=56734) to work on /Users/rishukhurana/anaconda3/lib/python3.11/site-packages/airflow/example_dags/tutorial_taskflow_api.py
[2024-12-18T08:12:00.454-0800] {processor.py:914} INFO - Processing file /Users/rishukhurana/anaconda3/lib/python3.11/site-packages/airflow/example_dags/tutorial_taskflow_api.py for tasks to queue
[2024-12-18T08:12:00.456-0800] {logging_mixin.py:190} INFO - [2024-12-18T08:12:00.456-0800] {dagbag.py:588} INFO - Filling up the DagBag from /Users/rishukhurana/anaconda3/lib/python3.11/site-packages/airflow/example_dags/tutorial_taskflow_api.py
[2024-12-18T08:12:00.493-0800] {processor.py:925} INFO - DAG(s) 'tutorial_taskflow_api' retrieved from /Users/rishukhurana/anaconda3/lib/python3.11/site-packages/airflow/example_dags/tutorial_taskflow_api.py
[2024-12-18T08:12:00.589-0800] {logging_mixin.py:190} INFO - [2024-12-18T08:12:00.588-0800] {dag.py:3239} INFO - Sync 1 DAGs
[2024-12-18T08:12:00.598-0800] {logging_mixin.py:190} INFO - [2024-12-18T08:12:00.598-0800] {dag.py:4180} INFO - Setting next_dagrun for tutorial_taskflow_api to None, run_after=None
[2024-12-18T08:12:00.615-0800] {processor.py:208} INFO - Processing /Users/rishukhurana/anaconda3/lib/python3.11/site-packages/airflow/example_dags/tutorial_taskflow_api.py took 0.170 seconds
[2024-12-18T08:15:10.521-0800] {processor.py:186} INFO - Started process (PID=56880) to work on /Users/rishukhurana/anaconda3/lib/python3.11/site-packages/airflow/example_dags/tutorial_taskflow_api.py
[2024-12-18T08:15:10.524-0800] {processor.py:914} INFO - Processing file /Users/rishukhurana/anaconda3/lib/python3.11/site-packages/airflow/example_dags/tutorial_taskflow_api.py for tasks to queue
[2024-12-18T08:15:10.525-0800] {logging_mixin.py:190} INFO - [2024-12-18T08:15:10.525-0800] {dagbag.py:588} INFO - Filling up the DagBag from /Users/rishukhurana/anaconda3/lib/python3.11/site-packages/airflow/example_dags/tutorial_taskflow_api.py
[2024-12-18T08:15:10.566-0800] {processor.py:925} INFO - DAG(s) 'tutorial_taskflow_api' retrieved from /Users/rishukhurana/anaconda3/lib/python3.11/site-packages/airflow/example_dags/tutorial_taskflow_api.py
[2024-12-18T08:15:10.665-0800] {logging_mixin.py:190} INFO - [2024-12-18T08:15:10.664-0800] {dag.py:3239} INFO - Sync 1 DAGs
[2024-12-18T08:15:10.674-0800] {logging_mixin.py:190} INFO - [2024-12-18T08:15:10.674-0800] {dag.py:4180} INFO - Setting next_dagrun for tutorial_taskflow_api to None, run_after=None
[2024-12-18T08:15:10.690-0800] {processor.py:208} INFO - Processing /Users/rishukhurana/anaconda3/lib/python3.11/site-packages/airflow/example_dags/tutorial_taskflow_api.py took 0.173 seconds
[2024-12-18T08:18:25.611-0800] {processor.py:186} INFO - Started process (PID=57028) to work on /Users/rishukhurana/anaconda3/lib/python3.11/site-packages/airflow/example_dags/tutorial_taskflow_api.py
[2024-12-18T08:18:25.613-0800] {processor.py:914} INFO - Processing file /Users/rishukhurana/anaconda3/lib/python3.11/site-packages/airflow/example_dags/tutorial_taskflow_api.py for tasks to queue
[2024-12-18T08:18:25.615-0800] {logging_mixin.py:190} INFO - [2024-12-18T08:18:25.615-0800] {dagbag.py:588} INFO - Filling up the DagBag from /Users/rishukhurana/anaconda3/lib/python3.11/site-packages/airflow/example_dags/tutorial_taskflow_api.py
[2024-12-18T08:18:25.652-0800] {processor.py:925} INFO - DAG(s) 'tutorial_taskflow_api' retrieved from /Users/rishukhurana/anaconda3/lib/python3.11/site-packages/airflow/example_dags/tutorial_taskflow_api.py
[2024-12-18T08:18:25.742-0800] {logging_mixin.py:190} INFO - [2024-12-18T08:18:25.741-0800] {dag.py:3239} INFO - Sync 1 DAGs
[2024-12-18T08:18:25.753-0800] {logging_mixin.py:190} INFO - [2024-12-18T08:18:25.752-0800] {dag.py:4180} INFO - Setting next_dagrun for tutorial_taskflow_api to None, run_after=None
[2024-12-18T08:18:25.770-0800] {processor.py:208} INFO - Processing /Users/rishukhurana/anaconda3/lib/python3.11/site-packages/airflow/example_dags/tutorial_taskflow_api.py took 0.165 seconds
[2024-12-18T08:21:34.888-0800] {processor.py:186} INFO - Started process (PID=57174) to work on /Users/rishukhurana/anaconda3/lib/python3.11/site-packages/airflow/example_dags/tutorial_taskflow_api.py
[2024-12-18T08:21:34.890-0800] {processor.py:914} INFO - Processing file /Users/rishukhurana/anaconda3/lib/python3.11/site-packages/airflow/example_dags/tutorial_taskflow_api.py for tasks to queue
[2024-12-18T08:21:34.892-0800] {logging_mixin.py:190} INFO - [2024-12-18T08:21:34.891-0800] {dagbag.py:588} INFO - Filling up the DagBag from /Users/rishukhurana/anaconda3/lib/python3.11/site-packages/airflow/example_dags/tutorial_taskflow_api.py
[2024-12-18T08:21:34.928-0800] {processor.py:925} INFO - DAG(s) 'tutorial_taskflow_api' retrieved from /Users/rishukhurana/anaconda3/lib/python3.11/site-packages/airflow/example_dags/tutorial_taskflow_api.py
[2024-12-18T08:21:35.024-0800] {logging_mixin.py:190} INFO - [2024-12-18T08:21:35.023-0800] {dag.py:3239} INFO - Sync 1 DAGs
[2024-12-18T08:21:35.033-0800] {logging_mixin.py:190} INFO - [2024-12-18T08:21:35.033-0800] {dag.py:4180} INFO - Setting next_dagrun for tutorial_taskflow_api to None, run_after=None
[2024-12-18T08:21:35.049-0800] {processor.py:208} INFO - Processing /Users/rishukhurana/anaconda3/lib/python3.11/site-packages/airflow/example_dags/tutorial_taskflow_api.py took 0.166 seconds
[2024-12-18T08:24:44.703-0800] {processor.py:186} INFO - Started process (PID=57323) to work on /Users/rishukhurana/anaconda3/lib/python3.11/site-packages/airflow/example_dags/tutorial_taskflow_api.py
[2024-12-18T08:24:44.705-0800] {processor.py:914} INFO - Processing file /Users/rishukhurana/anaconda3/lib/python3.11/site-packages/airflow/example_dags/tutorial_taskflow_api.py for tasks to queue
[2024-12-18T08:24:44.706-0800] {logging_mixin.py:190} INFO - [2024-12-18T08:24:44.706-0800] {dagbag.py:588} INFO - Filling up the DagBag from /Users/rishukhurana/anaconda3/lib/python3.11/site-packages/airflow/example_dags/tutorial_taskflow_api.py
[2024-12-18T08:24:44.742-0800] {processor.py:925} INFO - DAG(s) 'tutorial_taskflow_api' retrieved from /Users/rishukhurana/anaconda3/lib/python3.11/site-packages/airflow/example_dags/tutorial_taskflow_api.py
[2024-12-18T08:24:44.833-0800] {logging_mixin.py:190} INFO - [2024-12-18T08:24:44.833-0800] {dag.py:3239} INFO - Sync 1 DAGs
[2024-12-18T08:24:44.843-0800] {logging_mixin.py:190} INFO - [2024-12-18T08:24:44.843-0800] {dag.py:4180} INFO - Setting next_dagrun for tutorial_taskflow_api to None, run_after=None
[2024-12-18T08:24:44.859-0800] {processor.py:208} INFO - Processing /Users/rishukhurana/anaconda3/lib/python3.11/site-packages/airflow/example_dags/tutorial_taskflow_api.py took 0.163 seconds
[2024-12-18T08:27:53.435-0800] {processor.py:186} INFO - Started process (PID=57473) to work on /Users/rishukhurana/anaconda3/lib/python3.11/site-packages/airflow/example_dags/tutorial_taskflow_api.py
[2024-12-18T08:27:53.438-0800] {processor.py:914} INFO - Processing file /Users/rishukhurana/anaconda3/lib/python3.11/site-packages/airflow/example_dags/tutorial_taskflow_api.py for tasks to queue
[2024-12-18T08:27:53.439-0800] {logging_mixin.py:190} INFO - [2024-12-18T08:27:53.439-0800] {dagbag.py:588} INFO - Filling up the DagBag from /Users/rishukhurana/anaconda3/lib/python3.11/site-packages/airflow/example_dags/tutorial_taskflow_api.py
[2024-12-18T08:27:53.481-0800] {processor.py:925} INFO - DAG(s) 'tutorial_taskflow_api' retrieved from /Users/rishukhurana/anaconda3/lib/python3.11/site-packages/airflow/example_dags/tutorial_taskflow_api.py
[2024-12-18T08:27:53.579-0800] {logging_mixin.py:190} INFO - [2024-12-18T08:27:53.579-0800] {dag.py:3239} INFO - Sync 1 DAGs
[2024-12-18T08:27:53.589-0800] {logging_mixin.py:190} INFO - [2024-12-18T08:27:53.589-0800] {dag.py:4180} INFO - Setting next_dagrun for tutorial_taskflow_api to None, run_after=None
[2024-12-18T08:27:53.606-0800] {processor.py:208} INFO - Processing /Users/rishukhurana/anaconda3/lib/python3.11/site-packages/airflow/example_dags/tutorial_taskflow_api.py took 0.177 seconds
[2024-12-18T08:31:03.384-0800] {processor.py:186} INFO - Started process (PID=57622) to work on /Users/rishukhurana/anaconda3/lib/python3.11/site-packages/airflow/example_dags/tutorial_taskflow_api.py
[2024-12-18T08:31:03.386-0800] {processor.py:914} INFO - Processing file /Users/rishukhurana/anaconda3/lib/python3.11/site-packages/airflow/example_dags/tutorial_taskflow_api.py for tasks to queue
[2024-12-18T08:31:03.387-0800] {logging_mixin.py:190} INFO - [2024-12-18T08:31:03.387-0800] {dagbag.py:588} INFO - Filling up the DagBag from /Users/rishukhurana/anaconda3/lib/python3.11/site-packages/airflow/example_dags/tutorial_taskflow_api.py
[2024-12-18T08:31:03.424-0800] {processor.py:925} INFO - DAG(s) 'tutorial_taskflow_api' retrieved from /Users/rishukhurana/anaconda3/lib/python3.11/site-packages/airflow/example_dags/tutorial_taskflow_api.py
[2024-12-18T08:31:03.516-0800] {logging_mixin.py:190} INFO - [2024-12-18T08:31:03.515-0800] {dag.py:3239} INFO - Sync 1 DAGs
[2024-12-18T08:31:03.525-0800] {logging_mixin.py:190} INFO - [2024-12-18T08:31:03.525-0800] {dag.py:4180} INFO - Setting next_dagrun for tutorial_taskflow_api to None, run_after=None
[2024-12-18T08:31:03.541-0800] {processor.py:208} INFO - Processing /Users/rishukhurana/anaconda3/lib/python3.11/site-packages/airflow/example_dags/tutorial_taskflow_api.py took 0.163 seconds
[2024-12-18T08:34:09.563-0800] {processor.py:186} INFO - Started process (PID=57785) to work on /Users/rishukhurana/anaconda3/lib/python3.11/site-packages/airflow/example_dags/tutorial_taskflow_api.py
[2024-12-18T08:34:09.566-0800] {processor.py:914} INFO - Processing file /Users/rishukhurana/anaconda3/lib/python3.11/site-packages/airflow/example_dags/tutorial_taskflow_api.py for tasks to queue
[2024-12-18T08:34:09.567-0800] {logging_mixin.py:190} INFO - [2024-12-18T08:34:09.567-0800] {dagbag.py:588} INFO - Filling up the DagBag from /Users/rishukhurana/anaconda3/lib/python3.11/site-packages/airflow/example_dags/tutorial_taskflow_api.py
[2024-12-18T08:34:09.599-0800] {processor.py:925} INFO - DAG(s) 'tutorial_taskflow_api' retrieved from /Users/rishukhurana/anaconda3/lib/python3.11/site-packages/airflow/example_dags/tutorial_taskflow_api.py
[2024-12-18T08:34:09.680-0800] {logging_mixin.py:190} INFO - [2024-12-18T08:34:09.680-0800] {dag.py:3239} INFO - Sync 1 DAGs
[2024-12-18T08:34:09.689-0800] {logging_mixin.py:190} INFO - [2024-12-18T08:34:09.689-0800] {dag.py:4180} INFO - Setting next_dagrun for tutorial_taskflow_api to None, run_after=None
[2024-12-18T08:34:09.704-0800] {processor.py:208} INFO - Processing /Users/rishukhurana/anaconda3/lib/python3.11/site-packages/airflow/example_dags/tutorial_taskflow_api.py took 0.148 seconds
[2024-12-18T08:37:12.567-0800] {processor.py:186} INFO - Started process (PID=57962) to work on /Users/rishukhurana/anaconda3/lib/python3.11/site-packages/airflow/example_dags/tutorial_taskflow_api.py
[2024-12-18T08:37:12.569-0800] {processor.py:914} INFO - Processing file /Users/rishukhurana/anaconda3/lib/python3.11/site-packages/airflow/example_dags/tutorial_taskflow_api.py for tasks to queue
[2024-12-18T08:37:12.571-0800] {logging_mixin.py:190} INFO - [2024-12-18T08:37:12.571-0800] {dagbag.py:588} INFO - Filling up the DagBag from /Users/rishukhurana/anaconda3/lib/python3.11/site-packages/airflow/example_dags/tutorial_taskflow_api.py
[2024-12-18T08:37:12.620-0800] {processor.py:925} INFO - DAG(s) 'tutorial_taskflow_api' retrieved from /Users/rishukhurana/anaconda3/lib/python3.11/site-packages/airflow/example_dags/tutorial_taskflow_api.py
[2024-12-18T08:37:12.735-0800] {logging_mixin.py:190} INFO - [2024-12-18T08:37:12.735-0800] {dag.py:3239} INFO - Sync 1 DAGs
[2024-12-18T08:37:12.752-0800] {logging_mixin.py:190} INFO - [2024-12-18T08:37:12.751-0800] {dag.py:4180} INFO - Setting next_dagrun for tutorial_taskflow_api to None, run_after=None
[2024-12-18T08:37:12.776-0800] {processor.py:208} INFO - Processing /Users/rishukhurana/anaconda3/lib/python3.11/site-packages/airflow/example_dags/tutorial_taskflow_api.py took 0.217 seconds
[2024-12-18T08:40:14.476-0800] {processor.py:186} INFO - Started process (PID=58118) to work on /Users/rishukhurana/anaconda3/lib/python3.11/site-packages/airflow/example_dags/tutorial_taskflow_api.py
[2024-12-18T08:40:14.478-0800] {processor.py:914} INFO - Processing file /Users/rishukhurana/anaconda3/lib/python3.11/site-packages/airflow/example_dags/tutorial_taskflow_api.py for tasks to queue
[2024-12-18T08:40:14.480-0800] {logging_mixin.py:190} INFO - [2024-12-18T08:40:14.480-0800] {dagbag.py:588} INFO - Filling up the DagBag from /Users/rishukhurana/anaconda3/lib/python3.11/site-packages/airflow/example_dags/tutorial_taskflow_api.py
[2024-12-18T08:40:14.512-0800] {processor.py:925} INFO - DAG(s) 'tutorial_taskflow_api' retrieved from /Users/rishukhurana/anaconda3/lib/python3.11/site-packages/airflow/example_dags/tutorial_taskflow_api.py
[2024-12-18T08:40:14.595-0800] {logging_mixin.py:190} INFO - [2024-12-18T08:40:14.595-0800] {dag.py:3239} INFO - Sync 1 DAGs
[2024-12-18T08:40:14.604-0800] {logging_mixin.py:190} INFO - [2024-12-18T08:40:14.604-0800] {dag.py:4180} INFO - Setting next_dagrun for tutorial_taskflow_api to None, run_after=None
[2024-12-18T08:40:14.626-0800] {processor.py:208} INFO - Processing /Users/rishukhurana/anaconda3/lib/python3.11/site-packages/airflow/example_dags/tutorial_taskflow_api.py took 0.157 seconds
[2024-12-18T08:43:44.402-0800] {processor.py:186} INFO - Started process (PID=58278) to work on /Users/rishukhurana/anaconda3/lib/python3.11/site-packages/airflow/example_dags/tutorial_taskflow_api.py
[2024-12-18T08:43:44.406-0800] {processor.py:914} INFO - Processing file /Users/rishukhurana/anaconda3/lib/python3.11/site-packages/airflow/example_dags/tutorial_taskflow_api.py for tasks to queue
[2024-12-18T08:43:44.407-0800] {logging_mixin.py:190} INFO - [2024-12-18T08:43:44.407-0800] {dagbag.py:588} INFO - Filling up the DagBag from /Users/rishukhurana/anaconda3/lib/python3.11/site-packages/airflow/example_dags/tutorial_taskflow_api.py
[2024-12-18T08:43:44.466-0800] {processor.py:925} INFO - DAG(s) 'tutorial_taskflow_api' retrieved from /Users/rishukhurana/anaconda3/lib/python3.11/site-packages/airflow/example_dags/tutorial_taskflow_api.py
[2024-12-18T08:43:44.563-0800] {logging_mixin.py:190} INFO - [2024-12-18T08:43:44.563-0800] {dag.py:3239} INFO - Sync 1 DAGs
[2024-12-18T08:43:44.577-0800] {logging_mixin.py:190} INFO - [2024-12-18T08:43:44.576-0800] {dag.py:4180} INFO - Setting next_dagrun for tutorial_taskflow_api to None, run_after=None
[2024-12-18T08:43:44.595-0800] {processor.py:208} INFO - Processing /Users/rishukhurana/anaconda3/lib/python3.11/site-packages/airflow/example_dags/tutorial_taskflow_api.py took 0.200 seconds
[2024-12-18T09:01:02.153-0800] {processor.py:186} INFO - Started process (PID=58445) to work on /Users/rishukhurana/anaconda3/lib/python3.11/site-packages/airflow/example_dags/tutorial_taskflow_api.py
[2024-12-18T09:01:02.156-0800] {processor.py:914} INFO - Processing file /Users/rishukhurana/anaconda3/lib/python3.11/site-packages/airflow/example_dags/tutorial_taskflow_api.py for tasks to queue
[2024-12-18T09:01:02.157-0800] {logging_mixin.py:190} INFO - [2024-12-18T09:01:02.156-0800] {dagbag.py:588} INFO - Filling up the DagBag from /Users/rishukhurana/anaconda3/lib/python3.11/site-packages/airflow/example_dags/tutorial_taskflow_api.py
[2024-12-18T09:01:02.194-0800] {processor.py:925} INFO - DAG(s) 'tutorial_taskflow_api' retrieved from /Users/rishukhurana/anaconda3/lib/python3.11/site-packages/airflow/example_dags/tutorial_taskflow_api.py
[2024-12-18T09:01:02.295-0800] {logging_mixin.py:190} INFO - [2024-12-18T09:01:02.294-0800] {dag.py:3239} INFO - Sync 1 DAGs
[2024-12-18T09:01:02.304-0800] {logging_mixin.py:190} INFO - [2024-12-18T09:01:02.304-0800] {dag.py:4180} INFO - Setting next_dagrun for tutorial_taskflow_api to None, run_after=None
[2024-12-18T09:01:02.322-0800] {processor.py:208} INFO - Processing /Users/rishukhurana/anaconda3/lib/python3.11/site-packages/airflow/example_dags/tutorial_taskflow_api.py took 0.175 seconds
[2024-12-18T09:04:09.300-0800] {processor.py:186} INFO - Started process (PID=58600) to work on /Users/rishukhurana/anaconda3/lib/python3.11/site-packages/airflow/example_dags/tutorial_taskflow_api.py
[2024-12-18T09:04:09.303-0800] {processor.py:914} INFO - Processing file /Users/rishukhurana/anaconda3/lib/python3.11/site-packages/airflow/example_dags/tutorial_taskflow_api.py for tasks to queue
[2024-12-18T09:04:09.304-0800] {logging_mixin.py:190} INFO - [2024-12-18T09:04:09.304-0800] {dagbag.py:588} INFO - Filling up the DagBag from /Users/rishukhurana/anaconda3/lib/python3.11/site-packages/airflow/example_dags/tutorial_taskflow_api.py
[2024-12-18T09:04:09.339-0800] {processor.py:925} INFO - DAG(s) 'tutorial_taskflow_api' retrieved from /Users/rishukhurana/anaconda3/lib/python3.11/site-packages/airflow/example_dags/tutorial_taskflow_api.py
[2024-12-18T09:04:09.427-0800] {logging_mixin.py:190} INFO - [2024-12-18T09:04:09.427-0800] {dag.py:3239} INFO - Sync 1 DAGs
[2024-12-18T09:04:09.436-0800] {logging_mixin.py:190} INFO - [2024-12-18T09:04:09.435-0800] {dag.py:4180} INFO - Setting next_dagrun for tutorial_taskflow_api to None, run_after=None
[2024-12-18T09:04:09.450-0800] {processor.py:208} INFO - Processing /Users/rishukhurana/anaconda3/lib/python3.11/site-packages/airflow/example_dags/tutorial_taskflow_api.py took 0.158 seconds
[2024-12-18T09:07:17.040-0800] {processor.py:186} INFO - Started process (PID=58751) to work on /Users/rishukhurana/anaconda3/lib/python3.11/site-packages/airflow/example_dags/tutorial_taskflow_api.py
[2024-12-18T09:07:17.042-0800] {processor.py:914} INFO - Processing file /Users/rishukhurana/anaconda3/lib/python3.11/site-packages/airflow/example_dags/tutorial_taskflow_api.py for tasks to queue
[2024-12-18T09:07:17.044-0800] {logging_mixin.py:190} INFO - [2024-12-18T09:07:17.043-0800] {dagbag.py:588} INFO - Filling up the DagBag from /Users/rishukhurana/anaconda3/lib/python3.11/site-packages/airflow/example_dags/tutorial_taskflow_api.py
[2024-12-18T09:07:17.085-0800] {processor.py:925} INFO - DAG(s) 'tutorial_taskflow_api' retrieved from /Users/rishukhurana/anaconda3/lib/python3.11/site-packages/airflow/example_dags/tutorial_taskflow_api.py
[2024-12-18T09:07:17.178-0800] {logging_mixin.py:190} INFO - [2024-12-18T09:07:17.178-0800] {dag.py:3239} INFO - Sync 1 DAGs
[2024-12-18T09:07:17.188-0800] {logging_mixin.py:190} INFO - [2024-12-18T09:07:17.187-0800] {dag.py:4180} INFO - Setting next_dagrun for tutorial_taskflow_api to None, run_after=None
[2024-12-18T09:07:17.204-0800] {processor.py:208} INFO - Processing /Users/rishukhurana/anaconda3/lib/python3.11/site-packages/airflow/example_dags/tutorial_taskflow_api.py took 0.168 seconds
[2024-12-18T09:10:26.712-0800] {processor.py:186} INFO - Started process (PID=58902) to work on /Users/rishukhurana/anaconda3/lib/python3.11/site-packages/airflow/example_dags/tutorial_taskflow_api.py
[2024-12-18T09:10:26.714-0800] {processor.py:914} INFO - Processing file /Users/rishukhurana/anaconda3/lib/python3.11/site-packages/airflow/example_dags/tutorial_taskflow_api.py for tasks to queue
[2024-12-18T09:10:26.715-0800] {logging_mixin.py:190} INFO - [2024-12-18T09:10:26.715-0800] {dagbag.py:588} INFO - Filling up the DagBag from /Users/rishukhurana/anaconda3/lib/python3.11/site-packages/airflow/example_dags/tutorial_taskflow_api.py
[2024-12-18T09:10:26.750-0800] {processor.py:925} INFO - DAG(s) 'tutorial_taskflow_api' retrieved from /Users/rishukhurana/anaconda3/lib/python3.11/site-packages/airflow/example_dags/tutorial_taskflow_api.py
[2024-12-18T09:10:26.843-0800] {logging_mixin.py:190} INFO - [2024-12-18T09:10:26.842-0800] {dag.py:3239} INFO - Sync 1 DAGs
[2024-12-18T09:10:26.852-0800] {logging_mixin.py:190} INFO - [2024-12-18T09:10:26.852-0800] {dag.py:4180} INFO - Setting next_dagrun for tutorial_taskflow_api to None, run_after=None
[2024-12-18T09:10:26.868-0800] {processor.py:208} INFO - Processing /Users/rishukhurana/anaconda3/lib/python3.11/site-packages/airflow/example_dags/tutorial_taskflow_api.py took 0.163 seconds
[2024-12-18T09:13:38.538-0800] {processor.py:186} INFO - Started process (PID=59058) to work on /Users/rishukhurana/anaconda3/lib/python3.11/site-packages/airflow/example_dags/tutorial_taskflow_api.py
[2024-12-18T09:13:38.540-0800] {processor.py:914} INFO - Processing file /Users/rishukhurana/anaconda3/lib/python3.11/site-packages/airflow/example_dags/tutorial_taskflow_api.py for tasks to queue
[2024-12-18T09:13:38.542-0800] {logging_mixin.py:190} INFO - [2024-12-18T09:13:38.541-0800] {dagbag.py:588} INFO - Filling up the DagBag from /Users/rishukhurana/anaconda3/lib/python3.11/site-packages/airflow/example_dags/tutorial_taskflow_api.py
[2024-12-18T09:13:38.575-0800] {processor.py:925} INFO - DAG(s) 'tutorial_taskflow_api' retrieved from /Users/rishukhurana/anaconda3/lib/python3.11/site-packages/airflow/example_dags/tutorial_taskflow_api.py
[2024-12-18T09:13:38.664-0800] {logging_mixin.py:190} INFO - [2024-12-18T09:13:38.663-0800] {dag.py:3239} INFO - Sync 1 DAGs
[2024-12-18T09:13:38.673-0800] {logging_mixin.py:190} INFO - [2024-12-18T09:13:38.673-0800] {dag.py:4180} INFO - Setting next_dagrun for tutorial_taskflow_api to None, run_after=None
[2024-12-18T09:13:38.688-0800] {processor.py:208} INFO - Processing /Users/rishukhurana/anaconda3/lib/python3.11/site-packages/airflow/example_dags/tutorial_taskflow_api.py took 0.157 seconds
[2024-12-18T09:16:47.694-0800] {processor.py:186} INFO - Started process (PID=59210) to work on /Users/rishukhurana/anaconda3/lib/python3.11/site-packages/airflow/example_dags/tutorial_taskflow_api.py
[2024-12-18T09:16:47.696-0800] {processor.py:914} INFO - Processing file /Users/rishukhurana/anaconda3/lib/python3.11/site-packages/airflow/example_dags/tutorial_taskflow_api.py for tasks to queue
[2024-12-18T09:16:47.697-0800] {logging_mixin.py:190} INFO - [2024-12-18T09:16:47.696-0800] {dagbag.py:588} INFO - Filling up the DagBag from /Users/rishukhurana/anaconda3/lib/python3.11/site-packages/airflow/example_dags/tutorial_taskflow_api.py
[2024-12-18T09:16:47.729-0800] {processor.py:925} INFO - DAG(s) 'tutorial_taskflow_api' retrieved from /Users/rishukhurana/anaconda3/lib/python3.11/site-packages/airflow/example_dags/tutorial_taskflow_api.py
[2024-12-18T09:16:47.811-0800] {logging_mixin.py:190} INFO - [2024-12-18T09:16:47.811-0800] {dag.py:3239} INFO - Sync 1 DAGs
[2024-12-18T09:16:47.820-0800] {logging_mixin.py:190} INFO - [2024-12-18T09:16:47.820-0800] {dag.py:4180} INFO - Setting next_dagrun for tutorial_taskflow_api to None, run_after=None
[2024-12-18T09:16:47.835-0800] {processor.py:208} INFO - Processing /Users/rishukhurana/anaconda3/lib/python3.11/site-packages/airflow/example_dags/tutorial_taskflow_api.py took 0.147 seconds
[2024-12-18T09:19:51.228-0800] {processor.py:186} INFO - Started process (PID=59373) to work on /Users/rishukhurana/anaconda3/lib/python3.11/site-packages/airflow/example_dags/tutorial_taskflow_api.py
[2024-12-18T09:19:51.230-0800] {processor.py:914} INFO - Processing file /Users/rishukhurana/anaconda3/lib/python3.11/site-packages/airflow/example_dags/tutorial_taskflow_api.py for tasks to queue
[2024-12-18T09:19:51.232-0800] {logging_mixin.py:190} INFO - [2024-12-18T09:19:51.232-0800] {dagbag.py:588} INFO - Filling up the DagBag from /Users/rishukhurana/anaconda3/lib/python3.11/site-packages/airflow/example_dags/tutorial_taskflow_api.py
[2024-12-18T09:19:51.262-0800] {processor.py:925} INFO - DAG(s) 'tutorial_taskflow_api' retrieved from /Users/rishukhurana/anaconda3/lib/python3.11/site-packages/airflow/example_dags/tutorial_taskflow_api.py
[2024-12-18T09:19:51.343-0800] {logging_mixin.py:190} INFO - [2024-12-18T09:19:51.342-0800] {dag.py:3239} INFO - Sync 1 DAGs
[2024-12-18T09:19:51.353-0800] {logging_mixin.py:190} INFO - [2024-12-18T09:19:51.353-0800] {dag.py:4180} INFO - Setting next_dagrun for tutorial_taskflow_api to None, run_after=None
[2024-12-18T09:19:51.370-0800] {processor.py:208} INFO - Processing /Users/rishukhurana/anaconda3/lib/python3.11/site-packages/airflow/example_dags/tutorial_taskflow_api.py took 0.149 seconds
[2024-12-18T09:22:56.986-0800] {processor.py:186} INFO - Started process (PID=59551) to work on /Users/rishukhurana/anaconda3/lib/python3.11/site-packages/airflow/example_dags/tutorial_taskflow_api.py
[2024-12-18T09:22:56.989-0800] {processor.py:914} INFO - Processing file /Users/rishukhurana/anaconda3/lib/python3.11/site-packages/airflow/example_dags/tutorial_taskflow_api.py for tasks to queue
[2024-12-18T09:22:56.990-0800] {logging_mixin.py:190} INFO - [2024-12-18T09:22:56.990-0800] {dagbag.py:588} INFO - Filling up the DagBag from /Users/rishukhurana/anaconda3/lib/python3.11/site-packages/airflow/example_dags/tutorial_taskflow_api.py
[2024-12-18T09:22:57.027-0800] {processor.py:925} INFO - DAG(s) 'tutorial_taskflow_api' retrieved from /Users/rishukhurana/anaconda3/lib/python3.11/site-packages/airflow/example_dags/tutorial_taskflow_api.py
[2024-12-18T09:22:57.122-0800] {logging_mixin.py:190} INFO - [2024-12-18T09:22:57.121-0800] {dag.py:3239} INFO - Sync 1 DAGs
[2024-12-18T09:22:57.132-0800] {logging_mixin.py:190} INFO - [2024-12-18T09:22:57.131-0800] {dag.py:4180} INFO - Setting next_dagrun for tutorial_taskflow_api to None, run_after=None
[2024-12-18T09:22:57.149-0800] {processor.py:208} INFO - Processing /Users/rishukhurana/anaconda3/lib/python3.11/site-packages/airflow/example_dags/tutorial_taskflow_api.py took 0.170 seconds
[2024-12-18T09:26:12.787-0800] {processor.py:186} INFO - Started process (PID=59731) to work on /Users/rishukhurana/anaconda3/lib/python3.11/site-packages/airflow/example_dags/tutorial_taskflow_api.py
[2024-12-18T09:26:12.790-0800] {processor.py:914} INFO - Processing file /Users/rishukhurana/anaconda3/lib/python3.11/site-packages/airflow/example_dags/tutorial_taskflow_api.py for tasks to queue
[2024-12-18T09:26:12.791-0800] {logging_mixin.py:190} INFO - [2024-12-18T09:26:12.791-0800] {dagbag.py:588} INFO - Filling up the DagBag from /Users/rishukhurana/anaconda3/lib/python3.11/site-packages/airflow/example_dags/tutorial_taskflow_api.py
[2024-12-18T09:26:12.825-0800] {processor.py:925} INFO - DAG(s) 'tutorial_taskflow_api' retrieved from /Users/rishukhurana/anaconda3/lib/python3.11/site-packages/airflow/example_dags/tutorial_taskflow_api.py
[2024-12-18T09:26:12.915-0800] {logging_mixin.py:190} INFO - [2024-12-18T09:26:12.914-0800] {dag.py:3239} INFO - Sync 1 DAGs
[2024-12-18T09:26:12.925-0800] {logging_mixin.py:190} INFO - [2024-12-18T09:26:12.925-0800] {dag.py:4180} INFO - Setting next_dagrun for tutorial_taskflow_api to None, run_after=None
[2024-12-18T09:26:12.942-0800] {processor.py:208} INFO - Processing /Users/rishukhurana/anaconda3/lib/python3.11/site-packages/airflow/example_dags/tutorial_taskflow_api.py took 0.159 seconds
[2024-12-18T09:29:24.615-0800] {processor.py:186} INFO - Started process (PID=59877) to work on /Users/rishukhurana/anaconda3/lib/python3.11/site-packages/airflow/example_dags/tutorial_taskflow_api.py
[2024-12-18T09:29:24.618-0800] {processor.py:914} INFO - Processing file /Users/rishukhurana/anaconda3/lib/python3.11/site-packages/airflow/example_dags/tutorial_taskflow_api.py for tasks to queue
[2024-12-18T09:29:24.619-0800] {logging_mixin.py:190} INFO - [2024-12-18T09:29:24.619-0800] {dagbag.py:588} INFO - Filling up the DagBag from /Users/rishukhurana/anaconda3/lib/python3.11/site-packages/airflow/example_dags/tutorial_taskflow_api.py
[2024-12-18T09:29:24.655-0800] {processor.py:925} INFO - DAG(s) 'tutorial_taskflow_api' retrieved from /Users/rishukhurana/anaconda3/lib/python3.11/site-packages/airflow/example_dags/tutorial_taskflow_api.py
[2024-12-18T09:29:24.746-0800] {logging_mixin.py:190} INFO - [2024-12-18T09:29:24.746-0800] {dag.py:3239} INFO - Sync 1 DAGs
[2024-12-18T09:29:24.755-0800] {logging_mixin.py:190} INFO - [2024-12-18T09:29:24.755-0800] {dag.py:4180} INFO - Setting next_dagrun for tutorial_taskflow_api to None, run_after=None
[2024-12-18T09:29:24.772-0800] {processor.py:208} INFO - Processing /Users/rishukhurana/anaconda3/lib/python3.11/site-packages/airflow/example_dags/tutorial_taskflow_api.py took 0.164 seconds
[2024-12-18T11:15:44.931-0800] {processor.py:186} INFO - Started process (PID=60129) to work on /Users/rishukhurana/anaconda3/lib/python3.11/site-packages/airflow/example_dags/tutorial_taskflow_api.py
[2024-12-18T11:15:44.934-0800] {processor.py:914} INFO - Processing file /Users/rishukhurana/anaconda3/lib/python3.11/site-packages/airflow/example_dags/tutorial_taskflow_api.py for tasks to queue
[2024-12-18T11:15:44.937-0800] {logging_mixin.py:190} INFO - [2024-12-18T11:15:44.937-0800] {dagbag.py:588} INFO - Filling up the DagBag from /Users/rishukhurana/anaconda3/lib/python3.11/site-packages/airflow/example_dags/tutorial_taskflow_api.py
[2024-12-18T11:15:44.979-0800] {processor.py:925} INFO - DAG(s) 'tutorial_taskflow_api' retrieved from /Users/rishukhurana/anaconda3/lib/python3.11/site-packages/airflow/example_dags/tutorial_taskflow_api.py
[2024-12-18T11:15:45.107-0800] {logging_mixin.py:190} INFO - [2024-12-18T11:15:45.105-0800] {dag.py:3239} INFO - Sync 1 DAGs
[2024-12-18T11:15:45.118-0800] {logging_mixin.py:190} INFO - [2024-12-18T11:15:45.117-0800] {dag.py:4180} INFO - Setting next_dagrun for tutorial_taskflow_api to None, run_after=None
[2024-12-18T11:15:45.134-0800] {processor.py:208} INFO - Processing /Users/rishukhurana/anaconda3/lib/python3.11/site-packages/airflow/example_dags/tutorial_taskflow_api.py took 0.208 seconds
[2024-12-18T15:06:24.120-0800] {processor.py:186} INFO - Started process (PID=60481) to work on /Users/rishukhurana/anaconda3/lib/python3.11/site-packages/airflow/example_dags/tutorial_taskflow_api.py
[2024-12-18T15:06:24.122-0800] {processor.py:914} INFO - Processing file /Users/rishukhurana/anaconda3/lib/python3.11/site-packages/airflow/example_dags/tutorial_taskflow_api.py for tasks to queue
[2024-12-18T15:06:24.124-0800] {logging_mixin.py:190} INFO - [2024-12-18T15:06:24.123-0800] {dagbag.py:588} INFO - Filling up the DagBag from /Users/rishukhurana/anaconda3/lib/python3.11/site-packages/airflow/example_dags/tutorial_taskflow_api.py
[2024-12-18T15:06:24.153-0800] {processor.py:925} INFO - DAG(s) 'tutorial_taskflow_api' retrieved from /Users/rishukhurana/anaconda3/lib/python3.11/site-packages/airflow/example_dags/tutorial_taskflow_api.py
[2024-12-18T15:06:24.229-0800] {logging_mixin.py:190} INFO - [2024-12-18T15:06:24.229-0800] {dag.py:3239} INFO - Sync 1 DAGs
[2024-12-18T15:06:24.238-0800] {logging_mixin.py:190} INFO - [2024-12-18T15:06:24.238-0800] {dag.py:4180} INFO - Setting next_dagrun for tutorial_taskflow_api to None, run_after=None
[2024-12-18T15:06:24.253-0800] {processor.py:208} INFO - Processing /Users/rishukhurana/anaconda3/lib/python3.11/site-packages/airflow/example_dags/tutorial_taskflow_api.py took 0.140 seconds
