[2024-12-14T05:34:33.089-0800] {processor.py:186} INFO - Started process (PID=10353) to work on /Users/rishukhurana/anaconda3/lib/python3.11/site-packages/airflow/example_dags/plugins/workday.py
[2024-12-14T05:34:33.091-0800] {processor.py:914} INFO - Processing file /Users/rishukhurana/anaconda3/lib/python3.11/site-packages/airflow/example_dags/plugins/workday.py for tasks to queue
[2024-12-14T05:34:33.092-0800] {logging_mixin.py:190} INFO - [2024-12-14T05:34:33.092-0800] {dagbag.py:588} INFO - Filling up the DagBag from /Users/rishukhurana/anaconda3/lib/python3.11/site-packages/airflow/example_dags/plugins/workday.py
[2024-12-14T05:34:33.447-0800] {logging_mixin.py:190} INFO - [2024-12-14T05:34:33.446-0800] {utils.py:160} INFO - NumExpr defaulting to 8 threads.
[2024-12-14T05:34:33.731-0800] {processor.py:927} WARNING - No viable dags retrieved from /Users/rishukhurana/anaconda3/lib/python3.11/site-packages/airflow/example_dags/plugins/workday.py
[2024-12-14T05:34:33.802-0800] {processor.py:208} INFO - Processing /Users/rishukhurana/anaconda3/lib/python3.11/site-packages/airflow/example_dags/plugins/workday.py took 0.720 seconds
[2024-12-14T05:38:08.013-0800] {processor.py:186} INFO - Started process (PID=10550) to work on /Users/rishukhurana/anaconda3/lib/python3.11/site-packages/airflow/example_dags/plugins/workday.py
[2024-12-14T05:38:08.015-0800] {processor.py:914} INFO - Processing file /Users/rishukhurana/anaconda3/lib/python3.11/site-packages/airflow/example_dags/plugins/workday.py for tasks to queue
[2024-12-14T05:38:08.016-0800] {logging_mixin.py:190} INFO - [2024-12-14T05:38:08.015-0800] {dagbag.py:588} INFO - Filling up the DagBag from /Users/rishukhurana/anaconda3/lib/python3.11/site-packages/airflow/example_dags/plugins/workday.py
[2024-12-14T05:38:08.460-0800] {logging_mixin.py:190} INFO - [2024-12-14T05:38:08.460-0800] {utils.py:160} INFO - NumExpr defaulting to 8 threads.
[2024-12-14T05:38:08.894-0800] {processor.py:927} WARNING - No viable dags retrieved from /Users/rishukhurana/anaconda3/lib/python3.11/site-packages/airflow/example_dags/plugins/workday.py
[2024-12-14T05:38:08.979-0800] {processor.py:208} INFO - Processing /Users/rishukhurana/anaconda3/lib/python3.11/site-packages/airflow/example_dags/plugins/workday.py took 0.973 seconds
[2024-12-14T05:41:05.577-0800] {processor.py:186} INFO - Started process (PID=10720) to work on /Users/rishukhurana/anaconda3/lib/python3.11/site-packages/airflow/example_dags/plugins/workday.py
[2024-12-14T05:41:05.578-0800] {processor.py:914} INFO - Processing file /Users/rishukhurana/anaconda3/lib/python3.11/site-packages/airflow/example_dags/plugins/workday.py for tasks to queue
[2024-12-14T05:41:05.580-0800] {logging_mixin.py:190} INFO - [2024-12-14T05:41:05.579-0800] {dagbag.py:588} INFO - Filling up the DagBag from /Users/rishukhurana/anaconda3/lib/python3.11/site-packages/airflow/example_dags/plugins/workday.py
[2024-12-14T05:41:06.098-0800] {logging_mixin.py:190} INFO - [2024-12-14T05:41:06.098-0800] {utils.py:160} INFO - NumExpr defaulting to 8 threads.
[2024-12-14T05:41:06.545-0800] {processor.py:927} WARNING - No viable dags retrieved from /Users/rishukhurana/anaconda3/lib/python3.11/site-packages/airflow/example_dags/plugins/workday.py
[2024-12-14T05:41:06.634-0800] {processor.py:208} INFO - Processing /Users/rishukhurana/anaconda3/lib/python3.11/site-packages/airflow/example_dags/plugins/workday.py took 1.061 seconds
[2024-12-14T05:44:07.779-0800] {processor.py:186} INFO - Started process (PID=10878) to work on /Users/rishukhurana/anaconda3/lib/python3.11/site-packages/airflow/example_dags/plugins/workday.py
[2024-12-14T05:44:07.781-0800] {processor.py:914} INFO - Processing file /Users/rishukhurana/anaconda3/lib/python3.11/site-packages/airflow/example_dags/plugins/workday.py for tasks to queue
[2024-12-14T05:44:07.782-0800] {logging_mixin.py:190} INFO - [2024-12-14T05:44:07.782-0800] {dagbag.py:588} INFO - Filling up the DagBag from /Users/rishukhurana/anaconda3/lib/python3.11/site-packages/airflow/example_dags/plugins/workday.py
[2024-12-14T05:44:08.158-0800] {logging_mixin.py:190} INFO - [2024-12-14T05:44:08.157-0800] {utils.py:160} INFO - NumExpr defaulting to 8 threads.
[2024-12-14T05:44:08.500-0800] {processor.py:927} WARNING - No viable dags retrieved from /Users/rishukhurana/anaconda3/lib/python3.11/site-packages/airflow/example_dags/plugins/workday.py
[2024-12-14T05:44:08.590-0800] {processor.py:208} INFO - Processing /Users/rishukhurana/anaconda3/lib/python3.11/site-packages/airflow/example_dags/plugins/workday.py took 0.817 seconds
[2024-12-14T05:47:13.656-0800] {processor.py:186} INFO - Started process (PID=11060) to work on /Users/rishukhurana/anaconda3/lib/python3.11/site-packages/airflow/example_dags/plugins/workday.py
[2024-12-14T05:47:13.658-0800] {processor.py:914} INFO - Processing file /Users/rishukhurana/anaconda3/lib/python3.11/site-packages/airflow/example_dags/plugins/workday.py for tasks to queue
[2024-12-14T05:47:13.659-0800] {logging_mixin.py:190} INFO - [2024-12-14T05:47:13.659-0800] {dagbag.py:588} INFO - Filling up the DagBag from /Users/rishukhurana/anaconda3/lib/python3.11/site-packages/airflow/example_dags/plugins/workday.py
[2024-12-14T05:47:14.184-0800] {logging_mixin.py:190} INFO - [2024-12-14T05:47:14.184-0800] {utils.py:160} INFO - NumExpr defaulting to 8 threads.
[2024-12-14T05:47:14.676-0800] {processor.py:927} WARNING - No viable dags retrieved from /Users/rishukhurana/anaconda3/lib/python3.11/site-packages/airflow/example_dags/plugins/workday.py
[2024-12-14T05:47:14.751-0800] {processor.py:208} INFO - Processing /Users/rishukhurana/anaconda3/lib/python3.11/site-packages/airflow/example_dags/plugins/workday.py took 1.101 seconds
[2024-12-14T05:50:40.834-0800] {processor.py:186} INFO - Started process (PID=11284) to work on /Users/rishukhurana/anaconda3/lib/python3.11/site-packages/airflow/example_dags/plugins/workday.py
[2024-12-14T05:50:40.837-0800] {processor.py:914} INFO - Processing file /Users/rishukhurana/anaconda3/lib/python3.11/site-packages/airflow/example_dags/plugins/workday.py for tasks to queue
[2024-12-14T05:50:40.838-0800] {logging_mixin.py:190} INFO - [2024-12-14T05:50:40.838-0800] {dagbag.py:588} INFO - Filling up the DagBag from /Users/rishukhurana/anaconda3/lib/python3.11/site-packages/airflow/example_dags/plugins/workday.py
[2024-12-14T05:50:41.315-0800] {logging_mixin.py:190} INFO - [2024-12-14T05:50:41.315-0800] {utils.py:160} INFO - NumExpr defaulting to 8 threads.
[2024-12-14T05:50:41.636-0800] {processor.py:927} WARNING - No viable dags retrieved from /Users/rishukhurana/anaconda3/lib/python3.11/site-packages/airflow/example_dags/plugins/workday.py
[2024-12-14T05:50:41.717-0800] {processor.py:208} INFO - Processing /Users/rishukhurana/anaconda3/lib/python3.11/site-packages/airflow/example_dags/plugins/workday.py took 0.888 seconds
[2024-12-14T05:53:52.359-0800] {processor.py:186} INFO - Started process (PID=11461) to work on /Users/rishukhurana/anaconda3/lib/python3.11/site-packages/airflow/example_dags/plugins/workday.py
[2024-12-14T05:53:52.361-0800] {processor.py:914} INFO - Processing file /Users/rishukhurana/anaconda3/lib/python3.11/site-packages/airflow/example_dags/plugins/workday.py for tasks to queue
[2024-12-14T05:53:52.362-0800] {logging_mixin.py:190} INFO - [2024-12-14T05:53:52.362-0800] {dagbag.py:588} INFO - Filling up the DagBag from /Users/rishukhurana/anaconda3/lib/python3.11/site-packages/airflow/example_dags/plugins/workday.py
[2024-12-14T05:53:52.867-0800] {logging_mixin.py:190} INFO - [2024-12-14T05:53:52.867-0800] {utils.py:160} INFO - NumExpr defaulting to 8 threads.
[2024-12-14T05:53:53.348-0800] {processor.py:927} WARNING - No viable dags retrieved from /Users/rishukhurana/anaconda3/lib/python3.11/site-packages/airflow/example_dags/plugins/workday.py
[2024-12-14T05:53:53.429-0800] {processor.py:208} INFO - Processing /Users/rishukhurana/anaconda3/lib/python3.11/site-packages/airflow/example_dags/plugins/workday.py took 1.077 seconds
[2024-12-14T05:57:04.697-0800] {processor.py:186} INFO - Started process (PID=11636) to work on /Users/rishukhurana/anaconda3/lib/python3.11/site-packages/airflow/example_dags/plugins/workday.py
[2024-12-14T05:57:04.699-0800] {processor.py:914} INFO - Processing file /Users/rishukhurana/anaconda3/lib/python3.11/site-packages/airflow/example_dags/plugins/workday.py for tasks to queue
[2024-12-14T05:57:04.700-0800] {logging_mixin.py:190} INFO - [2024-12-14T05:57:04.700-0800] {dagbag.py:588} INFO - Filling up the DagBag from /Users/rishukhurana/anaconda3/lib/python3.11/site-packages/airflow/example_dags/plugins/workday.py
[2024-12-14T05:57:05.217-0800] {logging_mixin.py:190} INFO - [2024-12-14T05:57:05.216-0800] {utils.py:160} INFO - NumExpr defaulting to 8 threads.
[2024-12-14T05:57:05.752-0800] {processor.py:927} WARNING - No viable dags retrieved from /Users/rishukhurana/anaconda3/lib/python3.11/site-packages/airflow/example_dags/plugins/workday.py
[2024-12-14T05:57:05.830-0800] {processor.py:208} INFO - Processing /Users/rishukhurana/anaconda3/lib/python3.11/site-packages/airflow/example_dags/plugins/workday.py took 1.140 seconds
[2024-12-14T06:00:07.028-0800] {processor.py:186} INFO - Started process (PID=11789) to work on /Users/rishukhurana/anaconda3/lib/python3.11/site-packages/airflow/example_dags/plugins/workday.py
[2024-12-14T06:00:07.030-0800] {processor.py:914} INFO - Processing file /Users/rishukhurana/anaconda3/lib/python3.11/site-packages/airflow/example_dags/plugins/workday.py for tasks to queue
[2024-12-14T06:00:07.031-0800] {logging_mixin.py:190} INFO - [2024-12-14T06:00:07.031-0800] {dagbag.py:588} INFO - Filling up the DagBag from /Users/rishukhurana/anaconda3/lib/python3.11/site-packages/airflow/example_dags/plugins/workday.py
[2024-12-14T06:00:07.536-0800] {logging_mixin.py:190} INFO - [2024-12-14T06:00:07.535-0800] {utils.py:160} INFO - NumExpr defaulting to 8 threads.
[2024-12-14T06:00:08.064-0800] {processor.py:927} WARNING - No viable dags retrieved from /Users/rishukhurana/anaconda3/lib/python3.11/site-packages/airflow/example_dags/plugins/workday.py
[2024-12-14T06:00:08.139-0800] {processor.py:208} INFO - Processing /Users/rishukhurana/anaconda3/lib/python3.11/site-packages/airflow/example_dags/plugins/workday.py took 1.117 seconds
[2024-12-14T06:03:06.544-0800] {processor.py:186} INFO - Started process (PID=11930) to work on /Users/rishukhurana/anaconda3/lib/python3.11/site-packages/airflow/example_dags/plugins/workday.py
[2024-12-14T06:03:06.547-0800] {processor.py:914} INFO - Processing file /Users/rishukhurana/anaconda3/lib/python3.11/site-packages/airflow/example_dags/plugins/workday.py for tasks to queue
[2024-12-14T06:03:06.549-0800] {logging_mixin.py:190} INFO - [2024-12-14T06:03:06.548-0800] {dagbag.py:588} INFO - Filling up the DagBag from /Users/rishukhurana/anaconda3/lib/python3.11/site-packages/airflow/example_dags/plugins/workday.py
[2024-12-14T06:03:07.064-0800] {logging_mixin.py:190} INFO - [2024-12-14T06:03:07.063-0800] {utils.py:160} INFO - NumExpr defaulting to 8 threads.
[2024-12-14T06:03:07.585-0800] {processor.py:927} WARNING - No viable dags retrieved from /Users/rishukhurana/anaconda3/lib/python3.11/site-packages/airflow/example_dags/plugins/workday.py
[2024-12-14T06:03:07.668-0800] {processor.py:208} INFO - Processing /Users/rishukhurana/anaconda3/lib/python3.11/site-packages/airflow/example_dags/plugins/workday.py took 1.129 seconds
[2024-12-14T06:06:04.247-0800] {processor.py:186} INFO - Started process (PID=12067) to work on /Users/rishukhurana/anaconda3/lib/python3.11/site-packages/airflow/example_dags/plugins/workday.py
[2024-12-14T06:06:04.249-0800] {processor.py:914} INFO - Processing file /Users/rishukhurana/anaconda3/lib/python3.11/site-packages/airflow/example_dags/plugins/workday.py for tasks to queue
[2024-12-14T06:06:04.251-0800] {logging_mixin.py:190} INFO - [2024-12-14T06:06:04.250-0800] {dagbag.py:588} INFO - Filling up the DagBag from /Users/rishukhurana/anaconda3/lib/python3.11/site-packages/airflow/example_dags/plugins/workday.py
[2024-12-14T06:06:04.703-0800] {logging_mixin.py:190} INFO - [2024-12-14T06:06:04.703-0800] {utils.py:160} INFO - NumExpr defaulting to 8 threads.
[2024-12-14T06:06:05.169-0800] {processor.py:927} WARNING - No viable dags retrieved from /Users/rishukhurana/anaconda3/lib/python3.11/site-packages/airflow/example_dags/plugins/workday.py
[2024-12-14T06:06:05.247-0800] {processor.py:208} INFO - Processing /Users/rishukhurana/anaconda3/lib/python3.11/site-packages/airflow/example_dags/plugins/workday.py took 1.006 seconds
[2024-12-14T06:08:56.670-0800] {processor.py:186} INFO - Started process (PID=12205) to work on /Users/rishukhurana/anaconda3/lib/python3.11/site-packages/airflow/example_dags/plugins/workday.py
[2024-12-14T06:08:56.672-0800] {processor.py:914} INFO - Processing file /Users/rishukhurana/anaconda3/lib/python3.11/site-packages/airflow/example_dags/plugins/workday.py for tasks to queue
[2024-12-14T06:08:56.674-0800] {logging_mixin.py:190} INFO - [2024-12-14T06:08:56.673-0800] {dagbag.py:588} INFO - Filling up the DagBag from /Users/rishukhurana/anaconda3/lib/python3.11/site-packages/airflow/example_dags/plugins/workday.py
[2024-12-14T06:08:57.187-0800] {logging_mixin.py:190} INFO - [2024-12-14T06:08:57.186-0800] {utils.py:160} INFO - NumExpr defaulting to 8 threads.
[2024-12-14T06:08:57.735-0800] {processor.py:927} WARNING - No viable dags retrieved from /Users/rishukhurana/anaconda3/lib/python3.11/site-packages/airflow/example_dags/plugins/workday.py
[2024-12-14T06:08:57.811-0800] {processor.py:208} INFO - Processing /Users/rishukhurana/anaconda3/lib/python3.11/site-packages/airflow/example_dags/plugins/workday.py took 1.146 seconds
[2024-12-14T06:11:49.104-0800] {processor.py:186} INFO - Started process (PID=12343) to work on /Users/rishukhurana/anaconda3/lib/python3.11/site-packages/airflow/example_dags/plugins/workday.py
[2024-12-14T06:11:49.106-0800] {processor.py:914} INFO - Processing file /Users/rishukhurana/anaconda3/lib/python3.11/site-packages/airflow/example_dags/plugins/workday.py for tasks to queue
[2024-12-14T06:11:49.107-0800] {logging_mixin.py:190} INFO - [2024-12-14T06:11:49.107-0800] {dagbag.py:588} INFO - Filling up the DagBag from /Users/rishukhurana/anaconda3/lib/python3.11/site-packages/airflow/example_dags/plugins/workday.py
[2024-12-14T06:11:49.456-0800] {logging_mixin.py:190} INFO - [2024-12-14T06:11:49.455-0800] {utils.py:160} INFO - NumExpr defaulting to 8 threads.
[2024-12-14T06:11:49.749-0800] {processor.py:927} WARNING - No viable dags retrieved from /Users/rishukhurana/anaconda3/lib/python3.11/site-packages/airflow/example_dags/plugins/workday.py
[2024-12-14T06:11:49.827-0800] {processor.py:208} INFO - Processing /Users/rishukhurana/anaconda3/lib/python3.11/site-packages/airflow/example_dags/plugins/workday.py took 0.729 seconds
[2024-12-14T06:14:45.314-0800] {processor.py:186} INFO - Started process (PID=12483) to work on /Users/rishukhurana/anaconda3/lib/python3.11/site-packages/airflow/example_dags/plugins/workday.py
[2024-12-14T06:14:45.316-0800] {processor.py:914} INFO - Processing file /Users/rishukhurana/anaconda3/lib/python3.11/site-packages/airflow/example_dags/plugins/workday.py for tasks to queue
[2024-12-14T06:14:45.317-0800] {logging_mixin.py:190} INFO - [2024-12-14T06:14:45.317-0800] {dagbag.py:588} INFO - Filling up the DagBag from /Users/rishukhurana/anaconda3/lib/python3.11/site-packages/airflow/example_dags/plugins/workday.py
[2024-12-14T06:14:45.822-0800] {logging_mixin.py:190} INFO - [2024-12-14T06:14:45.822-0800] {utils.py:160} INFO - NumExpr defaulting to 8 threads.
[2024-12-14T06:14:46.290-0800] {processor.py:927} WARNING - No viable dags retrieved from /Users/rishukhurana/anaconda3/lib/python3.11/site-packages/airflow/example_dags/plugins/workday.py
[2024-12-14T06:14:46.370-0800] {processor.py:208} INFO - Processing /Users/rishukhurana/anaconda3/lib/python3.11/site-packages/airflow/example_dags/plugins/workday.py took 1.062 seconds
[2024-12-14T06:17:44.967-0800] {processor.py:186} INFO - Started process (PID=12622) to work on /Users/rishukhurana/anaconda3/lib/python3.11/site-packages/airflow/example_dags/plugins/workday.py
[2024-12-14T06:17:44.970-0800] {processor.py:914} INFO - Processing file /Users/rishukhurana/anaconda3/lib/python3.11/site-packages/airflow/example_dags/plugins/workday.py for tasks to queue
[2024-12-14T06:17:44.972-0800] {logging_mixin.py:190} INFO - [2024-12-14T06:17:44.972-0800] {dagbag.py:588} INFO - Filling up the DagBag from /Users/rishukhurana/anaconda3/lib/python3.11/site-packages/airflow/example_dags/plugins/workday.py
[2024-12-14T06:17:45.559-0800] {logging_mixin.py:190} INFO - [2024-12-14T06:17:45.558-0800] {utils.py:160} INFO - NumExpr defaulting to 8 threads.
[2024-12-14T06:17:46.005-0800] {processor.py:927} WARNING - No viable dags retrieved from /Users/rishukhurana/anaconda3/lib/python3.11/site-packages/airflow/example_dags/plugins/workday.py
[2024-12-14T06:17:46.085-0800] {processor.py:208} INFO - Processing /Users/rishukhurana/anaconda3/lib/python3.11/site-packages/airflow/example_dags/plugins/workday.py took 1.127 seconds
[2024-12-14T06:20:53.599-0800] {processor.py:186} INFO - Started process (PID=12803) to work on /Users/rishukhurana/anaconda3/lib/python3.11/site-packages/airflow/example_dags/plugins/workday.py
[2024-12-14T06:20:53.602-0800] {processor.py:914} INFO - Processing file /Users/rishukhurana/anaconda3/lib/python3.11/site-packages/airflow/example_dags/plugins/workday.py for tasks to queue
[2024-12-14T06:20:53.603-0800] {logging_mixin.py:190} INFO - [2024-12-14T06:20:53.603-0800] {dagbag.py:588} INFO - Filling up the DagBag from /Users/rishukhurana/anaconda3/lib/python3.11/site-packages/airflow/example_dags/plugins/workday.py
[2024-12-14T06:20:54.125-0800] {logging_mixin.py:190} INFO - [2024-12-14T06:20:54.124-0800] {utils.py:160} INFO - NumExpr defaulting to 8 threads.
[2024-12-14T06:20:54.627-0800] {processor.py:927} WARNING - No viable dags retrieved from /Users/rishukhurana/anaconda3/lib/python3.11/site-packages/airflow/example_dags/plugins/workday.py
[2024-12-14T06:20:54.710-0800] {processor.py:208} INFO - Processing /Users/rishukhurana/anaconda3/lib/python3.11/site-packages/airflow/example_dags/plugins/workday.py took 1.117 seconds
[2024-12-14T06:23:51.728-0800] {processor.py:186} INFO - Started process (PID=12998) to work on /Users/rishukhurana/anaconda3/lib/python3.11/site-packages/airflow/example_dags/plugins/workday.py
[2024-12-14T06:23:51.730-0800] {processor.py:914} INFO - Processing file /Users/rishukhurana/anaconda3/lib/python3.11/site-packages/airflow/example_dags/plugins/workday.py for tasks to queue
[2024-12-14T06:23:51.731-0800] {logging_mixin.py:190} INFO - [2024-12-14T06:23:51.731-0800] {dagbag.py:588} INFO - Filling up the DagBag from /Users/rishukhurana/anaconda3/lib/python3.11/site-packages/airflow/example_dags/plugins/workday.py
[2024-12-14T06:23:52.214-0800] {logging_mixin.py:190} INFO - [2024-12-14T06:23:52.214-0800] {utils.py:160} INFO - NumExpr defaulting to 8 threads.
[2024-12-14T06:23:52.672-0800] {processor.py:927} WARNING - No viable dags retrieved from /Users/rishukhurana/anaconda3/lib/python3.11/site-packages/airflow/example_dags/plugins/workday.py
[2024-12-14T06:23:52.754-0800] {processor.py:208} INFO - Processing /Users/rishukhurana/anaconda3/lib/python3.11/site-packages/airflow/example_dags/plugins/workday.py took 1.032 seconds
[2024-12-14T06:26:48.714-0800] {processor.py:186} INFO - Started process (PID=13193) to work on /Users/rishukhurana/anaconda3/lib/python3.11/site-packages/airflow/example_dags/plugins/workday.py
[2024-12-14T06:26:48.716-0800] {processor.py:914} INFO - Processing file /Users/rishukhurana/anaconda3/lib/python3.11/site-packages/airflow/example_dags/plugins/workday.py for tasks to queue
[2024-12-14T06:26:48.717-0800] {logging_mixin.py:190} INFO - [2024-12-14T06:26:48.717-0800] {dagbag.py:588} INFO - Filling up the DagBag from /Users/rishukhurana/anaconda3/lib/python3.11/site-packages/airflow/example_dags/plugins/workday.py
[2024-12-14T06:26:49.244-0800] {logging_mixin.py:190} INFO - [2024-12-14T06:26:49.244-0800] {utils.py:160} INFO - NumExpr defaulting to 8 threads.
[2024-12-14T06:26:49.746-0800] {processor.py:927} WARNING - No viable dags retrieved from /Users/rishukhurana/anaconda3/lib/python3.11/site-packages/airflow/example_dags/plugins/workday.py
[2024-12-14T06:26:49.828-0800] {processor.py:208} INFO - Processing /Users/rishukhurana/anaconda3/lib/python3.11/site-packages/airflow/example_dags/plugins/workday.py took 1.120 seconds
[2024-12-14T06:29:50.223-0800] {processor.py:186} INFO - Started process (PID=13353) to work on /Users/rishukhurana/anaconda3/lib/python3.11/site-packages/airflow/example_dags/plugins/workday.py
[2024-12-14T06:29:50.225-0800] {processor.py:914} INFO - Processing file /Users/rishukhurana/anaconda3/lib/python3.11/site-packages/airflow/example_dags/plugins/workday.py for tasks to queue
[2024-12-14T06:29:50.226-0800] {logging_mixin.py:190} INFO - [2024-12-14T06:29:50.226-0800] {dagbag.py:588} INFO - Filling up the DagBag from /Users/rishukhurana/anaconda3/lib/python3.11/site-packages/airflow/example_dags/plugins/workday.py
[2024-12-14T06:29:50.695-0800] {logging_mixin.py:190} INFO - [2024-12-14T06:29:50.695-0800] {utils.py:160} INFO - NumExpr defaulting to 8 threads.
[2024-12-14T06:29:51.114-0800] {processor.py:927} WARNING - No viable dags retrieved from /Users/rishukhurana/anaconda3/lib/python3.11/site-packages/airflow/example_dags/plugins/workday.py
[2024-12-14T06:29:51.204-0800] {processor.py:208} INFO - Processing /Users/rishukhurana/anaconda3/lib/python3.11/site-packages/airflow/example_dags/plugins/workday.py took 0.988 seconds
[2024-12-14T06:32:54.898-0800] {processor.py:186} INFO - Started process (PID=13501) to work on /Users/rishukhurana/anaconda3/lib/python3.11/site-packages/airflow/example_dags/plugins/workday.py
[2024-12-14T06:32:54.901-0800] {processor.py:914} INFO - Processing file /Users/rishukhurana/anaconda3/lib/python3.11/site-packages/airflow/example_dags/plugins/workday.py for tasks to queue
[2024-12-14T06:32:54.902-0800] {logging_mixin.py:190} INFO - [2024-12-14T06:32:54.902-0800] {dagbag.py:588} INFO - Filling up the DagBag from /Users/rishukhurana/anaconda3/lib/python3.11/site-packages/airflow/example_dags/plugins/workday.py
[2024-12-14T06:32:55.476-0800] {logging_mixin.py:190} INFO - [2024-12-14T06:32:55.475-0800] {utils.py:160} INFO - NumExpr defaulting to 8 threads.
[2024-12-14T06:32:55.996-0800] {processor.py:927} WARNING - No viable dags retrieved from /Users/rishukhurana/anaconda3/lib/python3.11/site-packages/airflow/example_dags/plugins/workday.py
[2024-12-14T06:32:56.078-0800] {processor.py:208} INFO - Processing /Users/rishukhurana/anaconda3/lib/python3.11/site-packages/airflow/example_dags/plugins/workday.py took 1.186 seconds
[2024-12-14T06:35:50.203-0800] {processor.py:186} INFO - Started process (PID=13638) to work on /Users/rishukhurana/anaconda3/lib/python3.11/site-packages/airflow/example_dags/plugins/workday.py
[2024-12-14T06:35:50.205-0800] {processor.py:914} INFO - Processing file /Users/rishukhurana/anaconda3/lib/python3.11/site-packages/airflow/example_dags/plugins/workday.py for tasks to queue
[2024-12-14T06:35:50.206-0800] {logging_mixin.py:190} INFO - [2024-12-14T06:35:50.206-0800] {dagbag.py:588} INFO - Filling up the DagBag from /Users/rishukhurana/anaconda3/lib/python3.11/site-packages/airflow/example_dags/plugins/workday.py
[2024-12-14T06:35:50.546-0800] {logging_mixin.py:190} INFO - [2024-12-14T06:35:50.545-0800] {utils.py:160} INFO - NumExpr defaulting to 8 threads.
[2024-12-14T06:35:50.830-0800] {processor.py:927} WARNING - No viable dags retrieved from /Users/rishukhurana/anaconda3/lib/python3.11/site-packages/airflow/example_dags/plugins/workday.py
[2024-12-14T06:35:50.905-0800] {processor.py:208} INFO - Processing /Users/rishukhurana/anaconda3/lib/python3.11/site-packages/airflow/example_dags/plugins/workday.py took 0.708 seconds
[2024-12-14T06:38:31.137-0800] {processor.py:186} INFO - Started process (PID=13773) to work on /Users/rishukhurana/anaconda3/lib/python3.11/site-packages/airflow/example_dags/plugins/workday.py
[2024-12-14T06:38:31.139-0800] {processor.py:914} INFO - Processing file /Users/rishukhurana/anaconda3/lib/python3.11/site-packages/airflow/example_dags/plugins/workday.py for tasks to queue
[2024-12-14T06:38:31.140-0800] {logging_mixin.py:190} INFO - [2024-12-14T06:38:31.140-0800] {dagbag.py:588} INFO - Filling up the DagBag from /Users/rishukhurana/anaconda3/lib/python3.11/site-packages/airflow/example_dags/plugins/workday.py
[2024-12-14T06:38:31.656-0800] {logging_mixin.py:190} INFO - [2024-12-14T06:38:31.655-0800] {utils.py:160} INFO - NumExpr defaulting to 8 threads.
[2024-12-14T06:38:32.215-0800] {processor.py:927} WARNING - No viable dags retrieved from /Users/rishukhurana/anaconda3/lib/python3.11/site-packages/airflow/example_dags/plugins/workday.py
[2024-12-14T06:38:32.290-0800] {processor.py:208} INFO - Processing /Users/rishukhurana/anaconda3/lib/python3.11/site-packages/airflow/example_dags/plugins/workday.py took 1.159 seconds
[2024-12-14T06:41:19.447-0800] {processor.py:186} INFO - Started process (PID=13941) to work on /Users/rishukhurana/anaconda3/lib/python3.11/site-packages/airflow/example_dags/plugins/workday.py
[2024-12-14T06:41:19.449-0800] {processor.py:914} INFO - Processing file /Users/rishukhurana/anaconda3/lib/python3.11/site-packages/airflow/example_dags/plugins/workday.py for tasks to queue
[2024-12-14T06:41:19.450-0800] {logging_mixin.py:190} INFO - [2024-12-14T06:41:19.450-0800] {dagbag.py:588} INFO - Filling up the DagBag from /Users/rishukhurana/anaconda3/lib/python3.11/site-packages/airflow/example_dags/plugins/workday.py
[2024-12-14T06:41:19.902-0800] {logging_mixin.py:190} INFO - [2024-12-14T06:41:19.901-0800] {utils.py:160} INFO - NumExpr defaulting to 8 threads.
[2024-12-14T06:41:20.366-0800] {processor.py:927} WARNING - No viable dags retrieved from /Users/rishukhurana/anaconda3/lib/python3.11/site-packages/airflow/example_dags/plugins/workday.py
[2024-12-14T06:41:20.444-0800] {processor.py:208} INFO - Processing /Users/rishukhurana/anaconda3/lib/python3.11/site-packages/airflow/example_dags/plugins/workday.py took 1.002 seconds
[2024-12-14T06:44:23.022-0800] {processor.py:186} INFO - Started process (PID=14106) to work on /Users/rishukhurana/anaconda3/lib/python3.11/site-packages/airflow/example_dags/plugins/workday.py
[2024-12-14T06:44:23.023-0800] {processor.py:914} INFO - Processing file /Users/rishukhurana/anaconda3/lib/python3.11/site-packages/airflow/example_dags/plugins/workday.py for tasks to queue
[2024-12-14T06:44:23.025-0800] {logging_mixin.py:190} INFO - [2024-12-14T06:44:23.024-0800] {dagbag.py:588} INFO - Filling up the DagBag from /Users/rishukhurana/anaconda3/lib/python3.11/site-packages/airflow/example_dags/plugins/workday.py
[2024-12-14T06:44:23.480-0800] {logging_mixin.py:190} INFO - [2024-12-14T06:44:23.479-0800] {utils.py:160} INFO - NumExpr defaulting to 8 threads.
[2024-12-14T06:44:23.841-0800] {processor.py:927} WARNING - No viable dags retrieved from /Users/rishukhurana/anaconda3/lib/python3.11/site-packages/airflow/example_dags/plugins/workday.py
[2024-12-14T06:44:23.928-0800] {processor.py:208} INFO - Processing /Users/rishukhurana/anaconda3/lib/python3.11/site-packages/airflow/example_dags/plugins/workday.py took 0.912 seconds
[2024-12-14T06:47:15.678-0800] {processor.py:186} INFO - Started process (PID=14250) to work on /Users/rishukhurana/anaconda3/lib/python3.11/site-packages/airflow/example_dags/plugins/workday.py
[2024-12-14T06:47:15.680-0800] {processor.py:914} INFO - Processing file /Users/rishukhurana/anaconda3/lib/python3.11/site-packages/airflow/example_dags/plugins/workday.py for tasks to queue
[2024-12-14T06:47:15.682-0800] {logging_mixin.py:190} INFO - [2024-12-14T06:47:15.681-0800] {dagbag.py:588} INFO - Filling up the DagBag from /Users/rishukhurana/anaconda3/lib/python3.11/site-packages/airflow/example_dags/plugins/workday.py
[2024-12-14T06:47:16.127-0800] {logging_mixin.py:190} INFO - [2024-12-14T06:47:16.126-0800] {utils.py:160} INFO - NumExpr defaulting to 8 threads.
[2024-12-14T06:47:16.613-0800] {processor.py:927} WARNING - No viable dags retrieved from /Users/rishukhurana/anaconda3/lib/python3.11/site-packages/airflow/example_dags/plugins/workday.py
[2024-12-14T06:47:16.685-0800] {processor.py:208} INFO - Processing /Users/rishukhurana/anaconda3/lib/python3.11/site-packages/airflow/example_dags/plugins/workday.py took 1.012 seconds
[2024-12-14T06:49:58.441-0800] {processor.py:186} INFO - Started process (PID=14402) to work on /Users/rishukhurana/anaconda3/lib/python3.11/site-packages/airflow/example_dags/plugins/workday.py
[2024-12-14T06:49:58.443-0800] {processor.py:914} INFO - Processing file /Users/rishukhurana/anaconda3/lib/python3.11/site-packages/airflow/example_dags/plugins/workday.py for tasks to queue
[2024-12-14T06:49:58.444-0800] {logging_mixin.py:190} INFO - [2024-12-14T06:49:58.444-0800] {dagbag.py:588} INFO - Filling up the DagBag from /Users/rishukhurana/anaconda3/lib/python3.11/site-packages/airflow/example_dags/plugins/workday.py
[2024-12-14T06:49:58.894-0800] {logging_mixin.py:190} INFO - [2024-12-14T06:49:58.894-0800] {utils.py:160} INFO - NumExpr defaulting to 8 threads.
[2024-12-14T06:49:59.401-0800] {processor.py:927} WARNING - No viable dags retrieved from /Users/rishukhurana/anaconda3/lib/python3.11/site-packages/airflow/example_dags/plugins/workday.py
[2024-12-14T06:49:59.474-0800] {processor.py:208} INFO - Processing /Users/rishukhurana/anaconda3/lib/python3.11/site-packages/airflow/example_dags/plugins/workday.py took 1.038 seconds
[2024-12-14T06:52:42.648-0800] {processor.py:186} INFO - Started process (PID=14557) to work on /Users/rishukhurana/anaconda3/lib/python3.11/site-packages/airflow/example_dags/plugins/workday.py
[2024-12-14T06:52:42.651-0800] {processor.py:914} INFO - Processing file /Users/rishukhurana/anaconda3/lib/python3.11/site-packages/airflow/example_dags/plugins/workday.py for tasks to queue
[2024-12-14T06:52:42.652-0800] {logging_mixin.py:190} INFO - [2024-12-14T06:52:42.652-0800] {dagbag.py:588} INFO - Filling up the DagBag from /Users/rishukhurana/anaconda3/lib/python3.11/site-packages/airflow/example_dags/plugins/workday.py
[2024-12-14T06:52:43.108-0800] {logging_mixin.py:190} INFO - [2024-12-14T06:52:43.108-0800] {utils.py:160} INFO - NumExpr defaulting to 8 threads.
[2024-12-14T06:52:43.541-0800] {processor.py:927} WARNING - No viable dags retrieved from /Users/rishukhurana/anaconda3/lib/python3.11/site-packages/airflow/example_dags/plugins/workday.py
[2024-12-14T06:52:43.622-0800] {processor.py:208} INFO - Processing /Users/rishukhurana/anaconda3/lib/python3.11/site-packages/airflow/example_dags/plugins/workday.py took 0.980 seconds
[2024-12-14T06:55:33.184-0800] {processor.py:186} INFO - Started process (PID=14712) to work on /Users/rishukhurana/anaconda3/lib/python3.11/site-packages/airflow/example_dags/plugins/workday.py
[2024-12-14T06:55:33.186-0800] {processor.py:914} INFO - Processing file /Users/rishukhurana/anaconda3/lib/python3.11/site-packages/airflow/example_dags/plugins/workday.py for tasks to queue
[2024-12-14T06:55:33.187-0800] {logging_mixin.py:190} INFO - [2024-12-14T06:55:33.187-0800] {dagbag.py:588} INFO - Filling up the DagBag from /Users/rishukhurana/anaconda3/lib/python3.11/site-packages/airflow/example_dags/plugins/workday.py
[2024-12-14T06:55:33.700-0800] {logging_mixin.py:190} INFO - [2024-12-14T06:55:33.700-0800] {utils.py:160} INFO - NumExpr defaulting to 8 threads.
[2024-12-14T06:55:34.189-0800] {processor.py:927} WARNING - No viable dags retrieved from /Users/rishukhurana/anaconda3/lib/python3.11/site-packages/airflow/example_dags/plugins/workday.py
[2024-12-14T06:55:34.265-0800] {processor.py:208} INFO - Processing /Users/rishukhurana/anaconda3/lib/python3.11/site-packages/airflow/example_dags/plugins/workday.py took 1.087 seconds
[2024-12-14T06:58:16.279-0800] {processor.py:186} INFO - Started process (PID=14846) to work on /Users/rishukhurana/anaconda3/lib/python3.11/site-packages/airflow/example_dags/plugins/workday.py
[2024-12-14T06:58:16.281-0800] {processor.py:914} INFO - Processing file /Users/rishukhurana/anaconda3/lib/python3.11/site-packages/airflow/example_dags/plugins/workday.py for tasks to queue
[2024-12-14T06:58:16.282-0800] {logging_mixin.py:190} INFO - [2024-12-14T06:58:16.282-0800] {dagbag.py:588} INFO - Filling up the DagBag from /Users/rishukhurana/anaconda3/lib/python3.11/site-packages/airflow/example_dags/plugins/workday.py
[2024-12-14T06:58:16.733-0800] {logging_mixin.py:190} INFO - [2024-12-14T06:58:16.733-0800] {utils.py:160} INFO - NumExpr defaulting to 8 threads.
[2024-12-14T06:58:17.221-0800] {processor.py:927} WARNING - No viable dags retrieved from /Users/rishukhurana/anaconda3/lib/python3.11/site-packages/airflow/example_dags/plugins/workday.py
[2024-12-14T06:58:17.295-0800] {processor.py:208} INFO - Processing /Users/rishukhurana/anaconda3/lib/python3.11/site-packages/airflow/example_dags/plugins/workday.py took 1.022 seconds
[2024-12-14T07:01:02.049-0800] {processor.py:186} INFO - Started process (PID=14990) to work on /Users/rishukhurana/anaconda3/lib/python3.11/site-packages/airflow/example_dags/plugins/workday.py
[2024-12-14T07:01:02.051-0800] {processor.py:914} INFO - Processing file /Users/rishukhurana/anaconda3/lib/python3.11/site-packages/airflow/example_dags/plugins/workday.py for tasks to queue
[2024-12-14T07:01:02.052-0800] {logging_mixin.py:190} INFO - [2024-12-14T07:01:02.052-0800] {dagbag.py:588} INFO - Filling up the DagBag from /Users/rishukhurana/anaconda3/lib/python3.11/site-packages/airflow/example_dags/plugins/workday.py
[2024-12-14T07:01:02.522-0800] {logging_mixin.py:190} INFO - [2024-12-14T07:01:02.521-0800] {utils.py:160} INFO - NumExpr defaulting to 8 threads.
[2024-12-14T07:01:02.970-0800] {processor.py:927} WARNING - No viable dags retrieved from /Users/rishukhurana/anaconda3/lib/python3.11/site-packages/airflow/example_dags/plugins/workday.py
[2024-12-14T07:01:03.052-0800] {processor.py:208} INFO - Processing /Users/rishukhurana/anaconda3/lib/python3.11/site-packages/airflow/example_dags/plugins/workday.py took 1.010 seconds
[2024-12-14T07:04:03.276-0800] {processor.py:186} INFO - Started process (PID=15139) to work on /Users/rishukhurana/anaconda3/lib/python3.11/site-packages/airflow/example_dags/plugins/workday.py
[2024-12-14T07:04:03.279-0800] {processor.py:914} INFO - Processing file /Users/rishukhurana/anaconda3/lib/python3.11/site-packages/airflow/example_dags/plugins/workday.py for tasks to queue
[2024-12-14T07:04:03.280-0800] {logging_mixin.py:190} INFO - [2024-12-14T07:04:03.279-0800] {dagbag.py:588} INFO - Filling up the DagBag from /Users/rishukhurana/anaconda3/lib/python3.11/site-packages/airflow/example_dags/plugins/workday.py
[2024-12-14T07:04:03.743-0800] {logging_mixin.py:190} INFO - [2024-12-14T07:04:03.743-0800] {utils.py:160} INFO - NumExpr defaulting to 8 threads.
[2024-12-14T07:04:04.261-0800] {processor.py:927} WARNING - No viable dags retrieved from /Users/rishukhurana/anaconda3/lib/python3.11/site-packages/airflow/example_dags/plugins/workday.py
[2024-12-14T07:04:04.333-0800] {processor.py:208} INFO - Processing /Users/rishukhurana/anaconda3/lib/python3.11/site-packages/airflow/example_dags/plugins/workday.py took 1.062 seconds
[2024-12-14T07:06:56.241-0800] {processor.py:186} INFO - Started process (PID=15290) to work on /Users/rishukhurana/anaconda3/lib/python3.11/site-packages/airflow/example_dags/plugins/workday.py
[2024-12-14T07:06:56.243-0800] {processor.py:914} INFO - Processing file /Users/rishukhurana/anaconda3/lib/python3.11/site-packages/airflow/example_dags/plugins/workday.py for tasks to queue
[2024-12-14T07:06:56.244-0800] {logging_mixin.py:190} INFO - [2024-12-14T07:06:56.244-0800] {dagbag.py:588} INFO - Filling up the DagBag from /Users/rishukhurana/anaconda3/lib/python3.11/site-packages/airflow/example_dags/plugins/workday.py
[2024-12-14T07:06:56.594-0800] {logging_mixin.py:190} INFO - [2024-12-14T07:06:56.594-0800] {utils.py:160} INFO - NumExpr defaulting to 8 threads.
[2024-12-14T07:06:56.925-0800] {processor.py:927} WARNING - No viable dags retrieved from /Users/rishukhurana/anaconda3/lib/python3.11/site-packages/airflow/example_dags/plugins/workday.py
[2024-12-14T07:06:57.008-0800] {processor.py:208} INFO - Processing /Users/rishukhurana/anaconda3/lib/python3.11/site-packages/airflow/example_dags/plugins/workday.py took 0.774 seconds
[2024-12-14T07:09:54.943-0800] {processor.py:186} INFO - Started process (PID=15433) to work on /Users/rishukhurana/anaconda3/lib/python3.11/site-packages/airflow/example_dags/plugins/workday.py
[2024-12-14T07:09:54.945-0800] {processor.py:914} INFO - Processing file /Users/rishukhurana/anaconda3/lib/python3.11/site-packages/airflow/example_dags/plugins/workday.py for tasks to queue
[2024-12-14T07:09:54.946-0800] {logging_mixin.py:190} INFO - [2024-12-14T07:09:54.946-0800] {dagbag.py:588} INFO - Filling up the DagBag from /Users/rishukhurana/anaconda3/lib/python3.11/site-packages/airflow/example_dags/plugins/workday.py
[2024-12-14T07:09:55.424-0800] {logging_mixin.py:190} INFO - [2024-12-14T07:09:55.424-0800] {utils.py:160} INFO - NumExpr defaulting to 8 threads.
[2024-12-14T07:09:55.888-0800] {processor.py:927} WARNING - No viable dags retrieved from /Users/rishukhurana/anaconda3/lib/python3.11/site-packages/airflow/example_dags/plugins/workday.py
[2024-12-14T07:09:55.975-0800] {processor.py:208} INFO - Processing /Users/rishukhurana/anaconda3/lib/python3.11/site-packages/airflow/example_dags/plugins/workday.py took 1.038 seconds
[2024-12-14T07:13:07.760-0800] {processor.py:186} INFO - Started process (PID=15614) to work on /Users/rishukhurana/anaconda3/lib/python3.11/site-packages/airflow/example_dags/plugins/workday.py
[2024-12-14T07:13:07.762-0800] {processor.py:914} INFO - Processing file /Users/rishukhurana/anaconda3/lib/python3.11/site-packages/airflow/example_dags/plugins/workday.py for tasks to queue
[2024-12-14T07:13:07.763-0800] {logging_mixin.py:190} INFO - [2024-12-14T07:13:07.763-0800] {dagbag.py:588} INFO - Filling up the DagBag from /Users/rishukhurana/anaconda3/lib/python3.11/site-packages/airflow/example_dags/plugins/workday.py
[2024-12-14T07:13:08.282-0800] {logging_mixin.py:190} INFO - [2024-12-14T07:13:08.282-0800] {utils.py:160} INFO - NumExpr defaulting to 8 threads.
[2024-12-14T07:13:08.782-0800] {processor.py:927} WARNING - No viable dags retrieved from /Users/rishukhurana/anaconda3/lib/python3.11/site-packages/airflow/example_dags/plugins/workday.py
[2024-12-14T07:13:08.867-0800] {processor.py:208} INFO - Processing /Users/rishukhurana/anaconda3/lib/python3.11/site-packages/airflow/example_dags/plugins/workday.py took 1.113 seconds
[2024-12-14T07:16:33.697-0800] {processor.py:186} INFO - Started process (PID=15843) to work on /Users/rishukhurana/anaconda3/lib/python3.11/site-packages/airflow/example_dags/plugins/workday.py
[2024-12-14T07:16:33.699-0800] {processor.py:914} INFO - Processing file /Users/rishukhurana/anaconda3/lib/python3.11/site-packages/airflow/example_dags/plugins/workday.py for tasks to queue
[2024-12-14T07:16:33.700-0800] {logging_mixin.py:190} INFO - [2024-12-14T07:16:33.700-0800] {dagbag.py:588} INFO - Filling up the DagBag from /Users/rishukhurana/anaconda3/lib/python3.11/site-packages/airflow/example_dags/plugins/workday.py
[2024-12-14T07:16:34.054-0800] {logging_mixin.py:190} INFO - [2024-12-14T07:16:34.054-0800] {utils.py:160} INFO - NumExpr defaulting to 8 threads.
[2024-12-14T07:16:34.343-0800] {processor.py:927} WARNING - No viable dags retrieved from /Users/rishukhurana/anaconda3/lib/python3.11/site-packages/airflow/example_dags/plugins/workday.py
[2024-12-14T07:16:34.416-0800] {processor.py:208} INFO - Processing /Users/rishukhurana/anaconda3/lib/python3.11/site-packages/airflow/example_dags/plugins/workday.py took 0.727 seconds
[2024-12-14T07:19:21.922-0800] {processor.py:186} INFO - Started process (PID=15981) to work on /Users/rishukhurana/anaconda3/lib/python3.11/site-packages/airflow/example_dags/plugins/workday.py
[2024-12-14T07:19:21.923-0800] {processor.py:914} INFO - Processing file /Users/rishukhurana/anaconda3/lib/python3.11/site-packages/airflow/example_dags/plugins/workday.py for tasks to queue
[2024-12-14T07:19:21.924-0800] {logging_mixin.py:190} INFO - [2024-12-14T07:19:21.924-0800] {dagbag.py:588} INFO - Filling up the DagBag from /Users/rishukhurana/anaconda3/lib/python3.11/site-packages/airflow/example_dags/plugins/workday.py
[2024-12-14T07:19:22.293-0800] {logging_mixin.py:190} INFO - [2024-12-14T07:19:22.293-0800] {utils.py:160} INFO - NumExpr defaulting to 8 threads.
[2024-12-14T07:19:22.582-0800] {processor.py:927} WARNING - No viable dags retrieved from /Users/rishukhurana/anaconda3/lib/python3.11/site-packages/airflow/example_dags/plugins/workday.py
[2024-12-14T07:19:22.662-0800] {processor.py:208} INFO - Processing /Users/rishukhurana/anaconda3/lib/python3.11/site-packages/airflow/example_dags/plugins/workday.py took 0.745 seconds
[2024-12-14T07:22:16.221-0800] {processor.py:186} INFO - Started process (PID=16159) to work on /Users/rishukhurana/anaconda3/lib/python3.11/site-packages/airflow/example_dags/plugins/workday.py
[2024-12-14T07:22:16.223-0800] {processor.py:914} INFO - Processing file /Users/rishukhurana/anaconda3/lib/python3.11/site-packages/airflow/example_dags/plugins/workday.py for tasks to queue
[2024-12-14T07:22:16.224-0800] {logging_mixin.py:190} INFO - [2024-12-14T07:22:16.224-0800] {dagbag.py:588} INFO - Filling up the DagBag from /Users/rishukhurana/anaconda3/lib/python3.11/site-packages/airflow/example_dags/plugins/workday.py
[2024-12-14T07:22:16.608-0800] {logging_mixin.py:190} INFO - [2024-12-14T07:22:16.608-0800] {utils.py:160} INFO - NumExpr defaulting to 8 threads.
[2024-12-14T07:22:16.922-0800] {processor.py:927} WARNING - No viable dags retrieved from /Users/rishukhurana/anaconda3/lib/python3.11/site-packages/airflow/example_dags/plugins/workday.py
[2024-12-14T07:22:17.006-0800] {processor.py:208} INFO - Processing /Users/rishukhurana/anaconda3/lib/python3.11/site-packages/airflow/example_dags/plugins/workday.py took 0.790 seconds
[2024-12-14T07:25:09.337-0800] {processor.py:186} INFO - Started process (PID=16299) to work on /Users/rishukhurana/anaconda3/lib/python3.11/site-packages/airflow/example_dags/plugins/workday.py
[2024-12-14T07:25:09.339-0800] {processor.py:914} INFO - Processing file /Users/rishukhurana/anaconda3/lib/python3.11/site-packages/airflow/example_dags/plugins/workday.py for tasks to queue
[2024-12-14T07:25:09.340-0800] {logging_mixin.py:190} INFO - [2024-12-14T07:25:09.340-0800] {dagbag.py:588} INFO - Filling up the DagBag from /Users/rishukhurana/anaconda3/lib/python3.11/site-packages/airflow/example_dags/plugins/workday.py
[2024-12-14T07:25:09.687-0800] {logging_mixin.py:190} INFO - [2024-12-14T07:25:09.686-0800] {utils.py:160} INFO - NumExpr defaulting to 8 threads.
[2024-12-14T07:25:10.027-0800] {processor.py:927} WARNING - No viable dags retrieved from /Users/rishukhurana/anaconda3/lib/python3.11/site-packages/airflow/example_dags/plugins/workday.py
[2024-12-14T07:25:10.106-0800] {processor.py:208} INFO - Processing /Users/rishukhurana/anaconda3/lib/python3.11/site-packages/airflow/example_dags/plugins/workday.py took 0.774 seconds
[2024-12-14T07:28:04.914-0800] {processor.py:186} INFO - Started process (PID=16440) to work on /Users/rishukhurana/anaconda3/lib/python3.11/site-packages/airflow/example_dags/plugins/workday.py
[2024-12-14T07:28:04.917-0800] {processor.py:914} INFO - Processing file /Users/rishukhurana/anaconda3/lib/python3.11/site-packages/airflow/example_dags/plugins/workday.py for tasks to queue
[2024-12-14T07:28:04.918-0800] {logging_mixin.py:190} INFO - [2024-12-14T07:28:04.918-0800] {dagbag.py:588} INFO - Filling up the DagBag from /Users/rishukhurana/anaconda3/lib/python3.11/site-packages/airflow/example_dags/plugins/workday.py
[2024-12-14T07:28:05.276-0800] {logging_mixin.py:190} INFO - [2024-12-14T07:28:05.275-0800] {utils.py:160} INFO - NumExpr defaulting to 8 threads.
[2024-12-14T07:28:05.571-0800] {processor.py:927} WARNING - No viable dags retrieved from /Users/rishukhurana/anaconda3/lib/python3.11/site-packages/airflow/example_dags/plugins/workday.py
[2024-12-14T07:28:05.650-0800] {processor.py:208} INFO - Processing /Users/rishukhurana/anaconda3/lib/python3.11/site-packages/airflow/example_dags/plugins/workday.py took 0.742 seconds
[2024-12-14T07:31:04.380-0800] {processor.py:186} INFO - Started process (PID=16579) to work on /Users/rishukhurana/anaconda3/lib/python3.11/site-packages/airflow/example_dags/plugins/workday.py
[2024-12-14T07:31:04.382-0800] {processor.py:914} INFO - Processing file /Users/rishukhurana/anaconda3/lib/python3.11/site-packages/airflow/example_dags/plugins/workday.py for tasks to queue
[2024-12-14T07:31:04.384-0800] {logging_mixin.py:190} INFO - [2024-12-14T07:31:04.384-0800] {dagbag.py:588} INFO - Filling up the DagBag from /Users/rishukhurana/anaconda3/lib/python3.11/site-packages/airflow/example_dags/plugins/workday.py
[2024-12-14T07:31:04.895-0800] {logging_mixin.py:190} INFO - [2024-12-14T07:31:04.894-0800] {utils.py:160} INFO - NumExpr defaulting to 8 threads.
[2024-12-14T07:31:05.394-0800] {processor.py:927} WARNING - No viable dags retrieved from /Users/rishukhurana/anaconda3/lib/python3.11/site-packages/airflow/example_dags/plugins/workday.py
[2024-12-14T07:31:05.476-0800] {processor.py:208} INFO - Processing /Users/rishukhurana/anaconda3/lib/python3.11/site-packages/airflow/example_dags/plugins/workday.py took 1.102 seconds
[2024-12-14T07:34:11.980-0800] {processor.py:186} INFO - Started process (PID=16742) to work on /Users/rishukhurana/anaconda3/lib/python3.11/site-packages/airflow/example_dags/plugins/workday.py
[2024-12-14T07:34:11.982-0800] {processor.py:914} INFO - Processing file /Users/rishukhurana/anaconda3/lib/python3.11/site-packages/airflow/example_dags/plugins/workday.py for tasks to queue
[2024-12-14T07:34:11.984-0800] {logging_mixin.py:190} INFO - [2024-12-14T07:34:11.983-0800] {dagbag.py:588} INFO - Filling up the DagBag from /Users/rishukhurana/anaconda3/lib/python3.11/site-packages/airflow/example_dags/plugins/workday.py
[2024-12-14T07:34:12.451-0800] {logging_mixin.py:190} INFO - [2024-12-14T07:34:12.451-0800] {utils.py:160} INFO - NumExpr defaulting to 8 threads.
[2024-12-14T07:34:12.870-0800] {processor.py:927} WARNING - No viable dags retrieved from /Users/rishukhurana/anaconda3/lib/python3.11/site-packages/airflow/example_dags/plugins/workday.py
[2024-12-14T07:34:12.952-0800] {processor.py:208} INFO - Processing /Users/rishukhurana/anaconda3/lib/python3.11/site-packages/airflow/example_dags/plugins/workday.py took 0.977 seconds
[2024-12-14T07:37:21.091-0800] {processor.py:186} INFO - Started process (PID=16892) to work on /Users/rishukhurana/anaconda3/lib/python3.11/site-packages/airflow/example_dags/plugins/workday.py
[2024-12-14T07:37:21.093-0800] {processor.py:914} INFO - Processing file /Users/rishukhurana/anaconda3/lib/python3.11/site-packages/airflow/example_dags/plugins/workday.py for tasks to queue
[2024-12-14T07:37:21.094-0800] {logging_mixin.py:190} INFO - [2024-12-14T07:37:21.094-0800] {dagbag.py:588} INFO - Filling up the DagBag from /Users/rishukhurana/anaconda3/lib/python3.11/site-packages/airflow/example_dags/plugins/workday.py
[2024-12-14T07:37:21.476-0800] {logging_mixin.py:190} INFO - [2024-12-14T07:37:21.476-0800] {utils.py:160} INFO - NumExpr defaulting to 8 threads.
[2024-12-14T07:37:21.778-0800] {processor.py:927} WARNING - No viable dags retrieved from /Users/rishukhurana/anaconda3/lib/python3.11/site-packages/airflow/example_dags/plugins/workday.py
[2024-12-14T07:37:21.856-0800] {processor.py:208} INFO - Processing /Users/rishukhurana/anaconda3/lib/python3.11/site-packages/airflow/example_dags/plugins/workday.py took 0.772 seconds
[2024-12-14T07:40:32.007-0800] {processor.py:186} INFO - Started process (PID=17045) to work on /Users/rishukhurana/anaconda3/lib/python3.11/site-packages/airflow/example_dags/plugins/workday.py
[2024-12-14T07:40:32.009-0800] {processor.py:914} INFO - Processing file /Users/rishukhurana/anaconda3/lib/python3.11/site-packages/airflow/example_dags/plugins/workday.py for tasks to queue
[2024-12-14T07:40:32.010-0800] {logging_mixin.py:190} INFO - [2024-12-14T07:40:32.010-0800] {dagbag.py:588} INFO - Filling up the DagBag from /Users/rishukhurana/anaconda3/lib/python3.11/site-packages/airflow/example_dags/plugins/workday.py
[2024-12-14T07:40:32.564-0800] {logging_mixin.py:190} INFO - [2024-12-14T07:40:32.563-0800] {utils.py:160} INFO - NumExpr defaulting to 8 threads.
[2024-12-14T07:40:32.996-0800] {processor.py:927} WARNING - No viable dags retrieved from /Users/rishukhurana/anaconda3/lib/python3.11/site-packages/airflow/example_dags/plugins/workday.py
[2024-12-14T07:40:33.084-0800] {processor.py:208} INFO - Processing /Users/rishukhurana/anaconda3/lib/python3.11/site-packages/airflow/example_dags/plugins/workday.py took 1.085 seconds
[2024-12-14T07:43:48.169-0800] {processor.py:186} INFO - Started process (PID=17219) to work on /Users/rishukhurana/anaconda3/lib/python3.11/site-packages/airflow/example_dags/plugins/workday.py
[2024-12-14T07:43:48.172-0800] {processor.py:914} INFO - Processing file /Users/rishukhurana/anaconda3/lib/python3.11/site-packages/airflow/example_dags/plugins/workday.py for tasks to queue
[2024-12-14T07:43:48.173-0800] {logging_mixin.py:190} INFO - [2024-12-14T07:43:48.173-0800] {dagbag.py:588} INFO - Filling up the DagBag from /Users/rishukhurana/anaconda3/lib/python3.11/site-packages/airflow/example_dags/plugins/workday.py
[2024-12-14T07:43:48.527-0800] {logging_mixin.py:190} INFO - [2024-12-14T07:43:48.527-0800] {utils.py:160} INFO - NumExpr defaulting to 8 threads.
[2024-12-14T07:43:48.832-0800] {processor.py:927} WARNING - No viable dags retrieved from /Users/rishukhurana/anaconda3/lib/python3.11/site-packages/airflow/example_dags/plugins/workday.py
[2024-12-14T07:43:48.915-0800] {processor.py:208} INFO - Processing /Users/rishukhurana/anaconda3/lib/python3.11/site-packages/airflow/example_dags/plugins/workday.py took 0.753 seconds
[2024-12-14T07:47:04.284-0800] {processor.py:186} INFO - Started process (PID=17402) to work on /Users/rishukhurana/anaconda3/lib/python3.11/site-packages/airflow/example_dags/plugins/workday.py
[2024-12-14T07:47:04.286-0800] {processor.py:914} INFO - Processing file /Users/rishukhurana/anaconda3/lib/python3.11/site-packages/airflow/example_dags/plugins/workday.py for tasks to queue
[2024-12-14T07:47:04.287-0800] {logging_mixin.py:190} INFO - [2024-12-14T07:47:04.287-0800] {dagbag.py:588} INFO - Filling up the DagBag from /Users/rishukhurana/anaconda3/lib/python3.11/site-packages/airflow/example_dags/plugins/workday.py
[2024-12-14T07:47:04.765-0800] {logging_mixin.py:190} INFO - [2024-12-14T07:47:04.765-0800] {utils.py:160} INFO - NumExpr defaulting to 8 threads.
[2024-12-14T07:47:05.231-0800] {processor.py:927} WARNING - No viable dags retrieved from /Users/rishukhurana/anaconda3/lib/python3.11/site-packages/airflow/example_dags/plugins/workday.py
[2024-12-14T07:47:05.309-0800] {processor.py:208} INFO - Processing /Users/rishukhurana/anaconda3/lib/python3.11/site-packages/airflow/example_dags/plugins/workday.py took 1.033 seconds
[2024-12-14T07:49:59.384-0800] {processor.py:186} INFO - Started process (PID=17544) to work on /Users/rishukhurana/anaconda3/lib/python3.11/site-packages/airflow/example_dags/plugins/workday.py
[2024-12-14T07:49:59.387-0800] {processor.py:914} INFO - Processing file /Users/rishukhurana/anaconda3/lib/python3.11/site-packages/airflow/example_dags/plugins/workday.py for tasks to queue
[2024-12-14T07:49:59.388-0800] {logging_mixin.py:190} INFO - [2024-12-14T07:49:59.388-0800] {dagbag.py:588} INFO - Filling up the DagBag from /Users/rishukhurana/anaconda3/lib/python3.11/site-packages/airflow/example_dags/plugins/workday.py
[2024-12-14T07:49:59.734-0800] {logging_mixin.py:190} INFO - [2024-12-14T07:49:59.734-0800] {utils.py:160} INFO - NumExpr defaulting to 8 threads.
[2024-12-14T07:50:00.024-0800] {processor.py:927} WARNING - No viable dags retrieved from /Users/rishukhurana/anaconda3/lib/python3.11/site-packages/airflow/example_dags/plugins/workday.py
[2024-12-14T07:50:00.154-0800] {processor.py:208} INFO - Processing /Users/rishukhurana/anaconda3/lib/python3.11/site-packages/airflow/example_dags/plugins/workday.py took 0.776 seconds
[2024-12-14T07:52:59.336-0800] {processor.py:186} INFO - Started process (PID=17744) to work on /Users/rishukhurana/anaconda3/lib/python3.11/site-packages/airflow/example_dags/plugins/workday.py
[2024-12-14T07:52:59.338-0800] {processor.py:914} INFO - Processing file /Users/rishukhurana/anaconda3/lib/python3.11/site-packages/airflow/example_dags/plugins/workday.py for tasks to queue
[2024-12-14T07:52:59.339-0800] {logging_mixin.py:190} INFO - [2024-12-14T07:52:59.339-0800] {dagbag.py:588} INFO - Filling up the DagBag from /Users/rishukhurana/anaconda3/lib/python3.11/site-packages/airflow/example_dags/plugins/workday.py
[2024-12-14T07:52:59.820-0800] {logging_mixin.py:190} INFO - [2024-12-14T07:52:59.819-0800] {utils.py:160} INFO - NumExpr defaulting to 8 threads.
[2024-12-14T07:53:00.242-0800] {processor.py:927} WARNING - No viable dags retrieved from /Users/rishukhurana/anaconda3/lib/python3.11/site-packages/airflow/example_dags/plugins/workday.py
[2024-12-14T07:53:00.324-0800] {processor.py:208} INFO - Processing /Users/rishukhurana/anaconda3/lib/python3.11/site-packages/airflow/example_dags/plugins/workday.py took 0.994 seconds
[2024-12-14T07:56:03.826-0800] {processor.py:186} INFO - Started process (PID=17925) to work on /Users/rishukhurana/anaconda3/lib/python3.11/site-packages/airflow/example_dags/plugins/workday.py
[2024-12-14T07:56:03.828-0800] {processor.py:914} INFO - Processing file /Users/rishukhurana/anaconda3/lib/python3.11/site-packages/airflow/example_dags/plugins/workday.py for tasks to queue
[2024-12-14T07:56:03.829-0800] {logging_mixin.py:190} INFO - [2024-12-14T07:56:03.828-0800] {dagbag.py:588} INFO - Filling up the DagBag from /Users/rishukhurana/anaconda3/lib/python3.11/site-packages/airflow/example_dags/plugins/workday.py
[2024-12-14T07:56:04.297-0800] {logging_mixin.py:190} INFO - [2024-12-14T07:56:04.297-0800] {utils.py:160} INFO - NumExpr defaulting to 8 threads.
[2024-12-14T07:56:04.764-0800] {processor.py:927} WARNING - No viable dags retrieved from /Users/rishukhurana/anaconda3/lib/python3.11/site-packages/airflow/example_dags/plugins/workday.py
[2024-12-14T07:56:04.841-0800] {processor.py:208} INFO - Processing /Users/rishukhurana/anaconda3/lib/python3.11/site-packages/airflow/example_dags/plugins/workday.py took 1.021 seconds
[2024-12-14T07:58:59.464-0800] {processor.py:186} INFO - Started process (PID=18065) to work on /Users/rishukhurana/anaconda3/lib/python3.11/site-packages/airflow/example_dags/plugins/workday.py
[2024-12-14T07:58:59.466-0800] {processor.py:914} INFO - Processing file /Users/rishukhurana/anaconda3/lib/python3.11/site-packages/airflow/example_dags/plugins/workday.py for tasks to queue
[2024-12-14T07:58:59.468-0800] {logging_mixin.py:190} INFO - [2024-12-14T07:58:59.467-0800] {dagbag.py:588} INFO - Filling up the DagBag from /Users/rishukhurana/anaconda3/lib/python3.11/site-packages/airflow/example_dags/plugins/workday.py
[2024-12-14T07:58:59.804-0800] {logging_mixin.py:190} INFO - [2024-12-14T07:58:59.803-0800] {utils.py:160} INFO - NumExpr defaulting to 8 threads.
[2024-12-14T07:59:00.087-0800] {processor.py:927} WARNING - No viable dags retrieved from /Users/rishukhurana/anaconda3/lib/python3.11/site-packages/airflow/example_dags/plugins/workday.py
[2024-12-14T07:59:00.165-0800] {processor.py:208} INFO - Processing /Users/rishukhurana/anaconda3/lib/python3.11/site-packages/airflow/example_dags/plugins/workday.py took 0.707 seconds
[2024-12-14T08:01:50.835-0800] {processor.py:186} INFO - Started process (PID=18213) to work on /Users/rishukhurana/anaconda3/lib/python3.11/site-packages/airflow/example_dags/plugins/workday.py
[2024-12-14T08:01:50.837-0800] {processor.py:914} INFO - Processing file /Users/rishukhurana/anaconda3/lib/python3.11/site-packages/airflow/example_dags/plugins/workday.py for tasks to queue
[2024-12-14T08:01:50.838-0800] {logging_mixin.py:190} INFO - [2024-12-14T08:01:50.838-0800] {dagbag.py:588} INFO - Filling up the DagBag from /Users/rishukhurana/anaconda3/lib/python3.11/site-packages/airflow/example_dags/plugins/workday.py
[2024-12-14T08:01:51.165-0800] {logging_mixin.py:190} INFO - [2024-12-14T08:01:51.164-0800] {utils.py:160} INFO - NumExpr defaulting to 8 threads.
[2024-12-14T08:01:51.435-0800] {processor.py:927} WARNING - No viable dags retrieved from /Users/rishukhurana/anaconda3/lib/python3.11/site-packages/airflow/example_dags/plugins/workday.py
[2024-12-14T08:01:51.505-0800] {processor.py:208} INFO - Processing /Users/rishukhurana/anaconda3/lib/python3.11/site-packages/airflow/example_dags/plugins/workday.py took 0.676 seconds
[2024-12-14T08:04:40.597-0800] {processor.py:186} INFO - Started process (PID=18354) to work on /Users/rishukhurana/anaconda3/lib/python3.11/site-packages/airflow/example_dags/plugins/workday.py
[2024-12-14T08:04:40.599-0800] {processor.py:914} INFO - Processing file /Users/rishukhurana/anaconda3/lib/python3.11/site-packages/airflow/example_dags/plugins/workday.py for tasks to queue
[2024-12-14T08:04:40.600-0800] {logging_mixin.py:190} INFO - [2024-12-14T08:04:40.600-0800] {dagbag.py:588} INFO - Filling up the DagBag from /Users/rishukhurana/anaconda3/lib/python3.11/site-packages/airflow/example_dags/plugins/workday.py
[2024-12-14T08:04:41.058-0800] {logging_mixin.py:190} INFO - [2024-12-14T08:04:41.058-0800] {utils.py:160} INFO - NumExpr defaulting to 8 threads.
[2024-12-14T08:04:41.504-0800] {processor.py:927} WARNING - No viable dags retrieved from /Users/rishukhurana/anaconda3/lib/python3.11/site-packages/airflow/example_dags/plugins/workday.py
[2024-12-14T08:04:41.615-0800] {processor.py:208} INFO - Processing /Users/rishukhurana/anaconda3/lib/python3.11/site-packages/airflow/example_dags/plugins/workday.py took 1.023 seconds
[2024-12-14T08:07:34.972-0800] {processor.py:186} INFO - Started process (PID=18499) to work on /Users/rishukhurana/anaconda3/lib/python3.11/site-packages/airflow/example_dags/plugins/workday.py
[2024-12-14T08:07:34.975-0800] {processor.py:914} INFO - Processing file /Users/rishukhurana/anaconda3/lib/python3.11/site-packages/airflow/example_dags/plugins/workday.py for tasks to queue
[2024-12-14T08:07:34.976-0800] {logging_mixin.py:190} INFO - [2024-12-14T08:07:34.976-0800] {dagbag.py:588} INFO - Filling up the DagBag from /Users/rishukhurana/anaconda3/lib/python3.11/site-packages/airflow/example_dags/plugins/workday.py
[2024-12-14T08:07:35.321-0800] {logging_mixin.py:190} INFO - [2024-12-14T08:07:35.321-0800] {utils.py:160} INFO - NumExpr defaulting to 8 threads.
[2024-12-14T08:07:35.605-0800] {processor.py:927} WARNING - No viable dags retrieved from /Users/rishukhurana/anaconda3/lib/python3.11/site-packages/airflow/example_dags/plugins/workday.py
[2024-12-14T08:07:35.680-0800] {processor.py:208} INFO - Processing /Users/rishukhurana/anaconda3/lib/python3.11/site-packages/airflow/example_dags/plugins/workday.py took 0.713 seconds
[2024-12-14T08:10:24.194-0800] {processor.py:186} INFO - Started process (PID=18638) to work on /Users/rishukhurana/anaconda3/lib/python3.11/site-packages/airflow/example_dags/plugins/workday.py
[2024-12-14T08:10:24.196-0800] {processor.py:914} INFO - Processing file /Users/rishukhurana/anaconda3/lib/python3.11/site-packages/airflow/example_dags/plugins/workday.py for tasks to queue
[2024-12-14T08:10:24.197-0800] {logging_mixin.py:190} INFO - [2024-12-14T08:10:24.197-0800] {dagbag.py:588} INFO - Filling up the DagBag from /Users/rishukhurana/anaconda3/lib/python3.11/site-packages/airflow/example_dags/plugins/workday.py
[2024-12-14T08:10:24.649-0800] {logging_mixin.py:190} INFO - [2024-12-14T08:10:24.648-0800] {utils.py:160} INFO - NumExpr defaulting to 8 threads.
[2024-12-14T08:10:25.133-0800] {processor.py:927} WARNING - No viable dags retrieved from /Users/rishukhurana/anaconda3/lib/python3.11/site-packages/airflow/example_dags/plugins/workday.py
[2024-12-14T08:10:25.208-0800] {processor.py:208} INFO - Processing /Users/rishukhurana/anaconda3/lib/python3.11/site-packages/airflow/example_dags/plugins/workday.py took 1.020 seconds
[2024-12-14T08:13:15.726-0800] {processor.py:186} INFO - Started process (PID=18778) to work on /Users/rishukhurana/anaconda3/lib/python3.11/site-packages/airflow/example_dags/plugins/workday.py
[2024-12-14T08:13:15.728-0800] {processor.py:914} INFO - Processing file /Users/rishukhurana/anaconda3/lib/python3.11/site-packages/airflow/example_dags/plugins/workday.py for tasks to queue
[2024-12-14T08:13:15.729-0800] {logging_mixin.py:190} INFO - [2024-12-14T08:13:15.729-0800] {dagbag.py:588} INFO - Filling up the DagBag from /Users/rishukhurana/anaconda3/lib/python3.11/site-packages/airflow/example_dags/plugins/workday.py
[2024-12-14T08:13:16.174-0800] {logging_mixin.py:190} INFO - [2024-12-14T08:13:16.173-0800] {utils.py:160} INFO - NumExpr defaulting to 8 threads.
[2024-12-14T08:13:16.640-0800] {processor.py:927} WARNING - No viable dags retrieved from /Users/rishukhurana/anaconda3/lib/python3.11/site-packages/airflow/example_dags/plugins/workday.py
[2024-12-14T08:13:16.718-0800] {processor.py:208} INFO - Processing /Users/rishukhurana/anaconda3/lib/python3.11/site-packages/airflow/example_dags/plugins/workday.py took 0.999 seconds
[2024-12-14T08:16:08.980-0800] {processor.py:186} INFO - Started process (PID=18916) to work on /Users/rishukhurana/anaconda3/lib/python3.11/site-packages/airflow/example_dags/plugins/workday.py
[2024-12-14T08:16:08.983-0800] {processor.py:914} INFO - Processing file /Users/rishukhurana/anaconda3/lib/python3.11/site-packages/airflow/example_dags/plugins/workday.py for tasks to queue
[2024-12-14T08:16:08.984-0800] {logging_mixin.py:190} INFO - [2024-12-14T08:16:08.984-0800] {dagbag.py:588} INFO - Filling up the DagBag from /Users/rishukhurana/anaconda3/lib/python3.11/site-packages/airflow/example_dags/plugins/workday.py
[2024-12-14T08:16:09.386-0800] {logging_mixin.py:190} INFO - [2024-12-14T08:16:09.385-0800] {utils.py:160} INFO - NumExpr defaulting to 8 threads.
[2024-12-14T08:16:09.828-0800] {processor.py:927} WARNING - No viable dags retrieved from /Users/rishukhurana/anaconda3/lib/python3.11/site-packages/airflow/example_dags/plugins/workday.py
[2024-12-14T08:16:09.910-0800] {processor.py:208} INFO - Processing /Users/rishukhurana/anaconda3/lib/python3.11/site-packages/airflow/example_dags/plugins/workday.py took 0.935 seconds
[2024-12-14T08:19:04.689-0800] {processor.py:186} INFO - Started process (PID=19062) to work on /Users/rishukhurana/anaconda3/lib/python3.11/site-packages/airflow/example_dags/plugins/workday.py
[2024-12-14T08:19:04.692-0800] {processor.py:914} INFO - Processing file /Users/rishukhurana/anaconda3/lib/python3.11/site-packages/airflow/example_dags/plugins/workday.py for tasks to queue
[2024-12-14T08:19:04.693-0800] {logging_mixin.py:190} INFO - [2024-12-14T08:19:04.693-0800] {dagbag.py:588} INFO - Filling up the DagBag from /Users/rishukhurana/anaconda3/lib/python3.11/site-packages/airflow/example_dags/plugins/workday.py
[2024-12-14T08:19:05.052-0800] {logging_mixin.py:190} INFO - [2024-12-14T08:19:05.052-0800] {utils.py:160} INFO - NumExpr defaulting to 8 threads.
[2024-12-14T08:19:05.355-0800] {processor.py:927} WARNING - No viable dags retrieved from /Users/rishukhurana/anaconda3/lib/python3.11/site-packages/airflow/example_dags/plugins/workday.py
[2024-12-14T08:19:05.435-0800] {processor.py:208} INFO - Processing /Users/rishukhurana/anaconda3/lib/python3.11/site-packages/airflow/example_dags/plugins/workday.py took 0.752 seconds
[2024-12-14T08:22:06.566-0800] {processor.py:186} INFO - Started process (PID=19231) to work on /Users/rishukhurana/anaconda3/lib/python3.11/site-packages/airflow/example_dags/plugins/workday.py
[2024-12-14T08:22:06.568-0800] {processor.py:914} INFO - Processing file /Users/rishukhurana/anaconda3/lib/python3.11/site-packages/airflow/example_dags/plugins/workday.py for tasks to queue
[2024-12-14T08:22:06.569-0800] {logging_mixin.py:190} INFO - [2024-12-14T08:22:06.569-0800] {dagbag.py:588} INFO - Filling up the DagBag from /Users/rishukhurana/anaconda3/lib/python3.11/site-packages/airflow/example_dags/plugins/workday.py
[2024-12-14T08:22:07.019-0800] {logging_mixin.py:190} INFO - [2024-12-14T08:22:07.019-0800] {utils.py:160} INFO - NumExpr defaulting to 8 threads.
[2024-12-14T08:22:07.510-0800] {processor.py:927} WARNING - No viable dags retrieved from /Users/rishukhurana/anaconda3/lib/python3.11/site-packages/airflow/example_dags/plugins/workday.py
[2024-12-14T08:22:07.584-0800] {processor.py:208} INFO - Processing /Users/rishukhurana/anaconda3/lib/python3.11/site-packages/airflow/example_dags/plugins/workday.py took 1.027 seconds
[2024-12-14T08:25:02.918-0800] {processor.py:186} INFO - Started process (PID=19370) to work on /Users/rishukhurana/anaconda3/lib/python3.11/site-packages/airflow/example_dags/plugins/workday.py
[2024-12-14T08:25:02.921-0800] {processor.py:914} INFO - Processing file /Users/rishukhurana/anaconda3/lib/python3.11/site-packages/airflow/example_dags/plugins/workday.py for tasks to queue
[2024-12-14T08:25:02.922-0800] {logging_mixin.py:190} INFO - [2024-12-14T08:25:02.922-0800] {dagbag.py:588} INFO - Filling up the DagBag from /Users/rishukhurana/anaconda3/lib/python3.11/site-packages/airflow/example_dags/plugins/workday.py
[2024-12-14T08:25:03.369-0800] {logging_mixin.py:190} INFO - [2024-12-14T08:25:03.368-0800] {utils.py:160} INFO - NumExpr defaulting to 8 threads.
[2024-12-14T08:25:03.897-0800] {processor.py:927} WARNING - No viable dags retrieved from /Users/rishukhurana/anaconda3/lib/python3.11/site-packages/airflow/example_dags/plugins/workday.py
[2024-12-14T08:25:03.972-0800] {processor.py:208} INFO - Processing /Users/rishukhurana/anaconda3/lib/python3.11/site-packages/airflow/example_dags/plugins/workday.py took 1.059 seconds
[2024-12-14T08:28:05.937-0800] {processor.py:186} INFO - Started process (PID=19515) to work on /Users/rishukhurana/anaconda3/lib/python3.11/site-packages/airflow/example_dags/plugins/workday.py
[2024-12-14T08:28:05.939-0800] {processor.py:914} INFO - Processing file /Users/rishukhurana/anaconda3/lib/python3.11/site-packages/airflow/example_dags/plugins/workday.py for tasks to queue
[2024-12-14T08:28:05.941-0800] {logging_mixin.py:190} INFO - [2024-12-14T08:28:05.941-0800] {dagbag.py:588} INFO - Filling up the DagBag from /Users/rishukhurana/anaconda3/lib/python3.11/site-packages/airflow/example_dags/plugins/workday.py
[2024-12-14T08:28:06.409-0800] {logging_mixin.py:190} INFO - [2024-12-14T08:28:06.409-0800] {utils.py:160} INFO - NumExpr defaulting to 8 threads.
[2024-12-14T08:28:06.707-0800] {processor.py:927} WARNING - No viable dags retrieved from /Users/rishukhurana/anaconda3/lib/python3.11/site-packages/airflow/example_dags/plugins/workday.py
[2024-12-14T08:28:06.796-0800] {processor.py:208} INFO - Processing /Users/rishukhurana/anaconda3/lib/python3.11/site-packages/airflow/example_dags/plugins/workday.py took 0.866 seconds
[2024-12-14T08:31:04.991-0800] {processor.py:186} INFO - Started process (PID=19658) to work on /Users/rishukhurana/anaconda3/lib/python3.11/site-packages/airflow/example_dags/plugins/workday.py
[2024-12-14T08:31:04.993-0800] {processor.py:914} INFO - Processing file /Users/rishukhurana/anaconda3/lib/python3.11/site-packages/airflow/example_dags/plugins/workday.py for tasks to queue
[2024-12-14T08:31:04.995-0800] {logging_mixin.py:190} INFO - [2024-12-14T08:31:04.994-0800] {dagbag.py:588} INFO - Filling up the DagBag from /Users/rishukhurana/anaconda3/lib/python3.11/site-packages/airflow/example_dags/plugins/workday.py
[2024-12-14T08:31:05.323-0800] {logging_mixin.py:190} INFO - [2024-12-14T08:31:05.323-0800] {utils.py:160} INFO - NumExpr defaulting to 8 threads.
[2024-12-14T08:31:05.674-0800] {processor.py:927} WARNING - No viable dags retrieved from /Users/rishukhurana/anaconda3/lib/python3.11/site-packages/airflow/example_dags/plugins/workday.py
[2024-12-14T08:31:05.748-0800] {processor.py:208} INFO - Processing /Users/rishukhurana/anaconda3/lib/python3.11/site-packages/airflow/example_dags/plugins/workday.py took 0.762 seconds
[2024-12-14T08:34:05.706-0800] {processor.py:186} INFO - Started process (PID=19801) to work on /Users/rishukhurana/anaconda3/lib/python3.11/site-packages/airflow/example_dags/plugins/workday.py
[2024-12-14T08:34:05.708-0800] {processor.py:914} INFO - Processing file /Users/rishukhurana/anaconda3/lib/python3.11/site-packages/airflow/example_dags/plugins/workday.py for tasks to queue
[2024-12-14T08:34:05.709-0800] {logging_mixin.py:190} INFO - [2024-12-14T08:34:05.709-0800] {dagbag.py:588} INFO - Filling up the DagBag from /Users/rishukhurana/anaconda3/lib/python3.11/site-packages/airflow/example_dags/plugins/workday.py
[2024-12-14T08:34:06.047-0800] {logging_mixin.py:190} INFO - [2024-12-14T08:34:06.047-0800] {utils.py:160} INFO - NumExpr defaulting to 8 threads.
[2024-12-14T08:34:06.332-0800] {processor.py:927} WARNING - No viable dags retrieved from /Users/rishukhurana/anaconda3/lib/python3.11/site-packages/airflow/example_dags/plugins/workday.py
[2024-12-14T08:34:06.409-0800] {processor.py:208} INFO - Processing /Users/rishukhurana/anaconda3/lib/python3.11/site-packages/airflow/example_dags/plugins/workday.py took 0.708 seconds
[2024-12-14T08:36:55.162-0800] {processor.py:186} INFO - Started process (PID=19939) to work on /Users/rishukhurana/anaconda3/lib/python3.11/site-packages/airflow/example_dags/plugins/workday.py
[2024-12-14T08:36:55.164-0800] {processor.py:914} INFO - Processing file /Users/rishukhurana/anaconda3/lib/python3.11/site-packages/airflow/example_dags/plugins/workday.py for tasks to queue
[2024-12-14T08:36:55.165-0800] {logging_mixin.py:190} INFO - [2024-12-14T08:36:55.165-0800] {dagbag.py:588} INFO - Filling up the DagBag from /Users/rishukhurana/anaconda3/lib/python3.11/site-packages/airflow/example_dags/plugins/workday.py
[2024-12-14T08:36:55.500-0800] {logging_mixin.py:190} INFO - [2024-12-14T08:36:55.500-0800] {utils.py:160} INFO - NumExpr defaulting to 8 threads.
[2024-12-14T08:36:55.784-0800] {processor.py:927} WARNING - No viable dags retrieved from /Users/rishukhurana/anaconda3/lib/python3.11/site-packages/airflow/example_dags/plugins/workday.py
[2024-12-14T08:36:55.857-0800] {processor.py:208} INFO - Processing /Users/rishukhurana/anaconda3/lib/python3.11/site-packages/airflow/example_dags/plugins/workday.py took 0.701 seconds
[2024-12-14T08:39:46.198-0800] {processor.py:186} INFO - Started process (PID=20080) to work on /Users/rishukhurana/anaconda3/lib/python3.11/site-packages/airflow/example_dags/plugins/workday.py
[2024-12-14T08:39:46.200-0800] {processor.py:914} INFO - Processing file /Users/rishukhurana/anaconda3/lib/python3.11/site-packages/airflow/example_dags/plugins/workday.py for tasks to queue
[2024-12-14T08:39:46.202-0800] {logging_mixin.py:190} INFO - [2024-12-14T08:39:46.202-0800] {dagbag.py:588} INFO - Filling up the DagBag from /Users/rishukhurana/anaconda3/lib/python3.11/site-packages/airflow/example_dags/plugins/workday.py
[2024-12-14T08:39:46.647-0800] {logging_mixin.py:190} INFO - [2024-12-14T08:39:46.647-0800] {utils.py:160} INFO - NumExpr defaulting to 8 threads.
[2024-12-14T08:39:47.091-0800] {processor.py:927} WARNING - No viable dags retrieved from /Users/rishukhurana/anaconda3/lib/python3.11/site-packages/airflow/example_dags/plugins/workday.py
[2024-12-14T08:39:47.169-0800] {processor.py:208} INFO - Processing /Users/rishukhurana/anaconda3/lib/python3.11/site-packages/airflow/example_dags/plugins/workday.py took 0.976 seconds
[2024-12-14T08:42:46.072-0800] {processor.py:186} INFO - Started process (PID=20243) to work on /Users/rishukhurana/anaconda3/lib/python3.11/site-packages/airflow/example_dags/plugins/workday.py
[2024-12-14T08:42:46.074-0800] {processor.py:914} INFO - Processing file /Users/rishukhurana/anaconda3/lib/python3.11/site-packages/airflow/example_dags/plugins/workday.py for tasks to queue
[2024-12-14T08:42:46.075-0800] {logging_mixin.py:190} INFO - [2024-12-14T08:42:46.075-0800] {dagbag.py:588} INFO - Filling up the DagBag from /Users/rishukhurana/anaconda3/lib/python3.11/site-packages/airflow/example_dags/plugins/workday.py
[2024-12-14T08:42:46.531-0800] {logging_mixin.py:190} INFO - [2024-12-14T08:42:46.531-0800] {utils.py:160} INFO - NumExpr defaulting to 8 threads.
[2024-12-14T08:42:46.989-0800] {processor.py:927} WARNING - No viable dags retrieved from /Users/rishukhurana/anaconda3/lib/python3.11/site-packages/airflow/example_dags/plugins/workday.py
[2024-12-14T08:42:47.066-0800] {processor.py:208} INFO - Processing /Users/rishukhurana/anaconda3/lib/python3.11/site-packages/airflow/example_dags/plugins/workday.py took 0.998 seconds
[2024-12-14T08:45:44.088-0800] {processor.py:186} INFO - Started process (PID=20390) to work on /Users/rishukhurana/anaconda3/lib/python3.11/site-packages/airflow/example_dags/plugins/workday.py
[2024-12-14T08:45:44.090-0800] {processor.py:914} INFO - Processing file /Users/rishukhurana/anaconda3/lib/python3.11/site-packages/airflow/example_dags/plugins/workday.py for tasks to queue
[2024-12-14T08:45:44.091-0800] {logging_mixin.py:190} INFO - [2024-12-14T08:45:44.091-0800] {dagbag.py:588} INFO - Filling up the DagBag from /Users/rishukhurana/anaconda3/lib/python3.11/site-packages/airflow/example_dags/plugins/workday.py
[2024-12-14T08:45:44.444-0800] {logging_mixin.py:190} INFO - [2024-12-14T08:45:44.443-0800] {utils.py:160} INFO - NumExpr defaulting to 8 threads.
[2024-12-14T08:45:44.749-0800] {processor.py:927} WARNING - No viable dags retrieved from /Users/rishukhurana/anaconda3/lib/python3.11/site-packages/airflow/example_dags/plugins/workday.py
[2024-12-14T08:45:44.832-0800] {processor.py:208} INFO - Processing /Users/rishukhurana/anaconda3/lib/python3.11/site-packages/airflow/example_dags/plugins/workday.py took 0.750 seconds
[2024-12-14T08:48:44.694-0800] {processor.py:186} INFO - Started process (PID=20536) to work on /Users/rishukhurana/anaconda3/lib/python3.11/site-packages/airflow/example_dags/plugins/workday.py
[2024-12-14T08:48:44.696-0800] {processor.py:914} INFO - Processing file /Users/rishukhurana/anaconda3/lib/python3.11/site-packages/airflow/example_dags/plugins/workday.py for tasks to queue
[2024-12-14T08:48:44.698-0800] {logging_mixin.py:190} INFO - [2024-12-14T08:48:44.698-0800] {dagbag.py:588} INFO - Filling up the DagBag from /Users/rishukhurana/anaconda3/lib/python3.11/site-packages/airflow/example_dags/plugins/workday.py
[2024-12-14T08:48:45.218-0800] {logging_mixin.py:190} INFO - [2024-12-14T08:48:45.218-0800] {utils.py:160} INFO - NumExpr defaulting to 8 threads.
[2024-12-14T08:48:45.699-0800] {processor.py:927} WARNING - No viable dags retrieved from /Users/rishukhurana/anaconda3/lib/python3.11/site-packages/airflow/example_dags/plugins/workday.py
[2024-12-14T08:48:45.792-0800] {processor.py:208} INFO - Processing /Users/rishukhurana/anaconda3/lib/python3.11/site-packages/airflow/example_dags/plugins/workday.py took 1.105 seconds
[2024-12-14T08:52:05.974-0800] {processor.py:186} INFO - Started process (PID=20735) to work on /Users/rishukhurana/anaconda3/lib/python3.11/site-packages/airflow/example_dags/plugins/workday.py
[2024-12-14T08:52:05.976-0800] {processor.py:914} INFO - Processing file /Users/rishukhurana/anaconda3/lib/python3.11/site-packages/airflow/example_dags/plugins/workday.py for tasks to queue
[2024-12-14T08:52:05.977-0800] {logging_mixin.py:190} INFO - [2024-12-14T08:52:05.977-0800] {dagbag.py:588} INFO - Filling up the DagBag from /Users/rishukhurana/anaconda3/lib/python3.11/site-packages/airflow/example_dags/plugins/workday.py
[2024-12-14T08:52:06.333-0800] {logging_mixin.py:190} INFO - [2024-12-14T08:52:06.333-0800] {utils.py:160} INFO - NumExpr defaulting to 8 threads.
[2024-12-14T08:52:06.623-0800] {processor.py:927} WARNING - No viable dags retrieved from /Users/rishukhurana/anaconda3/lib/python3.11/site-packages/airflow/example_dags/plugins/workday.py
[2024-12-14T08:52:06.695-0800] {processor.py:208} INFO - Processing /Users/rishukhurana/anaconda3/lib/python3.11/site-packages/airflow/example_dags/plugins/workday.py took 0.726 seconds
[2024-12-14T08:55:09.952-0800] {processor.py:186} INFO - Started process (PID=20907) to work on /Users/rishukhurana/anaconda3/lib/python3.11/site-packages/airflow/example_dags/plugins/workday.py
[2024-12-14T08:55:09.954-0800] {processor.py:914} INFO - Processing file /Users/rishukhurana/anaconda3/lib/python3.11/site-packages/airflow/example_dags/plugins/workday.py for tasks to queue
[2024-12-14T08:55:09.955-0800] {logging_mixin.py:190} INFO - [2024-12-14T08:55:09.955-0800] {dagbag.py:588} INFO - Filling up the DagBag from /Users/rishukhurana/anaconda3/lib/python3.11/site-packages/airflow/example_dags/plugins/workday.py
[2024-12-14T08:55:10.478-0800] {logging_mixin.py:190} INFO - [2024-12-14T08:55:10.477-0800] {utils.py:160} INFO - NumExpr defaulting to 8 threads.
[2024-12-14T08:55:10.927-0800] {processor.py:927} WARNING - No viable dags retrieved from /Users/rishukhurana/anaconda3/lib/python3.11/site-packages/airflow/example_dags/plugins/workday.py
[2024-12-14T08:55:11.014-0800] {processor.py:208} INFO - Processing /Users/rishukhurana/anaconda3/lib/python3.11/site-packages/airflow/example_dags/plugins/workday.py took 1.067 seconds
[2024-12-14T08:58:20.843-0800] {processor.py:186} INFO - Started process (PID=21052) to work on /Users/rishukhurana/anaconda3/lib/python3.11/site-packages/airflow/example_dags/plugins/workday.py
[2024-12-14T08:58:20.845-0800] {processor.py:914} INFO - Processing file /Users/rishukhurana/anaconda3/lib/python3.11/site-packages/airflow/example_dags/plugins/workday.py for tasks to queue
[2024-12-14T08:58:20.846-0800] {logging_mixin.py:190} INFO - [2024-12-14T08:58:20.846-0800] {dagbag.py:588} INFO - Filling up the DagBag from /Users/rishukhurana/anaconda3/lib/python3.11/site-packages/airflow/example_dags/plugins/workday.py
[2024-12-14T08:58:21.232-0800] {logging_mixin.py:190} INFO - [2024-12-14T08:58:21.232-0800] {utils.py:160} INFO - NumExpr defaulting to 8 threads.
[2024-12-14T08:58:21.560-0800] {processor.py:927} WARNING - No viable dags retrieved from /Users/rishukhurana/anaconda3/lib/python3.11/site-packages/airflow/example_dags/plugins/workday.py
[2024-12-14T08:58:21.648-0800] {processor.py:208} INFO - Processing /Users/rishukhurana/anaconda3/lib/python3.11/site-packages/airflow/example_dags/plugins/workday.py took 0.811 seconds
[2024-12-14T09:01:25.497-0800] {processor.py:186} INFO - Started process (PID=21194) to work on /Users/rishukhurana/anaconda3/lib/python3.11/site-packages/airflow/example_dags/plugins/workday.py
[2024-12-14T09:01:25.500-0800] {processor.py:914} INFO - Processing file /Users/rishukhurana/anaconda3/lib/python3.11/site-packages/airflow/example_dags/plugins/workday.py for tasks to queue
[2024-12-14T09:01:25.501-0800] {logging_mixin.py:190} INFO - [2024-12-14T09:01:25.500-0800] {dagbag.py:588} INFO - Filling up the DagBag from /Users/rishukhurana/anaconda3/lib/python3.11/site-packages/airflow/example_dags/plugins/workday.py
[2024-12-14T09:01:25.898-0800] {logging_mixin.py:190} INFO - [2024-12-14T09:01:25.897-0800] {utils.py:160} INFO - NumExpr defaulting to 8 threads.
[2024-12-14T09:01:26.240-0800] {processor.py:927} WARNING - No viable dags retrieved from /Users/rishukhurana/anaconda3/lib/python3.11/site-packages/airflow/example_dags/plugins/workday.py
[2024-12-14T09:01:26.321-0800] {processor.py:208} INFO - Processing /Users/rishukhurana/anaconda3/lib/python3.11/site-packages/airflow/example_dags/plugins/workday.py took 0.829 seconds
[2024-12-14T09:04:34.795-0800] {processor.py:186} INFO - Started process (PID=21339) to work on /Users/rishukhurana/anaconda3/lib/python3.11/site-packages/airflow/example_dags/plugins/workday.py
[2024-12-14T09:04:34.797-0800] {processor.py:914} INFO - Processing file /Users/rishukhurana/anaconda3/lib/python3.11/site-packages/airflow/example_dags/plugins/workday.py for tasks to queue
[2024-12-14T09:04:34.799-0800] {logging_mixin.py:190} INFO - [2024-12-14T09:04:34.799-0800] {dagbag.py:588} INFO - Filling up the DagBag from /Users/rishukhurana/anaconda3/lib/python3.11/site-packages/airflow/example_dags/plugins/workday.py
[2024-12-14T09:04:35.251-0800] {logging_mixin.py:190} INFO - [2024-12-14T09:04:35.251-0800] {utils.py:160} INFO - NumExpr defaulting to 8 threads.
[2024-12-14T09:04:35.705-0800] {processor.py:927} WARNING - No viable dags retrieved from /Users/rishukhurana/anaconda3/lib/python3.11/site-packages/airflow/example_dags/plugins/workday.py
[2024-12-14T09:04:35.787-0800] {processor.py:208} INFO - Processing /Users/rishukhurana/anaconda3/lib/python3.11/site-packages/airflow/example_dags/plugins/workday.py took 1.000 seconds
[2024-12-14T09:07:33.301-0800] {processor.py:186} INFO - Started process (PID=21484) to work on /Users/rishukhurana/anaconda3/lib/python3.11/site-packages/airflow/example_dags/plugins/workday.py
[2024-12-14T09:07:33.304-0800] {processor.py:914} INFO - Processing file /Users/rishukhurana/anaconda3/lib/python3.11/site-packages/airflow/example_dags/plugins/workday.py for tasks to queue
[2024-12-14T09:07:33.305-0800] {logging_mixin.py:190} INFO - [2024-12-14T09:07:33.305-0800] {dagbag.py:588} INFO - Filling up the DagBag from /Users/rishukhurana/anaconda3/lib/python3.11/site-packages/airflow/example_dags/plugins/workday.py
[2024-12-14T09:07:33.750-0800] {logging_mixin.py:190} INFO - [2024-12-14T09:07:33.750-0800] {utils.py:160} INFO - NumExpr defaulting to 8 threads.
[2024-12-14T09:07:34.164-0800] {processor.py:927} WARNING - No viable dags retrieved from /Users/rishukhurana/anaconda3/lib/python3.11/site-packages/airflow/example_dags/plugins/workday.py
[2024-12-14T09:07:34.296-0800] {processor.py:208} INFO - Processing /Users/rishukhurana/anaconda3/lib/python3.11/site-packages/airflow/example_dags/plugins/workday.py took 1.001 seconds
[2024-12-14T09:10:38.231-0800] {processor.py:186} INFO - Started process (PID=21635) to work on /Users/rishukhurana/anaconda3/lib/python3.11/site-packages/airflow/example_dags/plugins/workday.py
[2024-12-14T09:10:38.233-0800] {processor.py:914} INFO - Processing file /Users/rishukhurana/anaconda3/lib/python3.11/site-packages/airflow/example_dags/plugins/workday.py for tasks to queue
[2024-12-14T09:10:38.234-0800] {logging_mixin.py:190} INFO - [2024-12-14T09:10:38.234-0800] {dagbag.py:588} INFO - Filling up the DagBag from /Users/rishukhurana/anaconda3/lib/python3.11/site-packages/airflow/example_dags/plugins/workday.py
[2024-12-14T09:10:38.643-0800] {logging_mixin.py:190} INFO - [2024-12-14T09:10:38.643-0800] {utils.py:160} INFO - NumExpr defaulting to 8 threads.
[2024-12-14T09:10:38.949-0800] {processor.py:927} WARNING - No viable dags retrieved from /Users/rishukhurana/anaconda3/lib/python3.11/site-packages/airflow/example_dags/plugins/workday.py
[2024-12-14T09:10:39.039-0800] {processor.py:208} INFO - Processing /Users/rishukhurana/anaconda3/lib/python3.11/site-packages/airflow/example_dags/plugins/workday.py took 0.815 seconds
[2024-12-14T09:13:47.710-0800] {processor.py:186} INFO - Started process (PID=21795) to work on /Users/rishukhurana/anaconda3/lib/python3.11/site-packages/airflow/example_dags/plugins/workday.py
[2024-12-14T09:13:47.713-0800] {processor.py:914} INFO - Processing file /Users/rishukhurana/anaconda3/lib/python3.11/site-packages/airflow/example_dags/plugins/workday.py for tasks to queue
[2024-12-14T09:13:47.714-0800] {logging_mixin.py:190} INFO - [2024-12-14T09:13:47.714-0800] {dagbag.py:588} INFO - Filling up the DagBag from /Users/rishukhurana/anaconda3/lib/python3.11/site-packages/airflow/example_dags/plugins/workday.py
[2024-12-14T09:13:48.087-0800] {logging_mixin.py:190} INFO - [2024-12-14T09:13:48.086-0800] {utils.py:160} INFO - NumExpr defaulting to 8 threads.
[2024-12-14T09:13:48.397-0800] {processor.py:927} WARNING - No viable dags retrieved from /Users/rishukhurana/anaconda3/lib/python3.11/site-packages/airflow/example_dags/plugins/workday.py
[2024-12-14T09:13:48.478-0800] {processor.py:208} INFO - Processing /Users/rishukhurana/anaconda3/lib/python3.11/site-packages/airflow/example_dags/plugins/workday.py took 0.774 seconds
[2024-12-14T09:16:54.422-0800] {processor.py:186} INFO - Started process (PID=21938) to work on /Users/rishukhurana/anaconda3/lib/python3.11/site-packages/airflow/example_dags/plugins/workday.py
[2024-12-14T09:16:54.424-0800] {processor.py:914} INFO - Processing file /Users/rishukhurana/anaconda3/lib/python3.11/site-packages/airflow/example_dags/plugins/workday.py for tasks to queue
[2024-12-14T09:16:54.426-0800] {logging_mixin.py:190} INFO - [2024-12-14T09:16:54.425-0800] {dagbag.py:588} INFO - Filling up the DagBag from /Users/rishukhurana/anaconda3/lib/python3.11/site-packages/airflow/example_dags/plugins/workday.py
[2024-12-14T09:16:54.889-0800] {logging_mixin.py:190} INFO - [2024-12-14T09:16:54.889-0800] {utils.py:160} INFO - NumExpr defaulting to 8 threads.
[2024-12-14T09:16:55.396-0800] {processor.py:927} WARNING - No viable dags retrieved from /Users/rishukhurana/anaconda3/lib/python3.11/site-packages/airflow/example_dags/plugins/workday.py
[2024-12-14T09:16:55.475-0800] {processor.py:208} INFO - Processing /Users/rishukhurana/anaconda3/lib/python3.11/site-packages/airflow/example_dags/plugins/workday.py took 1.065 seconds
[2024-12-14T09:20:07.206-0800] {processor.py:186} INFO - Started process (PID=22091) to work on /Users/rishukhurana/anaconda3/lib/python3.11/site-packages/airflow/example_dags/plugins/workday.py
[2024-12-14T09:20:07.209-0800] {processor.py:914} INFO - Processing file /Users/rishukhurana/anaconda3/lib/python3.11/site-packages/airflow/example_dags/plugins/workday.py for tasks to queue
[2024-12-14T09:20:07.211-0800] {logging_mixin.py:190} INFO - [2024-12-14T09:20:07.210-0800] {dagbag.py:588} INFO - Filling up the DagBag from /Users/rishukhurana/anaconda3/lib/python3.11/site-packages/airflow/example_dags/plugins/workday.py
[2024-12-14T09:20:07.682-0800] {logging_mixin.py:190} INFO - [2024-12-14T09:20:07.681-0800] {utils.py:160} INFO - NumExpr defaulting to 8 threads.
[2024-12-14T09:20:08.155-0800] {processor.py:927} WARNING - No viable dags retrieved from /Users/rishukhurana/anaconda3/lib/python3.11/site-packages/airflow/example_dags/plugins/workday.py
[2024-12-14T09:20:08.232-0800] {processor.py:208} INFO - Processing /Users/rishukhurana/anaconda3/lib/python3.11/site-packages/airflow/example_dags/plugins/workday.py took 1.032 seconds
[2024-12-14T09:23:18.360-0800] {processor.py:186} INFO - Started process (PID=22266) to work on /Users/rishukhurana/anaconda3/lib/python3.11/site-packages/airflow/example_dags/plugins/workday.py
[2024-12-14T09:23:18.363-0800] {processor.py:914} INFO - Processing file /Users/rishukhurana/anaconda3/lib/python3.11/site-packages/airflow/example_dags/plugins/workday.py for tasks to queue
[2024-12-14T09:23:18.364-0800] {logging_mixin.py:190} INFO - [2024-12-14T09:23:18.364-0800] {dagbag.py:588} INFO - Filling up the DagBag from /Users/rishukhurana/anaconda3/lib/python3.11/site-packages/airflow/example_dags/plugins/workday.py
[2024-12-14T09:23:18.803-0800] {logging_mixin.py:190} INFO - [2024-12-14T09:23:18.802-0800] {utils.py:160} INFO - NumExpr defaulting to 8 threads.
[2024-12-14T09:23:19.289-0800] {processor.py:927} WARNING - No viable dags retrieved from /Users/rishukhurana/anaconda3/lib/python3.11/site-packages/airflow/example_dags/plugins/workday.py
[2024-12-14T09:23:19.363-0800] {processor.py:208} INFO - Processing /Users/rishukhurana/anaconda3/lib/python3.11/site-packages/airflow/example_dags/plugins/workday.py took 1.009 seconds
[2024-12-14T09:26:22.791-0800] {processor.py:186} INFO - Started process (PID=22412) to work on /Users/rishukhurana/anaconda3/lib/python3.11/site-packages/airflow/example_dags/plugins/workday.py
[2024-12-14T09:26:22.795-0800] {processor.py:914} INFO - Processing file /Users/rishukhurana/anaconda3/lib/python3.11/site-packages/airflow/example_dags/plugins/workday.py for tasks to queue
[2024-12-14T09:26:22.797-0800] {logging_mixin.py:190} INFO - [2024-12-14T09:26:22.796-0800] {dagbag.py:588} INFO - Filling up the DagBag from /Users/rishukhurana/anaconda3/lib/python3.11/site-packages/airflow/example_dags/plugins/workday.py
[2024-12-14T09:26:23.261-0800] {logging_mixin.py:190} INFO - [2024-12-14T09:26:23.261-0800] {utils.py:160} INFO - NumExpr defaulting to 8 threads.
[2024-12-14T09:26:23.762-0800] {processor.py:927} WARNING - No viable dags retrieved from /Users/rishukhurana/anaconda3/lib/python3.11/site-packages/airflow/example_dags/plugins/workday.py
[2024-12-14T09:26:23.837-0800] {processor.py:208} INFO - Processing /Users/rishukhurana/anaconda3/lib/python3.11/site-packages/airflow/example_dags/plugins/workday.py took 1.050 seconds
[2024-12-14T09:29:24.601-0800] {processor.py:186} INFO - Started process (PID=22571) to work on /Users/rishukhurana/anaconda3/lib/python3.11/site-packages/airflow/example_dags/plugins/workday.py
[2024-12-14T09:29:24.604-0800] {processor.py:914} INFO - Processing file /Users/rishukhurana/anaconda3/lib/python3.11/site-packages/airflow/example_dags/plugins/workday.py for tasks to queue
[2024-12-14T09:29:24.605-0800] {logging_mixin.py:190} INFO - [2024-12-14T09:29:24.605-0800] {dagbag.py:588} INFO - Filling up the DagBag from /Users/rishukhurana/anaconda3/lib/python3.11/site-packages/airflow/example_dags/plugins/workday.py
[2024-12-14T09:29:24.940-0800] {logging_mixin.py:190} INFO - [2024-12-14T09:29:24.940-0800] {utils.py:160} INFO - NumExpr defaulting to 8 threads.
[2024-12-14T09:29:25.223-0800] {processor.py:927} WARNING - No viable dags retrieved from /Users/rishukhurana/anaconda3/lib/python3.11/site-packages/airflow/example_dags/plugins/workday.py
[2024-12-14T09:29:25.297-0800] {processor.py:208} INFO - Processing /Users/rishukhurana/anaconda3/lib/python3.11/site-packages/airflow/example_dags/plugins/workday.py took 0.701 seconds
[2024-12-14T09:32:18.143-0800] {processor.py:186} INFO - Started process (PID=22720) to work on /Users/rishukhurana/anaconda3/lib/python3.11/site-packages/airflow/example_dags/plugins/workday.py
[2024-12-14T09:32:18.145-0800] {processor.py:914} INFO - Processing file /Users/rishukhurana/anaconda3/lib/python3.11/site-packages/airflow/example_dags/plugins/workday.py for tasks to queue
[2024-12-14T09:32:18.146-0800] {logging_mixin.py:190} INFO - [2024-12-14T09:32:18.146-0800] {dagbag.py:588} INFO - Filling up the DagBag from /Users/rishukhurana/anaconda3/lib/python3.11/site-packages/airflow/example_dags/plugins/workday.py
[2024-12-14T09:32:18.473-0800] {logging_mixin.py:190} INFO - [2024-12-14T09:32:18.472-0800] {utils.py:160} INFO - NumExpr defaulting to 8 threads.
[2024-12-14T09:32:18.746-0800] {processor.py:927} WARNING - No viable dags retrieved from /Users/rishukhurana/anaconda3/lib/python3.11/site-packages/airflow/example_dags/plugins/workday.py
[2024-12-14T09:32:18.816-0800] {processor.py:208} INFO - Processing /Users/rishukhurana/anaconda3/lib/python3.11/site-packages/airflow/example_dags/plugins/workday.py took 0.679 seconds
[2024-12-14T09:35:14.014-0800] {processor.py:186} INFO - Started process (PID=22863) to work on /Users/rishukhurana/anaconda3/lib/python3.11/site-packages/airflow/example_dags/plugins/workday.py
[2024-12-14T09:35:14.017-0800] {processor.py:914} INFO - Processing file /Users/rishukhurana/anaconda3/lib/python3.11/site-packages/airflow/example_dags/plugins/workday.py for tasks to queue
[2024-12-14T09:35:14.018-0800] {logging_mixin.py:190} INFO - [2024-12-14T09:35:14.018-0800] {dagbag.py:588} INFO - Filling up the DagBag from /Users/rishukhurana/anaconda3/lib/python3.11/site-packages/airflow/example_dags/plugins/workday.py
[2024-12-14T09:35:14.481-0800] {logging_mixin.py:190} INFO - [2024-12-14T09:35:14.481-0800] {utils.py:160} INFO - NumExpr defaulting to 8 threads.
[2024-12-14T09:35:14.959-0800] {processor.py:927} WARNING - No viable dags retrieved from /Users/rishukhurana/anaconda3/lib/python3.11/site-packages/airflow/example_dags/plugins/workday.py
[2024-12-14T09:35:15.031-0800] {processor.py:208} INFO - Processing /Users/rishukhurana/anaconda3/lib/python3.11/site-packages/airflow/example_dags/plugins/workday.py took 1.024 seconds
[2024-12-14T09:38:09.778-0800] {processor.py:186} INFO - Started process (PID=23007) to work on /Users/rishukhurana/anaconda3/lib/python3.11/site-packages/airflow/example_dags/plugins/workday.py
[2024-12-14T09:38:09.781-0800] {processor.py:914} INFO - Processing file /Users/rishukhurana/anaconda3/lib/python3.11/site-packages/airflow/example_dags/plugins/workday.py for tasks to queue
[2024-12-14T09:38:09.782-0800] {logging_mixin.py:190} INFO - [2024-12-14T09:38:09.782-0800] {dagbag.py:588} INFO - Filling up the DagBag from /Users/rishukhurana/anaconda3/lib/python3.11/site-packages/airflow/example_dags/plugins/workday.py
[2024-12-14T09:38:10.117-0800] {logging_mixin.py:190} INFO - [2024-12-14T09:38:10.117-0800] {utils.py:160} INFO - NumExpr defaulting to 8 threads.
[2024-12-14T09:38:10.409-0800] {processor.py:927} WARNING - No viable dags retrieved from /Users/rishukhurana/anaconda3/lib/python3.11/site-packages/airflow/example_dags/plugins/workday.py
[2024-12-14T09:38:10.480-0800] {processor.py:208} INFO - Processing /Users/rishukhurana/anaconda3/lib/python3.11/site-packages/airflow/example_dags/plugins/workday.py took 0.708 seconds
[2024-12-14T09:41:05.864-0800] {processor.py:186} INFO - Started process (PID=23151) to work on /Users/rishukhurana/anaconda3/lib/python3.11/site-packages/airflow/example_dags/plugins/workday.py
[2024-12-14T09:41:05.866-0800] {processor.py:914} INFO - Processing file /Users/rishukhurana/anaconda3/lib/python3.11/site-packages/airflow/example_dags/plugins/workday.py for tasks to queue
[2024-12-14T09:41:05.867-0800] {logging_mixin.py:190} INFO - [2024-12-14T09:41:05.867-0800] {dagbag.py:588} INFO - Filling up the DagBag from /Users/rishukhurana/anaconda3/lib/python3.11/site-packages/airflow/example_dags/plugins/workday.py
[2024-12-14T09:41:06.200-0800] {logging_mixin.py:190} INFO - [2024-12-14T09:41:06.199-0800] {utils.py:160} INFO - NumExpr defaulting to 8 threads.
[2024-12-14T09:41:06.484-0800] {processor.py:927} WARNING - No viable dags retrieved from /Users/rishukhurana/anaconda3/lib/python3.11/site-packages/airflow/example_dags/plugins/workday.py
[2024-12-14T09:41:06.557-0800] {processor.py:208} INFO - Processing /Users/rishukhurana/anaconda3/lib/python3.11/site-packages/airflow/example_dags/plugins/workday.py took 0.698 seconds
[2024-12-14T09:44:05.446-0800] {processor.py:186} INFO - Started process (PID=23296) to work on /Users/rishukhurana/anaconda3/lib/python3.11/site-packages/airflow/example_dags/plugins/workday.py
[2024-12-14T09:44:05.450-0800] {processor.py:914} INFO - Processing file /Users/rishukhurana/anaconda3/lib/python3.11/site-packages/airflow/example_dags/plugins/workday.py for tasks to queue
[2024-12-14T09:44:05.451-0800] {logging_mixin.py:190} INFO - [2024-12-14T09:44:05.451-0800] {dagbag.py:588} INFO - Filling up the DagBag from /Users/rishukhurana/anaconda3/lib/python3.11/site-packages/airflow/example_dags/plugins/workday.py
[2024-12-14T09:44:05.781-0800] {logging_mixin.py:190} INFO - [2024-12-14T09:44:05.780-0800] {utils.py:160} INFO - NumExpr defaulting to 8 threads.
[2024-12-14T09:44:06.063-0800] {processor.py:927} WARNING - No viable dags retrieved from /Users/rishukhurana/anaconda3/lib/python3.11/site-packages/airflow/example_dags/plugins/workday.py
[2024-12-14T09:44:06.135-0800] {processor.py:208} INFO - Processing /Users/rishukhurana/anaconda3/lib/python3.11/site-packages/airflow/example_dags/plugins/workday.py took 0.694 seconds
[2024-12-14T12:01:49.303-0800] {processor.py:186} INFO - Started process (PID=23582) to work on /Users/rishukhurana/anaconda3/lib/python3.11/site-packages/airflow/example_dags/plugins/workday.py
[2024-12-14T12:01:49.307-0800] {processor.py:914} INFO - Processing file /Users/rishukhurana/anaconda3/lib/python3.11/site-packages/airflow/example_dags/plugins/workday.py for tasks to queue
[2024-12-14T12:01:49.308-0800] {logging_mixin.py:190} INFO - [2024-12-14T12:01:49.308-0800] {dagbag.py:588} INFO - Filling up the DagBag from /Users/rishukhurana/anaconda3/lib/python3.11/site-packages/airflow/example_dags/plugins/workday.py
[2024-12-14T12:01:50.286-0800] {logging_mixin.py:190} INFO - [2024-12-14T12:01:50.285-0800] {utils.py:160} INFO - NumExpr defaulting to 8 threads.
[2024-12-14T12:01:51.071-0800] {processor.py:927} WARNING - No viable dags retrieved from /Users/rishukhurana/anaconda3/lib/python3.11/site-packages/airflow/example_dags/plugins/workday.py
[2024-12-14T12:01:51.176-0800] {processor.py:208} INFO - Processing /Users/rishukhurana/anaconda3/lib/python3.11/site-packages/airflow/example_dags/plugins/workday.py took 1.687 seconds
