[2024-12-19T16:11:20.392-0800] {processor.py:186} INFO - Started process (PID=68052) to work on /Users/rishukhurana/anaconda3/lib/python3.11/site-packages/airflow/example_dags/subdags/subdag.py
[2024-12-19T16:11:20.398-0800] {processor.py:914} INFO - Processing file /Users/rishukhurana/anaconda3/lib/python3.11/site-packages/airflow/example_dags/subdags/subdag.py for tasks to queue
[2024-12-19T16:11:20.414-0800] {logging_mixin.py:190} INFO - [2024-12-19T16:11:20.413-0800] {dagbag.py:588} INFO - Filling up the DagBag from /Users/rishukhurana/anaconda3/lib/python3.11/site-packages/airflow/example_dags/subdags/subdag.py
[2024-12-19T16:11:20.423-0800] {processor.py:927} WARNING - No viable dags retrieved from /Users/rishukhurana/anaconda3/lib/python3.11/site-packages/airflow/example_dags/subdags/subdag.py
[2024-12-19T16:11:20.539-0800] {processor.py:208} INFO - Processing /Users/rishukhurana/anaconda3/lib/python3.11/site-packages/airflow/example_dags/subdags/subdag.py took 0.158 seconds
[2024-12-19T19:03:12.719-0800] {processor.py:186} INFO - Started process (PID=68396) to work on /Users/rishukhurana/anaconda3/lib/python3.11/site-packages/airflow/example_dags/subdags/subdag.py
[2024-12-19T19:03:12.731-0800] {processor.py:914} INFO - Processing file /Users/rishukhurana/anaconda3/lib/python3.11/site-packages/airflow/example_dags/subdags/subdag.py for tasks to queue
[2024-12-19T19:03:12.741-0800] {logging_mixin.py:190} INFO - [2024-12-19T19:03:12.738-0800] {dagbag.py:588} INFO - Filling up the DagBag from /Users/rishukhurana/anaconda3/lib/python3.11/site-packages/airflow/example_dags/subdags/subdag.py
[2024-12-19T19:03:12.759-0800] {processor.py:927} WARNING - No viable dags retrieved from /Users/rishukhurana/anaconda3/lib/python3.11/site-packages/airflow/example_dags/subdags/subdag.py
[2024-12-19T19:03:13.420-0800] {processor.py:208} INFO - Processing /Users/rishukhurana/anaconda3/lib/python3.11/site-packages/airflow/example_dags/subdags/subdag.py took 0.751 seconds
[2024-12-19T22:51:12.878-0800] {processor.py:186} INFO - Started process (PID=68703) to work on /Users/rishukhurana/anaconda3/lib/python3.11/site-packages/airflow/example_dags/subdags/subdag.py
[2024-12-19T22:51:12.879-0800] {processor.py:914} INFO - Processing file /Users/rishukhurana/anaconda3/lib/python3.11/site-packages/airflow/example_dags/subdags/subdag.py for tasks to queue
[2024-12-19T22:51:12.881-0800] {logging_mixin.py:190} INFO - [2024-12-19T22:51:12.881-0800] {dagbag.py:588} INFO - Filling up the DagBag from /Users/rishukhurana/anaconda3/lib/python3.11/site-packages/airflow/example_dags/subdags/subdag.py
[2024-12-19T22:51:12.883-0800] {processor.py:927} WARNING - No viable dags retrieved from /Users/rishukhurana/anaconda3/lib/python3.11/site-packages/airflow/example_dags/subdags/subdag.py
[2024-12-19T22:51:12.955-0800] {processor.py:208} INFO - Processing /Users/rishukhurana/anaconda3/lib/python3.11/site-packages/airflow/example_dags/subdags/subdag.py took 0.084 seconds
[2024-12-20T01:54:12.535-0800] {processor.py:186} INFO - Started process (PID=68891) to work on /Users/rishukhurana/anaconda3/lib/python3.11/site-packages/airflow/example_dags/subdags/subdag.py
[2024-12-20T01:54:12.536-0800] {processor.py:914} INFO - Processing file /Users/rishukhurana/anaconda3/lib/python3.11/site-packages/airflow/example_dags/subdags/subdag.py for tasks to queue
[2024-12-20T01:54:12.538-0800] {logging_mixin.py:190} INFO - [2024-12-20T01:54:12.538-0800] {dagbag.py:588} INFO - Filling up the DagBag from /Users/rishukhurana/anaconda3/lib/python3.11/site-packages/airflow/example_dags/subdags/subdag.py
[2024-12-20T01:54:12.541-0800] {processor.py:927} WARNING - No viable dags retrieved from /Users/rishukhurana/anaconda3/lib/python3.11/site-packages/airflow/example_dags/subdags/subdag.py
[2024-12-20T01:54:12.616-0800] {processor.py:208} INFO - Processing /Users/rishukhurana/anaconda3/lib/python3.11/site-packages/airflow/example_dags/subdags/subdag.py took 0.089 seconds
[2024-12-20T08:33:43.004-0800] {processor.py:186} INFO - Started process (PID=69154) to work on /Users/rishukhurana/anaconda3/lib/python3.11/site-packages/airflow/example_dags/subdags/subdag.py
[2024-12-20T08:33:43.006-0800] {processor.py:914} INFO - Processing file /Users/rishukhurana/anaconda3/lib/python3.11/site-packages/airflow/example_dags/subdags/subdag.py for tasks to queue
[2024-12-20T08:33:43.007-0800] {logging_mixin.py:190} INFO - [2024-12-20T08:33:43.006-0800] {dagbag.py:588} INFO - Filling up the DagBag from /Users/rishukhurana/anaconda3/lib/python3.11/site-packages/airflow/example_dags/subdags/subdag.py
[2024-12-20T08:33:43.009-0800] {processor.py:927} WARNING - No viable dags retrieved from /Users/rishukhurana/anaconda3/lib/python3.11/site-packages/airflow/example_dags/subdags/subdag.py
[2024-12-20T08:33:43.085-0800] {processor.py:208} INFO - Processing /Users/rishukhurana/anaconda3/lib/python3.11/site-packages/airflow/example_dags/subdags/subdag.py took 0.086 seconds
[2024-12-20T09:19:49.080-0800] {processor.py:186} INFO - Started process (PID=69358) to work on /Users/rishukhurana/anaconda3/lib/python3.11/site-packages/airflow/example_dags/subdags/subdag.py
[2024-12-20T09:19:49.082-0800] {processor.py:914} INFO - Processing file /Users/rishukhurana/anaconda3/lib/python3.11/site-packages/airflow/example_dags/subdags/subdag.py for tasks to queue
[2024-12-20T09:19:49.084-0800] {logging_mixin.py:190} INFO - [2024-12-20T09:19:49.084-0800] {dagbag.py:588} INFO - Filling up the DagBag from /Users/rishukhurana/anaconda3/lib/python3.11/site-packages/airflow/example_dags/subdags/subdag.py
[2024-12-20T09:19:49.086-0800] {processor.py:927} WARNING - No viable dags retrieved from /Users/rishukhurana/anaconda3/lib/python3.11/site-packages/airflow/example_dags/subdags/subdag.py
[2024-12-20T09:19:49.176-0800] {processor.py:208} INFO - Processing /Users/rishukhurana/anaconda3/lib/python3.11/site-packages/airflow/example_dags/subdags/subdag.py took 0.101 seconds
[2024-12-20T10:09:03.694-0800] {processor.py:186} INFO - Started process (PID=69579) to work on /Users/rishukhurana/anaconda3/lib/python3.11/site-packages/airflow/example_dags/subdags/subdag.py
[2024-12-20T10:09:03.696-0800] {processor.py:914} INFO - Processing file /Users/rishukhurana/anaconda3/lib/python3.11/site-packages/airflow/example_dags/subdags/subdag.py for tasks to queue
[2024-12-20T10:09:03.697-0800] {logging_mixin.py:190} INFO - [2024-12-20T10:09:03.697-0800] {dagbag.py:588} INFO - Filling up the DagBag from /Users/rishukhurana/anaconda3/lib/python3.11/site-packages/airflow/example_dags/subdags/subdag.py
[2024-12-20T10:09:03.700-0800] {processor.py:927} WARNING - No viable dags retrieved from /Users/rishukhurana/anaconda3/lib/python3.11/site-packages/airflow/example_dags/subdags/subdag.py
[2024-12-20T10:09:03.790-0800] {processor.py:208} INFO - Processing /Users/rishukhurana/anaconda3/lib/python3.11/site-packages/airflow/example_dags/subdags/subdag.py took 0.105 seconds
[2024-12-20T10:12:43.054-0800] {processor.py:186} INFO - Started process (PID=69764) to work on /Users/rishukhurana/anaconda3/lib/python3.11/site-packages/airflow/example_dags/subdags/subdag.py
[2024-12-20T10:12:43.056-0800] {processor.py:914} INFO - Processing file /Users/rishukhurana/anaconda3/lib/python3.11/site-packages/airflow/example_dags/subdags/subdag.py for tasks to queue
[2024-12-20T10:12:43.061-0800] {logging_mixin.py:190} INFO - [2024-12-20T10:12:43.058-0800] {dagbag.py:588} INFO - Filling up the DagBag from /Users/rishukhurana/anaconda3/lib/python3.11/site-packages/airflow/example_dags/subdags/subdag.py
[2024-12-20T10:12:43.065-0800] {processor.py:927} WARNING - No viable dags retrieved from /Users/rishukhurana/anaconda3/lib/python3.11/site-packages/airflow/example_dags/subdags/subdag.py
[2024-12-20T10:12:43.234-0800] {processor.py:208} INFO - Processing /Users/rishukhurana/anaconda3/lib/python3.11/site-packages/airflow/example_dags/subdags/subdag.py took 0.186 seconds
[2024-12-20T10:15:56.643-0800] {processor.py:186} INFO - Started process (PID=69924) to work on /Users/rishukhurana/anaconda3/lib/python3.11/site-packages/airflow/example_dags/subdags/subdag.py
[2024-12-20T10:15:56.645-0800] {processor.py:914} INFO - Processing file /Users/rishukhurana/anaconda3/lib/python3.11/site-packages/airflow/example_dags/subdags/subdag.py for tasks to queue
[2024-12-20T10:15:56.646-0800] {logging_mixin.py:190} INFO - [2024-12-20T10:15:56.646-0800] {dagbag.py:588} INFO - Filling up the DagBag from /Users/rishukhurana/anaconda3/lib/python3.11/site-packages/airflow/example_dags/subdags/subdag.py
[2024-12-20T10:15:56.649-0800] {processor.py:927} WARNING - No viable dags retrieved from /Users/rishukhurana/anaconda3/lib/python3.11/site-packages/airflow/example_dags/subdags/subdag.py
[2024-12-20T10:15:56.735-0800] {processor.py:208} INFO - Processing /Users/rishukhurana/anaconda3/lib/python3.11/site-packages/airflow/example_dags/subdags/subdag.py took 0.099 seconds
[2024-12-20T10:19:05.389-0800] {processor.py:186} INFO - Started process (PID=70100) to work on /Users/rishukhurana/anaconda3/lib/python3.11/site-packages/airflow/example_dags/subdags/subdag.py
[2024-12-20T10:19:05.391-0800] {processor.py:914} INFO - Processing file /Users/rishukhurana/anaconda3/lib/python3.11/site-packages/airflow/example_dags/subdags/subdag.py for tasks to queue
[2024-12-20T10:19:05.392-0800] {logging_mixin.py:190} INFO - [2024-12-20T10:19:05.392-0800] {dagbag.py:588} INFO - Filling up the DagBag from /Users/rishukhurana/anaconda3/lib/python3.11/site-packages/airflow/example_dags/subdags/subdag.py
[2024-12-20T10:19:05.394-0800] {processor.py:927} WARNING - No viable dags retrieved from /Users/rishukhurana/anaconda3/lib/python3.11/site-packages/airflow/example_dags/subdags/subdag.py
[2024-12-20T10:19:05.473-0800] {processor.py:208} INFO - Processing /Users/rishukhurana/anaconda3/lib/python3.11/site-packages/airflow/example_dags/subdags/subdag.py took 0.091 seconds
[2024-12-20T10:22:05.439-0800] {processor.py:186} INFO - Started process (PID=70263) to work on /Users/rishukhurana/anaconda3/lib/python3.11/site-packages/airflow/example_dags/subdags/subdag.py
[2024-12-20T10:22:05.441-0800] {processor.py:914} INFO - Processing file /Users/rishukhurana/anaconda3/lib/python3.11/site-packages/airflow/example_dags/subdags/subdag.py for tasks to queue
[2024-12-20T10:22:05.443-0800] {logging_mixin.py:190} INFO - [2024-12-20T10:22:05.443-0800] {dagbag.py:588} INFO - Filling up the DagBag from /Users/rishukhurana/anaconda3/lib/python3.11/site-packages/airflow/example_dags/subdags/subdag.py
[2024-12-20T10:22:05.445-0800] {processor.py:927} WARNING - No viable dags retrieved from /Users/rishukhurana/anaconda3/lib/python3.11/site-packages/airflow/example_dags/subdags/subdag.py
[2024-12-20T10:22:05.522-0800] {processor.py:208} INFO - Processing /Users/rishukhurana/anaconda3/lib/python3.11/site-packages/airflow/example_dags/subdags/subdag.py took 0.090 seconds
[2024-12-20T10:24:59.974-0800] {processor.py:186} INFO - Started process (PID=70430) to work on /Users/rishukhurana/anaconda3/lib/python3.11/site-packages/airflow/example_dags/subdags/subdag.py
[2024-12-20T10:24:59.977-0800] {processor.py:914} INFO - Processing file /Users/rishukhurana/anaconda3/lib/python3.11/site-packages/airflow/example_dags/subdags/subdag.py for tasks to queue
[2024-12-20T10:24:59.978-0800] {logging_mixin.py:190} INFO - [2024-12-20T10:24:59.978-0800] {dagbag.py:588} INFO - Filling up the DagBag from /Users/rishukhurana/anaconda3/lib/python3.11/site-packages/airflow/example_dags/subdags/subdag.py
[2024-12-20T10:24:59.980-0800] {processor.py:927} WARNING - No viable dags retrieved from /Users/rishukhurana/anaconda3/lib/python3.11/site-packages/airflow/example_dags/subdags/subdag.py
[2024-12-20T10:25:00.060-0800] {processor.py:208} INFO - Processing /Users/rishukhurana/anaconda3/lib/python3.11/site-packages/airflow/example_dags/subdags/subdag.py took 0.093 seconds
[2024-12-20T10:28:03.934-0800] {processor.py:186} INFO - Started process (PID=70589) to work on /Users/rishukhurana/anaconda3/lib/python3.11/site-packages/airflow/example_dags/subdags/subdag.py
[2024-12-20T10:28:03.936-0800] {processor.py:914} INFO - Processing file /Users/rishukhurana/anaconda3/lib/python3.11/site-packages/airflow/example_dags/subdags/subdag.py for tasks to queue
[2024-12-20T10:28:03.937-0800] {logging_mixin.py:190} INFO - [2024-12-20T10:28:03.937-0800] {dagbag.py:588} INFO - Filling up the DagBag from /Users/rishukhurana/anaconda3/lib/python3.11/site-packages/airflow/example_dags/subdags/subdag.py
[2024-12-20T10:28:03.940-0800] {processor.py:927} WARNING - No viable dags retrieved from /Users/rishukhurana/anaconda3/lib/python3.11/site-packages/airflow/example_dags/subdags/subdag.py
[2024-12-20T10:28:04.022-0800] {processor.py:208} INFO - Processing /Users/rishukhurana/anaconda3/lib/python3.11/site-packages/airflow/example_dags/subdags/subdag.py took 0.096 seconds
[2024-12-20T10:31:10.237-0800] {processor.py:186} INFO - Started process (PID=70768) to work on /Users/rishukhurana/anaconda3/lib/python3.11/site-packages/airflow/example_dags/subdags/subdag.py
[2024-12-20T10:31:10.239-0800] {processor.py:914} INFO - Processing file /Users/rishukhurana/anaconda3/lib/python3.11/site-packages/airflow/example_dags/subdags/subdag.py for tasks to queue
[2024-12-20T10:31:10.241-0800] {logging_mixin.py:190} INFO - [2024-12-20T10:31:10.240-0800] {dagbag.py:588} INFO - Filling up the DagBag from /Users/rishukhurana/anaconda3/lib/python3.11/site-packages/airflow/example_dags/subdags/subdag.py
[2024-12-20T10:31:10.243-0800] {processor.py:927} WARNING - No viable dags retrieved from /Users/rishukhurana/anaconda3/lib/python3.11/site-packages/airflow/example_dags/subdags/subdag.py
[2024-12-20T10:31:10.336-0800] {processor.py:208} INFO - Processing /Users/rishukhurana/anaconda3/lib/python3.11/site-packages/airflow/example_dags/subdags/subdag.py took 0.103 seconds
[2024-12-20T10:34:18.159-0800] {processor.py:186} INFO - Started process (PID=70919) to work on /Users/rishukhurana/anaconda3/lib/python3.11/site-packages/airflow/example_dags/subdags/subdag.py
[2024-12-20T10:34:18.161-0800] {processor.py:914} INFO - Processing file /Users/rishukhurana/anaconda3/lib/python3.11/site-packages/airflow/example_dags/subdags/subdag.py for tasks to queue
[2024-12-20T10:34:18.163-0800] {logging_mixin.py:190} INFO - [2024-12-20T10:34:18.163-0800] {dagbag.py:588} INFO - Filling up the DagBag from /Users/rishukhurana/anaconda3/lib/python3.11/site-packages/airflow/example_dags/subdags/subdag.py
[2024-12-20T10:34:18.166-0800] {processor.py:927} WARNING - No viable dags retrieved from /Users/rishukhurana/anaconda3/lib/python3.11/site-packages/airflow/example_dags/subdags/subdag.py
[2024-12-20T10:34:18.254-0800] {processor.py:208} INFO - Processing /Users/rishukhurana/anaconda3/lib/python3.11/site-packages/airflow/example_dags/subdags/subdag.py took 0.103 seconds
[2024-12-20T10:37:32.479-0800] {processor.py:186} INFO - Started process (PID=71096) to work on /Users/rishukhurana/anaconda3/lib/python3.11/site-packages/airflow/example_dags/subdags/subdag.py
[2024-12-20T10:37:32.482-0800] {processor.py:914} INFO - Processing file /Users/rishukhurana/anaconda3/lib/python3.11/site-packages/airflow/example_dags/subdags/subdag.py for tasks to queue
[2024-12-20T10:37:32.483-0800] {logging_mixin.py:190} INFO - [2024-12-20T10:37:32.482-0800] {dagbag.py:588} INFO - Filling up the DagBag from /Users/rishukhurana/anaconda3/lib/python3.11/site-packages/airflow/example_dags/subdags/subdag.py
[2024-12-20T10:37:32.485-0800] {processor.py:927} WARNING - No viable dags retrieved from /Users/rishukhurana/anaconda3/lib/python3.11/site-packages/airflow/example_dags/subdags/subdag.py
[2024-12-20T10:37:32.576-0800] {processor.py:208} INFO - Processing /Users/rishukhurana/anaconda3/lib/python3.11/site-packages/airflow/example_dags/subdags/subdag.py took 0.104 seconds
[2024-12-20T10:40:48.371-0800] {processor.py:186} INFO - Started process (PID=71265) to work on /Users/rishukhurana/anaconda3/lib/python3.11/site-packages/airflow/example_dags/subdags/subdag.py
[2024-12-20T10:40:48.373-0800] {processor.py:914} INFO - Processing file /Users/rishukhurana/anaconda3/lib/python3.11/site-packages/airflow/example_dags/subdags/subdag.py for tasks to queue
[2024-12-20T10:40:48.375-0800] {logging_mixin.py:190} INFO - [2024-12-20T10:40:48.375-0800] {dagbag.py:588} INFO - Filling up the DagBag from /Users/rishukhurana/anaconda3/lib/python3.11/site-packages/airflow/example_dags/subdags/subdag.py
[2024-12-20T10:40:48.378-0800] {processor.py:927} WARNING - No viable dags retrieved from /Users/rishukhurana/anaconda3/lib/python3.11/site-packages/airflow/example_dags/subdags/subdag.py
[2024-12-20T10:40:48.465-0800] {processor.py:208} INFO - Processing /Users/rishukhurana/anaconda3/lib/python3.11/site-packages/airflow/example_dags/subdags/subdag.py took 0.101 seconds
[2024-12-20T10:43:56.016-0800] {processor.py:186} INFO - Started process (PID=71413) to work on /Users/rishukhurana/anaconda3/lib/python3.11/site-packages/airflow/example_dags/subdags/subdag.py
[2024-12-20T10:43:56.018-0800] {processor.py:914} INFO - Processing file /Users/rishukhurana/anaconda3/lib/python3.11/site-packages/airflow/example_dags/subdags/subdag.py for tasks to queue
[2024-12-20T10:43:56.020-0800] {logging_mixin.py:190} INFO - [2024-12-20T10:43:56.019-0800] {dagbag.py:588} INFO - Filling up the DagBag from /Users/rishukhurana/anaconda3/lib/python3.11/site-packages/airflow/example_dags/subdags/subdag.py
[2024-12-20T10:43:56.022-0800] {processor.py:927} WARNING - No viable dags retrieved from /Users/rishukhurana/anaconda3/lib/python3.11/site-packages/airflow/example_dags/subdags/subdag.py
[2024-12-20T10:43:56.123-0800] {processor.py:208} INFO - Processing /Users/rishukhurana/anaconda3/lib/python3.11/site-packages/airflow/example_dags/subdags/subdag.py took 0.114 seconds
[2024-12-20T10:47:11.984-0800] {processor.py:186} INFO - Started process (PID=71561) to work on /Users/rishukhurana/anaconda3/lib/python3.11/site-packages/airflow/example_dags/subdags/subdag.py
[2024-12-20T10:47:11.986-0800] {processor.py:914} INFO - Processing file /Users/rishukhurana/anaconda3/lib/python3.11/site-packages/airflow/example_dags/subdags/subdag.py for tasks to queue
[2024-12-20T10:47:11.988-0800] {logging_mixin.py:190} INFO - [2024-12-20T10:47:11.987-0800] {dagbag.py:588} INFO - Filling up the DagBag from /Users/rishukhurana/anaconda3/lib/python3.11/site-packages/airflow/example_dags/subdags/subdag.py
[2024-12-20T10:47:11.990-0800] {processor.py:927} WARNING - No viable dags retrieved from /Users/rishukhurana/anaconda3/lib/python3.11/site-packages/airflow/example_dags/subdags/subdag.py
[2024-12-20T10:47:12.084-0800] {processor.py:208} INFO - Processing /Users/rishukhurana/anaconda3/lib/python3.11/site-packages/airflow/example_dags/subdags/subdag.py took 0.107 seconds
[2024-12-20T10:50:26.353-0800] {processor.py:186} INFO - Started process (PID=71720) to work on /Users/rishukhurana/anaconda3/lib/python3.11/site-packages/airflow/example_dags/subdags/subdag.py
[2024-12-20T10:50:26.355-0800] {processor.py:914} INFO - Processing file /Users/rishukhurana/anaconda3/lib/python3.11/site-packages/airflow/example_dags/subdags/subdag.py for tasks to queue
[2024-12-20T10:50:26.356-0800] {logging_mixin.py:190} INFO - [2024-12-20T10:50:26.356-0800] {dagbag.py:588} INFO - Filling up the DagBag from /Users/rishukhurana/anaconda3/lib/python3.11/site-packages/airflow/example_dags/subdags/subdag.py
[2024-12-20T10:50:26.360-0800] {processor.py:927} WARNING - No viable dags retrieved from /Users/rishukhurana/anaconda3/lib/python3.11/site-packages/airflow/example_dags/subdags/subdag.py
[2024-12-20T10:50:26.449-0800] {processor.py:208} INFO - Processing /Users/rishukhurana/anaconda3/lib/python3.11/site-packages/airflow/example_dags/subdags/subdag.py took 0.103 seconds
[2024-12-20T10:53:44.932-0800] {processor.py:186} INFO - Started process (PID=71869) to work on /Users/rishukhurana/anaconda3/lib/python3.11/site-packages/airflow/example_dags/subdags/subdag.py
[2024-12-20T10:53:44.933-0800] {processor.py:914} INFO - Processing file /Users/rishukhurana/anaconda3/lib/python3.11/site-packages/airflow/example_dags/subdags/subdag.py for tasks to queue
[2024-12-20T10:53:44.935-0800] {logging_mixin.py:190} INFO - [2024-12-20T10:53:44.934-0800] {dagbag.py:588} INFO - Filling up the DagBag from /Users/rishukhurana/anaconda3/lib/python3.11/site-packages/airflow/example_dags/subdags/subdag.py
[2024-12-20T10:53:44.937-0800] {processor.py:927} WARNING - No viable dags retrieved from /Users/rishukhurana/anaconda3/lib/python3.11/site-packages/airflow/example_dags/subdags/subdag.py
[2024-12-20T10:53:45.034-0800] {processor.py:208} INFO - Processing /Users/rishukhurana/anaconda3/lib/python3.11/site-packages/airflow/example_dags/subdags/subdag.py took 0.109 seconds
[2024-12-20T10:57:01.923-0800] {processor.py:186} INFO - Started process (PID=72018) to work on /Users/rishukhurana/anaconda3/lib/python3.11/site-packages/airflow/example_dags/subdags/subdag.py
[2024-12-20T10:57:01.926-0800] {processor.py:914} INFO - Processing file /Users/rishukhurana/anaconda3/lib/python3.11/site-packages/airflow/example_dags/subdags/subdag.py for tasks to queue
[2024-12-20T10:57:01.927-0800] {logging_mixin.py:190} INFO - [2024-12-20T10:57:01.927-0800] {dagbag.py:588} INFO - Filling up the DagBag from /Users/rishukhurana/anaconda3/lib/python3.11/site-packages/airflow/example_dags/subdags/subdag.py
[2024-12-20T10:57:01.931-0800] {processor.py:927} WARNING - No viable dags retrieved from /Users/rishukhurana/anaconda3/lib/python3.11/site-packages/airflow/example_dags/subdags/subdag.py
[2024-12-20T10:57:02.019-0800] {processor.py:208} INFO - Processing /Users/rishukhurana/anaconda3/lib/python3.11/site-packages/airflow/example_dags/subdags/subdag.py took 0.103 seconds
[2024-12-20T11:00:09.679-0800] {processor.py:186} INFO - Started process (PID=72163) to work on /Users/rishukhurana/anaconda3/lib/python3.11/site-packages/airflow/example_dags/subdags/subdag.py
[2024-12-20T11:00:09.681-0800] {processor.py:914} INFO - Processing file /Users/rishukhurana/anaconda3/lib/python3.11/site-packages/airflow/example_dags/subdags/subdag.py for tasks to queue
[2024-12-20T11:00:09.683-0800] {logging_mixin.py:190} INFO - [2024-12-20T11:00:09.682-0800] {dagbag.py:588} INFO - Filling up the DagBag from /Users/rishukhurana/anaconda3/lib/python3.11/site-packages/airflow/example_dags/subdags/subdag.py
[2024-12-20T11:00:09.685-0800] {processor.py:927} WARNING - No viable dags retrieved from /Users/rishukhurana/anaconda3/lib/python3.11/site-packages/airflow/example_dags/subdags/subdag.py
[2024-12-20T11:00:09.773-0800] {processor.py:208} INFO - Processing /Users/rishukhurana/anaconda3/lib/python3.11/site-packages/airflow/example_dags/subdags/subdag.py took 0.102 seconds
[2024-12-20T11:03:21.522-0800] {processor.py:186} INFO - Started process (PID=72312) to work on /Users/rishukhurana/anaconda3/lib/python3.11/site-packages/airflow/example_dags/subdags/subdag.py
[2024-12-20T11:03:21.524-0800] {processor.py:914} INFO - Processing file /Users/rishukhurana/anaconda3/lib/python3.11/site-packages/airflow/example_dags/subdags/subdag.py for tasks to queue
[2024-12-20T11:03:21.526-0800] {logging_mixin.py:190} INFO - [2024-12-20T11:03:21.526-0800] {dagbag.py:588} INFO - Filling up the DagBag from /Users/rishukhurana/anaconda3/lib/python3.11/site-packages/airflow/example_dags/subdags/subdag.py
[2024-12-20T11:03:21.530-0800] {processor.py:927} WARNING - No viable dags retrieved from /Users/rishukhurana/anaconda3/lib/python3.11/site-packages/airflow/example_dags/subdags/subdag.py
[2024-12-20T11:03:21.619-0800] {processor.py:208} INFO - Processing /Users/rishukhurana/anaconda3/lib/python3.11/site-packages/airflow/example_dags/subdags/subdag.py took 0.104 seconds
[2024-12-20T11:06:37.138-0800] {processor.py:186} INFO - Started process (PID=72475) to work on /Users/rishukhurana/anaconda3/lib/python3.11/site-packages/airflow/example_dags/subdags/subdag.py
[2024-12-20T11:06:37.140-0800] {processor.py:914} INFO - Processing file /Users/rishukhurana/anaconda3/lib/python3.11/site-packages/airflow/example_dags/subdags/subdag.py for tasks to queue
[2024-12-20T11:06:37.141-0800] {logging_mixin.py:190} INFO - [2024-12-20T11:06:37.141-0800] {dagbag.py:588} INFO - Filling up the DagBag from /Users/rishukhurana/anaconda3/lib/python3.11/site-packages/airflow/example_dags/subdags/subdag.py
[2024-12-20T11:06:37.145-0800] {processor.py:927} WARNING - No viable dags retrieved from /Users/rishukhurana/anaconda3/lib/python3.11/site-packages/airflow/example_dags/subdags/subdag.py
[2024-12-20T11:06:37.238-0800] {processor.py:208} INFO - Processing /Users/rishukhurana/anaconda3/lib/python3.11/site-packages/airflow/example_dags/subdags/subdag.py took 0.108 seconds
[2024-12-20T11:09:51.070-0800] {processor.py:186} INFO - Started process (PID=72625) to work on /Users/rishukhurana/anaconda3/lib/python3.11/site-packages/airflow/example_dags/subdags/subdag.py
[2024-12-20T11:09:51.072-0800] {processor.py:914} INFO - Processing file /Users/rishukhurana/anaconda3/lib/python3.11/site-packages/airflow/example_dags/subdags/subdag.py for tasks to queue
[2024-12-20T11:09:51.073-0800] {logging_mixin.py:190} INFO - [2024-12-20T11:09:51.073-0800] {dagbag.py:588} INFO - Filling up the DagBag from /Users/rishukhurana/anaconda3/lib/python3.11/site-packages/airflow/example_dags/subdags/subdag.py
[2024-12-20T11:09:51.077-0800] {processor.py:927} WARNING - No viable dags retrieved from /Users/rishukhurana/anaconda3/lib/python3.11/site-packages/airflow/example_dags/subdags/subdag.py
[2024-12-20T11:09:51.190-0800] {processor.py:208} INFO - Processing /Users/rishukhurana/anaconda3/lib/python3.11/site-packages/airflow/example_dags/subdags/subdag.py took 0.126 seconds
[2024-12-20T11:13:04.843-0800] {processor.py:186} INFO - Started process (PID=72789) to work on /Users/rishukhurana/anaconda3/lib/python3.11/site-packages/airflow/example_dags/subdags/subdag.py
[2024-12-20T11:13:04.846-0800] {processor.py:914} INFO - Processing file /Users/rishukhurana/anaconda3/lib/python3.11/site-packages/airflow/example_dags/subdags/subdag.py for tasks to queue
[2024-12-20T11:13:04.848-0800] {logging_mixin.py:190} INFO - [2024-12-20T11:13:04.848-0800] {dagbag.py:588} INFO - Filling up the DagBag from /Users/rishukhurana/anaconda3/lib/python3.11/site-packages/airflow/example_dags/subdags/subdag.py
[2024-12-20T11:13:04.851-0800] {processor.py:927} WARNING - No viable dags retrieved from /Users/rishukhurana/anaconda3/lib/python3.11/site-packages/airflow/example_dags/subdags/subdag.py
[2024-12-20T11:13:04.943-0800] {processor.py:208} INFO - Processing /Users/rishukhurana/anaconda3/lib/python3.11/site-packages/airflow/example_dags/subdags/subdag.py took 0.105 seconds
[2024-12-20T11:16:18.541-0800] {processor.py:186} INFO - Started process (PID=72955) to work on /Users/rishukhurana/anaconda3/lib/python3.11/site-packages/airflow/example_dags/subdags/subdag.py
[2024-12-20T11:16:18.543-0800] {processor.py:914} INFO - Processing file /Users/rishukhurana/anaconda3/lib/python3.11/site-packages/airflow/example_dags/subdags/subdag.py for tasks to queue
[2024-12-20T11:16:18.544-0800] {logging_mixin.py:190} INFO - [2024-12-20T11:16:18.544-0800] {dagbag.py:588} INFO - Filling up the DagBag from /Users/rishukhurana/anaconda3/lib/python3.11/site-packages/airflow/example_dags/subdags/subdag.py
[2024-12-20T11:16:18.549-0800] {processor.py:927} WARNING - No viable dags retrieved from /Users/rishukhurana/anaconda3/lib/python3.11/site-packages/airflow/example_dags/subdags/subdag.py
[2024-12-20T11:16:18.624-0800] {processor.py:208} INFO - Processing /Users/rishukhurana/anaconda3/lib/python3.11/site-packages/airflow/example_dags/subdags/subdag.py took 0.089 seconds
[2024-12-20T11:19:19.012-0800] {processor.py:186} INFO - Started process (PID=73102) to work on /Users/rishukhurana/anaconda3/lib/python3.11/site-packages/airflow/example_dags/subdags/subdag.py
[2024-12-20T11:19:19.014-0800] {processor.py:914} INFO - Processing file /Users/rishukhurana/anaconda3/lib/python3.11/site-packages/airflow/example_dags/subdags/subdag.py for tasks to queue
[2024-12-20T11:19:19.016-0800] {logging_mixin.py:190} INFO - [2024-12-20T11:19:19.016-0800] {dagbag.py:588} INFO - Filling up the DagBag from /Users/rishukhurana/anaconda3/lib/python3.11/site-packages/airflow/example_dags/subdags/subdag.py
[2024-12-20T11:19:19.019-0800] {processor.py:927} WARNING - No viable dags retrieved from /Users/rishukhurana/anaconda3/lib/python3.11/site-packages/airflow/example_dags/subdags/subdag.py
[2024-12-20T11:19:19.112-0800] {processor.py:208} INFO - Processing /Users/rishukhurana/anaconda3/lib/python3.11/site-packages/airflow/example_dags/subdags/subdag.py took 0.108 seconds
[2024-12-20T11:22:25.614-0800] {processor.py:186} INFO - Started process (PID=73264) to work on /Users/rishukhurana/anaconda3/lib/python3.11/site-packages/airflow/example_dags/subdags/subdag.py
[2024-12-20T11:22:25.617-0800] {processor.py:914} INFO - Processing file /Users/rishukhurana/anaconda3/lib/python3.11/site-packages/airflow/example_dags/subdags/subdag.py for tasks to queue
[2024-12-20T11:22:25.619-0800] {logging_mixin.py:190} INFO - [2024-12-20T11:22:25.618-0800] {dagbag.py:588} INFO - Filling up the DagBag from /Users/rishukhurana/anaconda3/lib/python3.11/site-packages/airflow/example_dags/subdags/subdag.py
[2024-12-20T11:22:25.622-0800] {processor.py:927} WARNING - No viable dags retrieved from /Users/rishukhurana/anaconda3/lib/python3.11/site-packages/airflow/example_dags/subdags/subdag.py
[2024-12-20T11:22:25.699-0800] {processor.py:208} INFO - Processing /Users/rishukhurana/anaconda3/lib/python3.11/site-packages/airflow/example_dags/subdags/subdag.py took 0.090 seconds
[2024-12-20T11:25:31.063-0800] {processor.py:186} INFO - Started process (PID=73436) to work on /Users/rishukhurana/anaconda3/lib/python3.11/site-packages/airflow/example_dags/subdags/subdag.py
[2024-12-20T11:25:31.066-0800] {processor.py:914} INFO - Processing file /Users/rishukhurana/anaconda3/lib/python3.11/site-packages/airflow/example_dags/subdags/subdag.py for tasks to queue
[2024-12-20T11:25:31.067-0800] {logging_mixin.py:190} INFO - [2024-12-20T11:25:31.067-0800] {dagbag.py:588} INFO - Filling up the DagBag from /Users/rishukhurana/anaconda3/lib/python3.11/site-packages/airflow/example_dags/subdags/subdag.py
[2024-12-20T11:25:31.070-0800] {processor.py:927} WARNING - No viable dags retrieved from /Users/rishukhurana/anaconda3/lib/python3.11/site-packages/airflow/example_dags/subdags/subdag.py
[2024-12-20T11:25:31.143-0800] {processor.py:208} INFO - Processing /Users/rishukhurana/anaconda3/lib/python3.11/site-packages/airflow/example_dags/subdags/subdag.py took 0.087 seconds
[2024-12-20T11:28:30.642-0800] {processor.py:186} INFO - Started process (PID=73588) to work on /Users/rishukhurana/anaconda3/lib/python3.11/site-packages/airflow/example_dags/subdags/subdag.py
[2024-12-20T11:28:30.644-0800] {processor.py:914} INFO - Processing file /Users/rishukhurana/anaconda3/lib/python3.11/site-packages/airflow/example_dags/subdags/subdag.py for tasks to queue
[2024-12-20T11:28:30.646-0800] {logging_mixin.py:190} INFO - [2024-12-20T11:28:30.645-0800] {dagbag.py:588} INFO - Filling up the DagBag from /Users/rishukhurana/anaconda3/lib/python3.11/site-packages/airflow/example_dags/subdags/subdag.py
[2024-12-20T11:28:30.649-0800] {processor.py:927} WARNING - No viable dags retrieved from /Users/rishukhurana/anaconda3/lib/python3.11/site-packages/airflow/example_dags/subdags/subdag.py
[2024-12-20T11:28:30.722-0800] {processor.py:208} INFO - Processing /Users/rishukhurana/anaconda3/lib/python3.11/site-packages/airflow/example_dags/subdags/subdag.py took 0.087 seconds
[2024-12-20T11:31:34.596-0800] {processor.py:186} INFO - Started process (PID=73747) to work on /Users/rishukhurana/anaconda3/lib/python3.11/site-packages/airflow/example_dags/subdags/subdag.py
[2024-12-20T11:31:34.599-0800] {processor.py:914} INFO - Processing file /Users/rishukhurana/anaconda3/lib/python3.11/site-packages/airflow/example_dags/subdags/subdag.py for tasks to queue
[2024-12-20T11:31:34.601-0800] {logging_mixin.py:190} INFO - [2024-12-20T11:31:34.600-0800] {dagbag.py:588} INFO - Filling up the DagBag from /Users/rishukhurana/anaconda3/lib/python3.11/site-packages/airflow/example_dags/subdags/subdag.py
[2024-12-20T11:31:34.604-0800] {processor.py:927} WARNING - No viable dags retrieved from /Users/rishukhurana/anaconda3/lib/python3.11/site-packages/airflow/example_dags/subdags/subdag.py
[2024-12-20T11:31:34.681-0800] {processor.py:208} INFO - Processing /Users/rishukhurana/anaconda3/lib/python3.11/site-packages/airflow/example_dags/subdags/subdag.py took 0.090 seconds
[2024-12-20T11:34:33.595-0800] {processor.py:186} INFO - Started process (PID=73891) to work on /Users/rishukhurana/anaconda3/lib/python3.11/site-packages/airflow/example_dags/subdags/subdag.py
[2024-12-20T11:34:33.598-0800] {processor.py:914} INFO - Processing file /Users/rishukhurana/anaconda3/lib/python3.11/site-packages/airflow/example_dags/subdags/subdag.py for tasks to queue
[2024-12-20T11:34:33.599-0800] {logging_mixin.py:190} INFO - [2024-12-20T11:34:33.599-0800] {dagbag.py:588} INFO - Filling up the DagBag from /Users/rishukhurana/anaconda3/lib/python3.11/site-packages/airflow/example_dags/subdags/subdag.py
[2024-12-20T11:34:33.601-0800] {processor.py:927} WARNING - No viable dags retrieved from /Users/rishukhurana/anaconda3/lib/python3.11/site-packages/airflow/example_dags/subdags/subdag.py
[2024-12-20T11:34:33.680-0800] {processor.py:208} INFO - Processing /Users/rishukhurana/anaconda3/lib/python3.11/site-packages/airflow/example_dags/subdags/subdag.py took 0.091 seconds
[2024-12-20T11:37:35.364-0800] {processor.py:186} INFO - Started process (PID=74036) to work on /Users/rishukhurana/anaconda3/lib/python3.11/site-packages/airflow/example_dags/subdags/subdag.py
[2024-12-20T11:37:35.367-0800] {processor.py:914} INFO - Processing file /Users/rishukhurana/anaconda3/lib/python3.11/site-packages/airflow/example_dags/subdags/subdag.py for tasks to queue
[2024-12-20T11:37:35.368-0800] {logging_mixin.py:190} INFO - [2024-12-20T11:37:35.368-0800] {dagbag.py:588} INFO - Filling up the DagBag from /Users/rishukhurana/anaconda3/lib/python3.11/site-packages/airflow/example_dags/subdags/subdag.py
[2024-12-20T11:37:35.371-0800] {processor.py:927} WARNING - No viable dags retrieved from /Users/rishukhurana/anaconda3/lib/python3.11/site-packages/airflow/example_dags/subdags/subdag.py
[2024-12-20T11:37:35.448-0800] {processor.py:208} INFO - Processing /Users/rishukhurana/anaconda3/lib/python3.11/site-packages/airflow/example_dags/subdags/subdag.py took 0.092 seconds
[2024-12-20T11:56:09.562-0800] {processor.py:186} INFO - Started process (PID=74203) to work on /Users/rishukhurana/anaconda3/lib/python3.11/site-packages/airflow/example_dags/subdags/subdag.py
[2024-12-20T11:56:09.565-0800] {processor.py:914} INFO - Processing file /Users/rishukhurana/anaconda3/lib/python3.11/site-packages/airflow/example_dags/subdags/subdag.py for tasks to queue
[2024-12-20T11:56:09.566-0800] {logging_mixin.py:190} INFO - [2024-12-20T11:56:09.566-0800] {dagbag.py:588} INFO - Filling up the DagBag from /Users/rishukhurana/anaconda3/lib/python3.11/site-packages/airflow/example_dags/subdags/subdag.py
[2024-12-20T11:56:09.570-0800] {processor.py:927} WARNING - No viable dags retrieved from /Users/rishukhurana/anaconda3/lib/python3.11/site-packages/airflow/example_dags/subdags/subdag.py
[2024-12-20T11:56:09.645-0800] {processor.py:208} INFO - Processing /Users/rishukhurana/anaconda3/lib/python3.11/site-packages/airflow/example_dags/subdags/subdag.py took 0.090 seconds
[2024-12-20T11:59:28.924-0800] {processor.py:186} INFO - Started process (PID=74381) to work on /Users/rishukhurana/anaconda3/lib/python3.11/site-packages/airflow/example_dags/subdags/subdag.py
[2024-12-20T11:59:28.927-0800] {processor.py:914} INFO - Processing file /Users/rishukhurana/anaconda3/lib/python3.11/site-packages/airflow/example_dags/subdags/subdag.py for tasks to queue
[2024-12-20T11:59:28.929-0800] {logging_mixin.py:190} INFO - [2024-12-20T11:59:28.928-0800] {dagbag.py:588} INFO - Filling up the DagBag from /Users/rishukhurana/anaconda3/lib/python3.11/site-packages/airflow/example_dags/subdags/subdag.py
[2024-12-20T11:59:28.932-0800] {processor.py:927} WARNING - No viable dags retrieved from /Users/rishukhurana/anaconda3/lib/python3.11/site-packages/airflow/example_dags/subdags/subdag.py
[2024-12-20T11:59:29.030-0800] {processor.py:208} INFO - Processing /Users/rishukhurana/anaconda3/lib/python3.11/site-packages/airflow/example_dags/subdags/subdag.py took 0.113 seconds
[2024-12-20T12:04:16.958-0800] {processor.py:186} INFO - Started process (PID=74562) to work on /Users/rishukhurana/anaconda3/lib/python3.11/site-packages/airflow/example_dags/subdags/subdag.py
[2024-12-20T12:04:16.962-0800] {processor.py:914} INFO - Processing file /Users/rishukhurana/anaconda3/lib/python3.11/site-packages/airflow/example_dags/subdags/subdag.py for tasks to queue
[2024-12-20T12:04:16.964-0800] {logging_mixin.py:190} INFO - [2024-12-20T12:04:16.963-0800] {dagbag.py:588} INFO - Filling up the DagBag from /Users/rishukhurana/anaconda3/lib/python3.11/site-packages/airflow/example_dags/subdags/subdag.py
[2024-12-20T12:04:16.969-0800] {processor.py:927} WARNING - No viable dags retrieved from /Users/rishukhurana/anaconda3/lib/python3.11/site-packages/airflow/example_dags/subdags/subdag.py
[2024-12-20T12:04:17.126-0800] {processor.py:208} INFO - Processing /Users/rishukhurana/anaconda3/lib/python3.11/site-packages/airflow/example_dags/subdags/subdag.py took 0.177 seconds
[2024-12-20T12:09:49.600-0800] {processor.py:186} INFO - Started process (PID=74807) to work on /Users/rishukhurana/anaconda3/lib/python3.11/site-packages/airflow/example_dags/subdags/subdag.py
[2024-12-20T12:09:49.604-0800] {processor.py:914} INFO - Processing file /Users/rishukhurana/anaconda3/lib/python3.11/site-packages/airflow/example_dags/subdags/subdag.py for tasks to queue
[2024-12-20T12:09:49.607-0800] {logging_mixin.py:190} INFO - [2024-12-20T12:09:49.607-0800] {dagbag.py:588} INFO - Filling up the DagBag from /Users/rishukhurana/anaconda3/lib/python3.11/site-packages/airflow/example_dags/subdags/subdag.py
[2024-12-20T12:09:49.612-0800] {processor.py:927} WARNING - No viable dags retrieved from /Users/rishukhurana/anaconda3/lib/python3.11/site-packages/airflow/example_dags/subdags/subdag.py
[2024-12-20T12:09:49.768-0800] {processor.py:208} INFO - Processing /Users/rishukhurana/anaconda3/lib/python3.11/site-packages/airflow/example_dags/subdags/subdag.py took 0.182 seconds
