[2024-12-15T17:32:42.029-0800] {processor.py:186} INFO - Started process (PID=44324) to work on /Users/rishukhurana/anaconda3/lib/python3.11/site-packages/airflow/example_dags/example_xcomargs.py
[2024-12-15T17:32:42.031-0800] {processor.py:914} INFO - Processing file /Users/rishukhurana/anaconda3/lib/python3.11/site-packages/airflow/example_dags/example_xcomargs.py for tasks to queue
[2024-12-15T17:32:42.032-0800] {logging_mixin.py:190} INFO - [2024-12-15T17:32:42.032-0800] {dagbag.py:588} INFO - Filling up the DagBag from /Users/rishukhurana/anaconda3/lib/python3.11/site-packages/airflow/example_dags/example_xcomargs.py
[2024-12-15T17:32:42.086-0800] {processor.py:925} INFO - DAG(s) 'example_xcom_args_with_operators', 'example_xcom_args' retrieved from /Users/rishukhurana/anaconda3/lib/python3.11/site-packages/airflow/example_dags/example_xcomargs.py
[2024-12-15T17:32:42.167-0800] {logging_mixin.py:190} INFO - [2024-12-15T17:32:42.167-0800] {dag.py:3239} INFO - Sync 2 DAGs
[2024-12-15T17:32:42.175-0800] {logging_mixin.py:190} INFO - [2024-12-15T17:32:42.175-0800] {dag.py:4180} INFO - Setting next_dagrun for example_xcom_args to None, run_after=None
[2024-12-15T17:32:42.177-0800] {logging_mixin.py:190} INFO - [2024-12-15T17:32:42.177-0800] {dag.py:4180} INFO - Setting next_dagrun for example_xcom_args_with_operators to None, run_after=None
[2024-12-15T17:32:42.189-0800] {processor.py:208} INFO - Processing /Users/rishukhurana/anaconda3/lib/python3.11/site-packages/airflow/example_dags/example_xcomargs.py took 0.166 seconds
[2024-12-16T05:52:23.798-0800] {processor.py:186} INFO - Started process (PID=44666) to work on /Users/rishukhurana/anaconda3/lib/python3.11/site-packages/airflow/example_dags/example_xcomargs.py
[2024-12-16T05:52:23.800-0800] {processor.py:914} INFO - Processing file /Users/rishukhurana/anaconda3/lib/python3.11/site-packages/airflow/example_dags/example_xcomargs.py for tasks to queue
[2024-12-16T05:52:23.801-0800] {logging_mixin.py:190} INFO - [2024-12-16T05:52:23.801-0800] {dagbag.py:588} INFO - Filling up the DagBag from /Users/rishukhurana/anaconda3/lib/python3.11/site-packages/airflow/example_dags/example_xcomargs.py
[2024-12-16T05:52:23.842-0800] {processor.py:925} INFO - DAG(s) 'example_xcom_args_with_operators', 'example_xcom_args' retrieved from /Users/rishukhurana/anaconda3/lib/python3.11/site-packages/airflow/example_dags/example_xcomargs.py
[2024-12-16T05:52:23.947-0800] {logging_mixin.py:190} INFO - [2024-12-16T05:52:23.947-0800] {dag.py:3239} INFO - Sync 2 DAGs
[2024-12-16T05:52:23.958-0800] {logging_mixin.py:190} INFO - [2024-12-16T05:52:23.958-0800] {dag.py:4180} INFO - Setting next_dagrun for example_xcom_args to None, run_after=None
[2024-12-16T05:52:23.961-0800] {logging_mixin.py:190} INFO - [2024-12-16T05:52:23.960-0800] {dag.py:4180} INFO - Setting next_dagrun for example_xcom_args_with_operators to None, run_after=None
[2024-12-16T05:52:23.975-0800] {processor.py:208} INFO - Processing /Users/rishukhurana/anaconda3/lib/python3.11/site-packages/airflow/example_dags/example_xcomargs.py took 0.183 seconds
[2024-12-16T14:34:25.709-0800] {processor.py:186} INFO - Started process (PID=44907) to work on /Users/rishukhurana/anaconda3/lib/python3.11/site-packages/airflow/example_dags/example_xcomargs.py
[2024-12-16T14:34:25.711-0800] {processor.py:914} INFO - Processing file /Users/rishukhurana/anaconda3/lib/python3.11/site-packages/airflow/example_dags/example_xcomargs.py for tasks to queue
[2024-12-16T14:34:25.712-0800] {logging_mixin.py:190} INFO - [2024-12-16T14:34:25.712-0800] {dagbag.py:588} INFO - Filling up the DagBag from /Users/rishukhurana/anaconda3/lib/python3.11/site-packages/airflow/example_dags/example_xcomargs.py
[2024-12-16T14:34:25.748-0800] {processor.py:925} INFO - DAG(s) 'example_xcom_args', 'example_xcom_args_with_operators' retrieved from /Users/rishukhurana/anaconda3/lib/python3.11/site-packages/airflow/example_dags/example_xcomargs.py
[2024-12-16T14:34:25.834-0800] {logging_mixin.py:190} INFO - [2024-12-16T14:34:25.833-0800] {dag.py:3239} INFO - Sync 2 DAGs
[2024-12-16T14:34:25.843-0800] {logging_mixin.py:190} INFO - [2024-12-16T14:34:25.843-0800] {dag.py:4180} INFO - Setting next_dagrun for example_xcom_args to None, run_after=None
[2024-12-16T14:34:25.846-0800] {logging_mixin.py:190} INFO - [2024-12-16T14:34:25.846-0800] {dag.py:4180} INFO - Setting next_dagrun for example_xcom_args_with_operators to None, run_after=None
[2024-12-16T14:34:25.860-0800] {processor.py:208} INFO - Processing /Users/rishukhurana/anaconda3/lib/python3.11/site-packages/airflow/example_dags/example_xcomargs.py took 0.158 seconds
