[2024-12-19T16:32:52.421-0800] {processor.py:186} INFO - Started process (PID=68147) to work on /Users/rishukhurana/anaconda3/lib/python3.11/site-packages/airflow/example_dags/example_workday_timetable.py
[2024-12-19T16:32:52.423-0800] {processor.py:914} INFO - Processing file /Users/rishukhurana/anaconda3/lib/python3.11/site-packages/airflow/example_dags/example_workday_timetable.py for tasks to queue
[2024-12-19T16:32:52.425-0800] {logging_mixin.py:190} INFO - [2024-12-19T16:32:52.424-0800] {dagbag.py:588} INFO - Filling up the DagBag from /Users/rishukhurana/anaconda3/lib/python3.11/site-packages/airflow/example_dags/example_workday_timetable.py
[2024-12-19T16:32:53.007-0800] {logging_mixin.py:190} INFO - [2024-12-19T16:32:53.007-0800] {utils.py:160} INFO - NumExpr defaulting to 8 threads.
[2024-12-19T16:32:53.508-0800] {processor.py:925} INFO - DAG(s) 'example_workday_timetable' retrieved from /Users/rishukhurana/anaconda3/lib/python3.11/site-packages/airflow/example_dags/example_workday_timetable.py
[2024-12-19T16:32:53.675-0800] {logging_mixin.py:190} INFO - [2024-12-19T16:32:53.675-0800] {dag.py:3239} INFO - Sync 1 DAGs
[2024-12-19T16:32:53.726-0800] {logging_mixin.py:190} INFO - [2024-12-19T16:32:53.726-0800] {dag.py:4180} INFO - Setting next_dagrun for example_workday_timetable to 2021-01-04 00:00:00+00:00, run_after=2021-01-05 00:00:00+00:00
[2024-12-19T16:32:53.749-0800] {processor.py:208} INFO - Processing /Users/rishukhurana/anaconda3/lib/python3.11/site-packages/airflow/example_dags/example_workday_timetable.py took 1.334 seconds
[2024-12-19T19:47:40.120-0800] {processor.py:186} INFO - Started process (PID=68478) to work on /Users/rishukhurana/anaconda3/lib/python3.11/site-packages/airflow/example_dags/example_workday_timetable.py
[2024-12-19T19:47:40.133-0800] {processor.py:914} INFO - Processing file /Users/rishukhurana/anaconda3/lib/python3.11/site-packages/airflow/example_dags/example_workday_timetable.py for tasks to queue
[2024-12-19T19:47:40.141-0800] {logging_mixin.py:190} INFO - [2024-12-19T19:47:40.139-0800] {dagbag.py:588} INFO - Filling up the DagBag from /Users/rishukhurana/anaconda3/lib/python3.11/site-packages/airflow/example_dags/example_workday_timetable.py
[2024-12-19T19:47:43.567-0800] {logging_mixin.py:190} INFO - [2024-12-19T19:47:43.566-0800] {utils.py:160} INFO - NumExpr defaulting to 8 threads.
[2024-12-19T19:47:46.059-0800] {processor.py:925} INFO - DAG(s) 'example_workday_timetable' retrieved from /Users/rishukhurana/anaconda3/lib/python3.11/site-packages/airflow/example_dags/example_workday_timetable.py
[2024-12-19T19:47:47.077-0800] {logging_mixin.py:190} INFO - [2024-12-19T19:47:47.075-0800] {dag.py:3239} INFO - Sync 1 DAGs
[2024-12-19T19:47:47.443-0800] {logging_mixin.py:190} INFO - [2024-12-19T19:47:47.442-0800] {dag.py:4180} INFO - Setting next_dagrun for example_workday_timetable to 2021-01-04 00:00:00+00:00, run_after=2021-01-05 00:00:00+00:00
[2024-12-19T19:47:47.568-0800] {processor.py:208} INFO - Processing /Users/rishukhurana/anaconda3/lib/python3.11/site-packages/airflow/example_dags/example_workday_timetable.py took 7.496 seconds
[2024-12-19T22:51:52.598-0800] {processor.py:186} INFO - Started process (PID=68737) to work on /Users/rishukhurana/anaconda3/lib/python3.11/site-packages/airflow/example_dags/example_workday_timetable.py
[2024-12-19T22:51:52.600-0800] {processor.py:914} INFO - Processing file /Users/rishukhurana/anaconda3/lib/python3.11/site-packages/airflow/example_dags/example_workday_timetable.py for tasks to queue
[2024-12-19T22:51:52.601-0800] {logging_mixin.py:190} INFO - [2024-12-19T22:51:52.601-0800] {dagbag.py:588} INFO - Filling up the DagBag from /Users/rishukhurana/anaconda3/lib/python3.11/site-packages/airflow/example_dags/example_workday_timetable.py
[2024-12-19T22:51:53.282-0800] {logging_mixin.py:190} INFO - [2024-12-19T22:51:53.281-0800] {utils.py:160} INFO - NumExpr defaulting to 8 threads.
[2024-12-19T22:51:53.942-0800] {processor.py:925} INFO - DAG(s) 'example_workday_timetable' retrieved from /Users/rishukhurana/anaconda3/lib/python3.11/site-packages/airflow/example_dags/example_workday_timetable.py
[2024-12-19T22:51:54.063-0800] {logging_mixin.py:190} INFO - [2024-12-19T22:51:54.063-0800] {dag.py:3239} INFO - Sync 1 DAGs
[2024-12-19T22:51:54.155-0800] {logging_mixin.py:190} INFO - [2024-12-19T22:51:54.155-0800] {dag.py:4180} INFO - Setting next_dagrun for example_workday_timetable to 2021-01-04 00:00:00+00:00, run_after=2021-01-05 00:00:00+00:00
[2024-12-19T22:51:54.173-0800] {processor.py:208} INFO - Processing /Users/rishukhurana/anaconda3/lib/python3.11/site-packages/airflow/example_dags/example_workday_timetable.py took 1.584 seconds
[2024-12-20T02:55:24.207-0800] {processor.py:186} INFO - Started process (PID=68935) to work on /Users/rishukhurana/anaconda3/lib/python3.11/site-packages/airflow/example_dags/example_workday_timetable.py
[2024-12-20T02:55:24.209-0800] {processor.py:914} INFO - Processing file /Users/rishukhurana/anaconda3/lib/python3.11/site-packages/airflow/example_dags/example_workday_timetable.py for tasks to queue
[2024-12-20T02:55:24.211-0800] {logging_mixin.py:190} INFO - [2024-12-20T02:55:24.211-0800] {dagbag.py:588} INFO - Filling up the DagBag from /Users/rishukhurana/anaconda3/lib/python3.11/site-packages/airflow/example_dags/example_workday_timetable.py
[2024-12-20T02:55:24.792-0800] {logging_mixin.py:190} INFO - [2024-12-20T02:55:24.792-0800] {utils.py:160} INFO - NumExpr defaulting to 8 threads.
[2024-12-20T02:55:25.346-0800] {processor.py:925} INFO - DAG(s) 'example_workday_timetable' retrieved from /Users/rishukhurana/anaconda3/lib/python3.11/site-packages/airflow/example_dags/example_workday_timetable.py
[2024-12-20T02:55:25.457-0800] {logging_mixin.py:190} INFO - [2024-12-20T02:55:25.456-0800] {dag.py:3239} INFO - Sync 1 DAGs
[2024-12-20T02:55:25.529-0800] {logging_mixin.py:190} INFO - [2024-12-20T02:55:25.528-0800] {dag.py:4180} INFO - Setting next_dagrun for example_workday_timetable to 2021-01-04 00:00:00+00:00, run_after=2021-01-05 00:00:00+00:00
[2024-12-20T02:55:25.544-0800] {processor.py:208} INFO - Processing /Users/rishukhurana/anaconda3/lib/python3.11/site-packages/airflow/example_dags/example_workday_timetable.py took 1.344 seconds
[2024-12-20T08:34:22.819-0800] {processor.py:186} INFO - Started process (PID=69192) to work on /Users/rishukhurana/anaconda3/lib/python3.11/site-packages/airflow/example_dags/example_workday_timetable.py
[2024-12-20T08:34:22.821-0800] {processor.py:914} INFO - Processing file /Users/rishukhurana/anaconda3/lib/python3.11/site-packages/airflow/example_dags/example_workday_timetable.py for tasks to queue
[2024-12-20T08:34:22.823-0800] {logging_mixin.py:190} INFO - [2024-12-20T08:34:22.822-0800] {dagbag.py:588} INFO - Filling up the DagBag from /Users/rishukhurana/anaconda3/lib/python3.11/site-packages/airflow/example_dags/example_workday_timetable.py
[2024-12-20T08:34:23.191-0800] {logging_mixin.py:190} INFO - [2024-12-20T08:34:23.191-0800] {utils.py:160} INFO - NumExpr defaulting to 8 threads.
[2024-12-20T08:34:23.664-0800] {processor.py:925} INFO - DAG(s) 'example_workday_timetable' retrieved from /Users/rishukhurana/anaconda3/lib/python3.11/site-packages/airflow/example_dags/example_workday_timetable.py
[2024-12-20T08:34:23.789-0800] {logging_mixin.py:190} INFO - [2024-12-20T08:34:23.788-0800] {dag.py:3239} INFO - Sync 1 DAGs
[2024-12-20T08:34:23.897-0800] {logging_mixin.py:190} INFO - [2024-12-20T08:34:23.897-0800] {dag.py:4180} INFO - Setting next_dagrun for example_workday_timetable to 2021-01-04 00:00:00+00:00, run_after=2021-01-05 00:00:00+00:00
[2024-12-20T08:34:23.917-0800] {processor.py:208} INFO - Processing /Users/rishukhurana/anaconda3/lib/python3.11/site-packages/airflow/example_dags/example_workday_timetable.py took 1.102 seconds
[2024-12-20T09:20:29.734-0800] {processor.py:186} INFO - Started process (PID=69393) to work on /Users/rishukhurana/anaconda3/lib/python3.11/site-packages/airflow/example_dags/example_workday_timetable.py
[2024-12-20T09:20:29.737-0800] {processor.py:914} INFO - Processing file /Users/rishukhurana/anaconda3/lib/python3.11/site-packages/airflow/example_dags/example_workday_timetable.py for tasks to queue
[2024-12-20T09:20:29.738-0800] {logging_mixin.py:190} INFO - [2024-12-20T09:20:29.738-0800] {dagbag.py:588} INFO - Filling up the DagBag from /Users/rishukhurana/anaconda3/lib/python3.11/site-packages/airflow/example_dags/example_workday_timetable.py
[2024-12-20T09:20:30.085-0800] {logging_mixin.py:190} INFO - [2024-12-20T09:20:30.085-0800] {utils.py:160} INFO - NumExpr defaulting to 8 threads.
[2024-12-20T09:20:30.369-0800] {processor.py:925} INFO - DAG(s) 'example_workday_timetable' retrieved from /Users/rishukhurana/anaconda3/lib/python3.11/site-packages/airflow/example_dags/example_workday_timetable.py
[2024-12-20T09:20:30.482-0800] {logging_mixin.py:190} INFO - [2024-12-20T09:20:30.481-0800] {dag.py:3239} INFO - Sync 1 DAGs
[2024-12-20T09:20:30.529-0800] {logging_mixin.py:190} INFO - [2024-12-20T09:20:30.529-0800] {dag.py:4180} INFO - Setting next_dagrun for example_workday_timetable to 2021-01-04 00:00:00+00:00, run_after=2021-01-05 00:00:00+00:00
[2024-12-20T09:20:30.551-0800] {processor.py:208} INFO - Processing /Users/rishukhurana/anaconda3/lib/python3.11/site-packages/airflow/example_dags/example_workday_timetable.py took 0.822 seconds
[2024-12-20T10:09:48.406-0800] {processor.py:186} INFO - Started process (PID=69618) to work on /Users/rishukhurana/anaconda3/lib/python3.11/site-packages/airflow/example_dags/example_workday_timetable.py
[2024-12-20T10:09:48.408-0800] {processor.py:914} INFO - Processing file /Users/rishukhurana/anaconda3/lib/python3.11/site-packages/airflow/example_dags/example_workday_timetable.py for tasks to queue
[2024-12-20T10:09:48.411-0800] {logging_mixin.py:190} INFO - [2024-12-20T10:09:48.410-0800] {dagbag.py:588} INFO - Filling up the DagBag from /Users/rishukhurana/anaconda3/lib/python3.11/site-packages/airflow/example_dags/example_workday_timetable.py
[2024-12-20T10:09:48.941-0800] {logging_mixin.py:190} INFO - [2024-12-20T10:09:48.940-0800] {utils.py:160} INFO - NumExpr defaulting to 8 threads.
[2024-12-20T10:09:49.421-0800] {processor.py:925} INFO - DAG(s) 'example_workday_timetable' retrieved from /Users/rishukhurana/anaconda3/lib/python3.11/site-packages/airflow/example_dags/example_workday_timetable.py
[2024-12-20T10:09:49.562-0800] {logging_mixin.py:190} INFO - [2024-12-20T10:09:49.561-0800] {dag.py:3239} INFO - Sync 1 DAGs
[2024-12-20T10:09:49.622-0800] {logging_mixin.py:190} INFO - [2024-12-20T10:09:49.622-0800] {dag.py:4180} INFO - Setting next_dagrun for example_workday_timetable to 2021-01-04 00:00:00+00:00, run_after=2021-01-05 00:00:00+00:00
[2024-12-20T10:09:49.643-0800] {processor.py:208} INFO - Processing /Users/rishukhurana/anaconda3/lib/python3.11/site-packages/airflow/example_dags/example_workday_timetable.py took 1.247 seconds
[2024-12-20T10:13:30.661-0800] {processor.py:186} INFO - Started process (PID=69801) to work on /Users/rishukhurana/anaconda3/lib/python3.11/site-packages/airflow/example_dags/example_workday_timetable.py
[2024-12-20T10:13:30.663-0800] {processor.py:914} INFO - Processing file /Users/rishukhurana/anaconda3/lib/python3.11/site-packages/airflow/example_dags/example_workday_timetable.py for tasks to queue
[2024-12-20T10:13:30.665-0800] {logging_mixin.py:190} INFO - [2024-12-20T10:13:30.664-0800] {dagbag.py:588} INFO - Filling up the DagBag from /Users/rishukhurana/anaconda3/lib/python3.11/site-packages/airflow/example_dags/example_workday_timetable.py
[2024-12-20T10:13:31.190-0800] {logging_mixin.py:190} INFO - [2024-12-20T10:13:31.190-0800] {utils.py:160} INFO - NumExpr defaulting to 8 threads.
[2024-12-20T10:13:31.709-0800] {processor.py:925} INFO - DAG(s) 'example_workday_timetable' retrieved from /Users/rishukhurana/anaconda3/lib/python3.11/site-packages/airflow/example_dags/example_workday_timetable.py
[2024-12-20T10:13:31.841-0800] {logging_mixin.py:190} INFO - [2024-12-20T10:13:31.841-0800] {dag.py:3239} INFO - Sync 1 DAGs
[2024-12-20T10:13:31.894-0800] {logging_mixin.py:190} INFO - [2024-12-20T10:13:31.894-0800] {dag.py:4180} INFO - Setting next_dagrun for example_workday_timetable to 2021-01-04 00:00:00+00:00, run_after=2021-01-05 00:00:00+00:00
[2024-12-20T10:13:31.912-0800] {processor.py:208} INFO - Processing /Users/rishukhurana/anaconda3/lib/python3.11/site-packages/airflow/example_dags/example_workday_timetable.py took 1.258 seconds
[2024-12-20T10:16:41.971-0800] {processor.py:186} INFO - Started process (PID=69967) to work on /Users/rishukhurana/anaconda3/lib/python3.11/site-packages/airflow/example_dags/example_workday_timetable.py
[2024-12-20T10:16:41.973-0800] {processor.py:914} INFO - Processing file /Users/rishukhurana/anaconda3/lib/python3.11/site-packages/airflow/example_dags/example_workday_timetable.py for tasks to queue
[2024-12-20T10:16:41.974-0800] {logging_mixin.py:190} INFO - [2024-12-20T10:16:41.974-0800] {dagbag.py:588} INFO - Filling up the DagBag from /Users/rishukhurana/anaconda3/lib/python3.11/site-packages/airflow/example_dags/example_workday_timetable.py
[2024-12-20T10:16:42.493-0800] {logging_mixin.py:190} INFO - [2024-12-20T10:16:42.493-0800] {utils.py:160} INFO - NumExpr defaulting to 8 threads.
[2024-12-20T10:16:42.935-0800] {processor.py:925} INFO - DAG(s) 'example_workday_timetable' retrieved from /Users/rishukhurana/anaconda3/lib/python3.11/site-packages/airflow/example_dags/example_workday_timetable.py
[2024-12-20T10:16:43.056-0800] {logging_mixin.py:190} INFO - [2024-12-20T10:16:43.055-0800] {dag.py:3239} INFO - Sync 1 DAGs
[2024-12-20T10:16:43.104-0800] {logging_mixin.py:190} INFO - [2024-12-20T10:16:43.104-0800] {dag.py:4180} INFO - Setting next_dagrun for example_workday_timetable to 2021-01-04 00:00:00+00:00, run_after=2021-01-05 00:00:00+00:00
[2024-12-20T10:16:43.123-0800] {processor.py:208} INFO - Processing /Users/rishukhurana/anaconda3/lib/python3.11/site-packages/airflow/example_dags/example_workday_timetable.py took 1.158 seconds
[2024-12-20T10:19:45.359-0800] {processor.py:186} INFO - Started process (PID=70136) to work on /Users/rishukhurana/anaconda3/lib/python3.11/site-packages/airflow/example_dags/example_workday_timetable.py
[2024-12-20T10:19:45.360-0800] {processor.py:914} INFO - Processing file /Users/rishukhurana/anaconda3/lib/python3.11/site-packages/airflow/example_dags/example_workday_timetable.py for tasks to queue
[2024-12-20T10:19:45.362-0800] {logging_mixin.py:190} INFO - [2024-12-20T10:19:45.362-0800] {dagbag.py:588} INFO - Filling up the DagBag from /Users/rishukhurana/anaconda3/lib/python3.11/site-packages/airflow/example_dags/example_workday_timetable.py
[2024-12-20T10:19:45.828-0800] {logging_mixin.py:190} INFO - [2024-12-20T10:19:45.827-0800] {utils.py:160} INFO - NumExpr defaulting to 8 threads.
[2024-12-20T10:19:46.292-0800] {processor.py:925} INFO - DAG(s) 'example_workday_timetable' retrieved from /Users/rishukhurana/anaconda3/lib/python3.11/site-packages/airflow/example_dags/example_workday_timetable.py
[2024-12-20T10:19:46.420-0800] {logging_mixin.py:190} INFO - [2024-12-20T10:19:46.419-0800] {dag.py:3239} INFO - Sync 1 DAGs
[2024-12-20T10:19:46.468-0800] {logging_mixin.py:190} INFO - [2024-12-20T10:19:46.468-0800] {dag.py:4180} INFO - Setting next_dagrun for example_workday_timetable to 2021-01-04 00:00:00+00:00, run_after=2021-01-05 00:00:00+00:00
[2024-12-20T10:19:46.485-0800] {processor.py:208} INFO - Processing /Users/rishukhurana/anaconda3/lib/python3.11/site-packages/airflow/example_dags/example_workday_timetable.py took 1.132 seconds
[2024-12-20T10:22:45.656-0800] {processor.py:186} INFO - Started process (PID=70316) to work on /Users/rishukhurana/anaconda3/lib/python3.11/site-packages/airflow/example_dags/example_workday_timetable.py
[2024-12-20T10:22:45.658-0800] {processor.py:914} INFO - Processing file /Users/rishukhurana/anaconda3/lib/python3.11/site-packages/airflow/example_dags/example_workday_timetable.py for tasks to queue
[2024-12-20T10:22:45.659-0800] {logging_mixin.py:190} INFO - [2024-12-20T10:22:45.659-0800] {dagbag.py:588} INFO - Filling up the DagBag from /Users/rishukhurana/anaconda3/lib/python3.11/site-packages/airflow/example_dags/example_workday_timetable.py
[2024-12-20T10:22:46.130-0800] {logging_mixin.py:190} INFO - [2024-12-20T10:22:46.129-0800] {utils.py:160} INFO - NumExpr defaulting to 8 threads.
[2024-12-20T10:22:46.591-0800] {processor.py:925} INFO - DAG(s) 'example_workday_timetable' retrieved from /Users/rishukhurana/anaconda3/lib/python3.11/site-packages/airflow/example_dags/example_workday_timetable.py
[2024-12-20T10:22:46.713-0800] {logging_mixin.py:190} INFO - [2024-12-20T10:22:46.712-0800] {dag.py:3239} INFO - Sync 1 DAGs
[2024-12-20T10:22:46.760-0800] {logging_mixin.py:190} INFO - [2024-12-20T10:22:46.760-0800] {dag.py:4180} INFO - Setting next_dagrun for example_workday_timetable to 2021-01-04 00:00:00+00:00, run_after=2021-01-05 00:00:00+00:00
[2024-12-20T10:22:46.777-0800] {processor.py:208} INFO - Processing /Users/rishukhurana/anaconda3/lib/python3.11/site-packages/airflow/example_dags/example_workday_timetable.py took 1.125 seconds
[2024-12-20T10:25:40.663-0800] {processor.py:186} INFO - Started process (PID=70465) to work on /Users/rishukhurana/anaconda3/lib/python3.11/site-packages/airflow/example_dags/example_workday_timetable.py
[2024-12-20T10:25:40.665-0800] {processor.py:914} INFO - Processing file /Users/rishukhurana/anaconda3/lib/python3.11/site-packages/airflow/example_dags/example_workday_timetable.py for tasks to queue
[2024-12-20T10:25:40.667-0800] {logging_mixin.py:190} INFO - [2024-12-20T10:25:40.666-0800] {dagbag.py:588} INFO - Filling up the DagBag from /Users/rishukhurana/anaconda3/lib/python3.11/site-packages/airflow/example_dags/example_workday_timetable.py
[2024-12-20T10:25:41.124-0800] {logging_mixin.py:190} INFO - [2024-12-20T10:25:41.124-0800] {utils.py:160} INFO - NumExpr defaulting to 8 threads.
[2024-12-20T10:25:41.580-0800] {processor.py:925} INFO - DAG(s) 'example_workday_timetable' retrieved from /Users/rishukhurana/anaconda3/lib/python3.11/site-packages/airflow/example_dags/example_workday_timetable.py
[2024-12-20T10:25:41.705-0800] {logging_mixin.py:190} INFO - [2024-12-20T10:25:41.704-0800] {dag.py:3239} INFO - Sync 1 DAGs
[2024-12-20T10:25:41.752-0800] {logging_mixin.py:190} INFO - [2024-12-20T10:25:41.751-0800] {dag.py:4180} INFO - Setting next_dagrun for example_workday_timetable to 2021-01-04 00:00:00+00:00, run_after=2021-01-05 00:00:00+00:00
[2024-12-20T10:25:41.767-0800] {processor.py:208} INFO - Processing /Users/rishukhurana/anaconda3/lib/python3.11/site-packages/airflow/example_dags/example_workday_timetable.py took 1.110 seconds
[2024-12-20T10:28:47.575-0800] {processor.py:186} INFO - Started process (PID=70627) to work on /Users/rishukhurana/anaconda3/lib/python3.11/site-packages/airflow/example_dags/example_workday_timetable.py
[2024-12-20T10:28:47.577-0800] {processor.py:914} INFO - Processing file /Users/rishukhurana/anaconda3/lib/python3.11/site-packages/airflow/example_dags/example_workday_timetable.py for tasks to queue
[2024-12-20T10:28:47.579-0800] {logging_mixin.py:190} INFO - [2024-12-20T10:28:47.578-0800] {dagbag.py:588} INFO - Filling up the DagBag from /Users/rishukhurana/anaconda3/lib/python3.11/site-packages/airflow/example_dags/example_workday_timetable.py
[2024-12-20T10:28:48.045-0800] {logging_mixin.py:190} INFO - [2024-12-20T10:28:48.045-0800] {utils.py:160} INFO - NumExpr defaulting to 8 threads.
[2024-12-20T10:28:48.527-0800] {processor.py:925} INFO - DAG(s) 'example_workday_timetable' retrieved from /Users/rishukhurana/anaconda3/lib/python3.11/site-packages/airflow/example_dags/example_workday_timetable.py
[2024-12-20T10:28:48.648-0800] {logging_mixin.py:190} INFO - [2024-12-20T10:28:48.648-0800] {dag.py:3239} INFO - Sync 1 DAGs
[2024-12-20T10:28:48.700-0800] {logging_mixin.py:190} INFO - [2024-12-20T10:28:48.700-0800] {dag.py:4180} INFO - Setting next_dagrun for example_workday_timetable to 2021-01-04 00:00:00+00:00, run_after=2021-01-05 00:00:00+00:00
[2024-12-20T10:28:48.721-0800] {processor.py:208} INFO - Processing /Users/rishukhurana/anaconda3/lib/python3.11/site-packages/airflow/example_dags/example_workday_timetable.py took 1.153 seconds
[2024-12-20T10:31:53.668-0800] {processor.py:186} INFO - Started process (PID=70803) to work on /Users/rishukhurana/anaconda3/lib/python3.11/site-packages/airflow/example_dags/example_workday_timetable.py
[2024-12-20T10:31:53.670-0800] {processor.py:914} INFO - Processing file /Users/rishukhurana/anaconda3/lib/python3.11/site-packages/airflow/example_dags/example_workday_timetable.py for tasks to queue
[2024-12-20T10:31:53.672-0800] {logging_mixin.py:190} INFO - [2024-12-20T10:31:53.672-0800] {dagbag.py:588} INFO - Filling up the DagBag from /Users/rishukhurana/anaconda3/lib/python3.11/site-packages/airflow/example_dags/example_workday_timetable.py
[2024-12-20T10:31:54.143-0800] {logging_mixin.py:190} INFO - [2024-12-20T10:31:54.143-0800] {utils.py:160} INFO - NumExpr defaulting to 8 threads.
[2024-12-20T10:31:54.634-0800] {processor.py:925} INFO - DAG(s) 'example_workday_timetable' retrieved from /Users/rishukhurana/anaconda3/lib/python3.11/site-packages/airflow/example_dags/example_workday_timetable.py
[2024-12-20T10:31:54.744-0800] {logging_mixin.py:190} INFO - [2024-12-20T10:31:54.744-0800] {dag.py:3239} INFO - Sync 1 DAGs
[2024-12-20T10:31:54.795-0800] {logging_mixin.py:190} INFO - [2024-12-20T10:31:54.795-0800] {dag.py:4180} INFO - Setting next_dagrun for example_workday_timetable to 2021-01-04 00:00:00+00:00, run_after=2021-01-05 00:00:00+00:00
[2024-12-20T10:31:54.811-0800] {processor.py:208} INFO - Processing /Users/rishukhurana/anaconda3/lib/python3.11/site-packages/airflow/example_dags/example_workday_timetable.py took 1.150 seconds
[2024-12-20T10:35:02.149-0800] {processor.py:186} INFO - Started process (PID=70955) to work on /Users/rishukhurana/anaconda3/lib/python3.11/site-packages/airflow/example_dags/example_workday_timetable.py
[2024-12-20T10:35:02.151-0800] {processor.py:914} INFO - Processing file /Users/rishukhurana/anaconda3/lib/python3.11/site-packages/airflow/example_dags/example_workday_timetable.py for tasks to queue
[2024-12-20T10:35:02.153-0800] {logging_mixin.py:190} INFO - [2024-12-20T10:35:02.153-0800] {dagbag.py:588} INFO - Filling up the DagBag from /Users/rishukhurana/anaconda3/lib/python3.11/site-packages/airflow/example_dags/example_workday_timetable.py
[2024-12-20T10:35:02.634-0800] {logging_mixin.py:190} INFO - [2024-12-20T10:35:02.634-0800] {utils.py:160} INFO - NumExpr defaulting to 8 threads.
[2024-12-20T10:35:03.132-0800] {processor.py:925} INFO - DAG(s) 'example_workday_timetable' retrieved from /Users/rishukhurana/anaconda3/lib/python3.11/site-packages/airflow/example_dags/example_workday_timetable.py
[2024-12-20T10:35:03.258-0800] {logging_mixin.py:190} INFO - [2024-12-20T10:35:03.258-0800] {dag.py:3239} INFO - Sync 1 DAGs
[2024-12-20T10:35:03.305-0800] {logging_mixin.py:190} INFO - [2024-12-20T10:35:03.304-0800] {dag.py:4180} INFO - Setting next_dagrun for example_workday_timetable to 2021-01-04 00:00:00+00:00, run_after=2021-01-05 00:00:00+00:00
[2024-12-20T10:35:03.321-0800] {processor.py:208} INFO - Processing /Users/rishukhurana/anaconda3/lib/python3.11/site-packages/airflow/example_dags/example_workday_timetable.py took 1.180 seconds
[2024-12-20T10:38:19.300-0800] {processor.py:186} INFO - Started process (PID=71144) to work on /Users/rishukhurana/anaconda3/lib/python3.11/site-packages/airflow/example_dags/example_workday_timetable.py
[2024-12-20T10:38:19.301-0800] {processor.py:914} INFO - Processing file /Users/rishukhurana/anaconda3/lib/python3.11/site-packages/airflow/example_dags/example_workday_timetable.py for tasks to queue
[2024-12-20T10:38:19.303-0800] {logging_mixin.py:190} INFO - [2024-12-20T10:38:19.303-0800] {dagbag.py:588} INFO - Filling up the DagBag from /Users/rishukhurana/anaconda3/lib/python3.11/site-packages/airflow/example_dags/example_workday_timetable.py
[2024-12-20T10:38:19.770-0800] {logging_mixin.py:190} INFO - [2024-12-20T10:38:19.769-0800] {utils.py:160} INFO - NumExpr defaulting to 8 threads.
[2024-12-20T10:38:20.179-0800] {processor.py:925} INFO - DAG(s) 'example_workday_timetable' retrieved from /Users/rishukhurana/anaconda3/lib/python3.11/site-packages/airflow/example_dags/example_workday_timetable.py
[2024-12-20T10:38:20.320-0800] {logging_mixin.py:190} INFO - [2024-12-20T10:38:20.320-0800] {dag.py:3239} INFO - Sync 1 DAGs
[2024-12-20T10:38:20.370-0800] {logging_mixin.py:190} INFO - [2024-12-20T10:38:20.369-0800] {dag.py:4180} INFO - Setting next_dagrun for example_workday_timetable to 2021-01-04 00:00:00+00:00, run_after=2021-01-05 00:00:00+00:00
[2024-12-20T10:38:20.388-0800] {processor.py:208} INFO - Processing /Users/rishukhurana/anaconda3/lib/python3.11/site-packages/airflow/example_dags/example_workday_timetable.py took 1.095 seconds
[2024-12-20T10:41:32.833-0800] {processor.py:186} INFO - Started process (PID=71302) to work on /Users/rishukhurana/anaconda3/lib/python3.11/site-packages/airflow/example_dags/example_workday_timetable.py
[2024-12-20T10:41:32.836-0800] {processor.py:914} INFO - Processing file /Users/rishukhurana/anaconda3/lib/python3.11/site-packages/airflow/example_dags/example_workday_timetable.py for tasks to queue
[2024-12-20T10:41:32.838-0800] {logging_mixin.py:190} INFO - [2024-12-20T10:41:32.838-0800] {dagbag.py:588} INFO - Filling up the DagBag from /Users/rishukhurana/anaconda3/lib/python3.11/site-packages/airflow/example_dags/example_workday_timetable.py
[2024-12-20T10:41:33.291-0800] {logging_mixin.py:190} INFO - [2024-12-20T10:41:33.291-0800] {utils.py:160} INFO - NumExpr defaulting to 8 threads.
[2024-12-20T10:41:33.680-0800] {processor.py:925} INFO - DAG(s) 'example_workday_timetable' retrieved from /Users/rishukhurana/anaconda3/lib/python3.11/site-packages/airflow/example_dags/example_workday_timetable.py
[2024-12-20T10:41:33.813-0800] {logging_mixin.py:190} INFO - [2024-12-20T10:41:33.813-0800] {dag.py:3239} INFO - Sync 1 DAGs
[2024-12-20T10:41:33.862-0800] {logging_mixin.py:190} INFO - [2024-12-20T10:41:33.861-0800] {dag.py:4180} INFO - Setting next_dagrun for example_workday_timetable to 2021-01-04 00:00:00+00:00, run_after=2021-01-05 00:00:00+00:00
[2024-12-20T10:41:33.878-0800] {processor.py:208} INFO - Processing /Users/rishukhurana/anaconda3/lib/python3.11/site-packages/airflow/example_dags/example_workday_timetable.py took 1.050 seconds
[2024-12-20T10:44:41.302-0800] {processor.py:186} INFO - Started process (PID=71449) to work on /Users/rishukhurana/anaconda3/lib/python3.11/site-packages/airflow/example_dags/example_workday_timetable.py
[2024-12-20T10:44:41.303-0800] {processor.py:914} INFO - Processing file /Users/rishukhurana/anaconda3/lib/python3.11/site-packages/airflow/example_dags/example_workday_timetable.py for tasks to queue
[2024-12-20T10:44:41.305-0800] {logging_mixin.py:190} INFO - [2024-12-20T10:44:41.305-0800] {dagbag.py:588} INFO - Filling up the DagBag from /Users/rishukhurana/anaconda3/lib/python3.11/site-packages/airflow/example_dags/example_workday_timetable.py
[2024-12-20T10:44:41.814-0800] {logging_mixin.py:190} INFO - [2024-12-20T10:44:41.813-0800] {utils.py:160} INFO - NumExpr defaulting to 8 threads.
[2024-12-20T10:44:42.257-0800] {processor.py:925} INFO - DAG(s) 'example_workday_timetable' retrieved from /Users/rishukhurana/anaconda3/lib/python3.11/site-packages/airflow/example_dags/example_workday_timetable.py
[2024-12-20T10:44:42.403-0800] {logging_mixin.py:190} INFO - [2024-12-20T10:44:42.403-0800] {dag.py:3239} INFO - Sync 1 DAGs
[2024-12-20T10:44:42.452-0800] {logging_mixin.py:190} INFO - [2024-12-20T10:44:42.452-0800] {dag.py:4180} INFO - Setting next_dagrun for example_workday_timetable to 2021-01-04 00:00:00+00:00, run_after=2021-01-05 00:00:00+00:00
[2024-12-20T10:44:42.468-0800] {processor.py:208} INFO - Processing /Users/rishukhurana/anaconda3/lib/python3.11/site-packages/airflow/example_dags/example_workday_timetable.py took 1.175 seconds
[2024-12-20T10:47:56.372-0800] {processor.py:186} INFO - Started process (PID=71597) to work on /Users/rishukhurana/anaconda3/lib/python3.11/site-packages/airflow/example_dags/example_workday_timetable.py
[2024-12-20T10:47:56.374-0800] {processor.py:914} INFO - Processing file /Users/rishukhurana/anaconda3/lib/python3.11/site-packages/airflow/example_dags/example_workday_timetable.py for tasks to queue
[2024-12-20T10:47:56.376-0800] {logging_mixin.py:190} INFO - [2024-12-20T10:47:56.375-0800] {dagbag.py:588} INFO - Filling up the DagBag from /Users/rishukhurana/anaconda3/lib/python3.11/site-packages/airflow/example_dags/example_workday_timetable.py
[2024-12-20T10:47:56.764-0800] {logging_mixin.py:190} INFO - [2024-12-20T10:47:56.764-0800] {utils.py:160} INFO - NumExpr defaulting to 8 threads.
[2024-12-20T10:47:57.071-0800] {processor.py:925} INFO - DAG(s) 'example_workday_timetable' retrieved from /Users/rishukhurana/anaconda3/lib/python3.11/site-packages/airflow/example_dags/example_workday_timetable.py
[2024-12-20T10:47:57.205-0800] {logging_mixin.py:190} INFO - [2024-12-20T10:47:57.205-0800] {dag.py:3239} INFO - Sync 1 DAGs
[2024-12-20T10:47:57.254-0800] {logging_mixin.py:190} INFO - [2024-12-20T10:47:57.254-0800] {dag.py:4180} INFO - Setting next_dagrun for example_workday_timetable to 2021-01-04 00:00:00+00:00, run_after=2021-01-05 00:00:00+00:00
[2024-12-20T10:47:57.271-0800] {processor.py:208} INFO - Processing /Users/rishukhurana/anaconda3/lib/python3.11/site-packages/airflow/example_dags/example_workday_timetable.py took 0.907 seconds
[2024-12-20T10:51:11.041-0800] {processor.py:186} INFO - Started process (PID=71755) to work on /Users/rishukhurana/anaconda3/lib/python3.11/site-packages/airflow/example_dags/example_workday_timetable.py
[2024-12-20T10:51:11.043-0800] {processor.py:914} INFO - Processing file /Users/rishukhurana/anaconda3/lib/python3.11/site-packages/airflow/example_dags/example_workday_timetable.py for tasks to queue
[2024-12-20T10:51:11.046-0800] {logging_mixin.py:190} INFO - [2024-12-20T10:51:11.045-0800] {dagbag.py:588} INFO - Filling up the DagBag from /Users/rishukhurana/anaconda3/lib/python3.11/site-packages/airflow/example_dags/example_workday_timetable.py
[2024-12-20T10:51:11.458-0800] {logging_mixin.py:190} INFO - [2024-12-20T10:51:11.458-0800] {utils.py:160} INFO - NumExpr defaulting to 8 threads.
[2024-12-20T10:51:11.821-0800] {processor.py:925} INFO - DAG(s) 'example_workday_timetable' retrieved from /Users/rishukhurana/anaconda3/lib/python3.11/site-packages/airflow/example_dags/example_workday_timetable.py
[2024-12-20T10:51:11.964-0800] {logging_mixin.py:190} INFO - [2024-12-20T10:51:11.964-0800] {dag.py:3239} INFO - Sync 1 DAGs
[2024-12-20T10:51:12.018-0800] {logging_mixin.py:190} INFO - [2024-12-20T10:51:12.018-0800] {dag.py:4180} INFO - Setting next_dagrun for example_workday_timetable to 2021-01-04 00:00:00+00:00, run_after=2021-01-05 00:00:00+00:00
[2024-12-20T10:51:12.035-0800] {processor.py:208} INFO - Processing /Users/rishukhurana/anaconda3/lib/python3.11/site-packages/airflow/example_dags/example_workday_timetable.py took 1.000 seconds
[2024-12-20T10:54:32.162-0800] {processor.py:186} INFO - Started process (PID=71905) to work on /Users/rishukhurana/anaconda3/lib/python3.11/site-packages/airflow/example_dags/example_workday_timetable.py
[2024-12-20T10:54:32.164-0800] {processor.py:914} INFO - Processing file /Users/rishukhurana/anaconda3/lib/python3.11/site-packages/airflow/example_dags/example_workday_timetable.py for tasks to queue
[2024-12-20T10:54:32.166-0800] {logging_mixin.py:190} INFO - [2024-12-20T10:54:32.166-0800] {dagbag.py:588} INFO - Filling up the DagBag from /Users/rishukhurana/anaconda3/lib/python3.11/site-packages/airflow/example_dags/example_workday_timetable.py
[2024-12-20T10:54:32.677-0800] {logging_mixin.py:190} INFO - [2024-12-20T10:54:32.677-0800] {utils.py:160} INFO - NumExpr defaulting to 8 threads.
[2024-12-20T10:54:33.106-0800] {processor.py:925} INFO - DAG(s) 'example_workday_timetable' retrieved from /Users/rishukhurana/anaconda3/lib/python3.11/site-packages/airflow/example_dags/example_workday_timetable.py
[2024-12-20T10:54:33.258-0800] {logging_mixin.py:190} INFO - [2024-12-20T10:54:33.258-0800] {dag.py:3239} INFO - Sync 1 DAGs
[2024-12-20T10:54:33.307-0800] {logging_mixin.py:190} INFO - [2024-12-20T10:54:33.307-0800] {dag.py:4180} INFO - Setting next_dagrun for example_workday_timetable to 2021-01-04 00:00:00+00:00, run_after=2021-01-05 00:00:00+00:00
[2024-12-20T10:54:33.325-0800] {processor.py:208} INFO - Processing /Users/rishukhurana/anaconda3/lib/python3.11/site-packages/airflow/example_dags/example_workday_timetable.py took 1.170 seconds
[2024-12-20T10:57:45.927-0800] {processor.py:186} INFO - Started process (PID=72054) to work on /Users/rishukhurana/anaconda3/lib/python3.11/site-packages/airflow/example_dags/example_workday_timetable.py
[2024-12-20T10:57:45.928-0800] {processor.py:914} INFO - Processing file /Users/rishukhurana/anaconda3/lib/python3.11/site-packages/airflow/example_dags/example_workday_timetable.py for tasks to queue
[2024-12-20T10:57:45.930-0800] {logging_mixin.py:190} INFO - [2024-12-20T10:57:45.930-0800] {dagbag.py:588} INFO - Filling up the DagBag from /Users/rishukhurana/anaconda3/lib/python3.11/site-packages/airflow/example_dags/example_workday_timetable.py
[2024-12-20T10:57:46.332-0800] {logging_mixin.py:190} INFO - [2024-12-20T10:57:46.332-0800] {utils.py:160} INFO - NumExpr defaulting to 8 threads.
[2024-12-20T10:57:46.650-0800] {processor.py:925} INFO - DAG(s) 'example_workday_timetable' retrieved from /Users/rishukhurana/anaconda3/lib/python3.11/site-packages/airflow/example_dags/example_workday_timetable.py
[2024-12-20T10:57:46.782-0800] {logging_mixin.py:190} INFO - [2024-12-20T10:57:46.781-0800] {dag.py:3239} INFO - Sync 1 DAGs
[2024-12-20T10:57:46.831-0800] {logging_mixin.py:190} INFO - [2024-12-20T10:57:46.831-0800] {dag.py:4180} INFO - Setting next_dagrun for example_workday_timetable to 2021-01-04 00:00:00+00:00, run_after=2021-01-05 00:00:00+00:00
[2024-12-20T10:57:46.848-0800] {processor.py:208} INFO - Processing /Users/rishukhurana/anaconda3/lib/python3.11/site-packages/airflow/example_dags/example_workday_timetable.py took 0.929 seconds
[2024-12-20T11:00:53.509-0800] {processor.py:186} INFO - Started process (PID=72198) to work on /Users/rishukhurana/anaconda3/lib/python3.11/site-packages/airflow/example_dags/example_workday_timetable.py
[2024-12-20T11:00:53.510-0800] {processor.py:914} INFO - Processing file /Users/rishukhurana/anaconda3/lib/python3.11/site-packages/airflow/example_dags/example_workday_timetable.py for tasks to queue
[2024-12-20T11:00:53.512-0800] {logging_mixin.py:190} INFO - [2024-12-20T11:00:53.511-0800] {dagbag.py:588} INFO - Filling up the DagBag from /Users/rishukhurana/anaconda3/lib/python3.11/site-packages/airflow/example_dags/example_workday_timetable.py
[2024-12-20T11:00:53.891-0800] {logging_mixin.py:190} INFO - [2024-12-20T11:00:53.891-0800] {utils.py:160} INFO - NumExpr defaulting to 8 threads.
[2024-12-20T11:00:54.195-0800] {processor.py:925} INFO - DAG(s) 'example_workday_timetable' retrieved from /Users/rishukhurana/anaconda3/lib/python3.11/site-packages/airflow/example_dags/example_workday_timetable.py
[2024-12-20T11:00:54.320-0800] {logging_mixin.py:190} INFO - [2024-12-20T11:00:54.320-0800] {dag.py:3239} INFO - Sync 1 DAGs
[2024-12-20T11:00:54.368-0800] {logging_mixin.py:190} INFO - [2024-12-20T11:00:54.368-0800] {dag.py:4180} INFO - Setting next_dagrun for example_workday_timetable to 2021-01-04 00:00:00+00:00, run_after=2021-01-05 00:00:00+00:00
[2024-12-20T11:00:54.384-0800] {processor.py:208} INFO - Processing /Users/rishukhurana/anaconda3/lib/python3.11/site-packages/airflow/example_dags/example_workday_timetable.py took 0.881 seconds
[2024-12-20T11:04:07.332-0800] {processor.py:186} INFO - Started process (PID=72348) to work on /Users/rishukhurana/anaconda3/lib/python3.11/site-packages/airflow/example_dags/example_workday_timetable.py
[2024-12-20T11:04:07.334-0800] {processor.py:914} INFO - Processing file /Users/rishukhurana/anaconda3/lib/python3.11/site-packages/airflow/example_dags/example_workday_timetable.py for tasks to queue
[2024-12-20T11:04:07.336-0800] {logging_mixin.py:190} INFO - [2024-12-20T11:04:07.336-0800] {dagbag.py:588} INFO - Filling up the DagBag from /Users/rishukhurana/anaconda3/lib/python3.11/site-packages/airflow/example_dags/example_workday_timetable.py
[2024-12-20T11:04:07.828-0800] {logging_mixin.py:190} INFO - [2024-12-20T11:04:07.827-0800] {utils.py:160} INFO - NumExpr defaulting to 8 threads.
[2024-12-20T11:04:08.252-0800] {processor.py:925} INFO - DAG(s) 'example_workday_timetable' retrieved from /Users/rishukhurana/anaconda3/lib/python3.11/site-packages/airflow/example_dags/example_workday_timetable.py
[2024-12-20T11:04:08.389-0800] {logging_mixin.py:190} INFO - [2024-12-20T11:04:08.389-0800] {dag.py:3239} INFO - Sync 1 DAGs
[2024-12-20T11:04:08.438-0800] {logging_mixin.py:190} INFO - [2024-12-20T11:04:08.438-0800] {dag.py:4180} INFO - Setting next_dagrun for example_workday_timetable to 2021-01-04 00:00:00+00:00, run_after=2021-01-05 00:00:00+00:00
[2024-12-20T11:04:08.455-0800] {processor.py:208} INFO - Processing /Users/rishukhurana/anaconda3/lib/python3.11/site-packages/airflow/example_dags/example_workday_timetable.py took 1.130 seconds
[2024-12-20T11:07:23.591-0800] {processor.py:186} INFO - Started process (PID=72511) to work on /Users/rishukhurana/anaconda3/lib/python3.11/site-packages/airflow/example_dags/example_workday_timetable.py
[2024-12-20T11:07:23.593-0800] {processor.py:914} INFO - Processing file /Users/rishukhurana/anaconda3/lib/python3.11/site-packages/airflow/example_dags/example_workday_timetable.py for tasks to queue
[2024-12-20T11:07:23.595-0800] {logging_mixin.py:190} INFO - [2024-12-20T11:07:23.595-0800] {dagbag.py:588} INFO - Filling up the DagBag from /Users/rishukhurana/anaconda3/lib/python3.11/site-packages/airflow/example_dags/example_workday_timetable.py
[2024-12-20T11:07:24.016-0800] {logging_mixin.py:190} INFO - [2024-12-20T11:07:24.016-0800] {utils.py:160} INFO - NumExpr defaulting to 8 threads.
[2024-12-20T11:07:24.345-0800] {processor.py:925} INFO - DAG(s) 'example_workday_timetable' retrieved from /Users/rishukhurana/anaconda3/lib/python3.11/site-packages/airflow/example_dags/example_workday_timetable.py
[2024-12-20T11:07:24.482-0800] {logging_mixin.py:190} INFO - [2024-12-20T11:07:24.481-0800] {dag.py:3239} INFO - Sync 1 DAGs
[2024-12-20T11:07:24.532-0800] {logging_mixin.py:190} INFO - [2024-12-20T11:07:24.532-0800] {dag.py:4180} INFO - Setting next_dagrun for example_workday_timetable to 2021-01-04 00:00:00+00:00, run_after=2021-01-05 00:00:00+00:00
[2024-12-20T11:07:24.551-0800] {processor.py:208} INFO - Processing /Users/rishukhurana/anaconda3/lib/python3.11/site-packages/airflow/example_dags/example_workday_timetable.py took 0.969 seconds
[2024-12-20T11:10:37.640-0800] {processor.py:186} INFO - Started process (PID=72672) to work on /Users/rishukhurana/anaconda3/lib/python3.11/site-packages/airflow/example_dags/example_workday_timetable.py
[2024-12-20T11:10:37.642-0800] {processor.py:914} INFO - Processing file /Users/rishukhurana/anaconda3/lib/python3.11/site-packages/airflow/example_dags/example_workday_timetable.py for tasks to queue
[2024-12-20T11:10:37.643-0800] {logging_mixin.py:190} INFO - [2024-12-20T11:10:37.643-0800] {dagbag.py:588} INFO - Filling up the DagBag from /Users/rishukhurana/anaconda3/lib/python3.11/site-packages/airflow/example_dags/example_workday_timetable.py
[2024-12-20T11:10:38.146-0800] {logging_mixin.py:190} INFO - [2024-12-20T11:10:38.146-0800] {utils.py:160} INFO - NumExpr defaulting to 8 threads.
[2024-12-20T11:10:38.553-0800] {processor.py:925} INFO - DAG(s) 'example_workday_timetable' retrieved from /Users/rishukhurana/anaconda3/lib/python3.11/site-packages/airflow/example_dags/example_workday_timetable.py
[2024-12-20T11:10:38.687-0800] {logging_mixin.py:190} INFO - [2024-12-20T11:10:38.687-0800] {dag.py:3239} INFO - Sync 1 DAGs
[2024-12-20T11:10:38.736-0800] {logging_mixin.py:190} INFO - [2024-12-20T11:10:38.736-0800] {dag.py:4180} INFO - Setting next_dagrun for example_workday_timetable to 2021-01-04 00:00:00+00:00, run_after=2021-01-05 00:00:00+00:00
[2024-12-20T11:10:38.752-0800] {processor.py:208} INFO - Processing /Users/rishukhurana/anaconda3/lib/python3.11/site-packages/airflow/example_dags/example_workday_timetable.py took 1.120 seconds
[2024-12-20T11:13:51.610-0800] {processor.py:186} INFO - Started process (PID=72824) to work on /Users/rishukhurana/anaconda3/lib/python3.11/site-packages/airflow/example_dags/example_workday_timetable.py
[2024-12-20T11:13:51.611-0800] {processor.py:914} INFO - Processing file /Users/rishukhurana/anaconda3/lib/python3.11/site-packages/airflow/example_dags/example_workday_timetable.py for tasks to queue
[2024-12-20T11:13:51.612-0800] {logging_mixin.py:190} INFO - [2024-12-20T11:13:51.612-0800] {dagbag.py:588} INFO - Filling up the DagBag from /Users/rishukhurana/anaconda3/lib/python3.11/site-packages/airflow/example_dags/example_workday_timetable.py
[2024-12-20T11:13:52.104-0800] {logging_mixin.py:190} INFO - [2024-12-20T11:13:52.104-0800] {utils.py:160} INFO - NumExpr defaulting to 8 threads.
[2024-12-20T11:13:52.515-0800] {processor.py:925} INFO - DAG(s) 'example_workday_timetable' retrieved from /Users/rishukhurana/anaconda3/lib/python3.11/site-packages/airflow/example_dags/example_workday_timetable.py
[2024-12-20T11:13:52.646-0800] {logging_mixin.py:190} INFO - [2024-12-20T11:13:52.645-0800] {dag.py:3239} INFO - Sync 1 DAGs
[2024-12-20T11:13:52.697-0800] {logging_mixin.py:190} INFO - [2024-12-20T11:13:52.696-0800] {dag.py:4180} INFO - Setting next_dagrun for example_workday_timetable to 2021-01-04 00:00:00+00:00, run_after=2021-01-05 00:00:00+00:00
[2024-12-20T11:13:52.712-0800] {processor.py:208} INFO - Processing /Users/rishukhurana/anaconda3/lib/python3.11/site-packages/airflow/example_dags/example_workday_timetable.py took 1.110 seconds
[2024-12-20T11:17:00.829-0800] {processor.py:186} INFO - Started process (PID=72991) to work on /Users/rishukhurana/anaconda3/lib/python3.11/site-packages/airflow/example_dags/example_workday_timetable.py
[2024-12-20T11:17:00.831-0800] {processor.py:914} INFO - Processing file /Users/rishukhurana/anaconda3/lib/python3.11/site-packages/airflow/example_dags/example_workday_timetable.py for tasks to queue
[2024-12-20T11:17:00.833-0800] {logging_mixin.py:190} INFO - [2024-12-20T11:17:00.832-0800] {dagbag.py:588} INFO - Filling up the DagBag from /Users/rishukhurana/anaconda3/lib/python3.11/site-packages/airflow/example_dags/example_workday_timetable.py
[2024-12-20T11:17:01.299-0800] {logging_mixin.py:190} INFO - [2024-12-20T11:17:01.299-0800] {utils.py:160} INFO - NumExpr defaulting to 8 threads.
[2024-12-20T11:17:01.788-0800] {processor.py:925} INFO - DAG(s) 'example_workday_timetable' retrieved from /Users/rishukhurana/anaconda3/lib/python3.11/site-packages/airflow/example_dags/example_workday_timetable.py
[2024-12-20T11:17:01.912-0800] {logging_mixin.py:190} INFO - [2024-12-20T11:17:01.912-0800] {dag.py:3239} INFO - Sync 1 DAGs
[2024-12-20T11:17:01.956-0800] {logging_mixin.py:190} INFO - [2024-12-20T11:17:01.955-0800] {dag.py:4180} INFO - Setting next_dagrun for example_workday_timetable to 2021-01-04 00:00:00+00:00, run_after=2021-01-05 00:00:00+00:00
[2024-12-20T11:17:01.970-0800] {processor.py:208} INFO - Processing /Users/rishukhurana/anaconda3/lib/python3.11/site-packages/airflow/example_dags/example_workday_timetable.py took 1.149 seconds
[2024-12-20T11:20:03.632-0800] {processor.py:186} INFO - Started process (PID=73150) to work on /Users/rishukhurana/anaconda3/lib/python3.11/site-packages/airflow/example_dags/example_workday_timetable.py
[2024-12-20T11:20:03.634-0800] {processor.py:914} INFO - Processing file /Users/rishukhurana/anaconda3/lib/python3.11/site-packages/airflow/example_dags/example_workday_timetable.py for tasks to queue
[2024-12-20T11:20:03.636-0800] {logging_mixin.py:190} INFO - [2024-12-20T11:20:03.636-0800] {dagbag.py:588} INFO - Filling up the DagBag from /Users/rishukhurana/anaconda3/lib/python3.11/site-packages/airflow/example_dags/example_workday_timetable.py
[2024-12-20T11:20:04.167-0800] {logging_mixin.py:190} INFO - [2024-12-20T11:20:04.167-0800] {utils.py:160} INFO - NumExpr defaulting to 8 threads.
[2024-12-20T11:20:04.675-0800] {processor.py:925} INFO - DAG(s) 'example_workday_timetable' retrieved from /Users/rishukhurana/anaconda3/lib/python3.11/site-packages/airflow/example_dags/example_workday_timetable.py
[2024-12-20T11:20:04.807-0800] {logging_mixin.py:190} INFO - [2024-12-20T11:20:04.807-0800] {dag.py:3239} INFO - Sync 1 DAGs
[2024-12-20T11:20:04.858-0800] {logging_mixin.py:190} INFO - [2024-12-20T11:20:04.858-0800] {dag.py:4180} INFO - Setting next_dagrun for example_workday_timetable to 2021-01-04 00:00:00+00:00, run_after=2021-01-05 00:00:00+00:00
[2024-12-20T11:20:04.874-0800] {processor.py:208} INFO - Processing /Users/rishukhurana/anaconda3/lib/python3.11/site-packages/airflow/example_dags/example_workday_timetable.py took 1.247 seconds
[2024-12-20T11:23:08.397-0800] {processor.py:186} INFO - Started process (PID=73320) to work on /Users/rishukhurana/anaconda3/lib/python3.11/site-packages/airflow/example_dags/example_workday_timetable.py
[2024-12-20T11:23:08.400-0800] {processor.py:914} INFO - Processing file /Users/rishukhurana/anaconda3/lib/python3.11/site-packages/airflow/example_dags/example_workday_timetable.py for tasks to queue
[2024-12-20T11:23:08.402-0800] {logging_mixin.py:190} INFO - [2024-12-20T11:23:08.402-0800] {dagbag.py:588} INFO - Filling up the DagBag from /Users/rishukhurana/anaconda3/lib/python3.11/site-packages/airflow/example_dags/example_workday_timetable.py
[2024-12-20T11:23:08.868-0800] {logging_mixin.py:190} INFO - [2024-12-20T11:23:08.868-0800] {utils.py:160} INFO - NumExpr defaulting to 8 threads.
[2024-12-20T11:23:09.372-0800] {processor.py:925} INFO - DAG(s) 'example_workday_timetable' retrieved from /Users/rishukhurana/anaconda3/lib/python3.11/site-packages/airflow/example_dags/example_workday_timetable.py
[2024-12-20T11:23:09.490-0800] {logging_mixin.py:190} INFO - [2024-12-20T11:23:09.490-0800] {dag.py:3239} INFO - Sync 1 DAGs
[2024-12-20T11:23:09.534-0800] {logging_mixin.py:190} INFO - [2024-12-20T11:23:09.533-0800] {dag.py:4180} INFO - Setting next_dagrun for example_workday_timetable to 2021-01-04 00:00:00+00:00, run_after=2021-01-05 00:00:00+00:00
[2024-12-20T11:23:09.548-0800] {processor.py:208} INFO - Processing /Users/rishukhurana/anaconda3/lib/python3.11/site-packages/airflow/example_dags/example_workday_timetable.py took 1.159 seconds
[2024-12-20T11:26:11.458-0800] {processor.py:186} INFO - Started process (PID=73474) to work on /Users/rishukhurana/anaconda3/lib/python3.11/site-packages/airflow/example_dags/example_workday_timetable.py
[2024-12-20T11:26:11.461-0800] {processor.py:914} INFO - Processing file /Users/rishukhurana/anaconda3/lib/python3.11/site-packages/airflow/example_dags/example_workday_timetable.py for tasks to queue
[2024-12-20T11:26:11.463-0800] {logging_mixin.py:190} INFO - [2024-12-20T11:26:11.462-0800] {dagbag.py:588} INFO - Filling up the DagBag from /Users/rishukhurana/anaconda3/lib/python3.11/site-packages/airflow/example_dags/example_workday_timetable.py
[2024-12-20T11:26:11.810-0800] {logging_mixin.py:190} INFO - [2024-12-20T11:26:11.809-0800] {utils.py:160} INFO - NumExpr defaulting to 8 threads.
[2024-12-20T11:26:12.101-0800] {processor.py:925} INFO - DAG(s) 'example_workday_timetable' retrieved from /Users/rishukhurana/anaconda3/lib/python3.11/site-packages/airflow/example_dags/example_workday_timetable.py
[2024-12-20T11:26:12.213-0800] {logging_mixin.py:190} INFO - [2024-12-20T11:26:12.213-0800] {dag.py:3239} INFO - Sync 1 DAGs
[2024-12-20T11:26:12.264-0800] {logging_mixin.py:190} INFO - [2024-12-20T11:26:12.264-0800] {dag.py:4180} INFO - Setting next_dagrun for example_workday_timetable to 2021-01-04 00:00:00+00:00, run_after=2021-01-05 00:00:00+00:00
[2024-12-20T11:26:12.280-0800] {processor.py:208} INFO - Processing /Users/rishukhurana/anaconda3/lib/python3.11/site-packages/airflow/example_dags/example_workday_timetable.py took 0.826 seconds
[2024-12-20T11:29:10.915-0800] {processor.py:186} INFO - Started process (PID=73622) to work on /Users/rishukhurana/anaconda3/lib/python3.11/site-packages/airflow/example_dags/example_workday_timetable.py
[2024-12-20T11:29:10.918-0800] {processor.py:914} INFO - Processing file /Users/rishukhurana/anaconda3/lib/python3.11/site-packages/airflow/example_dags/example_workday_timetable.py for tasks to queue
[2024-12-20T11:29:10.919-0800] {logging_mixin.py:190} INFO - [2024-12-20T11:29:10.919-0800] {dagbag.py:588} INFO - Filling up the DagBag from /Users/rishukhurana/anaconda3/lib/python3.11/site-packages/airflow/example_dags/example_workday_timetable.py
[2024-12-20T11:29:11.266-0800] {logging_mixin.py:190} INFO - [2024-12-20T11:29:11.266-0800] {utils.py:160} INFO - NumExpr defaulting to 8 threads.
[2024-12-20T11:29:11.553-0800] {processor.py:925} INFO - DAG(s) 'example_workday_timetable' retrieved from /Users/rishukhurana/anaconda3/lib/python3.11/site-packages/airflow/example_dags/example_workday_timetable.py
[2024-12-20T11:29:11.662-0800] {logging_mixin.py:190} INFO - [2024-12-20T11:29:11.662-0800] {dag.py:3239} INFO - Sync 1 DAGs
[2024-12-20T11:29:11.711-0800] {logging_mixin.py:190} INFO - [2024-12-20T11:29:11.710-0800] {dag.py:4180} INFO - Setting next_dagrun for example_workday_timetable to 2021-01-04 00:00:00+00:00, run_after=2021-01-05 00:00:00+00:00
[2024-12-20T11:29:11.729-0800] {processor.py:208} INFO - Processing /Users/rishukhurana/anaconda3/lib/python3.11/site-packages/airflow/example_dags/example_workday_timetable.py took 0.821 seconds
[2024-12-20T11:32:14.815-0800] {processor.py:186} INFO - Started process (PID=73781) to work on /Users/rishukhurana/anaconda3/lib/python3.11/site-packages/airflow/example_dags/example_workday_timetable.py
[2024-12-20T11:32:14.817-0800] {processor.py:914} INFO - Processing file /Users/rishukhurana/anaconda3/lib/python3.11/site-packages/airflow/example_dags/example_workday_timetable.py for tasks to queue
[2024-12-20T11:32:14.819-0800] {logging_mixin.py:190} INFO - [2024-12-20T11:32:14.818-0800] {dagbag.py:588} INFO - Filling up the DagBag from /Users/rishukhurana/anaconda3/lib/python3.11/site-packages/airflow/example_dags/example_workday_timetable.py
[2024-12-20T11:32:15.171-0800] {logging_mixin.py:190} INFO - [2024-12-20T11:32:15.170-0800] {utils.py:160} INFO - NumExpr defaulting to 8 threads.
[2024-12-20T11:32:15.469-0800] {processor.py:925} INFO - DAG(s) 'example_workday_timetable' retrieved from /Users/rishukhurana/anaconda3/lib/python3.11/site-packages/airflow/example_dags/example_workday_timetable.py
[2024-12-20T11:32:15.584-0800] {logging_mixin.py:190} INFO - [2024-12-20T11:32:15.583-0800] {dag.py:3239} INFO - Sync 1 DAGs
[2024-12-20T11:32:15.626-0800] {logging_mixin.py:190} INFO - [2024-12-20T11:32:15.626-0800] {dag.py:4180} INFO - Setting next_dagrun for example_workday_timetable to 2021-01-04 00:00:00+00:00, run_after=2021-01-05 00:00:00+00:00
[2024-12-20T11:32:15.643-0800] {processor.py:208} INFO - Processing /Users/rishukhurana/anaconda3/lib/python3.11/site-packages/airflow/example_dags/example_workday_timetable.py took 0.833 seconds
[2024-12-20T11:35:17.543-0800] {processor.py:186} INFO - Started process (PID=73926) to work on /Users/rishukhurana/anaconda3/lib/python3.11/site-packages/airflow/example_dags/example_workday_timetable.py
[2024-12-20T11:35:17.545-0800] {processor.py:914} INFO - Processing file /Users/rishukhurana/anaconda3/lib/python3.11/site-packages/airflow/example_dags/example_workday_timetable.py for tasks to queue
[2024-12-20T11:35:17.547-0800] {logging_mixin.py:190} INFO - [2024-12-20T11:35:17.547-0800] {dagbag.py:588} INFO - Filling up the DagBag from /Users/rishukhurana/anaconda3/lib/python3.11/site-packages/airflow/example_dags/example_workday_timetable.py
[2024-12-20T11:35:18.083-0800] {logging_mixin.py:190} INFO - [2024-12-20T11:35:18.083-0800] {utils.py:160} INFO - NumExpr defaulting to 8 threads.
[2024-12-20T11:35:18.616-0800] {processor.py:925} INFO - DAG(s) 'example_workday_timetable' retrieved from /Users/rishukhurana/anaconda3/lib/python3.11/site-packages/airflow/example_dags/example_workday_timetable.py
[2024-12-20T11:35:18.752-0800] {logging_mixin.py:190} INFO - [2024-12-20T11:35:18.752-0800] {dag.py:3239} INFO - Sync 1 DAGs
[2024-12-20T11:35:18.799-0800] {logging_mixin.py:190} INFO - [2024-12-20T11:35:18.799-0800] {dag.py:4180} INFO - Setting next_dagrun for example_workday_timetable to 2021-01-04 00:00:00+00:00, run_after=2021-01-05 00:00:00+00:00
[2024-12-20T11:35:18.817-0800] {processor.py:208} INFO - Processing /Users/rishukhurana/anaconda3/lib/python3.11/site-packages/airflow/example_dags/example_workday_timetable.py took 1.280 seconds
[2024-12-20T11:38:16.310-0800] {processor.py:186} INFO - Started process (PID=74071) to work on /Users/rishukhurana/anaconda3/lib/python3.11/site-packages/airflow/example_dags/example_workday_timetable.py
[2024-12-20T11:38:16.312-0800] {processor.py:914} INFO - Processing file /Users/rishukhurana/anaconda3/lib/python3.11/site-packages/airflow/example_dags/example_workday_timetable.py for tasks to queue
[2024-12-20T11:38:16.314-0800] {logging_mixin.py:190} INFO - [2024-12-20T11:38:16.313-0800] {dagbag.py:588} INFO - Filling up the DagBag from /Users/rishukhurana/anaconda3/lib/python3.11/site-packages/airflow/example_dags/example_workday_timetable.py
[2024-12-20T11:38:16.668-0800] {logging_mixin.py:190} INFO - [2024-12-20T11:38:16.667-0800] {utils.py:160} INFO - NumExpr defaulting to 8 threads.
[2024-12-20T11:38:16.976-0800] {processor.py:925} INFO - DAG(s) 'example_workday_timetable' retrieved from /Users/rishukhurana/anaconda3/lib/python3.11/site-packages/airflow/example_dags/example_workday_timetable.py
[2024-12-20T11:38:17.095-0800] {logging_mixin.py:190} INFO - [2024-12-20T11:38:17.095-0800] {dag.py:3239} INFO - Sync 1 DAGs
[2024-12-20T11:38:17.142-0800] {logging_mixin.py:190} INFO - [2024-12-20T11:38:17.142-0800] {dag.py:4180} INFO - Setting next_dagrun for example_workday_timetable to 2021-01-04 00:00:00+00:00, run_after=2021-01-05 00:00:00+00:00
[2024-12-20T11:38:17.160-0800] {processor.py:208} INFO - Processing /Users/rishukhurana/anaconda3/lib/python3.11/site-packages/airflow/example_dags/example_workday_timetable.py took 0.857 seconds
[2024-12-20T11:56:54.931-0800] {processor.py:186} INFO - Started process (PID=74252) to work on /Users/rishukhurana/anaconda3/lib/python3.11/site-packages/airflow/example_dags/example_workday_timetable.py
[2024-12-20T11:56:54.934-0800] {processor.py:914} INFO - Processing file /Users/rishukhurana/anaconda3/lib/python3.11/site-packages/airflow/example_dags/example_workday_timetable.py for tasks to queue
[2024-12-20T11:56:54.935-0800] {logging_mixin.py:190} INFO - [2024-12-20T11:56:54.935-0800] {dagbag.py:588} INFO - Filling up the DagBag from /Users/rishukhurana/anaconda3/lib/python3.11/site-packages/airflow/example_dags/example_workday_timetable.py
[2024-12-20T11:56:55.462-0800] {logging_mixin.py:190} INFO - [2024-12-20T11:56:55.461-0800] {utils.py:160} INFO - NumExpr defaulting to 8 threads.
[2024-12-20T11:56:55.977-0800] {processor.py:925} INFO - DAG(s) 'example_workday_timetable' retrieved from /Users/rishukhurana/anaconda3/lib/python3.11/site-packages/airflow/example_dags/example_workday_timetable.py
[2024-12-20T11:56:56.162-0800] {logging_mixin.py:190} INFO - [2024-12-20T11:56:56.161-0800] {dag.py:3239} INFO - Sync 1 DAGs
[2024-12-20T11:56:56.239-0800] {logging_mixin.py:190} INFO - [2024-12-20T11:56:56.238-0800] {dag.py:4180} INFO - Setting next_dagrun for example_workday_timetable to 2021-01-04 00:00:00+00:00, run_after=2021-01-05 00:00:00+00:00
[2024-12-20T11:56:56.257-0800] {processor.py:208} INFO - Processing /Users/rishukhurana/anaconda3/lib/python3.11/site-packages/airflow/example_dags/example_workday_timetable.py took 1.333 seconds
[2024-12-20T12:00:15.685-0800] {processor.py:186} INFO - Started process (PID=74420) to work on /Users/rishukhurana/anaconda3/lib/python3.11/site-packages/airflow/example_dags/example_workday_timetable.py
[2024-12-20T12:00:15.688-0800] {processor.py:914} INFO - Processing file /Users/rishukhurana/anaconda3/lib/python3.11/site-packages/airflow/example_dags/example_workday_timetable.py for tasks to queue
[2024-12-20T12:00:15.689-0800] {logging_mixin.py:190} INFO - [2024-12-20T12:00:15.689-0800] {dagbag.py:588} INFO - Filling up the DagBag from /Users/rishukhurana/anaconda3/lib/python3.11/site-packages/airflow/example_dags/example_workday_timetable.py
[2024-12-20T12:00:16.214-0800] {logging_mixin.py:190} INFO - [2024-12-20T12:00:16.214-0800] {utils.py:160} INFO - NumExpr defaulting to 8 threads.
[2024-12-20T12:00:16.684-0800] {processor.py:925} INFO - DAG(s) 'example_workday_timetable' retrieved from /Users/rishukhurana/anaconda3/lib/python3.11/site-packages/airflow/example_dags/example_workday_timetable.py
[2024-12-20T12:00:16.855-0800] {logging_mixin.py:190} INFO - [2024-12-20T12:00:16.855-0800] {dag.py:3239} INFO - Sync 1 DAGs
[2024-12-20T12:00:16.904-0800] {logging_mixin.py:190} INFO - [2024-12-20T12:00:16.904-0800] {dag.py:4180} INFO - Setting next_dagrun for example_workday_timetable to 2021-01-04 00:00:00+00:00, run_after=2021-01-05 00:00:00+00:00
[2024-12-20T12:00:16.923-0800] {processor.py:208} INFO - Processing /Users/rishukhurana/anaconda3/lib/python3.11/site-packages/airflow/example_dags/example_workday_timetable.py took 1.242 seconds
[2024-12-20T12:05:27.247-0800] {processor.py:186} INFO - Started process (PID=74616) to work on /Users/rishukhurana/anaconda3/lib/python3.11/site-packages/airflow/example_dags/example_workday_timetable.py
[2024-12-20T12:05:27.250-0800] {processor.py:914} INFO - Processing file /Users/rishukhurana/anaconda3/lib/python3.11/site-packages/airflow/example_dags/example_workday_timetable.py for tasks to queue
[2024-12-20T12:05:27.253-0800] {logging_mixin.py:190} INFO - [2024-12-20T12:05:27.253-0800] {dagbag.py:588} INFO - Filling up the DagBag from /Users/rishukhurana/anaconda3/lib/python3.11/site-packages/airflow/example_dags/example_workday_timetable.py
[2024-12-20T12:05:28.161-0800] {logging_mixin.py:190} INFO - [2024-12-20T12:05:28.161-0800] {utils.py:160} INFO - NumExpr defaulting to 8 threads.
[2024-12-20T12:05:28.863-0800] {processor.py:925} INFO - DAG(s) 'example_workday_timetable' retrieved from /Users/rishukhurana/anaconda3/lib/python3.11/site-packages/airflow/example_dags/example_workday_timetable.py
[2024-12-20T12:05:29.152-0800] {logging_mixin.py:190} INFO - [2024-12-20T12:05:29.151-0800] {dag.py:3239} INFO - Sync 1 DAGs
[2024-12-20T12:05:29.245-0800] {logging_mixin.py:190} INFO - [2024-12-20T12:05:29.245-0800] {dag.py:4180} INFO - Setting next_dagrun for example_workday_timetable to 2021-01-04 00:00:00+00:00, run_after=2021-01-05 00:00:00+00:00
[2024-12-20T12:05:29.277-0800] {processor.py:208} INFO - Processing /Users/rishukhurana/anaconda3/lib/python3.11/site-packages/airflow/example_dags/example_workday_timetable.py took 2.045 seconds
[2024-12-20T12:11:03.756-0800] {processor.py:186} INFO - Started process (PID=74848) to work on /Users/rishukhurana/anaconda3/lib/python3.11/site-packages/airflow/example_dags/example_workday_timetable.py
[2024-12-20T12:11:03.759-0800] {processor.py:914} INFO - Processing file /Users/rishukhurana/anaconda3/lib/python3.11/site-packages/airflow/example_dags/example_workday_timetable.py for tasks to queue
[2024-12-20T12:11:03.762-0800] {logging_mixin.py:190} INFO - [2024-12-20T12:11:03.762-0800] {dagbag.py:588} INFO - Filling up the DagBag from /Users/rishukhurana/anaconda3/lib/python3.11/site-packages/airflow/example_dags/example_workday_timetable.py
[2024-12-20T12:11:04.642-0800] {logging_mixin.py:190} INFO - [2024-12-20T12:11:04.642-0800] {utils.py:160} INFO - NumExpr defaulting to 8 threads.
[2024-12-20T12:11:05.349-0800] {processor.py:925} INFO - DAG(s) 'example_workday_timetable' retrieved from /Users/rishukhurana/anaconda3/lib/python3.11/site-packages/airflow/example_dags/example_workday_timetable.py
[2024-12-20T12:11:05.668-0800] {logging_mixin.py:190} INFO - [2024-12-20T12:11:05.667-0800] {dag.py:3239} INFO - Sync 1 DAGs
[2024-12-20T12:11:05.756-0800] {logging_mixin.py:190} INFO - [2024-12-20T12:11:05.755-0800] {dag.py:4180} INFO - Setting next_dagrun for example_workday_timetable to 2021-01-04 00:00:00+00:00, run_after=2021-01-05 00:00:00+00:00
[2024-12-20T12:11:05.785-0800] {processor.py:208} INFO - Processing /Users/rishukhurana/anaconda3/lib/python3.11/site-packages/airflow/example_dags/example_workday_timetable.py took 2.044 seconds
