[2024-12-19T18:46:16.083-0800] {processor.py:186} INFO - Started process (PID=68353) to work on /Users/rishukhurana/anaconda3/lib/python3.11/site-packages/airflow/example_dags/example_branch_labels.py
[2024-12-19T18:46:16.087-0800] {processor.py:914} INFO - Processing file /Users/rishukhurana/anaconda3/lib/python3.11/site-packages/airflow/example_dags/example_branch_labels.py for tasks to queue
[2024-12-19T18:46:16.088-0800] {logging_mixin.py:190} INFO - [2024-12-19T18:46:16.088-0800] {dagbag.py:588} INFO - Filling up the DagBag from /Users/rishukhurana/anaconda3/lib/python3.11/site-packages/airflow/example_dags/example_branch_labels.py
[2024-12-19T18:46:16.100-0800] {processor.py:925} INFO - DAG(s) 'example_branch_labels' retrieved from /Users/rishukhurana/anaconda3/lib/python3.11/site-packages/airflow/example_dags/example_branch_labels.py
[2024-12-19T18:46:16.354-0800] {logging_mixin.py:190} INFO - [2024-12-19T18:46:16.354-0800] {dag.py:3239} INFO - Sync 1 DAGs
[2024-12-19T18:46:16.370-0800] {logging_mixin.py:190} INFO - [2024-12-19T18:46:16.370-0800] {dag.py:4180} INFO - Setting next_dagrun for example_branch_labels to 2024-12-19 00:00:00+00:00, run_after=2024-12-20 00:00:00+00:00
[2024-12-19T18:46:16.389-0800] {processor.py:208} INFO - Processing /Users/rishukhurana/anaconda3/lib/python3.11/site-packages/airflow/example_dags/example_branch_labels.py took 0.313 seconds
[2024-12-20T00:52:49.740-0800] {processor.py:186} INFO - Started process (PID=68862) to work on /Users/rishukhurana/anaconda3/lib/python3.11/site-packages/airflow/example_dags/example_branch_labels.py
[2024-12-20T00:52:49.742-0800] {processor.py:914} INFO - Processing file /Users/rishukhurana/anaconda3/lib/python3.11/site-packages/airflow/example_dags/example_branch_labels.py for tasks to queue
[2024-12-20T00:52:49.743-0800] {logging_mixin.py:190} INFO - [2024-12-20T00:52:49.743-0800] {dagbag.py:588} INFO - Filling up the DagBag from /Users/rishukhurana/anaconda3/lib/python3.11/site-packages/airflow/example_dags/example_branch_labels.py
[2024-12-20T00:52:49.752-0800] {processor.py:925} INFO - DAG(s) 'example_branch_labels' retrieved from /Users/rishukhurana/anaconda3/lib/python3.11/site-packages/airflow/example_dags/example_branch_labels.py
[2024-12-20T00:52:49.833-0800] {logging_mixin.py:190} INFO - [2024-12-20T00:52:49.833-0800] {dag.py:3239} INFO - Sync 1 DAGs
[2024-12-20T00:52:49.850-0800] {logging_mixin.py:190} INFO - [2024-12-20T00:52:49.850-0800] {dag.py:4180} INFO - Setting next_dagrun for example_branch_labels to 2024-12-19 00:00:00+00:00, run_after=2024-12-20 00:00:00+00:00
[2024-12-20T00:52:49.866-0800] {processor.py:208} INFO - Processing /Users/rishukhurana/anaconda3/lib/python3.11/site-packages/airflow/example_dags/example_branch_labels.py took 0.131 seconds
[2024-12-20T08:21:12.069-0800] {processor.py:186} INFO - Started process (PID=69120) to work on /Users/rishukhurana/anaconda3/lib/python3.11/site-packages/airflow/example_dags/example_branch_labels.py
[2024-12-20T08:21:12.071-0800] {processor.py:914} INFO - Processing file /Users/rishukhurana/anaconda3/lib/python3.11/site-packages/airflow/example_dags/example_branch_labels.py for tasks to queue
[2024-12-20T08:21:12.073-0800] {logging_mixin.py:190} INFO - [2024-12-20T08:21:12.073-0800] {dagbag.py:588} INFO - Filling up the DagBag from /Users/rishukhurana/anaconda3/lib/python3.11/site-packages/airflow/example_dags/example_branch_labels.py
[2024-12-20T08:21:12.082-0800] {processor.py:925} INFO - DAG(s) 'example_branch_labels' retrieved from /Users/rishukhurana/anaconda3/lib/python3.11/site-packages/airflow/example_dags/example_branch_labels.py
[2024-12-20T08:21:12.163-0800] {logging_mixin.py:190} INFO - [2024-12-20T08:21:12.163-0800] {dag.py:3239} INFO - Sync 1 DAGs
[2024-12-20T08:21:12.179-0800] {logging_mixin.py:190} INFO - [2024-12-20T08:21:12.179-0800] {dag.py:4180} INFO - Setting next_dagrun for example_branch_labels to 2024-12-19 00:00:00+00:00, run_after=2024-12-20 00:00:00+00:00
[2024-12-20T08:21:12.199-0800] {processor.py:208} INFO - Processing /Users/rishukhurana/anaconda3/lib/python3.11/site-packages/airflow/example_dags/example_branch_labels.py took 0.137 seconds
[2024-12-20T09:12:56.954-0800] {processor.py:186} INFO - Started process (PID=69310) to work on /Users/rishukhurana/anaconda3/lib/python3.11/site-packages/airflow/example_dags/example_branch_labels.py
[2024-12-20T09:12:56.956-0800] {processor.py:914} INFO - Processing file /Users/rishukhurana/anaconda3/lib/python3.11/site-packages/airflow/example_dags/example_branch_labels.py for tasks to queue
[2024-12-20T09:12:56.957-0800] {logging_mixin.py:190} INFO - [2024-12-20T09:12:56.957-0800] {dagbag.py:588} INFO - Filling up the DagBag from /Users/rishukhurana/anaconda3/lib/python3.11/site-packages/airflow/example_dags/example_branch_labels.py
[2024-12-20T09:12:56.970-0800] {processor.py:925} INFO - DAG(s) 'example_branch_labels' retrieved from /Users/rishukhurana/anaconda3/lib/python3.11/site-packages/airflow/example_dags/example_branch_labels.py
[2024-12-20T09:12:57.194-0800] {logging_mixin.py:190} INFO - [2024-12-20T09:12:57.185-0800] {dag.py:3239} INFO - Sync 1 DAGs
[2024-12-20T09:12:57.243-0800] {logging_mixin.py:190} INFO - [2024-12-20T09:12:57.243-0800] {dag.py:4180} INFO - Setting next_dagrun for example_branch_labels to 2024-12-19 00:00:00+00:00, run_after=2024-12-20 00:00:00+00:00
[2024-12-20T09:12:57.274-0800] {processor.py:208} INFO - Processing /Users/rishukhurana/anaconda3/lib/python3.11/site-packages/airflow/example_dags/example_branch_labels.py took 0.323 seconds
[2024-12-20T10:12:09.551-0800] {processor.py:186} INFO - Started process (PID=69739) to work on /Users/rishukhurana/anaconda3/lib/python3.11/site-packages/airflow/example_dags/example_branch_labels.py
[2024-12-20T10:12:09.553-0800] {processor.py:914} INFO - Processing file /Users/rishukhurana/anaconda3/lib/python3.11/site-packages/airflow/example_dags/example_branch_labels.py for tasks to queue
[2024-12-20T10:12:09.554-0800] {logging_mixin.py:190} INFO - [2024-12-20T10:12:09.554-0800] {dagbag.py:588} INFO - Filling up the DagBag from /Users/rishukhurana/anaconda3/lib/python3.11/site-packages/airflow/example_dags/example_branch_labels.py
[2024-12-20T10:12:09.572-0800] {processor.py:925} INFO - DAG(s) 'example_branch_labels' retrieved from /Users/rishukhurana/anaconda3/lib/python3.11/site-packages/airflow/example_dags/example_branch_labels.py
[2024-12-20T10:12:09.675-0800] {logging_mixin.py:190} INFO - [2024-12-20T10:12:09.675-0800] {dag.py:3239} INFO - Sync 1 DAGs
[2024-12-20T10:12:09.693-0800] {logging_mixin.py:190} INFO - [2024-12-20T10:12:09.693-0800] {dag.py:4180} INFO - Setting next_dagrun for example_branch_labels to 2024-12-19 00:00:00+00:00, run_after=2024-12-20 00:00:00+00:00
[2024-12-20T10:12:09.709-0800] {processor.py:208} INFO - Processing /Users/rishukhurana/anaconda3/lib/python3.11/site-packages/airflow/example_dags/example_branch_labels.py took 0.166 seconds
[2024-12-20T10:18:32.887-0800] {processor.py:186} INFO - Started process (PID=70075) to work on /Users/rishukhurana/anaconda3/lib/python3.11/site-packages/airflow/example_dags/example_branch_labels.py
[2024-12-20T10:18:32.889-0800] {processor.py:914} INFO - Processing file /Users/rishukhurana/anaconda3/lib/python3.11/site-packages/airflow/example_dags/example_branch_labels.py for tasks to queue
[2024-12-20T10:18:32.891-0800] {logging_mixin.py:190} INFO - [2024-12-20T10:18:32.890-0800] {dagbag.py:588} INFO - Filling up the DagBag from /Users/rishukhurana/anaconda3/lib/python3.11/site-packages/airflow/example_dags/example_branch_labels.py
[2024-12-20T10:18:32.900-0800] {processor.py:925} INFO - DAG(s) 'example_branch_labels' retrieved from /Users/rishukhurana/anaconda3/lib/python3.11/site-packages/airflow/example_dags/example_branch_labels.py
[2024-12-20T10:18:32.989-0800] {logging_mixin.py:190} INFO - [2024-12-20T10:18:32.988-0800] {dag.py:3239} INFO - Sync 1 DAGs
[2024-12-20T10:18:33.006-0800] {logging_mixin.py:190} INFO - [2024-12-20T10:18:33.005-0800] {dag.py:4180} INFO - Setting next_dagrun for example_branch_labels to 2024-12-19 00:00:00+00:00, run_after=2024-12-20 00:00:00+00:00
[2024-12-20T10:18:33.022-0800] {processor.py:208} INFO - Processing /Users/rishukhurana/anaconda3/lib/python3.11/site-packages/airflow/example_dags/example_branch_labels.py took 0.143 seconds
[2024-12-20T10:24:29.475-0800] {processor.py:186} INFO - Started process (PID=70406) to work on /Users/rishukhurana/anaconda3/lib/python3.11/site-packages/airflow/example_dags/example_branch_labels.py
[2024-12-20T10:24:29.478-0800] {processor.py:914} INFO - Processing file /Users/rishukhurana/anaconda3/lib/python3.11/site-packages/airflow/example_dags/example_branch_labels.py for tasks to queue
[2024-12-20T10:24:29.479-0800] {logging_mixin.py:190} INFO - [2024-12-20T10:24:29.479-0800] {dagbag.py:588} INFO - Filling up the DagBag from /Users/rishukhurana/anaconda3/lib/python3.11/site-packages/airflow/example_dags/example_branch_labels.py
[2024-12-20T10:24:29.488-0800] {processor.py:925} INFO - DAG(s) 'example_branch_labels' retrieved from /Users/rishukhurana/anaconda3/lib/python3.11/site-packages/airflow/example_dags/example_branch_labels.py
[2024-12-20T10:24:29.575-0800] {logging_mixin.py:190} INFO - [2024-12-20T10:24:29.575-0800] {dag.py:3239} INFO - Sync 1 DAGs
[2024-12-20T10:24:29.592-0800] {logging_mixin.py:190} INFO - [2024-12-20T10:24:29.592-0800] {dag.py:4180} INFO - Setting next_dagrun for example_branch_labels to 2024-12-19 00:00:00+00:00, run_after=2024-12-20 00:00:00+00:00
[2024-12-20T10:24:29.607-0800] {processor.py:208} INFO - Processing /Users/rishukhurana/anaconda3/lib/python3.11/site-packages/airflow/example_dags/example_branch_labels.py took 0.140 seconds
[2024-12-20T10:30:37.490-0800] {processor.py:186} INFO - Started process (PID=70736) to work on /Users/rishukhurana/anaconda3/lib/python3.11/site-packages/airflow/example_dags/example_branch_labels.py
[2024-12-20T10:30:37.493-0800] {processor.py:914} INFO - Processing file /Users/rishukhurana/anaconda3/lib/python3.11/site-packages/airflow/example_dags/example_branch_labels.py for tasks to queue
[2024-12-20T10:30:37.494-0800] {logging_mixin.py:190} INFO - [2024-12-20T10:30:37.494-0800] {dagbag.py:588} INFO - Filling up the DagBag from /Users/rishukhurana/anaconda3/lib/python3.11/site-packages/airflow/example_dags/example_branch_labels.py
[2024-12-20T10:30:37.506-0800] {processor.py:925} INFO - DAG(s) 'example_branch_labels' retrieved from /Users/rishukhurana/anaconda3/lib/python3.11/site-packages/airflow/example_dags/example_branch_labels.py
[2024-12-20T10:30:37.595-0800] {logging_mixin.py:190} INFO - [2024-12-20T10:30:37.595-0800] {dag.py:3239} INFO - Sync 1 DAGs
[2024-12-20T10:30:37.612-0800] {logging_mixin.py:190} INFO - [2024-12-20T10:30:37.611-0800] {dag.py:4180} INFO - Setting next_dagrun for example_branch_labels to 2024-12-19 00:00:00+00:00, run_after=2024-12-20 00:00:00+00:00
[2024-12-20T10:30:37.627-0800] {processor.py:208} INFO - Processing /Users/rishukhurana/anaconda3/lib/python3.11/site-packages/airflow/example_dags/example_branch_labels.py took 0.144 seconds
[2024-12-20T10:36:58.537-0800] {processor.py:186} INFO - Started process (PID=71065) to work on /Users/rishukhurana/anaconda3/lib/python3.11/site-packages/airflow/example_dags/example_branch_labels.py
[2024-12-20T10:36:58.539-0800] {processor.py:914} INFO - Processing file /Users/rishukhurana/anaconda3/lib/python3.11/site-packages/airflow/example_dags/example_branch_labels.py for tasks to queue
[2024-12-20T10:36:58.540-0800] {logging_mixin.py:190} INFO - [2024-12-20T10:36:58.540-0800] {dagbag.py:588} INFO - Filling up the DagBag from /Users/rishukhurana/anaconda3/lib/python3.11/site-packages/airflow/example_dags/example_branch_labels.py
[2024-12-20T10:36:58.559-0800] {processor.py:925} INFO - DAG(s) 'example_branch_labels' retrieved from /Users/rishukhurana/anaconda3/lib/python3.11/site-packages/airflow/example_dags/example_branch_labels.py
[2024-12-20T10:36:58.691-0800] {logging_mixin.py:190} INFO - [2024-12-20T10:36:58.691-0800] {dag.py:3239} INFO - Sync 1 DAGs
[2024-12-20T10:36:58.709-0800] {logging_mixin.py:190} INFO - [2024-12-20T10:36:58.709-0800] {dag.py:4180} INFO - Setting next_dagrun for example_branch_labels to 2024-12-19 00:00:00+00:00, run_after=2024-12-20 00:00:00+00:00
[2024-12-20T10:36:58.725-0800] {processor.py:208} INFO - Processing /Users/rishukhurana/anaconda3/lib/python3.11/site-packages/airflow/example_dags/example_branch_labels.py took 0.196 seconds
[2024-12-20T10:43:21.749-0800] {processor.py:186} INFO - Started process (PID=71387) to work on /Users/rishukhurana/anaconda3/lib/python3.11/site-packages/airflow/example_dags/example_branch_labels.py
[2024-12-20T10:43:21.752-0800] {processor.py:914} INFO - Processing file /Users/rishukhurana/anaconda3/lib/python3.11/site-packages/airflow/example_dags/example_branch_labels.py for tasks to queue
[2024-12-20T10:43:21.753-0800] {logging_mixin.py:190} INFO - [2024-12-20T10:43:21.752-0800] {dagbag.py:588} INFO - Filling up the DagBag from /Users/rishukhurana/anaconda3/lib/python3.11/site-packages/airflow/example_dags/example_branch_labels.py
[2024-12-20T10:43:21.768-0800] {processor.py:925} INFO - DAG(s) 'example_branch_labels' retrieved from /Users/rishukhurana/anaconda3/lib/python3.11/site-packages/airflow/example_dags/example_branch_labels.py
[2024-12-20T10:43:21.866-0800] {logging_mixin.py:190} INFO - [2024-12-20T10:43:21.866-0800] {dag.py:3239} INFO - Sync 1 DAGs
[2024-12-20T10:43:21.884-0800] {logging_mixin.py:190} INFO - [2024-12-20T10:43:21.883-0800] {dag.py:4180} INFO - Setting next_dagrun for example_branch_labels to 2024-12-19 00:00:00+00:00, run_after=2024-12-20 00:00:00+00:00
[2024-12-20T10:43:21.899-0800] {processor.py:208} INFO - Processing /Users/rishukhurana/anaconda3/lib/python3.11/site-packages/airflow/example_dags/example_branch_labels.py took 0.158 seconds
[2024-12-20T10:49:53.479-0800] {processor.py:186} INFO - Started process (PID=71696) to work on /Users/rishukhurana/anaconda3/lib/python3.11/site-packages/airflow/example_dags/example_branch_labels.py
[2024-12-20T10:49:53.481-0800] {processor.py:914} INFO - Processing file /Users/rishukhurana/anaconda3/lib/python3.11/site-packages/airflow/example_dags/example_branch_labels.py for tasks to queue
[2024-12-20T10:49:53.483-0800] {logging_mixin.py:190} INFO - [2024-12-20T10:49:53.483-0800] {dagbag.py:588} INFO - Filling up the DagBag from /Users/rishukhurana/anaconda3/lib/python3.11/site-packages/airflow/example_dags/example_branch_labels.py
[2024-12-20T10:49:53.494-0800] {processor.py:925} INFO - DAG(s) 'example_branch_labels' retrieved from /Users/rishukhurana/anaconda3/lib/python3.11/site-packages/airflow/example_dags/example_branch_labels.py
[2024-12-20T10:49:53.592-0800] {logging_mixin.py:190} INFO - [2024-12-20T10:49:53.592-0800] {dag.py:3239} INFO - Sync 1 DAGs
[2024-12-20T10:49:53.610-0800] {logging_mixin.py:190} INFO - [2024-12-20T10:49:53.610-0800] {dag.py:4180} INFO - Setting next_dagrun for example_branch_labels to 2024-12-19 00:00:00+00:00, run_after=2024-12-20 00:00:00+00:00
[2024-12-20T10:49:53.626-0800] {processor.py:208} INFO - Processing /Users/rishukhurana/anaconda3/lib/python3.11/site-packages/airflow/example_dags/example_branch_labels.py took 0.152 seconds
[2024-12-20T10:56:29.724-0800] {processor.py:186} INFO - Started process (PID=71993) to work on /Users/rishukhurana/anaconda3/lib/python3.11/site-packages/airflow/example_dags/example_branch_labels.py
[2024-12-20T10:56:29.727-0800] {processor.py:914} INFO - Processing file /Users/rishukhurana/anaconda3/lib/python3.11/site-packages/airflow/example_dags/example_branch_labels.py for tasks to queue
[2024-12-20T10:56:29.728-0800] {logging_mixin.py:190} INFO - [2024-12-20T10:56:29.728-0800] {dagbag.py:588} INFO - Filling up the DagBag from /Users/rishukhurana/anaconda3/lib/python3.11/site-packages/airflow/example_dags/example_branch_labels.py
[2024-12-20T10:56:29.741-0800] {processor.py:925} INFO - DAG(s) 'example_branch_labels' retrieved from /Users/rishukhurana/anaconda3/lib/python3.11/site-packages/airflow/example_dags/example_branch_labels.py
[2024-12-20T10:56:29.836-0800] {logging_mixin.py:190} INFO - [2024-12-20T10:56:29.836-0800] {dag.py:3239} INFO - Sync 1 DAGs
[2024-12-20T10:56:29.854-0800] {logging_mixin.py:190} INFO - [2024-12-20T10:56:29.854-0800] {dag.py:4180} INFO - Setting next_dagrun for example_branch_labels to 2024-12-19 00:00:00+00:00, run_after=2024-12-20 00:00:00+00:00
[2024-12-20T10:56:29.871-0800] {processor.py:208} INFO - Processing /Users/rishukhurana/anaconda3/lib/python3.11/site-packages/airflow/example_dags/example_branch_labels.py took 0.154 seconds
[2024-12-20T11:02:47.937-0800] {processor.py:186} INFO - Started process (PID=72288) to work on /Users/rishukhurana/anaconda3/lib/python3.11/site-packages/airflow/example_dags/example_branch_labels.py
[2024-12-20T11:02:47.939-0800] {processor.py:914} INFO - Processing file /Users/rishukhurana/anaconda3/lib/python3.11/site-packages/airflow/example_dags/example_branch_labels.py for tasks to queue
[2024-12-20T11:02:47.940-0800] {logging_mixin.py:190} INFO - [2024-12-20T11:02:47.940-0800] {dagbag.py:588} INFO - Filling up the DagBag from /Users/rishukhurana/anaconda3/lib/python3.11/site-packages/airflow/example_dags/example_branch_labels.py
[2024-12-20T11:02:47.958-0800] {processor.py:925} INFO - DAG(s) 'example_branch_labels' retrieved from /Users/rishukhurana/anaconda3/lib/python3.11/site-packages/airflow/example_dags/example_branch_labels.py
[2024-12-20T11:02:48.059-0800] {logging_mixin.py:190} INFO - [2024-12-20T11:02:48.059-0800] {dag.py:3239} INFO - Sync 1 DAGs
[2024-12-20T11:02:48.078-0800] {logging_mixin.py:190} INFO - [2024-12-20T11:02:48.077-0800] {dag.py:4180} INFO - Setting next_dagrun for example_branch_labels to 2024-12-19 00:00:00+00:00, run_after=2024-12-20 00:00:00+00:00
[2024-12-20T11:02:48.093-0800] {processor.py:208} INFO - Processing /Users/rishukhurana/anaconda3/lib/python3.11/site-packages/airflow/example_dags/example_branch_labels.py took 0.164 seconds
[2024-12-20T11:09:17.828-0800] {processor.py:186} INFO - Started process (PID=72601) to work on /Users/rishukhurana/anaconda3/lib/python3.11/site-packages/airflow/example_dags/example_branch_labels.py
[2024-12-20T11:09:17.831-0800] {processor.py:914} INFO - Processing file /Users/rishukhurana/anaconda3/lib/python3.11/site-packages/airflow/example_dags/example_branch_labels.py for tasks to queue
[2024-12-20T11:09:17.832-0800] {logging_mixin.py:190} INFO - [2024-12-20T11:09:17.832-0800] {dagbag.py:588} INFO - Filling up the DagBag from /Users/rishukhurana/anaconda3/lib/python3.11/site-packages/airflow/example_dags/example_branch_labels.py
[2024-12-20T11:09:17.842-0800] {processor.py:925} INFO - DAG(s) 'example_branch_labels' retrieved from /Users/rishukhurana/anaconda3/lib/python3.11/site-packages/airflow/example_dags/example_branch_labels.py
[2024-12-20T11:09:17.938-0800] {logging_mixin.py:190} INFO - [2024-12-20T11:09:17.938-0800] {dag.py:3239} INFO - Sync 1 DAGs
[2024-12-20T11:09:17.958-0800] {logging_mixin.py:190} INFO - [2024-12-20T11:09:17.958-0800] {dag.py:4180} INFO - Setting next_dagrun for example_branch_labels to 2024-12-19 00:00:00+00:00, run_after=2024-12-20 00:00:00+00:00
[2024-12-20T11:09:17.974-0800] {processor.py:208} INFO - Processing /Users/rishukhurana/anaconda3/lib/python3.11/site-packages/airflow/example_dags/example_branch_labels.py took 0.153 seconds
[2024-12-20T11:15:46.583-0800] {processor.py:186} INFO - Started process (PID=72930) to work on /Users/rishukhurana/anaconda3/lib/python3.11/site-packages/airflow/example_dags/example_branch_labels.py
[2024-12-20T11:15:46.586-0800] {processor.py:914} INFO - Processing file /Users/rishukhurana/anaconda3/lib/python3.11/site-packages/airflow/example_dags/example_branch_labels.py for tasks to queue
[2024-12-20T11:15:46.587-0800] {logging_mixin.py:190} INFO - [2024-12-20T11:15:46.587-0800] {dagbag.py:588} INFO - Filling up the DagBag from /Users/rishukhurana/anaconda3/lib/python3.11/site-packages/airflow/example_dags/example_branch_labels.py
[2024-12-20T11:15:46.612-0800] {processor.py:925} INFO - DAG(s) 'example_branch_labels' retrieved from /Users/rishukhurana/anaconda3/lib/python3.11/site-packages/airflow/example_dags/example_branch_labels.py
[2024-12-20T11:15:46.712-0800] {logging_mixin.py:190} INFO - [2024-12-20T11:15:46.712-0800] {dag.py:3239} INFO - Sync 1 DAGs
[2024-12-20T11:15:46.729-0800] {logging_mixin.py:190} INFO - [2024-12-20T11:15:46.729-0800] {dag.py:4180} INFO - Setting next_dagrun for example_branch_labels to 2024-12-19 00:00:00+00:00, run_after=2024-12-20 00:00:00+00:00
[2024-12-20T11:15:46.744-0800] {processor.py:208} INFO - Processing /Users/rishukhurana/anaconda3/lib/python3.11/site-packages/airflow/example_dags/example_branch_labels.py took 0.168 seconds
[2024-12-20T11:21:52.841-0800] {processor.py:186} INFO - Started process (PID=73239) to work on /Users/rishukhurana/anaconda3/lib/python3.11/site-packages/airflow/example_dags/example_branch_labels.py
[2024-12-20T11:21:52.845-0800] {processor.py:914} INFO - Processing file /Users/rishukhurana/anaconda3/lib/python3.11/site-packages/airflow/example_dags/example_branch_labels.py for tasks to queue
[2024-12-20T11:21:52.846-0800] {logging_mixin.py:190} INFO - [2024-12-20T11:21:52.846-0800] {dagbag.py:588} INFO - Filling up the DagBag from /Users/rishukhurana/anaconda3/lib/python3.11/site-packages/airflow/example_dags/example_branch_labels.py
[2024-12-20T11:21:52.867-0800] {processor.py:925} INFO - DAG(s) 'example_branch_labels' retrieved from /Users/rishukhurana/anaconda3/lib/python3.11/site-packages/airflow/example_dags/example_branch_labels.py
[2024-12-20T11:21:52.979-0800] {logging_mixin.py:190} INFO - [2024-12-20T11:21:52.978-0800] {dag.py:3239} INFO - Sync 1 DAGs
[2024-12-20T11:21:53.005-0800] {logging_mixin.py:190} INFO - [2024-12-20T11:21:53.004-0800] {dag.py:4180} INFO - Setting next_dagrun for example_branch_labels to 2024-12-19 00:00:00+00:00, run_after=2024-12-20 00:00:00+00:00
[2024-12-20T11:21:53.022-0800] {processor.py:208} INFO - Processing /Users/rishukhurana/anaconda3/lib/python3.11/site-packages/airflow/example_dags/example_branch_labels.py took 0.189 seconds
[2024-12-20T11:28:00.496-0800] {processor.py:186} INFO - Started process (PID=73563) to work on /Users/rishukhurana/anaconda3/lib/python3.11/site-packages/airflow/example_dags/example_branch_labels.py
[2024-12-20T11:28:00.498-0800] {processor.py:914} INFO - Processing file /Users/rishukhurana/anaconda3/lib/python3.11/site-packages/airflow/example_dags/example_branch_labels.py for tasks to queue
[2024-12-20T11:28:00.500-0800] {logging_mixin.py:190} INFO - [2024-12-20T11:28:00.499-0800] {dagbag.py:588} INFO - Filling up the DagBag from /Users/rishukhurana/anaconda3/lib/python3.11/site-packages/airflow/example_dags/example_branch_labels.py
[2024-12-20T11:28:00.509-0800] {processor.py:925} INFO - DAG(s) 'example_branch_labels' retrieved from /Users/rishukhurana/anaconda3/lib/python3.11/site-packages/airflow/example_dags/example_branch_labels.py
[2024-12-20T11:28:00.591-0800] {logging_mixin.py:190} INFO - [2024-12-20T11:28:00.591-0800] {dag.py:3239} INFO - Sync 1 DAGs
[2024-12-20T11:28:00.607-0800] {logging_mixin.py:190} INFO - [2024-12-20T11:28:00.607-0800] {dag.py:4180} INFO - Setting next_dagrun for example_branch_labels to 2024-12-19 00:00:00+00:00, run_after=2024-12-20 00:00:00+00:00
[2024-12-20T11:28:00.621-0800] {processor.py:208} INFO - Processing /Users/rishukhurana/anaconda3/lib/python3.11/site-packages/airflow/example_dags/example_branch_labels.py took 0.133 seconds
[2024-12-20T11:34:02.192-0800] {processor.py:186} INFO - Started process (PID=73867) to work on /Users/rishukhurana/anaconda3/lib/python3.11/site-packages/airflow/example_dags/example_branch_labels.py
[2024-12-20T11:34:02.195-0800] {processor.py:914} INFO - Processing file /Users/rishukhurana/anaconda3/lib/python3.11/site-packages/airflow/example_dags/example_branch_labels.py for tasks to queue
[2024-12-20T11:34:02.196-0800] {logging_mixin.py:190} INFO - [2024-12-20T11:34:02.196-0800] {dagbag.py:588} INFO - Filling up the DagBag from /Users/rishukhurana/anaconda3/lib/python3.11/site-packages/airflow/example_dags/example_branch_labels.py
[2024-12-20T11:34:02.205-0800] {processor.py:925} INFO - DAG(s) 'example_branch_labels' retrieved from /Users/rishukhurana/anaconda3/lib/python3.11/site-packages/airflow/example_dags/example_branch_labels.py
[2024-12-20T11:34:02.290-0800] {logging_mixin.py:190} INFO - [2024-12-20T11:34:02.290-0800] {dag.py:3239} INFO - Sync 1 DAGs
[2024-12-20T11:34:02.307-0800] {logging_mixin.py:190} INFO - [2024-12-20T11:34:02.307-0800] {dag.py:4180} INFO - Setting next_dagrun for example_branch_labels to 2024-12-19 00:00:00+00:00, run_after=2024-12-20 00:00:00+00:00
[2024-12-20T11:34:02.323-0800] {processor.py:208} INFO - Processing /Users/rishukhurana/anaconda3/lib/python3.11/site-packages/airflow/example_dags/example_branch_labels.py took 0.136 seconds
[2024-12-20T11:55:34.603-0800] {processor.py:186} INFO - Started process (PID=74174) to work on /Users/rishukhurana/anaconda3/lib/python3.11/site-packages/airflow/example_dags/example_branch_labels.py
[2024-12-20T11:55:34.605-0800] {processor.py:914} INFO - Processing file /Users/rishukhurana/anaconda3/lib/python3.11/site-packages/airflow/example_dags/example_branch_labels.py for tasks to queue
[2024-12-20T11:55:34.607-0800] {logging_mixin.py:190} INFO - [2024-12-20T11:55:34.607-0800] {dagbag.py:588} INFO - Filling up the DagBag from /Users/rishukhurana/anaconda3/lib/python3.11/site-packages/airflow/example_dags/example_branch_labels.py
[2024-12-20T11:55:34.628-0800] {processor.py:925} INFO - DAG(s) 'example_branch_labels' retrieved from /Users/rishukhurana/anaconda3/lib/python3.11/site-packages/airflow/example_dags/example_branch_labels.py
[2024-12-20T11:55:34.735-0800] {logging_mixin.py:190} INFO - [2024-12-20T11:55:34.734-0800] {dag.py:3239} INFO - Sync 1 DAGs
[2024-12-20T11:55:34.752-0800] {logging_mixin.py:190} INFO - [2024-12-20T11:55:34.752-0800] {dag.py:4180} INFO - Setting next_dagrun for example_branch_labels to 2024-12-19 00:00:00+00:00, run_after=2024-12-20 00:00:00+00:00
[2024-12-20T11:55:34.767-0800] {processor.py:208} INFO - Processing /Users/rishukhurana/anaconda3/lib/python3.11/site-packages/airflow/example_dags/example_branch_labels.py took 0.173 seconds
[2024-12-20T12:03:20.736-0800] {processor.py:186} INFO - Started process (PID=74522) to work on /Users/rishukhurana/anaconda3/lib/python3.11/site-packages/airflow/example_dags/example_branch_labels.py
[2024-12-20T12:03:20.740-0800] {processor.py:914} INFO - Processing file /Users/rishukhurana/anaconda3/lib/python3.11/site-packages/airflow/example_dags/example_branch_labels.py for tasks to queue
[2024-12-20T12:03:20.742-0800] {logging_mixin.py:190} INFO - [2024-12-20T12:03:20.741-0800] {dagbag.py:588} INFO - Filling up the DagBag from /Users/rishukhurana/anaconda3/lib/python3.11/site-packages/airflow/example_dags/example_branch_labels.py
[2024-12-20T12:03:20.770-0800] {processor.py:925} INFO - DAG(s) 'example_branch_labels' retrieved from /Users/rishukhurana/anaconda3/lib/python3.11/site-packages/airflow/example_dags/example_branch_labels.py
[2024-12-20T12:03:20.942-0800] {logging_mixin.py:190} INFO - [2024-12-20T12:03:20.942-0800] {dag.py:3239} INFO - Sync 1 DAGs
[2024-12-20T12:03:20.972-0800] {logging_mixin.py:190} INFO - [2024-12-20T12:03:20.971-0800] {dag.py:4180} INFO - Setting next_dagrun for example_branch_labels to 2024-12-19 00:00:00+00:00, run_after=2024-12-20 00:00:00+00:00
[2024-12-20T12:03:20.997-0800] {processor.py:208} INFO - Processing /Users/rishukhurana/anaconda3/lib/python3.11/site-packages/airflow/example_dags/example_branch_labels.py took 0.269 seconds
