[2024-12-19T17:33:02.584-0800] {processor.py:186} INFO - Started process (PID=68243) to work on /Users/rishukhurana/anaconda3/lib/python3.11/site-packages/airflow/example_dags/example_params_trigger_ui.py
[2024-12-19T17:33:02.592-0800] {processor.py:914} INFO - Processing file /Users/rishukhurana/anaconda3/lib/python3.11/site-packages/airflow/example_dags/example_params_trigger_ui.py for tasks to queue
[2024-12-19T17:33:02.599-0800] {logging_mixin.py:190} INFO - [2024-12-19T17:33:02.597-0800] {dagbag.py:588} INFO - Filling up the DagBag from /Users/rishukhurana/anaconda3/lib/python3.11/site-packages/airflow/example_dags/example_params_trigger_ui.py
[2024-12-19T17:33:02.881-0800] {processor.py:925} INFO - DAG(s) 'example_params_trigger_ui' retrieved from /Users/rishukhurana/anaconda3/lib/python3.11/site-packages/airflow/example_dags/example_params_trigger_ui.py
[2024-12-19T17:33:03.766-0800] {logging_mixin.py:190} INFO - [2024-12-19T17:33:03.764-0800] {dag.py:3239} INFO - Sync 1 DAGs
[2024-12-19T17:33:03.838-0800] {logging_mixin.py:190} INFO - [2024-12-19T17:33:03.837-0800] {dag.py:4180} INFO - Setting next_dagrun for example_params_trigger_ui to None, run_after=None
[2024-12-19T17:33:03.955-0800] {processor.py:208} INFO - Processing /Users/rishukhurana/anaconda3/lib/python3.11/site-packages/airflow/example_dags/example_params_trigger_ui.py took 1.423 seconds
[2024-12-19T21:04:36.231-0800] {processor.py:186} INFO - Started process (PID=68583) to work on /Users/rishukhurana/anaconda3/lib/python3.11/site-packages/airflow/example_dags/example_params_trigger_ui.py
[2024-12-19T21:04:36.234-0800] {processor.py:914} INFO - Processing file /Users/rishukhurana/anaconda3/lib/python3.11/site-packages/airflow/example_dags/example_params_trigger_ui.py for tasks to queue
[2024-12-19T21:04:36.235-0800] {logging_mixin.py:190} INFO - [2024-12-19T21:04:36.235-0800] {dagbag.py:588} INFO - Filling up the DagBag from /Users/rishukhurana/anaconda3/lib/python3.11/site-packages/airflow/example_dags/example_params_trigger_ui.py
[2024-12-19T21:04:36.285-0800] {processor.py:925} INFO - DAG(s) 'example_params_trigger_ui' retrieved from /Users/rishukhurana/anaconda3/lib/python3.11/site-packages/airflow/example_dags/example_params_trigger_ui.py
[2024-12-19T21:04:36.402-0800] {logging_mixin.py:190} INFO - [2024-12-19T21:04:36.402-0800] {dag.py:3239} INFO - Sync 1 DAGs
[2024-12-19T21:04:36.414-0800] {logging_mixin.py:190} INFO - [2024-12-19T21:04:36.414-0800] {dag.py:4180} INFO - Setting next_dagrun for example_params_trigger_ui to None, run_after=None
[2024-12-19T21:04:36.431-0800] {processor.py:208} INFO - Processing /Users/rishukhurana/anaconda3/lib/python3.11/site-packages/airflow/example_dags/example_params_trigger_ui.py took 0.205 seconds
[2024-12-19T23:51:53.531-0800] {processor.py:186} INFO - Started process (PID=68796) to work on /Users/rishukhurana/anaconda3/lib/python3.11/site-packages/airflow/example_dags/example_params_trigger_ui.py
[2024-12-19T23:51:53.533-0800] {processor.py:914} INFO - Processing file /Users/rishukhurana/anaconda3/lib/python3.11/site-packages/airflow/example_dags/example_params_trigger_ui.py for tasks to queue
[2024-12-19T23:51:53.535-0800] {logging_mixin.py:190} INFO - [2024-12-19T23:51:53.534-0800] {dagbag.py:588} INFO - Filling up the DagBag from /Users/rishukhurana/anaconda3/lib/python3.11/site-packages/airflow/example_dags/example_params_trigger_ui.py
[2024-12-19T23:51:53.566-0800] {processor.py:925} INFO - DAG(s) 'example_params_trigger_ui' retrieved from /Users/rishukhurana/anaconda3/lib/python3.11/site-packages/airflow/example_dags/example_params_trigger_ui.py
[2024-12-19T23:51:53.669-0800] {logging_mixin.py:190} INFO - [2024-12-19T23:51:53.669-0800] {dag.py:3239} INFO - Sync 1 DAGs
[2024-12-19T23:51:53.677-0800] {logging_mixin.py:190} INFO - [2024-12-19T23:51:53.677-0800] {dag.py:4180} INFO - Setting next_dagrun for example_params_trigger_ui to None, run_after=None
[2024-12-19T23:51:53.699-0800] {processor.py:208} INFO - Processing /Users/rishukhurana/anaconda3/lib/python3.11/site-packages/airflow/example_dags/example_params_trigger_ui.py took 0.175 seconds
[2024-12-20T08:00:20.108-0800] {processor.py:186} INFO - Started process (PID=69018) to work on /Users/rishukhurana/anaconda3/lib/python3.11/site-packages/airflow/example_dags/example_params_trigger_ui.py
[2024-12-20T08:00:20.110-0800] {processor.py:914} INFO - Processing file /Users/rishukhurana/anaconda3/lib/python3.11/site-packages/airflow/example_dags/example_params_trigger_ui.py for tasks to queue
[2024-12-20T08:00:20.112-0800] {logging_mixin.py:190} INFO - [2024-12-20T08:00:20.111-0800] {dagbag.py:588} INFO - Filling up the DagBag from /Users/rishukhurana/anaconda3/lib/python3.11/site-packages/airflow/example_dags/example_params_trigger_ui.py
[2024-12-20T08:00:20.146-0800] {processor.py:925} INFO - DAG(s) 'example_params_trigger_ui' retrieved from /Users/rishukhurana/anaconda3/lib/python3.11/site-packages/airflow/example_dags/example_params_trigger_ui.py
[2024-12-20T08:00:20.242-0800] {logging_mixin.py:190} INFO - [2024-12-20T08:00:20.242-0800] {dag.py:3239} INFO - Sync 1 DAGs
[2024-12-20T08:00:20.250-0800] {logging_mixin.py:190} INFO - [2024-12-20T08:00:20.250-0800] {dag.py:4180} INFO - Setting next_dagrun for example_params_trigger_ui to None, run_after=None
[2024-12-20T08:00:20.264-0800] {processor.py:208} INFO - Processing /Users/rishukhurana/anaconda3/lib/python3.11/site-packages/airflow/example_dags/example_params_trigger_ui.py took 0.161 seconds
[2024-12-20T08:35:26.727-0800] {processor.py:186} INFO - Started process (PID=69243) to work on /Users/rishukhurana/anaconda3/lib/python3.11/site-packages/airflow/example_dags/example_params_trigger_ui.py
[2024-12-20T08:35:26.729-0800] {processor.py:914} INFO - Processing file /Users/rishukhurana/anaconda3/lib/python3.11/site-packages/airflow/example_dags/example_params_trigger_ui.py for tasks to queue
[2024-12-20T08:35:26.731-0800] {logging_mixin.py:190} INFO - [2024-12-20T08:35:26.731-0800] {dagbag.py:588} INFO - Filling up the DagBag from /Users/rishukhurana/anaconda3/lib/python3.11/site-packages/airflow/example_dags/example_params_trigger_ui.py
[2024-12-20T08:35:26.765-0800] {processor.py:925} INFO - DAG(s) 'example_params_trigger_ui' retrieved from /Users/rishukhurana/anaconda3/lib/python3.11/site-packages/airflow/example_dags/example_params_trigger_ui.py
[2024-12-20T08:35:26.871-0800] {logging_mixin.py:190} INFO - [2024-12-20T08:35:26.871-0800] {dag.py:3239} INFO - Sync 1 DAGs
[2024-12-20T08:35:26.880-0800] {logging_mixin.py:190} INFO - [2024-12-20T08:35:26.880-0800] {dag.py:4180} INFO - Setting next_dagrun for example_params_trigger_ui to None, run_after=None
[2024-12-20T08:35:26.897-0800] {processor.py:208} INFO - Processing /Users/rishukhurana/anaconda3/lib/python3.11/site-packages/airflow/example_dags/example_params_trigger_ui.py took 0.177 seconds
[2024-12-20T09:39:49.311-0800] {processor.py:186} INFO - Started process (PID=69466) to work on /Users/rishukhurana/anaconda3/lib/python3.11/site-packages/airflow/example_dags/example_params_trigger_ui.py
[2024-12-20T09:39:49.314-0800] {processor.py:914} INFO - Processing file /Users/rishukhurana/anaconda3/lib/python3.11/site-packages/airflow/example_dags/example_params_trigger_ui.py for tasks to queue
[2024-12-20T09:39:49.315-0800] {logging_mixin.py:190} INFO - [2024-12-20T09:39:49.315-0800] {dagbag.py:588} INFO - Filling up the DagBag from /Users/rishukhurana/anaconda3/lib/python3.11/site-packages/airflow/example_dags/example_params_trigger_ui.py
[2024-12-20T09:39:49.351-0800] {processor.py:925} INFO - DAG(s) 'example_params_trigger_ui' retrieved from /Users/rishukhurana/anaconda3/lib/python3.11/site-packages/airflow/example_dags/example_params_trigger_ui.py
[2024-12-20T09:39:49.459-0800] {logging_mixin.py:190} INFO - [2024-12-20T09:39:49.458-0800] {dag.py:3239} INFO - Sync 1 DAGs
[2024-12-20T09:39:49.469-0800] {logging_mixin.py:190} INFO - [2024-12-20T09:39:49.469-0800] {dag.py:4180} INFO - Setting next_dagrun for example_params_trigger_ui to None, run_after=None
[2024-12-20T09:39:49.485-0800] {processor.py:208} INFO - Processing /Users/rishukhurana/anaconda3/lib/python3.11/site-packages/airflow/example_dags/example_params_trigger_ui.py took 0.181 seconds
[2024-12-20T10:10:56.784-0800] {processor.py:186} INFO - Started process (PID=69675) to work on /Users/rishukhurana/anaconda3/lib/python3.11/site-packages/airflow/example_dags/example_params_trigger_ui.py
[2024-12-20T10:10:56.786-0800] {processor.py:914} INFO - Processing file /Users/rishukhurana/anaconda3/lib/python3.11/site-packages/airflow/example_dags/example_params_trigger_ui.py for tasks to queue
[2024-12-20T10:10:56.788-0800] {logging_mixin.py:190} INFO - [2024-12-20T10:10:56.788-0800] {dagbag.py:588} INFO - Filling up the DagBag from /Users/rishukhurana/anaconda3/lib/python3.11/site-packages/airflow/example_dags/example_params_trigger_ui.py
[2024-12-20T10:10:56.823-0800] {processor.py:925} INFO - DAG(s) 'example_params_trigger_ui' retrieved from /Users/rishukhurana/anaconda3/lib/python3.11/site-packages/airflow/example_dags/example_params_trigger_ui.py
[2024-12-20T10:10:56.935-0800] {logging_mixin.py:190} INFO - [2024-12-20T10:10:56.935-0800] {dag.py:3239} INFO - Sync 1 DAGs
[2024-12-20T10:10:56.945-0800] {logging_mixin.py:190} INFO - [2024-12-20T10:10:56.944-0800] {dag.py:4180} INFO - Setting next_dagrun for example_params_trigger_ui to None, run_after=None
[2024-12-20T10:10:56.960-0800] {processor.py:208} INFO - Processing /Users/rishukhurana/anaconda3/lib/python3.11/site-packages/airflow/example_dags/example_params_trigger_ui.py took 0.182 seconds
[2024-12-20T10:14:38.919-0800] {processor.py:186} INFO - Started process (PID=69867) to work on /Users/rishukhurana/anaconda3/lib/python3.11/site-packages/airflow/example_dags/example_params_trigger_ui.py
[2024-12-20T10:14:38.920-0800] {processor.py:914} INFO - Processing file /Users/rishukhurana/anaconda3/lib/python3.11/site-packages/airflow/example_dags/example_params_trigger_ui.py for tasks to queue
[2024-12-20T10:14:38.922-0800] {logging_mixin.py:190} INFO - [2024-12-20T10:14:38.922-0800] {dagbag.py:588} INFO - Filling up the DagBag from /Users/rishukhurana/anaconda3/lib/python3.11/site-packages/airflow/example_dags/example_params_trigger_ui.py
[2024-12-20T10:14:38.962-0800] {processor.py:925} INFO - DAG(s) 'example_params_trigger_ui' retrieved from /Users/rishukhurana/anaconda3/lib/python3.11/site-packages/airflow/example_dags/example_params_trigger_ui.py
[2024-12-20T10:14:39.079-0800] {logging_mixin.py:190} INFO - [2024-12-20T10:14:39.078-0800] {dag.py:3239} INFO - Sync 1 DAGs
[2024-12-20T10:14:39.089-0800] {logging_mixin.py:190} INFO - [2024-12-20T10:14:39.089-0800] {dag.py:4180} INFO - Setting next_dagrun for example_params_trigger_ui to None, run_after=None
[2024-12-20T10:14:39.107-0800] {processor.py:208} INFO - Processing /Users/rishukhurana/anaconda3/lib/python3.11/site-packages/airflow/example_dags/example_params_trigger_ui.py took 0.197 seconds
[2024-12-20T10:17:49.060-0800] {processor.py:186} INFO - Started process (PID=70041) to work on /Users/rishukhurana/anaconda3/lib/python3.11/site-packages/airflow/example_dags/example_params_trigger_ui.py
[2024-12-20T10:17:49.063-0800] {processor.py:914} INFO - Processing file /Users/rishukhurana/anaconda3/lib/python3.11/site-packages/airflow/example_dags/example_params_trigger_ui.py for tasks to queue
[2024-12-20T10:17:49.065-0800] {logging_mixin.py:190} INFO - [2024-12-20T10:17:49.065-0800] {dagbag.py:588} INFO - Filling up the DagBag from /Users/rishukhurana/anaconda3/lib/python3.11/site-packages/airflow/example_dags/example_params_trigger_ui.py
[2024-12-20T10:17:49.102-0800] {processor.py:925} INFO - DAG(s) 'example_params_trigger_ui' retrieved from /Users/rishukhurana/anaconda3/lib/python3.11/site-packages/airflow/example_dags/example_params_trigger_ui.py
[2024-12-20T10:17:49.220-0800] {logging_mixin.py:190} INFO - [2024-12-20T10:17:49.220-0800] {dag.py:3239} INFO - Sync 1 DAGs
[2024-12-20T10:17:49.230-0800] {logging_mixin.py:190} INFO - [2024-12-20T10:17:49.230-0800] {dag.py:4180} INFO - Setting next_dagrun for example_params_trigger_ui to None, run_after=None
[2024-12-20T10:17:49.247-0800] {processor.py:208} INFO - Processing /Users/rishukhurana/anaconda3/lib/python3.11/site-packages/airflow/example_dags/example_params_trigger_ui.py took 0.192 seconds
[2024-12-20T10:20:51.237-0800] {processor.py:186} INFO - Started process (PID=70204) to work on /Users/rishukhurana/anaconda3/lib/python3.11/site-packages/airflow/example_dags/example_params_trigger_ui.py
[2024-12-20T10:20:51.240-0800] {processor.py:914} INFO - Processing file /Users/rishukhurana/anaconda3/lib/python3.11/site-packages/airflow/example_dags/example_params_trigger_ui.py for tasks to queue
[2024-12-20T10:20:51.241-0800] {logging_mixin.py:190} INFO - [2024-12-20T10:20:51.241-0800] {dagbag.py:588} INFO - Filling up the DagBag from /Users/rishukhurana/anaconda3/lib/python3.11/site-packages/airflow/example_dags/example_params_trigger_ui.py
[2024-12-20T10:20:51.283-0800] {processor.py:925} INFO - DAG(s) 'example_params_trigger_ui' retrieved from /Users/rishukhurana/anaconda3/lib/python3.11/site-packages/airflow/example_dags/example_params_trigger_ui.py
[2024-12-20T10:20:51.386-0800] {logging_mixin.py:190} INFO - [2024-12-20T10:20:51.386-0800] {dag.py:3239} INFO - Sync 1 DAGs
[2024-12-20T10:20:51.395-0800] {logging_mixin.py:190} INFO - [2024-12-20T10:20:51.395-0800] {dag.py:4180} INFO - Setting next_dagrun for example_params_trigger_ui to None, run_after=None
[2024-12-20T10:20:51.414-0800] {processor.py:208} INFO - Processing /Users/rishukhurana/anaconda3/lib/python3.11/site-packages/airflow/example_dags/example_params_trigger_ui.py took 0.183 seconds
[2024-12-20T10:23:52.020-0800] {processor.py:186} INFO - Started process (PID=70374) to work on /Users/rishukhurana/anaconda3/lib/python3.11/site-packages/airflow/example_dags/example_params_trigger_ui.py
[2024-12-20T10:23:52.022-0800] {processor.py:914} INFO - Processing file /Users/rishukhurana/anaconda3/lib/python3.11/site-packages/airflow/example_dags/example_params_trigger_ui.py for tasks to queue
[2024-12-20T10:23:52.023-0800] {logging_mixin.py:190} INFO - [2024-12-20T10:23:52.023-0800] {dagbag.py:588} INFO - Filling up the DagBag from /Users/rishukhurana/anaconda3/lib/python3.11/site-packages/airflow/example_dags/example_params_trigger_ui.py
[2024-12-20T10:23:52.057-0800] {processor.py:925} INFO - DAG(s) 'example_params_trigger_ui' retrieved from /Users/rishukhurana/anaconda3/lib/python3.11/site-packages/airflow/example_dags/example_params_trigger_ui.py
[2024-12-20T10:23:52.164-0800] {logging_mixin.py:190} INFO - [2024-12-20T10:23:52.164-0800] {dag.py:3239} INFO - Sync 1 DAGs
[2024-12-20T10:23:52.174-0800] {logging_mixin.py:190} INFO - [2024-12-20T10:23:52.174-0800] {dag.py:4180} INFO - Setting next_dagrun for example_params_trigger_ui to None, run_after=None
[2024-12-20T10:23:52.190-0800] {processor.py:208} INFO - Processing /Users/rishukhurana/anaconda3/lib/python3.11/site-packages/airflow/example_dags/example_params_trigger_ui.py took 0.177 seconds
[2024-12-20T10:26:51.503-0800] {processor.py:186} INFO - Started process (PID=70532) to work on /Users/rishukhurana/anaconda3/lib/python3.11/site-packages/airflow/example_dags/example_params_trigger_ui.py
[2024-12-20T10:26:51.505-0800] {processor.py:914} INFO - Processing file /Users/rishukhurana/anaconda3/lib/python3.11/site-packages/airflow/example_dags/example_params_trigger_ui.py for tasks to queue
[2024-12-20T10:26:51.506-0800] {logging_mixin.py:190} INFO - [2024-12-20T10:26:51.506-0800] {dagbag.py:588} INFO - Filling up the DagBag from /Users/rishukhurana/anaconda3/lib/python3.11/site-packages/airflow/example_dags/example_params_trigger_ui.py
[2024-12-20T10:26:51.543-0800] {processor.py:925} INFO - DAG(s) 'example_params_trigger_ui' retrieved from /Users/rishukhurana/anaconda3/lib/python3.11/site-packages/airflow/example_dags/example_params_trigger_ui.py
[2024-12-20T10:26:51.649-0800] {logging_mixin.py:190} INFO - [2024-12-20T10:26:51.649-0800] {dag.py:3239} INFO - Sync 1 DAGs
[2024-12-20T10:26:51.659-0800] {logging_mixin.py:190} INFO - [2024-12-20T10:26:51.659-0800] {dag.py:4180} INFO - Setting next_dagrun for example_params_trigger_ui to None, run_after=None
[2024-12-20T10:26:51.678-0800] {processor.py:208} INFO - Processing /Users/rishukhurana/anaconda3/lib/python3.11/site-packages/airflow/example_dags/example_params_trigger_ui.py took 0.181 seconds
[2024-12-20T10:29:54.713-0800] {processor.py:186} INFO - Started process (PID=70683) to work on /Users/rishukhurana/anaconda3/lib/python3.11/site-packages/airflow/example_dags/example_params_trigger_ui.py
[2024-12-20T10:29:54.715-0800] {processor.py:914} INFO - Processing file /Users/rishukhurana/anaconda3/lib/python3.11/site-packages/airflow/example_dags/example_params_trigger_ui.py for tasks to queue
[2024-12-20T10:29:54.717-0800] {logging_mixin.py:190} INFO - [2024-12-20T10:29:54.716-0800] {dagbag.py:588} INFO - Filling up the DagBag from /Users/rishukhurana/anaconda3/lib/python3.11/site-packages/airflow/example_dags/example_params_trigger_ui.py
[2024-12-20T10:29:54.754-0800] {processor.py:925} INFO - DAG(s) 'example_params_trigger_ui' retrieved from /Users/rishukhurana/anaconda3/lib/python3.11/site-packages/airflow/example_dags/example_params_trigger_ui.py
[2024-12-20T10:29:54.861-0800] {logging_mixin.py:190} INFO - [2024-12-20T10:29:54.861-0800] {dag.py:3239} INFO - Sync 1 DAGs
[2024-12-20T10:29:54.870-0800] {logging_mixin.py:190} INFO - [2024-12-20T10:29:54.870-0800] {dag.py:4180} INFO - Setting next_dagrun for example_params_trigger_ui to None, run_after=None
[2024-12-20T10:29:54.886-0800] {processor.py:208} INFO - Processing /Users/rishukhurana/anaconda3/lib/python3.11/site-packages/airflow/example_dags/example_params_trigger_ui.py took 0.180 seconds
[2024-12-20T10:32:59.881-0800] {processor.py:186} INFO - Started process (PID=70856) to work on /Users/rishukhurana/anaconda3/lib/python3.11/site-packages/airflow/example_dags/example_params_trigger_ui.py
[2024-12-20T10:32:59.884-0800] {processor.py:914} INFO - Processing file /Users/rishukhurana/anaconda3/lib/python3.11/site-packages/airflow/example_dags/example_params_trigger_ui.py for tasks to queue
[2024-12-20T10:32:59.885-0800] {logging_mixin.py:190} INFO - [2024-12-20T10:32:59.885-0800] {dagbag.py:588} INFO - Filling up the DagBag from /Users/rishukhurana/anaconda3/lib/python3.11/site-packages/airflow/example_dags/example_params_trigger_ui.py
[2024-12-20T10:32:59.919-0800] {processor.py:925} INFO - DAG(s) 'example_params_trigger_ui' retrieved from /Users/rishukhurana/anaconda3/lib/python3.11/site-packages/airflow/example_dags/example_params_trigger_ui.py
[2024-12-20T10:33:00.022-0800] {logging_mixin.py:190} INFO - [2024-12-20T10:33:00.022-0800] {dag.py:3239} INFO - Sync 1 DAGs
[2024-12-20T10:33:00.031-0800] {logging_mixin.py:190} INFO - [2024-12-20T10:33:00.030-0800] {dag.py:4180} INFO - Setting next_dagrun for example_params_trigger_ui to None, run_after=None
[2024-12-20T10:33:00.047-0800] {processor.py:208} INFO - Processing /Users/rishukhurana/anaconda3/lib/python3.11/site-packages/airflow/example_dags/example_params_trigger_ui.py took 0.172 seconds
[2024-12-20T10:36:11.911-0800] {processor.py:186} INFO - Started process (PID=71025) to work on /Users/rishukhurana/anaconda3/lib/python3.11/site-packages/airflow/example_dags/example_params_trigger_ui.py
[2024-12-20T10:36:11.913-0800] {processor.py:914} INFO - Processing file /Users/rishukhurana/anaconda3/lib/python3.11/site-packages/airflow/example_dags/example_params_trigger_ui.py for tasks to queue
[2024-12-20T10:36:11.914-0800] {logging_mixin.py:190} INFO - [2024-12-20T10:36:11.914-0800] {dagbag.py:588} INFO - Filling up the DagBag from /Users/rishukhurana/anaconda3/lib/python3.11/site-packages/airflow/example_dags/example_params_trigger_ui.py
[2024-12-20T10:36:11.952-0800] {processor.py:925} INFO - DAG(s) 'example_params_trigger_ui' retrieved from /Users/rishukhurana/anaconda3/lib/python3.11/site-packages/airflow/example_dags/example_params_trigger_ui.py
[2024-12-20T10:36:12.061-0800] {logging_mixin.py:190} INFO - [2024-12-20T10:36:12.061-0800] {dag.py:3239} INFO - Sync 1 DAGs
[2024-12-20T10:36:12.072-0800] {logging_mixin.py:190} INFO - [2024-12-20T10:36:12.071-0800] {dag.py:4180} INFO - Setting next_dagrun for example_params_trigger_ui to None, run_after=None
[2024-12-20T10:36:12.087-0800] {processor.py:208} INFO - Processing /Users/rishukhurana/anaconda3/lib/python3.11/site-packages/airflow/example_dags/example_params_trigger_ui.py took 0.183 seconds
[2024-12-20T10:39:28.164-0800] {processor.py:186} INFO - Started process (PID=71197) to work on /Users/rishukhurana/anaconda3/lib/python3.11/site-packages/airflow/example_dags/example_params_trigger_ui.py
[2024-12-20T10:39:28.167-0800] {processor.py:914} INFO - Processing file /Users/rishukhurana/anaconda3/lib/python3.11/site-packages/airflow/example_dags/example_params_trigger_ui.py for tasks to queue
[2024-12-20T10:39:28.168-0800] {logging_mixin.py:190} INFO - [2024-12-20T10:39:28.168-0800] {dagbag.py:588} INFO - Filling up the DagBag from /Users/rishukhurana/anaconda3/lib/python3.11/site-packages/airflow/example_dags/example_params_trigger_ui.py
[2024-12-20T10:39:28.207-0800] {processor.py:925} INFO - DAG(s) 'example_params_trigger_ui' retrieved from /Users/rishukhurana/anaconda3/lib/python3.11/site-packages/airflow/example_dags/example_params_trigger_ui.py
[2024-12-20T10:39:28.329-0800] {logging_mixin.py:190} INFO - [2024-12-20T10:39:28.329-0800] {dag.py:3239} INFO - Sync 1 DAGs
[2024-12-20T10:39:28.339-0800] {logging_mixin.py:190} INFO - [2024-12-20T10:39:28.339-0800] {dag.py:4180} INFO - Setting next_dagrun for example_params_trigger_ui to None, run_after=None
[2024-12-20T10:39:28.357-0800] {processor.py:208} INFO - Processing /Users/rishukhurana/anaconda3/lib/python3.11/site-packages/airflow/example_dags/example_params_trigger_ui.py took 0.197 seconds
[2024-12-20T10:42:40.570-0800] {processor.py:186} INFO - Started process (PID=71354) to work on /Users/rishukhurana/anaconda3/lib/python3.11/site-packages/airflow/example_dags/example_params_trigger_ui.py
[2024-12-20T10:42:40.572-0800] {processor.py:914} INFO - Processing file /Users/rishukhurana/anaconda3/lib/python3.11/site-packages/airflow/example_dags/example_params_trigger_ui.py for tasks to queue
[2024-12-20T10:42:40.574-0800] {logging_mixin.py:190} INFO - [2024-12-20T10:42:40.573-0800] {dagbag.py:588} INFO - Filling up the DagBag from /Users/rishukhurana/anaconda3/lib/python3.11/site-packages/airflow/example_dags/example_params_trigger_ui.py
[2024-12-20T10:42:40.615-0800] {processor.py:925} INFO - DAG(s) 'example_params_trigger_ui' retrieved from /Users/rishukhurana/anaconda3/lib/python3.11/site-packages/airflow/example_dags/example_params_trigger_ui.py
[2024-12-20T10:42:40.728-0800] {logging_mixin.py:190} INFO - [2024-12-20T10:42:40.727-0800] {dag.py:3239} INFO - Sync 1 DAGs
[2024-12-20T10:42:40.738-0800] {logging_mixin.py:190} INFO - [2024-12-20T10:42:40.738-0800] {dag.py:4180} INFO - Setting next_dagrun for example_params_trigger_ui to None, run_after=None
[2024-12-20T10:42:40.755-0800] {processor.py:208} INFO - Processing /Users/rishukhurana/anaconda3/lib/python3.11/site-packages/airflow/example_dags/example_params_trigger_ui.py took 0.193 seconds
[2024-12-20T10:45:50.331-0800] {processor.py:186} INFO - Started process (PID=71501) to work on /Users/rishukhurana/anaconda3/lib/python3.11/site-packages/airflow/example_dags/example_params_trigger_ui.py
[2024-12-20T10:45:50.333-0800] {processor.py:914} INFO - Processing file /Users/rishukhurana/anaconda3/lib/python3.11/site-packages/airflow/example_dags/example_params_trigger_ui.py for tasks to queue
[2024-12-20T10:45:50.341-0800] {logging_mixin.py:190} INFO - [2024-12-20T10:45:50.341-0800] {dagbag.py:588} INFO - Filling up the DagBag from /Users/rishukhurana/anaconda3/lib/python3.11/site-packages/airflow/example_dags/example_params_trigger_ui.py
[2024-12-20T10:45:50.380-0800] {processor.py:925} INFO - DAG(s) 'example_params_trigger_ui' retrieved from /Users/rishukhurana/anaconda3/lib/python3.11/site-packages/airflow/example_dags/example_params_trigger_ui.py
[2024-12-20T10:45:50.497-0800] {logging_mixin.py:190} INFO - [2024-12-20T10:45:50.497-0800] {dag.py:3239} INFO - Sync 1 DAGs
[2024-12-20T10:45:50.507-0800] {logging_mixin.py:190} INFO - [2024-12-20T10:45:50.506-0800] {dag.py:4180} INFO - Setting next_dagrun for example_params_trigger_ui to None, run_after=None
[2024-12-20T10:45:50.522-0800] {processor.py:208} INFO - Processing /Users/rishukhurana/anaconda3/lib/python3.11/site-packages/airflow/example_dags/example_params_trigger_ui.py took 0.201 seconds
[2024-12-20T10:49:05.666-0800] {processor.py:186} INFO - Started process (PID=71649) to work on /Users/rishukhurana/anaconda3/lib/python3.11/site-packages/airflow/example_dags/example_params_trigger_ui.py
[2024-12-20T10:49:05.669-0800] {processor.py:914} INFO - Processing file /Users/rishukhurana/anaconda3/lib/python3.11/site-packages/airflow/example_dags/example_params_trigger_ui.py for tasks to queue
[2024-12-20T10:49:05.670-0800] {logging_mixin.py:190} INFO - [2024-12-20T10:49:05.670-0800] {dagbag.py:588} INFO - Filling up the DagBag from /Users/rishukhurana/anaconda3/lib/python3.11/site-packages/airflow/example_dags/example_params_trigger_ui.py
[2024-12-20T10:49:05.708-0800] {processor.py:925} INFO - DAG(s) 'example_params_trigger_ui' retrieved from /Users/rishukhurana/anaconda3/lib/python3.11/site-packages/airflow/example_dags/example_params_trigger_ui.py
[2024-12-20T10:49:05.824-0800] {logging_mixin.py:190} INFO - [2024-12-20T10:49:05.824-0800] {dag.py:3239} INFO - Sync 1 DAGs
[2024-12-20T10:49:05.834-0800] {logging_mixin.py:190} INFO - [2024-12-20T10:49:05.834-0800] {dag.py:4180} INFO - Setting next_dagrun for example_params_trigger_ui to None, run_after=None
[2024-12-20T10:49:05.851-0800] {processor.py:208} INFO - Processing /Users/rishukhurana/anaconda3/lib/python3.11/site-packages/airflow/example_dags/example_params_trigger_ui.py took 0.192 seconds
[2024-12-20T10:52:23.602-0800] {processor.py:186} INFO - Started process (PID=71811) to work on /Users/rishukhurana/anaconda3/lib/python3.11/site-packages/airflow/example_dags/example_params_trigger_ui.py
[2024-12-20T10:52:23.605-0800] {processor.py:914} INFO - Processing file /Users/rishukhurana/anaconda3/lib/python3.11/site-packages/airflow/example_dags/example_params_trigger_ui.py for tasks to queue
[2024-12-20T10:52:23.606-0800] {logging_mixin.py:190} INFO - [2024-12-20T10:52:23.606-0800] {dagbag.py:588} INFO - Filling up the DagBag from /Users/rishukhurana/anaconda3/lib/python3.11/site-packages/airflow/example_dags/example_params_trigger_ui.py
[2024-12-20T10:52:23.646-0800] {processor.py:925} INFO - DAG(s) 'example_params_trigger_ui' retrieved from /Users/rishukhurana/anaconda3/lib/python3.11/site-packages/airflow/example_dags/example_params_trigger_ui.py
[2024-12-20T10:52:23.764-0800] {logging_mixin.py:190} INFO - [2024-12-20T10:52:23.763-0800] {dag.py:3239} INFO - Sync 1 DAGs
[2024-12-20T10:52:23.773-0800] {logging_mixin.py:190} INFO - [2024-12-20T10:52:23.773-0800] {dag.py:4180} INFO - Setting next_dagrun for example_params_trigger_ui to None, run_after=None
[2024-12-20T10:52:23.791-0800] {processor.py:208} INFO - Processing /Users/rishukhurana/anaconda3/lib/python3.11/site-packages/airflow/example_dags/example_params_trigger_ui.py took 0.196 seconds
[2024-12-20T10:55:43.790-0800] {processor.py:186} INFO - Started process (PID=71959) to work on /Users/rishukhurana/anaconda3/lib/python3.11/site-packages/airflow/example_dags/example_params_trigger_ui.py
[2024-12-20T10:55:43.792-0800] {processor.py:914} INFO - Processing file /Users/rishukhurana/anaconda3/lib/python3.11/site-packages/airflow/example_dags/example_params_trigger_ui.py for tasks to queue
[2024-12-20T10:55:43.794-0800] {logging_mixin.py:190} INFO - [2024-12-20T10:55:43.794-0800] {dagbag.py:588} INFO - Filling up the DagBag from /Users/rishukhurana/anaconda3/lib/python3.11/site-packages/airflow/example_dags/example_params_trigger_ui.py
[2024-12-20T10:55:43.833-0800] {processor.py:925} INFO - DAG(s) 'example_params_trigger_ui' retrieved from /Users/rishukhurana/anaconda3/lib/python3.11/site-packages/airflow/example_dags/example_params_trigger_ui.py
[2024-12-20T10:55:43.945-0800] {logging_mixin.py:190} INFO - [2024-12-20T10:55:43.945-0800] {dag.py:3239} INFO - Sync 1 DAGs
[2024-12-20T10:55:43.955-0800] {logging_mixin.py:190} INFO - [2024-12-20T10:55:43.955-0800] {dag.py:4180} INFO - Setting next_dagrun for example_params_trigger_ui to None, run_after=None
[2024-12-20T10:55:43.973-0800] {processor.py:208} INFO - Processing /Users/rishukhurana/anaconda3/lib/python3.11/site-packages/airflow/example_dags/example_params_trigger_ui.py took 0.191 seconds
[2024-12-20T10:58:53.129-0800] {processor.py:186} INFO - Started process (PID=72105) to work on /Users/rishukhurana/anaconda3/lib/python3.11/site-packages/airflow/example_dags/example_params_trigger_ui.py
[2024-12-20T10:58:53.131-0800] {processor.py:914} INFO - Processing file /Users/rishukhurana/anaconda3/lib/python3.11/site-packages/airflow/example_dags/example_params_trigger_ui.py for tasks to queue
[2024-12-20T10:58:53.133-0800] {logging_mixin.py:190} INFO - [2024-12-20T10:58:53.132-0800] {dagbag.py:588} INFO - Filling up the DagBag from /Users/rishukhurana/anaconda3/lib/python3.11/site-packages/airflow/example_dags/example_params_trigger_ui.py
[2024-12-20T10:58:53.171-0800] {processor.py:925} INFO - DAG(s) 'example_params_trigger_ui' retrieved from /Users/rishukhurana/anaconda3/lib/python3.11/site-packages/airflow/example_dags/example_params_trigger_ui.py
[2024-12-20T10:58:53.285-0800] {logging_mixin.py:190} INFO - [2024-12-20T10:58:53.284-0800] {dag.py:3239} INFO - Sync 1 DAGs
[2024-12-20T10:58:53.294-0800] {logging_mixin.py:190} INFO - [2024-12-20T10:58:53.294-0800] {dag.py:4180} INFO - Setting next_dagrun for example_params_trigger_ui to None, run_after=None
[2024-12-20T10:58:53.312-0800] {processor.py:208} INFO - Processing /Users/rishukhurana/anaconda3/lib/python3.11/site-packages/airflow/example_dags/example_params_trigger_ui.py took 0.190 seconds
[2024-12-20T11:02:00.923-0800] {processor.py:186} INFO - Started process (PID=72250) to work on /Users/rishukhurana/anaconda3/lib/python3.11/site-packages/airflow/example_dags/example_params_trigger_ui.py
[2024-12-20T11:02:00.925-0800] {processor.py:914} INFO - Processing file /Users/rishukhurana/anaconda3/lib/python3.11/site-packages/airflow/example_dags/example_params_trigger_ui.py for tasks to queue
[2024-12-20T11:02:00.927-0800] {logging_mixin.py:190} INFO - [2024-12-20T11:02:00.926-0800] {dagbag.py:588} INFO - Filling up the DagBag from /Users/rishukhurana/anaconda3/lib/python3.11/site-packages/airflow/example_dags/example_params_trigger_ui.py
[2024-12-20T11:02:00.964-0800] {processor.py:925} INFO - DAG(s) 'example_params_trigger_ui' retrieved from /Users/rishukhurana/anaconda3/lib/python3.11/site-packages/airflow/example_dags/example_params_trigger_ui.py
[2024-12-20T11:02:01.080-0800] {logging_mixin.py:190} INFO - [2024-12-20T11:02:01.080-0800] {dag.py:3239} INFO - Sync 1 DAGs
[2024-12-20T11:02:01.090-0800] {logging_mixin.py:190} INFO - [2024-12-20T11:02:01.089-0800] {dag.py:4180} INFO - Setting next_dagrun for example_params_trigger_ui to None, run_after=None
[2024-12-20T11:02:01.107-0800] {processor.py:208} INFO - Processing /Users/rishukhurana/anaconda3/lib/python3.11/site-packages/airflow/example_dags/example_params_trigger_ui.py took 0.191 seconds
[2024-12-20T11:05:18.192-0800] {processor.py:186} INFO - Started process (PID=72416) to work on /Users/rishukhurana/anaconda3/lib/python3.11/site-packages/airflow/example_dags/example_params_trigger_ui.py
[2024-12-20T11:05:18.194-0800] {processor.py:914} INFO - Processing file /Users/rishukhurana/anaconda3/lib/python3.11/site-packages/airflow/example_dags/example_params_trigger_ui.py for tasks to queue
[2024-12-20T11:05:18.195-0800] {logging_mixin.py:190} INFO - [2024-12-20T11:05:18.195-0800] {dagbag.py:588} INFO - Filling up the DagBag from /Users/rishukhurana/anaconda3/lib/python3.11/site-packages/airflow/example_dags/example_params_trigger_ui.py
[2024-12-20T11:05:18.238-0800] {processor.py:925} INFO - DAG(s) 'example_params_trigger_ui' retrieved from /Users/rishukhurana/anaconda3/lib/python3.11/site-packages/airflow/example_dags/example_params_trigger_ui.py
[2024-12-20T11:05:18.367-0800] {logging_mixin.py:190} INFO - [2024-12-20T11:05:18.367-0800] {dag.py:3239} INFO - Sync 1 DAGs
[2024-12-20T11:05:18.379-0800] {logging_mixin.py:190} INFO - [2024-12-20T11:05:18.378-0800] {dag.py:4180} INFO - Setting next_dagrun for example_params_trigger_ui to None, run_after=None
[2024-12-20T11:05:18.396-0800] {processor.py:208} INFO - Processing /Users/rishukhurana/anaconda3/lib/python3.11/site-packages/airflow/example_dags/example_params_trigger_ui.py took 0.209 seconds
[2024-12-20T11:08:31.199-0800] {processor.py:186} INFO - Started process (PID=72564) to work on /Users/rishukhurana/anaconda3/lib/python3.11/site-packages/airflow/example_dags/example_params_trigger_ui.py
[2024-12-20T11:08:31.202-0800] {processor.py:914} INFO - Processing file /Users/rishukhurana/anaconda3/lib/python3.11/site-packages/airflow/example_dags/example_params_trigger_ui.py for tasks to queue
[2024-12-20T11:08:31.204-0800] {logging_mixin.py:190} INFO - [2024-12-20T11:08:31.204-0800] {dagbag.py:588} INFO - Filling up the DagBag from /Users/rishukhurana/anaconda3/lib/python3.11/site-packages/airflow/example_dags/example_params_trigger_ui.py
[2024-12-20T11:08:31.246-0800] {processor.py:925} INFO - DAG(s) 'example_params_trigger_ui' retrieved from /Users/rishukhurana/anaconda3/lib/python3.11/site-packages/airflow/example_dags/example_params_trigger_ui.py
[2024-12-20T11:08:31.369-0800] {logging_mixin.py:190} INFO - [2024-12-20T11:08:31.369-0800] {dag.py:3239} INFO - Sync 1 DAGs
[2024-12-20T11:08:31.379-0800] {logging_mixin.py:190} INFO - [2024-12-20T11:08:31.378-0800] {dag.py:4180} INFO - Setting next_dagrun for example_params_trigger_ui to None, run_after=None
[2024-12-20T11:08:31.396-0800] {processor.py:208} INFO - Processing /Users/rishukhurana/anaconda3/lib/python3.11/site-packages/airflow/example_dags/example_params_trigger_ui.py took 0.205 seconds
[2024-12-20T11:11:46.584-0800] {processor.py:186} INFO - Started process (PID=72730) to work on /Users/rishukhurana/anaconda3/lib/python3.11/site-packages/airflow/example_dags/example_params_trigger_ui.py
[2024-12-20T11:11:46.587-0800] {processor.py:914} INFO - Processing file /Users/rishukhurana/anaconda3/lib/python3.11/site-packages/airflow/example_dags/example_params_trigger_ui.py for tasks to queue
[2024-12-20T11:11:46.588-0800] {logging_mixin.py:190} INFO - [2024-12-20T11:11:46.588-0800] {dagbag.py:588} INFO - Filling up the DagBag from /Users/rishukhurana/anaconda3/lib/python3.11/site-packages/airflow/example_dags/example_params_trigger_ui.py
[2024-12-20T11:11:46.625-0800] {processor.py:925} INFO - DAG(s) 'example_params_trigger_ui' retrieved from /Users/rishukhurana/anaconda3/lib/python3.11/site-packages/airflow/example_dags/example_params_trigger_ui.py
[2024-12-20T11:11:46.739-0800] {logging_mixin.py:190} INFO - [2024-12-20T11:11:46.738-0800] {dag.py:3239} INFO - Sync 1 DAGs
[2024-12-20T11:11:46.750-0800] {logging_mixin.py:190} INFO - [2024-12-20T11:11:46.749-0800] {dag.py:4180} INFO - Setting next_dagrun for example_params_trigger_ui to None, run_after=None
[2024-12-20T11:11:46.766-0800] {processor.py:208} INFO - Processing /Users/rishukhurana/anaconda3/lib/python3.11/site-packages/airflow/example_dags/example_params_trigger_ui.py took 0.186 seconds
[2024-12-20T11:15:00.457-0800] {processor.py:186} INFO - Started process (PID=72883) to work on /Users/rishukhurana/anaconda3/lib/python3.11/site-packages/airflow/example_dags/example_params_trigger_ui.py
[2024-12-20T11:15:00.459-0800] {processor.py:914} INFO - Processing file /Users/rishukhurana/anaconda3/lib/python3.11/site-packages/airflow/example_dags/example_params_trigger_ui.py for tasks to queue
[2024-12-20T11:15:00.461-0800] {logging_mixin.py:190} INFO - [2024-12-20T11:15:00.461-0800] {dagbag.py:588} INFO - Filling up the DagBag from /Users/rishukhurana/anaconda3/lib/python3.11/site-packages/airflow/example_dags/example_params_trigger_ui.py
[2024-12-20T11:15:00.508-0800] {processor.py:925} INFO - DAG(s) 'example_params_trigger_ui' retrieved from /Users/rishukhurana/anaconda3/lib/python3.11/site-packages/airflow/example_dags/example_params_trigger_ui.py
[2024-12-20T11:15:00.616-0800] {logging_mixin.py:190} INFO - [2024-12-20T11:15:00.615-0800] {dag.py:3239} INFO - Sync 1 DAGs
[2024-12-20T11:15:00.625-0800] {logging_mixin.py:190} INFO - [2024-12-20T11:15:00.625-0800] {dag.py:4180} INFO - Setting next_dagrun for example_params_trigger_ui to None, run_after=None
[2024-12-20T11:15:00.641-0800] {processor.py:208} INFO - Processing /Users/rishukhurana/anaconda3/lib/python3.11/site-packages/airflow/example_dags/example_params_trigger_ui.py took 0.189 seconds
[2024-12-20T11:18:07.970-0800] {processor.py:186} INFO - Started process (PID=73045) to work on /Users/rishukhurana/anaconda3/lib/python3.11/site-packages/airflow/example_dags/example_params_trigger_ui.py
[2024-12-20T11:18:07.973-0800] {processor.py:914} INFO - Processing file /Users/rishukhurana/anaconda3/lib/python3.11/site-packages/airflow/example_dags/example_params_trigger_ui.py for tasks to queue
[2024-12-20T11:18:07.974-0800] {logging_mixin.py:190} INFO - [2024-12-20T11:18:07.974-0800] {dagbag.py:588} INFO - Filling up the DagBag from /Users/rishukhurana/anaconda3/lib/python3.11/site-packages/airflow/example_dags/example_params_trigger_ui.py
[2024-12-20T11:18:08.008-0800] {processor.py:925} INFO - DAG(s) 'example_params_trigger_ui' retrieved from /Users/rishukhurana/anaconda3/lib/python3.11/site-packages/airflow/example_dags/example_params_trigger_ui.py
[2024-12-20T11:18:08.121-0800] {logging_mixin.py:190} INFO - [2024-12-20T11:18:08.121-0800] {dag.py:3239} INFO - Sync 1 DAGs
[2024-12-20T11:18:08.130-0800] {logging_mixin.py:190} INFO - [2024-12-20T11:18:08.129-0800] {dag.py:4180} INFO - Setting next_dagrun for example_params_trigger_ui to None, run_after=None
[2024-12-20T11:18:08.151-0800] {processor.py:208} INFO - Processing /Users/rishukhurana/anaconda3/lib/python3.11/site-packages/airflow/example_dags/example_params_trigger_ui.py took 0.186 seconds
[2024-12-20T11:21:11.351-0800] {processor.py:186} INFO - Started process (PID=73203) to work on /Users/rishukhurana/anaconda3/lib/python3.11/site-packages/airflow/example_dags/example_params_trigger_ui.py
[2024-12-20T11:21:11.353-0800] {processor.py:914} INFO - Processing file /Users/rishukhurana/anaconda3/lib/python3.11/site-packages/airflow/example_dags/example_params_trigger_ui.py for tasks to queue
[2024-12-20T11:21:11.355-0800] {logging_mixin.py:190} INFO - [2024-12-20T11:21:11.355-0800] {dagbag.py:588} INFO - Filling up the DagBag from /Users/rishukhurana/anaconda3/lib/python3.11/site-packages/airflow/example_dags/example_params_trigger_ui.py
[2024-12-20T11:21:11.390-0800] {processor.py:925} INFO - DAG(s) 'example_params_trigger_ui' retrieved from /Users/rishukhurana/anaconda3/lib/python3.11/site-packages/airflow/example_dags/example_params_trigger_ui.py
[2024-12-20T11:21:11.498-0800] {logging_mixin.py:190} INFO - [2024-12-20T11:21:11.498-0800] {dag.py:3239} INFO - Sync 1 DAGs
[2024-12-20T11:21:11.508-0800] {logging_mixin.py:190} INFO - [2024-12-20T11:21:11.507-0800] {dag.py:4180} INFO - Setting next_dagrun for example_params_trigger_ui to None, run_after=None
[2024-12-20T11:21:11.527-0800] {processor.py:208} INFO - Processing /Users/rishukhurana/anaconda3/lib/python3.11/site-packages/airflow/example_dags/example_params_trigger_ui.py took 0.183 seconds
[2024-12-20T11:24:14.947-0800] {processor.py:186} INFO - Started process (PID=73371) to work on /Users/rishukhurana/anaconda3/lib/python3.11/site-packages/airflow/example_dags/example_params_trigger_ui.py
[2024-12-20T11:24:14.950-0800] {processor.py:914} INFO - Processing file /Users/rishukhurana/anaconda3/lib/python3.11/site-packages/airflow/example_dags/example_params_trigger_ui.py for tasks to queue
[2024-12-20T11:24:14.951-0800] {logging_mixin.py:190} INFO - [2024-12-20T11:24:14.951-0800] {dagbag.py:588} INFO - Filling up the DagBag from /Users/rishukhurana/anaconda3/lib/python3.11/site-packages/airflow/example_dags/example_params_trigger_ui.py
[2024-12-20T11:24:14.983-0800] {processor.py:925} INFO - DAG(s) 'example_params_trigger_ui' retrieved from /Users/rishukhurana/anaconda3/lib/python3.11/site-packages/airflow/example_dags/example_params_trigger_ui.py
[2024-12-20T11:24:15.089-0800] {logging_mixin.py:190} INFO - [2024-12-20T11:24:15.089-0800] {dag.py:3239} INFO - Sync 1 DAGs
[2024-12-20T11:24:15.098-0800] {logging_mixin.py:190} INFO - [2024-12-20T11:24:15.098-0800] {dag.py:4180} INFO - Setting next_dagrun for example_params_trigger_ui to None, run_after=None
[2024-12-20T11:24:15.114-0800] {processor.py:208} INFO - Processing /Users/rishukhurana/anaconda3/lib/python3.11/site-packages/airflow/example_dags/example_params_trigger_ui.py took 0.175 seconds
[2024-12-20T11:27:17.091-0800] {processor.py:186} INFO - Started process (PID=73528) to work on /Users/rishukhurana/anaconda3/lib/python3.11/site-packages/airflow/example_dags/example_params_trigger_ui.py
[2024-12-20T11:27:17.093-0800] {processor.py:914} INFO - Processing file /Users/rishukhurana/anaconda3/lib/python3.11/site-packages/airflow/example_dags/example_params_trigger_ui.py for tasks to queue
[2024-12-20T11:27:17.095-0800] {logging_mixin.py:190} INFO - [2024-12-20T11:27:17.095-0800] {dagbag.py:588} INFO - Filling up the DagBag from /Users/rishukhurana/anaconda3/lib/python3.11/site-packages/airflow/example_dags/example_params_trigger_ui.py
[2024-12-20T11:27:17.146-0800] {processor.py:925} INFO - DAG(s) 'example_params_trigger_ui' retrieved from /Users/rishukhurana/anaconda3/lib/python3.11/site-packages/airflow/example_dags/example_params_trigger_ui.py
[2024-12-20T11:27:17.298-0800] {logging_mixin.py:190} INFO - [2024-12-20T11:27:17.298-0800] {dag.py:3239} INFO - Sync 1 DAGs
[2024-12-20T11:27:17.309-0800] {logging_mixin.py:190} INFO - [2024-12-20T11:27:17.309-0800] {dag.py:4180} INFO - Setting next_dagrun for example_params_trigger_ui to None, run_after=None
[2024-12-20T11:27:17.326-0800] {processor.py:208} INFO - Processing /Users/rishukhurana/anaconda3/lib/python3.11/site-packages/airflow/example_dags/example_params_trigger_ui.py took 0.242 seconds
[2024-12-20T11:30:16.502-0800] {processor.py:186} INFO - Started process (PID=73675) to work on /Users/rishukhurana/anaconda3/lib/python3.11/site-packages/airflow/example_dags/example_params_trigger_ui.py
[2024-12-20T11:30:16.504-0800] {processor.py:914} INFO - Processing file /Users/rishukhurana/anaconda3/lib/python3.11/site-packages/airflow/example_dags/example_params_trigger_ui.py for tasks to queue
[2024-12-20T11:30:16.506-0800] {logging_mixin.py:190} INFO - [2024-12-20T11:30:16.505-0800] {dagbag.py:588} INFO - Filling up the DagBag from /Users/rishukhurana/anaconda3/lib/python3.11/site-packages/airflow/example_dags/example_params_trigger_ui.py
[2024-12-20T11:30:16.540-0800] {processor.py:925} INFO - DAG(s) 'example_params_trigger_ui' retrieved from /Users/rishukhurana/anaconda3/lib/python3.11/site-packages/airflow/example_dags/example_params_trigger_ui.py
[2024-12-20T11:30:16.644-0800] {logging_mixin.py:190} INFO - [2024-12-20T11:30:16.644-0800] {dag.py:3239} INFO - Sync 1 DAGs
[2024-12-20T11:30:16.653-0800] {logging_mixin.py:190} INFO - [2024-12-20T11:30:16.653-0800] {dag.py:4180} INFO - Setting next_dagrun for example_params_trigger_ui to None, run_after=None
[2024-12-20T11:30:16.675-0800] {processor.py:208} INFO - Processing /Users/rishukhurana/anaconda3/lib/python3.11/site-packages/airflow/example_dags/example_params_trigger_ui.py took 0.180 seconds
[2024-12-20T11:33:19.182-0800] {processor.py:186} INFO - Started process (PID=73833) to work on /Users/rishukhurana/anaconda3/lib/python3.11/site-packages/airflow/example_dags/example_params_trigger_ui.py
[2024-12-20T11:33:19.184-0800] {processor.py:914} INFO - Processing file /Users/rishukhurana/anaconda3/lib/python3.11/site-packages/airflow/example_dags/example_params_trigger_ui.py for tasks to queue
[2024-12-20T11:33:19.185-0800] {logging_mixin.py:190} INFO - [2024-12-20T11:33:19.185-0800] {dagbag.py:588} INFO - Filling up the DagBag from /Users/rishukhurana/anaconda3/lib/python3.11/site-packages/airflow/example_dags/example_params_trigger_ui.py
[2024-12-20T11:33:19.220-0800] {processor.py:925} INFO - DAG(s) 'example_params_trigger_ui' retrieved from /Users/rishukhurana/anaconda3/lib/python3.11/site-packages/airflow/example_dags/example_params_trigger_ui.py
[2024-12-20T11:33:19.325-0800] {logging_mixin.py:190} INFO - [2024-12-20T11:33:19.325-0800] {dag.py:3239} INFO - Sync 1 DAGs
[2024-12-20T11:33:19.336-0800] {logging_mixin.py:190} INFO - [2024-12-20T11:33:19.336-0800] {dag.py:4180} INFO - Setting next_dagrun for example_params_trigger_ui to None, run_after=None
[2024-12-20T11:33:19.354-0800] {processor.py:208} INFO - Processing /Users/rishukhurana/anaconda3/lib/python3.11/site-packages/airflow/example_dags/example_params_trigger_ui.py took 0.177 seconds
[2024-12-20T11:36:24.707-0800] {processor.py:186} INFO - Started process (PID=73980) to work on /Users/rishukhurana/anaconda3/lib/python3.11/site-packages/airflow/example_dags/example_params_trigger_ui.py
[2024-12-20T11:36:24.709-0800] {processor.py:914} INFO - Processing file /Users/rishukhurana/anaconda3/lib/python3.11/site-packages/airflow/example_dags/example_params_trigger_ui.py for tasks to queue
[2024-12-20T11:36:24.711-0800] {logging_mixin.py:190} INFO - [2024-12-20T11:36:24.710-0800] {dagbag.py:588} INFO - Filling up the DagBag from /Users/rishukhurana/anaconda3/lib/python3.11/site-packages/airflow/example_dags/example_params_trigger_ui.py
[2024-12-20T11:36:24.748-0800] {processor.py:925} INFO - DAG(s) 'example_params_trigger_ui' retrieved from /Users/rishukhurana/anaconda3/lib/python3.11/site-packages/airflow/example_dags/example_params_trigger_ui.py
[2024-12-20T11:36:24.853-0800] {logging_mixin.py:190} INFO - [2024-12-20T11:36:24.853-0800] {dag.py:3239} INFO - Sync 1 DAGs
[2024-12-20T11:36:24.863-0800] {logging_mixin.py:190} INFO - [2024-12-20T11:36:24.862-0800] {dag.py:4180} INFO - Setting next_dagrun for example_params_trigger_ui to None, run_after=None
[2024-12-20T11:36:24.879-0800] {processor.py:208} INFO - Processing /Users/rishukhurana/anaconda3/lib/python3.11/site-packages/airflow/example_dags/example_params_trigger_ui.py took 0.177 seconds
[2024-12-20T11:39:22.683-0800] {processor.py:186} INFO - Started process (PID=74129) to work on /Users/rishukhurana/anaconda3/lib/python3.11/site-packages/airflow/example_dags/example_params_trigger_ui.py
[2024-12-20T11:39:22.686-0800] {processor.py:914} INFO - Processing file /Users/rishukhurana/anaconda3/lib/python3.11/site-packages/airflow/example_dags/example_params_trigger_ui.py for tasks to queue
[2024-12-20T11:39:22.687-0800] {logging_mixin.py:190} INFO - [2024-12-20T11:39:22.687-0800] {dagbag.py:588} INFO - Filling up the DagBag from /Users/rishukhurana/anaconda3/lib/python3.11/site-packages/airflow/example_dags/example_params_trigger_ui.py
[2024-12-20T11:39:22.719-0800] {processor.py:925} INFO - DAG(s) 'example_params_trigger_ui' retrieved from /Users/rishukhurana/anaconda3/lib/python3.11/site-packages/airflow/example_dags/example_params_trigger_ui.py
[2024-12-20T11:39:22.814-0800] {logging_mixin.py:190} INFO - [2024-12-20T11:39:22.814-0800] {dag.py:3239} INFO - Sync 1 DAGs
[2024-12-20T11:39:22.823-0800] {logging_mixin.py:190} INFO - [2024-12-20T11:39:22.822-0800] {dag.py:4180} INFO - Setting next_dagrun for example_params_trigger_ui to None, run_after=None
[2024-12-20T11:39:22.838-0800] {processor.py:208} INFO - Processing /Users/rishukhurana/anaconda3/lib/python3.11/site-packages/airflow/example_dags/example_params_trigger_ui.py took 0.163 seconds
[2024-12-20T11:58:03.554-0800] {processor.py:186} INFO - Started process (PID=74312) to work on /Users/rishukhurana/anaconda3/lib/python3.11/site-packages/airflow/example_dags/example_params_trigger_ui.py
[2024-12-20T11:58:03.556-0800] {processor.py:914} INFO - Processing file /Users/rishukhurana/anaconda3/lib/python3.11/site-packages/airflow/example_dags/example_params_trigger_ui.py for tasks to queue
[2024-12-20T11:58:03.557-0800] {logging_mixin.py:190} INFO - [2024-12-20T11:58:03.557-0800] {dagbag.py:588} INFO - Filling up the DagBag from /Users/rishukhurana/anaconda3/lib/python3.11/site-packages/airflow/example_dags/example_params_trigger_ui.py
[2024-12-20T11:58:03.598-0800] {processor.py:925} INFO - DAG(s) 'example_params_trigger_ui' retrieved from /Users/rishukhurana/anaconda3/lib/python3.11/site-packages/airflow/example_dags/example_params_trigger_ui.py
[2024-12-20T11:58:03.727-0800] {logging_mixin.py:190} INFO - [2024-12-20T11:58:03.726-0800] {dag.py:3239} INFO - Sync 1 DAGs
[2024-12-20T11:58:03.738-0800] {logging_mixin.py:190} INFO - [2024-12-20T11:58:03.737-0800] {dag.py:4180} INFO - Setting next_dagrun for example_params_trigger_ui to None, run_after=None
[2024-12-20T11:58:03.755-0800] {processor.py:208} INFO - Processing /Users/rishukhurana/anaconda3/lib/python3.11/site-packages/airflow/example_dags/example_params_trigger_ui.py took 0.209 seconds
[2024-12-20T12:02:04.961-0800] {processor.py:186} INFO - Started process (PID=74481) to work on /Users/rishukhurana/anaconda3/lib/python3.11/site-packages/airflow/example_dags/example_params_trigger_ui.py
[2024-12-20T12:02:04.965-0800] {processor.py:914} INFO - Processing file /Users/rishukhurana/anaconda3/lib/python3.11/site-packages/airflow/example_dags/example_params_trigger_ui.py for tasks to queue
[2024-12-20T12:02:04.968-0800] {logging_mixin.py:190} INFO - [2024-12-20T12:02:04.967-0800] {dagbag.py:588} INFO - Filling up the DagBag from /Users/rishukhurana/anaconda3/lib/python3.11/site-packages/airflow/example_dags/example_params_trigger_ui.py
[2024-12-20T12:02:05.037-0800] {processor.py:925} INFO - DAG(s) 'example_params_trigger_ui' retrieved from /Users/rishukhurana/anaconda3/lib/python3.11/site-packages/airflow/example_dags/example_params_trigger_ui.py
[2024-12-20T12:02:05.260-0800] {logging_mixin.py:190} INFO - [2024-12-20T12:02:05.259-0800] {dag.py:3239} INFO - Sync 1 DAGs
[2024-12-20T12:02:05.282-0800] {logging_mixin.py:190} INFO - [2024-12-20T12:02:05.281-0800] {dag.py:4180} INFO - Setting next_dagrun for example_params_trigger_ui to None, run_after=None
[2024-12-20T12:02:05.317-0800] {processor.py:208} INFO - Processing /Users/rishukhurana/anaconda3/lib/python3.11/site-packages/airflow/example_dags/example_params_trigger_ui.py took 0.372 seconds
[2024-12-20T12:07:19.837-0800] {processor.py:186} INFO - Started process (PID=74701) to work on /Users/rishukhurana/anaconda3/lib/python3.11/site-packages/airflow/example_dags/example_params_trigger_ui.py
[2024-12-20T12:07:19.841-0800] {processor.py:914} INFO - Processing file /Users/rishukhurana/anaconda3/lib/python3.11/site-packages/airflow/example_dags/example_params_trigger_ui.py for tasks to queue
[2024-12-20T12:07:19.843-0800] {logging_mixin.py:190} INFO - [2024-12-20T12:07:19.843-0800] {dagbag.py:588} INFO - Filling up the DagBag from /Users/rishukhurana/anaconda3/lib/python3.11/site-packages/airflow/example_dags/example_params_trigger_ui.py
[2024-12-20T12:07:19.906-0800] {processor.py:925} INFO - DAG(s) 'example_params_trigger_ui' retrieved from /Users/rishukhurana/anaconda3/lib/python3.11/site-packages/airflow/example_dags/example_params_trigger_ui.py
[2024-12-20T12:07:20.115-0800] {logging_mixin.py:190} INFO - [2024-12-20T12:07:20.114-0800] {dag.py:3239} INFO - Sync 1 DAGs
[2024-12-20T12:07:20.139-0800] {logging_mixin.py:190} INFO - [2024-12-20T12:07:20.139-0800] {dag.py:4180} INFO - Setting next_dagrun for example_params_trigger_ui to None, run_after=None
[2024-12-20T12:07:20.172-0800] {processor.py:208} INFO - Processing /Users/rishukhurana/anaconda3/lib/python3.11/site-packages/airflow/example_dags/example_params_trigger_ui.py took 0.348 seconds
[2024-12-20T12:12:58.964-0800] {processor.py:186} INFO - Started process (PID=74919) to work on /Users/rishukhurana/anaconda3/lib/python3.11/site-packages/airflow/example_dags/example_params_trigger_ui.py
[2024-12-20T12:12:58.966-0800] {processor.py:914} INFO - Processing file /Users/rishukhurana/anaconda3/lib/python3.11/site-packages/airflow/example_dags/example_params_trigger_ui.py for tasks to queue
[2024-12-20T12:12:58.968-0800] {logging_mixin.py:190} INFO - [2024-12-20T12:12:58.968-0800] {dagbag.py:588} INFO - Filling up the DagBag from /Users/rishukhurana/anaconda3/lib/python3.11/site-packages/airflow/example_dags/example_params_trigger_ui.py
[2024-12-20T12:12:59.029-0800] {processor.py:925} INFO - DAG(s) 'example_params_trigger_ui' retrieved from /Users/rishukhurana/anaconda3/lib/python3.11/site-packages/airflow/example_dags/example_params_trigger_ui.py
[2024-12-20T12:12:59.218-0800] {logging_mixin.py:190} INFO - [2024-12-20T12:12:59.218-0800] {dag.py:3239} INFO - Sync 1 DAGs
[2024-12-20T12:12:59.234-0800] {logging_mixin.py:190} INFO - [2024-12-20T12:12:59.234-0800] {dag.py:4180} INFO - Setting next_dagrun for example_params_trigger_ui to None, run_after=None
[2024-12-20T12:12:59.260-0800] {processor.py:208} INFO - Processing /Users/rishukhurana/anaconda3/lib/python3.11/site-packages/airflow/example_dags/example_params_trigger_ui.py took 0.310 seconds
