[2024-12-19T22:50:50.357-0800] {processor.py:186} INFO - Started process (PID=68683) to work on /Users/rishukhurana/anaconda3/lib/python3.11/site-packages/airflow/example_dags/example_branch_datetime_operator.py
[2024-12-19T22:50:50.358-0800] {processor.py:914} INFO - Processing file /Users/rishukhurana/anaconda3/lib/python3.11/site-packages/airflow/example_dags/example_branch_datetime_operator.py for tasks to queue
[2024-12-19T22:50:50.360-0800] {logging_mixin.py:190} INFO - [2024-12-19T22:50:50.360-0800] {dagbag.py:588} INFO - Filling up the DagBag from /Users/rishukhurana/anaconda3/lib/python3.11/site-packages/airflow/example_dags/example_branch_datetime_operator.py
[2024-12-19T22:50:50.371-0800] {processor.py:925} INFO - DAG(s) 'example_branch_datetime_operator', 'example_branch_datetime_operator_3', 'example_branch_datetime_operator_2' retrieved from /Users/rishukhurana/anaconda3/lib/python3.11/site-packages/airflow/example_dags/example_branch_datetime_operator.py
[2024-12-19T22:50:50.457-0800] {logging_mixin.py:190} INFO - [2024-12-19T22:50:50.456-0800] {dag.py:3239} INFO - Sync 3 DAGs
[2024-12-19T22:50:50.476-0800] {logging_mixin.py:190} INFO - [2024-12-19T22:50:50.475-0800] {dag.py:4180} INFO - Setting next_dagrun for example_branch_datetime_operator to 2024-12-19 00:00:00+00:00, run_after=2024-12-20 00:00:00+00:00
[2024-12-19T22:50:50.479-0800] {logging_mixin.py:190} INFO - [2024-12-19T22:50:50.479-0800] {dag.py:4180} INFO - Setting next_dagrun for example_branch_datetime_operator_2 to 2024-12-19 00:00:00+00:00, run_after=2024-12-20 00:00:00+00:00
[2024-12-19T22:50:50.481-0800] {logging_mixin.py:190} INFO - [2024-12-19T22:50:50.481-0800] {dag.py:4180} INFO - Setting next_dagrun for example_branch_datetime_operator_3 to 2024-12-19 00:00:00+00:00, run_after=2024-12-20 00:00:00+00:00
[2024-12-19T22:50:50.493-0800] {processor.py:208} INFO - Processing /Users/rishukhurana/anaconda3/lib/python3.11/site-packages/airflow/example_dags/example_branch_datetime_operator.py took 0.143 seconds
[2024-12-20T08:21:18.576-0800] {processor.py:186} INFO - Started process (PID=69126) to work on /Users/rishukhurana/anaconda3/lib/python3.11/site-packages/airflow/example_dags/example_branch_datetime_operator.py
[2024-12-20T08:21:18.578-0800] {processor.py:914} INFO - Processing file /Users/rishukhurana/anaconda3/lib/python3.11/site-packages/airflow/example_dags/example_branch_datetime_operator.py for tasks to queue
[2024-12-20T08:21:18.579-0800] {logging_mixin.py:190} INFO - [2024-12-20T08:21:18.579-0800] {dagbag.py:588} INFO - Filling up the DagBag from /Users/rishukhurana/anaconda3/lib/python3.11/site-packages/airflow/example_dags/example_branch_datetime_operator.py
[2024-12-20T08:21:18.593-0800] {processor.py:925} INFO - DAG(s) 'example_branch_datetime_operator_3', 'example_branch_datetime_operator_2', 'example_branch_datetime_operator' retrieved from /Users/rishukhurana/anaconda3/lib/python3.11/site-packages/airflow/example_dags/example_branch_datetime_operator.py
[2024-12-20T08:21:18.680-0800] {logging_mixin.py:190} INFO - [2024-12-20T08:21:18.680-0800] {dag.py:3239} INFO - Sync 3 DAGs
[2024-12-20T08:21:18.697-0800] {logging_mixin.py:190} INFO - [2024-12-20T08:21:18.697-0800] {dag.py:4180} INFO - Setting next_dagrun for example_branch_datetime_operator to 2024-12-19 00:00:00+00:00, run_after=2024-12-20 00:00:00+00:00
[2024-12-20T08:21:18.700-0800] {logging_mixin.py:190} INFO - [2024-12-20T08:21:18.700-0800] {dag.py:4180} INFO - Setting next_dagrun for example_branch_datetime_operator_2 to 2024-12-19 00:00:00+00:00, run_after=2024-12-20 00:00:00+00:00
[2024-12-20T08:21:18.702-0800] {logging_mixin.py:190} INFO - [2024-12-20T08:21:18.702-0800] {dag.py:4180} INFO - Setting next_dagrun for example_branch_datetime_operator_3 to 2024-12-19 00:00:00+00:00, run_after=2024-12-20 00:00:00+00:00
[2024-12-20T08:21:18.715-0800] {processor.py:208} INFO - Processing /Users/rishukhurana/anaconda3/lib/python3.11/site-packages/airflow/example_dags/example_branch_datetime_operator.py took 0.144 seconds
[2024-12-20T09:13:04.474-0800] {processor.py:186} INFO - Started process (PID=69318) to work on /Users/rishukhurana/anaconda3/lib/python3.11/site-packages/airflow/example_dags/example_branch_datetime_operator.py
[2024-12-20T09:13:04.477-0800] {processor.py:914} INFO - Processing file /Users/rishukhurana/anaconda3/lib/python3.11/site-packages/airflow/example_dags/example_branch_datetime_operator.py for tasks to queue
[2024-12-20T09:13:04.478-0800] {logging_mixin.py:190} INFO - [2024-12-20T09:13:04.478-0800] {dagbag.py:588} INFO - Filling up the DagBag from /Users/rishukhurana/anaconda3/lib/python3.11/site-packages/airflow/example_dags/example_branch_datetime_operator.py
[2024-12-20T09:13:04.489-0800] {processor.py:925} INFO - DAG(s) 'example_branch_datetime_operator', 'example_branch_datetime_operator_2', 'example_branch_datetime_operator_3' retrieved from /Users/rishukhurana/anaconda3/lib/python3.11/site-packages/airflow/example_dags/example_branch_datetime_operator.py
[2024-12-20T09:13:04.571-0800] {logging_mixin.py:190} INFO - [2024-12-20T09:13:04.571-0800] {dag.py:3239} INFO - Sync 3 DAGs
[2024-12-20T09:13:04.586-0800] {logging_mixin.py:190} INFO - [2024-12-20T09:13:04.586-0800] {dag.py:4180} INFO - Setting next_dagrun for example_branch_datetime_operator to 2024-12-19 00:00:00+00:00, run_after=2024-12-20 00:00:00+00:00
[2024-12-20T09:13:04.590-0800] {logging_mixin.py:190} INFO - [2024-12-20T09:13:04.590-0800] {dag.py:4180} INFO - Setting next_dagrun for example_branch_datetime_operator_2 to 2024-12-19 00:00:00+00:00, run_after=2024-12-20 00:00:00+00:00
[2024-12-20T09:13:04.592-0800] {logging_mixin.py:190} INFO - [2024-12-20T09:13:04.591-0800] {dag.py:4180} INFO - Setting next_dagrun for example_branch_datetime_operator_3 to 2024-12-19 00:00:00+00:00, run_after=2024-12-20 00:00:00+00:00
[2024-12-20T09:13:04.610-0800] {processor.py:208} INFO - Processing /Users/rishukhurana/anaconda3/lib/python3.11/site-packages/airflow/example_dags/example_branch_datetime_operator.py took 0.143 seconds
[2024-12-20T10:12:16.677-0800] {processor.py:186} INFO - Started process (PID=69744) to work on /Users/rishukhurana/anaconda3/lib/python3.11/site-packages/airflow/example_dags/example_branch_datetime_operator.py
[2024-12-20T10:12:16.679-0800] {processor.py:914} INFO - Processing file /Users/rishukhurana/anaconda3/lib/python3.11/site-packages/airflow/example_dags/example_branch_datetime_operator.py for tasks to queue
[2024-12-20T10:12:16.681-0800] {logging_mixin.py:190} INFO - [2024-12-20T10:12:16.681-0800] {dagbag.py:588} INFO - Filling up the DagBag from /Users/rishukhurana/anaconda3/lib/python3.11/site-packages/airflow/example_dags/example_branch_datetime_operator.py
[2024-12-20T10:12:16.698-0800] {processor.py:925} INFO - DAG(s) 'example_branch_datetime_operator', 'example_branch_datetime_operator_2', 'example_branch_datetime_operator_3' retrieved from /Users/rishukhurana/anaconda3/lib/python3.11/site-packages/airflow/example_dags/example_branch_datetime_operator.py
[2024-12-20T10:12:16.793-0800] {logging_mixin.py:190} INFO - [2024-12-20T10:12:16.793-0800] {dag.py:3239} INFO - Sync 3 DAGs
[2024-12-20T10:12:16.810-0800] {logging_mixin.py:190} INFO - [2024-12-20T10:12:16.810-0800] {dag.py:4180} INFO - Setting next_dagrun for example_branch_datetime_operator to 2024-12-19 00:00:00+00:00, run_after=2024-12-20 00:00:00+00:00
[2024-12-20T10:12:16.814-0800] {logging_mixin.py:190} INFO - [2024-12-20T10:12:16.814-0800] {dag.py:4180} INFO - Setting next_dagrun for example_branch_datetime_operator_2 to 2024-12-19 00:00:00+00:00, run_after=2024-12-20 00:00:00+00:00
[2024-12-20T10:12:16.815-0800] {logging_mixin.py:190} INFO - [2024-12-20T10:12:16.815-0800] {dag.py:4180} INFO - Setting next_dagrun for example_branch_datetime_operator_3 to 2024-12-19 00:00:00+00:00, run_after=2024-12-20 00:00:00+00:00
[2024-12-20T10:12:16.829-0800] {processor.py:208} INFO - Processing /Users/rishukhurana/anaconda3/lib/python3.11/site-packages/airflow/example_dags/example_branch_datetime_operator.py took 0.159 seconds
[2024-12-20T10:18:39.525-0800] {processor.py:186} INFO - Started process (PID=70081) to work on /Users/rishukhurana/anaconda3/lib/python3.11/site-packages/airflow/example_dags/example_branch_datetime_operator.py
[2024-12-20T10:18:39.527-0800] {processor.py:914} INFO - Processing file /Users/rishukhurana/anaconda3/lib/python3.11/site-packages/airflow/example_dags/example_branch_datetime_operator.py for tasks to queue
[2024-12-20T10:18:39.528-0800] {logging_mixin.py:190} INFO - [2024-12-20T10:18:39.528-0800] {dagbag.py:588} INFO - Filling up the DagBag from /Users/rishukhurana/anaconda3/lib/python3.11/site-packages/airflow/example_dags/example_branch_datetime_operator.py
[2024-12-20T10:18:39.542-0800] {processor.py:925} INFO - DAG(s) 'example_branch_datetime_operator', 'example_branch_datetime_operator_3', 'example_branch_datetime_operator_2' retrieved from /Users/rishukhurana/anaconda3/lib/python3.11/site-packages/airflow/example_dags/example_branch_datetime_operator.py
[2024-12-20T10:18:39.650-0800] {logging_mixin.py:190} INFO - [2024-12-20T10:18:39.649-0800] {dag.py:3239} INFO - Sync 3 DAGs
[2024-12-20T10:18:39.668-0800] {logging_mixin.py:190} INFO - [2024-12-20T10:18:39.668-0800] {dag.py:4180} INFO - Setting next_dagrun for example_branch_datetime_operator to 2024-12-19 00:00:00+00:00, run_after=2024-12-20 00:00:00+00:00
[2024-12-20T10:18:39.672-0800] {logging_mixin.py:190} INFO - [2024-12-20T10:18:39.672-0800] {dag.py:4180} INFO - Setting next_dagrun for example_branch_datetime_operator_2 to 2024-12-19 00:00:00+00:00, run_after=2024-12-20 00:00:00+00:00
[2024-12-20T10:18:39.674-0800] {logging_mixin.py:190} INFO - [2024-12-20T10:18:39.674-0800] {dag.py:4180} INFO - Setting next_dagrun for example_branch_datetime_operator_3 to 2024-12-19 00:00:00+00:00, run_after=2024-12-20 00:00:00+00:00
[2024-12-20T10:18:39.688-0800] {processor.py:208} INFO - Processing /Users/rishukhurana/anaconda3/lib/python3.11/site-packages/airflow/example_dags/example_branch_datetime_operator.py took 0.170 seconds
[2024-12-20T10:24:35.950-0800] {processor.py:186} INFO - Started process (PID=70410) to work on /Users/rishukhurana/anaconda3/lib/python3.11/site-packages/airflow/example_dags/example_branch_datetime_operator.py
[2024-12-20T10:24:35.952-0800] {processor.py:914} INFO - Processing file /Users/rishukhurana/anaconda3/lib/python3.11/site-packages/airflow/example_dags/example_branch_datetime_operator.py for tasks to queue
[2024-12-20T10:24:35.954-0800] {logging_mixin.py:190} INFO - [2024-12-20T10:24:35.954-0800] {dagbag.py:588} INFO - Filling up the DagBag from /Users/rishukhurana/anaconda3/lib/python3.11/site-packages/airflow/example_dags/example_branch_datetime_operator.py
[2024-12-20T10:24:35.966-0800] {processor.py:925} INFO - DAG(s) 'example_branch_datetime_operator_2', 'example_branch_datetime_operator', 'example_branch_datetime_operator_3' retrieved from /Users/rishukhurana/anaconda3/lib/python3.11/site-packages/airflow/example_dags/example_branch_datetime_operator.py
[2024-12-20T10:24:36.055-0800] {logging_mixin.py:190} INFO - [2024-12-20T10:24:36.055-0800] {dag.py:3239} INFO - Sync 3 DAGs
[2024-12-20T10:24:36.072-0800] {logging_mixin.py:190} INFO - [2024-12-20T10:24:36.072-0800] {dag.py:4180} INFO - Setting next_dagrun for example_branch_datetime_operator to 2024-12-19 00:00:00+00:00, run_after=2024-12-20 00:00:00+00:00
[2024-12-20T10:24:36.076-0800] {logging_mixin.py:190} INFO - [2024-12-20T10:24:36.076-0800] {dag.py:4180} INFO - Setting next_dagrun for example_branch_datetime_operator_2 to 2024-12-19 00:00:00+00:00, run_after=2024-12-20 00:00:00+00:00
[2024-12-20T10:24:36.078-0800] {logging_mixin.py:190} INFO - [2024-12-20T10:24:36.078-0800] {dag.py:4180} INFO - Setting next_dagrun for example_branch_datetime_operator_3 to 2024-12-19 00:00:00+00:00, run_after=2024-12-20 00:00:00+00:00
[2024-12-20T10:24:36.097-0800] {processor.py:208} INFO - Processing /Users/rishukhurana/anaconda3/lib/python3.11/site-packages/airflow/example_dags/example_branch_datetime_operator.py took 0.153 seconds
[2024-12-20T10:30:44.026-0800] {processor.py:186} INFO - Started process (PID=70745) to work on /Users/rishukhurana/anaconda3/lib/python3.11/site-packages/airflow/example_dags/example_branch_datetime_operator.py
[2024-12-20T10:30:44.028-0800] {processor.py:914} INFO - Processing file /Users/rishukhurana/anaconda3/lib/python3.11/site-packages/airflow/example_dags/example_branch_datetime_operator.py for tasks to queue
[2024-12-20T10:30:44.029-0800] {logging_mixin.py:190} INFO - [2024-12-20T10:30:44.029-0800] {dagbag.py:588} INFO - Filling up the DagBag from /Users/rishukhurana/anaconda3/lib/python3.11/site-packages/airflow/example_dags/example_branch_datetime_operator.py
[2024-12-20T10:30:44.047-0800] {processor.py:925} INFO - DAG(s) 'example_branch_datetime_operator_2', 'example_branch_datetime_operator_3', 'example_branch_datetime_operator' retrieved from /Users/rishukhurana/anaconda3/lib/python3.11/site-packages/airflow/example_dags/example_branch_datetime_operator.py
[2024-12-20T10:30:44.177-0800] {logging_mixin.py:190} INFO - [2024-12-20T10:30:44.176-0800] {dag.py:3239} INFO - Sync 3 DAGs
[2024-12-20T10:30:44.196-0800] {logging_mixin.py:190} INFO - [2024-12-20T10:30:44.196-0800] {dag.py:4180} INFO - Setting next_dagrun for example_branch_datetime_operator to 2024-12-19 00:00:00+00:00, run_after=2024-12-20 00:00:00+00:00
[2024-12-20T10:30:44.199-0800] {logging_mixin.py:190} INFO - [2024-12-20T10:30:44.199-0800] {dag.py:4180} INFO - Setting next_dagrun for example_branch_datetime_operator_2 to 2024-12-19 00:00:00+00:00, run_after=2024-12-20 00:00:00+00:00
[2024-12-20T10:30:44.201-0800] {logging_mixin.py:190} INFO - [2024-12-20T10:30:44.201-0800] {dag.py:4180} INFO - Setting next_dagrun for example_branch_datetime_operator_3 to 2024-12-19 00:00:00+00:00, run_after=2024-12-20 00:00:00+00:00
[2024-12-20T10:30:44.216-0800] {processor.py:208} INFO - Processing /Users/rishukhurana/anaconda3/lib/python3.11/site-packages/airflow/example_dags/example_branch_datetime_operator.py took 0.197 seconds
[2024-12-20T10:37:06.267-0800] {processor.py:186} INFO - Started process (PID=71075) to work on /Users/rishukhurana/anaconda3/lib/python3.11/site-packages/airflow/example_dags/example_branch_datetime_operator.py
[2024-12-20T10:37:06.269-0800] {processor.py:914} INFO - Processing file /Users/rishukhurana/anaconda3/lib/python3.11/site-packages/airflow/example_dags/example_branch_datetime_operator.py for tasks to queue
[2024-12-20T10:37:06.270-0800] {logging_mixin.py:190} INFO - [2024-12-20T10:37:06.270-0800] {dagbag.py:588} INFO - Filling up the DagBag from /Users/rishukhurana/anaconda3/lib/python3.11/site-packages/airflow/example_dags/example_branch_datetime_operator.py
[2024-12-20T10:37:06.287-0800] {processor.py:925} INFO - DAG(s) 'example_branch_datetime_operator_3', 'example_branch_datetime_operator', 'example_branch_datetime_operator_2' retrieved from /Users/rishukhurana/anaconda3/lib/python3.11/site-packages/airflow/example_dags/example_branch_datetime_operator.py
[2024-12-20T10:37:06.403-0800] {logging_mixin.py:190} INFO - [2024-12-20T10:37:06.403-0800] {dag.py:3239} INFO - Sync 3 DAGs
[2024-12-20T10:37:06.425-0800] {logging_mixin.py:190} INFO - [2024-12-20T10:37:06.424-0800] {dag.py:4180} INFO - Setting next_dagrun for example_branch_datetime_operator to 2024-12-19 00:00:00+00:00, run_after=2024-12-20 00:00:00+00:00
[2024-12-20T10:37:06.430-0800] {logging_mixin.py:190} INFO - [2024-12-20T10:37:06.429-0800] {dag.py:4180} INFO - Setting next_dagrun for example_branch_datetime_operator_2 to 2024-12-19 00:00:00+00:00, run_after=2024-12-20 00:00:00+00:00
[2024-12-20T10:37:06.432-0800] {logging_mixin.py:190} INFO - [2024-12-20T10:37:06.432-0800] {dag.py:4180} INFO - Setting next_dagrun for example_branch_datetime_operator_3 to 2024-12-19 00:00:00+00:00, run_after=2024-12-20 00:00:00+00:00
[2024-12-20T10:37:06.450-0800] {processor.py:208} INFO - Processing /Users/rishukhurana/anaconda3/lib/python3.11/site-packages/airflow/example_dags/example_branch_datetime_operator.py took 0.192 seconds
[2024-12-20T10:43:28.684-0800] {processor.py:186} INFO - Started process (PID=71393) to work on /Users/rishukhurana/anaconda3/lib/python3.11/site-packages/airflow/example_dags/example_branch_datetime_operator.py
[2024-12-20T10:43:28.687-0800] {processor.py:914} INFO - Processing file /Users/rishukhurana/anaconda3/lib/python3.11/site-packages/airflow/example_dags/example_branch_datetime_operator.py for tasks to queue
[2024-12-20T10:43:28.689-0800] {logging_mixin.py:190} INFO - [2024-12-20T10:43:28.688-0800] {dagbag.py:588} INFO - Filling up the DagBag from /Users/rishukhurana/anaconda3/lib/python3.11/site-packages/airflow/example_dags/example_branch_datetime_operator.py
[2024-12-20T10:43:28.704-0800] {processor.py:925} INFO - DAG(s) 'example_branch_datetime_operator_3', 'example_branch_datetime_operator_2', 'example_branch_datetime_operator' retrieved from /Users/rishukhurana/anaconda3/lib/python3.11/site-packages/airflow/example_dags/example_branch_datetime_operator.py
[2024-12-20T10:43:28.803-0800] {logging_mixin.py:190} INFO - [2024-12-20T10:43:28.803-0800] {dag.py:3239} INFO - Sync 3 DAGs
[2024-12-20T10:43:28.823-0800] {logging_mixin.py:190} INFO - [2024-12-20T10:43:28.822-0800] {dag.py:4180} INFO - Setting next_dagrun for example_branch_datetime_operator to 2024-12-19 00:00:00+00:00, run_after=2024-12-20 00:00:00+00:00
[2024-12-20T10:43:28.827-0800] {logging_mixin.py:190} INFO - [2024-12-20T10:43:28.826-0800] {dag.py:4180} INFO - Setting next_dagrun for example_branch_datetime_operator_2 to 2024-12-19 00:00:00+00:00, run_after=2024-12-20 00:00:00+00:00
[2024-12-20T10:43:28.828-0800] {logging_mixin.py:190} INFO - [2024-12-20T10:43:28.828-0800] {dag.py:4180} INFO - Setting next_dagrun for example_branch_datetime_operator_3 to 2024-12-19 00:00:00+00:00, run_after=2024-12-20 00:00:00+00:00
[2024-12-20T10:43:28.842-0800] {processor.py:208} INFO - Processing /Users/rishukhurana/anaconda3/lib/python3.11/site-packages/airflow/example_dags/example_branch_datetime_operator.py took 0.165 seconds
[2024-12-20T10:50:00.361-0800] {processor.py:186} INFO - Started process (PID=71701) to work on /Users/rishukhurana/anaconda3/lib/python3.11/site-packages/airflow/example_dags/example_branch_datetime_operator.py
[2024-12-20T10:50:00.363-0800] {processor.py:914} INFO - Processing file /Users/rishukhurana/anaconda3/lib/python3.11/site-packages/airflow/example_dags/example_branch_datetime_operator.py for tasks to queue
[2024-12-20T10:50:00.365-0800] {logging_mixin.py:190} INFO - [2024-12-20T10:50:00.364-0800] {dagbag.py:588} INFO - Filling up the DagBag from /Users/rishukhurana/anaconda3/lib/python3.11/site-packages/airflow/example_dags/example_branch_datetime_operator.py
[2024-12-20T10:50:00.381-0800] {processor.py:925} INFO - DAG(s) 'example_branch_datetime_operator_2', 'example_branch_datetime_operator_3', 'example_branch_datetime_operator' retrieved from /Users/rishukhurana/anaconda3/lib/python3.11/site-packages/airflow/example_dags/example_branch_datetime_operator.py
[2024-12-20T10:50:00.482-0800] {logging_mixin.py:190} INFO - [2024-12-20T10:50:00.481-0800] {dag.py:3239} INFO - Sync 3 DAGs
[2024-12-20T10:50:00.500-0800] {logging_mixin.py:190} INFO - [2024-12-20T10:50:00.500-0800] {dag.py:4180} INFO - Setting next_dagrun for example_branch_datetime_operator to 2024-12-19 00:00:00+00:00, run_after=2024-12-20 00:00:00+00:00
[2024-12-20T10:50:00.504-0800] {logging_mixin.py:190} INFO - [2024-12-20T10:50:00.504-0800] {dag.py:4180} INFO - Setting next_dagrun for example_branch_datetime_operator_2 to 2024-12-19 00:00:00+00:00, run_after=2024-12-20 00:00:00+00:00
[2024-12-20T10:50:00.506-0800] {logging_mixin.py:190} INFO - [2024-12-20T10:50:00.506-0800] {dag.py:4180} INFO - Setting next_dagrun for example_branch_datetime_operator_3 to 2024-12-19 00:00:00+00:00, run_after=2024-12-20 00:00:00+00:00
[2024-12-20T10:50:00.521-0800] {processor.py:208} INFO - Processing /Users/rishukhurana/anaconda3/lib/python3.11/site-packages/airflow/example_dags/example_branch_datetime_operator.py took 0.165 seconds
[2024-12-20T10:56:36.050-0800] {processor.py:186} INFO - Started process (PID=71999) to work on /Users/rishukhurana/anaconda3/lib/python3.11/site-packages/airflow/example_dags/example_branch_datetime_operator.py
[2024-12-20T10:56:36.052-0800] {processor.py:914} INFO - Processing file /Users/rishukhurana/anaconda3/lib/python3.11/site-packages/airflow/example_dags/example_branch_datetime_operator.py for tasks to queue
[2024-12-20T10:56:36.054-0800] {logging_mixin.py:190} INFO - [2024-12-20T10:56:36.053-0800] {dagbag.py:588} INFO - Filling up the DagBag from /Users/rishukhurana/anaconda3/lib/python3.11/site-packages/airflow/example_dags/example_branch_datetime_operator.py
[2024-12-20T10:56:36.067-0800] {processor.py:925} INFO - DAG(s) 'example_branch_datetime_operator_2', 'example_branch_datetime_operator_3', 'example_branch_datetime_operator' retrieved from /Users/rishukhurana/anaconda3/lib/python3.11/site-packages/airflow/example_dags/example_branch_datetime_operator.py
[2024-12-20T10:56:36.166-0800] {logging_mixin.py:190} INFO - [2024-12-20T10:56:36.166-0800] {dag.py:3239} INFO - Sync 3 DAGs
[2024-12-20T10:56:36.185-0800] {logging_mixin.py:190} INFO - [2024-12-20T10:56:36.184-0800] {dag.py:4180} INFO - Setting next_dagrun for example_branch_datetime_operator to 2024-12-19 00:00:00+00:00, run_after=2024-12-20 00:00:00+00:00
[2024-12-20T10:56:36.189-0800] {logging_mixin.py:190} INFO - [2024-12-20T10:56:36.188-0800] {dag.py:4180} INFO - Setting next_dagrun for example_branch_datetime_operator_2 to 2024-12-19 00:00:00+00:00, run_after=2024-12-20 00:00:00+00:00
[2024-12-20T10:56:36.191-0800] {logging_mixin.py:190} INFO - [2024-12-20T10:56:36.190-0800] {dag.py:4180} INFO - Setting next_dagrun for example_branch_datetime_operator_3 to 2024-12-19 00:00:00+00:00, run_after=2024-12-20 00:00:00+00:00
[2024-12-20T10:56:36.205-0800] {processor.py:208} INFO - Processing /Users/rishukhurana/anaconda3/lib/python3.11/site-packages/airflow/example_dags/example_branch_datetime_operator.py took 0.162 seconds
[2024-12-20T11:02:54.834-0800] {processor.py:186} INFO - Started process (PID=72294) to work on /Users/rishukhurana/anaconda3/lib/python3.11/site-packages/airflow/example_dags/example_branch_datetime_operator.py
[2024-12-20T11:02:54.836-0800] {processor.py:914} INFO - Processing file /Users/rishukhurana/anaconda3/lib/python3.11/site-packages/airflow/example_dags/example_branch_datetime_operator.py for tasks to queue
[2024-12-20T11:02:54.838-0800] {logging_mixin.py:190} INFO - [2024-12-20T11:02:54.837-0800] {dagbag.py:588} INFO - Filling up the DagBag from /Users/rishukhurana/anaconda3/lib/python3.11/site-packages/airflow/example_dags/example_branch_datetime_operator.py
[2024-12-20T11:02:54.853-0800] {processor.py:925} INFO - DAG(s) 'example_branch_datetime_operator', 'example_branch_datetime_operator_3', 'example_branch_datetime_operator_2' retrieved from /Users/rishukhurana/anaconda3/lib/python3.11/site-packages/airflow/example_dags/example_branch_datetime_operator.py
[2024-12-20T11:02:54.952-0800] {logging_mixin.py:190} INFO - [2024-12-20T11:02:54.952-0800] {dag.py:3239} INFO - Sync 3 DAGs
[2024-12-20T11:02:54.970-0800] {logging_mixin.py:190} INFO - [2024-12-20T11:02:54.970-0800] {dag.py:4180} INFO - Setting next_dagrun for example_branch_datetime_operator to 2024-12-19 00:00:00+00:00, run_after=2024-12-20 00:00:00+00:00
[2024-12-20T11:02:54.975-0800] {logging_mixin.py:190} INFO - [2024-12-20T11:02:54.975-0800] {dag.py:4180} INFO - Setting next_dagrun for example_branch_datetime_operator_2 to 2024-12-19 00:00:00+00:00, run_after=2024-12-20 00:00:00+00:00
[2024-12-20T11:02:54.978-0800] {logging_mixin.py:190} INFO - [2024-12-20T11:02:54.978-0800] {dag.py:4180} INFO - Setting next_dagrun for example_branch_datetime_operator_3 to 2024-12-19 00:00:00+00:00, run_after=2024-12-20 00:00:00+00:00
[2024-12-20T11:02:54.992-0800] {processor.py:208} INFO - Processing /Users/rishukhurana/anaconda3/lib/python3.11/site-packages/airflow/example_dags/example_branch_datetime_operator.py took 0.162 seconds
[2024-12-20T11:09:24.134-0800] {processor.py:186} INFO - Started process (PID=72606) to work on /Users/rishukhurana/anaconda3/lib/python3.11/site-packages/airflow/example_dags/example_branch_datetime_operator.py
[2024-12-20T11:09:24.136-0800] {processor.py:914} INFO - Processing file /Users/rishukhurana/anaconda3/lib/python3.11/site-packages/airflow/example_dags/example_branch_datetime_operator.py for tasks to queue
[2024-12-20T11:09:24.138-0800] {logging_mixin.py:190} INFO - [2024-12-20T11:09:24.138-0800] {dagbag.py:588} INFO - Filling up the DagBag from /Users/rishukhurana/anaconda3/lib/python3.11/site-packages/airflow/example_dags/example_branch_datetime_operator.py
[2024-12-20T11:09:24.154-0800] {processor.py:925} INFO - DAG(s) 'example_branch_datetime_operator_2', 'example_branch_datetime_operator', 'example_branch_datetime_operator_3' retrieved from /Users/rishukhurana/anaconda3/lib/python3.11/site-packages/airflow/example_dags/example_branch_datetime_operator.py
[2024-12-20T11:09:24.257-0800] {logging_mixin.py:190} INFO - [2024-12-20T11:09:24.256-0800] {dag.py:3239} INFO - Sync 3 DAGs
[2024-12-20T11:09:24.276-0800] {logging_mixin.py:190} INFO - [2024-12-20T11:09:24.275-0800] {dag.py:4180} INFO - Setting next_dagrun for example_branch_datetime_operator to 2024-12-19 00:00:00+00:00, run_after=2024-12-20 00:00:00+00:00
[2024-12-20T11:09:24.280-0800] {logging_mixin.py:190} INFO - [2024-12-20T11:09:24.280-0800] {dag.py:4180} INFO - Setting next_dagrun for example_branch_datetime_operator_2 to 2024-12-19 00:00:00+00:00, run_after=2024-12-20 00:00:00+00:00
[2024-12-20T11:09:24.282-0800] {logging_mixin.py:190} INFO - [2024-12-20T11:09:24.282-0800] {dag.py:4180} INFO - Setting next_dagrun for example_branch_datetime_operator_3 to 2024-12-19 00:00:00+00:00, run_after=2024-12-20 00:00:00+00:00
[2024-12-20T11:09:24.296-0800] {processor.py:208} INFO - Processing /Users/rishukhurana/anaconda3/lib/python3.11/site-packages/airflow/example_dags/example_branch_datetime_operator.py took 0.168 seconds
[2024-12-20T11:15:53.238-0800] {processor.py:186} INFO - Started process (PID=72936) to work on /Users/rishukhurana/anaconda3/lib/python3.11/site-packages/airflow/example_dags/example_branch_datetime_operator.py
[2024-12-20T11:15:53.240-0800] {processor.py:914} INFO - Processing file /Users/rishukhurana/anaconda3/lib/python3.11/site-packages/airflow/example_dags/example_branch_datetime_operator.py for tasks to queue
[2024-12-20T11:15:53.242-0800] {logging_mixin.py:190} INFO - [2024-12-20T11:15:53.241-0800] {dagbag.py:588} INFO - Filling up the DagBag from /Users/rishukhurana/anaconda3/lib/python3.11/site-packages/airflow/example_dags/example_branch_datetime_operator.py
[2024-12-20T11:15:53.256-0800] {processor.py:925} INFO - DAG(s) 'example_branch_datetime_operator_3', 'example_branch_datetime_operator_2', 'example_branch_datetime_operator' retrieved from /Users/rishukhurana/anaconda3/lib/python3.11/site-packages/airflow/example_dags/example_branch_datetime_operator.py
[2024-12-20T11:15:53.342-0800] {logging_mixin.py:190} INFO - [2024-12-20T11:15:53.342-0800] {dag.py:3239} INFO - Sync 3 DAGs
[2024-12-20T11:15:53.358-0800] {logging_mixin.py:190} INFO - [2024-12-20T11:15:53.358-0800] {dag.py:4180} INFO - Setting next_dagrun for example_branch_datetime_operator to 2024-12-19 00:00:00+00:00, run_after=2024-12-20 00:00:00+00:00
[2024-12-20T11:15:53.362-0800] {logging_mixin.py:190} INFO - [2024-12-20T11:15:53.362-0800] {dag.py:4180} INFO - Setting next_dagrun for example_branch_datetime_operator_2 to 2024-12-19 00:00:00+00:00, run_after=2024-12-20 00:00:00+00:00
[2024-12-20T11:15:53.364-0800] {logging_mixin.py:190} INFO - [2024-12-20T11:15:53.363-0800] {dag.py:4180} INFO - Setting next_dagrun for example_branch_datetime_operator_3 to 2024-12-19 00:00:00+00:00, run_after=2024-12-20 00:00:00+00:00
[2024-12-20T11:15:53.378-0800] {processor.py:208} INFO - Processing /Users/rishukhurana/anaconda3/lib/python3.11/site-packages/airflow/example_dags/example_branch_datetime_operator.py took 0.149 seconds
[2024-12-20T11:21:59.805-0800] {processor.py:186} INFO - Started process (PID=73245) to work on /Users/rishukhurana/anaconda3/lib/python3.11/site-packages/airflow/example_dags/example_branch_datetime_operator.py
[2024-12-20T11:21:59.808-0800] {processor.py:914} INFO - Processing file /Users/rishukhurana/anaconda3/lib/python3.11/site-packages/airflow/example_dags/example_branch_datetime_operator.py for tasks to queue
[2024-12-20T11:21:59.809-0800] {logging_mixin.py:190} INFO - [2024-12-20T11:21:59.809-0800] {dagbag.py:588} INFO - Filling up the DagBag from /Users/rishukhurana/anaconda3/lib/python3.11/site-packages/airflow/example_dags/example_branch_datetime_operator.py
[2024-12-20T11:21:59.821-0800] {processor.py:925} INFO - DAG(s) 'example_branch_datetime_operator', 'example_branch_datetime_operator_2', 'example_branch_datetime_operator_3' retrieved from /Users/rishukhurana/anaconda3/lib/python3.11/site-packages/airflow/example_dags/example_branch_datetime_operator.py
[2024-12-20T11:21:59.906-0800] {logging_mixin.py:190} INFO - [2024-12-20T11:21:59.906-0800] {dag.py:3239} INFO - Sync 3 DAGs
[2024-12-20T11:21:59.923-0800] {logging_mixin.py:190} INFO - [2024-12-20T11:21:59.922-0800] {dag.py:4180} INFO - Setting next_dagrun for example_branch_datetime_operator to 2024-12-19 00:00:00+00:00, run_after=2024-12-20 00:00:00+00:00
[2024-12-20T11:21:59.926-0800] {logging_mixin.py:190} INFO - [2024-12-20T11:21:59.926-0800] {dag.py:4180} INFO - Setting next_dagrun for example_branch_datetime_operator_2 to 2024-12-19 00:00:00+00:00, run_after=2024-12-20 00:00:00+00:00
[2024-12-20T11:21:59.928-0800] {logging_mixin.py:190} INFO - [2024-12-20T11:21:59.928-0800] {dag.py:4180} INFO - Setting next_dagrun for example_branch_datetime_operator_3 to 2024-12-19 00:00:00+00:00, run_after=2024-12-20 00:00:00+00:00
[2024-12-20T11:21:59.942-0800] {processor.py:208} INFO - Processing /Users/rishukhurana/anaconda3/lib/python3.11/site-packages/airflow/example_dags/example_branch_datetime_operator.py took 0.142 seconds
[2024-12-20T11:28:06.399-0800] {processor.py:186} INFO - Started process (PID=73568) to work on /Users/rishukhurana/anaconda3/lib/python3.11/site-packages/airflow/example_dags/example_branch_datetime_operator.py
[2024-12-20T11:28:06.401-0800] {processor.py:914} INFO - Processing file /Users/rishukhurana/anaconda3/lib/python3.11/site-packages/airflow/example_dags/example_branch_datetime_operator.py for tasks to queue
[2024-12-20T11:28:06.403-0800] {logging_mixin.py:190} INFO - [2024-12-20T11:28:06.403-0800] {dagbag.py:588} INFO - Filling up the DagBag from /Users/rishukhurana/anaconda3/lib/python3.11/site-packages/airflow/example_dags/example_branch_datetime_operator.py
[2024-12-20T11:28:06.417-0800] {processor.py:925} INFO - DAG(s) 'example_branch_datetime_operator_2', 'example_branch_datetime_operator', 'example_branch_datetime_operator_3' retrieved from /Users/rishukhurana/anaconda3/lib/python3.11/site-packages/airflow/example_dags/example_branch_datetime_operator.py
[2024-12-20T11:28:06.502-0800] {logging_mixin.py:190} INFO - [2024-12-20T11:28:06.502-0800] {dag.py:3239} INFO - Sync 3 DAGs
[2024-12-20T11:28:06.518-0800] {logging_mixin.py:190} INFO - [2024-12-20T11:28:06.517-0800] {dag.py:4180} INFO - Setting next_dagrun for example_branch_datetime_operator to 2024-12-19 00:00:00+00:00, run_after=2024-12-20 00:00:00+00:00
[2024-12-20T11:28:06.521-0800] {logging_mixin.py:190} INFO - [2024-12-20T11:28:06.521-0800] {dag.py:4180} INFO - Setting next_dagrun for example_branch_datetime_operator_2 to 2024-12-19 00:00:00+00:00, run_after=2024-12-20 00:00:00+00:00
[2024-12-20T11:28:06.523-0800] {logging_mixin.py:190} INFO - [2024-12-20T11:28:06.523-0800] {dag.py:4180} INFO - Setting next_dagrun for example_branch_datetime_operator_3 to 2024-12-19 00:00:00+00:00, run_after=2024-12-20 00:00:00+00:00
[2024-12-20T11:28:06.541-0800] {processor.py:208} INFO - Processing /Users/rishukhurana/anaconda3/lib/python3.11/site-packages/airflow/example_dags/example_branch_datetime_operator.py took 0.149 seconds
[2024-12-20T11:34:08.804-0800] {processor.py:186} INFO - Started process (PID=73872) to work on /Users/rishukhurana/anaconda3/lib/python3.11/site-packages/airflow/example_dags/example_branch_datetime_operator.py
[2024-12-20T11:34:08.806-0800] {processor.py:914} INFO - Processing file /Users/rishukhurana/anaconda3/lib/python3.11/site-packages/airflow/example_dags/example_branch_datetime_operator.py for tasks to queue
[2024-12-20T11:34:08.807-0800] {logging_mixin.py:190} INFO - [2024-12-20T11:34:08.807-0800] {dagbag.py:588} INFO - Filling up the DagBag from /Users/rishukhurana/anaconda3/lib/python3.11/site-packages/airflow/example_dags/example_branch_datetime_operator.py
[2024-12-20T11:34:08.821-0800] {processor.py:925} INFO - DAG(s) 'example_branch_datetime_operator_2', 'example_branch_datetime_operator', 'example_branch_datetime_operator_3' retrieved from /Users/rishukhurana/anaconda3/lib/python3.11/site-packages/airflow/example_dags/example_branch_datetime_operator.py
[2024-12-20T11:34:08.915-0800] {logging_mixin.py:190} INFO - [2024-12-20T11:34:08.915-0800] {dag.py:3239} INFO - Sync 3 DAGs
[2024-12-20T11:34:08.933-0800] {logging_mixin.py:190} INFO - [2024-12-20T11:34:08.933-0800] {dag.py:4180} INFO - Setting next_dagrun for example_branch_datetime_operator to 2024-12-19 00:00:00+00:00, run_after=2024-12-20 00:00:00+00:00
[2024-12-20T11:34:08.937-0800] {logging_mixin.py:190} INFO - [2024-12-20T11:34:08.937-0800] {dag.py:4180} INFO - Setting next_dagrun for example_branch_datetime_operator_2 to 2024-12-19 00:00:00+00:00, run_after=2024-12-20 00:00:00+00:00
[2024-12-20T11:34:08.939-0800] {logging_mixin.py:190} INFO - [2024-12-20T11:34:08.939-0800] {dag.py:4180} INFO - Setting next_dagrun for example_branch_datetime_operator_3 to 2024-12-19 00:00:00+00:00, run_after=2024-12-20 00:00:00+00:00
[2024-12-20T11:34:08.952-0800] {processor.py:208} INFO - Processing /Users/rishukhurana/anaconda3/lib/python3.11/site-packages/airflow/example_dags/example_branch_datetime_operator.py took 0.159 seconds
[2024-12-20T11:55:42.106-0800] {processor.py:186} INFO - Started process (PID=74180) to work on /Users/rishukhurana/anaconda3/lib/python3.11/site-packages/airflow/example_dags/example_branch_datetime_operator.py
[2024-12-20T11:55:42.109-0800] {processor.py:914} INFO - Processing file /Users/rishukhurana/anaconda3/lib/python3.11/site-packages/airflow/example_dags/example_branch_datetime_operator.py for tasks to queue
[2024-12-20T11:55:42.112-0800] {logging_mixin.py:190} INFO - [2024-12-20T11:55:42.111-0800] {dagbag.py:588} INFO - Filling up the DagBag from /Users/rishukhurana/anaconda3/lib/python3.11/site-packages/airflow/example_dags/example_branch_datetime_operator.py
[2024-12-20T11:55:42.140-0800] {processor.py:925} INFO - DAG(s) 'example_branch_datetime_operator', 'example_branch_datetime_operator_3', 'example_branch_datetime_operator_2' retrieved from /Users/rishukhurana/anaconda3/lib/python3.11/site-packages/airflow/example_dags/example_branch_datetime_operator.py
[2024-12-20T11:55:42.269-0800] {logging_mixin.py:190} INFO - [2024-12-20T11:55:42.268-0800] {dag.py:3239} INFO - Sync 3 DAGs
[2024-12-20T11:55:42.289-0800] {logging_mixin.py:190} INFO - [2024-12-20T11:55:42.289-0800] {dag.py:4180} INFO - Setting next_dagrun for example_branch_datetime_operator to 2024-12-19 00:00:00+00:00, run_after=2024-12-20 00:00:00+00:00
[2024-12-20T11:55:42.294-0800] {logging_mixin.py:190} INFO - [2024-12-20T11:55:42.293-0800] {dag.py:4180} INFO - Setting next_dagrun for example_branch_datetime_operator_2 to 2024-12-19 00:00:00+00:00, run_after=2024-12-20 00:00:00+00:00
[2024-12-20T11:55:42.296-0800] {logging_mixin.py:190} INFO - [2024-12-20T11:55:42.296-0800] {dag.py:4180} INFO - Setting next_dagrun for example_branch_datetime_operator_3 to 2024-12-19 00:00:00+00:00, run_after=2024-12-20 00:00:00+00:00
[2024-12-20T11:55:42.311-0800] {processor.py:208} INFO - Processing /Users/rishukhurana/anaconda3/lib/python3.11/site-packages/airflow/example_dags/example_branch_datetime_operator.py took 0.222 seconds
[2024-12-20T12:03:30.111-0800] {processor.py:186} INFO - Started process (PID=74528) to work on /Users/rishukhurana/anaconda3/lib/python3.11/site-packages/airflow/example_dags/example_branch_datetime_operator.py
[2024-12-20T12:03:30.114-0800] {processor.py:914} INFO - Processing file /Users/rishukhurana/anaconda3/lib/python3.11/site-packages/airflow/example_dags/example_branch_datetime_operator.py for tasks to queue
[2024-12-20T12:03:30.116-0800] {logging_mixin.py:190} INFO - [2024-12-20T12:03:30.116-0800] {dagbag.py:588} INFO - Filling up the DagBag from /Users/rishukhurana/anaconda3/lib/python3.11/site-packages/airflow/example_dags/example_branch_datetime_operator.py
[2024-12-20T12:03:30.138-0800] {processor.py:925} INFO - DAG(s) 'example_branch_datetime_operator', 'example_branch_datetime_operator_3', 'example_branch_datetime_operator_2' retrieved from /Users/rishukhurana/anaconda3/lib/python3.11/site-packages/airflow/example_dags/example_branch_datetime_operator.py
[2024-12-20T12:03:30.326-0800] {logging_mixin.py:190} INFO - [2024-12-20T12:03:30.325-0800] {dag.py:3239} INFO - Sync 3 DAGs
[2024-12-20T12:03:30.359-0800] {logging_mixin.py:190} INFO - [2024-12-20T12:03:30.358-0800] {dag.py:4180} INFO - Setting next_dagrun for example_branch_datetime_operator to 2024-12-19 00:00:00+00:00, run_after=2024-12-20 00:00:00+00:00
[2024-12-20T12:03:30.366-0800] {logging_mixin.py:190} INFO - [2024-12-20T12:03:30.365-0800] {dag.py:4180} INFO - Setting next_dagrun for example_branch_datetime_operator_2 to 2024-12-19 00:00:00+00:00, run_after=2024-12-20 00:00:00+00:00
[2024-12-20T12:03:30.369-0800] {logging_mixin.py:190} INFO - [2024-12-20T12:03:30.369-0800] {dag.py:4180} INFO - Setting next_dagrun for example_branch_datetime_operator_3 to 2024-12-19 00:00:00+00:00, run_after=2024-12-20 00:00:00+00:00
[2024-12-20T12:03:30.393-0800] {processor.py:208} INFO - Processing /Users/rishukhurana/anaconda3/lib/python3.11/site-packages/airflow/example_dags/example_branch_datetime_operator.py took 0.293 seconds
