[2024-12-19T18:46:22.866-0800] {processor.py:186} INFO - Started process (PID=68362) to work on /Users/rishukhurana/anaconda3/lib/python3.11/site-packages/airflow/example_dags/example_bash_decorator.py
[2024-12-19T18:46:22.868-0800] {processor.py:914} INFO - Processing file /Users/rishukhurana/anaconda3/lib/python3.11/site-packages/airflow/example_dags/example_bash_decorator.py for tasks to queue
[2024-12-19T18:46:22.870-0800] {logging_mixin.py:190} INFO - [2024-12-19T18:46:22.869-0800] {dagbag.py:588} INFO - Filling up the DagBag from /Users/rishukhurana/anaconda3/lib/python3.11/site-packages/airflow/example_dags/example_bash_decorator.py
[2024-12-19T18:46:22.930-0800] {processor.py:925} INFO - DAG(s) 'example_bash_decorator' retrieved from /Users/rishukhurana/anaconda3/lib/python3.11/site-packages/airflow/example_dags/example_bash_decorator.py
[2024-12-19T18:46:23.106-0800] {logging_mixin.py:190} INFO - [2024-12-19T18:46:23.105-0800] {dag.py:3239} INFO - Sync 1 DAGs
[2024-12-19T18:46:23.114-0800] {logging_mixin.py:190} INFO - [2024-12-19T18:46:23.114-0800] {dag.py:4180} INFO - Setting next_dagrun for example_bash_decorator to None, run_after=None
[2024-12-19T18:46:23.129-0800] {processor.py:208} INFO - Processing /Users/rishukhurana/anaconda3/lib/python3.11/site-packages/airflow/example_dags/example_bash_decorator.py took 0.269 seconds
[2024-12-20T01:53:50.941-0800] {processor.py:186} INFO - Started process (PID=68868) to work on /Users/rishukhurana/anaconda3/lib/python3.11/site-packages/airflow/example_dags/example_bash_decorator.py
[2024-12-20T01:53:50.945-0800] {processor.py:914} INFO - Processing file /Users/rishukhurana/anaconda3/lib/python3.11/site-packages/airflow/example_dags/example_bash_decorator.py for tasks to queue
[2024-12-20T01:53:50.947-0800] {logging_mixin.py:190} INFO - [2024-12-20T01:53:50.946-0800] {dagbag.py:588} INFO - Filling up the DagBag from /Users/rishukhurana/anaconda3/lib/python3.11/site-packages/airflow/example_dags/example_bash_decorator.py
[2024-12-20T01:53:51.014-0800] {processor.py:925} INFO - DAG(s) 'example_bash_decorator' retrieved from /Users/rishukhurana/anaconda3/lib/python3.11/site-packages/airflow/example_dags/example_bash_decorator.py
[2024-12-20T01:53:51.255-0800] {logging_mixin.py:190} INFO - [2024-12-20T01:53:51.255-0800] {dag.py:3239} INFO - Sync 1 DAGs
[2024-12-20T01:53:51.266-0800] {logging_mixin.py:190} INFO - [2024-12-20T01:53:51.265-0800] {dag.py:4180} INFO - Setting next_dagrun for example_bash_decorator to None, run_after=None
[2024-12-20T01:53:51.283-0800] {processor.py:208} INFO - Processing /Users/rishukhurana/anaconda3/lib/python3.11/site-packages/airflow/example_dags/example_bash_decorator.py took 0.347 seconds
[2024-12-20T09:13:16.478-0800] {processor.py:186} INFO - Started process (PID=69322) to work on /Users/rishukhurana/anaconda3/lib/python3.11/site-packages/airflow/example_dags/example_bash_decorator.py
[2024-12-20T09:13:16.489-0800] {processor.py:914} INFO - Processing file /Users/rishukhurana/anaconda3/lib/python3.11/site-packages/airflow/example_dags/example_bash_decorator.py for tasks to queue
[2024-12-20T09:13:16.498-0800] {logging_mixin.py:190} INFO - [2024-12-20T09:13:16.497-0800] {dagbag.py:588} INFO - Filling up the DagBag from /Users/rishukhurana/anaconda3/lib/python3.11/site-packages/airflow/example_dags/example_bash_decorator.py
[2024-12-20T09:13:16.855-0800] {processor.py:925} INFO - DAG(s) 'example_bash_decorator' retrieved from /Users/rishukhurana/anaconda3/lib/python3.11/site-packages/airflow/example_dags/example_bash_decorator.py
[2024-12-20T09:13:18.742-0800] {logging_mixin.py:190} INFO - [2024-12-20T09:13:18.739-0800] {dag.py:3239} INFO - Sync 1 DAGs
[2024-12-20T09:13:18.863-0800] {logging_mixin.py:190} INFO - [2024-12-20T09:13:18.861-0800] {dag.py:4180} INFO - Setting next_dagrun for example_bash_decorator to None, run_after=None
[2024-12-20T09:13:19.070-0800] {processor.py:208} INFO - Processing /Users/rishukhurana/anaconda3/lib/python3.11/site-packages/airflow/example_dags/example_bash_decorator.py took 2.643 seconds
[2024-12-20T10:12:19.948-0800] {processor.py:186} INFO - Started process (PID=69747) to work on /Users/rishukhurana/anaconda3/lib/python3.11/site-packages/airflow/example_dags/example_bash_decorator.py
[2024-12-20T10:12:19.950-0800] {processor.py:914} INFO - Processing file /Users/rishukhurana/anaconda3/lib/python3.11/site-packages/airflow/example_dags/example_bash_decorator.py for tasks to queue
[2024-12-20T10:12:19.952-0800] {logging_mixin.py:190} INFO - [2024-12-20T10:12:19.951-0800] {dagbag.py:588} INFO - Filling up the DagBag from /Users/rishukhurana/anaconda3/lib/python3.11/site-packages/airflow/example_dags/example_bash_decorator.py
[2024-12-20T10:12:20.007-0800] {processor.py:925} INFO - DAG(s) 'example_bash_decorator' retrieved from /Users/rishukhurana/anaconda3/lib/python3.11/site-packages/airflow/example_dags/example_bash_decorator.py
[2024-12-20T10:12:20.262-0800] {logging_mixin.py:190} INFO - [2024-12-20T10:12:20.262-0800] {dag.py:3239} INFO - Sync 1 DAGs
[2024-12-20T10:12:20.270-0800] {logging_mixin.py:190} INFO - [2024-12-20T10:12:20.270-0800] {dag.py:4180} INFO - Setting next_dagrun for example_bash_decorator to None, run_after=None
[2024-12-20T10:12:20.284-0800] {processor.py:208} INFO - Processing /Users/rishukhurana/anaconda3/lib/python3.11/site-packages/airflow/example_dags/example_bash_decorator.py took 0.341 seconds
[2024-12-20T10:18:43.041-0800] {processor.py:186} INFO - Started process (PID=70083) to work on /Users/rishukhurana/anaconda3/lib/python3.11/site-packages/airflow/example_dags/example_bash_decorator.py
[2024-12-20T10:18:43.044-0800] {processor.py:914} INFO - Processing file /Users/rishukhurana/anaconda3/lib/python3.11/site-packages/airflow/example_dags/example_bash_decorator.py for tasks to queue
[2024-12-20T10:18:43.045-0800] {logging_mixin.py:190} INFO - [2024-12-20T10:18:43.045-0800] {dagbag.py:588} INFO - Filling up the DagBag from /Users/rishukhurana/anaconda3/lib/python3.11/site-packages/airflow/example_dags/example_bash_decorator.py
[2024-12-20T10:18:43.084-0800] {processor.py:925} INFO - DAG(s) 'example_bash_decorator' retrieved from /Users/rishukhurana/anaconda3/lib/python3.11/site-packages/airflow/example_dags/example_bash_decorator.py
[2024-12-20T10:18:43.250-0800] {logging_mixin.py:190} INFO - [2024-12-20T10:18:43.250-0800] {dag.py:3239} INFO - Sync 1 DAGs
[2024-12-20T10:18:43.258-0800] {logging_mixin.py:190} INFO - [2024-12-20T10:18:43.258-0800] {dag.py:4180} INFO - Setting next_dagrun for example_bash_decorator to None, run_after=None
[2024-12-20T10:18:43.274-0800] {processor.py:208} INFO - Processing /Users/rishukhurana/anaconda3/lib/python3.11/site-packages/airflow/example_dags/example_bash_decorator.py took 0.239 seconds
[2024-12-20T10:24:38.472-0800] {processor.py:186} INFO - Started process (PID=70413) to work on /Users/rishukhurana/anaconda3/lib/python3.11/site-packages/airflow/example_dags/example_bash_decorator.py
[2024-12-20T10:24:38.474-0800] {processor.py:914} INFO - Processing file /Users/rishukhurana/anaconda3/lib/python3.11/site-packages/airflow/example_dags/example_bash_decorator.py for tasks to queue
[2024-12-20T10:24:38.476-0800] {logging_mixin.py:190} INFO - [2024-12-20T10:24:38.476-0800] {dagbag.py:588} INFO - Filling up the DagBag from /Users/rishukhurana/anaconda3/lib/python3.11/site-packages/airflow/example_dags/example_bash_decorator.py
[2024-12-20T10:24:38.513-0800] {processor.py:925} INFO - DAG(s) 'example_bash_decorator' retrieved from /Users/rishukhurana/anaconda3/lib/python3.11/site-packages/airflow/example_dags/example_bash_decorator.py
[2024-12-20T10:24:38.673-0800] {logging_mixin.py:190} INFO - [2024-12-20T10:24:38.673-0800] {dag.py:3239} INFO - Sync 1 DAGs
[2024-12-20T10:24:38.682-0800] {logging_mixin.py:190} INFO - [2024-12-20T10:24:38.681-0800] {dag.py:4180} INFO - Setting next_dagrun for example_bash_decorator to None, run_after=None
[2024-12-20T10:24:38.697-0800] {processor.py:208} INFO - Processing /Users/rishukhurana/anaconda3/lib/python3.11/site-packages/airflow/example_dags/example_bash_decorator.py took 0.230 seconds
[2024-12-20T10:30:47.490-0800] {processor.py:186} INFO - Started process (PID=70749) to work on /Users/rishukhurana/anaconda3/lib/python3.11/site-packages/airflow/example_dags/example_bash_decorator.py
[2024-12-20T10:30:47.493-0800] {processor.py:914} INFO - Processing file /Users/rishukhurana/anaconda3/lib/python3.11/site-packages/airflow/example_dags/example_bash_decorator.py for tasks to queue
[2024-12-20T10:30:47.495-0800] {logging_mixin.py:190} INFO - [2024-12-20T10:30:47.494-0800] {dagbag.py:588} INFO - Filling up the DagBag from /Users/rishukhurana/anaconda3/lib/python3.11/site-packages/airflow/example_dags/example_bash_decorator.py
[2024-12-20T10:30:47.563-0800] {processor.py:925} INFO - DAG(s) 'example_bash_decorator' retrieved from /Users/rishukhurana/anaconda3/lib/python3.11/site-packages/airflow/example_dags/example_bash_decorator.py
[2024-12-20T10:30:47.805-0800] {logging_mixin.py:190} INFO - [2024-12-20T10:30:47.804-0800] {dag.py:3239} INFO - Sync 1 DAGs
[2024-12-20T10:30:47.815-0800] {logging_mixin.py:190} INFO - [2024-12-20T10:30:47.814-0800] {dag.py:4180} INFO - Setting next_dagrun for example_bash_decorator to None, run_after=None
[2024-12-20T10:30:47.835-0800] {processor.py:208} INFO - Processing /Users/rishukhurana/anaconda3/lib/python3.11/site-packages/airflow/example_dags/example_bash_decorator.py took 0.352 seconds
[2024-12-20T10:37:09.854-0800] {processor.py:186} INFO - Started process (PID=71078) to work on /Users/rishukhurana/anaconda3/lib/python3.11/site-packages/airflow/example_dags/example_bash_decorator.py
[2024-12-20T10:37:09.856-0800] {processor.py:914} INFO - Processing file /Users/rishukhurana/anaconda3/lib/python3.11/site-packages/airflow/example_dags/example_bash_decorator.py for tasks to queue
[2024-12-20T10:37:09.858-0800] {logging_mixin.py:190} INFO - [2024-12-20T10:37:09.857-0800] {dagbag.py:588} INFO - Filling up the DagBag from /Users/rishukhurana/anaconda3/lib/python3.11/site-packages/airflow/example_dags/example_bash_decorator.py
[2024-12-20T10:37:09.908-0800] {processor.py:925} INFO - DAG(s) 'example_bash_decorator' retrieved from /Users/rishukhurana/anaconda3/lib/python3.11/site-packages/airflow/example_dags/example_bash_decorator.py
[2024-12-20T10:37:10.135-0800] {logging_mixin.py:190} INFO - [2024-12-20T10:37:10.135-0800] {dag.py:3239} INFO - Sync 1 DAGs
[2024-12-20T10:37:10.144-0800] {logging_mixin.py:190} INFO - [2024-12-20T10:37:10.143-0800] {dag.py:4180} INFO - Setting next_dagrun for example_bash_decorator to None, run_after=None
[2024-12-20T10:37:10.159-0800] {processor.py:208} INFO - Processing /Users/rishukhurana/anaconda3/lib/python3.11/site-packages/airflow/example_dags/example_bash_decorator.py took 0.314 seconds
[2024-12-20T10:43:32.339-0800] {processor.py:186} INFO - Started process (PID=71397) to work on /Users/rishukhurana/anaconda3/lib/python3.11/site-packages/airflow/example_dags/example_bash_decorator.py
[2024-12-20T10:43:32.342-0800] {processor.py:914} INFO - Processing file /Users/rishukhurana/anaconda3/lib/python3.11/site-packages/airflow/example_dags/example_bash_decorator.py for tasks to queue
[2024-12-20T10:43:32.344-0800] {logging_mixin.py:190} INFO - [2024-12-20T10:43:32.344-0800] {dagbag.py:588} INFO - Filling up the DagBag from /Users/rishukhurana/anaconda3/lib/python3.11/site-packages/airflow/example_dags/example_bash_decorator.py
[2024-12-20T10:43:32.402-0800] {processor.py:925} INFO - DAG(s) 'example_bash_decorator' retrieved from /Users/rishukhurana/anaconda3/lib/python3.11/site-packages/airflow/example_dags/example_bash_decorator.py
[2024-12-20T10:43:32.623-0800] {logging_mixin.py:190} INFO - [2024-12-20T10:43:32.623-0800] {dag.py:3239} INFO - Sync 1 DAGs
[2024-12-20T10:43:32.632-0800] {logging_mixin.py:190} INFO - [2024-12-20T10:43:32.632-0800] {dag.py:4180} INFO - Setting next_dagrun for example_bash_decorator to None, run_after=None
[2024-12-20T10:43:32.650-0800] {processor.py:208} INFO - Processing /Users/rishukhurana/anaconda3/lib/python3.11/site-packages/airflow/example_dags/example_bash_decorator.py took 0.315 seconds
[2024-12-20T10:50:03.772-0800] {processor.py:186} INFO - Started process (PID=71704) to work on /Users/rishukhurana/anaconda3/lib/python3.11/site-packages/airflow/example_dags/example_bash_decorator.py
[2024-12-20T10:50:03.774-0800] {processor.py:914} INFO - Processing file /Users/rishukhurana/anaconda3/lib/python3.11/site-packages/airflow/example_dags/example_bash_decorator.py for tasks to queue
[2024-12-20T10:50:03.776-0800] {logging_mixin.py:190} INFO - [2024-12-20T10:50:03.775-0800] {dagbag.py:588} INFO - Filling up the DagBag from /Users/rishukhurana/anaconda3/lib/python3.11/site-packages/airflow/example_dags/example_bash_decorator.py
[2024-12-20T10:50:03.817-0800] {processor.py:925} INFO - DAG(s) 'example_bash_decorator' retrieved from /Users/rishukhurana/anaconda3/lib/python3.11/site-packages/airflow/example_dags/example_bash_decorator.py
[2024-12-20T10:50:04.038-0800] {logging_mixin.py:190} INFO - [2024-12-20T10:50:04.038-0800] {dag.py:3239} INFO - Sync 1 DAGs
[2024-12-20T10:50:04.047-0800] {logging_mixin.py:190} INFO - [2024-12-20T10:50:04.047-0800] {dag.py:4180} INFO - Setting next_dagrun for example_bash_decorator to None, run_after=None
[2024-12-20T10:50:04.063-0800] {processor.py:208} INFO - Processing /Users/rishukhurana/anaconda3/lib/python3.11/site-packages/airflow/example_dags/example_bash_decorator.py took 0.298 seconds
[2024-12-20T10:56:39.475-0800] {processor.py:186} INFO - Started process (PID=72001) to work on /Users/rishukhurana/anaconda3/lib/python3.11/site-packages/airflow/example_dags/example_bash_decorator.py
[2024-12-20T10:56:39.477-0800] {processor.py:914} INFO - Processing file /Users/rishukhurana/anaconda3/lib/python3.11/site-packages/airflow/example_dags/example_bash_decorator.py for tasks to queue
[2024-12-20T10:56:39.479-0800] {logging_mixin.py:190} INFO - [2024-12-20T10:56:39.478-0800] {dagbag.py:588} INFO - Filling up the DagBag from /Users/rishukhurana/anaconda3/lib/python3.11/site-packages/airflow/example_dags/example_bash_decorator.py
[2024-12-20T10:56:39.522-0800] {processor.py:925} INFO - DAG(s) 'example_bash_decorator' retrieved from /Users/rishukhurana/anaconda3/lib/python3.11/site-packages/airflow/example_dags/example_bash_decorator.py
[2024-12-20T10:56:39.746-0800] {logging_mixin.py:190} INFO - [2024-12-20T10:56:39.746-0800] {dag.py:3239} INFO - Sync 1 DAGs
[2024-12-20T10:56:39.755-0800] {logging_mixin.py:190} INFO - [2024-12-20T10:56:39.754-0800] {dag.py:4180} INFO - Setting next_dagrun for example_bash_decorator to None, run_after=None
[2024-12-20T10:56:39.771-0800] {processor.py:208} INFO - Processing /Users/rishukhurana/anaconda3/lib/python3.11/site-packages/airflow/example_dags/example_bash_decorator.py took 0.304 seconds
[2024-12-20T11:02:58.261-0800] {processor.py:186} INFO - Started process (PID=72296) to work on /Users/rishukhurana/anaconda3/lib/python3.11/site-packages/airflow/example_dags/example_bash_decorator.py
[2024-12-20T11:02:58.263-0800] {processor.py:914} INFO - Processing file /Users/rishukhurana/anaconda3/lib/python3.11/site-packages/airflow/example_dags/example_bash_decorator.py for tasks to queue
[2024-12-20T11:02:58.264-0800] {logging_mixin.py:190} INFO - [2024-12-20T11:02:58.263-0800] {dagbag.py:588} INFO - Filling up the DagBag from /Users/rishukhurana/anaconda3/lib/python3.11/site-packages/airflow/example_dags/example_bash_decorator.py
[2024-12-20T11:02:58.319-0800] {processor.py:925} INFO - DAG(s) 'example_bash_decorator' retrieved from /Users/rishukhurana/anaconda3/lib/python3.11/site-packages/airflow/example_dags/example_bash_decorator.py
[2024-12-20T11:02:58.540-0800] {logging_mixin.py:190} INFO - [2024-12-20T11:02:58.539-0800] {dag.py:3239} INFO - Sync 1 DAGs
[2024-12-20T11:02:58.549-0800] {logging_mixin.py:190} INFO - [2024-12-20T11:02:58.549-0800] {dag.py:4180} INFO - Setting next_dagrun for example_bash_decorator to None, run_after=None
[2024-12-20T11:02:58.564-0800] {processor.py:208} INFO - Processing /Users/rishukhurana/anaconda3/lib/python3.11/site-packages/airflow/example_dags/example_bash_decorator.py took 0.308 seconds
[2024-12-20T11:09:27.596-0800] {processor.py:186} INFO - Started process (PID=72609) to work on /Users/rishukhurana/anaconda3/lib/python3.11/site-packages/airflow/example_dags/example_bash_decorator.py
[2024-12-20T11:09:27.599-0800] {processor.py:914} INFO - Processing file /Users/rishukhurana/anaconda3/lib/python3.11/site-packages/airflow/example_dags/example_bash_decorator.py for tasks to queue
[2024-12-20T11:09:27.601-0800] {logging_mixin.py:190} INFO - [2024-12-20T11:09:27.600-0800] {dagbag.py:588} INFO - Filling up the DagBag from /Users/rishukhurana/anaconda3/lib/python3.11/site-packages/airflow/example_dags/example_bash_decorator.py
[2024-12-20T11:09:27.645-0800] {processor.py:925} INFO - DAG(s) 'example_bash_decorator' retrieved from /Users/rishukhurana/anaconda3/lib/python3.11/site-packages/airflow/example_dags/example_bash_decorator.py
[2024-12-20T11:09:27.864-0800] {logging_mixin.py:190} INFO - [2024-12-20T11:09:27.863-0800] {dag.py:3239} INFO - Sync 1 DAGs
[2024-12-20T11:09:27.874-0800] {logging_mixin.py:190} INFO - [2024-12-20T11:09:27.874-0800] {dag.py:4180} INFO - Setting next_dagrun for example_bash_decorator to None, run_after=None
[2024-12-20T11:09:27.889-0800] {processor.py:208} INFO - Processing /Users/rishukhurana/anaconda3/lib/python3.11/site-packages/airflow/example_dags/example_bash_decorator.py took 0.302 seconds
[2024-12-20T11:15:56.544-0800] {processor.py:186} INFO - Started process (PID=72938) to work on /Users/rishukhurana/anaconda3/lib/python3.11/site-packages/airflow/example_dags/example_bash_decorator.py
[2024-12-20T11:15:56.547-0800] {processor.py:914} INFO - Processing file /Users/rishukhurana/anaconda3/lib/python3.11/site-packages/airflow/example_dags/example_bash_decorator.py for tasks to queue
[2024-12-20T11:15:56.549-0800] {logging_mixin.py:190} INFO - [2024-12-20T11:15:56.548-0800] {dagbag.py:588} INFO - Filling up the DagBag from /Users/rishukhurana/anaconda3/lib/python3.11/site-packages/airflow/example_dags/example_bash_decorator.py
[2024-12-20T11:15:56.623-0800] {processor.py:925} INFO - DAG(s) 'example_bash_decorator' retrieved from /Users/rishukhurana/anaconda3/lib/python3.11/site-packages/airflow/example_dags/example_bash_decorator.py
[2024-12-20T11:15:56.896-0800] {logging_mixin.py:190} INFO - [2024-12-20T11:15:56.895-0800] {dag.py:3239} INFO - Sync 1 DAGs
[2024-12-20T11:15:56.904-0800] {logging_mixin.py:190} INFO - [2024-12-20T11:15:56.903-0800] {dag.py:4180} INFO - Setting next_dagrun for example_bash_decorator to None, run_after=None
[2024-12-20T11:15:56.924-0800] {processor.py:208} INFO - Processing /Users/rishukhurana/anaconda3/lib/python3.11/site-packages/airflow/example_dags/example_bash_decorator.py took 0.386 seconds
[2024-12-20T11:22:03.013-0800] {processor.py:186} INFO - Started process (PID=73247) to work on /Users/rishukhurana/anaconda3/lib/python3.11/site-packages/airflow/example_dags/example_bash_decorator.py
[2024-12-20T11:22:03.016-0800] {processor.py:914} INFO - Processing file /Users/rishukhurana/anaconda3/lib/python3.11/site-packages/airflow/example_dags/example_bash_decorator.py for tasks to queue
[2024-12-20T11:22:03.018-0800] {logging_mixin.py:190} INFO - [2024-12-20T11:22:03.017-0800] {dagbag.py:588} INFO - Filling up the DagBag from /Users/rishukhurana/anaconda3/lib/python3.11/site-packages/airflow/example_dags/example_bash_decorator.py
[2024-12-20T11:22:03.079-0800] {processor.py:925} INFO - DAG(s) 'example_bash_decorator' retrieved from /Users/rishukhurana/anaconda3/lib/python3.11/site-packages/airflow/example_dags/example_bash_decorator.py
[2024-12-20T11:22:03.357-0800] {logging_mixin.py:190} INFO - [2024-12-20T11:22:03.357-0800] {dag.py:3239} INFO - Sync 1 DAGs
[2024-12-20T11:22:03.366-0800] {logging_mixin.py:190} INFO - [2024-12-20T11:22:03.366-0800] {dag.py:4180} INFO - Setting next_dagrun for example_bash_decorator to None, run_after=None
[2024-12-20T11:22:03.382-0800] {processor.py:208} INFO - Processing /Users/rishukhurana/anaconda3/lib/python3.11/site-packages/airflow/example_dags/example_bash_decorator.py took 0.375 seconds
[2024-12-20T11:28:09.582-0800] {processor.py:186} INFO - Started process (PID=73571) to work on /Users/rishukhurana/anaconda3/lib/python3.11/site-packages/airflow/example_dags/example_bash_decorator.py
[2024-12-20T11:28:09.584-0800] {processor.py:914} INFO - Processing file /Users/rishukhurana/anaconda3/lib/python3.11/site-packages/airflow/example_dags/example_bash_decorator.py for tasks to queue
[2024-12-20T11:28:09.585-0800] {logging_mixin.py:190} INFO - [2024-12-20T11:28:09.585-0800] {dagbag.py:588} INFO - Filling up the DagBag from /Users/rishukhurana/anaconda3/lib/python3.11/site-packages/airflow/example_dags/example_bash_decorator.py
[2024-12-20T11:28:09.627-0800] {processor.py:925} INFO - DAG(s) 'example_bash_decorator' retrieved from /Users/rishukhurana/anaconda3/lib/python3.11/site-packages/airflow/example_dags/example_bash_decorator.py
[2024-12-20T11:28:09.881-0800] {logging_mixin.py:190} INFO - [2024-12-20T11:28:09.881-0800] {dag.py:3239} INFO - Sync 1 DAGs
[2024-12-20T11:28:09.889-0800] {logging_mixin.py:190} INFO - [2024-12-20T11:28:09.889-0800] {dag.py:4180} INFO - Setting next_dagrun for example_bash_decorator to None, run_after=None
[2024-12-20T11:28:09.904-0800] {processor.py:208} INFO - Processing /Users/rishukhurana/anaconda3/lib/python3.11/site-packages/airflow/example_dags/example_bash_decorator.py took 0.327 seconds
[2024-12-20T11:34:11.206-0800] {processor.py:186} INFO - Started process (PID=73875) to work on /Users/rishukhurana/anaconda3/lib/python3.11/site-packages/airflow/example_dags/example_bash_decorator.py
[2024-12-20T11:34:11.208-0800] {processor.py:914} INFO - Processing file /Users/rishukhurana/anaconda3/lib/python3.11/site-packages/airflow/example_dags/example_bash_decorator.py for tasks to queue
[2024-12-20T11:34:11.210-0800] {logging_mixin.py:190} INFO - [2024-12-20T11:34:11.210-0800] {dagbag.py:588} INFO - Filling up the DagBag from /Users/rishukhurana/anaconda3/lib/python3.11/site-packages/airflow/example_dags/example_bash_decorator.py
[2024-12-20T11:34:11.249-0800] {processor.py:925} INFO - DAG(s) 'example_bash_decorator' retrieved from /Users/rishukhurana/anaconda3/lib/python3.11/site-packages/airflow/example_dags/example_bash_decorator.py
[2024-12-20T11:34:11.498-0800] {logging_mixin.py:190} INFO - [2024-12-20T11:34:11.497-0800] {dag.py:3239} INFO - Sync 1 DAGs
[2024-12-20T11:34:11.505-0800] {logging_mixin.py:190} INFO - [2024-12-20T11:34:11.505-0800] {dag.py:4180} INFO - Setting next_dagrun for example_bash_decorator to None, run_after=None
[2024-12-20T11:34:11.520-0800] {processor.py:208} INFO - Processing /Users/rishukhurana/anaconda3/lib/python3.11/site-packages/airflow/example_dags/example_bash_decorator.py took 0.320 seconds
[2024-12-20T11:55:45.885-0800] {processor.py:186} INFO - Started process (PID=74184) to work on /Users/rishukhurana/anaconda3/lib/python3.11/site-packages/airflow/example_dags/example_bash_decorator.py
[2024-12-20T11:55:45.887-0800] {processor.py:914} INFO - Processing file /Users/rishukhurana/anaconda3/lib/python3.11/site-packages/airflow/example_dags/example_bash_decorator.py for tasks to queue
[2024-12-20T11:55:45.889-0800] {logging_mixin.py:190} INFO - [2024-12-20T11:55:45.889-0800] {dagbag.py:588} INFO - Filling up the DagBag from /Users/rishukhurana/anaconda3/lib/python3.11/site-packages/airflow/example_dags/example_bash_decorator.py
[2024-12-20T11:55:45.955-0800] {processor.py:925} INFO - DAG(s) 'example_bash_decorator' retrieved from /Users/rishukhurana/anaconda3/lib/python3.11/site-packages/airflow/example_dags/example_bash_decorator.py
[2024-12-20T11:55:46.218-0800] {logging_mixin.py:190} INFO - [2024-12-20T11:55:46.218-0800] {dag.py:3239} INFO - Sync 1 DAGs
[2024-12-20T11:55:46.227-0800] {logging_mixin.py:190} INFO - [2024-12-20T11:55:46.227-0800] {dag.py:4180} INFO - Setting next_dagrun for example_bash_decorator to None, run_after=None
[2024-12-20T11:55:46.244-0800] {processor.py:208} INFO - Processing /Users/rishukhurana/anaconda3/lib/python3.11/site-packages/airflow/example_dags/example_bash_decorator.py took 0.366 seconds
[2024-12-20T12:03:35.153-0800] {processor.py:186} INFO - Started process (PID=74531) to work on /Users/rishukhurana/anaconda3/lib/python3.11/site-packages/airflow/example_dags/example_bash_decorator.py
[2024-12-20T12:03:35.157-0800] {processor.py:914} INFO - Processing file /Users/rishukhurana/anaconda3/lib/python3.11/site-packages/airflow/example_dags/example_bash_decorator.py for tasks to queue
[2024-12-20T12:03:35.160-0800] {logging_mixin.py:190} INFO - [2024-12-20T12:03:35.160-0800] {dagbag.py:588} INFO - Filling up the DagBag from /Users/rishukhurana/anaconda3/lib/python3.11/site-packages/airflow/example_dags/example_bash_decorator.py
[2024-12-20T12:03:35.255-0800] {processor.py:925} INFO - DAG(s) 'example_bash_decorator' retrieved from /Users/rishukhurana/anaconda3/lib/python3.11/site-packages/airflow/example_dags/example_bash_decorator.py
[2024-12-20T12:03:35.695-0800] {logging_mixin.py:190} INFO - [2024-12-20T12:03:35.695-0800] {dag.py:3239} INFO - Sync 1 DAGs
[2024-12-20T12:03:35.712-0800] {logging_mixin.py:190} INFO - [2024-12-20T12:03:35.711-0800] {dag.py:4180} INFO - Setting next_dagrun for example_bash_decorator to None, run_after=None
[2024-12-20T12:03:35.742-0800] {processor.py:208} INFO - Processing /Users/rishukhurana/anaconda3/lib/python3.11/site-packages/airflow/example_dags/example_bash_decorator.py took 0.606 seconds
