[2024-12-19T16:44:58.211-0800] {processor.py:186} INFO - Started process (PID=68167) to work on /Users/rishukhurana/anaconda3/lib/python3.11/site-packages/airflow/example_dags/example_task_group.py
[2024-12-19T16:44:58.219-0800] {processor.py:914} INFO - Processing file /Users/rishukhurana/anaconda3/lib/python3.11/site-packages/airflow/example_dags/example_task_group.py for tasks to queue
[2024-12-19T16:44:58.226-0800] {logging_mixin.py:190} INFO - [2024-12-19T16:44:58.225-0800] {dagbag.py:588} INFO - Filling up the DagBag from /Users/rishukhurana/anaconda3/lib/python3.11/site-packages/airflow/example_dags/example_task_group.py
[2024-12-19T16:44:58.295-0800] {processor.py:925} INFO - DAG(s) 'example_task_group' retrieved from /Users/rishukhurana/anaconda3/lib/python3.11/site-packages/airflow/example_dags/example_task_group.py
[2024-12-19T16:44:59.346-0800] {logging_mixin.py:190} INFO - [2024-12-19T16:44:59.344-0800] {dag.py:3239} INFO - Sync 1 DAGs
[2024-12-19T16:44:59.431-0800] {logging_mixin.py:190} INFO - [2024-12-19T16:44:59.430-0800] {dag.py:4180} INFO - Setting next_dagrun for example_task_group to None, run_after=None
[2024-12-19T16:44:59.554-0800] {processor.py:208} INFO - Processing /Users/rishukhurana/anaconda3/lib/python3.11/site-packages/airflow/example_dags/example_task_group.py took 1.398 seconds
[2024-12-19T20:04:14.762-0800] {processor.py:186} INFO - Started process (PID=68506) to work on /Users/rishukhurana/anaconda3/lib/python3.11/site-packages/airflow/example_dags/example_task_group.py
[2024-12-19T20:04:14.780-0800] {processor.py:914} INFO - Processing file /Users/rishukhurana/anaconda3/lib/python3.11/site-packages/airflow/example_dags/example_task_group.py for tasks to queue
[2024-12-19T20:04:14.789-0800] {logging_mixin.py:190} INFO - [2024-12-19T20:04:14.787-0800] {dagbag.py:588} INFO - Filling up the DagBag from /Users/rishukhurana/anaconda3/lib/python3.11/site-packages/airflow/example_dags/example_task_group.py
[2024-12-19T20:04:14.884-0800] {processor.py:925} INFO - DAG(s) 'example_task_group' retrieved from /Users/rishukhurana/anaconda3/lib/python3.11/site-packages/airflow/example_dags/example_task_group.py
[2024-12-19T20:04:15.685-0800] {logging_mixin.py:190} INFO - [2024-12-19T20:04:15.683-0800] {dag.py:3239} INFO - Sync 1 DAGs
[2024-12-19T20:04:15.777-0800] {logging_mixin.py:190} INFO - [2024-12-19T20:04:15.775-0800] {dag.py:4180} INFO - Setting next_dagrun for example_task_group to None, run_after=None
[2024-12-19T20:04:15.922-0800] {processor.py:208} INFO - Processing /Users/rishukhurana/anaconda3/lib/python3.11/site-packages/airflow/example_dags/example_task_group.py took 1.217 seconds
[2024-12-19T22:52:11.516-0800] {processor.py:186} INFO - Started process (PID=68751) to work on /Users/rishukhurana/anaconda3/lib/python3.11/site-packages/airflow/example_dags/example_task_group.py
[2024-12-19T22:52:11.519-0800] {processor.py:914} INFO - Processing file /Users/rishukhurana/anaconda3/lib/python3.11/site-packages/airflow/example_dags/example_task_group.py for tasks to queue
[2024-12-19T22:52:11.520-0800] {logging_mixin.py:190} INFO - [2024-12-19T22:52:11.520-0800] {dagbag.py:588} INFO - Filling up the DagBag from /Users/rishukhurana/anaconda3/lib/python3.11/site-packages/airflow/example_dags/example_task_group.py
[2024-12-19T22:52:11.529-0800] {processor.py:925} INFO - DAG(s) 'example_task_group' retrieved from /Users/rishukhurana/anaconda3/lib/python3.11/site-packages/airflow/example_dags/example_task_group.py
[2024-12-19T22:52:11.621-0800] {logging_mixin.py:190} INFO - [2024-12-19T22:52:11.621-0800] {dag.py:3239} INFO - Sync 1 DAGs
[2024-12-19T22:52:11.631-0800] {logging_mixin.py:190} INFO - [2024-12-19T22:52:11.631-0800] {dag.py:4180} INFO - Setting next_dagrun for example_task_group to None, run_after=None
[2024-12-19T22:52:11.652-0800] {processor.py:208} INFO - Processing /Users/rishukhurana/anaconda3/lib/python3.11/site-packages/airflow/example_dags/example_task_group.py took 0.143 seconds
[2024-12-20T03:56:04.968-0800] {processor.py:186} INFO - Started process (PID=68956) to work on /Users/rishukhurana/anaconda3/lib/python3.11/site-packages/airflow/example_dags/example_task_group.py
[2024-12-20T03:56:04.970-0800] {processor.py:914} INFO - Processing file /Users/rishukhurana/anaconda3/lib/python3.11/site-packages/airflow/example_dags/example_task_group.py for tasks to queue
[2024-12-20T03:56:04.971-0800] {logging_mixin.py:190} INFO - [2024-12-20T03:56:04.971-0800] {dagbag.py:588} INFO - Filling up the DagBag from /Users/rishukhurana/anaconda3/lib/python3.11/site-packages/airflow/example_dags/example_task_group.py
[2024-12-20T03:56:04.980-0800] {processor.py:925} INFO - DAG(s) 'example_task_group' retrieved from /Users/rishukhurana/anaconda3/lib/python3.11/site-packages/airflow/example_dags/example_task_group.py
[2024-12-20T03:56:05.067-0800] {logging_mixin.py:190} INFO - [2024-12-20T03:56:05.067-0800] {dag.py:3239} INFO - Sync 1 DAGs
[2024-12-20T03:56:05.076-0800] {logging_mixin.py:190} INFO - [2024-12-20T03:56:05.076-0800] {dag.py:4180} INFO - Setting next_dagrun for example_task_group to None, run_after=None
[2024-12-20T03:56:05.090-0800] {processor.py:208} INFO - Processing /Users/rishukhurana/anaconda3/lib/python3.11/site-packages/airflow/example_dags/example_task_group.py took 0.127 seconds
[2024-12-20T08:34:40.731-0800] {processor.py:186} INFO - Started process (PID=69206) to work on /Users/rishukhurana/anaconda3/lib/python3.11/site-packages/airflow/example_dags/example_task_group.py
[2024-12-20T08:34:40.733-0800] {processor.py:914} INFO - Processing file /Users/rishukhurana/anaconda3/lib/python3.11/site-packages/airflow/example_dags/example_task_group.py for tasks to queue
[2024-12-20T08:34:40.734-0800] {logging_mixin.py:190} INFO - [2024-12-20T08:34:40.734-0800] {dagbag.py:588} INFO - Filling up the DagBag from /Users/rishukhurana/anaconda3/lib/python3.11/site-packages/airflow/example_dags/example_task_group.py
[2024-12-20T08:34:40.743-0800] {processor.py:925} INFO - DAG(s) 'example_task_group' retrieved from /Users/rishukhurana/anaconda3/lib/python3.11/site-packages/airflow/example_dags/example_task_group.py
[2024-12-20T08:34:40.827-0800] {logging_mixin.py:190} INFO - [2024-12-20T08:34:40.827-0800] {dag.py:3239} INFO - Sync 1 DAGs
[2024-12-20T08:34:40.837-0800] {logging_mixin.py:190} INFO - [2024-12-20T08:34:40.837-0800] {dag.py:4180} INFO - Setting next_dagrun for example_task_group to None, run_after=None
[2024-12-20T08:34:40.853-0800] {processor.py:208} INFO - Processing /Users/rishukhurana/anaconda3/lib/python3.11/site-packages/airflow/example_dags/example_task_group.py took 0.129 seconds
[2024-12-20T09:20:47.165-0800] {processor.py:186} INFO - Started process (PID=69409) to work on /Users/rishukhurana/anaconda3/lib/python3.11/site-packages/airflow/example_dags/example_task_group.py
[2024-12-20T09:20:47.167-0800] {processor.py:914} INFO - Processing file /Users/rishukhurana/anaconda3/lib/python3.11/site-packages/airflow/example_dags/example_task_group.py for tasks to queue
[2024-12-20T09:20:47.169-0800] {logging_mixin.py:190} INFO - [2024-12-20T09:20:47.168-0800] {dagbag.py:588} INFO - Filling up the DagBag from /Users/rishukhurana/anaconda3/lib/python3.11/site-packages/airflow/example_dags/example_task_group.py
[2024-12-20T09:20:47.176-0800] {processor.py:925} INFO - DAG(s) 'example_task_group' retrieved from /Users/rishukhurana/anaconda3/lib/python3.11/site-packages/airflow/example_dags/example_task_group.py
[2024-12-20T09:20:47.257-0800] {logging_mixin.py:190} INFO - [2024-12-20T09:20:47.257-0800] {dag.py:3239} INFO - Sync 1 DAGs
[2024-12-20T09:20:47.269-0800] {logging_mixin.py:190} INFO - [2024-12-20T09:20:47.267-0800] {dag.py:4180} INFO - Setting next_dagrun for example_task_group to None, run_after=None
[2024-12-20T09:20:47.301-0800] {processor.py:208} INFO - Processing /Users/rishukhurana/anaconda3/lib/python3.11/site-packages/airflow/example_dags/example_task_group.py took 0.144 seconds
[2024-12-20T10:10:07.089-0800] {processor.py:186} INFO - Started process (PID=69632) to work on /Users/rishukhurana/anaconda3/lib/python3.11/site-packages/airflow/example_dags/example_task_group.py
[2024-12-20T10:10:07.091-0800] {processor.py:914} INFO - Processing file /Users/rishukhurana/anaconda3/lib/python3.11/site-packages/airflow/example_dags/example_task_group.py for tasks to queue
[2024-12-20T10:10:07.092-0800] {logging_mixin.py:190} INFO - [2024-12-20T10:10:07.092-0800] {dagbag.py:588} INFO - Filling up the DagBag from /Users/rishukhurana/anaconda3/lib/python3.11/site-packages/airflow/example_dags/example_task_group.py
[2024-12-20T10:10:07.103-0800] {processor.py:925} INFO - DAG(s) 'example_task_group' retrieved from /Users/rishukhurana/anaconda3/lib/python3.11/site-packages/airflow/example_dags/example_task_group.py
[2024-12-20T10:10:07.195-0800] {logging_mixin.py:190} INFO - [2024-12-20T10:10:07.195-0800] {dag.py:3239} INFO - Sync 1 DAGs
[2024-12-20T10:10:07.206-0800] {logging_mixin.py:190} INFO - [2024-12-20T10:10:07.206-0800] {dag.py:4180} INFO - Setting next_dagrun for example_task_group to None, run_after=None
[2024-12-20T10:10:07.224-0800] {processor.py:208} INFO - Processing /Users/rishukhurana/anaconda3/lib/python3.11/site-packages/airflow/example_dags/example_task_group.py took 0.142 seconds
[2024-12-20T10:13:49.437-0800] {processor.py:186} INFO - Started process (PID=69815) to work on /Users/rishukhurana/anaconda3/lib/python3.11/site-packages/airflow/example_dags/example_task_group.py
[2024-12-20T10:13:49.439-0800] {processor.py:914} INFO - Processing file /Users/rishukhurana/anaconda3/lib/python3.11/site-packages/airflow/example_dags/example_task_group.py for tasks to queue
[2024-12-20T10:13:49.441-0800] {logging_mixin.py:190} INFO - [2024-12-20T10:13:49.440-0800] {dagbag.py:588} INFO - Filling up the DagBag from /Users/rishukhurana/anaconda3/lib/python3.11/site-packages/airflow/example_dags/example_task_group.py
[2024-12-20T10:13:49.451-0800] {processor.py:925} INFO - DAG(s) 'example_task_group' retrieved from /Users/rishukhurana/anaconda3/lib/python3.11/site-packages/airflow/example_dags/example_task_group.py
[2024-12-20T10:13:49.545-0800] {logging_mixin.py:190} INFO - [2024-12-20T10:13:49.544-0800] {dag.py:3239} INFO - Sync 1 DAGs
[2024-12-20T10:13:49.554-0800] {logging_mixin.py:190} INFO - [2024-12-20T10:13:49.554-0800] {dag.py:4180} INFO - Setting next_dagrun for example_task_group to None, run_after=None
[2024-12-20T10:13:49.571-0800] {processor.py:208} INFO - Processing /Users/rishukhurana/anaconda3/lib/python3.11/site-packages/airflow/example_dags/example_task_group.py took 0.145 seconds
[2024-12-20T10:16:59.483-0800] {processor.py:186} INFO - Started process (PID=69981) to work on /Users/rishukhurana/anaconda3/lib/python3.11/site-packages/airflow/example_dags/example_task_group.py
[2024-12-20T10:16:59.485-0800] {processor.py:914} INFO - Processing file /Users/rishukhurana/anaconda3/lib/python3.11/site-packages/airflow/example_dags/example_task_group.py for tasks to queue
[2024-12-20T10:16:59.487-0800] {logging_mixin.py:190} INFO - [2024-12-20T10:16:59.486-0800] {dagbag.py:588} INFO - Filling up the DagBag from /Users/rishukhurana/anaconda3/lib/python3.11/site-packages/airflow/example_dags/example_task_group.py
[2024-12-20T10:16:59.495-0800] {processor.py:925} INFO - DAG(s) 'example_task_group' retrieved from /Users/rishukhurana/anaconda3/lib/python3.11/site-packages/airflow/example_dags/example_task_group.py
[2024-12-20T10:16:59.582-0800] {logging_mixin.py:190} INFO - [2024-12-20T10:16:59.582-0800] {dag.py:3239} INFO - Sync 1 DAGs
[2024-12-20T10:16:59.592-0800] {logging_mixin.py:190} INFO - [2024-12-20T10:16:59.592-0800] {dag.py:4180} INFO - Setting next_dagrun for example_task_group to None, run_after=None
[2024-12-20T10:16:59.613-0800] {processor.py:208} INFO - Processing /Users/rishukhurana/anaconda3/lib/python3.11/site-packages/airflow/example_dags/example_task_group.py took 0.138 seconds
[2024-12-20T10:20:03.428-0800] {processor.py:186} INFO - Started process (PID=70165) to work on /Users/rishukhurana/anaconda3/lib/python3.11/site-packages/airflow/example_dags/example_task_group.py
[2024-12-20T10:20:03.429-0800] {processor.py:914} INFO - Processing file /Users/rishukhurana/anaconda3/lib/python3.11/site-packages/airflow/example_dags/example_task_group.py for tasks to queue
[2024-12-20T10:20:03.432-0800] {logging_mixin.py:190} INFO - [2024-12-20T10:20:03.431-0800] {dagbag.py:588} INFO - Filling up the DagBag from /Users/rishukhurana/anaconda3/lib/python3.11/site-packages/airflow/example_dags/example_task_group.py
[2024-12-20T10:20:03.440-0800] {processor.py:925} INFO - DAG(s) 'example_task_group' retrieved from /Users/rishukhurana/anaconda3/lib/python3.11/site-packages/airflow/example_dags/example_task_group.py
[2024-12-20T10:20:03.526-0800] {logging_mixin.py:190} INFO - [2024-12-20T10:20:03.526-0800] {dag.py:3239} INFO - Sync 1 DAGs
[2024-12-20T10:20:03.537-0800] {logging_mixin.py:190} INFO - [2024-12-20T10:20:03.536-0800] {dag.py:4180} INFO - Setting next_dagrun for example_task_group to None, run_after=None
[2024-12-20T10:20:03.552-0800] {processor.py:208} INFO - Processing /Users/rishukhurana/anaconda3/lib/python3.11/site-packages/airflow/example_dags/example_task_group.py took 0.132 seconds
[2024-12-20T10:23:03.429-0800] {processor.py:186} INFO - Started process (PID=70330) to work on /Users/rishukhurana/anaconda3/lib/python3.11/site-packages/airflow/example_dags/example_task_group.py
[2024-12-20T10:23:03.433-0800] {processor.py:914} INFO - Processing file /Users/rishukhurana/anaconda3/lib/python3.11/site-packages/airflow/example_dags/example_task_group.py for tasks to queue
[2024-12-20T10:23:03.434-0800] {logging_mixin.py:190} INFO - [2024-12-20T10:23:03.433-0800] {dagbag.py:588} INFO - Filling up the DagBag from /Users/rishukhurana/anaconda3/lib/python3.11/site-packages/airflow/example_dags/example_task_group.py
[2024-12-20T10:23:03.442-0800] {processor.py:925} INFO - DAG(s) 'example_task_group' retrieved from /Users/rishukhurana/anaconda3/lib/python3.11/site-packages/airflow/example_dags/example_task_group.py
[2024-12-20T10:23:03.533-0800] {logging_mixin.py:190} INFO - [2024-12-20T10:23:03.533-0800] {dag.py:3239} INFO - Sync 1 DAGs
[2024-12-20T10:23:03.543-0800] {logging_mixin.py:190} INFO - [2024-12-20T10:23:03.543-0800] {dag.py:4180} INFO - Setting next_dagrun for example_task_group to None, run_after=None
[2024-12-20T10:23:03.562-0800] {processor.py:208} INFO - Processing /Users/rishukhurana/anaconda3/lib/python3.11/site-packages/airflow/example_dags/example_task_group.py took 0.137 seconds
[2024-12-20T10:25:59.888-0800] {processor.py:186} INFO - Started process (PID=70483) to work on /Users/rishukhurana/anaconda3/lib/python3.11/site-packages/airflow/example_dags/example_task_group.py
[2024-12-20T10:25:59.890-0800] {processor.py:914} INFO - Processing file /Users/rishukhurana/anaconda3/lib/python3.11/site-packages/airflow/example_dags/example_task_group.py for tasks to queue
[2024-12-20T10:25:59.891-0800] {logging_mixin.py:190} INFO - [2024-12-20T10:25:59.891-0800] {dagbag.py:588} INFO - Filling up the DagBag from /Users/rishukhurana/anaconda3/lib/python3.11/site-packages/airflow/example_dags/example_task_group.py
[2024-12-20T10:25:59.902-0800] {processor.py:925} INFO - DAG(s) 'example_task_group' retrieved from /Users/rishukhurana/anaconda3/lib/python3.11/site-packages/airflow/example_dags/example_task_group.py
[2024-12-20T10:25:59.995-0800] {logging_mixin.py:190} INFO - [2024-12-20T10:25:59.995-0800] {dag.py:3239} INFO - Sync 1 DAGs
[2024-12-20T10:26:00.008-0800] {logging_mixin.py:190} INFO - [2024-12-20T10:26:00.008-0800] {dag.py:4180} INFO - Setting next_dagrun for example_task_group to None, run_after=None
[2024-12-20T10:26:00.025-0800] {processor.py:208} INFO - Processing /Users/rishukhurana/anaconda3/lib/python3.11/site-packages/airflow/example_dags/example_task_group.py took 0.146 seconds
[2024-12-20T10:29:06.316-0800] {processor.py:186} INFO - Started process (PID=70644) to work on /Users/rishukhurana/anaconda3/lib/python3.11/site-packages/airflow/example_dags/example_task_group.py
[2024-12-20T10:29:06.318-0800] {processor.py:914} INFO - Processing file /Users/rishukhurana/anaconda3/lib/python3.11/site-packages/airflow/example_dags/example_task_group.py for tasks to queue
[2024-12-20T10:29:06.320-0800] {logging_mixin.py:190} INFO - [2024-12-20T10:29:06.319-0800] {dagbag.py:588} INFO - Filling up the DagBag from /Users/rishukhurana/anaconda3/lib/python3.11/site-packages/airflow/example_dags/example_task_group.py
[2024-12-20T10:29:06.328-0800] {processor.py:925} INFO - DAG(s) 'example_task_group' retrieved from /Users/rishukhurana/anaconda3/lib/python3.11/site-packages/airflow/example_dags/example_task_group.py
[2024-12-20T10:29:06.421-0800] {logging_mixin.py:190} INFO - [2024-12-20T10:29:06.421-0800] {dag.py:3239} INFO - Sync 1 DAGs
[2024-12-20T10:29:06.431-0800] {logging_mixin.py:190} INFO - [2024-12-20T10:29:06.431-0800] {dag.py:4180} INFO - Setting next_dagrun for example_task_group to None, run_after=None
[2024-12-20T10:29:06.446-0800] {processor.py:208} INFO - Processing /Users/rishukhurana/anaconda3/lib/python3.11/site-packages/airflow/example_dags/example_task_group.py took 0.137 seconds
[2024-12-20T10:32:12.008-0800] {processor.py:186} INFO - Started process (PID=70817) to work on /Users/rishukhurana/anaconda3/lib/python3.11/site-packages/airflow/example_dags/example_task_group.py
[2024-12-20T10:32:12.010-0800] {processor.py:914} INFO - Processing file /Users/rishukhurana/anaconda3/lib/python3.11/site-packages/airflow/example_dags/example_task_group.py for tasks to queue
[2024-12-20T10:32:12.011-0800] {logging_mixin.py:190} INFO - [2024-12-20T10:32:12.011-0800] {dagbag.py:588} INFO - Filling up the DagBag from /Users/rishukhurana/anaconda3/lib/python3.11/site-packages/airflow/example_dags/example_task_group.py
[2024-12-20T10:32:12.024-0800] {processor.py:925} INFO - DAG(s) 'example_task_group' retrieved from /Users/rishukhurana/anaconda3/lib/python3.11/site-packages/airflow/example_dags/example_task_group.py
[2024-12-20T10:32:12.121-0800] {logging_mixin.py:190} INFO - [2024-12-20T10:32:12.121-0800] {dag.py:3239} INFO - Sync 1 DAGs
[2024-12-20T10:32:12.132-0800] {logging_mixin.py:190} INFO - [2024-12-20T10:32:12.131-0800] {dag.py:4180} INFO - Setting next_dagrun for example_task_group to None, run_after=None
[2024-12-20T10:32:12.151-0800] {processor.py:208} INFO - Processing /Users/rishukhurana/anaconda3/lib/python3.11/site-packages/airflow/example_dags/example_task_group.py took 0.151 seconds
[2024-12-20T10:35:20.395-0800] {processor.py:186} INFO - Started process (PID=70969) to work on /Users/rishukhurana/anaconda3/lib/python3.11/site-packages/airflow/example_dags/example_task_group.py
[2024-12-20T10:35:20.397-0800] {processor.py:914} INFO - Processing file /Users/rishukhurana/anaconda3/lib/python3.11/site-packages/airflow/example_dags/example_task_group.py for tasks to queue
[2024-12-20T10:35:20.399-0800] {logging_mixin.py:190} INFO - [2024-12-20T10:35:20.398-0800] {dagbag.py:588} INFO - Filling up the DagBag from /Users/rishukhurana/anaconda3/lib/python3.11/site-packages/airflow/example_dags/example_task_group.py
[2024-12-20T10:35:20.411-0800] {processor.py:925} INFO - DAG(s) 'example_task_group' retrieved from /Users/rishukhurana/anaconda3/lib/python3.11/site-packages/airflow/example_dags/example_task_group.py
[2024-12-20T10:35:20.504-0800] {logging_mixin.py:190} INFO - [2024-12-20T10:35:20.504-0800] {dag.py:3239} INFO - Sync 1 DAGs
[2024-12-20T10:35:20.514-0800] {logging_mixin.py:190} INFO - [2024-12-20T10:35:20.514-0800] {dag.py:4180} INFO - Setting next_dagrun for example_task_group to None, run_after=None
[2024-12-20T10:35:20.532-0800] {processor.py:208} INFO - Processing /Users/rishukhurana/anaconda3/lib/python3.11/site-packages/airflow/example_dags/example_task_group.py took 0.142 seconds
[2024-12-20T10:38:38.398-0800] {processor.py:186} INFO - Started process (PID=71157) to work on /Users/rishukhurana/anaconda3/lib/python3.11/site-packages/airflow/example_dags/example_task_group.py
[2024-12-20T10:38:38.400-0800] {processor.py:914} INFO - Processing file /Users/rishukhurana/anaconda3/lib/python3.11/site-packages/airflow/example_dags/example_task_group.py for tasks to queue
[2024-12-20T10:38:38.402-0800] {logging_mixin.py:190} INFO - [2024-12-20T10:38:38.401-0800] {dagbag.py:588} INFO - Filling up the DagBag from /Users/rishukhurana/anaconda3/lib/python3.11/site-packages/airflow/example_dags/example_task_group.py
[2024-12-20T10:38:38.414-0800] {processor.py:925} INFO - DAG(s) 'example_task_group' retrieved from /Users/rishukhurana/anaconda3/lib/python3.11/site-packages/airflow/example_dags/example_task_group.py
[2024-12-20T10:38:38.511-0800] {logging_mixin.py:190} INFO - [2024-12-20T10:38:38.510-0800] {dag.py:3239} INFO - Sync 1 DAGs
[2024-12-20T10:38:38.522-0800] {logging_mixin.py:190} INFO - [2024-12-20T10:38:38.521-0800] {dag.py:4180} INFO - Setting next_dagrun for example_task_group to None, run_after=None
[2024-12-20T10:38:38.539-0800] {processor.py:208} INFO - Processing /Users/rishukhurana/anaconda3/lib/python3.11/site-packages/airflow/example_dags/example_task_group.py took 0.148 seconds
[2024-12-20T10:41:50.662-0800] {processor.py:186} INFO - Started process (PID=71315) to work on /Users/rishukhurana/anaconda3/lib/python3.11/site-packages/airflow/example_dags/example_task_group.py
[2024-12-20T10:41:50.665-0800] {processor.py:914} INFO - Processing file /Users/rishukhurana/anaconda3/lib/python3.11/site-packages/airflow/example_dags/example_task_group.py for tasks to queue
[2024-12-20T10:41:50.667-0800] {logging_mixin.py:190} INFO - [2024-12-20T10:41:50.667-0800] {dagbag.py:588} INFO - Filling up the DagBag from /Users/rishukhurana/anaconda3/lib/python3.11/site-packages/airflow/example_dags/example_task_group.py
[2024-12-20T10:41:50.679-0800] {processor.py:925} INFO - DAG(s) 'example_task_group' retrieved from /Users/rishukhurana/anaconda3/lib/python3.11/site-packages/airflow/example_dags/example_task_group.py
[2024-12-20T10:41:50.773-0800] {logging_mixin.py:190} INFO - [2024-12-20T10:41:50.773-0800] {dag.py:3239} INFO - Sync 1 DAGs
[2024-12-20T10:41:50.784-0800] {logging_mixin.py:190} INFO - [2024-12-20T10:41:50.784-0800] {dag.py:4180} INFO - Setting next_dagrun for example_task_group to None, run_after=None
[2024-12-20T10:41:50.800-0800] {processor.py:208} INFO - Processing /Users/rishukhurana/anaconda3/lib/python3.11/site-packages/airflow/example_dags/example_task_group.py took 0.146 seconds
[2024-12-20T10:45:00.347-0800] {processor.py:186} INFO - Started process (PID=71462) to work on /Users/rishukhurana/anaconda3/lib/python3.11/site-packages/airflow/example_dags/example_task_group.py
[2024-12-20T10:45:00.349-0800] {processor.py:914} INFO - Processing file /Users/rishukhurana/anaconda3/lib/python3.11/site-packages/airflow/example_dags/example_task_group.py for tasks to queue
[2024-12-20T10:45:00.350-0800] {logging_mixin.py:190} INFO - [2024-12-20T10:45:00.350-0800] {dagbag.py:588} INFO - Filling up the DagBag from /Users/rishukhurana/anaconda3/lib/python3.11/site-packages/airflow/example_dags/example_task_group.py
[2024-12-20T10:45:00.362-0800] {processor.py:925} INFO - DAG(s) 'example_task_group' retrieved from /Users/rishukhurana/anaconda3/lib/python3.11/site-packages/airflow/example_dags/example_task_group.py
[2024-12-20T10:45:00.455-0800] {logging_mixin.py:190} INFO - [2024-12-20T10:45:00.455-0800] {dag.py:3239} INFO - Sync 1 DAGs
[2024-12-20T10:45:00.466-0800] {logging_mixin.py:190} INFO - [2024-12-20T10:45:00.466-0800] {dag.py:4180} INFO - Setting next_dagrun for example_task_group to None, run_after=None
[2024-12-20T10:45:00.482-0800] {processor.py:208} INFO - Processing /Users/rishukhurana/anaconda3/lib/python3.11/site-packages/airflow/example_dags/example_task_group.py took 0.142 seconds
[2024-12-20T10:48:15.746-0800] {processor.py:186} INFO - Started process (PID=71611) to work on /Users/rishukhurana/anaconda3/lib/python3.11/site-packages/airflow/example_dags/example_task_group.py
[2024-12-20T10:48:15.748-0800] {processor.py:914} INFO - Processing file /Users/rishukhurana/anaconda3/lib/python3.11/site-packages/airflow/example_dags/example_task_group.py for tasks to queue
[2024-12-20T10:48:15.750-0800] {logging_mixin.py:190} INFO - [2024-12-20T10:48:15.750-0800] {dagbag.py:588} INFO - Filling up the DagBag from /Users/rishukhurana/anaconda3/lib/python3.11/site-packages/airflow/example_dags/example_task_group.py
[2024-12-20T10:48:15.763-0800] {processor.py:925} INFO - DAG(s) 'example_task_group' retrieved from /Users/rishukhurana/anaconda3/lib/python3.11/site-packages/airflow/example_dags/example_task_group.py
[2024-12-20T10:48:15.864-0800] {logging_mixin.py:190} INFO - [2024-12-20T10:48:15.864-0800] {dag.py:3239} INFO - Sync 1 DAGs
[2024-12-20T10:48:15.875-0800] {logging_mixin.py:190} INFO - [2024-12-20T10:48:15.874-0800] {dag.py:4180} INFO - Setting next_dagrun for example_task_group to None, run_after=None
[2024-12-20T10:48:15.892-0800] {processor.py:208} INFO - Processing /Users/rishukhurana/anaconda3/lib/python3.11/site-packages/airflow/example_dags/example_task_group.py took 0.151 seconds
[2024-12-20T10:51:29.838-0800] {processor.py:186} INFO - Started process (PID=71769) to work on /Users/rishukhurana/anaconda3/lib/python3.11/site-packages/airflow/example_dags/example_task_group.py
[2024-12-20T10:51:29.840-0800] {processor.py:914} INFO - Processing file /Users/rishukhurana/anaconda3/lib/python3.11/site-packages/airflow/example_dags/example_task_group.py for tasks to queue
[2024-12-20T10:51:29.842-0800] {logging_mixin.py:190} INFO - [2024-12-20T10:51:29.841-0800] {dagbag.py:588} INFO - Filling up the DagBag from /Users/rishukhurana/anaconda3/lib/python3.11/site-packages/airflow/example_dags/example_task_group.py
[2024-12-20T10:51:29.855-0800] {processor.py:925} INFO - DAG(s) 'example_task_group' retrieved from /Users/rishukhurana/anaconda3/lib/python3.11/site-packages/airflow/example_dags/example_task_group.py
[2024-12-20T10:51:29.956-0800] {logging_mixin.py:190} INFO - [2024-12-20T10:51:29.956-0800] {dag.py:3239} INFO - Sync 1 DAGs
[2024-12-20T10:51:29.967-0800] {logging_mixin.py:190} INFO - [2024-12-20T10:51:29.966-0800] {dag.py:4180} INFO - Setting next_dagrun for example_task_group to None, run_after=None
[2024-12-20T10:51:29.984-0800] {processor.py:208} INFO - Processing /Users/rishukhurana/anaconda3/lib/python3.11/site-packages/airflow/example_dags/example_task_group.py took 0.152 seconds
[2024-12-20T10:54:51.830-0800] {processor.py:186} INFO - Started process (PID=71919) to work on /Users/rishukhurana/anaconda3/lib/python3.11/site-packages/airflow/example_dags/example_task_group.py
[2024-12-20T10:54:51.833-0800] {processor.py:914} INFO - Processing file /Users/rishukhurana/anaconda3/lib/python3.11/site-packages/airflow/example_dags/example_task_group.py for tasks to queue
[2024-12-20T10:54:51.834-0800] {logging_mixin.py:190} INFO - [2024-12-20T10:54:51.834-0800] {dagbag.py:588} INFO - Filling up the DagBag from /Users/rishukhurana/anaconda3/lib/python3.11/site-packages/airflow/example_dags/example_task_group.py
[2024-12-20T10:54:51.845-0800] {processor.py:925} INFO - DAG(s) 'example_task_group' retrieved from /Users/rishukhurana/anaconda3/lib/python3.11/site-packages/airflow/example_dags/example_task_group.py
[2024-12-20T10:54:51.948-0800] {logging_mixin.py:190} INFO - [2024-12-20T10:54:51.948-0800] {dag.py:3239} INFO - Sync 1 DAGs
[2024-12-20T10:54:51.959-0800] {logging_mixin.py:190} INFO - [2024-12-20T10:54:51.959-0800] {dag.py:4180} INFO - Setting next_dagrun for example_task_group to None, run_after=None
[2024-12-20T10:54:51.976-0800] {processor.py:208} INFO - Processing /Users/rishukhurana/anaconda3/lib/python3.11/site-packages/airflow/example_dags/example_task_group.py took 0.153 seconds
[2024-12-20T10:58:04.178-0800] {processor.py:186} INFO - Started process (PID=72068) to work on /Users/rishukhurana/anaconda3/lib/python3.11/site-packages/airflow/example_dags/example_task_group.py
[2024-12-20T10:58:04.180-0800] {processor.py:914} INFO - Processing file /Users/rishukhurana/anaconda3/lib/python3.11/site-packages/airflow/example_dags/example_task_group.py for tasks to queue
[2024-12-20T10:58:04.181-0800] {logging_mixin.py:190} INFO - [2024-12-20T10:58:04.181-0800] {dagbag.py:588} INFO - Filling up the DagBag from /Users/rishukhurana/anaconda3/lib/python3.11/site-packages/airflow/example_dags/example_task_group.py
[2024-12-20T10:58:04.193-0800] {processor.py:925} INFO - DAG(s) 'example_task_group' retrieved from /Users/rishukhurana/anaconda3/lib/python3.11/site-packages/airflow/example_dags/example_task_group.py
[2024-12-20T10:58:04.289-0800] {logging_mixin.py:190} INFO - [2024-12-20T10:58:04.288-0800] {dag.py:3239} INFO - Sync 1 DAGs
[2024-12-20T10:58:04.301-0800] {logging_mixin.py:190} INFO - [2024-12-20T10:58:04.301-0800] {dag.py:4180} INFO - Setting next_dagrun for example_task_group to None, run_after=None
[2024-12-20T10:58:04.316-0800] {processor.py:208} INFO - Processing /Users/rishukhurana/anaconda3/lib/python3.11/site-packages/airflow/example_dags/example_task_group.py took 0.145 seconds
[2024-12-20T11:01:11.704-0800] {processor.py:186} INFO - Started process (PID=72212) to work on /Users/rishukhurana/anaconda3/lib/python3.11/site-packages/airflow/example_dags/example_task_group.py
[2024-12-20T11:01:11.705-0800] {processor.py:914} INFO - Processing file /Users/rishukhurana/anaconda3/lib/python3.11/site-packages/airflow/example_dags/example_task_group.py for tasks to queue
[2024-12-20T11:01:11.707-0800] {logging_mixin.py:190} INFO - [2024-12-20T11:01:11.707-0800] {dagbag.py:588} INFO - Filling up the DagBag from /Users/rishukhurana/anaconda3/lib/python3.11/site-packages/airflow/example_dags/example_task_group.py
[2024-12-20T11:01:11.717-0800] {processor.py:925} INFO - DAG(s) 'example_task_group' retrieved from /Users/rishukhurana/anaconda3/lib/python3.11/site-packages/airflow/example_dags/example_task_group.py
[2024-12-20T11:01:11.812-0800] {logging_mixin.py:190} INFO - [2024-12-20T11:01:11.811-0800] {dag.py:3239} INFO - Sync 1 DAGs
[2024-12-20T11:01:11.822-0800] {logging_mixin.py:190} INFO - [2024-12-20T11:01:11.822-0800] {dag.py:4180} INFO - Setting next_dagrun for example_task_group to None, run_after=None
[2024-12-20T11:01:11.838-0800] {processor.py:208} INFO - Processing /Users/rishukhurana/anaconda3/lib/python3.11/site-packages/airflow/example_dags/example_task_group.py took 0.142 seconds
[2024-12-20T11:04:25.514-0800] {processor.py:186} INFO - Started process (PID=72362) to work on /Users/rishukhurana/anaconda3/lib/python3.11/site-packages/airflow/example_dags/example_task_group.py
[2024-12-20T11:04:25.516-0800] {processor.py:914} INFO - Processing file /Users/rishukhurana/anaconda3/lib/python3.11/site-packages/airflow/example_dags/example_task_group.py for tasks to queue
[2024-12-20T11:04:25.518-0800] {logging_mixin.py:190} INFO - [2024-12-20T11:04:25.517-0800] {dagbag.py:588} INFO - Filling up the DagBag from /Users/rishukhurana/anaconda3/lib/python3.11/site-packages/airflow/example_dags/example_task_group.py
[2024-12-20T11:04:25.529-0800] {processor.py:925} INFO - DAG(s) 'example_task_group' retrieved from /Users/rishukhurana/anaconda3/lib/python3.11/site-packages/airflow/example_dags/example_task_group.py
[2024-12-20T11:04:25.627-0800] {logging_mixin.py:190} INFO - [2024-12-20T11:04:25.627-0800] {dag.py:3239} INFO - Sync 1 DAGs
[2024-12-20T11:04:25.638-0800] {logging_mixin.py:190} INFO - [2024-12-20T11:04:25.637-0800] {dag.py:4180} INFO - Setting next_dagrun for example_task_group to None, run_after=None
[2024-12-20T11:04:25.653-0800] {processor.py:208} INFO - Processing /Users/rishukhurana/anaconda3/lib/python3.11/site-packages/airflow/example_dags/example_task_group.py took 0.147 seconds
[2024-12-20T11:07:42.820-0800] {processor.py:186} INFO - Started process (PID=72525) to work on /Users/rishukhurana/anaconda3/lib/python3.11/site-packages/airflow/example_dags/example_task_group.py
[2024-12-20T11:07:42.822-0800] {processor.py:914} INFO - Processing file /Users/rishukhurana/anaconda3/lib/python3.11/site-packages/airflow/example_dags/example_task_group.py for tasks to queue
[2024-12-20T11:07:42.824-0800] {logging_mixin.py:190} INFO - [2024-12-20T11:07:42.824-0800] {dagbag.py:588} INFO - Filling up the DagBag from /Users/rishukhurana/anaconda3/lib/python3.11/site-packages/airflow/example_dags/example_task_group.py
[2024-12-20T11:07:42.834-0800] {processor.py:925} INFO - DAG(s) 'example_task_group' retrieved from /Users/rishukhurana/anaconda3/lib/python3.11/site-packages/airflow/example_dags/example_task_group.py
[2024-12-20T11:07:42.940-0800] {logging_mixin.py:190} INFO - [2024-12-20T11:07:42.939-0800] {dag.py:3239} INFO - Sync 1 DAGs
[2024-12-20T11:07:42.952-0800] {logging_mixin.py:190} INFO - [2024-12-20T11:07:42.952-0800] {dag.py:4180} INFO - Setting next_dagrun for example_task_group to None, run_after=None
[2024-12-20T11:07:42.969-0800] {processor.py:208} INFO - Processing /Users/rishukhurana/anaconda3/lib/python3.11/site-packages/airflow/example_dags/example_task_group.py took 0.153 seconds
[2024-12-20T11:10:55.376-0800] {processor.py:186} INFO - Started process (PID=72685) to work on /Users/rishukhurana/anaconda3/lib/python3.11/site-packages/airflow/example_dags/example_task_group.py
[2024-12-20T11:10:55.378-0800] {processor.py:914} INFO - Processing file /Users/rishukhurana/anaconda3/lib/python3.11/site-packages/airflow/example_dags/example_task_group.py for tasks to queue
[2024-12-20T11:10:55.379-0800] {logging_mixin.py:190} INFO - [2024-12-20T11:10:55.379-0800] {dagbag.py:588} INFO - Filling up the DagBag from /Users/rishukhurana/anaconda3/lib/python3.11/site-packages/airflow/example_dags/example_task_group.py
[2024-12-20T11:10:55.388-0800] {processor.py:925} INFO - DAG(s) 'example_task_group' retrieved from /Users/rishukhurana/anaconda3/lib/python3.11/site-packages/airflow/example_dags/example_task_group.py
[2024-12-20T11:10:55.484-0800] {logging_mixin.py:190} INFO - [2024-12-20T11:10:55.483-0800] {dag.py:3239} INFO - Sync 1 DAGs
[2024-12-20T11:10:55.494-0800] {logging_mixin.py:190} INFO - [2024-12-20T11:10:55.494-0800] {dag.py:4180} INFO - Setting next_dagrun for example_task_group to None, run_after=None
[2024-12-20T11:10:55.511-0800] {processor.py:208} INFO - Processing /Users/rishukhurana/anaconda3/lib/python3.11/site-packages/airflow/example_dags/example_task_group.py took 0.140 seconds
[2024-12-20T11:14:09.793-0800] {processor.py:186} INFO - Started process (PID=72838) to work on /Users/rishukhurana/anaconda3/lib/python3.11/site-packages/airflow/example_dags/example_task_group.py
[2024-12-20T11:14:09.794-0800] {processor.py:914} INFO - Processing file /Users/rishukhurana/anaconda3/lib/python3.11/site-packages/airflow/example_dags/example_task_group.py for tasks to queue
[2024-12-20T11:14:09.796-0800] {logging_mixin.py:190} INFO - [2024-12-20T11:14:09.796-0800] {dagbag.py:588} INFO - Filling up the DagBag from /Users/rishukhurana/anaconda3/lib/python3.11/site-packages/airflow/example_dags/example_task_group.py
[2024-12-20T11:14:09.806-0800] {processor.py:925} INFO - DAG(s) 'example_task_group' retrieved from /Users/rishukhurana/anaconda3/lib/python3.11/site-packages/airflow/example_dags/example_task_group.py
[2024-12-20T11:14:09.903-0800] {logging_mixin.py:190} INFO - [2024-12-20T11:14:09.902-0800] {dag.py:3239} INFO - Sync 1 DAGs
[2024-12-20T11:14:09.913-0800] {logging_mixin.py:190} INFO - [2024-12-20T11:14:09.913-0800] {dag.py:4180} INFO - Setting next_dagrun for example_task_group to None, run_after=None
[2024-12-20T11:14:09.930-0800] {processor.py:208} INFO - Processing /Users/rishukhurana/anaconda3/lib/python3.11/site-packages/airflow/example_dags/example_task_group.py took 0.144 seconds
[2024-12-20T11:17:19.304-0800] {processor.py:186} INFO - Started process (PID=73005) to work on /Users/rishukhurana/anaconda3/lib/python3.11/site-packages/airflow/example_dags/example_task_group.py
[2024-12-20T11:17:19.307-0800] {processor.py:914} INFO - Processing file /Users/rishukhurana/anaconda3/lib/python3.11/site-packages/airflow/example_dags/example_task_group.py for tasks to queue
[2024-12-20T11:17:19.308-0800] {logging_mixin.py:190} INFO - [2024-12-20T11:17:19.308-0800] {dagbag.py:588} INFO - Filling up the DagBag from /Users/rishukhurana/anaconda3/lib/python3.11/site-packages/airflow/example_dags/example_task_group.py
[2024-12-20T11:17:19.318-0800] {processor.py:925} INFO - DAG(s) 'example_task_group' retrieved from /Users/rishukhurana/anaconda3/lib/python3.11/site-packages/airflow/example_dags/example_task_group.py
[2024-12-20T11:17:19.413-0800] {logging_mixin.py:190} INFO - [2024-12-20T11:17:19.413-0800] {dag.py:3239} INFO - Sync 1 DAGs
[2024-12-20T11:17:19.425-0800] {logging_mixin.py:190} INFO - [2024-12-20T11:17:19.425-0800] {dag.py:4180} INFO - Setting next_dagrun for example_task_group to None, run_after=None
[2024-12-20T11:17:19.442-0800] {processor.py:208} INFO - Processing /Users/rishukhurana/anaconda3/lib/python3.11/site-packages/airflow/example_dags/example_task_group.py took 0.142 seconds
[2024-12-20T11:20:22.260-0800] {processor.py:186} INFO - Started process (PID=73164) to work on /Users/rishukhurana/anaconda3/lib/python3.11/site-packages/airflow/example_dags/example_task_group.py
[2024-12-20T11:20:22.262-0800] {processor.py:914} INFO - Processing file /Users/rishukhurana/anaconda3/lib/python3.11/site-packages/airflow/example_dags/example_task_group.py for tasks to queue
[2024-12-20T11:20:22.264-0800] {logging_mixin.py:190} INFO - [2024-12-20T11:20:22.263-0800] {dagbag.py:588} INFO - Filling up the DagBag from /Users/rishukhurana/anaconda3/lib/python3.11/site-packages/airflow/example_dags/example_task_group.py
[2024-12-20T11:20:22.274-0800] {processor.py:925} INFO - DAG(s) 'example_task_group' retrieved from /Users/rishukhurana/anaconda3/lib/python3.11/site-packages/airflow/example_dags/example_task_group.py
[2024-12-20T11:20:22.360-0800] {logging_mixin.py:190} INFO - [2024-12-20T11:20:22.360-0800] {dag.py:3239} INFO - Sync 1 DAGs
[2024-12-20T11:20:22.371-0800] {logging_mixin.py:190} INFO - [2024-12-20T11:20:22.371-0800] {dag.py:4180} INFO - Setting next_dagrun for example_task_group to None, run_after=None
[2024-12-20T11:20:22.387-0800] {processor.py:208} INFO - Processing /Users/rishukhurana/anaconda3/lib/python3.11/site-packages/airflow/example_dags/example_task_group.py took 0.134 seconds
[2024-12-20T11:23:26.871-0800] {processor.py:186} INFO - Started process (PID=73333) to work on /Users/rishukhurana/anaconda3/lib/python3.11/site-packages/airflow/example_dags/example_task_group.py
[2024-12-20T11:23:26.874-0800] {processor.py:914} INFO - Processing file /Users/rishukhurana/anaconda3/lib/python3.11/site-packages/airflow/example_dags/example_task_group.py for tasks to queue
[2024-12-20T11:23:26.875-0800] {logging_mixin.py:190} INFO - [2024-12-20T11:23:26.875-0800] {dagbag.py:588} INFO - Filling up the DagBag from /Users/rishukhurana/anaconda3/lib/python3.11/site-packages/airflow/example_dags/example_task_group.py
[2024-12-20T11:23:26.884-0800] {processor.py:925} INFO - DAG(s) 'example_task_group' retrieved from /Users/rishukhurana/anaconda3/lib/python3.11/site-packages/airflow/example_dags/example_task_group.py
[2024-12-20T11:23:26.967-0800] {logging_mixin.py:190} INFO - [2024-12-20T11:23:26.967-0800] {dag.py:3239} INFO - Sync 1 DAGs
[2024-12-20T11:23:26.977-0800] {logging_mixin.py:190} INFO - [2024-12-20T11:23:26.976-0800] {dag.py:4180} INFO - Setting next_dagrun for example_task_group to None, run_after=None
[2024-12-20T11:23:26.994-0800] {processor.py:208} INFO - Processing /Users/rishukhurana/anaconda3/lib/python3.11/site-packages/airflow/example_dags/example_task_group.py took 0.127 seconds
[2024-12-20T11:26:29.702-0800] {processor.py:186} INFO - Started process (PID=73488) to work on /Users/rishukhurana/anaconda3/lib/python3.11/site-packages/airflow/example_dags/example_task_group.py
[2024-12-20T11:26:29.705-0800] {processor.py:914} INFO - Processing file /Users/rishukhurana/anaconda3/lib/python3.11/site-packages/airflow/example_dags/example_task_group.py for tasks to queue
[2024-12-20T11:26:29.706-0800] {logging_mixin.py:190} INFO - [2024-12-20T11:26:29.706-0800] {dagbag.py:588} INFO - Filling up the DagBag from /Users/rishukhurana/anaconda3/lib/python3.11/site-packages/airflow/example_dags/example_task_group.py
[2024-12-20T11:26:29.716-0800] {processor.py:925} INFO - DAG(s) 'example_task_group' retrieved from /Users/rishukhurana/anaconda3/lib/python3.11/site-packages/airflow/example_dags/example_task_group.py
[2024-12-20T11:26:29.816-0800] {logging_mixin.py:190} INFO - [2024-12-20T11:26:29.816-0800] {dag.py:3239} INFO - Sync 1 DAGs
[2024-12-20T11:26:29.827-0800] {logging_mixin.py:190} INFO - [2024-12-20T11:26:29.826-0800] {dag.py:4180} INFO - Setting next_dagrun for example_task_group to None, run_after=None
[2024-12-20T11:26:29.843-0800] {processor.py:208} INFO - Processing /Users/rishukhurana/anaconda3/lib/python3.11/site-packages/airflow/example_dags/example_task_group.py took 0.147 seconds
[2024-12-20T11:29:28.414-0800] {processor.py:186} INFO - Started process (PID=73637) to work on /Users/rishukhurana/anaconda3/lib/python3.11/site-packages/airflow/example_dags/example_task_group.py
[2024-12-20T11:29:28.417-0800] {processor.py:914} INFO - Processing file /Users/rishukhurana/anaconda3/lib/python3.11/site-packages/airflow/example_dags/example_task_group.py for tasks to queue
[2024-12-20T11:29:28.418-0800] {logging_mixin.py:190} INFO - [2024-12-20T11:29:28.418-0800] {dagbag.py:588} INFO - Filling up the DagBag from /Users/rishukhurana/anaconda3/lib/python3.11/site-packages/airflow/example_dags/example_task_group.py
[2024-12-20T11:29:28.426-0800] {processor.py:925} INFO - DAG(s) 'example_task_group' retrieved from /Users/rishukhurana/anaconda3/lib/python3.11/site-packages/airflow/example_dags/example_task_group.py
[2024-12-20T11:29:28.508-0800] {logging_mixin.py:190} INFO - [2024-12-20T11:29:28.507-0800] {dag.py:3239} INFO - Sync 1 DAGs
[2024-12-20T11:29:28.517-0800] {logging_mixin.py:190} INFO - [2024-12-20T11:29:28.517-0800] {dag.py:4180} INFO - Setting next_dagrun for example_task_group to None, run_after=None
[2024-12-20T11:29:28.538-0800] {processor.py:208} INFO - Processing /Users/rishukhurana/anaconda3/lib/python3.11/site-packages/airflow/example_dags/example_task_group.py took 0.132 seconds
[2024-12-20T11:32:32.878-0800] {processor.py:186} INFO - Started process (PID=73795) to work on /Users/rishukhurana/anaconda3/lib/python3.11/site-packages/airflow/example_dags/example_task_group.py
[2024-12-20T11:32:32.880-0800] {processor.py:914} INFO - Processing file /Users/rishukhurana/anaconda3/lib/python3.11/site-packages/airflow/example_dags/example_task_group.py for tasks to queue
[2024-12-20T11:32:32.881-0800] {logging_mixin.py:190} INFO - [2024-12-20T11:32:32.881-0800] {dagbag.py:588} INFO - Filling up the DagBag from /Users/rishukhurana/anaconda3/lib/python3.11/site-packages/airflow/example_dags/example_task_group.py
[2024-12-20T11:32:32.890-0800] {processor.py:925} INFO - DAG(s) 'example_task_group' retrieved from /Users/rishukhurana/anaconda3/lib/python3.11/site-packages/airflow/example_dags/example_task_group.py
[2024-12-20T11:32:32.977-0800] {logging_mixin.py:190} INFO - [2024-12-20T11:32:32.976-0800] {dag.py:3239} INFO - Sync 1 DAGs
[2024-12-20T11:32:32.987-0800] {logging_mixin.py:190} INFO - [2024-12-20T11:32:32.987-0800] {dag.py:4180} INFO - Setting next_dagrun for example_task_group to None, run_after=None
[2024-12-20T11:32:33.007-0800] {processor.py:208} INFO - Processing /Users/rishukhurana/anaconda3/lib/python3.11/site-packages/airflow/example_dags/example_task_group.py took 0.135 seconds
[2024-12-20T11:35:36.079-0800] {processor.py:186} INFO - Started process (PID=73941) to work on /Users/rishukhurana/anaconda3/lib/python3.11/site-packages/airflow/example_dags/example_task_group.py
[2024-12-20T11:35:36.081-0800] {processor.py:914} INFO - Processing file /Users/rishukhurana/anaconda3/lib/python3.11/site-packages/airflow/example_dags/example_task_group.py for tasks to queue
[2024-12-20T11:35:36.082-0800] {logging_mixin.py:190} INFO - [2024-12-20T11:35:36.082-0800] {dagbag.py:588} INFO - Filling up the DagBag from /Users/rishukhurana/anaconda3/lib/python3.11/site-packages/airflow/example_dags/example_task_group.py
[2024-12-20T11:35:36.091-0800] {processor.py:925} INFO - DAG(s) 'example_task_group' retrieved from /Users/rishukhurana/anaconda3/lib/python3.11/site-packages/airflow/example_dags/example_task_group.py
[2024-12-20T11:35:36.180-0800] {logging_mixin.py:190} INFO - [2024-12-20T11:35:36.180-0800] {dag.py:3239} INFO - Sync 1 DAGs
[2024-12-20T11:35:36.190-0800] {logging_mixin.py:190} INFO - [2024-12-20T11:35:36.190-0800] {dag.py:4180} INFO - Setting next_dagrun for example_task_group to None, run_after=None
[2024-12-20T11:35:36.208-0800] {processor.py:208} INFO - Processing /Users/rishukhurana/anaconda3/lib/python3.11/site-packages/airflow/example_dags/example_task_group.py took 0.135 seconds
[2024-12-20T11:38:34.405-0800] {processor.py:186} INFO - Started process (PID=74084) to work on /Users/rishukhurana/anaconda3/lib/python3.11/site-packages/airflow/example_dags/example_task_group.py
[2024-12-20T11:38:34.408-0800] {processor.py:914} INFO - Processing file /Users/rishukhurana/anaconda3/lib/python3.11/site-packages/airflow/example_dags/example_task_group.py for tasks to queue
[2024-12-20T11:38:34.409-0800] {logging_mixin.py:190} INFO - [2024-12-20T11:38:34.409-0800] {dagbag.py:588} INFO - Filling up the DagBag from /Users/rishukhurana/anaconda3/lib/python3.11/site-packages/airflow/example_dags/example_task_group.py
[2024-12-20T11:38:34.418-0800] {processor.py:925} INFO - DAG(s) 'example_task_group' retrieved from /Users/rishukhurana/anaconda3/lib/python3.11/site-packages/airflow/example_dags/example_task_group.py
[2024-12-20T11:38:34.508-0800] {logging_mixin.py:190} INFO - [2024-12-20T11:38:34.508-0800] {dag.py:3239} INFO - Sync 1 DAGs
[2024-12-20T11:38:34.518-0800] {logging_mixin.py:190} INFO - [2024-12-20T11:38:34.517-0800] {dag.py:4180} INFO - Setting next_dagrun for example_task_group to None, run_after=None
[2024-12-20T11:38:34.534-0800] {processor.py:208} INFO - Processing /Users/rishukhurana/anaconda3/lib/python3.11/site-packages/airflow/example_dags/example_task_group.py took 0.137 seconds
[2024-12-20T11:57:14.039-0800] {processor.py:186} INFO - Started process (PID=74267) to work on /Users/rishukhurana/anaconda3/lib/python3.11/site-packages/airflow/example_dags/example_task_group.py
[2024-12-20T11:57:14.041-0800] {processor.py:914} INFO - Processing file /Users/rishukhurana/anaconda3/lib/python3.11/site-packages/airflow/example_dags/example_task_group.py for tasks to queue
[2024-12-20T11:57:14.042-0800] {logging_mixin.py:190} INFO - [2024-12-20T11:57:14.042-0800] {dagbag.py:588} INFO - Filling up the DagBag from /Users/rishukhurana/anaconda3/lib/python3.11/site-packages/airflow/example_dags/example_task_group.py
[2024-12-20T11:57:14.055-0800] {processor.py:925} INFO - DAG(s) 'example_task_group' retrieved from /Users/rishukhurana/anaconda3/lib/python3.11/site-packages/airflow/example_dags/example_task_group.py
[2024-12-20T11:57:14.152-0800] {logging_mixin.py:190} INFO - [2024-12-20T11:57:14.152-0800] {dag.py:3239} INFO - Sync 1 DAGs
[2024-12-20T11:57:14.163-0800] {logging_mixin.py:190} INFO - [2024-12-20T11:57:14.162-0800] {dag.py:4180} INFO - Setting next_dagrun for example_task_group to None, run_after=None
[2024-12-20T11:57:14.178-0800] {processor.py:208} INFO - Processing /Users/rishukhurana/anaconda3/lib/python3.11/site-packages/airflow/example_dags/example_task_group.py took 0.143 seconds
[2024-12-20T12:00:36.026-0800] {processor.py:186} INFO - Started process (PID=74434) to work on /Users/rishukhurana/anaconda3/lib/python3.11/site-packages/airflow/example_dags/example_task_group.py
[2024-12-20T12:00:36.028-0800] {processor.py:914} INFO - Processing file /Users/rishukhurana/anaconda3/lib/python3.11/site-packages/airflow/example_dags/example_task_group.py for tasks to queue
[2024-12-20T12:00:36.030-0800] {logging_mixin.py:190} INFO - [2024-12-20T12:00:36.030-0800] {dagbag.py:588} INFO - Filling up the DagBag from /Users/rishukhurana/anaconda3/lib/python3.11/site-packages/airflow/example_dags/example_task_group.py
[2024-12-20T12:00:36.043-0800] {processor.py:925} INFO - DAG(s) 'example_task_group' retrieved from /Users/rishukhurana/anaconda3/lib/python3.11/site-packages/airflow/example_dags/example_task_group.py
[2024-12-20T12:00:36.130-0800] {logging_mixin.py:190} INFO - [2024-12-20T12:00:36.130-0800] {dag.py:3239} INFO - Sync 1 DAGs
[2024-12-20T12:00:36.139-0800] {logging_mixin.py:190} INFO - [2024-12-20T12:00:36.139-0800] {dag.py:4180} INFO - Setting next_dagrun for example_task_group to None, run_after=None
[2024-12-20T12:00:36.157-0800] {processor.py:208} INFO - Processing /Users/rishukhurana/anaconda3/lib/python3.11/site-packages/airflow/example_dags/example_task_group.py took 0.140 seconds
[2024-12-20T12:05:59.449-0800] {processor.py:186} INFO - Started process (PID=74640) to work on /Users/rishukhurana/anaconda3/lib/python3.11/site-packages/airflow/example_dags/example_task_group.py
[2024-12-20T12:05:59.452-0800] {processor.py:914} INFO - Processing file /Users/rishukhurana/anaconda3/lib/python3.11/site-packages/airflow/example_dags/example_task_group.py for tasks to queue
[2024-12-20T12:05:59.455-0800] {logging_mixin.py:190} INFO - [2024-12-20T12:05:59.455-0800] {dagbag.py:588} INFO - Filling up the DagBag from /Users/rishukhurana/anaconda3/lib/python3.11/site-packages/airflow/example_dags/example_task_group.py
[2024-12-20T12:05:59.474-0800] {processor.py:925} INFO - DAG(s) 'example_task_group' retrieved from /Users/rishukhurana/anaconda3/lib/python3.11/site-packages/airflow/example_dags/example_task_group.py
[2024-12-20T12:05:59.647-0800] {logging_mixin.py:190} INFO - [2024-12-20T12:05:59.647-0800] {dag.py:3239} INFO - Sync 1 DAGs
[2024-12-20T12:05:59.665-0800] {logging_mixin.py:190} INFO - [2024-12-20T12:05:59.665-0800] {dag.py:4180} INFO - Setting next_dagrun for example_task_group to None, run_after=None
[2024-12-20T12:05:59.693-0800] {processor.py:208} INFO - Processing /Users/rishukhurana/anaconda3/lib/python3.11/site-packages/airflow/example_dags/example_task_group.py took 0.259 seconds
[2024-12-20T12:11:34.385-0800] {processor.py:186} INFO - Started process (PID=74865) to work on /Users/rishukhurana/anaconda3/lib/python3.11/site-packages/airflow/example_dags/example_task_group.py
[2024-12-20T12:11:34.388-0800] {processor.py:914} INFO - Processing file /Users/rishukhurana/anaconda3/lib/python3.11/site-packages/airflow/example_dags/example_task_group.py for tasks to queue
[2024-12-20T12:11:34.391-0800] {logging_mixin.py:190} INFO - [2024-12-20T12:11:34.390-0800] {dagbag.py:588} INFO - Filling up the DagBag from /Users/rishukhurana/anaconda3/lib/python3.11/site-packages/airflow/example_dags/example_task_group.py
[2024-12-20T12:11:34.406-0800] {processor.py:925} INFO - DAG(s) 'example_task_group' retrieved from /Users/rishukhurana/anaconda3/lib/python3.11/site-packages/airflow/example_dags/example_task_group.py
[2024-12-20T12:11:34.577-0800] {logging_mixin.py:190} INFO - [2024-12-20T12:11:34.576-0800] {dag.py:3239} INFO - Sync 1 DAGs
[2024-12-20T12:11:34.597-0800] {logging_mixin.py:190} INFO - [2024-12-20T12:11:34.596-0800] {dag.py:4180} INFO - Setting next_dagrun for example_task_group to None, run_after=None
[2024-12-20T12:11:34.625-0800] {processor.py:208} INFO - Processing /Users/rishukhurana/anaconda3/lib/python3.11/site-packages/airflow/example_dags/example_task_group.py took 0.255 seconds
