[2024-12-19T17:33:21.079-0800] {processor.py:186} INFO - Started process (PID=68249) to work on /Users/rishukhurana/anaconda3/lib/python3.11/site-packages/airflow/example_dags/example_outlet_event_extra.py
[2024-12-19T17:33:21.089-0800] {processor.py:914} INFO - Processing file /Users/rishukhurana/anaconda3/lib/python3.11/site-packages/airflow/example_dags/example_outlet_event_extra.py for tasks to queue
[2024-12-19T17:33:21.096-0800] {logging_mixin.py:190} INFO - [2024-12-19T17:33:21.095-0800] {dagbag.py:588} INFO - Filling up the DagBag from /Users/rishukhurana/anaconda3/lib/python3.11/site-packages/airflow/example_dags/example_outlet_event_extra.py
[2024-12-19T17:45:14.369-0800] {processor.py:925} INFO - DAG(s) 'dataset_with_extra_by_yield', 'dataset_with_extra_by_context', 'dataset_with_extra_from_classic_operator' retrieved from /Users/rishukhurana/anaconda3/lib/python3.11/site-packages/airflow/example_dags/example_outlet_event_extra.py
[2024-12-19T17:45:14.458-0800] {logging_mixin.py:190} INFO - [2024-12-19T17:45:14.458-0800] {dag.py:3239} INFO - Sync 3 DAGs
[2024-12-19T17:45:14.478-0800] {logging_mixin.py:190} INFO - [2024-12-19T17:45:14.478-0800] {dag.py:4180} INFO - Setting next_dagrun for dataset_with_extra_by_context to 2024-12-19 00:00:00+00:00, run_after=2024-12-20 00:00:00+00:00
[2024-12-19T17:45:14.483-0800] {logging_mixin.py:190} INFO - [2024-12-19T17:45:14.482-0800] {dag.py:4180} INFO - Setting next_dagrun for dataset_with_extra_by_yield to 2024-12-19 00:00:00+00:00, run_after=2024-12-20 00:00:00+00:00
[2024-12-19T17:45:14.485-0800] {logging_mixin.py:190} INFO - [2024-12-19T17:45:14.484-0800] {dag.py:4180} INFO - Setting next_dagrun for dataset_with_extra_from_classic_operator to 2024-12-19 00:00:00+00:00, run_after=2024-12-20 00:00:00+00:00
[2024-12-19T17:45:14.501-0800] {processor.py:208} INFO - Processing /Users/rishukhurana/anaconda3/lib/python3.11/site-packages/airflow/example_dags/example_outlet_event_extra.py took 4.041 seconds
[2024-12-19T21:04:39.525-0800] {processor.py:186} INFO - Started process (PID=68599) to work on /Users/rishukhurana/anaconda3/lib/python3.11/site-packages/airflow/example_dags/example_outlet_event_extra.py
[2024-12-19T21:04:39.527-0800] {processor.py:914} INFO - Processing file /Users/rishukhurana/anaconda3/lib/python3.11/site-packages/airflow/example_dags/example_outlet_event_extra.py for tasks to queue
[2024-12-19T21:04:39.528-0800] {logging_mixin.py:190} INFO - [2024-12-19T21:04:39.528-0800] {dagbag.py:588} INFO - Filling up the DagBag from /Users/rishukhurana/anaconda3/lib/python3.11/site-packages/airflow/example_dags/example_outlet_event_extra.py
[2024-12-19T21:04:40.404-0800] {processor.py:925} INFO - DAG(s) 'dataset_with_extra_by_context', 'dataset_with_extra_by_yield', 'dataset_with_extra_from_classic_operator' retrieved from /Users/rishukhurana/anaconda3/lib/python3.11/site-packages/airflow/example_dags/example_outlet_event_extra.py
[2024-12-19T21:04:40.483-0800] {logging_mixin.py:190} INFO - [2024-12-19T21:04:40.483-0800] {dag.py:3239} INFO - Sync 3 DAGs
[2024-12-19T21:04:40.499-0800] {logging_mixin.py:190} INFO - [2024-12-19T21:04:40.498-0800] {dag.py:4180} INFO - Setting next_dagrun for dataset_with_extra_by_context to 2024-12-19 00:00:00+00:00, run_after=2024-12-20 00:00:00+00:00
[2024-12-19T21:04:40.502-0800] {logging_mixin.py:190} INFO - [2024-12-19T21:04:40.502-0800] {dag.py:4180} INFO - Setting next_dagrun for dataset_with_extra_by_yield to 2024-12-19 00:00:00+00:00, run_after=2024-12-20 00:00:00+00:00
[2024-12-19T21:04:40.504-0800] {logging_mixin.py:190} INFO - [2024-12-19T21:04:40.503-0800] {dag.py:4180} INFO - Setting next_dagrun for dataset_with_extra_from_classic_operator to 2024-12-19 00:00:00+00:00, run_after=2024-12-20 00:00:00+00:00
[2024-12-19T21:04:40.525-0800] {processor.py:208} INFO - Processing /Users/rishukhurana/anaconda3/lib/python3.11/site-packages/airflow/example_dags/example_outlet_event_extra.py took 1.006 seconds
[2024-12-19T23:51:56.760-0800] {processor.py:186} INFO - Started process (PID=68798) to work on /Users/rishukhurana/anaconda3/lib/python3.11/site-packages/airflow/example_dags/example_outlet_event_extra.py
[2024-12-19T23:51:56.762-0800] {processor.py:914} INFO - Processing file /Users/rishukhurana/anaconda3/lib/python3.11/site-packages/airflow/example_dags/example_outlet_event_extra.py for tasks to queue
[2024-12-19T23:51:56.764-0800] {logging_mixin.py:190} INFO - [2024-12-19T23:51:56.763-0800] {dagbag.py:588} INFO - Filling up the DagBag from /Users/rishukhurana/anaconda3/lib/python3.11/site-packages/airflow/example_dags/example_outlet_event_extra.py
[2024-12-19T23:51:57.755-0800] {processor.py:925} INFO - DAG(s) 'dataset_with_extra_by_context', 'dataset_with_extra_by_yield', 'dataset_with_extra_from_classic_operator' retrieved from /Users/rishukhurana/anaconda3/lib/python3.11/site-packages/airflow/example_dags/example_outlet_event_extra.py
[2024-12-19T23:51:57.832-0800] {logging_mixin.py:190} INFO - [2024-12-19T23:51:57.832-0800] {dag.py:3239} INFO - Sync 3 DAGs
[2024-12-19T23:51:57.851-0800] {logging_mixin.py:190} INFO - [2024-12-19T23:51:57.851-0800] {dag.py:4180} INFO - Setting next_dagrun for dataset_with_extra_by_context to 2024-12-19 00:00:00+00:00, run_after=2024-12-20 00:00:00+00:00
[2024-12-19T23:51:57.855-0800] {logging_mixin.py:190} INFO - [2024-12-19T23:51:57.855-0800] {dag.py:4180} INFO - Setting next_dagrun for dataset_with_extra_by_yield to 2024-12-19 00:00:00+00:00, run_after=2024-12-20 00:00:00+00:00
[2024-12-19T23:51:57.857-0800] {logging_mixin.py:190} INFO - [2024-12-19T23:51:57.856-0800] {dag.py:4180} INFO - Setting next_dagrun for dataset_with_extra_from_classic_operator to 2024-12-19 00:00:00+00:00, run_after=2024-12-20 00:00:00+00:00
[2024-12-19T23:51:57.875-0800] {processor.py:208} INFO - Processing /Users/rishukhurana/anaconda3/lib/python3.11/site-packages/airflow/example_dags/example_outlet_event_extra.py took 1.124 seconds
[2024-12-20T08:19:59.951-0800] {processor.py:186} INFO - Started process (PID=69022) to work on /Users/rishukhurana/anaconda3/lib/python3.11/site-packages/airflow/example_dags/example_outlet_event_extra.py
[2024-12-20T08:19:59.955-0800] {processor.py:914} INFO - Processing file /Users/rishukhurana/anaconda3/lib/python3.11/site-packages/airflow/example_dags/example_outlet_event_extra.py for tasks to queue
[2024-12-20T08:19:59.959-0800] {logging_mixin.py:190} INFO - [2024-12-20T08:19:59.958-0800] {dagbag.py:588} INFO - Filling up the DagBag from /Users/rishukhurana/anaconda3/lib/python3.11/site-packages/airflow/example_dags/example_outlet_event_extra.py
[2024-12-20T08:20:00.843-0800] {processor.py:925} INFO - DAG(s) 'dataset_with_extra_by_context', 'dataset_with_extra_from_classic_operator', 'dataset_with_extra_by_yield' retrieved from /Users/rishukhurana/anaconda3/lib/python3.11/site-packages/airflow/example_dags/example_outlet_event_extra.py
[2024-12-20T08:20:00.964-0800] {logging_mixin.py:190} INFO - [2024-12-20T08:20:00.964-0800] {dag.py:3239} INFO - Sync 3 DAGs
[2024-12-20T08:20:00.987-0800] {logging_mixin.py:190} INFO - [2024-12-20T08:20:00.986-0800] {dag.py:4180} INFO - Setting next_dagrun for dataset_with_extra_by_context to 2024-12-19 00:00:00+00:00, run_after=2024-12-20 00:00:00+00:00
[2024-12-20T08:20:00.991-0800] {logging_mixin.py:190} INFO - [2024-12-20T08:20:00.990-0800] {dag.py:4180} INFO - Setting next_dagrun for dataset_with_extra_by_yield to 2024-12-19 00:00:00+00:00, run_after=2024-12-20 00:00:00+00:00
[2024-12-20T08:20:00.993-0800] {logging_mixin.py:190} INFO - [2024-12-20T08:20:00.993-0800] {dag.py:4180} INFO - Setting next_dagrun for dataset_with_extra_from_classic_operator to 2024-12-19 00:00:00+00:00, run_after=2024-12-20 00:00:00+00:00
[2024-12-20T08:20:01.012-0800] {processor.py:208} INFO - Processing /Users/rishukhurana/anaconda3/lib/python3.11/site-packages/airflow/example_dags/example_outlet_event_extra.py took 1.068 seconds
[2024-12-20T08:35:29.610-0800] {processor.py:186} INFO - Started process (PID=69247) to work on /Users/rishukhurana/anaconda3/lib/python3.11/site-packages/airflow/example_dags/example_outlet_event_extra.py
[2024-12-20T08:35:29.612-0800] {processor.py:914} INFO - Processing file /Users/rishukhurana/anaconda3/lib/python3.11/site-packages/airflow/example_dags/example_outlet_event_extra.py for tasks to queue
[2024-12-20T08:35:29.614-0800] {logging_mixin.py:190} INFO - [2024-12-20T08:35:29.614-0800] {dagbag.py:588} INFO - Filling up the DagBag from /Users/rishukhurana/anaconda3/lib/python3.11/site-packages/airflow/example_dags/example_outlet_event_extra.py
[2024-12-20T08:35:30.382-0800] {processor.py:925} INFO - DAG(s) 'dataset_with_extra_by_context', 'dataset_with_extra_by_yield', 'dataset_with_extra_from_classic_operator' retrieved from /Users/rishukhurana/anaconda3/lib/python3.11/site-packages/airflow/example_dags/example_outlet_event_extra.py
[2024-12-20T08:35:30.473-0800] {logging_mixin.py:190} INFO - [2024-12-20T08:35:30.473-0800] {dag.py:3239} INFO - Sync 3 DAGs
[2024-12-20T08:35:30.491-0800] {logging_mixin.py:190} INFO - [2024-12-20T08:35:30.491-0800] {dag.py:4180} INFO - Setting next_dagrun for dataset_with_extra_by_context to 2024-12-19 00:00:00+00:00, run_after=2024-12-20 00:00:00+00:00
[2024-12-20T08:35:30.495-0800] {logging_mixin.py:190} INFO - [2024-12-20T08:35:30.495-0800] {dag.py:4180} INFO - Setting next_dagrun for dataset_with_extra_by_yield to 2024-12-19 00:00:00+00:00, run_after=2024-12-20 00:00:00+00:00
[2024-12-20T08:35:30.497-0800] {logging_mixin.py:190} INFO - [2024-12-20T08:35:30.497-0800] {dag.py:4180} INFO - Setting next_dagrun for dataset_with_extra_from_classic_operator to 2024-12-19 00:00:00+00:00, run_after=2024-12-20 00:00:00+00:00
[2024-12-20T08:35:30.515-0800] {processor.py:208} INFO - Processing /Users/rishukhurana/anaconda3/lib/python3.11/site-packages/airflow/example_dags/example_outlet_event_extra.py took 0.911 seconds
[2024-12-20T09:39:51.935-0800] {processor.py:186} INFO - Started process (PID=69468) to work on /Users/rishukhurana/anaconda3/lib/python3.11/site-packages/airflow/example_dags/example_outlet_event_extra.py
[2024-12-20T09:39:51.937-0800] {processor.py:914} INFO - Processing file /Users/rishukhurana/anaconda3/lib/python3.11/site-packages/airflow/example_dags/example_outlet_event_extra.py for tasks to queue
[2024-12-20T09:39:51.938-0800] {logging_mixin.py:190} INFO - [2024-12-20T09:39:51.938-0800] {dagbag.py:588} INFO - Filling up the DagBag from /Users/rishukhurana/anaconda3/lib/python3.11/site-packages/airflow/example_dags/example_outlet_event_extra.py
[2024-12-20T09:39:52.768-0800] {processor.py:925} INFO - DAG(s) 'dataset_with_extra_by_context', 'dataset_with_extra_by_yield', 'dataset_with_extra_from_classic_operator' retrieved from /Users/rishukhurana/anaconda3/lib/python3.11/site-packages/airflow/example_dags/example_outlet_event_extra.py
[2024-12-20T09:39:52.846-0800] {logging_mixin.py:190} INFO - [2024-12-20T09:39:52.846-0800] {dag.py:3239} INFO - Sync 3 DAGs
[2024-12-20T09:39:52.868-0800] {logging_mixin.py:190} INFO - [2024-12-20T09:39:52.868-0800] {dag.py:4180} INFO - Setting next_dagrun for dataset_with_extra_by_context to 2024-12-19 00:00:00+00:00, run_after=2024-12-20 00:00:00+00:00
[2024-12-20T09:39:52.872-0800] {logging_mixin.py:190} INFO - [2024-12-20T09:39:52.872-0800] {dag.py:4180} INFO - Setting next_dagrun for dataset_with_extra_by_yield to 2024-12-19 00:00:00+00:00, run_after=2024-12-20 00:00:00+00:00
[2024-12-20T09:39:52.874-0800] {logging_mixin.py:190} INFO - [2024-12-20T09:39:52.874-0800] {dag.py:4180} INFO - Setting next_dagrun for dataset_with_extra_from_classic_operator to 2024-12-19 00:00:00+00:00, run_after=2024-12-20 00:00:00+00:00
[2024-12-20T09:39:52.892-0800] {processor.py:208} INFO - Processing /Users/rishukhurana/anaconda3/lib/python3.11/site-packages/airflow/example_dags/example_outlet_event_extra.py took 0.964 seconds
[2024-12-20T10:11:00.066-0800] {processor.py:186} INFO - Started process (PID=69678) to work on /Users/rishukhurana/anaconda3/lib/python3.11/site-packages/airflow/example_dags/example_outlet_event_extra.py
[2024-12-20T10:11:00.068-0800] {processor.py:914} INFO - Processing file /Users/rishukhurana/anaconda3/lib/python3.11/site-packages/airflow/example_dags/example_outlet_event_extra.py for tasks to queue
[2024-12-20T10:11:00.069-0800] {logging_mixin.py:190} INFO - [2024-12-20T10:11:00.069-0800] {dagbag.py:588} INFO - Filling up the DagBag from /Users/rishukhurana/anaconda3/lib/python3.11/site-packages/airflow/example_dags/example_outlet_event_extra.py
[2024-12-20T10:11:01.007-0800] {processor.py:925} INFO - DAG(s) 'dataset_with_extra_by_context', 'dataset_with_extra_by_yield', 'dataset_with_extra_from_classic_operator' retrieved from /Users/rishukhurana/anaconda3/lib/python3.11/site-packages/airflow/example_dags/example_outlet_event_extra.py
[2024-12-20T10:11:01.099-0800] {logging_mixin.py:190} INFO - [2024-12-20T10:11:01.099-0800] {dag.py:3239} INFO - Sync 3 DAGs
[2024-12-20T10:11:01.120-0800] {logging_mixin.py:190} INFO - [2024-12-20T10:11:01.120-0800] {dag.py:4180} INFO - Setting next_dagrun for dataset_with_extra_by_context to 2024-12-19 00:00:00+00:00, run_after=2024-12-20 00:00:00+00:00
[2024-12-20T10:11:01.124-0800] {logging_mixin.py:190} INFO - [2024-12-20T10:11:01.124-0800] {dag.py:4180} INFO - Setting next_dagrun for dataset_with_extra_by_yield to 2024-12-19 00:00:00+00:00, run_after=2024-12-20 00:00:00+00:00
[2024-12-20T10:11:01.126-0800] {logging_mixin.py:190} INFO - [2024-12-20T10:11:01.126-0800] {dag.py:4180} INFO - Setting next_dagrun for dataset_with_extra_from_classic_operator to 2024-12-19 00:00:00+00:00, run_after=2024-12-20 00:00:00+00:00
[2024-12-20T10:11:01.146-0800] {processor.py:208} INFO - Processing /Users/rishukhurana/anaconda3/lib/python3.11/site-packages/airflow/example_dags/example_outlet_event_extra.py took 1.086 seconds
[2024-12-20T10:14:42.571-0800] {processor.py:186} INFO - Started process (PID=69869) to work on /Users/rishukhurana/anaconda3/lib/python3.11/site-packages/airflow/example_dags/example_outlet_event_extra.py
[2024-12-20T10:14:42.575-0800] {processor.py:914} INFO - Processing file /Users/rishukhurana/anaconda3/lib/python3.11/site-packages/airflow/example_dags/example_outlet_event_extra.py for tasks to queue
[2024-12-20T10:14:42.576-0800] {logging_mixin.py:190} INFO - [2024-12-20T10:14:42.576-0800] {dagbag.py:588} INFO - Filling up the DagBag from /Users/rishukhurana/anaconda3/lib/python3.11/site-packages/airflow/example_dags/example_outlet_event_extra.py
[2024-12-20T10:14:43.463-0800] {processor.py:925} INFO - DAG(s) 'dataset_with_extra_from_classic_operator', 'dataset_with_extra_by_context', 'dataset_with_extra_by_yield' retrieved from /Users/rishukhurana/anaconda3/lib/python3.11/site-packages/airflow/example_dags/example_outlet_event_extra.py
[2024-12-20T10:14:43.549-0800] {logging_mixin.py:190} INFO - [2024-12-20T10:14:43.549-0800] {dag.py:3239} INFO - Sync 3 DAGs
[2024-12-20T10:14:43.567-0800] {logging_mixin.py:190} INFO - [2024-12-20T10:14:43.566-0800] {dag.py:4180} INFO - Setting next_dagrun for dataset_with_extra_by_context to 2024-12-19 00:00:00+00:00, run_after=2024-12-20 00:00:00+00:00
[2024-12-20T10:14:43.571-0800] {logging_mixin.py:190} INFO - [2024-12-20T10:14:43.570-0800] {dag.py:4180} INFO - Setting next_dagrun for dataset_with_extra_by_yield to 2024-12-19 00:00:00+00:00, run_after=2024-12-20 00:00:00+00:00
[2024-12-20T10:14:43.573-0800] {logging_mixin.py:190} INFO - [2024-12-20T10:14:43.572-0800] {dag.py:4180} INFO - Setting next_dagrun for dataset_with_extra_from_classic_operator to 2024-12-19 00:00:00+00:00, run_after=2024-12-20 00:00:00+00:00
[2024-12-20T10:14:43.589-0800] {processor.py:208} INFO - Processing /Users/rishukhurana/anaconda3/lib/python3.11/site-packages/airflow/example_dags/example_outlet_event_extra.py took 1.025 seconds
[2024-12-20T10:17:52.556-0800] {processor.py:186} INFO - Started process (PID=70043) to work on /Users/rishukhurana/anaconda3/lib/python3.11/site-packages/airflow/example_dags/example_outlet_event_extra.py
[2024-12-20T10:17:52.558-0800] {processor.py:914} INFO - Processing file /Users/rishukhurana/anaconda3/lib/python3.11/site-packages/airflow/example_dags/example_outlet_event_extra.py for tasks to queue
[2024-12-20T10:17:52.560-0800] {logging_mixin.py:190} INFO - [2024-12-20T10:17:52.559-0800] {dagbag.py:588} INFO - Filling up the DagBag from /Users/rishukhurana/anaconda3/lib/python3.11/site-packages/airflow/example_dags/example_outlet_event_extra.py
[2024-12-20T10:17:53.348-0800] {processor.py:925} INFO - DAG(s) 'dataset_with_extra_from_classic_operator', 'dataset_with_extra_by_yield', 'dataset_with_extra_by_context' retrieved from /Users/rishukhurana/anaconda3/lib/python3.11/site-packages/airflow/example_dags/example_outlet_event_extra.py
[2024-12-20T10:17:53.441-0800] {logging_mixin.py:190} INFO - [2024-12-20T10:17:53.441-0800] {dag.py:3239} INFO - Sync 3 DAGs
[2024-12-20T10:17:53.459-0800] {logging_mixin.py:190} INFO - [2024-12-20T10:17:53.459-0800] {dag.py:4180} INFO - Setting next_dagrun for dataset_with_extra_by_context to 2024-12-19 00:00:00+00:00, run_after=2024-12-20 00:00:00+00:00
[2024-12-20T10:17:53.463-0800] {logging_mixin.py:190} INFO - [2024-12-20T10:17:53.463-0800] {dag.py:4180} INFO - Setting next_dagrun for dataset_with_extra_by_yield to 2024-12-19 00:00:00+00:00, run_after=2024-12-20 00:00:00+00:00
[2024-12-20T10:17:53.465-0800] {logging_mixin.py:190} INFO - [2024-12-20T10:17:53.465-0800] {dag.py:4180} INFO - Setting next_dagrun for dataset_with_extra_from_classic_operator to 2024-12-19 00:00:00+00:00, run_after=2024-12-20 00:00:00+00:00
[2024-12-20T10:17:53.481-0800] {processor.py:208} INFO - Processing /Users/rishukhurana/anaconda3/lib/python3.11/site-packages/airflow/example_dags/example_outlet_event_extra.py took 0.931 seconds
[2024-12-20T10:20:54.710-0800] {processor.py:186} INFO - Started process (PID=70206) to work on /Users/rishukhurana/anaconda3/lib/python3.11/site-packages/airflow/example_dags/example_outlet_event_extra.py
[2024-12-20T10:20:54.712-0800] {processor.py:914} INFO - Processing file /Users/rishukhurana/anaconda3/lib/python3.11/site-packages/airflow/example_dags/example_outlet_event_extra.py for tasks to queue
[2024-12-20T10:20:54.713-0800] {logging_mixin.py:190} INFO - [2024-12-20T10:20:54.713-0800] {dagbag.py:588} INFO - Filling up the DagBag from /Users/rishukhurana/anaconda3/lib/python3.11/site-packages/airflow/example_dags/example_outlet_event_extra.py
[2024-12-20T10:20:55.520-0800] {processor.py:925} INFO - DAG(s) 'dataset_with_extra_by_context', 'dataset_with_extra_by_yield', 'dataset_with_extra_from_classic_operator' retrieved from /Users/rishukhurana/anaconda3/lib/python3.11/site-packages/airflow/example_dags/example_outlet_event_extra.py
[2024-12-20T10:20:55.608-0800] {logging_mixin.py:190} INFO - [2024-12-20T10:20:55.608-0800] {dag.py:3239} INFO - Sync 3 DAGs
[2024-12-20T10:20:55.626-0800] {logging_mixin.py:190} INFO - [2024-12-20T10:20:55.626-0800] {dag.py:4180} INFO - Setting next_dagrun for dataset_with_extra_by_context to 2024-12-19 00:00:00+00:00, run_after=2024-12-20 00:00:00+00:00
[2024-12-20T10:20:55.631-0800] {logging_mixin.py:190} INFO - [2024-12-20T10:20:55.630-0800] {dag.py:4180} INFO - Setting next_dagrun for dataset_with_extra_by_yield to 2024-12-19 00:00:00+00:00, run_after=2024-12-20 00:00:00+00:00
[2024-12-20T10:20:55.634-0800] {logging_mixin.py:190} INFO - [2024-12-20T10:20:55.634-0800] {dag.py:4180} INFO - Setting next_dagrun for dataset_with_extra_from_classic_operator to 2024-12-19 00:00:00+00:00, run_after=2024-12-20 00:00:00+00:00
[2024-12-20T10:20:55.653-0800] {processor.py:208} INFO - Processing /Users/rishukhurana/anaconda3/lib/python3.11/site-packages/airflow/example_dags/example_outlet_event_extra.py took 0.950 seconds
[2024-12-20T10:23:55.340-0800] {processor.py:186} INFO - Started process (PID=70376) to work on /Users/rishukhurana/anaconda3/lib/python3.11/site-packages/airflow/example_dags/example_outlet_event_extra.py
[2024-12-20T10:23:55.343-0800] {processor.py:914} INFO - Processing file /Users/rishukhurana/anaconda3/lib/python3.11/site-packages/airflow/example_dags/example_outlet_event_extra.py for tasks to queue
[2024-12-20T10:23:55.344-0800] {logging_mixin.py:190} INFO - [2024-12-20T10:23:55.344-0800] {dagbag.py:588} INFO - Filling up the DagBag from /Users/rishukhurana/anaconda3/lib/python3.11/site-packages/airflow/example_dags/example_outlet_event_extra.py
[2024-12-20T10:23:56.226-0800] {processor.py:925} INFO - DAG(s) 'dataset_with_extra_by_yield', 'dataset_with_extra_by_context', 'dataset_with_extra_from_classic_operator' retrieved from /Users/rishukhurana/anaconda3/lib/python3.11/site-packages/airflow/example_dags/example_outlet_event_extra.py
[2024-12-20T10:23:56.313-0800] {logging_mixin.py:190} INFO - [2024-12-20T10:23:56.313-0800] {dag.py:3239} INFO - Sync 3 DAGs
[2024-12-20T10:23:56.331-0800] {logging_mixin.py:190} INFO - [2024-12-20T10:23:56.331-0800] {dag.py:4180} INFO - Setting next_dagrun for dataset_with_extra_by_context to 2024-12-19 00:00:00+00:00, run_after=2024-12-20 00:00:00+00:00
[2024-12-20T10:23:56.336-0800] {logging_mixin.py:190} INFO - [2024-12-20T10:23:56.336-0800] {dag.py:4180} INFO - Setting next_dagrun for dataset_with_extra_by_yield to 2024-12-19 00:00:00+00:00, run_after=2024-12-20 00:00:00+00:00
[2024-12-20T10:23:56.338-0800] {logging_mixin.py:190} INFO - [2024-12-20T10:23:56.338-0800] {dag.py:4180} INFO - Setting next_dagrun for dataset_with_extra_from_classic_operator to 2024-12-19 00:00:00+00:00, run_after=2024-12-20 00:00:00+00:00
[2024-12-20T10:23:56.358-0800] {processor.py:208} INFO - Processing /Users/rishukhurana/anaconda3/lib/python3.11/site-packages/airflow/example_dags/example_outlet_event_extra.py took 1.023 seconds
[2024-12-20T10:26:53.774-0800] {processor.py:186} INFO - Started process (PID=70534) to work on /Users/rishukhurana/anaconda3/lib/python3.11/site-packages/airflow/example_dags/example_outlet_event_extra.py
[2024-12-20T10:26:53.777-0800] {processor.py:914} INFO - Processing file /Users/rishukhurana/anaconda3/lib/python3.11/site-packages/airflow/example_dags/example_outlet_event_extra.py for tasks to queue
[2024-12-20T10:26:53.778-0800] {logging_mixin.py:190} INFO - [2024-12-20T10:26:53.778-0800] {dagbag.py:588} INFO - Filling up the DagBag from /Users/rishukhurana/anaconda3/lib/python3.11/site-packages/airflow/example_dags/example_outlet_event_extra.py
[2024-12-20T10:26:54.792-0800] {processor.py:925} INFO - DAG(s) 'dataset_with_extra_by_context', 'dataset_with_extra_by_yield', 'dataset_with_extra_from_classic_operator' retrieved from /Users/rishukhurana/anaconda3/lib/python3.11/site-packages/airflow/example_dags/example_outlet_event_extra.py
[2024-12-20T10:26:54.898-0800] {logging_mixin.py:190} INFO - [2024-12-20T10:26:54.897-0800] {dag.py:3239} INFO - Sync 3 DAGs
[2024-12-20T10:26:54.918-0800] {logging_mixin.py:190} INFO - [2024-12-20T10:26:54.917-0800] {dag.py:4180} INFO - Setting next_dagrun for dataset_with_extra_by_context to 2024-12-19 00:00:00+00:00, run_after=2024-12-20 00:00:00+00:00
[2024-12-20T10:26:54.924-0800] {logging_mixin.py:190} INFO - [2024-12-20T10:26:54.924-0800] {dag.py:4180} INFO - Setting next_dagrun for dataset_with_extra_by_yield to 2024-12-19 00:00:00+00:00, run_after=2024-12-20 00:00:00+00:00
[2024-12-20T10:26:54.926-0800] {logging_mixin.py:190} INFO - [2024-12-20T10:26:54.926-0800] {dag.py:4180} INFO - Setting next_dagrun for dataset_with_extra_from_classic_operator to 2024-12-19 00:00:00+00:00, run_after=2024-12-20 00:00:00+00:00
[2024-12-20T10:26:54.945-0800] {processor.py:208} INFO - Processing /Users/rishukhurana/anaconda3/lib/python3.11/site-packages/airflow/example_dags/example_outlet_event_extra.py took 1.178 seconds
[2024-12-20T10:29:57.615-0800] {processor.py:186} INFO - Started process (PID=70685) to work on /Users/rishukhurana/anaconda3/lib/python3.11/site-packages/airflow/example_dags/example_outlet_event_extra.py
[2024-12-20T10:29:57.618-0800] {processor.py:914} INFO - Processing file /Users/rishukhurana/anaconda3/lib/python3.11/site-packages/airflow/example_dags/example_outlet_event_extra.py for tasks to queue
[2024-12-20T10:29:57.620-0800] {logging_mixin.py:190} INFO - [2024-12-20T10:29:57.619-0800] {dagbag.py:588} INFO - Filling up the DagBag from /Users/rishukhurana/anaconda3/lib/python3.11/site-packages/airflow/example_dags/example_outlet_event_extra.py
[2024-12-20T10:29:58.491-0800] {processor.py:925} INFO - DAG(s) 'dataset_with_extra_by_yield', 'dataset_with_extra_by_context', 'dataset_with_extra_from_classic_operator' retrieved from /Users/rishukhurana/anaconda3/lib/python3.11/site-packages/airflow/example_dags/example_outlet_event_extra.py
[2024-12-20T10:29:58.583-0800] {logging_mixin.py:190} INFO - [2024-12-20T10:29:58.582-0800] {dag.py:3239} INFO - Sync 3 DAGs
[2024-12-20T10:29:58.601-0800] {logging_mixin.py:190} INFO - [2024-12-20T10:29:58.600-0800] {dag.py:4180} INFO - Setting next_dagrun for dataset_with_extra_by_context to 2024-12-19 00:00:00+00:00, run_after=2024-12-20 00:00:00+00:00
[2024-12-20T10:29:58.604-0800] {logging_mixin.py:190} INFO - [2024-12-20T10:29:58.604-0800] {dag.py:4180} INFO - Setting next_dagrun for dataset_with_extra_by_yield to 2024-12-19 00:00:00+00:00, run_after=2024-12-20 00:00:00+00:00
[2024-12-20T10:29:58.606-0800] {logging_mixin.py:190} INFO - [2024-12-20T10:29:58.606-0800] {dag.py:4180} INFO - Setting next_dagrun for dataset_with_extra_from_classic_operator to 2024-12-19 00:00:00+00:00, run_after=2024-12-20 00:00:00+00:00
[2024-12-20T10:29:58.623-0800] {processor.py:208} INFO - Processing /Users/rishukhurana/anaconda3/lib/python3.11/site-packages/airflow/example_dags/example_outlet_event_extra.py took 1.015 seconds
[2024-12-20T10:33:03.276-0800] {processor.py:186} INFO - Started process (PID=70858) to work on /Users/rishukhurana/anaconda3/lib/python3.11/site-packages/airflow/example_dags/example_outlet_event_extra.py
[2024-12-20T10:33:03.278-0800] {processor.py:914} INFO - Processing file /Users/rishukhurana/anaconda3/lib/python3.11/site-packages/airflow/example_dags/example_outlet_event_extra.py for tasks to queue
[2024-12-20T10:33:03.279-0800] {logging_mixin.py:190} INFO - [2024-12-20T10:33:03.279-0800] {dagbag.py:588} INFO - Filling up the DagBag from /Users/rishukhurana/anaconda3/lib/python3.11/site-packages/airflow/example_dags/example_outlet_event_extra.py
[2024-12-20T10:33:04.233-0800] {processor.py:925} INFO - DAG(s) 'dataset_with_extra_by_yield', 'dataset_with_extra_by_context', 'dataset_with_extra_from_classic_operator' retrieved from /Users/rishukhurana/anaconda3/lib/python3.11/site-packages/airflow/example_dags/example_outlet_event_extra.py
[2024-12-20T10:33:04.325-0800] {logging_mixin.py:190} INFO - [2024-12-20T10:33:04.324-0800] {dag.py:3239} INFO - Sync 3 DAGs
[2024-12-20T10:33:04.343-0800] {logging_mixin.py:190} INFO - [2024-12-20T10:33:04.343-0800] {dag.py:4180} INFO - Setting next_dagrun for dataset_with_extra_by_context to 2024-12-19 00:00:00+00:00, run_after=2024-12-20 00:00:00+00:00
[2024-12-20T10:33:04.346-0800] {logging_mixin.py:190} INFO - [2024-12-20T10:33:04.346-0800] {dag.py:4180} INFO - Setting next_dagrun for dataset_with_extra_by_yield to 2024-12-19 00:00:00+00:00, run_after=2024-12-20 00:00:00+00:00
[2024-12-20T10:33:04.349-0800] {logging_mixin.py:190} INFO - [2024-12-20T10:33:04.348-0800] {dag.py:4180} INFO - Setting next_dagrun for dataset_with_extra_from_classic_operator to 2024-12-19 00:00:00+00:00, run_after=2024-12-20 00:00:00+00:00
[2024-12-20T10:33:04.367-0800] {processor.py:208} INFO - Processing /Users/rishukhurana/anaconda3/lib/python3.11/site-packages/airflow/example_dags/example_outlet_event_extra.py took 1.095 seconds
[2024-12-20T10:36:15.343-0800] {processor.py:186} INFO - Started process (PID=71027) to work on /Users/rishukhurana/anaconda3/lib/python3.11/site-packages/airflow/example_dags/example_outlet_event_extra.py
[2024-12-20T10:36:15.345-0800] {processor.py:914} INFO - Processing file /Users/rishukhurana/anaconda3/lib/python3.11/site-packages/airflow/example_dags/example_outlet_event_extra.py for tasks to queue
[2024-12-20T10:36:15.346-0800] {logging_mixin.py:190} INFO - [2024-12-20T10:36:15.346-0800] {dagbag.py:588} INFO - Filling up the DagBag from /Users/rishukhurana/anaconda3/lib/python3.11/site-packages/airflow/example_dags/example_outlet_event_extra.py
[2024-12-20T10:36:16.212-0800] {processor.py:925} INFO - DAG(s) 'dataset_with_extra_from_classic_operator', 'dataset_with_extra_by_yield', 'dataset_with_extra_by_context' retrieved from /Users/rishukhurana/anaconda3/lib/python3.11/site-packages/airflow/example_dags/example_outlet_event_extra.py
[2024-12-20T10:36:16.305-0800] {logging_mixin.py:190} INFO - [2024-12-20T10:36:16.305-0800] {dag.py:3239} INFO - Sync 3 DAGs
[2024-12-20T10:36:16.323-0800] {logging_mixin.py:190} INFO - [2024-12-20T10:36:16.323-0800] {dag.py:4180} INFO - Setting next_dagrun for dataset_with_extra_by_context to 2024-12-19 00:00:00+00:00, run_after=2024-12-20 00:00:00+00:00
[2024-12-20T10:36:16.327-0800] {logging_mixin.py:190} INFO - [2024-12-20T10:36:16.327-0800] {dag.py:4180} INFO - Setting next_dagrun for dataset_with_extra_by_yield to 2024-12-19 00:00:00+00:00, run_after=2024-12-20 00:00:00+00:00
[2024-12-20T10:36:16.328-0800] {logging_mixin.py:190} INFO - [2024-12-20T10:36:16.328-0800] {dag.py:4180} INFO - Setting next_dagrun for dataset_with_extra_from_classic_operator to 2024-12-19 00:00:00+00:00, run_after=2024-12-20 00:00:00+00:00
[2024-12-20T10:36:16.345-0800] {processor.py:208} INFO - Processing /Users/rishukhurana/anaconda3/lib/python3.11/site-packages/airflow/example_dags/example_outlet_event_extra.py took 1.010 seconds
[2024-12-20T10:39:30.744-0800] {processor.py:186} INFO - Started process (PID=71201) to work on /Users/rishukhurana/anaconda3/lib/python3.11/site-packages/airflow/example_dags/example_outlet_event_extra.py
[2024-12-20T10:39:30.746-0800] {processor.py:914} INFO - Processing file /Users/rishukhurana/anaconda3/lib/python3.11/site-packages/airflow/example_dags/example_outlet_event_extra.py for tasks to queue
[2024-12-20T10:39:30.748-0800] {logging_mixin.py:190} INFO - [2024-12-20T10:39:30.747-0800] {dagbag.py:588} INFO - Filling up the DagBag from /Users/rishukhurana/anaconda3/lib/python3.11/site-packages/airflow/example_dags/example_outlet_event_extra.py
[2024-12-20T10:39:31.482-0800] {processor.py:925} INFO - DAG(s) 'dataset_with_extra_from_classic_operator', 'dataset_with_extra_by_yield', 'dataset_with_extra_by_context' retrieved from /Users/rishukhurana/anaconda3/lib/python3.11/site-packages/airflow/example_dags/example_outlet_event_extra.py
[2024-12-20T10:39:31.575-0800] {logging_mixin.py:190} INFO - [2024-12-20T10:39:31.575-0800] {dag.py:3239} INFO - Sync 3 DAGs
[2024-12-20T10:39:31.594-0800] {logging_mixin.py:190} INFO - [2024-12-20T10:39:31.594-0800] {dag.py:4180} INFO - Setting next_dagrun for dataset_with_extra_by_context to 2024-12-19 00:00:00+00:00, run_after=2024-12-20 00:00:00+00:00
[2024-12-20T10:39:31.598-0800] {logging_mixin.py:190} INFO - [2024-12-20T10:39:31.598-0800] {dag.py:4180} INFO - Setting next_dagrun for dataset_with_extra_by_yield to 2024-12-19 00:00:00+00:00, run_after=2024-12-20 00:00:00+00:00
[2024-12-20T10:39:31.600-0800] {logging_mixin.py:190} INFO - [2024-12-20T10:39:31.600-0800] {dag.py:4180} INFO - Setting next_dagrun for dataset_with_extra_from_classic_operator to 2024-12-19 00:00:00+00:00, run_after=2024-12-20 00:00:00+00:00
[2024-12-20T10:39:31.618-0800] {processor.py:208} INFO - Processing /Users/rishukhurana/anaconda3/lib/python3.11/site-packages/airflow/example_dags/example_outlet_event_extra.py took 0.883 seconds
[2024-12-20T10:42:44.046-0800] {processor.py:186} INFO - Started process (PID=71357) to work on /Users/rishukhurana/anaconda3/lib/python3.11/site-packages/airflow/example_dags/example_outlet_event_extra.py
[2024-12-20T10:42:44.048-0800] {processor.py:914} INFO - Processing file /Users/rishukhurana/anaconda3/lib/python3.11/site-packages/airflow/example_dags/example_outlet_event_extra.py for tasks to queue
[2024-12-20T10:42:44.050-0800] {logging_mixin.py:190} INFO - [2024-12-20T10:42:44.050-0800] {dagbag.py:588} INFO - Filling up the DagBag from /Users/rishukhurana/anaconda3/lib/python3.11/site-packages/airflow/example_dags/example_outlet_event_extra.py
[2024-12-20T10:42:44.727-0800] {processor.py:925} INFO - DAG(s) 'dataset_with_extra_by_context', 'dataset_with_extra_by_yield', 'dataset_with_extra_from_classic_operator' retrieved from /Users/rishukhurana/anaconda3/lib/python3.11/site-packages/airflow/example_dags/example_outlet_event_extra.py
[2024-12-20T10:42:44.824-0800] {logging_mixin.py:190} INFO - [2024-12-20T10:42:44.823-0800] {dag.py:3239} INFO - Sync 3 DAGs
[2024-12-20T10:42:44.844-0800] {logging_mixin.py:190} INFO - [2024-12-20T10:42:44.843-0800] {dag.py:4180} INFO - Setting next_dagrun for dataset_with_extra_by_context to 2024-12-19 00:00:00+00:00, run_after=2024-12-20 00:00:00+00:00
[2024-12-20T10:42:44.847-0800] {logging_mixin.py:190} INFO - [2024-12-20T10:42:44.847-0800] {dag.py:4180} INFO - Setting next_dagrun for dataset_with_extra_by_yield to 2024-12-19 00:00:00+00:00, run_after=2024-12-20 00:00:00+00:00
[2024-12-20T10:42:44.849-0800] {logging_mixin.py:190} INFO - [2024-12-20T10:42:44.849-0800] {dag.py:4180} INFO - Setting next_dagrun for dataset_with_extra_from_classic_operator to 2024-12-19 00:00:00+00:00, run_after=2024-12-20 00:00:00+00:00
[2024-12-20T10:42:44.866-0800] {processor.py:208} INFO - Processing /Users/rishukhurana/anaconda3/lib/python3.11/site-packages/airflow/example_dags/example_outlet_event_extra.py took 0.827 seconds
[2024-12-20T10:45:54.171-0800] {processor.py:186} INFO - Started process (PID=71504) to work on /Users/rishukhurana/anaconda3/lib/python3.11/site-packages/airflow/example_dags/example_outlet_event_extra.py
[2024-12-20T10:45:54.173-0800] {processor.py:914} INFO - Processing file /Users/rishukhurana/anaconda3/lib/python3.11/site-packages/airflow/example_dags/example_outlet_event_extra.py for tasks to queue
[2024-12-20T10:45:54.175-0800] {logging_mixin.py:190} INFO - [2024-12-20T10:45:54.174-0800] {dagbag.py:588} INFO - Filling up the DagBag from /Users/rishukhurana/anaconda3/lib/python3.11/site-packages/airflow/example_dags/example_outlet_event_extra.py
[2024-12-20T10:45:54.957-0800] {processor.py:925} INFO - DAG(s) 'dataset_with_extra_from_classic_operator', 'dataset_with_extra_by_context', 'dataset_with_extra_by_yield' retrieved from /Users/rishukhurana/anaconda3/lib/python3.11/site-packages/airflow/example_dags/example_outlet_event_extra.py
[2024-12-20T10:45:55.057-0800] {logging_mixin.py:190} INFO - [2024-12-20T10:45:55.057-0800] {dag.py:3239} INFO - Sync 3 DAGs
[2024-12-20T10:45:55.077-0800] {logging_mixin.py:190} INFO - [2024-12-20T10:45:55.077-0800] {dag.py:4180} INFO - Setting next_dagrun for dataset_with_extra_by_context to 2024-12-19 00:00:00+00:00, run_after=2024-12-20 00:00:00+00:00
[2024-12-20T10:45:55.083-0800] {logging_mixin.py:190} INFO - [2024-12-20T10:45:55.083-0800] {dag.py:4180} INFO - Setting next_dagrun for dataset_with_extra_by_yield to 2024-12-19 00:00:00+00:00, run_after=2024-12-20 00:00:00+00:00
[2024-12-20T10:45:55.086-0800] {logging_mixin.py:190} INFO - [2024-12-20T10:45:55.086-0800] {dag.py:4180} INFO - Setting next_dagrun for dataset_with_extra_from_classic_operator to 2024-12-19 00:00:00+00:00, run_after=2024-12-20 00:00:00+00:00
[2024-12-20T10:45:55.104-0800] {processor.py:208} INFO - Processing /Users/rishukhurana/anaconda3/lib/python3.11/site-packages/airflow/example_dags/example_outlet_event_extra.py took 0.938 seconds
[2024-12-20T10:49:09.244-0800] {processor.py:186} INFO - Started process (PID=71651) to work on /Users/rishukhurana/anaconda3/lib/python3.11/site-packages/airflow/example_dags/example_outlet_event_extra.py
[2024-12-20T10:49:09.246-0800] {processor.py:914} INFO - Processing file /Users/rishukhurana/anaconda3/lib/python3.11/site-packages/airflow/example_dags/example_outlet_event_extra.py for tasks to queue
[2024-12-20T10:49:09.247-0800] {logging_mixin.py:190} INFO - [2024-12-20T10:49:09.247-0800] {dagbag.py:588} INFO - Filling up the DagBag from /Users/rishukhurana/anaconda3/lib/python3.11/site-packages/airflow/example_dags/example_outlet_event_extra.py
[2024-12-20T10:49:10.034-0800] {processor.py:925} INFO - DAG(s) 'dataset_with_extra_from_classic_operator', 'dataset_with_extra_by_yield', 'dataset_with_extra_by_context' retrieved from /Users/rishukhurana/anaconda3/lib/python3.11/site-packages/airflow/example_dags/example_outlet_event_extra.py
[2024-12-20T10:49:10.135-0800] {logging_mixin.py:190} INFO - [2024-12-20T10:49:10.135-0800] {dag.py:3239} INFO - Sync 3 DAGs
[2024-12-20T10:49:10.154-0800] {logging_mixin.py:190} INFO - [2024-12-20T10:49:10.154-0800] {dag.py:4180} INFO - Setting next_dagrun for dataset_with_extra_by_context to 2024-12-19 00:00:00+00:00, run_after=2024-12-20 00:00:00+00:00
[2024-12-20T10:49:10.158-0800] {logging_mixin.py:190} INFO - [2024-12-20T10:49:10.158-0800] {dag.py:4180} INFO - Setting next_dagrun for dataset_with_extra_by_yield to 2024-12-19 00:00:00+00:00, run_after=2024-12-20 00:00:00+00:00
[2024-12-20T10:49:10.160-0800] {logging_mixin.py:190} INFO - [2024-12-20T10:49:10.160-0800] {dag.py:4180} INFO - Setting next_dagrun for dataset_with_extra_from_classic_operator to 2024-12-19 00:00:00+00:00, run_after=2024-12-20 00:00:00+00:00
[2024-12-20T10:49:10.183-0800] {processor.py:208} INFO - Processing /Users/rishukhurana/anaconda3/lib/python3.11/site-packages/airflow/example_dags/example_outlet_event_extra.py took 0.945 seconds
[2024-12-20T10:52:27.103-0800] {processor.py:186} INFO - Started process (PID=71813) to work on /Users/rishukhurana/anaconda3/lib/python3.11/site-packages/airflow/example_dags/example_outlet_event_extra.py
[2024-12-20T10:52:27.106-0800] {processor.py:914} INFO - Processing file /Users/rishukhurana/anaconda3/lib/python3.11/site-packages/airflow/example_dags/example_outlet_event_extra.py for tasks to queue
[2024-12-20T10:52:27.107-0800] {logging_mixin.py:190} INFO - [2024-12-20T10:52:27.106-0800] {dagbag.py:588} INFO - Filling up the DagBag from /Users/rishukhurana/anaconda3/lib/python3.11/site-packages/airflow/example_dags/example_outlet_event_extra.py
[2024-12-20T10:52:27.847-0800] {processor.py:925} INFO - DAG(s) 'dataset_with_extra_by_yield', 'dataset_with_extra_by_context', 'dataset_with_extra_from_classic_operator' retrieved from /Users/rishukhurana/anaconda3/lib/python3.11/site-packages/airflow/example_dags/example_outlet_event_extra.py
[2024-12-20T10:52:27.942-0800] {logging_mixin.py:190} INFO - [2024-12-20T10:52:27.942-0800] {dag.py:3239} INFO - Sync 3 DAGs
[2024-12-20T10:52:27.961-0800] {logging_mixin.py:190} INFO - [2024-12-20T10:52:27.961-0800] {dag.py:4180} INFO - Setting next_dagrun for dataset_with_extra_by_context to 2024-12-19 00:00:00+00:00, run_after=2024-12-20 00:00:00+00:00
[2024-12-20T10:52:27.965-0800] {logging_mixin.py:190} INFO - [2024-12-20T10:52:27.965-0800] {dag.py:4180} INFO - Setting next_dagrun for dataset_with_extra_by_yield to 2024-12-19 00:00:00+00:00, run_after=2024-12-20 00:00:00+00:00
[2024-12-20T10:52:27.967-0800] {logging_mixin.py:190} INFO - [2024-12-20T10:52:27.967-0800] {dag.py:4180} INFO - Setting next_dagrun for dataset_with_extra_from_classic_operator to 2024-12-19 00:00:00+00:00, run_after=2024-12-20 00:00:00+00:00
[2024-12-20T10:52:27.984-0800] {processor.py:208} INFO - Processing /Users/rishukhurana/anaconda3/lib/python3.11/site-packages/airflow/example_dags/example_outlet_event_extra.py took 0.888 seconds
[2024-12-20T10:55:47.154-0800] {processor.py:186} INFO - Started process (PID=71961) to work on /Users/rishukhurana/anaconda3/lib/python3.11/site-packages/airflow/example_dags/example_outlet_event_extra.py
[2024-12-20T10:55:47.155-0800] {processor.py:914} INFO - Processing file /Users/rishukhurana/anaconda3/lib/python3.11/site-packages/airflow/example_dags/example_outlet_event_extra.py for tasks to queue
[2024-12-20T10:55:47.157-0800] {logging_mixin.py:190} INFO - [2024-12-20T10:55:47.157-0800] {dagbag.py:588} INFO - Filling up the DagBag from /Users/rishukhurana/anaconda3/lib/python3.11/site-packages/airflow/example_dags/example_outlet_event_extra.py
[2024-12-20T10:55:48.006-0800] {processor.py:925} INFO - DAG(s) 'dataset_with_extra_by_context', 'dataset_with_extra_by_yield', 'dataset_with_extra_from_classic_operator' retrieved from /Users/rishukhurana/anaconda3/lib/python3.11/site-packages/airflow/example_dags/example_outlet_event_extra.py
[2024-12-20T10:55:48.139-0800] {logging_mixin.py:190} INFO - [2024-12-20T10:55:48.139-0800] {dag.py:3239} INFO - Sync 3 DAGs
[2024-12-20T10:55:48.162-0800] {logging_mixin.py:190} INFO - [2024-12-20T10:55:48.161-0800] {dag.py:4180} INFO - Setting next_dagrun for dataset_with_extra_by_context to 2024-12-19 00:00:00+00:00, run_after=2024-12-20 00:00:00+00:00
[2024-12-20T10:55:48.166-0800] {logging_mixin.py:190} INFO - [2024-12-20T10:55:48.166-0800] {dag.py:4180} INFO - Setting next_dagrun for dataset_with_extra_by_yield to 2024-12-19 00:00:00+00:00, run_after=2024-12-20 00:00:00+00:00
[2024-12-20T10:55:48.169-0800] {logging_mixin.py:190} INFO - [2024-12-20T10:55:48.168-0800] {dag.py:4180} INFO - Setting next_dagrun for dataset_with_extra_from_classic_operator to 2024-12-19 00:00:00+00:00, run_after=2024-12-20 00:00:00+00:00
[2024-12-20T10:55:48.187-0800] {processor.py:208} INFO - Processing /Users/rishukhurana/anaconda3/lib/python3.11/site-packages/airflow/example_dags/example_outlet_event_extra.py took 1.039 seconds
[2024-12-20T10:58:56.235-0800] {processor.py:186} INFO - Started process (PID=72108) to work on /Users/rishukhurana/anaconda3/lib/python3.11/site-packages/airflow/example_dags/example_outlet_event_extra.py
[2024-12-20T10:58:56.237-0800] {processor.py:914} INFO - Processing file /Users/rishukhurana/anaconda3/lib/python3.11/site-packages/airflow/example_dags/example_outlet_event_extra.py for tasks to queue
[2024-12-20T10:58:56.239-0800] {logging_mixin.py:190} INFO - [2024-12-20T10:58:56.239-0800] {dagbag.py:588} INFO - Filling up the DagBag from /Users/rishukhurana/anaconda3/lib/python3.11/site-packages/airflow/example_dags/example_outlet_event_extra.py
[2024-12-20T10:58:56.901-0800] {processor.py:925} INFO - DAG(s) 'dataset_with_extra_by_yield', 'dataset_with_extra_by_context', 'dataset_with_extra_from_classic_operator' retrieved from /Users/rishukhurana/anaconda3/lib/python3.11/site-packages/airflow/example_dags/example_outlet_event_extra.py
[2024-12-20T10:58:56.996-0800] {logging_mixin.py:190} INFO - [2024-12-20T10:58:56.995-0800] {dag.py:3239} INFO - Sync 3 DAGs
[2024-12-20T10:58:57.015-0800] {logging_mixin.py:190} INFO - [2024-12-20T10:58:57.015-0800] {dag.py:4180} INFO - Setting next_dagrun for dataset_with_extra_by_context to 2024-12-19 00:00:00+00:00, run_after=2024-12-20 00:00:00+00:00
[2024-12-20T10:58:57.019-0800] {logging_mixin.py:190} INFO - [2024-12-20T10:58:57.019-0800] {dag.py:4180} INFO - Setting next_dagrun for dataset_with_extra_by_yield to 2024-12-19 00:00:00+00:00, run_after=2024-12-20 00:00:00+00:00
[2024-12-20T10:58:57.021-0800] {logging_mixin.py:190} INFO - [2024-12-20T10:58:57.021-0800] {dag.py:4180} INFO - Setting next_dagrun for dataset_with_extra_from_classic_operator to 2024-12-19 00:00:00+00:00, run_after=2024-12-20 00:00:00+00:00
[2024-12-20T10:58:57.038-0800] {processor.py:208} INFO - Processing /Users/rishukhurana/anaconda3/lib/python3.11/site-packages/airflow/example_dags/example_outlet_event_extra.py took 0.810 seconds
[2024-12-20T11:02:03.420-0800] {processor.py:186} INFO - Started process (PID=72253) to work on /Users/rishukhurana/anaconda3/lib/python3.11/site-packages/airflow/example_dags/example_outlet_event_extra.py
[2024-12-20T11:02:03.422-0800] {processor.py:914} INFO - Processing file /Users/rishukhurana/anaconda3/lib/python3.11/site-packages/airflow/example_dags/example_outlet_event_extra.py for tasks to queue
[2024-12-20T11:02:03.423-0800] {logging_mixin.py:190} INFO - [2024-12-20T11:02:03.423-0800] {dagbag.py:588} INFO - Filling up the DagBag from /Users/rishukhurana/anaconda3/lib/python3.11/site-packages/airflow/example_dags/example_outlet_event_extra.py
[2024-12-20T11:02:04.065-0800] {processor.py:925} INFO - DAG(s) 'dataset_with_extra_by_context', 'dataset_with_extra_from_classic_operator', 'dataset_with_extra_by_yield' retrieved from /Users/rishukhurana/anaconda3/lib/python3.11/site-packages/airflow/example_dags/example_outlet_event_extra.py
[2024-12-20T11:02:04.158-0800] {logging_mixin.py:190} INFO - [2024-12-20T11:02:04.158-0800] {dag.py:3239} INFO - Sync 3 DAGs
[2024-12-20T11:02:04.177-0800] {logging_mixin.py:190} INFO - [2024-12-20T11:02:04.177-0800] {dag.py:4180} INFO - Setting next_dagrun for dataset_with_extra_by_context to 2024-12-19 00:00:00+00:00, run_after=2024-12-20 00:00:00+00:00
[2024-12-20T11:02:04.181-0800] {logging_mixin.py:190} INFO - [2024-12-20T11:02:04.181-0800] {dag.py:4180} INFO - Setting next_dagrun for dataset_with_extra_by_yield to 2024-12-19 00:00:00+00:00, run_after=2024-12-20 00:00:00+00:00
[2024-12-20T11:02:04.183-0800] {logging_mixin.py:190} INFO - [2024-12-20T11:02:04.183-0800] {dag.py:4180} INFO - Setting next_dagrun for dataset_with_extra_from_classic_operator to 2024-12-19 00:00:00+00:00, run_after=2024-12-20 00:00:00+00:00
[2024-12-20T11:02:04.202-0800] {processor.py:208} INFO - Processing /Users/rishukhurana/anaconda3/lib/python3.11/site-packages/airflow/example_dags/example_outlet_event_extra.py took 0.789 seconds
[2024-12-20T11:05:22.301-0800] {processor.py:186} INFO - Started process (PID=72418) to work on /Users/rishukhurana/anaconda3/lib/python3.11/site-packages/airflow/example_dags/example_outlet_event_extra.py
[2024-12-20T11:05:22.303-0800] {processor.py:914} INFO - Processing file /Users/rishukhurana/anaconda3/lib/python3.11/site-packages/airflow/example_dags/example_outlet_event_extra.py for tasks to queue
[2024-12-20T11:05:22.304-0800] {logging_mixin.py:190} INFO - [2024-12-20T11:05:22.304-0800] {dagbag.py:588} INFO - Filling up the DagBag from /Users/rishukhurana/anaconda3/lib/python3.11/site-packages/airflow/example_dags/example_outlet_event_extra.py
[2024-12-20T11:05:23.386-0800] {processor.py:925} INFO - DAG(s) 'dataset_with_extra_by_yield', 'dataset_with_extra_from_classic_operator', 'dataset_with_extra_by_context' retrieved from /Users/rishukhurana/anaconda3/lib/python3.11/site-packages/airflow/example_dags/example_outlet_event_extra.py
[2024-12-20T11:05:23.502-0800] {logging_mixin.py:190} INFO - [2024-12-20T11:05:23.502-0800] {dag.py:3239} INFO - Sync 3 DAGs
[2024-12-20T11:05:23.526-0800] {logging_mixin.py:190} INFO - [2024-12-20T11:05:23.525-0800] {dag.py:4180} INFO - Setting next_dagrun for dataset_with_extra_by_context to 2024-12-19 00:00:00+00:00, run_after=2024-12-20 00:00:00+00:00
[2024-12-20T11:05:23.531-0800] {logging_mixin.py:190} INFO - [2024-12-20T11:05:23.531-0800] {dag.py:4180} INFO - Setting next_dagrun for dataset_with_extra_by_yield to 2024-12-19 00:00:00+00:00, run_after=2024-12-20 00:00:00+00:00
[2024-12-20T11:05:23.534-0800] {logging_mixin.py:190} INFO - [2024-12-20T11:05:23.534-0800] {dag.py:4180} INFO - Setting next_dagrun for dataset_with_extra_from_classic_operator to 2024-12-19 00:00:00+00:00, run_after=2024-12-20 00:00:00+00:00
[2024-12-20T11:05:23.556-0800] {processor.py:208} INFO - Processing /Users/rishukhurana/anaconda3/lib/python3.11/site-packages/airflow/example_dags/example_outlet_event_extra.py took 1.266 seconds
[2024-12-20T11:08:34.752-0800] {processor.py:186} INFO - Started process (PID=72567) to work on /Users/rishukhurana/anaconda3/lib/python3.11/site-packages/airflow/example_dags/example_outlet_event_extra.py
[2024-12-20T11:08:34.753-0800] {processor.py:914} INFO - Processing file /Users/rishukhurana/anaconda3/lib/python3.11/site-packages/airflow/example_dags/example_outlet_event_extra.py for tasks to queue
[2024-12-20T11:08:34.755-0800] {logging_mixin.py:190} INFO - [2024-12-20T11:08:34.755-0800] {dagbag.py:588} INFO - Filling up the DagBag from /Users/rishukhurana/anaconda3/lib/python3.11/site-packages/airflow/example_dags/example_outlet_event_extra.py
[2024-12-20T11:08:35.483-0800] {processor.py:925} INFO - DAG(s) 'dataset_with_extra_by_context', 'dataset_with_extra_from_classic_operator', 'dataset_with_extra_by_yield' retrieved from /Users/rishukhurana/anaconda3/lib/python3.11/site-packages/airflow/example_dags/example_outlet_event_extra.py
[2024-12-20T11:08:35.583-0800] {logging_mixin.py:190} INFO - [2024-12-20T11:08:35.583-0800] {dag.py:3239} INFO - Sync 3 DAGs
[2024-12-20T11:08:35.602-0800] {logging_mixin.py:190} INFO - [2024-12-20T11:08:35.601-0800] {dag.py:4180} INFO - Setting next_dagrun for dataset_with_extra_by_context to 2024-12-19 00:00:00+00:00, run_after=2024-12-20 00:00:00+00:00
[2024-12-20T11:08:35.607-0800] {logging_mixin.py:190} INFO - [2024-12-20T11:08:35.607-0800] {dag.py:4180} INFO - Setting next_dagrun for dataset_with_extra_by_yield to 2024-12-19 00:00:00+00:00, run_after=2024-12-20 00:00:00+00:00
[2024-12-20T11:08:35.609-0800] {logging_mixin.py:190} INFO - [2024-12-20T11:08:35.609-0800] {dag.py:4180} INFO - Setting next_dagrun for dataset_with_extra_from_classic_operator to 2024-12-19 00:00:00+00:00, run_after=2024-12-20 00:00:00+00:00
[2024-12-20T11:08:35.627-0800] {processor.py:208} INFO - Processing /Users/rishukhurana/anaconda3/lib/python3.11/site-packages/airflow/example_dags/example_outlet_event_extra.py took 0.884 seconds
[2024-12-20T11:11:50.064-0800] {processor.py:186} INFO - Started process (PID=72732) to work on /Users/rishukhurana/anaconda3/lib/python3.11/site-packages/airflow/example_dags/example_outlet_event_extra.py
[2024-12-20T11:11:50.066-0800] {processor.py:914} INFO - Processing file /Users/rishukhurana/anaconda3/lib/python3.11/site-packages/airflow/example_dags/example_outlet_event_extra.py for tasks to queue
[2024-12-20T11:11:50.067-0800] {logging_mixin.py:190} INFO - [2024-12-20T11:11:50.067-0800] {dagbag.py:588} INFO - Filling up the DagBag from /Users/rishukhurana/anaconda3/lib/python3.11/site-packages/airflow/example_dags/example_outlet_event_extra.py
[2024-12-20T11:11:50.779-0800] {processor.py:925} INFO - DAG(s) 'dataset_with_extra_by_context', 'dataset_with_extra_from_classic_operator', 'dataset_with_extra_by_yield' retrieved from /Users/rishukhurana/anaconda3/lib/python3.11/site-packages/airflow/example_dags/example_outlet_event_extra.py
[2024-12-20T11:11:50.878-0800] {logging_mixin.py:190} INFO - [2024-12-20T11:11:50.878-0800] {dag.py:3239} INFO - Sync 3 DAGs
[2024-12-20T11:11:50.898-0800] {logging_mixin.py:190} INFO - [2024-12-20T11:11:50.898-0800] {dag.py:4180} INFO - Setting next_dagrun for dataset_with_extra_by_context to 2024-12-19 00:00:00+00:00, run_after=2024-12-20 00:00:00+00:00
[2024-12-20T11:11:50.902-0800] {logging_mixin.py:190} INFO - [2024-12-20T11:11:50.902-0800] {dag.py:4180} INFO - Setting next_dagrun for dataset_with_extra_by_yield to 2024-12-19 00:00:00+00:00, run_after=2024-12-20 00:00:00+00:00
[2024-12-20T11:11:50.905-0800] {logging_mixin.py:190} INFO - [2024-12-20T11:11:50.905-0800] {dag.py:4180} INFO - Setting next_dagrun for dataset_with_extra_from_classic_operator to 2024-12-19 00:00:00+00:00, run_after=2024-12-20 00:00:00+00:00
[2024-12-20T11:11:50.925-0800] {processor.py:208} INFO - Processing /Users/rishukhurana/anaconda3/lib/python3.11/site-packages/airflow/example_dags/example_outlet_event_extra.py took 0.866 seconds
[2024-12-20T11:15:04.180-0800] {processor.py:186} INFO - Started process (PID=72886) to work on /Users/rishukhurana/anaconda3/lib/python3.11/site-packages/airflow/example_dags/example_outlet_event_extra.py
[2024-12-20T11:15:04.182-0800] {processor.py:914} INFO - Processing file /Users/rishukhurana/anaconda3/lib/python3.11/site-packages/airflow/example_dags/example_outlet_event_extra.py for tasks to queue
[2024-12-20T11:15:04.184-0800] {logging_mixin.py:190} INFO - [2024-12-20T11:15:04.183-0800] {dagbag.py:588} INFO - Filling up the DagBag from /Users/rishukhurana/anaconda3/lib/python3.11/site-packages/airflow/example_dags/example_outlet_event_extra.py
[2024-12-20T11:15:05.092-0800] {processor.py:925} INFO - DAG(s) 'dataset_with_extra_by_context', 'dataset_with_extra_from_classic_operator', 'dataset_with_extra_by_yield' retrieved from /Users/rishukhurana/anaconda3/lib/python3.11/site-packages/airflow/example_dags/example_outlet_event_extra.py
[2024-12-20T11:15:05.187-0800] {logging_mixin.py:190} INFO - [2024-12-20T11:15:05.187-0800] {dag.py:3239} INFO - Sync 3 DAGs
[2024-12-20T11:15:05.205-0800] {logging_mixin.py:190} INFO - [2024-12-20T11:15:05.205-0800] {dag.py:4180} INFO - Setting next_dagrun for dataset_with_extra_by_context to 2024-12-19 00:00:00+00:00, run_after=2024-12-20 00:00:00+00:00
[2024-12-20T11:15:05.209-0800] {logging_mixin.py:190} INFO - [2024-12-20T11:15:05.209-0800] {dag.py:4180} INFO - Setting next_dagrun for dataset_with_extra_by_yield to 2024-12-19 00:00:00+00:00, run_after=2024-12-20 00:00:00+00:00
[2024-12-20T11:15:05.212-0800] {logging_mixin.py:190} INFO - [2024-12-20T11:15:05.212-0800] {dag.py:4180} INFO - Setting next_dagrun for dataset_with_extra_from_classic_operator to 2024-12-19 00:00:00+00:00, run_after=2024-12-20 00:00:00+00:00
[2024-12-20T11:15:05.234-0800] {processor.py:208} INFO - Processing /Users/rishukhurana/anaconda3/lib/python3.11/site-packages/airflow/example_dags/example_outlet_event_extra.py took 1.061 seconds
[2024-12-20T11:18:10.539-0800] {processor.py:186} INFO - Started process (PID=73047) to work on /Users/rishukhurana/anaconda3/lib/python3.11/site-packages/airflow/example_dags/example_outlet_event_extra.py
[2024-12-20T11:18:10.542-0800] {processor.py:914} INFO - Processing file /Users/rishukhurana/anaconda3/lib/python3.11/site-packages/airflow/example_dags/example_outlet_event_extra.py for tasks to queue
[2024-12-20T11:18:10.544-0800] {logging_mixin.py:190} INFO - [2024-12-20T11:18:10.543-0800] {dagbag.py:588} INFO - Filling up the DagBag from /Users/rishukhurana/anaconda3/lib/python3.11/site-packages/airflow/example_dags/example_outlet_event_extra.py
[2024-12-20T11:18:11.546-0800] {processor.py:925} INFO - DAG(s) 'dataset_with_extra_by_context', 'dataset_with_extra_by_yield', 'dataset_with_extra_from_classic_operator' retrieved from /Users/rishukhurana/anaconda3/lib/python3.11/site-packages/airflow/example_dags/example_outlet_event_extra.py
[2024-12-20T11:18:11.625-0800] {logging_mixin.py:190} INFO - [2024-12-20T11:18:11.625-0800] {dag.py:3239} INFO - Sync 3 DAGs
[2024-12-20T11:18:11.642-0800] {logging_mixin.py:190} INFO - [2024-12-20T11:18:11.642-0800] {dag.py:4180} INFO - Setting next_dagrun for dataset_with_extra_by_context to 2024-12-19 00:00:00+00:00, run_after=2024-12-20 00:00:00+00:00
[2024-12-20T11:18:11.645-0800] {logging_mixin.py:190} INFO - [2024-12-20T11:18:11.645-0800] {dag.py:4180} INFO - Setting next_dagrun for dataset_with_extra_by_yield to 2024-12-19 00:00:00+00:00, run_after=2024-12-20 00:00:00+00:00
[2024-12-20T11:18:11.647-0800] {logging_mixin.py:190} INFO - [2024-12-20T11:18:11.647-0800] {dag.py:4180} INFO - Setting next_dagrun for dataset_with_extra_from_classic_operator to 2024-12-19 00:00:00+00:00, run_after=2024-12-20 00:00:00+00:00
[2024-12-20T11:18:11.663-0800] {processor.py:208} INFO - Processing /Users/rishukhurana/anaconda3/lib/python3.11/site-packages/airflow/example_dags/example_outlet_event_extra.py took 1.129 seconds
[2024-12-20T11:21:14.837-0800] {processor.py:186} INFO - Started process (PID=73206) to work on /Users/rishukhurana/anaconda3/lib/python3.11/site-packages/airflow/example_dags/example_outlet_event_extra.py
[2024-12-20T11:21:14.839-0800] {processor.py:914} INFO - Processing file /Users/rishukhurana/anaconda3/lib/python3.11/site-packages/airflow/example_dags/example_outlet_event_extra.py for tasks to queue
[2024-12-20T11:21:14.841-0800] {logging_mixin.py:190} INFO - [2024-12-20T11:21:14.840-0800] {dagbag.py:588} INFO - Filling up the DagBag from /Users/rishukhurana/anaconda3/lib/python3.11/site-packages/airflow/example_dags/example_outlet_event_extra.py
[2024-12-20T11:21:15.865-0800] {processor.py:925} INFO - DAG(s) 'dataset_with_extra_by_context', 'dataset_with_extra_by_yield', 'dataset_with_extra_from_classic_operator' retrieved from /Users/rishukhurana/anaconda3/lib/python3.11/site-packages/airflow/example_dags/example_outlet_event_extra.py
[2024-12-20T11:21:15.943-0800] {logging_mixin.py:190} INFO - [2024-12-20T11:21:15.943-0800] {dag.py:3239} INFO - Sync 3 DAGs
[2024-12-20T11:21:15.959-0800] {logging_mixin.py:190} INFO - [2024-12-20T11:21:15.959-0800] {dag.py:4180} INFO - Setting next_dagrun for dataset_with_extra_by_context to 2024-12-19 00:00:00+00:00, run_after=2024-12-20 00:00:00+00:00
[2024-12-20T11:21:15.962-0800] {logging_mixin.py:190} INFO - [2024-12-20T11:21:15.962-0800] {dag.py:4180} INFO - Setting next_dagrun for dataset_with_extra_by_yield to 2024-12-19 00:00:00+00:00, run_after=2024-12-20 00:00:00+00:00
[2024-12-20T11:21:15.964-0800] {logging_mixin.py:190} INFO - [2024-12-20T11:21:15.964-0800] {dag.py:4180} INFO - Setting next_dagrun for dataset_with_extra_from_classic_operator to 2024-12-19 00:00:00+00:00, run_after=2024-12-20 00:00:00+00:00
[2024-12-20T11:21:15.988-0800] {processor.py:208} INFO - Processing /Users/rishukhurana/anaconda3/lib/python3.11/site-packages/airflow/example_dags/example_outlet_event_extra.py took 1.156 seconds
[2024-12-20T11:24:18.346-0800] {processor.py:186} INFO - Started process (PID=73374) to work on /Users/rishukhurana/anaconda3/lib/python3.11/site-packages/airflow/example_dags/example_outlet_event_extra.py
[2024-12-20T11:24:18.348-0800] {processor.py:914} INFO - Processing file /Users/rishukhurana/anaconda3/lib/python3.11/site-packages/airflow/example_dags/example_outlet_event_extra.py for tasks to queue
[2024-12-20T11:24:18.349-0800] {logging_mixin.py:190} INFO - [2024-12-20T11:24:18.349-0800] {dagbag.py:588} INFO - Filling up the DagBag from /Users/rishukhurana/anaconda3/lib/python3.11/site-packages/airflow/example_dags/example_outlet_event_extra.py
[2024-12-20T11:24:19.325-0800] {processor.py:925} INFO - DAG(s) 'dataset_with_extra_from_classic_operator', 'dataset_with_extra_by_yield', 'dataset_with_extra_by_context' retrieved from /Users/rishukhurana/anaconda3/lib/python3.11/site-packages/airflow/example_dags/example_outlet_event_extra.py
[2024-12-20T11:24:19.421-0800] {logging_mixin.py:190} INFO - [2024-12-20T11:24:19.421-0800] {dag.py:3239} INFO - Sync 3 DAGs
[2024-12-20T11:24:19.438-0800] {logging_mixin.py:190} INFO - [2024-12-20T11:24:19.438-0800] {dag.py:4180} INFO - Setting next_dagrun for dataset_with_extra_by_context to 2024-12-19 00:00:00+00:00, run_after=2024-12-20 00:00:00+00:00
[2024-12-20T11:24:19.442-0800] {logging_mixin.py:190} INFO - [2024-12-20T11:24:19.441-0800] {dag.py:4180} INFO - Setting next_dagrun for dataset_with_extra_by_yield to 2024-12-19 00:00:00+00:00, run_after=2024-12-20 00:00:00+00:00
[2024-12-20T11:24:19.444-0800] {logging_mixin.py:190} INFO - [2024-12-20T11:24:19.443-0800] {dag.py:4180} INFO - Setting next_dagrun for dataset_with_extra_from_classic_operator to 2024-12-19 00:00:00+00:00, run_after=2024-12-20 00:00:00+00:00
[2024-12-20T11:24:19.459-0800] {processor.py:208} INFO - Processing /Users/rishukhurana/anaconda3/lib/python3.11/site-packages/airflow/example_dags/example_outlet_event_extra.py took 1.121 seconds
[2024-12-20T11:27:20.702-0800] {processor.py:186} INFO - Started process (PID=73531) to work on /Users/rishukhurana/anaconda3/lib/python3.11/site-packages/airflow/example_dags/example_outlet_event_extra.py
[2024-12-20T11:27:20.704-0800] {processor.py:914} INFO - Processing file /Users/rishukhurana/anaconda3/lib/python3.11/site-packages/airflow/example_dags/example_outlet_event_extra.py for tasks to queue
[2024-12-20T11:27:20.706-0800] {logging_mixin.py:190} INFO - [2024-12-20T11:27:20.705-0800] {dagbag.py:588} INFO - Filling up the DagBag from /Users/rishukhurana/anaconda3/lib/python3.11/site-packages/airflow/example_dags/example_outlet_event_extra.py
[2024-12-20T11:27:21.346-0800] {processor.py:925} INFO - DAG(s) 'dataset_with_extra_from_classic_operator', 'dataset_with_extra_by_yield', 'dataset_with_extra_by_context' retrieved from /Users/rishukhurana/anaconda3/lib/python3.11/site-packages/airflow/example_dags/example_outlet_event_extra.py
[2024-12-20T11:27:21.442-0800] {logging_mixin.py:190} INFO - [2024-12-20T11:27:21.442-0800] {dag.py:3239} INFO - Sync 3 DAGs
[2024-12-20T11:27:21.460-0800] {logging_mixin.py:190} INFO - [2024-12-20T11:27:21.460-0800] {dag.py:4180} INFO - Setting next_dagrun for dataset_with_extra_by_context to 2024-12-19 00:00:00+00:00, run_after=2024-12-20 00:00:00+00:00
[2024-12-20T11:27:21.464-0800] {logging_mixin.py:190} INFO - [2024-12-20T11:27:21.464-0800] {dag.py:4180} INFO - Setting next_dagrun for dataset_with_extra_by_yield to 2024-12-19 00:00:00+00:00, run_after=2024-12-20 00:00:00+00:00
[2024-12-20T11:27:21.467-0800] {logging_mixin.py:190} INFO - [2024-12-20T11:27:21.466-0800] {dag.py:4180} INFO - Setting next_dagrun for dataset_with_extra_from_classic_operator to 2024-12-19 00:00:00+00:00, run_after=2024-12-20 00:00:00+00:00
[2024-12-20T11:27:21.483-0800] {processor.py:208} INFO - Processing /Users/rishukhurana/anaconda3/lib/python3.11/site-packages/airflow/example_dags/example_outlet_event_extra.py took 0.788 seconds
[2024-12-20T11:30:19.920-0800] {processor.py:186} INFO - Started process (PID=73678) to work on /Users/rishukhurana/anaconda3/lib/python3.11/site-packages/airflow/example_dags/example_outlet_event_extra.py
[2024-12-20T11:30:19.923-0800] {processor.py:914} INFO - Processing file /Users/rishukhurana/anaconda3/lib/python3.11/site-packages/airflow/example_dags/example_outlet_event_extra.py for tasks to queue
[2024-12-20T11:30:19.924-0800] {logging_mixin.py:190} INFO - [2024-12-20T11:30:19.924-0800] {dagbag.py:588} INFO - Filling up the DagBag from /Users/rishukhurana/anaconda3/lib/python3.11/site-packages/airflow/example_dags/example_outlet_event_extra.py
[2024-12-20T11:30:21.007-0800] {processor.py:925} INFO - DAG(s) 'dataset_with_extra_by_context', 'dataset_with_extra_by_yield', 'dataset_with_extra_from_classic_operator' retrieved from /Users/rishukhurana/anaconda3/lib/python3.11/site-packages/airflow/example_dags/example_outlet_event_extra.py
[2024-12-20T11:30:21.091-0800] {logging_mixin.py:190} INFO - [2024-12-20T11:30:21.090-0800] {dag.py:3239} INFO - Sync 3 DAGs
[2024-12-20T11:30:21.108-0800] {logging_mixin.py:190} INFO - [2024-12-20T11:30:21.108-0800] {dag.py:4180} INFO - Setting next_dagrun for dataset_with_extra_by_context to 2024-12-19 00:00:00+00:00, run_after=2024-12-20 00:00:00+00:00
[2024-12-20T11:30:21.111-0800] {logging_mixin.py:190} INFO - [2024-12-20T11:30:21.111-0800] {dag.py:4180} INFO - Setting next_dagrun for dataset_with_extra_by_yield to 2024-12-19 00:00:00+00:00, run_after=2024-12-20 00:00:00+00:00
[2024-12-20T11:30:21.113-0800] {logging_mixin.py:190} INFO - [2024-12-20T11:30:21.113-0800] {dag.py:4180} INFO - Setting next_dagrun for dataset_with_extra_from_classic_operator to 2024-12-19 00:00:00+00:00, run_after=2024-12-20 00:00:00+00:00
[2024-12-20T11:30:21.130-0800] {processor.py:208} INFO - Processing /Users/rishukhurana/anaconda3/lib/python3.11/site-packages/airflow/example_dags/example_outlet_event_extra.py took 1.218 seconds
[2024-12-20T11:33:22.544-0800] {processor.py:186} INFO - Started process (PID=73835) to work on /Users/rishukhurana/anaconda3/lib/python3.11/site-packages/airflow/example_dags/example_outlet_event_extra.py
[2024-12-20T11:33:22.547-0800] {processor.py:914} INFO - Processing file /Users/rishukhurana/anaconda3/lib/python3.11/site-packages/airflow/example_dags/example_outlet_event_extra.py for tasks to queue
[2024-12-20T11:33:22.548-0800] {logging_mixin.py:190} INFO - [2024-12-20T11:33:22.548-0800] {dagbag.py:588} INFO - Filling up the DagBag from /Users/rishukhurana/anaconda3/lib/python3.11/site-packages/airflow/example_dags/example_outlet_event_extra.py
[2024-12-20T11:33:23.028-0800] {processor.py:925} INFO - DAG(s) 'dataset_with_extra_from_classic_operator', 'dataset_with_extra_by_yield', 'dataset_with_extra_by_context' retrieved from /Users/rishukhurana/anaconda3/lib/python3.11/site-packages/airflow/example_dags/example_outlet_event_extra.py
[2024-12-20T11:33:23.113-0800] {logging_mixin.py:190} INFO - [2024-12-20T11:33:23.113-0800] {dag.py:3239} INFO - Sync 3 DAGs
[2024-12-20T11:33:23.130-0800] {logging_mixin.py:190} INFO - [2024-12-20T11:33:23.129-0800] {dag.py:4180} INFO - Setting next_dagrun for dataset_with_extra_by_context to 2024-12-19 00:00:00+00:00, run_after=2024-12-20 00:00:00+00:00
[2024-12-20T11:33:23.134-0800] {logging_mixin.py:190} INFO - [2024-12-20T11:33:23.134-0800] {dag.py:4180} INFO - Setting next_dagrun for dataset_with_extra_by_yield to 2024-12-19 00:00:00+00:00, run_after=2024-12-20 00:00:00+00:00
[2024-12-20T11:33:23.136-0800] {logging_mixin.py:190} INFO - [2024-12-20T11:33:23.136-0800] {dag.py:4180} INFO - Setting next_dagrun for dataset_with_extra_from_classic_operator to 2024-12-19 00:00:00+00:00, run_after=2024-12-20 00:00:00+00:00
[2024-12-20T11:33:23.153-0800] {processor.py:208} INFO - Processing /Users/rishukhurana/anaconda3/lib/python3.11/site-packages/airflow/example_dags/example_outlet_event_extra.py took 0.616 seconds
[2024-12-20T11:36:28.088-0800] {processor.py:186} INFO - Started process (PID=73983) to work on /Users/rishukhurana/anaconda3/lib/python3.11/site-packages/airflow/example_dags/example_outlet_event_extra.py
[2024-12-20T11:36:28.090-0800] {processor.py:914} INFO - Processing file /Users/rishukhurana/anaconda3/lib/python3.11/site-packages/airflow/example_dags/example_outlet_event_extra.py for tasks to queue
[2024-12-20T11:36:28.092-0800] {logging_mixin.py:190} INFO - [2024-12-20T11:36:28.091-0800] {dagbag.py:588} INFO - Filling up the DagBag from /Users/rishukhurana/anaconda3/lib/python3.11/site-packages/airflow/example_dags/example_outlet_event_extra.py
[2024-12-20T11:36:29.024-0800] {processor.py:925} INFO - DAG(s) 'dataset_with_extra_by_context', 'dataset_with_extra_from_classic_operator', 'dataset_with_extra_by_yield' retrieved from /Users/rishukhurana/anaconda3/lib/python3.11/site-packages/airflow/example_dags/example_outlet_event_extra.py
[2024-12-20T11:36:29.107-0800] {logging_mixin.py:190} INFO - [2024-12-20T11:36:29.106-0800] {dag.py:3239} INFO - Sync 3 DAGs
[2024-12-20T11:36:29.124-0800] {logging_mixin.py:190} INFO - [2024-12-20T11:36:29.124-0800] {dag.py:4180} INFO - Setting next_dagrun for dataset_with_extra_by_context to 2024-12-19 00:00:00+00:00, run_after=2024-12-20 00:00:00+00:00
[2024-12-20T11:36:29.129-0800] {logging_mixin.py:190} INFO - [2024-12-20T11:36:29.128-0800] {dag.py:4180} INFO - Setting next_dagrun for dataset_with_extra_by_yield to 2024-12-19 00:00:00+00:00, run_after=2024-12-20 00:00:00+00:00
[2024-12-20T11:36:29.130-0800] {logging_mixin.py:190} INFO - [2024-12-20T11:36:29.130-0800] {dag.py:4180} INFO - Setting next_dagrun for dataset_with_extra_from_classic_operator to 2024-12-19 00:00:00+00:00, run_after=2024-12-20 00:00:00+00:00
[2024-12-20T11:36:29.151-0800] {processor.py:208} INFO - Processing /Users/rishukhurana/anaconda3/lib/python3.11/site-packages/airflow/example_dags/example_outlet_event_extra.py took 1.069 seconds
[2024-12-20T11:39:25.860-0800] {processor.py:186} INFO - Started process (PID=74132) to work on /Users/rishukhurana/anaconda3/lib/python3.11/site-packages/airflow/example_dags/example_outlet_event_extra.py
[2024-12-20T11:39:25.862-0800] {processor.py:914} INFO - Processing file /Users/rishukhurana/anaconda3/lib/python3.11/site-packages/airflow/example_dags/example_outlet_event_extra.py for tasks to queue
[2024-12-20T11:39:25.863-0800] {logging_mixin.py:190} INFO - [2024-12-20T11:39:25.863-0800] {dagbag.py:588} INFO - Filling up the DagBag from /Users/rishukhurana/anaconda3/lib/python3.11/site-packages/airflow/example_dags/example_outlet_event_extra.py
[2024-12-20T11:39:26.872-0800] {processor.py:925} INFO - DAG(s) 'dataset_with_extra_by_yield', 'dataset_with_extra_by_context', 'dataset_with_extra_from_classic_operator' retrieved from /Users/rishukhurana/anaconda3/lib/python3.11/site-packages/airflow/example_dags/example_outlet_event_extra.py
[2024-12-20T11:39:26.950-0800] {logging_mixin.py:190} INFO - [2024-12-20T11:39:26.950-0800] {dag.py:3239} INFO - Sync 3 DAGs
[2024-12-20T11:39:26.966-0800] {logging_mixin.py:190} INFO - [2024-12-20T11:39:26.966-0800] {dag.py:4180} INFO - Setting next_dagrun for dataset_with_extra_by_context to 2024-12-19 00:00:00+00:00, run_after=2024-12-20 00:00:00+00:00
[2024-12-20T11:39:26.970-0800] {logging_mixin.py:190} INFO - [2024-12-20T11:39:26.970-0800] {dag.py:4180} INFO - Setting next_dagrun for dataset_with_extra_by_yield to 2024-12-19 00:00:00+00:00, run_after=2024-12-20 00:00:00+00:00
[2024-12-20T11:39:26.972-0800] {logging_mixin.py:190} INFO - [2024-12-20T11:39:26.971-0800] {dag.py:4180} INFO - Setting next_dagrun for dataset_with_extra_from_classic_operator to 2024-12-19 00:00:00+00:00, run_after=2024-12-20 00:00:00+00:00
[2024-12-20T11:39:26.993-0800] {processor.py:208} INFO - Processing /Users/rishukhurana/anaconda3/lib/python3.11/site-packages/airflow/example_dags/example_outlet_event_extra.py took 1.141 seconds
[2024-12-20T11:58:07.017-0800] {processor.py:186} INFO - Started process (PID=74315) to work on /Users/rishukhurana/anaconda3/lib/python3.11/site-packages/airflow/example_dags/example_outlet_event_extra.py
[2024-12-20T11:58:07.019-0800] {processor.py:914} INFO - Processing file /Users/rishukhurana/anaconda3/lib/python3.11/site-packages/airflow/example_dags/example_outlet_event_extra.py for tasks to queue
[2024-12-20T11:58:07.021-0800] {logging_mixin.py:190} INFO - [2024-12-20T11:58:07.020-0800] {dagbag.py:588} INFO - Filling up the DagBag from /Users/rishukhurana/anaconda3/lib/python3.11/site-packages/airflow/example_dags/example_outlet_event_extra.py
[2024-12-20T11:58:07.763-0800] {processor.py:925} INFO - DAG(s) 'dataset_with_extra_by_context', 'dataset_with_extra_from_classic_operator', 'dataset_with_extra_by_yield' retrieved from /Users/rishukhurana/anaconda3/lib/python3.11/site-packages/airflow/example_dags/example_outlet_event_extra.py
[2024-12-20T11:58:07.865-0800] {logging_mixin.py:190} INFO - [2024-12-20T11:58:07.865-0800] {dag.py:3239} INFO - Sync 3 DAGs
[2024-12-20T11:58:07.885-0800] {logging_mixin.py:190} INFO - [2024-12-20T11:58:07.885-0800] {dag.py:4180} INFO - Setting next_dagrun for dataset_with_extra_by_context to 2024-12-19 00:00:00+00:00, run_after=2024-12-20 00:00:00+00:00
[2024-12-20T11:58:07.889-0800] {logging_mixin.py:190} INFO - [2024-12-20T11:58:07.889-0800] {dag.py:4180} INFO - Setting next_dagrun for dataset_with_extra_by_yield to 2024-12-19 00:00:00+00:00, run_after=2024-12-20 00:00:00+00:00
[2024-12-20T11:58:07.892-0800] {logging_mixin.py:190} INFO - [2024-12-20T11:58:07.892-0800] {dag.py:4180} INFO - Setting next_dagrun for dataset_with_extra_from_classic_operator to 2024-12-19 00:00:00+00:00, run_after=2024-12-20 00:00:00+00:00
[2024-12-20T11:58:07.911-0800] {processor.py:208} INFO - Processing /Users/rishukhurana/anaconda3/lib/python3.11/site-packages/airflow/example_dags/example_outlet_event_extra.py took 0.903 seconds
[2024-12-20T12:02:10.704-0800] {processor.py:186} INFO - Started process (PID=74484) to work on /Users/rishukhurana/anaconda3/lib/python3.11/site-packages/airflow/example_dags/example_outlet_event_extra.py
[2024-12-20T12:02:10.707-0800] {processor.py:914} INFO - Processing file /Users/rishukhurana/anaconda3/lib/python3.11/site-packages/airflow/example_dags/example_outlet_event_extra.py for tasks to queue
[2024-12-20T12:02:10.710-0800] {logging_mixin.py:190} INFO - [2024-12-20T12:02:10.709-0800] {dagbag.py:588} INFO - Filling up the DagBag from /Users/rishukhurana/anaconda3/lib/python3.11/site-packages/airflow/example_dags/example_outlet_event_extra.py
[2024-12-20T12:02:11.891-0800] {processor.py:925} INFO - DAG(s) 'dataset_with_extra_from_classic_operator', 'dataset_with_extra_by_context', 'dataset_with_extra_by_yield' retrieved from /Users/rishukhurana/anaconda3/lib/python3.11/site-packages/airflow/example_dags/example_outlet_event_extra.py
[2024-12-20T12:02:12.069-0800] {logging_mixin.py:190} INFO - [2024-12-20T12:02:12.069-0800] {dag.py:3239} INFO - Sync 3 DAGs
[2024-12-20T12:02:12.108-0800] {logging_mixin.py:190} INFO - [2024-12-20T12:02:12.107-0800] {dag.py:4180} INFO - Setting next_dagrun for dataset_with_extra_by_context to 2024-12-19 00:00:00+00:00, run_after=2024-12-20 00:00:00+00:00
[2024-12-20T12:02:12.115-0800] {logging_mixin.py:190} INFO - [2024-12-20T12:02:12.115-0800] {dag.py:4180} INFO - Setting next_dagrun for dataset_with_extra_by_yield to 2024-12-19 00:00:00+00:00, run_after=2024-12-20 00:00:00+00:00
[2024-12-20T12:02:12.119-0800] {logging_mixin.py:190} INFO - [2024-12-20T12:02:12.119-0800] {dag.py:4180} INFO - Setting next_dagrun for dataset_with_extra_from_classic_operator to 2024-12-19 00:00:00+00:00, run_after=2024-12-20 00:00:00+00:00
[2024-12-20T12:02:12.156-0800] {processor.py:208} INFO - Processing /Users/rishukhurana/anaconda3/lib/python3.11/site-packages/airflow/example_dags/example_outlet_event_extra.py took 1.466 seconds
[2024-12-20T12:07:25.517-0800] {processor.py:186} INFO - Started process (PID=74704) to work on /Users/rishukhurana/anaconda3/lib/python3.11/site-packages/airflow/example_dags/example_outlet_event_extra.py
[2024-12-20T12:07:25.519-0800] {processor.py:914} INFO - Processing file /Users/rishukhurana/anaconda3/lib/python3.11/site-packages/airflow/example_dags/example_outlet_event_extra.py for tasks to queue
[2024-12-20T12:07:25.521-0800] {logging_mixin.py:190} INFO - [2024-12-20T12:07:25.521-0800] {dagbag.py:588} INFO - Filling up the DagBag from /Users/rishukhurana/anaconda3/lib/python3.11/site-packages/airflow/example_dags/example_outlet_event_extra.py
[2024-12-20T12:07:26.823-0800] {processor.py:925} INFO - DAG(s) 'dataset_with_extra_from_classic_operator', 'dataset_with_extra_by_yield', 'dataset_with_extra_by_context' retrieved from /Users/rishukhurana/anaconda3/lib/python3.11/site-packages/airflow/example_dags/example_outlet_event_extra.py
[2024-12-20T12:07:26.978-0800] {logging_mixin.py:190} INFO - [2024-12-20T12:07:26.978-0800] {dag.py:3239} INFO - Sync 3 DAGs
[2024-12-20T12:07:27.010-0800] {logging_mixin.py:190} INFO - [2024-12-20T12:07:27.009-0800] {dag.py:4180} INFO - Setting next_dagrun for dataset_with_extra_by_context to 2024-12-19 00:00:00+00:00, run_after=2024-12-20 00:00:00+00:00
[2024-12-20T12:07:27.017-0800] {logging_mixin.py:190} INFO - [2024-12-20T12:07:27.016-0800] {dag.py:4180} INFO - Setting next_dagrun for dataset_with_extra_by_yield to 2024-12-19 00:00:00+00:00, run_after=2024-12-20 00:00:00+00:00
[2024-12-20T12:07:27.020-0800] {logging_mixin.py:190} INFO - [2024-12-20T12:07:27.020-0800] {dag.py:4180} INFO - Setting next_dagrun for dataset_with_extra_from_classic_operator to 2024-12-19 00:00:00+00:00, run_after=2024-12-20 00:00:00+00:00
[2024-12-20T12:07:27.050-0800] {processor.py:208} INFO - Processing /Users/rishukhurana/anaconda3/lib/python3.11/site-packages/airflow/example_dags/example_outlet_event_extra.py took 1.544 seconds
[2024-12-20T12:13:02.839-0800] {processor.py:186} INFO - Started process (PID=74922) to work on /Users/rishukhurana/anaconda3/lib/python3.11/site-packages/airflow/example_dags/example_outlet_event_extra.py
[2024-12-20T12:13:02.842-0800] {processor.py:914} INFO - Processing file /Users/rishukhurana/anaconda3/lib/python3.11/site-packages/airflow/example_dags/example_outlet_event_extra.py for tasks to queue
[2024-12-20T12:13:02.844-0800] {logging_mixin.py:190} INFO - [2024-12-20T12:13:02.844-0800] {dagbag.py:588} INFO - Filling up the DagBag from /Users/rishukhurana/anaconda3/lib/python3.11/site-packages/airflow/example_dags/example_outlet_event_extra.py
[2024-12-20T12:13:05.489-0800] {processor.py:925} INFO - DAG(s) 'dataset_with_extra_from_classic_operator', 'dataset_with_extra_by_yield', 'dataset_with_extra_by_context' retrieved from /Users/rishukhurana/anaconda3/lib/python3.11/site-packages/airflow/example_dags/example_outlet_event_extra.py
[2024-12-20T12:13:06.177-0800] {logging_mixin.py:190} INFO - [2024-12-20T12:13:06.176-0800] {dag.py:3239} INFO - Sync 3 DAGs
[2024-12-20T12:13:06.315-0800] {logging_mixin.py:190} INFO - [2024-12-20T12:13:06.313-0800] {dag.py:4180} INFO - Setting next_dagrun for dataset_with_extra_by_context to 2024-12-19 00:00:00+00:00, run_after=2024-12-20 00:00:00+00:00
[2024-12-20T12:13:06.344-0800] {logging_mixin.py:190} INFO - [2024-12-20T12:13:06.343-0800] {dag.py:4180} INFO - Setting next_dagrun for dataset_with_extra_by_yield to 2024-12-19 00:00:00+00:00, run_after=2024-12-20 00:00:00+00:00
[2024-12-20T12:13:06.360-0800] {logging_mixin.py:190} INFO - [2024-12-20T12:13:06.359-0800] {dag.py:4180} INFO - Setting next_dagrun for dataset_with_extra_from_classic_operator to 2024-12-19 00:00:00+00:00, run_after=2024-12-20 00:00:00+00:00
[2024-12-20T12:13:06.480-0800] {processor.py:208} INFO - Processing /Users/rishukhurana/anaconda3/lib/python3.11/site-packages/airflow/example_dags/example_outlet_event_extra.py took 3.657 seconds
