[2024-12-19T17:16:39.746-0800] {processor.py:186} INFO - Started process (PID=68211) to work on /Users/rishukhurana/anaconda3/lib/python3.11/site-packages/airflow/example_dags/example_sensor_decorator.py
[2024-12-19T17:16:39.757-0800] {processor.py:914} INFO - Processing file /Users/rishukhurana/anaconda3/lib/python3.11/site-packages/airflow/example_dags/example_sensor_decorator.py for tasks to queue
[2024-12-19T17:16:39.766-0800] {logging_mixin.py:190} INFO - [2024-12-19T17:16:39.764-0800] {dagbag.py:588} INFO - Filling up the DagBag from /Users/rishukhurana/anaconda3/lib/python3.11/site-packages/airflow/example_dags/example_sensor_decorator.py
[2024-12-19T17:16:40.043-0800] {processor.py:925} INFO - DAG(s) 'example_sensor_decorator' retrieved from /Users/rishukhurana/anaconda3/lib/python3.11/site-packages/airflow/example_dags/example_sensor_decorator.py
[2024-12-19T17:16:43.653-0800] {logging_mixin.py:190} INFO - [2024-12-19T17:16:43.652-0800] {utils.py:160} INFO - NumExpr defaulting to 8 threads.
[2024-12-19T17:16:46.843-0800] {logging_mixin.py:190} INFO - [2024-12-19T17:16:46.840-0800] {dag.py:3239} INFO - Sync 1 DAGs
[2024-12-19T17:16:46.907-0800] {logging_mixin.py:190} INFO - [2024-12-19T17:16:46.906-0800] {dag.py:4180} INFO - Setting next_dagrun for example_sensor_decorator to None, run_after=None
[2024-12-19T17:16:47.037-0800] {processor.py:208} INFO - Processing /Users/rishukhurana/anaconda3/lib/python3.11/site-packages/airflow/example_dags/example_sensor_decorator.py took 7.345 seconds
[2024-12-19T20:48:18.385-0800] {processor.py:186} INFO - Started process (PID=68558) to work on /Users/rishukhurana/anaconda3/lib/python3.11/site-packages/airflow/example_dags/example_sensor_decorator.py
[2024-12-19T20:48:18.389-0800] {processor.py:914} INFO - Processing file /Users/rishukhurana/anaconda3/lib/python3.11/site-packages/airflow/example_dags/example_sensor_decorator.py for tasks to queue
[2024-12-19T20:48:18.390-0800] {logging_mixin.py:190} INFO - [2024-12-19T20:48:18.390-0800] {dagbag.py:588} INFO - Filling up the DagBag from /Users/rishukhurana/anaconda3/lib/python3.11/site-packages/airflow/example_dags/example_sensor_decorator.py
[2024-12-19T20:48:18.474-0800] {processor.py:925} INFO - DAG(s) 'example_sensor_decorator' retrieved from /Users/rishukhurana/anaconda3/lib/python3.11/site-packages/airflow/example_dags/example_sensor_decorator.py
[2024-12-19T20:48:19.044-0800] {logging_mixin.py:190} INFO - [2024-12-19T20:48:19.043-0800] {utils.py:160} INFO - NumExpr defaulting to 8 threads.
[2024-12-19T20:48:19.511-0800] {logging_mixin.py:190} INFO - [2024-12-19T20:48:19.511-0800] {dag.py:3239} INFO - Sync 1 DAGs
[2024-12-19T20:48:19.523-0800] {logging_mixin.py:190} INFO - [2024-12-19T20:48:19.523-0800] {dag.py:4180} INFO - Setting next_dagrun for example_sensor_decorator to None, run_after=None
[2024-12-19T20:48:19.541-0800] {processor.py:208} INFO - Processing /Users/rishukhurana/anaconda3/lib/python3.11/site-packages/airflow/example_dags/example_sensor_decorator.py took 1.163 seconds
[2024-12-19T22:52:42.297-0800] {processor.py:186} INFO - Started process (PID=68775) to work on /Users/rishukhurana/anaconda3/lib/python3.11/site-packages/airflow/example_dags/example_sensor_decorator.py
[2024-12-19T22:52:42.299-0800] {processor.py:914} INFO - Processing file /Users/rishukhurana/anaconda3/lib/python3.11/site-packages/airflow/example_dags/example_sensor_decorator.py for tasks to queue
[2024-12-19T22:52:42.300-0800] {logging_mixin.py:190} INFO - [2024-12-19T22:52:42.300-0800] {dagbag.py:588} INFO - Filling up the DagBag from /Users/rishukhurana/anaconda3/lib/python3.11/site-packages/airflow/example_dags/example_sensor_decorator.py
[2024-12-19T22:52:42.362-0800] {processor.py:925} INFO - DAG(s) 'example_sensor_decorator' retrieved from /Users/rishukhurana/anaconda3/lib/python3.11/site-packages/airflow/example_dags/example_sensor_decorator.py
[2024-12-19T22:52:42.787-0800] {logging_mixin.py:190} INFO - [2024-12-19T22:52:42.787-0800] {utils.py:160} INFO - NumExpr defaulting to 8 threads.
[2024-12-19T22:52:43.134-0800] {logging_mixin.py:190} INFO - [2024-12-19T22:52:43.133-0800] {dag.py:3239} INFO - Sync 1 DAGs
[2024-12-19T22:52:43.142-0800] {logging_mixin.py:190} INFO - [2024-12-19T22:52:43.142-0800] {dag.py:4180} INFO - Setting next_dagrun for example_sensor_decorator to None, run_after=None
[2024-12-19T22:52:43.163-0800] {processor.py:208} INFO - Processing /Users/rishukhurana/anaconda3/lib/python3.11/site-packages/airflow/example_dags/example_sensor_decorator.py took 0.873 seconds
[2024-12-20T06:59:12.308-0800] {processor.py:186} INFO - Started process (PID=68996) to work on /Users/rishukhurana/anaconda3/lib/python3.11/site-packages/airflow/example_dags/example_sensor_decorator.py
[2024-12-20T06:59:12.310-0800] {processor.py:914} INFO - Processing file /Users/rishukhurana/anaconda3/lib/python3.11/site-packages/airflow/example_dags/example_sensor_decorator.py for tasks to queue
[2024-12-20T06:59:12.311-0800] {logging_mixin.py:190} INFO - [2024-12-20T06:59:12.311-0800] {dagbag.py:588} INFO - Filling up the DagBag from /Users/rishukhurana/anaconda3/lib/python3.11/site-packages/airflow/example_dags/example_sensor_decorator.py
[2024-12-20T06:59:12.361-0800] {processor.py:925} INFO - DAG(s) 'example_sensor_decorator' retrieved from /Users/rishukhurana/anaconda3/lib/python3.11/site-packages/airflow/example_dags/example_sensor_decorator.py
[2024-12-20T06:59:12.829-0800] {logging_mixin.py:190} INFO - [2024-12-20T06:59:12.829-0800] {utils.py:160} INFO - NumExpr defaulting to 8 threads.
[2024-12-20T06:59:13.149-0800] {logging_mixin.py:190} INFO - [2024-12-20T06:59:13.149-0800] {dag.py:3239} INFO - Sync 1 DAGs
[2024-12-20T06:59:13.158-0800] {logging_mixin.py:190} INFO - [2024-12-20T06:59:13.158-0800] {dag.py:4180} INFO - Setting next_dagrun for example_sensor_decorator to None, run_after=None
[2024-12-20T06:59:13.174-0800] {processor.py:208} INFO - Processing /Users/rishukhurana/anaconda3/lib/python3.11/site-packages/airflow/example_dags/example_sensor_decorator.py took 0.871 seconds
[2024-12-20T08:35:10.519-0800] {processor.py:186} INFO - Started process (PID=69230) to work on /Users/rishukhurana/anaconda3/lib/python3.11/site-packages/airflow/example_dags/example_sensor_decorator.py
[2024-12-20T08:35:10.521-0800] {processor.py:914} INFO - Processing file /Users/rishukhurana/anaconda3/lib/python3.11/site-packages/airflow/example_dags/example_sensor_decorator.py for tasks to queue
[2024-12-20T08:35:10.523-0800] {logging_mixin.py:190} INFO - [2024-12-20T08:35:10.523-0800] {dagbag.py:588} INFO - Filling up the DagBag from /Users/rishukhurana/anaconda3/lib/python3.11/site-packages/airflow/example_dags/example_sensor_decorator.py
[2024-12-20T08:35:10.555-0800] {processor.py:925} INFO - DAG(s) 'example_sensor_decorator' retrieved from /Users/rishukhurana/anaconda3/lib/python3.11/site-packages/airflow/example_dags/example_sensor_decorator.py
[2024-12-20T08:35:10.963-0800] {logging_mixin.py:190} INFO - [2024-12-20T08:35:10.962-0800] {utils.py:160} INFO - NumExpr defaulting to 8 threads.
[2024-12-20T08:35:11.287-0800] {logging_mixin.py:190} INFO - [2024-12-20T08:35:11.286-0800] {dag.py:3239} INFO - Sync 1 DAGs
[2024-12-20T08:35:11.298-0800] {logging_mixin.py:190} INFO - [2024-12-20T08:35:11.297-0800] {dag.py:4180} INFO - Setting next_dagrun for example_sensor_decorator to None, run_after=None
[2024-12-20T08:35:11.312-0800] {processor.py:208} INFO - Processing /Users/rishukhurana/anaconda3/lib/python3.11/site-packages/airflow/example_dags/example_sensor_decorator.py took 0.799 seconds
[2024-12-20T09:39:32.322-0800] {processor.py:186} INFO - Started process (PID=69448) to work on /Users/rishukhurana/anaconda3/lib/python3.11/site-packages/airflow/example_dags/example_sensor_decorator.py
[2024-12-20T09:39:32.325-0800] {processor.py:914} INFO - Processing file /Users/rishukhurana/anaconda3/lib/python3.11/site-packages/airflow/example_dags/example_sensor_decorator.py for tasks to queue
[2024-12-20T09:39:32.326-0800] {logging_mixin.py:190} INFO - [2024-12-20T09:39:32.326-0800] {dagbag.py:588} INFO - Filling up the DagBag from /Users/rishukhurana/anaconda3/lib/python3.11/site-packages/airflow/example_dags/example_sensor_decorator.py
[2024-12-20T09:39:32.364-0800] {processor.py:925} INFO - DAG(s) 'example_sensor_decorator' retrieved from /Users/rishukhurana/anaconda3/lib/python3.11/site-packages/airflow/example_dags/example_sensor_decorator.py
[2024-12-20T09:39:32.775-0800] {logging_mixin.py:190} INFO - [2024-12-20T09:39:32.774-0800] {utils.py:160} INFO - NumExpr defaulting to 8 threads.
[2024-12-20T09:39:33.097-0800] {logging_mixin.py:190} INFO - [2024-12-20T09:39:33.097-0800] {dag.py:3239} INFO - Sync 1 DAGs
[2024-12-20T09:39:33.106-0800] {logging_mixin.py:190} INFO - [2024-12-20T09:39:33.105-0800] {dag.py:4180} INFO - Setting next_dagrun for example_sensor_decorator to None, run_after=None
[2024-12-20T09:39:33.122-0800] {processor.py:208} INFO - Processing /Users/rishukhurana/anaconda3/lib/python3.11/site-packages/airflow/example_dags/example_sensor_decorator.py took 0.804 seconds
[2024-12-20T10:10:38.603-0800] {processor.py:186} INFO - Started process (PID=69662) to work on /Users/rishukhurana/anaconda3/lib/python3.11/site-packages/airflow/example_dags/example_sensor_decorator.py
[2024-12-20T10:10:38.605-0800] {processor.py:914} INFO - Processing file /Users/rishukhurana/anaconda3/lib/python3.11/site-packages/airflow/example_dags/example_sensor_decorator.py for tasks to queue
[2024-12-20T10:10:38.607-0800] {logging_mixin.py:190} INFO - [2024-12-20T10:10:38.607-0800] {dagbag.py:588} INFO - Filling up the DagBag from /Users/rishukhurana/anaconda3/lib/python3.11/site-packages/airflow/example_dags/example_sensor_decorator.py
[2024-12-20T10:10:38.675-0800] {processor.py:925} INFO - DAG(s) 'example_sensor_decorator' retrieved from /Users/rishukhurana/anaconda3/lib/python3.11/site-packages/airflow/example_dags/example_sensor_decorator.py
[2024-12-20T10:10:39.103-0800] {logging_mixin.py:190} INFO - [2024-12-20T10:10:39.103-0800] {utils.py:160} INFO - NumExpr defaulting to 8 threads.
[2024-12-20T10:10:39.442-0800] {logging_mixin.py:190} INFO - [2024-12-20T10:10:39.441-0800] {dag.py:3239} INFO - Sync 1 DAGs
[2024-12-20T10:10:39.450-0800] {logging_mixin.py:190} INFO - [2024-12-20T10:10:39.450-0800] {dag.py:4180} INFO - Setting next_dagrun for example_sensor_decorator to None, run_after=None
[2024-12-20T10:10:39.466-0800] {processor.py:208} INFO - Processing /Users/rishukhurana/anaconda3/lib/python3.11/site-packages/airflow/example_dags/example_sensor_decorator.py took 0.869 seconds
[2024-12-20T10:14:21.103-0800] {processor.py:186} INFO - Started process (PID=69842) to work on /Users/rishukhurana/anaconda3/lib/python3.11/site-packages/airflow/example_dags/example_sensor_decorator.py
[2024-12-20T10:14:21.106-0800] {processor.py:914} INFO - Processing file /Users/rishukhurana/anaconda3/lib/python3.11/site-packages/airflow/example_dags/example_sensor_decorator.py for tasks to queue
[2024-12-20T10:14:21.107-0800] {logging_mixin.py:190} INFO - [2024-12-20T10:14:21.107-0800] {dagbag.py:588} INFO - Filling up the DagBag from /Users/rishukhurana/anaconda3/lib/python3.11/site-packages/airflow/example_dags/example_sensor_decorator.py
[2024-12-20T10:14:21.155-0800] {processor.py:925} INFO - DAG(s) 'example_sensor_decorator' retrieved from /Users/rishukhurana/anaconda3/lib/python3.11/site-packages/airflow/example_dags/example_sensor_decorator.py
[2024-12-20T10:14:21.608-0800] {logging_mixin.py:190} INFO - [2024-12-20T10:14:21.607-0800] {utils.py:160} INFO - NumExpr defaulting to 8 threads.
[2024-12-20T10:14:21.972-0800] {logging_mixin.py:190} INFO - [2024-12-20T10:14:21.971-0800] {dag.py:3239} INFO - Sync 1 DAGs
[2024-12-20T10:14:21.982-0800] {logging_mixin.py:190} INFO - [2024-12-20T10:14:21.982-0800] {dag.py:4180} INFO - Setting next_dagrun for example_sensor_decorator to None, run_after=None
[2024-12-20T10:14:21.999-0800] {processor.py:208} INFO - Processing /Users/rishukhurana/anaconda3/lib/python3.11/site-packages/airflow/example_dags/example_sensor_decorator.py took 0.900 seconds
[2024-12-20T10:17:29.753-0800] {processor.py:186} INFO - Started process (PID=70026) to work on /Users/rishukhurana/anaconda3/lib/python3.11/site-packages/airflow/example_dags/example_sensor_decorator.py
[2024-12-20T10:17:29.755-0800] {processor.py:914} INFO - Processing file /Users/rishukhurana/anaconda3/lib/python3.11/site-packages/airflow/example_dags/example_sensor_decorator.py for tasks to queue
[2024-12-20T10:17:29.756-0800] {logging_mixin.py:190} INFO - [2024-12-20T10:17:29.756-0800] {dagbag.py:588} INFO - Filling up the DagBag from /Users/rishukhurana/anaconda3/lib/python3.11/site-packages/airflow/example_dags/example_sensor_decorator.py
[2024-12-20T10:17:29.809-0800] {processor.py:925} INFO - DAG(s) 'example_sensor_decorator' retrieved from /Users/rishukhurana/anaconda3/lib/python3.11/site-packages/airflow/example_dags/example_sensor_decorator.py
[2024-12-20T10:17:30.302-0800] {logging_mixin.py:190} INFO - [2024-12-20T10:17:30.301-0800] {utils.py:160} INFO - NumExpr defaulting to 8 threads.
[2024-12-20T10:17:30.795-0800] {logging_mixin.py:190} INFO - [2024-12-20T10:17:30.794-0800] {dag.py:3239} INFO - Sync 1 DAGs
[2024-12-20T10:17:30.804-0800] {logging_mixin.py:190} INFO - [2024-12-20T10:17:30.804-0800] {dag.py:4180} INFO - Setting next_dagrun for example_sensor_decorator to None, run_after=None
[2024-12-20T10:17:30.819-0800] {processor.py:208} INFO - Processing /Users/rishukhurana/anaconda3/lib/python3.11/site-packages/airflow/example_dags/example_sensor_decorator.py took 1.074 seconds
[2024-12-20T10:20:34.741-0800] {processor.py:186} INFO - Started process (PID=70190) to work on /Users/rishukhurana/anaconda3/lib/python3.11/site-packages/airflow/example_dags/example_sensor_decorator.py
[2024-12-20T10:20:34.743-0800] {processor.py:914} INFO - Processing file /Users/rishukhurana/anaconda3/lib/python3.11/site-packages/airflow/example_dags/example_sensor_decorator.py for tasks to queue
[2024-12-20T10:20:34.744-0800] {logging_mixin.py:190} INFO - [2024-12-20T10:20:34.744-0800] {dagbag.py:588} INFO - Filling up the DagBag from /Users/rishukhurana/anaconda3/lib/python3.11/site-packages/airflow/example_dags/example_sensor_decorator.py
[2024-12-20T10:20:34.782-0800] {processor.py:925} INFO - DAG(s) 'example_sensor_decorator' retrieved from /Users/rishukhurana/anaconda3/lib/python3.11/site-packages/airflow/example_dags/example_sensor_decorator.py
[2024-12-20T10:20:35.236-0800] {logging_mixin.py:190} INFO - [2024-12-20T10:20:35.236-0800] {utils.py:160} INFO - NumExpr defaulting to 8 threads.
[2024-12-20T10:20:35.566-0800] {logging_mixin.py:190} INFO - [2024-12-20T10:20:35.566-0800] {dag.py:3239} INFO - Sync 1 DAGs
[2024-12-20T10:20:35.575-0800] {logging_mixin.py:190} INFO - [2024-12-20T10:20:35.575-0800] {dag.py:4180} INFO - Setting next_dagrun for example_sensor_decorator to None, run_after=None
[2024-12-20T10:20:35.592-0800] {processor.py:208} INFO - Processing /Users/rishukhurana/anaconda3/lib/python3.11/site-packages/airflow/example_dags/example_sensor_decorator.py took 0.859 seconds
[2024-12-20T10:23:33.635-0800] {processor.py:186} INFO - Started process (PID=70356) to work on /Users/rishukhurana/anaconda3/lib/python3.11/site-packages/airflow/example_dags/example_sensor_decorator.py
[2024-12-20T10:23:33.638-0800] {processor.py:914} INFO - Processing file /Users/rishukhurana/anaconda3/lib/python3.11/site-packages/airflow/example_dags/example_sensor_decorator.py for tasks to queue
[2024-12-20T10:23:33.639-0800] {logging_mixin.py:190} INFO - [2024-12-20T10:23:33.639-0800] {dagbag.py:588} INFO - Filling up the DagBag from /Users/rishukhurana/anaconda3/lib/python3.11/site-packages/airflow/example_dags/example_sensor_decorator.py
[2024-12-20T10:23:33.696-0800] {processor.py:925} INFO - DAG(s) 'example_sensor_decorator' retrieved from /Users/rishukhurana/anaconda3/lib/python3.11/site-packages/airflow/example_dags/example_sensor_decorator.py
[2024-12-20T10:23:34.206-0800] {logging_mixin.py:190} INFO - [2024-12-20T10:23:34.205-0800] {utils.py:160} INFO - NumExpr defaulting to 8 threads.
[2024-12-20T10:23:34.696-0800] {logging_mixin.py:190} INFO - [2024-12-20T10:23:34.695-0800] {dag.py:3239} INFO - Sync 1 DAGs
[2024-12-20T10:23:34.706-0800] {logging_mixin.py:190} INFO - [2024-12-20T10:23:34.706-0800] {dag.py:4180} INFO - Setting next_dagrun for example_sensor_decorator to None, run_after=None
[2024-12-20T10:23:34.723-0800] {processor.py:208} INFO - Processing /Users/rishukhurana/anaconda3/lib/python3.11/site-packages/airflow/example_dags/example_sensor_decorator.py took 1.093 seconds
[2024-12-20T10:26:33.124-0800] {processor.py:186} INFO - Started process (PID=70518) to work on /Users/rishukhurana/anaconda3/lib/python3.11/site-packages/airflow/example_dags/example_sensor_decorator.py
[2024-12-20T10:26:33.126-0800] {processor.py:914} INFO - Processing file /Users/rishukhurana/anaconda3/lib/python3.11/site-packages/airflow/example_dags/example_sensor_decorator.py for tasks to queue
[2024-12-20T10:26:33.127-0800] {logging_mixin.py:190} INFO - [2024-12-20T10:26:33.127-0800] {dagbag.py:588} INFO - Filling up the DagBag from /Users/rishukhurana/anaconda3/lib/python3.11/site-packages/airflow/example_dags/example_sensor_decorator.py
[2024-12-20T10:26:33.177-0800] {processor.py:925} INFO - DAG(s) 'example_sensor_decorator' retrieved from /Users/rishukhurana/anaconda3/lib/python3.11/site-packages/airflow/example_dags/example_sensor_decorator.py
[2024-12-20T10:26:33.643-0800] {logging_mixin.py:190} INFO - [2024-12-20T10:26:33.643-0800] {utils.py:160} INFO - NumExpr defaulting to 8 threads.
[2024-12-20T10:26:34.012-0800] {logging_mixin.py:190} INFO - [2024-12-20T10:26:34.011-0800] {dag.py:3239} INFO - Sync 1 DAGs
[2024-12-20T10:26:34.022-0800] {logging_mixin.py:190} INFO - [2024-12-20T10:26:34.022-0800] {dag.py:4180} INFO - Setting next_dagrun for example_sensor_decorator to None, run_after=None
[2024-12-20T10:26:34.040-0800] {processor.py:208} INFO - Processing /Users/rishukhurana/anaconda3/lib/python3.11/site-packages/airflow/example_dags/example_sensor_decorator.py took 0.923 seconds
[2024-12-20T10:29:37.843-0800] {processor.py:186} INFO - Started process (PID=70669) to work on /Users/rishukhurana/anaconda3/lib/python3.11/site-packages/airflow/example_dags/example_sensor_decorator.py
[2024-12-20T10:29:37.845-0800] {processor.py:914} INFO - Processing file /Users/rishukhurana/anaconda3/lib/python3.11/site-packages/airflow/example_dags/example_sensor_decorator.py for tasks to queue
[2024-12-20T10:29:37.847-0800] {logging_mixin.py:190} INFO - [2024-12-20T10:29:37.846-0800] {dagbag.py:588} INFO - Filling up the DagBag from /Users/rishukhurana/anaconda3/lib/python3.11/site-packages/airflow/example_dags/example_sensor_decorator.py
[2024-12-20T10:29:37.882-0800] {processor.py:925} INFO - DAG(s) 'example_sensor_decorator' retrieved from /Users/rishukhurana/anaconda3/lib/python3.11/site-packages/airflow/example_dags/example_sensor_decorator.py
[2024-12-20T10:29:38.315-0800] {logging_mixin.py:190} INFO - [2024-12-20T10:29:38.315-0800] {utils.py:160} INFO - NumExpr defaulting to 8 threads.
[2024-12-20T10:29:38.649-0800] {logging_mixin.py:190} INFO - [2024-12-20T10:29:38.649-0800] {dag.py:3239} INFO - Sync 1 DAGs
[2024-12-20T10:29:38.658-0800] {logging_mixin.py:190} INFO - [2024-12-20T10:29:38.658-0800] {dag.py:4180} INFO - Setting next_dagrun for example_sensor_decorator to None, run_after=None
[2024-12-20T10:29:38.675-0800] {processor.py:208} INFO - Processing /Users/rishukhurana/anaconda3/lib/python3.11/site-packages/airflow/example_dags/example_sensor_decorator.py took 0.838 seconds
[2024-12-20T10:32:42.604-0800] {processor.py:186} INFO - Started process (PID=70842) to work on /Users/rishukhurana/anaconda3/lib/python3.11/site-packages/airflow/example_dags/example_sensor_decorator.py
[2024-12-20T10:32:42.606-0800] {processor.py:914} INFO - Processing file /Users/rishukhurana/anaconda3/lib/python3.11/site-packages/airflow/example_dags/example_sensor_decorator.py for tasks to queue
[2024-12-20T10:32:42.608-0800] {logging_mixin.py:190} INFO - [2024-12-20T10:32:42.608-0800] {dagbag.py:588} INFO - Filling up the DagBag from /Users/rishukhurana/anaconda3/lib/python3.11/site-packages/airflow/example_dags/example_sensor_decorator.py
[2024-12-20T10:32:42.640-0800] {processor.py:925} INFO - DAG(s) 'example_sensor_decorator' retrieved from /Users/rishukhurana/anaconda3/lib/python3.11/site-packages/airflow/example_dags/example_sensor_decorator.py
[2024-12-20T10:32:43.049-0800] {logging_mixin.py:190} INFO - [2024-12-20T10:32:43.049-0800] {utils.py:160} INFO - NumExpr defaulting to 8 threads.
[2024-12-20T10:32:43.381-0800] {logging_mixin.py:190} INFO - [2024-12-20T10:32:43.380-0800] {dag.py:3239} INFO - Sync 1 DAGs
[2024-12-20T10:32:43.389-0800] {logging_mixin.py:190} INFO - [2024-12-20T10:32:43.389-0800] {dag.py:4180} INFO - Setting next_dagrun for example_sensor_decorator to None, run_after=None
[2024-12-20T10:32:43.406-0800] {processor.py:208} INFO - Processing /Users/rishukhurana/anaconda3/lib/python3.11/site-packages/airflow/example_dags/example_sensor_decorator.py took 0.808 seconds
[2024-12-20T10:35:53.223-0800] {processor.py:186} INFO - Started process (PID=70995) to work on /Users/rishukhurana/anaconda3/lib/python3.11/site-packages/airflow/example_dags/example_sensor_decorator.py
[2024-12-20T10:35:53.224-0800] {processor.py:914} INFO - Processing file /Users/rishukhurana/anaconda3/lib/python3.11/site-packages/airflow/example_dags/example_sensor_decorator.py for tasks to queue
[2024-12-20T10:35:53.226-0800] {logging_mixin.py:190} INFO - [2024-12-20T10:35:53.226-0800] {dagbag.py:588} INFO - Filling up the DagBag from /Users/rishukhurana/anaconda3/lib/python3.11/site-packages/airflow/example_dags/example_sensor_decorator.py
[2024-12-20T10:35:53.279-0800] {processor.py:925} INFO - DAG(s) 'example_sensor_decorator' retrieved from /Users/rishukhurana/anaconda3/lib/python3.11/site-packages/airflow/example_dags/example_sensor_decorator.py
[2024-12-20T10:35:53.728-0800] {logging_mixin.py:190} INFO - [2024-12-20T10:35:53.728-0800] {utils.py:160} INFO - NumExpr defaulting to 8 threads.
[2024-12-20T10:35:54.107-0800] {logging_mixin.py:190} INFO - [2024-12-20T10:35:54.107-0800] {dag.py:3239} INFO - Sync 1 DAGs
[2024-12-20T10:35:54.117-0800] {logging_mixin.py:190} INFO - [2024-12-20T10:35:54.117-0800] {dag.py:4180} INFO - Setting next_dagrun for example_sensor_decorator to None, run_after=None
[2024-12-20T10:35:54.135-0800] {processor.py:208} INFO - Processing /Users/rishukhurana/anaconda3/lib/python3.11/site-packages/airflow/example_dags/example_sensor_decorator.py took 0.920 seconds
[2024-12-20T10:39:10.670-0800] {processor.py:186} INFO - Started process (PID=71184) to work on /Users/rishukhurana/anaconda3/lib/python3.11/site-packages/airflow/example_dags/example_sensor_decorator.py
[2024-12-20T10:39:10.672-0800] {processor.py:914} INFO - Processing file /Users/rishukhurana/anaconda3/lib/python3.11/site-packages/airflow/example_dags/example_sensor_decorator.py for tasks to queue
[2024-12-20T10:39:10.674-0800] {logging_mixin.py:190} INFO - [2024-12-20T10:39:10.674-0800] {dagbag.py:588} INFO - Filling up the DagBag from /Users/rishukhurana/anaconda3/lib/python3.11/site-packages/airflow/example_dags/example_sensor_decorator.py
[2024-12-20T10:39:10.711-0800] {processor.py:925} INFO - DAG(s) 'example_sensor_decorator' retrieved from /Users/rishukhurana/anaconda3/lib/python3.11/site-packages/airflow/example_dags/example_sensor_decorator.py
[2024-12-20T10:39:11.189-0800] {logging_mixin.py:190} INFO - [2024-12-20T10:39:11.189-0800] {utils.py:160} INFO - NumExpr defaulting to 8 threads.
[2024-12-20T10:39:11.541-0800] {logging_mixin.py:190} INFO - [2024-12-20T10:39:11.541-0800] {dag.py:3239} INFO - Sync 1 DAGs
[2024-12-20T10:39:11.551-0800] {logging_mixin.py:190} INFO - [2024-12-20T10:39:11.551-0800] {dag.py:4180} INFO - Setting next_dagrun for example_sensor_decorator to None, run_after=None
[2024-12-20T10:39:11.567-0800] {processor.py:208} INFO - Processing /Users/rishukhurana/anaconda3/lib/python3.11/site-packages/airflow/example_dags/example_sensor_decorator.py took 0.906 seconds
[2024-12-20T10:42:23.135-0800] {processor.py:186} INFO - Started process (PID=71341) to work on /Users/rishukhurana/anaconda3/lib/python3.11/site-packages/airflow/example_dags/example_sensor_decorator.py
[2024-12-20T10:42:23.137-0800] {processor.py:914} INFO - Processing file /Users/rishukhurana/anaconda3/lib/python3.11/site-packages/airflow/example_dags/example_sensor_decorator.py for tasks to queue
[2024-12-20T10:42:23.139-0800] {logging_mixin.py:190} INFO - [2024-12-20T10:42:23.139-0800] {dagbag.py:588} INFO - Filling up the DagBag from /Users/rishukhurana/anaconda3/lib/python3.11/site-packages/airflow/example_dags/example_sensor_decorator.py
[2024-12-20T10:42:23.188-0800] {processor.py:925} INFO - DAG(s) 'example_sensor_decorator' retrieved from /Users/rishukhurana/anaconda3/lib/python3.11/site-packages/airflow/example_dags/example_sensor_decorator.py
[2024-12-20T10:42:23.686-0800] {logging_mixin.py:190} INFO - [2024-12-20T10:42:23.686-0800] {utils.py:160} INFO - NumExpr defaulting to 8 threads.
[2024-12-20T10:42:24.062-0800] {logging_mixin.py:190} INFO - [2024-12-20T10:42:24.061-0800] {dag.py:3239} INFO - Sync 1 DAGs
[2024-12-20T10:42:24.071-0800] {logging_mixin.py:190} INFO - [2024-12-20T10:42:24.070-0800] {dag.py:4180} INFO - Setting next_dagrun for example_sensor_decorator to None, run_after=None
[2024-12-20T10:42:24.090-0800] {processor.py:208} INFO - Processing /Users/rishukhurana/anaconda3/lib/python3.11/site-packages/airflow/example_dags/example_sensor_decorator.py took 0.962 seconds
[2024-12-20T10:45:32.377-0800] {processor.py:186} INFO - Started process (PID=71488) to work on /Users/rishukhurana/anaconda3/lib/python3.11/site-packages/airflow/example_dags/example_sensor_decorator.py
[2024-12-20T10:45:32.379-0800] {processor.py:914} INFO - Processing file /Users/rishukhurana/anaconda3/lib/python3.11/site-packages/airflow/example_dags/example_sensor_decorator.py for tasks to queue
[2024-12-20T10:45:32.381-0800] {logging_mixin.py:190} INFO - [2024-12-20T10:45:32.380-0800] {dagbag.py:588} INFO - Filling up the DagBag from /Users/rishukhurana/anaconda3/lib/python3.11/site-packages/airflow/example_dags/example_sensor_decorator.py
[2024-12-20T10:45:32.418-0800] {processor.py:925} INFO - DAG(s) 'example_sensor_decorator' retrieved from /Users/rishukhurana/anaconda3/lib/python3.11/site-packages/airflow/example_dags/example_sensor_decorator.py
[2024-12-20T10:45:32.893-0800] {logging_mixin.py:190} INFO - [2024-12-20T10:45:32.893-0800] {utils.py:160} INFO - NumExpr defaulting to 8 threads.
[2024-12-20T10:45:33.253-0800] {logging_mixin.py:190} INFO - [2024-12-20T10:45:33.252-0800] {dag.py:3239} INFO - Sync 1 DAGs
[2024-12-20T10:45:33.262-0800] {logging_mixin.py:190} INFO - [2024-12-20T10:45:33.262-0800] {dag.py:4180} INFO - Setting next_dagrun for example_sensor_decorator to None, run_after=None
[2024-12-20T10:45:33.280-0800] {processor.py:208} INFO - Processing /Users/rishukhurana/anaconda3/lib/python3.11/site-packages/airflow/example_dags/example_sensor_decorator.py took 0.912 seconds
[2024-12-20T10:48:47.369-0800] {processor.py:186} INFO - Started process (PID=71635) to work on /Users/rishukhurana/anaconda3/lib/python3.11/site-packages/airflow/example_dags/example_sensor_decorator.py
[2024-12-20T10:48:47.372-0800] {processor.py:914} INFO - Processing file /Users/rishukhurana/anaconda3/lib/python3.11/site-packages/airflow/example_dags/example_sensor_decorator.py for tasks to queue
[2024-12-20T10:48:47.373-0800] {logging_mixin.py:190} INFO - [2024-12-20T10:48:47.373-0800] {dagbag.py:588} INFO - Filling up the DagBag from /Users/rishukhurana/anaconda3/lib/python3.11/site-packages/airflow/example_dags/example_sensor_decorator.py
[2024-12-20T10:48:47.411-0800] {processor.py:925} INFO - DAG(s) 'example_sensor_decorator' retrieved from /Users/rishukhurana/anaconda3/lib/python3.11/site-packages/airflow/example_dags/example_sensor_decorator.py
[2024-12-20T10:48:47.876-0800] {logging_mixin.py:190} INFO - [2024-12-20T10:48:47.876-0800] {utils.py:160} INFO - NumExpr defaulting to 8 threads.
[2024-12-20T10:48:48.238-0800] {logging_mixin.py:190} INFO - [2024-12-20T10:48:48.238-0800] {dag.py:3239} INFO - Sync 1 DAGs
[2024-12-20T10:48:48.248-0800] {logging_mixin.py:190} INFO - [2024-12-20T10:48:48.248-0800] {dag.py:4180} INFO - Setting next_dagrun for example_sensor_decorator to None, run_after=None
[2024-12-20T10:48:48.266-0800] {processor.py:208} INFO - Processing /Users/rishukhurana/anaconda3/lib/python3.11/site-packages/airflow/example_dags/example_sensor_decorator.py took 0.904 seconds
[2024-12-20T10:52:05.406-0800] {processor.py:186} INFO - Started process (PID=71795) to work on /Users/rishukhurana/anaconda3/lib/python3.11/site-packages/airflow/example_dags/example_sensor_decorator.py
[2024-12-20T10:52:05.408-0800] {processor.py:914} INFO - Processing file /Users/rishukhurana/anaconda3/lib/python3.11/site-packages/airflow/example_dags/example_sensor_decorator.py for tasks to queue
[2024-12-20T10:52:05.409-0800] {logging_mixin.py:190} INFO - [2024-12-20T10:52:05.409-0800] {dagbag.py:588} INFO - Filling up the DagBag from /Users/rishukhurana/anaconda3/lib/python3.11/site-packages/airflow/example_dags/example_sensor_decorator.py
[2024-12-20T10:52:05.460-0800] {processor.py:925} INFO - DAG(s) 'example_sensor_decorator' retrieved from /Users/rishukhurana/anaconda3/lib/python3.11/site-packages/airflow/example_dags/example_sensor_decorator.py
[2024-12-20T10:52:05.950-0800] {logging_mixin.py:190} INFO - [2024-12-20T10:52:05.950-0800] {utils.py:160} INFO - NumExpr defaulting to 8 threads.
[2024-12-20T10:52:06.329-0800] {logging_mixin.py:190} INFO - [2024-12-20T10:52:06.329-0800] {dag.py:3239} INFO - Sync 1 DAGs
[2024-12-20T10:52:06.341-0800] {logging_mixin.py:190} INFO - [2024-12-20T10:52:06.341-0800] {dag.py:4180} INFO - Setting next_dagrun for example_sensor_decorator to None, run_after=None
[2024-12-20T10:52:06.360-0800] {processor.py:208} INFO - Processing /Users/rishukhurana/anaconda3/lib/python3.11/site-packages/airflow/example_dags/example_sensor_decorator.py took 0.963 seconds
[2024-12-20T10:55:24.899-0800] {processor.py:186} INFO - Started process (PID=71945) to work on /Users/rishukhurana/anaconda3/lib/python3.11/site-packages/airflow/example_dags/example_sensor_decorator.py
[2024-12-20T10:55:24.902-0800] {processor.py:914} INFO - Processing file /Users/rishukhurana/anaconda3/lib/python3.11/site-packages/airflow/example_dags/example_sensor_decorator.py for tasks to queue
[2024-12-20T10:55:24.904-0800] {logging_mixin.py:190} INFO - [2024-12-20T10:55:24.903-0800] {dagbag.py:588} INFO - Filling up the DagBag from /Users/rishukhurana/anaconda3/lib/python3.11/site-packages/airflow/example_dags/example_sensor_decorator.py
[2024-12-20T10:55:24.942-0800] {processor.py:925} INFO - DAG(s) 'example_sensor_decorator' retrieved from /Users/rishukhurana/anaconda3/lib/python3.11/site-packages/airflow/example_dags/example_sensor_decorator.py
[2024-12-20T10:55:25.414-0800] {logging_mixin.py:190} INFO - [2024-12-20T10:55:25.414-0800] {utils.py:160} INFO - NumExpr defaulting to 8 threads.
[2024-12-20T10:55:25.790-0800] {logging_mixin.py:190} INFO - [2024-12-20T10:55:25.790-0800] {dag.py:3239} INFO - Sync 1 DAGs
[2024-12-20T10:55:25.802-0800] {logging_mixin.py:190} INFO - [2024-12-20T10:55:25.802-0800] {dag.py:4180} INFO - Setting next_dagrun for example_sensor_decorator to None, run_after=None
[2024-12-20T10:55:25.821-0800] {processor.py:208} INFO - Processing /Users/rishukhurana/anaconda3/lib/python3.11/site-packages/airflow/example_dags/example_sensor_decorator.py took 0.930 seconds
[2024-12-20T10:58:35.058-0800] {processor.py:186} INFO - Started process (PID=72092) to work on /Users/rishukhurana/anaconda3/lib/python3.11/site-packages/airflow/example_dags/example_sensor_decorator.py
[2024-12-20T10:58:35.061-0800] {processor.py:914} INFO - Processing file /Users/rishukhurana/anaconda3/lib/python3.11/site-packages/airflow/example_dags/example_sensor_decorator.py for tasks to queue
[2024-12-20T10:58:35.062-0800] {logging_mixin.py:190} INFO - [2024-12-20T10:58:35.062-0800] {dagbag.py:588} INFO - Filling up the DagBag from /Users/rishukhurana/anaconda3/lib/python3.11/site-packages/airflow/example_dags/example_sensor_decorator.py
[2024-12-20T10:58:35.098-0800] {processor.py:925} INFO - DAG(s) 'example_sensor_decorator' retrieved from /Users/rishukhurana/anaconda3/lib/python3.11/site-packages/airflow/example_dags/example_sensor_decorator.py
[2024-12-20T10:58:35.545-0800] {logging_mixin.py:190} INFO - [2024-12-20T10:58:35.545-0800] {utils.py:160} INFO - NumExpr defaulting to 8 threads.
[2024-12-20T10:58:35.890-0800] {logging_mixin.py:190} INFO - [2024-12-20T10:58:35.889-0800] {dag.py:3239} INFO - Sync 1 DAGs
[2024-12-20T10:58:35.899-0800] {logging_mixin.py:190} INFO - [2024-12-20T10:58:35.899-0800] {dag.py:4180} INFO - Setting next_dagrun for example_sensor_decorator to None, run_after=None
[2024-12-20T10:58:35.915-0800] {processor.py:208} INFO - Processing /Users/rishukhurana/anaconda3/lib/python3.11/site-packages/airflow/example_dags/example_sensor_decorator.py took 0.863 seconds
[2024-12-20T11:01:43.776-0800] {processor.py:186} INFO - Started process (PID=72237) to work on /Users/rishukhurana/anaconda3/lib/python3.11/site-packages/airflow/example_dags/example_sensor_decorator.py
[2024-12-20T11:01:43.778-0800] {processor.py:914} INFO - Processing file /Users/rishukhurana/anaconda3/lib/python3.11/site-packages/airflow/example_dags/example_sensor_decorator.py for tasks to queue
[2024-12-20T11:01:43.779-0800] {logging_mixin.py:190} INFO - [2024-12-20T11:01:43.779-0800] {dagbag.py:588} INFO - Filling up the DagBag from /Users/rishukhurana/anaconda3/lib/python3.11/site-packages/airflow/example_dags/example_sensor_decorator.py
[2024-12-20T11:01:43.816-0800] {processor.py:925} INFO - DAG(s) 'example_sensor_decorator' retrieved from /Users/rishukhurana/anaconda3/lib/python3.11/site-packages/airflow/example_dags/example_sensor_decorator.py
[2024-12-20T11:01:44.277-0800] {logging_mixin.py:190} INFO - [2024-12-20T11:01:44.277-0800] {utils.py:160} INFO - NumExpr defaulting to 8 threads.
[2024-12-20T11:01:44.630-0800] {logging_mixin.py:190} INFO - [2024-12-20T11:01:44.630-0800] {dag.py:3239} INFO - Sync 1 DAGs
[2024-12-20T11:01:44.643-0800] {logging_mixin.py:190} INFO - [2024-12-20T11:01:44.643-0800] {dag.py:4180} INFO - Setting next_dagrun for example_sensor_decorator to None, run_after=None
[2024-12-20T11:01:44.660-0800] {processor.py:208} INFO - Processing /Users/rishukhurana/anaconda3/lib/python3.11/site-packages/airflow/example_dags/example_sensor_decorator.py took 0.891 seconds
[2024-12-20T11:04:58.936-0800] {processor.py:186} INFO - Started process (PID=72389) to work on /Users/rishukhurana/anaconda3/lib/python3.11/site-packages/airflow/example_dags/example_sensor_decorator.py
[2024-12-20T11:04:58.939-0800] {processor.py:914} INFO - Processing file /Users/rishukhurana/anaconda3/lib/python3.11/site-packages/airflow/example_dags/example_sensor_decorator.py for tasks to queue
[2024-12-20T11:04:58.941-0800] {logging_mixin.py:190} INFO - [2024-12-20T11:04:58.940-0800] {dagbag.py:588} INFO - Filling up the DagBag from /Users/rishukhurana/anaconda3/lib/python3.11/site-packages/airflow/example_dags/example_sensor_decorator.py
[2024-12-20T11:04:58.997-0800] {processor.py:925} INFO - DAG(s) 'example_sensor_decorator' retrieved from /Users/rishukhurana/anaconda3/lib/python3.11/site-packages/airflow/example_dags/example_sensor_decorator.py
[2024-12-20T11:04:59.495-0800] {logging_mixin.py:190} INFO - [2024-12-20T11:04:59.495-0800] {utils.py:160} INFO - NumExpr defaulting to 8 threads.
[2024-12-20T11:04:59.911-0800] {logging_mixin.py:190} INFO - [2024-12-20T11:04:59.911-0800] {dag.py:3239} INFO - Sync 1 DAGs
[2024-12-20T11:04:59.923-0800] {logging_mixin.py:190} INFO - [2024-12-20T11:04:59.922-0800] {dag.py:4180} INFO - Setting next_dagrun for example_sensor_decorator to None, run_after=None
[2024-12-20T11:04:59.946-0800] {processor.py:208} INFO - Processing /Users/rishukhurana/anaconda3/lib/python3.11/site-packages/airflow/example_dags/example_sensor_decorator.py took 1.018 seconds
[2024-12-20T11:08:14.584-0800] {processor.py:186} INFO - Started process (PID=72551) to work on /Users/rishukhurana/anaconda3/lib/python3.11/site-packages/airflow/example_dags/example_sensor_decorator.py
[2024-12-20T11:08:14.586-0800] {processor.py:914} INFO - Processing file /Users/rishukhurana/anaconda3/lib/python3.11/site-packages/airflow/example_dags/example_sensor_decorator.py for tasks to queue
[2024-12-20T11:08:14.588-0800] {logging_mixin.py:190} INFO - [2024-12-20T11:08:14.588-0800] {dagbag.py:588} INFO - Filling up the DagBag from /Users/rishukhurana/anaconda3/lib/python3.11/site-packages/airflow/example_dags/example_sensor_decorator.py
[2024-12-20T11:08:14.625-0800] {processor.py:925} INFO - DAG(s) 'example_sensor_decorator' retrieved from /Users/rishukhurana/anaconda3/lib/python3.11/site-packages/airflow/example_dags/example_sensor_decorator.py
[2024-12-20T11:08:15.087-0800] {logging_mixin.py:190} INFO - [2024-12-20T11:08:15.087-0800] {utils.py:160} INFO - NumExpr defaulting to 8 threads.
[2024-12-20T11:08:15.446-0800] {logging_mixin.py:190} INFO - [2024-12-20T11:08:15.446-0800] {dag.py:3239} INFO - Sync 1 DAGs
[2024-12-20T11:08:15.456-0800] {logging_mixin.py:190} INFO - [2024-12-20T11:08:15.456-0800] {dag.py:4180} INFO - Setting next_dagrun for example_sensor_decorator to None, run_after=None
[2024-12-20T11:08:15.474-0800] {processor.py:208} INFO - Processing /Users/rishukhurana/anaconda3/lib/python3.11/site-packages/airflow/example_dags/example_sensor_decorator.py took 0.897 seconds
[2024-12-20T11:11:29.065-0800] {processor.py:186} INFO - Started process (PID=72711) to work on /Users/rishukhurana/anaconda3/lib/python3.11/site-packages/airflow/example_dags/example_sensor_decorator.py
[2024-12-20T11:11:29.067-0800] {processor.py:914} INFO - Processing file /Users/rishukhurana/anaconda3/lib/python3.11/site-packages/airflow/example_dags/example_sensor_decorator.py for tasks to queue
[2024-12-20T11:11:29.068-0800] {logging_mixin.py:190} INFO - [2024-12-20T11:11:29.068-0800] {dagbag.py:588} INFO - Filling up the DagBag from /Users/rishukhurana/anaconda3/lib/python3.11/site-packages/airflow/example_dags/example_sensor_decorator.py
[2024-12-20T11:11:29.120-0800] {processor.py:925} INFO - DAG(s) 'example_sensor_decorator' retrieved from /Users/rishukhurana/anaconda3/lib/python3.11/site-packages/airflow/example_dags/example_sensor_decorator.py
[2024-12-20T11:11:29.664-0800] {logging_mixin.py:190} INFO - [2024-12-20T11:11:29.663-0800] {utils.py:160} INFO - NumExpr defaulting to 8 threads.
[2024-12-20T11:11:30.027-0800] {logging_mixin.py:190} INFO - [2024-12-20T11:11:30.027-0800] {dag.py:3239} INFO - Sync 1 DAGs
[2024-12-20T11:11:30.037-0800] {logging_mixin.py:190} INFO - [2024-12-20T11:11:30.037-0800] {dag.py:4180} INFO - Setting next_dagrun for example_sensor_decorator to None, run_after=None
[2024-12-20T11:11:30.055-0800] {processor.py:208} INFO - Processing /Users/rishukhurana/anaconda3/lib/python3.11/site-packages/airflow/example_dags/example_sensor_decorator.py took 0.994 seconds
[2024-12-20T11:14:43.388-0800] {processor.py:186} INFO - Started process (PID=72862) to work on /Users/rishukhurana/anaconda3/lib/python3.11/site-packages/airflow/example_dags/example_sensor_decorator.py
[2024-12-20T11:14:43.391-0800] {processor.py:914} INFO - Processing file /Users/rishukhurana/anaconda3/lib/python3.11/site-packages/airflow/example_dags/example_sensor_decorator.py for tasks to queue
[2024-12-20T11:14:43.392-0800] {logging_mixin.py:190} INFO - [2024-12-20T11:14:43.392-0800] {dagbag.py:588} INFO - Filling up the DagBag from /Users/rishukhurana/anaconda3/lib/python3.11/site-packages/airflow/example_dags/example_sensor_decorator.py
[2024-12-20T11:14:43.446-0800] {processor.py:925} INFO - DAG(s) 'example_sensor_decorator' retrieved from /Users/rishukhurana/anaconda3/lib/python3.11/site-packages/airflow/example_dags/example_sensor_decorator.py
[2024-12-20T11:14:44.004-0800] {logging_mixin.py:190} INFO - [2024-12-20T11:14:44.004-0800] {utils.py:160} INFO - NumExpr defaulting to 8 threads.
[2024-12-20T11:14:44.544-0800] {logging_mixin.py:190} INFO - [2024-12-20T11:14:44.543-0800] {dag.py:3239} INFO - Sync 1 DAGs
[2024-12-20T11:14:44.553-0800] {logging_mixin.py:190} INFO - [2024-12-20T11:14:44.553-0800] {dag.py:4180} INFO - Setting next_dagrun for example_sensor_decorator to None, run_after=None
[2024-12-20T11:14:44.573-0800] {processor.py:208} INFO - Processing /Users/rishukhurana/anaconda3/lib/python3.11/site-packages/airflow/example_dags/example_sensor_decorator.py took 1.191 seconds
[2024-12-20T11:17:51.254-0800] {processor.py:186} INFO - Started process (PID=73031) to work on /Users/rishukhurana/anaconda3/lib/python3.11/site-packages/airflow/example_dags/example_sensor_decorator.py
[2024-12-20T11:17:51.256-0800] {processor.py:914} INFO - Processing file /Users/rishukhurana/anaconda3/lib/python3.11/site-packages/airflow/example_dags/example_sensor_decorator.py for tasks to queue
[2024-12-20T11:17:51.258-0800] {logging_mixin.py:190} INFO - [2024-12-20T11:17:51.257-0800] {dagbag.py:588} INFO - Filling up the DagBag from /Users/rishukhurana/anaconda3/lib/python3.11/site-packages/airflow/example_dags/example_sensor_decorator.py
[2024-12-20T11:17:51.292-0800] {processor.py:925} INFO - DAG(s) 'example_sensor_decorator' retrieved from /Users/rishukhurana/anaconda3/lib/python3.11/site-packages/airflow/example_dags/example_sensor_decorator.py
[2024-12-20T11:17:51.704-0800] {logging_mixin.py:190} INFO - [2024-12-20T11:17:51.704-0800] {utils.py:160} INFO - NumExpr defaulting to 8 threads.
[2024-12-20T11:17:52.029-0800] {logging_mixin.py:190} INFO - [2024-12-20T11:17:52.029-0800] {dag.py:3239} INFO - Sync 1 DAGs
[2024-12-20T11:17:52.038-0800] {logging_mixin.py:190} INFO - [2024-12-20T11:17:52.037-0800] {dag.py:4180} INFO - Setting next_dagrun for example_sensor_decorator to None, run_after=None
[2024-12-20T11:17:52.052-0800] {processor.py:208} INFO - Processing /Users/rishukhurana/anaconda3/lib/python3.11/site-packages/airflow/example_dags/example_sensor_decorator.py took 0.807 seconds
[2024-12-20T11:20:54.235-0800] {processor.py:186} INFO - Started process (PID=73190) to work on /Users/rishukhurana/anaconda3/lib/python3.11/site-packages/airflow/example_dags/example_sensor_decorator.py
[2024-12-20T11:20:54.237-0800] {processor.py:914} INFO - Processing file /Users/rishukhurana/anaconda3/lib/python3.11/site-packages/airflow/example_dags/example_sensor_decorator.py for tasks to queue
[2024-12-20T11:20:54.239-0800] {logging_mixin.py:190} INFO - [2024-12-20T11:20:54.239-0800] {dagbag.py:588} INFO - Filling up the DagBag from /Users/rishukhurana/anaconda3/lib/python3.11/site-packages/airflow/example_dags/example_sensor_decorator.py
[2024-12-20T11:20:54.309-0800] {processor.py:925} INFO - DAG(s) 'example_sensor_decorator' retrieved from /Users/rishukhurana/anaconda3/lib/python3.11/site-packages/airflow/example_dags/example_sensor_decorator.py
[2024-12-20T11:20:54.802-0800] {logging_mixin.py:190} INFO - [2024-12-20T11:20:54.801-0800] {utils.py:160} INFO - NumExpr defaulting to 8 threads.
[2024-12-20T11:20:55.249-0800] {logging_mixin.py:190} INFO - [2024-12-20T11:20:55.249-0800] {dag.py:3239} INFO - Sync 1 DAGs
[2024-12-20T11:20:55.258-0800] {logging_mixin.py:190} INFO - [2024-12-20T11:20:55.258-0800] {dag.py:4180} INFO - Setting next_dagrun for example_sensor_decorator to None, run_after=None
[2024-12-20T11:20:55.272-0800] {processor.py:208} INFO - Processing /Users/rishukhurana/anaconda3/lib/python3.11/site-packages/airflow/example_dags/example_sensor_decorator.py took 1.044 seconds
[2024-12-20T11:23:58.691-0800] {processor.py:186} INFO - Started process (PID=73358) to work on /Users/rishukhurana/anaconda3/lib/python3.11/site-packages/airflow/example_dags/example_sensor_decorator.py
[2024-12-20T11:23:58.693-0800] {processor.py:914} INFO - Processing file /Users/rishukhurana/anaconda3/lib/python3.11/site-packages/airflow/example_dags/example_sensor_decorator.py for tasks to queue
[2024-12-20T11:23:58.695-0800] {logging_mixin.py:190} INFO - [2024-12-20T11:23:58.695-0800] {dagbag.py:588} INFO - Filling up the DagBag from /Users/rishukhurana/anaconda3/lib/python3.11/site-packages/airflow/example_dags/example_sensor_decorator.py
[2024-12-20T11:23:58.727-0800] {processor.py:925} INFO - DAG(s) 'example_sensor_decorator' retrieved from /Users/rishukhurana/anaconda3/lib/python3.11/site-packages/airflow/example_dags/example_sensor_decorator.py
[2024-12-20T11:23:59.133-0800] {logging_mixin.py:190} INFO - [2024-12-20T11:23:59.133-0800] {utils.py:160} INFO - NumExpr defaulting to 8 threads.
[2024-12-20T11:23:59.458-0800] {logging_mixin.py:190} INFO - [2024-12-20T11:23:59.457-0800] {dag.py:3239} INFO - Sync 1 DAGs
[2024-12-20T11:23:59.466-0800] {logging_mixin.py:190} INFO - [2024-12-20T11:23:59.466-0800] {dag.py:4180} INFO - Setting next_dagrun for example_sensor_decorator to None, run_after=None
[2024-12-20T11:23:59.481-0800] {processor.py:208} INFO - Processing /Users/rishukhurana/anaconda3/lib/python3.11/site-packages/airflow/example_dags/example_sensor_decorator.py took 0.798 seconds
[2024-12-20T11:26:59.430-0800] {processor.py:186} INFO - Started process (PID=73514) to work on /Users/rishukhurana/anaconda3/lib/python3.11/site-packages/airflow/example_dags/example_sensor_decorator.py
[2024-12-20T11:26:59.433-0800] {processor.py:914} INFO - Processing file /Users/rishukhurana/anaconda3/lib/python3.11/site-packages/airflow/example_dags/example_sensor_decorator.py for tasks to queue
[2024-12-20T11:26:59.434-0800] {logging_mixin.py:190} INFO - [2024-12-20T11:26:59.434-0800] {dagbag.py:588} INFO - Filling up the DagBag from /Users/rishukhurana/anaconda3/lib/python3.11/site-packages/airflow/example_dags/example_sensor_decorator.py
[2024-12-20T11:26:59.467-0800] {processor.py:925} INFO - DAG(s) 'example_sensor_decorator' retrieved from /Users/rishukhurana/anaconda3/lib/python3.11/site-packages/airflow/example_dags/example_sensor_decorator.py
[2024-12-20T11:26:59.868-0800] {logging_mixin.py:190} INFO - [2024-12-20T11:26:59.868-0800] {utils.py:160} INFO - NumExpr defaulting to 8 threads.
[2024-12-20T11:27:00.187-0800] {logging_mixin.py:190} INFO - [2024-12-20T11:27:00.187-0800] {dag.py:3239} INFO - Sync 1 DAGs
[2024-12-20T11:27:00.196-0800] {logging_mixin.py:190} INFO - [2024-12-20T11:27:00.196-0800] {dag.py:4180} INFO - Setting next_dagrun for example_sensor_decorator to None, run_after=None
[2024-12-20T11:27:00.212-0800] {processor.py:208} INFO - Processing /Users/rishukhurana/anaconda3/lib/python3.11/site-packages/airflow/example_dags/example_sensor_decorator.py took 0.790 seconds
[2024-12-20T11:29:58.057-0800] {processor.py:186} INFO - Started process (PID=73660) to work on /Users/rishukhurana/anaconda3/lib/python3.11/site-packages/airflow/example_dags/example_sensor_decorator.py
[2024-12-20T11:29:58.059-0800] {processor.py:914} INFO - Processing file /Users/rishukhurana/anaconda3/lib/python3.11/site-packages/airflow/example_dags/example_sensor_decorator.py for tasks to queue
[2024-12-20T11:29:58.061-0800] {logging_mixin.py:190} INFO - [2024-12-20T11:29:58.061-0800] {dagbag.py:588} INFO - Filling up the DagBag from /Users/rishukhurana/anaconda3/lib/python3.11/site-packages/airflow/example_dags/example_sensor_decorator.py
[2024-12-20T11:29:58.091-0800] {processor.py:925} INFO - DAG(s) 'example_sensor_decorator' retrieved from /Users/rishukhurana/anaconda3/lib/python3.11/site-packages/airflow/example_dags/example_sensor_decorator.py
[2024-12-20T11:29:58.520-0800] {logging_mixin.py:190} INFO - [2024-12-20T11:29:58.520-0800] {utils.py:160} INFO - NumExpr defaulting to 8 threads.
[2024-12-20T11:29:58.863-0800] {logging_mixin.py:190} INFO - [2024-12-20T11:29:58.863-0800] {dag.py:3239} INFO - Sync 1 DAGs
[2024-12-20T11:29:58.872-0800] {logging_mixin.py:190} INFO - [2024-12-20T11:29:58.872-0800] {dag.py:4180} INFO - Setting next_dagrun for example_sensor_decorator to None, run_after=None
[2024-12-20T11:29:58.886-0800] {processor.py:208} INFO - Processing /Users/rishukhurana/anaconda3/lib/python3.11/site-packages/airflow/example_dags/example_sensor_decorator.py took 0.837 seconds
[2024-12-20T11:33:03.399-0800] {processor.py:186} INFO - Started process (PID=73819) to work on /Users/rishukhurana/anaconda3/lib/python3.11/site-packages/airflow/example_dags/example_sensor_decorator.py
[2024-12-20T11:33:03.401-0800] {processor.py:914} INFO - Processing file /Users/rishukhurana/anaconda3/lib/python3.11/site-packages/airflow/example_dags/example_sensor_decorator.py for tasks to queue
[2024-12-20T11:33:03.403-0800] {logging_mixin.py:190} INFO - [2024-12-20T11:33:03.402-0800] {dagbag.py:588} INFO - Filling up the DagBag from /Users/rishukhurana/anaconda3/lib/python3.11/site-packages/airflow/example_dags/example_sensor_decorator.py
[2024-12-20T11:33:03.436-0800] {processor.py:925} INFO - DAG(s) 'example_sensor_decorator' retrieved from /Users/rishukhurana/anaconda3/lib/python3.11/site-packages/airflow/example_dags/example_sensor_decorator.py
[2024-12-20T11:33:03.855-0800] {logging_mixin.py:190} INFO - [2024-12-20T11:33:03.855-0800] {utils.py:160} INFO - NumExpr defaulting to 8 threads.
[2024-12-20T11:33:04.195-0800] {logging_mixin.py:190} INFO - [2024-12-20T11:33:04.194-0800] {dag.py:3239} INFO - Sync 1 DAGs
[2024-12-20T11:33:04.204-0800] {logging_mixin.py:190} INFO - [2024-12-20T11:33:04.204-0800] {dag.py:4180} INFO - Setting next_dagrun for example_sensor_decorator to None, run_after=None
[2024-12-20T11:33:04.220-0800] {processor.py:208} INFO - Processing /Users/rishukhurana/anaconda3/lib/python3.11/site-packages/airflow/example_dags/example_sensor_decorator.py took 0.829 seconds
[2024-12-20T11:36:07.206-0800] {processor.py:186} INFO - Started process (PID=73965) to work on /Users/rishukhurana/anaconda3/lib/python3.11/site-packages/airflow/example_dags/example_sensor_decorator.py
[2024-12-20T11:36:07.209-0800] {processor.py:914} INFO - Processing file /Users/rishukhurana/anaconda3/lib/python3.11/site-packages/airflow/example_dags/example_sensor_decorator.py for tasks to queue
[2024-12-20T11:36:07.210-0800] {logging_mixin.py:190} INFO - [2024-12-20T11:36:07.210-0800] {dagbag.py:588} INFO - Filling up the DagBag from /Users/rishukhurana/anaconda3/lib/python3.11/site-packages/airflow/example_dags/example_sensor_decorator.py
[2024-12-20T11:36:07.244-0800] {processor.py:925} INFO - DAG(s) 'example_sensor_decorator' retrieved from /Users/rishukhurana/anaconda3/lib/python3.11/site-packages/airflow/example_dags/example_sensor_decorator.py
[2024-12-20T11:36:07.668-0800] {logging_mixin.py:190} INFO - [2024-12-20T11:36:07.668-0800] {utils.py:160} INFO - NumExpr defaulting to 8 threads.
[2024-12-20T11:36:08.009-0800] {logging_mixin.py:190} INFO - [2024-12-20T11:36:08.008-0800] {dag.py:3239} INFO - Sync 1 DAGs
[2024-12-20T11:36:08.018-0800] {logging_mixin.py:190} INFO - [2024-12-20T11:36:08.018-0800] {dag.py:4180} INFO - Setting next_dagrun for example_sensor_decorator to None, run_after=None
[2024-12-20T11:36:08.041-0800] {processor.py:208} INFO - Processing /Users/rishukhurana/anaconda3/lib/python3.11/site-packages/airflow/example_dags/example_sensor_decorator.py took 0.839 seconds
[2024-12-20T11:39:06.219-0800] {processor.py:186} INFO - Started process (PID=74116) to work on /Users/rishukhurana/anaconda3/lib/python3.11/site-packages/airflow/example_dags/example_sensor_decorator.py
[2024-12-20T11:39:06.221-0800] {processor.py:914} INFO - Processing file /Users/rishukhurana/anaconda3/lib/python3.11/site-packages/airflow/example_dags/example_sensor_decorator.py for tasks to queue
[2024-12-20T11:39:06.223-0800] {logging_mixin.py:190} INFO - [2024-12-20T11:39:06.223-0800] {dagbag.py:588} INFO - Filling up the DagBag from /Users/rishukhurana/anaconda3/lib/python3.11/site-packages/airflow/example_dags/example_sensor_decorator.py
[2024-12-20T11:39:06.256-0800] {processor.py:925} INFO - DAG(s) 'example_sensor_decorator' retrieved from /Users/rishukhurana/anaconda3/lib/python3.11/site-packages/airflow/example_dags/example_sensor_decorator.py
[2024-12-20T11:39:06.726-0800] {logging_mixin.py:190} INFO - [2024-12-20T11:39:06.725-0800] {utils.py:160} INFO - NumExpr defaulting to 8 threads.
[2024-12-20T11:39:07.122-0800] {logging_mixin.py:190} INFO - [2024-12-20T11:39:07.121-0800] {dag.py:3239} INFO - Sync 1 DAGs
[2024-12-20T11:39:07.130-0800] {logging_mixin.py:190} INFO - [2024-12-20T11:39:07.130-0800] {dag.py:4180} INFO - Setting next_dagrun for example_sensor_decorator to None, run_after=None
[2024-12-20T11:39:07.144-0800] {processor.py:208} INFO - Processing /Users/rishukhurana/anaconda3/lib/python3.11/site-packages/airflow/example_dags/example_sensor_decorator.py took 0.932 seconds
[2024-12-20T11:57:45.292-0800] {processor.py:186} INFO - Started process (PID=74296) to work on /Users/rishukhurana/anaconda3/lib/python3.11/site-packages/airflow/example_dags/example_sensor_decorator.py
[2024-12-20T11:57:45.294-0800] {processor.py:914} INFO - Processing file /Users/rishukhurana/anaconda3/lib/python3.11/site-packages/airflow/example_dags/example_sensor_decorator.py for tasks to queue
[2024-12-20T11:57:45.296-0800] {logging_mixin.py:190} INFO - [2024-12-20T11:57:45.295-0800] {dagbag.py:588} INFO - Filling up the DagBag from /Users/rishukhurana/anaconda3/lib/python3.11/site-packages/airflow/example_dags/example_sensor_decorator.py
[2024-12-20T11:57:45.351-0800] {processor.py:925} INFO - DAG(s) 'example_sensor_decorator' retrieved from /Users/rishukhurana/anaconda3/lib/python3.11/site-packages/airflow/example_dags/example_sensor_decorator.py
[2024-12-20T11:57:45.846-0800] {logging_mixin.py:190} INFO - [2024-12-20T11:57:45.845-0800] {utils.py:160} INFO - NumExpr defaulting to 8 threads.
[2024-12-20T11:57:46.326-0800] {logging_mixin.py:190} INFO - [2024-12-20T11:57:46.326-0800] {dag.py:3239} INFO - Sync 1 DAGs
[2024-12-20T11:57:46.339-0800] {logging_mixin.py:190} INFO - [2024-12-20T11:57:46.339-0800] {dag.py:4180} INFO - Setting next_dagrun for example_sensor_decorator to None, run_after=None
[2024-12-20T11:57:46.355-0800] {processor.py:208} INFO - Processing /Users/rishukhurana/anaconda3/lib/python3.11/site-packages/airflow/example_dags/example_sensor_decorator.py took 1.069 seconds
[2024-12-20T12:01:31.004-0800] {processor.py:186} INFO - Started process (PID=74463) to work on /Users/rishukhurana/anaconda3/lib/python3.11/site-packages/airflow/example_dags/example_sensor_decorator.py
[2024-12-20T12:01:31.010-0800] {processor.py:914} INFO - Processing file /Users/rishukhurana/anaconda3/lib/python3.11/site-packages/airflow/example_dags/example_sensor_decorator.py for tasks to queue
[2024-12-20T12:01:31.014-0800] {logging_mixin.py:190} INFO - [2024-12-20T12:01:31.013-0800] {dagbag.py:588} INFO - Filling up the DagBag from /Users/rishukhurana/anaconda3/lib/python3.11/site-packages/airflow/example_dags/example_sensor_decorator.py
[2024-12-20T12:01:31.122-0800] {processor.py:925} INFO - DAG(s) 'example_sensor_decorator' retrieved from /Users/rishukhurana/anaconda3/lib/python3.11/site-packages/airflow/example_dags/example_sensor_decorator.py
[2024-12-20T12:01:32.726-0800] {logging_mixin.py:190} INFO - [2024-12-20T12:01:32.725-0800] {utils.py:160} INFO - NumExpr defaulting to 8 threads.
[2024-12-20T12:01:33.866-0800] {logging_mixin.py:190} INFO - [2024-12-20T12:01:33.865-0800] {dag.py:3239} INFO - Sync 1 DAGs
[2024-12-20T12:01:33.886-0800] {logging_mixin.py:190} INFO - [2024-12-20T12:01:33.885-0800] {dag.py:4180} INFO - Setting next_dagrun for example_sensor_decorator to None, run_after=None
[2024-12-20T12:01:33.921-0800] {processor.py:208} INFO - Processing /Users/rishukhurana/anaconda3/lib/python3.11/site-packages/airflow/example_dags/example_sensor_decorator.py took 2.937 seconds
[2024-12-20T12:06:52.933-0800] {processor.py:186} INFO - Started process (PID=74682) to work on /Users/rishukhurana/anaconda3/lib/python3.11/site-packages/airflow/example_dags/example_sensor_decorator.py
[2024-12-20T12:06:52.936-0800] {processor.py:914} INFO - Processing file /Users/rishukhurana/anaconda3/lib/python3.11/site-packages/airflow/example_dags/example_sensor_decorator.py for tasks to queue
[2024-12-20T12:06:52.940-0800] {logging_mixin.py:190} INFO - [2024-12-20T12:06:52.939-0800] {dagbag.py:588} INFO - Filling up the DagBag from /Users/rishukhurana/anaconda3/lib/python3.11/site-packages/airflow/example_dags/example_sensor_decorator.py
[2024-12-20T12:06:53.021-0800] {processor.py:925} INFO - DAG(s) 'example_sensor_decorator' retrieved from /Users/rishukhurana/anaconda3/lib/python3.11/site-packages/airflow/example_dags/example_sensor_decorator.py
[2024-12-20T12:06:53.880-0800] {logging_mixin.py:190} INFO - [2024-12-20T12:06:53.879-0800] {utils.py:160} INFO - NumExpr defaulting to 8 threads.
[2024-12-20T12:06:54.644-0800] {logging_mixin.py:190} INFO - [2024-12-20T12:06:54.643-0800] {dag.py:3239} INFO - Sync 1 DAGs
[2024-12-20T12:06:54.660-0800] {logging_mixin.py:190} INFO - [2024-12-20T12:06:54.660-0800] {dag.py:4180} INFO - Setting next_dagrun for example_sensor_decorator to None, run_after=None
[2024-12-20T12:06:54.689-0800] {processor.py:208} INFO - Processing /Users/rishukhurana/anaconda3/lib/python3.11/site-packages/airflow/example_dags/example_sensor_decorator.py took 1.774 seconds
[2024-12-20T12:12:29.490-0800] {processor.py:186} INFO - Started process (PID=74897) to work on /Users/rishukhurana/anaconda3/lib/python3.11/site-packages/airflow/example_dags/example_sensor_decorator.py
[2024-12-20T12:12:29.493-0800] {processor.py:914} INFO - Processing file /Users/rishukhurana/anaconda3/lib/python3.11/site-packages/airflow/example_dags/example_sensor_decorator.py for tasks to queue
[2024-12-20T12:12:29.495-0800] {logging_mixin.py:190} INFO - [2024-12-20T12:12:29.495-0800] {dagbag.py:588} INFO - Filling up the DagBag from /Users/rishukhurana/anaconda3/lib/python3.11/site-packages/airflow/example_dags/example_sensor_decorator.py
[2024-12-20T12:12:29.576-0800] {processor.py:925} INFO - DAG(s) 'example_sensor_decorator' retrieved from /Users/rishukhurana/anaconda3/lib/python3.11/site-packages/airflow/example_dags/example_sensor_decorator.py
[2024-12-20T12:12:30.342-0800] {logging_mixin.py:190} INFO - [2024-12-20T12:12:30.342-0800] {utils.py:160} INFO - NumExpr defaulting to 8 threads.
[2024-12-20T12:12:30.893-0800] {logging_mixin.py:190} INFO - [2024-12-20T12:12:30.892-0800] {dag.py:3239} INFO - Sync 1 DAGs
[2024-12-20T12:12:30.909-0800] {logging_mixin.py:190} INFO - [2024-12-20T12:12:30.908-0800] {dag.py:4180} INFO - Setting next_dagrun for example_sensor_decorator to None, run_after=None
[2024-12-20T12:12:30.936-0800] {processor.py:208} INFO - Processing /Users/rishukhurana/anaconda3/lib/python3.11/site-packages/airflow/example_dags/example_sensor_decorator.py took 1.459 seconds
