[2024-12-19T18:01:29.420-0800] {processor.py:186} INFO - Started process (PID=68273) to work on /Users/rishukhurana/anaconda3/lib/python3.11/site-packages/airflow/example_dags/example_kubernetes_executor.py
[2024-12-19T18:01:29.423-0800] {processor.py:914} INFO - Processing file /Users/rishukhurana/anaconda3/lib/python3.11/site-packages/airflow/example_dags/example_kubernetes_executor.py for tasks to queue
[2024-12-19T18:01:29.425-0800] {logging_mixin.py:190} INFO - [2024-12-19T18:01:29.425-0800] {dagbag.py:588} INFO - Filling up the DagBag from /Users/rishukhurana/anaconda3/lib/python3.11/site-packages/airflow/example_dags/example_kubernetes_executor.py
[2024-12-19T18:01:29.477-0800] {logging_mixin.py:190} INFO - [2024-12-19T18:01:29.477-0800] {example_kubernetes_executor.py:39} WARNING - The example_kubernetes_executor example DAG requires the kubernetes provider. Please install it with: pip install apache-airflow[cncf.kubernetes]
[2024-12-19T18:01:29.477-0800] {processor.py:927} WARNING - No viable dags retrieved from /Users/rishukhurana/anaconda3/lib/python3.11/site-packages/airflow/example_dags/example_kubernetes_executor.py
[2024-12-19T18:01:29.572-0800] {processor.py:208} INFO - Processing /Users/rishukhurana/anaconda3/lib/python3.11/site-packages/airflow/example_dags/example_kubernetes_executor.py took 0.157 seconds
[2024-12-19T21:49:28.629-0800] {processor.py:186} INFO - Started process (PID=68628) to work on /Users/rishukhurana/anaconda3/lib/python3.11/site-packages/airflow/example_dags/example_kubernetes_executor.py
[2024-12-19T21:49:28.632-0800] {processor.py:914} INFO - Processing file /Users/rishukhurana/anaconda3/lib/python3.11/site-packages/airflow/example_dags/example_kubernetes_executor.py for tasks to queue
[2024-12-19T21:49:28.633-0800] {logging_mixin.py:190} INFO - [2024-12-19T21:49:28.633-0800] {dagbag.py:588} INFO - Filling up the DagBag from /Users/rishukhurana/anaconda3/lib/python3.11/site-packages/airflow/example_dags/example_kubernetes_executor.py
[2024-12-19T21:49:28.686-0800] {logging_mixin.py:190} INFO - [2024-12-19T21:49:28.685-0800] {example_kubernetes_executor.py:39} WARNING - The example_kubernetes_executor example DAG requires the kubernetes provider. Please install it with: pip install apache-airflow[cncf.kubernetes]
[2024-12-19T21:49:28.686-0800] {processor.py:927} WARNING - No viable dags retrieved from /Users/rishukhurana/anaconda3/lib/python3.11/site-packages/airflow/example_dags/example_kubernetes_executor.py
[2024-12-19T21:49:28.790-0800] {processor.py:208} INFO - Processing /Users/rishukhurana/anaconda3/lib/python3.11/site-packages/airflow/example_dags/example_kubernetes_executor.py took 0.167 seconds
[2024-12-20T00:44:27.739-0800] {processor.py:186} INFO - Started process (PID=68832) to work on /Users/rishukhurana/anaconda3/lib/python3.11/site-packages/airflow/example_dags/example_kubernetes_executor.py
[2024-12-20T00:44:27.741-0800] {processor.py:914} INFO - Processing file /Users/rishukhurana/anaconda3/lib/python3.11/site-packages/airflow/example_dags/example_kubernetes_executor.py for tasks to queue
[2024-12-20T00:44:27.743-0800] {logging_mixin.py:190} INFO - [2024-12-20T00:44:27.743-0800] {dagbag.py:588} INFO - Filling up the DagBag from /Users/rishukhurana/anaconda3/lib/python3.11/site-packages/airflow/example_dags/example_kubernetes_executor.py
[2024-12-20T00:44:27.812-0800] {logging_mixin.py:190} INFO - [2024-12-20T00:44:27.812-0800] {example_kubernetes_executor.py:39} WARNING - The example_kubernetes_executor example DAG requires the kubernetes provider. Please install it with: pip install apache-airflow[cncf.kubernetes]
[2024-12-20T00:44:27.812-0800] {processor.py:927} WARNING - No viable dags retrieved from /Users/rishukhurana/anaconda3/lib/python3.11/site-packages/airflow/example_dags/example_kubernetes_executor.py
[2024-12-20T00:44:27.912-0800] {processor.py:208} INFO - Processing /Users/rishukhurana/anaconda3/lib/python3.11/site-packages/airflow/example_dags/example_kubernetes_executor.py took 0.178 seconds
[2024-12-20T08:20:21.243-0800] {processor.py:186} INFO - Started process (PID=69051) to work on /Users/rishukhurana/anaconda3/lib/python3.11/site-packages/airflow/example_dags/example_kubernetes_executor.py
[2024-12-20T08:20:21.246-0800] {processor.py:914} INFO - Processing file /Users/rishukhurana/anaconda3/lib/python3.11/site-packages/airflow/example_dags/example_kubernetes_executor.py for tasks to queue
[2024-12-20T08:20:21.247-0800] {logging_mixin.py:190} INFO - [2024-12-20T08:20:21.247-0800] {dagbag.py:588} INFO - Filling up the DagBag from /Users/rishukhurana/anaconda3/lib/python3.11/site-packages/airflow/example_dags/example_kubernetes_executor.py
[2024-12-20T08:20:21.303-0800] {logging_mixin.py:190} INFO - [2024-12-20T08:20:21.302-0800] {example_kubernetes_executor.py:39} WARNING - The example_kubernetes_executor example DAG requires the kubernetes provider. Please install it with: pip install apache-airflow[cncf.kubernetes]
[2024-12-20T08:20:21.303-0800] {processor.py:927} WARNING - No viable dags retrieved from /Users/rishukhurana/anaconda3/lib/python3.11/site-packages/airflow/example_dags/example_kubernetes_executor.py
[2024-12-20T08:20:21.406-0800] {processor.py:208} INFO - Processing /Users/rishukhurana/anaconda3/lib/python3.11/site-packages/airflow/example_dags/example_kubernetes_executor.py took 0.169 seconds
[2024-12-20T08:35:46.887-0800] {processor.py:186} INFO - Started process (PID=69261) to work on /Users/rishukhurana/anaconda3/lib/python3.11/site-packages/airflow/example_dags/example_kubernetes_executor.py
[2024-12-20T08:35:46.890-0800] {processor.py:914} INFO - Processing file /Users/rishukhurana/anaconda3/lib/python3.11/site-packages/airflow/example_dags/example_kubernetes_executor.py for tasks to queue
[2024-12-20T08:35:46.891-0800] {logging_mixin.py:190} INFO - [2024-12-20T08:35:46.891-0800] {dagbag.py:588} INFO - Filling up the DagBag from /Users/rishukhurana/anaconda3/lib/python3.11/site-packages/airflow/example_dags/example_kubernetes_executor.py
[2024-12-20T08:35:46.921-0800] {logging_mixin.py:190} INFO - [2024-12-20T08:35:46.921-0800] {example_kubernetes_executor.py:39} WARNING - The example_kubernetes_executor example DAG requires the kubernetes provider. Please install it with: pip install apache-airflow[cncf.kubernetes]
[2024-12-20T08:35:46.922-0800] {processor.py:927} WARNING - No viable dags retrieved from /Users/rishukhurana/anaconda3/lib/python3.11/site-packages/airflow/example_dags/example_kubernetes_executor.py
[2024-12-20T08:35:46.992-0800] {processor.py:208} INFO - Processing /Users/rishukhurana/anaconda3/lib/python3.11/site-packages/airflow/example_dags/example_kubernetes_executor.py took 0.111 seconds
[2024-12-20T09:40:09.361-0800] {processor.py:186} INFO - Started process (PID=69482) to work on /Users/rishukhurana/anaconda3/lib/python3.11/site-packages/airflow/example_dags/example_kubernetes_executor.py
[2024-12-20T09:40:09.363-0800] {processor.py:914} INFO - Processing file /Users/rishukhurana/anaconda3/lib/python3.11/site-packages/airflow/example_dags/example_kubernetes_executor.py for tasks to queue
[2024-12-20T09:40:09.365-0800] {logging_mixin.py:190} INFO - [2024-12-20T09:40:09.364-0800] {dagbag.py:588} INFO - Filling up the DagBag from /Users/rishukhurana/anaconda3/lib/python3.11/site-packages/airflow/example_dags/example_kubernetes_executor.py
[2024-12-20T09:40:09.393-0800] {logging_mixin.py:190} INFO - [2024-12-20T09:40:09.393-0800] {example_kubernetes_executor.py:39} WARNING - The example_kubernetes_executor example DAG requires the kubernetes provider. Please install it with: pip install apache-airflow[cncf.kubernetes]
[2024-12-20T09:40:09.393-0800] {processor.py:927} WARNING - No viable dags retrieved from /Users/rishukhurana/anaconda3/lib/python3.11/site-packages/airflow/example_dags/example_kubernetes_executor.py
[2024-12-20T09:40:09.464-0800] {processor.py:208} INFO - Processing /Users/rishukhurana/anaconda3/lib/python3.11/site-packages/airflow/example_dags/example_kubernetes_executor.py took 0.110 seconds
[2024-12-20T10:11:18.245-0800] {processor.py:186} INFO - Started process (PID=69693) to work on /Users/rishukhurana/anaconda3/lib/python3.11/site-packages/airflow/example_dags/example_kubernetes_executor.py
[2024-12-20T10:11:18.247-0800] {processor.py:914} INFO - Processing file /Users/rishukhurana/anaconda3/lib/python3.11/site-packages/airflow/example_dags/example_kubernetes_executor.py for tasks to queue
[2024-12-20T10:11:18.249-0800] {logging_mixin.py:190} INFO - [2024-12-20T10:11:18.249-0800] {dagbag.py:588} INFO - Filling up the DagBag from /Users/rishukhurana/anaconda3/lib/python3.11/site-packages/airflow/example_dags/example_kubernetes_executor.py
[2024-12-20T10:11:18.280-0800] {logging_mixin.py:190} INFO - [2024-12-20T10:11:18.280-0800] {example_kubernetes_executor.py:39} WARNING - The example_kubernetes_executor example DAG requires the kubernetes provider. Please install it with: pip install apache-airflow[cncf.kubernetes]
[2024-12-20T10:11:18.280-0800] {processor.py:927} WARNING - No viable dags retrieved from /Users/rishukhurana/anaconda3/lib/python3.11/site-packages/airflow/example_dags/example_kubernetes_executor.py
[2024-12-20T10:11:18.355-0800] {processor.py:208} INFO - Processing /Users/rishukhurana/anaconda3/lib/python3.11/site-packages/airflow/example_dags/example_kubernetes_executor.py took 0.118 seconds
[2024-12-20T10:14:59.826-0800] {processor.py:186} INFO - Started process (PID=69883) to work on /Users/rishukhurana/anaconda3/lib/python3.11/site-packages/airflow/example_dags/example_kubernetes_executor.py
[2024-12-20T10:14:59.828-0800] {processor.py:914} INFO - Processing file /Users/rishukhurana/anaconda3/lib/python3.11/site-packages/airflow/example_dags/example_kubernetes_executor.py for tasks to queue
[2024-12-20T10:14:59.830-0800] {logging_mixin.py:190} INFO - [2024-12-20T10:14:59.829-0800] {dagbag.py:588} INFO - Filling up the DagBag from /Users/rishukhurana/anaconda3/lib/python3.11/site-packages/airflow/example_dags/example_kubernetes_executor.py
[2024-12-20T10:14:59.863-0800] {logging_mixin.py:190} INFO - [2024-12-20T10:14:59.863-0800] {example_kubernetes_executor.py:39} WARNING - The example_kubernetes_executor example DAG requires the kubernetes provider. Please install it with: pip install apache-airflow[cncf.kubernetes]
[2024-12-20T10:14:59.864-0800] {processor.py:927} WARNING - No viable dags retrieved from /Users/rishukhurana/anaconda3/lib/python3.11/site-packages/airflow/example_dags/example_kubernetes_executor.py
[2024-12-20T10:14:59.944-0800] {processor.py:208} INFO - Processing /Users/rishukhurana/anaconda3/lib/python3.11/site-packages/airflow/example_dags/example_kubernetes_executor.py took 0.125 seconds
[2024-12-20T10:18:09.191-0800] {processor.py:186} INFO - Started process (PID=70057) to work on /Users/rishukhurana/anaconda3/lib/python3.11/site-packages/airflow/example_dags/example_kubernetes_executor.py
[2024-12-20T10:18:09.193-0800] {processor.py:914} INFO - Processing file /Users/rishukhurana/anaconda3/lib/python3.11/site-packages/airflow/example_dags/example_kubernetes_executor.py for tasks to queue
[2024-12-20T10:18:09.195-0800] {logging_mixin.py:190} INFO - [2024-12-20T10:18:09.194-0800] {dagbag.py:588} INFO - Filling up the DagBag from /Users/rishukhurana/anaconda3/lib/python3.11/site-packages/airflow/example_dags/example_kubernetes_executor.py
[2024-12-20T10:18:09.229-0800] {logging_mixin.py:190} INFO - [2024-12-20T10:18:09.229-0800] {example_kubernetes_executor.py:39} WARNING - The example_kubernetes_executor example DAG requires the kubernetes provider. Please install it with: pip install apache-airflow[cncf.kubernetes]
[2024-12-20T10:18:09.229-0800] {processor.py:927} WARNING - No viable dags retrieved from /Users/rishukhurana/anaconda3/lib/python3.11/site-packages/airflow/example_dags/example_kubernetes_executor.py
[2024-12-20T10:18:09.311-0800] {processor.py:208} INFO - Processing /Users/rishukhurana/anaconda3/lib/python3.11/site-packages/airflow/example_dags/example_kubernetes_executor.py took 0.126 seconds
[2024-12-20T10:21:11.329-0800] {processor.py:186} INFO - Started process (PID=70220) to work on /Users/rishukhurana/anaconda3/lib/python3.11/site-packages/airflow/example_dags/example_kubernetes_executor.py
[2024-12-20T10:21:11.331-0800] {processor.py:914} INFO - Processing file /Users/rishukhurana/anaconda3/lib/python3.11/site-packages/airflow/example_dags/example_kubernetes_executor.py for tasks to queue
[2024-12-20T10:21:11.333-0800] {logging_mixin.py:190} INFO - [2024-12-20T10:21:11.332-0800] {dagbag.py:588} INFO - Filling up the DagBag from /Users/rishukhurana/anaconda3/lib/python3.11/site-packages/airflow/example_dags/example_kubernetes_executor.py
[2024-12-20T10:21:11.373-0800] {logging_mixin.py:190} INFO - [2024-12-20T10:21:11.373-0800] {example_kubernetes_executor.py:39} WARNING - The example_kubernetes_executor example DAG requires the kubernetes provider. Please install it with: pip install apache-airflow[cncf.kubernetes]
[2024-12-20T10:21:11.374-0800] {processor.py:927} WARNING - No viable dags retrieved from /Users/rishukhurana/anaconda3/lib/python3.11/site-packages/airflow/example_dags/example_kubernetes_executor.py
[2024-12-20T10:21:11.448-0800] {processor.py:208} INFO - Processing /Users/rishukhurana/anaconda3/lib/python3.11/site-packages/airflow/example_dags/example_kubernetes_executor.py took 0.127 seconds
[2024-12-20T10:24:12.408-0800] {processor.py:186} INFO - Started process (PID=70390) to work on /Users/rishukhurana/anaconda3/lib/python3.11/site-packages/airflow/example_dags/example_kubernetes_executor.py
[2024-12-20T10:24:12.411-0800] {processor.py:914} INFO - Processing file /Users/rishukhurana/anaconda3/lib/python3.11/site-packages/airflow/example_dags/example_kubernetes_executor.py for tasks to queue
[2024-12-20T10:24:12.412-0800] {logging_mixin.py:190} INFO - [2024-12-20T10:24:12.412-0800] {dagbag.py:588} INFO - Filling up the DagBag from /Users/rishukhurana/anaconda3/lib/python3.11/site-packages/airflow/example_dags/example_kubernetes_executor.py
[2024-12-20T10:24:12.445-0800] {logging_mixin.py:190} INFO - [2024-12-20T10:24:12.444-0800] {example_kubernetes_executor.py:39} WARNING - The example_kubernetes_executor example DAG requires the kubernetes provider. Please install it with: pip install apache-airflow[cncf.kubernetes]
[2024-12-20T10:24:12.445-0800] {processor.py:927} WARNING - No viable dags retrieved from /Users/rishukhurana/anaconda3/lib/python3.11/site-packages/airflow/example_dags/example_kubernetes_executor.py
[2024-12-20T10:24:12.520-0800] {processor.py:208} INFO - Processing /Users/rishukhurana/anaconda3/lib/python3.11/site-packages/airflow/example_dags/example_kubernetes_executor.py took 0.119 seconds
[2024-12-20T10:30:15.527-0800] {processor.py:186} INFO - Started process (PID=70700) to work on /Users/rishukhurana/anaconda3/lib/python3.11/site-packages/airflow/example_dags/example_kubernetes_executor.py
[2024-12-20T10:30:15.529-0800] {processor.py:914} INFO - Processing file /Users/rishukhurana/anaconda3/lib/python3.11/site-packages/airflow/example_dags/example_kubernetes_executor.py for tasks to queue
[2024-12-20T10:30:15.531-0800] {logging_mixin.py:190} INFO - [2024-12-20T10:30:15.531-0800] {dagbag.py:588} INFO - Filling up the DagBag from /Users/rishukhurana/anaconda3/lib/python3.11/site-packages/airflow/example_dags/example_kubernetes_executor.py
[2024-12-20T10:30:15.563-0800] {logging_mixin.py:190} INFO - [2024-12-20T10:30:15.563-0800] {example_kubernetes_executor.py:39} WARNING - The example_kubernetes_executor example DAG requires the kubernetes provider. Please install it with: pip install apache-airflow[cncf.kubernetes]
[2024-12-20T10:30:15.563-0800] {processor.py:927} WARNING - No viable dags retrieved from /Users/rishukhurana/anaconda3/lib/python3.11/site-packages/airflow/example_dags/example_kubernetes_executor.py
[2024-12-20T10:30:15.644-0800] {processor.py:208} INFO - Processing /Users/rishukhurana/anaconda3/lib/python3.11/site-packages/airflow/example_dags/example_kubernetes_executor.py took 0.123 seconds
[2024-12-20T10:33:22.896-0800] {processor.py:186} INFO - Started process (PID=70879) to work on /Users/rishukhurana/anaconda3/lib/python3.11/site-packages/airflow/example_dags/example_kubernetes_executor.py
[2024-12-20T10:33:22.899-0800] {processor.py:914} INFO - Processing file /Users/rishukhurana/anaconda3/lib/python3.11/site-packages/airflow/example_dags/example_kubernetes_executor.py for tasks to queue
[2024-12-20T10:33:22.900-0800] {logging_mixin.py:190} INFO - [2024-12-20T10:33:22.900-0800] {dagbag.py:588} INFO - Filling up the DagBag from /Users/rishukhurana/anaconda3/lib/python3.11/site-packages/airflow/example_dags/example_kubernetes_executor.py
[2024-12-20T10:33:22.937-0800] {logging_mixin.py:190} INFO - [2024-12-20T10:33:22.937-0800] {example_kubernetes_executor.py:39} WARNING - The example_kubernetes_executor example DAG requires the kubernetes provider. Please install it with: pip install apache-airflow[cncf.kubernetes]
[2024-12-20T10:33:22.937-0800] {processor.py:927} WARNING - No viable dags retrieved from /Users/rishukhurana/anaconda3/lib/python3.11/site-packages/airflow/example_dags/example_kubernetes_executor.py
[2024-12-20T10:33:23.010-0800] {processor.py:208} INFO - Processing /Users/rishukhurana/anaconda3/lib/python3.11/site-packages/airflow/example_dags/example_kubernetes_executor.py took 0.121 seconds
[2024-12-20T10:36:33.009-0800] {processor.py:186} INFO - Started process (PID=71044) to work on /Users/rishukhurana/anaconda3/lib/python3.11/site-packages/airflow/example_dags/example_kubernetes_executor.py
[2024-12-20T10:36:33.012-0800] {processor.py:914} INFO - Processing file /Users/rishukhurana/anaconda3/lib/python3.11/site-packages/airflow/example_dags/example_kubernetes_executor.py for tasks to queue
[2024-12-20T10:36:33.014-0800] {logging_mixin.py:190} INFO - [2024-12-20T10:36:33.013-0800] {dagbag.py:588} INFO - Filling up the DagBag from /Users/rishukhurana/anaconda3/lib/python3.11/site-packages/airflow/example_dags/example_kubernetes_executor.py
[2024-12-20T10:36:33.048-0800] {logging_mixin.py:190} INFO - [2024-12-20T10:36:33.047-0800] {example_kubernetes_executor.py:39} WARNING - The example_kubernetes_executor example DAG requires the kubernetes provider. Please install it with: pip install apache-airflow[cncf.kubernetes]
[2024-12-20T10:36:33.048-0800] {processor.py:927} WARNING - No viable dags retrieved from /Users/rishukhurana/anaconda3/lib/python3.11/site-packages/airflow/example_dags/example_kubernetes_executor.py
[2024-12-20T10:36:33.124-0800] {processor.py:208} INFO - Processing /Users/rishukhurana/anaconda3/lib/python3.11/site-packages/airflow/example_dags/example_kubernetes_executor.py took 0.122 seconds
[2024-12-20T10:39:48.939-0800] {processor.py:186} INFO - Started process (PID=71215) to work on /Users/rishukhurana/anaconda3/lib/python3.11/site-packages/airflow/example_dags/example_kubernetes_executor.py
[2024-12-20T10:39:48.941-0800] {processor.py:914} INFO - Processing file /Users/rishukhurana/anaconda3/lib/python3.11/site-packages/airflow/example_dags/example_kubernetes_executor.py for tasks to queue
[2024-12-20T10:39:48.943-0800] {logging_mixin.py:190} INFO - [2024-12-20T10:39:48.942-0800] {dagbag.py:588} INFO - Filling up the DagBag from /Users/rishukhurana/anaconda3/lib/python3.11/site-packages/airflow/example_dags/example_kubernetes_executor.py
[2024-12-20T10:39:48.980-0800] {logging_mixin.py:190} INFO - [2024-12-20T10:39:48.980-0800] {example_kubernetes_executor.py:39} WARNING - The example_kubernetes_executor example DAG requires the kubernetes provider. Please install it with: pip install apache-airflow[cncf.kubernetes]
[2024-12-20T10:39:48.980-0800] {processor.py:927} WARNING - No viable dags retrieved from /Users/rishukhurana/anaconda3/lib/python3.11/site-packages/airflow/example_dags/example_kubernetes_executor.py
[2024-12-20T10:39:49.070-0800] {processor.py:208} INFO - Processing /Users/rishukhurana/anaconda3/lib/python3.11/site-packages/airflow/example_dags/example_kubernetes_executor.py took 0.140 seconds
[2024-12-20T10:43:00.632-0800] {processor.py:186} INFO - Started process (PID=71370) to work on /Users/rishukhurana/anaconda3/lib/python3.11/site-packages/airflow/example_dags/example_kubernetes_executor.py
[2024-12-20T10:43:00.635-0800] {processor.py:914} INFO - Processing file /Users/rishukhurana/anaconda3/lib/python3.11/site-packages/airflow/example_dags/example_kubernetes_executor.py for tasks to queue
[2024-12-20T10:43:00.636-0800] {logging_mixin.py:190} INFO - [2024-12-20T10:43:00.636-0800] {dagbag.py:588} INFO - Filling up the DagBag from /Users/rishukhurana/anaconda3/lib/python3.11/site-packages/airflow/example_dags/example_kubernetes_executor.py
[2024-12-20T10:43:00.669-0800] {logging_mixin.py:190} INFO - [2024-12-20T10:43:00.669-0800] {example_kubernetes_executor.py:39} WARNING - The example_kubernetes_executor example DAG requires the kubernetes provider. Please install it with: pip install apache-airflow[cncf.kubernetes]
[2024-12-20T10:43:00.669-0800] {processor.py:927} WARNING - No viable dags retrieved from /Users/rishukhurana/anaconda3/lib/python3.11/site-packages/airflow/example_dags/example_kubernetes_executor.py
[2024-12-20T10:43:00.751-0800] {processor.py:208} INFO - Processing /Users/rishukhurana/anaconda3/lib/python3.11/site-packages/airflow/example_dags/example_kubernetes_executor.py took 0.124 seconds
[2024-12-20T10:46:13.213-0800] {processor.py:186} INFO - Started process (PID=71518) to work on /Users/rishukhurana/anaconda3/lib/python3.11/site-packages/airflow/example_dags/example_kubernetes_executor.py
[2024-12-20T10:46:13.216-0800] {processor.py:914} INFO - Processing file /Users/rishukhurana/anaconda3/lib/python3.11/site-packages/airflow/example_dags/example_kubernetes_executor.py for tasks to queue
[2024-12-20T10:46:13.217-0800] {logging_mixin.py:190} INFO - [2024-12-20T10:46:13.217-0800] {dagbag.py:588} INFO - Filling up the DagBag from /Users/rishukhurana/anaconda3/lib/python3.11/site-packages/airflow/example_dags/example_kubernetes_executor.py
[2024-12-20T10:46:13.271-0800] {logging_mixin.py:190} INFO - [2024-12-20T10:46:13.271-0800] {example_kubernetes_executor.py:39} WARNING - The example_kubernetes_executor example DAG requires the kubernetes provider. Please install it with: pip install apache-airflow[cncf.kubernetes]
[2024-12-20T10:46:13.271-0800] {processor.py:927} WARNING - No viable dags retrieved from /Users/rishukhurana/anaconda3/lib/python3.11/site-packages/airflow/example_dags/example_kubernetes_executor.py
[2024-12-20T10:46:13.354-0800] {processor.py:208} INFO - Processing /Users/rishukhurana/anaconda3/lib/python3.11/site-packages/airflow/example_dags/example_kubernetes_executor.py took 0.147 seconds
[2024-12-20T10:49:26.972-0800] {processor.py:186} INFO - Started process (PID=71666) to work on /Users/rishukhurana/anaconda3/lib/python3.11/site-packages/airflow/example_dags/example_kubernetes_executor.py
[2024-12-20T10:49:26.974-0800] {processor.py:914} INFO - Processing file /Users/rishukhurana/anaconda3/lib/python3.11/site-packages/airflow/example_dags/example_kubernetes_executor.py for tasks to queue
[2024-12-20T10:49:26.975-0800] {logging_mixin.py:190} INFO - [2024-12-20T10:49:26.975-0800] {dagbag.py:588} INFO - Filling up the DagBag from /Users/rishukhurana/anaconda3/lib/python3.11/site-packages/airflow/example_dags/example_kubernetes_executor.py
[2024-12-20T10:49:27.025-0800] {logging_mixin.py:190} INFO - [2024-12-20T10:49:27.025-0800] {example_kubernetes_executor.py:39} WARNING - The example_kubernetes_executor example DAG requires the kubernetes provider. Please install it with: pip install apache-airflow[cncf.kubernetes]
[2024-12-20T10:49:27.025-0800] {processor.py:927} WARNING - No viable dags retrieved from /Users/rishukhurana/anaconda3/lib/python3.11/site-packages/airflow/example_dags/example_kubernetes_executor.py
[2024-12-20T10:49:27.128-0800] {processor.py:208} INFO - Processing /Users/rishukhurana/anaconda3/lib/python3.11/site-packages/airflow/example_dags/example_kubernetes_executor.py took 0.168 seconds
[2024-12-20T10:52:44.867-0800] {processor.py:186} INFO - Started process (PID=71827) to work on /Users/rishukhurana/anaconda3/lib/python3.11/site-packages/airflow/example_dags/example_kubernetes_executor.py
[2024-12-20T10:52:44.870-0800] {processor.py:914} INFO - Processing file /Users/rishukhurana/anaconda3/lib/python3.11/site-packages/airflow/example_dags/example_kubernetes_executor.py for tasks to queue
[2024-12-20T10:52:44.871-0800] {logging_mixin.py:190} INFO - [2024-12-20T10:52:44.871-0800] {dagbag.py:588} INFO - Filling up the DagBag from /Users/rishukhurana/anaconda3/lib/python3.11/site-packages/airflow/example_dags/example_kubernetes_executor.py
[2024-12-20T10:52:44.906-0800] {logging_mixin.py:190} INFO - [2024-12-20T10:52:44.906-0800] {example_kubernetes_executor.py:39} WARNING - The example_kubernetes_executor example DAG requires the kubernetes provider. Please install it with: pip install apache-airflow[cncf.kubernetes]
[2024-12-20T10:52:44.906-0800] {processor.py:927} WARNING - No viable dags retrieved from /Users/rishukhurana/anaconda3/lib/python3.11/site-packages/airflow/example_dags/example_kubernetes_executor.py
[2024-12-20T10:52:44.995-0800] {processor.py:208} INFO - Processing /Users/rishukhurana/anaconda3/lib/python3.11/site-packages/airflow/example_dags/example_kubernetes_executor.py took 0.135 seconds
[2024-12-20T10:56:05.627-0800] {processor.py:186} INFO - Started process (PID=71975) to work on /Users/rishukhurana/anaconda3/lib/python3.11/site-packages/airflow/example_dags/example_kubernetes_executor.py
[2024-12-20T10:56:05.629-0800] {processor.py:914} INFO - Processing file /Users/rishukhurana/anaconda3/lib/python3.11/site-packages/airflow/example_dags/example_kubernetes_executor.py for tasks to queue
[2024-12-20T10:56:05.631-0800] {logging_mixin.py:190} INFO - [2024-12-20T10:56:05.631-0800] {dagbag.py:588} INFO - Filling up the DagBag from /Users/rishukhurana/anaconda3/lib/python3.11/site-packages/airflow/example_dags/example_kubernetes_executor.py
[2024-12-20T10:56:05.666-0800] {logging_mixin.py:190} INFO - [2024-12-20T10:56:05.665-0800] {example_kubernetes_executor.py:39} WARNING - The example_kubernetes_executor example DAG requires the kubernetes provider. Please install it with: pip install apache-airflow[cncf.kubernetes]
[2024-12-20T10:56:05.666-0800] {processor.py:927} WARNING - No viable dags retrieved from /Users/rishukhurana/anaconda3/lib/python3.11/site-packages/airflow/example_dags/example_kubernetes_executor.py
[2024-12-20T10:56:05.748-0800] {processor.py:208} INFO - Processing /Users/rishukhurana/anaconda3/lib/python3.11/site-packages/airflow/example_dags/example_kubernetes_executor.py took 0.131 seconds
[2024-12-20T10:59:14.196-0800] {processor.py:186} INFO - Started process (PID=72122) to work on /Users/rishukhurana/anaconda3/lib/python3.11/site-packages/airflow/example_dags/example_kubernetes_executor.py
[2024-12-20T10:59:14.199-0800] {processor.py:914} INFO - Processing file /Users/rishukhurana/anaconda3/lib/python3.11/site-packages/airflow/example_dags/example_kubernetes_executor.py for tasks to queue
[2024-12-20T10:59:14.200-0800] {logging_mixin.py:190} INFO - [2024-12-20T10:59:14.199-0800] {dagbag.py:588} INFO - Filling up the DagBag from /Users/rishukhurana/anaconda3/lib/python3.11/site-packages/airflow/example_dags/example_kubernetes_executor.py
[2024-12-20T10:59:14.231-0800] {logging_mixin.py:190} INFO - [2024-12-20T10:59:14.231-0800] {example_kubernetes_executor.py:39} WARNING - The example_kubernetes_executor example DAG requires the kubernetes provider. Please install it with: pip install apache-airflow[cncf.kubernetes]
[2024-12-20T10:59:14.232-0800] {processor.py:927} WARNING - No viable dags retrieved from /Users/rishukhurana/anaconda3/lib/python3.11/site-packages/airflow/example_dags/example_kubernetes_executor.py
[2024-12-20T10:59:14.314-0800] {processor.py:208} INFO - Processing /Users/rishukhurana/anaconda3/lib/python3.11/site-packages/airflow/example_dags/example_kubernetes_executor.py took 0.122 seconds
[2024-12-20T11:02:21.385-0800] {processor.py:186} INFO - Started process (PID=72266) to work on /Users/rishukhurana/anaconda3/lib/python3.11/site-packages/airflow/example_dags/example_kubernetes_executor.py
[2024-12-20T11:02:21.387-0800] {processor.py:914} INFO - Processing file /Users/rishukhurana/anaconda3/lib/python3.11/site-packages/airflow/example_dags/example_kubernetes_executor.py for tasks to queue
[2024-12-20T11:02:21.389-0800] {logging_mixin.py:190} INFO - [2024-12-20T11:02:21.389-0800] {dagbag.py:588} INFO - Filling up the DagBag from /Users/rishukhurana/anaconda3/lib/python3.11/site-packages/airflow/example_dags/example_kubernetes_executor.py
[2024-12-20T11:02:21.435-0800] {logging_mixin.py:190} INFO - [2024-12-20T11:02:21.434-0800] {example_kubernetes_executor.py:39} WARNING - The example_kubernetes_executor example DAG requires the kubernetes provider. Please install it with: pip install apache-airflow[cncf.kubernetes]
[2024-12-20T11:02:21.435-0800] {processor.py:927} WARNING - No viable dags retrieved from /Users/rishukhurana/anaconda3/lib/python3.11/site-packages/airflow/example_dags/example_kubernetes_executor.py
[2024-12-20T11:02:21.520-0800] {processor.py:208} INFO - Processing /Users/rishukhurana/anaconda3/lib/python3.11/site-packages/airflow/example_dags/example_kubernetes_executor.py took 0.141 seconds
[2024-12-20T11:05:42.285-0800] {processor.py:186} INFO - Started process (PID=72434) to work on /Users/rishukhurana/anaconda3/lib/python3.11/site-packages/airflow/example_dags/example_kubernetes_executor.py
[2024-12-20T11:05:42.287-0800] {processor.py:914} INFO - Processing file /Users/rishukhurana/anaconda3/lib/python3.11/site-packages/airflow/example_dags/example_kubernetes_executor.py for tasks to queue
[2024-12-20T11:05:42.289-0800] {logging_mixin.py:190} INFO - [2024-12-20T11:05:42.288-0800] {dagbag.py:588} INFO - Filling up the DagBag from /Users/rishukhurana/anaconda3/lib/python3.11/site-packages/airflow/example_dags/example_kubernetes_executor.py
[2024-12-20T11:05:42.340-0800] {logging_mixin.py:190} INFO - [2024-12-20T11:05:42.340-0800] {example_kubernetes_executor.py:39} WARNING - The example_kubernetes_executor example DAG requires the kubernetes provider. Please install it with: pip install apache-airflow[cncf.kubernetes]
[2024-12-20T11:05:42.341-0800] {processor.py:927} WARNING - No viable dags retrieved from /Users/rishukhurana/anaconda3/lib/python3.11/site-packages/airflow/example_dags/example_kubernetes_executor.py
[2024-12-20T11:05:42.437-0800] {processor.py:208} INFO - Processing /Users/rishukhurana/anaconda3/lib/python3.11/site-packages/airflow/example_dags/example_kubernetes_executor.py took 0.161 seconds
[2024-12-20T11:08:52.948-0800] {processor.py:186} INFO - Started process (PID=72581) to work on /Users/rishukhurana/anaconda3/lib/python3.11/site-packages/airflow/example_dags/example_kubernetes_executor.py
[2024-12-20T11:08:52.950-0800] {processor.py:914} INFO - Processing file /Users/rishukhurana/anaconda3/lib/python3.11/site-packages/airflow/example_dags/example_kubernetes_executor.py for tasks to queue
[2024-12-20T11:08:52.952-0800] {logging_mixin.py:190} INFO - [2024-12-20T11:08:52.952-0800] {dagbag.py:588} INFO - Filling up the DagBag from /Users/rishukhurana/anaconda3/lib/python3.11/site-packages/airflow/example_dags/example_kubernetes_executor.py
[2024-12-20T11:08:52.988-0800] {logging_mixin.py:190} INFO - [2024-12-20T11:08:52.988-0800] {example_kubernetes_executor.py:39} WARNING - The example_kubernetes_executor example DAG requires the kubernetes provider. Please install it with: pip install apache-airflow[cncf.kubernetes]
[2024-12-20T11:08:52.989-0800] {processor.py:927} WARNING - No viable dags retrieved from /Users/rishukhurana/anaconda3/lib/python3.11/site-packages/airflow/example_dags/example_kubernetes_executor.py
[2024-12-20T11:08:53.074-0800] {processor.py:208} INFO - Processing /Users/rishukhurana/anaconda3/lib/python3.11/site-packages/airflow/example_dags/example_kubernetes_executor.py took 0.133 seconds
[2024-12-20T11:12:06.693-0800] {processor.py:186} INFO - Started process (PID=72747) to work on /Users/rishukhurana/anaconda3/lib/python3.11/site-packages/airflow/example_dags/example_kubernetes_executor.py
[2024-12-20T11:12:06.695-0800] {processor.py:914} INFO - Processing file /Users/rishukhurana/anaconda3/lib/python3.11/site-packages/airflow/example_dags/example_kubernetes_executor.py for tasks to queue
[2024-12-20T11:12:06.697-0800] {logging_mixin.py:190} INFO - [2024-12-20T11:12:06.696-0800] {dagbag.py:588} INFO - Filling up the DagBag from /Users/rishukhurana/anaconda3/lib/python3.11/site-packages/airflow/example_dags/example_kubernetes_executor.py
[2024-12-20T11:12:06.733-0800] {logging_mixin.py:190} INFO - [2024-12-20T11:12:06.732-0800] {example_kubernetes_executor.py:39} WARNING - The example_kubernetes_executor example DAG requires the kubernetes provider. Please install it with: pip install apache-airflow[cncf.kubernetes]
[2024-12-20T11:12:06.733-0800] {processor.py:927} WARNING - No viable dags retrieved from /Users/rishukhurana/anaconda3/lib/python3.11/site-packages/airflow/example_dags/example_kubernetes_executor.py
[2024-12-20T11:12:06.819-0800] {processor.py:208} INFO - Processing /Users/rishukhurana/anaconda3/lib/python3.11/site-packages/airflow/example_dags/example_kubernetes_executor.py took 0.135 seconds
[2024-12-20T11:15:21.074-0800] {processor.py:186} INFO - Started process (PID=72899) to work on /Users/rishukhurana/anaconda3/lib/python3.11/site-packages/airflow/example_dags/example_kubernetes_executor.py
[2024-12-20T11:15:21.077-0800] {processor.py:914} INFO - Processing file /Users/rishukhurana/anaconda3/lib/python3.11/site-packages/airflow/example_dags/example_kubernetes_executor.py for tasks to queue
[2024-12-20T11:15:21.078-0800] {logging_mixin.py:190} INFO - [2024-12-20T11:15:21.078-0800] {dagbag.py:588} INFO - Filling up the DagBag from /Users/rishukhurana/anaconda3/lib/python3.11/site-packages/airflow/example_dags/example_kubernetes_executor.py
[2024-12-20T11:15:21.107-0800] {logging_mixin.py:190} INFO - [2024-12-20T11:15:21.107-0800] {example_kubernetes_executor.py:39} WARNING - The example_kubernetes_executor example DAG requires the kubernetes provider. Please install it with: pip install apache-airflow[cncf.kubernetes]
[2024-12-20T11:15:21.107-0800] {processor.py:927} WARNING - No viable dags retrieved from /Users/rishukhurana/anaconda3/lib/python3.11/site-packages/airflow/example_dags/example_kubernetes_executor.py
[2024-12-20T11:15:21.182-0800] {processor.py:208} INFO - Processing /Users/rishukhurana/anaconda3/lib/python3.11/site-packages/airflow/example_dags/example_kubernetes_executor.py took 0.116 seconds
[2024-12-20T11:18:27.220-0800] {processor.py:186} INFO - Started process (PID=73061) to work on /Users/rishukhurana/anaconda3/lib/python3.11/site-packages/airflow/example_dags/example_kubernetes_executor.py
[2024-12-20T11:18:27.223-0800] {processor.py:914} INFO - Processing file /Users/rishukhurana/anaconda3/lib/python3.11/site-packages/airflow/example_dags/example_kubernetes_executor.py for tasks to queue
[2024-12-20T11:18:27.225-0800] {logging_mixin.py:190} INFO - [2024-12-20T11:18:27.224-0800] {dagbag.py:588} INFO - Filling up the DagBag from /Users/rishukhurana/anaconda3/lib/python3.11/site-packages/airflow/example_dags/example_kubernetes_executor.py
[2024-12-20T11:18:27.254-0800] {logging_mixin.py:190} INFO - [2024-12-20T11:18:27.254-0800] {example_kubernetes_executor.py:39} WARNING - The example_kubernetes_executor example DAG requires the kubernetes provider. Please install it with: pip install apache-airflow[cncf.kubernetes]
[2024-12-20T11:18:27.255-0800] {processor.py:927} WARNING - No viable dags retrieved from /Users/rishukhurana/anaconda3/lib/python3.11/site-packages/airflow/example_dags/example_kubernetes_executor.py
[2024-12-20T11:18:27.330-0800] {processor.py:208} INFO - Processing /Users/rishukhurana/anaconda3/lib/python3.11/site-packages/airflow/example_dags/example_kubernetes_executor.py took 0.117 seconds
[2024-12-20T11:21:31.611-0800] {processor.py:186} INFO - Started process (PID=73222) to work on /Users/rishukhurana/anaconda3/lib/python3.11/site-packages/airflow/example_dags/example_kubernetes_executor.py
[2024-12-20T11:21:31.613-0800] {processor.py:914} INFO - Processing file /Users/rishukhurana/anaconda3/lib/python3.11/site-packages/airflow/example_dags/example_kubernetes_executor.py for tasks to queue
[2024-12-20T11:21:31.615-0800] {logging_mixin.py:190} INFO - [2024-12-20T11:21:31.615-0800] {dagbag.py:588} INFO - Filling up the DagBag from /Users/rishukhurana/anaconda3/lib/python3.11/site-packages/airflow/example_dags/example_kubernetes_executor.py
[2024-12-20T11:21:31.648-0800] {logging_mixin.py:190} INFO - [2024-12-20T11:21:31.648-0800] {example_kubernetes_executor.py:39} WARNING - The example_kubernetes_executor example DAG requires the kubernetes provider. Please install it with: pip install apache-airflow[cncf.kubernetes]
[2024-12-20T11:21:31.648-0800] {processor.py:927} WARNING - No viable dags retrieved from /Users/rishukhurana/anaconda3/lib/python3.11/site-packages/airflow/example_dags/example_kubernetes_executor.py
[2024-12-20T11:21:31.722-0800] {processor.py:208} INFO - Processing /Users/rishukhurana/anaconda3/lib/python3.11/site-packages/airflow/example_dags/example_kubernetes_executor.py took 0.117 seconds
[2024-12-20T11:24:35.190-0800] {processor.py:186} INFO - Started process (PID=73387) to work on /Users/rishukhurana/anaconda3/lib/python3.11/site-packages/airflow/example_dags/example_kubernetes_executor.py
[2024-12-20T11:24:35.193-0800] {processor.py:914} INFO - Processing file /Users/rishukhurana/anaconda3/lib/python3.11/site-packages/airflow/example_dags/example_kubernetes_executor.py for tasks to queue
[2024-12-20T11:24:35.195-0800] {logging_mixin.py:190} INFO - [2024-12-20T11:24:35.195-0800] {dagbag.py:588} INFO - Filling up the DagBag from /Users/rishukhurana/anaconda3/lib/python3.11/site-packages/airflow/example_dags/example_kubernetes_executor.py
[2024-12-20T11:24:35.228-0800] {logging_mixin.py:190} INFO - [2024-12-20T11:24:35.228-0800] {example_kubernetes_executor.py:39} WARNING - The example_kubernetes_executor example DAG requires the kubernetes provider. Please install it with: pip install apache-airflow[cncf.kubernetes]
[2024-12-20T11:24:35.229-0800] {processor.py:927} WARNING - No viable dags retrieved from /Users/rishukhurana/anaconda3/lib/python3.11/site-packages/airflow/example_dags/example_kubernetes_executor.py
[2024-12-20T11:24:35.310-0800] {processor.py:208} INFO - Processing /Users/rishukhurana/anaconda3/lib/python3.11/site-packages/airflow/example_dags/example_kubernetes_executor.py took 0.125 seconds
[2024-12-20T11:27:37.276-0800] {processor.py:186} INFO - Started process (PID=73544) to work on /Users/rishukhurana/anaconda3/lib/python3.11/site-packages/airflow/example_dags/example_kubernetes_executor.py
[2024-12-20T11:27:37.279-0800] {processor.py:914} INFO - Processing file /Users/rishukhurana/anaconda3/lib/python3.11/site-packages/airflow/example_dags/example_kubernetes_executor.py for tasks to queue
[2024-12-20T11:27:37.280-0800] {logging_mixin.py:190} INFO - [2024-12-20T11:27:37.280-0800] {dagbag.py:588} INFO - Filling up the DagBag from /Users/rishukhurana/anaconda3/lib/python3.11/site-packages/airflow/example_dags/example_kubernetes_executor.py
[2024-12-20T11:27:37.309-0800] {logging_mixin.py:190} INFO - [2024-12-20T11:27:37.308-0800] {example_kubernetes_executor.py:39} WARNING - The example_kubernetes_executor example DAG requires the kubernetes provider. Please install it with: pip install apache-airflow[cncf.kubernetes]
[2024-12-20T11:27:37.309-0800] {processor.py:927} WARNING - No viable dags retrieved from /Users/rishukhurana/anaconda3/lib/python3.11/site-packages/airflow/example_dags/example_kubernetes_executor.py
[2024-12-20T11:27:37.379-0800] {processor.py:208} INFO - Processing /Users/rishukhurana/anaconda3/lib/python3.11/site-packages/airflow/example_dags/example_kubernetes_executor.py took 0.110 seconds
[2024-12-20T11:30:37.188-0800] {processor.py:186} INFO - Started process (PID=73691) to work on /Users/rishukhurana/anaconda3/lib/python3.11/site-packages/airflow/example_dags/example_kubernetes_executor.py
[2024-12-20T11:30:37.190-0800] {processor.py:914} INFO - Processing file /Users/rishukhurana/anaconda3/lib/python3.11/site-packages/airflow/example_dags/example_kubernetes_executor.py for tasks to queue
[2024-12-20T11:30:37.191-0800] {logging_mixin.py:190} INFO - [2024-12-20T11:30:37.191-0800] {dagbag.py:588} INFO - Filling up the DagBag from /Users/rishukhurana/anaconda3/lib/python3.11/site-packages/airflow/example_dags/example_kubernetes_executor.py
[2024-12-20T11:30:37.243-0800] {logging_mixin.py:190} INFO - [2024-12-20T11:30:37.243-0800] {example_kubernetes_executor.py:39} WARNING - The example_kubernetes_executor example DAG requires the kubernetes provider. Please install it with: pip install apache-airflow[cncf.kubernetes]
[2024-12-20T11:30:37.243-0800] {processor.py:927} WARNING - No viable dags retrieved from /Users/rishukhurana/anaconda3/lib/python3.11/site-packages/airflow/example_dags/example_kubernetes_executor.py
[2024-12-20T11:30:37.317-0800] {processor.py:208} INFO - Processing /Users/rishukhurana/anaconda3/lib/python3.11/site-packages/airflow/example_dags/example_kubernetes_executor.py took 0.136 seconds
[2024-12-20T11:33:38.735-0800] {processor.py:186} INFO - Started process (PID=73848) to work on /Users/rishukhurana/anaconda3/lib/python3.11/site-packages/airflow/example_dags/example_kubernetes_executor.py
[2024-12-20T11:33:38.738-0800] {processor.py:914} INFO - Processing file /Users/rishukhurana/anaconda3/lib/python3.11/site-packages/airflow/example_dags/example_kubernetes_executor.py for tasks to queue
[2024-12-20T11:33:38.739-0800] {logging_mixin.py:190} INFO - [2024-12-20T11:33:38.739-0800] {dagbag.py:588} INFO - Filling up the DagBag from /Users/rishukhurana/anaconda3/lib/python3.11/site-packages/airflow/example_dags/example_kubernetes_executor.py
[2024-12-20T11:33:38.770-0800] {logging_mixin.py:190} INFO - [2024-12-20T11:33:38.770-0800] {example_kubernetes_executor.py:39} WARNING - The example_kubernetes_executor example DAG requires the kubernetes provider. Please install it with: pip install apache-airflow[cncf.kubernetes]
[2024-12-20T11:33:38.770-0800] {processor.py:927} WARNING - No viable dags retrieved from /Users/rishukhurana/anaconda3/lib/python3.11/site-packages/airflow/example_dags/example_kubernetes_executor.py
[2024-12-20T11:33:38.849-0800] {processor.py:208} INFO - Processing /Users/rishukhurana/anaconda3/lib/python3.11/site-packages/airflow/example_dags/example_kubernetes_executor.py took 0.121 seconds
[2024-12-20T11:36:45.693-0800] {processor.py:186} INFO - Started process (PID=73997) to work on /Users/rishukhurana/anaconda3/lib/python3.11/site-packages/airflow/example_dags/example_kubernetes_executor.py
[2024-12-20T11:36:45.695-0800] {processor.py:914} INFO - Processing file /Users/rishukhurana/anaconda3/lib/python3.11/site-packages/airflow/example_dags/example_kubernetes_executor.py for tasks to queue
[2024-12-20T11:36:45.697-0800] {logging_mixin.py:190} INFO - [2024-12-20T11:36:45.696-0800] {dagbag.py:588} INFO - Filling up the DagBag from /Users/rishukhurana/anaconda3/lib/python3.11/site-packages/airflow/example_dags/example_kubernetes_executor.py
[2024-12-20T11:36:45.727-0800] {logging_mixin.py:190} INFO - [2024-12-20T11:36:45.727-0800] {example_kubernetes_executor.py:39} WARNING - The example_kubernetes_executor example DAG requires the kubernetes provider. Please install it with: pip install apache-airflow[cncf.kubernetes]
[2024-12-20T11:36:45.728-0800] {processor.py:927} WARNING - No viable dags retrieved from /Users/rishukhurana/anaconda3/lib/python3.11/site-packages/airflow/example_dags/example_kubernetes_executor.py
[2024-12-20T11:36:45.802-0800] {processor.py:208} INFO - Processing /Users/rishukhurana/anaconda3/lib/python3.11/site-packages/airflow/example_dags/example_kubernetes_executor.py took 0.116 seconds
[2024-12-20T11:58:25.400-0800] {processor.py:186} INFO - Started process (PID=74329) to work on /Users/rishukhurana/anaconda3/lib/python3.11/site-packages/airflow/example_dags/example_kubernetes_executor.py
[2024-12-20T11:58:25.403-0800] {processor.py:914} INFO - Processing file /Users/rishukhurana/anaconda3/lib/python3.11/site-packages/airflow/example_dags/example_kubernetes_executor.py for tasks to queue
[2024-12-20T11:58:25.404-0800] {logging_mixin.py:190} INFO - [2024-12-20T11:58:25.404-0800] {dagbag.py:588} INFO - Filling up the DagBag from /Users/rishukhurana/anaconda3/lib/python3.11/site-packages/airflow/example_dags/example_kubernetes_executor.py
[2024-12-20T11:58:25.453-0800] {logging_mixin.py:190} INFO - [2024-12-20T11:58:25.453-0800] {example_kubernetes_executor.py:39} WARNING - The example_kubernetes_executor example DAG requires the kubernetes provider. Please install it with: pip install apache-airflow[cncf.kubernetes]
[2024-12-20T11:58:25.454-0800] {processor.py:927} WARNING - No viable dags retrieved from /Users/rishukhurana/anaconda3/lib/python3.11/site-packages/airflow/example_dags/example_kubernetes_executor.py
[2024-12-20T11:58:25.542-0800] {processor.py:208} INFO - Processing /Users/rishukhurana/anaconda3/lib/python3.11/site-packages/airflow/example_dags/example_kubernetes_executor.py took 0.148 seconds
[2024-12-20T12:02:40.681-0800] {processor.py:186} INFO - Started process (PID=74500) to work on /Users/rishukhurana/anaconda3/lib/python3.11/site-packages/airflow/example_dags/example_kubernetes_executor.py
[2024-12-20T12:02:40.684-0800] {processor.py:914} INFO - Processing file /Users/rishukhurana/anaconda3/lib/python3.11/site-packages/airflow/example_dags/example_kubernetes_executor.py for tasks to queue
[2024-12-20T12:02:40.687-0800] {logging_mixin.py:190} INFO - [2024-12-20T12:02:40.686-0800] {dagbag.py:588} INFO - Filling up the DagBag from /Users/rishukhurana/anaconda3/lib/python3.11/site-packages/airflow/example_dags/example_kubernetes_executor.py
[2024-12-20T12:02:40.776-0800] {logging_mixin.py:190} INFO - [2024-12-20T12:02:40.775-0800] {example_kubernetes_executor.py:39} WARNING - The example_kubernetes_executor example DAG requires the kubernetes provider. Please install it with: pip install apache-airflow[cncf.kubernetes]
[2024-12-20T12:02:40.777-0800] {processor.py:927} WARNING - No viable dags retrieved from /Users/rishukhurana/anaconda3/lib/python3.11/site-packages/airflow/example_dags/example_kubernetes_executor.py
[2024-12-20T12:02:40.955-0800] {processor.py:208} INFO - Processing /Users/rishukhurana/anaconda3/lib/python3.11/site-packages/airflow/example_dags/example_kubernetes_executor.py took 0.293 seconds
[2024-12-20T12:07:53.000-0800] {processor.py:186} INFO - Started process (PID=74725) to work on /Users/rishukhurana/anaconda3/lib/python3.11/site-packages/airflow/example_dags/example_kubernetes_executor.py
[2024-12-20T12:07:53.004-0800] {processor.py:914} INFO - Processing file /Users/rishukhurana/anaconda3/lib/python3.11/site-packages/airflow/example_dags/example_kubernetes_executor.py for tasks to queue
[2024-12-20T12:07:53.007-0800] {logging_mixin.py:190} INFO - [2024-12-20T12:07:53.006-0800] {dagbag.py:588} INFO - Filling up the DagBag from /Users/rishukhurana/anaconda3/lib/python3.11/site-packages/airflow/example_dags/example_kubernetes_executor.py
[2024-12-20T12:07:53.097-0800] {logging_mixin.py:190} INFO - [2024-12-20T12:07:53.096-0800] {example_kubernetes_executor.py:39} WARNING - The example_kubernetes_executor example DAG requires the kubernetes provider. Please install it with: pip install apache-airflow[cncf.kubernetes]
[2024-12-20T12:07:53.098-0800] {processor.py:927} WARNING - No viable dags retrieved from /Users/rishukhurana/anaconda3/lib/python3.11/site-packages/airflow/example_dags/example_kubernetes_executor.py
[2024-12-20T12:07:53.253-0800] {processor.py:208} INFO - Processing /Users/rishukhurana/anaconda3/lib/python3.11/site-packages/airflow/example_dags/example_kubernetes_executor.py took 0.272 seconds
