[2024-12-19T17:00:29.662-0800] {processor.py:186} INFO - Started process (PID=68179) to work on /Users/rishukhurana/anaconda3/lib/python3.11/site-packages/airflow/example_dags/example_subdag_operator.py
[2024-12-19T17:00:29.664-0800] {processor.py:914} INFO - Processing file /Users/rishukhurana/anaconda3/lib/python3.11/site-packages/airflow/example_dags/example_subdag_operator.py for tasks to queue
[2024-12-19T17:00:29.666-0800] {logging_mixin.py:190} INFO - [2024-12-19T17:00:29.665-0800] {dagbag.py:588} INFO - Filling up the DagBag from /Users/rishukhurana/anaconda3/lib/python3.11/site-packages/airflow/example_dags/example_subdag_operator.py
[2024-12-19T17:00:29.758-0800] {processor.py:925} INFO - DAG(s) 'example_subdag_operator.section-1', 'example_subdag_operator.section-2', 'example_subdag_operator' retrieved from /Users/rishukhurana/anaconda3/lib/python3.11/site-packages/airflow/example_dags/example_subdag_operator.py
[2024-12-19T17:00:30.248-0800] {logging_mixin.py:190} INFO - [2024-12-19T17:00:30.248-0800] {utils.py:160} INFO - NumExpr defaulting to 8 threads.
[2024-12-19T17:00:30.772-0800] {logging_mixin.py:190} INFO - [2024-12-19T17:00:30.772-0800] {dag.py:3239} INFO - Sync 3 DAGs
[2024-12-19T17:00:30.785-0800] {logging_mixin.py:190} INFO - [2024-12-19T17:00:30.785-0800] {dag.py:4180} INFO - Setting next_dagrun for example_subdag_operator to 2022-01-01 00:00:00+00:00, run_after=2022-01-01 00:00:00+00:00
[2024-12-19T17:00:30.789-0800] {logging_mixin.py:190} INFO - [2024-12-19T17:00:30.788-0800] {dag.py:4180} INFO - Setting next_dagrun for example_subdag_operator.section-1 to None, run_after=None
[2024-12-19T17:00:30.789-0800] {logging_mixin.py:190} INFO - [2024-12-19T17:00:30.789-0800] {dag.py:4180} INFO - Setting next_dagrun for example_subdag_operator.section-2 to None, run_after=None
[2024-12-19T17:00:30.793-0800] {logging_mixin.py:190} INFO - [2024-12-19T17:00:30.793-0800] {dag.py:3239} INFO - Sync 2 DAGs
[2024-12-19T17:00:30.796-0800] {logging_mixin.py:190} INFO - [2024-12-19T17:00:30.796-0800] {dag.py:4180} INFO - Setting next_dagrun for example_subdag_operator.section-1 to None, run_after=None
[2024-12-19T17:00:30.797-0800] {logging_mixin.py:190} INFO - [2024-12-19T17:00:30.796-0800] {dag.py:4180} INFO - Setting next_dagrun for example_subdag_operator.section-2 to None, run_after=None
[2024-12-19T17:00:30.805-0800] {processor.py:208} INFO - Processing /Users/rishukhurana/anaconda3/lib/python3.11/site-packages/airflow/example_dags/example_subdag_operator.py took 1.152 seconds
[2024-12-19T20:19:48.581-0800] {processor.py:186} INFO - Started process (PID=68512) to work on /Users/rishukhurana/anaconda3/lib/python3.11/site-packages/airflow/example_dags/example_subdag_operator.py
[2024-12-19T20:19:48.585-0800] {processor.py:914} INFO - Processing file /Users/rishukhurana/anaconda3/lib/python3.11/site-packages/airflow/example_dags/example_subdag_operator.py for tasks to queue
[2024-12-19T20:19:48.586-0800] {logging_mixin.py:190} INFO - [2024-12-19T20:19:48.586-0800] {dagbag.py:588} INFO - Filling up the DagBag from /Users/rishukhurana/anaconda3/lib/python3.11/site-packages/airflow/example_dags/example_subdag_operator.py
[2024-12-19T20:19:48.689-0800] {processor.py:925} INFO - DAG(s) 'example_subdag_operator.section-1', 'example_subdag_operator.section-2', 'example_subdag_operator' retrieved from /Users/rishukhurana/anaconda3/lib/python3.11/site-packages/airflow/example_dags/example_subdag_operator.py
[2024-12-19T20:19:49.230-0800] {logging_mixin.py:190} INFO - [2024-12-19T20:19:49.230-0800] {utils.py:160} INFO - NumExpr defaulting to 8 threads.
[2024-12-19T20:19:49.809-0800] {logging_mixin.py:190} INFO - [2024-12-19T20:19:49.808-0800] {dag.py:3239} INFO - Sync 3 DAGs
[2024-12-19T20:19:49.826-0800] {logging_mixin.py:190} INFO - [2024-12-19T20:19:49.826-0800] {dag.py:4180} INFO - Setting next_dagrun for example_subdag_operator to 2022-01-01 00:00:00+00:00, run_after=2022-01-01 00:00:00+00:00
[2024-12-19T20:19:49.830-0800] {logging_mixin.py:190} INFO - [2024-12-19T20:19:49.830-0800] {dag.py:4180} INFO - Setting next_dagrun for example_subdag_operator.section-1 to None, run_after=None
[2024-12-19T20:19:49.831-0800] {logging_mixin.py:190} INFO - [2024-12-19T20:19:49.831-0800] {dag.py:4180} INFO - Setting next_dagrun for example_subdag_operator.section-2 to None, run_after=None
[2024-12-19T20:19:49.837-0800] {logging_mixin.py:190} INFO - [2024-12-19T20:19:49.837-0800] {dag.py:3239} INFO - Sync 2 DAGs
[2024-12-19T20:19:49.840-0800] {logging_mixin.py:190} INFO - [2024-12-19T20:19:49.840-0800] {dag.py:4180} INFO - Setting next_dagrun for example_subdag_operator.section-1 to None, run_after=None
[2024-12-19T20:19:49.841-0800] {logging_mixin.py:190} INFO - [2024-12-19T20:19:49.841-0800] {dag.py:4180} INFO - Setting next_dagrun for example_subdag_operator.section-2 to None, run_after=None
[2024-12-19T20:19:49.852-0800] {processor.py:208} INFO - Processing /Users/rishukhurana/anaconda3/lib/python3.11/site-packages/airflow/example_dags/example_subdag_operator.py took 1.276 seconds
[2024-12-19T22:52:14.592-0800] {processor.py:186} INFO - Started process (PID=68755) to work on /Users/rishukhurana/anaconda3/lib/python3.11/site-packages/airflow/example_dags/example_subdag_operator.py
[2024-12-19T22:52:14.594-0800] {processor.py:914} INFO - Processing file /Users/rishukhurana/anaconda3/lib/python3.11/site-packages/airflow/example_dags/example_subdag_operator.py for tasks to queue
[2024-12-19T22:52:14.595-0800] {logging_mixin.py:190} INFO - [2024-12-19T22:52:14.595-0800] {dagbag.py:588} INFO - Filling up the DagBag from /Users/rishukhurana/anaconda3/lib/python3.11/site-packages/airflow/example_dags/example_subdag_operator.py
[2024-12-19T22:52:14.689-0800] {processor.py:925} INFO - DAG(s) 'example_subdag_operator.section-1', 'example_subdag_operator.section-2', 'example_subdag_operator' retrieved from /Users/rishukhurana/anaconda3/lib/python3.11/site-packages/airflow/example_dags/example_subdag_operator.py
[2024-12-19T22:52:15.165-0800] {logging_mixin.py:190} INFO - [2024-12-19T22:52:15.165-0800] {utils.py:160} INFO - NumExpr defaulting to 8 threads.
[2024-12-19T22:52:15.906-0800] {logging_mixin.py:190} INFO - [2024-12-19T22:52:15.906-0800] {dag.py:3239} INFO - Sync 3 DAGs
[2024-12-19T22:52:15.921-0800] {logging_mixin.py:190} INFO - [2024-12-19T22:52:15.921-0800] {dag.py:4180} INFO - Setting next_dagrun for example_subdag_operator to 2022-01-01 00:00:00+00:00, run_after=2022-01-01 00:00:00+00:00
[2024-12-19T22:52:15.925-0800] {logging_mixin.py:190} INFO - [2024-12-19T22:52:15.925-0800] {dag.py:4180} INFO - Setting next_dagrun for example_subdag_operator.section-1 to None, run_after=None
[2024-12-19T22:52:15.926-0800] {logging_mixin.py:190} INFO - [2024-12-19T22:52:15.926-0800] {dag.py:4180} INFO - Setting next_dagrun for example_subdag_operator.section-2 to None, run_after=None
[2024-12-19T22:52:15.930-0800] {logging_mixin.py:190} INFO - [2024-12-19T22:52:15.930-0800] {dag.py:3239} INFO - Sync 2 DAGs
[2024-12-19T22:52:15.933-0800] {logging_mixin.py:190} INFO - [2024-12-19T22:52:15.933-0800] {dag.py:4180} INFO - Setting next_dagrun for example_subdag_operator.section-1 to None, run_after=None
[2024-12-19T22:52:15.934-0800] {logging_mixin.py:190} INFO - [2024-12-19T22:52:15.933-0800] {dag.py:4180} INFO - Setting next_dagrun for example_subdag_operator.section-2 to None, run_after=None
[2024-12-19T22:52:15.949-0800] {processor.py:208} INFO - Processing /Users/rishukhurana/anaconda3/lib/python3.11/site-packages/airflow/example_dags/example_subdag_operator.py took 1.364 seconds
[2024-12-20T03:56:08.107-0800] {processor.py:186} INFO - Started process (PID=68959) to work on /Users/rishukhurana/anaconda3/lib/python3.11/site-packages/airflow/example_dags/example_subdag_operator.py
[2024-12-20T03:56:08.109-0800] {processor.py:914} INFO - Processing file /Users/rishukhurana/anaconda3/lib/python3.11/site-packages/airflow/example_dags/example_subdag_operator.py for tasks to queue
[2024-12-20T03:56:08.111-0800] {logging_mixin.py:190} INFO - [2024-12-20T03:56:08.110-0800] {dagbag.py:588} INFO - Filling up the DagBag from /Users/rishukhurana/anaconda3/lib/python3.11/site-packages/airflow/example_dags/example_subdag_operator.py
[2024-12-20T03:56:08.199-0800] {processor.py:925} INFO - DAG(s) 'example_subdag_operator.section-1', 'example_subdag_operator.section-2', 'example_subdag_operator' retrieved from /Users/rishukhurana/anaconda3/lib/python3.11/site-packages/airflow/example_dags/example_subdag_operator.py
[2024-12-20T03:56:08.883-0800] {logging_mixin.py:190} INFO - [2024-12-20T03:56:08.882-0800] {utils.py:160} INFO - NumExpr defaulting to 8 threads.
[2024-12-20T03:56:09.529-0800] {logging_mixin.py:190} INFO - [2024-12-20T03:56:09.529-0800] {dag.py:3239} INFO - Sync 3 DAGs
[2024-12-20T03:56:09.547-0800] {logging_mixin.py:190} INFO - [2024-12-20T03:56:09.547-0800] {dag.py:4180} INFO - Setting next_dagrun for example_subdag_operator to 2022-01-01 00:00:00+00:00, run_after=2022-01-01 00:00:00+00:00
[2024-12-20T03:56:09.551-0800] {logging_mixin.py:190} INFO - [2024-12-20T03:56:09.551-0800] {dag.py:4180} INFO - Setting next_dagrun for example_subdag_operator.section-1 to None, run_after=None
[2024-12-20T03:56:09.552-0800] {logging_mixin.py:190} INFO - [2024-12-20T03:56:09.552-0800] {dag.py:4180} INFO - Setting next_dagrun for example_subdag_operator.section-2 to None, run_after=None
[2024-12-20T03:56:09.558-0800] {logging_mixin.py:190} INFO - [2024-12-20T03:56:09.558-0800] {dag.py:3239} INFO - Sync 2 DAGs
[2024-12-20T03:56:09.562-0800] {logging_mixin.py:190} INFO - [2024-12-20T03:56:09.562-0800] {dag.py:4180} INFO - Setting next_dagrun for example_subdag_operator.section-1 to None, run_after=None
[2024-12-20T03:56:09.562-0800] {logging_mixin.py:190} INFO - [2024-12-20T03:56:09.562-0800] {dag.py:4180} INFO - Setting next_dagrun for example_subdag_operator.section-2 to None, run_after=None
[2024-12-20T03:56:09.573-0800] {processor.py:208} INFO - Processing /Users/rishukhurana/anaconda3/lib/python3.11/site-packages/airflow/example_dags/example_subdag_operator.py took 1.473 seconds
[2024-12-20T08:34:43.939-0800] {processor.py:186} INFO - Started process (PID=69208) to work on /Users/rishukhurana/anaconda3/lib/python3.11/site-packages/airflow/example_dags/example_subdag_operator.py
[2024-12-20T08:34:43.941-0800] {processor.py:914} INFO - Processing file /Users/rishukhurana/anaconda3/lib/python3.11/site-packages/airflow/example_dags/example_subdag_operator.py for tasks to queue
[2024-12-20T08:34:43.943-0800] {logging_mixin.py:190} INFO - [2024-12-20T08:34:43.943-0800] {dagbag.py:588} INFO - Filling up the DagBag from /Users/rishukhurana/anaconda3/lib/python3.11/site-packages/airflow/example_dags/example_subdag_operator.py
[2024-12-20T08:34:44.040-0800] {processor.py:925} INFO - DAG(s) 'example_subdag_operator.section-1', 'example_subdag_operator.section-2', 'example_subdag_operator' retrieved from /Users/rishukhurana/anaconda3/lib/python3.11/site-packages/airflow/example_dags/example_subdag_operator.py
[2024-12-20T08:34:44.395-0800] {logging_mixin.py:190} INFO - [2024-12-20T08:34:44.395-0800] {utils.py:160} INFO - NumExpr defaulting to 8 threads.
[2024-12-20T08:34:44.716-0800] {logging_mixin.py:190} INFO - [2024-12-20T08:34:44.716-0800] {dag.py:3239} INFO - Sync 3 DAGs
[2024-12-20T08:34:44.730-0800] {logging_mixin.py:190} INFO - [2024-12-20T08:34:44.730-0800] {dag.py:4180} INFO - Setting next_dagrun for example_subdag_operator to 2022-01-01 00:00:00+00:00, run_after=2022-01-01 00:00:00+00:00
[2024-12-20T08:34:44.734-0800] {logging_mixin.py:190} INFO - [2024-12-20T08:34:44.733-0800] {dag.py:4180} INFO - Setting next_dagrun for example_subdag_operator.section-1 to None, run_after=None
[2024-12-20T08:34:44.734-0800] {logging_mixin.py:190} INFO - [2024-12-20T08:34:44.734-0800] {dag.py:4180} INFO - Setting next_dagrun for example_subdag_operator.section-2 to None, run_after=None
[2024-12-20T08:34:44.742-0800] {logging_mixin.py:190} INFO - [2024-12-20T08:34:44.741-0800] {dag.py:3239} INFO - Sync 2 DAGs
[2024-12-20T08:34:44.745-0800] {logging_mixin.py:190} INFO - [2024-12-20T08:34:44.745-0800] {dag.py:4180} INFO - Setting next_dagrun for example_subdag_operator.section-1 to None, run_after=None
[2024-12-20T08:34:44.745-0800] {logging_mixin.py:190} INFO - [2024-12-20T08:34:44.745-0800] {dag.py:4180} INFO - Setting next_dagrun for example_subdag_operator.section-2 to None, run_after=None
[2024-12-20T08:34:44.756-0800] {processor.py:208} INFO - Processing /Users/rishukhurana/anaconda3/lib/python3.11/site-packages/airflow/example_dags/example_subdag_operator.py took 0.824 seconds
[2024-12-20T09:36:15.907-0800] {processor.py:186} INFO - Started process (PID=69414) to work on /Users/rishukhurana/anaconda3/lib/python3.11/site-packages/airflow/example_dags/example_subdag_operator.py
[2024-12-20T09:36:15.909-0800] {processor.py:914} INFO - Processing file /Users/rishukhurana/anaconda3/lib/python3.11/site-packages/airflow/example_dags/example_subdag_operator.py for tasks to queue
[2024-12-20T09:36:15.910-0800] {logging_mixin.py:190} INFO - [2024-12-20T09:36:15.910-0800] {dagbag.py:588} INFO - Filling up the DagBag from /Users/rishukhurana/anaconda3/lib/python3.11/site-packages/airflow/example_dags/example_subdag_operator.py
[2024-12-20T09:36:15.992-0800] {processor.py:925} INFO - DAG(s) 'example_subdag_operator.section-1', 'example_subdag_operator.section-2', 'example_subdag_operator' retrieved from /Users/rishukhurana/anaconda3/lib/python3.11/site-packages/airflow/example_dags/example_subdag_operator.py
[2024-12-20T09:36:16.356-0800] {logging_mixin.py:190} INFO - [2024-12-20T09:36:16.356-0800] {utils.py:160} INFO - NumExpr defaulting to 8 threads.
[2024-12-20T09:36:16.705-0800] {logging_mixin.py:190} INFO - [2024-12-20T09:36:16.705-0800] {dag.py:3239} INFO - Sync 3 DAGs
[2024-12-20T09:36:16.719-0800] {logging_mixin.py:190} INFO - [2024-12-20T09:36:16.718-0800] {dag.py:4180} INFO - Setting next_dagrun for example_subdag_operator to 2022-01-01 00:00:00+00:00, run_after=2022-01-01 00:00:00+00:00
[2024-12-20T09:36:16.722-0800] {logging_mixin.py:190} INFO - [2024-12-20T09:36:16.722-0800] {dag.py:4180} INFO - Setting next_dagrun for example_subdag_operator.section-1 to None, run_after=None
[2024-12-20T09:36:16.723-0800] {logging_mixin.py:190} INFO - [2024-12-20T09:36:16.723-0800] {dag.py:4180} INFO - Setting next_dagrun for example_subdag_operator.section-2 to None, run_after=None
[2024-12-20T09:36:16.727-0800] {logging_mixin.py:190} INFO - [2024-12-20T09:36:16.727-0800] {dag.py:3239} INFO - Sync 2 DAGs
[2024-12-20T09:36:16.730-0800] {logging_mixin.py:190} INFO - [2024-12-20T09:36:16.730-0800] {dag.py:4180} INFO - Setting next_dagrun for example_subdag_operator.section-1 to None, run_after=None
[2024-12-20T09:36:16.730-0800] {logging_mixin.py:190} INFO - [2024-12-20T09:36:16.730-0800] {dag.py:4180} INFO - Setting next_dagrun for example_subdag_operator.section-2 to None, run_after=None
[2024-12-20T09:36:16.741-0800] {processor.py:208} INFO - Processing /Users/rishukhurana/anaconda3/lib/python3.11/site-packages/airflow/example_dags/example_subdag_operator.py took 0.841 seconds
[2024-12-20T10:10:10.379-0800] {processor.py:186} INFO - Started process (PID=69635) to work on /Users/rishukhurana/anaconda3/lib/python3.11/site-packages/airflow/example_dags/example_subdag_operator.py
[2024-12-20T10:10:10.381-0800] {processor.py:914} INFO - Processing file /Users/rishukhurana/anaconda3/lib/python3.11/site-packages/airflow/example_dags/example_subdag_operator.py for tasks to queue
[2024-12-20T10:10:10.383-0800] {logging_mixin.py:190} INFO - [2024-12-20T10:10:10.382-0800] {dagbag.py:588} INFO - Filling up the DagBag from /Users/rishukhurana/anaconda3/lib/python3.11/site-packages/airflow/example_dags/example_subdag_operator.py
[2024-12-20T10:10:10.478-0800] {processor.py:925} INFO - DAG(s) 'example_subdag_operator.section-1', 'example_subdag_operator.section-2', 'example_subdag_operator' retrieved from /Users/rishukhurana/anaconda3/lib/python3.11/site-packages/airflow/example_dags/example_subdag_operator.py
[2024-12-20T10:10:10.945-0800] {logging_mixin.py:190} INFO - [2024-12-20T10:10:10.944-0800] {utils.py:160} INFO - NumExpr defaulting to 8 threads.
[2024-12-20T10:10:11.498-0800] {logging_mixin.py:190} INFO - [2024-12-20T10:10:11.497-0800] {dag.py:3239} INFO - Sync 3 DAGs
[2024-12-20T10:10:11.512-0800] {logging_mixin.py:190} INFO - [2024-12-20T10:10:11.511-0800] {dag.py:4180} INFO - Setting next_dagrun for example_subdag_operator to 2022-01-01 00:00:00+00:00, run_after=2022-01-01 00:00:00+00:00
[2024-12-20T10:10:11.516-0800] {logging_mixin.py:190} INFO - [2024-12-20T10:10:11.516-0800] {dag.py:4180} INFO - Setting next_dagrun for example_subdag_operator.section-1 to None, run_after=None
[2024-12-20T10:10:11.517-0800] {logging_mixin.py:190} INFO - [2024-12-20T10:10:11.516-0800] {dag.py:4180} INFO - Setting next_dagrun for example_subdag_operator.section-2 to None, run_after=None
[2024-12-20T10:10:11.522-0800] {logging_mixin.py:190} INFO - [2024-12-20T10:10:11.522-0800] {dag.py:3239} INFO - Sync 2 DAGs
[2024-12-20T10:10:11.525-0800] {logging_mixin.py:190} INFO - [2024-12-20T10:10:11.525-0800] {dag.py:4180} INFO - Setting next_dagrun for example_subdag_operator.section-1 to None, run_after=None
[2024-12-20T10:10:11.525-0800] {logging_mixin.py:190} INFO - [2024-12-20T10:10:11.525-0800] {dag.py:4180} INFO - Setting next_dagrun for example_subdag_operator.section-2 to None, run_after=None
[2024-12-20T10:10:11.535-0800] {processor.py:208} INFO - Processing /Users/rishukhurana/anaconda3/lib/python3.11/site-packages/airflow/example_dags/example_subdag_operator.py took 1.163 seconds
[2024-12-20T10:13:52.800-0800] {processor.py:186} INFO - Started process (PID=69817) to work on /Users/rishukhurana/anaconda3/lib/python3.11/site-packages/airflow/example_dags/example_subdag_operator.py
[2024-12-20T10:13:52.803-0800] {processor.py:914} INFO - Processing file /Users/rishukhurana/anaconda3/lib/python3.11/site-packages/airflow/example_dags/example_subdag_operator.py for tasks to queue
[2024-12-20T10:13:52.804-0800] {logging_mixin.py:190} INFO - [2024-12-20T10:13:52.804-0800] {dagbag.py:588} INFO - Filling up the DagBag from /Users/rishukhurana/anaconda3/lib/python3.11/site-packages/airflow/example_dags/example_subdag_operator.py
[2024-12-20T10:13:52.898-0800] {processor.py:925} INFO - DAG(s) 'example_subdag_operator.section-1', 'example_subdag_operator.section-2', 'example_subdag_operator' retrieved from /Users/rishukhurana/anaconda3/lib/python3.11/site-packages/airflow/example_dags/example_subdag_operator.py
[2024-12-20T10:13:53.269-0800] {logging_mixin.py:190} INFO - [2024-12-20T10:13:53.269-0800] {utils.py:160} INFO - NumExpr defaulting to 8 threads.
[2024-12-20T10:13:53.599-0800] {logging_mixin.py:190} INFO - [2024-12-20T10:13:53.598-0800] {dag.py:3239} INFO - Sync 3 DAGs
[2024-12-20T10:13:53.615-0800] {logging_mixin.py:190} INFO - [2024-12-20T10:13:53.615-0800] {dag.py:4180} INFO - Setting next_dagrun for example_subdag_operator to 2022-01-01 00:00:00+00:00, run_after=2022-01-01 00:00:00+00:00
[2024-12-20T10:13:53.619-0800] {logging_mixin.py:190} INFO - [2024-12-20T10:13:53.619-0800] {dag.py:4180} INFO - Setting next_dagrun for example_subdag_operator.section-1 to None, run_after=None
[2024-12-20T10:13:53.620-0800] {logging_mixin.py:190} INFO - [2024-12-20T10:13:53.620-0800] {dag.py:4180} INFO - Setting next_dagrun for example_subdag_operator.section-2 to None, run_after=None
[2024-12-20T10:13:53.624-0800] {logging_mixin.py:190} INFO - [2024-12-20T10:13:53.624-0800] {dag.py:3239} INFO - Sync 2 DAGs
[2024-12-20T10:13:53.628-0800] {logging_mixin.py:190} INFO - [2024-12-20T10:13:53.627-0800] {dag.py:4180} INFO - Setting next_dagrun for example_subdag_operator.section-1 to None, run_after=None
[2024-12-20T10:13:53.628-0800] {logging_mixin.py:190} INFO - [2024-12-20T10:13:53.628-0800] {dag.py:4180} INFO - Setting next_dagrun for example_subdag_operator.section-2 to None, run_after=None
[2024-12-20T10:13:53.639-0800] {processor.py:208} INFO - Processing /Users/rishukhurana/anaconda3/lib/python3.11/site-packages/airflow/example_dags/example_subdag_operator.py took 0.845 seconds
[2024-12-20T10:17:02.669-0800] {processor.py:186} INFO - Started process (PID=69983) to work on /Users/rishukhurana/anaconda3/lib/python3.11/site-packages/airflow/example_dags/example_subdag_operator.py
[2024-12-20T10:17:02.672-0800] {processor.py:914} INFO - Processing file /Users/rishukhurana/anaconda3/lib/python3.11/site-packages/airflow/example_dags/example_subdag_operator.py for tasks to queue
[2024-12-20T10:17:02.674-0800] {logging_mixin.py:190} INFO - [2024-12-20T10:17:02.674-0800] {dagbag.py:588} INFO - Filling up the DagBag from /Users/rishukhurana/anaconda3/lib/python3.11/site-packages/airflow/example_dags/example_subdag_operator.py
[2024-12-20T10:17:02.766-0800] {processor.py:925} INFO - DAG(s) 'example_subdag_operator.section-1', 'example_subdag_operator.section-2', 'example_subdag_operator' retrieved from /Users/rishukhurana/anaconda3/lib/python3.11/site-packages/airflow/example_dags/example_subdag_operator.py
[2024-12-20T10:17:03.127-0800] {logging_mixin.py:190} INFO - [2024-12-20T10:17:03.127-0800] {utils.py:160} INFO - NumExpr defaulting to 8 threads.
[2024-12-20T10:17:03.443-0800] {logging_mixin.py:190} INFO - [2024-12-20T10:17:03.443-0800] {dag.py:3239} INFO - Sync 3 DAGs
[2024-12-20T10:17:03.458-0800] {logging_mixin.py:190} INFO - [2024-12-20T10:17:03.457-0800] {dag.py:4180} INFO - Setting next_dagrun for example_subdag_operator to 2022-01-01 00:00:00+00:00, run_after=2022-01-01 00:00:00+00:00
[2024-12-20T10:17:03.461-0800] {logging_mixin.py:190} INFO - [2024-12-20T10:17:03.461-0800] {dag.py:4180} INFO - Setting next_dagrun for example_subdag_operator.section-1 to None, run_after=None
[2024-12-20T10:17:03.462-0800] {logging_mixin.py:190} INFO - [2024-12-20T10:17:03.462-0800] {dag.py:4180} INFO - Setting next_dagrun for example_subdag_operator.section-2 to None, run_after=None
[2024-12-20T10:17:03.469-0800] {logging_mixin.py:190} INFO - [2024-12-20T10:17:03.468-0800] {dag.py:3239} INFO - Sync 2 DAGs
[2024-12-20T10:17:03.472-0800] {logging_mixin.py:190} INFO - [2024-12-20T10:17:03.472-0800] {dag.py:4180} INFO - Setting next_dagrun for example_subdag_operator.section-1 to None, run_after=None
[2024-12-20T10:17:03.472-0800] {logging_mixin.py:190} INFO - [2024-12-20T10:17:03.472-0800] {dag.py:4180} INFO - Setting next_dagrun for example_subdag_operator.section-2 to None, run_after=None
[2024-12-20T10:17:03.483-0800] {processor.py:208} INFO - Processing /Users/rishukhurana/anaconda3/lib/python3.11/site-packages/airflow/example_dags/example_subdag_operator.py took 0.821 seconds
[2024-12-20T10:20:06.577-0800] {processor.py:186} INFO - Started process (PID=70168) to work on /Users/rishukhurana/anaconda3/lib/python3.11/site-packages/airflow/example_dags/example_subdag_operator.py
[2024-12-20T10:20:06.580-0800] {processor.py:914} INFO - Processing file /Users/rishukhurana/anaconda3/lib/python3.11/site-packages/airflow/example_dags/example_subdag_operator.py for tasks to queue
[2024-12-20T10:20:06.581-0800] {logging_mixin.py:190} INFO - [2024-12-20T10:20:06.581-0800] {dagbag.py:588} INFO - Filling up the DagBag from /Users/rishukhurana/anaconda3/lib/python3.11/site-packages/airflow/example_dags/example_subdag_operator.py
[2024-12-20T10:20:06.675-0800] {processor.py:925} INFO - DAG(s) 'example_subdag_operator.section-1', 'example_subdag_operator.section-2', 'example_subdag_operator' retrieved from /Users/rishukhurana/anaconda3/lib/python3.11/site-packages/airflow/example_dags/example_subdag_operator.py
[2024-12-20T10:20:07.036-0800] {logging_mixin.py:190} INFO - [2024-12-20T10:20:07.036-0800] {utils.py:160} INFO - NumExpr defaulting to 8 threads.
[2024-12-20T10:20:07.352-0800] {logging_mixin.py:190} INFO - [2024-12-20T10:20:07.352-0800] {dag.py:3239} INFO - Sync 3 DAGs
[2024-12-20T10:20:07.367-0800] {logging_mixin.py:190} INFO - [2024-12-20T10:20:07.367-0800] {dag.py:4180} INFO - Setting next_dagrun for example_subdag_operator to 2022-01-01 00:00:00+00:00, run_after=2022-01-01 00:00:00+00:00
[2024-12-20T10:20:07.370-0800] {logging_mixin.py:190} INFO - [2024-12-20T10:20:07.370-0800] {dag.py:4180} INFO - Setting next_dagrun for example_subdag_operator.section-1 to None, run_after=None
[2024-12-20T10:20:07.371-0800] {logging_mixin.py:190} INFO - [2024-12-20T10:20:07.371-0800] {dag.py:4180} INFO - Setting next_dagrun for example_subdag_operator.section-2 to None, run_after=None
[2024-12-20T10:20:07.376-0800] {logging_mixin.py:190} INFO - [2024-12-20T10:20:07.376-0800] {dag.py:3239} INFO - Sync 2 DAGs
[2024-12-20T10:20:07.380-0800] {logging_mixin.py:190} INFO - [2024-12-20T10:20:07.379-0800] {dag.py:4180} INFO - Setting next_dagrun for example_subdag_operator.section-1 to None, run_after=None
[2024-12-20T10:20:07.380-0800] {logging_mixin.py:190} INFO - [2024-12-20T10:20:07.380-0800] {dag.py:4180} INFO - Setting next_dagrun for example_subdag_operator.section-2 to None, run_after=None
[2024-12-20T10:20:07.392-0800] {processor.py:208} INFO - Processing /Users/rishukhurana/anaconda3/lib/python3.11/site-packages/airflow/example_dags/example_subdag_operator.py took 0.820 seconds
[2024-12-20T10:23:06.583-0800] {processor.py:186} INFO - Started process (PID=70332) to work on /Users/rishukhurana/anaconda3/lib/python3.11/site-packages/airflow/example_dags/example_subdag_operator.py
[2024-12-20T10:23:06.585-0800] {processor.py:914} INFO - Processing file /Users/rishukhurana/anaconda3/lib/python3.11/site-packages/airflow/example_dags/example_subdag_operator.py for tasks to queue
[2024-12-20T10:23:06.587-0800] {logging_mixin.py:190} INFO - [2024-12-20T10:23:06.586-0800] {dagbag.py:588} INFO - Filling up the DagBag from /Users/rishukhurana/anaconda3/lib/python3.11/site-packages/airflow/example_dags/example_subdag_operator.py
[2024-12-20T10:23:06.676-0800] {processor.py:925} INFO - DAG(s) 'example_subdag_operator.section-1', 'example_subdag_operator.section-2', 'example_subdag_operator' retrieved from /Users/rishukhurana/anaconda3/lib/python3.11/site-packages/airflow/example_dags/example_subdag_operator.py
[2024-12-20T10:23:07.036-0800] {logging_mixin.py:190} INFO - [2024-12-20T10:23:07.035-0800] {utils.py:160} INFO - NumExpr defaulting to 8 threads.
[2024-12-20T10:23:07.533-0800] {logging_mixin.py:190} INFO - [2024-12-20T10:23:07.532-0800] {dag.py:3239} INFO - Sync 3 DAGs
[2024-12-20T10:23:07.548-0800] {logging_mixin.py:190} INFO - [2024-12-20T10:23:07.547-0800] {dag.py:4180} INFO - Setting next_dagrun for example_subdag_operator to 2022-01-01 00:00:00+00:00, run_after=2022-01-01 00:00:00+00:00
[2024-12-20T10:23:07.551-0800] {logging_mixin.py:190} INFO - [2024-12-20T10:23:07.551-0800] {dag.py:4180} INFO - Setting next_dagrun for example_subdag_operator.section-1 to None, run_after=None
[2024-12-20T10:23:07.552-0800] {logging_mixin.py:190} INFO - [2024-12-20T10:23:07.552-0800] {dag.py:4180} INFO - Setting next_dagrun for example_subdag_operator.section-2 to None, run_after=None
[2024-12-20T10:23:07.557-0800] {logging_mixin.py:190} INFO - [2024-12-20T10:23:07.557-0800] {dag.py:3239} INFO - Sync 2 DAGs
[2024-12-20T10:23:07.560-0800] {logging_mixin.py:190} INFO - [2024-12-20T10:23:07.560-0800] {dag.py:4180} INFO - Setting next_dagrun for example_subdag_operator.section-1 to None, run_after=None
[2024-12-20T10:23:07.560-0800] {logging_mixin.py:190} INFO - [2024-12-20T10:23:07.560-0800] {dag.py:4180} INFO - Setting next_dagrun for example_subdag_operator.section-2 to None, run_after=None
[2024-12-20T10:23:07.571-0800] {processor.py:208} INFO - Processing /Users/rishukhurana/anaconda3/lib/python3.11/site-packages/airflow/example_dags/example_subdag_operator.py took 0.995 seconds
[2024-12-20T10:26:03.659-0800] {processor.py:186} INFO - Started process (PID=70486) to work on /Users/rishukhurana/anaconda3/lib/python3.11/site-packages/airflow/example_dags/example_subdag_operator.py
[2024-12-20T10:26:03.660-0800] {processor.py:914} INFO - Processing file /Users/rishukhurana/anaconda3/lib/python3.11/site-packages/airflow/example_dags/example_subdag_operator.py for tasks to queue
[2024-12-20T10:26:03.662-0800] {logging_mixin.py:190} INFO - [2024-12-20T10:26:03.661-0800] {dagbag.py:588} INFO - Filling up the DagBag from /Users/rishukhurana/anaconda3/lib/python3.11/site-packages/airflow/example_dags/example_subdag_operator.py
[2024-12-20T10:26:03.800-0800] {processor.py:925} INFO - DAG(s) 'example_subdag_operator.section-1', 'example_subdag_operator.section-2', 'example_subdag_operator' retrieved from /Users/rishukhurana/anaconda3/lib/python3.11/site-packages/airflow/example_dags/example_subdag_operator.py
[2024-12-20T10:26:04.369-0800] {logging_mixin.py:190} INFO - [2024-12-20T10:26:04.368-0800] {utils.py:160} INFO - NumExpr defaulting to 8 threads.
[2024-12-20T10:26:04.921-0800] {logging_mixin.py:190} INFO - [2024-12-20T10:26:04.921-0800] {dag.py:3239} INFO - Sync 3 DAGs
[2024-12-20T10:26:04.937-0800] {logging_mixin.py:190} INFO - [2024-12-20T10:26:04.937-0800] {dag.py:4180} INFO - Setting next_dagrun for example_subdag_operator to 2022-01-01 00:00:00+00:00, run_after=2022-01-01 00:00:00+00:00
[2024-12-20T10:26:04.941-0800] {logging_mixin.py:190} INFO - [2024-12-20T10:26:04.940-0800] {dag.py:4180} INFO - Setting next_dagrun for example_subdag_operator.section-1 to None, run_after=None
[2024-12-20T10:26:04.942-0800] {logging_mixin.py:190} INFO - [2024-12-20T10:26:04.941-0800] {dag.py:4180} INFO - Setting next_dagrun for example_subdag_operator.section-2 to None, run_after=None
[2024-12-20T10:26:04.947-0800] {logging_mixin.py:190} INFO - [2024-12-20T10:26:04.947-0800] {dag.py:3239} INFO - Sync 2 DAGs
[2024-12-20T10:26:04.952-0800] {logging_mixin.py:190} INFO - [2024-12-20T10:26:04.952-0800] {dag.py:4180} INFO - Setting next_dagrun for example_subdag_operator.section-1 to None, run_after=None
[2024-12-20T10:26:04.952-0800] {logging_mixin.py:190} INFO - [2024-12-20T10:26:04.952-0800] {dag.py:4180} INFO - Setting next_dagrun for example_subdag_operator.section-2 to None, run_after=None
[2024-12-20T10:26:04.962-0800] {processor.py:208} INFO - Processing /Users/rishukhurana/anaconda3/lib/python3.11/site-packages/airflow/example_dags/example_subdag_operator.py took 1.310 seconds
[2024-12-20T10:29:09.666-0800] {processor.py:186} INFO - Started process (PID=70648) to work on /Users/rishukhurana/anaconda3/lib/python3.11/site-packages/airflow/example_dags/example_subdag_operator.py
[2024-12-20T10:29:09.668-0800] {processor.py:914} INFO - Processing file /Users/rishukhurana/anaconda3/lib/python3.11/site-packages/airflow/example_dags/example_subdag_operator.py for tasks to queue
[2024-12-20T10:29:09.670-0800] {logging_mixin.py:190} INFO - [2024-12-20T10:29:09.669-0800] {dagbag.py:588} INFO - Filling up the DagBag from /Users/rishukhurana/anaconda3/lib/python3.11/site-packages/airflow/example_dags/example_subdag_operator.py
[2024-12-20T10:29:09.767-0800] {processor.py:925} INFO - DAG(s) 'example_subdag_operator.section-1', 'example_subdag_operator.section-2', 'example_subdag_operator' retrieved from /Users/rishukhurana/anaconda3/lib/python3.11/site-packages/airflow/example_dags/example_subdag_operator.py
[2024-12-20T10:29:10.135-0800] {logging_mixin.py:190} INFO - [2024-12-20T10:29:10.134-0800] {utils.py:160} INFO - NumExpr defaulting to 8 threads.
[2024-12-20T10:29:10.478-0800] {logging_mixin.py:190} INFO - [2024-12-20T10:29:10.477-0800] {dag.py:3239} INFO - Sync 3 DAGs
[2024-12-20T10:29:10.493-0800] {logging_mixin.py:190} INFO - [2024-12-20T10:29:10.492-0800] {dag.py:4180} INFO - Setting next_dagrun for example_subdag_operator to 2022-01-01 00:00:00+00:00, run_after=2022-01-01 00:00:00+00:00
[2024-12-20T10:29:10.497-0800] {logging_mixin.py:190} INFO - [2024-12-20T10:29:10.497-0800] {dag.py:4180} INFO - Setting next_dagrun for example_subdag_operator.section-1 to None, run_after=None
[2024-12-20T10:29:10.498-0800] {logging_mixin.py:190} INFO - [2024-12-20T10:29:10.498-0800] {dag.py:4180} INFO - Setting next_dagrun for example_subdag_operator.section-2 to None, run_after=None
[2024-12-20T10:29:10.502-0800] {logging_mixin.py:190} INFO - [2024-12-20T10:29:10.502-0800] {dag.py:3239} INFO - Sync 2 DAGs
[2024-12-20T10:29:10.505-0800] {logging_mixin.py:190} INFO - [2024-12-20T10:29:10.505-0800] {dag.py:4180} INFO - Setting next_dagrun for example_subdag_operator.section-1 to None, run_after=None
[2024-12-20T10:29:10.506-0800] {logging_mixin.py:190} INFO - [2024-12-20T10:29:10.506-0800] {dag.py:4180} INFO - Setting next_dagrun for example_subdag_operator.section-2 to None, run_after=None
[2024-12-20T10:29:10.517-0800] {processor.py:208} INFO - Processing /Users/rishukhurana/anaconda3/lib/python3.11/site-packages/airflow/example_dags/example_subdag_operator.py took 0.858 seconds
[2024-12-20T10:32:15.400-0800] {processor.py:186} INFO - Started process (PID=70819) to work on /Users/rishukhurana/anaconda3/lib/python3.11/site-packages/airflow/example_dags/example_subdag_operator.py
[2024-12-20T10:32:15.402-0800] {processor.py:914} INFO - Processing file /Users/rishukhurana/anaconda3/lib/python3.11/site-packages/airflow/example_dags/example_subdag_operator.py for tasks to queue
[2024-12-20T10:32:15.403-0800] {logging_mixin.py:190} INFO - [2024-12-20T10:32:15.403-0800] {dagbag.py:588} INFO - Filling up the DagBag from /Users/rishukhurana/anaconda3/lib/python3.11/site-packages/airflow/example_dags/example_subdag_operator.py
[2024-12-20T10:32:15.500-0800] {processor.py:925} INFO - DAG(s) 'example_subdag_operator.section-1', 'example_subdag_operator.section-2', 'example_subdag_operator' retrieved from /Users/rishukhurana/anaconda3/lib/python3.11/site-packages/airflow/example_dags/example_subdag_operator.py
[2024-12-20T10:32:15.858-0800] {logging_mixin.py:190} INFO - [2024-12-20T10:32:15.858-0800] {utils.py:160} INFO - NumExpr defaulting to 8 threads.
[2024-12-20T10:32:16.202-0800] {logging_mixin.py:190} INFO - [2024-12-20T10:32:16.201-0800] {dag.py:3239} INFO - Sync 3 DAGs
[2024-12-20T10:32:16.217-0800] {logging_mixin.py:190} INFO - [2024-12-20T10:32:16.216-0800] {dag.py:4180} INFO - Setting next_dagrun for example_subdag_operator to 2022-01-01 00:00:00+00:00, run_after=2022-01-01 00:00:00+00:00
[2024-12-20T10:32:16.221-0800] {logging_mixin.py:190} INFO - [2024-12-20T10:32:16.220-0800] {dag.py:4180} INFO - Setting next_dagrun for example_subdag_operator.section-1 to None, run_after=None
[2024-12-20T10:32:16.222-0800] {logging_mixin.py:190} INFO - [2024-12-20T10:32:16.221-0800] {dag.py:4180} INFO - Setting next_dagrun for example_subdag_operator.section-2 to None, run_after=None
[2024-12-20T10:32:16.226-0800] {logging_mixin.py:190} INFO - [2024-12-20T10:32:16.226-0800] {dag.py:3239} INFO - Sync 2 DAGs
[2024-12-20T10:32:16.229-0800] {logging_mixin.py:190} INFO - [2024-12-20T10:32:16.229-0800] {dag.py:4180} INFO - Setting next_dagrun for example_subdag_operator.section-1 to None, run_after=None
[2024-12-20T10:32:16.230-0800] {logging_mixin.py:190} INFO - [2024-12-20T10:32:16.230-0800] {dag.py:4180} INFO - Setting next_dagrun for example_subdag_operator.section-2 to None, run_after=None
[2024-12-20T10:32:16.241-0800] {processor.py:208} INFO - Processing /Users/rishukhurana/anaconda3/lib/python3.11/site-packages/airflow/example_dags/example_subdag_operator.py took 0.846 seconds
[2024-12-20T10:35:23.811-0800] {processor.py:186} INFO - Started process (PID=70972) to work on /Users/rishukhurana/anaconda3/lib/python3.11/site-packages/airflow/example_dags/example_subdag_operator.py
[2024-12-20T10:35:23.813-0800] {processor.py:914} INFO - Processing file /Users/rishukhurana/anaconda3/lib/python3.11/site-packages/airflow/example_dags/example_subdag_operator.py for tasks to queue
[2024-12-20T10:35:23.815-0800] {logging_mixin.py:190} INFO - [2024-12-20T10:35:23.814-0800] {dagbag.py:588} INFO - Filling up the DagBag from /Users/rishukhurana/anaconda3/lib/python3.11/site-packages/airflow/example_dags/example_subdag_operator.py
[2024-12-20T10:35:23.908-0800] {processor.py:925} INFO - DAG(s) 'example_subdag_operator.section-1', 'example_subdag_operator.section-2', 'example_subdag_operator' retrieved from /Users/rishukhurana/anaconda3/lib/python3.11/site-packages/airflow/example_dags/example_subdag_operator.py
[2024-12-20T10:35:24.289-0800] {logging_mixin.py:190} INFO - [2024-12-20T10:35:24.289-0800] {utils.py:160} INFO - NumExpr defaulting to 8 threads.
[2024-12-20T10:35:24.621-0800] {logging_mixin.py:190} INFO - [2024-12-20T10:35:24.620-0800] {dag.py:3239} INFO - Sync 3 DAGs
[2024-12-20T10:35:24.635-0800] {logging_mixin.py:190} INFO - [2024-12-20T10:35:24.635-0800] {dag.py:4180} INFO - Setting next_dagrun for example_subdag_operator to 2022-01-01 00:00:00+00:00, run_after=2022-01-01 00:00:00+00:00
[2024-12-20T10:35:24.641-0800] {logging_mixin.py:190} INFO - [2024-12-20T10:35:24.641-0800] {dag.py:4180} INFO - Setting next_dagrun for example_subdag_operator.section-1 to None, run_after=None
[2024-12-20T10:35:24.642-0800] {logging_mixin.py:190} INFO - [2024-12-20T10:35:24.641-0800] {dag.py:4180} INFO - Setting next_dagrun for example_subdag_operator.section-2 to None, run_after=None
[2024-12-20T10:35:24.646-0800] {logging_mixin.py:190} INFO - [2024-12-20T10:35:24.646-0800] {dag.py:3239} INFO - Sync 2 DAGs
[2024-12-20T10:35:24.649-0800] {logging_mixin.py:190} INFO - [2024-12-20T10:35:24.649-0800] {dag.py:4180} INFO - Setting next_dagrun for example_subdag_operator.section-1 to None, run_after=None
[2024-12-20T10:35:24.650-0800] {logging_mixin.py:190} INFO - [2024-12-20T10:35:24.650-0800] {dag.py:4180} INFO - Setting next_dagrun for example_subdag_operator.section-2 to None, run_after=None
[2024-12-20T10:35:24.660-0800] {processor.py:208} INFO - Processing /Users/rishukhurana/anaconda3/lib/python3.11/site-packages/airflow/example_dags/example_subdag_operator.py took 0.856 seconds
[2024-12-20T10:38:41.884-0800] {processor.py:186} INFO - Started process (PID=71161) to work on /Users/rishukhurana/anaconda3/lib/python3.11/site-packages/airflow/example_dags/example_subdag_operator.py
[2024-12-20T10:38:41.886-0800] {processor.py:914} INFO - Processing file /Users/rishukhurana/anaconda3/lib/python3.11/site-packages/airflow/example_dags/example_subdag_operator.py for tasks to queue
[2024-12-20T10:38:41.887-0800] {logging_mixin.py:190} INFO - [2024-12-20T10:38:41.887-0800] {dagbag.py:588} INFO - Filling up the DagBag from /Users/rishukhurana/anaconda3/lib/python3.11/site-packages/airflow/example_dags/example_subdag_operator.py
[2024-12-20T10:38:41.991-0800] {processor.py:925} INFO - DAG(s) 'example_subdag_operator.section-1', 'example_subdag_operator.section-2', 'example_subdag_operator' retrieved from /Users/rishukhurana/anaconda3/lib/python3.11/site-packages/airflow/example_dags/example_subdag_operator.py
[2024-12-20T10:38:42.449-0800] {logging_mixin.py:190} INFO - [2024-12-20T10:38:42.449-0800] {utils.py:160} INFO - NumExpr defaulting to 8 threads.
[2024-12-20T10:38:42.815-0800] {logging_mixin.py:190} INFO - [2024-12-20T10:38:42.815-0800] {dag.py:3239} INFO - Sync 3 DAGs
[2024-12-20T10:38:42.830-0800] {logging_mixin.py:190} INFO - [2024-12-20T10:38:42.830-0800] {dag.py:4180} INFO - Setting next_dagrun for example_subdag_operator to 2022-01-01 00:00:00+00:00, run_after=2022-01-01 00:00:00+00:00
[2024-12-20T10:38:42.835-0800] {logging_mixin.py:190} INFO - [2024-12-20T10:38:42.835-0800] {dag.py:4180} INFO - Setting next_dagrun for example_subdag_operator.section-1 to None, run_after=None
[2024-12-20T10:38:42.836-0800] {logging_mixin.py:190} INFO - [2024-12-20T10:38:42.836-0800] {dag.py:4180} INFO - Setting next_dagrun for example_subdag_operator.section-2 to None, run_after=None
[2024-12-20T10:38:42.842-0800] {logging_mixin.py:190} INFO - [2024-12-20T10:38:42.842-0800] {dag.py:3239} INFO - Sync 2 DAGs
[2024-12-20T10:38:42.846-0800] {logging_mixin.py:190} INFO - [2024-12-20T10:38:42.846-0800] {dag.py:4180} INFO - Setting next_dagrun for example_subdag_operator.section-1 to None, run_after=None
[2024-12-20T10:38:42.846-0800] {logging_mixin.py:190} INFO - [2024-12-20T10:38:42.846-0800] {dag.py:4180} INFO - Setting next_dagrun for example_subdag_operator.section-2 to None, run_after=None
[2024-12-20T10:38:42.856-0800] {processor.py:208} INFO - Processing /Users/rishukhurana/anaconda3/lib/python3.11/site-packages/airflow/example_dags/example_subdag_operator.py took 0.980 seconds
[2024-12-20T10:41:54.036-0800] {processor.py:186} INFO - Started process (PID=71318) to work on /Users/rishukhurana/anaconda3/lib/python3.11/site-packages/airflow/example_dags/example_subdag_operator.py
[2024-12-20T10:41:54.038-0800] {processor.py:914} INFO - Processing file /Users/rishukhurana/anaconda3/lib/python3.11/site-packages/airflow/example_dags/example_subdag_operator.py for tasks to queue
[2024-12-20T10:41:54.039-0800] {logging_mixin.py:190} INFO - [2024-12-20T10:41:54.039-0800] {dagbag.py:588} INFO - Filling up the DagBag from /Users/rishukhurana/anaconda3/lib/python3.11/site-packages/airflow/example_dags/example_subdag_operator.py
[2024-12-20T10:41:54.140-0800] {processor.py:925} INFO - DAG(s) 'example_subdag_operator.section-1', 'example_subdag_operator.section-2', 'example_subdag_operator' retrieved from /Users/rishukhurana/anaconda3/lib/python3.11/site-packages/airflow/example_dags/example_subdag_operator.py
[2024-12-20T10:41:54.523-0800] {logging_mixin.py:190} INFO - [2024-12-20T10:41:54.523-0800] {utils.py:160} INFO - NumExpr defaulting to 8 threads.
[2024-12-20T10:41:54.868-0800] {logging_mixin.py:190} INFO - [2024-12-20T10:41:54.868-0800] {dag.py:3239} INFO - Sync 3 DAGs
[2024-12-20T10:41:54.885-0800] {logging_mixin.py:190} INFO - [2024-12-20T10:41:54.884-0800] {dag.py:4180} INFO - Setting next_dagrun for example_subdag_operator to 2022-01-01 00:00:00+00:00, run_after=2022-01-01 00:00:00+00:00
[2024-12-20T10:41:54.889-0800] {logging_mixin.py:190} INFO - [2024-12-20T10:41:54.888-0800] {dag.py:4180} INFO - Setting next_dagrun for example_subdag_operator.section-1 to None, run_after=None
[2024-12-20T10:41:54.890-0800] {logging_mixin.py:190} INFO - [2024-12-20T10:41:54.890-0800] {dag.py:4180} INFO - Setting next_dagrun for example_subdag_operator.section-2 to None, run_after=None
[2024-12-20T10:41:54.895-0800] {logging_mixin.py:190} INFO - [2024-12-20T10:41:54.895-0800] {dag.py:3239} INFO - Sync 2 DAGs
[2024-12-20T10:41:54.898-0800] {logging_mixin.py:190} INFO - [2024-12-20T10:41:54.898-0800] {dag.py:4180} INFO - Setting next_dagrun for example_subdag_operator.section-1 to None, run_after=None
[2024-12-20T10:41:54.899-0800] {logging_mixin.py:190} INFO - [2024-12-20T10:41:54.898-0800] {dag.py:4180} INFO - Setting next_dagrun for example_subdag_operator.section-2 to None, run_after=None
[2024-12-20T10:41:54.909-0800] {processor.py:208} INFO - Processing /Users/rishukhurana/anaconda3/lib/python3.11/site-packages/airflow/example_dags/example_subdag_operator.py took 0.880 seconds
[2024-12-20T10:45:03.875-0800] {processor.py:186} INFO - Started process (PID=71465) to work on /Users/rishukhurana/anaconda3/lib/python3.11/site-packages/airflow/example_dags/example_subdag_operator.py
[2024-12-20T10:45:03.878-0800] {processor.py:914} INFO - Processing file /Users/rishukhurana/anaconda3/lib/python3.11/site-packages/airflow/example_dags/example_subdag_operator.py for tasks to queue
[2024-12-20T10:45:03.880-0800] {logging_mixin.py:190} INFO - [2024-12-20T10:45:03.879-0800] {dagbag.py:588} INFO - Filling up the DagBag from /Users/rishukhurana/anaconda3/lib/python3.11/site-packages/airflow/example_dags/example_subdag_operator.py
[2024-12-20T10:45:03.986-0800] {processor.py:925} INFO - DAG(s) 'example_subdag_operator.section-1', 'example_subdag_operator.section-2', 'example_subdag_operator' retrieved from /Users/rishukhurana/anaconda3/lib/python3.11/site-packages/airflow/example_dags/example_subdag_operator.py
[2024-12-20T10:45:04.386-0800] {logging_mixin.py:190} INFO - [2024-12-20T10:45:04.386-0800] {utils.py:160} INFO - NumExpr defaulting to 8 threads.
[2024-12-20T10:45:04.759-0800] {logging_mixin.py:190} INFO - [2024-12-20T10:45:04.759-0800] {dag.py:3239} INFO - Sync 3 DAGs
[2024-12-20T10:45:04.776-0800] {logging_mixin.py:190} INFO - [2024-12-20T10:45:04.776-0800] {dag.py:4180} INFO - Setting next_dagrun for example_subdag_operator to 2022-01-01 00:00:00+00:00, run_after=2022-01-01 00:00:00+00:00
[2024-12-20T10:45:04.780-0800] {logging_mixin.py:190} INFO - [2024-12-20T10:45:04.780-0800] {dag.py:4180} INFO - Setting next_dagrun for example_subdag_operator.section-1 to None, run_after=None
[2024-12-20T10:45:04.782-0800] {logging_mixin.py:190} INFO - [2024-12-20T10:45:04.781-0800] {dag.py:4180} INFO - Setting next_dagrun for example_subdag_operator.section-2 to None, run_after=None
[2024-12-20T10:45:04.787-0800] {logging_mixin.py:190} INFO - [2024-12-20T10:45:04.786-0800] {dag.py:3239} INFO - Sync 2 DAGs
[2024-12-20T10:45:04.790-0800] {logging_mixin.py:190} INFO - [2024-12-20T10:45:04.790-0800] {dag.py:4180} INFO - Setting next_dagrun for example_subdag_operator.section-1 to None, run_after=None
[2024-12-20T10:45:04.791-0800] {logging_mixin.py:190} INFO - [2024-12-20T10:45:04.791-0800] {dag.py:4180} INFO - Setting next_dagrun for example_subdag_operator.section-2 to None, run_after=None
[2024-12-20T10:45:04.801-0800] {processor.py:208} INFO - Processing /Users/rishukhurana/anaconda3/lib/python3.11/site-packages/airflow/example_dags/example_subdag_operator.py took 0.932 seconds
[2024-12-20T10:48:19.208-0800] {processor.py:186} INFO - Started process (PID=71613) to work on /Users/rishukhurana/anaconda3/lib/python3.11/site-packages/airflow/example_dags/example_subdag_operator.py
[2024-12-20T10:48:19.211-0800] {processor.py:914} INFO - Processing file /Users/rishukhurana/anaconda3/lib/python3.11/site-packages/airflow/example_dags/example_subdag_operator.py for tasks to queue
[2024-12-20T10:48:19.212-0800] {logging_mixin.py:190} INFO - [2024-12-20T10:48:19.212-0800] {dagbag.py:588} INFO - Filling up the DagBag from /Users/rishukhurana/anaconda3/lib/python3.11/site-packages/airflow/example_dags/example_subdag_operator.py
[2024-12-20T10:48:19.316-0800] {processor.py:925} INFO - DAG(s) 'example_subdag_operator.section-1', 'example_subdag_operator.section-2', 'example_subdag_operator' retrieved from /Users/rishukhurana/anaconda3/lib/python3.11/site-packages/airflow/example_dags/example_subdag_operator.py
[2024-12-20T10:48:19.723-0800] {logging_mixin.py:190} INFO - [2024-12-20T10:48:19.723-0800] {utils.py:160} INFO - NumExpr defaulting to 8 threads.
[2024-12-20T10:48:20.137-0800] {logging_mixin.py:190} INFO - [2024-12-20T10:48:20.136-0800] {dag.py:3239} INFO - Sync 3 DAGs
[2024-12-20T10:48:20.153-0800] {logging_mixin.py:190} INFO - [2024-12-20T10:48:20.153-0800] {dag.py:4180} INFO - Setting next_dagrun for example_subdag_operator to 2022-01-01 00:00:00+00:00, run_after=2022-01-01 00:00:00+00:00
[2024-12-20T10:48:20.158-0800] {logging_mixin.py:190} INFO - [2024-12-20T10:48:20.158-0800] {dag.py:4180} INFO - Setting next_dagrun for example_subdag_operator.section-1 to None, run_after=None
[2024-12-20T10:48:20.159-0800] {logging_mixin.py:190} INFO - [2024-12-20T10:48:20.159-0800] {dag.py:4180} INFO - Setting next_dagrun for example_subdag_operator.section-2 to None, run_after=None
[2024-12-20T10:48:20.164-0800] {logging_mixin.py:190} INFO - [2024-12-20T10:48:20.164-0800] {dag.py:3239} INFO - Sync 2 DAGs
[2024-12-20T10:48:20.168-0800] {logging_mixin.py:190} INFO - [2024-12-20T10:48:20.167-0800] {dag.py:4180} INFO - Setting next_dagrun for example_subdag_operator.section-1 to None, run_after=None
[2024-12-20T10:48:20.168-0800] {logging_mixin.py:190} INFO - [2024-12-20T10:48:20.168-0800] {dag.py:4180} INFO - Setting next_dagrun for example_subdag_operator.section-2 to None, run_after=None
[2024-12-20T10:48:20.179-0800] {processor.py:208} INFO - Processing /Users/rishukhurana/anaconda3/lib/python3.11/site-packages/airflow/example_dags/example_subdag_operator.py took 0.976 seconds
[2024-12-20T10:51:33.892-0800] {processor.py:186} INFO - Started process (PID=71773) to work on /Users/rishukhurana/anaconda3/lib/python3.11/site-packages/airflow/example_dags/example_subdag_operator.py
[2024-12-20T10:51:33.894-0800] {processor.py:914} INFO - Processing file /Users/rishukhurana/anaconda3/lib/python3.11/site-packages/airflow/example_dags/example_subdag_operator.py for tasks to queue
[2024-12-20T10:51:33.896-0800] {logging_mixin.py:190} INFO - [2024-12-20T10:51:33.896-0800] {dagbag.py:588} INFO - Filling up the DagBag from /Users/rishukhurana/anaconda3/lib/python3.11/site-packages/airflow/example_dags/example_subdag_operator.py
[2024-12-20T10:51:34.019-0800] {processor.py:925} INFO - DAG(s) 'example_subdag_operator.section-1', 'example_subdag_operator.section-2', 'example_subdag_operator' retrieved from /Users/rishukhurana/anaconda3/lib/python3.11/site-packages/airflow/example_dags/example_subdag_operator.py
[2024-12-20T10:51:34.578-0800] {logging_mixin.py:190} INFO - [2024-12-20T10:51:34.578-0800] {utils.py:160} INFO - NumExpr defaulting to 8 threads.
[2024-12-20T10:51:35.102-0800] {logging_mixin.py:190} INFO - [2024-12-20T10:51:35.101-0800] {dag.py:3239} INFO - Sync 3 DAGs
[2024-12-20T10:51:35.122-0800] {logging_mixin.py:190} INFO - [2024-12-20T10:51:35.122-0800] {dag.py:4180} INFO - Setting next_dagrun for example_subdag_operator to 2022-01-01 00:00:00+00:00, run_after=2022-01-01 00:00:00+00:00
[2024-12-20T10:51:35.126-0800] {logging_mixin.py:190} INFO - [2024-12-20T10:51:35.126-0800] {dag.py:4180} INFO - Setting next_dagrun for example_subdag_operator.section-1 to None, run_after=None
[2024-12-20T10:51:35.127-0800] {logging_mixin.py:190} INFO - [2024-12-20T10:51:35.127-0800] {dag.py:4180} INFO - Setting next_dagrun for example_subdag_operator.section-2 to None, run_after=None
[2024-12-20T10:51:35.133-0800] {logging_mixin.py:190} INFO - [2024-12-20T10:51:35.133-0800] {dag.py:3239} INFO - Sync 2 DAGs
[2024-12-20T10:51:35.137-0800] {logging_mixin.py:190} INFO - [2024-12-20T10:51:35.137-0800] {dag.py:4180} INFO - Setting next_dagrun for example_subdag_operator.section-1 to None, run_after=None
[2024-12-20T10:51:35.138-0800] {logging_mixin.py:190} INFO - [2024-12-20T10:51:35.137-0800] {dag.py:4180} INFO - Setting next_dagrun for example_subdag_operator.section-2 to None, run_after=None
[2024-12-20T10:51:35.149-0800] {processor.py:208} INFO - Processing /Users/rishukhurana/anaconda3/lib/python3.11/site-packages/airflow/example_dags/example_subdag_operator.py took 1.267 seconds
[2024-12-20T10:54:55.345-0800] {processor.py:186} INFO - Started process (PID=71922) to work on /Users/rishukhurana/anaconda3/lib/python3.11/site-packages/airflow/example_dags/example_subdag_operator.py
[2024-12-20T10:54:55.348-0800] {processor.py:914} INFO - Processing file /Users/rishukhurana/anaconda3/lib/python3.11/site-packages/airflow/example_dags/example_subdag_operator.py for tasks to queue
[2024-12-20T10:54:55.350-0800] {logging_mixin.py:190} INFO - [2024-12-20T10:54:55.349-0800] {dagbag.py:588} INFO - Filling up the DagBag from /Users/rishukhurana/anaconda3/lib/python3.11/site-packages/airflow/example_dags/example_subdag_operator.py
[2024-12-20T10:54:55.457-0800] {processor.py:925} INFO - DAG(s) 'example_subdag_operator.section-1', 'example_subdag_operator.section-2', 'example_subdag_operator' retrieved from /Users/rishukhurana/anaconda3/lib/python3.11/site-packages/airflow/example_dags/example_subdag_operator.py
[2024-12-20T10:54:55.865-0800] {logging_mixin.py:190} INFO - [2024-12-20T10:54:55.865-0800] {utils.py:160} INFO - NumExpr defaulting to 8 threads.
[2024-12-20T10:54:56.227-0800] {logging_mixin.py:190} INFO - [2024-12-20T10:54:56.226-0800] {dag.py:3239} INFO - Sync 3 DAGs
[2024-12-20T10:54:56.243-0800] {logging_mixin.py:190} INFO - [2024-12-20T10:54:56.243-0800] {dag.py:4180} INFO - Setting next_dagrun for example_subdag_operator to 2022-01-01 00:00:00+00:00, run_after=2022-01-01 00:00:00+00:00
[2024-12-20T10:54:56.248-0800] {logging_mixin.py:190} INFO - [2024-12-20T10:54:56.248-0800] {dag.py:4180} INFO - Setting next_dagrun for example_subdag_operator.section-1 to None, run_after=None
[2024-12-20T10:54:56.249-0800] {logging_mixin.py:190} INFO - [2024-12-20T10:54:56.249-0800] {dag.py:4180} INFO - Setting next_dagrun for example_subdag_operator.section-2 to None, run_after=None
[2024-12-20T10:54:56.254-0800] {logging_mixin.py:190} INFO - [2024-12-20T10:54:56.254-0800] {dag.py:3239} INFO - Sync 2 DAGs
[2024-12-20T10:54:56.258-0800] {logging_mixin.py:190} INFO - [2024-12-20T10:54:56.257-0800] {dag.py:4180} INFO - Setting next_dagrun for example_subdag_operator.section-1 to None, run_after=None
[2024-12-20T10:54:56.258-0800] {logging_mixin.py:190} INFO - [2024-12-20T10:54:56.258-0800] {dag.py:4180} INFO - Setting next_dagrun for example_subdag_operator.section-2 to None, run_after=None
[2024-12-20T10:54:56.270-0800] {processor.py:208} INFO - Processing /Users/rishukhurana/anaconda3/lib/python3.11/site-packages/airflow/example_dags/example_subdag_operator.py took 0.933 seconds
[2024-12-20T10:58:07.567-0800] {processor.py:186} INFO - Started process (PID=72070) to work on /Users/rishukhurana/anaconda3/lib/python3.11/site-packages/airflow/example_dags/example_subdag_operator.py
[2024-12-20T10:58:07.569-0800] {processor.py:914} INFO - Processing file /Users/rishukhurana/anaconda3/lib/python3.11/site-packages/airflow/example_dags/example_subdag_operator.py for tasks to queue
[2024-12-20T10:58:07.571-0800] {logging_mixin.py:190} INFO - [2024-12-20T10:58:07.571-0800] {dagbag.py:588} INFO - Filling up the DagBag from /Users/rishukhurana/anaconda3/lib/python3.11/site-packages/airflow/example_dags/example_subdag_operator.py
[2024-12-20T10:58:07.672-0800] {processor.py:925} INFO - DAG(s) 'example_subdag_operator.section-1', 'example_subdag_operator.section-2', 'example_subdag_operator' retrieved from /Users/rishukhurana/anaconda3/lib/python3.11/site-packages/airflow/example_dags/example_subdag_operator.py
[2024-12-20T10:58:08.050-0800] {logging_mixin.py:190} INFO - [2024-12-20T10:58:08.049-0800] {utils.py:160} INFO - NumExpr defaulting to 8 threads.
[2024-12-20T10:58:08.394-0800] {logging_mixin.py:190} INFO - [2024-12-20T10:58:08.393-0800] {dag.py:3239} INFO - Sync 3 DAGs
[2024-12-20T10:58:08.410-0800] {logging_mixin.py:190} INFO - [2024-12-20T10:58:08.409-0800] {dag.py:4180} INFO - Setting next_dagrun for example_subdag_operator to 2022-01-01 00:00:00+00:00, run_after=2022-01-01 00:00:00+00:00
[2024-12-20T10:58:08.413-0800] {logging_mixin.py:190} INFO - [2024-12-20T10:58:08.413-0800] {dag.py:4180} INFO - Setting next_dagrun for example_subdag_operator.section-1 to None, run_after=None
[2024-12-20T10:58:08.414-0800] {logging_mixin.py:190} INFO - [2024-12-20T10:58:08.414-0800] {dag.py:4180} INFO - Setting next_dagrun for example_subdag_operator.section-2 to None, run_after=None
[2024-12-20T10:58:08.419-0800] {logging_mixin.py:190} INFO - [2024-12-20T10:58:08.419-0800] {dag.py:3239} INFO - Sync 2 DAGs
[2024-12-20T10:58:08.422-0800] {logging_mixin.py:190} INFO - [2024-12-20T10:58:08.422-0800] {dag.py:4180} INFO - Setting next_dagrun for example_subdag_operator.section-1 to None, run_after=None
[2024-12-20T10:58:08.423-0800] {logging_mixin.py:190} INFO - [2024-12-20T10:58:08.422-0800] {dag.py:4180} INFO - Setting next_dagrun for example_subdag_operator.section-2 to None, run_after=None
[2024-12-20T10:58:08.434-0800] {processor.py:208} INFO - Processing /Users/rishukhurana/anaconda3/lib/python3.11/site-packages/airflow/example_dags/example_subdag_operator.py took 0.874 seconds
[2024-12-20T11:01:15.094-0800] {processor.py:186} INFO - Started process (PID=72215) to work on /Users/rishukhurana/anaconda3/lib/python3.11/site-packages/airflow/example_dags/example_subdag_operator.py
[2024-12-20T11:01:15.096-0800] {processor.py:914} INFO - Processing file /Users/rishukhurana/anaconda3/lib/python3.11/site-packages/airflow/example_dags/example_subdag_operator.py for tasks to queue
[2024-12-20T11:01:15.097-0800] {logging_mixin.py:190} INFO - [2024-12-20T11:01:15.097-0800] {dagbag.py:588} INFO - Filling up the DagBag from /Users/rishukhurana/anaconda3/lib/python3.11/site-packages/airflow/example_dags/example_subdag_operator.py
[2024-12-20T11:01:15.191-0800] {processor.py:925} INFO - DAG(s) 'example_subdag_operator.section-1', 'example_subdag_operator.section-2', 'example_subdag_operator' retrieved from /Users/rishukhurana/anaconda3/lib/python3.11/site-packages/airflow/example_dags/example_subdag_operator.py
[2024-12-20T11:01:15.571-0800] {logging_mixin.py:190} INFO - [2024-12-20T11:01:15.571-0800] {utils.py:160} INFO - NumExpr defaulting to 8 threads.
[2024-12-20T11:01:15.916-0800] {logging_mixin.py:190} INFO - [2024-12-20T11:01:15.916-0800] {dag.py:3239} INFO - Sync 3 DAGs
[2024-12-20T11:01:15.931-0800] {logging_mixin.py:190} INFO - [2024-12-20T11:01:15.931-0800] {dag.py:4180} INFO - Setting next_dagrun for example_subdag_operator to 2022-01-01 00:00:00+00:00, run_after=2022-01-01 00:00:00+00:00
[2024-12-20T11:01:15.935-0800] {logging_mixin.py:190} INFO - [2024-12-20T11:01:15.935-0800] {dag.py:4180} INFO - Setting next_dagrun for example_subdag_operator.section-1 to None, run_after=None
[2024-12-20T11:01:15.936-0800] {logging_mixin.py:190} INFO - [2024-12-20T11:01:15.936-0800] {dag.py:4180} INFO - Setting next_dagrun for example_subdag_operator.section-2 to None, run_after=None
[2024-12-20T11:01:15.940-0800] {logging_mixin.py:190} INFO - [2024-12-20T11:01:15.940-0800] {dag.py:3239} INFO - Sync 2 DAGs
[2024-12-20T11:01:15.944-0800] {logging_mixin.py:190} INFO - [2024-12-20T11:01:15.943-0800] {dag.py:4180} INFO - Setting next_dagrun for example_subdag_operator.section-1 to None, run_after=None
[2024-12-20T11:01:15.944-0800] {logging_mixin.py:190} INFO - [2024-12-20T11:01:15.944-0800] {dag.py:4180} INFO - Setting next_dagrun for example_subdag_operator.section-2 to None, run_after=None
[2024-12-20T11:01:15.956-0800] {processor.py:208} INFO - Processing /Users/rishukhurana/anaconda3/lib/python3.11/site-packages/airflow/example_dags/example_subdag_operator.py took 0.869 seconds
[2024-12-20T11:04:28.915-0800] {processor.py:186} INFO - Started process (PID=72364) to work on /Users/rishukhurana/anaconda3/lib/python3.11/site-packages/airflow/example_dags/example_subdag_operator.py
[2024-12-20T11:04:28.917-0800] {processor.py:914} INFO - Processing file /Users/rishukhurana/anaconda3/lib/python3.11/site-packages/airflow/example_dags/example_subdag_operator.py for tasks to queue
[2024-12-20T11:04:28.919-0800] {logging_mixin.py:190} INFO - [2024-12-20T11:04:28.918-0800] {dagbag.py:588} INFO - Filling up the DagBag from /Users/rishukhurana/anaconda3/lib/python3.11/site-packages/airflow/example_dags/example_subdag_operator.py
[2024-12-20T11:04:29.016-0800] {processor.py:925} INFO - DAG(s) 'example_subdag_operator.section-1', 'example_subdag_operator.section-2', 'example_subdag_operator' retrieved from /Users/rishukhurana/anaconda3/lib/python3.11/site-packages/airflow/example_dags/example_subdag_operator.py
[2024-12-20T11:04:29.411-0800] {logging_mixin.py:190} INFO - [2024-12-20T11:04:29.410-0800] {utils.py:160} INFO - NumExpr defaulting to 8 threads.
[2024-12-20T11:04:29.759-0800] {logging_mixin.py:190} INFO - [2024-12-20T11:04:29.759-0800] {dag.py:3239} INFO - Sync 3 DAGs
[2024-12-20T11:04:29.776-0800] {logging_mixin.py:190} INFO - [2024-12-20T11:04:29.776-0800] {dag.py:4180} INFO - Setting next_dagrun for example_subdag_operator to 2022-01-01 00:00:00+00:00, run_after=2022-01-01 00:00:00+00:00
[2024-12-20T11:04:29.780-0800] {logging_mixin.py:190} INFO - [2024-12-20T11:04:29.780-0800] {dag.py:4180} INFO - Setting next_dagrun for example_subdag_operator.section-1 to None, run_after=None
[2024-12-20T11:04:29.781-0800] {logging_mixin.py:190} INFO - [2024-12-20T11:04:29.780-0800] {dag.py:4180} INFO - Setting next_dagrun for example_subdag_operator.section-2 to None, run_after=None
[2024-12-20T11:04:29.785-0800] {logging_mixin.py:190} INFO - [2024-12-20T11:04:29.785-0800] {dag.py:3239} INFO - Sync 2 DAGs
[2024-12-20T11:04:29.788-0800] {logging_mixin.py:190} INFO - [2024-12-20T11:04:29.788-0800] {dag.py:4180} INFO - Setting next_dagrun for example_subdag_operator.section-1 to None, run_after=None
[2024-12-20T11:04:29.789-0800] {logging_mixin.py:190} INFO - [2024-12-20T11:04:29.789-0800] {dag.py:4180} INFO - Setting next_dagrun for example_subdag_operator.section-2 to None, run_after=None
[2024-12-20T11:04:29.801-0800] {processor.py:208} INFO - Processing /Users/rishukhurana/anaconda3/lib/python3.11/site-packages/airflow/example_dags/example_subdag_operator.py took 0.892 seconds
[2024-12-20T11:07:46.384-0800] {processor.py:186} INFO - Started process (PID=72528) to work on /Users/rishukhurana/anaconda3/lib/python3.11/site-packages/airflow/example_dags/example_subdag_operator.py
[2024-12-20T11:07:46.386-0800] {processor.py:914} INFO - Processing file /Users/rishukhurana/anaconda3/lib/python3.11/site-packages/airflow/example_dags/example_subdag_operator.py for tasks to queue
[2024-12-20T11:07:46.389-0800] {logging_mixin.py:190} INFO - [2024-12-20T11:07:46.388-0800] {dagbag.py:588} INFO - Filling up the DagBag from /Users/rishukhurana/anaconda3/lib/python3.11/site-packages/airflow/example_dags/example_subdag_operator.py
[2024-12-20T11:07:46.496-0800] {processor.py:925} INFO - DAG(s) 'example_subdag_operator.section-1', 'example_subdag_operator.section-2', 'example_subdag_operator' retrieved from /Users/rishukhurana/anaconda3/lib/python3.11/site-packages/airflow/example_dags/example_subdag_operator.py
[2024-12-20T11:07:46.978-0800] {logging_mixin.py:190} INFO - [2024-12-20T11:07:46.978-0800] {utils.py:160} INFO - NumExpr defaulting to 8 threads.
[2024-12-20T11:07:47.457-0800] {logging_mixin.py:190} INFO - [2024-12-20T11:07:47.456-0800] {dag.py:3239} INFO - Sync 3 DAGs
[2024-12-20T11:07:47.475-0800] {logging_mixin.py:190} INFO - [2024-12-20T11:07:47.475-0800] {dag.py:4180} INFO - Setting next_dagrun for example_subdag_operator to 2022-01-01 00:00:00+00:00, run_after=2022-01-01 00:00:00+00:00
[2024-12-20T11:07:47.480-0800] {logging_mixin.py:190} INFO - [2024-12-20T11:07:47.480-0800] {dag.py:4180} INFO - Setting next_dagrun for example_subdag_operator.section-1 to None, run_after=None
[2024-12-20T11:07:47.482-0800] {logging_mixin.py:190} INFO - [2024-12-20T11:07:47.481-0800] {dag.py:4180} INFO - Setting next_dagrun for example_subdag_operator.section-2 to None, run_after=None
[2024-12-20T11:07:47.488-0800] {logging_mixin.py:190} INFO - [2024-12-20T11:07:47.488-0800] {dag.py:3239} INFO - Sync 2 DAGs
[2024-12-20T11:07:47.492-0800] {logging_mixin.py:190} INFO - [2024-12-20T11:07:47.492-0800] {dag.py:4180} INFO - Setting next_dagrun for example_subdag_operator.section-1 to None, run_after=None
[2024-12-20T11:07:47.492-0800] {logging_mixin.py:190} INFO - [2024-12-20T11:07:47.492-0800] {dag.py:4180} INFO - Setting next_dagrun for example_subdag_operator.section-2 to None, run_after=None
[2024-12-20T11:07:47.503-0800] {processor.py:208} INFO - Processing /Users/rishukhurana/anaconda3/lib/python3.11/site-packages/airflow/example_dags/example_subdag_operator.py took 1.128 seconds
[2024-12-20T11:10:58.876-0800] {processor.py:186} INFO - Started process (PID=72688) to work on /Users/rishukhurana/anaconda3/lib/python3.11/site-packages/airflow/example_dags/example_subdag_operator.py
[2024-12-20T11:10:58.878-0800] {processor.py:914} INFO - Processing file /Users/rishukhurana/anaconda3/lib/python3.11/site-packages/airflow/example_dags/example_subdag_operator.py for tasks to queue
[2024-12-20T11:10:58.880-0800] {logging_mixin.py:190} INFO - [2024-12-20T11:10:58.879-0800] {dagbag.py:588} INFO - Filling up the DagBag from /Users/rishukhurana/anaconda3/lib/python3.11/site-packages/airflow/example_dags/example_subdag_operator.py
[2024-12-20T11:10:58.986-0800] {processor.py:925} INFO - DAG(s) 'example_subdag_operator.section-1', 'example_subdag_operator.section-2', 'example_subdag_operator' retrieved from /Users/rishukhurana/anaconda3/lib/python3.11/site-packages/airflow/example_dags/example_subdag_operator.py
[2024-12-20T11:10:59.386-0800] {logging_mixin.py:190} INFO - [2024-12-20T11:10:59.386-0800] {utils.py:160} INFO - NumExpr defaulting to 8 threads.
[2024-12-20T11:10:59.740-0800] {logging_mixin.py:190} INFO - [2024-12-20T11:10:59.740-0800] {dag.py:3239} INFO - Sync 3 DAGs
[2024-12-20T11:10:59.755-0800] {logging_mixin.py:190} INFO - [2024-12-20T11:10:59.755-0800] {dag.py:4180} INFO - Setting next_dagrun for example_subdag_operator to 2022-01-01 00:00:00+00:00, run_after=2022-01-01 00:00:00+00:00
[2024-12-20T11:10:59.760-0800] {logging_mixin.py:190} INFO - [2024-12-20T11:10:59.760-0800] {dag.py:4180} INFO - Setting next_dagrun for example_subdag_operator.section-1 to None, run_after=None
[2024-12-20T11:10:59.761-0800] {logging_mixin.py:190} INFO - [2024-12-20T11:10:59.761-0800] {dag.py:4180} INFO - Setting next_dagrun for example_subdag_operator.section-2 to None, run_after=None
[2024-12-20T11:10:59.766-0800] {logging_mixin.py:190} INFO - [2024-12-20T11:10:59.766-0800] {dag.py:3239} INFO - Sync 2 DAGs
[2024-12-20T11:10:59.770-0800] {logging_mixin.py:190} INFO - [2024-12-20T11:10:59.770-0800] {dag.py:4180} INFO - Setting next_dagrun for example_subdag_operator.section-1 to None, run_after=None
[2024-12-20T11:10:59.771-0800] {logging_mixin.py:190} INFO - [2024-12-20T11:10:59.771-0800] {dag.py:4180} INFO - Setting next_dagrun for example_subdag_operator.section-2 to None, run_after=None
[2024-12-20T11:10:59.783-0800] {processor.py:208} INFO - Processing /Users/rishukhurana/anaconda3/lib/python3.11/site-packages/airflow/example_dags/example_subdag_operator.py took 0.914 seconds
[2024-12-20T11:14:13.224-0800] {processor.py:186} INFO - Started process (PID=72841) to work on /Users/rishukhurana/anaconda3/lib/python3.11/site-packages/airflow/example_dags/example_subdag_operator.py
[2024-12-20T11:14:13.226-0800] {processor.py:914} INFO - Processing file /Users/rishukhurana/anaconda3/lib/python3.11/site-packages/airflow/example_dags/example_subdag_operator.py for tasks to queue
[2024-12-20T11:14:13.228-0800] {logging_mixin.py:190} INFO - [2024-12-20T11:14:13.228-0800] {dagbag.py:588} INFO - Filling up the DagBag from /Users/rishukhurana/anaconda3/lib/python3.11/site-packages/airflow/example_dags/example_subdag_operator.py
[2024-12-20T11:14:13.324-0800] {processor.py:925} INFO - DAG(s) 'example_subdag_operator.section-1', 'example_subdag_operator.section-2', 'example_subdag_operator' retrieved from /Users/rishukhurana/anaconda3/lib/python3.11/site-packages/airflow/example_dags/example_subdag_operator.py
[2024-12-20T11:14:13.705-0800] {logging_mixin.py:190} INFO - [2024-12-20T11:14:13.705-0800] {utils.py:160} INFO - NumExpr defaulting to 8 threads.
[2024-12-20T11:14:14.050-0800] {logging_mixin.py:190} INFO - [2024-12-20T11:14:14.050-0800] {dag.py:3239} INFO - Sync 3 DAGs
[2024-12-20T11:14:14.066-0800] {logging_mixin.py:190} INFO - [2024-12-20T11:14:14.066-0800] {dag.py:4180} INFO - Setting next_dagrun for example_subdag_operator to 2022-01-01 00:00:00+00:00, run_after=2022-01-01 00:00:00+00:00
[2024-12-20T11:14:14.069-0800] {logging_mixin.py:190} INFO - [2024-12-20T11:14:14.069-0800] {dag.py:4180} INFO - Setting next_dagrun for example_subdag_operator.section-1 to None, run_after=None
[2024-12-20T11:14:14.070-0800] {logging_mixin.py:190} INFO - [2024-12-20T11:14:14.070-0800] {dag.py:4180} INFO - Setting next_dagrun for example_subdag_operator.section-2 to None, run_after=None
[2024-12-20T11:14:14.075-0800] {logging_mixin.py:190} INFO - [2024-12-20T11:14:14.075-0800] {dag.py:3239} INFO - Sync 2 DAGs
[2024-12-20T11:14:14.078-0800] {logging_mixin.py:190} INFO - [2024-12-20T11:14:14.078-0800] {dag.py:4180} INFO - Setting next_dagrun for example_subdag_operator.section-1 to None, run_after=None
[2024-12-20T11:14:14.079-0800] {logging_mixin.py:190} INFO - [2024-12-20T11:14:14.079-0800] {dag.py:4180} INFO - Setting next_dagrun for example_subdag_operator.section-2 to None, run_after=None
[2024-12-20T11:14:14.089-0800] {processor.py:208} INFO - Processing /Users/rishukhurana/anaconda3/lib/python3.11/site-packages/airflow/example_dags/example_subdag_operator.py took 0.872 seconds
[2024-12-20T11:17:22.772-0800] {processor.py:186} INFO - Started process (PID=73008) to work on /Users/rishukhurana/anaconda3/lib/python3.11/site-packages/airflow/example_dags/example_subdag_operator.py
[2024-12-20T11:17:22.775-0800] {processor.py:914} INFO - Processing file /Users/rishukhurana/anaconda3/lib/python3.11/site-packages/airflow/example_dags/example_subdag_operator.py for tasks to queue
[2024-12-20T11:17:22.776-0800] {logging_mixin.py:190} INFO - [2024-12-20T11:17:22.776-0800] {dagbag.py:588} INFO - Filling up the DagBag from /Users/rishukhurana/anaconda3/lib/python3.11/site-packages/airflow/example_dags/example_subdag_operator.py
[2024-12-20T11:17:22.875-0800] {processor.py:925} INFO - DAG(s) 'example_subdag_operator.section-1', 'example_subdag_operator.section-2', 'example_subdag_operator' retrieved from /Users/rishukhurana/anaconda3/lib/python3.11/site-packages/airflow/example_dags/example_subdag_operator.py
[2024-12-20T11:17:23.396-0800] {logging_mixin.py:190} INFO - [2024-12-20T11:17:23.395-0800] {utils.py:160} INFO - NumExpr defaulting to 8 threads.
[2024-12-20T11:17:24.021-0800] {logging_mixin.py:190} INFO - [2024-12-20T11:17:24.021-0800] {dag.py:3239} INFO - Sync 3 DAGs
[2024-12-20T11:17:24.038-0800] {logging_mixin.py:190} INFO - [2024-12-20T11:17:24.038-0800] {dag.py:4180} INFO - Setting next_dagrun for example_subdag_operator to 2022-01-01 00:00:00+00:00, run_after=2022-01-01 00:00:00+00:00
[2024-12-20T11:17:24.044-0800] {logging_mixin.py:190} INFO - [2024-12-20T11:17:24.044-0800] {dag.py:4180} INFO - Setting next_dagrun for example_subdag_operator.section-1 to None, run_after=None
[2024-12-20T11:17:24.045-0800] {logging_mixin.py:190} INFO - [2024-12-20T11:17:24.045-0800] {dag.py:4180} INFO - Setting next_dagrun for example_subdag_operator.section-2 to None, run_after=None
[2024-12-20T11:17:24.057-0800] {logging_mixin.py:190} INFO - [2024-12-20T11:17:24.056-0800] {dag.py:3239} INFO - Sync 2 DAGs
[2024-12-20T11:17:24.061-0800] {logging_mixin.py:190} INFO - [2024-12-20T11:17:24.061-0800] {dag.py:4180} INFO - Setting next_dagrun for example_subdag_operator.section-1 to None, run_after=None
[2024-12-20T11:17:24.062-0800] {logging_mixin.py:190} INFO - [2024-12-20T11:17:24.061-0800] {dag.py:4180} INFO - Setting next_dagrun for example_subdag_operator.section-2 to None, run_after=None
[2024-12-20T11:17:24.075-0800] {processor.py:208} INFO - Processing /Users/rishukhurana/anaconda3/lib/python3.11/site-packages/airflow/example_dags/example_subdag_operator.py took 1.311 seconds
[2024-12-20T11:20:25.747-0800] {processor.py:186} INFO - Started process (PID=73167) to work on /Users/rishukhurana/anaconda3/lib/python3.11/site-packages/airflow/example_dags/example_subdag_operator.py
[2024-12-20T11:20:25.749-0800] {processor.py:914} INFO - Processing file /Users/rishukhurana/anaconda3/lib/python3.11/site-packages/airflow/example_dags/example_subdag_operator.py for tasks to queue
[2024-12-20T11:20:25.750-0800] {logging_mixin.py:190} INFO - [2024-12-20T11:20:25.750-0800] {dagbag.py:588} INFO - Filling up the DagBag from /Users/rishukhurana/anaconda3/lib/python3.11/site-packages/airflow/example_dags/example_subdag_operator.py
[2024-12-20T11:20:25.888-0800] {processor.py:925} INFO - DAG(s) 'example_subdag_operator.section-1', 'example_subdag_operator.section-2', 'example_subdag_operator' retrieved from /Users/rishukhurana/anaconda3/lib/python3.11/site-packages/airflow/example_dags/example_subdag_operator.py
[2024-12-20T11:20:26.366-0800] {logging_mixin.py:190} INFO - [2024-12-20T11:20:26.365-0800] {utils.py:160} INFO - NumExpr defaulting to 8 threads.
[2024-12-20T11:20:26.805-0800] {logging_mixin.py:190} INFO - [2024-12-20T11:20:26.805-0800] {dag.py:3239} INFO - Sync 3 DAGs
[2024-12-20T11:20:26.822-0800] {logging_mixin.py:190} INFO - [2024-12-20T11:20:26.822-0800] {dag.py:4180} INFO - Setting next_dagrun for example_subdag_operator to 2022-01-01 00:00:00+00:00, run_after=2022-01-01 00:00:00+00:00
[2024-12-20T11:20:26.826-0800] {logging_mixin.py:190} INFO - [2024-12-20T11:20:26.826-0800] {dag.py:4180} INFO - Setting next_dagrun for example_subdag_operator.section-1 to None, run_after=None
[2024-12-20T11:20:26.827-0800] {logging_mixin.py:190} INFO - [2024-12-20T11:20:26.827-0800] {dag.py:4180} INFO - Setting next_dagrun for example_subdag_operator.section-2 to None, run_after=None
[2024-12-20T11:20:26.833-0800] {logging_mixin.py:190} INFO - [2024-12-20T11:20:26.833-0800] {dag.py:3239} INFO - Sync 2 DAGs
[2024-12-20T11:20:26.837-0800] {logging_mixin.py:190} INFO - [2024-12-20T11:20:26.836-0800] {dag.py:4180} INFO - Setting next_dagrun for example_subdag_operator.section-1 to None, run_after=None
[2024-12-20T11:20:26.837-0800] {logging_mixin.py:190} INFO - [2024-12-20T11:20:26.837-0800] {dag.py:4180} INFO - Setting next_dagrun for example_subdag_operator.section-2 to None, run_after=None
[2024-12-20T11:20:26.848-0800] {processor.py:208} INFO - Processing /Users/rishukhurana/anaconda3/lib/python3.11/site-packages/airflow/example_dags/example_subdag_operator.py took 1.186 seconds
[2024-12-20T11:23:30.030-0800] {processor.py:186} INFO - Started process (PID=73336) to work on /Users/rishukhurana/anaconda3/lib/python3.11/site-packages/airflow/example_dags/example_subdag_operator.py
[2024-12-20T11:23:30.032-0800] {processor.py:914} INFO - Processing file /Users/rishukhurana/anaconda3/lib/python3.11/site-packages/airflow/example_dags/example_subdag_operator.py for tasks to queue
[2024-12-20T11:23:30.034-0800] {logging_mixin.py:190} INFO - [2024-12-20T11:23:30.034-0800] {dagbag.py:588} INFO - Filling up the DagBag from /Users/rishukhurana/anaconda3/lib/python3.11/site-packages/airflow/example_dags/example_subdag_operator.py
[2024-12-20T11:23:30.123-0800] {processor.py:925} INFO - DAG(s) 'example_subdag_operator.section-1', 'example_subdag_operator.section-2', 'example_subdag_operator' retrieved from /Users/rishukhurana/anaconda3/lib/python3.11/site-packages/airflow/example_dags/example_subdag_operator.py
[2024-12-20T11:23:30.525-0800] {logging_mixin.py:190} INFO - [2024-12-20T11:23:30.525-0800] {utils.py:160} INFO - NumExpr defaulting to 8 threads.
[2024-12-20T11:23:31.031-0800] {logging_mixin.py:190} INFO - [2024-12-20T11:23:31.030-0800] {dag.py:3239} INFO - Sync 3 DAGs
[2024-12-20T11:23:31.044-0800] {logging_mixin.py:190} INFO - [2024-12-20T11:23:31.044-0800] {dag.py:4180} INFO - Setting next_dagrun for example_subdag_operator to 2022-01-01 00:00:00+00:00, run_after=2022-01-01 00:00:00+00:00
[2024-12-20T11:23:31.048-0800] {logging_mixin.py:190} INFO - [2024-12-20T11:23:31.048-0800] {dag.py:4180} INFO - Setting next_dagrun for example_subdag_operator.section-1 to None, run_after=None
[2024-12-20T11:23:31.049-0800] {logging_mixin.py:190} INFO - [2024-12-20T11:23:31.048-0800] {dag.py:4180} INFO - Setting next_dagrun for example_subdag_operator.section-2 to None, run_after=None
[2024-12-20T11:23:31.053-0800] {logging_mixin.py:190} INFO - [2024-12-20T11:23:31.053-0800] {dag.py:3239} INFO - Sync 2 DAGs
[2024-12-20T11:23:31.056-0800] {logging_mixin.py:190} INFO - [2024-12-20T11:23:31.056-0800] {dag.py:4180} INFO - Setting next_dagrun for example_subdag_operator.section-1 to None, run_after=None
[2024-12-20T11:23:31.056-0800] {logging_mixin.py:190} INFO - [2024-12-20T11:23:31.056-0800] {dag.py:4180} INFO - Setting next_dagrun for example_subdag_operator.section-2 to None, run_after=None
[2024-12-20T11:23:31.067-0800] {processor.py:208} INFO - Processing /Users/rishukhurana/anaconda3/lib/python3.11/site-packages/airflow/example_dags/example_subdag_operator.py took 1.045 seconds
[2024-12-20T11:26:32.976-0800] {processor.py:186} INFO - Started process (PID=73491) to work on /Users/rishukhurana/anaconda3/lib/python3.11/site-packages/airflow/example_dags/example_subdag_operator.py
[2024-12-20T11:26:32.978-0800] {processor.py:914} INFO - Processing file /Users/rishukhurana/anaconda3/lib/python3.11/site-packages/airflow/example_dags/example_subdag_operator.py for tasks to queue
[2024-12-20T11:26:32.980-0800] {logging_mixin.py:190} INFO - [2024-12-20T11:26:32.979-0800] {dagbag.py:588} INFO - Filling up the DagBag from /Users/rishukhurana/anaconda3/lib/python3.11/site-packages/airflow/example_dags/example_subdag_operator.py
[2024-12-20T11:26:33.065-0800] {processor.py:925} INFO - DAG(s) 'example_subdag_operator.section-1', 'example_subdag_operator.section-2', 'example_subdag_operator' retrieved from /Users/rishukhurana/anaconda3/lib/python3.11/site-packages/airflow/example_dags/example_subdag_operator.py
[2024-12-20T11:26:33.413-0800] {logging_mixin.py:190} INFO - [2024-12-20T11:26:33.413-0800] {utils.py:160} INFO - NumExpr defaulting to 8 threads.
[2024-12-20T11:26:33.766-0800] {logging_mixin.py:190} INFO - [2024-12-20T11:26:33.765-0800] {dag.py:3239} INFO - Sync 3 DAGs
[2024-12-20T11:26:33.785-0800] {logging_mixin.py:190} INFO - [2024-12-20T11:26:33.785-0800] {dag.py:4180} INFO - Setting next_dagrun for example_subdag_operator to 2022-01-01 00:00:00+00:00, run_after=2022-01-01 00:00:00+00:00
[2024-12-20T11:26:33.792-0800] {logging_mixin.py:190} INFO - [2024-12-20T11:26:33.792-0800] {dag.py:4180} INFO - Setting next_dagrun for example_subdag_operator.section-1 to None, run_after=None
[2024-12-20T11:26:33.793-0800] {logging_mixin.py:190} INFO - [2024-12-20T11:26:33.793-0800] {dag.py:4180} INFO - Setting next_dagrun for example_subdag_operator.section-2 to None, run_after=None
[2024-12-20T11:26:33.799-0800] {logging_mixin.py:190} INFO - [2024-12-20T11:26:33.799-0800] {dag.py:3239} INFO - Sync 2 DAGs
[2024-12-20T11:26:33.804-0800] {logging_mixin.py:190} INFO - [2024-12-20T11:26:33.804-0800] {dag.py:4180} INFO - Setting next_dagrun for example_subdag_operator.section-1 to None, run_after=None
[2024-12-20T11:26:33.804-0800] {logging_mixin.py:190} INFO - [2024-12-20T11:26:33.804-0800] {dag.py:4180} INFO - Setting next_dagrun for example_subdag_operator.section-2 to None, run_after=None
[2024-12-20T11:26:33.816-0800] {processor.py:208} INFO - Processing /Users/rishukhurana/anaconda3/lib/python3.11/site-packages/airflow/example_dags/example_subdag_operator.py took 0.848 seconds
[2024-12-20T11:29:31.588-0800] {processor.py:186} INFO - Started process (PID=73639) to work on /Users/rishukhurana/anaconda3/lib/python3.11/site-packages/airflow/example_dags/example_subdag_operator.py
[2024-12-20T11:29:31.591-0800] {processor.py:914} INFO - Processing file /Users/rishukhurana/anaconda3/lib/python3.11/site-packages/airflow/example_dags/example_subdag_operator.py for tasks to queue
[2024-12-20T11:29:31.592-0800] {logging_mixin.py:190} INFO - [2024-12-20T11:29:31.592-0800] {dagbag.py:588} INFO - Filling up the DagBag from /Users/rishukhurana/anaconda3/lib/python3.11/site-packages/airflow/example_dags/example_subdag_operator.py
[2024-12-20T11:29:31.678-0800] {processor.py:925} INFO - DAG(s) 'example_subdag_operator.section-1', 'example_subdag_operator.section-2', 'example_subdag_operator' retrieved from /Users/rishukhurana/anaconda3/lib/python3.11/site-packages/airflow/example_dags/example_subdag_operator.py
[2024-12-20T11:29:32.019-0800] {logging_mixin.py:190} INFO - [2024-12-20T11:29:32.019-0800] {utils.py:160} INFO - NumExpr defaulting to 8 threads.
[2024-12-20T11:29:32.344-0800] {logging_mixin.py:190} INFO - [2024-12-20T11:29:32.344-0800] {dag.py:3239} INFO - Sync 3 DAGs
[2024-12-20T11:29:32.359-0800] {logging_mixin.py:190} INFO - [2024-12-20T11:29:32.358-0800] {dag.py:4180} INFO - Setting next_dagrun for example_subdag_operator to 2022-01-01 00:00:00+00:00, run_after=2022-01-01 00:00:00+00:00
[2024-12-20T11:29:32.362-0800] {logging_mixin.py:190} INFO - [2024-12-20T11:29:32.362-0800] {dag.py:4180} INFO - Setting next_dagrun for example_subdag_operator.section-1 to None, run_after=None
[2024-12-20T11:29:32.363-0800] {logging_mixin.py:190} INFO - [2024-12-20T11:29:32.363-0800] {dag.py:4180} INFO - Setting next_dagrun for example_subdag_operator.section-2 to None, run_after=None
[2024-12-20T11:29:32.367-0800] {logging_mixin.py:190} INFO - [2024-12-20T11:29:32.367-0800] {dag.py:3239} INFO - Sync 2 DAGs
[2024-12-20T11:29:32.372-0800] {logging_mixin.py:190} INFO - [2024-12-20T11:29:32.372-0800] {dag.py:4180} INFO - Setting next_dagrun for example_subdag_operator.section-1 to None, run_after=None
[2024-12-20T11:29:32.372-0800] {logging_mixin.py:190} INFO - [2024-12-20T11:29:32.372-0800] {dag.py:4180} INFO - Setting next_dagrun for example_subdag_operator.section-2 to None, run_after=None
[2024-12-20T11:29:32.384-0800] {processor.py:208} INFO - Processing /Users/rishukhurana/anaconda3/lib/python3.11/site-packages/airflow/example_dags/example_subdag_operator.py took 0.801 seconds
[2024-12-20T11:32:36.192-0800] {processor.py:186} INFO - Started process (PID=73798) to work on /Users/rishukhurana/anaconda3/lib/python3.11/site-packages/airflow/example_dags/example_subdag_operator.py
[2024-12-20T11:32:36.194-0800] {processor.py:914} INFO - Processing file /Users/rishukhurana/anaconda3/lib/python3.11/site-packages/airflow/example_dags/example_subdag_operator.py for tasks to queue
[2024-12-20T11:32:36.195-0800] {logging_mixin.py:190} INFO - [2024-12-20T11:32:36.195-0800] {dagbag.py:588} INFO - Filling up the DagBag from /Users/rishukhurana/anaconda3/lib/python3.11/site-packages/airflow/example_dags/example_subdag_operator.py
[2024-12-20T11:32:36.284-0800] {processor.py:925} INFO - DAG(s) 'example_subdag_operator.section-1', 'example_subdag_operator.section-2', 'example_subdag_operator' retrieved from /Users/rishukhurana/anaconda3/lib/python3.11/site-packages/airflow/example_dags/example_subdag_operator.py
[2024-12-20T11:32:36.637-0800] {logging_mixin.py:190} INFO - [2024-12-20T11:32:36.637-0800] {utils.py:160} INFO - NumExpr defaulting to 8 threads.
[2024-12-20T11:32:36.983-0800] {logging_mixin.py:190} INFO - [2024-12-20T11:32:36.982-0800] {dag.py:3239} INFO - Sync 3 DAGs
[2024-12-20T11:32:36.997-0800] {logging_mixin.py:190} INFO - [2024-12-20T11:32:36.997-0800] {dag.py:4180} INFO - Setting next_dagrun for example_subdag_operator to 2022-01-01 00:00:00+00:00, run_after=2022-01-01 00:00:00+00:00
[2024-12-20T11:32:37.001-0800] {logging_mixin.py:190} INFO - [2024-12-20T11:32:37.001-0800] {dag.py:4180} INFO - Setting next_dagrun for example_subdag_operator.section-1 to None, run_after=None
[2024-12-20T11:32:37.002-0800] {logging_mixin.py:190} INFO - [2024-12-20T11:32:37.002-0800] {dag.py:4180} INFO - Setting next_dagrun for example_subdag_operator.section-2 to None, run_after=None
[2024-12-20T11:32:37.006-0800] {logging_mixin.py:190} INFO - [2024-12-20T11:32:37.006-0800] {dag.py:3239} INFO - Sync 2 DAGs
[2024-12-20T11:32:37.009-0800] {logging_mixin.py:190} INFO - [2024-12-20T11:32:37.009-0800] {dag.py:4180} INFO - Setting next_dagrun for example_subdag_operator.section-1 to None, run_after=None
[2024-12-20T11:32:37.010-0800] {logging_mixin.py:190} INFO - [2024-12-20T11:32:37.010-0800] {dag.py:4180} INFO - Setting next_dagrun for example_subdag_operator.section-2 to None, run_after=None
[2024-12-20T11:32:37.021-0800] {processor.py:208} INFO - Processing /Users/rishukhurana/anaconda3/lib/python3.11/site-packages/airflow/example_dags/example_subdag_operator.py took 0.836 seconds
[2024-12-20T11:35:39.386-0800] {processor.py:186} INFO - Started process (PID=73944) to work on /Users/rishukhurana/anaconda3/lib/python3.11/site-packages/airflow/example_dags/example_subdag_operator.py
[2024-12-20T11:35:39.389-0800] {processor.py:914} INFO - Processing file /Users/rishukhurana/anaconda3/lib/python3.11/site-packages/airflow/example_dags/example_subdag_operator.py for tasks to queue
[2024-12-20T11:35:39.391-0800] {logging_mixin.py:190} INFO - [2024-12-20T11:35:39.390-0800] {dagbag.py:588} INFO - Filling up the DagBag from /Users/rishukhurana/anaconda3/lib/python3.11/site-packages/airflow/example_dags/example_subdag_operator.py
[2024-12-20T11:35:39.482-0800] {processor.py:925} INFO - DAG(s) 'example_subdag_operator.section-1', 'example_subdag_operator.section-2', 'example_subdag_operator' retrieved from /Users/rishukhurana/anaconda3/lib/python3.11/site-packages/airflow/example_dags/example_subdag_operator.py
[2024-12-20T11:35:39.910-0800] {logging_mixin.py:190} INFO - [2024-12-20T11:35:39.910-0800] {utils.py:160} INFO - NumExpr defaulting to 8 threads.
[2024-12-20T11:35:40.433-0800] {logging_mixin.py:190} INFO - [2024-12-20T11:35:40.432-0800] {dag.py:3239} INFO - Sync 3 DAGs
[2024-12-20T11:35:40.448-0800] {logging_mixin.py:190} INFO - [2024-12-20T11:35:40.447-0800] {dag.py:4180} INFO - Setting next_dagrun for example_subdag_operator to 2022-01-01 00:00:00+00:00, run_after=2022-01-01 00:00:00+00:00
[2024-12-20T11:35:40.451-0800] {logging_mixin.py:190} INFO - [2024-12-20T11:35:40.451-0800] {dag.py:4180} INFO - Setting next_dagrun for example_subdag_operator.section-1 to None, run_after=None
[2024-12-20T11:35:40.452-0800] {logging_mixin.py:190} INFO - [2024-12-20T11:35:40.452-0800] {dag.py:4180} INFO - Setting next_dagrun for example_subdag_operator.section-2 to None, run_after=None
[2024-12-20T11:35:40.456-0800] {logging_mixin.py:190} INFO - [2024-12-20T11:35:40.456-0800] {dag.py:3239} INFO - Sync 2 DAGs
[2024-12-20T11:35:40.460-0800] {logging_mixin.py:190} INFO - [2024-12-20T11:35:40.459-0800] {dag.py:4180} INFO - Setting next_dagrun for example_subdag_operator.section-1 to None, run_after=None
[2024-12-20T11:35:40.460-0800] {logging_mixin.py:190} INFO - [2024-12-20T11:35:40.460-0800] {dag.py:4180} INFO - Setting next_dagrun for example_subdag_operator.section-2 to None, run_after=None
[2024-12-20T11:35:40.472-0800] {processor.py:208} INFO - Processing /Users/rishukhurana/anaconda3/lib/python3.11/site-packages/airflow/example_dags/example_subdag_operator.py took 1.092 seconds
[2024-12-20T11:38:37.708-0800] {processor.py:186} INFO - Started process (PID=74087) to work on /Users/rishukhurana/anaconda3/lib/python3.11/site-packages/airflow/example_dags/example_subdag_operator.py
[2024-12-20T11:38:37.710-0800] {processor.py:914} INFO - Processing file /Users/rishukhurana/anaconda3/lib/python3.11/site-packages/airflow/example_dags/example_subdag_operator.py for tasks to queue
[2024-12-20T11:38:37.712-0800] {logging_mixin.py:190} INFO - [2024-12-20T11:38:37.711-0800] {dagbag.py:588} INFO - Filling up the DagBag from /Users/rishukhurana/anaconda3/lib/python3.11/site-packages/airflow/example_dags/example_subdag_operator.py
[2024-12-20T11:38:37.800-0800] {processor.py:925} INFO - DAG(s) 'example_subdag_operator.section-1', 'example_subdag_operator.section-2', 'example_subdag_operator' retrieved from /Users/rishukhurana/anaconda3/lib/python3.11/site-packages/airflow/example_dags/example_subdag_operator.py
[2024-12-20T11:38:38.155-0800] {logging_mixin.py:190} INFO - [2024-12-20T11:38:38.155-0800] {utils.py:160} INFO - NumExpr defaulting to 8 threads.
[2024-12-20T11:38:38.496-0800] {logging_mixin.py:190} INFO - [2024-12-20T11:38:38.496-0800] {dag.py:3239} INFO - Sync 3 DAGs
[2024-12-20T11:38:38.511-0800] {logging_mixin.py:190} INFO - [2024-12-20T11:38:38.511-0800] {dag.py:4180} INFO - Setting next_dagrun for example_subdag_operator to 2022-01-01 00:00:00+00:00, run_after=2022-01-01 00:00:00+00:00
[2024-12-20T11:38:38.515-0800] {logging_mixin.py:190} INFO - [2024-12-20T11:38:38.514-0800] {dag.py:4180} INFO - Setting next_dagrun for example_subdag_operator.section-1 to None, run_after=None
[2024-12-20T11:38:38.515-0800] {logging_mixin.py:190} INFO - [2024-12-20T11:38:38.515-0800] {dag.py:4180} INFO - Setting next_dagrun for example_subdag_operator.section-2 to None, run_after=None
[2024-12-20T11:38:38.520-0800] {logging_mixin.py:190} INFO - [2024-12-20T11:38:38.519-0800] {dag.py:3239} INFO - Sync 2 DAGs
[2024-12-20T11:38:38.523-0800] {logging_mixin.py:190} INFO - [2024-12-20T11:38:38.523-0800] {dag.py:4180} INFO - Setting next_dagrun for example_subdag_operator.section-1 to None, run_after=None
[2024-12-20T11:38:38.523-0800] {logging_mixin.py:190} INFO - [2024-12-20T11:38:38.523-0800] {dag.py:4180} INFO - Setting next_dagrun for example_subdag_operator.section-2 to None, run_after=None
[2024-12-20T11:38:38.536-0800] {processor.py:208} INFO - Processing /Users/rishukhurana/anaconda3/lib/python3.11/site-packages/airflow/example_dags/example_subdag_operator.py took 0.836 seconds
[2024-12-20T11:57:17.639-0800] {processor.py:186} INFO - Started process (PID=74271) to work on /Users/rishukhurana/anaconda3/lib/python3.11/site-packages/airflow/example_dags/example_subdag_operator.py
[2024-12-20T11:57:17.641-0800] {processor.py:914} INFO - Processing file /Users/rishukhurana/anaconda3/lib/python3.11/site-packages/airflow/example_dags/example_subdag_operator.py for tasks to queue
[2024-12-20T11:57:17.642-0800] {logging_mixin.py:190} INFO - [2024-12-20T11:57:17.642-0800] {dagbag.py:588} INFO - Filling up the DagBag from /Users/rishukhurana/anaconda3/lib/python3.11/site-packages/airflow/example_dags/example_subdag_operator.py
[2024-12-20T11:57:17.737-0800] {processor.py:925} INFO - DAG(s) 'example_subdag_operator.section-1', 'example_subdag_operator.section-2', 'example_subdag_operator' retrieved from /Users/rishukhurana/anaconda3/lib/python3.11/site-packages/airflow/example_dags/example_subdag_operator.py
[2024-12-20T11:57:18.228-0800] {logging_mixin.py:190} INFO - [2024-12-20T11:57:18.227-0800] {utils.py:160} INFO - NumExpr defaulting to 8 threads.
[2024-12-20T11:57:18.792-0800] {logging_mixin.py:190} INFO - [2024-12-20T11:57:18.792-0800] {dag.py:3239} INFO - Sync 3 DAGs
[2024-12-20T11:57:18.807-0800] {logging_mixin.py:190} INFO - [2024-12-20T11:57:18.806-0800] {dag.py:4180} INFO - Setting next_dagrun for example_subdag_operator to 2022-01-01 00:00:00+00:00, run_after=2022-01-01 00:00:00+00:00
[2024-12-20T11:57:18.811-0800] {logging_mixin.py:190} INFO - [2024-12-20T11:57:18.811-0800] {dag.py:4180} INFO - Setting next_dagrun for example_subdag_operator.section-1 to None, run_after=None
[2024-12-20T11:57:18.812-0800] {logging_mixin.py:190} INFO - [2024-12-20T11:57:18.812-0800] {dag.py:4180} INFO - Setting next_dagrun for example_subdag_operator.section-2 to None, run_after=None
[2024-12-20T11:57:18.816-0800] {logging_mixin.py:190} INFO - [2024-12-20T11:57:18.816-0800] {dag.py:3239} INFO - Sync 2 DAGs
[2024-12-20T11:57:18.820-0800] {logging_mixin.py:190} INFO - [2024-12-20T11:57:18.819-0800] {dag.py:4180} INFO - Setting next_dagrun for example_subdag_operator.section-1 to None, run_after=None
[2024-12-20T11:57:18.820-0800] {logging_mixin.py:190} INFO - [2024-12-20T11:57:18.820-0800] {dag.py:4180} INFO - Setting next_dagrun for example_subdag_operator.section-2 to None, run_after=None
[2024-12-20T11:57:18.832-0800] {processor.py:208} INFO - Processing /Users/rishukhurana/anaconda3/lib/python3.11/site-packages/airflow/example_dags/example_subdag_operator.py took 1.197 seconds
[2024-12-20T12:00:41.003-0800] {processor.py:186} INFO - Started process (PID=74436) to work on /Users/rishukhurana/anaconda3/lib/python3.11/site-packages/airflow/example_dags/example_subdag_operator.py
[2024-12-20T12:00:41.007-0800] {processor.py:914} INFO - Processing file /Users/rishukhurana/anaconda3/lib/python3.11/site-packages/airflow/example_dags/example_subdag_operator.py for tasks to queue
[2024-12-20T12:00:41.009-0800] {logging_mixin.py:190} INFO - [2024-12-20T12:00:41.008-0800] {dagbag.py:588} INFO - Filling up the DagBag from /Users/rishukhurana/anaconda3/lib/python3.11/site-packages/airflow/example_dags/example_subdag_operator.py
[2024-12-20T12:00:41.179-0800] {processor.py:925} INFO - DAG(s) 'example_subdag_operator.section-1', 'example_subdag_operator.section-2', 'example_subdag_operator' retrieved from /Users/rishukhurana/anaconda3/lib/python3.11/site-packages/airflow/example_dags/example_subdag_operator.py
[2024-12-20T12:00:41.976-0800] {logging_mixin.py:190} INFO - [2024-12-20T12:00:41.976-0800] {utils.py:160} INFO - NumExpr defaulting to 8 threads.
[2024-12-20T12:00:42.766-0800] {logging_mixin.py:190} INFO - [2024-12-20T12:00:42.766-0800] {dag.py:3239} INFO - Sync 3 DAGs
[2024-12-20T12:00:42.792-0800] {logging_mixin.py:190} INFO - [2024-12-20T12:00:42.792-0800] {dag.py:4180} INFO - Setting next_dagrun for example_subdag_operator to 2022-01-01 00:00:00+00:00, run_after=2022-01-01 00:00:00+00:00
[2024-12-20T12:00:42.798-0800] {logging_mixin.py:190} INFO - [2024-12-20T12:00:42.798-0800] {dag.py:4180} INFO - Setting next_dagrun for example_subdag_operator.section-1 to None, run_after=None
[2024-12-20T12:00:42.800-0800] {logging_mixin.py:190} INFO - [2024-12-20T12:00:42.800-0800] {dag.py:4180} INFO - Setting next_dagrun for example_subdag_operator.section-2 to None, run_after=None
[2024-12-20T12:00:42.808-0800] {logging_mixin.py:190} INFO - [2024-12-20T12:00:42.808-0800] {dag.py:3239} INFO - Sync 2 DAGs
[2024-12-20T12:00:42.814-0800] {logging_mixin.py:190} INFO - [2024-12-20T12:00:42.813-0800] {dag.py:4180} INFO - Setting next_dagrun for example_subdag_operator.section-1 to None, run_after=None
[2024-12-20T12:00:42.814-0800] {logging_mixin.py:190} INFO - [2024-12-20T12:00:42.814-0800] {dag.py:4180} INFO - Setting next_dagrun for example_subdag_operator.section-2 to None, run_after=None
[2024-12-20T12:00:42.830-0800] {processor.py:208} INFO - Processing /Users/rishukhurana/anaconda3/lib/python3.11/site-packages/airflow/example_dags/example_subdag_operator.py took 1.842 seconds
[2024-12-20T12:06:03.536-0800] {processor.py:186} INFO - Started process (PID=74643) to work on /Users/rishukhurana/anaconda3/lib/python3.11/site-packages/airflow/example_dags/example_subdag_operator.py
[2024-12-20T12:06:03.540-0800] {processor.py:914} INFO - Processing file /Users/rishukhurana/anaconda3/lib/python3.11/site-packages/airflow/example_dags/example_subdag_operator.py for tasks to queue
[2024-12-20T12:06:03.542-0800] {logging_mixin.py:190} INFO - [2024-12-20T12:06:03.541-0800] {dagbag.py:588} INFO - Filling up the DagBag from /Users/rishukhurana/anaconda3/lib/python3.11/site-packages/airflow/example_dags/example_subdag_operator.py
[2024-12-20T12:06:03.705-0800] {processor.py:925} INFO - DAG(s) 'example_subdag_operator.section-1', 'example_subdag_operator.section-2', 'example_subdag_operator' retrieved from /Users/rishukhurana/anaconda3/lib/python3.11/site-packages/airflow/example_dags/example_subdag_operator.py
[2024-12-20T12:06:04.391-0800] {logging_mixin.py:190} INFO - [2024-12-20T12:06:04.390-0800] {utils.py:160} INFO - NumExpr defaulting to 8 threads.
[2024-12-20T12:06:05.011-0800] {logging_mixin.py:190} INFO - [2024-12-20T12:06:05.011-0800] {dag.py:3239} INFO - Sync 3 DAGs
[2024-12-20T12:06:05.038-0800] {logging_mixin.py:190} INFO - [2024-12-20T12:06:05.038-0800] {dag.py:4180} INFO - Setting next_dagrun for example_subdag_operator to 2022-01-01 00:00:00+00:00, run_after=2022-01-01 00:00:00+00:00
[2024-12-20T12:06:05.045-0800] {logging_mixin.py:190} INFO - [2024-12-20T12:06:05.044-0800] {dag.py:4180} INFO - Setting next_dagrun for example_subdag_operator.section-1 to None, run_after=None
[2024-12-20T12:06:05.046-0800] {logging_mixin.py:190} INFO - [2024-12-20T12:06:05.046-0800] {dag.py:4180} INFO - Setting next_dagrun for example_subdag_operator.section-2 to None, run_after=None
[2024-12-20T12:06:05.057-0800] {logging_mixin.py:190} INFO - [2024-12-20T12:06:05.056-0800] {dag.py:3239} INFO - Sync 2 DAGs
[2024-12-20T12:06:05.063-0800] {logging_mixin.py:190} INFO - [2024-12-20T12:06:05.062-0800] {dag.py:4180} INFO - Setting next_dagrun for example_subdag_operator.section-1 to None, run_after=None
[2024-12-20T12:06:05.063-0800] {logging_mixin.py:190} INFO - [2024-12-20T12:06:05.063-0800] {dag.py:4180} INFO - Setting next_dagrun for example_subdag_operator.section-2 to None, run_after=None
[2024-12-20T12:06:05.080-0800] {processor.py:208} INFO - Processing /Users/rishukhurana/anaconda3/lib/python3.11/site-packages/airflow/example_dags/example_subdag_operator.py took 1.554 seconds
[2024-12-20T12:11:40.109-0800] {processor.py:186} INFO - Started process (PID=74869) to work on /Users/rishukhurana/anaconda3/lib/python3.11/site-packages/airflow/example_dags/example_subdag_operator.py
[2024-12-20T12:11:40.112-0800] {processor.py:914} INFO - Processing file /Users/rishukhurana/anaconda3/lib/python3.11/site-packages/airflow/example_dags/example_subdag_operator.py for tasks to queue
[2024-12-20T12:11:40.115-0800] {logging_mixin.py:190} INFO - [2024-12-20T12:11:40.115-0800] {dagbag.py:588} INFO - Filling up the DagBag from /Users/rishukhurana/anaconda3/lib/python3.11/site-packages/airflow/example_dags/example_subdag_operator.py
[2024-12-20T12:11:40.380-0800] {processor.py:925} INFO - DAG(s) 'example_subdag_operator.section-1', 'example_subdag_operator.section-2', 'example_subdag_operator' retrieved from /Users/rishukhurana/anaconda3/lib/python3.11/site-packages/airflow/example_dags/example_subdag_operator.py
[2024-12-20T12:11:41.344-0800] {logging_mixin.py:190} INFO - [2024-12-20T12:11:41.343-0800] {utils.py:160} INFO - NumExpr defaulting to 8 threads.
[2024-12-20T12:11:42.158-0800] {logging_mixin.py:190} INFO - [2024-12-20T12:11:42.157-0800] {dag.py:3239} INFO - Sync 3 DAGs
[2024-12-20T12:11:42.191-0800] {logging_mixin.py:190} INFO - [2024-12-20T12:11:42.190-0800] {dag.py:4180} INFO - Setting next_dagrun for example_subdag_operator to 2022-01-01 00:00:00+00:00, run_after=2022-01-01 00:00:00+00:00
[2024-12-20T12:11:42.198-0800] {logging_mixin.py:190} INFO - [2024-12-20T12:11:42.197-0800] {dag.py:4180} INFO - Setting next_dagrun for example_subdag_operator.section-1 to None, run_after=None
[2024-12-20T12:11:42.199-0800] {logging_mixin.py:190} INFO - [2024-12-20T12:11:42.199-0800] {dag.py:4180} INFO - Setting next_dagrun for example_subdag_operator.section-2 to None, run_after=None
[2024-12-20T12:11:42.210-0800] {logging_mixin.py:190} INFO - [2024-12-20T12:11:42.209-0800] {dag.py:3239} INFO - Sync 2 DAGs
[2024-12-20T12:11:42.220-0800] {logging_mixin.py:190} INFO - [2024-12-20T12:11:42.219-0800] {dag.py:4180} INFO - Setting next_dagrun for example_subdag_operator.section-1 to None, run_after=None
[2024-12-20T12:11:42.221-0800] {logging_mixin.py:190} INFO - [2024-12-20T12:11:42.221-0800] {dag.py:4180} INFO - Setting next_dagrun for example_subdag_operator.section-2 to None, run_after=None
[2024-12-20T12:11:42.248-0800] {processor.py:208} INFO - Processing /Users/rishukhurana/anaconda3/lib/python3.11/site-packages/airflow/example_dags/example_subdag_operator.py took 2.156 seconds
