[2024-12-19T16:32:39.571-0800] {processor.py:186} INFO - Started process (PID=68137) to work on /Users/rishukhurana/anaconda3/lib/python3.11/site-packages/airflow/example_dags/tutorial_dag.py
[2024-12-19T16:32:39.573-0800] {processor.py:914} INFO - Processing file /Users/rishukhurana/anaconda3/lib/python3.11/site-packages/airflow/example_dags/tutorial_dag.py for tasks to queue
[2024-12-19T16:32:39.574-0800] {logging_mixin.py:190} INFO - [2024-12-19T16:32:39.574-0800] {dagbag.py:588} INFO - Filling up the DagBag from /Users/rishukhurana/anaconda3/lib/python3.11/site-packages/airflow/example_dags/tutorial_dag.py
[2024-12-19T16:32:39.597-0800] {processor.py:925} INFO - DAG(s) 'tutorial_dag' retrieved from /Users/rishukhurana/anaconda3/lib/python3.11/site-packages/airflow/example_dags/tutorial_dag.py
[2024-12-19T16:32:39.682-0800] {logging_mixin.py:190} INFO - [2024-12-19T16:32:39.681-0800] {dag.py:3239} INFO - Sync 1 DAGs
[2024-12-19T16:32:39.691-0800] {logging_mixin.py:190} INFO - [2024-12-19T16:32:39.691-0800] {dag.py:4180} INFO - Setting next_dagrun for tutorial_dag to None, run_after=None
[2024-12-19T16:32:39.706-0800] {processor.py:208} INFO - Processing /Users/rishukhurana/anaconda3/lib/python3.11/site-packages/airflow/example_dags/tutorial_dag.py took 0.142 seconds
[2024-12-19T19:35:15.336-0800] {processor.py:186} INFO - Started process (PID=68443) to work on /Users/rishukhurana/anaconda3/lib/python3.11/site-packages/airflow/example_dags/tutorial_dag.py
[2024-12-19T19:35:15.354-0800] {processor.py:914} INFO - Processing file /Users/rishukhurana/anaconda3/lib/python3.11/site-packages/airflow/example_dags/tutorial_dag.py for tasks to queue
[2024-12-19T19:35:15.362-0800] {logging_mixin.py:190} INFO - [2024-12-19T19:35:15.360-0800] {dagbag.py:588} INFO - Filling up the DagBag from /Users/rishukhurana/anaconda3/lib/python3.11/site-packages/airflow/example_dags/tutorial_dag.py
[2024-12-19T19:35:15.639-0800] {processor.py:925} INFO - DAG(s) 'tutorial_dag' retrieved from /Users/rishukhurana/anaconda3/lib/python3.11/site-packages/airflow/example_dags/tutorial_dag.py
[2024-12-19T19:35:16.558-0800] {logging_mixin.py:190} INFO - [2024-12-19T19:35:16.556-0800] {dag.py:3239} INFO - Sync 1 DAGs
[2024-12-19T19:35:16.654-0800] {logging_mixin.py:190} INFO - [2024-12-19T19:35:16.651-0800] {dag.py:4180} INFO - Setting next_dagrun for tutorial_dag to None, run_after=None
[2024-12-19T19:35:16.789-0800] {processor.py:208} INFO - Processing /Users/rishukhurana/anaconda3/lib/python3.11/site-packages/airflow/example_dags/tutorial_dag.py took 1.506 seconds
[2024-12-19T22:51:39.683-0800] {processor.py:186} INFO - Started process (PID=68727) to work on /Users/rishukhurana/anaconda3/lib/python3.11/site-packages/airflow/example_dags/tutorial_dag.py
[2024-12-19T22:51:39.685-0800] {processor.py:914} INFO - Processing file /Users/rishukhurana/anaconda3/lib/python3.11/site-packages/airflow/example_dags/tutorial_dag.py for tasks to queue
[2024-12-19T22:51:39.686-0800] {logging_mixin.py:190} INFO - [2024-12-19T22:51:39.686-0800] {dagbag.py:588} INFO - Filling up the DagBag from /Users/rishukhurana/anaconda3/lib/python3.11/site-packages/airflow/example_dags/tutorial_dag.py
[2024-12-19T22:51:39.707-0800] {processor.py:925} INFO - DAG(s) 'tutorial_dag' retrieved from /Users/rishukhurana/anaconda3/lib/python3.11/site-packages/airflow/example_dags/tutorial_dag.py
[2024-12-19T22:51:39.784-0800] {logging_mixin.py:190} INFO - [2024-12-19T22:51:39.784-0800] {dag.py:3239} INFO - Sync 1 DAGs
[2024-12-19T22:51:39.793-0800] {logging_mixin.py:190} INFO - [2024-12-19T22:51:39.793-0800] {dag.py:4180} INFO - Setting next_dagrun for tutorial_dag to None, run_after=None
[2024-12-19T22:51:39.810-0800] {processor.py:208} INFO - Processing /Users/rishukhurana/anaconda3/lib/python3.11/site-packages/airflow/example_dags/tutorial_dag.py took 0.134 seconds
[2024-12-20T02:55:12.696-0800] {processor.py:186} INFO - Started process (PID=68925) to work on /Users/rishukhurana/anaconda3/lib/python3.11/site-packages/airflow/example_dags/tutorial_dag.py
[2024-12-20T02:55:12.699-0800] {processor.py:914} INFO - Processing file /Users/rishukhurana/anaconda3/lib/python3.11/site-packages/airflow/example_dags/tutorial_dag.py for tasks to queue
[2024-12-20T02:55:12.700-0800] {logging_mixin.py:190} INFO - [2024-12-20T02:55:12.700-0800] {dagbag.py:588} INFO - Filling up the DagBag from /Users/rishukhurana/anaconda3/lib/python3.11/site-packages/airflow/example_dags/tutorial_dag.py
[2024-12-20T02:55:12.721-0800] {processor.py:925} INFO - DAG(s) 'tutorial_dag' retrieved from /Users/rishukhurana/anaconda3/lib/python3.11/site-packages/airflow/example_dags/tutorial_dag.py
[2024-12-20T02:55:12.799-0800] {logging_mixin.py:190} INFO - [2024-12-20T02:55:12.799-0800] {dag.py:3239} INFO - Sync 1 DAGs
[2024-12-20T02:55:12.808-0800] {logging_mixin.py:190} INFO - [2024-12-20T02:55:12.807-0800] {dag.py:4180} INFO - Setting next_dagrun for tutorial_dag to None, run_after=None
[2024-12-20T02:55:12.826-0800] {processor.py:208} INFO - Processing /Users/rishukhurana/anaconda3/lib/python3.11/site-packages/airflow/example_dags/tutorial_dag.py took 0.137 seconds
[2024-12-20T08:34:10.481-0800] {processor.py:186} INFO - Started process (PID=69182) to work on /Users/rishukhurana/anaconda3/lib/python3.11/site-packages/airflow/example_dags/tutorial_dag.py
[2024-12-20T08:34:10.483-0800] {processor.py:914} INFO - Processing file /Users/rishukhurana/anaconda3/lib/python3.11/site-packages/airflow/example_dags/tutorial_dag.py for tasks to queue
[2024-12-20T08:34:10.484-0800] {logging_mixin.py:190} INFO - [2024-12-20T08:34:10.484-0800] {dagbag.py:588} INFO - Filling up the DagBag from /Users/rishukhurana/anaconda3/lib/python3.11/site-packages/airflow/example_dags/tutorial_dag.py
[2024-12-20T08:34:10.507-0800] {processor.py:925} INFO - DAG(s) 'tutorial_dag' retrieved from /Users/rishukhurana/anaconda3/lib/python3.11/site-packages/airflow/example_dags/tutorial_dag.py
[2024-12-20T08:34:10.588-0800] {logging_mixin.py:190} INFO - [2024-12-20T08:34:10.588-0800] {dag.py:3239} INFO - Sync 1 DAGs
[2024-12-20T08:34:10.597-0800] {logging_mixin.py:190} INFO - [2024-12-20T08:34:10.596-0800] {dag.py:4180} INFO - Setting next_dagrun for tutorial_dag to None, run_after=None
[2024-12-20T08:34:10.620-0800] {processor.py:208} INFO - Processing /Users/rishukhurana/anaconda3/lib/python3.11/site-packages/airflow/example_dags/tutorial_dag.py took 0.146 seconds
[2024-12-20T09:20:17.549-0800] {processor.py:186} INFO - Started process (PID=69383) to work on /Users/rishukhurana/anaconda3/lib/python3.11/site-packages/airflow/example_dags/tutorial_dag.py
[2024-12-20T09:20:17.551-0800] {processor.py:914} INFO - Processing file /Users/rishukhurana/anaconda3/lib/python3.11/site-packages/airflow/example_dags/tutorial_dag.py for tasks to queue
[2024-12-20T09:20:17.552-0800] {logging_mixin.py:190} INFO - [2024-12-20T09:20:17.552-0800] {dagbag.py:588} INFO - Filling up the DagBag from /Users/rishukhurana/anaconda3/lib/python3.11/site-packages/airflow/example_dags/tutorial_dag.py
[2024-12-20T09:20:17.573-0800] {processor.py:925} INFO - DAG(s) 'tutorial_dag' retrieved from /Users/rishukhurana/anaconda3/lib/python3.11/site-packages/airflow/example_dags/tutorial_dag.py
[2024-12-20T09:20:17.651-0800] {logging_mixin.py:190} INFO - [2024-12-20T09:20:17.651-0800] {dag.py:3239} INFO - Sync 1 DAGs
[2024-12-20T09:20:17.659-0800] {logging_mixin.py:190} INFO - [2024-12-20T09:20:17.659-0800] {dag.py:4180} INFO - Setting next_dagrun for tutorial_dag to None, run_after=None
[2024-12-20T09:20:17.677-0800] {processor.py:208} INFO - Processing /Users/rishukhurana/anaconda3/lib/python3.11/site-packages/airflow/example_dags/tutorial_dag.py took 0.134 seconds
[2024-12-20T10:09:35.879-0800] {processor.py:186} INFO - Started process (PID=69606) to work on /Users/rishukhurana/anaconda3/lib/python3.11/site-packages/airflow/example_dags/tutorial_dag.py
[2024-12-20T10:09:35.881-0800] {processor.py:914} INFO - Processing file /Users/rishukhurana/anaconda3/lib/python3.11/site-packages/airflow/example_dags/tutorial_dag.py for tasks to queue
[2024-12-20T10:09:35.884-0800] {logging_mixin.py:190} INFO - [2024-12-20T10:09:35.883-0800] {dagbag.py:588} INFO - Filling up the DagBag from /Users/rishukhurana/anaconda3/lib/python3.11/site-packages/airflow/example_dags/tutorial_dag.py
[2024-12-20T10:09:35.917-0800] {processor.py:925} INFO - DAG(s) 'tutorial_dag' retrieved from /Users/rishukhurana/anaconda3/lib/python3.11/site-packages/airflow/example_dags/tutorial_dag.py
[2024-12-20T10:09:36.035-0800] {logging_mixin.py:190} INFO - [2024-12-20T10:09:36.034-0800] {dag.py:3239} INFO - Sync 1 DAGs
[2024-12-20T10:09:36.047-0800] {logging_mixin.py:190} INFO - [2024-12-20T10:09:36.046-0800] {dag.py:4180} INFO - Setting next_dagrun for tutorial_dag to None, run_after=None
[2024-12-20T10:09:36.066-0800] {processor.py:208} INFO - Processing /Users/rishukhurana/anaconda3/lib/python3.11/site-packages/airflow/example_dags/tutorial_dag.py took 0.194 seconds
[2024-12-20T10:13:16.014-0800] {processor.py:186} INFO - Started process (PID=69789) to work on /Users/rishukhurana/anaconda3/lib/python3.11/site-packages/airflow/example_dags/tutorial_dag.py
[2024-12-20T10:13:16.017-0800] {processor.py:914} INFO - Processing file /Users/rishukhurana/anaconda3/lib/python3.11/site-packages/airflow/example_dags/tutorial_dag.py for tasks to queue
[2024-12-20T10:13:16.018-0800] {logging_mixin.py:190} INFO - [2024-12-20T10:13:16.018-0800] {dagbag.py:588} INFO - Filling up the DagBag from /Users/rishukhurana/anaconda3/lib/python3.11/site-packages/airflow/example_dags/tutorial_dag.py
[2024-12-20T10:13:16.043-0800] {processor.py:925} INFO - DAG(s) 'tutorial_dag' retrieved from /Users/rishukhurana/anaconda3/lib/python3.11/site-packages/airflow/example_dags/tutorial_dag.py
[2024-12-20T10:13:16.138-0800] {logging_mixin.py:190} INFO - [2024-12-20T10:13:16.138-0800] {dag.py:3239} INFO - Sync 1 DAGs
[2024-12-20T10:13:16.147-0800] {logging_mixin.py:190} INFO - [2024-12-20T10:13:16.147-0800] {dag.py:4180} INFO - Setting next_dagrun for tutorial_dag to None, run_after=None
[2024-12-20T10:13:16.162-0800] {processor.py:208} INFO - Processing /Users/rishukhurana/anaconda3/lib/python3.11/site-packages/airflow/example_dags/tutorial_dag.py took 0.152 seconds
[2024-12-20T10:16:28.229-0800] {processor.py:186} INFO - Started process (PID=69957) to work on /Users/rishukhurana/anaconda3/lib/python3.11/site-packages/airflow/example_dags/tutorial_dag.py
[2024-12-20T10:16:28.231-0800] {processor.py:914} INFO - Processing file /Users/rishukhurana/anaconda3/lib/python3.11/site-packages/airflow/example_dags/tutorial_dag.py for tasks to queue
[2024-12-20T10:16:28.233-0800] {logging_mixin.py:190} INFO - [2024-12-20T10:16:28.233-0800] {dagbag.py:588} INFO - Filling up the DagBag from /Users/rishukhurana/anaconda3/lib/python3.11/site-packages/airflow/example_dags/tutorial_dag.py
[2024-12-20T10:16:28.268-0800] {processor.py:925} INFO - DAG(s) 'tutorial_dag' retrieved from /Users/rishukhurana/anaconda3/lib/python3.11/site-packages/airflow/example_dags/tutorial_dag.py
[2024-12-20T10:16:28.368-0800] {logging_mixin.py:190} INFO - [2024-12-20T10:16:28.368-0800] {dag.py:3239} INFO - Sync 1 DAGs
[2024-12-20T10:16:28.379-0800] {logging_mixin.py:190} INFO - [2024-12-20T10:16:28.379-0800] {dag.py:4180} INFO - Setting next_dagrun for tutorial_dag to None, run_after=None
[2024-12-20T10:16:28.397-0800] {processor.py:208} INFO - Processing /Users/rishukhurana/anaconda3/lib/python3.11/site-packages/airflow/example_dags/tutorial_dag.py took 0.177 seconds
[2024-12-20T10:19:32.964-0800] {processor.py:186} INFO - Started process (PID=70124) to work on /Users/rishukhurana/anaconda3/lib/python3.11/site-packages/airflow/example_dags/tutorial_dag.py
[2024-12-20T10:19:32.967-0800] {processor.py:914} INFO - Processing file /Users/rishukhurana/anaconda3/lib/python3.11/site-packages/airflow/example_dags/tutorial_dag.py for tasks to queue
[2024-12-20T10:19:32.969-0800] {logging_mixin.py:190} INFO - [2024-12-20T10:19:32.969-0800] {dagbag.py:588} INFO - Filling up the DagBag from /Users/rishukhurana/anaconda3/lib/python3.11/site-packages/airflow/example_dags/tutorial_dag.py
[2024-12-20T10:19:32.994-0800] {processor.py:925} INFO - DAG(s) 'tutorial_dag' retrieved from /Users/rishukhurana/anaconda3/lib/python3.11/site-packages/airflow/example_dags/tutorial_dag.py
[2024-12-20T10:19:33.075-0800] {logging_mixin.py:190} INFO - [2024-12-20T10:19:33.074-0800] {dag.py:3239} INFO - Sync 1 DAGs
[2024-12-20T10:19:33.084-0800] {logging_mixin.py:190} INFO - [2024-12-20T10:19:33.084-0800] {dag.py:4180} INFO - Setting next_dagrun for tutorial_dag to None, run_after=None
[2024-12-20T10:19:33.104-0800] {processor.py:208} INFO - Processing /Users/rishukhurana/anaconda3/lib/python3.11/site-packages/airflow/example_dags/tutorial_dag.py took 0.148 seconds
[2024-12-20T10:22:33.495-0800] {processor.py:186} INFO - Started process (PID=70306) to work on /Users/rishukhurana/anaconda3/lib/python3.11/site-packages/airflow/example_dags/tutorial_dag.py
[2024-12-20T10:22:33.497-0800] {processor.py:914} INFO - Processing file /Users/rishukhurana/anaconda3/lib/python3.11/site-packages/airflow/example_dags/tutorial_dag.py for tasks to queue
[2024-12-20T10:22:33.498-0800] {logging_mixin.py:190} INFO - [2024-12-20T10:22:33.498-0800] {dagbag.py:588} INFO - Filling up the DagBag from /Users/rishukhurana/anaconda3/lib/python3.11/site-packages/airflow/example_dags/tutorial_dag.py
[2024-12-20T10:22:33.521-0800] {processor.py:925} INFO - DAG(s) 'tutorial_dag' retrieved from /Users/rishukhurana/anaconda3/lib/python3.11/site-packages/airflow/example_dags/tutorial_dag.py
[2024-12-20T10:22:33.604-0800] {logging_mixin.py:190} INFO - [2024-12-20T10:22:33.604-0800] {dag.py:3239} INFO - Sync 1 DAGs
[2024-12-20T10:22:33.613-0800] {logging_mixin.py:190} INFO - [2024-12-20T10:22:33.612-0800] {dag.py:4180} INFO - Setting next_dagrun for tutorial_dag to None, run_after=None
[2024-12-20T10:22:33.632-0800] {processor.py:208} INFO - Processing /Users/rishukhurana/anaconda3/lib/python3.11/site-packages/airflow/example_dags/tutorial_dag.py took 0.142 seconds
[2024-12-20T10:25:28.170-0800] {processor.py:186} INFO - Started process (PID=70454) to work on /Users/rishukhurana/anaconda3/lib/python3.11/site-packages/airflow/example_dags/tutorial_dag.py
[2024-12-20T10:25:28.172-0800] {processor.py:914} INFO - Processing file /Users/rishukhurana/anaconda3/lib/python3.11/site-packages/airflow/example_dags/tutorial_dag.py for tasks to queue
[2024-12-20T10:25:28.174-0800] {logging_mixin.py:190} INFO - [2024-12-20T10:25:28.173-0800] {dagbag.py:588} INFO - Filling up the DagBag from /Users/rishukhurana/anaconda3/lib/python3.11/site-packages/airflow/example_dags/tutorial_dag.py
[2024-12-20T10:25:28.204-0800] {processor.py:925} INFO - DAG(s) 'tutorial_dag' retrieved from /Users/rishukhurana/anaconda3/lib/python3.11/site-packages/airflow/example_dags/tutorial_dag.py
[2024-12-20T10:25:28.295-0800] {logging_mixin.py:190} INFO - [2024-12-20T10:25:28.294-0800] {dag.py:3239} INFO - Sync 1 DAGs
[2024-12-20T10:25:28.305-0800] {logging_mixin.py:190} INFO - [2024-12-20T10:25:28.305-0800] {dag.py:4180} INFO - Setting next_dagrun for tutorial_dag to None, run_after=None
[2024-12-20T10:25:28.320-0800] {processor.py:208} INFO - Processing /Users/rishukhurana/anaconda3/lib/python3.11/site-packages/airflow/example_dags/tutorial_dag.py took 0.155 seconds
[2024-12-20T10:28:34.980-0800] {processor.py:186} INFO - Started process (PID=70616) to work on /Users/rishukhurana/anaconda3/lib/python3.11/site-packages/airflow/example_dags/tutorial_dag.py
[2024-12-20T10:28:34.982-0800] {processor.py:914} INFO - Processing file /Users/rishukhurana/anaconda3/lib/python3.11/site-packages/airflow/example_dags/tutorial_dag.py for tasks to queue
[2024-12-20T10:28:34.983-0800] {logging_mixin.py:190} INFO - [2024-12-20T10:28:34.983-0800] {dagbag.py:588} INFO - Filling up the DagBag from /Users/rishukhurana/anaconda3/lib/python3.11/site-packages/airflow/example_dags/tutorial_dag.py
[2024-12-20T10:28:35.005-0800] {processor.py:925} INFO - DAG(s) 'tutorial_dag' retrieved from /Users/rishukhurana/anaconda3/lib/python3.11/site-packages/airflow/example_dags/tutorial_dag.py
[2024-12-20T10:28:35.089-0800] {logging_mixin.py:190} INFO - [2024-12-20T10:28:35.088-0800] {dag.py:3239} INFO - Sync 1 DAGs
[2024-12-20T10:28:35.098-0800] {logging_mixin.py:190} INFO - [2024-12-20T10:28:35.097-0800] {dag.py:4180} INFO - Setting next_dagrun for tutorial_dag to None, run_after=None
[2024-12-20T10:28:35.117-0800] {processor.py:208} INFO - Processing /Users/rishukhurana/anaconda3/lib/python3.11/site-packages/airflow/example_dags/tutorial_dag.py took 0.145 seconds
[2024-12-20T10:31:40.479-0800] {processor.py:186} INFO - Started process (PID=70793) to work on /Users/rishukhurana/anaconda3/lib/python3.11/site-packages/airflow/example_dags/tutorial_dag.py
[2024-12-20T10:31:40.481-0800] {processor.py:914} INFO - Processing file /Users/rishukhurana/anaconda3/lib/python3.11/site-packages/airflow/example_dags/tutorial_dag.py for tasks to queue
[2024-12-20T10:31:40.483-0800] {logging_mixin.py:190} INFO - [2024-12-20T10:31:40.483-0800] {dagbag.py:588} INFO - Filling up the DagBag from /Users/rishukhurana/anaconda3/lib/python3.11/site-packages/airflow/example_dags/tutorial_dag.py
[2024-12-20T10:31:40.510-0800] {processor.py:925} INFO - DAG(s) 'tutorial_dag' retrieved from /Users/rishukhurana/anaconda3/lib/python3.11/site-packages/airflow/example_dags/tutorial_dag.py
[2024-12-20T10:31:40.600-0800] {logging_mixin.py:190} INFO - [2024-12-20T10:31:40.600-0800] {dag.py:3239} INFO - Sync 1 DAGs
[2024-12-20T10:31:40.611-0800] {logging_mixin.py:190} INFO - [2024-12-20T10:31:40.611-0800] {dag.py:4180} INFO - Setting next_dagrun for tutorial_dag to None, run_after=None
[2024-12-20T10:31:40.628-0800] {processor.py:208} INFO - Processing /Users/rishukhurana/anaconda3/lib/python3.11/site-packages/airflow/example_dags/tutorial_dag.py took 0.157 seconds
[2024-12-20T10:34:48.551-0800] {processor.py:186} INFO - Started process (PID=70943) to work on /Users/rishukhurana/anaconda3/lib/python3.11/site-packages/airflow/example_dags/tutorial_dag.py
[2024-12-20T10:34:48.553-0800] {processor.py:914} INFO - Processing file /Users/rishukhurana/anaconda3/lib/python3.11/site-packages/airflow/example_dags/tutorial_dag.py for tasks to queue
[2024-12-20T10:34:48.554-0800] {logging_mixin.py:190} INFO - [2024-12-20T10:34:48.554-0800] {dagbag.py:588} INFO - Filling up the DagBag from /Users/rishukhurana/anaconda3/lib/python3.11/site-packages/airflow/example_dags/tutorial_dag.py
[2024-12-20T10:34:48.584-0800] {processor.py:925} INFO - DAG(s) 'tutorial_dag' retrieved from /Users/rishukhurana/anaconda3/lib/python3.11/site-packages/airflow/example_dags/tutorial_dag.py
[2024-12-20T10:34:48.677-0800] {logging_mixin.py:190} INFO - [2024-12-20T10:34:48.676-0800] {dag.py:3239} INFO - Sync 1 DAGs
[2024-12-20T10:34:48.686-0800] {logging_mixin.py:190} INFO - [2024-12-20T10:34:48.686-0800] {dag.py:4180} INFO - Setting next_dagrun for tutorial_dag to None, run_after=None
[2024-12-20T10:34:48.704-0800] {processor.py:208} INFO - Processing /Users/rishukhurana/anaconda3/lib/python3.11/site-packages/airflow/example_dags/tutorial_dag.py took 0.159 seconds
[2024-12-20T10:38:05.845-0800] {processor.py:186} INFO - Started process (PID=71133) to work on /Users/rishukhurana/anaconda3/lib/python3.11/site-packages/airflow/example_dags/tutorial_dag.py
[2024-12-20T10:38:05.846-0800] {processor.py:914} INFO - Processing file /Users/rishukhurana/anaconda3/lib/python3.11/site-packages/airflow/example_dags/tutorial_dag.py for tasks to queue
[2024-12-20T10:38:05.849-0800] {logging_mixin.py:190} INFO - [2024-12-20T10:38:05.848-0800] {dagbag.py:588} INFO - Filling up the DagBag from /Users/rishukhurana/anaconda3/lib/python3.11/site-packages/airflow/example_dags/tutorial_dag.py
[2024-12-20T10:38:05.891-0800] {processor.py:925} INFO - DAG(s) 'tutorial_dag' retrieved from /Users/rishukhurana/anaconda3/lib/python3.11/site-packages/airflow/example_dags/tutorial_dag.py
[2024-12-20T10:38:06.016-0800] {logging_mixin.py:190} INFO - [2024-12-20T10:38:06.015-0800] {dag.py:3239} INFO - Sync 1 DAGs
[2024-12-20T10:38:06.026-0800] {logging_mixin.py:190} INFO - [2024-12-20T10:38:06.026-0800] {dag.py:4180} INFO - Setting next_dagrun for tutorial_dag to None, run_after=None
[2024-12-20T10:38:06.044-0800] {processor.py:208} INFO - Processing /Users/rishukhurana/anaconda3/lib/python3.11/site-packages/airflow/example_dags/tutorial_dag.py took 0.212 seconds
[2024-12-20T10:41:19.180-0800] {processor.py:186} INFO - Started process (PID=71289) to work on /Users/rishukhurana/anaconda3/lib/python3.11/site-packages/airflow/example_dags/tutorial_dag.py
[2024-12-20T10:41:19.182-0800] {processor.py:914} INFO - Processing file /Users/rishukhurana/anaconda3/lib/python3.11/site-packages/airflow/example_dags/tutorial_dag.py for tasks to queue
[2024-12-20T10:41:19.183-0800] {logging_mixin.py:190} INFO - [2024-12-20T10:41:19.183-0800] {dagbag.py:588} INFO - Filling up the DagBag from /Users/rishukhurana/anaconda3/lib/python3.11/site-packages/airflow/example_dags/tutorial_dag.py
[2024-12-20T10:41:19.212-0800] {processor.py:925} INFO - DAG(s) 'tutorial_dag' retrieved from /Users/rishukhurana/anaconda3/lib/python3.11/site-packages/airflow/example_dags/tutorial_dag.py
[2024-12-20T10:41:19.301-0800] {logging_mixin.py:190} INFO - [2024-12-20T10:41:19.301-0800] {dag.py:3239} INFO - Sync 1 DAGs
[2024-12-20T10:41:19.311-0800] {logging_mixin.py:190} INFO - [2024-12-20T10:41:19.311-0800] {dag.py:4180} INFO - Setting next_dagrun for tutorial_dag to None, run_after=None
[2024-12-20T10:41:19.328-0800] {processor.py:208} INFO - Processing /Users/rishukhurana/anaconda3/lib/python3.11/site-packages/airflow/example_dags/tutorial_dag.py took 0.153 seconds
[2024-12-20T10:44:28.951-0800] {processor.py:186} INFO - Started process (PID=71437) to work on /Users/rishukhurana/anaconda3/lib/python3.11/site-packages/airflow/example_dags/tutorial_dag.py
[2024-12-20T10:44:28.952-0800] {processor.py:914} INFO - Processing file /Users/rishukhurana/anaconda3/lib/python3.11/site-packages/airflow/example_dags/tutorial_dag.py for tasks to queue
[2024-12-20T10:44:28.953-0800] {logging_mixin.py:190} INFO - [2024-12-20T10:44:28.953-0800] {dagbag.py:588} INFO - Filling up the DagBag from /Users/rishukhurana/anaconda3/lib/python3.11/site-packages/airflow/example_dags/tutorial_dag.py
[2024-12-20T10:44:28.980-0800] {processor.py:925} INFO - DAG(s) 'tutorial_dag' retrieved from /Users/rishukhurana/anaconda3/lib/python3.11/site-packages/airflow/example_dags/tutorial_dag.py
[2024-12-20T10:44:29.072-0800] {logging_mixin.py:190} INFO - [2024-12-20T10:44:29.071-0800] {dag.py:3239} INFO - Sync 1 DAGs
[2024-12-20T10:44:29.082-0800] {logging_mixin.py:190} INFO - [2024-12-20T10:44:29.082-0800] {dag.py:4180} INFO - Setting next_dagrun for tutorial_dag to None, run_after=None
[2024-12-20T10:44:29.100-0800] {processor.py:208} INFO - Processing /Users/rishukhurana/anaconda3/lib/python3.11/site-packages/airflow/example_dags/tutorial_dag.py took 0.156 seconds
[2024-12-20T10:47:42.431-0800] {processor.py:186} INFO - Started process (PID=71586) to work on /Users/rishukhurana/anaconda3/lib/python3.11/site-packages/airflow/example_dags/tutorial_dag.py
[2024-12-20T10:47:42.433-0800] {processor.py:914} INFO - Processing file /Users/rishukhurana/anaconda3/lib/python3.11/site-packages/airflow/example_dags/tutorial_dag.py for tasks to queue
[2024-12-20T10:47:42.434-0800] {logging_mixin.py:190} INFO - [2024-12-20T10:47:42.434-0800] {dagbag.py:588} INFO - Filling up the DagBag from /Users/rishukhurana/anaconda3/lib/python3.11/site-packages/airflow/example_dags/tutorial_dag.py
[2024-12-20T10:47:42.460-0800] {processor.py:925} INFO - DAG(s) 'tutorial_dag' retrieved from /Users/rishukhurana/anaconda3/lib/python3.11/site-packages/airflow/example_dags/tutorial_dag.py
[2024-12-20T10:47:42.551-0800] {logging_mixin.py:190} INFO - [2024-12-20T10:47:42.551-0800] {dag.py:3239} INFO - Sync 1 DAGs
[2024-12-20T10:47:42.561-0800] {logging_mixin.py:190} INFO - [2024-12-20T10:47:42.560-0800] {dag.py:4180} INFO - Setting next_dagrun for tutorial_dag to None, run_after=None
[2024-12-20T10:47:42.578-0800] {processor.py:208} INFO - Processing /Users/rishukhurana/anaconda3/lib/python3.11/site-packages/airflow/example_dags/tutorial_dag.py took 0.154 seconds
[2024-12-20T10:50:57.062-0800] {processor.py:186} INFO - Started process (PID=71744) to work on /Users/rishukhurana/anaconda3/lib/python3.11/site-packages/airflow/example_dags/tutorial_dag.py
[2024-12-20T10:50:57.065-0800] {processor.py:914} INFO - Processing file /Users/rishukhurana/anaconda3/lib/python3.11/site-packages/airflow/example_dags/tutorial_dag.py for tasks to queue
[2024-12-20T10:50:57.066-0800] {logging_mixin.py:190} INFO - [2024-12-20T10:50:57.066-0800] {dagbag.py:588} INFO - Filling up the DagBag from /Users/rishukhurana/anaconda3/lib/python3.11/site-packages/airflow/example_dags/tutorial_dag.py
[2024-12-20T10:50:57.093-0800] {processor.py:925} INFO - DAG(s) 'tutorial_dag' retrieved from /Users/rishukhurana/anaconda3/lib/python3.11/site-packages/airflow/example_dags/tutorial_dag.py
[2024-12-20T10:50:57.184-0800] {logging_mixin.py:190} INFO - [2024-12-20T10:50:57.184-0800] {dag.py:3239} INFO - Sync 1 DAGs
[2024-12-20T10:50:57.194-0800] {logging_mixin.py:190} INFO - [2024-12-20T10:50:57.194-0800] {dag.py:4180} INFO - Setting next_dagrun for tutorial_dag to None, run_after=None
[2024-12-20T10:50:57.211-0800] {processor.py:208} INFO - Processing /Users/rishukhurana/anaconda3/lib/python3.11/site-packages/airflow/example_dags/tutorial_dag.py took 0.157 seconds
[2024-12-20T10:54:17.873-0800] {processor.py:186} INFO - Started process (PID=71893) to work on /Users/rishukhurana/anaconda3/lib/python3.11/site-packages/airflow/example_dags/tutorial_dag.py
[2024-12-20T10:54:17.875-0800] {processor.py:914} INFO - Processing file /Users/rishukhurana/anaconda3/lib/python3.11/site-packages/airflow/example_dags/tutorial_dag.py for tasks to queue
[2024-12-20T10:54:17.877-0800] {logging_mixin.py:190} INFO - [2024-12-20T10:54:17.876-0800] {dagbag.py:588} INFO - Filling up the DagBag from /Users/rishukhurana/anaconda3/lib/python3.11/site-packages/airflow/example_dags/tutorial_dag.py
[2024-12-20T10:54:17.905-0800] {processor.py:925} INFO - DAG(s) 'tutorial_dag' retrieved from /Users/rishukhurana/anaconda3/lib/python3.11/site-packages/airflow/example_dags/tutorial_dag.py
[2024-12-20T10:54:17.996-0800] {logging_mixin.py:190} INFO - [2024-12-20T10:54:17.995-0800] {dag.py:3239} INFO - Sync 1 DAGs
[2024-12-20T10:54:18.005-0800] {logging_mixin.py:190} INFO - [2024-12-20T10:54:18.005-0800] {dag.py:4180} INFO - Setting next_dagrun for tutorial_dag to None, run_after=None
[2024-12-20T10:54:18.022-0800] {processor.py:208} INFO - Processing /Users/rishukhurana/anaconda3/lib/python3.11/site-packages/airflow/example_dags/tutorial_dag.py took 0.156 seconds
[2024-12-20T10:57:32.059-0800] {processor.py:186} INFO - Started process (PID=72043) to work on /Users/rishukhurana/anaconda3/lib/python3.11/site-packages/airflow/example_dags/tutorial_dag.py
[2024-12-20T10:57:32.062-0800] {processor.py:914} INFO - Processing file /Users/rishukhurana/anaconda3/lib/python3.11/site-packages/airflow/example_dags/tutorial_dag.py for tasks to queue
[2024-12-20T10:57:32.063-0800] {logging_mixin.py:190} INFO - [2024-12-20T10:57:32.063-0800] {dagbag.py:588} INFO - Filling up the DagBag from /Users/rishukhurana/anaconda3/lib/python3.11/site-packages/airflow/example_dags/tutorial_dag.py
[2024-12-20T10:57:32.089-0800] {processor.py:925} INFO - DAG(s) 'tutorial_dag' retrieved from /Users/rishukhurana/anaconda3/lib/python3.11/site-packages/airflow/example_dags/tutorial_dag.py
[2024-12-20T10:57:32.182-0800] {logging_mixin.py:190} INFO - [2024-12-20T10:57:32.182-0800] {dag.py:3239} INFO - Sync 1 DAGs
[2024-12-20T10:57:32.192-0800] {logging_mixin.py:190} INFO - [2024-12-20T10:57:32.191-0800] {dag.py:4180} INFO - Setting next_dagrun for tutorial_dag to None, run_after=None
[2024-12-20T10:57:32.209-0800] {processor.py:208} INFO - Processing /Users/rishukhurana/anaconda3/lib/python3.11/site-packages/airflow/example_dags/tutorial_dag.py took 0.154 seconds
[2024-12-20T11:00:39.754-0800] {processor.py:186} INFO - Started process (PID=72187) to work on /Users/rishukhurana/anaconda3/lib/python3.11/site-packages/airflow/example_dags/tutorial_dag.py
[2024-12-20T11:00:39.755-0800] {processor.py:914} INFO - Processing file /Users/rishukhurana/anaconda3/lib/python3.11/site-packages/airflow/example_dags/tutorial_dag.py for tasks to queue
[2024-12-20T11:00:39.756-0800] {logging_mixin.py:190} INFO - [2024-12-20T11:00:39.756-0800] {dagbag.py:588} INFO - Filling up the DagBag from /Users/rishukhurana/anaconda3/lib/python3.11/site-packages/airflow/example_dags/tutorial_dag.py
[2024-12-20T11:00:39.782-0800] {processor.py:925} INFO - DAG(s) 'tutorial_dag' retrieved from /Users/rishukhurana/anaconda3/lib/python3.11/site-packages/airflow/example_dags/tutorial_dag.py
[2024-12-20T11:00:39.877-0800] {logging_mixin.py:190} INFO - [2024-12-20T11:00:39.877-0800] {dag.py:3239} INFO - Sync 1 DAGs
[2024-12-20T11:00:39.887-0800] {logging_mixin.py:190} INFO - [2024-12-20T11:00:39.886-0800] {dag.py:4180} INFO - Setting next_dagrun for tutorial_dag to None, run_after=None
[2024-12-20T11:00:39.903-0800] {processor.py:208} INFO - Processing /Users/rishukhurana/anaconda3/lib/python3.11/site-packages/airflow/example_dags/tutorial_dag.py took 0.157 seconds
[2024-12-20T11:03:53.599-0800] {processor.py:186} INFO - Started process (PID=72337) to work on /Users/rishukhurana/anaconda3/lib/python3.11/site-packages/airflow/example_dags/tutorial_dag.py
[2024-12-20T11:03:53.603-0800] {processor.py:914} INFO - Processing file /Users/rishukhurana/anaconda3/lib/python3.11/site-packages/airflow/example_dags/tutorial_dag.py for tasks to queue
[2024-12-20T11:03:53.604-0800] {logging_mixin.py:190} INFO - [2024-12-20T11:03:53.604-0800] {dagbag.py:588} INFO - Filling up the DagBag from /Users/rishukhurana/anaconda3/lib/python3.11/site-packages/airflow/example_dags/tutorial_dag.py
[2024-12-20T11:03:53.631-0800] {processor.py:925} INFO - DAG(s) 'tutorial_dag' retrieved from /Users/rishukhurana/anaconda3/lib/python3.11/site-packages/airflow/example_dags/tutorial_dag.py
[2024-12-20T11:03:53.724-0800] {logging_mixin.py:190} INFO - [2024-12-20T11:03:53.724-0800] {dag.py:3239} INFO - Sync 1 DAGs
[2024-12-20T11:03:53.734-0800] {logging_mixin.py:190} INFO - [2024-12-20T11:03:53.734-0800] {dag.py:4180} INFO - Setting next_dagrun for tutorial_dag to None, run_after=None
[2024-12-20T11:03:53.752-0800] {processor.py:208} INFO - Processing /Users/rishukhurana/anaconda3/lib/python3.11/site-packages/airflow/example_dags/tutorial_dag.py took 0.162 seconds
[2024-12-20T11:07:08.785-0800] {processor.py:186} INFO - Started process (PID=72499) to work on /Users/rishukhurana/anaconda3/lib/python3.11/site-packages/airflow/example_dags/tutorial_dag.py
[2024-12-20T11:07:08.788-0800] {processor.py:914} INFO - Processing file /Users/rishukhurana/anaconda3/lib/python3.11/site-packages/airflow/example_dags/tutorial_dag.py for tasks to queue
[2024-12-20T11:07:08.789-0800] {logging_mixin.py:190} INFO - [2024-12-20T11:07:08.789-0800] {dagbag.py:588} INFO - Filling up the DagBag from /Users/rishukhurana/anaconda3/lib/python3.11/site-packages/airflow/example_dags/tutorial_dag.py
[2024-12-20T11:07:08.816-0800] {processor.py:925} INFO - DAG(s) 'tutorial_dag' retrieved from /Users/rishukhurana/anaconda3/lib/python3.11/site-packages/airflow/example_dags/tutorial_dag.py
[2024-12-20T11:07:08.911-0800] {logging_mixin.py:190} INFO - [2024-12-20T11:07:08.911-0800] {dag.py:3239} INFO - Sync 1 DAGs
[2024-12-20T11:07:08.921-0800] {logging_mixin.py:190} INFO - [2024-12-20T11:07:08.920-0800] {dag.py:4180} INFO - Setting next_dagrun for tutorial_dag to None, run_after=None
[2024-12-20T11:07:08.937-0800] {processor.py:208} INFO - Processing /Users/rishukhurana/anaconda3/lib/python3.11/site-packages/airflow/example_dags/tutorial_dag.py took 0.156 seconds
[2024-12-20T11:10:24.327-0800] {processor.py:186} INFO - Started process (PID=72656) to work on /Users/rishukhurana/anaconda3/lib/python3.11/site-packages/airflow/example_dags/tutorial_dag.py
[2024-12-20T11:10:24.329-0800] {processor.py:914} INFO - Processing file /Users/rishukhurana/anaconda3/lib/python3.11/site-packages/airflow/example_dags/tutorial_dag.py for tasks to queue
[2024-12-20T11:10:24.331-0800] {logging_mixin.py:190} INFO - [2024-12-20T11:10:24.331-0800] {dagbag.py:588} INFO - Filling up the DagBag from /Users/rishukhurana/anaconda3/lib/python3.11/site-packages/airflow/example_dags/tutorial_dag.py
[2024-12-20T11:10:24.359-0800] {processor.py:925} INFO - DAG(s) 'tutorial_dag' retrieved from /Users/rishukhurana/anaconda3/lib/python3.11/site-packages/airflow/example_dags/tutorial_dag.py
[2024-12-20T11:10:24.456-0800] {logging_mixin.py:190} INFO - [2024-12-20T11:10:24.456-0800] {dag.py:3239} INFO - Sync 1 DAGs
[2024-12-20T11:10:24.466-0800] {logging_mixin.py:190} INFO - [2024-12-20T11:10:24.466-0800] {dag.py:4180} INFO - Setting next_dagrun for tutorial_dag to None, run_after=None
[2024-12-20T11:10:24.483-0800] {processor.py:208} INFO - Processing /Users/rishukhurana/anaconda3/lib/python3.11/site-packages/airflow/example_dags/tutorial_dag.py took 0.162 seconds
[2024-12-20T11:13:37.889-0800] {processor.py:186} INFO - Started process (PID=72814) to work on /Users/rishukhurana/anaconda3/lib/python3.11/site-packages/airflow/example_dags/tutorial_dag.py
[2024-12-20T11:13:37.891-0800] {processor.py:914} INFO - Processing file /Users/rishukhurana/anaconda3/lib/python3.11/site-packages/airflow/example_dags/tutorial_dag.py for tasks to queue
[2024-12-20T11:13:37.892-0800] {logging_mixin.py:190} INFO - [2024-12-20T11:13:37.892-0800] {dagbag.py:588} INFO - Filling up the DagBag from /Users/rishukhurana/anaconda3/lib/python3.11/site-packages/airflow/example_dags/tutorial_dag.py
[2024-12-20T11:13:37.917-0800] {processor.py:925} INFO - DAG(s) 'tutorial_dag' retrieved from /Users/rishukhurana/anaconda3/lib/python3.11/site-packages/airflow/example_dags/tutorial_dag.py
[2024-12-20T11:13:38.009-0800] {logging_mixin.py:190} INFO - [2024-12-20T11:13:38.009-0800] {dag.py:3239} INFO - Sync 1 DAGs
[2024-12-20T11:13:38.020-0800] {logging_mixin.py:190} INFO - [2024-12-20T11:13:38.019-0800] {dag.py:4180} INFO - Setting next_dagrun for tutorial_dag to None, run_after=None
[2024-12-20T11:13:38.037-0800] {processor.py:208} INFO - Processing /Users/rishukhurana/anaconda3/lib/python3.11/site-packages/airflow/example_dags/tutorial_dag.py took 0.153 seconds
[2024-12-20T11:16:48.643-0800] {processor.py:186} INFO - Started process (PID=72981) to work on /Users/rishukhurana/anaconda3/lib/python3.11/site-packages/airflow/example_dags/tutorial_dag.py
[2024-12-20T11:16:48.645-0800] {processor.py:914} INFO - Processing file /Users/rishukhurana/anaconda3/lib/python3.11/site-packages/airflow/example_dags/tutorial_dag.py for tasks to queue
[2024-12-20T11:16:48.647-0800] {logging_mixin.py:190} INFO - [2024-12-20T11:16:48.646-0800] {dagbag.py:588} INFO - Filling up the DagBag from /Users/rishukhurana/anaconda3/lib/python3.11/site-packages/airflow/example_dags/tutorial_dag.py
[2024-12-20T11:16:48.669-0800] {processor.py:925} INFO - DAG(s) 'tutorial_dag' retrieved from /Users/rishukhurana/anaconda3/lib/python3.11/site-packages/airflow/example_dags/tutorial_dag.py
[2024-12-20T11:16:48.748-0800] {logging_mixin.py:190} INFO - [2024-12-20T11:16:48.747-0800] {dag.py:3239} INFO - Sync 1 DAGs
[2024-12-20T11:16:48.756-0800] {logging_mixin.py:190} INFO - [2024-12-20T11:16:48.756-0800] {dag.py:4180} INFO - Setting next_dagrun for tutorial_dag to None, run_after=None
[2024-12-20T11:16:48.776-0800] {processor.py:208} INFO - Processing /Users/rishukhurana/anaconda3/lib/python3.11/site-packages/airflow/example_dags/tutorial_dag.py took 0.141 seconds
[2024-12-20T11:19:49.313-0800] {processor.py:186} INFO - Started process (PID=73139) to work on /Users/rishukhurana/anaconda3/lib/python3.11/site-packages/airflow/example_dags/tutorial_dag.py
[2024-12-20T11:19:49.315-0800] {processor.py:914} INFO - Processing file /Users/rishukhurana/anaconda3/lib/python3.11/site-packages/airflow/example_dags/tutorial_dag.py for tasks to queue
[2024-12-20T11:19:49.316-0800] {logging_mixin.py:190} INFO - [2024-12-20T11:19:49.316-0800] {dagbag.py:588} INFO - Filling up the DagBag from /Users/rishukhurana/anaconda3/lib/python3.11/site-packages/airflow/example_dags/tutorial_dag.py
[2024-12-20T11:19:49.343-0800] {processor.py:925} INFO - DAG(s) 'tutorial_dag' retrieved from /Users/rishukhurana/anaconda3/lib/python3.11/site-packages/airflow/example_dags/tutorial_dag.py
[2024-12-20T11:19:49.432-0800] {logging_mixin.py:190} INFO - [2024-12-20T11:19:49.431-0800] {dag.py:3239} INFO - Sync 1 DAGs
[2024-12-20T11:19:49.443-0800] {logging_mixin.py:190} INFO - [2024-12-20T11:19:49.442-0800] {dag.py:4180} INFO - Setting next_dagrun for tutorial_dag to None, run_after=None
[2024-12-20T11:19:49.459-0800] {processor.py:208} INFO - Processing /Users/rishukhurana/anaconda3/lib/python3.11/site-packages/airflow/example_dags/tutorial_dag.py took 0.151 seconds
[2024-12-20T11:22:54.304-0800] {processor.py:186} INFO - Started process (PID=73309) to work on /Users/rishukhurana/anaconda3/lib/python3.11/site-packages/airflow/example_dags/tutorial_dag.py
[2024-12-20T11:22:54.306-0800] {processor.py:914} INFO - Processing file /Users/rishukhurana/anaconda3/lib/python3.11/site-packages/airflow/example_dags/tutorial_dag.py for tasks to queue
[2024-12-20T11:22:54.308-0800] {logging_mixin.py:190} INFO - [2024-12-20T11:22:54.308-0800] {dagbag.py:588} INFO - Filling up the DagBag from /Users/rishukhurana/anaconda3/lib/python3.11/site-packages/airflow/example_dags/tutorial_dag.py
[2024-12-20T11:22:54.330-0800] {processor.py:925} INFO - DAG(s) 'tutorial_dag' retrieved from /Users/rishukhurana/anaconda3/lib/python3.11/site-packages/airflow/example_dags/tutorial_dag.py
[2024-12-20T11:22:54.408-0800] {logging_mixin.py:190} INFO - [2024-12-20T11:22:54.408-0800] {dag.py:3239} INFO - Sync 1 DAGs
[2024-12-20T11:22:54.417-0800] {logging_mixin.py:190} INFO - [2024-12-20T11:22:54.416-0800] {dag.py:4180} INFO - Setting next_dagrun for tutorial_dag to None, run_after=None
[2024-12-20T11:22:54.432-0800] {processor.py:208} INFO - Processing /Users/rishukhurana/anaconda3/lib/python3.11/site-packages/airflow/example_dags/tutorial_dag.py took 0.136 seconds
[2024-12-20T11:25:59.133-0800] {processor.py:186} INFO - Started process (PID=73464) to work on /Users/rishukhurana/anaconda3/lib/python3.11/site-packages/airflow/example_dags/tutorial_dag.py
[2024-12-20T11:25:59.135-0800] {processor.py:914} INFO - Processing file /Users/rishukhurana/anaconda3/lib/python3.11/site-packages/airflow/example_dags/tutorial_dag.py for tasks to queue
[2024-12-20T11:25:59.137-0800] {logging_mixin.py:190} INFO - [2024-12-20T11:25:59.137-0800] {dagbag.py:588} INFO - Filling up the DagBag from /Users/rishukhurana/anaconda3/lib/python3.11/site-packages/airflow/example_dags/tutorial_dag.py
[2024-12-20T11:25:59.160-0800] {processor.py:925} INFO - DAG(s) 'tutorial_dag' retrieved from /Users/rishukhurana/anaconda3/lib/python3.11/site-packages/airflow/example_dags/tutorial_dag.py
[2024-12-20T11:25:59.240-0800] {logging_mixin.py:190} INFO - [2024-12-20T11:25:59.239-0800] {dag.py:3239} INFO - Sync 1 DAGs
[2024-12-20T11:25:59.248-0800] {logging_mixin.py:190} INFO - [2024-12-20T11:25:59.248-0800] {dag.py:4180} INFO - Setting next_dagrun for tutorial_dag to None, run_after=None
[2024-12-20T11:25:59.269-0800] {processor.py:208} INFO - Processing /Users/rishukhurana/anaconda3/lib/python3.11/site-packages/airflow/example_dags/tutorial_dag.py took 0.143 seconds
[2024-12-20T11:28:58.735-0800] {processor.py:186} INFO - Started process (PID=73612) to work on /Users/rishukhurana/anaconda3/lib/python3.11/site-packages/airflow/example_dags/tutorial_dag.py
[2024-12-20T11:28:58.738-0800] {processor.py:914} INFO - Processing file /Users/rishukhurana/anaconda3/lib/python3.11/site-packages/airflow/example_dags/tutorial_dag.py for tasks to queue
[2024-12-20T11:28:58.739-0800] {logging_mixin.py:190} INFO - [2024-12-20T11:28:58.739-0800] {dagbag.py:588} INFO - Filling up the DagBag from /Users/rishukhurana/anaconda3/lib/python3.11/site-packages/airflow/example_dags/tutorial_dag.py
[2024-12-20T11:28:58.762-0800] {processor.py:925} INFO - DAG(s) 'tutorial_dag' retrieved from /Users/rishukhurana/anaconda3/lib/python3.11/site-packages/airflow/example_dags/tutorial_dag.py
[2024-12-20T11:28:58.840-0800] {logging_mixin.py:190} INFO - [2024-12-20T11:28:58.840-0800] {dag.py:3239} INFO - Sync 1 DAGs
[2024-12-20T11:28:58.848-0800] {logging_mixin.py:190} INFO - [2024-12-20T11:28:58.848-0800] {dag.py:4180} INFO - Setting next_dagrun for tutorial_dag to None, run_after=None
[2024-12-20T11:28:58.864-0800] {processor.py:208} INFO - Processing /Users/rishukhurana/anaconda3/lib/python3.11/site-packages/airflow/example_dags/tutorial_dag.py took 0.136 seconds
[2024-12-20T11:32:03.173-0800] {processor.py:186} INFO - Started process (PID=73770) to work on /Users/rishukhurana/anaconda3/lib/python3.11/site-packages/airflow/example_dags/tutorial_dag.py
[2024-12-20T11:32:03.175-0800] {processor.py:914} INFO - Processing file /Users/rishukhurana/anaconda3/lib/python3.11/site-packages/airflow/example_dags/tutorial_dag.py for tasks to queue
[2024-12-20T11:32:03.177-0800] {logging_mixin.py:190} INFO - [2024-12-20T11:32:03.176-0800] {dagbag.py:588} INFO - Filling up the DagBag from /Users/rishukhurana/anaconda3/lib/python3.11/site-packages/airflow/example_dags/tutorial_dag.py
[2024-12-20T11:32:03.200-0800] {processor.py:925} INFO - DAG(s) 'tutorial_dag' retrieved from /Users/rishukhurana/anaconda3/lib/python3.11/site-packages/airflow/example_dags/tutorial_dag.py
[2024-12-20T11:32:03.286-0800] {logging_mixin.py:190} INFO - [2024-12-20T11:32:03.286-0800] {dag.py:3239} INFO - Sync 1 DAGs
[2024-12-20T11:32:03.295-0800] {logging_mixin.py:190} INFO - [2024-12-20T11:32:03.295-0800] {dag.py:4180} INFO - Setting next_dagrun for tutorial_dag to None, run_after=None
[2024-12-20T11:32:03.312-0800] {processor.py:208} INFO - Processing /Users/rishukhurana/anaconda3/lib/python3.11/site-packages/airflow/example_dags/tutorial_dag.py took 0.146 seconds
[2024-12-20T11:35:04.090-0800] {processor.py:186} INFO - Started process (PID=73915) to work on /Users/rishukhurana/anaconda3/lib/python3.11/site-packages/airflow/example_dags/tutorial_dag.py
[2024-12-20T11:35:04.093-0800] {processor.py:914} INFO - Processing file /Users/rishukhurana/anaconda3/lib/python3.11/site-packages/airflow/example_dags/tutorial_dag.py for tasks to queue
[2024-12-20T11:35:04.095-0800] {logging_mixin.py:190} INFO - [2024-12-20T11:35:04.094-0800] {dagbag.py:588} INFO - Filling up the DagBag from /Users/rishukhurana/anaconda3/lib/python3.11/site-packages/airflow/example_dags/tutorial_dag.py
[2024-12-20T11:35:04.121-0800] {processor.py:925} INFO - DAG(s) 'tutorial_dag' retrieved from /Users/rishukhurana/anaconda3/lib/python3.11/site-packages/airflow/example_dags/tutorial_dag.py
[2024-12-20T11:35:04.206-0800] {logging_mixin.py:190} INFO - [2024-12-20T11:35:04.206-0800] {dag.py:3239} INFO - Sync 1 DAGs
[2024-12-20T11:35:04.215-0800] {logging_mixin.py:190} INFO - [2024-12-20T11:35:04.215-0800] {dag.py:4180} INFO - Setting next_dagrun for tutorial_dag to None, run_after=None
[2024-12-20T11:35:04.231-0800] {processor.py:208} INFO - Processing /Users/rishukhurana/anaconda3/lib/python3.11/site-packages/airflow/example_dags/tutorial_dag.py took 0.147 seconds
[2024-12-20T11:38:03.971-0800] {processor.py:186} INFO - Started process (PID=74060) to work on /Users/rishukhurana/anaconda3/lib/python3.11/site-packages/airflow/example_dags/tutorial_dag.py
[2024-12-20T11:38:03.973-0800] {processor.py:914} INFO - Processing file /Users/rishukhurana/anaconda3/lib/python3.11/site-packages/airflow/example_dags/tutorial_dag.py for tasks to queue
[2024-12-20T11:38:03.975-0800] {logging_mixin.py:190} INFO - [2024-12-20T11:38:03.975-0800] {dagbag.py:588} INFO - Filling up the DagBag from /Users/rishukhurana/anaconda3/lib/python3.11/site-packages/airflow/example_dags/tutorial_dag.py
[2024-12-20T11:38:03.998-0800] {processor.py:925} INFO - DAG(s) 'tutorial_dag' retrieved from /Users/rishukhurana/anaconda3/lib/python3.11/site-packages/airflow/example_dags/tutorial_dag.py
[2024-12-20T11:38:04.081-0800] {logging_mixin.py:190} INFO - [2024-12-20T11:38:04.081-0800] {dag.py:3239} INFO - Sync 1 DAGs
[2024-12-20T11:38:04.090-0800] {logging_mixin.py:190} INFO - [2024-12-20T11:38:04.090-0800] {dag.py:4180} INFO - Setting next_dagrun for tutorial_dag to None, run_after=None
[2024-12-20T11:38:04.107-0800] {processor.py:208} INFO - Processing /Users/rishukhurana/anaconda3/lib/python3.11/site-packages/airflow/example_dags/tutorial_dag.py took 0.144 seconds
[2024-12-20T11:56:40.557-0800] {processor.py:186} INFO - Started process (PID=74231) to work on /Users/rishukhurana/anaconda3/lib/python3.11/site-packages/airflow/example_dags/tutorial_dag.py
[2024-12-20T11:56:40.560-0800] {processor.py:914} INFO - Processing file /Users/rishukhurana/anaconda3/lib/python3.11/site-packages/airflow/example_dags/tutorial_dag.py for tasks to queue
[2024-12-20T11:56:40.561-0800] {logging_mixin.py:190} INFO - [2024-12-20T11:56:40.561-0800] {dagbag.py:588} INFO - Filling up the DagBag from /Users/rishukhurana/anaconda3/lib/python3.11/site-packages/airflow/example_dags/tutorial_dag.py
[2024-12-20T11:56:40.585-0800] {processor.py:925} INFO - DAG(s) 'tutorial_dag' retrieved from /Users/rishukhurana/anaconda3/lib/python3.11/site-packages/airflow/example_dags/tutorial_dag.py
[2024-12-20T11:56:40.675-0800] {logging_mixin.py:190} INFO - [2024-12-20T11:56:40.674-0800] {dag.py:3239} INFO - Sync 1 DAGs
[2024-12-20T11:56:40.685-0800] {logging_mixin.py:190} INFO - [2024-12-20T11:56:40.685-0800] {dag.py:4180} INFO - Setting next_dagrun for tutorial_dag to None, run_after=None
[2024-12-20T11:56:40.701-0800] {processor.py:208} INFO - Processing /Users/rishukhurana/anaconda3/lib/python3.11/site-packages/airflow/example_dags/tutorial_dag.py took 0.150 seconds
[2024-12-20T12:00:00.693-0800] {processor.py:186} INFO - Started process (PID=74406) to work on /Users/rishukhurana/anaconda3/lib/python3.11/site-packages/airflow/example_dags/tutorial_dag.py
[2024-12-20T12:00:00.695-0800] {processor.py:914} INFO - Processing file /Users/rishukhurana/anaconda3/lib/python3.11/site-packages/airflow/example_dags/tutorial_dag.py for tasks to queue
[2024-12-20T12:00:00.697-0800] {logging_mixin.py:190} INFO - [2024-12-20T12:00:00.696-0800] {dagbag.py:588} INFO - Filling up the DagBag from /Users/rishukhurana/anaconda3/lib/python3.11/site-packages/airflow/example_dags/tutorial_dag.py
[2024-12-20T12:00:00.721-0800] {processor.py:925} INFO - DAG(s) 'tutorial_dag' retrieved from /Users/rishukhurana/anaconda3/lib/python3.11/site-packages/airflow/example_dags/tutorial_dag.py
[2024-12-20T12:00:00.813-0800] {logging_mixin.py:190} INFO - [2024-12-20T12:00:00.812-0800] {dag.py:3239} INFO - Sync 1 DAGs
[2024-12-20T12:00:00.822-0800] {logging_mixin.py:190} INFO - [2024-12-20T12:00:00.822-0800] {dag.py:4180} INFO - Setting next_dagrun for tutorial_dag to None, run_after=None
[2024-12-20T12:00:00.838-0800] {processor.py:208} INFO - Processing /Users/rishukhurana/anaconda3/lib/python3.11/site-packages/airflow/example_dags/tutorial_dag.py took 0.149 seconds
[2024-12-20T12:05:05.742-0800] {processor.py:186} INFO - Started process (PID=74600) to work on /Users/rishukhurana/anaconda3/lib/python3.11/site-packages/airflow/example_dags/tutorial_dag.py
[2024-12-20T12:05:05.745-0800] {processor.py:914} INFO - Processing file /Users/rishukhurana/anaconda3/lib/python3.11/site-packages/airflow/example_dags/tutorial_dag.py for tasks to queue
[2024-12-20T12:05:05.747-0800] {logging_mixin.py:190} INFO - [2024-12-20T12:05:05.747-0800] {dagbag.py:588} INFO - Filling up the DagBag from /Users/rishukhurana/anaconda3/lib/python3.11/site-packages/airflow/example_dags/tutorial_dag.py
[2024-12-20T12:05:05.787-0800] {processor.py:925} INFO - DAG(s) 'tutorial_dag' retrieved from /Users/rishukhurana/anaconda3/lib/python3.11/site-packages/airflow/example_dags/tutorial_dag.py
[2024-12-20T12:05:05.943-0800] {logging_mixin.py:190} INFO - [2024-12-20T12:05:05.942-0800] {dag.py:3239} INFO - Sync 1 DAGs
[2024-12-20T12:05:05.959-0800] {logging_mixin.py:190} INFO - [2024-12-20T12:05:05.958-0800] {dag.py:4180} INFO - Setting next_dagrun for tutorial_dag to None, run_after=None
[2024-12-20T12:05:05.985-0800] {processor.py:208} INFO - Processing /Users/rishukhurana/anaconda3/lib/python3.11/site-packages/airflow/example_dags/tutorial_dag.py took 0.250 seconds
[2024-12-20T12:10:41.962-0800] {processor.py:186} INFO - Started process (PID=74836) to work on /Users/rishukhurana/anaconda3/lib/python3.11/site-packages/airflow/example_dags/tutorial_dag.py
[2024-12-20T12:10:41.966-0800] {processor.py:914} INFO - Processing file /Users/rishukhurana/anaconda3/lib/python3.11/site-packages/airflow/example_dags/tutorial_dag.py for tasks to queue
[2024-12-20T12:10:41.969-0800] {logging_mixin.py:190} INFO - [2024-12-20T12:10:41.968-0800] {dagbag.py:588} INFO - Filling up the DagBag from /Users/rishukhurana/anaconda3/lib/python3.11/site-packages/airflow/example_dags/tutorial_dag.py
[2024-12-20T12:10:42.009-0800] {processor.py:925} INFO - DAG(s) 'tutorial_dag' retrieved from /Users/rishukhurana/anaconda3/lib/python3.11/site-packages/airflow/example_dags/tutorial_dag.py
[2024-12-20T12:10:42.159-0800] {logging_mixin.py:190} INFO - [2024-12-20T12:10:42.159-0800] {dag.py:3239} INFO - Sync 1 DAGs
[2024-12-20T12:10:42.175-0800] {logging_mixin.py:190} INFO - [2024-12-20T12:10:42.175-0800] {dag.py:4180} INFO - Setting next_dagrun for tutorial_dag to None, run_after=None
[2024-12-20T12:10:42.203-0800] {processor.py:208} INFO - Processing /Users/rishukhurana/anaconda3/lib/python3.11/site-packages/airflow/example_dags/tutorial_dag.py took 0.254 seconds
