[2024-12-14T16:06:01.972-0800] {processor.py:186} INFO - Started process (PID=23950) to work on /Users/rishukhurana/anaconda3/lib/python3.11/site-packages/airflow/example_dags/example_branch_operator.py
[2024-12-14T16:06:01.991-0800] {processor.py:914} INFO - Processing file /Users/rishukhurana/anaconda3/lib/python3.11/site-packages/airflow/example_dags/example_branch_operator.py for tasks to queue
[2024-12-14T16:06:02.004-0800] {logging_mixin.py:190} INFO - [2024-12-14T16:06:02.003-0800] {dagbag.py:588} INFO - Filling up the DagBag from /Users/rishukhurana/anaconda3/lib/python3.11/site-packages/airflow/example_dags/example_branch_operator.py
[2024-12-14T16:06:02.118-0800] {processor.py:927} WARNING - No viable dags retrieved from /Users/rishukhurana/anaconda3/lib/python3.11/site-packages/airflow/example_dags/example_branch_operator.py
[2024-12-14T16:06:02.245-0800] {processor.py:208} INFO - Processing /Users/rishukhurana/anaconda3/lib/python3.11/site-packages/airflow/example_dags/example_branch_operator.py took 0.293 seconds
[2024-12-14T19:41:59.951-0800] {processor.py:186} INFO - Started process (PID=24384) to work on /Users/rishukhurana/anaconda3/lib/python3.11/site-packages/airflow/example_dags/example_branch_operator.py
[2024-12-14T19:41:59.966-0800] {processor.py:914} INFO - Processing file /Users/rishukhurana/anaconda3/lib/python3.11/site-packages/airflow/example_dags/example_branch_operator.py for tasks to queue
[2024-12-14T19:41:59.975-0800] {logging_mixin.py:190} INFO - [2024-12-14T19:41:59.974-0800] {dagbag.py:588} INFO - Filling up the DagBag from /Users/rishukhurana/anaconda3/lib/python3.11/site-packages/airflow/example_dags/example_branch_operator.py
[2024-12-14T19:42:00.183-0800] {processor.py:927} WARNING - No viable dags retrieved from /Users/rishukhurana/anaconda3/lib/python3.11/site-packages/airflow/example_dags/example_branch_operator.py
[2024-12-14T19:42:01.010-0800] {processor.py:208} INFO - Processing /Users/rishukhurana/anaconda3/lib/python3.11/site-packages/airflow/example_dags/example_branch_operator.py took 1.110 seconds
[2024-12-14T19:53:21.748-0800] {processor.py:186} INFO - Started process (PID=24607) to work on /Users/rishukhurana/anaconda3/lib/python3.11/site-packages/airflow/example_dags/example_branch_operator.py
[2024-12-14T19:53:21.750-0800] {processor.py:914} INFO - Processing file /Users/rishukhurana/anaconda3/lib/python3.11/site-packages/airflow/example_dags/example_branch_operator.py for tasks to queue
[2024-12-14T19:53:21.751-0800] {logging_mixin.py:190} INFO - [2024-12-14T19:53:21.751-0800] {dagbag.py:588} INFO - Filling up the DagBag from /Users/rishukhurana/anaconda3/lib/python3.11/site-packages/airflow/example_dags/example_branch_operator.py
[2024-12-14T19:53:21.770-0800] {processor.py:927} WARNING - No viable dags retrieved from /Users/rishukhurana/anaconda3/lib/python3.11/site-packages/airflow/example_dags/example_branch_operator.py
[2024-12-14T19:53:21.847-0800] {processor.py:208} INFO - Processing /Users/rishukhurana/anaconda3/lib/python3.11/site-packages/airflow/example_dags/example_branch_operator.py took 0.105 seconds
[2024-12-14T19:59:46.373-0800] {processor.py:186} INFO - Started process (PID=24903) to work on /Users/rishukhurana/anaconda3/lib/python3.11/site-packages/airflow/example_dags/example_branch_operator.py
[2024-12-14T19:59:46.375-0800] {processor.py:914} INFO - Processing file /Users/rishukhurana/anaconda3/lib/python3.11/site-packages/airflow/example_dags/example_branch_operator.py for tasks to queue
[2024-12-14T19:59:46.376-0800] {logging_mixin.py:190} INFO - [2024-12-14T19:59:46.376-0800] {dagbag.py:588} INFO - Filling up the DagBag from /Users/rishukhurana/anaconda3/lib/python3.11/site-packages/airflow/example_dags/example_branch_operator.py
[2024-12-14T19:59:46.398-0800] {processor.py:927} WARNING - No viable dags retrieved from /Users/rishukhurana/anaconda3/lib/python3.11/site-packages/airflow/example_dags/example_branch_operator.py
[2024-12-14T19:59:46.486-0800] {processor.py:208} INFO - Processing /Users/rishukhurana/anaconda3/lib/python3.11/site-packages/airflow/example_dags/example_branch_operator.py took 0.119 seconds
[2024-12-14T20:05:58.981-0800] {processor.py:186} INFO - Started process (PID=25203) to work on /Users/rishukhurana/anaconda3/lib/python3.11/site-packages/airflow/example_dags/example_branch_operator.py
[2024-12-14T20:05:58.984-0800] {processor.py:914} INFO - Processing file /Users/rishukhurana/anaconda3/lib/python3.11/site-packages/airflow/example_dags/example_branch_operator.py for tasks to queue
[2024-12-14T20:05:58.985-0800] {logging_mixin.py:190} INFO - [2024-12-14T20:05:58.985-0800] {dagbag.py:588} INFO - Filling up the DagBag from /Users/rishukhurana/anaconda3/lib/python3.11/site-packages/airflow/example_dags/example_branch_operator.py
[2024-12-14T20:05:59.005-0800] {processor.py:927} WARNING - No viable dags retrieved from /Users/rishukhurana/anaconda3/lib/python3.11/site-packages/airflow/example_dags/example_branch_operator.py
[2024-12-14T20:05:59.080-0800] {processor.py:208} INFO - Processing /Users/rishukhurana/anaconda3/lib/python3.11/site-packages/airflow/example_dags/example_branch_operator.py took 0.105 seconds
[2024-12-14T20:12:21.566-0800] {processor.py:186} INFO - Started process (PID=25573) to work on /Users/rishukhurana/anaconda3/lib/python3.11/site-packages/airflow/example_dags/example_branch_operator.py
[2024-12-14T20:12:21.568-0800] {processor.py:914} INFO - Processing file /Users/rishukhurana/anaconda3/lib/python3.11/site-packages/airflow/example_dags/example_branch_operator.py for tasks to queue
[2024-12-14T20:12:21.569-0800] {logging_mixin.py:190} INFO - [2024-12-14T20:12:21.569-0800] {dagbag.py:588} INFO - Filling up the DagBag from /Users/rishukhurana/anaconda3/lib/python3.11/site-packages/airflow/example_dags/example_branch_operator.py
[2024-12-14T20:12:21.589-0800] {processor.py:927} WARNING - No viable dags retrieved from /Users/rishukhurana/anaconda3/lib/python3.11/site-packages/airflow/example_dags/example_branch_operator.py
[2024-12-14T20:12:21.668-0800] {processor.py:208} INFO - Processing /Users/rishukhurana/anaconda3/lib/python3.11/site-packages/airflow/example_dags/example_branch_operator.py took 0.109 seconds
[2024-12-14T20:18:48.787-0800] {processor.py:186} INFO - Started process (PID=25948) to work on /Users/rishukhurana/anaconda3/lib/python3.11/site-packages/airflow/example_dags/example_branch_operator.py
[2024-12-14T20:18:48.790-0800] {processor.py:914} INFO - Processing file /Users/rishukhurana/anaconda3/lib/python3.11/site-packages/airflow/example_dags/example_branch_operator.py for tasks to queue
[2024-12-14T20:18:48.791-0800] {logging_mixin.py:190} INFO - [2024-12-14T20:18:48.791-0800] {dagbag.py:588} INFO - Filling up the DagBag from /Users/rishukhurana/anaconda3/lib/python3.11/site-packages/airflow/example_dags/example_branch_operator.py
[2024-12-14T20:18:48.812-0800] {processor.py:927} WARNING - No viable dags retrieved from /Users/rishukhurana/anaconda3/lib/python3.11/site-packages/airflow/example_dags/example_branch_operator.py
[2024-12-14T20:18:48.893-0800] {processor.py:208} INFO - Processing /Users/rishukhurana/anaconda3/lib/python3.11/site-packages/airflow/example_dags/example_branch_operator.py took 0.112 seconds
[2024-12-14T20:25:37.574-0800] {processor.py:186} INFO - Started process (PID=26304) to work on /Users/rishukhurana/anaconda3/lib/python3.11/site-packages/airflow/example_dags/example_branch_operator.py
[2024-12-14T20:25:37.576-0800] {processor.py:914} INFO - Processing file /Users/rishukhurana/anaconda3/lib/python3.11/site-packages/airflow/example_dags/example_branch_operator.py for tasks to queue
[2024-12-14T20:25:37.578-0800] {logging_mixin.py:190} INFO - [2024-12-14T20:25:37.578-0800] {dagbag.py:588} INFO - Filling up the DagBag from /Users/rishukhurana/anaconda3/lib/python3.11/site-packages/airflow/example_dags/example_branch_operator.py
[2024-12-14T20:25:37.603-0800] {processor.py:927} WARNING - No viable dags retrieved from /Users/rishukhurana/anaconda3/lib/python3.11/site-packages/airflow/example_dags/example_branch_operator.py
[2024-12-14T20:25:37.708-0800] {processor.py:208} INFO - Processing /Users/rishukhurana/anaconda3/lib/python3.11/site-packages/airflow/example_dags/example_branch_operator.py took 0.139 seconds
[2024-12-14T20:32:12.742-0800] {processor.py:186} INFO - Started process (PID=26646) to work on /Users/rishukhurana/anaconda3/lib/python3.11/site-packages/airflow/example_dags/example_branch_operator.py
[2024-12-14T20:32:12.744-0800] {processor.py:914} INFO - Processing file /Users/rishukhurana/anaconda3/lib/python3.11/site-packages/airflow/example_dags/example_branch_operator.py for tasks to queue
[2024-12-14T20:32:12.745-0800] {logging_mixin.py:190} INFO - [2024-12-14T20:32:12.745-0800] {dagbag.py:588} INFO - Filling up the DagBag from /Users/rishukhurana/anaconda3/lib/python3.11/site-packages/airflow/example_dags/example_branch_operator.py
[2024-12-14T20:32:12.768-0800] {processor.py:927} WARNING - No viable dags retrieved from /Users/rishukhurana/anaconda3/lib/python3.11/site-packages/airflow/example_dags/example_branch_operator.py
[2024-12-14T20:32:12.846-0800] {processor.py:208} INFO - Processing /Users/rishukhurana/anaconda3/lib/python3.11/site-packages/airflow/example_dags/example_branch_operator.py took 0.108 seconds
[2024-12-14T20:38:22.344-0800] {processor.py:186} INFO - Started process (PID=26947) to work on /Users/rishukhurana/anaconda3/lib/python3.11/site-packages/airflow/example_dags/example_branch_operator.py
[2024-12-14T20:38:22.347-0800] {processor.py:914} INFO - Processing file /Users/rishukhurana/anaconda3/lib/python3.11/site-packages/airflow/example_dags/example_branch_operator.py for tasks to queue
[2024-12-14T20:38:22.348-0800] {logging_mixin.py:190} INFO - [2024-12-14T20:38:22.348-0800] {dagbag.py:588} INFO - Filling up the DagBag from /Users/rishukhurana/anaconda3/lib/python3.11/site-packages/airflow/example_dags/example_branch_operator.py
[2024-12-14T20:38:22.370-0800] {processor.py:927} WARNING - No viable dags retrieved from /Users/rishukhurana/anaconda3/lib/python3.11/site-packages/airflow/example_dags/example_branch_operator.py
[2024-12-14T20:38:22.452-0800] {processor.py:208} INFO - Processing /Users/rishukhurana/anaconda3/lib/python3.11/site-packages/airflow/example_dags/example_branch_operator.py took 0.116 seconds
[2024-12-14T20:44:25.622-0800] {processor.py:186} INFO - Started process (PID=27236) to work on /Users/rishukhurana/anaconda3/lib/python3.11/site-packages/airflow/example_dags/example_branch_operator.py
[2024-12-14T20:44:25.625-0800] {processor.py:914} INFO - Processing file /Users/rishukhurana/anaconda3/lib/python3.11/site-packages/airflow/example_dags/example_branch_operator.py for tasks to queue
[2024-12-14T20:44:25.626-0800] {logging_mixin.py:190} INFO - [2024-12-14T20:44:25.626-0800] {dagbag.py:588} INFO - Filling up the DagBag from /Users/rishukhurana/anaconda3/lib/python3.11/site-packages/airflow/example_dags/example_branch_operator.py
[2024-12-14T20:44:25.645-0800] {processor.py:927} WARNING - No viable dags retrieved from /Users/rishukhurana/anaconda3/lib/python3.11/site-packages/airflow/example_dags/example_branch_operator.py
[2024-12-14T20:44:25.722-0800] {processor.py:208} INFO - Processing /Users/rishukhurana/anaconda3/lib/python3.11/site-packages/airflow/example_dags/example_branch_operator.py took 0.104 seconds
[2024-12-14T20:50:37.145-0800] {processor.py:186} INFO - Started process (PID=27585) to work on /Users/rishukhurana/anaconda3/lib/python3.11/site-packages/airflow/example_dags/example_branch_operator.py
[2024-12-14T20:50:37.147-0800] {processor.py:914} INFO - Processing file /Users/rishukhurana/anaconda3/lib/python3.11/site-packages/airflow/example_dags/example_branch_operator.py for tasks to queue
[2024-12-14T20:50:37.149-0800] {logging_mixin.py:190} INFO - [2024-12-14T20:50:37.149-0800] {dagbag.py:588} INFO - Filling up the DagBag from /Users/rishukhurana/anaconda3/lib/python3.11/site-packages/airflow/example_dags/example_branch_operator.py
[2024-12-14T20:50:37.168-0800] {processor.py:927} WARNING - No viable dags retrieved from /Users/rishukhurana/anaconda3/lib/python3.11/site-packages/airflow/example_dags/example_branch_operator.py
[2024-12-14T20:50:37.240-0800] {processor.py:208} INFO - Processing /Users/rishukhurana/anaconda3/lib/python3.11/site-packages/airflow/example_dags/example_branch_operator.py took 0.101 seconds
[2024-12-14T20:56:31.002-0800] {processor.py:186} INFO - Started process (PID=27875) to work on /Users/rishukhurana/anaconda3/lib/python3.11/site-packages/airflow/example_dags/example_branch_operator.py
[2024-12-14T20:56:31.004-0800] {processor.py:914} INFO - Processing file /Users/rishukhurana/anaconda3/lib/python3.11/site-packages/airflow/example_dags/example_branch_operator.py for tasks to queue
[2024-12-14T20:56:31.006-0800] {logging_mixin.py:190} INFO - [2024-12-14T20:56:31.005-0800] {dagbag.py:588} INFO - Filling up the DagBag from /Users/rishukhurana/anaconda3/lib/python3.11/site-packages/airflow/example_dags/example_branch_operator.py
[2024-12-14T20:56:31.024-0800] {processor.py:927} WARNING - No viable dags retrieved from /Users/rishukhurana/anaconda3/lib/python3.11/site-packages/airflow/example_dags/example_branch_operator.py
[2024-12-14T20:56:31.093-0800] {processor.py:208} INFO - Processing /Users/rishukhurana/anaconda3/lib/python3.11/site-packages/airflow/example_dags/example_branch_operator.py took 0.097 seconds
[2024-12-14T21:02:39.372-0800] {processor.py:186} INFO - Started process (PID=28217) to work on /Users/rishukhurana/anaconda3/lib/python3.11/site-packages/airflow/example_dags/example_branch_operator.py
[2024-12-14T21:02:39.374-0800] {processor.py:914} INFO - Processing file /Users/rishukhurana/anaconda3/lib/python3.11/site-packages/airflow/example_dags/example_branch_operator.py for tasks to queue
[2024-12-14T21:02:39.376-0800] {logging_mixin.py:190} INFO - [2024-12-14T21:02:39.375-0800] {dagbag.py:588} INFO - Filling up the DagBag from /Users/rishukhurana/anaconda3/lib/python3.11/site-packages/airflow/example_dags/example_branch_operator.py
[2024-12-14T21:02:39.402-0800] {processor.py:927} WARNING - No viable dags retrieved from /Users/rishukhurana/anaconda3/lib/python3.11/site-packages/airflow/example_dags/example_branch_operator.py
[2024-12-14T21:02:39.478-0800] {processor.py:208} INFO - Processing /Users/rishukhurana/anaconda3/lib/python3.11/site-packages/airflow/example_dags/example_branch_operator.py took 0.110 seconds
[2024-12-14T21:08:33.139-0800] {processor.py:186} INFO - Started process (PID=28508) to work on /Users/rishukhurana/anaconda3/lib/python3.11/site-packages/airflow/example_dags/example_branch_operator.py
[2024-12-14T21:08:33.142-0800] {processor.py:914} INFO - Processing file /Users/rishukhurana/anaconda3/lib/python3.11/site-packages/airflow/example_dags/example_branch_operator.py for tasks to queue
[2024-12-14T21:08:33.143-0800] {logging_mixin.py:190} INFO - [2024-12-14T21:08:33.143-0800] {dagbag.py:588} INFO - Filling up the DagBag from /Users/rishukhurana/anaconda3/lib/python3.11/site-packages/airflow/example_dags/example_branch_operator.py
[2024-12-14T21:08:33.161-0800] {processor.py:927} WARNING - No viable dags retrieved from /Users/rishukhurana/anaconda3/lib/python3.11/site-packages/airflow/example_dags/example_branch_operator.py
[2024-12-14T21:08:33.240-0800] {processor.py:208} INFO - Processing /Users/rishukhurana/anaconda3/lib/python3.11/site-packages/airflow/example_dags/example_branch_operator.py took 0.105 seconds
[2024-12-14T21:14:19.761-0800] {processor.py:186} INFO - Started process (PID=28802) to work on /Users/rishukhurana/anaconda3/lib/python3.11/site-packages/airflow/example_dags/example_branch_operator.py
[2024-12-14T21:14:19.763-0800] {processor.py:914} INFO - Processing file /Users/rishukhurana/anaconda3/lib/python3.11/site-packages/airflow/example_dags/example_branch_operator.py for tasks to queue
[2024-12-14T21:14:19.765-0800] {logging_mixin.py:190} INFO - [2024-12-14T21:14:19.764-0800] {dagbag.py:588} INFO - Filling up the DagBag from /Users/rishukhurana/anaconda3/lib/python3.11/site-packages/airflow/example_dags/example_branch_operator.py
[2024-12-14T21:14:19.784-0800] {processor.py:927} WARNING - No viable dags retrieved from /Users/rishukhurana/anaconda3/lib/python3.11/site-packages/airflow/example_dags/example_branch_operator.py
[2024-12-14T21:14:19.864-0800] {processor.py:208} INFO - Processing /Users/rishukhurana/anaconda3/lib/python3.11/site-packages/airflow/example_dags/example_branch_operator.py took 0.108 seconds
[2024-12-14T21:20:20.762-0800] {processor.py:186} INFO - Started process (PID=29136) to work on /Users/rishukhurana/anaconda3/lib/python3.11/site-packages/airflow/example_dags/example_branch_operator.py
[2024-12-14T21:20:20.764-0800] {processor.py:914} INFO - Processing file /Users/rishukhurana/anaconda3/lib/python3.11/site-packages/airflow/example_dags/example_branch_operator.py for tasks to queue
[2024-12-14T21:20:20.765-0800] {logging_mixin.py:190} INFO - [2024-12-14T21:20:20.765-0800] {dagbag.py:588} INFO - Filling up the DagBag from /Users/rishukhurana/anaconda3/lib/python3.11/site-packages/airflow/example_dags/example_branch_operator.py
[2024-12-14T21:20:20.782-0800] {processor.py:927} WARNING - No viable dags retrieved from /Users/rishukhurana/anaconda3/lib/python3.11/site-packages/airflow/example_dags/example_branch_operator.py
[2024-12-14T21:20:20.855-0800] {processor.py:208} INFO - Processing /Users/rishukhurana/anaconda3/lib/python3.11/site-packages/airflow/example_dags/example_branch_operator.py took 0.098 seconds
[2024-12-14T21:26:04.628-0800] {processor.py:186} INFO - Started process (PID=29439) to work on /Users/rishukhurana/anaconda3/lib/python3.11/site-packages/airflow/example_dags/example_branch_operator.py
[2024-12-14T21:26:04.630-0800] {processor.py:914} INFO - Processing file /Users/rishukhurana/anaconda3/lib/python3.11/site-packages/airflow/example_dags/example_branch_operator.py for tasks to queue
[2024-12-14T21:26:04.631-0800] {logging_mixin.py:190} INFO - [2024-12-14T21:26:04.631-0800] {dagbag.py:588} INFO - Filling up the DagBag from /Users/rishukhurana/anaconda3/lib/python3.11/site-packages/airflow/example_dags/example_branch_operator.py
[2024-12-14T21:26:04.649-0800] {processor.py:927} WARNING - No viable dags retrieved from /Users/rishukhurana/anaconda3/lib/python3.11/site-packages/airflow/example_dags/example_branch_operator.py
[2024-12-14T21:26:04.719-0800] {processor.py:208} INFO - Processing /Users/rishukhurana/anaconda3/lib/python3.11/site-packages/airflow/example_dags/example_branch_operator.py took 0.097 seconds
[2024-12-14T21:31:59.523-0800] {processor.py:186} INFO - Started process (PID=29739) to work on /Users/rishukhurana/anaconda3/lib/python3.11/site-packages/airflow/example_dags/example_branch_operator.py
[2024-12-14T21:31:59.525-0800] {processor.py:914} INFO - Processing file /Users/rishukhurana/anaconda3/lib/python3.11/site-packages/airflow/example_dags/example_branch_operator.py for tasks to queue
[2024-12-14T21:31:59.526-0800] {logging_mixin.py:190} INFO - [2024-12-14T21:31:59.526-0800] {dagbag.py:588} INFO - Filling up the DagBag from /Users/rishukhurana/anaconda3/lib/python3.11/site-packages/airflow/example_dags/example_branch_operator.py
[2024-12-14T21:31:59.544-0800] {processor.py:927} WARNING - No viable dags retrieved from /Users/rishukhurana/anaconda3/lib/python3.11/site-packages/airflow/example_dags/example_branch_operator.py
[2024-12-14T21:31:59.617-0800] {processor.py:208} INFO - Processing /Users/rishukhurana/anaconda3/lib/python3.11/site-packages/airflow/example_dags/example_branch_operator.py took 0.099 seconds
[2024-12-14T21:38:08.420-0800] {processor.py:186} INFO - Started process (PID=30034) to work on /Users/rishukhurana/anaconda3/lib/python3.11/site-packages/airflow/example_dags/example_branch_operator.py
[2024-12-14T21:38:08.423-0800] {processor.py:914} INFO - Processing file /Users/rishukhurana/anaconda3/lib/python3.11/site-packages/airflow/example_dags/example_branch_operator.py for tasks to queue
[2024-12-14T21:38:08.424-0800] {logging_mixin.py:190} INFO - [2024-12-14T21:38:08.424-0800] {dagbag.py:588} INFO - Filling up the DagBag from /Users/rishukhurana/anaconda3/lib/python3.11/site-packages/airflow/example_dags/example_branch_operator.py
[2024-12-14T21:38:08.449-0800] {processor.py:927} WARNING - No viable dags retrieved from /Users/rishukhurana/anaconda3/lib/python3.11/site-packages/airflow/example_dags/example_branch_operator.py
[2024-12-14T21:38:08.532-0800] {processor.py:208} INFO - Processing /Users/rishukhurana/anaconda3/lib/python3.11/site-packages/airflow/example_dags/example_branch_operator.py took 0.118 seconds
[2024-12-14T21:43:59.268-0800] {processor.py:186} INFO - Started process (PID=30331) to work on /Users/rishukhurana/anaconda3/lib/python3.11/site-packages/airflow/example_dags/example_branch_operator.py
[2024-12-14T21:43:59.270-0800] {processor.py:914} INFO - Processing file /Users/rishukhurana/anaconda3/lib/python3.11/site-packages/airflow/example_dags/example_branch_operator.py for tasks to queue
[2024-12-14T21:43:59.271-0800] {logging_mixin.py:190} INFO - [2024-12-14T21:43:59.271-0800] {dagbag.py:588} INFO - Filling up the DagBag from /Users/rishukhurana/anaconda3/lib/python3.11/site-packages/airflow/example_dags/example_branch_operator.py
[2024-12-14T21:43:59.288-0800] {processor.py:927} WARNING - No viable dags retrieved from /Users/rishukhurana/anaconda3/lib/python3.11/site-packages/airflow/example_dags/example_branch_operator.py
[2024-12-14T21:43:59.357-0800] {processor.py:208} INFO - Processing /Users/rishukhurana/anaconda3/lib/python3.11/site-packages/airflow/example_dags/example_branch_operator.py took 0.095 seconds
[2024-12-14T21:49:49.208-0800] {processor.py:186} INFO - Started process (PID=30651) to work on /Users/rishukhurana/anaconda3/lib/python3.11/site-packages/airflow/example_dags/example_branch_operator.py
[2024-12-14T21:49:49.211-0800] {processor.py:914} INFO - Processing file /Users/rishukhurana/anaconda3/lib/python3.11/site-packages/airflow/example_dags/example_branch_operator.py for tasks to queue
[2024-12-14T21:49:49.212-0800] {logging_mixin.py:190} INFO - [2024-12-14T21:49:49.212-0800] {dagbag.py:588} INFO - Filling up the DagBag from /Users/rishukhurana/anaconda3/lib/python3.11/site-packages/airflow/example_dags/example_branch_operator.py
[2024-12-14T21:49:49.231-0800] {processor.py:927} WARNING - No viable dags retrieved from /Users/rishukhurana/anaconda3/lib/python3.11/site-packages/airflow/example_dags/example_branch_operator.py
[2024-12-14T21:49:49.299-0800] {processor.py:208} INFO - Processing /Users/rishukhurana/anaconda3/lib/python3.11/site-packages/airflow/example_dags/example_branch_operator.py took 0.097 seconds
[2024-12-14T22:39:47.989-0800] {processor.py:186} INFO - Started process (PID=30977) to work on /Users/rishukhurana/anaconda3/lib/python3.11/site-packages/airflow/example_dags/example_branch_operator.py
[2024-12-14T22:39:47.991-0800] {processor.py:914} INFO - Processing file /Users/rishukhurana/anaconda3/lib/python3.11/site-packages/airflow/example_dags/example_branch_operator.py for tasks to queue
[2024-12-14T22:39:47.992-0800] {logging_mixin.py:190} INFO - [2024-12-14T22:39:47.992-0800] {dagbag.py:588} INFO - Filling up the DagBag from /Users/rishukhurana/anaconda3/lib/python3.11/site-packages/airflow/example_dags/example_branch_operator.py
[2024-12-14T22:39:48.017-0800] {processor.py:927} WARNING - No viable dags retrieved from /Users/rishukhurana/anaconda3/lib/python3.11/site-packages/airflow/example_dags/example_branch_operator.py
[2024-12-14T22:39:48.119-0800] {processor.py:208} INFO - Processing /Users/rishukhurana/anaconda3/lib/python3.11/site-packages/airflow/example_dags/example_branch_operator.py took 0.135 seconds
[2024-12-14T22:46:14.701-0800] {processor.py:186} INFO - Started process (PID=31279) to work on /Users/rishukhurana/anaconda3/lib/python3.11/site-packages/airflow/example_dags/example_branch_operator.py
[2024-12-14T22:46:14.703-0800] {processor.py:914} INFO - Processing file /Users/rishukhurana/anaconda3/lib/python3.11/site-packages/airflow/example_dags/example_branch_operator.py for tasks to queue
[2024-12-14T22:46:14.704-0800] {logging_mixin.py:190} INFO - [2024-12-14T22:46:14.703-0800] {dagbag.py:588} INFO - Filling up the DagBag from /Users/rishukhurana/anaconda3/lib/python3.11/site-packages/airflow/example_dags/example_branch_operator.py
[2024-12-14T22:46:14.724-0800] {processor.py:927} WARNING - No viable dags retrieved from /Users/rishukhurana/anaconda3/lib/python3.11/site-packages/airflow/example_dags/example_branch_operator.py
[2024-12-14T22:46:14.816-0800] {processor.py:208} INFO - Processing /Users/rishukhurana/anaconda3/lib/python3.11/site-packages/airflow/example_dags/example_branch_operator.py took 0.122 seconds
[2024-12-15T00:24:42.808-0800] {processor.py:186} INFO - Started process (PID=31696) to work on /Users/rishukhurana/anaconda3/lib/python3.11/site-packages/airflow/example_dags/example_branch_operator.py
[2024-12-15T00:24:42.810-0800] {processor.py:914} INFO - Processing file /Users/rishukhurana/anaconda3/lib/python3.11/site-packages/airflow/example_dags/example_branch_operator.py for tasks to queue
[2024-12-15T00:24:42.812-0800] {logging_mixin.py:190} INFO - [2024-12-15T00:24:42.812-0800] {dagbag.py:588} INFO - Filling up the DagBag from /Users/rishukhurana/anaconda3/lib/python3.11/site-packages/airflow/example_dags/example_branch_operator.py
[2024-12-15T00:24:42.832-0800] {processor.py:927} WARNING - No viable dags retrieved from /Users/rishukhurana/anaconda3/lib/python3.11/site-packages/airflow/example_dags/example_branch_operator.py
[2024-12-15T00:24:42.907-0800] {processor.py:208} INFO - Processing /Users/rishukhurana/anaconda3/lib/python3.11/site-packages/airflow/example_dags/example_branch_operator.py took 0.103 seconds
[2024-12-15T00:30:57.833-0800] {processor.py:186} INFO - Started process (PID=31998) to work on /Users/rishukhurana/anaconda3/lib/python3.11/site-packages/airflow/example_dags/example_branch_operator.py
[2024-12-15T00:30:57.835-0800] {processor.py:914} INFO - Processing file /Users/rishukhurana/anaconda3/lib/python3.11/site-packages/airflow/example_dags/example_branch_operator.py for tasks to queue
[2024-12-15T00:30:57.836-0800] {logging_mixin.py:190} INFO - [2024-12-15T00:30:57.836-0800] {dagbag.py:588} INFO - Filling up the DagBag from /Users/rishukhurana/anaconda3/lib/python3.11/site-packages/airflow/example_dags/example_branch_operator.py
[2024-12-15T00:30:57.855-0800] {processor.py:927} WARNING - No viable dags retrieved from /Users/rishukhurana/anaconda3/lib/python3.11/site-packages/airflow/example_dags/example_branch_operator.py
[2024-12-15T00:30:57.932-0800] {processor.py:208} INFO - Processing /Users/rishukhurana/anaconda3/lib/python3.11/site-packages/airflow/example_dags/example_branch_operator.py took 0.104 seconds
[2024-12-15T00:47:23.483-0800] {processor.py:186} INFO - Started process (PID=32328) to work on /Users/rishukhurana/anaconda3/lib/python3.11/site-packages/airflow/example_dags/example_branch_operator.py
[2024-12-15T00:47:23.485-0800] {processor.py:914} INFO - Processing file /Users/rishukhurana/anaconda3/lib/python3.11/site-packages/airflow/example_dags/example_branch_operator.py for tasks to queue
[2024-12-15T00:47:23.487-0800] {logging_mixin.py:190} INFO - [2024-12-15T00:47:23.486-0800] {dagbag.py:588} INFO - Filling up the DagBag from /Users/rishukhurana/anaconda3/lib/python3.11/site-packages/airflow/example_dags/example_branch_operator.py
[2024-12-15T00:47:23.507-0800] {processor.py:927} WARNING - No viable dags retrieved from /Users/rishukhurana/anaconda3/lib/python3.11/site-packages/airflow/example_dags/example_branch_operator.py
[2024-12-15T00:47:23.584-0800] {processor.py:208} INFO - Processing /Users/rishukhurana/anaconda3/lib/python3.11/site-packages/airflow/example_dags/example_branch_operator.py took 0.105 seconds
[2024-12-15T01:39:14.343-0800] {processor.py:186} INFO - Started process (PID=32718) to work on /Users/rishukhurana/anaconda3/lib/python3.11/site-packages/airflow/example_dags/example_branch_operator.py
[2024-12-15T01:39:14.345-0800] {processor.py:914} INFO - Processing file /Users/rishukhurana/anaconda3/lib/python3.11/site-packages/airflow/example_dags/example_branch_operator.py for tasks to queue
[2024-12-15T01:39:14.347-0800] {logging_mixin.py:190} INFO - [2024-12-15T01:39:14.346-0800] {dagbag.py:588} INFO - Filling up the DagBag from /Users/rishukhurana/anaconda3/lib/python3.11/site-packages/airflow/example_dags/example_branch_operator.py
[2024-12-15T01:39:14.371-0800] {processor.py:927} WARNING - No viable dags retrieved from /Users/rishukhurana/anaconda3/lib/python3.11/site-packages/airflow/example_dags/example_branch_operator.py
[2024-12-15T01:39:14.449-0800] {processor.py:208} INFO - Processing /Users/rishukhurana/anaconda3/lib/python3.11/site-packages/airflow/example_dags/example_branch_operator.py took 0.112 seconds
[2024-12-15T01:45:49.279-0800] {processor.py:186} INFO - Started process (PID=33052) to work on /Users/rishukhurana/anaconda3/lib/python3.11/site-packages/airflow/example_dags/example_branch_operator.py
[2024-12-15T01:45:49.282-0800] {processor.py:914} INFO - Processing file /Users/rishukhurana/anaconda3/lib/python3.11/site-packages/airflow/example_dags/example_branch_operator.py for tasks to queue
[2024-12-15T01:45:49.283-0800] {logging_mixin.py:190} INFO - [2024-12-15T01:45:49.283-0800] {dagbag.py:588} INFO - Filling up the DagBag from /Users/rishukhurana/anaconda3/lib/python3.11/site-packages/airflow/example_dags/example_branch_operator.py
[2024-12-15T01:45:49.300-0800] {processor.py:927} WARNING - No viable dags retrieved from /Users/rishukhurana/anaconda3/lib/python3.11/site-packages/airflow/example_dags/example_branch_operator.py
[2024-12-15T01:45:49.371-0800] {processor.py:208} INFO - Processing /Users/rishukhurana/anaconda3/lib/python3.11/site-packages/airflow/example_dags/example_branch_operator.py took 0.098 seconds
[2024-12-15T01:56:31.944-0800] {processor.py:186} INFO - Started process (PID=33394) to work on /Users/rishukhurana/anaconda3/lib/python3.11/site-packages/airflow/example_dags/example_branch_operator.py
[2024-12-15T01:56:31.946-0800] {processor.py:914} INFO - Processing file /Users/rishukhurana/anaconda3/lib/python3.11/site-packages/airflow/example_dags/example_branch_operator.py for tasks to queue
[2024-12-15T01:56:31.947-0800] {logging_mixin.py:190} INFO - [2024-12-15T01:56:31.947-0800] {dagbag.py:588} INFO - Filling up the DagBag from /Users/rishukhurana/anaconda3/lib/python3.11/site-packages/airflow/example_dags/example_branch_operator.py
[2024-12-15T01:56:31.966-0800] {processor.py:927} WARNING - No viable dags retrieved from /Users/rishukhurana/anaconda3/lib/python3.11/site-packages/airflow/example_dags/example_branch_operator.py
[2024-12-15T01:56:32.044-0800] {processor.py:208} INFO - Processing /Users/rishukhurana/anaconda3/lib/python3.11/site-packages/airflow/example_dags/example_branch_operator.py took 0.107 seconds
[2024-12-15T02:02:38.244-0800] {processor.py:186} INFO - Started process (PID=33715) to work on /Users/rishukhurana/anaconda3/lib/python3.11/site-packages/airflow/example_dags/example_branch_operator.py
[2024-12-15T02:02:38.246-0800] {processor.py:914} INFO - Processing file /Users/rishukhurana/anaconda3/lib/python3.11/site-packages/airflow/example_dags/example_branch_operator.py for tasks to queue
[2024-12-15T02:02:38.247-0800] {logging_mixin.py:190} INFO - [2024-12-15T02:02:38.247-0800] {dagbag.py:588} INFO - Filling up the DagBag from /Users/rishukhurana/anaconda3/lib/python3.11/site-packages/airflow/example_dags/example_branch_operator.py
[2024-12-15T02:02:38.266-0800] {processor.py:927} WARNING - No viable dags retrieved from /Users/rishukhurana/anaconda3/lib/python3.11/site-packages/airflow/example_dags/example_branch_operator.py
[2024-12-15T02:02:38.342-0800] {processor.py:208} INFO - Processing /Users/rishukhurana/anaconda3/lib/python3.11/site-packages/airflow/example_dags/example_branch_operator.py took 0.104 seconds
[2024-12-15T02:08:43.942-0800] {processor.py:186} INFO - Started process (PID=34014) to work on /Users/rishukhurana/anaconda3/lib/python3.11/site-packages/airflow/example_dags/example_branch_operator.py
[2024-12-15T02:08:43.945-0800] {processor.py:914} INFO - Processing file /Users/rishukhurana/anaconda3/lib/python3.11/site-packages/airflow/example_dags/example_branch_operator.py for tasks to queue
[2024-12-15T02:08:43.946-0800] {logging_mixin.py:190} INFO - [2024-12-15T02:08:43.946-0800] {dagbag.py:588} INFO - Filling up the DagBag from /Users/rishukhurana/anaconda3/lib/python3.11/site-packages/airflow/example_dags/example_branch_operator.py
[2024-12-15T02:08:43.964-0800] {processor.py:927} WARNING - No viable dags retrieved from /Users/rishukhurana/anaconda3/lib/python3.11/site-packages/airflow/example_dags/example_branch_operator.py
[2024-12-15T02:08:44.041-0800] {processor.py:208} INFO - Processing /Users/rishukhurana/anaconda3/lib/python3.11/site-packages/airflow/example_dags/example_branch_operator.py took 0.105 seconds
[2024-12-15T02:14:48.725-0800] {processor.py:186} INFO - Started process (PID=34305) to work on /Users/rishukhurana/anaconda3/lib/python3.11/site-packages/airflow/example_dags/example_branch_operator.py
[2024-12-15T02:14:48.727-0800] {processor.py:914} INFO - Processing file /Users/rishukhurana/anaconda3/lib/python3.11/site-packages/airflow/example_dags/example_branch_operator.py for tasks to queue
[2024-12-15T02:14:48.728-0800] {logging_mixin.py:190} INFO - [2024-12-15T02:14:48.728-0800] {dagbag.py:588} INFO - Filling up the DagBag from /Users/rishukhurana/anaconda3/lib/python3.11/site-packages/airflow/example_dags/example_branch_operator.py
[2024-12-15T02:14:48.746-0800] {processor.py:927} WARNING - No viable dags retrieved from /Users/rishukhurana/anaconda3/lib/python3.11/site-packages/airflow/example_dags/example_branch_operator.py
[2024-12-15T02:14:48.824-0800] {processor.py:208} INFO - Processing /Users/rishukhurana/anaconda3/lib/python3.11/site-packages/airflow/example_dags/example_branch_operator.py took 0.104 seconds
[2024-12-15T02:21:01.090-0800] {processor.py:186} INFO - Started process (PID=34595) to work on /Users/rishukhurana/anaconda3/lib/python3.11/site-packages/airflow/example_dags/example_branch_operator.py
[2024-12-15T02:21:01.093-0800] {processor.py:914} INFO - Processing file /Users/rishukhurana/anaconda3/lib/python3.11/site-packages/airflow/example_dags/example_branch_operator.py for tasks to queue
[2024-12-15T02:21:01.094-0800] {logging_mixin.py:190} INFO - [2024-12-15T02:21:01.094-0800] {dagbag.py:588} INFO - Filling up the DagBag from /Users/rishukhurana/anaconda3/lib/python3.11/site-packages/airflow/example_dags/example_branch_operator.py
[2024-12-15T02:21:01.114-0800] {processor.py:927} WARNING - No viable dags retrieved from /Users/rishukhurana/anaconda3/lib/python3.11/site-packages/airflow/example_dags/example_branch_operator.py
[2024-12-15T02:21:01.200-0800] {processor.py:208} INFO - Processing /Users/rishukhurana/anaconda3/lib/python3.11/site-packages/airflow/example_dags/example_branch_operator.py took 0.115 seconds
[2024-12-15T02:27:17.985-0800] {processor.py:186} INFO - Started process (PID=34889) to work on /Users/rishukhurana/anaconda3/lib/python3.11/site-packages/airflow/example_dags/example_branch_operator.py
[2024-12-15T02:27:17.988-0800] {processor.py:914} INFO - Processing file /Users/rishukhurana/anaconda3/lib/python3.11/site-packages/airflow/example_dags/example_branch_operator.py for tasks to queue
[2024-12-15T02:27:17.989-0800] {logging_mixin.py:190} INFO - [2024-12-15T02:27:17.989-0800] {dagbag.py:588} INFO - Filling up the DagBag from /Users/rishukhurana/anaconda3/lib/python3.11/site-packages/airflow/example_dags/example_branch_operator.py
[2024-12-15T02:27:18.008-0800] {processor.py:927} WARNING - No viable dags retrieved from /Users/rishukhurana/anaconda3/lib/python3.11/site-packages/airflow/example_dags/example_branch_operator.py
[2024-12-15T02:27:18.077-0800] {processor.py:208} INFO - Processing /Users/rishukhurana/anaconda3/lib/python3.11/site-packages/airflow/example_dags/example_branch_operator.py took 0.098 seconds
[2024-12-15T03:28:00.035-0800] {processor.py:186} INFO - Started process (PID=35296) to work on /Users/rishukhurana/anaconda3/lib/python3.11/site-packages/airflow/example_dags/example_branch_operator.py
[2024-12-15T03:28:00.037-0800] {processor.py:914} INFO - Processing file /Users/rishukhurana/anaconda3/lib/python3.11/site-packages/airflow/example_dags/example_branch_operator.py for tasks to queue
[2024-12-15T03:28:00.038-0800] {logging_mixin.py:190} INFO - [2024-12-15T03:28:00.038-0800] {dagbag.py:588} INFO - Filling up the DagBag from /Users/rishukhurana/anaconda3/lib/python3.11/site-packages/airflow/example_dags/example_branch_operator.py
[2024-12-15T03:28:00.058-0800] {processor.py:927} WARNING - No viable dags retrieved from /Users/rishukhurana/anaconda3/lib/python3.11/site-packages/airflow/example_dags/example_branch_operator.py
[2024-12-15T03:28:00.126-0800] {processor.py:208} INFO - Processing /Users/rishukhurana/anaconda3/lib/python3.11/site-packages/airflow/example_dags/example_branch_operator.py took 0.097 seconds
[2024-12-15T03:34:50.089-0800] {processor.py:186} INFO - Started process (PID=35637) to work on /Users/rishukhurana/anaconda3/lib/python3.11/site-packages/airflow/example_dags/example_branch_operator.py
[2024-12-15T03:34:50.091-0800] {processor.py:914} INFO - Processing file /Users/rishukhurana/anaconda3/lib/python3.11/site-packages/airflow/example_dags/example_branch_operator.py for tasks to queue
[2024-12-15T03:34:50.092-0800] {logging_mixin.py:190} INFO - [2024-12-15T03:34:50.092-0800] {dagbag.py:588} INFO - Filling up the DagBag from /Users/rishukhurana/anaconda3/lib/python3.11/site-packages/airflow/example_dags/example_branch_operator.py
[2024-12-15T03:34:50.112-0800] {processor.py:927} WARNING - No viable dags retrieved from /Users/rishukhurana/anaconda3/lib/python3.11/site-packages/airflow/example_dags/example_branch_operator.py
[2024-12-15T03:34:50.197-0800] {processor.py:208} INFO - Processing /Users/rishukhurana/anaconda3/lib/python3.11/site-packages/airflow/example_dags/example_branch_operator.py took 0.113 seconds
[2024-12-15T03:40:53.294-0800] {processor.py:186} INFO - Started process (PID=35978) to work on /Users/rishukhurana/anaconda3/lib/python3.11/site-packages/airflow/example_dags/example_branch_operator.py
[2024-12-15T03:40:53.296-0800] {processor.py:914} INFO - Processing file /Users/rishukhurana/anaconda3/lib/python3.11/site-packages/airflow/example_dags/example_branch_operator.py for tasks to queue
[2024-12-15T03:40:53.297-0800] {logging_mixin.py:190} INFO - [2024-12-15T03:40:53.297-0800] {dagbag.py:588} INFO - Filling up the DagBag from /Users/rishukhurana/anaconda3/lib/python3.11/site-packages/airflow/example_dags/example_branch_operator.py
[2024-12-15T03:40:53.314-0800] {processor.py:927} WARNING - No viable dags retrieved from /Users/rishukhurana/anaconda3/lib/python3.11/site-packages/airflow/example_dags/example_branch_operator.py
[2024-12-15T03:40:53.388-0800] {processor.py:208} INFO - Processing /Users/rishukhurana/anaconda3/lib/python3.11/site-packages/airflow/example_dags/example_branch_operator.py took 0.100 seconds
[2024-12-15T03:46:43.280-0800] {processor.py:186} INFO - Started process (PID=36266) to work on /Users/rishukhurana/anaconda3/lib/python3.11/site-packages/airflow/example_dags/example_branch_operator.py
[2024-12-15T03:46:43.283-0800] {processor.py:914} INFO - Processing file /Users/rishukhurana/anaconda3/lib/python3.11/site-packages/airflow/example_dags/example_branch_operator.py for tasks to queue
[2024-12-15T03:46:43.284-0800] {logging_mixin.py:190} INFO - [2024-12-15T03:46:43.284-0800] {dagbag.py:588} INFO - Filling up the DagBag from /Users/rishukhurana/anaconda3/lib/python3.11/site-packages/airflow/example_dags/example_branch_operator.py
[2024-12-15T03:46:43.303-0800] {processor.py:927} WARNING - No viable dags retrieved from /Users/rishukhurana/anaconda3/lib/python3.11/site-packages/airflow/example_dags/example_branch_operator.py
[2024-12-15T03:46:43.373-0800] {processor.py:208} INFO - Processing /Users/rishukhurana/anaconda3/lib/python3.11/site-packages/airflow/example_dags/example_branch_operator.py took 0.099 seconds
[2024-12-15T03:54:14.388-0800] {processor.py:186} INFO - Started process (PID=36601) to work on /Users/rishukhurana/anaconda3/lib/python3.11/site-packages/airflow/example_dags/example_branch_operator.py
[2024-12-15T03:54:14.391-0800] {processor.py:914} INFO - Processing file /Users/rishukhurana/anaconda3/lib/python3.11/site-packages/airflow/example_dags/example_branch_operator.py for tasks to queue
[2024-12-15T03:54:14.392-0800] {logging_mixin.py:190} INFO - [2024-12-15T03:54:14.392-0800] {dagbag.py:588} INFO - Filling up the DagBag from /Users/rishukhurana/anaconda3/lib/python3.11/site-packages/airflow/example_dags/example_branch_operator.py
[2024-12-15T03:54:14.410-0800] {processor.py:927} WARNING - No viable dags retrieved from /Users/rishukhurana/anaconda3/lib/python3.11/site-packages/airflow/example_dags/example_branch_operator.py
[2024-12-15T03:54:14.482-0800] {processor.py:208} INFO - Processing /Users/rishukhurana/anaconda3/lib/python3.11/site-packages/airflow/example_dags/example_branch_operator.py took 0.100 seconds
[2024-12-15T06:20:56.196-0800] {processor.py:186} INFO - Started process (PID=37026) to work on /Users/rishukhurana/anaconda3/lib/python3.11/site-packages/airflow/example_dags/example_branch_operator.py
[2024-12-15T06:20:56.198-0800] {processor.py:914} INFO - Processing file /Users/rishukhurana/anaconda3/lib/python3.11/site-packages/airflow/example_dags/example_branch_operator.py for tasks to queue
[2024-12-15T06:20:56.199-0800] {logging_mixin.py:190} INFO - [2024-12-15T06:20:56.199-0800] {dagbag.py:588} INFO - Filling up the DagBag from /Users/rishukhurana/anaconda3/lib/python3.11/site-packages/airflow/example_dags/example_branch_operator.py
[2024-12-15T06:20:56.220-0800] {processor.py:927} WARNING - No viable dags retrieved from /Users/rishukhurana/anaconda3/lib/python3.11/site-packages/airflow/example_dags/example_branch_operator.py
[2024-12-15T06:20:56.293-0800] {processor.py:208} INFO - Processing /Users/rishukhurana/anaconda3/lib/python3.11/site-packages/airflow/example_dags/example_branch_operator.py took 0.105 seconds
[2024-12-15T06:27:19.910-0800] {processor.py:186} INFO - Started process (PID=37336) to work on /Users/rishukhurana/anaconda3/lib/python3.11/site-packages/airflow/example_dags/example_branch_operator.py
[2024-12-15T06:27:19.913-0800] {processor.py:914} INFO - Processing file /Users/rishukhurana/anaconda3/lib/python3.11/site-packages/airflow/example_dags/example_branch_operator.py for tasks to queue
[2024-12-15T06:27:19.914-0800] {logging_mixin.py:190} INFO - [2024-12-15T06:27:19.913-0800] {dagbag.py:588} INFO - Filling up the DagBag from /Users/rishukhurana/anaconda3/lib/python3.11/site-packages/airflow/example_dags/example_branch_operator.py
[2024-12-15T06:27:19.934-0800] {processor.py:927} WARNING - No viable dags retrieved from /Users/rishukhurana/anaconda3/lib/python3.11/site-packages/airflow/example_dags/example_branch_operator.py
[2024-12-15T06:27:20.016-0800] {processor.py:208} INFO - Processing /Users/rishukhurana/anaconda3/lib/python3.11/site-packages/airflow/example_dags/example_branch_operator.py took 0.113 seconds
[2024-12-15T07:18:19.876-0800] {processor.py:186} INFO - Started process (PID=37766) to work on /Users/rishukhurana/anaconda3/lib/python3.11/site-packages/airflow/example_dags/example_branch_operator.py
[2024-12-15T07:18:19.878-0800] {processor.py:914} INFO - Processing file /Users/rishukhurana/anaconda3/lib/python3.11/site-packages/airflow/example_dags/example_branch_operator.py for tasks to queue
[2024-12-15T07:18:19.880-0800] {logging_mixin.py:190} INFO - [2024-12-15T07:18:19.879-0800] {dagbag.py:588} INFO - Filling up the DagBag from /Users/rishukhurana/anaconda3/lib/python3.11/site-packages/airflow/example_dags/example_branch_operator.py
[2024-12-15T07:18:19.898-0800] {processor.py:927} WARNING - No viable dags retrieved from /Users/rishukhurana/anaconda3/lib/python3.11/site-packages/airflow/example_dags/example_branch_operator.py
[2024-12-15T07:18:19.973-0800] {processor.py:208} INFO - Processing /Users/rishukhurana/anaconda3/lib/python3.11/site-packages/airflow/example_dags/example_branch_operator.py took 0.104 seconds
[2024-12-15T07:24:05.525-0800] {processor.py:186} INFO - Started process (PID=38067) to work on /Users/rishukhurana/anaconda3/lib/python3.11/site-packages/airflow/example_dags/example_branch_operator.py
[2024-12-15T07:24:05.528-0800] {processor.py:914} INFO - Processing file /Users/rishukhurana/anaconda3/lib/python3.11/site-packages/airflow/example_dags/example_branch_operator.py for tasks to queue
[2024-12-15T07:24:05.529-0800] {logging_mixin.py:190} INFO - [2024-12-15T07:24:05.529-0800] {dagbag.py:588} INFO - Filling up the DagBag from /Users/rishukhurana/anaconda3/lib/python3.11/site-packages/airflow/example_dags/example_branch_operator.py
[2024-12-15T07:24:05.548-0800] {processor.py:927} WARNING - No viable dags retrieved from /Users/rishukhurana/anaconda3/lib/python3.11/site-packages/airflow/example_dags/example_branch_operator.py
[2024-12-15T07:24:05.617-0800] {processor.py:208} INFO - Processing /Users/rishukhurana/anaconda3/lib/python3.11/site-packages/airflow/example_dags/example_branch_operator.py took 0.097 seconds
[2024-12-15T07:29:59.064-0800] {processor.py:186} INFO - Started process (PID=38351) to work on /Users/rishukhurana/anaconda3/lib/python3.11/site-packages/airflow/example_dags/example_branch_operator.py
[2024-12-15T07:29:59.066-0800] {processor.py:914} INFO - Processing file /Users/rishukhurana/anaconda3/lib/python3.11/site-packages/airflow/example_dags/example_branch_operator.py for tasks to queue
[2024-12-15T07:29:59.067-0800] {logging_mixin.py:190} INFO - [2024-12-15T07:29:59.067-0800] {dagbag.py:588} INFO - Filling up the DagBag from /Users/rishukhurana/anaconda3/lib/python3.11/site-packages/airflow/example_dags/example_branch_operator.py
[2024-12-15T07:29:59.086-0800] {processor.py:927} WARNING - No viable dags retrieved from /Users/rishukhurana/anaconda3/lib/python3.11/site-packages/airflow/example_dags/example_branch_operator.py
[2024-12-15T07:29:59.163-0800] {processor.py:208} INFO - Processing /Users/rishukhurana/anaconda3/lib/python3.11/site-packages/airflow/example_dags/example_branch_operator.py took 0.106 seconds
[2024-12-15T07:36:06.670-0800] {processor.py:186} INFO - Started process (PID=38643) to work on /Users/rishukhurana/anaconda3/lib/python3.11/site-packages/airflow/example_dags/example_branch_operator.py
[2024-12-15T07:36:06.673-0800] {processor.py:914} INFO - Processing file /Users/rishukhurana/anaconda3/lib/python3.11/site-packages/airflow/example_dags/example_branch_operator.py for tasks to queue
[2024-12-15T07:36:06.674-0800] {logging_mixin.py:190} INFO - [2024-12-15T07:36:06.673-0800] {dagbag.py:588} INFO - Filling up the DagBag from /Users/rishukhurana/anaconda3/lib/python3.11/site-packages/airflow/example_dags/example_branch_operator.py
[2024-12-15T07:36:06.692-0800] {processor.py:927} WARNING - No viable dags retrieved from /Users/rishukhurana/anaconda3/lib/python3.11/site-packages/airflow/example_dags/example_branch_operator.py
[2024-12-15T07:36:06.770-0800] {processor.py:208} INFO - Processing /Users/rishukhurana/anaconda3/lib/python3.11/site-packages/airflow/example_dags/example_branch_operator.py took 0.105 seconds
[2024-12-15T07:42:14.770-0800] {processor.py:186} INFO - Started process (PID=38934) to work on /Users/rishukhurana/anaconda3/lib/python3.11/site-packages/airflow/example_dags/example_branch_operator.py
[2024-12-15T07:42:14.772-0800] {processor.py:914} INFO - Processing file /Users/rishukhurana/anaconda3/lib/python3.11/site-packages/airflow/example_dags/example_branch_operator.py for tasks to queue
[2024-12-15T07:42:14.774-0800] {logging_mixin.py:190} INFO - [2024-12-15T07:42:14.774-0800] {dagbag.py:588} INFO - Filling up the DagBag from /Users/rishukhurana/anaconda3/lib/python3.11/site-packages/airflow/example_dags/example_branch_operator.py
[2024-12-15T07:42:14.794-0800] {processor.py:927} WARNING - No viable dags retrieved from /Users/rishukhurana/anaconda3/lib/python3.11/site-packages/airflow/example_dags/example_branch_operator.py
[2024-12-15T07:42:14.871-0800] {processor.py:208} INFO - Processing /Users/rishukhurana/anaconda3/lib/python3.11/site-packages/airflow/example_dags/example_branch_operator.py took 0.106 seconds
[2024-12-15T07:48:24.564-0800] {processor.py:186} INFO - Started process (PID=39225) to work on /Users/rishukhurana/anaconda3/lib/python3.11/site-packages/airflow/example_dags/example_branch_operator.py
[2024-12-15T07:48:24.566-0800] {processor.py:914} INFO - Processing file /Users/rishukhurana/anaconda3/lib/python3.11/site-packages/airflow/example_dags/example_branch_operator.py for tasks to queue
[2024-12-15T07:48:24.567-0800] {logging_mixin.py:190} INFO - [2024-12-15T07:48:24.567-0800] {dagbag.py:588} INFO - Filling up the DagBag from /Users/rishukhurana/anaconda3/lib/python3.11/site-packages/airflow/example_dags/example_branch_operator.py
[2024-12-15T07:48:24.587-0800] {processor.py:927} WARNING - No viable dags retrieved from /Users/rishukhurana/anaconda3/lib/python3.11/site-packages/airflow/example_dags/example_branch_operator.py
[2024-12-15T07:48:24.666-0800] {processor.py:208} INFO - Processing /Users/rishukhurana/anaconda3/lib/python3.11/site-packages/airflow/example_dags/example_branch_operator.py took 0.108 seconds
[2024-12-15T07:54:36.949-0800] {processor.py:186} INFO - Started process (PID=39545) to work on /Users/rishukhurana/anaconda3/lib/python3.11/site-packages/airflow/example_dags/example_branch_operator.py
[2024-12-15T07:54:36.952-0800] {processor.py:914} INFO - Processing file /Users/rishukhurana/anaconda3/lib/python3.11/site-packages/airflow/example_dags/example_branch_operator.py for tasks to queue
[2024-12-15T07:54:36.953-0800] {logging_mixin.py:190} INFO - [2024-12-15T07:54:36.953-0800] {dagbag.py:588} INFO - Filling up the DagBag from /Users/rishukhurana/anaconda3/lib/python3.11/site-packages/airflow/example_dags/example_branch_operator.py
[2024-12-15T07:54:36.972-0800] {processor.py:927} WARNING - No viable dags retrieved from /Users/rishukhurana/anaconda3/lib/python3.11/site-packages/airflow/example_dags/example_branch_operator.py
[2024-12-15T07:54:37.052-0800] {processor.py:208} INFO - Processing /Users/rishukhurana/anaconda3/lib/python3.11/site-packages/airflow/example_dags/example_branch_operator.py took 0.109 seconds
[2024-12-15T08:00:49.481-0800] {processor.py:186} INFO - Started process (PID=39838) to work on /Users/rishukhurana/anaconda3/lib/python3.11/site-packages/airflow/example_dags/example_branch_operator.py
[2024-12-15T08:00:49.483-0800] {processor.py:914} INFO - Processing file /Users/rishukhurana/anaconda3/lib/python3.11/site-packages/airflow/example_dags/example_branch_operator.py for tasks to queue
[2024-12-15T08:00:49.484-0800] {logging_mixin.py:190} INFO - [2024-12-15T08:00:49.484-0800] {dagbag.py:588} INFO - Filling up the DagBag from /Users/rishukhurana/anaconda3/lib/python3.11/site-packages/airflow/example_dags/example_branch_operator.py
[2024-12-15T08:00:49.504-0800] {processor.py:927} WARNING - No viable dags retrieved from /Users/rishukhurana/anaconda3/lib/python3.11/site-packages/airflow/example_dags/example_branch_operator.py
[2024-12-15T08:00:49.581-0800] {processor.py:208} INFO - Processing /Users/rishukhurana/anaconda3/lib/python3.11/site-packages/airflow/example_dags/example_branch_operator.py took 0.106 seconds
[2024-12-15T08:07:08.096-0800] {processor.py:186} INFO - Started process (PID=40140) to work on /Users/rishukhurana/anaconda3/lib/python3.11/site-packages/airflow/example_dags/example_branch_operator.py
[2024-12-15T08:07:08.099-0800] {processor.py:914} INFO - Processing file /Users/rishukhurana/anaconda3/lib/python3.11/site-packages/airflow/example_dags/example_branch_operator.py for tasks to queue
[2024-12-15T08:07:08.100-0800] {logging_mixin.py:190} INFO - [2024-12-15T08:07:08.100-0800] {dagbag.py:588} INFO - Filling up the DagBag from /Users/rishukhurana/anaconda3/lib/python3.11/site-packages/airflow/example_dags/example_branch_operator.py
[2024-12-15T08:07:08.120-0800] {processor.py:927} WARNING - No viable dags retrieved from /Users/rishukhurana/anaconda3/lib/python3.11/site-packages/airflow/example_dags/example_branch_operator.py
[2024-12-15T08:07:08.203-0800] {processor.py:208} INFO - Processing /Users/rishukhurana/anaconda3/lib/python3.11/site-packages/airflow/example_dags/example_branch_operator.py took 0.113 seconds
[2024-12-15T08:14:23.439-0800] {processor.py:186} INFO - Started process (PID=40458) to work on /Users/rishukhurana/anaconda3/lib/python3.11/site-packages/airflow/example_dags/example_branch_operator.py
[2024-12-15T08:14:23.441-0800] {processor.py:914} INFO - Processing file /Users/rishukhurana/anaconda3/lib/python3.11/site-packages/airflow/example_dags/example_branch_operator.py for tasks to queue
[2024-12-15T08:14:23.442-0800] {logging_mixin.py:190} INFO - [2024-12-15T08:14:23.442-0800] {dagbag.py:588} INFO - Filling up the DagBag from /Users/rishukhurana/anaconda3/lib/python3.11/site-packages/airflow/example_dags/example_branch_operator.py
[2024-12-15T08:14:23.461-0800] {processor.py:927} WARNING - No viable dags retrieved from /Users/rishukhurana/anaconda3/lib/python3.11/site-packages/airflow/example_dags/example_branch_operator.py
[2024-12-15T08:14:23.541-0800] {processor.py:208} INFO - Processing /Users/rishukhurana/anaconda3/lib/python3.11/site-packages/airflow/example_dags/example_branch_operator.py took 0.108 seconds
[2024-12-15T10:50:00.095-0800] {processor.py:186} INFO - Started process (PID=40971) to work on /Users/rishukhurana/anaconda3/lib/python3.11/site-packages/airflow/example_dags/example_branch_operator.py
[2024-12-15T10:50:00.103-0800] {processor.py:914} INFO - Processing file /Users/rishukhurana/anaconda3/lib/python3.11/site-packages/airflow/example_dags/example_branch_operator.py for tasks to queue
[2024-12-15T10:50:00.105-0800] {logging_mixin.py:190} INFO - [2024-12-15T10:50:00.104-0800] {dagbag.py:588} INFO - Filling up the DagBag from /Users/rishukhurana/anaconda3/lib/python3.11/site-packages/airflow/example_dags/example_branch_operator.py
[2024-12-15T10:50:00.153-0800] {processor.py:927} WARNING - No viable dags retrieved from /Users/rishukhurana/anaconda3/lib/python3.11/site-packages/airflow/example_dags/example_branch_operator.py
[2024-12-15T10:50:00.292-0800] {processor.py:208} INFO - Processing /Users/rishukhurana/anaconda3/lib/python3.11/site-packages/airflow/example_dags/example_branch_operator.py took 0.205 seconds
[2024-12-15T11:56:58.374-0800] {processor.py:186} INFO - Started process (PID=41474) to work on /Users/rishukhurana/anaconda3/lib/python3.11/site-packages/airflow/example_dags/example_branch_operator.py
[2024-12-15T11:56:58.378-0800] {processor.py:914} INFO - Processing file /Users/rishukhurana/anaconda3/lib/python3.11/site-packages/airflow/example_dags/example_branch_operator.py for tasks to queue
[2024-12-15T11:56:58.379-0800] {logging_mixin.py:190} INFO - [2024-12-15T11:56:58.379-0800] {dagbag.py:588} INFO - Filling up the DagBag from /Users/rishukhurana/anaconda3/lib/python3.11/site-packages/airflow/example_dags/example_branch_operator.py
[2024-12-15T11:56:58.426-0800] {processor.py:927} WARNING - No viable dags retrieved from /Users/rishukhurana/anaconda3/lib/python3.11/site-packages/airflow/example_dags/example_branch_operator.py
[2024-12-15T11:56:58.520-0800] {processor.py:208} INFO - Processing /Users/rishukhurana/anaconda3/lib/python3.11/site-packages/airflow/example_dags/example_branch_operator.py took 0.151 seconds
[2024-12-15T12:03:34.357-0800] {processor.py:186} INFO - Started process (PID=41784) to work on /Users/rishukhurana/anaconda3/lib/python3.11/site-packages/airflow/example_dags/example_branch_operator.py
[2024-12-15T12:03:34.359-0800] {processor.py:914} INFO - Processing file /Users/rishukhurana/anaconda3/lib/python3.11/site-packages/airflow/example_dags/example_branch_operator.py for tasks to queue
[2024-12-15T12:03:34.360-0800] {logging_mixin.py:190} INFO - [2024-12-15T12:03:34.360-0800] {dagbag.py:588} INFO - Filling up the DagBag from /Users/rishukhurana/anaconda3/lib/python3.11/site-packages/airflow/example_dags/example_branch_operator.py
[2024-12-15T12:03:34.376-0800] {processor.py:927} WARNING - No viable dags retrieved from /Users/rishukhurana/anaconda3/lib/python3.11/site-packages/airflow/example_dags/example_branch_operator.py
[2024-12-15T12:03:34.444-0800] {processor.py:208} INFO - Processing /Users/rishukhurana/anaconda3/lib/python3.11/site-packages/airflow/example_dags/example_branch_operator.py took 0.094 seconds
[2024-12-15T12:10:54.852-0800] {processor.py:186} INFO - Started process (PID=42144) to work on /Users/rishukhurana/anaconda3/lib/python3.11/site-packages/airflow/example_dags/example_branch_operator.py
[2024-12-15T12:10:54.854-0800] {processor.py:914} INFO - Processing file /Users/rishukhurana/anaconda3/lib/python3.11/site-packages/airflow/example_dags/example_branch_operator.py for tasks to queue
[2024-12-15T12:10:54.855-0800] {logging_mixin.py:190} INFO - [2024-12-15T12:10:54.855-0800] {dagbag.py:588} INFO - Filling up the DagBag from /Users/rishukhurana/anaconda3/lib/python3.11/site-packages/airflow/example_dags/example_branch_operator.py
[2024-12-15T12:10:54.876-0800] {processor.py:927} WARNING - No viable dags retrieved from /Users/rishukhurana/anaconda3/lib/python3.11/site-packages/airflow/example_dags/example_branch_operator.py
[2024-12-15T12:10:54.954-0800] {processor.py:208} INFO - Processing /Users/rishukhurana/anaconda3/lib/python3.11/site-packages/airflow/example_dags/example_branch_operator.py took 0.108 seconds
[2024-12-15T12:17:24.868-0800] {processor.py:186} INFO - Started process (PID=42440) to work on /Users/rishukhurana/anaconda3/lib/python3.11/site-packages/airflow/example_dags/example_branch_operator.py
[2024-12-15T12:17:24.871-0800] {processor.py:914} INFO - Processing file /Users/rishukhurana/anaconda3/lib/python3.11/site-packages/airflow/example_dags/example_branch_operator.py for tasks to queue
[2024-12-15T12:17:24.872-0800] {logging_mixin.py:190} INFO - [2024-12-15T12:17:24.871-0800] {dagbag.py:588} INFO - Filling up the DagBag from /Users/rishukhurana/anaconda3/lib/python3.11/site-packages/airflow/example_dags/example_branch_operator.py
[2024-12-15T12:17:24.889-0800] {processor.py:927} WARNING - No viable dags retrieved from /Users/rishukhurana/anaconda3/lib/python3.11/site-packages/airflow/example_dags/example_branch_operator.py
[2024-12-15T12:17:24.958-0800] {processor.py:208} INFO - Processing /Users/rishukhurana/anaconda3/lib/python3.11/site-packages/airflow/example_dags/example_branch_operator.py took 0.097 seconds
[2024-12-15T12:23:47.386-0800] {processor.py:186} INFO - Started process (PID=42735) to work on /Users/rishukhurana/anaconda3/lib/python3.11/site-packages/airflow/example_dags/example_branch_operator.py
[2024-12-15T12:23:47.388-0800] {processor.py:914} INFO - Processing file /Users/rishukhurana/anaconda3/lib/python3.11/site-packages/airflow/example_dags/example_branch_operator.py for tasks to queue
[2024-12-15T12:23:47.389-0800] {logging_mixin.py:190} INFO - [2024-12-15T12:23:47.389-0800] {dagbag.py:588} INFO - Filling up the DagBag from /Users/rishukhurana/anaconda3/lib/python3.11/site-packages/airflow/example_dags/example_branch_operator.py
[2024-12-15T12:23:47.408-0800] {processor.py:927} WARNING - No viable dags retrieved from /Users/rishukhurana/anaconda3/lib/python3.11/site-packages/airflow/example_dags/example_branch_operator.py
[2024-12-15T12:23:47.486-0800] {processor.py:208} INFO - Processing /Users/rishukhurana/anaconda3/lib/python3.11/site-packages/airflow/example_dags/example_branch_operator.py took 0.106 seconds
[2024-12-15T12:30:14.157-0800] {processor.py:186} INFO - Started process (PID=43031) to work on /Users/rishukhurana/anaconda3/lib/python3.11/site-packages/airflow/example_dags/example_branch_operator.py
[2024-12-15T12:30:14.160-0800] {processor.py:914} INFO - Processing file /Users/rishukhurana/anaconda3/lib/python3.11/site-packages/airflow/example_dags/example_branch_operator.py for tasks to queue
[2024-12-15T12:30:14.161-0800] {logging_mixin.py:190} INFO - [2024-12-15T12:30:14.161-0800] {dagbag.py:588} INFO - Filling up the DagBag from /Users/rishukhurana/anaconda3/lib/python3.11/site-packages/airflow/example_dags/example_branch_operator.py
[2024-12-15T12:30:14.197-0800] {processor.py:927} WARNING - No viable dags retrieved from /Users/rishukhurana/anaconda3/lib/python3.11/site-packages/airflow/example_dags/example_branch_operator.py
[2024-12-15T12:30:14.272-0800] {processor.py:208} INFO - Processing /Users/rishukhurana/anaconda3/lib/python3.11/site-packages/airflow/example_dags/example_branch_operator.py took 0.122 seconds
[2024-12-15T12:36:55.775-0800] {processor.py:186} INFO - Started process (PID=43352) to work on /Users/rishukhurana/anaconda3/lib/python3.11/site-packages/airflow/example_dags/example_branch_operator.py
[2024-12-15T12:36:55.777-0800] {processor.py:914} INFO - Processing file /Users/rishukhurana/anaconda3/lib/python3.11/site-packages/airflow/example_dags/example_branch_operator.py for tasks to queue
[2024-12-15T12:36:55.778-0800] {logging_mixin.py:190} INFO - [2024-12-15T12:36:55.778-0800] {dagbag.py:588} INFO - Filling up the DagBag from /Users/rishukhurana/anaconda3/lib/python3.11/site-packages/airflow/example_dags/example_branch_operator.py
[2024-12-15T12:36:55.801-0800] {processor.py:927} WARNING - No viable dags retrieved from /Users/rishukhurana/anaconda3/lib/python3.11/site-packages/airflow/example_dags/example_branch_operator.py
[2024-12-15T12:36:55.881-0800] {processor.py:208} INFO - Processing /Users/rishukhurana/anaconda3/lib/python3.11/site-packages/airflow/example_dags/example_branch_operator.py took 0.112 seconds
[2024-12-15T12:43:27.688-0800] {processor.py:186} INFO - Started process (PID=43648) to work on /Users/rishukhurana/anaconda3/lib/python3.11/site-packages/airflow/example_dags/example_branch_operator.py
[2024-12-15T12:43:27.691-0800] {processor.py:914} INFO - Processing file /Users/rishukhurana/anaconda3/lib/python3.11/site-packages/airflow/example_dags/example_branch_operator.py for tasks to queue
[2024-12-15T12:43:27.692-0800] {logging_mixin.py:190} INFO - [2024-12-15T12:43:27.692-0800] {dagbag.py:588} INFO - Filling up the DagBag from /Users/rishukhurana/anaconda3/lib/python3.11/site-packages/airflow/example_dags/example_branch_operator.py
[2024-12-15T12:43:27.711-0800] {processor.py:927} WARNING - No viable dags retrieved from /Users/rishukhurana/anaconda3/lib/python3.11/site-packages/airflow/example_dags/example_branch_operator.py
[2024-12-15T12:43:27.787-0800] {processor.py:208} INFO - Processing /Users/rishukhurana/anaconda3/lib/python3.11/site-packages/airflow/example_dags/example_branch_operator.py took 0.105 seconds
[2024-12-15T14:27:31.814-0800] {processor.py:186} INFO - Started process (PID=44026) to work on /Users/rishukhurana/anaconda3/lib/python3.11/site-packages/airflow/example_dags/example_branch_operator.py
[2024-12-15T14:27:31.817-0800] {processor.py:914} INFO - Processing file /Users/rishukhurana/anaconda3/lib/python3.11/site-packages/airflow/example_dags/example_branch_operator.py for tasks to queue
[2024-12-15T14:27:31.818-0800] {logging_mixin.py:190} INFO - [2024-12-15T14:27:31.818-0800] {dagbag.py:588} INFO - Filling up the DagBag from /Users/rishukhurana/anaconda3/lib/python3.11/site-packages/airflow/example_dags/example_branch_operator.py
[2024-12-15T14:27:31.848-0800] {processor.py:927} WARNING - No viable dags retrieved from /Users/rishukhurana/anaconda3/lib/python3.11/site-packages/airflow/example_dags/example_branch_operator.py
[2024-12-15T14:27:31.923-0800] {processor.py:208} INFO - Processing /Users/rishukhurana/anaconda3/lib/python3.11/site-packages/airflow/example_dags/example_branch_operator.py took 0.116 seconds
