[2024-12-14T17:06:57.821-0800] {processor.py:186} INFO - Started process (PID=24033) to work on /Users/rishukhurana/anaconda3/lib/python3.11/site-packages/airflow/example_dags/example_bash_decorator.py
[2024-12-14T17:06:57.835-0800] {processor.py:914} INFO - Processing file /Users/rishukhurana/anaconda3/lib/python3.11/site-packages/airflow/example_dags/example_bash_decorator.py for tasks to queue
[2024-12-14T17:06:57.837-0800] {logging_mixin.py:190} INFO - [2024-12-14T17:06:57.837-0800] {dagbag.py:588} INFO - Filling up the DagBag from /Users/rishukhurana/anaconda3/lib/python3.11/site-packages/airflow/example_dags/example_bash_decorator.py
[2024-12-14T17:06:57.921-0800] {processor.py:925} INFO - DAG(s) 'example_bash_decorator' retrieved from /Users/rishukhurana/anaconda3/lib/python3.11/site-packages/airflow/example_dags/example_bash_decorator.py
[2024-12-14T17:06:58.256-0800] {logging_mixin.py:190} INFO - [2024-12-14T17:06:58.256-0800] {dag.py:3239} INFO - Sync 1 DAGs
[2024-12-14T17:06:58.270-0800] {logging_mixin.py:190} INFO - [2024-12-14T17:06:58.270-0800] {dag.py:4180} INFO - Setting next_dagrun for example_bash_decorator to None, run_after=None
[2024-12-14T17:06:58.290-0800] {processor.py:208} INFO - Processing /Users/rishukhurana/anaconda3/lib/python3.11/site-packages/airflow/example_dags/example_bash_decorator.py took 0.479 seconds
[2024-12-14T19:53:25.100-0800] {processor.py:186} INFO - Started process (PID=24611) to work on /Users/rishukhurana/anaconda3/lib/python3.11/site-packages/airflow/example_dags/example_bash_decorator.py
[2024-12-14T19:53:25.102-0800] {processor.py:914} INFO - Processing file /Users/rishukhurana/anaconda3/lib/python3.11/site-packages/airflow/example_dags/example_bash_decorator.py for tasks to queue
[2024-12-14T19:53:25.103-0800] {logging_mixin.py:190} INFO - [2024-12-14T19:53:25.103-0800] {dagbag.py:588} INFO - Filling up the DagBag from /Users/rishukhurana/anaconda3/lib/python3.11/site-packages/airflow/example_dags/example_bash_decorator.py
[2024-12-14T19:53:25.142-0800] {processor.py:925} INFO - DAG(s) 'example_bash_decorator' retrieved from /Users/rishukhurana/anaconda3/lib/python3.11/site-packages/airflow/example_dags/example_bash_decorator.py
[2024-12-14T19:53:25.311-0800] {logging_mixin.py:190} INFO - [2024-12-14T19:53:25.311-0800] {dag.py:3239} INFO - Sync 1 DAGs
[2024-12-14T19:53:25.320-0800] {logging_mixin.py:190} INFO - [2024-12-14T19:53:25.320-0800] {dag.py:4180} INFO - Setting next_dagrun for example_bash_decorator to None, run_after=None
[2024-12-14T19:53:25.335-0800] {processor.py:208} INFO - Processing /Users/rishukhurana/anaconda3/lib/python3.11/site-packages/airflow/example_dags/example_bash_decorator.py took 0.242 seconds
[2024-12-14T19:59:49.945-0800] {processor.py:186} INFO - Started process (PID=24905) to work on /Users/rishukhurana/anaconda3/lib/python3.11/site-packages/airflow/example_dags/example_bash_decorator.py
[2024-12-14T19:59:49.948-0800] {processor.py:914} INFO - Processing file /Users/rishukhurana/anaconda3/lib/python3.11/site-packages/airflow/example_dags/example_bash_decorator.py for tasks to queue
[2024-12-14T19:59:49.949-0800] {logging_mixin.py:190} INFO - [2024-12-14T19:59:49.949-0800] {dagbag.py:588} INFO - Filling up the DagBag from /Users/rishukhurana/anaconda3/lib/python3.11/site-packages/airflow/example_dags/example_bash_decorator.py
[2024-12-14T19:59:49.993-0800] {processor.py:925} INFO - DAG(s) 'example_bash_decorator' retrieved from /Users/rishukhurana/anaconda3/lib/python3.11/site-packages/airflow/example_dags/example_bash_decorator.py
[2024-12-14T19:59:50.184-0800] {logging_mixin.py:190} INFO - [2024-12-14T19:59:50.183-0800] {dag.py:3239} INFO - Sync 1 DAGs
[2024-12-14T19:59:50.194-0800] {logging_mixin.py:190} INFO - [2024-12-14T19:59:50.193-0800] {dag.py:4180} INFO - Setting next_dagrun for example_bash_decorator to None, run_after=None
[2024-12-14T19:59:50.212-0800] {processor.py:208} INFO - Processing /Users/rishukhurana/anaconda3/lib/python3.11/site-packages/airflow/example_dags/example_bash_decorator.py took 0.273 seconds
[2024-12-14T20:06:02.321-0800] {processor.py:186} INFO - Started process (PID=25205) to work on /Users/rishukhurana/anaconda3/lib/python3.11/site-packages/airflow/example_dags/example_bash_decorator.py
[2024-12-14T20:06:02.324-0800] {processor.py:914} INFO - Processing file /Users/rishukhurana/anaconda3/lib/python3.11/site-packages/airflow/example_dags/example_bash_decorator.py for tasks to queue
[2024-12-14T20:06:02.325-0800] {logging_mixin.py:190} INFO - [2024-12-14T20:06:02.325-0800] {dagbag.py:588} INFO - Filling up the DagBag from /Users/rishukhurana/anaconda3/lib/python3.11/site-packages/airflow/example_dags/example_bash_decorator.py
[2024-12-14T20:06:02.365-0800] {processor.py:925} INFO - DAG(s) 'example_bash_decorator' retrieved from /Users/rishukhurana/anaconda3/lib/python3.11/site-packages/airflow/example_dags/example_bash_decorator.py
[2024-12-14T20:06:02.534-0800] {logging_mixin.py:190} INFO - [2024-12-14T20:06:02.533-0800] {dag.py:3239} INFO - Sync 1 DAGs
[2024-12-14T20:06:02.542-0800] {logging_mixin.py:190} INFO - [2024-12-14T20:06:02.541-0800] {dag.py:4180} INFO - Setting next_dagrun for example_bash_decorator to None, run_after=None
[2024-12-14T20:06:02.559-0800] {processor.py:208} INFO - Processing /Users/rishukhurana/anaconda3/lib/python3.11/site-packages/airflow/example_dags/example_bash_decorator.py took 0.243 seconds
[2024-12-14T20:12:24.225-0800] {processor.py:186} INFO - Started process (PID=25576) to work on /Users/rishukhurana/anaconda3/lib/python3.11/site-packages/airflow/example_dags/example_bash_decorator.py
[2024-12-14T20:12:24.227-0800] {processor.py:914} INFO - Processing file /Users/rishukhurana/anaconda3/lib/python3.11/site-packages/airflow/example_dags/example_bash_decorator.py for tasks to queue
[2024-12-14T20:12:24.229-0800] {logging_mixin.py:190} INFO - [2024-12-14T20:12:24.228-0800] {dagbag.py:588} INFO - Filling up the DagBag from /Users/rishukhurana/anaconda3/lib/python3.11/site-packages/airflow/example_dags/example_bash_decorator.py
[2024-12-14T20:12:24.277-0800] {processor.py:925} INFO - DAG(s) 'example_bash_decorator' retrieved from /Users/rishukhurana/anaconda3/lib/python3.11/site-packages/airflow/example_dags/example_bash_decorator.py
[2024-12-14T20:12:24.510-0800] {logging_mixin.py:190} INFO - [2024-12-14T20:12:24.510-0800] {dag.py:3239} INFO - Sync 1 DAGs
[2024-12-14T20:12:24.520-0800] {logging_mixin.py:190} INFO - [2024-12-14T20:12:24.520-0800] {dag.py:4180} INFO - Setting next_dagrun for example_bash_decorator to None, run_after=None
[2024-12-14T20:12:24.539-0800] {processor.py:208} INFO - Processing /Users/rishukhurana/anaconda3/lib/python3.11/site-packages/airflow/example_dags/example_bash_decorator.py took 0.327 seconds
[2024-12-14T20:18:52.150-0800] {processor.py:186} INFO - Started process (PID=25950) to work on /Users/rishukhurana/anaconda3/lib/python3.11/site-packages/airflow/example_dags/example_bash_decorator.py
[2024-12-14T20:18:52.151-0800] {processor.py:914} INFO - Processing file /Users/rishukhurana/anaconda3/lib/python3.11/site-packages/airflow/example_dags/example_bash_decorator.py for tasks to queue
[2024-12-14T20:18:52.152-0800] {logging_mixin.py:190} INFO - [2024-12-14T20:18:52.152-0800] {dagbag.py:588} INFO - Filling up the DagBag from /Users/rishukhurana/anaconda3/lib/python3.11/site-packages/airflow/example_dags/example_bash_decorator.py
[2024-12-14T20:18:52.198-0800] {processor.py:925} INFO - DAG(s) 'example_bash_decorator' retrieved from /Users/rishukhurana/anaconda3/lib/python3.11/site-packages/airflow/example_dags/example_bash_decorator.py
[2024-12-14T20:18:52.447-0800] {logging_mixin.py:190} INFO - [2024-12-14T20:18:52.446-0800] {dag.py:3239} INFO - Sync 1 DAGs
[2024-12-14T20:18:52.455-0800] {logging_mixin.py:190} INFO - [2024-12-14T20:18:52.455-0800] {dag.py:4180} INFO - Setting next_dagrun for example_bash_decorator to None, run_after=None
[2024-12-14T20:18:52.471-0800] {processor.py:208} INFO - Processing /Users/rishukhurana/anaconda3/lib/python3.11/site-packages/airflow/example_dags/example_bash_decorator.py took 0.328 seconds
[2024-12-14T20:25:41.019-0800] {processor.py:186} INFO - Started process (PID=26308) to work on /Users/rishukhurana/anaconda3/lib/python3.11/site-packages/airflow/example_dags/example_bash_decorator.py
[2024-12-14T20:25:41.021-0800] {processor.py:914} INFO - Processing file /Users/rishukhurana/anaconda3/lib/python3.11/site-packages/airflow/example_dags/example_bash_decorator.py for tasks to queue
[2024-12-14T20:25:41.022-0800] {logging_mixin.py:190} INFO - [2024-12-14T20:25:41.022-0800] {dagbag.py:588} INFO - Filling up the DagBag from /Users/rishukhurana/anaconda3/lib/python3.11/site-packages/airflow/example_dags/example_bash_decorator.py
[2024-12-14T20:25:41.068-0800] {processor.py:925} INFO - DAG(s) 'example_bash_decorator' retrieved from /Users/rishukhurana/anaconda3/lib/python3.11/site-packages/airflow/example_dags/example_bash_decorator.py
[2024-12-14T20:25:41.255-0800] {logging_mixin.py:190} INFO - [2024-12-14T20:25:41.255-0800] {dag.py:3239} INFO - Sync 1 DAGs
[2024-12-14T20:25:41.264-0800] {logging_mixin.py:190} INFO - [2024-12-14T20:25:41.264-0800] {dag.py:4180} INFO - Setting next_dagrun for example_bash_decorator to None, run_after=None
[2024-12-14T20:25:41.282-0800] {processor.py:208} INFO - Processing /Users/rishukhurana/anaconda3/lib/python3.11/site-packages/airflow/example_dags/example_bash_decorator.py took 0.268 seconds
[2024-12-14T20:32:15.999-0800] {processor.py:186} INFO - Started process (PID=26648) to work on /Users/rishukhurana/anaconda3/lib/python3.11/site-packages/airflow/example_dags/example_bash_decorator.py
[2024-12-14T20:32:16.001-0800] {processor.py:914} INFO - Processing file /Users/rishukhurana/anaconda3/lib/python3.11/site-packages/airflow/example_dags/example_bash_decorator.py for tasks to queue
[2024-12-14T20:32:16.002-0800] {logging_mixin.py:190} INFO - [2024-12-14T20:32:16.002-0800] {dagbag.py:588} INFO - Filling up the DagBag from /Users/rishukhurana/anaconda3/lib/python3.11/site-packages/airflow/example_dags/example_bash_decorator.py
[2024-12-14T20:32:16.042-0800] {processor.py:925} INFO - DAG(s) 'example_bash_decorator' retrieved from /Users/rishukhurana/anaconda3/lib/python3.11/site-packages/airflow/example_dags/example_bash_decorator.py
[2024-12-14T20:32:16.205-0800] {logging_mixin.py:190} INFO - [2024-12-14T20:32:16.205-0800] {dag.py:3239} INFO - Sync 1 DAGs
[2024-12-14T20:32:16.213-0800] {logging_mixin.py:190} INFO - [2024-12-14T20:32:16.213-0800] {dag.py:4180} INFO - Setting next_dagrun for example_bash_decorator to None, run_after=None
[2024-12-14T20:32:16.235-0800] {processor.py:208} INFO - Processing /Users/rishukhurana/anaconda3/lib/python3.11/site-packages/airflow/example_dags/example_bash_decorator.py took 0.241 seconds
[2024-12-14T20:38:25.654-0800] {processor.py:186} INFO - Started process (PID=26949) to work on /Users/rishukhurana/anaconda3/lib/python3.11/site-packages/airflow/example_dags/example_bash_decorator.py
[2024-12-14T20:38:25.656-0800] {processor.py:914} INFO - Processing file /Users/rishukhurana/anaconda3/lib/python3.11/site-packages/airflow/example_dags/example_bash_decorator.py for tasks to queue
[2024-12-14T20:38:25.657-0800] {logging_mixin.py:190} INFO - [2024-12-14T20:38:25.657-0800] {dagbag.py:588} INFO - Filling up the DagBag from /Users/rishukhurana/anaconda3/lib/python3.11/site-packages/airflow/example_dags/example_bash_decorator.py
[2024-12-14T20:38:25.699-0800] {processor.py:925} INFO - DAG(s) 'example_bash_decorator' retrieved from /Users/rishukhurana/anaconda3/lib/python3.11/site-packages/airflow/example_dags/example_bash_decorator.py
[2024-12-14T20:38:25.868-0800] {logging_mixin.py:190} INFO - [2024-12-14T20:38:25.868-0800] {dag.py:3239} INFO - Sync 1 DAGs
[2024-12-14T20:38:25.876-0800] {logging_mixin.py:190} INFO - [2024-12-14T20:38:25.876-0800] {dag.py:4180} INFO - Setting next_dagrun for example_bash_decorator to None, run_after=None
[2024-12-14T20:38:25.894-0800] {processor.py:208} INFO - Processing /Users/rishukhurana/anaconda3/lib/python3.11/site-packages/airflow/example_dags/example_bash_decorator.py took 0.245 seconds
[2024-12-14T20:44:29.117-0800] {processor.py:186} INFO - Started process (PID=27240) to work on /Users/rishukhurana/anaconda3/lib/python3.11/site-packages/airflow/example_dags/example_bash_decorator.py
[2024-12-14T20:44:29.120-0800] {processor.py:914} INFO - Processing file /Users/rishukhurana/anaconda3/lib/python3.11/site-packages/airflow/example_dags/example_bash_decorator.py for tasks to queue
[2024-12-14T20:44:29.121-0800] {logging_mixin.py:190} INFO - [2024-12-14T20:44:29.121-0800] {dagbag.py:588} INFO - Filling up the DagBag from /Users/rishukhurana/anaconda3/lib/python3.11/site-packages/airflow/example_dags/example_bash_decorator.py
[2024-12-14T20:44:29.201-0800] {processor.py:925} INFO - DAG(s) 'example_bash_decorator' retrieved from /Users/rishukhurana/anaconda3/lib/python3.11/site-packages/airflow/example_dags/example_bash_decorator.py
[2024-12-14T20:44:29.449-0800] {logging_mixin.py:190} INFO - [2024-12-14T20:44:29.449-0800] {dag.py:3239} INFO - Sync 1 DAGs
[2024-12-14T20:44:29.458-0800] {logging_mixin.py:190} INFO - [2024-12-14T20:44:29.458-0800] {dag.py:4180} INFO - Setting next_dagrun for example_bash_decorator to None, run_after=None
[2024-12-14T20:44:29.473-0800] {processor.py:208} INFO - Processing /Users/rishukhurana/anaconda3/lib/python3.11/site-packages/airflow/example_dags/example_bash_decorator.py took 0.362 seconds
[2024-12-14T20:50:39.762-0800] {processor.py:186} INFO - Started process (PID=27588) to work on /Users/rishukhurana/anaconda3/lib/python3.11/site-packages/airflow/example_dags/example_bash_decorator.py
[2024-12-14T20:50:39.764-0800] {processor.py:914} INFO - Processing file /Users/rishukhurana/anaconda3/lib/python3.11/site-packages/airflow/example_dags/example_bash_decorator.py for tasks to queue
[2024-12-14T20:50:39.765-0800] {logging_mixin.py:190} INFO - [2024-12-14T20:50:39.765-0800] {dagbag.py:588} INFO - Filling up the DagBag from /Users/rishukhurana/anaconda3/lib/python3.11/site-packages/airflow/example_dags/example_bash_decorator.py
[2024-12-14T20:50:39.810-0800] {processor.py:925} INFO - DAG(s) 'example_bash_decorator' retrieved from /Users/rishukhurana/anaconda3/lib/python3.11/site-packages/airflow/example_dags/example_bash_decorator.py
[2024-12-14T20:50:39.966-0800] {logging_mixin.py:190} INFO - [2024-12-14T20:50:39.965-0800] {dag.py:3239} INFO - Sync 1 DAGs
[2024-12-14T20:50:39.974-0800] {logging_mixin.py:190} INFO - [2024-12-14T20:50:39.974-0800] {dag.py:4180} INFO - Setting next_dagrun for example_bash_decorator to None, run_after=None
[2024-12-14T20:50:39.993-0800] {processor.py:208} INFO - Processing /Users/rishukhurana/anaconda3/lib/python3.11/site-packages/airflow/example_dags/example_bash_decorator.py took 0.237 seconds
[2024-12-14T20:56:33.696-0800] {processor.py:186} INFO - Started process (PID=27878) to work on /Users/rishukhurana/anaconda3/lib/python3.11/site-packages/airflow/example_dags/example_bash_decorator.py
[2024-12-14T20:56:33.699-0800] {processor.py:914} INFO - Processing file /Users/rishukhurana/anaconda3/lib/python3.11/site-packages/airflow/example_dags/example_bash_decorator.py for tasks to queue
[2024-12-14T20:56:33.701-0800] {logging_mixin.py:190} INFO - [2024-12-14T20:56:33.700-0800] {dagbag.py:588} INFO - Filling up the DagBag from /Users/rishukhurana/anaconda3/lib/python3.11/site-packages/airflow/example_dags/example_bash_decorator.py
[2024-12-14T20:56:33.740-0800] {processor.py:925} INFO - DAG(s) 'example_bash_decorator' retrieved from /Users/rishukhurana/anaconda3/lib/python3.11/site-packages/airflow/example_dags/example_bash_decorator.py
[2024-12-14T20:56:33.888-0800] {logging_mixin.py:190} INFO - [2024-12-14T20:56:33.888-0800] {dag.py:3239} INFO - Sync 1 DAGs
[2024-12-14T20:56:33.896-0800] {logging_mixin.py:190} INFO - [2024-12-14T20:56:33.896-0800] {dag.py:4180} INFO - Setting next_dagrun for example_bash_decorator to None, run_after=None
[2024-12-14T20:56:33.916-0800] {processor.py:208} INFO - Processing /Users/rishukhurana/anaconda3/lib/python3.11/site-packages/airflow/example_dags/example_bash_decorator.py took 0.225 seconds
[2024-12-14T21:02:42.561-0800] {processor.py:186} INFO - Started process (PID=28221) to work on /Users/rishukhurana/anaconda3/lib/python3.11/site-packages/airflow/example_dags/example_bash_decorator.py
[2024-12-14T21:02:42.563-0800] {processor.py:914} INFO - Processing file /Users/rishukhurana/anaconda3/lib/python3.11/site-packages/airflow/example_dags/example_bash_decorator.py for tasks to queue
[2024-12-14T21:02:42.564-0800] {logging_mixin.py:190} INFO - [2024-12-14T21:02:42.564-0800] {dagbag.py:588} INFO - Filling up the DagBag from /Users/rishukhurana/anaconda3/lib/python3.11/site-packages/airflow/example_dags/example_bash_decorator.py
[2024-12-14T21:02:42.603-0800] {processor.py:925} INFO - DAG(s) 'example_bash_decorator' retrieved from /Users/rishukhurana/anaconda3/lib/python3.11/site-packages/airflow/example_dags/example_bash_decorator.py
[2024-12-14T21:02:42.777-0800] {logging_mixin.py:190} INFO - [2024-12-14T21:02:42.776-0800] {dag.py:3239} INFO - Sync 1 DAGs
[2024-12-14T21:02:42.785-0800] {logging_mixin.py:190} INFO - [2024-12-14T21:02:42.785-0800] {dag.py:4180} INFO - Setting next_dagrun for example_bash_decorator to None, run_after=None
[2024-12-14T21:02:42.803-0800] {processor.py:208} INFO - Processing /Users/rishukhurana/anaconda3/lib/python3.11/site-packages/airflow/example_dags/example_bash_decorator.py took 0.248 seconds
[2024-12-14T21:08:35.851-0800] {processor.py:186} INFO - Started process (PID=28511) to work on /Users/rishukhurana/anaconda3/lib/python3.11/site-packages/airflow/example_dags/example_bash_decorator.py
[2024-12-14T21:08:35.854-0800] {processor.py:914} INFO - Processing file /Users/rishukhurana/anaconda3/lib/python3.11/site-packages/airflow/example_dags/example_bash_decorator.py for tasks to queue
[2024-12-14T21:08:35.855-0800] {logging_mixin.py:190} INFO - [2024-12-14T21:08:35.855-0800] {dagbag.py:588} INFO - Filling up the DagBag from /Users/rishukhurana/anaconda3/lib/python3.11/site-packages/airflow/example_dags/example_bash_decorator.py
[2024-12-14T21:08:35.894-0800] {processor.py:925} INFO - DAG(s) 'example_bash_decorator' retrieved from /Users/rishukhurana/anaconda3/lib/python3.11/site-packages/airflow/example_dags/example_bash_decorator.py
[2024-12-14T21:08:36.046-0800] {logging_mixin.py:190} INFO - [2024-12-14T21:08:36.046-0800] {dag.py:3239} INFO - Sync 1 DAGs
[2024-12-14T21:08:36.054-0800] {logging_mixin.py:190} INFO - [2024-12-14T21:08:36.054-0800] {dag.py:4180} INFO - Setting next_dagrun for example_bash_decorator to None, run_after=None
[2024-12-14T21:08:36.077-0800] {processor.py:208} INFO - Processing /Users/rishukhurana/anaconda3/lib/python3.11/site-packages/airflow/example_dags/example_bash_decorator.py took 0.230 seconds
[2024-12-14T21:14:22.884-0800] {processor.py:186} INFO - Started process (PID=28805) to work on /Users/rishukhurana/anaconda3/lib/python3.11/site-packages/airflow/example_dags/example_bash_decorator.py
[2024-12-14T21:14:22.886-0800] {processor.py:914} INFO - Processing file /Users/rishukhurana/anaconda3/lib/python3.11/site-packages/airflow/example_dags/example_bash_decorator.py for tasks to queue
[2024-12-14T21:14:22.887-0800] {logging_mixin.py:190} INFO - [2024-12-14T21:14:22.887-0800] {dagbag.py:588} INFO - Filling up the DagBag from /Users/rishukhurana/anaconda3/lib/python3.11/site-packages/airflow/example_dags/example_bash_decorator.py
[2024-12-14T21:14:22.930-0800] {processor.py:925} INFO - DAG(s) 'example_bash_decorator' retrieved from /Users/rishukhurana/anaconda3/lib/python3.11/site-packages/airflow/example_dags/example_bash_decorator.py
[2024-12-14T21:14:23.150-0800] {logging_mixin.py:190} INFO - [2024-12-14T21:14:23.150-0800] {dag.py:3239} INFO - Sync 1 DAGs
[2024-12-14T21:14:23.158-0800] {logging_mixin.py:190} INFO - [2024-12-14T21:14:23.158-0800] {dag.py:4180} INFO - Setting next_dagrun for example_bash_decorator to None, run_after=None
[2024-12-14T21:14:23.175-0800] {processor.py:208} INFO - Processing /Users/rishukhurana/anaconda3/lib/python3.11/site-packages/airflow/example_dags/example_bash_decorator.py took 0.296 seconds
[2024-12-14T21:20:23.873-0800] {processor.py:186} INFO - Started process (PID=29139) to work on /Users/rishukhurana/anaconda3/lib/python3.11/site-packages/airflow/example_dags/example_bash_decorator.py
[2024-12-14T21:20:23.876-0800] {processor.py:914} INFO - Processing file /Users/rishukhurana/anaconda3/lib/python3.11/site-packages/airflow/example_dags/example_bash_decorator.py for tasks to queue
[2024-12-14T21:20:23.877-0800] {logging_mixin.py:190} INFO - [2024-12-14T21:20:23.877-0800] {dagbag.py:588} INFO - Filling up the DagBag from /Users/rishukhurana/anaconda3/lib/python3.11/site-packages/airflow/example_dags/example_bash_decorator.py
[2024-12-14T21:20:23.916-0800] {processor.py:925} INFO - DAG(s) 'example_bash_decorator' retrieved from /Users/rishukhurana/anaconda3/lib/python3.11/site-packages/airflow/example_dags/example_bash_decorator.py
[2024-12-14T21:20:24.148-0800] {logging_mixin.py:190} INFO - [2024-12-14T21:20:24.148-0800] {dag.py:3239} INFO - Sync 1 DAGs
[2024-12-14T21:20:24.156-0800] {logging_mixin.py:190} INFO - [2024-12-14T21:20:24.156-0800] {dag.py:4180} INFO - Setting next_dagrun for example_bash_decorator to None, run_after=None
[2024-12-14T21:20:24.171-0800] {processor.py:208} INFO - Processing /Users/rishukhurana/anaconda3/lib/python3.11/site-packages/airflow/example_dags/example_bash_decorator.py took 0.303 seconds
[2024-12-14T21:26:07.739-0800] {processor.py:186} INFO - Started process (PID=29442) to work on /Users/rishukhurana/anaconda3/lib/python3.11/site-packages/airflow/example_dags/example_bash_decorator.py
[2024-12-14T21:26:07.741-0800] {processor.py:914} INFO - Processing file /Users/rishukhurana/anaconda3/lib/python3.11/site-packages/airflow/example_dags/example_bash_decorator.py for tasks to queue
[2024-12-14T21:26:07.743-0800] {logging_mixin.py:190} INFO - [2024-12-14T21:26:07.743-0800] {dagbag.py:588} INFO - Filling up the DagBag from /Users/rishukhurana/anaconda3/lib/python3.11/site-packages/airflow/example_dags/example_bash_decorator.py
[2024-12-14T21:26:07.782-0800] {processor.py:925} INFO - DAG(s) 'example_bash_decorator' retrieved from /Users/rishukhurana/anaconda3/lib/python3.11/site-packages/airflow/example_dags/example_bash_decorator.py
[2024-12-14T21:26:07.931-0800] {logging_mixin.py:190} INFO - [2024-12-14T21:26:07.931-0800] {dag.py:3239} INFO - Sync 1 DAGs
[2024-12-14T21:26:07.939-0800] {logging_mixin.py:190} INFO - [2024-12-14T21:26:07.938-0800] {dag.py:4180} INFO - Setting next_dagrun for example_bash_decorator to None, run_after=None
[2024-12-14T21:26:07.954-0800] {processor.py:208} INFO - Processing /Users/rishukhurana/anaconda3/lib/python3.11/site-packages/airflow/example_dags/example_bash_decorator.py took 0.220 seconds
[2024-12-14T21:32:02.191-0800] {processor.py:186} INFO - Started process (PID=29741) to work on /Users/rishukhurana/anaconda3/lib/python3.11/site-packages/airflow/example_dags/example_bash_decorator.py
[2024-12-14T21:32:02.193-0800] {processor.py:914} INFO - Processing file /Users/rishukhurana/anaconda3/lib/python3.11/site-packages/airflow/example_dags/example_bash_decorator.py for tasks to queue
[2024-12-14T21:32:02.195-0800] {logging_mixin.py:190} INFO - [2024-12-14T21:32:02.194-0800] {dagbag.py:588} INFO - Filling up the DagBag from /Users/rishukhurana/anaconda3/lib/python3.11/site-packages/airflow/example_dags/example_bash_decorator.py
[2024-12-14T21:32:02.233-0800] {processor.py:925} INFO - DAG(s) 'example_bash_decorator' retrieved from /Users/rishukhurana/anaconda3/lib/python3.11/site-packages/airflow/example_dags/example_bash_decorator.py
[2024-12-14T21:32:02.467-0800] {logging_mixin.py:190} INFO - [2024-12-14T21:32:02.467-0800] {dag.py:3239} INFO - Sync 1 DAGs
[2024-12-14T21:32:02.475-0800] {logging_mixin.py:190} INFO - [2024-12-14T21:32:02.475-0800] {dag.py:4180} INFO - Setting next_dagrun for example_bash_decorator to None, run_after=None
[2024-12-14T21:32:02.490-0800] {processor.py:208} INFO - Processing /Users/rishukhurana/anaconda3/lib/python3.11/site-packages/airflow/example_dags/example_bash_decorator.py took 0.305 seconds
[2024-12-14T21:38:11.689-0800] {processor.py:186} INFO - Started process (PID=30036) to work on /Users/rishukhurana/anaconda3/lib/python3.11/site-packages/airflow/example_dags/example_bash_decorator.py
[2024-12-14T21:38:11.691-0800] {processor.py:914} INFO - Processing file /Users/rishukhurana/anaconda3/lib/python3.11/site-packages/airflow/example_dags/example_bash_decorator.py for tasks to queue
[2024-12-14T21:38:11.693-0800] {logging_mixin.py:190} INFO - [2024-12-14T21:38:11.692-0800] {dagbag.py:588} INFO - Filling up the DagBag from /Users/rishukhurana/anaconda3/lib/python3.11/site-packages/airflow/example_dags/example_bash_decorator.py
[2024-12-14T21:38:11.734-0800] {processor.py:925} INFO - DAG(s) 'example_bash_decorator' retrieved from /Users/rishukhurana/anaconda3/lib/python3.11/site-packages/airflow/example_dags/example_bash_decorator.py
[2024-12-14T21:38:11.960-0800] {logging_mixin.py:190} INFO - [2024-12-14T21:38:11.960-0800] {dag.py:3239} INFO - Sync 1 DAGs
[2024-12-14T21:38:11.968-0800] {logging_mixin.py:190} INFO - [2024-12-14T21:38:11.968-0800] {dag.py:4180} INFO - Setting next_dagrun for example_bash_decorator to None, run_after=None
[2024-12-14T21:38:11.982-0800] {processor.py:208} INFO - Processing /Users/rishukhurana/anaconda3/lib/python3.11/site-packages/airflow/example_dags/example_bash_decorator.py took 0.298 seconds
[2024-12-14T21:44:01.893-0800] {processor.py:186} INFO - Started process (PID=30333) to work on /Users/rishukhurana/anaconda3/lib/python3.11/site-packages/airflow/example_dags/example_bash_decorator.py
[2024-12-14T21:44:01.896-0800] {processor.py:914} INFO - Processing file /Users/rishukhurana/anaconda3/lib/python3.11/site-packages/airflow/example_dags/example_bash_decorator.py for tasks to queue
[2024-12-14T21:44:01.897-0800] {logging_mixin.py:190} INFO - [2024-12-14T21:44:01.896-0800] {dagbag.py:588} INFO - Filling up the DagBag from /Users/rishukhurana/anaconda3/lib/python3.11/site-packages/airflow/example_dags/example_bash_decorator.py
[2024-12-14T21:44:01.933-0800] {processor.py:925} INFO - DAG(s) 'example_bash_decorator' retrieved from /Users/rishukhurana/anaconda3/lib/python3.11/site-packages/airflow/example_dags/example_bash_decorator.py
[2024-12-14T21:44:02.089-0800] {logging_mixin.py:190} INFO - [2024-12-14T21:44:02.088-0800] {dag.py:3239} INFO - Sync 1 DAGs
[2024-12-14T21:44:02.097-0800] {logging_mixin.py:190} INFO - [2024-12-14T21:44:02.096-0800] {dag.py:4180} INFO - Setting next_dagrun for example_bash_decorator to None, run_after=None
[2024-12-14T21:44:02.111-0800] {processor.py:208} INFO - Processing /Users/rishukhurana/anaconda3/lib/python3.11/site-packages/airflow/example_dags/example_bash_decorator.py took 0.224 seconds
[2024-12-14T21:49:51.709-0800] {processor.py:186} INFO - Started process (PID=30654) to work on /Users/rishukhurana/anaconda3/lib/python3.11/site-packages/airflow/example_dags/example_bash_decorator.py
[2024-12-14T21:49:51.711-0800] {processor.py:914} INFO - Processing file /Users/rishukhurana/anaconda3/lib/python3.11/site-packages/airflow/example_dags/example_bash_decorator.py for tasks to queue
[2024-12-14T21:49:51.712-0800] {logging_mixin.py:190} INFO - [2024-12-14T21:49:51.712-0800] {dagbag.py:588} INFO - Filling up the DagBag from /Users/rishukhurana/anaconda3/lib/python3.11/site-packages/airflow/example_dags/example_bash_decorator.py
[2024-12-14T21:49:51.752-0800] {processor.py:925} INFO - DAG(s) 'example_bash_decorator' retrieved from /Users/rishukhurana/anaconda3/lib/python3.11/site-packages/airflow/example_dags/example_bash_decorator.py
[2024-12-14T21:49:51.900-0800] {logging_mixin.py:190} INFO - [2024-12-14T21:49:51.900-0800] {dag.py:3239} INFO - Sync 1 DAGs
[2024-12-14T21:49:51.908-0800] {logging_mixin.py:190} INFO - [2024-12-14T21:49:51.908-0800] {dag.py:4180} INFO - Setting next_dagrun for example_bash_decorator to None, run_after=None
[2024-12-14T21:49:51.927-0800] {processor.py:208} INFO - Processing /Users/rishukhurana/anaconda3/lib/python3.11/site-packages/airflow/example_dags/example_bash_decorator.py took 0.224 seconds
[2024-12-14T22:39:52.468-0800] {processor.py:186} INFO - Started process (PID=30979) to work on /Users/rishukhurana/anaconda3/lib/python3.11/site-packages/airflow/example_dags/example_bash_decorator.py
[2024-12-14T22:39:52.470-0800] {processor.py:914} INFO - Processing file /Users/rishukhurana/anaconda3/lib/python3.11/site-packages/airflow/example_dags/example_bash_decorator.py for tasks to queue
[2024-12-14T22:39:52.471-0800] {logging_mixin.py:190} INFO - [2024-12-14T22:39:52.471-0800] {dagbag.py:588} INFO - Filling up the DagBag from /Users/rishukhurana/anaconda3/lib/python3.11/site-packages/airflow/example_dags/example_bash_decorator.py
[2024-12-14T22:39:52.533-0800] {processor.py:925} INFO - DAG(s) 'example_bash_decorator' retrieved from /Users/rishukhurana/anaconda3/lib/python3.11/site-packages/airflow/example_dags/example_bash_decorator.py
[2024-12-14T22:39:52.811-0800] {logging_mixin.py:190} INFO - [2024-12-14T22:39:52.811-0800] {dag.py:3239} INFO - Sync 1 DAGs
[2024-12-14T22:39:52.825-0800] {logging_mixin.py:190} INFO - [2024-12-14T22:39:52.824-0800] {dag.py:4180} INFO - Setting next_dagrun for example_bash_decorator to None, run_after=None
[2024-12-14T22:39:52.842-0800] {processor.py:208} INFO - Processing /Users/rishukhurana/anaconda3/lib/python3.11/site-packages/airflow/example_dags/example_bash_decorator.py took 0.381 seconds
[2024-12-14T22:46:18.073-0800] {processor.py:186} INFO - Started process (PID=31282) to work on /Users/rishukhurana/anaconda3/lib/python3.11/site-packages/airflow/example_dags/example_bash_decorator.py
[2024-12-14T22:46:18.075-0800] {processor.py:914} INFO - Processing file /Users/rishukhurana/anaconda3/lib/python3.11/site-packages/airflow/example_dags/example_bash_decorator.py for tasks to queue
[2024-12-14T22:46:18.076-0800] {logging_mixin.py:190} INFO - [2024-12-14T22:46:18.076-0800] {dagbag.py:588} INFO - Filling up the DagBag from /Users/rishukhurana/anaconda3/lib/python3.11/site-packages/airflow/example_dags/example_bash_decorator.py
[2024-12-14T22:46:18.118-0800] {processor.py:925} INFO - DAG(s) 'example_bash_decorator' retrieved from /Users/rishukhurana/anaconda3/lib/python3.11/site-packages/airflow/example_dags/example_bash_decorator.py
[2024-12-14T22:46:18.349-0800] {logging_mixin.py:190} INFO - [2024-12-14T22:46:18.349-0800] {dag.py:3239} INFO - Sync 1 DAGs
[2024-12-14T22:46:18.358-0800] {logging_mixin.py:190} INFO - [2024-12-14T22:46:18.358-0800] {dag.py:4180} INFO - Setting next_dagrun for example_bash_decorator to None, run_after=None
[2024-12-14T22:46:18.374-0800] {processor.py:208} INFO - Processing /Users/rishukhurana/anaconda3/lib/python3.11/site-packages/airflow/example_dags/example_bash_decorator.py took 0.308 seconds
[2024-12-15T00:24:46.240-0800] {processor.py:186} INFO - Started process (PID=31699) to work on /Users/rishukhurana/anaconda3/lib/python3.11/site-packages/airflow/example_dags/example_bash_decorator.py
[2024-12-15T00:24:46.243-0800] {processor.py:914} INFO - Processing file /Users/rishukhurana/anaconda3/lib/python3.11/site-packages/airflow/example_dags/example_bash_decorator.py for tasks to queue
[2024-12-15T00:24:46.244-0800] {logging_mixin.py:190} INFO - [2024-12-15T00:24:46.244-0800] {dagbag.py:588} INFO - Filling up the DagBag from /Users/rishukhurana/anaconda3/lib/python3.11/site-packages/airflow/example_dags/example_bash_decorator.py
[2024-12-15T00:24:46.311-0800] {processor.py:925} INFO - DAG(s) 'example_bash_decorator' retrieved from /Users/rishukhurana/anaconda3/lib/python3.11/site-packages/airflow/example_dags/example_bash_decorator.py
[2024-12-15T00:24:46.561-0800] {logging_mixin.py:190} INFO - [2024-12-15T00:24:46.561-0800] {dag.py:3239} INFO - Sync 1 DAGs
[2024-12-15T00:24:46.572-0800] {logging_mixin.py:190} INFO - [2024-12-15T00:24:46.571-0800] {dag.py:4180} INFO - Setting next_dagrun for example_bash_decorator to None, run_after=None
[2024-12-15T00:24:46.594-0800] {processor.py:208} INFO - Processing /Users/rishukhurana/anaconda3/lib/python3.11/site-packages/airflow/example_dags/example_bash_decorator.py took 0.360 seconds
[2024-12-15T00:31:01.050-0800] {processor.py:186} INFO - Started process (PID=32002) to work on /Users/rishukhurana/anaconda3/lib/python3.11/site-packages/airflow/example_dags/example_bash_decorator.py
[2024-12-15T00:31:01.052-0800] {processor.py:914} INFO - Processing file /Users/rishukhurana/anaconda3/lib/python3.11/site-packages/airflow/example_dags/example_bash_decorator.py for tasks to queue
[2024-12-15T00:31:01.053-0800] {logging_mixin.py:190} INFO - [2024-12-15T00:31:01.053-0800] {dagbag.py:588} INFO - Filling up the DagBag from /Users/rishukhurana/anaconda3/lib/python3.11/site-packages/airflow/example_dags/example_bash_decorator.py
[2024-12-15T00:31:01.094-0800] {processor.py:925} INFO - DAG(s) 'example_bash_decorator' retrieved from /Users/rishukhurana/anaconda3/lib/python3.11/site-packages/airflow/example_dags/example_bash_decorator.py
[2024-12-15T00:31:01.251-0800] {logging_mixin.py:190} INFO - [2024-12-15T00:31:01.251-0800] {dag.py:3239} INFO - Sync 1 DAGs
[2024-12-15T00:31:01.259-0800] {logging_mixin.py:190} INFO - [2024-12-15T00:31:01.259-0800] {dag.py:4180} INFO - Setting next_dagrun for example_bash_decorator to None, run_after=None
[2024-12-15T00:31:01.276-0800] {processor.py:208} INFO - Processing /Users/rishukhurana/anaconda3/lib/python3.11/site-packages/airflow/example_dags/example_bash_decorator.py took 0.232 seconds
[2024-12-15T00:47:26.822-0800] {processor.py:186} INFO - Started process (PID=32332) to work on /Users/rishukhurana/anaconda3/lib/python3.11/site-packages/airflow/example_dags/example_bash_decorator.py
[2024-12-15T00:47:26.824-0800] {processor.py:914} INFO - Processing file /Users/rishukhurana/anaconda3/lib/python3.11/site-packages/airflow/example_dags/example_bash_decorator.py for tasks to queue
[2024-12-15T00:47:26.825-0800] {logging_mixin.py:190} INFO - [2024-12-15T00:47:26.825-0800] {dagbag.py:588} INFO - Filling up the DagBag from /Users/rishukhurana/anaconda3/lib/python3.11/site-packages/airflow/example_dags/example_bash_decorator.py
[2024-12-15T00:47:26.885-0800] {processor.py:925} INFO - DAG(s) 'example_bash_decorator' retrieved from /Users/rishukhurana/anaconda3/lib/python3.11/site-packages/airflow/example_dags/example_bash_decorator.py
[2024-12-15T00:47:27.120-0800] {logging_mixin.py:190} INFO - [2024-12-15T00:47:27.119-0800] {dag.py:3239} INFO - Sync 1 DAGs
[2024-12-15T00:47:27.129-0800] {logging_mixin.py:190} INFO - [2024-12-15T00:47:27.129-0800] {dag.py:4180} INFO - Setting next_dagrun for example_bash_decorator to None, run_after=None
[2024-12-15T00:47:27.146-0800] {processor.py:208} INFO - Processing /Users/rishukhurana/anaconda3/lib/python3.11/site-packages/airflow/example_dags/example_bash_decorator.py took 0.329 seconds
[2024-12-15T01:39:17.101-0800] {processor.py:186} INFO - Started process (PID=32721) to work on /Users/rishukhurana/anaconda3/lib/python3.11/site-packages/airflow/example_dags/example_bash_decorator.py
[2024-12-15T01:39:17.103-0800] {processor.py:914} INFO - Processing file /Users/rishukhurana/anaconda3/lib/python3.11/site-packages/airflow/example_dags/example_bash_decorator.py for tasks to queue
[2024-12-15T01:39:17.105-0800] {logging_mixin.py:190} INFO - [2024-12-15T01:39:17.104-0800] {dagbag.py:588} INFO - Filling up the DagBag from /Users/rishukhurana/anaconda3/lib/python3.11/site-packages/airflow/example_dags/example_bash_decorator.py
[2024-12-15T01:39:17.166-0800] {processor.py:925} INFO - DAG(s) 'example_bash_decorator' retrieved from /Users/rishukhurana/anaconda3/lib/python3.11/site-packages/airflow/example_dags/example_bash_decorator.py
[2024-12-15T01:39:17.406-0800] {logging_mixin.py:190} INFO - [2024-12-15T01:39:17.406-0800] {dag.py:3239} INFO - Sync 1 DAGs
[2024-12-15T01:39:17.415-0800] {logging_mixin.py:190} INFO - [2024-12-15T01:39:17.414-0800] {dag.py:4180} INFO - Setting next_dagrun for example_bash_decorator to None, run_after=None
[2024-12-15T01:39:17.431-0800] {processor.py:208} INFO - Processing /Users/rishukhurana/anaconda3/lib/python3.11/site-packages/airflow/example_dags/example_bash_decorator.py took 0.343 seconds
[2024-12-15T01:45:52.790-0800] {processor.py:186} INFO - Started process (PID=33054) to work on /Users/rishukhurana/anaconda3/lib/python3.11/site-packages/airflow/example_dags/example_bash_decorator.py
[2024-12-15T01:45:52.793-0800] {processor.py:914} INFO - Processing file /Users/rishukhurana/anaconda3/lib/python3.11/site-packages/airflow/example_dags/example_bash_decorator.py for tasks to queue
[2024-12-15T01:45:52.794-0800] {logging_mixin.py:190} INFO - [2024-12-15T01:45:52.794-0800] {dagbag.py:588} INFO - Filling up the DagBag from /Users/rishukhurana/anaconda3/lib/python3.11/site-packages/airflow/example_dags/example_bash_decorator.py
[2024-12-15T01:45:52.862-0800] {processor.py:925} INFO - DAG(s) 'example_bash_decorator' retrieved from /Users/rishukhurana/anaconda3/lib/python3.11/site-packages/airflow/example_dags/example_bash_decorator.py
[2024-12-15T01:45:53.106-0800] {logging_mixin.py:190} INFO - [2024-12-15T01:45:53.106-0800] {dag.py:3239} INFO - Sync 1 DAGs
[2024-12-15T01:45:53.114-0800] {logging_mixin.py:190} INFO - [2024-12-15T01:45:53.114-0800] {dag.py:4180} INFO - Setting next_dagrun for example_bash_decorator to None, run_after=None
[2024-12-15T01:45:53.129-0800] {processor.py:208} INFO - Processing /Users/rishukhurana/anaconda3/lib/python3.11/site-packages/airflow/example_dags/example_bash_decorator.py took 0.345 seconds
[2024-12-15T01:56:35.268-0800] {processor.py:186} INFO - Started process (PID=33396) to work on /Users/rishukhurana/anaconda3/lib/python3.11/site-packages/airflow/example_dags/example_bash_decorator.py
[2024-12-15T01:56:35.270-0800] {processor.py:914} INFO - Processing file /Users/rishukhurana/anaconda3/lib/python3.11/site-packages/airflow/example_dags/example_bash_decorator.py for tasks to queue
[2024-12-15T01:56:35.271-0800] {logging_mixin.py:190} INFO - [2024-12-15T01:56:35.271-0800] {dagbag.py:588} INFO - Filling up the DagBag from /Users/rishukhurana/anaconda3/lib/python3.11/site-packages/airflow/example_dags/example_bash_decorator.py
[2024-12-15T01:56:35.312-0800] {processor.py:925} INFO - DAG(s) 'example_bash_decorator' retrieved from /Users/rishukhurana/anaconda3/lib/python3.11/site-packages/airflow/example_dags/example_bash_decorator.py
[2024-12-15T01:56:35.472-0800] {logging_mixin.py:190} INFO - [2024-12-15T01:56:35.471-0800] {dag.py:3239} INFO - Sync 1 DAGs
[2024-12-15T01:56:35.480-0800] {logging_mixin.py:190} INFO - [2024-12-15T01:56:35.480-0800] {dag.py:4180} INFO - Setting next_dagrun for example_bash_decorator to None, run_after=None
[2024-12-15T01:56:35.498-0800] {processor.py:208} INFO - Processing /Users/rishukhurana/anaconda3/lib/python3.11/site-packages/airflow/example_dags/example_bash_decorator.py took 0.237 seconds
[2024-12-15T02:02:41.559-0800] {processor.py:186} INFO - Started process (PID=33718) to work on /Users/rishukhurana/anaconda3/lib/python3.11/site-packages/airflow/example_dags/example_bash_decorator.py
[2024-12-15T02:02:41.561-0800] {processor.py:914} INFO - Processing file /Users/rishukhurana/anaconda3/lib/python3.11/site-packages/airflow/example_dags/example_bash_decorator.py for tasks to queue
[2024-12-15T02:02:41.563-0800] {logging_mixin.py:190} INFO - [2024-12-15T02:02:41.563-0800] {dagbag.py:588} INFO - Filling up the DagBag from /Users/rishukhurana/anaconda3/lib/python3.11/site-packages/airflow/example_dags/example_bash_decorator.py
[2024-12-15T02:02:41.601-0800] {processor.py:925} INFO - DAG(s) 'example_bash_decorator' retrieved from /Users/rishukhurana/anaconda3/lib/python3.11/site-packages/airflow/example_dags/example_bash_decorator.py
[2024-12-15T02:02:41.763-0800] {logging_mixin.py:190} INFO - [2024-12-15T02:02:41.763-0800] {dag.py:3239} INFO - Sync 1 DAGs
[2024-12-15T02:02:41.773-0800] {logging_mixin.py:190} INFO - [2024-12-15T02:02:41.772-0800] {dag.py:4180} INFO - Setting next_dagrun for example_bash_decorator to None, run_after=None
[2024-12-15T02:02:41.788-0800] {processor.py:208} INFO - Processing /Users/rishukhurana/anaconda3/lib/python3.11/site-packages/airflow/example_dags/example_bash_decorator.py took 0.235 seconds
[2024-12-15T02:08:46.569-0800] {processor.py:186} INFO - Started process (PID=34016) to work on /Users/rishukhurana/anaconda3/lib/python3.11/site-packages/airflow/example_dags/example_bash_decorator.py
[2024-12-15T02:08:46.572-0800] {processor.py:914} INFO - Processing file /Users/rishukhurana/anaconda3/lib/python3.11/site-packages/airflow/example_dags/example_bash_decorator.py for tasks to queue
[2024-12-15T02:08:46.573-0800] {logging_mixin.py:190} INFO - [2024-12-15T02:08:46.573-0800] {dagbag.py:588} INFO - Filling up the DagBag from /Users/rishukhurana/anaconda3/lib/python3.11/site-packages/airflow/example_dags/example_bash_decorator.py
[2024-12-15T02:08:46.613-0800] {processor.py:925} INFO - DAG(s) 'example_bash_decorator' retrieved from /Users/rishukhurana/anaconda3/lib/python3.11/site-packages/airflow/example_dags/example_bash_decorator.py
[2024-12-15T02:08:46.777-0800] {logging_mixin.py:190} INFO - [2024-12-15T02:08:46.777-0800] {dag.py:3239} INFO - Sync 1 DAGs
[2024-12-15T02:08:46.785-0800] {logging_mixin.py:190} INFO - [2024-12-15T02:08:46.785-0800] {dag.py:4180} INFO - Setting next_dagrun for example_bash_decorator to None, run_after=None
[2024-12-15T02:08:46.800-0800] {processor.py:208} INFO - Processing /Users/rishukhurana/anaconda3/lib/python3.11/site-packages/airflow/example_dags/example_bash_decorator.py took 0.236 seconds
[2024-12-15T02:14:52.044-0800] {processor.py:186} INFO - Started process (PID=34308) to work on /Users/rishukhurana/anaconda3/lib/python3.11/site-packages/airflow/example_dags/example_bash_decorator.py
[2024-12-15T02:14:52.047-0800] {processor.py:914} INFO - Processing file /Users/rishukhurana/anaconda3/lib/python3.11/site-packages/airflow/example_dags/example_bash_decorator.py for tasks to queue
[2024-12-15T02:14:52.048-0800] {logging_mixin.py:190} INFO - [2024-12-15T02:14:52.048-0800] {dagbag.py:588} INFO - Filling up the DagBag from /Users/rishukhurana/anaconda3/lib/python3.11/site-packages/airflow/example_dags/example_bash_decorator.py
[2024-12-15T02:14:52.086-0800] {processor.py:925} INFO - DAG(s) 'example_bash_decorator' retrieved from /Users/rishukhurana/anaconda3/lib/python3.11/site-packages/airflow/example_dags/example_bash_decorator.py
[2024-12-15T02:14:52.305-0800] {logging_mixin.py:190} INFO - [2024-12-15T02:14:52.304-0800] {dag.py:3239} INFO - Sync 1 DAGs
[2024-12-15T02:14:52.313-0800] {logging_mixin.py:190} INFO - [2024-12-15T02:14:52.313-0800] {dag.py:4180} INFO - Setting next_dagrun for example_bash_decorator to None, run_after=None
[2024-12-15T02:14:52.328-0800] {processor.py:208} INFO - Processing /Users/rishukhurana/anaconda3/lib/python3.11/site-packages/airflow/example_dags/example_bash_decorator.py took 0.290 seconds
[2024-12-15T02:21:04.510-0800] {processor.py:186} INFO - Started process (PID=34598) to work on /Users/rishukhurana/anaconda3/lib/python3.11/site-packages/airflow/example_dags/example_bash_decorator.py
[2024-12-15T02:21:04.512-0800] {processor.py:914} INFO - Processing file /Users/rishukhurana/anaconda3/lib/python3.11/site-packages/airflow/example_dags/example_bash_decorator.py for tasks to queue
[2024-12-15T02:21:04.513-0800] {logging_mixin.py:190} INFO - [2024-12-15T02:21:04.513-0800] {dagbag.py:588} INFO - Filling up the DagBag from /Users/rishukhurana/anaconda3/lib/python3.11/site-packages/airflow/example_dags/example_bash_decorator.py
[2024-12-15T02:21:04.555-0800] {processor.py:925} INFO - DAG(s) 'example_bash_decorator' retrieved from /Users/rishukhurana/anaconda3/lib/python3.11/site-packages/airflow/example_dags/example_bash_decorator.py
[2024-12-15T02:21:04.734-0800] {logging_mixin.py:190} INFO - [2024-12-15T02:21:04.733-0800] {dag.py:3239} INFO - Sync 1 DAGs
[2024-12-15T02:21:04.743-0800] {logging_mixin.py:190} INFO - [2024-12-15T02:21:04.743-0800] {dag.py:4180} INFO - Setting next_dagrun for example_bash_decorator to None, run_after=None
[2024-12-15T02:21:04.760-0800] {processor.py:208} INFO - Processing /Users/rishukhurana/anaconda3/lib/python3.11/site-packages/airflow/example_dags/example_bash_decorator.py took 0.256 seconds
[2024-12-15T02:27:21.145-0800] {processor.py:186} INFO - Started process (PID=34892) to work on /Users/rishukhurana/anaconda3/lib/python3.11/site-packages/airflow/example_dags/example_bash_decorator.py
[2024-12-15T02:27:21.147-0800] {processor.py:914} INFO - Processing file /Users/rishukhurana/anaconda3/lib/python3.11/site-packages/airflow/example_dags/example_bash_decorator.py for tasks to queue
[2024-12-15T02:27:21.148-0800] {logging_mixin.py:190} INFO - [2024-12-15T02:27:21.148-0800] {dagbag.py:588} INFO - Filling up the DagBag from /Users/rishukhurana/anaconda3/lib/python3.11/site-packages/airflow/example_dags/example_bash_decorator.py
[2024-12-15T02:27:21.186-0800] {processor.py:925} INFO - DAG(s) 'example_bash_decorator' retrieved from /Users/rishukhurana/anaconda3/lib/python3.11/site-packages/airflow/example_dags/example_bash_decorator.py
[2024-12-15T02:27:21.338-0800] {logging_mixin.py:190} INFO - [2024-12-15T02:27:21.338-0800] {dag.py:3239} INFO - Sync 1 DAGs
[2024-12-15T02:27:21.346-0800] {logging_mixin.py:190} INFO - [2024-12-15T02:27:21.345-0800] {dag.py:4180} INFO - Setting next_dagrun for example_bash_decorator to None, run_after=None
[2024-12-15T02:27:21.367-0800] {processor.py:208} INFO - Processing /Users/rishukhurana/anaconda3/lib/python3.11/site-packages/airflow/example_dags/example_bash_decorator.py took 0.227 seconds
[2024-12-15T03:28:03.705-0800] {processor.py:186} INFO - Started process (PID=35299) to work on /Users/rishukhurana/anaconda3/lib/python3.11/site-packages/airflow/example_dags/example_bash_decorator.py
[2024-12-15T03:28:03.708-0800] {processor.py:914} INFO - Processing file /Users/rishukhurana/anaconda3/lib/python3.11/site-packages/airflow/example_dags/example_bash_decorator.py for tasks to queue
[2024-12-15T03:28:03.709-0800] {logging_mixin.py:190} INFO - [2024-12-15T03:28:03.709-0800] {dagbag.py:588} INFO - Filling up the DagBag from /Users/rishukhurana/anaconda3/lib/python3.11/site-packages/airflow/example_dags/example_bash_decorator.py
[2024-12-15T03:28:03.791-0800] {processor.py:925} INFO - DAG(s) 'example_bash_decorator' retrieved from /Users/rishukhurana/anaconda3/lib/python3.11/site-packages/airflow/example_dags/example_bash_decorator.py
[2024-12-15T03:28:04.061-0800] {logging_mixin.py:190} INFO - [2024-12-15T03:28:04.061-0800] {dag.py:3239} INFO - Sync 1 DAGs
[2024-12-15T03:28:04.070-0800] {logging_mixin.py:190} INFO - [2024-12-15T03:28:04.070-0800] {dag.py:4180} INFO - Setting next_dagrun for example_bash_decorator to None, run_after=None
[2024-12-15T03:28:04.085-0800] {processor.py:208} INFO - Processing /Users/rishukhurana/anaconda3/lib/python3.11/site-packages/airflow/example_dags/example_bash_decorator.py took 0.386 seconds
[2024-12-15T03:34:53.381-0800] {processor.py:186} INFO - Started process (PID=35639) to work on /Users/rishukhurana/anaconda3/lib/python3.11/site-packages/airflow/example_dags/example_bash_decorator.py
[2024-12-15T03:34:53.383-0800] {processor.py:914} INFO - Processing file /Users/rishukhurana/anaconda3/lib/python3.11/site-packages/airflow/example_dags/example_bash_decorator.py for tasks to queue
[2024-12-15T03:34:53.384-0800] {logging_mixin.py:190} INFO - [2024-12-15T03:34:53.384-0800] {dagbag.py:588} INFO - Filling up the DagBag from /Users/rishukhurana/anaconda3/lib/python3.11/site-packages/airflow/example_dags/example_bash_decorator.py
[2024-12-15T03:34:53.430-0800] {processor.py:925} INFO - DAG(s) 'example_bash_decorator' retrieved from /Users/rishukhurana/anaconda3/lib/python3.11/site-packages/airflow/example_dags/example_bash_decorator.py
[2024-12-15T03:34:53.670-0800] {logging_mixin.py:190} INFO - [2024-12-15T03:34:53.670-0800] {dag.py:3239} INFO - Sync 1 DAGs
[2024-12-15T03:34:53.679-0800] {logging_mixin.py:190} INFO - [2024-12-15T03:34:53.679-0800] {dag.py:4180} INFO - Setting next_dagrun for example_bash_decorator to None, run_after=None
[2024-12-15T03:34:53.696-0800] {processor.py:208} INFO - Processing /Users/rishukhurana/anaconda3/lib/python3.11/site-packages/airflow/example_dags/example_bash_decorator.py took 0.321 seconds
[2024-12-15T03:40:56.442-0800] {processor.py:186} INFO - Started process (PID=35980) to work on /Users/rishukhurana/anaconda3/lib/python3.11/site-packages/airflow/example_dags/example_bash_decorator.py
[2024-12-15T03:40:56.445-0800] {processor.py:914} INFO - Processing file /Users/rishukhurana/anaconda3/lib/python3.11/site-packages/airflow/example_dags/example_bash_decorator.py for tasks to queue
[2024-12-15T03:40:56.446-0800] {logging_mixin.py:190} INFO - [2024-12-15T03:40:56.446-0800] {dagbag.py:588} INFO - Filling up the DagBag from /Users/rishukhurana/anaconda3/lib/python3.11/site-packages/airflow/example_dags/example_bash_decorator.py
[2024-12-15T03:40:56.484-0800] {processor.py:925} INFO - DAG(s) 'example_bash_decorator' retrieved from /Users/rishukhurana/anaconda3/lib/python3.11/site-packages/airflow/example_dags/example_bash_decorator.py
[2024-12-15T03:40:56.632-0800] {logging_mixin.py:190} INFO - [2024-12-15T03:40:56.632-0800] {dag.py:3239} INFO - Sync 1 DAGs
[2024-12-15T03:40:56.640-0800] {logging_mixin.py:190} INFO - [2024-12-15T03:40:56.640-0800] {dag.py:4180} INFO - Setting next_dagrun for example_bash_decorator to None, run_after=None
[2024-12-15T03:40:56.661-0800] {processor.py:208} INFO - Processing /Users/rishukhurana/anaconda3/lib/python3.11/site-packages/airflow/example_dags/example_bash_decorator.py took 0.225 seconds
[2024-12-15T03:46:46.718-0800] {processor.py:186} INFO - Started process (PID=36268) to work on /Users/rishukhurana/anaconda3/lib/python3.11/site-packages/airflow/example_dags/example_bash_decorator.py
[2024-12-15T03:46:46.720-0800] {processor.py:914} INFO - Processing file /Users/rishukhurana/anaconda3/lib/python3.11/site-packages/airflow/example_dags/example_bash_decorator.py for tasks to queue
[2024-12-15T03:46:46.721-0800] {logging_mixin.py:190} INFO - [2024-12-15T03:46:46.721-0800] {dagbag.py:588} INFO - Filling up the DagBag from /Users/rishukhurana/anaconda3/lib/python3.11/site-packages/airflow/example_dags/example_bash_decorator.py
[2024-12-15T03:46:46.790-0800] {processor.py:925} INFO - DAG(s) 'example_bash_decorator' retrieved from /Users/rishukhurana/anaconda3/lib/python3.11/site-packages/airflow/example_dags/example_bash_decorator.py
[2024-12-15T03:46:47.062-0800] {logging_mixin.py:190} INFO - [2024-12-15T03:46:47.062-0800] {dag.py:3239} INFO - Sync 1 DAGs
[2024-12-15T03:46:47.071-0800] {logging_mixin.py:190} INFO - [2024-12-15T03:46:47.071-0800] {dag.py:4180} INFO - Setting next_dagrun for example_bash_decorator to None, run_after=None
[2024-12-15T03:46:47.084-0800] {processor.py:208} INFO - Processing /Users/rishukhurana/anaconda3/lib/python3.11/site-packages/airflow/example_dags/example_bash_decorator.py took 0.373 seconds
[2024-12-15T03:54:17.605-0800] {processor.py:186} INFO - Started process (PID=36604) to work on /Users/rishukhurana/anaconda3/lib/python3.11/site-packages/airflow/example_dags/example_bash_decorator.py
[2024-12-15T03:54:17.607-0800] {processor.py:914} INFO - Processing file /Users/rishukhurana/anaconda3/lib/python3.11/site-packages/airflow/example_dags/example_bash_decorator.py for tasks to queue
[2024-12-15T03:54:17.608-0800] {logging_mixin.py:190} INFO - [2024-12-15T03:54:17.608-0800] {dagbag.py:588} INFO - Filling up the DagBag from /Users/rishukhurana/anaconda3/lib/python3.11/site-packages/airflow/example_dags/example_bash_decorator.py
[2024-12-15T03:54:17.650-0800] {processor.py:925} INFO - DAG(s) 'example_bash_decorator' retrieved from /Users/rishukhurana/anaconda3/lib/python3.11/site-packages/airflow/example_dags/example_bash_decorator.py
[2024-12-15T03:54:17.836-0800] {logging_mixin.py:190} INFO - [2024-12-15T03:54:17.836-0800] {dag.py:3239} INFO - Sync 1 DAGs
[2024-12-15T03:54:17.846-0800] {logging_mixin.py:190} INFO - [2024-12-15T03:54:17.845-0800] {dag.py:4180} INFO - Setting next_dagrun for example_bash_decorator to None, run_after=None
[2024-12-15T03:54:17.865-0800] {processor.py:208} INFO - Processing /Users/rishukhurana/anaconda3/lib/python3.11/site-packages/airflow/example_dags/example_bash_decorator.py took 0.268 seconds
[2024-12-15T06:21:13.875-0800] {processor.py:186} INFO - Started process (PID=37041) to work on /Users/rishukhurana/anaconda3/lib/python3.11/site-packages/airflow/example_dags/example_bash_decorator.py
[2024-12-15T06:21:13.878-0800] {processor.py:914} INFO - Processing file /Users/rishukhurana/anaconda3/lib/python3.11/site-packages/airflow/example_dags/example_bash_decorator.py for tasks to queue
[2024-12-15T06:21:13.880-0800] {logging_mixin.py:190} INFO - [2024-12-15T06:21:13.880-0800] {dagbag.py:588} INFO - Filling up the DagBag from /Users/rishukhurana/anaconda3/lib/python3.11/site-packages/airflow/example_dags/example_bash_decorator.py
[2024-12-15T06:21:13.948-0800] {processor.py:925} INFO - DAG(s) 'example_bash_decorator' retrieved from /Users/rishukhurana/anaconda3/lib/python3.11/site-packages/airflow/example_dags/example_bash_decorator.py
[2024-12-15T06:21:14.214-0800] {logging_mixin.py:190} INFO - [2024-12-15T06:21:14.214-0800] {dag.py:3239} INFO - Sync 1 DAGs
[2024-12-15T06:21:14.222-0800] {logging_mixin.py:190} INFO - [2024-12-15T06:21:14.222-0800] {dag.py:4180} INFO - Setting next_dagrun for example_bash_decorator to None, run_after=None
[2024-12-15T06:21:14.237-0800] {processor.py:208} INFO - Processing /Users/rishukhurana/anaconda3/lib/python3.11/site-packages/airflow/example_dags/example_bash_decorator.py took 0.367 seconds
[2024-12-15T06:27:35.030-0800] {processor.py:186} INFO - Started process (PID=37349) to work on /Users/rishukhurana/anaconda3/lib/python3.11/site-packages/airflow/example_dags/example_bash_decorator.py
[2024-12-15T06:27:35.033-0800] {processor.py:914} INFO - Processing file /Users/rishukhurana/anaconda3/lib/python3.11/site-packages/airflow/example_dags/example_bash_decorator.py for tasks to queue
[2024-12-15T06:27:35.034-0800] {logging_mixin.py:190} INFO - [2024-12-15T06:27:35.033-0800] {dagbag.py:588} INFO - Filling up the DagBag from /Users/rishukhurana/anaconda3/lib/python3.11/site-packages/airflow/example_dags/example_bash_decorator.py
[2024-12-15T06:27:35.072-0800] {processor.py:925} INFO - DAG(s) 'example_bash_decorator' retrieved from /Users/rishukhurana/anaconda3/lib/python3.11/site-packages/airflow/example_dags/example_bash_decorator.py
[2024-12-15T06:27:35.344-0800] {logging_mixin.py:190} INFO - [2024-12-15T06:27:35.344-0800] {dag.py:3239} INFO - Sync 1 DAGs
[2024-12-15T06:27:35.352-0800] {logging_mixin.py:190} INFO - [2024-12-15T06:27:35.352-0800] {dag.py:4180} INFO - Setting next_dagrun for example_bash_decorator to None, run_after=None
[2024-12-15T06:27:35.367-0800] {processor.py:208} INFO - Processing /Users/rishukhurana/anaconda3/lib/python3.11/site-packages/airflow/example_dags/example_bash_decorator.py took 0.343 seconds
[2024-12-15T07:18:35.209-0800] {processor.py:186} INFO - Started process (PID=37779) to work on /Users/rishukhurana/anaconda3/lib/python3.11/site-packages/airflow/example_dags/example_bash_decorator.py
[2024-12-15T07:18:35.211-0800] {processor.py:914} INFO - Processing file /Users/rishukhurana/anaconda3/lib/python3.11/site-packages/airflow/example_dags/example_bash_decorator.py for tasks to queue
[2024-12-15T07:18:35.212-0800] {logging_mixin.py:190} INFO - [2024-12-15T07:18:35.212-0800] {dagbag.py:588} INFO - Filling up the DagBag from /Users/rishukhurana/anaconda3/lib/python3.11/site-packages/airflow/example_dags/example_bash_decorator.py
[2024-12-15T07:18:35.254-0800] {processor.py:925} INFO - DAG(s) 'example_bash_decorator' retrieved from /Users/rishukhurana/anaconda3/lib/python3.11/site-packages/airflow/example_dags/example_bash_decorator.py
[2024-12-15T07:18:35.551-0800] {logging_mixin.py:190} INFO - [2024-12-15T07:18:35.551-0800] {dag.py:3239} INFO - Sync 1 DAGs
[2024-12-15T07:18:35.559-0800] {logging_mixin.py:190} INFO - [2024-12-15T07:18:35.559-0800] {dag.py:4180} INFO - Setting next_dagrun for example_bash_decorator to None, run_after=None
[2024-12-15T07:18:35.576-0800] {processor.py:208} INFO - Processing /Users/rishukhurana/anaconda3/lib/python3.11/site-packages/airflow/example_dags/example_bash_decorator.py took 0.372 seconds
[2024-12-15T07:24:20.918-0800] {processor.py:186} INFO - Started process (PID=38081) to work on /Users/rishukhurana/anaconda3/lib/python3.11/site-packages/airflow/example_dags/example_bash_decorator.py
[2024-12-15T07:24:20.920-0800] {processor.py:914} INFO - Processing file /Users/rishukhurana/anaconda3/lib/python3.11/site-packages/airflow/example_dags/example_bash_decorator.py for tasks to queue
[2024-12-15T07:24:20.921-0800] {logging_mixin.py:190} INFO - [2024-12-15T07:24:20.921-0800] {dagbag.py:588} INFO - Filling up the DagBag from /Users/rishukhurana/anaconda3/lib/python3.11/site-packages/airflow/example_dags/example_bash_decorator.py
[2024-12-15T07:24:20.960-0800] {processor.py:925} INFO - DAG(s) 'example_bash_decorator' retrieved from /Users/rishukhurana/anaconda3/lib/python3.11/site-packages/airflow/example_dags/example_bash_decorator.py
[2024-12-15T07:24:21.244-0800] {logging_mixin.py:190} INFO - [2024-12-15T07:24:21.243-0800] {dag.py:3239} INFO - Sync 1 DAGs
[2024-12-15T07:24:21.252-0800] {logging_mixin.py:190} INFO - [2024-12-15T07:24:21.252-0800] {dag.py:4180} INFO - Setting next_dagrun for example_bash_decorator to None, run_after=None
[2024-12-15T07:24:21.266-0800] {processor.py:208} INFO - Processing /Users/rishukhurana/anaconda3/lib/python3.11/site-packages/airflow/example_dags/example_bash_decorator.py took 0.355 seconds
[2024-12-15T07:30:15.965-0800] {processor.py:186} INFO - Started process (PID=38365) to work on /Users/rishukhurana/anaconda3/lib/python3.11/site-packages/airflow/example_dags/example_bash_decorator.py
[2024-12-15T07:30:15.967-0800] {processor.py:914} INFO - Processing file /Users/rishukhurana/anaconda3/lib/python3.11/site-packages/airflow/example_dags/example_bash_decorator.py for tasks to queue
[2024-12-15T07:30:15.968-0800] {logging_mixin.py:190} INFO - [2024-12-15T07:30:15.968-0800] {dagbag.py:588} INFO - Filling up the DagBag from /Users/rishukhurana/anaconda3/lib/python3.11/site-packages/airflow/example_dags/example_bash_decorator.py
[2024-12-15T07:30:16.006-0800] {processor.py:925} INFO - DAG(s) 'example_bash_decorator' retrieved from /Users/rishukhurana/anaconda3/lib/python3.11/site-packages/airflow/example_dags/example_bash_decorator.py
[2024-12-15T07:30:16.284-0800] {logging_mixin.py:190} INFO - [2024-12-15T07:30:16.284-0800] {dag.py:3239} INFO - Sync 1 DAGs
[2024-12-15T07:30:16.293-0800] {logging_mixin.py:190} INFO - [2024-12-15T07:30:16.293-0800] {dag.py:4180} INFO - Setting next_dagrun for example_bash_decorator to None, run_after=None
[2024-12-15T07:30:16.308-0800] {processor.py:208} INFO - Processing /Users/rishukhurana/anaconda3/lib/python3.11/site-packages/airflow/example_dags/example_bash_decorator.py took 0.349 seconds
[2024-12-15T07:36:22.612-0800] {processor.py:186} INFO - Started process (PID=38657) to work on /Users/rishukhurana/anaconda3/lib/python3.11/site-packages/airflow/example_dags/example_bash_decorator.py
[2024-12-15T07:36:22.614-0800] {processor.py:914} INFO - Processing file /Users/rishukhurana/anaconda3/lib/python3.11/site-packages/airflow/example_dags/example_bash_decorator.py for tasks to queue
[2024-12-15T07:36:22.616-0800] {logging_mixin.py:190} INFO - [2024-12-15T07:36:22.615-0800] {dagbag.py:588} INFO - Filling up the DagBag from /Users/rishukhurana/anaconda3/lib/python3.11/site-packages/airflow/example_dags/example_bash_decorator.py
[2024-12-15T07:36:22.659-0800] {processor.py:925} INFO - DAG(s) 'example_bash_decorator' retrieved from /Users/rishukhurana/anaconda3/lib/python3.11/site-packages/airflow/example_dags/example_bash_decorator.py
[2024-12-15T07:36:22.936-0800] {logging_mixin.py:190} INFO - [2024-12-15T07:36:22.935-0800] {dag.py:3239} INFO - Sync 1 DAGs
[2024-12-15T07:36:22.945-0800] {logging_mixin.py:190} INFO - [2024-12-15T07:36:22.945-0800] {dag.py:4180} INFO - Setting next_dagrun for example_bash_decorator to None, run_after=None
[2024-12-15T07:36:22.961-0800] {processor.py:208} INFO - Processing /Users/rishukhurana/anaconda3/lib/python3.11/site-packages/airflow/example_dags/example_bash_decorator.py took 0.354 seconds
[2024-12-15T07:42:30.867-0800] {processor.py:186} INFO - Started process (PID=38947) to work on /Users/rishukhurana/anaconda3/lib/python3.11/site-packages/airflow/example_dags/example_bash_decorator.py
[2024-12-15T07:42:30.869-0800] {processor.py:914} INFO - Processing file /Users/rishukhurana/anaconda3/lib/python3.11/site-packages/airflow/example_dags/example_bash_decorator.py for tasks to queue
[2024-12-15T07:42:30.870-0800] {logging_mixin.py:190} INFO - [2024-12-15T07:42:30.870-0800] {dagbag.py:588} INFO - Filling up the DagBag from /Users/rishukhurana/anaconda3/lib/python3.11/site-packages/airflow/example_dags/example_bash_decorator.py
[2024-12-15T07:42:30.927-0800] {processor.py:925} INFO - DAG(s) 'example_bash_decorator' retrieved from /Users/rishukhurana/anaconda3/lib/python3.11/site-packages/airflow/example_dags/example_bash_decorator.py
[2024-12-15T07:42:31.179-0800] {logging_mixin.py:190} INFO - [2024-12-15T07:42:31.179-0800] {dag.py:3239} INFO - Sync 1 DAGs
[2024-12-15T07:42:31.189-0800] {logging_mixin.py:190} INFO - [2024-12-15T07:42:31.188-0800] {dag.py:4180} INFO - Setting next_dagrun for example_bash_decorator to None, run_after=None
[2024-12-15T07:42:31.205-0800] {processor.py:208} INFO - Processing /Users/rishukhurana/anaconda3/lib/python3.11/site-packages/airflow/example_dags/example_bash_decorator.py took 0.343 seconds
[2024-12-15T07:48:41.231-0800] {processor.py:186} INFO - Started process (PID=39239) to work on /Users/rishukhurana/anaconda3/lib/python3.11/site-packages/airflow/example_dags/example_bash_decorator.py
[2024-12-15T07:48:41.233-0800] {processor.py:914} INFO - Processing file /Users/rishukhurana/anaconda3/lib/python3.11/site-packages/airflow/example_dags/example_bash_decorator.py for tasks to queue
[2024-12-15T07:48:41.234-0800] {logging_mixin.py:190} INFO - [2024-12-15T07:48:41.234-0800] {dagbag.py:588} INFO - Filling up the DagBag from /Users/rishukhurana/anaconda3/lib/python3.11/site-packages/airflow/example_dags/example_bash_decorator.py
[2024-12-15T07:48:41.273-0800] {processor.py:925} INFO - DAG(s) 'example_bash_decorator' retrieved from /Users/rishukhurana/anaconda3/lib/python3.11/site-packages/airflow/example_dags/example_bash_decorator.py
[2024-12-15T07:48:41.443-0800] {logging_mixin.py:190} INFO - [2024-12-15T07:48:41.443-0800] {dag.py:3239} INFO - Sync 1 DAGs
[2024-12-15T07:48:41.452-0800] {logging_mixin.py:190} INFO - [2024-12-15T07:48:41.452-0800] {dag.py:4180} INFO - Setting next_dagrun for example_bash_decorator to None, run_after=None
[2024-12-15T07:48:41.469-0800] {processor.py:208} INFO - Processing /Users/rishukhurana/anaconda3/lib/python3.11/site-packages/airflow/example_dags/example_bash_decorator.py took 0.242 seconds
[2024-12-15T07:54:52.865-0800] {processor.py:186} INFO - Started process (PID=39558) to work on /Users/rishukhurana/anaconda3/lib/python3.11/site-packages/airflow/example_dags/example_bash_decorator.py
[2024-12-15T07:54:52.867-0800] {processor.py:914} INFO - Processing file /Users/rishukhurana/anaconda3/lib/python3.11/site-packages/airflow/example_dags/example_bash_decorator.py for tasks to queue
[2024-12-15T07:54:52.868-0800] {logging_mixin.py:190} INFO - [2024-12-15T07:54:52.868-0800] {dagbag.py:588} INFO - Filling up the DagBag from /Users/rishukhurana/anaconda3/lib/python3.11/site-packages/airflow/example_dags/example_bash_decorator.py
[2024-12-15T07:54:52.913-0800] {processor.py:925} INFO - DAG(s) 'example_bash_decorator' retrieved from /Users/rishukhurana/anaconda3/lib/python3.11/site-packages/airflow/example_dags/example_bash_decorator.py
[2024-12-15T07:54:53.136-0800] {logging_mixin.py:190} INFO - [2024-12-15T07:54:53.135-0800] {dag.py:3239} INFO - Sync 1 DAGs
[2024-12-15T07:54:53.145-0800] {logging_mixin.py:190} INFO - [2024-12-15T07:54:53.144-0800] {dag.py:4180} INFO - Setting next_dagrun for example_bash_decorator to None, run_after=None
[2024-12-15T07:54:53.161-0800] {processor.py:208} INFO - Processing /Users/rishukhurana/anaconda3/lib/python3.11/site-packages/airflow/example_dags/example_bash_decorator.py took 0.302 seconds
[2024-12-15T08:01:06.497-0800] {processor.py:186} INFO - Started process (PID=39852) to work on /Users/rishukhurana/anaconda3/lib/python3.11/site-packages/airflow/example_dags/example_bash_decorator.py
[2024-12-15T08:01:06.499-0800] {processor.py:914} INFO - Processing file /Users/rishukhurana/anaconda3/lib/python3.11/site-packages/airflow/example_dags/example_bash_decorator.py for tasks to queue
[2024-12-15T08:01:06.500-0800] {logging_mixin.py:190} INFO - [2024-12-15T08:01:06.500-0800] {dagbag.py:588} INFO - Filling up the DagBag from /Users/rishukhurana/anaconda3/lib/python3.11/site-packages/airflow/example_dags/example_bash_decorator.py
[2024-12-15T08:01:06.544-0800] {processor.py:925} INFO - DAG(s) 'example_bash_decorator' retrieved from /Users/rishukhurana/anaconda3/lib/python3.11/site-packages/airflow/example_dags/example_bash_decorator.py
[2024-12-15T08:01:06.813-0800] {logging_mixin.py:190} INFO - [2024-12-15T08:01:06.813-0800] {dag.py:3239} INFO - Sync 1 DAGs
[2024-12-15T08:01:06.823-0800] {logging_mixin.py:190} INFO - [2024-12-15T08:01:06.822-0800] {dag.py:4180} INFO - Setting next_dagrun for example_bash_decorator to None, run_after=None
[2024-12-15T08:01:06.844-0800] {processor.py:208} INFO - Processing /Users/rishukhurana/anaconda3/lib/python3.11/site-packages/airflow/example_dags/example_bash_decorator.py took 0.354 seconds
[2024-12-15T08:07:24.449-0800] {processor.py:186} INFO - Started process (PID=40153) to work on /Users/rishukhurana/anaconda3/lib/python3.11/site-packages/airflow/example_dags/example_bash_decorator.py
[2024-12-15T08:07:24.451-0800] {processor.py:914} INFO - Processing file /Users/rishukhurana/anaconda3/lib/python3.11/site-packages/airflow/example_dags/example_bash_decorator.py for tasks to queue
[2024-12-15T08:07:24.453-0800] {logging_mixin.py:190} INFO - [2024-12-15T08:07:24.452-0800] {dagbag.py:588} INFO - Filling up the DagBag from /Users/rishukhurana/anaconda3/lib/python3.11/site-packages/airflow/example_dags/example_bash_decorator.py
[2024-12-15T08:07:24.493-0800] {processor.py:925} INFO - DAG(s) 'example_bash_decorator' retrieved from /Users/rishukhurana/anaconda3/lib/python3.11/site-packages/airflow/example_dags/example_bash_decorator.py
[2024-12-15T08:07:24.761-0800] {logging_mixin.py:190} INFO - [2024-12-15T08:07:24.761-0800] {dag.py:3239} INFO - Sync 1 DAGs
[2024-12-15T08:07:24.770-0800] {logging_mixin.py:190} INFO - [2024-12-15T08:07:24.770-0800] {dag.py:4180} INFO - Setting next_dagrun for example_bash_decorator to None, run_after=None
[2024-12-15T08:07:24.785-0800] {processor.py:208} INFO - Processing /Users/rishukhurana/anaconda3/lib/python3.11/site-packages/airflow/example_dags/example_bash_decorator.py took 0.343 seconds
[2024-12-15T08:14:41.194-0800] {processor.py:186} INFO - Started process (PID=40472) to work on /Users/rishukhurana/anaconda3/lib/python3.11/site-packages/airflow/example_dags/example_bash_decorator.py
[2024-12-15T08:14:41.196-0800] {processor.py:914} INFO - Processing file /Users/rishukhurana/anaconda3/lib/python3.11/site-packages/airflow/example_dags/example_bash_decorator.py for tasks to queue
[2024-12-15T08:14:41.197-0800] {logging_mixin.py:190} INFO - [2024-12-15T08:14:41.197-0800] {dagbag.py:588} INFO - Filling up the DagBag from /Users/rishukhurana/anaconda3/lib/python3.11/site-packages/airflow/example_dags/example_bash_decorator.py
[2024-12-15T08:14:41.265-0800] {processor.py:925} INFO - DAG(s) 'example_bash_decorator' retrieved from /Users/rishukhurana/anaconda3/lib/python3.11/site-packages/airflow/example_dags/example_bash_decorator.py
[2024-12-15T08:14:41.574-0800] {logging_mixin.py:190} INFO - [2024-12-15T08:14:41.574-0800] {dag.py:3239} INFO - Sync 1 DAGs
[2024-12-15T08:14:41.583-0800] {logging_mixin.py:190} INFO - [2024-12-15T08:14:41.583-0800] {dag.py:4180} INFO - Setting next_dagrun for example_bash_decorator to None, run_after=None
[2024-12-15T08:14:41.604-0800] {processor.py:208} INFO - Processing /Users/rishukhurana/anaconda3/lib/python3.11/site-packages/airflow/example_dags/example_bash_decorator.py took 0.416 seconds
[2024-12-15T10:50:24.832-0800] {processor.py:186} INFO - Started process (PID=40987) to work on /Users/rishukhurana/anaconda3/lib/python3.11/site-packages/airflow/example_dags/example_bash_decorator.py
[2024-12-15T10:50:24.834-0800] {processor.py:914} INFO - Processing file /Users/rishukhurana/anaconda3/lib/python3.11/site-packages/airflow/example_dags/example_bash_decorator.py for tasks to queue
[2024-12-15T10:50:24.836-0800] {logging_mixin.py:190} INFO - [2024-12-15T10:50:24.836-0800] {dagbag.py:588} INFO - Filling up the DagBag from /Users/rishukhurana/anaconda3/lib/python3.11/site-packages/airflow/example_dags/example_bash_decorator.py
[2024-12-15T10:50:24.915-0800] {processor.py:925} INFO - DAG(s) 'example_bash_decorator' retrieved from /Users/rishukhurana/anaconda3/lib/python3.11/site-packages/airflow/example_dags/example_bash_decorator.py
[2024-12-15T10:50:25.197-0800] {logging_mixin.py:190} INFO - [2024-12-15T10:50:25.197-0800] {dag.py:3239} INFO - Sync 1 DAGs
[2024-12-15T10:50:25.206-0800] {logging_mixin.py:190} INFO - [2024-12-15T10:50:25.206-0800] {dag.py:4180} INFO - Setting next_dagrun for example_bash_decorator to None, run_after=None
[2024-12-15T10:50:25.223-0800] {processor.py:208} INFO - Processing /Users/rishukhurana/anaconda3/lib/python3.11/site-packages/airflow/example_dags/example_bash_decorator.py took 0.395 seconds
[2024-12-15T11:57:13.750-0800] {processor.py:186} INFO - Started process (PID=41490) to work on /Users/rishukhurana/anaconda3/lib/python3.11/site-packages/airflow/example_dags/example_bash_decorator.py
[2024-12-15T11:57:13.753-0800] {processor.py:914} INFO - Processing file /Users/rishukhurana/anaconda3/lib/python3.11/site-packages/airflow/example_dags/example_bash_decorator.py for tasks to queue
[2024-12-15T11:57:13.754-0800] {logging_mixin.py:190} INFO - [2024-12-15T11:57:13.754-0800] {dagbag.py:588} INFO - Filling up the DagBag from /Users/rishukhurana/anaconda3/lib/python3.11/site-packages/airflow/example_dags/example_bash_decorator.py
[2024-12-15T11:57:13.803-0800] {processor.py:925} INFO - DAG(s) 'example_bash_decorator' retrieved from /Users/rishukhurana/anaconda3/lib/python3.11/site-packages/airflow/example_dags/example_bash_decorator.py
[2024-12-15T11:57:14.101-0800] {logging_mixin.py:190} INFO - [2024-12-15T11:57:14.101-0800] {dag.py:3239} INFO - Sync 1 DAGs
[2024-12-15T11:57:14.110-0800] {logging_mixin.py:190} INFO - [2024-12-15T11:57:14.110-0800] {dag.py:4180} INFO - Setting next_dagrun for example_bash_decorator to None, run_after=None
[2024-12-15T11:57:14.124-0800] {processor.py:208} INFO - Processing /Users/rishukhurana/anaconda3/lib/python3.11/site-packages/airflow/example_dags/example_bash_decorator.py took 0.380 seconds
[2024-12-15T12:03:52.382-0800] {processor.py:186} INFO - Started process (PID=41798) to work on /Users/rishukhurana/anaconda3/lib/python3.11/site-packages/airflow/example_dags/example_bash_decorator.py
[2024-12-15T12:03:52.387-0800] {processor.py:914} INFO - Processing file /Users/rishukhurana/anaconda3/lib/python3.11/site-packages/airflow/example_dags/example_bash_decorator.py for tasks to queue
[2024-12-15T12:03:52.389-0800] {logging_mixin.py:190} INFO - [2024-12-15T12:03:52.388-0800] {dagbag.py:588} INFO - Filling up the DagBag from /Users/rishukhurana/anaconda3/lib/python3.11/site-packages/airflow/example_dags/example_bash_decorator.py
[2024-12-15T12:03:52.467-0800] {processor.py:925} INFO - DAG(s) 'example_bash_decorator' retrieved from /Users/rishukhurana/anaconda3/lib/python3.11/site-packages/airflow/example_dags/example_bash_decorator.py
[2024-12-15T12:03:52.733-0800] {logging_mixin.py:190} INFO - [2024-12-15T12:03:52.733-0800] {dag.py:3239} INFO - Sync 1 DAGs
[2024-12-15T12:03:52.747-0800] {logging_mixin.py:190} INFO - [2024-12-15T12:03:52.746-0800] {dag.py:4180} INFO - Setting next_dagrun for example_bash_decorator to None, run_after=None
[2024-12-15T12:03:52.774-0800] {processor.py:208} INFO - Processing /Users/rishukhurana/anaconda3/lib/python3.11/site-packages/airflow/example_dags/example_bash_decorator.py took 0.396 seconds
[2024-12-15T12:11:12.308-0800] {processor.py:186} INFO - Started process (PID=42158) to work on /Users/rishukhurana/anaconda3/lib/python3.11/site-packages/airflow/example_dags/example_bash_decorator.py
[2024-12-15T12:11:12.310-0800] {processor.py:914} INFO - Processing file /Users/rishukhurana/anaconda3/lib/python3.11/site-packages/airflow/example_dags/example_bash_decorator.py for tasks to queue
[2024-12-15T12:11:12.312-0800] {logging_mixin.py:190} INFO - [2024-12-15T12:11:12.311-0800] {dagbag.py:588} INFO - Filling up the DagBag from /Users/rishukhurana/anaconda3/lib/python3.11/site-packages/airflow/example_dags/example_bash_decorator.py
[2024-12-15T12:11:12.384-0800] {processor.py:925} INFO - DAG(s) 'example_bash_decorator' retrieved from /Users/rishukhurana/anaconda3/lib/python3.11/site-packages/airflow/example_dags/example_bash_decorator.py
[2024-12-15T12:11:12.640-0800] {logging_mixin.py:190} INFO - [2024-12-15T12:11:12.640-0800] {dag.py:3239} INFO - Sync 1 DAGs
[2024-12-15T12:11:12.648-0800] {logging_mixin.py:190} INFO - [2024-12-15T12:11:12.648-0800] {dag.py:4180} INFO - Setting next_dagrun for example_bash_decorator to None, run_after=None
[2024-12-15T12:11:12.665-0800] {processor.py:208} INFO - Processing /Users/rishukhurana/anaconda3/lib/python3.11/site-packages/airflow/example_dags/example_bash_decorator.py took 0.364 seconds
[2024-12-15T12:17:41.015-0800] {processor.py:186} INFO - Started process (PID=42452) to work on /Users/rishukhurana/anaconda3/lib/python3.11/site-packages/airflow/example_dags/example_bash_decorator.py
[2024-12-15T12:17:41.018-0800] {processor.py:914} INFO - Processing file /Users/rishukhurana/anaconda3/lib/python3.11/site-packages/airflow/example_dags/example_bash_decorator.py for tasks to queue
[2024-12-15T12:17:41.019-0800] {logging_mixin.py:190} INFO - [2024-12-15T12:17:41.019-0800] {dagbag.py:588} INFO - Filling up the DagBag from /Users/rishukhurana/anaconda3/lib/python3.11/site-packages/airflow/example_dags/example_bash_decorator.py
[2024-12-15T12:17:41.092-0800] {processor.py:925} INFO - DAG(s) 'example_bash_decorator' retrieved from /Users/rishukhurana/anaconda3/lib/python3.11/site-packages/airflow/example_dags/example_bash_decorator.py
[2024-12-15T12:17:41.382-0800] {logging_mixin.py:190} INFO - [2024-12-15T12:17:41.382-0800] {dag.py:3239} INFO - Sync 1 DAGs
[2024-12-15T12:17:41.391-0800] {logging_mixin.py:190} INFO - [2024-12-15T12:17:41.391-0800] {dag.py:4180} INFO - Setting next_dagrun for example_bash_decorator to None, run_after=None
[2024-12-15T12:17:41.410-0800] {processor.py:208} INFO - Processing /Users/rishukhurana/anaconda3/lib/python3.11/site-packages/airflow/example_dags/example_bash_decorator.py took 0.400 seconds
[2024-12-15T12:24:03.110-0800] {processor.py:186} INFO - Started process (PID=42750) to work on /Users/rishukhurana/anaconda3/lib/python3.11/site-packages/airflow/example_dags/example_bash_decorator.py
[2024-12-15T12:24:03.112-0800] {processor.py:914} INFO - Processing file /Users/rishukhurana/anaconda3/lib/python3.11/site-packages/airflow/example_dags/example_bash_decorator.py for tasks to queue
[2024-12-15T12:24:03.114-0800] {logging_mixin.py:190} INFO - [2024-12-15T12:24:03.113-0800] {dagbag.py:588} INFO - Filling up the DagBag from /Users/rishukhurana/anaconda3/lib/python3.11/site-packages/airflow/example_dags/example_bash_decorator.py
[2024-12-15T12:24:03.175-0800] {processor.py:925} INFO - DAG(s) 'example_bash_decorator' retrieved from /Users/rishukhurana/anaconda3/lib/python3.11/site-packages/airflow/example_dags/example_bash_decorator.py
[2024-12-15T12:24:03.484-0800] {logging_mixin.py:190} INFO - [2024-12-15T12:24:03.483-0800] {dag.py:3239} INFO - Sync 1 DAGs
[2024-12-15T12:24:03.494-0800] {logging_mixin.py:190} INFO - [2024-12-15T12:24:03.493-0800] {dag.py:4180} INFO - Setting next_dagrun for example_bash_decorator to None, run_after=None
[2024-12-15T12:24:03.515-0800] {processor.py:208} INFO - Processing /Users/rishukhurana/anaconda3/lib/python3.11/site-packages/airflow/example_dags/example_bash_decorator.py took 0.412 seconds
[2024-12-15T12:30:30.922-0800] {processor.py:186} INFO - Started process (PID=43045) to work on /Users/rishukhurana/anaconda3/lib/python3.11/site-packages/airflow/example_dags/example_bash_decorator.py
[2024-12-15T12:30:30.924-0800] {processor.py:914} INFO - Processing file /Users/rishukhurana/anaconda3/lib/python3.11/site-packages/airflow/example_dags/example_bash_decorator.py for tasks to queue
[2024-12-15T12:30:30.926-0800] {logging_mixin.py:190} INFO - [2024-12-15T12:30:30.925-0800] {dagbag.py:588} INFO - Filling up the DagBag from /Users/rishukhurana/anaconda3/lib/python3.11/site-packages/airflow/example_dags/example_bash_decorator.py
[2024-12-15T12:30:30.995-0800] {processor.py:925} INFO - DAG(s) 'example_bash_decorator' retrieved from /Users/rishukhurana/anaconda3/lib/python3.11/site-packages/airflow/example_dags/example_bash_decorator.py
[2024-12-15T12:30:31.306-0800] {logging_mixin.py:190} INFO - [2024-12-15T12:30:31.306-0800] {dag.py:3239} INFO - Sync 1 DAGs
[2024-12-15T12:30:31.315-0800] {logging_mixin.py:190} INFO - [2024-12-15T12:30:31.315-0800] {dag.py:4180} INFO - Setting next_dagrun for example_bash_decorator to None, run_after=None
[2024-12-15T12:30:31.333-0800] {processor.py:208} INFO - Processing /Users/rishukhurana/anaconda3/lib/python3.11/site-packages/airflow/example_dags/example_bash_decorator.py took 0.417 seconds
[2024-12-15T12:37:12.860-0800] {processor.py:186} INFO - Started process (PID=43364) to work on /Users/rishukhurana/anaconda3/lib/python3.11/site-packages/airflow/example_dags/example_bash_decorator.py
[2024-12-15T12:37:12.862-0800] {processor.py:914} INFO - Processing file /Users/rishukhurana/anaconda3/lib/python3.11/site-packages/airflow/example_dags/example_bash_decorator.py for tasks to queue
[2024-12-15T12:37:12.864-0800] {logging_mixin.py:190} INFO - [2024-12-15T12:37:12.864-0800] {dagbag.py:588} INFO - Filling up the DagBag from /Users/rishukhurana/anaconda3/lib/python3.11/site-packages/airflow/example_dags/example_bash_decorator.py
[2024-12-15T12:37:12.938-0800] {processor.py:925} INFO - DAG(s) 'example_bash_decorator' retrieved from /Users/rishukhurana/anaconda3/lib/python3.11/site-packages/airflow/example_dags/example_bash_decorator.py
[2024-12-15T12:37:13.235-0800] {logging_mixin.py:190} INFO - [2024-12-15T12:37:13.235-0800] {dag.py:3239} INFO - Sync 1 DAGs
[2024-12-15T12:37:13.244-0800] {logging_mixin.py:190} INFO - [2024-12-15T12:37:13.244-0800] {dag.py:4180} INFO - Setting next_dagrun for example_bash_decorator to None, run_after=None
[2024-12-15T12:37:13.267-0800] {processor.py:208} INFO - Processing /Users/rishukhurana/anaconda3/lib/python3.11/site-packages/airflow/example_dags/example_bash_decorator.py took 0.414 seconds
[2024-12-15T12:43:43.501-0800] {processor.py:186} INFO - Started process (PID=43660) to work on /Users/rishukhurana/anaconda3/lib/python3.11/site-packages/airflow/example_dags/example_bash_decorator.py
[2024-12-15T12:43:43.503-0800] {processor.py:914} INFO - Processing file /Users/rishukhurana/anaconda3/lib/python3.11/site-packages/airflow/example_dags/example_bash_decorator.py for tasks to queue
[2024-12-15T12:43:43.504-0800] {logging_mixin.py:190} INFO - [2024-12-15T12:43:43.504-0800] {dagbag.py:588} INFO - Filling up the DagBag from /Users/rishukhurana/anaconda3/lib/python3.11/site-packages/airflow/example_dags/example_bash_decorator.py
[2024-12-15T12:43:43.547-0800] {processor.py:925} INFO - DAG(s) 'example_bash_decorator' retrieved from /Users/rishukhurana/anaconda3/lib/python3.11/site-packages/airflow/example_dags/example_bash_decorator.py
[2024-12-15T12:43:43.838-0800] {logging_mixin.py:190} INFO - [2024-12-15T12:43:43.837-0800] {dag.py:3239} INFO - Sync 1 DAGs
[2024-12-15T12:43:43.846-0800] {logging_mixin.py:190} INFO - [2024-12-15T12:43:43.846-0800] {dag.py:4180} INFO - Setting next_dagrun for example_bash_decorator to None, run_after=None
[2024-12-15T12:43:43.862-0800] {processor.py:208} INFO - Processing /Users/rishukhurana/anaconda3/lib/python3.11/site-packages/airflow/example_dags/example_bash_decorator.py took 0.366 seconds
[2024-12-15T14:43:46.946-0800] {processor.py:186} INFO - Started process (PID=44051) to work on /Users/rishukhurana/anaconda3/lib/python3.11/site-packages/airflow/example_dags/example_bash_decorator.py
[2024-12-15T14:43:46.948-0800] {processor.py:914} INFO - Processing file /Users/rishukhurana/anaconda3/lib/python3.11/site-packages/airflow/example_dags/example_bash_decorator.py for tasks to queue
[2024-12-15T14:43:46.950-0800] {logging_mixin.py:190} INFO - [2024-12-15T14:43:46.950-0800] {dagbag.py:588} INFO - Filling up the DagBag from /Users/rishukhurana/anaconda3/lib/python3.11/site-packages/airflow/example_dags/example_bash_decorator.py
[2024-12-15T14:43:47.006-0800] {processor.py:925} INFO - DAG(s) 'example_bash_decorator' retrieved from /Users/rishukhurana/anaconda3/lib/python3.11/site-packages/airflow/example_dags/example_bash_decorator.py
[2024-12-15T14:43:47.263-0800] {logging_mixin.py:190} INFO - [2024-12-15T14:43:47.263-0800] {dag.py:3239} INFO - Sync 1 DAGs
[2024-12-15T14:43:47.274-0800] {logging_mixin.py:190} INFO - [2024-12-15T14:43:47.273-0800] {dag.py:4180} INFO - Setting next_dagrun for example_bash_decorator to None, run_after=None
[2024-12-15T14:43:47.292-0800] {processor.py:208} INFO - Processing /Users/rishukhurana/anaconda3/lib/python3.11/site-packages/airflow/example_dags/example_bash_decorator.py took 0.351 seconds
