[2024-12-14T19:09:26.951-0800] {processor.py:186} INFO - Started process (PID=24338) to work on /Users/rishukhurana/anaconda3/lib/python3.11/site-packages/airflow/example_dags/example_dynamic_task_mapping.py
[2024-12-14T19:09:26.966-0800] {processor.py:914} INFO - Processing file /Users/rishukhurana/anaconda3/lib/python3.11/site-packages/airflow/example_dags/example_dynamic_task_mapping.py for tasks to queue
[2024-12-14T19:09:26.974-0800] {logging_mixin.py:190} INFO - [2024-12-14T19:09:26.972-0800] {dagbag.py:588} INFO - Filling up the DagBag from /Users/rishukhurana/anaconda3/lib/python3.11/site-packages/airflow/example_dags/example_dynamic_task_mapping.py
[2024-12-14T19:09:27.295-0800] {processor.py:925} INFO - DAG(s) 'example_dynamic_task_mapping' retrieved from /Users/rishukhurana/anaconda3/lib/python3.11/site-packages/airflow/example_dags/example_dynamic_task_mapping.py
[2024-12-14T19:09:28.008-0800] {logging_mixin.py:190} INFO - [2024-12-14T19:09:28.005-0800] {dag.py:3239} INFO - Sync 1 DAGs
[2024-12-14T19:09:28.087-0800] {logging_mixin.py:190} INFO - [2024-12-14T19:09:28.085-0800] {dag.py:4180} INFO - Setting next_dagrun for example_dynamic_task_mapping to None, run_after=None
[2024-12-14T19:09:28.205-0800] {processor.py:208} INFO - Processing /Users/rishukhurana/anaconda3/lib/python3.11/site-packages/airflow/example_dags/example_dynamic_task_mapping.py took 1.296 seconds
[2024-12-14T19:52:49.220-0800] {processor.py:186} INFO - Started process (PID=24583) to work on /Users/rishukhurana/anaconda3/lib/python3.11/site-packages/airflow/example_dags/example_dynamic_task_mapping.py
[2024-12-14T19:52:49.222-0800] {processor.py:914} INFO - Processing file /Users/rishukhurana/anaconda3/lib/python3.11/site-packages/airflow/example_dags/example_dynamic_task_mapping.py for tasks to queue
[2024-12-14T19:52:49.224-0800] {logging_mixin.py:190} INFO - [2024-12-14T19:52:49.223-0800] {dagbag.py:588} INFO - Filling up the DagBag from /Users/rishukhurana/anaconda3/lib/python3.11/site-packages/airflow/example_dags/example_dynamic_task_mapping.py
[2024-12-14T19:52:49.271-0800] {processor.py:925} INFO - DAG(s) 'example_dynamic_task_mapping' retrieved from /Users/rishukhurana/anaconda3/lib/python3.11/site-packages/airflow/example_dags/example_dynamic_task_mapping.py
[2024-12-14T19:52:49.364-0800] {logging_mixin.py:190} INFO - [2024-12-14T19:52:49.364-0800] {dag.py:3239} INFO - Sync 1 DAGs
[2024-12-14T19:52:49.374-0800] {logging_mixin.py:190} INFO - [2024-12-14T19:52:49.374-0800] {dag.py:4180} INFO - Setting next_dagrun for example_dynamic_task_mapping to None, run_after=None
[2024-12-14T19:52:49.389-0800] {processor.py:208} INFO - Processing /Users/rishukhurana/anaconda3/lib/python3.11/site-packages/airflow/example_dags/example_dynamic_task_mapping.py took 0.175 seconds
[2024-12-14T19:56:20.426-0800] {processor.py:186} INFO - Started process (PID=24743) to work on /Users/rishukhurana/anaconda3/lib/python3.11/site-packages/airflow/example_dags/example_dynamic_task_mapping.py
[2024-12-14T19:56:20.428-0800] {processor.py:914} INFO - Processing file /Users/rishukhurana/anaconda3/lib/python3.11/site-packages/airflow/example_dags/example_dynamic_task_mapping.py for tasks to queue
[2024-12-14T19:56:20.430-0800] {logging_mixin.py:190} INFO - [2024-12-14T19:56:20.429-0800] {dagbag.py:588} INFO - Filling up the DagBag from /Users/rishukhurana/anaconda3/lib/python3.11/site-packages/airflow/example_dags/example_dynamic_task_mapping.py
[2024-12-14T19:56:20.466-0800] {processor.py:925} INFO - DAG(s) 'example_dynamic_task_mapping' retrieved from /Users/rishukhurana/anaconda3/lib/python3.11/site-packages/airflow/example_dags/example_dynamic_task_mapping.py
[2024-12-14T19:56:20.563-0800] {logging_mixin.py:190} INFO - [2024-12-14T19:56:20.563-0800] {dag.py:3239} INFO - Sync 1 DAGs
[2024-12-14T19:56:20.574-0800] {logging_mixin.py:190} INFO - [2024-12-14T19:56:20.573-0800] {dag.py:4180} INFO - Setting next_dagrun for example_dynamic_task_mapping to None, run_after=None
[2024-12-14T19:56:20.589-0800] {processor.py:208} INFO - Processing /Users/rishukhurana/anaconda3/lib/python3.11/site-packages/airflow/example_dags/example_dynamic_task_mapping.py took 0.169 seconds
[2024-12-14T20:02:37.303-0800] {processor.py:186} INFO - Started process (PID=25043) to work on /Users/rishukhurana/anaconda3/lib/python3.11/site-packages/airflow/example_dags/example_dynamic_task_mapping.py
[2024-12-14T20:02:37.306-0800] {processor.py:914} INFO - Processing file /Users/rishukhurana/anaconda3/lib/python3.11/site-packages/airflow/example_dags/example_dynamic_task_mapping.py for tasks to queue
[2024-12-14T20:02:37.307-0800] {logging_mixin.py:190} INFO - [2024-12-14T20:02:37.307-0800] {dagbag.py:588} INFO - Filling up the DagBag from /Users/rishukhurana/anaconda3/lib/python3.11/site-packages/airflow/example_dags/example_dynamic_task_mapping.py
[2024-12-14T20:02:37.342-0800] {processor.py:925} INFO - DAG(s) 'example_dynamic_task_mapping' retrieved from /Users/rishukhurana/anaconda3/lib/python3.11/site-packages/airflow/example_dags/example_dynamic_task_mapping.py
[2024-12-14T20:02:37.430-0800] {logging_mixin.py:190} INFO - [2024-12-14T20:02:37.429-0800] {dag.py:3239} INFO - Sync 1 DAGs
[2024-12-14T20:02:37.439-0800] {logging_mixin.py:190} INFO - [2024-12-14T20:02:37.439-0800] {dag.py:4180} INFO - Setting next_dagrun for example_dynamic_task_mapping to None, run_after=None
[2024-12-14T20:02:37.454-0800] {processor.py:208} INFO - Processing /Users/rishukhurana/anaconda3/lib/python3.11/site-packages/airflow/example_dags/example_dynamic_task_mapping.py took 0.157 seconds
[2024-12-14T20:08:47.092-0800] {processor.py:186} INFO - Started process (PID=25338) to work on /Users/rishukhurana/anaconda3/lib/python3.11/site-packages/airflow/example_dags/example_dynamic_task_mapping.py
[2024-12-14T20:08:47.095-0800] {processor.py:914} INFO - Processing file /Users/rishukhurana/anaconda3/lib/python3.11/site-packages/airflow/example_dags/example_dynamic_task_mapping.py for tasks to queue
[2024-12-14T20:08:47.096-0800] {logging_mixin.py:190} INFO - [2024-12-14T20:08:47.096-0800] {dagbag.py:588} INFO - Filling up the DagBag from /Users/rishukhurana/anaconda3/lib/python3.11/site-packages/airflow/example_dags/example_dynamic_task_mapping.py
[2024-12-14T20:08:47.153-0800] {processor.py:925} INFO - DAG(s) 'example_dynamic_task_mapping' retrieved from /Users/rishukhurana/anaconda3/lib/python3.11/site-packages/airflow/example_dags/example_dynamic_task_mapping.py
[2024-12-14T20:08:47.251-0800] {logging_mixin.py:190} INFO - [2024-12-14T20:08:47.250-0800] {dag.py:3239} INFO - Sync 1 DAGs
[2024-12-14T20:08:47.261-0800] {logging_mixin.py:190} INFO - [2024-12-14T20:08:47.260-0800] {dag.py:4180} INFO - Setting next_dagrun for example_dynamic_task_mapping to None, run_after=None
[2024-12-14T20:08:47.276-0800] {processor.py:208} INFO - Processing /Users/rishukhurana/anaconda3/lib/python3.11/site-packages/airflow/example_dags/example_dynamic_task_mapping.py took 0.190 seconds
[2024-12-14T20:15:17.688-0800] {processor.py:186} INFO - Started process (PID=25757) to work on /Users/rishukhurana/anaconda3/lib/python3.11/site-packages/airflow/example_dags/example_dynamic_task_mapping.py
[2024-12-14T20:15:17.690-0800] {processor.py:914} INFO - Processing file /Users/rishukhurana/anaconda3/lib/python3.11/site-packages/airflow/example_dags/example_dynamic_task_mapping.py for tasks to queue
[2024-12-14T20:15:17.692-0800] {logging_mixin.py:190} INFO - [2024-12-14T20:15:17.692-0800] {dagbag.py:588} INFO - Filling up the DagBag from /Users/rishukhurana/anaconda3/lib/python3.11/site-packages/airflow/example_dags/example_dynamic_task_mapping.py
[2024-12-14T20:15:17.721-0800] {processor.py:925} INFO - DAG(s) 'example_dynamic_task_mapping' retrieved from /Users/rishukhurana/anaconda3/lib/python3.11/site-packages/airflow/example_dags/example_dynamic_task_mapping.py
[2024-12-14T20:15:17.803-0800] {logging_mixin.py:190} INFO - [2024-12-14T20:15:17.802-0800] {dag.py:3239} INFO - Sync 1 DAGs
[2024-12-14T20:15:17.812-0800] {logging_mixin.py:190} INFO - [2024-12-14T20:15:17.812-0800] {dag.py:4180} INFO - Setting next_dagrun for example_dynamic_task_mapping to None, run_after=None
[2024-12-14T20:15:17.827-0800] {processor.py:208} INFO - Processing /Users/rishukhurana/anaconda3/lib/python3.11/site-packages/airflow/example_dags/example_dynamic_task_mapping.py took 0.143 seconds
[2024-12-14T20:21:58.269-0800] {processor.py:186} INFO - Started process (PID=26126) to work on /Users/rishukhurana/anaconda3/lib/python3.11/site-packages/airflow/example_dags/example_dynamic_task_mapping.py
[2024-12-14T20:21:58.271-0800] {processor.py:914} INFO - Processing file /Users/rishukhurana/anaconda3/lib/python3.11/site-packages/airflow/example_dags/example_dynamic_task_mapping.py for tasks to queue
[2024-12-14T20:21:58.273-0800] {logging_mixin.py:190} INFO - [2024-12-14T20:21:58.273-0800] {dagbag.py:588} INFO - Filling up the DagBag from /Users/rishukhurana/anaconda3/lib/python3.11/site-packages/airflow/example_dags/example_dynamic_task_mapping.py
[2024-12-14T20:21:58.314-0800] {processor.py:925} INFO - DAG(s) 'example_dynamic_task_mapping' retrieved from /Users/rishukhurana/anaconda3/lib/python3.11/site-packages/airflow/example_dags/example_dynamic_task_mapping.py
[2024-12-14T20:21:58.397-0800] {logging_mixin.py:190} INFO - [2024-12-14T20:21:58.397-0800] {dag.py:3239} INFO - Sync 1 DAGs
[2024-12-14T20:21:58.406-0800] {logging_mixin.py:190} INFO - [2024-12-14T20:21:58.406-0800] {dag.py:4180} INFO - Setting next_dagrun for example_dynamic_task_mapping to None, run_after=None
[2024-12-14T20:21:58.422-0800] {processor.py:208} INFO - Processing /Users/rishukhurana/anaconda3/lib/python3.11/site-packages/airflow/example_dags/example_dynamic_task_mapping.py took 0.158 seconds
[2024-12-14T20:28:36.892-0800] {processor.py:186} INFO - Started process (PID=26451) to work on /Users/rishukhurana/anaconda3/lib/python3.11/site-packages/airflow/example_dags/example_dynamic_task_mapping.py
[2024-12-14T20:28:36.895-0800] {processor.py:914} INFO - Processing file /Users/rishukhurana/anaconda3/lib/python3.11/site-packages/airflow/example_dags/example_dynamic_task_mapping.py for tasks to queue
[2024-12-14T20:28:36.896-0800] {logging_mixin.py:190} INFO - [2024-12-14T20:28:36.896-0800] {dagbag.py:588} INFO - Filling up the DagBag from /Users/rishukhurana/anaconda3/lib/python3.11/site-packages/airflow/example_dags/example_dynamic_task_mapping.py
[2024-12-14T20:28:36.947-0800] {processor.py:925} INFO - DAG(s) 'example_dynamic_task_mapping' retrieved from /Users/rishukhurana/anaconda3/lib/python3.11/site-packages/airflow/example_dags/example_dynamic_task_mapping.py
[2024-12-14T20:28:37.043-0800] {logging_mixin.py:190} INFO - [2024-12-14T20:28:37.042-0800] {dag.py:3239} INFO - Sync 1 DAGs
[2024-12-14T20:28:37.052-0800] {logging_mixin.py:190} INFO - [2024-12-14T20:28:37.052-0800] {dag.py:4180} INFO - Setting next_dagrun for example_dynamic_task_mapping to None, run_after=None
[2024-12-14T20:28:37.068-0800] {processor.py:208} INFO - Processing /Users/rishukhurana/anaconda3/lib/python3.11/site-packages/airflow/example_dags/example_dynamic_task_mapping.py took 0.182 seconds
[2024-12-14T20:35:00.631-0800] {processor.py:186} INFO - Started process (PID=26787) to work on /Users/rishukhurana/anaconda3/lib/python3.11/site-packages/airflow/example_dags/example_dynamic_task_mapping.py
[2024-12-14T20:35:00.634-0800] {processor.py:914} INFO - Processing file /Users/rishukhurana/anaconda3/lib/python3.11/site-packages/airflow/example_dags/example_dynamic_task_mapping.py for tasks to queue
[2024-12-14T20:35:00.635-0800] {logging_mixin.py:190} INFO - [2024-12-14T20:35:00.635-0800] {dagbag.py:588} INFO - Filling up the DagBag from /Users/rishukhurana/anaconda3/lib/python3.11/site-packages/airflow/example_dags/example_dynamic_task_mapping.py
[2024-12-14T20:35:00.670-0800] {processor.py:925} INFO - DAG(s) 'example_dynamic_task_mapping' retrieved from /Users/rishukhurana/anaconda3/lib/python3.11/site-packages/airflow/example_dags/example_dynamic_task_mapping.py
[2024-12-14T20:35:00.755-0800] {logging_mixin.py:190} INFO - [2024-12-14T20:35:00.755-0800] {dag.py:3239} INFO - Sync 1 DAGs
[2024-12-14T20:35:00.764-0800] {logging_mixin.py:190} INFO - [2024-12-14T20:35:00.764-0800] {dag.py:4180} INFO - Setting next_dagrun for example_dynamic_task_mapping to None, run_after=None
[2024-12-14T20:35:00.782-0800] {processor.py:208} INFO - Processing /Users/rishukhurana/anaconda3/lib/python3.11/site-packages/airflow/example_dags/example_dynamic_task_mapping.py took 0.156 seconds
[2024-12-14T20:41:11.662-0800] {processor.py:186} INFO - Started process (PID=27079) to work on /Users/rishukhurana/anaconda3/lib/python3.11/site-packages/airflow/example_dags/example_dynamic_task_mapping.py
[2024-12-14T20:41:11.666-0800] {processor.py:914} INFO - Processing file /Users/rishukhurana/anaconda3/lib/python3.11/site-packages/airflow/example_dags/example_dynamic_task_mapping.py for tasks to queue
[2024-12-14T20:41:11.668-0800] {logging_mixin.py:190} INFO - [2024-12-14T20:41:11.667-0800] {dagbag.py:588} INFO - Filling up the DagBag from /Users/rishukhurana/anaconda3/lib/python3.11/site-packages/airflow/example_dags/example_dynamic_task_mapping.py
[2024-12-14T20:41:11.700-0800] {processor.py:925} INFO - DAG(s) 'example_dynamic_task_mapping' retrieved from /Users/rishukhurana/anaconda3/lib/python3.11/site-packages/airflow/example_dags/example_dynamic_task_mapping.py
[2024-12-14T20:41:11.782-0800] {logging_mixin.py:190} INFO - [2024-12-14T20:41:11.782-0800] {dag.py:3239} INFO - Sync 1 DAGs
[2024-12-14T20:41:11.792-0800] {logging_mixin.py:190} INFO - [2024-12-14T20:41:11.792-0800] {dag.py:4180} INFO - Setting next_dagrun for example_dynamic_task_mapping to None, run_after=None
[2024-12-14T20:41:11.808-0800] {processor.py:208} INFO - Processing /Users/rishukhurana/anaconda3/lib/python3.11/site-packages/airflow/example_dags/example_dynamic_task_mapping.py took 0.152 seconds
[2024-12-14T20:47:16.222-0800] {processor.py:186} INFO - Started process (PID=27397) to work on /Users/rishukhurana/anaconda3/lib/python3.11/site-packages/airflow/example_dags/example_dynamic_task_mapping.py
[2024-12-14T20:47:16.223-0800] {processor.py:914} INFO - Processing file /Users/rishukhurana/anaconda3/lib/python3.11/site-packages/airflow/example_dags/example_dynamic_task_mapping.py for tasks to queue
[2024-12-14T20:47:16.224-0800] {logging_mixin.py:190} INFO - [2024-12-14T20:47:16.224-0800] {dagbag.py:588} INFO - Filling up the DagBag from /Users/rishukhurana/anaconda3/lib/python3.11/site-packages/airflow/example_dags/example_dynamic_task_mapping.py
[2024-12-14T20:47:16.255-0800] {processor.py:925} INFO - DAG(s) 'example_dynamic_task_mapping' retrieved from /Users/rishukhurana/anaconda3/lib/python3.11/site-packages/airflow/example_dags/example_dynamic_task_mapping.py
[2024-12-14T20:47:16.334-0800] {logging_mixin.py:190} INFO - [2024-12-14T20:47:16.333-0800] {dag.py:3239} INFO - Sync 1 DAGs
[2024-12-14T20:47:16.342-0800] {logging_mixin.py:190} INFO - [2024-12-14T20:47:16.342-0800] {dag.py:4180} INFO - Setting next_dagrun for example_dynamic_task_mapping to None, run_after=None
[2024-12-14T20:47:16.357-0800] {processor.py:208} INFO - Processing /Users/rishukhurana/anaconda3/lib/python3.11/site-packages/airflow/example_dags/example_dynamic_task_mapping.py took 0.142 seconds
[2024-12-14T20:53:20.009-0800] {processor.py:186} INFO - Started process (PID=27719) to work on /Users/rishukhurana/anaconda3/lib/python3.11/site-packages/airflow/example_dags/example_dynamic_task_mapping.py
[2024-12-14T20:53:20.011-0800] {processor.py:914} INFO - Processing file /Users/rishukhurana/anaconda3/lib/python3.11/site-packages/airflow/example_dags/example_dynamic_task_mapping.py for tasks to queue
[2024-12-14T20:53:20.012-0800] {logging_mixin.py:190} INFO - [2024-12-14T20:53:20.012-0800] {dagbag.py:588} INFO - Filling up the DagBag from /Users/rishukhurana/anaconda3/lib/python3.11/site-packages/airflow/example_dags/example_dynamic_task_mapping.py
[2024-12-14T20:53:20.051-0800] {processor.py:925} INFO - DAG(s) 'example_dynamic_task_mapping' retrieved from /Users/rishukhurana/anaconda3/lib/python3.11/site-packages/airflow/example_dags/example_dynamic_task_mapping.py
[2024-12-14T20:53:20.130-0800] {logging_mixin.py:190} INFO - [2024-12-14T20:53:20.130-0800] {dag.py:3239} INFO - Sync 1 DAGs
[2024-12-14T20:53:20.139-0800] {logging_mixin.py:190} INFO - [2024-12-14T20:53:20.138-0800] {dag.py:4180} INFO - Setting next_dagrun for example_dynamic_task_mapping to None, run_after=None
[2024-12-14T20:53:20.154-0800] {processor.py:208} INFO - Processing /Users/rishukhurana/anaconda3/lib/python3.11/site-packages/airflow/example_dags/example_dynamic_task_mapping.py took 0.151 seconds
[2024-12-14T20:59:19.723-0800] {processor.py:186} INFO - Started process (PID=28058) to work on /Users/rishukhurana/anaconda3/lib/python3.11/site-packages/airflow/example_dags/example_dynamic_task_mapping.py
[2024-12-14T20:59:19.726-0800] {processor.py:914} INFO - Processing file /Users/rishukhurana/anaconda3/lib/python3.11/site-packages/airflow/example_dags/example_dynamic_task_mapping.py for tasks to queue
[2024-12-14T20:59:19.727-0800] {logging_mixin.py:190} INFO - [2024-12-14T20:59:19.726-0800] {dagbag.py:588} INFO - Filling up the DagBag from /Users/rishukhurana/anaconda3/lib/python3.11/site-packages/airflow/example_dags/example_dynamic_task_mapping.py
[2024-12-14T20:59:19.757-0800] {processor.py:925} INFO - DAG(s) 'example_dynamic_task_mapping' retrieved from /Users/rishukhurana/anaconda3/lib/python3.11/site-packages/airflow/example_dags/example_dynamic_task_mapping.py
[2024-12-14T20:59:19.842-0800] {logging_mixin.py:190} INFO - [2024-12-14T20:59:19.842-0800] {dag.py:3239} INFO - Sync 1 DAGs
[2024-12-14T20:59:19.851-0800] {logging_mixin.py:190} INFO - [2024-12-14T20:59:19.850-0800] {dag.py:4180} INFO - Setting next_dagrun for example_dynamic_task_mapping to None, run_after=None
[2024-12-14T20:59:19.865-0800] {processor.py:208} INFO - Processing /Users/rishukhurana/anaconda3/lib/python3.11/site-packages/airflow/example_dags/example_dynamic_task_mapping.py took 0.148 seconds
[2024-12-14T21:05:18.459-0800] {processor.py:186} INFO - Started process (PID=28348) to work on /Users/rishukhurana/anaconda3/lib/python3.11/site-packages/airflow/example_dags/example_dynamic_task_mapping.py
[2024-12-14T21:05:18.461-0800] {processor.py:914} INFO - Processing file /Users/rishukhurana/anaconda3/lib/python3.11/site-packages/airflow/example_dags/example_dynamic_task_mapping.py for tasks to queue
[2024-12-14T21:05:18.463-0800] {logging_mixin.py:190} INFO - [2024-12-14T21:05:18.462-0800] {dagbag.py:588} INFO - Filling up the DagBag from /Users/rishukhurana/anaconda3/lib/python3.11/site-packages/airflow/example_dags/example_dynamic_task_mapping.py
[2024-12-14T21:05:18.513-0800] {processor.py:925} INFO - DAG(s) 'example_dynamic_task_mapping' retrieved from /Users/rishukhurana/anaconda3/lib/python3.11/site-packages/airflow/example_dags/example_dynamic_task_mapping.py
[2024-12-14T21:05:18.594-0800] {logging_mixin.py:190} INFO - [2024-12-14T21:05:18.593-0800] {dag.py:3239} INFO - Sync 1 DAGs
[2024-12-14T21:05:18.602-0800] {logging_mixin.py:190} INFO - [2024-12-14T21:05:18.602-0800] {dag.py:4180} INFO - Setting next_dagrun for example_dynamic_task_mapping to None, run_after=None
[2024-12-14T21:05:18.616-0800] {processor.py:208} INFO - Processing /Users/rishukhurana/anaconda3/lib/python3.11/site-packages/airflow/example_dags/example_dynamic_task_mapping.py took 0.164 seconds
[2024-12-14T21:11:10.526-0800] {processor.py:186} INFO - Started process (PID=28638) to work on /Users/rishukhurana/anaconda3/lib/python3.11/site-packages/airflow/example_dags/example_dynamic_task_mapping.py
[2024-12-14T21:11:10.528-0800] {processor.py:914} INFO - Processing file /Users/rishukhurana/anaconda3/lib/python3.11/site-packages/airflow/example_dags/example_dynamic_task_mapping.py for tasks to queue
[2024-12-14T21:11:10.529-0800] {logging_mixin.py:190} INFO - [2024-12-14T21:11:10.529-0800] {dagbag.py:588} INFO - Filling up the DagBag from /Users/rishukhurana/anaconda3/lib/python3.11/site-packages/airflow/example_dags/example_dynamic_task_mapping.py
[2024-12-14T21:11:10.558-0800] {processor.py:925} INFO - DAG(s) 'example_dynamic_task_mapping' retrieved from /Users/rishukhurana/anaconda3/lib/python3.11/site-packages/airflow/example_dags/example_dynamic_task_mapping.py
[2024-12-14T21:11:10.636-0800] {logging_mixin.py:190} INFO - [2024-12-14T21:11:10.635-0800] {dag.py:3239} INFO - Sync 1 DAGs
[2024-12-14T21:11:10.644-0800] {logging_mixin.py:190} INFO - [2024-12-14T21:11:10.644-0800] {dag.py:4180} INFO - Setting next_dagrun for example_dynamic_task_mapping to None, run_after=None
[2024-12-14T21:11:10.665-0800] {processor.py:208} INFO - Processing /Users/rishukhurana/anaconda3/lib/python3.11/site-packages/airflow/example_dags/example_dynamic_task_mapping.py took 0.145 seconds
[2024-12-14T21:17:05.447-0800] {processor.py:186} INFO - Started process (PID=28950) to work on /Users/rishukhurana/anaconda3/lib/python3.11/site-packages/airflow/example_dags/example_dynamic_task_mapping.py
[2024-12-14T21:17:05.448-0800] {processor.py:914} INFO - Processing file /Users/rishukhurana/anaconda3/lib/python3.11/site-packages/airflow/example_dags/example_dynamic_task_mapping.py for tasks to queue
[2024-12-14T21:17:05.450-0800] {logging_mixin.py:190} INFO - [2024-12-14T21:17:05.450-0800] {dagbag.py:588} INFO - Filling up the DagBag from /Users/rishukhurana/anaconda3/lib/python3.11/site-packages/airflow/example_dags/example_dynamic_task_mapping.py
[2024-12-14T21:17:05.502-0800] {processor.py:925} INFO - DAG(s) 'example_dynamic_task_mapping' retrieved from /Users/rishukhurana/anaconda3/lib/python3.11/site-packages/airflow/example_dags/example_dynamic_task_mapping.py
[2024-12-14T21:17:05.590-0800] {logging_mixin.py:190} INFO - [2024-12-14T21:17:05.589-0800] {dag.py:3239} INFO - Sync 1 DAGs
[2024-12-14T21:17:05.599-0800] {logging_mixin.py:190} INFO - [2024-12-14T21:17:05.598-0800] {dag.py:4180} INFO - Setting next_dagrun for example_dynamic_task_mapping to None, run_after=None
[2024-12-14T21:17:05.614-0800] {processor.py:208} INFO - Processing /Users/rishukhurana/anaconda3/lib/python3.11/site-packages/airflow/example_dags/example_dynamic_task_mapping.py took 0.173 seconds
[2024-12-14T21:22:58.138-0800] {processor.py:186} INFO - Started process (PID=29286) to work on /Users/rishukhurana/anaconda3/lib/python3.11/site-packages/airflow/example_dags/example_dynamic_task_mapping.py
[2024-12-14T21:22:58.141-0800] {processor.py:914} INFO - Processing file /Users/rishukhurana/anaconda3/lib/python3.11/site-packages/airflow/example_dags/example_dynamic_task_mapping.py for tasks to queue
[2024-12-14T21:22:58.142-0800] {logging_mixin.py:190} INFO - [2024-12-14T21:22:58.142-0800] {dagbag.py:588} INFO - Filling up the DagBag from /Users/rishukhurana/anaconda3/lib/python3.11/site-packages/airflow/example_dags/example_dynamic_task_mapping.py
[2024-12-14T21:22:58.175-0800] {processor.py:925} INFO - DAG(s) 'example_dynamic_task_mapping' retrieved from /Users/rishukhurana/anaconda3/lib/python3.11/site-packages/airflow/example_dags/example_dynamic_task_mapping.py
[2024-12-14T21:22:58.252-0800] {logging_mixin.py:190} INFO - [2024-12-14T21:22:58.252-0800] {dag.py:3239} INFO - Sync 1 DAGs
[2024-12-14T21:22:58.260-0800] {logging_mixin.py:190} INFO - [2024-12-14T21:22:58.260-0800] {dag.py:4180} INFO - Setting next_dagrun for example_dynamic_task_mapping to None, run_after=None
[2024-12-14T21:22:58.276-0800] {processor.py:208} INFO - Processing /Users/rishukhurana/anaconda3/lib/python3.11/site-packages/airflow/example_dags/example_dynamic_task_mapping.py took 0.143 seconds
[2024-12-14T21:28:47.205-0800] {processor.py:186} INFO - Started process (PID=29570) to work on /Users/rishukhurana/anaconda3/lib/python3.11/site-packages/airflow/example_dags/example_dynamic_task_mapping.py
[2024-12-14T21:28:47.207-0800] {processor.py:914} INFO - Processing file /Users/rishukhurana/anaconda3/lib/python3.11/site-packages/airflow/example_dags/example_dynamic_task_mapping.py for tasks to queue
[2024-12-14T21:28:47.209-0800] {logging_mixin.py:190} INFO - [2024-12-14T21:28:47.209-0800] {dagbag.py:588} INFO - Filling up the DagBag from /Users/rishukhurana/anaconda3/lib/python3.11/site-packages/airflow/example_dags/example_dynamic_task_mapping.py
[2024-12-14T21:28:47.240-0800] {processor.py:925} INFO - DAG(s) 'example_dynamic_task_mapping' retrieved from /Users/rishukhurana/anaconda3/lib/python3.11/site-packages/airflow/example_dags/example_dynamic_task_mapping.py
[2024-12-14T21:28:47.316-0800] {logging_mixin.py:190} INFO - [2024-12-14T21:28:47.316-0800] {dag.py:3239} INFO - Sync 1 DAGs
[2024-12-14T21:28:47.324-0800] {logging_mixin.py:190} INFO - [2024-12-14T21:28:47.324-0800] {dag.py:4180} INFO - Setting next_dagrun for example_dynamic_task_mapping to None, run_after=None
[2024-12-14T21:28:47.345-0800] {processor.py:208} INFO - Processing /Users/rishukhurana/anaconda3/lib/python3.11/site-packages/airflow/example_dags/example_dynamic_task_mapping.py took 0.146 seconds
[2024-12-14T21:34:45.067-0800] {processor.py:186} INFO - Started process (PID=29871) to work on /Users/rishukhurana/anaconda3/lib/python3.11/site-packages/airflow/example_dags/example_dynamic_task_mapping.py
[2024-12-14T21:34:45.070-0800] {processor.py:914} INFO - Processing file /Users/rishukhurana/anaconda3/lib/python3.11/site-packages/airflow/example_dags/example_dynamic_task_mapping.py for tasks to queue
[2024-12-14T21:34:45.071-0800] {logging_mixin.py:190} INFO - [2024-12-14T21:34:45.071-0800] {dagbag.py:588} INFO - Filling up the DagBag from /Users/rishukhurana/anaconda3/lib/python3.11/site-packages/airflow/example_dags/example_dynamic_task_mapping.py
[2024-12-14T21:34:45.102-0800] {processor.py:925} INFO - DAG(s) 'example_dynamic_task_mapping' retrieved from /Users/rishukhurana/anaconda3/lib/python3.11/site-packages/airflow/example_dags/example_dynamic_task_mapping.py
[2024-12-14T21:34:45.180-0800] {logging_mixin.py:190} INFO - [2024-12-14T21:34:45.180-0800] {dag.py:3239} INFO - Sync 1 DAGs
[2024-12-14T21:34:45.189-0800] {logging_mixin.py:190} INFO - [2024-12-14T21:34:45.188-0800] {dag.py:4180} INFO - Setting next_dagrun for example_dynamic_task_mapping to None, run_after=None
[2024-12-14T21:34:45.206-0800] {processor.py:208} INFO - Processing /Users/rishukhurana/anaconda3/lib/python3.11/site-packages/airflow/example_dags/example_dynamic_task_mapping.py took 0.145 seconds
[2024-12-14T21:40:46.982-0800] {processor.py:186} INFO - Started process (PID=30167) to work on /Users/rishukhurana/anaconda3/lib/python3.11/site-packages/airflow/example_dags/example_dynamic_task_mapping.py
[2024-12-14T21:40:46.985-0800] {processor.py:914} INFO - Processing file /Users/rishukhurana/anaconda3/lib/python3.11/site-packages/airflow/example_dags/example_dynamic_task_mapping.py for tasks to queue
[2024-12-14T21:40:46.986-0800] {logging_mixin.py:190} INFO - [2024-12-14T21:40:46.986-0800] {dagbag.py:588} INFO - Filling up the DagBag from /Users/rishukhurana/anaconda3/lib/python3.11/site-packages/airflow/example_dags/example_dynamic_task_mapping.py
[2024-12-14T21:40:47.017-0800] {processor.py:925} INFO - DAG(s) 'example_dynamic_task_mapping' retrieved from /Users/rishukhurana/anaconda3/lib/python3.11/site-packages/airflow/example_dags/example_dynamic_task_mapping.py
[2024-12-14T21:40:47.094-0800] {logging_mixin.py:190} INFO - [2024-12-14T21:40:47.094-0800] {dag.py:3239} INFO - Sync 1 DAGs
[2024-12-14T21:40:47.103-0800] {logging_mixin.py:190} INFO - [2024-12-14T21:40:47.103-0800] {dag.py:4180} INFO - Setting next_dagrun for example_dynamic_task_mapping to None, run_after=None
[2024-12-14T21:40:47.117-0800] {processor.py:208} INFO - Processing /Users/rishukhurana/anaconda3/lib/python3.11/site-packages/airflow/example_dags/example_dynamic_task_mapping.py took 0.141 seconds
[2024-12-14T21:46:34.594-0800] {processor.py:186} INFO - Started process (PID=30465) to work on /Users/rishukhurana/anaconda3/lib/python3.11/site-packages/airflow/example_dags/example_dynamic_task_mapping.py
[2024-12-14T21:46:34.596-0800] {processor.py:914} INFO - Processing file /Users/rishukhurana/anaconda3/lib/python3.11/site-packages/airflow/example_dags/example_dynamic_task_mapping.py for tasks to queue
[2024-12-14T21:46:34.598-0800] {logging_mixin.py:190} INFO - [2024-12-14T21:46:34.597-0800] {dagbag.py:588} INFO - Filling up the DagBag from /Users/rishukhurana/anaconda3/lib/python3.11/site-packages/airflow/example_dags/example_dynamic_task_mapping.py
[2024-12-14T21:46:34.628-0800] {processor.py:925} INFO - DAG(s) 'example_dynamic_task_mapping' retrieved from /Users/rishukhurana/anaconda3/lib/python3.11/site-packages/airflow/example_dags/example_dynamic_task_mapping.py
[2024-12-14T21:46:34.705-0800] {logging_mixin.py:190} INFO - [2024-12-14T21:46:34.705-0800] {dag.py:3239} INFO - Sync 1 DAGs
[2024-12-14T21:46:34.714-0800] {logging_mixin.py:190} INFO - [2024-12-14T21:46:34.714-0800] {dag.py:4180} INFO - Setting next_dagrun for example_dynamic_task_mapping to None, run_after=None
[2024-12-14T21:46:34.734-0800] {processor.py:208} INFO - Processing /Users/rishukhurana/anaconda3/lib/python3.11/site-packages/airflow/example_dags/example_dynamic_task_mapping.py took 0.146 seconds
[2024-12-14T21:52:26.610-0800] {processor.py:186} INFO - Started process (PID=30792) to work on /Users/rishukhurana/anaconda3/lib/python3.11/site-packages/airflow/example_dags/example_dynamic_task_mapping.py
[2024-12-14T21:52:26.612-0800] {processor.py:914} INFO - Processing file /Users/rishukhurana/anaconda3/lib/python3.11/site-packages/airflow/example_dags/example_dynamic_task_mapping.py for tasks to queue
[2024-12-14T21:52:26.613-0800] {logging_mixin.py:190} INFO - [2024-12-14T21:52:26.613-0800] {dagbag.py:588} INFO - Filling up the DagBag from /Users/rishukhurana/anaconda3/lib/python3.11/site-packages/airflow/example_dags/example_dynamic_task_mapping.py
[2024-12-14T21:52:26.644-0800] {processor.py:925} INFO - DAG(s) 'example_dynamic_task_mapping' retrieved from /Users/rishukhurana/anaconda3/lib/python3.11/site-packages/airflow/example_dags/example_dynamic_task_mapping.py
[2024-12-14T21:52:26.720-0800] {logging_mixin.py:190} INFO - [2024-12-14T21:52:26.720-0800] {dag.py:3239} INFO - Sync 1 DAGs
[2024-12-14T21:52:26.729-0800] {logging_mixin.py:190} INFO - [2024-12-14T21:52:26.729-0800] {dag.py:4180} INFO - Setting next_dagrun for example_dynamic_task_mapping to None, run_after=None
[2024-12-14T21:52:26.749-0800] {processor.py:208} INFO - Processing /Users/rishukhurana/anaconda3/lib/python3.11/site-packages/airflow/example_dags/example_dynamic_task_mapping.py took 0.145 seconds
[2024-12-14T22:42:45.514-0800] {processor.py:186} INFO - Started process (PID=31115) to work on /Users/rishukhurana/anaconda3/lib/python3.11/site-packages/airflow/example_dags/example_dynamic_task_mapping.py
[2024-12-14T22:42:45.516-0800] {processor.py:914} INFO - Processing file /Users/rishukhurana/anaconda3/lib/python3.11/site-packages/airflow/example_dags/example_dynamic_task_mapping.py for tasks to queue
[2024-12-14T22:42:45.518-0800] {logging_mixin.py:190} INFO - [2024-12-14T22:42:45.518-0800] {dagbag.py:588} INFO - Filling up the DagBag from /Users/rishukhurana/anaconda3/lib/python3.11/site-packages/airflow/example_dags/example_dynamic_task_mapping.py
[2024-12-14T22:42:45.553-0800] {processor.py:925} INFO - DAG(s) 'example_dynamic_task_mapping' retrieved from /Users/rishukhurana/anaconda3/lib/python3.11/site-packages/airflow/example_dags/example_dynamic_task_mapping.py
[2024-12-14T22:42:45.643-0800] {logging_mixin.py:190} INFO - [2024-12-14T22:42:45.643-0800] {dag.py:3239} INFO - Sync 1 DAGs
[2024-12-14T22:42:45.652-0800] {logging_mixin.py:190} INFO - [2024-12-14T22:42:45.651-0800] {dag.py:4180} INFO - Setting next_dagrun for example_dynamic_task_mapping to None, run_after=None
[2024-12-14T22:42:45.669-0800] {processor.py:208} INFO - Processing /Users/rishukhurana/anaconda3/lib/python3.11/site-packages/airflow/example_dags/example_dynamic_task_mapping.py took 0.162 seconds
[2024-12-14T22:48:56.949-0800] {processor.py:186} INFO - Started process (PID=31410) to work on /Users/rishukhurana/anaconda3/lib/python3.11/site-packages/airflow/example_dags/example_dynamic_task_mapping.py
[2024-12-14T22:48:56.952-0800] {processor.py:914} INFO - Processing file /Users/rishukhurana/anaconda3/lib/python3.11/site-packages/airflow/example_dags/example_dynamic_task_mapping.py for tasks to queue
[2024-12-14T22:48:56.953-0800] {logging_mixin.py:190} INFO - [2024-12-14T22:48:56.952-0800] {dagbag.py:588} INFO - Filling up the DagBag from /Users/rishukhurana/anaconda3/lib/python3.11/site-packages/airflow/example_dags/example_dynamic_task_mapping.py
[2024-12-14T22:48:56.987-0800] {processor.py:925} INFO - DAG(s) 'example_dynamic_task_mapping' retrieved from /Users/rishukhurana/anaconda3/lib/python3.11/site-packages/airflow/example_dags/example_dynamic_task_mapping.py
[2024-12-14T22:48:57.076-0800] {logging_mixin.py:190} INFO - [2024-12-14T22:48:57.075-0800] {dag.py:3239} INFO - Sync 1 DAGs
[2024-12-14T22:48:57.084-0800] {logging_mixin.py:190} INFO - [2024-12-14T22:48:57.084-0800] {dag.py:4180} INFO - Setting next_dagrun for example_dynamic_task_mapping to None, run_after=None
[2024-12-14T22:48:57.097-0800] {processor.py:208} INFO - Processing /Users/rishukhurana/anaconda3/lib/python3.11/site-packages/airflow/example_dags/example_dynamic_task_mapping.py took 0.153 seconds
[2024-12-15T00:27:30.214-0800] {processor.py:186} INFO - Started process (PID=31826) to work on /Users/rishukhurana/anaconda3/lib/python3.11/site-packages/airflow/example_dags/example_dynamic_task_mapping.py
[2024-12-15T00:27:30.216-0800] {processor.py:914} INFO - Processing file /Users/rishukhurana/anaconda3/lib/python3.11/site-packages/airflow/example_dags/example_dynamic_task_mapping.py for tasks to queue
[2024-12-15T00:27:30.217-0800] {logging_mixin.py:190} INFO - [2024-12-15T00:27:30.217-0800] {dagbag.py:588} INFO - Filling up the DagBag from /Users/rishukhurana/anaconda3/lib/python3.11/site-packages/airflow/example_dags/example_dynamic_task_mapping.py
[2024-12-15T00:27:30.251-0800] {processor.py:925} INFO - DAG(s) 'example_dynamic_task_mapping' retrieved from /Users/rishukhurana/anaconda3/lib/python3.11/site-packages/airflow/example_dags/example_dynamic_task_mapping.py
[2024-12-15T00:27:30.336-0800] {logging_mixin.py:190} INFO - [2024-12-15T00:27:30.336-0800] {dag.py:3239} INFO - Sync 1 DAGs
[2024-12-15T00:27:30.345-0800] {logging_mixin.py:190} INFO - [2024-12-15T00:27:30.345-0800] {dag.py:4180} INFO - Setting next_dagrun for example_dynamic_task_mapping to None, run_after=None
[2024-12-15T00:27:30.360-0800] {processor.py:208} INFO - Processing /Users/rishukhurana/anaconda3/lib/python3.11/site-packages/airflow/example_dags/example_dynamic_task_mapping.py took 0.153 seconds
[2024-12-15T00:33:35.855-0800] {processor.py:186} INFO - Started process (PID=32130) to work on /Users/rishukhurana/anaconda3/lib/python3.11/site-packages/airflow/example_dags/example_dynamic_task_mapping.py
[2024-12-15T00:33:35.857-0800] {processor.py:914} INFO - Processing file /Users/rishukhurana/anaconda3/lib/python3.11/site-packages/airflow/example_dags/example_dynamic_task_mapping.py for tasks to queue
[2024-12-15T00:33:35.858-0800] {logging_mixin.py:190} INFO - [2024-12-15T00:33:35.858-0800] {dagbag.py:588} INFO - Filling up the DagBag from /Users/rishukhurana/anaconda3/lib/python3.11/site-packages/airflow/example_dags/example_dynamic_task_mapping.py
[2024-12-15T00:33:35.889-0800] {processor.py:925} INFO - DAG(s) 'example_dynamic_task_mapping' retrieved from /Users/rishukhurana/anaconda3/lib/python3.11/site-packages/airflow/example_dags/example_dynamic_task_mapping.py
[2024-12-15T00:33:35.967-0800] {logging_mixin.py:190} INFO - [2024-12-15T00:33:35.967-0800] {dag.py:3239} INFO - Sync 1 DAGs
[2024-12-15T00:33:35.976-0800] {logging_mixin.py:190} INFO - [2024-12-15T00:33:35.975-0800] {dag.py:4180} INFO - Setting next_dagrun for example_dynamic_task_mapping to None, run_after=None
[2024-12-15T00:33:35.996-0800] {processor.py:208} INFO - Processing /Users/rishukhurana/anaconda3/lib/python3.11/site-packages/airflow/example_dags/example_dynamic_task_mapping.py took 0.147 seconds
[2024-12-15T00:50:15.429-0800] {processor.py:186} INFO - Started process (PID=32469) to work on /Users/rishukhurana/anaconda3/lib/python3.11/site-packages/airflow/example_dags/example_dynamic_task_mapping.py
[2024-12-15T00:50:15.431-0800] {processor.py:914} INFO - Processing file /Users/rishukhurana/anaconda3/lib/python3.11/site-packages/airflow/example_dags/example_dynamic_task_mapping.py for tasks to queue
[2024-12-15T00:50:15.432-0800] {logging_mixin.py:190} INFO - [2024-12-15T00:50:15.432-0800] {dagbag.py:588} INFO - Filling up the DagBag from /Users/rishukhurana/anaconda3/lib/python3.11/site-packages/airflow/example_dags/example_dynamic_task_mapping.py
[2024-12-15T00:50:15.464-0800] {processor.py:925} INFO - DAG(s) 'example_dynamic_task_mapping' retrieved from /Users/rishukhurana/anaconda3/lib/python3.11/site-packages/airflow/example_dags/example_dynamic_task_mapping.py
[2024-12-15T00:50:15.550-0800] {logging_mixin.py:190} INFO - [2024-12-15T00:50:15.550-0800] {dag.py:3239} INFO - Sync 1 DAGs
[2024-12-15T00:50:15.559-0800] {logging_mixin.py:190} INFO - [2024-12-15T00:50:15.559-0800] {dag.py:4180} INFO - Setting next_dagrun for example_dynamic_task_mapping to None, run_after=None
[2024-12-15T00:50:15.575-0800] {processor.py:208} INFO - Processing /Users/rishukhurana/anaconda3/lib/python3.11/site-packages/airflow/example_dags/example_dynamic_task_mapping.py took 0.152 seconds
[2024-12-15T01:38:37.847-0800] {processor.py:186} INFO - Started process (PID=32690) to work on /Users/rishukhurana/anaconda3/lib/python3.11/site-packages/airflow/example_dags/example_dynamic_task_mapping.py
[2024-12-15T01:38:37.849-0800] {processor.py:914} INFO - Processing file /Users/rishukhurana/anaconda3/lib/python3.11/site-packages/airflow/example_dags/example_dynamic_task_mapping.py for tasks to queue
[2024-12-15T01:38:37.850-0800] {logging_mixin.py:190} INFO - [2024-12-15T01:38:37.850-0800] {dagbag.py:588} INFO - Filling up the DagBag from /Users/rishukhurana/anaconda3/lib/python3.11/site-packages/airflow/example_dags/example_dynamic_task_mapping.py
[2024-12-15T01:38:37.906-0800] {processor.py:925} INFO - DAG(s) 'example_dynamic_task_mapping' retrieved from /Users/rishukhurana/anaconda3/lib/python3.11/site-packages/airflow/example_dags/example_dynamic_task_mapping.py
[2024-12-15T01:38:38.007-0800] {logging_mixin.py:190} INFO - [2024-12-15T01:38:38.007-0800] {dag.py:3239} INFO - Sync 1 DAGs
[2024-12-15T01:38:38.017-0800] {logging_mixin.py:190} INFO - [2024-12-15T01:38:38.017-0800] {dag.py:4180} INFO - Setting next_dagrun for example_dynamic_task_mapping to None, run_after=None
[2024-12-15T01:38:38.034-0800] {processor.py:208} INFO - Processing /Users/rishukhurana/anaconda3/lib/python3.11/site-packages/airflow/example_dags/example_dynamic_task_mapping.py took 0.193 seconds
[2024-12-15T01:42:20.316-0800] {processor.py:186} INFO - Started process (PID=32862) to work on /Users/rishukhurana/anaconda3/lib/python3.11/site-packages/airflow/example_dags/example_dynamic_task_mapping.py
[2024-12-15T01:42:20.319-0800] {processor.py:914} INFO - Processing file /Users/rishukhurana/anaconda3/lib/python3.11/site-packages/airflow/example_dags/example_dynamic_task_mapping.py for tasks to queue
[2024-12-15T01:42:20.320-0800] {logging_mixin.py:190} INFO - [2024-12-15T01:42:20.320-0800] {dagbag.py:588} INFO - Filling up the DagBag from /Users/rishukhurana/anaconda3/lib/python3.11/site-packages/airflow/example_dags/example_dynamic_task_mapping.py
[2024-12-15T01:42:20.353-0800] {processor.py:925} INFO - DAG(s) 'example_dynamic_task_mapping' retrieved from /Users/rishukhurana/anaconda3/lib/python3.11/site-packages/airflow/example_dags/example_dynamic_task_mapping.py
[2024-12-15T01:42:20.437-0800] {logging_mixin.py:190} INFO - [2024-12-15T01:42:20.437-0800] {dag.py:3239} INFO - Sync 1 DAGs
[2024-12-15T01:42:20.446-0800] {logging_mixin.py:190} INFO - [2024-12-15T01:42:20.446-0800] {dag.py:4180} INFO - Setting next_dagrun for example_dynamic_task_mapping to None, run_after=None
[2024-12-15T01:42:20.461-0800] {processor.py:208} INFO - Processing /Users/rishukhurana/anaconda3/lib/python3.11/site-packages/airflow/example_dags/example_dynamic_task_mapping.py took 0.150 seconds
[2024-12-15T01:53:09.843-0800] {processor.py:186} INFO - Started process (PID=33234) to work on /Users/rishukhurana/anaconda3/lib/python3.11/site-packages/airflow/example_dags/example_dynamic_task_mapping.py
[2024-12-15T01:53:09.845-0800] {processor.py:914} INFO - Processing file /Users/rishukhurana/anaconda3/lib/python3.11/site-packages/airflow/example_dags/example_dynamic_task_mapping.py for tasks to queue
[2024-12-15T01:53:09.847-0800] {logging_mixin.py:190} INFO - [2024-12-15T01:53:09.846-0800] {dagbag.py:588} INFO - Filling up the DagBag from /Users/rishukhurana/anaconda3/lib/python3.11/site-packages/airflow/example_dags/example_dynamic_task_mapping.py
[2024-12-15T01:53:09.880-0800] {processor.py:925} INFO - DAG(s) 'example_dynamic_task_mapping' retrieved from /Users/rishukhurana/anaconda3/lib/python3.11/site-packages/airflow/example_dags/example_dynamic_task_mapping.py
[2024-12-15T01:53:09.965-0800] {logging_mixin.py:190} INFO - [2024-12-15T01:53:09.965-0800] {dag.py:3239} INFO - Sync 1 DAGs
[2024-12-15T01:53:09.979-0800] {logging_mixin.py:190} INFO - [2024-12-15T01:53:09.978-0800] {dag.py:4180} INFO - Setting next_dagrun for example_dynamic_task_mapping to None, run_after=None
[2024-12-15T01:53:09.995-0800] {processor.py:208} INFO - Processing /Users/rishukhurana/anaconda3/lib/python3.11/site-packages/airflow/example_dags/example_dynamic_task_mapping.py took 0.158 seconds
[2024-12-15T01:59:19.868-0800] {processor.py:186} INFO - Started process (PID=33558) to work on /Users/rishukhurana/anaconda3/lib/python3.11/site-packages/airflow/example_dags/example_dynamic_task_mapping.py
[2024-12-15T01:59:19.870-0800] {processor.py:914} INFO - Processing file /Users/rishukhurana/anaconda3/lib/python3.11/site-packages/airflow/example_dags/example_dynamic_task_mapping.py for tasks to queue
[2024-12-15T01:59:19.871-0800] {logging_mixin.py:190} INFO - [2024-12-15T01:59:19.871-0800] {dagbag.py:588} INFO - Filling up the DagBag from /Users/rishukhurana/anaconda3/lib/python3.11/site-packages/airflow/example_dags/example_dynamic_task_mapping.py
[2024-12-15T01:59:19.908-0800] {processor.py:925} INFO - DAG(s) 'example_dynamic_task_mapping' retrieved from /Users/rishukhurana/anaconda3/lib/python3.11/site-packages/airflow/example_dags/example_dynamic_task_mapping.py
[2024-12-15T01:59:19.996-0800] {logging_mixin.py:190} INFO - [2024-12-15T01:59:19.995-0800] {dag.py:3239} INFO - Sync 1 DAGs
[2024-12-15T01:59:20.006-0800] {logging_mixin.py:190} INFO - [2024-12-15T01:59:20.005-0800] {dag.py:4180} INFO - Setting next_dagrun for example_dynamic_task_mapping to None, run_after=None
[2024-12-15T01:59:20.023-0800] {processor.py:208} INFO - Processing /Users/rishukhurana/anaconda3/lib/python3.11/site-packages/airflow/example_dags/example_dynamic_task_mapping.py took 0.161 seconds
[2024-12-15T02:05:23.260-0800] {processor.py:186} INFO - Started process (PID=33849) to work on /Users/rishukhurana/anaconda3/lib/python3.11/site-packages/airflow/example_dags/example_dynamic_task_mapping.py
[2024-12-15T02:05:23.262-0800] {processor.py:914} INFO - Processing file /Users/rishukhurana/anaconda3/lib/python3.11/site-packages/airflow/example_dags/example_dynamic_task_mapping.py for tasks to queue
[2024-12-15T02:05:23.263-0800] {logging_mixin.py:190} INFO - [2024-12-15T02:05:23.262-0800] {dagbag.py:588} INFO - Filling up the DagBag from /Users/rishukhurana/anaconda3/lib/python3.11/site-packages/airflow/example_dags/example_dynamic_task_mapping.py
[2024-12-15T02:05:23.295-0800] {processor.py:925} INFO - DAG(s) 'example_dynamic_task_mapping' retrieved from /Users/rishukhurana/anaconda3/lib/python3.11/site-packages/airflow/example_dags/example_dynamic_task_mapping.py
[2024-12-15T02:05:23.384-0800] {logging_mixin.py:190} INFO - [2024-12-15T02:05:23.383-0800] {dag.py:3239} INFO - Sync 1 DAGs
[2024-12-15T02:05:23.395-0800] {logging_mixin.py:190} INFO - [2024-12-15T02:05:23.395-0800] {dag.py:4180} INFO - Setting next_dagrun for example_dynamic_task_mapping to None, run_after=None
[2024-12-15T02:05:23.414-0800] {processor.py:208} INFO - Processing /Users/rishukhurana/anaconda3/lib/python3.11/site-packages/airflow/example_dags/example_dynamic_task_mapping.py took 0.159 seconds
[2024-12-15T02:11:27.766-0800] {processor.py:186} INFO - Started process (PID=34145) to work on /Users/rishukhurana/anaconda3/lib/python3.11/site-packages/airflow/example_dags/example_dynamic_task_mapping.py
[2024-12-15T02:11:27.768-0800] {processor.py:914} INFO - Processing file /Users/rishukhurana/anaconda3/lib/python3.11/site-packages/airflow/example_dags/example_dynamic_task_mapping.py for tasks to queue
[2024-12-15T02:11:27.769-0800] {logging_mixin.py:190} INFO - [2024-12-15T02:11:27.769-0800] {dagbag.py:588} INFO - Filling up the DagBag from /Users/rishukhurana/anaconda3/lib/python3.11/site-packages/airflow/example_dags/example_dynamic_task_mapping.py
[2024-12-15T02:11:27.831-0800] {processor.py:925} INFO - DAG(s) 'example_dynamic_task_mapping' retrieved from /Users/rishukhurana/anaconda3/lib/python3.11/site-packages/airflow/example_dags/example_dynamic_task_mapping.py
[2024-12-15T02:11:27.978-0800] {logging_mixin.py:190} INFO - [2024-12-15T02:11:27.977-0800] {dag.py:3239} INFO - Sync 1 DAGs
[2024-12-15T02:11:27.988-0800] {logging_mixin.py:190} INFO - [2024-12-15T02:11:27.987-0800] {dag.py:4180} INFO - Setting next_dagrun for example_dynamic_task_mapping to None, run_after=None
[2024-12-15T02:11:28.005-0800] {processor.py:208} INFO - Processing /Users/rishukhurana/anaconda3/lib/python3.11/site-packages/airflow/example_dags/example_dynamic_task_mapping.py took 0.246 seconds
[2024-12-15T02:17:33.218-0800] {processor.py:186} INFO - Started process (PID=34436) to work on /Users/rishukhurana/anaconda3/lib/python3.11/site-packages/airflow/example_dags/example_dynamic_task_mapping.py
[2024-12-15T02:17:33.219-0800] {processor.py:914} INFO - Processing file /Users/rishukhurana/anaconda3/lib/python3.11/site-packages/airflow/example_dags/example_dynamic_task_mapping.py for tasks to queue
[2024-12-15T02:17:33.221-0800] {logging_mixin.py:190} INFO - [2024-12-15T02:17:33.221-0800] {dagbag.py:588} INFO - Filling up the DagBag from /Users/rishukhurana/anaconda3/lib/python3.11/site-packages/airflow/example_dags/example_dynamic_task_mapping.py
[2024-12-15T02:17:33.254-0800] {processor.py:925} INFO - DAG(s) 'example_dynamic_task_mapping' retrieved from /Users/rishukhurana/anaconda3/lib/python3.11/site-packages/airflow/example_dags/example_dynamic_task_mapping.py
[2024-12-15T02:17:33.339-0800] {logging_mixin.py:190} INFO - [2024-12-15T02:17:33.339-0800] {dag.py:3239} INFO - Sync 1 DAGs
[2024-12-15T02:17:33.348-0800] {logging_mixin.py:190} INFO - [2024-12-15T02:17:33.348-0800] {dag.py:4180} INFO - Setting next_dagrun for example_dynamic_task_mapping to None, run_after=None
[2024-12-15T02:17:33.362-0800] {processor.py:208} INFO - Processing /Users/rishukhurana/anaconda3/lib/python3.11/site-packages/airflow/example_dags/example_dynamic_task_mapping.py took 0.151 seconds
[2024-12-15T02:23:56.439-0800] {processor.py:186} INFO - Started process (PID=34729) to work on /Users/rishukhurana/anaconda3/lib/python3.11/site-packages/airflow/example_dags/example_dynamic_task_mapping.py
[2024-12-15T02:23:56.442-0800] {processor.py:914} INFO - Processing file /Users/rishukhurana/anaconda3/lib/python3.11/site-packages/airflow/example_dags/example_dynamic_task_mapping.py for tasks to queue
[2024-12-15T02:23:56.443-0800] {logging_mixin.py:190} INFO - [2024-12-15T02:23:56.443-0800] {dagbag.py:588} INFO - Filling up the DagBag from /Users/rishukhurana/anaconda3/lib/python3.11/site-packages/airflow/example_dags/example_dynamic_task_mapping.py
[2024-12-15T02:23:56.481-0800] {processor.py:925} INFO - DAG(s) 'example_dynamic_task_mapping' retrieved from /Users/rishukhurana/anaconda3/lib/python3.11/site-packages/airflow/example_dags/example_dynamic_task_mapping.py
[2024-12-15T02:23:56.577-0800] {logging_mixin.py:190} INFO - [2024-12-15T02:23:56.576-0800] {dag.py:3239} INFO - Sync 1 DAGs
[2024-12-15T02:23:56.588-0800] {logging_mixin.py:190} INFO - [2024-12-15T02:23:56.587-0800] {dag.py:4180} INFO - Setting next_dagrun for example_dynamic_task_mapping to None, run_after=None
[2024-12-15T02:23:56.603-0800] {processor.py:208} INFO - Processing /Users/rishukhurana/anaconda3/lib/python3.11/site-packages/airflow/example_dags/example_dynamic_task_mapping.py took 0.170 seconds
[2024-12-15T02:32:43.069-0800] {processor.py:186} INFO - Started process (PID=35045) to work on /Users/rishukhurana/anaconda3/lib/python3.11/site-packages/airflow/example_dags/example_dynamic_task_mapping.py
[2024-12-15T02:32:43.071-0800] {processor.py:914} INFO - Processing file /Users/rishukhurana/anaconda3/lib/python3.11/site-packages/airflow/example_dags/example_dynamic_task_mapping.py for tasks to queue
[2024-12-15T02:32:43.072-0800] {logging_mixin.py:190} INFO - [2024-12-15T02:32:43.072-0800] {dagbag.py:588} INFO - Filling up the DagBag from /Users/rishukhurana/anaconda3/lib/python3.11/site-packages/airflow/example_dags/example_dynamic_task_mapping.py
[2024-12-15T02:32:43.105-0800] {processor.py:925} INFO - DAG(s) 'example_dynamic_task_mapping' retrieved from /Users/rishukhurana/anaconda3/lib/python3.11/site-packages/airflow/example_dags/example_dynamic_task_mapping.py
[2024-12-15T02:32:43.189-0800] {logging_mixin.py:190} INFO - [2024-12-15T02:32:43.188-0800] {dag.py:3239} INFO - Sync 1 DAGs
[2024-12-15T02:32:43.198-0800] {logging_mixin.py:190} INFO - [2024-12-15T02:32:43.198-0800] {dag.py:4180} INFO - Setting next_dagrun for example_dynamic_task_mapping to None, run_after=None
[2024-12-15T02:32:43.218-0800] {processor.py:208} INFO - Processing /Users/rishukhurana/anaconda3/lib/python3.11/site-packages/airflow/example_dags/example_dynamic_task_mapping.py took 0.154 seconds
[2024-12-15T03:31:25.771-0800] {processor.py:186} INFO - Started process (PID=35471) to work on /Users/rishukhurana/anaconda3/lib/python3.11/site-packages/airflow/example_dags/example_dynamic_task_mapping.py
[2024-12-15T03:31:25.774-0800] {processor.py:914} INFO - Processing file /Users/rishukhurana/anaconda3/lib/python3.11/site-packages/airflow/example_dags/example_dynamic_task_mapping.py for tasks to queue
[2024-12-15T03:31:25.775-0800] {logging_mixin.py:190} INFO - [2024-12-15T03:31:25.775-0800] {dagbag.py:588} INFO - Filling up the DagBag from /Users/rishukhurana/anaconda3/lib/python3.11/site-packages/airflow/example_dags/example_dynamic_task_mapping.py
[2024-12-15T03:31:25.822-0800] {processor.py:925} INFO - DAG(s) 'example_dynamic_task_mapping' retrieved from /Users/rishukhurana/anaconda3/lib/python3.11/site-packages/airflow/example_dags/example_dynamic_task_mapping.py
[2024-12-15T03:31:25.918-0800] {logging_mixin.py:190} INFO - [2024-12-15T03:31:25.918-0800] {dag.py:3239} INFO - Sync 1 DAGs
[2024-12-15T03:31:25.927-0800] {logging_mixin.py:190} INFO - [2024-12-15T03:31:25.927-0800] {dag.py:4180} INFO - Setting next_dagrun for example_dynamic_task_mapping to None, run_after=None
[2024-12-15T03:31:25.945-0800] {processor.py:208} INFO - Processing /Users/rishukhurana/anaconda3/lib/python3.11/site-packages/airflow/example_dags/example_dynamic_task_mapping.py took 0.179 seconds
[2024-12-15T03:37:32.693-0800] {processor.py:186} INFO - Started process (PID=35810) to work on /Users/rishukhurana/anaconda3/lib/python3.11/site-packages/airflow/example_dags/example_dynamic_task_mapping.py
[2024-12-15T03:37:32.697-0800] {processor.py:914} INFO - Processing file /Users/rishukhurana/anaconda3/lib/python3.11/site-packages/airflow/example_dags/example_dynamic_task_mapping.py for tasks to queue
[2024-12-15T03:37:32.698-0800] {logging_mixin.py:190} INFO - [2024-12-15T03:37:32.698-0800] {dagbag.py:588} INFO - Filling up the DagBag from /Users/rishukhurana/anaconda3/lib/python3.11/site-packages/airflow/example_dags/example_dynamic_task_mapping.py
[2024-12-15T03:37:32.757-0800] {processor.py:925} INFO - DAG(s) 'example_dynamic_task_mapping' retrieved from /Users/rishukhurana/anaconda3/lib/python3.11/site-packages/airflow/example_dags/example_dynamic_task_mapping.py
[2024-12-15T03:37:32.847-0800] {logging_mixin.py:190} INFO - [2024-12-15T03:37:32.847-0800] {dag.py:3239} INFO - Sync 1 DAGs
[2024-12-15T03:37:32.856-0800] {logging_mixin.py:190} INFO - [2024-12-15T03:37:32.856-0800] {dag.py:4180} INFO - Setting next_dagrun for example_dynamic_task_mapping to None, run_after=None
[2024-12-15T03:37:32.871-0800] {processor.py:208} INFO - Processing /Users/rishukhurana/anaconda3/lib/python3.11/site-packages/airflow/example_dags/example_dynamic_task_mapping.py took 0.183 seconds
[2024-12-15T03:43:37.541-0800] {processor.py:186} INFO - Started process (PID=36109) to work on /Users/rishukhurana/anaconda3/lib/python3.11/site-packages/airflow/example_dags/example_dynamic_task_mapping.py
[2024-12-15T03:43:37.544-0800] {processor.py:914} INFO - Processing file /Users/rishukhurana/anaconda3/lib/python3.11/site-packages/airflow/example_dags/example_dynamic_task_mapping.py for tasks to queue
[2024-12-15T03:43:37.545-0800] {logging_mixin.py:190} INFO - [2024-12-15T03:43:37.545-0800] {dagbag.py:588} INFO - Filling up the DagBag from /Users/rishukhurana/anaconda3/lib/python3.11/site-packages/airflow/example_dags/example_dynamic_task_mapping.py
[2024-12-15T03:43:37.576-0800] {processor.py:925} INFO - DAG(s) 'example_dynamic_task_mapping' retrieved from /Users/rishukhurana/anaconda3/lib/python3.11/site-packages/airflow/example_dags/example_dynamic_task_mapping.py
[2024-12-15T03:43:37.654-0800] {logging_mixin.py:190} INFO - [2024-12-15T03:43:37.654-0800] {dag.py:3239} INFO - Sync 1 DAGs
[2024-12-15T03:43:37.663-0800] {logging_mixin.py:190} INFO - [2024-12-15T03:43:37.662-0800] {dag.py:4180} INFO - Setting next_dagrun for example_dynamic_task_mapping to None, run_after=None
[2024-12-15T03:43:37.684-0800] {processor.py:208} INFO - Processing /Users/rishukhurana/anaconda3/lib/python3.11/site-packages/airflow/example_dags/example_dynamic_task_mapping.py took 0.148 seconds
[2024-12-15T03:50:57.045-0800] {processor.py:186} INFO - Started process (PID=36411) to work on /Users/rishukhurana/anaconda3/lib/python3.11/site-packages/airflow/example_dags/example_dynamic_task_mapping.py
[2024-12-15T03:50:57.047-0800] {processor.py:914} INFO - Processing file /Users/rishukhurana/anaconda3/lib/python3.11/site-packages/airflow/example_dags/example_dynamic_task_mapping.py for tasks to queue
[2024-12-15T03:50:57.048-0800] {logging_mixin.py:190} INFO - [2024-12-15T03:50:57.048-0800] {dagbag.py:588} INFO - Filling up the DagBag from /Users/rishukhurana/anaconda3/lib/python3.11/site-packages/airflow/example_dags/example_dynamic_task_mapping.py
[2024-12-15T03:50:57.080-0800] {processor.py:925} INFO - DAG(s) 'example_dynamic_task_mapping' retrieved from /Users/rishukhurana/anaconda3/lib/python3.11/site-packages/airflow/example_dags/example_dynamic_task_mapping.py
[2024-12-15T03:50:57.167-0800] {logging_mixin.py:190} INFO - [2024-12-15T03:50:57.167-0800] {dag.py:3239} INFO - Sync 1 DAGs
[2024-12-15T03:50:57.178-0800] {logging_mixin.py:190} INFO - [2024-12-15T03:50:57.177-0800] {dag.py:4180} INFO - Setting next_dagrun for example_dynamic_task_mapping to None, run_after=None
[2024-12-15T03:50:57.194-0800] {processor.py:208} INFO - Processing /Users/rishukhurana/anaconda3/lib/python3.11/site-packages/airflow/example_dags/example_dynamic_task_mapping.py took 0.155 seconds
[2024-12-15T04:38:52.142-0800] {processor.py:186} INFO - Started process (PID=36756) to work on /Users/rishukhurana/anaconda3/lib/python3.11/site-packages/airflow/example_dags/example_dynamic_task_mapping.py
[2024-12-15T04:38:52.150-0800] {processor.py:914} INFO - Processing file /Users/rishukhurana/anaconda3/lib/python3.11/site-packages/airflow/example_dags/example_dynamic_task_mapping.py for tasks to queue
[2024-12-15T04:38:52.161-0800] {logging_mixin.py:190} INFO - [2024-12-15T04:38:52.158-0800] {dagbag.py:588} INFO - Filling up the DagBag from /Users/rishukhurana/anaconda3/lib/python3.11/site-packages/airflow/example_dags/example_dynamic_task_mapping.py
[2024-12-15T04:38:52.418-0800] {processor.py:925} INFO - DAG(s) 'example_dynamic_task_mapping' retrieved from /Users/rishukhurana/anaconda3/lib/python3.11/site-packages/airflow/example_dags/example_dynamic_task_mapping.py
[2024-12-15T04:38:53.107-0800] {logging_mixin.py:190} INFO - [2024-12-15T04:38:53.105-0800] {dag.py:3239} INFO - Sync 1 DAGs
[2024-12-15T04:38:53.178-0800] {logging_mixin.py:190} INFO - [2024-12-15T04:38:53.177-0800] {dag.py:4180} INFO - Setting next_dagrun for example_dynamic_task_mapping to None, run_after=None
[2024-12-15T04:38:53.287-0800] {processor.py:208} INFO - Processing /Users/rishukhurana/anaconda3/lib/python3.11/site-packages/airflow/example_dags/example_dynamic_task_mapping.py took 1.193 seconds
[2024-12-15T06:20:23.292-0800] {processor.py:186} INFO - Started process (PID=37000) to work on /Users/rishukhurana/anaconda3/lib/python3.11/site-packages/airflow/example_dags/example_dynamic_task_mapping.py
[2024-12-15T06:20:23.295-0800] {processor.py:914} INFO - Processing file /Users/rishukhurana/anaconda3/lib/python3.11/site-packages/airflow/example_dags/example_dynamic_task_mapping.py for tasks to queue
[2024-12-15T06:20:23.296-0800] {logging_mixin.py:190} INFO - [2024-12-15T06:20:23.296-0800] {dagbag.py:588} INFO - Filling up the DagBag from /Users/rishukhurana/anaconda3/lib/python3.11/site-packages/airflow/example_dags/example_dynamic_task_mapping.py
[2024-12-15T06:20:23.358-0800] {processor.py:925} INFO - DAG(s) 'example_dynamic_task_mapping' retrieved from /Users/rishukhurana/anaconda3/lib/python3.11/site-packages/airflow/example_dags/example_dynamic_task_mapping.py
[2024-12-15T06:20:23.445-0800] {logging_mixin.py:190} INFO - [2024-12-15T06:20:23.444-0800] {dag.py:3239} INFO - Sync 1 DAGs
[2024-12-15T06:20:23.454-0800] {logging_mixin.py:190} INFO - [2024-12-15T06:20:23.454-0800] {dag.py:4180} INFO - Setting next_dagrun for example_dynamic_task_mapping to None, run_after=None
[2024-12-15T06:20:23.471-0800] {processor.py:208} INFO - Processing /Users/rishukhurana/anaconda3/lib/python3.11/site-packages/airflow/example_dags/example_dynamic_task_mapping.py took 0.185 seconds
[2024-12-15T06:24:08.897-0800] {processor.py:186} INFO - Started process (PID=37181) to work on /Users/rishukhurana/anaconda3/lib/python3.11/site-packages/airflow/example_dags/example_dynamic_task_mapping.py
[2024-12-15T06:24:08.899-0800] {processor.py:914} INFO - Processing file /Users/rishukhurana/anaconda3/lib/python3.11/site-packages/airflow/example_dags/example_dynamic_task_mapping.py for tasks to queue
[2024-12-15T06:24:08.900-0800] {logging_mixin.py:190} INFO - [2024-12-15T06:24:08.900-0800] {dagbag.py:588} INFO - Filling up the DagBag from /Users/rishukhurana/anaconda3/lib/python3.11/site-packages/airflow/example_dags/example_dynamic_task_mapping.py
[2024-12-15T06:24:08.933-0800] {processor.py:925} INFO - DAG(s) 'example_dynamic_task_mapping' retrieved from /Users/rishukhurana/anaconda3/lib/python3.11/site-packages/airflow/example_dags/example_dynamic_task_mapping.py
[2024-12-15T06:24:09.014-0800] {logging_mixin.py:190} INFO - [2024-12-15T06:24:09.014-0800] {dag.py:3239} INFO - Sync 1 DAGs
[2024-12-15T06:24:09.023-0800] {logging_mixin.py:190} INFO - [2024-12-15T06:24:09.023-0800] {dag.py:4180} INFO - Setting next_dagrun for example_dynamic_task_mapping to None, run_after=None
[2024-12-15T06:24:09.038-0800] {processor.py:208} INFO - Processing /Users/rishukhurana/anaconda3/lib/python3.11/site-packages/airflow/example_dags/example_dynamic_task_mapping.py took 0.147 seconds
[2024-12-15T06:30:14.513-0800] {processor.py:186} INFO - Started process (PID=37480) to work on /Users/rishukhurana/anaconda3/lib/python3.11/site-packages/airflow/example_dags/example_dynamic_task_mapping.py
[2024-12-15T06:30:14.516-0800] {processor.py:914} INFO - Processing file /Users/rishukhurana/anaconda3/lib/python3.11/site-packages/airflow/example_dags/example_dynamic_task_mapping.py for tasks to queue
[2024-12-15T06:30:14.517-0800] {logging_mixin.py:190} INFO - [2024-12-15T06:30:14.517-0800] {dagbag.py:588} INFO - Filling up the DagBag from /Users/rishukhurana/anaconda3/lib/python3.11/site-packages/airflow/example_dags/example_dynamic_task_mapping.py
[2024-12-15T06:30:14.548-0800] {processor.py:925} INFO - DAG(s) 'example_dynamic_task_mapping' retrieved from /Users/rishukhurana/anaconda3/lib/python3.11/site-packages/airflow/example_dags/example_dynamic_task_mapping.py
[2024-12-15T06:30:14.626-0800] {logging_mixin.py:190} INFO - [2024-12-15T06:30:14.625-0800] {dag.py:3239} INFO - Sync 1 DAGs
[2024-12-15T06:30:14.634-0800] {logging_mixin.py:190} INFO - [2024-12-15T06:30:14.634-0800] {dag.py:4180} INFO - Setting next_dagrun for example_dynamic_task_mapping to None, run_after=None
[2024-12-15T06:30:14.650-0800] {processor.py:208} INFO - Processing /Users/rishukhurana/anaconda3/lib/python3.11/site-packages/airflow/example_dags/example_dynamic_task_mapping.py took 0.143 seconds
[2024-12-15T07:21:09.396-0800] {processor.py:186} INFO - Started process (PID=37914) to work on /Users/rishukhurana/anaconda3/lib/python3.11/site-packages/airflow/example_dags/example_dynamic_task_mapping.py
[2024-12-15T07:21:09.398-0800] {processor.py:914} INFO - Processing file /Users/rishukhurana/anaconda3/lib/python3.11/site-packages/airflow/example_dags/example_dynamic_task_mapping.py for tasks to queue
[2024-12-15T07:21:09.399-0800] {logging_mixin.py:190} INFO - [2024-12-15T07:21:09.399-0800] {dagbag.py:588} INFO - Filling up the DagBag from /Users/rishukhurana/anaconda3/lib/python3.11/site-packages/airflow/example_dags/example_dynamic_task_mapping.py
[2024-12-15T07:21:09.429-0800] {processor.py:925} INFO - DAG(s) 'example_dynamic_task_mapping' retrieved from /Users/rishukhurana/anaconda3/lib/python3.11/site-packages/airflow/example_dags/example_dynamic_task_mapping.py
[2024-12-15T07:21:09.505-0800] {logging_mixin.py:190} INFO - [2024-12-15T07:21:09.504-0800] {dag.py:3239} INFO - Sync 1 DAGs
[2024-12-15T07:21:09.513-0800] {logging_mixin.py:190} INFO - [2024-12-15T07:21:09.513-0800] {dag.py:4180} INFO - Setting next_dagrun for example_dynamic_task_mapping to None, run_after=None
[2024-12-15T07:21:09.533-0800] {processor.py:208} INFO - Processing /Users/rishukhurana/anaconda3/lib/python3.11/site-packages/airflow/example_dags/example_dynamic_task_mapping.py took 0.144 seconds
[2024-12-15T07:26:58.920-0800] {processor.py:186} INFO - Started process (PID=38207) to work on /Users/rishukhurana/anaconda3/lib/python3.11/site-packages/airflow/example_dags/example_dynamic_task_mapping.py
[2024-12-15T07:26:58.922-0800] {processor.py:914} INFO - Processing file /Users/rishukhurana/anaconda3/lib/python3.11/site-packages/airflow/example_dags/example_dynamic_task_mapping.py for tasks to queue
[2024-12-15T07:26:58.924-0800] {logging_mixin.py:190} INFO - [2024-12-15T07:26:58.924-0800] {dagbag.py:588} INFO - Filling up the DagBag from /Users/rishukhurana/anaconda3/lib/python3.11/site-packages/airflow/example_dags/example_dynamic_task_mapping.py
[2024-12-15T07:26:58.959-0800] {processor.py:925} INFO - DAG(s) 'example_dynamic_task_mapping' retrieved from /Users/rishukhurana/anaconda3/lib/python3.11/site-packages/airflow/example_dags/example_dynamic_task_mapping.py
[2024-12-15T07:26:59.051-0800] {logging_mixin.py:190} INFO - [2024-12-15T07:26:59.051-0800] {dag.py:3239} INFO - Sync 1 DAGs
[2024-12-15T07:26:59.061-0800] {logging_mixin.py:190} INFO - [2024-12-15T07:26:59.061-0800] {dag.py:4180} INFO - Setting next_dagrun for example_dynamic_task_mapping to None, run_after=None
[2024-12-15T07:26:59.083-0800] {processor.py:208} INFO - Processing /Users/rishukhurana/anaconda3/lib/python3.11/site-packages/airflow/example_dags/example_dynamic_task_mapping.py took 0.171 seconds
[2024-12-15T07:33:00.406-0800] {processor.py:186} INFO - Started process (PID=38496) to work on /Users/rishukhurana/anaconda3/lib/python3.11/site-packages/airflow/example_dags/example_dynamic_task_mapping.py
[2024-12-15T07:33:00.408-0800] {processor.py:914} INFO - Processing file /Users/rishukhurana/anaconda3/lib/python3.11/site-packages/airflow/example_dags/example_dynamic_task_mapping.py for tasks to queue
[2024-12-15T07:33:00.410-0800] {logging_mixin.py:190} INFO - [2024-12-15T07:33:00.410-0800] {dagbag.py:588} INFO - Filling up the DagBag from /Users/rishukhurana/anaconda3/lib/python3.11/site-packages/airflow/example_dags/example_dynamic_task_mapping.py
[2024-12-15T07:33:00.446-0800] {processor.py:925} INFO - DAG(s) 'example_dynamic_task_mapping' retrieved from /Users/rishukhurana/anaconda3/lib/python3.11/site-packages/airflow/example_dags/example_dynamic_task_mapping.py
[2024-12-15T07:33:00.541-0800] {logging_mixin.py:190} INFO - [2024-12-15T07:33:00.541-0800] {dag.py:3239} INFO - Sync 1 DAGs
[2024-12-15T07:33:00.552-0800] {logging_mixin.py:190} INFO - [2024-12-15T07:33:00.552-0800] {dag.py:4180} INFO - Setting next_dagrun for example_dynamic_task_mapping to None, run_after=None
[2024-12-15T07:33:00.569-0800] {processor.py:208} INFO - Processing /Users/rishukhurana/anaconda3/lib/python3.11/site-packages/airflow/example_dags/example_dynamic_task_mapping.py took 0.170 seconds
[2024-12-15T07:39:08.809-0800] {processor.py:186} INFO - Started process (PID=38789) to work on /Users/rishukhurana/anaconda3/lib/python3.11/site-packages/airflow/example_dags/example_dynamic_task_mapping.py
[2024-12-15T07:39:08.812-0800] {processor.py:914} INFO - Processing file /Users/rishukhurana/anaconda3/lib/python3.11/site-packages/airflow/example_dags/example_dynamic_task_mapping.py for tasks to queue
[2024-12-15T07:39:08.814-0800] {logging_mixin.py:190} INFO - [2024-12-15T07:39:08.813-0800] {dagbag.py:588} INFO - Filling up the DagBag from /Users/rishukhurana/anaconda3/lib/python3.11/site-packages/airflow/example_dags/example_dynamic_task_mapping.py
[2024-12-15T07:39:08.849-0800] {processor.py:925} INFO - DAG(s) 'example_dynamic_task_mapping' retrieved from /Users/rishukhurana/anaconda3/lib/python3.11/site-packages/airflow/example_dags/example_dynamic_task_mapping.py
[2024-12-15T07:39:08.941-0800] {logging_mixin.py:190} INFO - [2024-12-15T07:39:08.941-0800] {dag.py:3239} INFO - Sync 1 DAGs
[2024-12-15T07:39:08.951-0800] {logging_mixin.py:190} INFO - [2024-12-15T07:39:08.951-0800] {dag.py:4180} INFO - Setting next_dagrun for example_dynamic_task_mapping to None, run_after=None
[2024-12-15T07:39:08.973-0800] {processor.py:208} INFO - Processing /Users/rishukhurana/anaconda3/lib/python3.11/site-packages/airflow/example_dags/example_dynamic_task_mapping.py took 0.169 seconds
[2024-12-15T07:45:20.056-0800] {processor.py:186} INFO - Started process (PID=39080) to work on /Users/rishukhurana/anaconda3/lib/python3.11/site-packages/airflow/example_dags/example_dynamic_task_mapping.py
[2024-12-15T07:45:20.058-0800] {processor.py:914} INFO - Processing file /Users/rishukhurana/anaconda3/lib/python3.11/site-packages/airflow/example_dags/example_dynamic_task_mapping.py for tasks to queue
[2024-12-15T07:45:20.059-0800] {logging_mixin.py:190} INFO - [2024-12-15T07:45:20.059-0800] {dagbag.py:588} INFO - Filling up the DagBag from /Users/rishukhurana/anaconda3/lib/python3.11/site-packages/airflow/example_dags/example_dynamic_task_mapping.py
[2024-12-15T07:45:20.096-0800] {processor.py:925} INFO - DAG(s) 'example_dynamic_task_mapping' retrieved from /Users/rishukhurana/anaconda3/lib/python3.11/site-packages/airflow/example_dags/example_dynamic_task_mapping.py
[2024-12-15T07:45:20.190-0800] {logging_mixin.py:190} INFO - [2024-12-15T07:45:20.190-0800] {dag.py:3239} INFO - Sync 1 DAGs
[2024-12-15T07:45:20.201-0800] {logging_mixin.py:190} INFO - [2024-12-15T07:45:20.200-0800] {dag.py:4180} INFO - Setting next_dagrun for example_dynamic_task_mapping to None, run_after=None
[2024-12-15T07:45:20.221-0800] {processor.py:208} INFO - Processing /Users/rishukhurana/anaconda3/lib/python3.11/site-packages/airflow/example_dags/example_dynamic_task_mapping.py took 0.172 seconds
[2024-12-15T07:51:28.943-0800] {processor.py:186} INFO - Started process (PID=39369) to work on /Users/rishukhurana/anaconda3/lib/python3.11/site-packages/airflow/example_dags/example_dynamic_task_mapping.py
[2024-12-15T07:51:28.946-0800] {processor.py:914} INFO - Processing file /Users/rishukhurana/anaconda3/lib/python3.11/site-packages/airflow/example_dags/example_dynamic_task_mapping.py for tasks to queue
[2024-12-15T07:51:28.947-0800] {logging_mixin.py:190} INFO - [2024-12-15T07:51:28.947-0800] {dagbag.py:588} INFO - Filling up the DagBag from /Users/rishukhurana/anaconda3/lib/python3.11/site-packages/airflow/example_dags/example_dynamic_task_mapping.py
[2024-12-15T07:51:28.981-0800] {processor.py:925} INFO - DAG(s) 'example_dynamic_task_mapping' retrieved from /Users/rishukhurana/anaconda3/lib/python3.11/site-packages/airflow/example_dags/example_dynamic_task_mapping.py
[2024-12-15T07:51:29.071-0800] {logging_mixin.py:190} INFO - [2024-12-15T07:51:29.070-0800] {dag.py:3239} INFO - Sync 1 DAGs
[2024-12-15T07:51:29.080-0800] {logging_mixin.py:190} INFO - [2024-12-15T07:51:29.080-0800] {dag.py:4180} INFO - Setting next_dagrun for example_dynamic_task_mapping to None, run_after=None
[2024-12-15T07:51:29.101-0800] {processor.py:208} INFO - Processing /Users/rishukhurana/anaconda3/lib/python3.11/site-packages/airflow/example_dags/example_dynamic_task_mapping.py took 0.163 seconds
[2024-12-15T07:57:39.769-0800] {processor.py:186} INFO - Started process (PID=39688) to work on /Users/rishukhurana/anaconda3/lib/python3.11/site-packages/airflow/example_dags/example_dynamic_task_mapping.py
[2024-12-15T07:57:39.772-0800] {processor.py:914} INFO - Processing file /Users/rishukhurana/anaconda3/lib/python3.11/site-packages/airflow/example_dags/example_dynamic_task_mapping.py for tasks to queue
[2024-12-15T07:57:39.773-0800] {logging_mixin.py:190} INFO - [2024-12-15T07:57:39.773-0800] {dagbag.py:588} INFO - Filling up the DagBag from /Users/rishukhurana/anaconda3/lib/python3.11/site-packages/airflow/example_dags/example_dynamic_task_mapping.py
[2024-12-15T07:57:39.809-0800] {processor.py:925} INFO - DAG(s) 'example_dynamic_task_mapping' retrieved from /Users/rishukhurana/anaconda3/lib/python3.11/site-packages/airflow/example_dags/example_dynamic_task_mapping.py
[2024-12-15T07:57:39.900-0800] {logging_mixin.py:190} INFO - [2024-12-15T07:57:39.900-0800] {dag.py:3239} INFO - Sync 1 DAGs
[2024-12-15T07:57:39.910-0800] {logging_mixin.py:190} INFO - [2024-12-15T07:57:39.910-0800] {dag.py:4180} INFO - Setting next_dagrun for example_dynamic_task_mapping to None, run_after=None
[2024-12-15T07:57:39.932-0800] {processor.py:208} INFO - Processing /Users/rishukhurana/anaconda3/lib/python3.11/site-packages/airflow/example_dags/example_dynamic_task_mapping.py took 0.168 seconds
[2024-12-15T08:03:58.876-0800] {processor.py:186} INFO - Started process (PID=39987) to work on /Users/rishukhurana/anaconda3/lib/python3.11/site-packages/airflow/example_dags/example_dynamic_task_mapping.py
[2024-12-15T08:03:58.879-0800] {processor.py:914} INFO - Processing file /Users/rishukhurana/anaconda3/lib/python3.11/site-packages/airflow/example_dags/example_dynamic_task_mapping.py for tasks to queue
[2024-12-15T08:03:58.880-0800] {logging_mixin.py:190} INFO - [2024-12-15T08:03:58.880-0800] {dagbag.py:588} INFO - Filling up the DagBag from /Users/rishukhurana/anaconda3/lib/python3.11/site-packages/airflow/example_dags/example_dynamic_task_mapping.py
[2024-12-15T08:03:58.915-0800] {processor.py:925} INFO - DAG(s) 'example_dynamic_task_mapping' retrieved from /Users/rishukhurana/anaconda3/lib/python3.11/site-packages/airflow/example_dags/example_dynamic_task_mapping.py
[2024-12-15T08:03:59.003-0800] {logging_mixin.py:190} INFO - [2024-12-15T08:03:59.003-0800] {dag.py:3239} INFO - Sync 1 DAGs
[2024-12-15T08:03:59.013-0800] {logging_mixin.py:190} INFO - [2024-12-15T08:03:59.013-0800] {dag.py:4180} INFO - Setting next_dagrun for example_dynamic_task_mapping to None, run_after=None
[2024-12-15T08:03:59.029-0800] {processor.py:208} INFO - Processing /Users/rishukhurana/anaconda3/lib/python3.11/site-packages/airflow/example_dags/example_dynamic_task_mapping.py took 0.160 seconds
[2024-12-15T08:10:20.230-0800] {processor.py:186} INFO - Started process (PID=40287) to work on /Users/rishukhurana/anaconda3/lib/python3.11/site-packages/airflow/example_dags/example_dynamic_task_mapping.py
[2024-12-15T08:10:20.233-0800] {processor.py:914} INFO - Processing file /Users/rishukhurana/anaconda3/lib/python3.11/site-packages/airflow/example_dags/example_dynamic_task_mapping.py for tasks to queue
[2024-12-15T08:10:20.234-0800] {logging_mixin.py:190} INFO - [2024-12-15T08:10:20.234-0800] {dagbag.py:588} INFO - Filling up the DagBag from /Users/rishukhurana/anaconda3/lib/python3.11/site-packages/airflow/example_dags/example_dynamic_task_mapping.py
[2024-12-15T08:10:20.270-0800] {processor.py:925} INFO - DAG(s) 'example_dynamic_task_mapping' retrieved from /Users/rishukhurana/anaconda3/lib/python3.11/site-packages/airflow/example_dags/example_dynamic_task_mapping.py
[2024-12-15T08:10:20.364-0800] {logging_mixin.py:190} INFO - [2024-12-15T08:10:20.364-0800] {dag.py:3239} INFO - Sync 1 DAGs
[2024-12-15T08:10:20.374-0800] {logging_mixin.py:190} INFO - [2024-12-15T08:10:20.374-0800] {dag.py:4180} INFO - Setting next_dagrun for example_dynamic_task_mapping to None, run_after=None
[2024-12-15T08:10:20.396-0800] {processor.py:208} INFO - Processing /Users/rishukhurana/anaconda3/lib/python3.11/site-packages/airflow/example_dags/example_dynamic_task_mapping.py took 0.173 seconds
[2024-12-15T08:14:01.554-0800] {processor.py:186} INFO - Started process (PID=40441) to work on /Users/rishukhurana/anaconda3/lib/python3.11/site-packages/airflow/example_dags/example_dynamic_task_mapping.py
[2024-12-15T08:14:01.557-0800] {processor.py:914} INFO - Processing file /Users/rishukhurana/anaconda3/lib/python3.11/site-packages/airflow/example_dags/example_dynamic_task_mapping.py for tasks to queue
[2024-12-15T08:14:01.558-0800] {logging_mixin.py:190} INFO - [2024-12-15T08:14:01.558-0800] {dagbag.py:588} INFO - Filling up the DagBag from /Users/rishukhurana/anaconda3/lib/python3.11/site-packages/airflow/example_dags/example_dynamic_task_mapping.py
[2024-12-15T08:14:01.627-0800] {processor.py:925} INFO - DAG(s) 'example_dynamic_task_mapping' retrieved from /Users/rishukhurana/anaconda3/lib/python3.11/site-packages/airflow/example_dags/example_dynamic_task_mapping.py
[2024-12-15T08:14:01.716-0800] {logging_mixin.py:190} INFO - [2024-12-15T08:14:01.716-0800] {dag.py:3239} INFO - Sync 1 DAGs
[2024-12-15T08:14:01.726-0800] {logging_mixin.py:190} INFO - [2024-12-15T08:14:01.726-0800] {dag.py:4180} INFO - Setting next_dagrun for example_dynamic_task_mapping to None, run_after=None
[2024-12-15T08:14:01.747-0800] {processor.py:208} INFO - Processing /Users/rishukhurana/anaconda3/lib/python3.11/site-packages/airflow/example_dags/example_dynamic_task_mapping.py took 0.199 seconds
[2024-12-15T09:16:43.108-0800] {processor.py:186} INFO - Started process (PID=40676) to work on /Users/rishukhurana/anaconda3/lib/python3.11/site-packages/airflow/example_dags/example_dynamic_task_mapping.py
[2024-12-15T09:16:43.111-0800] {processor.py:914} INFO - Processing file /Users/rishukhurana/anaconda3/lib/python3.11/site-packages/airflow/example_dags/example_dynamic_task_mapping.py for tasks to queue
[2024-12-15T09:16:43.113-0800] {logging_mixin.py:190} INFO - [2024-12-15T09:16:43.112-0800] {dagbag.py:588} INFO - Filling up the DagBag from /Users/rishukhurana/anaconda3/lib/python3.11/site-packages/airflow/example_dags/example_dynamic_task_mapping.py
[2024-12-15T09:16:43.189-0800] {processor.py:925} INFO - DAG(s) 'example_dynamic_task_mapping' retrieved from /Users/rishukhurana/anaconda3/lib/python3.11/site-packages/airflow/example_dags/example_dynamic_task_mapping.py
[2024-12-15T09:16:43.323-0800] {logging_mixin.py:190} INFO - [2024-12-15T09:16:43.322-0800] {dag.py:3239} INFO - Sync 1 DAGs
[2024-12-15T09:16:43.334-0800] {logging_mixin.py:190} INFO - [2024-12-15T09:16:43.334-0800] {dag.py:4180} INFO - Setting next_dagrun for example_dynamic_task_mapping to None, run_after=None
[2024-12-15T09:16:43.366-0800] {processor.py:208} INFO - Processing /Users/rishukhurana/anaconda3/lib/python3.11/site-packages/airflow/example_dags/example_dynamic_task_mapping.py took 0.265 seconds
[2024-12-15T10:49:23.643-0800] {processor.py:186} INFO - Started process (PID=40944) to work on /Users/rishukhurana/anaconda3/lib/python3.11/site-packages/airflow/example_dags/example_dynamic_task_mapping.py
[2024-12-15T10:49:23.646-0800] {processor.py:914} INFO - Processing file /Users/rishukhurana/anaconda3/lib/python3.11/site-packages/airflow/example_dags/example_dynamic_task_mapping.py for tasks to queue
[2024-12-15T10:49:23.648-0800] {logging_mixin.py:190} INFO - [2024-12-15T10:49:23.647-0800] {dagbag.py:588} INFO - Filling up the DagBag from /Users/rishukhurana/anaconda3/lib/python3.11/site-packages/airflow/example_dags/example_dynamic_task_mapping.py
[2024-12-15T10:49:23.732-0800] {processor.py:925} INFO - DAG(s) 'example_dynamic_task_mapping' retrieved from /Users/rishukhurana/anaconda3/lib/python3.11/site-packages/airflow/example_dags/example_dynamic_task_mapping.py
[2024-12-15T10:49:23.836-0800] {logging_mixin.py:190} INFO - [2024-12-15T10:49:23.835-0800] {dag.py:3239} INFO - Sync 1 DAGs
[2024-12-15T10:49:23.846-0800] {logging_mixin.py:190} INFO - [2024-12-15T10:49:23.845-0800] {dag.py:4180} INFO - Setting next_dagrun for example_dynamic_task_mapping to None, run_after=None
[2024-12-15T10:49:23.861-0800] {processor.py:208} INFO - Processing /Users/rishukhurana/anaconda3/lib/python3.11/site-packages/airflow/example_dags/example_dynamic_task_mapping.py took 0.225 seconds
[2024-12-15T11:49:56.205-0800] {processor.py:186} INFO - Started process (PID=41184) to work on /Users/rishukhurana/anaconda3/lib/python3.11/site-packages/airflow/example_dags/example_dynamic_task_mapping.py
[2024-12-15T11:49:56.206-0800] {processor.py:914} INFO - Processing file /Users/rishukhurana/anaconda3/lib/python3.11/site-packages/airflow/example_dags/example_dynamic_task_mapping.py for tasks to queue
[2024-12-15T11:49:56.207-0800] {logging_mixin.py:190} INFO - [2024-12-15T11:49:56.207-0800] {dagbag.py:588} INFO - Filling up the DagBag from /Users/rishukhurana/anaconda3/lib/python3.11/site-packages/airflow/example_dags/example_dynamic_task_mapping.py
[2024-12-15T11:49:56.241-0800] {processor.py:925} INFO - DAG(s) 'example_dynamic_task_mapping' retrieved from /Users/rishukhurana/anaconda3/lib/python3.11/site-packages/airflow/example_dags/example_dynamic_task_mapping.py
[2024-12-15T11:49:56.336-0800] {logging_mixin.py:190} INFO - [2024-12-15T11:49:56.336-0800] {dag.py:3239} INFO - Sync 1 DAGs
[2024-12-15T11:49:56.346-0800] {logging_mixin.py:190} INFO - [2024-12-15T11:49:56.346-0800] {dag.py:4180} INFO - Setting next_dagrun for example_dynamic_task_mapping to None, run_after=None
[2024-12-15T11:49:56.368-0800] {processor.py:208} INFO - Processing /Users/rishukhurana/anaconda3/lib/python3.11/site-packages/airflow/example_dags/example_dynamic_task_mapping.py took 0.168 seconds
[2024-12-15T11:56:15.760-0800] {processor.py:186} INFO - Started process (PID=41414) to work on /Users/rishukhurana/anaconda3/lib/python3.11/site-packages/airflow/example_dags/example_dynamic_task_mapping.py
[2024-12-15T11:56:15.768-0800] {processor.py:914} INFO - Processing file /Users/rishukhurana/anaconda3/lib/python3.11/site-packages/airflow/example_dags/example_dynamic_task_mapping.py for tasks to queue
[2024-12-15T11:56:15.789-0800] {logging_mixin.py:190} INFO - [2024-12-15T11:56:15.788-0800] {dagbag.py:588} INFO - Filling up the DagBag from /Users/rishukhurana/anaconda3/lib/python3.11/site-packages/airflow/example_dags/example_dynamic_task_mapping.py
[2024-12-15T11:56:15.935-0800] {processor.py:925} INFO - DAG(s) 'example_dynamic_task_mapping' retrieved from /Users/rishukhurana/anaconda3/lib/python3.11/site-packages/airflow/example_dags/example_dynamic_task_mapping.py
[2024-12-15T11:56:16.413-0800] {logging_mixin.py:190} INFO - [2024-12-15T11:56:16.408-0800] {dag.py:3239} INFO - Sync 1 DAGs
[2024-12-15T11:56:16.461-0800] {logging_mixin.py:190} INFO - [2024-12-15T11:56:16.461-0800] {dag.py:4180} INFO - Setting next_dagrun for example_dynamic_task_mapping to None, run_after=None
[2024-12-15T11:56:16.515-0800] {processor.py:208} INFO - Processing /Users/rishukhurana/anaconda3/lib/python3.11/site-packages/airflow/example_dags/example_dynamic_task_mapping.py took 0.774 seconds
[2024-12-15T12:00:08.154-0800] {processor.py:186} INFO - Started process (PID=41630) to work on /Users/rishukhurana/anaconda3/lib/python3.11/site-packages/airflow/example_dags/example_dynamic_task_mapping.py
[2024-12-15T12:00:08.156-0800] {processor.py:914} INFO - Processing file /Users/rishukhurana/anaconda3/lib/python3.11/site-packages/airflow/example_dags/example_dynamic_task_mapping.py for tasks to queue
[2024-12-15T12:00:08.157-0800] {logging_mixin.py:190} INFO - [2024-12-15T12:00:08.157-0800] {dagbag.py:588} INFO - Filling up the DagBag from /Users/rishukhurana/anaconda3/lib/python3.11/site-packages/airflow/example_dags/example_dynamic_task_mapping.py
[2024-12-15T12:00:08.226-0800] {processor.py:925} INFO - DAG(s) 'example_dynamic_task_mapping' retrieved from /Users/rishukhurana/anaconda3/lib/python3.11/site-packages/airflow/example_dags/example_dynamic_task_mapping.py
[2024-12-15T12:00:08.302-0800] {logging_mixin.py:190} INFO - [2024-12-15T12:00:08.302-0800] {dag.py:3239} INFO - Sync 1 DAGs
[2024-12-15T12:00:08.311-0800] {logging_mixin.py:190} INFO - [2024-12-15T12:00:08.311-0800] {dag.py:4180} INFO - Setting next_dagrun for example_dynamic_task_mapping to None, run_after=None
[2024-12-15T12:00:08.332-0800] {processor.py:208} INFO - Processing /Users/rishukhurana/anaconda3/lib/python3.11/site-packages/airflow/example_dags/example_dynamic_task_mapping.py took 0.184 seconds
[2024-12-15T12:07:15.893-0800] {processor.py:186} INFO - Started process (PID=41983) to work on /Users/rishukhurana/anaconda3/lib/python3.11/site-packages/airflow/example_dags/example_dynamic_task_mapping.py
[2024-12-15T12:07:15.895-0800] {processor.py:914} INFO - Processing file /Users/rishukhurana/anaconda3/lib/python3.11/site-packages/airflow/example_dags/example_dynamic_task_mapping.py for tasks to queue
[2024-12-15T12:07:15.896-0800] {logging_mixin.py:190} INFO - [2024-12-15T12:07:15.896-0800] {dagbag.py:588} INFO - Filling up the DagBag from /Users/rishukhurana/anaconda3/lib/python3.11/site-packages/airflow/example_dags/example_dynamic_task_mapping.py
[2024-12-15T12:07:15.961-0800] {processor.py:925} INFO - DAG(s) 'example_dynamic_task_mapping' retrieved from /Users/rishukhurana/anaconda3/lib/python3.11/site-packages/airflow/example_dags/example_dynamic_task_mapping.py
[2024-12-15T12:07:16.070-0800] {logging_mixin.py:190} INFO - [2024-12-15T12:07:16.069-0800] {dag.py:3239} INFO - Sync 1 DAGs
[2024-12-15T12:07:16.084-0800] {logging_mixin.py:190} INFO - [2024-12-15T12:07:16.083-0800] {dag.py:4180} INFO - Setting next_dagrun for example_dynamic_task_mapping to None, run_after=None
[2024-12-15T12:07:16.103-0800] {processor.py:208} INFO - Processing /Users/rishukhurana/anaconda3/lib/python3.11/site-packages/airflow/example_dags/example_dynamic_task_mapping.py took 0.217 seconds
[2024-12-15T12:10:47.985-0800] {processor.py:186} INFO - Started process (PID=42138) to work on /Users/rishukhurana/anaconda3/lib/python3.11/site-packages/airflow/example_dags/example_dynamic_task_mapping.py
[2024-12-15T12:10:47.987-0800] {processor.py:914} INFO - Processing file /Users/rishukhurana/anaconda3/lib/python3.11/site-packages/airflow/example_dags/example_dynamic_task_mapping.py for tasks to queue
[2024-12-15T12:10:47.989-0800] {logging_mixin.py:190} INFO - [2024-12-15T12:10:47.988-0800] {dagbag.py:588} INFO - Filling up the DagBag from /Users/rishukhurana/anaconda3/lib/python3.11/site-packages/airflow/example_dags/example_dynamic_task_mapping.py
[2024-12-15T12:10:48.022-0800] {processor.py:925} INFO - DAG(s) 'example_dynamic_task_mapping' retrieved from /Users/rishukhurana/anaconda3/lib/python3.11/site-packages/airflow/example_dags/example_dynamic_task_mapping.py
[2024-12-15T12:10:48.111-0800] {logging_mixin.py:190} INFO - [2024-12-15T12:10:48.111-0800] {dag.py:3239} INFO - Sync 1 DAGs
[2024-12-15T12:10:48.121-0800] {logging_mixin.py:190} INFO - [2024-12-15T12:10:48.120-0800] {dag.py:4180} INFO - Setting next_dagrun for example_dynamic_task_mapping to None, run_after=None
[2024-12-15T12:10:48.135-0800] {processor.py:208} INFO - Processing /Users/rishukhurana/anaconda3/lib/python3.11/site-packages/airflow/example_dags/example_dynamic_task_mapping.py took 0.157 seconds
[2024-12-15T12:17:16.478-0800] {processor.py:186} INFO - Started process (PID=42434) to work on /Users/rishukhurana/anaconda3/lib/python3.11/site-packages/airflow/example_dags/example_dynamic_task_mapping.py
[2024-12-15T12:17:16.479-0800] {processor.py:914} INFO - Processing file /Users/rishukhurana/anaconda3/lib/python3.11/site-packages/airflow/example_dags/example_dynamic_task_mapping.py for tasks to queue
[2024-12-15T12:17:16.480-0800] {logging_mixin.py:190} INFO - [2024-12-15T12:17:16.480-0800] {dagbag.py:588} INFO - Filling up the DagBag from /Users/rishukhurana/anaconda3/lib/python3.11/site-packages/airflow/example_dags/example_dynamic_task_mapping.py
[2024-12-15T12:17:16.522-0800] {processor.py:925} INFO - DAG(s) 'example_dynamic_task_mapping' retrieved from /Users/rishukhurana/anaconda3/lib/python3.11/site-packages/airflow/example_dags/example_dynamic_task_mapping.py
[2024-12-15T12:17:16.613-0800] {logging_mixin.py:190} INFO - [2024-12-15T12:17:16.612-0800] {dag.py:3239} INFO - Sync 1 DAGs
[2024-12-15T12:17:16.625-0800] {logging_mixin.py:190} INFO - [2024-12-15T12:17:16.625-0800] {dag.py:4180} INFO - Setting next_dagrun for example_dynamic_task_mapping to None, run_after=None
[2024-12-15T12:17:16.644-0800] {processor.py:208} INFO - Processing /Users/rishukhurana/anaconda3/lib/python3.11/site-packages/airflow/example_dags/example_dynamic_task_mapping.py took 0.172 seconds
[2024-12-15T12:23:39.125-0800] {processor.py:186} INFO - Started process (PID=42729) to work on /Users/rishukhurana/anaconda3/lib/python3.11/site-packages/airflow/example_dags/example_dynamic_task_mapping.py
[2024-12-15T12:23:39.127-0800] {processor.py:914} INFO - Processing file /Users/rishukhurana/anaconda3/lib/python3.11/site-packages/airflow/example_dags/example_dynamic_task_mapping.py for tasks to queue
[2024-12-15T12:23:39.128-0800] {logging_mixin.py:190} INFO - [2024-12-15T12:23:39.128-0800] {dagbag.py:588} INFO - Filling up the DagBag from /Users/rishukhurana/anaconda3/lib/python3.11/site-packages/airflow/example_dags/example_dynamic_task_mapping.py
[2024-12-15T12:23:39.159-0800] {processor.py:925} INFO - DAG(s) 'example_dynamic_task_mapping' retrieved from /Users/rishukhurana/anaconda3/lib/python3.11/site-packages/airflow/example_dags/example_dynamic_task_mapping.py
[2024-12-15T12:23:39.240-0800] {logging_mixin.py:190} INFO - [2024-12-15T12:23:39.240-0800] {dag.py:3239} INFO - Sync 1 DAGs
[2024-12-15T12:23:39.249-0800] {logging_mixin.py:190} INFO - [2024-12-15T12:23:39.249-0800] {dag.py:4180} INFO - Setting next_dagrun for example_dynamic_task_mapping to None, run_after=None
[2024-12-15T12:23:39.270-0800] {processor.py:208} INFO - Processing /Users/rishukhurana/anaconda3/lib/python3.11/site-packages/airflow/example_dags/example_dynamic_task_mapping.py took 0.152 seconds
[2024-12-15T12:30:05.049-0800] {processor.py:186} INFO - Started process (PID=43027) to work on /Users/rishukhurana/anaconda3/lib/python3.11/site-packages/airflow/example_dags/example_dynamic_task_mapping.py
[2024-12-15T12:30:05.051-0800] {processor.py:914} INFO - Processing file /Users/rishukhurana/anaconda3/lib/python3.11/site-packages/airflow/example_dags/example_dynamic_task_mapping.py for tasks to queue
[2024-12-15T12:30:05.052-0800] {logging_mixin.py:190} INFO - [2024-12-15T12:30:05.052-0800] {dagbag.py:588} INFO - Filling up the DagBag from /Users/rishukhurana/anaconda3/lib/python3.11/site-packages/airflow/example_dags/example_dynamic_task_mapping.py
[2024-12-15T12:30:05.084-0800] {processor.py:925} INFO - DAG(s) 'example_dynamic_task_mapping' retrieved from /Users/rishukhurana/anaconda3/lib/python3.11/site-packages/airflow/example_dags/example_dynamic_task_mapping.py
[2024-12-15T12:30:05.166-0800] {logging_mixin.py:190} INFO - [2024-12-15T12:30:05.166-0800] {dag.py:3239} INFO - Sync 1 DAGs
[2024-12-15T12:30:05.176-0800] {logging_mixin.py:190} INFO - [2024-12-15T12:30:05.175-0800] {dag.py:4180} INFO - Setting next_dagrun for example_dynamic_task_mapping to None, run_after=None
[2024-12-15T12:30:05.196-0800] {processor.py:208} INFO - Processing /Users/rishukhurana/anaconda3/lib/python3.11/site-packages/airflow/example_dags/example_dynamic_task_mapping.py took 0.153 seconds
[2024-12-15T12:36:48.346-0800] {processor.py:186} INFO - Started process (PID=43344) to work on /Users/rishukhurana/anaconda3/lib/python3.11/site-packages/airflow/example_dags/example_dynamic_task_mapping.py
[2024-12-15T12:36:48.348-0800] {processor.py:914} INFO - Processing file /Users/rishukhurana/anaconda3/lib/python3.11/site-packages/airflow/example_dags/example_dynamic_task_mapping.py for tasks to queue
[2024-12-15T12:36:48.349-0800] {logging_mixin.py:190} INFO - [2024-12-15T12:36:48.349-0800] {dagbag.py:588} INFO - Filling up the DagBag from /Users/rishukhurana/anaconda3/lib/python3.11/site-packages/airflow/example_dags/example_dynamic_task_mapping.py
[2024-12-15T12:36:48.387-0800] {processor.py:925} INFO - DAG(s) 'example_dynamic_task_mapping' retrieved from /Users/rishukhurana/anaconda3/lib/python3.11/site-packages/airflow/example_dags/example_dynamic_task_mapping.py
[2024-12-15T12:36:48.481-0800] {logging_mixin.py:190} INFO - [2024-12-15T12:36:48.480-0800] {dag.py:3239} INFO - Sync 1 DAGs
[2024-12-15T12:36:48.491-0800] {logging_mixin.py:190} INFO - [2024-12-15T12:36:48.491-0800] {dag.py:4180} INFO - Setting next_dagrun for example_dynamic_task_mapping to None, run_after=None
[2024-12-15T12:36:48.510-0800] {processor.py:208} INFO - Processing /Users/rishukhurana/anaconda3/lib/python3.11/site-packages/airflow/example_dags/example_dynamic_task_mapping.py took 0.170 seconds
[2024-12-15T12:43:20.073-0800] {processor.py:186} INFO - Started process (PID=43642) to work on /Users/rishukhurana/anaconda3/lib/python3.11/site-packages/airflow/example_dags/example_dynamic_task_mapping.py
[2024-12-15T12:43:20.076-0800] {processor.py:914} INFO - Processing file /Users/rishukhurana/anaconda3/lib/python3.11/site-packages/airflow/example_dags/example_dynamic_task_mapping.py for tasks to queue
[2024-12-15T12:43:20.077-0800] {logging_mixin.py:190} INFO - [2024-12-15T12:43:20.077-0800] {dagbag.py:588} INFO - Filling up the DagBag from /Users/rishukhurana/anaconda3/lib/python3.11/site-packages/airflow/example_dags/example_dynamic_task_mapping.py
[2024-12-15T12:43:20.111-0800] {processor.py:925} INFO - DAG(s) 'example_dynamic_task_mapping' retrieved from /Users/rishukhurana/anaconda3/lib/python3.11/site-packages/airflow/example_dags/example_dynamic_task_mapping.py
[2024-12-15T12:43:20.199-0800] {logging_mixin.py:190} INFO - [2024-12-15T12:43:20.198-0800] {dag.py:3239} INFO - Sync 1 DAGs
[2024-12-15T12:43:20.209-0800] {logging_mixin.py:190} INFO - [2024-12-15T12:43:20.208-0800] {dag.py:4180} INFO - Setting next_dagrun for example_dynamic_task_mapping to None, run_after=None
[2024-12-15T12:43:20.241-0800] {processor.py:208} INFO - Processing /Users/rishukhurana/anaconda3/lib/python3.11/site-packages/airflow/example_dags/example_dynamic_task_mapping.py took 0.173 seconds
[2024-12-15T14:11:42.569-0800] {processor.py:186} INFO - Started process (PID=44008) to work on /Users/rishukhurana/anaconda3/lib/python3.11/site-packages/airflow/example_dags/example_dynamic_task_mapping.py
[2024-12-15T14:11:42.583-0800] {processor.py:914} INFO - Processing file /Users/rishukhurana/anaconda3/lib/python3.11/site-packages/airflow/example_dags/example_dynamic_task_mapping.py for tasks to queue
[2024-12-15T14:11:42.591-0800] {logging_mixin.py:190} INFO - [2024-12-15T14:11:42.589-0800] {dagbag.py:588} INFO - Filling up the DagBag from /Users/rishukhurana/anaconda3/lib/python3.11/site-packages/airflow/example_dags/example_dynamic_task_mapping.py
[2024-12-15T14:11:42.886-0800] {processor.py:925} INFO - DAG(s) 'example_dynamic_task_mapping' retrieved from /Users/rishukhurana/anaconda3/lib/python3.11/site-packages/airflow/example_dags/example_dynamic_task_mapping.py
[2024-12-15T14:11:43.601-0800] {logging_mixin.py:190} INFO - [2024-12-15T14:11:43.599-0800] {dag.py:3239} INFO - Sync 1 DAGs
[2024-12-15T14:11:43.680-0800] {logging_mixin.py:190} INFO - [2024-12-15T14:11:43.678-0800] {dag.py:4180} INFO - Setting next_dagrun for example_dynamic_task_mapping to None, run_after=None
[2024-12-15T14:11:43.796-0800] {processor.py:208} INFO - Processing /Users/rishukhurana/anaconda3/lib/python3.11/site-packages/airflow/example_dags/example_dynamic_task_mapping.py took 1.273 seconds
