[2024-12-14T16:06:23.449-0800] {processor.py:186} INFO - Started process (PID=23963) to work on /Users/rishukhurana/anaconda3/lib/python3.11/site-packages/airflow/example_dags/example_branch_labels.py
[2024-12-14T16:06:23.464-0800] {processor.py:914} INFO - Processing file /Users/rishukhurana/anaconda3/lib/python3.11/site-packages/airflow/example_dags/example_branch_labels.py for tasks to queue
[2024-12-14T16:06:23.477-0800] {logging_mixin.py:190} INFO - [2024-12-14T16:06:23.475-0800] {dagbag.py:588} INFO - Filling up the DagBag from /Users/rishukhurana/anaconda3/lib/python3.11/site-packages/airflow/example_dags/example_branch_labels.py
[2024-12-14T16:06:23.575-0800] {processor.py:925} INFO - DAG(s) 'example_branch_labels' retrieved from /Users/rishukhurana/anaconda3/lib/python3.11/site-packages/airflow/example_dags/example_branch_labels.py
[2024-12-14T16:06:24.672-0800] {logging_mixin.py:190} INFO - [2024-12-14T16:06:24.659-0800] {dag.py:3239} INFO - Sync 1 DAGs
[2024-12-14T16:06:24.925-0800] {logging_mixin.py:190} INFO - [2024-12-14T16:06:24.923-0800] {dag.py:4180} INFO - Setting next_dagrun for example_branch_labels to 2024-12-14 00:00:00+00:00, run_after=2024-12-15 00:00:00+00:00
[2024-12-14T16:06:25.104-0800] {processor.py:208} INFO - Processing /Users/rishukhurana/anaconda3/lib/python3.11/site-packages/airflow/example_dags/example_branch_labels.py took 1.701 seconds
[2024-12-14T19:49:43.795-0800] {processor.py:186} INFO - Started process (PID=24390) to work on /Users/rishukhurana/anaconda3/lib/python3.11/site-packages/airflow/example_dags/example_branch_labels.py
[2024-12-14T19:49:43.803-0800] {processor.py:914} INFO - Processing file /Users/rishukhurana/anaconda3/lib/python3.11/site-packages/airflow/example_dags/example_branch_labels.py for tasks to queue
[2024-12-14T19:49:43.808-0800] {logging_mixin.py:190} INFO - [2024-12-14T19:49:43.807-0800] {dagbag.py:588} INFO - Filling up the DagBag from /Users/rishukhurana/anaconda3/lib/python3.11/site-packages/airflow/example_dags/example_branch_labels.py
[2024-12-14T19:49:43.841-0800] {processor.py:925} INFO - DAG(s) 'example_branch_labels' retrieved from /Users/rishukhurana/anaconda3/lib/python3.11/site-packages/airflow/example_dags/example_branch_labels.py
[2024-12-14T19:49:44.089-0800] {logging_mixin.py:190} INFO - [2024-12-14T19:49:44.088-0800] {dag.py:3239} INFO - Sync 1 DAGs
[2024-12-14T19:49:44.128-0800] {logging_mixin.py:190} INFO - [2024-12-14T19:49:44.127-0800] {dag.py:4180} INFO - Setting next_dagrun for example_branch_labels to 2024-12-14 00:00:00+00:00, run_after=2024-12-15 00:00:00+00:00
[2024-12-14T19:49:44.153-0800] {processor.py:208} INFO - Processing /Users/rishukhurana/anaconda3/lib/python3.11/site-packages/airflow/example_dags/example_branch_labels.py took 0.364 seconds
[2024-12-14T19:56:31.202-0800] {processor.py:186} INFO - Started process (PID=24751) to work on /Users/rishukhurana/anaconda3/lib/python3.11/site-packages/airflow/example_dags/example_branch_labels.py
[2024-12-14T19:56:31.204-0800] {processor.py:914} INFO - Processing file /Users/rishukhurana/anaconda3/lib/python3.11/site-packages/airflow/example_dags/example_branch_labels.py for tasks to queue
[2024-12-14T19:56:31.207-0800] {logging_mixin.py:190} INFO - [2024-12-14T19:56:31.206-0800] {dagbag.py:588} INFO - Filling up the DagBag from /Users/rishukhurana/anaconda3/lib/python3.11/site-packages/airflow/example_dags/example_branch_labels.py
[2024-12-14T19:56:31.219-0800] {processor.py:925} INFO - DAG(s) 'example_branch_labels' retrieved from /Users/rishukhurana/anaconda3/lib/python3.11/site-packages/airflow/example_dags/example_branch_labels.py
[2024-12-14T19:56:31.319-0800] {logging_mixin.py:190} INFO - [2024-12-14T19:56:31.319-0800] {dag.py:3239} INFO - Sync 1 DAGs
[2024-12-14T19:56:31.339-0800] {logging_mixin.py:190} INFO - [2024-12-14T19:56:31.339-0800] {dag.py:4180} INFO - Setting next_dagrun for example_branch_labels to 2024-12-14 00:00:00+00:00, run_after=2024-12-15 00:00:00+00:00
[2024-12-14T19:56:31.357-0800] {processor.py:208} INFO - Processing /Users/rishukhurana/anaconda3/lib/python3.11/site-packages/airflow/example_dags/example_branch_labels.py took 0.159 seconds
[2024-12-14T20:02:47.086-0800] {processor.py:186} INFO - Started process (PID=25051) to work on /Users/rishukhurana/anaconda3/lib/python3.11/site-packages/airflow/example_dags/example_branch_labels.py
[2024-12-14T20:02:47.088-0800] {processor.py:914} INFO - Processing file /Users/rishukhurana/anaconda3/lib/python3.11/site-packages/airflow/example_dags/example_branch_labels.py for tasks to queue
[2024-12-14T20:02:47.089-0800] {logging_mixin.py:190} INFO - [2024-12-14T20:02:47.089-0800] {dagbag.py:588} INFO - Filling up the DagBag from /Users/rishukhurana/anaconda3/lib/python3.11/site-packages/airflow/example_dags/example_branch_labels.py
[2024-12-14T20:02:47.099-0800] {processor.py:925} INFO - DAG(s) 'example_branch_labels' retrieved from /Users/rishukhurana/anaconda3/lib/python3.11/site-packages/airflow/example_dags/example_branch_labels.py
[2024-12-14T20:02:47.186-0800] {logging_mixin.py:190} INFO - [2024-12-14T20:02:47.186-0800] {dag.py:3239} INFO - Sync 1 DAGs
[2024-12-14T20:02:47.203-0800] {logging_mixin.py:190} INFO - [2024-12-14T20:02:47.203-0800] {dag.py:4180} INFO - Setting next_dagrun for example_branch_labels to 2024-12-14 00:00:00+00:00, run_after=2024-12-15 00:00:00+00:00
[2024-12-14T20:02:47.219-0800] {processor.py:208} INFO - Processing /Users/rishukhurana/anaconda3/lib/python3.11/site-packages/airflow/example_dags/example_branch_labels.py took 0.139 seconds
[2024-12-14T20:08:58.691-0800] {processor.py:186} INFO - Started process (PID=25346) to work on /Users/rishukhurana/anaconda3/lib/python3.11/site-packages/airflow/example_dags/example_branch_labels.py
[2024-12-14T20:08:58.694-0800] {processor.py:914} INFO - Processing file /Users/rishukhurana/anaconda3/lib/python3.11/site-packages/airflow/example_dags/example_branch_labels.py for tasks to queue
[2024-12-14T20:08:58.696-0800] {logging_mixin.py:190} INFO - [2024-12-14T20:08:58.696-0800] {dagbag.py:588} INFO - Filling up the DagBag from /Users/rishukhurana/anaconda3/lib/python3.11/site-packages/airflow/example_dags/example_branch_labels.py
[2024-12-14T20:08:58.706-0800] {processor.py:925} INFO - DAG(s) 'example_branch_labels' retrieved from /Users/rishukhurana/anaconda3/lib/python3.11/site-packages/airflow/example_dags/example_branch_labels.py
[2024-12-14T20:08:58.796-0800] {logging_mixin.py:190} INFO - [2024-12-14T20:08:58.795-0800] {dag.py:3239} INFO - Sync 1 DAGs
[2024-12-14T20:08:58.813-0800] {logging_mixin.py:190} INFO - [2024-12-14T20:08:58.813-0800] {dag.py:4180} INFO - Setting next_dagrun for example_branch_labels to 2024-12-14 00:00:00+00:00, run_after=2024-12-15 00:00:00+00:00
[2024-12-14T20:08:58.831-0800] {processor.py:208} INFO - Processing /Users/rishukhurana/anaconda3/lib/python3.11/site-packages/airflow/example_dags/example_branch_labels.py took 0.146 seconds
[2024-12-14T20:15:27.997-0800] {processor.py:186} INFO - Started process (PID=25765) to work on /Users/rishukhurana/anaconda3/lib/python3.11/site-packages/airflow/example_dags/example_branch_labels.py
[2024-12-14T20:15:27.999-0800] {processor.py:914} INFO - Processing file /Users/rishukhurana/anaconda3/lib/python3.11/site-packages/airflow/example_dags/example_branch_labels.py for tasks to queue
[2024-12-14T20:15:28.000-0800] {logging_mixin.py:190} INFO - [2024-12-14T20:15:28.000-0800] {dagbag.py:588} INFO - Filling up the DagBag from /Users/rishukhurana/anaconda3/lib/python3.11/site-packages/airflow/example_dags/example_branch_labels.py
[2024-12-14T20:15:28.009-0800] {processor.py:925} INFO - DAG(s) 'example_branch_labels' retrieved from /Users/rishukhurana/anaconda3/lib/python3.11/site-packages/airflow/example_dags/example_branch_labels.py
[2024-12-14T20:15:28.103-0800] {logging_mixin.py:190} INFO - [2024-12-14T20:15:28.103-0800] {dag.py:3239} INFO - Sync 1 DAGs
[2024-12-14T20:15:28.127-0800] {logging_mixin.py:190} INFO - [2024-12-14T20:15:28.126-0800] {dag.py:4180} INFO - Setting next_dagrun for example_branch_labels to 2024-12-14 00:00:00+00:00, run_after=2024-12-15 00:00:00+00:00
[2024-12-14T20:15:28.143-0800] {processor.py:208} INFO - Processing /Users/rishukhurana/anaconda3/lib/python3.11/site-packages/airflow/example_dags/example_branch_labels.py took 0.153 seconds
[2024-12-14T20:22:09.324-0800] {processor.py:186} INFO - Started process (PID=26136) to work on /Users/rishukhurana/anaconda3/lib/python3.11/site-packages/airflow/example_dags/example_branch_labels.py
[2024-12-14T20:22:09.327-0800] {processor.py:914} INFO - Processing file /Users/rishukhurana/anaconda3/lib/python3.11/site-packages/airflow/example_dags/example_branch_labels.py for tasks to queue
[2024-12-14T20:22:09.329-0800] {logging_mixin.py:190} INFO - [2024-12-14T20:22:09.328-0800] {dagbag.py:588} INFO - Filling up the DagBag from /Users/rishukhurana/anaconda3/lib/python3.11/site-packages/airflow/example_dags/example_branch_labels.py
[2024-12-14T20:22:09.337-0800] {processor.py:925} INFO - DAG(s) 'example_branch_labels' retrieved from /Users/rishukhurana/anaconda3/lib/python3.11/site-packages/airflow/example_dags/example_branch_labels.py
[2024-12-14T20:22:09.422-0800] {logging_mixin.py:190} INFO - [2024-12-14T20:22:09.421-0800] {dag.py:3239} INFO - Sync 1 DAGs
[2024-12-14T20:22:09.439-0800] {logging_mixin.py:190} INFO - [2024-12-14T20:22:09.438-0800] {dag.py:4180} INFO - Setting next_dagrun for example_branch_labels to 2024-12-14 00:00:00+00:00, run_after=2024-12-15 00:00:00+00:00
[2024-12-14T20:22:09.452-0800] {processor.py:208} INFO - Processing /Users/rishukhurana/anaconda3/lib/python3.11/site-packages/airflow/example_dags/example_branch_labels.py took 0.133 seconds
[2024-12-14T20:28:47.392-0800] {processor.py:186} INFO - Started process (PID=26459) to work on /Users/rishukhurana/anaconda3/lib/python3.11/site-packages/airflow/example_dags/example_branch_labels.py
[2024-12-14T20:28:47.395-0800] {processor.py:914} INFO - Processing file /Users/rishukhurana/anaconda3/lib/python3.11/site-packages/airflow/example_dags/example_branch_labels.py for tasks to queue
[2024-12-14T20:28:47.396-0800] {logging_mixin.py:190} INFO - [2024-12-14T20:28:47.396-0800] {dagbag.py:588} INFO - Filling up the DagBag from /Users/rishukhurana/anaconda3/lib/python3.11/site-packages/airflow/example_dags/example_branch_labels.py
[2024-12-14T20:28:47.406-0800] {processor.py:925} INFO - DAG(s) 'example_branch_labels' retrieved from /Users/rishukhurana/anaconda3/lib/python3.11/site-packages/airflow/example_dags/example_branch_labels.py
[2024-12-14T20:28:47.496-0800] {logging_mixin.py:190} INFO - [2024-12-14T20:28:47.496-0800] {dag.py:3239} INFO - Sync 1 DAGs
[2024-12-14T20:28:47.512-0800] {logging_mixin.py:190} INFO - [2024-12-14T20:28:47.512-0800] {dag.py:4180} INFO - Setting next_dagrun for example_branch_labels to 2024-12-14 00:00:00+00:00, run_after=2024-12-15 00:00:00+00:00
[2024-12-14T20:28:47.532-0800] {processor.py:208} INFO - Processing /Users/rishukhurana/anaconda3/lib/python3.11/site-packages/airflow/example_dags/example_branch_labels.py took 0.146 seconds
[2024-12-14T20:35:10.600-0800] {processor.py:186} INFO - Started process (PID=26796) to work on /Users/rishukhurana/anaconda3/lib/python3.11/site-packages/airflow/example_dags/example_branch_labels.py
[2024-12-14T20:35:10.603-0800] {processor.py:914} INFO - Processing file /Users/rishukhurana/anaconda3/lib/python3.11/site-packages/airflow/example_dags/example_branch_labels.py for tasks to queue
[2024-12-14T20:35:10.606-0800] {logging_mixin.py:190} INFO - [2024-12-14T20:35:10.606-0800] {dagbag.py:588} INFO - Filling up the DagBag from /Users/rishukhurana/anaconda3/lib/python3.11/site-packages/airflow/example_dags/example_branch_labels.py
[2024-12-14T20:35:10.614-0800] {processor.py:925} INFO - DAG(s) 'example_branch_labels' retrieved from /Users/rishukhurana/anaconda3/lib/python3.11/site-packages/airflow/example_dags/example_branch_labels.py
[2024-12-14T20:35:10.705-0800] {logging_mixin.py:190} INFO - [2024-12-14T20:35:10.704-0800] {dag.py:3239} INFO - Sync 1 DAGs
[2024-12-14T20:35:10.722-0800] {logging_mixin.py:190} INFO - [2024-12-14T20:35:10.722-0800] {dag.py:4180} INFO - Setting next_dagrun for example_branch_labels to 2024-12-14 00:00:00+00:00, run_after=2024-12-15 00:00:00+00:00
[2024-12-14T20:35:10.743-0800] {processor.py:208} INFO - Processing /Users/rishukhurana/anaconda3/lib/python3.11/site-packages/airflow/example_dags/example_branch_labels.py took 0.147 seconds
[2024-12-14T20:41:22.478-0800] {processor.py:186} INFO - Started process (PID=27087) to work on /Users/rishukhurana/anaconda3/lib/python3.11/site-packages/airflow/example_dags/example_branch_labels.py
[2024-12-14T20:41:22.480-0800] {processor.py:914} INFO - Processing file /Users/rishukhurana/anaconda3/lib/python3.11/site-packages/airflow/example_dags/example_branch_labels.py for tasks to queue
[2024-12-14T20:41:22.482-0800] {logging_mixin.py:190} INFO - [2024-12-14T20:41:22.481-0800] {dagbag.py:588} INFO - Filling up the DagBag from /Users/rishukhurana/anaconda3/lib/python3.11/site-packages/airflow/example_dags/example_branch_labels.py
[2024-12-14T20:41:22.491-0800] {processor.py:925} INFO - DAG(s) 'example_branch_labels' retrieved from /Users/rishukhurana/anaconda3/lib/python3.11/site-packages/airflow/example_dags/example_branch_labels.py
[2024-12-14T20:41:22.574-0800] {logging_mixin.py:190} INFO - [2024-12-14T20:41:22.573-0800] {dag.py:3239} INFO - Sync 1 DAGs
[2024-12-14T20:41:22.589-0800] {logging_mixin.py:190} INFO - [2024-12-14T20:41:22.589-0800] {dag.py:4180} INFO - Setting next_dagrun for example_branch_labels to 2024-12-14 00:00:00+00:00, run_after=2024-12-15 00:00:00+00:00
[2024-12-14T20:41:22.604-0800] {processor.py:208} INFO - Processing /Users/rishukhurana/anaconda3/lib/python3.11/site-packages/airflow/example_dags/example_branch_labels.py took 0.133 seconds
[2024-12-14T20:47:26.134-0800] {processor.py:186} INFO - Started process (PID=27414) to work on /Users/rishukhurana/anaconda3/lib/python3.11/site-packages/airflow/example_dags/example_branch_labels.py
[2024-12-14T20:47:26.137-0800] {processor.py:914} INFO - Processing file /Users/rishukhurana/anaconda3/lib/python3.11/site-packages/airflow/example_dags/example_branch_labels.py for tasks to queue
[2024-12-14T20:47:26.139-0800] {logging_mixin.py:190} INFO - [2024-12-14T20:47:26.139-0800] {dagbag.py:588} INFO - Filling up the DagBag from /Users/rishukhurana/anaconda3/lib/python3.11/site-packages/airflow/example_dags/example_branch_labels.py
[2024-12-14T20:47:26.148-0800] {processor.py:925} INFO - DAG(s) 'example_branch_labels' retrieved from /Users/rishukhurana/anaconda3/lib/python3.11/site-packages/airflow/example_dags/example_branch_labels.py
[2024-12-14T20:47:26.228-0800] {logging_mixin.py:190} INFO - [2024-12-14T20:47:26.228-0800] {dag.py:3239} INFO - Sync 1 DAGs
[2024-12-14T20:47:26.244-0800] {logging_mixin.py:190} INFO - [2024-12-14T20:47:26.244-0800] {dag.py:4180} INFO - Setting next_dagrun for example_branch_labels to 2024-12-14 00:00:00+00:00, run_after=2024-12-15 00:00:00+00:00
[2024-12-14T20:47:26.258-0800] {processor.py:208} INFO - Processing /Users/rishukhurana/anaconda3/lib/python3.11/site-packages/airflow/example_dags/example_branch_labels.py took 0.130 seconds
[2024-12-14T20:53:30.074-0800] {processor.py:186} INFO - Started process (PID=27727) to work on /Users/rishukhurana/anaconda3/lib/python3.11/site-packages/airflow/example_dags/example_branch_labels.py
[2024-12-14T20:53:30.076-0800] {processor.py:914} INFO - Processing file /Users/rishukhurana/anaconda3/lib/python3.11/site-packages/airflow/example_dags/example_branch_labels.py for tasks to queue
[2024-12-14T20:53:30.077-0800] {logging_mixin.py:190} INFO - [2024-12-14T20:53:30.077-0800] {dagbag.py:588} INFO - Filling up the DagBag from /Users/rishukhurana/anaconda3/lib/python3.11/site-packages/airflow/example_dags/example_branch_labels.py
[2024-12-14T20:53:30.087-0800] {processor.py:925} INFO - DAG(s) 'example_branch_labels' retrieved from /Users/rishukhurana/anaconda3/lib/python3.11/site-packages/airflow/example_dags/example_branch_labels.py
[2024-12-14T20:53:30.174-0800] {logging_mixin.py:190} INFO - [2024-12-14T20:53:30.173-0800] {dag.py:3239} INFO - Sync 1 DAGs
[2024-12-14T20:53:30.192-0800] {logging_mixin.py:190} INFO - [2024-12-14T20:53:30.192-0800] {dag.py:4180} INFO - Setting next_dagrun for example_branch_labels to 2024-12-14 00:00:00+00:00, run_after=2024-12-15 00:00:00+00:00
[2024-12-14T20:53:30.214-0800] {processor.py:208} INFO - Processing /Users/rishukhurana/anaconda3/lib/python3.11/site-packages/airflow/example_dags/example_branch_labels.py took 0.146 seconds
[2024-12-14T20:59:30.268-0800] {processor.py:186} INFO - Started process (PID=28067) to work on /Users/rishukhurana/anaconda3/lib/python3.11/site-packages/airflow/example_dags/example_branch_labels.py
[2024-12-14T20:59:30.270-0800] {processor.py:914} INFO - Processing file /Users/rishukhurana/anaconda3/lib/python3.11/site-packages/airflow/example_dags/example_branch_labels.py for tasks to queue
[2024-12-14T20:59:30.272-0800] {logging_mixin.py:190} INFO - [2024-12-14T20:59:30.271-0800] {dagbag.py:588} INFO - Filling up the DagBag from /Users/rishukhurana/anaconda3/lib/python3.11/site-packages/airflow/example_dags/example_branch_labels.py
[2024-12-14T20:59:30.280-0800] {processor.py:925} INFO - DAG(s) 'example_branch_labels' retrieved from /Users/rishukhurana/anaconda3/lib/python3.11/site-packages/airflow/example_dags/example_branch_labels.py
[2024-12-14T20:59:30.366-0800] {logging_mixin.py:190} INFO - [2024-12-14T20:59:30.366-0800] {dag.py:3239} INFO - Sync 1 DAGs
[2024-12-14T20:59:30.382-0800] {logging_mixin.py:190} INFO - [2024-12-14T20:59:30.381-0800] {dag.py:4180} INFO - Setting next_dagrun for example_branch_labels to 2024-12-14 00:00:00+00:00, run_after=2024-12-15 00:00:00+00:00
[2024-12-14T20:59:30.398-0800] {processor.py:208} INFO - Processing /Users/rishukhurana/anaconda3/lib/python3.11/site-packages/airflow/example_dags/example_branch_labels.py took 0.135 seconds
[2024-12-14T21:05:29.089-0800] {processor.py:186} INFO - Started process (PID=28356) to work on /Users/rishukhurana/anaconda3/lib/python3.11/site-packages/airflow/example_dags/example_branch_labels.py
[2024-12-14T21:05:29.091-0800] {processor.py:914} INFO - Processing file /Users/rishukhurana/anaconda3/lib/python3.11/site-packages/airflow/example_dags/example_branch_labels.py for tasks to queue
[2024-12-14T21:05:29.093-0800] {logging_mixin.py:190} INFO - [2024-12-14T21:05:29.092-0800] {dagbag.py:588} INFO - Filling up the DagBag from /Users/rishukhurana/anaconda3/lib/python3.11/site-packages/airflow/example_dags/example_branch_labels.py
[2024-12-14T21:05:29.104-0800] {processor.py:925} INFO - DAG(s) 'example_branch_labels' retrieved from /Users/rishukhurana/anaconda3/lib/python3.11/site-packages/airflow/example_dags/example_branch_labels.py
[2024-12-14T21:05:29.186-0800] {logging_mixin.py:190} INFO - [2024-12-14T21:05:29.185-0800] {dag.py:3239} INFO - Sync 1 DAGs
[2024-12-14T21:05:29.202-0800] {logging_mixin.py:190} INFO - [2024-12-14T21:05:29.201-0800] {dag.py:4180} INFO - Setting next_dagrun for example_branch_labels to 2024-12-14 00:00:00+00:00, run_after=2024-12-15 00:00:00+00:00
[2024-12-14T21:05:29.222-0800] {processor.py:208} INFO - Processing /Users/rishukhurana/anaconda3/lib/python3.11/site-packages/airflow/example_dags/example_branch_labels.py took 0.139 seconds
[2024-12-14T21:11:20.516-0800] {processor.py:186} INFO - Started process (PID=28646) to work on /Users/rishukhurana/anaconda3/lib/python3.11/site-packages/airflow/example_dags/example_branch_labels.py
[2024-12-14T21:11:20.519-0800] {processor.py:914} INFO - Processing file /Users/rishukhurana/anaconda3/lib/python3.11/site-packages/airflow/example_dags/example_branch_labels.py for tasks to queue
[2024-12-14T21:11:20.520-0800] {logging_mixin.py:190} INFO - [2024-12-14T21:11:20.520-0800] {dagbag.py:588} INFO - Filling up the DagBag from /Users/rishukhurana/anaconda3/lib/python3.11/site-packages/airflow/example_dags/example_branch_labels.py
[2024-12-14T21:11:20.527-0800] {processor.py:925} INFO - DAG(s) 'example_branch_labels' retrieved from /Users/rishukhurana/anaconda3/lib/python3.11/site-packages/airflow/example_dags/example_branch_labels.py
[2024-12-14T21:11:20.617-0800] {logging_mixin.py:190} INFO - [2024-12-14T21:11:20.617-0800] {dag.py:3239} INFO - Sync 1 DAGs
[2024-12-14T21:11:20.632-0800] {logging_mixin.py:190} INFO - [2024-12-14T21:11:20.632-0800] {dag.py:4180} INFO - Setting next_dagrun for example_branch_labels to 2024-12-14 00:00:00+00:00, run_after=2024-12-15 00:00:00+00:00
[2024-12-14T21:11:20.653-0800] {processor.py:208} INFO - Processing /Users/rishukhurana/anaconda3/lib/python3.11/site-packages/airflow/example_dags/example_branch_labels.py took 0.142 seconds
[2024-12-14T21:17:16.298-0800] {processor.py:186} INFO - Started process (PID=28958) to work on /Users/rishukhurana/anaconda3/lib/python3.11/site-packages/airflow/example_dags/example_branch_labels.py
[2024-12-14T21:17:16.300-0800] {processor.py:914} INFO - Processing file /Users/rishukhurana/anaconda3/lib/python3.11/site-packages/airflow/example_dags/example_branch_labels.py for tasks to queue
[2024-12-14T21:17:16.302-0800] {logging_mixin.py:190} INFO - [2024-12-14T21:17:16.301-0800] {dagbag.py:588} INFO - Filling up the DagBag from /Users/rishukhurana/anaconda3/lib/python3.11/site-packages/airflow/example_dags/example_branch_labels.py
[2024-12-14T21:17:16.317-0800] {processor.py:925} INFO - DAG(s) 'example_branch_labels' retrieved from /Users/rishukhurana/anaconda3/lib/python3.11/site-packages/airflow/example_dags/example_branch_labels.py
[2024-12-14T21:17:16.412-0800] {logging_mixin.py:190} INFO - [2024-12-14T21:17:16.412-0800] {dag.py:3239} INFO - Sync 1 DAGs
[2024-12-14T21:17:16.429-0800] {logging_mixin.py:190} INFO - [2024-12-14T21:17:16.428-0800] {dag.py:4180} INFO - Setting next_dagrun for example_branch_labels to 2024-12-14 00:00:00+00:00, run_after=2024-12-15 00:00:00+00:00
[2024-12-14T21:17:16.445-0800] {processor.py:208} INFO - Processing /Users/rishukhurana/anaconda3/lib/python3.11/site-packages/airflow/example_dags/example_branch_labels.py took 0.151 seconds
[2024-12-14T21:23:08.164-0800] {processor.py:186} INFO - Started process (PID=29294) to work on /Users/rishukhurana/anaconda3/lib/python3.11/site-packages/airflow/example_dags/example_branch_labels.py
[2024-12-14T21:23:08.167-0800] {processor.py:914} INFO - Processing file /Users/rishukhurana/anaconda3/lib/python3.11/site-packages/airflow/example_dags/example_branch_labels.py for tasks to queue
[2024-12-14T21:23:08.168-0800] {logging_mixin.py:190} INFO - [2024-12-14T21:23:08.168-0800] {dagbag.py:588} INFO - Filling up the DagBag from /Users/rishukhurana/anaconda3/lib/python3.11/site-packages/airflow/example_dags/example_branch_labels.py
[2024-12-14T21:23:08.177-0800] {processor.py:925} INFO - DAG(s) 'example_branch_labels' retrieved from /Users/rishukhurana/anaconda3/lib/python3.11/site-packages/airflow/example_dags/example_branch_labels.py
[2024-12-14T21:23:08.259-0800] {logging_mixin.py:190} INFO - [2024-12-14T21:23:08.259-0800] {dag.py:3239} INFO - Sync 1 DAGs
[2024-12-14T21:23:08.275-0800] {logging_mixin.py:190} INFO - [2024-12-14T21:23:08.274-0800] {dag.py:4180} INFO - Setting next_dagrun for example_branch_labels to 2024-12-14 00:00:00+00:00, run_after=2024-12-15 00:00:00+00:00
[2024-12-14T21:23:08.295-0800] {processor.py:208} INFO - Processing /Users/rishukhurana/anaconda3/lib/python3.11/site-packages/airflow/example_dags/example_branch_labels.py took 0.136 seconds
[2024-12-14T21:28:57.252-0800] {processor.py:186} INFO - Started process (PID=29578) to work on /Users/rishukhurana/anaconda3/lib/python3.11/site-packages/airflow/example_dags/example_branch_labels.py
[2024-12-14T21:28:57.254-0800] {processor.py:914} INFO - Processing file /Users/rishukhurana/anaconda3/lib/python3.11/site-packages/airflow/example_dags/example_branch_labels.py for tasks to queue
[2024-12-14T21:28:57.255-0800] {logging_mixin.py:190} INFO - [2024-12-14T21:28:57.255-0800] {dagbag.py:588} INFO - Filling up the DagBag from /Users/rishukhurana/anaconda3/lib/python3.11/site-packages/airflow/example_dags/example_branch_labels.py
[2024-12-14T21:28:57.266-0800] {processor.py:925} INFO - DAG(s) 'example_branch_labels' retrieved from /Users/rishukhurana/anaconda3/lib/python3.11/site-packages/airflow/example_dags/example_branch_labels.py
[2024-12-14T21:28:57.346-0800] {logging_mixin.py:190} INFO - [2024-12-14T21:28:57.346-0800] {dag.py:3239} INFO - Sync 1 DAGs
[2024-12-14T21:28:57.362-0800] {logging_mixin.py:190} INFO - [2024-12-14T21:28:57.361-0800] {dag.py:4180} INFO - Setting next_dagrun for example_branch_labels to 2024-12-14 00:00:00+00:00, run_after=2024-12-15 00:00:00+00:00
[2024-12-14T21:28:57.378-0800] {processor.py:208} INFO - Processing /Users/rishukhurana/anaconda3/lib/python3.11/site-packages/airflow/example_dags/example_branch_labels.py took 0.132 seconds
[2024-12-14T21:34:56.201-0800] {processor.py:186} INFO - Started process (PID=29879) to work on /Users/rishukhurana/anaconda3/lib/python3.11/site-packages/airflow/example_dags/example_branch_labels.py
[2024-12-14T21:34:56.204-0800] {processor.py:914} INFO - Processing file /Users/rishukhurana/anaconda3/lib/python3.11/site-packages/airflow/example_dags/example_branch_labels.py for tasks to queue
[2024-12-14T21:34:56.205-0800] {logging_mixin.py:190} INFO - [2024-12-14T21:34:56.205-0800] {dagbag.py:588} INFO - Filling up the DagBag from /Users/rishukhurana/anaconda3/lib/python3.11/site-packages/airflow/example_dags/example_branch_labels.py
[2024-12-14T21:34:56.215-0800] {processor.py:925} INFO - DAG(s) 'example_branch_labels' retrieved from /Users/rishukhurana/anaconda3/lib/python3.11/site-packages/airflow/example_dags/example_branch_labels.py
[2024-12-14T21:34:56.297-0800] {logging_mixin.py:190} INFO - [2024-12-14T21:34:56.297-0800] {dag.py:3239} INFO - Sync 1 DAGs
[2024-12-14T21:34:56.313-0800] {logging_mixin.py:190} INFO - [2024-12-14T21:34:56.313-0800] {dag.py:4180} INFO - Setting next_dagrun for example_branch_labels to 2024-12-14 00:00:00+00:00, run_after=2024-12-15 00:00:00+00:00
[2024-12-14T21:34:56.330-0800] {processor.py:208} INFO - Processing /Users/rishukhurana/anaconda3/lib/python3.11/site-packages/airflow/example_dags/example_branch_labels.py took 0.135 seconds
[2024-12-14T21:40:57.341-0800] {processor.py:186} INFO - Started process (PID=30175) to work on /Users/rishukhurana/anaconda3/lib/python3.11/site-packages/airflow/example_dags/example_branch_labels.py
[2024-12-14T21:40:57.343-0800] {processor.py:914} INFO - Processing file /Users/rishukhurana/anaconda3/lib/python3.11/site-packages/airflow/example_dags/example_branch_labels.py for tasks to queue
[2024-12-14T21:40:57.344-0800] {logging_mixin.py:190} INFO - [2024-12-14T21:40:57.344-0800] {dagbag.py:588} INFO - Filling up the DagBag from /Users/rishukhurana/anaconda3/lib/python3.11/site-packages/airflow/example_dags/example_branch_labels.py
[2024-12-14T21:40:57.354-0800] {processor.py:925} INFO - DAG(s) 'example_branch_labels' retrieved from /Users/rishukhurana/anaconda3/lib/python3.11/site-packages/airflow/example_dags/example_branch_labels.py
[2024-12-14T21:40:57.436-0800] {logging_mixin.py:190} INFO - [2024-12-14T21:40:57.436-0800] {dag.py:3239} INFO - Sync 1 DAGs
[2024-12-14T21:40:57.452-0800] {logging_mixin.py:190} INFO - [2024-12-14T21:40:57.451-0800] {dag.py:4180} INFO - Setting next_dagrun for example_branch_labels to 2024-12-14 00:00:00+00:00, run_after=2024-12-15 00:00:00+00:00
[2024-12-14T21:40:57.472-0800] {processor.py:208} INFO - Processing /Users/rishukhurana/anaconda3/lib/python3.11/site-packages/airflow/example_dags/example_branch_labels.py took 0.137 seconds
[2024-12-14T21:46:44.925-0800] {processor.py:186} INFO - Started process (PID=30473) to work on /Users/rishukhurana/anaconda3/lib/python3.11/site-packages/airflow/example_dags/example_branch_labels.py
[2024-12-14T21:46:44.926-0800] {processor.py:914} INFO - Processing file /Users/rishukhurana/anaconda3/lib/python3.11/site-packages/airflow/example_dags/example_branch_labels.py for tasks to queue
[2024-12-14T21:46:44.928-0800] {logging_mixin.py:190} INFO - [2024-12-14T21:46:44.928-0800] {dagbag.py:588} INFO - Filling up the DagBag from /Users/rishukhurana/anaconda3/lib/python3.11/site-packages/airflow/example_dags/example_branch_labels.py
[2024-12-14T21:46:44.939-0800] {processor.py:925} INFO - DAG(s) 'example_branch_labels' retrieved from /Users/rishukhurana/anaconda3/lib/python3.11/site-packages/airflow/example_dags/example_branch_labels.py
[2024-12-14T21:46:45.046-0800] {logging_mixin.py:190} INFO - [2024-12-14T21:46:45.046-0800] {dag.py:3239} INFO - Sync 1 DAGs
[2024-12-14T21:46:45.065-0800] {logging_mixin.py:190} INFO - [2024-12-14T21:46:45.065-0800] {dag.py:4180} INFO - Setting next_dagrun for example_branch_labels to 2024-12-14 00:00:00+00:00, run_after=2024-12-15 00:00:00+00:00
[2024-12-14T21:46:45.084-0800] {processor.py:208} INFO - Processing /Users/rishukhurana/anaconda3/lib/python3.11/site-packages/airflow/example_dags/example_branch_labels.py took 0.164 seconds
[2024-12-14T21:52:37.541-0800] {processor.py:186} INFO - Started process (PID=30800) to work on /Users/rishukhurana/anaconda3/lib/python3.11/site-packages/airflow/example_dags/example_branch_labels.py
[2024-12-14T21:52:37.544-0800] {processor.py:914} INFO - Processing file /Users/rishukhurana/anaconda3/lib/python3.11/site-packages/airflow/example_dags/example_branch_labels.py for tasks to queue
[2024-12-14T21:52:37.545-0800] {logging_mixin.py:190} INFO - [2024-12-14T21:52:37.545-0800] {dagbag.py:588} INFO - Filling up the DagBag from /Users/rishukhurana/anaconda3/lib/python3.11/site-packages/airflow/example_dags/example_branch_labels.py
[2024-12-14T21:52:37.554-0800] {processor.py:925} INFO - DAG(s) 'example_branch_labels' retrieved from /Users/rishukhurana/anaconda3/lib/python3.11/site-packages/airflow/example_dags/example_branch_labels.py
[2024-12-14T21:52:37.636-0800] {logging_mixin.py:190} INFO - [2024-12-14T21:52:37.636-0800] {dag.py:3239} INFO - Sync 1 DAGs
[2024-12-14T21:52:37.653-0800] {logging_mixin.py:190} INFO - [2024-12-14T21:52:37.653-0800] {dag.py:4180} INFO - Setting next_dagrun for example_branch_labels to 2024-12-14 00:00:00+00:00, run_after=2024-12-15 00:00:00+00:00
[2024-12-14T21:52:37.667-0800] {processor.py:208} INFO - Processing /Users/rishukhurana/anaconda3/lib/python3.11/site-packages/airflow/example_dags/example_branch_labels.py took 0.131 seconds
[2024-12-14T22:43:00.162-0800] {processor.py:186} INFO - Started process (PID=31126) to work on /Users/rishukhurana/anaconda3/lib/python3.11/site-packages/airflow/example_dags/example_branch_labels.py
[2024-12-14T22:43:00.164-0800] {processor.py:914} INFO - Processing file /Users/rishukhurana/anaconda3/lib/python3.11/site-packages/airflow/example_dags/example_branch_labels.py for tasks to queue
[2024-12-14T22:43:00.165-0800] {logging_mixin.py:190} INFO - [2024-12-14T22:43:00.165-0800] {dagbag.py:588} INFO - Filling up the DagBag from /Users/rishukhurana/anaconda3/lib/python3.11/site-packages/airflow/example_dags/example_branch_labels.py
[2024-12-14T22:43:00.176-0800] {processor.py:925} INFO - DAG(s) 'example_branch_labels' retrieved from /Users/rishukhurana/anaconda3/lib/python3.11/site-packages/airflow/example_dags/example_branch_labels.py
[2024-12-14T22:43:00.261-0800] {logging_mixin.py:190} INFO - [2024-12-14T22:43:00.260-0800] {dag.py:3239} INFO - Sync 1 DAGs
[2024-12-14T22:43:00.277-0800] {logging_mixin.py:190} INFO - [2024-12-14T22:43:00.277-0800] {dag.py:4180} INFO - Setting next_dagrun for example_branch_labels to 2024-12-14 00:00:00+00:00, run_after=2024-12-15 00:00:00+00:00
[2024-12-14T22:43:00.293-0800] {processor.py:208} INFO - Processing /Users/rishukhurana/anaconda3/lib/python3.11/site-packages/airflow/example_dags/example_branch_labels.py took 0.137 seconds
[2024-12-14T22:49:11.019-0800] {processor.py:186} INFO - Started process (PID=31421) to work on /Users/rishukhurana/anaconda3/lib/python3.11/site-packages/airflow/example_dags/example_branch_labels.py
[2024-12-14T22:49:11.022-0800] {processor.py:914} INFO - Processing file /Users/rishukhurana/anaconda3/lib/python3.11/site-packages/airflow/example_dags/example_branch_labels.py for tasks to queue
[2024-12-14T22:49:11.023-0800] {logging_mixin.py:190} INFO - [2024-12-14T22:49:11.023-0800] {dagbag.py:588} INFO - Filling up the DagBag from /Users/rishukhurana/anaconda3/lib/python3.11/site-packages/airflow/example_dags/example_branch_labels.py
[2024-12-14T22:49:11.031-0800] {processor.py:925} INFO - DAG(s) 'example_branch_labels' retrieved from /Users/rishukhurana/anaconda3/lib/python3.11/site-packages/airflow/example_dags/example_branch_labels.py
[2024-12-14T22:49:11.111-0800] {logging_mixin.py:190} INFO - [2024-12-14T22:49:11.111-0800] {dag.py:3239} INFO - Sync 1 DAGs
[2024-12-14T22:49:11.126-0800] {logging_mixin.py:190} INFO - [2024-12-14T22:49:11.126-0800] {dag.py:4180} INFO - Setting next_dagrun for example_branch_labels to 2024-12-14 00:00:00+00:00, run_after=2024-12-15 00:00:00+00:00
[2024-12-14T22:49:11.146-0800] {processor.py:208} INFO - Processing /Users/rishukhurana/anaconda3/lib/python3.11/site-packages/airflow/example_dags/example_branch_labels.py took 0.132 seconds
[2024-12-15T00:27:44.469-0800] {processor.py:186} INFO - Started process (PID=31838) to work on /Users/rishukhurana/anaconda3/lib/python3.11/site-packages/airflow/example_dags/example_branch_labels.py
[2024-12-15T00:27:44.472-0800] {processor.py:914} INFO - Processing file /Users/rishukhurana/anaconda3/lib/python3.11/site-packages/airflow/example_dags/example_branch_labels.py for tasks to queue
[2024-12-15T00:27:44.473-0800] {logging_mixin.py:190} INFO - [2024-12-15T00:27:44.473-0800] {dagbag.py:588} INFO - Filling up the DagBag from /Users/rishukhurana/anaconda3/lib/python3.11/site-packages/airflow/example_dags/example_branch_labels.py
[2024-12-15T00:27:44.482-0800] {processor.py:925} INFO - DAG(s) 'example_branch_labels' retrieved from /Users/rishukhurana/anaconda3/lib/python3.11/site-packages/airflow/example_dags/example_branch_labels.py
[2024-12-15T00:27:44.573-0800] {logging_mixin.py:190} INFO - [2024-12-15T00:27:44.572-0800] {dag.py:3239} INFO - Sync 1 DAGs
[2024-12-15T00:27:44.590-0800] {logging_mixin.py:190} INFO - [2024-12-15T00:27:44.589-0800] {dag.py:4180} INFO - Setting next_dagrun for example_branch_labels to 2024-12-14 00:00:00+00:00, run_after=2024-12-15 00:00:00+00:00
[2024-12-15T00:27:44.605-0800] {processor.py:208} INFO - Processing /Users/rishukhurana/anaconda3/lib/python3.11/site-packages/airflow/example_dags/example_branch_labels.py took 0.141 seconds
[2024-12-15T00:33:50.440-0800] {processor.py:186} INFO - Started process (PID=32140) to work on /Users/rishukhurana/anaconda3/lib/python3.11/site-packages/airflow/example_dags/example_branch_labels.py
[2024-12-15T00:33:50.443-0800] {processor.py:914} INFO - Processing file /Users/rishukhurana/anaconda3/lib/python3.11/site-packages/airflow/example_dags/example_branch_labels.py for tasks to queue
[2024-12-15T00:33:50.444-0800] {logging_mixin.py:190} INFO - [2024-12-15T00:33:50.444-0800] {dagbag.py:588} INFO - Filling up the DagBag from /Users/rishukhurana/anaconda3/lib/python3.11/site-packages/airflow/example_dags/example_branch_labels.py
[2024-12-15T00:33:50.452-0800] {processor.py:925} INFO - DAG(s) 'example_branch_labels' retrieved from /Users/rishukhurana/anaconda3/lib/python3.11/site-packages/airflow/example_dags/example_branch_labels.py
[2024-12-15T00:33:50.532-0800] {logging_mixin.py:190} INFO - [2024-12-15T00:33:50.531-0800] {dag.py:3239} INFO - Sync 1 DAGs
[2024-12-15T00:33:50.547-0800] {logging_mixin.py:190} INFO - [2024-12-15T00:33:50.547-0800] {dag.py:4180} INFO - Setting next_dagrun for example_branch_labels to 2024-12-14 00:00:00+00:00, run_after=2024-12-15 00:00:00+00:00
[2024-12-15T00:33:50.566-0800] {processor.py:208} INFO - Processing /Users/rishukhurana/anaconda3/lib/python3.11/site-packages/airflow/example_dags/example_branch_labels.py took 0.133 seconds
[2024-12-15T01:06:03.676-0800] {processor.py:186} INFO - Started process (PID=32485) to work on /Users/rishukhurana/anaconda3/lib/python3.11/site-packages/airflow/example_dags/example_branch_labels.py
[2024-12-15T01:06:03.678-0800] {processor.py:914} INFO - Processing file /Users/rishukhurana/anaconda3/lib/python3.11/site-packages/airflow/example_dags/example_branch_labels.py for tasks to queue
[2024-12-15T01:06:03.679-0800] {logging_mixin.py:190} INFO - [2024-12-15T01:06:03.679-0800] {dagbag.py:588} INFO - Filling up the DagBag from /Users/rishukhurana/anaconda3/lib/python3.11/site-packages/airflow/example_dags/example_branch_labels.py
[2024-12-15T01:06:03.689-0800] {processor.py:925} INFO - DAG(s) 'example_branch_labels' retrieved from /Users/rishukhurana/anaconda3/lib/python3.11/site-packages/airflow/example_dags/example_branch_labels.py
[2024-12-15T01:06:03.775-0800] {logging_mixin.py:190} INFO - [2024-12-15T01:06:03.775-0800] {dag.py:3239} INFO - Sync 1 DAGs
[2024-12-15T01:06:03.791-0800] {logging_mixin.py:190} INFO - [2024-12-15T01:06:03.791-0800] {dag.py:4180} INFO - Setting next_dagrun for example_branch_labels to 2024-12-14 00:00:00+00:00, run_after=2024-12-15 00:00:00+00:00
[2024-12-15T01:06:03.805-0800] {processor.py:208} INFO - Processing /Users/rishukhurana/anaconda3/lib/python3.11/site-packages/airflow/example_dags/example_branch_labels.py took 0.135 seconds
[2024-12-15T01:42:31.588-0800] {processor.py:186} INFO - Started process (PID=32870) to work on /Users/rishukhurana/anaconda3/lib/python3.11/site-packages/airflow/example_dags/example_branch_labels.py
[2024-12-15T01:42:31.591-0800] {processor.py:914} INFO - Processing file /Users/rishukhurana/anaconda3/lib/python3.11/site-packages/airflow/example_dags/example_branch_labels.py for tasks to queue
[2024-12-15T01:42:31.592-0800] {logging_mixin.py:190} INFO - [2024-12-15T01:42:31.592-0800] {dagbag.py:588} INFO - Filling up the DagBag from /Users/rishukhurana/anaconda3/lib/python3.11/site-packages/airflow/example_dags/example_branch_labels.py
[2024-12-15T01:42:31.604-0800] {processor.py:925} INFO - DAG(s) 'example_branch_labels' retrieved from /Users/rishukhurana/anaconda3/lib/python3.11/site-packages/airflow/example_dags/example_branch_labels.py
[2024-12-15T01:42:31.706-0800] {logging_mixin.py:190} INFO - [2024-12-15T01:42:31.706-0800] {dag.py:3239} INFO - Sync 1 DAGs
[2024-12-15T01:42:31.725-0800] {logging_mixin.py:190} INFO - [2024-12-15T01:42:31.725-0800] {dag.py:4180} INFO - Setting next_dagrun for example_branch_labels to 2024-12-14 00:00:00+00:00, run_after=2024-12-15 00:00:00+00:00
[2024-12-15T01:42:31.755-0800] {processor.py:208} INFO - Processing /Users/rishukhurana/anaconda3/lib/python3.11/site-packages/airflow/example_dags/example_branch_labels.py took 0.174 seconds
[2024-12-15T01:53:20.916-0800] {processor.py:186} INFO - Started process (PID=33242) to work on /Users/rishukhurana/anaconda3/lib/python3.11/site-packages/airflow/example_dags/example_branch_labels.py
[2024-12-15T01:53:20.918-0800] {processor.py:914} INFO - Processing file /Users/rishukhurana/anaconda3/lib/python3.11/site-packages/airflow/example_dags/example_branch_labels.py for tasks to queue
[2024-12-15T01:53:20.919-0800] {logging_mixin.py:190} INFO - [2024-12-15T01:53:20.919-0800] {dagbag.py:588} INFO - Filling up the DagBag from /Users/rishukhurana/anaconda3/lib/python3.11/site-packages/airflow/example_dags/example_branch_labels.py
[2024-12-15T01:53:20.929-0800] {processor.py:925} INFO - DAG(s) 'example_branch_labels' retrieved from /Users/rishukhurana/anaconda3/lib/python3.11/site-packages/airflow/example_dags/example_branch_labels.py
[2024-12-15T01:53:21.016-0800] {logging_mixin.py:190} INFO - [2024-12-15T01:53:21.016-0800] {dag.py:3239} INFO - Sync 1 DAGs
[2024-12-15T01:53:21.034-0800] {logging_mixin.py:190} INFO - [2024-12-15T01:53:21.033-0800] {dag.py:4180} INFO - Setting next_dagrun for example_branch_labels to 2024-12-14 00:00:00+00:00, run_after=2024-12-15 00:00:00+00:00
[2024-12-15T01:53:21.049-0800] {processor.py:208} INFO - Processing /Users/rishukhurana/anaconda3/lib/python3.11/site-packages/airflow/example_dags/example_branch_labels.py took 0.138 seconds
[2024-12-15T01:59:30.771-0800] {processor.py:186} INFO - Started process (PID=33566) to work on /Users/rishukhurana/anaconda3/lib/python3.11/site-packages/airflow/example_dags/example_branch_labels.py
[2024-12-15T01:59:30.774-0800] {processor.py:914} INFO - Processing file /Users/rishukhurana/anaconda3/lib/python3.11/site-packages/airflow/example_dags/example_branch_labels.py for tasks to queue
[2024-12-15T01:59:30.775-0800] {logging_mixin.py:190} INFO - [2024-12-15T01:59:30.775-0800] {dagbag.py:588} INFO - Filling up the DagBag from /Users/rishukhurana/anaconda3/lib/python3.11/site-packages/airflow/example_dags/example_branch_labels.py
[2024-12-15T01:59:30.785-0800] {processor.py:925} INFO - DAG(s) 'example_branch_labels' retrieved from /Users/rishukhurana/anaconda3/lib/python3.11/site-packages/airflow/example_dags/example_branch_labels.py
[2024-12-15T01:59:30.874-0800] {logging_mixin.py:190} INFO - [2024-12-15T01:59:30.873-0800] {dag.py:3239} INFO - Sync 1 DAGs
[2024-12-15T01:59:30.891-0800] {logging_mixin.py:190} INFO - [2024-12-15T01:59:30.890-0800] {dag.py:4180} INFO - Setting next_dagrun for example_branch_labels to 2024-12-14 00:00:00+00:00, run_after=2024-12-15 00:00:00+00:00
[2024-12-15T01:59:30.905-0800] {processor.py:208} INFO - Processing /Users/rishukhurana/anaconda3/lib/python3.11/site-packages/airflow/example_dags/example_branch_labels.py took 0.141 seconds
[2024-12-15T02:05:33.777-0800] {processor.py:186} INFO - Started process (PID=33857) to work on /Users/rishukhurana/anaconda3/lib/python3.11/site-packages/airflow/example_dags/example_branch_labels.py
[2024-12-15T02:05:33.779-0800] {processor.py:914} INFO - Processing file /Users/rishukhurana/anaconda3/lib/python3.11/site-packages/airflow/example_dags/example_branch_labels.py for tasks to queue
[2024-12-15T02:05:33.780-0800] {logging_mixin.py:190} INFO - [2024-12-15T02:05:33.780-0800] {dagbag.py:588} INFO - Filling up the DagBag from /Users/rishukhurana/anaconda3/lib/python3.11/site-packages/airflow/example_dags/example_branch_labels.py
[2024-12-15T02:05:33.790-0800] {processor.py:925} INFO - DAG(s) 'example_branch_labels' retrieved from /Users/rishukhurana/anaconda3/lib/python3.11/site-packages/airflow/example_dags/example_branch_labels.py
[2024-12-15T02:05:33.882-0800] {logging_mixin.py:190} INFO - [2024-12-15T02:05:33.881-0800] {dag.py:3239} INFO - Sync 1 DAGs
[2024-12-15T02:05:33.898-0800] {logging_mixin.py:190} INFO - [2024-12-15T02:05:33.898-0800] {dag.py:4180} INFO - Setting next_dagrun for example_branch_labels to 2024-12-14 00:00:00+00:00, run_after=2024-12-15 00:00:00+00:00
[2024-12-15T02:05:33.913-0800] {processor.py:208} INFO - Processing /Users/rishukhurana/anaconda3/lib/python3.11/site-packages/airflow/example_dags/example_branch_labels.py took 0.142 seconds
[2024-12-15T02:11:38.022-0800] {processor.py:186} INFO - Started process (PID=34153) to work on /Users/rishukhurana/anaconda3/lib/python3.11/site-packages/airflow/example_dags/example_branch_labels.py
[2024-12-15T02:11:38.025-0800] {processor.py:914} INFO - Processing file /Users/rishukhurana/anaconda3/lib/python3.11/site-packages/airflow/example_dags/example_branch_labels.py for tasks to queue
[2024-12-15T02:11:38.026-0800] {logging_mixin.py:190} INFO - [2024-12-15T02:11:38.025-0800] {dagbag.py:588} INFO - Filling up the DagBag from /Users/rishukhurana/anaconda3/lib/python3.11/site-packages/airflow/example_dags/example_branch_labels.py
[2024-12-15T02:11:38.035-0800] {processor.py:925} INFO - DAG(s) 'example_branch_labels' retrieved from /Users/rishukhurana/anaconda3/lib/python3.11/site-packages/airflow/example_dags/example_branch_labels.py
[2024-12-15T02:11:38.126-0800] {logging_mixin.py:190} INFO - [2024-12-15T02:11:38.125-0800] {dag.py:3239} INFO - Sync 1 DAGs
[2024-12-15T02:11:38.142-0800] {logging_mixin.py:190} INFO - [2024-12-15T02:11:38.142-0800] {dag.py:4180} INFO - Setting next_dagrun for example_branch_labels to 2024-12-14 00:00:00+00:00, run_after=2024-12-15 00:00:00+00:00
[2024-12-15T02:11:38.161-0800] {processor.py:208} INFO - Processing /Users/rishukhurana/anaconda3/lib/python3.11/site-packages/airflow/example_dags/example_branch_labels.py took 0.143 seconds
[2024-12-15T02:17:43.755-0800] {processor.py:186} INFO - Started process (PID=34444) to work on /Users/rishukhurana/anaconda3/lib/python3.11/site-packages/airflow/example_dags/example_branch_labels.py
[2024-12-15T02:17:43.756-0800] {processor.py:914} INFO - Processing file /Users/rishukhurana/anaconda3/lib/python3.11/site-packages/airflow/example_dags/example_branch_labels.py for tasks to queue
[2024-12-15T02:17:43.757-0800] {logging_mixin.py:190} INFO - [2024-12-15T02:17:43.757-0800] {dagbag.py:588} INFO - Filling up the DagBag from /Users/rishukhurana/anaconda3/lib/python3.11/site-packages/airflow/example_dags/example_branch_labels.py
[2024-12-15T02:17:43.765-0800] {processor.py:925} INFO - DAG(s) 'example_branch_labels' retrieved from /Users/rishukhurana/anaconda3/lib/python3.11/site-packages/airflow/example_dags/example_branch_labels.py
[2024-12-15T02:17:43.853-0800] {logging_mixin.py:190} INFO - [2024-12-15T02:17:43.853-0800] {dag.py:3239} INFO - Sync 1 DAGs
[2024-12-15T02:17:43.871-0800] {logging_mixin.py:190} INFO - [2024-12-15T02:17:43.871-0800] {dag.py:4180} INFO - Setting next_dagrun for example_branch_labels to 2024-12-14 00:00:00+00:00, run_after=2024-12-15 00:00:00+00:00
[2024-12-15T02:17:43.887-0800] {processor.py:208} INFO - Processing /Users/rishukhurana/anaconda3/lib/python3.11/site-packages/airflow/example_dags/example_branch_labels.py took 0.138 seconds
[2024-12-15T02:24:07.724-0800] {processor.py:186} INFO - Started process (PID=34739) to work on /Users/rishukhurana/anaconda3/lib/python3.11/site-packages/airflow/example_dags/example_branch_labels.py
[2024-12-15T02:24:07.727-0800] {processor.py:914} INFO - Processing file /Users/rishukhurana/anaconda3/lib/python3.11/site-packages/airflow/example_dags/example_branch_labels.py for tasks to queue
[2024-12-15T02:24:07.728-0800] {logging_mixin.py:190} INFO - [2024-12-15T02:24:07.728-0800] {dagbag.py:588} INFO - Filling up the DagBag from /Users/rishukhurana/anaconda3/lib/python3.11/site-packages/airflow/example_dags/example_branch_labels.py
[2024-12-15T02:24:07.738-0800] {processor.py:925} INFO - DAG(s) 'example_branch_labels' retrieved from /Users/rishukhurana/anaconda3/lib/python3.11/site-packages/airflow/example_dags/example_branch_labels.py
[2024-12-15T02:24:07.837-0800] {logging_mixin.py:190} INFO - [2024-12-15T02:24:07.837-0800] {dag.py:3239} INFO - Sync 1 DAGs
[2024-12-15T02:24:07.855-0800] {logging_mixin.py:190} INFO - [2024-12-15T02:24:07.855-0800] {dag.py:4180} INFO - Setting next_dagrun for example_branch_labels to 2024-12-14 00:00:00+00:00, run_after=2024-12-15 00:00:00+00:00
[2024-12-15T02:24:07.872-0800] {processor.py:208} INFO - Processing /Users/rishukhurana/anaconda3/lib/python3.11/site-packages/airflow/example_dags/example_branch_labels.py took 0.154 seconds
[2024-12-15T02:32:53.678-0800] {processor.py:186} INFO - Started process (PID=35053) to work on /Users/rishukhurana/anaconda3/lib/python3.11/site-packages/airflow/example_dags/example_branch_labels.py
[2024-12-15T02:32:53.680-0800] {processor.py:914} INFO - Processing file /Users/rishukhurana/anaconda3/lib/python3.11/site-packages/airflow/example_dags/example_branch_labels.py for tasks to queue
[2024-12-15T02:32:53.682-0800] {logging_mixin.py:190} INFO - [2024-12-15T02:32:53.682-0800] {dagbag.py:588} INFO - Filling up the DagBag from /Users/rishukhurana/anaconda3/lib/python3.11/site-packages/airflow/example_dags/example_branch_labels.py
[2024-12-15T02:32:53.690-0800] {processor.py:925} INFO - DAG(s) 'example_branch_labels' retrieved from /Users/rishukhurana/anaconda3/lib/python3.11/site-packages/airflow/example_dags/example_branch_labels.py
[2024-12-15T02:32:53.771-0800] {logging_mixin.py:190} INFO - [2024-12-15T02:32:53.771-0800] {dag.py:3239} INFO - Sync 1 DAGs
[2024-12-15T02:32:53.787-0800] {logging_mixin.py:190} INFO - [2024-12-15T02:32:53.787-0800] {dag.py:4180} INFO - Setting next_dagrun for example_branch_labels to 2024-12-14 00:00:00+00:00, run_after=2024-12-15 00:00:00+00:00
[2024-12-15T02:32:53.801-0800] {processor.py:208} INFO - Processing /Users/rishukhurana/anaconda3/lib/python3.11/site-packages/airflow/example_dags/example_branch_labels.py took 0.128 seconds
[2024-12-15T03:31:37.154-0800] {processor.py:186} INFO - Started process (PID=35480) to work on /Users/rishukhurana/anaconda3/lib/python3.11/site-packages/airflow/example_dags/example_branch_labels.py
[2024-12-15T03:31:37.156-0800] {processor.py:914} INFO - Processing file /Users/rishukhurana/anaconda3/lib/python3.11/site-packages/airflow/example_dags/example_branch_labels.py for tasks to queue
[2024-12-15T03:31:37.158-0800] {logging_mixin.py:190} INFO - [2024-12-15T03:31:37.158-0800] {dagbag.py:588} INFO - Filling up the DagBag from /Users/rishukhurana/anaconda3/lib/python3.11/site-packages/airflow/example_dags/example_branch_labels.py
[2024-12-15T03:31:37.168-0800] {processor.py:925} INFO - DAG(s) 'example_branch_labels' retrieved from /Users/rishukhurana/anaconda3/lib/python3.11/site-packages/airflow/example_dags/example_branch_labels.py
[2024-12-15T03:31:37.254-0800] {logging_mixin.py:190} INFO - [2024-12-15T03:31:37.254-0800] {dag.py:3239} INFO - Sync 1 DAGs
[2024-12-15T03:31:37.271-0800] {logging_mixin.py:190} INFO - [2024-12-15T03:31:37.271-0800] {dag.py:4180} INFO - Setting next_dagrun for example_branch_labels to 2024-12-14 00:00:00+00:00, run_after=2024-12-15 00:00:00+00:00
[2024-12-15T03:31:37.288-0800] {processor.py:208} INFO - Processing /Users/rishukhurana/anaconda3/lib/python3.11/site-packages/airflow/example_dags/example_branch_labels.py took 0.138 seconds
[2024-12-15T03:37:42.931-0800] {processor.py:186} INFO - Started process (PID=35822) to work on /Users/rishukhurana/anaconda3/lib/python3.11/site-packages/airflow/example_dags/example_branch_labels.py
[2024-12-15T03:37:42.934-0800] {processor.py:914} INFO - Processing file /Users/rishukhurana/anaconda3/lib/python3.11/site-packages/airflow/example_dags/example_branch_labels.py for tasks to queue
[2024-12-15T03:37:42.935-0800] {logging_mixin.py:190} INFO - [2024-12-15T03:37:42.935-0800] {dagbag.py:588} INFO - Filling up the DagBag from /Users/rishukhurana/anaconda3/lib/python3.11/site-packages/airflow/example_dags/example_branch_labels.py
[2024-12-15T03:37:42.946-0800] {processor.py:925} INFO - DAG(s) 'example_branch_labels' retrieved from /Users/rishukhurana/anaconda3/lib/python3.11/site-packages/airflow/example_dags/example_branch_labels.py
[2024-12-15T03:37:43.034-0800] {logging_mixin.py:190} INFO - [2024-12-15T03:37:43.034-0800] {dag.py:3239} INFO - Sync 1 DAGs
[2024-12-15T03:37:43.050-0800] {logging_mixin.py:190} INFO - [2024-12-15T03:37:43.050-0800] {dag.py:4180} INFO - Setting next_dagrun for example_branch_labels to 2024-12-14 00:00:00+00:00, run_after=2024-12-15 00:00:00+00:00
[2024-12-15T03:37:43.067-0800] {processor.py:208} INFO - Processing /Users/rishukhurana/anaconda3/lib/python3.11/site-packages/airflow/example_dags/example_branch_labels.py took 0.140 seconds
[2024-12-15T03:43:47.100-0800] {processor.py:186} INFO - Started process (PID=36116) to work on /Users/rishukhurana/anaconda3/lib/python3.11/site-packages/airflow/example_dags/example_branch_labels.py
[2024-12-15T03:43:47.102-0800] {processor.py:914} INFO - Processing file /Users/rishukhurana/anaconda3/lib/python3.11/site-packages/airflow/example_dags/example_branch_labels.py for tasks to queue
[2024-12-15T03:43:47.104-0800] {logging_mixin.py:190} INFO - [2024-12-15T03:43:47.103-0800] {dagbag.py:588} INFO - Filling up the DagBag from /Users/rishukhurana/anaconda3/lib/python3.11/site-packages/airflow/example_dags/example_branch_labels.py
[2024-12-15T03:43:47.114-0800] {processor.py:925} INFO - DAG(s) 'example_branch_labels' retrieved from /Users/rishukhurana/anaconda3/lib/python3.11/site-packages/airflow/example_dags/example_branch_labels.py
[2024-12-15T03:43:47.195-0800] {logging_mixin.py:190} INFO - [2024-12-15T03:43:47.195-0800] {dag.py:3239} INFO - Sync 1 DAGs
[2024-12-15T03:43:47.211-0800] {logging_mixin.py:190} INFO - [2024-12-15T03:43:47.210-0800] {dag.py:4180} INFO - Setting next_dagrun for example_branch_labels to 2024-12-14 00:00:00+00:00, run_after=2024-12-15 00:00:00+00:00
[2024-12-15T03:43:47.226-0800] {processor.py:208} INFO - Processing /Users/rishukhurana/anaconda3/lib/python3.11/site-packages/airflow/example_dags/example_branch_labels.py took 0.131 seconds
[2024-12-15T03:51:06.201-0800] {processor.py:186} INFO - Started process (PID=36418) to work on /Users/rishukhurana/anaconda3/lib/python3.11/site-packages/airflow/example_dags/example_branch_labels.py
[2024-12-15T03:51:06.204-0800] {processor.py:914} INFO - Processing file /Users/rishukhurana/anaconda3/lib/python3.11/site-packages/airflow/example_dags/example_branch_labels.py for tasks to queue
[2024-12-15T03:51:06.206-0800] {logging_mixin.py:190} INFO - [2024-12-15T03:51:06.205-0800] {dagbag.py:588} INFO - Filling up the DagBag from /Users/rishukhurana/anaconda3/lib/python3.11/site-packages/airflow/example_dags/example_branch_labels.py
[2024-12-15T03:51:06.216-0800] {processor.py:925} INFO - DAG(s) 'example_branch_labels' retrieved from /Users/rishukhurana/anaconda3/lib/python3.11/site-packages/airflow/example_dags/example_branch_labels.py
[2024-12-15T03:51:06.315-0800] {logging_mixin.py:190} INFO - [2024-12-15T03:51:06.315-0800] {dag.py:3239} INFO - Sync 1 DAGs
[2024-12-15T03:51:06.333-0800] {logging_mixin.py:190} INFO - [2024-12-15T03:51:06.333-0800] {dag.py:4180} INFO - Setting next_dagrun for example_branch_labels to 2024-12-14 00:00:00+00:00, run_after=2024-12-15 00:00:00+00:00
[2024-12-15T03:51:06.351-0800] {processor.py:208} INFO - Processing /Users/rishukhurana/anaconda3/lib/python3.11/site-packages/airflow/example_dags/example_branch_labels.py took 0.155 seconds
[2024-12-15T04:54:45.783-0800] {processor.py:186} INFO - Started process (PID=36773) to work on /Users/rishukhurana/anaconda3/lib/python3.11/site-packages/airflow/example_dags/example_branch_labels.py
[2024-12-15T04:54:45.786-0800] {processor.py:914} INFO - Processing file /Users/rishukhurana/anaconda3/lib/python3.11/site-packages/airflow/example_dags/example_branch_labels.py for tasks to queue
[2024-12-15T04:54:45.787-0800] {logging_mixin.py:190} INFO - [2024-12-15T04:54:45.787-0800] {dagbag.py:588} INFO - Filling up the DagBag from /Users/rishukhurana/anaconda3/lib/python3.11/site-packages/airflow/example_dags/example_branch_labels.py
[2024-12-15T04:54:45.794-0800] {processor.py:925} INFO - DAG(s) 'example_branch_labels' retrieved from /Users/rishukhurana/anaconda3/lib/python3.11/site-packages/airflow/example_dags/example_branch_labels.py
[2024-12-15T04:54:45.877-0800] {logging_mixin.py:190} INFO - [2024-12-15T04:54:45.877-0800] {dag.py:3239} INFO - Sync 1 DAGs
[2024-12-15T04:54:45.892-0800] {logging_mixin.py:190} INFO - [2024-12-15T04:54:45.892-0800] {dag.py:4180} INFO - Setting next_dagrun for example_branch_labels to 2024-12-14 00:00:00+00:00, run_after=2024-12-15 00:00:00+00:00
[2024-12-15T04:54:45.908-0800] {processor.py:208} INFO - Processing /Users/rishukhurana/anaconda3/lib/python3.11/site-packages/airflow/example_dags/example_branch_labels.py took 0.131 seconds
[2024-12-15T06:20:59.841-0800] {processor.py:186} INFO - Started process (PID=37028) to work on /Users/rishukhurana/anaconda3/lib/python3.11/site-packages/airflow/example_dags/example_branch_labels.py
[2024-12-15T06:20:59.842-0800] {processor.py:914} INFO - Processing file /Users/rishukhurana/anaconda3/lib/python3.11/site-packages/airflow/example_dags/example_branch_labels.py for tasks to queue
[2024-12-15T06:20:59.844-0800] {logging_mixin.py:190} INFO - [2024-12-15T06:20:59.844-0800] {dagbag.py:588} INFO - Filling up the DagBag from /Users/rishukhurana/anaconda3/lib/python3.11/site-packages/airflow/example_dags/example_branch_labels.py
[2024-12-15T06:20:59.861-0800] {processor.py:925} INFO - DAG(s) 'example_branch_labels' retrieved from /Users/rishukhurana/anaconda3/lib/python3.11/site-packages/airflow/example_dags/example_branch_labels.py
[2024-12-15T06:20:59.964-0800] {logging_mixin.py:190} INFO - [2024-12-15T06:20:59.964-0800] {dag.py:3239} INFO - Sync 1 DAGs
[2024-12-15T06:20:59.982-0800] {logging_mixin.py:190} INFO - [2024-12-15T06:20:59.981-0800] {dag.py:4180} INFO - Setting next_dagrun for example_branch_labels to 2024-12-14 00:00:00+00:00, run_after=2024-12-15 00:00:00+00:00
[2024-12-15T06:20:59.999-0800] {processor.py:208} INFO - Processing /Users/rishukhurana/anaconda3/lib/python3.11/site-packages/airflow/example_dags/example_branch_labels.py took 0.164 seconds
[2024-12-15T06:27:23.289-0800] {processor.py:186} INFO - Started process (PID=37339) to work on /Users/rishukhurana/anaconda3/lib/python3.11/site-packages/airflow/example_dags/example_branch_labels.py
[2024-12-15T06:27:23.291-0800] {processor.py:914} INFO - Processing file /Users/rishukhurana/anaconda3/lib/python3.11/site-packages/airflow/example_dags/example_branch_labels.py for tasks to queue
[2024-12-15T06:27:23.292-0800] {logging_mixin.py:190} INFO - [2024-12-15T06:27:23.292-0800] {dagbag.py:588} INFO - Filling up the DagBag from /Users/rishukhurana/anaconda3/lib/python3.11/site-packages/airflow/example_dags/example_branch_labels.py
[2024-12-15T06:27:23.300-0800] {processor.py:925} INFO - DAG(s) 'example_branch_labels' retrieved from /Users/rishukhurana/anaconda3/lib/python3.11/site-packages/airflow/example_dags/example_branch_labels.py
[2024-12-15T06:27:23.383-0800] {logging_mixin.py:190} INFO - [2024-12-15T06:27:23.383-0800] {dag.py:3239} INFO - Sync 1 DAGs
[2024-12-15T06:27:23.399-0800] {logging_mixin.py:190} INFO - [2024-12-15T06:27:23.398-0800] {dag.py:4180} INFO - Setting next_dagrun for example_branch_labels to 2024-12-14 00:00:00+00:00, run_after=2024-12-15 00:00:00+00:00
[2024-12-15T06:27:23.413-0800] {processor.py:208} INFO - Processing /Users/rishukhurana/anaconda3/lib/python3.11/site-packages/airflow/example_dags/example_branch_labels.py took 0.130 seconds
[2024-12-15T07:18:23.013-0800] {processor.py:186} INFO - Started process (PID=37768) to work on /Users/rishukhurana/anaconda3/lib/python3.11/site-packages/airflow/example_dags/example_branch_labels.py
[2024-12-15T07:18:23.015-0800] {processor.py:914} INFO - Processing file /Users/rishukhurana/anaconda3/lib/python3.11/site-packages/airflow/example_dags/example_branch_labels.py for tasks to queue
[2024-12-15T07:18:23.017-0800] {logging_mixin.py:190} INFO - [2024-12-15T07:18:23.017-0800] {dagbag.py:588} INFO - Filling up the DagBag from /Users/rishukhurana/anaconda3/lib/python3.11/site-packages/airflow/example_dags/example_branch_labels.py
[2024-12-15T07:18:23.025-0800] {processor.py:925} INFO - DAG(s) 'example_branch_labels' retrieved from /Users/rishukhurana/anaconda3/lib/python3.11/site-packages/airflow/example_dags/example_branch_labels.py
[2024-12-15T07:18:23.109-0800] {logging_mixin.py:190} INFO - [2024-12-15T07:18:23.109-0800] {dag.py:3239} INFO - Sync 1 DAGs
[2024-12-15T07:18:23.124-0800] {logging_mixin.py:190} INFO - [2024-12-15T07:18:23.124-0800] {dag.py:4180} INFO - Setting next_dagrun for example_branch_labels to 2024-12-14 00:00:00+00:00, run_after=2024-12-15 00:00:00+00:00
[2024-12-15T07:18:23.145-0800] {processor.py:208} INFO - Processing /Users/rishukhurana/anaconda3/lib/python3.11/site-packages/airflow/example_dags/example_branch_labels.py took 0.138 seconds
[2024-12-15T07:24:08.639-0800] {processor.py:186} INFO - Started process (PID=38070) to work on /Users/rishukhurana/anaconda3/lib/python3.11/site-packages/airflow/example_dags/example_branch_labels.py
[2024-12-15T07:24:08.641-0800] {processor.py:914} INFO - Processing file /Users/rishukhurana/anaconda3/lib/python3.11/site-packages/airflow/example_dags/example_branch_labels.py for tasks to queue
[2024-12-15T07:24:08.642-0800] {logging_mixin.py:190} INFO - [2024-12-15T07:24:08.642-0800] {dagbag.py:588} INFO - Filling up the DagBag from /Users/rishukhurana/anaconda3/lib/python3.11/site-packages/airflow/example_dags/example_branch_labels.py
[2024-12-15T07:24:08.651-0800] {processor.py:925} INFO - DAG(s) 'example_branch_labels' retrieved from /Users/rishukhurana/anaconda3/lib/python3.11/site-packages/airflow/example_dags/example_branch_labels.py
[2024-12-15T07:24:08.732-0800] {logging_mixin.py:190} INFO - [2024-12-15T07:24:08.732-0800] {dag.py:3239} INFO - Sync 1 DAGs
[2024-12-15T07:24:08.748-0800] {logging_mixin.py:190} INFO - [2024-12-15T07:24:08.748-0800] {dag.py:4180} INFO - Setting next_dagrun for example_branch_labels to 2024-12-14 00:00:00+00:00, run_after=2024-12-15 00:00:00+00:00
[2024-12-15T07:24:08.764-0800] {processor.py:208} INFO - Processing /Users/rishukhurana/anaconda3/lib/python3.11/site-packages/airflow/example_dags/example_branch_labels.py took 0.130 seconds
[2024-12-15T07:30:02.355-0800] {processor.py:186} INFO - Started process (PID=38355) to work on /Users/rishukhurana/anaconda3/lib/python3.11/site-packages/airflow/example_dags/example_branch_labels.py
[2024-12-15T07:30:02.358-0800] {processor.py:914} INFO - Processing file /Users/rishukhurana/anaconda3/lib/python3.11/site-packages/airflow/example_dags/example_branch_labels.py for tasks to queue
[2024-12-15T07:30:02.359-0800] {logging_mixin.py:190} INFO - [2024-12-15T07:30:02.359-0800] {dagbag.py:588} INFO - Filling up the DagBag from /Users/rishukhurana/anaconda3/lib/python3.11/site-packages/airflow/example_dags/example_branch_labels.py
[2024-12-15T07:30:02.370-0800] {processor.py:925} INFO - DAG(s) 'example_branch_labels' retrieved from /Users/rishukhurana/anaconda3/lib/python3.11/site-packages/airflow/example_dags/example_branch_labels.py
[2024-12-15T07:30:02.478-0800] {logging_mixin.py:190} INFO - [2024-12-15T07:30:02.477-0800] {dag.py:3239} INFO - Sync 1 DAGs
[2024-12-15T07:30:02.498-0800] {logging_mixin.py:190} INFO - [2024-12-15T07:30:02.498-0800] {dag.py:4180} INFO - Setting next_dagrun for example_branch_labels to 2024-12-14 00:00:00+00:00, run_after=2024-12-15 00:00:00+00:00
[2024-12-15T07:30:02.520-0800] {processor.py:208} INFO - Processing /Users/rishukhurana/anaconda3/lib/python3.11/site-packages/airflow/example_dags/example_branch_labels.py took 0.174 seconds
[2024-12-15T07:36:09.963-0800] {processor.py:186} INFO - Started process (PID=38646) to work on /Users/rishukhurana/anaconda3/lib/python3.11/site-packages/airflow/example_dags/example_branch_labels.py
[2024-12-15T07:36:09.965-0800] {processor.py:914} INFO - Processing file /Users/rishukhurana/anaconda3/lib/python3.11/site-packages/airflow/example_dags/example_branch_labels.py for tasks to queue
[2024-12-15T07:36:09.966-0800] {logging_mixin.py:190} INFO - [2024-12-15T07:36:09.966-0800] {dagbag.py:588} INFO - Filling up the DagBag from /Users/rishukhurana/anaconda3/lib/python3.11/site-packages/airflow/example_dags/example_branch_labels.py
[2024-12-15T07:36:09.974-0800] {processor.py:925} INFO - DAG(s) 'example_branch_labels' retrieved from /Users/rishukhurana/anaconda3/lib/python3.11/site-packages/airflow/example_dags/example_branch_labels.py
[2024-12-15T07:36:10.066-0800] {logging_mixin.py:190} INFO - [2024-12-15T07:36:10.065-0800] {dag.py:3239} INFO - Sync 1 DAGs
[2024-12-15T07:36:10.083-0800] {logging_mixin.py:190} INFO - [2024-12-15T07:36:10.083-0800] {dag.py:4180} INFO - Setting next_dagrun for example_branch_labels to 2024-12-14 00:00:00+00:00, run_after=2024-12-15 00:00:00+00:00
[2024-12-15T07:36:10.099-0800] {processor.py:208} INFO - Processing /Users/rishukhurana/anaconda3/lib/python3.11/site-packages/airflow/example_dags/example_branch_labels.py took 0.141 seconds
[2024-12-15T07:42:18.084-0800] {processor.py:186} INFO - Started process (PID=38936) to work on /Users/rishukhurana/anaconda3/lib/python3.11/site-packages/airflow/example_dags/example_branch_labels.py
[2024-12-15T07:42:18.087-0800] {processor.py:914} INFO - Processing file /Users/rishukhurana/anaconda3/lib/python3.11/site-packages/airflow/example_dags/example_branch_labels.py for tasks to queue
[2024-12-15T07:42:18.088-0800] {logging_mixin.py:190} INFO - [2024-12-15T07:42:18.087-0800] {dagbag.py:588} INFO - Filling up the DagBag from /Users/rishukhurana/anaconda3/lib/python3.11/site-packages/airflow/example_dags/example_branch_labels.py
[2024-12-15T07:42:18.096-0800] {processor.py:925} INFO - DAG(s) 'example_branch_labels' retrieved from /Users/rishukhurana/anaconda3/lib/python3.11/site-packages/airflow/example_dags/example_branch_labels.py
[2024-12-15T07:42:18.188-0800] {logging_mixin.py:190} INFO - [2024-12-15T07:42:18.187-0800] {dag.py:3239} INFO - Sync 1 DAGs
[2024-12-15T07:42:18.205-0800] {logging_mixin.py:190} INFO - [2024-12-15T07:42:18.205-0800] {dag.py:4180} INFO - Setting next_dagrun for example_branch_labels to 2024-12-14 00:00:00+00:00, run_after=2024-12-15 00:00:00+00:00
[2024-12-15T07:42:18.221-0800] {processor.py:208} INFO - Processing /Users/rishukhurana/anaconda3/lib/python3.11/site-packages/airflow/example_dags/example_branch_labels.py took 0.143 seconds
[2024-12-15T07:48:27.912-0800] {processor.py:186} INFO - Started process (PID=39228) to work on /Users/rishukhurana/anaconda3/lib/python3.11/site-packages/airflow/example_dags/example_branch_labels.py
[2024-12-15T07:48:27.915-0800] {processor.py:914} INFO - Processing file /Users/rishukhurana/anaconda3/lib/python3.11/site-packages/airflow/example_dags/example_branch_labels.py for tasks to queue
[2024-12-15T07:48:27.916-0800] {logging_mixin.py:190} INFO - [2024-12-15T07:48:27.916-0800] {dagbag.py:588} INFO - Filling up the DagBag from /Users/rishukhurana/anaconda3/lib/python3.11/site-packages/airflow/example_dags/example_branch_labels.py
[2024-12-15T07:48:27.925-0800] {processor.py:925} INFO - DAG(s) 'example_branch_labels' retrieved from /Users/rishukhurana/anaconda3/lib/python3.11/site-packages/airflow/example_dags/example_branch_labels.py
[2024-12-15T07:48:28.020-0800] {logging_mixin.py:190} INFO - [2024-12-15T07:48:28.020-0800] {dag.py:3239} INFO - Sync 1 DAGs
[2024-12-15T07:48:28.038-0800] {logging_mixin.py:190} INFO - [2024-12-15T07:48:28.038-0800] {dag.py:4180} INFO - Setting next_dagrun for example_branch_labels to 2024-12-14 00:00:00+00:00, run_after=2024-12-15 00:00:00+00:00
[2024-12-15T07:48:28.055-0800] {processor.py:208} INFO - Processing /Users/rishukhurana/anaconda3/lib/python3.11/site-packages/airflow/example_dags/example_branch_labels.py took 0.148 seconds
[2024-12-15T07:54:40.242-0800] {processor.py:186} INFO - Started process (PID=39548) to work on /Users/rishukhurana/anaconda3/lib/python3.11/site-packages/airflow/example_dags/example_branch_labels.py
[2024-12-15T07:54:40.244-0800] {processor.py:914} INFO - Processing file /Users/rishukhurana/anaconda3/lib/python3.11/site-packages/airflow/example_dags/example_branch_labels.py for tasks to queue
[2024-12-15T07:54:40.245-0800] {logging_mixin.py:190} INFO - [2024-12-15T07:54:40.245-0800] {dagbag.py:588} INFO - Filling up the DagBag from /Users/rishukhurana/anaconda3/lib/python3.11/site-packages/airflow/example_dags/example_branch_labels.py
[2024-12-15T07:54:40.255-0800] {processor.py:925} INFO - DAG(s) 'example_branch_labels' retrieved from /Users/rishukhurana/anaconda3/lib/python3.11/site-packages/airflow/example_dags/example_branch_labels.py
[2024-12-15T07:54:40.346-0800] {logging_mixin.py:190} INFO - [2024-12-15T07:54:40.346-0800] {dag.py:3239} INFO - Sync 1 DAGs
[2024-12-15T07:54:40.364-0800] {logging_mixin.py:190} INFO - [2024-12-15T07:54:40.363-0800] {dag.py:4180} INFO - Setting next_dagrun for example_branch_labels to 2024-12-14 00:00:00+00:00, run_after=2024-12-15 00:00:00+00:00
[2024-12-15T07:54:40.385-0800] {processor.py:208} INFO - Processing /Users/rishukhurana/anaconda3/lib/python3.11/site-packages/airflow/example_dags/example_branch_labels.py took 0.148 seconds
[2024-12-15T08:00:52.739-0800] {processor.py:186} INFO - Started process (PID=39841) to work on /Users/rishukhurana/anaconda3/lib/python3.11/site-packages/airflow/example_dags/example_branch_labels.py
[2024-12-15T08:00:52.742-0800] {processor.py:914} INFO - Processing file /Users/rishukhurana/anaconda3/lib/python3.11/site-packages/airflow/example_dags/example_branch_labels.py for tasks to queue
[2024-12-15T08:00:52.743-0800] {logging_mixin.py:190} INFO - [2024-12-15T08:00:52.743-0800] {dagbag.py:588} INFO - Filling up the DagBag from /Users/rishukhurana/anaconda3/lib/python3.11/site-packages/airflow/example_dags/example_branch_labels.py
[2024-12-15T08:00:52.753-0800] {processor.py:925} INFO - DAG(s) 'example_branch_labels' retrieved from /Users/rishukhurana/anaconda3/lib/python3.11/site-packages/airflow/example_dags/example_branch_labels.py
[2024-12-15T08:00:52.848-0800] {logging_mixin.py:190} INFO - [2024-12-15T08:00:52.847-0800] {dag.py:3239} INFO - Sync 1 DAGs
[2024-12-15T08:00:52.865-0800] {logging_mixin.py:190} INFO - [2024-12-15T08:00:52.865-0800] {dag.py:4180} INFO - Setting next_dagrun for example_branch_labels to 2024-12-14 00:00:00+00:00, run_after=2024-12-15 00:00:00+00:00
[2024-12-15T08:00:52.881-0800] {processor.py:208} INFO - Processing /Users/rishukhurana/anaconda3/lib/python3.11/site-packages/airflow/example_dags/example_branch_labels.py took 0.147 seconds
[2024-12-15T08:07:11.487-0800] {processor.py:186} INFO - Started process (PID=40143) to work on /Users/rishukhurana/anaconda3/lib/python3.11/site-packages/airflow/example_dags/example_branch_labels.py
[2024-12-15T08:07:11.490-0800] {processor.py:914} INFO - Processing file /Users/rishukhurana/anaconda3/lib/python3.11/site-packages/airflow/example_dags/example_branch_labels.py for tasks to queue
[2024-12-15T08:07:11.491-0800] {logging_mixin.py:190} INFO - [2024-12-15T08:07:11.491-0800] {dagbag.py:588} INFO - Filling up the DagBag from /Users/rishukhurana/anaconda3/lib/python3.11/site-packages/airflow/example_dags/example_branch_labels.py
[2024-12-15T08:07:11.500-0800] {processor.py:925} INFO - DAG(s) 'example_branch_labels' retrieved from /Users/rishukhurana/anaconda3/lib/python3.11/site-packages/airflow/example_dags/example_branch_labels.py
[2024-12-15T08:07:11.597-0800] {logging_mixin.py:190} INFO - [2024-12-15T08:07:11.597-0800] {dag.py:3239} INFO - Sync 1 DAGs
[2024-12-15T08:07:11.616-0800] {logging_mixin.py:190} INFO - [2024-12-15T08:07:11.616-0800] {dag.py:4180} INFO - Setting next_dagrun for example_branch_labels to 2024-12-14 00:00:00+00:00, run_after=2024-12-15 00:00:00+00:00
[2024-12-15T08:07:11.632-0800] {processor.py:208} INFO - Processing /Users/rishukhurana/anaconda3/lib/python3.11/site-packages/airflow/example_dags/example_branch_labels.py took 0.152 seconds
[2024-12-15T08:14:26.857-0800] {processor.py:186} INFO - Started process (PID=40461) to work on /Users/rishukhurana/anaconda3/lib/python3.11/site-packages/airflow/example_dags/example_branch_labels.py
[2024-12-15T08:14:26.858-0800] {processor.py:914} INFO - Processing file /Users/rishukhurana/anaconda3/lib/python3.11/site-packages/airflow/example_dags/example_branch_labels.py for tasks to queue
[2024-12-15T08:14:26.860-0800] {logging_mixin.py:190} INFO - [2024-12-15T08:14:26.859-0800] {dagbag.py:588} INFO - Filling up the DagBag from /Users/rishukhurana/anaconda3/lib/python3.11/site-packages/airflow/example_dags/example_branch_labels.py
[2024-12-15T08:14:26.869-0800] {processor.py:925} INFO - DAG(s) 'example_branch_labels' retrieved from /Users/rishukhurana/anaconda3/lib/python3.11/site-packages/airflow/example_dags/example_branch_labels.py
[2024-12-15T08:14:26.968-0800] {logging_mixin.py:190} INFO - [2024-12-15T08:14:26.968-0800] {dag.py:3239} INFO - Sync 1 DAGs
[2024-12-15T08:14:26.987-0800] {logging_mixin.py:190} INFO - [2024-12-15T08:14:26.986-0800] {dag.py:4180} INFO - Setting next_dagrun for example_branch_labels to 2024-12-14 00:00:00+00:00, run_after=2024-12-15 00:00:00+00:00
[2024-12-15T08:14:27.003-0800] {processor.py:208} INFO - Processing /Users/rishukhurana/anaconda3/lib/python3.11/site-packages/airflow/example_dags/example_branch_labels.py took 0.153 seconds
[2024-12-15T10:50:05.979-0800] {processor.py:186} INFO - Started process (PID=40973) to work on /Users/rishukhurana/anaconda3/lib/python3.11/site-packages/airflow/example_dags/example_branch_labels.py
[2024-12-15T10:50:05.985-0800] {processor.py:914} INFO - Processing file /Users/rishukhurana/anaconda3/lib/python3.11/site-packages/airflow/example_dags/example_branch_labels.py for tasks to queue
[2024-12-15T10:50:05.988-0800] {logging_mixin.py:190} INFO - [2024-12-15T10:50:05.987-0800] {dagbag.py:588} INFO - Filling up the DagBag from /Users/rishukhurana/anaconda3/lib/python3.11/site-packages/airflow/example_dags/example_branch_labels.py
[2024-12-15T10:50:06.021-0800] {processor.py:925} INFO - DAG(s) 'example_branch_labels' retrieved from /Users/rishukhurana/anaconda3/lib/python3.11/site-packages/airflow/example_dags/example_branch_labels.py
[2024-12-15T10:50:06.173-0800] {logging_mixin.py:190} INFO - [2024-12-15T10:50:06.173-0800] {dag.py:3239} INFO - Sync 1 DAGs
[2024-12-15T10:50:06.208-0800] {logging_mixin.py:190} INFO - [2024-12-15T10:50:06.207-0800] {dag.py:4180} INFO - Setting next_dagrun for example_branch_labels to 2024-12-14 00:00:00+00:00, run_after=2024-12-15 00:00:00+00:00
[2024-12-15T10:50:06.238-0800] {processor.py:208} INFO - Processing /Users/rishukhurana/anaconda3/lib/python3.11/site-packages/airflow/example_dags/example_branch_labels.py took 0.265 seconds
[2024-12-15T11:57:01.258-0800] {processor.py:186} INFO - Started process (PID=41479) to work on /Users/rishukhurana/anaconda3/lib/python3.11/site-packages/airflow/example_dags/example_branch_labels.py
[2024-12-15T11:57:01.260-0800] {processor.py:914} INFO - Processing file /Users/rishukhurana/anaconda3/lib/python3.11/site-packages/airflow/example_dags/example_branch_labels.py for tasks to queue
[2024-12-15T11:57:01.261-0800] {logging_mixin.py:190} INFO - [2024-12-15T11:57:01.261-0800] {dagbag.py:588} INFO - Filling up the DagBag from /Users/rishukhurana/anaconda3/lib/python3.11/site-packages/airflow/example_dags/example_branch_labels.py
[2024-12-15T11:57:01.282-0800] {processor.py:925} INFO - DAG(s) 'example_branch_labels' retrieved from /Users/rishukhurana/anaconda3/lib/python3.11/site-packages/airflow/example_dags/example_branch_labels.py
[2024-12-15T11:57:01.379-0800] {logging_mixin.py:190} INFO - [2024-12-15T11:57:01.379-0800] {dag.py:3239} INFO - Sync 1 DAGs
[2024-12-15T11:57:01.402-0800] {logging_mixin.py:190} INFO - [2024-12-15T11:57:01.402-0800] {dag.py:4180} INFO - Setting next_dagrun for example_branch_labels to 2024-12-14 00:00:00+00:00, run_after=2024-12-15 00:00:00+00:00
[2024-12-15T11:57:01.420-0800] {processor.py:208} INFO - Processing /Users/rishukhurana/anaconda3/lib/python3.11/site-packages/airflow/example_dags/example_branch_labels.py took 0.169 seconds
[2024-12-15T12:03:37.709-0800] {processor.py:186} INFO - Started process (PID=41786) to work on /Users/rishukhurana/anaconda3/lib/python3.11/site-packages/airflow/example_dags/example_branch_labels.py
[2024-12-15T12:03:37.711-0800] {processor.py:914} INFO - Processing file /Users/rishukhurana/anaconda3/lib/python3.11/site-packages/airflow/example_dags/example_branch_labels.py for tasks to queue
[2024-12-15T12:03:37.712-0800] {logging_mixin.py:190} INFO - [2024-12-15T12:03:37.712-0800] {dagbag.py:588} INFO - Filling up the DagBag from /Users/rishukhurana/anaconda3/lib/python3.11/site-packages/airflow/example_dags/example_branch_labels.py
[2024-12-15T12:03:37.728-0800] {processor.py:925} INFO - DAG(s) 'example_branch_labels' retrieved from /Users/rishukhurana/anaconda3/lib/python3.11/site-packages/airflow/example_dags/example_branch_labels.py
[2024-12-15T12:03:37.817-0800] {logging_mixin.py:190} INFO - [2024-12-15T12:03:37.817-0800] {dag.py:3239} INFO - Sync 1 DAGs
[2024-12-15T12:03:37.837-0800] {logging_mixin.py:190} INFO - [2024-12-15T12:03:37.837-0800] {dag.py:4180} INFO - Setting next_dagrun for example_branch_labels to 2024-12-14 00:00:00+00:00, run_after=2024-12-15 00:00:00+00:00
[2024-12-15T12:03:37.851-0800] {processor.py:208} INFO - Processing /Users/rishukhurana/anaconda3/lib/python3.11/site-packages/airflow/example_dags/example_branch_labels.py took 0.147 seconds
[2024-12-15T12:10:58.033-0800] {processor.py:186} INFO - Started process (PID=42146) to work on /Users/rishukhurana/anaconda3/lib/python3.11/site-packages/airflow/example_dags/example_branch_labels.py
[2024-12-15T12:10:58.035-0800] {processor.py:914} INFO - Processing file /Users/rishukhurana/anaconda3/lib/python3.11/site-packages/airflow/example_dags/example_branch_labels.py for tasks to queue
[2024-12-15T12:10:58.036-0800] {logging_mixin.py:190} INFO - [2024-12-15T12:10:58.036-0800] {dagbag.py:588} INFO - Filling up the DagBag from /Users/rishukhurana/anaconda3/lib/python3.11/site-packages/airflow/example_dags/example_branch_labels.py
[2024-12-15T12:10:58.047-0800] {processor.py:925} INFO - DAG(s) 'example_branch_labels' retrieved from /Users/rishukhurana/anaconda3/lib/python3.11/site-packages/airflow/example_dags/example_branch_labels.py
[2024-12-15T12:10:58.134-0800] {logging_mixin.py:190} INFO - [2024-12-15T12:10:58.134-0800] {dag.py:3239} INFO - Sync 1 DAGs
[2024-12-15T12:10:58.151-0800] {logging_mixin.py:190} INFO - [2024-12-15T12:10:58.150-0800] {dag.py:4180} INFO - Setting next_dagrun for example_branch_labels to 2024-12-14 00:00:00+00:00, run_after=2024-12-15 00:00:00+00:00
[2024-12-15T12:10:58.167-0800] {processor.py:208} INFO - Processing /Users/rishukhurana/anaconda3/lib/python3.11/site-packages/airflow/example_dags/example_branch_labels.py took 0.139 seconds
[2024-12-15T12:17:27.989-0800] {processor.py:186} INFO - Started process (PID=42442) to work on /Users/rishukhurana/anaconda3/lib/python3.11/site-packages/airflow/example_dags/example_branch_labels.py
[2024-12-15T12:17:27.991-0800] {processor.py:914} INFO - Processing file /Users/rishukhurana/anaconda3/lib/python3.11/site-packages/airflow/example_dags/example_branch_labels.py for tasks to queue
[2024-12-15T12:17:27.992-0800] {logging_mixin.py:190} INFO - [2024-12-15T12:17:27.992-0800] {dagbag.py:588} INFO - Filling up the DagBag from /Users/rishukhurana/anaconda3/lib/python3.11/site-packages/airflow/example_dags/example_branch_labels.py
[2024-12-15T12:17:28.004-0800] {processor.py:925} INFO - DAG(s) 'example_branch_labels' retrieved from /Users/rishukhurana/anaconda3/lib/python3.11/site-packages/airflow/example_dags/example_branch_labels.py
[2024-12-15T12:17:28.090-0800] {logging_mixin.py:190} INFO - [2024-12-15T12:17:28.090-0800] {dag.py:3239} INFO - Sync 1 DAGs
[2024-12-15T12:17:28.112-0800] {logging_mixin.py:190} INFO - [2024-12-15T12:17:28.112-0800] {dag.py:4180} INFO - Setting next_dagrun for example_branch_labels to 2024-12-14 00:00:00+00:00, run_after=2024-12-15 00:00:00+00:00
[2024-12-15T12:17:28.129-0800] {processor.py:208} INFO - Processing /Users/rishukhurana/anaconda3/lib/python3.11/site-packages/airflow/example_dags/example_branch_labels.py took 0.147 seconds
[2024-12-15T12:23:50.633-0800] {processor.py:186} INFO - Started process (PID=42738) to work on /Users/rishukhurana/anaconda3/lib/python3.11/site-packages/airflow/example_dags/example_branch_labels.py
[2024-12-15T12:23:50.635-0800] {processor.py:914} INFO - Processing file /Users/rishukhurana/anaconda3/lib/python3.11/site-packages/airflow/example_dags/example_branch_labels.py for tasks to queue
[2024-12-15T12:23:50.637-0800] {logging_mixin.py:190} INFO - [2024-12-15T12:23:50.636-0800] {dagbag.py:588} INFO - Filling up the DagBag from /Users/rishukhurana/anaconda3/lib/python3.11/site-packages/airflow/example_dags/example_branch_labels.py
[2024-12-15T12:23:50.646-0800] {processor.py:925} INFO - DAG(s) 'example_branch_labels' retrieved from /Users/rishukhurana/anaconda3/lib/python3.11/site-packages/airflow/example_dags/example_branch_labels.py
[2024-12-15T12:23:50.734-0800] {logging_mixin.py:190} INFO - [2024-12-15T12:23:50.734-0800] {dag.py:3239} INFO - Sync 1 DAGs
[2024-12-15T12:23:50.754-0800] {logging_mixin.py:190} INFO - [2024-12-15T12:23:50.754-0800] {dag.py:4180} INFO - Setting next_dagrun for example_branch_labels to 2024-12-14 00:00:00+00:00, run_after=2024-12-15 00:00:00+00:00
[2024-12-15T12:23:50.773-0800] {processor.py:208} INFO - Processing /Users/rishukhurana/anaconda3/lib/python3.11/site-packages/airflow/example_dags/example_branch_labels.py took 0.145 seconds
[2024-12-15T12:30:17.652-0800] {processor.py:186} INFO - Started process (PID=43035) to work on /Users/rishukhurana/anaconda3/lib/python3.11/site-packages/airflow/example_dags/example_branch_labels.py
[2024-12-15T12:30:17.655-0800] {processor.py:914} INFO - Processing file /Users/rishukhurana/anaconda3/lib/python3.11/site-packages/airflow/example_dags/example_branch_labels.py for tasks to queue
[2024-12-15T12:30:17.656-0800] {logging_mixin.py:190} INFO - [2024-12-15T12:30:17.655-0800] {dagbag.py:588} INFO - Filling up the DagBag from /Users/rishukhurana/anaconda3/lib/python3.11/site-packages/airflow/example_dags/example_branch_labels.py
[2024-12-15T12:30:17.676-0800] {processor.py:925} INFO - DAG(s) 'example_branch_labels' retrieved from /Users/rishukhurana/anaconda3/lib/python3.11/site-packages/airflow/example_dags/example_branch_labels.py
[2024-12-15T12:30:17.771-0800] {logging_mixin.py:190} INFO - [2024-12-15T12:30:17.770-0800] {dag.py:3239} INFO - Sync 1 DAGs
[2024-12-15T12:30:17.794-0800] {logging_mixin.py:190} INFO - [2024-12-15T12:30:17.794-0800] {dag.py:4180} INFO - Setting next_dagrun for example_branch_labels to 2024-12-14 00:00:00+00:00, run_after=2024-12-15 00:00:00+00:00
[2024-12-15T12:30:17.814-0800] {processor.py:208} INFO - Processing /Users/rishukhurana/anaconda3/lib/python3.11/site-packages/airflow/example_dags/example_branch_labels.py took 0.168 seconds
[2024-12-15T12:36:59.058-0800] {processor.py:186} INFO - Started process (PID=43354) to work on /Users/rishukhurana/anaconda3/lib/python3.11/site-packages/airflow/example_dags/example_branch_labels.py
[2024-12-15T12:36:59.060-0800] {processor.py:914} INFO - Processing file /Users/rishukhurana/anaconda3/lib/python3.11/site-packages/airflow/example_dags/example_branch_labels.py for tasks to queue
[2024-12-15T12:36:59.061-0800] {logging_mixin.py:190} INFO - [2024-12-15T12:36:59.061-0800] {dagbag.py:588} INFO - Filling up the DagBag from /Users/rishukhurana/anaconda3/lib/python3.11/site-packages/airflow/example_dags/example_branch_labels.py
[2024-12-15T12:36:59.071-0800] {processor.py:925} INFO - DAG(s) 'example_branch_labels' retrieved from /Users/rishukhurana/anaconda3/lib/python3.11/site-packages/airflow/example_dags/example_branch_labels.py
[2024-12-15T12:36:59.161-0800] {logging_mixin.py:190} INFO - [2024-12-15T12:36:59.160-0800] {dag.py:3239} INFO - Sync 1 DAGs
[2024-12-15T12:36:59.177-0800] {logging_mixin.py:190} INFO - [2024-12-15T12:36:59.177-0800] {dag.py:4180} INFO - Setting next_dagrun for example_branch_labels to 2024-12-14 00:00:00+00:00, run_after=2024-12-15 00:00:00+00:00
[2024-12-15T12:36:59.198-0800] {processor.py:208} INFO - Processing /Users/rishukhurana/anaconda3/lib/python3.11/site-packages/airflow/example_dags/example_branch_labels.py took 0.145 seconds
[2024-12-15T12:43:30.888-0800] {processor.py:186} INFO - Started process (PID=43650) to work on /Users/rishukhurana/anaconda3/lib/python3.11/site-packages/airflow/example_dags/example_branch_labels.py
[2024-12-15T12:43:30.890-0800] {processor.py:914} INFO - Processing file /Users/rishukhurana/anaconda3/lib/python3.11/site-packages/airflow/example_dags/example_branch_labels.py for tasks to queue
[2024-12-15T12:43:30.891-0800] {logging_mixin.py:190} INFO - [2024-12-15T12:43:30.891-0800] {dagbag.py:588} INFO - Filling up the DagBag from /Users/rishukhurana/anaconda3/lib/python3.11/site-packages/airflow/example_dags/example_branch_labels.py
[2024-12-15T12:43:30.906-0800] {processor.py:925} INFO - DAG(s) 'example_branch_labels' retrieved from /Users/rishukhurana/anaconda3/lib/python3.11/site-packages/airflow/example_dags/example_branch_labels.py
[2024-12-15T12:43:30.994-0800] {logging_mixin.py:190} INFO - [2024-12-15T12:43:30.993-0800] {dag.py:3239} INFO - Sync 1 DAGs
[2024-12-15T12:43:31.010-0800] {logging_mixin.py:190} INFO - [2024-12-15T12:43:31.010-0800] {dag.py:4180} INFO - Setting next_dagrun for example_branch_labels to 2024-12-14 00:00:00+00:00, run_after=2024-12-15 00:00:00+00:00
[2024-12-15T12:43:31.031-0800] {processor.py:208} INFO - Processing /Users/rishukhurana/anaconda3/lib/python3.11/site-packages/airflow/example_dags/example_branch_labels.py took 0.149 seconds
[2024-12-15T14:27:34.643-0800] {processor.py:186} INFO - Started process (PID=44029) to work on /Users/rishukhurana/anaconda3/lib/python3.11/site-packages/airflow/example_dags/example_branch_labels.py
[2024-12-15T14:27:34.645-0800] {processor.py:914} INFO - Processing file /Users/rishukhurana/anaconda3/lib/python3.11/site-packages/airflow/example_dags/example_branch_labels.py for tasks to queue
[2024-12-15T14:27:34.647-0800] {logging_mixin.py:190} INFO - [2024-12-15T14:27:34.646-0800] {dagbag.py:588} INFO - Filling up the DagBag from /Users/rishukhurana/anaconda3/lib/python3.11/site-packages/airflow/example_dags/example_branch_labels.py
[2024-12-15T14:27:34.664-0800] {processor.py:925} INFO - DAG(s) 'example_branch_labels' retrieved from /Users/rishukhurana/anaconda3/lib/python3.11/site-packages/airflow/example_dags/example_branch_labels.py
[2024-12-15T14:27:34.760-0800] {logging_mixin.py:190} INFO - [2024-12-15T14:27:34.759-0800] {dag.py:3239} INFO - Sync 1 DAGs
[2024-12-15T14:27:34.782-0800] {logging_mixin.py:190} INFO - [2024-12-15T14:27:34.782-0800] {dag.py:4180} INFO - Setting next_dagrun for example_branch_labels to 2024-12-14 00:00:00+00:00, run_after=2024-12-15 00:00:00+00:00
[2024-12-15T14:27:34.798-0800] {processor.py:208} INFO - Processing /Users/rishukhurana/anaconda3/lib/python3.11/site-packages/airflow/example_dags/example_branch_labels.py took 0.161 seconds
