[2024-12-14T19:41:29.379-0800] {processor.py:186} INFO - Started process (PID=24375) to work on /Users/rishukhurana/anaconda3/lib/python3.11/site-packages/airflow/example_dags/example_branch_python_dop_operator_3.py
[2024-12-14T19:41:29.380-0800] {processor.py:914} INFO - Processing file /Users/rishukhurana/anaconda3/lib/python3.11/site-packages/airflow/example_dags/example_branch_python_dop_operator_3.py for tasks to queue
[2024-12-14T19:41:29.382-0800] {logging_mixin.py:190} INFO - [2024-12-14T19:41:29.381-0800] {dagbag.py:588} INFO - Filling up the DagBag from /Users/rishukhurana/anaconda3/lib/python3.11/site-packages/airflow/example_dags/example_branch_python_dop_operator_3.py
[2024-12-14T19:41:29.431-0800] {processor.py:925} INFO - DAG(s) 'example_branch_dop_operator_v3' retrieved from /Users/rishukhurana/anaconda3/lib/python3.11/site-packages/airflow/example_dags/example_branch_python_dop_operator_3.py
[2024-12-14T19:41:29.514-0800] {logging_mixin.py:190} INFO - [2024-12-14T19:41:29.514-0800] {dag.py:3239} INFO - Sync 1 DAGs
[2024-12-14T19:41:29.536-0800] {logging_mixin.py:190} INFO - [2024-12-14T19:41:29.536-0800] {dag.py:4180} INFO - Setting next_dagrun for example_branch_dop_operator_v3 to 2024-12-15 03:40:00+00:00, run_after=2024-12-15 03:41:00+00:00
[2024-12-14T19:41:29.550-0800] {processor.py:208} INFO - Processing /Users/rishukhurana/anaconda3/lib/python3.11/site-packages/airflow/example_dags/example_branch_python_dop_operator_3.py took 0.177 seconds
[2024-12-14T19:53:14.962-0800] {processor.py:186} INFO - Started process (PID=24603) to work on /Users/rishukhurana/anaconda3/lib/python3.11/site-packages/airflow/example_dags/example_branch_python_dop_operator_3.py
[2024-12-14T19:53:14.965-0800] {processor.py:914} INFO - Processing file /Users/rishukhurana/anaconda3/lib/python3.11/site-packages/airflow/example_dags/example_branch_python_dop_operator_3.py for tasks to queue
[2024-12-14T19:53:14.966-0800] {logging_mixin.py:190} INFO - [2024-12-14T19:53:14.966-0800] {dagbag.py:588} INFO - Filling up the DagBag from /Users/rishukhurana/anaconda3/lib/python3.11/site-packages/airflow/example_dags/example_branch_python_dop_operator_3.py
[2024-12-14T19:53:15.003-0800] {processor.py:925} INFO - DAG(s) 'example_branch_dop_operator_v3' retrieved from /Users/rishukhurana/anaconda3/lib/python3.11/site-packages/airflow/example_dags/example_branch_python_dop_operator_3.py
[2024-12-14T19:53:15.089-0800] {logging_mixin.py:190} INFO - [2024-12-14T19:53:15.089-0800] {dag.py:3239} INFO - Sync 1 DAGs
[2024-12-14T19:53:15.109-0800] {logging_mixin.py:190} INFO - [2024-12-14T19:53:15.109-0800] {dag.py:4180} INFO - Setting next_dagrun for example_branch_dop_operator_v3 to 2024-12-15 03:52:00+00:00, run_after=2024-12-15 03:53:00+00:00
[2024-12-14T19:53:15.126-0800] {processor.py:208} INFO - Processing /Users/rishukhurana/anaconda3/lib/python3.11/site-packages/airflow/example_dags/example_branch_python_dop_operator_3.py took 0.168 seconds
[2024-12-14T19:59:39.087-0800] {processor.py:186} INFO - Started process (PID=24897) to work on /Users/rishukhurana/anaconda3/lib/python3.11/site-packages/airflow/example_dags/example_branch_python_dop_operator_3.py
[2024-12-14T19:59:39.089-0800] {processor.py:914} INFO - Processing file /Users/rishukhurana/anaconda3/lib/python3.11/site-packages/airflow/example_dags/example_branch_python_dop_operator_3.py for tasks to queue
[2024-12-14T19:59:39.091-0800] {logging_mixin.py:190} INFO - [2024-12-14T19:59:39.091-0800] {dagbag.py:588} INFO - Filling up the DagBag from /Users/rishukhurana/anaconda3/lib/python3.11/site-packages/airflow/example_dags/example_branch_python_dop_operator_3.py
[2024-12-14T19:59:39.139-0800] {processor.py:925} INFO - DAG(s) 'example_branch_dop_operator_v3' retrieved from /Users/rishukhurana/anaconda3/lib/python3.11/site-packages/airflow/example_dags/example_branch_python_dop_operator_3.py
[2024-12-14T19:59:39.265-0800] {logging_mixin.py:190} INFO - [2024-12-14T19:59:39.265-0800] {dag.py:3239} INFO - Sync 1 DAGs
[2024-12-14T19:59:39.287-0800] {logging_mixin.py:190} INFO - [2024-12-14T19:59:39.287-0800] {dag.py:4180} INFO - Setting next_dagrun for example_branch_dop_operator_v3 to 2024-12-15 03:58:00+00:00, run_after=2024-12-15 03:59:00+00:00
[2024-12-14T19:59:39.304-0800] {processor.py:208} INFO - Processing /Users/rishukhurana/anaconda3/lib/python3.11/site-packages/airflow/example_dags/example_branch_python_dop_operator_3.py took 0.224 seconds
[2024-12-14T20:05:52.232-0800] {processor.py:186} INFO - Started process (PID=25196) to work on /Users/rishukhurana/anaconda3/lib/python3.11/site-packages/airflow/example_dags/example_branch_python_dop_operator_3.py
[2024-12-14T20:05:52.234-0800] {processor.py:914} INFO - Processing file /Users/rishukhurana/anaconda3/lib/python3.11/site-packages/airflow/example_dags/example_branch_python_dop_operator_3.py for tasks to queue
[2024-12-14T20:05:52.235-0800] {logging_mixin.py:190} INFO - [2024-12-14T20:05:52.235-0800] {dagbag.py:588} INFO - Filling up the DagBag from /Users/rishukhurana/anaconda3/lib/python3.11/site-packages/airflow/example_dags/example_branch_python_dop_operator_3.py
[2024-12-14T20:05:52.270-0800] {processor.py:925} INFO - DAG(s) 'example_branch_dop_operator_v3' retrieved from /Users/rishukhurana/anaconda3/lib/python3.11/site-packages/airflow/example_dags/example_branch_python_dop_operator_3.py
[2024-12-14T20:05:52.357-0800] {logging_mixin.py:190} INFO - [2024-12-14T20:05:52.357-0800] {dag.py:3239} INFO - Sync 1 DAGs
[2024-12-14T20:05:52.378-0800] {logging_mixin.py:190} INFO - [2024-12-14T20:05:52.378-0800] {dag.py:4180} INFO - Setting next_dagrun for example_branch_dop_operator_v3 to 2024-12-15 04:04:00+00:00, run_after=2024-12-15 04:05:00+00:00
[2024-12-14T20:05:52.395-0800] {processor.py:208} INFO - Processing /Users/rishukhurana/anaconda3/lib/python3.11/site-packages/airflow/example_dags/example_branch_python_dop_operator_3.py took 0.169 seconds
[2024-12-14T20:12:14.462-0800] {processor.py:186} INFO - Started process (PID=25564) to work on /Users/rishukhurana/anaconda3/lib/python3.11/site-packages/airflow/example_dags/example_branch_python_dop_operator_3.py
[2024-12-14T20:12:14.466-0800] {processor.py:914} INFO - Processing file /Users/rishukhurana/anaconda3/lib/python3.11/site-packages/airflow/example_dags/example_branch_python_dop_operator_3.py for tasks to queue
[2024-12-14T20:12:14.468-0800] {logging_mixin.py:190} INFO - [2024-12-14T20:12:14.467-0800] {dagbag.py:588} INFO - Filling up the DagBag from /Users/rishukhurana/anaconda3/lib/python3.11/site-packages/airflow/example_dags/example_branch_python_dop_operator_3.py
[2024-12-14T20:12:14.523-0800] {processor.py:925} INFO - DAG(s) 'example_branch_dop_operator_v3' retrieved from /Users/rishukhurana/anaconda3/lib/python3.11/site-packages/airflow/example_dags/example_branch_python_dop_operator_3.py
[2024-12-14T20:12:14.640-0800] {logging_mixin.py:190} INFO - [2024-12-14T20:12:14.639-0800] {dag.py:3239} INFO - Sync 1 DAGs
[2024-12-14T20:12:14.671-0800] {logging_mixin.py:190} INFO - [2024-12-14T20:12:14.671-0800] {dag.py:4180} INFO - Setting next_dagrun for example_branch_dop_operator_v3 to 2024-12-15 04:11:00+00:00, run_after=2024-12-15 04:12:00+00:00
[2024-12-14T20:12:14.690-0800] {processor.py:208} INFO - Processing /Users/rishukhurana/anaconda3/lib/python3.11/site-packages/airflow/example_dags/example_branch_python_dop_operator_3.py took 0.234 seconds
[2024-12-14T20:18:41.123-0800] {processor.py:186} INFO - Started process (PID=25940) to work on /Users/rishukhurana/anaconda3/lib/python3.11/site-packages/airflow/example_dags/example_branch_python_dop_operator_3.py
[2024-12-14T20:18:41.125-0800] {processor.py:914} INFO - Processing file /Users/rishukhurana/anaconda3/lib/python3.11/site-packages/airflow/example_dags/example_branch_python_dop_operator_3.py for tasks to queue
[2024-12-14T20:18:41.126-0800] {logging_mixin.py:190} INFO - [2024-12-14T20:18:41.126-0800] {dagbag.py:588} INFO - Filling up the DagBag from /Users/rishukhurana/anaconda3/lib/python3.11/site-packages/airflow/example_dags/example_branch_python_dop_operator_3.py
[2024-12-14T20:18:41.169-0800] {processor.py:925} INFO - DAG(s) 'example_branch_dop_operator_v3' retrieved from /Users/rishukhurana/anaconda3/lib/python3.11/site-packages/airflow/example_dags/example_branch_python_dop_operator_3.py
[2024-12-14T20:18:41.288-0800] {logging_mixin.py:190} INFO - [2024-12-14T20:18:41.287-0800] {dag.py:3239} INFO - Sync 1 DAGs
[2024-12-14T20:18:41.308-0800] {logging_mixin.py:190} INFO - [2024-12-14T20:18:41.308-0800] {dag.py:4180} INFO - Setting next_dagrun for example_branch_dop_operator_v3 to 2024-12-15 04:17:00+00:00, run_after=2024-12-15 04:18:00+00:00
[2024-12-14T20:18:41.325-0800] {processor.py:208} INFO - Processing /Users/rishukhurana/anaconda3/lib/python3.11/site-packages/airflow/example_dags/example_branch_python_dop_operator_3.py took 0.209 seconds
[2024-12-14T20:25:30.492-0800] {processor.py:186} INFO - Started process (PID=26299) to work on /Users/rishukhurana/anaconda3/lib/python3.11/site-packages/airflow/example_dags/example_branch_python_dop_operator_3.py
[2024-12-14T20:25:30.496-0800] {processor.py:914} INFO - Processing file /Users/rishukhurana/anaconda3/lib/python3.11/site-packages/airflow/example_dags/example_branch_python_dop_operator_3.py for tasks to queue
[2024-12-14T20:25:30.497-0800] {logging_mixin.py:190} INFO - [2024-12-14T20:25:30.497-0800] {dagbag.py:588} INFO - Filling up the DagBag from /Users/rishukhurana/anaconda3/lib/python3.11/site-packages/airflow/example_dags/example_branch_python_dop_operator_3.py
[2024-12-14T20:25:30.537-0800] {processor.py:925} INFO - DAG(s) 'example_branch_dop_operator_v3' retrieved from /Users/rishukhurana/anaconda3/lib/python3.11/site-packages/airflow/example_dags/example_branch_python_dop_operator_3.py
[2024-12-14T20:25:30.625-0800] {logging_mixin.py:190} INFO - [2024-12-14T20:25:30.625-0800] {dag.py:3239} INFO - Sync 1 DAGs
[2024-12-14T20:25:30.645-0800] {logging_mixin.py:190} INFO - [2024-12-14T20:25:30.645-0800] {dag.py:4180} INFO - Setting next_dagrun for example_branch_dop_operator_v3 to 2024-12-15 04:24:00+00:00, run_after=2024-12-15 04:25:00+00:00
[2024-12-14T20:25:30.661-0800] {processor.py:208} INFO - Processing /Users/rishukhurana/anaconda3/lib/python3.11/site-packages/airflow/example_dags/example_branch_python_dop_operator_3.py took 0.176 seconds
[2024-12-14T20:32:06.460-0800] {processor.py:186} INFO - Started process (PID=26640) to work on /Users/rishukhurana/anaconda3/lib/python3.11/site-packages/airflow/example_dags/example_branch_python_dop_operator_3.py
[2024-12-14T20:32:06.463-0800] {processor.py:914} INFO - Processing file /Users/rishukhurana/anaconda3/lib/python3.11/site-packages/airflow/example_dags/example_branch_python_dop_operator_3.py for tasks to queue
[2024-12-14T20:32:06.464-0800] {logging_mixin.py:190} INFO - [2024-12-14T20:32:06.464-0800] {dagbag.py:588} INFO - Filling up the DagBag from /Users/rishukhurana/anaconda3/lib/python3.11/site-packages/airflow/example_dags/example_branch_python_dop_operator_3.py
[2024-12-14T20:32:06.502-0800] {processor.py:925} INFO - DAG(s) 'example_branch_dop_operator_v3' retrieved from /Users/rishukhurana/anaconda3/lib/python3.11/site-packages/airflow/example_dags/example_branch_python_dop_operator_3.py
[2024-12-14T20:32:06.591-0800] {logging_mixin.py:190} INFO - [2024-12-14T20:32:06.590-0800] {dag.py:3239} INFO - Sync 1 DAGs
[2024-12-14T20:32:06.611-0800] {logging_mixin.py:190} INFO - [2024-12-14T20:32:06.611-0800] {dag.py:4180} INFO - Setting next_dagrun for example_branch_dop_operator_v3 to 2024-12-15 04:31:00+00:00, run_after=2024-12-15 04:32:00+00:00
[2024-12-14T20:32:06.627-0800] {processor.py:208} INFO - Processing /Users/rishukhurana/anaconda3/lib/python3.11/site-packages/airflow/example_dags/example_branch_python_dop_operator_3.py took 0.174 seconds
[2024-12-14T20:38:15.666-0800] {processor.py:186} INFO - Started process (PID=26941) to work on /Users/rishukhurana/anaconda3/lib/python3.11/site-packages/airflow/example_dags/example_branch_python_dop_operator_3.py
[2024-12-14T20:38:15.669-0800] {processor.py:914} INFO - Processing file /Users/rishukhurana/anaconda3/lib/python3.11/site-packages/airflow/example_dags/example_branch_python_dop_operator_3.py for tasks to queue
[2024-12-14T20:38:15.670-0800] {logging_mixin.py:190} INFO - [2024-12-14T20:38:15.670-0800] {dagbag.py:588} INFO - Filling up the DagBag from /Users/rishukhurana/anaconda3/lib/python3.11/site-packages/airflow/example_dags/example_branch_python_dop_operator_3.py
[2024-12-14T20:38:15.707-0800] {processor.py:925} INFO - DAG(s) 'example_branch_dop_operator_v3' retrieved from /Users/rishukhurana/anaconda3/lib/python3.11/site-packages/airflow/example_dags/example_branch_python_dop_operator_3.py
[2024-12-14T20:38:15.798-0800] {logging_mixin.py:190} INFO - [2024-12-14T20:38:15.797-0800] {dag.py:3239} INFO - Sync 1 DAGs
[2024-12-14T20:38:15.819-0800] {logging_mixin.py:190} INFO - [2024-12-14T20:38:15.819-0800] {dag.py:4180} INFO - Setting next_dagrun for example_branch_dop_operator_v3 to 2024-12-15 04:37:00+00:00, run_after=2024-12-15 04:38:00+00:00
[2024-12-14T20:38:15.834-0800] {processor.py:208} INFO - Processing /Users/rishukhurana/anaconda3/lib/python3.11/site-packages/airflow/example_dags/example_branch_python_dop_operator_3.py took 0.174 seconds
[2024-12-14T20:44:19.440-0800] {processor.py:186} INFO - Started process (PID=27231) to work on /Users/rishukhurana/anaconda3/lib/python3.11/site-packages/airflow/example_dags/example_branch_python_dop_operator_3.py
[2024-12-14T20:44:19.442-0800] {processor.py:914} INFO - Processing file /Users/rishukhurana/anaconda3/lib/python3.11/site-packages/airflow/example_dags/example_branch_python_dop_operator_3.py for tasks to queue
[2024-12-14T20:44:19.443-0800] {logging_mixin.py:190} INFO - [2024-12-14T20:44:19.443-0800] {dagbag.py:588} INFO - Filling up the DagBag from /Users/rishukhurana/anaconda3/lib/python3.11/site-packages/airflow/example_dags/example_branch_python_dop_operator_3.py
[2024-12-14T20:44:19.476-0800] {processor.py:925} INFO - DAG(s) 'example_branch_dop_operator_v3' retrieved from /Users/rishukhurana/anaconda3/lib/python3.11/site-packages/airflow/example_dags/example_branch_python_dop_operator_3.py
[2024-12-14T20:44:19.554-0800] {logging_mixin.py:190} INFO - [2024-12-14T20:44:19.554-0800] {dag.py:3239} INFO - Sync 1 DAGs
[2024-12-14T20:44:19.573-0800] {logging_mixin.py:190} INFO - [2024-12-14T20:44:19.573-0800] {dag.py:4180} INFO - Setting next_dagrun for example_branch_dop_operator_v3 to 2024-12-15 04:43:00+00:00, run_after=2024-12-15 04:44:00+00:00
[2024-12-14T20:44:19.587-0800] {processor.py:208} INFO - Processing /Users/rishukhurana/anaconda3/lib/python3.11/site-packages/airflow/example_dags/example_branch_python_dop_operator_3.py took 0.152 seconds
[2024-12-14T20:50:30.718-0800] {processor.py:186} INFO - Started process (PID=27580) to work on /Users/rishukhurana/anaconda3/lib/python3.11/site-packages/airflow/example_dags/example_branch_python_dop_operator_3.py
[2024-12-14T20:50:30.720-0800] {processor.py:914} INFO - Processing file /Users/rishukhurana/anaconda3/lib/python3.11/site-packages/airflow/example_dags/example_branch_python_dop_operator_3.py for tasks to queue
[2024-12-14T20:50:30.722-0800] {logging_mixin.py:190} INFO - [2024-12-14T20:50:30.721-0800] {dagbag.py:588} INFO - Filling up the DagBag from /Users/rishukhurana/anaconda3/lib/python3.11/site-packages/airflow/example_dags/example_branch_python_dop_operator_3.py
[2024-12-14T20:50:30.754-0800] {processor.py:925} INFO - DAG(s) 'example_branch_dop_operator_v3' retrieved from /Users/rishukhurana/anaconda3/lib/python3.11/site-packages/airflow/example_dags/example_branch_python_dop_operator_3.py
[2024-12-14T20:50:30.832-0800] {logging_mixin.py:190} INFO - [2024-12-14T20:50:30.832-0800] {dag.py:3239} INFO - Sync 1 DAGs
[2024-12-14T20:50:30.851-0800] {logging_mixin.py:190} INFO - [2024-12-14T20:50:30.851-0800] {dag.py:4180} INFO - Setting next_dagrun for example_branch_dop_operator_v3 to 2024-12-15 04:49:00+00:00, run_after=2024-12-15 04:50:00+00:00
[2024-12-14T20:50:30.866-0800] {processor.py:208} INFO - Processing /Users/rishukhurana/anaconda3/lib/python3.11/site-packages/airflow/example_dags/example_branch_python_dop_operator_3.py took 0.153 seconds
[2024-12-14T20:56:24.703-0800] {processor.py:186} INFO - Started process (PID=27870) to work on /Users/rishukhurana/anaconda3/lib/python3.11/site-packages/airflow/example_dags/example_branch_python_dop_operator_3.py
[2024-12-14T20:56:24.705-0800] {processor.py:914} INFO - Processing file /Users/rishukhurana/anaconda3/lib/python3.11/site-packages/airflow/example_dags/example_branch_python_dop_operator_3.py for tasks to queue
[2024-12-14T20:56:24.706-0800] {logging_mixin.py:190} INFO - [2024-12-14T20:56:24.706-0800] {dagbag.py:588} INFO - Filling up the DagBag from /Users/rishukhurana/anaconda3/lib/python3.11/site-packages/airflow/example_dags/example_branch_python_dop_operator_3.py
[2024-12-14T20:56:24.738-0800] {processor.py:925} INFO - DAG(s) 'example_branch_dop_operator_v3' retrieved from /Users/rishukhurana/anaconda3/lib/python3.11/site-packages/airflow/example_dags/example_branch_python_dop_operator_3.py
[2024-12-14T20:56:24.816-0800] {logging_mixin.py:190} INFO - [2024-12-14T20:56:24.816-0800] {dag.py:3239} INFO - Sync 1 DAGs
[2024-12-14T20:56:24.833-0800] {logging_mixin.py:190} INFO - [2024-12-14T20:56:24.833-0800] {dag.py:4180} INFO - Setting next_dagrun for example_branch_dop_operator_v3 to 2024-12-15 04:55:00+00:00, run_after=2024-12-15 04:56:00+00:00
[2024-12-14T20:56:24.855-0800] {processor.py:208} INFO - Processing /Users/rishukhurana/anaconda3/lib/python3.11/site-packages/airflow/example_dags/example_branch_python_dop_operator_3.py took 0.157 seconds
[2024-12-14T21:02:32.743-0800] {processor.py:186} INFO - Started process (PID=28212) to work on /Users/rishukhurana/anaconda3/lib/python3.11/site-packages/airflow/example_dags/example_branch_python_dop_operator_3.py
[2024-12-14T21:02:32.745-0800] {processor.py:914} INFO - Processing file /Users/rishukhurana/anaconda3/lib/python3.11/site-packages/airflow/example_dags/example_branch_python_dop_operator_3.py for tasks to queue
[2024-12-14T21:02:32.747-0800] {logging_mixin.py:190} INFO - [2024-12-14T21:02:32.747-0800] {dagbag.py:588} INFO - Filling up the DagBag from /Users/rishukhurana/anaconda3/lib/python3.11/site-packages/airflow/example_dags/example_branch_python_dop_operator_3.py
[2024-12-14T21:02:32.780-0800] {processor.py:925} INFO - DAG(s) 'example_branch_dop_operator_v3' retrieved from /Users/rishukhurana/anaconda3/lib/python3.11/site-packages/airflow/example_dags/example_branch_python_dop_operator_3.py
[2024-12-14T21:02:32.857-0800] {logging_mixin.py:190} INFO - [2024-12-14T21:02:32.857-0800] {dag.py:3239} INFO - Sync 1 DAGs
[2024-12-14T21:02:32.879-0800] {logging_mixin.py:190} INFO - [2024-12-14T21:02:32.879-0800] {dag.py:4180} INFO - Setting next_dagrun for example_branch_dop_operator_v3 to 2024-12-15 05:01:00+00:00, run_after=2024-12-15 05:02:00+00:00
[2024-12-14T21:02:32.898-0800] {processor.py:208} INFO - Processing /Users/rishukhurana/anaconda3/lib/python3.11/site-packages/airflow/example_dags/example_branch_python_dop_operator_3.py took 0.163 seconds
[2024-12-14T21:08:26.839-0800] {processor.py:186} INFO - Started process (PID=28503) to work on /Users/rishukhurana/anaconda3/lib/python3.11/site-packages/airflow/example_dags/example_branch_python_dop_operator_3.py
[2024-12-14T21:08:26.842-0800] {processor.py:914} INFO - Processing file /Users/rishukhurana/anaconda3/lib/python3.11/site-packages/airflow/example_dags/example_branch_python_dop_operator_3.py for tasks to queue
[2024-12-14T21:08:26.843-0800] {logging_mixin.py:190} INFO - [2024-12-14T21:08:26.843-0800] {dagbag.py:588} INFO - Filling up the DagBag from /Users/rishukhurana/anaconda3/lib/python3.11/site-packages/airflow/example_dags/example_branch_python_dop_operator_3.py
[2024-12-14T21:08:26.875-0800] {processor.py:925} INFO - DAG(s) 'example_branch_dop_operator_v3' retrieved from /Users/rishukhurana/anaconda3/lib/python3.11/site-packages/airflow/example_dags/example_branch_python_dop_operator_3.py
[2024-12-14T21:08:26.954-0800] {logging_mixin.py:190} INFO - [2024-12-14T21:08:26.954-0800] {dag.py:3239} INFO - Sync 1 DAGs
[2024-12-14T21:08:26.976-0800] {logging_mixin.py:190} INFO - [2024-12-14T21:08:26.975-0800] {dag.py:4180} INFO - Setting next_dagrun for example_branch_dop_operator_v3 to 2024-12-15 05:07:00+00:00, run_after=2024-12-15 05:08:00+00:00
[2024-12-14T21:08:27.000-0800] {processor.py:208} INFO - Processing /Users/rishukhurana/anaconda3/lib/python3.11/site-packages/airflow/example_dags/example_branch_python_dop_operator_3.py took 0.166 seconds
[2024-12-14T21:14:12.780-0800] {processor.py:186} INFO - Started process (PID=28797) to work on /Users/rishukhurana/anaconda3/lib/python3.11/site-packages/airflow/example_dags/example_branch_python_dop_operator_3.py
[2024-12-14T21:14:12.782-0800] {processor.py:914} INFO - Processing file /Users/rishukhurana/anaconda3/lib/python3.11/site-packages/airflow/example_dags/example_branch_python_dop_operator_3.py for tasks to queue
[2024-12-14T21:14:12.784-0800] {logging_mixin.py:190} INFO - [2024-12-14T21:14:12.783-0800] {dagbag.py:588} INFO - Filling up the DagBag from /Users/rishukhurana/anaconda3/lib/python3.11/site-packages/airflow/example_dags/example_branch_python_dop_operator_3.py
[2024-12-14T21:14:12.822-0800] {processor.py:925} INFO - DAG(s) 'example_branch_dop_operator_v3' retrieved from /Users/rishukhurana/anaconda3/lib/python3.11/site-packages/airflow/example_dags/example_branch_python_dop_operator_3.py
[2024-12-14T21:14:12.911-0800] {logging_mixin.py:190} INFO - [2024-12-14T21:14:12.911-0800] {dag.py:3239} INFO - Sync 1 DAGs
[2024-12-14T21:14:12.931-0800] {logging_mixin.py:190} INFO - [2024-12-14T21:14:12.930-0800] {dag.py:4180} INFO - Setting next_dagrun for example_branch_dop_operator_v3 to 2024-12-15 05:13:00+00:00, run_after=2024-12-15 05:14:00+00:00
[2024-12-14T21:14:12.948-0800] {processor.py:208} INFO - Processing /Users/rishukhurana/anaconda3/lib/python3.11/site-packages/airflow/example_dags/example_branch_python_dop_operator_3.py took 0.173 seconds
[2024-12-14T21:20:14.128-0800] {processor.py:186} INFO - Started process (PID=29131) to work on /Users/rishukhurana/anaconda3/lib/python3.11/site-packages/airflow/example_dags/example_branch_python_dop_operator_3.py
[2024-12-14T21:20:14.131-0800] {processor.py:914} INFO - Processing file /Users/rishukhurana/anaconda3/lib/python3.11/site-packages/airflow/example_dags/example_branch_python_dop_operator_3.py for tasks to queue
[2024-12-14T21:20:14.132-0800] {logging_mixin.py:190} INFO - [2024-12-14T21:20:14.132-0800] {dagbag.py:588} INFO - Filling up the DagBag from /Users/rishukhurana/anaconda3/lib/python3.11/site-packages/airflow/example_dags/example_branch_python_dop_operator_3.py
[2024-12-14T21:20:14.176-0800] {processor.py:925} INFO - DAG(s) 'example_branch_dop_operator_v3' retrieved from /Users/rishukhurana/anaconda3/lib/python3.11/site-packages/airflow/example_dags/example_branch_python_dop_operator_3.py
[2024-12-14T21:20:14.261-0800] {logging_mixin.py:190} INFO - [2024-12-14T21:20:14.260-0800] {dag.py:3239} INFO - Sync 1 DAGs
[2024-12-14T21:20:14.279-0800] {logging_mixin.py:190} INFO - [2024-12-14T21:20:14.279-0800] {dag.py:4180} INFO - Setting next_dagrun for example_branch_dop_operator_v3 to 2024-12-15 05:19:00+00:00, run_after=2024-12-15 05:20:00+00:00
[2024-12-14T21:20:14.300-0800] {processor.py:208} INFO - Processing /Users/rishukhurana/anaconda3/lib/python3.11/site-packages/airflow/example_dags/example_branch_python_dop_operator_3.py took 0.178 seconds
[2024-12-14T21:25:58.751-0800] {processor.py:186} INFO - Started process (PID=29434) to work on /Users/rishukhurana/anaconda3/lib/python3.11/site-packages/airflow/example_dags/example_branch_python_dop_operator_3.py
[2024-12-14T21:25:58.754-0800] {processor.py:914} INFO - Processing file /Users/rishukhurana/anaconda3/lib/python3.11/site-packages/airflow/example_dags/example_branch_python_dop_operator_3.py for tasks to queue
[2024-12-14T21:25:58.755-0800] {logging_mixin.py:190} INFO - [2024-12-14T21:25:58.755-0800] {dagbag.py:588} INFO - Filling up the DagBag from /Users/rishukhurana/anaconda3/lib/python3.11/site-packages/airflow/example_dags/example_branch_python_dop_operator_3.py
[2024-12-14T21:25:58.791-0800] {processor.py:925} INFO - DAG(s) 'example_branch_dop_operator_v3' retrieved from /Users/rishukhurana/anaconda3/lib/python3.11/site-packages/airflow/example_dags/example_branch_python_dop_operator_3.py
[2024-12-14T21:25:58.872-0800] {logging_mixin.py:190} INFO - [2024-12-14T21:25:58.872-0800] {dag.py:3239} INFO - Sync 1 DAGs
[2024-12-14T21:25:58.892-0800] {logging_mixin.py:190} INFO - [2024-12-14T21:25:58.891-0800] {dag.py:4180} INFO - Setting next_dagrun for example_branch_dop_operator_v3 to 2024-12-15 05:24:00+00:00, run_after=2024-12-15 05:25:00+00:00
[2024-12-14T21:25:58.910-0800] {processor.py:208} INFO - Processing /Users/rishukhurana/anaconda3/lib/python3.11/site-packages/airflow/example_dags/example_branch_python_dop_operator_3.py took 0.165 seconds
[2024-12-14T21:31:53.031-0800] {processor.py:186} INFO - Started process (PID=29733) to work on /Users/rishukhurana/anaconda3/lib/python3.11/site-packages/airflow/example_dags/example_branch_python_dop_operator_3.py
[2024-12-14T21:31:53.034-0800] {processor.py:914} INFO - Processing file /Users/rishukhurana/anaconda3/lib/python3.11/site-packages/airflow/example_dags/example_branch_python_dop_operator_3.py for tasks to queue
[2024-12-14T21:31:53.035-0800] {logging_mixin.py:190} INFO - [2024-12-14T21:31:53.035-0800] {dagbag.py:588} INFO - Filling up the DagBag from /Users/rishukhurana/anaconda3/lib/python3.11/site-packages/airflow/example_dags/example_branch_python_dop_operator_3.py
[2024-12-14T21:31:53.071-0800] {processor.py:925} INFO - DAG(s) 'example_branch_dop_operator_v3' retrieved from /Users/rishukhurana/anaconda3/lib/python3.11/site-packages/airflow/example_dags/example_branch_python_dop_operator_3.py
[2024-12-14T21:31:53.150-0800] {logging_mixin.py:190} INFO - [2024-12-14T21:31:53.150-0800] {dag.py:3239} INFO - Sync 1 DAGs
[2024-12-14T21:31:53.169-0800] {logging_mixin.py:190} INFO - [2024-12-14T21:31:53.169-0800] {dag.py:4180} INFO - Setting next_dagrun for example_branch_dop_operator_v3 to 2024-12-15 05:30:00+00:00, run_after=2024-12-15 05:31:00+00:00
[2024-12-14T21:31:53.184-0800] {processor.py:208} INFO - Processing /Users/rishukhurana/anaconda3/lib/python3.11/site-packages/airflow/example_dags/example_branch_python_dop_operator_3.py took 0.157 seconds
[2024-12-14T21:38:01.622-0800] {processor.py:186} INFO - Started process (PID=30028) to work on /Users/rishukhurana/anaconda3/lib/python3.11/site-packages/airflow/example_dags/example_branch_python_dop_operator_3.py
[2024-12-14T21:38:01.624-0800] {processor.py:914} INFO - Processing file /Users/rishukhurana/anaconda3/lib/python3.11/site-packages/airflow/example_dags/example_branch_python_dop_operator_3.py for tasks to queue
[2024-12-14T21:38:01.625-0800] {logging_mixin.py:190} INFO - [2024-12-14T21:38:01.625-0800] {dagbag.py:588} INFO - Filling up the DagBag from /Users/rishukhurana/anaconda3/lib/python3.11/site-packages/airflow/example_dags/example_branch_python_dop_operator_3.py
[2024-12-14T21:38:01.660-0800] {processor.py:925} INFO - DAG(s) 'example_branch_dop_operator_v3' retrieved from /Users/rishukhurana/anaconda3/lib/python3.11/site-packages/airflow/example_dags/example_branch_python_dop_operator_3.py
[2024-12-14T21:38:01.747-0800] {logging_mixin.py:190} INFO - [2024-12-14T21:38:01.746-0800] {dag.py:3239} INFO - Sync 1 DAGs
[2024-12-14T21:38:01.769-0800] {logging_mixin.py:190} INFO - [2024-12-14T21:38:01.769-0800] {dag.py:4180} INFO - Setting next_dagrun for example_branch_dop_operator_v3 to 2024-12-15 05:37:00+00:00, run_after=2024-12-15 05:38:00+00:00
[2024-12-14T21:38:01.785-0800] {processor.py:208} INFO - Processing /Users/rishukhurana/anaconda3/lib/python3.11/site-packages/airflow/example_dags/example_branch_python_dop_operator_3.py took 0.169 seconds
[2024-12-14T21:43:52.901-0800] {processor.py:186} INFO - Started process (PID=30325) to work on /Users/rishukhurana/anaconda3/lib/python3.11/site-packages/airflow/example_dags/example_branch_python_dop_operator_3.py
[2024-12-14T21:43:52.904-0800] {processor.py:914} INFO - Processing file /Users/rishukhurana/anaconda3/lib/python3.11/site-packages/airflow/example_dags/example_branch_python_dop_operator_3.py for tasks to queue
[2024-12-14T21:43:52.906-0800] {logging_mixin.py:190} INFO - [2024-12-14T21:43:52.905-0800] {dagbag.py:588} INFO - Filling up the DagBag from /Users/rishukhurana/anaconda3/lib/python3.11/site-packages/airflow/example_dags/example_branch_python_dop_operator_3.py
[2024-12-14T21:43:52.937-0800] {processor.py:925} INFO - DAG(s) 'example_branch_dop_operator_v3' retrieved from /Users/rishukhurana/anaconda3/lib/python3.11/site-packages/airflow/example_dags/example_branch_python_dop_operator_3.py
[2024-12-14T21:43:53.014-0800] {logging_mixin.py:190} INFO - [2024-12-14T21:43:53.014-0800] {dag.py:3239} INFO - Sync 1 DAGs
[2024-12-14T21:43:53.032-0800] {logging_mixin.py:190} INFO - [2024-12-14T21:43:53.032-0800] {dag.py:4180} INFO - Setting next_dagrun for example_branch_dop_operator_v3 to 2024-12-15 05:42:00+00:00, run_after=2024-12-15 05:43:00+00:00
[2024-12-14T21:43:53.053-0800] {processor.py:208} INFO - Processing /Users/rishukhurana/anaconda3/lib/python3.11/site-packages/airflow/example_dags/example_branch_python_dop_operator_3.py took 0.159 seconds
[2024-12-14T21:49:42.696-0800] {processor.py:186} INFO - Started process (PID=30646) to work on /Users/rishukhurana/anaconda3/lib/python3.11/site-packages/airflow/example_dags/example_branch_python_dop_operator_3.py
[2024-12-14T21:49:42.700-0800] {processor.py:914} INFO - Processing file /Users/rishukhurana/anaconda3/lib/python3.11/site-packages/airflow/example_dags/example_branch_python_dop_operator_3.py for tasks to queue
[2024-12-14T21:49:42.701-0800] {logging_mixin.py:190} INFO - [2024-12-14T21:49:42.701-0800] {dagbag.py:588} INFO - Filling up the DagBag from /Users/rishukhurana/anaconda3/lib/python3.11/site-packages/airflow/example_dags/example_branch_python_dop_operator_3.py
[2024-12-14T21:49:42.734-0800] {processor.py:925} INFO - DAG(s) 'example_branch_dop_operator_v3' retrieved from /Users/rishukhurana/anaconda3/lib/python3.11/site-packages/airflow/example_dags/example_branch_python_dop_operator_3.py
[2024-12-14T21:49:42.820-0800] {logging_mixin.py:190} INFO - [2024-12-14T21:49:42.819-0800] {dag.py:3239} INFO - Sync 1 DAGs
[2024-12-14T21:49:42.839-0800] {logging_mixin.py:190} INFO - [2024-12-14T21:49:42.839-0800] {dag.py:4180} INFO - Setting next_dagrun for example_branch_dop_operator_v3 to 2024-12-15 05:48:00+00:00, run_after=2024-12-15 05:49:00+00:00
[2024-12-14T21:49:42.854-0800] {processor.py:208} INFO - Processing /Users/rishukhurana/anaconda3/lib/python3.11/site-packages/airflow/example_dags/example_branch_python_dop_operator_3.py took 0.162 seconds
[2024-12-14T22:39:38.806-0800] {processor.py:186} INFO - Started process (PID=30971) to work on /Users/rishukhurana/anaconda3/lib/python3.11/site-packages/airflow/example_dags/example_branch_python_dop_operator_3.py
[2024-12-14T22:39:38.807-0800] {processor.py:914} INFO - Processing file /Users/rishukhurana/anaconda3/lib/python3.11/site-packages/airflow/example_dags/example_branch_python_dop_operator_3.py for tasks to queue
[2024-12-14T22:39:38.809-0800] {logging_mixin.py:190} INFO - [2024-12-14T22:39:38.809-0800] {dagbag.py:588} INFO - Filling up the DagBag from /Users/rishukhurana/anaconda3/lib/python3.11/site-packages/airflow/example_dags/example_branch_python_dop_operator_3.py
[2024-12-14T22:39:38.847-0800] {processor.py:925} INFO - DAG(s) 'example_branch_dop_operator_v3' retrieved from /Users/rishukhurana/anaconda3/lib/python3.11/site-packages/airflow/example_dags/example_branch_python_dop_operator_3.py
[2024-12-14T22:39:38.945-0800] {logging_mixin.py:190} INFO - [2024-12-14T22:39:38.944-0800] {dag.py:3239} INFO - Sync 1 DAGs
[2024-12-14T22:39:38.966-0800] {logging_mixin.py:190} INFO - [2024-12-14T22:39:38.966-0800] {dag.py:4180} INFO - Setting next_dagrun for example_branch_dop_operator_v3 to 2024-12-15 06:38:00+00:00, run_after=2024-12-15 06:39:00+00:00
[2024-12-14T22:39:38.983-0800] {processor.py:208} INFO - Processing /Users/rishukhurana/anaconda3/lib/python3.11/site-packages/airflow/example_dags/example_branch_python_dop_operator_3.py took 0.185 seconds
[2024-12-14T22:46:09.078-0800] {processor.py:186} INFO - Started process (PID=31274) to work on /Users/rishukhurana/anaconda3/lib/python3.11/site-packages/airflow/example_dags/example_branch_python_dop_operator_3.py
[2024-12-14T22:46:09.081-0800] {processor.py:914} INFO - Processing file /Users/rishukhurana/anaconda3/lib/python3.11/site-packages/airflow/example_dags/example_branch_python_dop_operator_3.py for tasks to queue
[2024-12-14T22:46:09.082-0800] {logging_mixin.py:190} INFO - [2024-12-14T22:46:09.082-0800] {dagbag.py:588} INFO - Filling up the DagBag from /Users/rishukhurana/anaconda3/lib/python3.11/site-packages/airflow/example_dags/example_branch_python_dop_operator_3.py
[2024-12-14T22:46:09.115-0800] {processor.py:925} INFO - DAG(s) 'example_branch_dop_operator_v3' retrieved from /Users/rishukhurana/anaconda3/lib/python3.11/site-packages/airflow/example_dags/example_branch_python_dop_operator_3.py
[2024-12-14T22:46:09.196-0800] {logging_mixin.py:190} INFO - [2024-12-14T22:46:09.195-0800] {dag.py:3239} INFO - Sync 1 DAGs
[2024-12-14T22:46:09.215-0800] {logging_mixin.py:190} INFO - [2024-12-14T22:46:09.214-0800] {dag.py:4180} INFO - Setting next_dagrun for example_branch_dop_operator_v3 to 2024-12-15 06:45:00+00:00, run_after=2024-12-15 06:46:00+00:00
[2024-12-14T22:46:09.230-0800] {processor.py:208} INFO - Processing /Users/rishukhurana/anaconda3/lib/python3.11/site-packages/airflow/example_dags/example_branch_python_dop_operator_3.py took 0.158 seconds
[2024-12-15T00:24:36.152-0800] {processor.py:186} INFO - Started process (PID=31690) to work on /Users/rishukhurana/anaconda3/lib/python3.11/site-packages/airflow/example_dags/example_branch_python_dop_operator_3.py
[2024-12-15T00:24:36.154-0800] {processor.py:914} INFO - Processing file /Users/rishukhurana/anaconda3/lib/python3.11/site-packages/airflow/example_dags/example_branch_python_dop_operator_3.py for tasks to queue
[2024-12-15T00:24:36.155-0800] {logging_mixin.py:190} INFO - [2024-12-15T00:24:36.155-0800] {dagbag.py:588} INFO - Filling up the DagBag from /Users/rishukhurana/anaconda3/lib/python3.11/site-packages/airflow/example_dags/example_branch_python_dop_operator_3.py
[2024-12-15T00:24:36.205-0800] {processor.py:925} INFO - DAG(s) 'example_branch_dop_operator_v3' retrieved from /Users/rishukhurana/anaconda3/lib/python3.11/site-packages/airflow/example_dags/example_branch_python_dop_operator_3.py
[2024-12-15T00:24:36.296-0800] {logging_mixin.py:190} INFO - [2024-12-15T00:24:36.296-0800] {dag.py:3239} INFO - Sync 1 DAGs
[2024-12-15T00:24:36.317-0800] {logging_mixin.py:190} INFO - [2024-12-15T00:24:36.317-0800] {dag.py:4180} INFO - Setting next_dagrun for example_branch_dop_operator_v3 to 2024-12-15 08:23:00+00:00, run_after=2024-12-15 08:24:00+00:00
[2024-12-15T00:24:36.332-0800] {processor.py:208} INFO - Processing /Users/rishukhurana/anaconda3/lib/python3.11/site-packages/airflow/example_dags/example_branch_python_dop_operator_3.py took 0.186 seconds
[2024-12-15T00:30:51.668-0800] {processor.py:186} INFO - Started process (PID=31994) to work on /Users/rishukhurana/anaconda3/lib/python3.11/site-packages/airflow/example_dags/example_branch_python_dop_operator_3.py
[2024-12-15T00:30:51.670-0800] {processor.py:914} INFO - Processing file /Users/rishukhurana/anaconda3/lib/python3.11/site-packages/airflow/example_dags/example_branch_python_dop_operator_3.py for tasks to queue
[2024-12-15T00:30:51.671-0800] {logging_mixin.py:190} INFO - [2024-12-15T00:30:51.671-0800] {dagbag.py:588} INFO - Filling up the DagBag from /Users/rishukhurana/anaconda3/lib/python3.11/site-packages/airflow/example_dags/example_branch_python_dop_operator_3.py
[2024-12-15T00:30:51.704-0800] {processor.py:925} INFO - DAG(s) 'example_branch_dop_operator_v3' retrieved from /Users/rishukhurana/anaconda3/lib/python3.11/site-packages/airflow/example_dags/example_branch_python_dop_operator_3.py
[2024-12-15T00:30:51.786-0800] {logging_mixin.py:190} INFO - [2024-12-15T00:30:51.786-0800] {dag.py:3239} INFO - Sync 1 DAGs
[2024-12-15T00:30:51.804-0800] {logging_mixin.py:190} INFO - [2024-12-15T00:30:51.804-0800] {dag.py:4180} INFO - Setting next_dagrun for example_branch_dop_operator_v3 to 2024-12-15 08:29:00+00:00, run_after=2024-12-15 08:30:00+00:00
[2024-12-15T00:30:51.820-0800] {processor.py:208} INFO - Processing /Users/rishukhurana/anaconda3/lib/python3.11/site-packages/airflow/example_dags/example_branch_python_dop_operator_3.py took 0.158 seconds
[2024-12-15T00:47:16.858-0800] {processor.py:186} INFO - Started process (PID=32321) to work on /Users/rishukhurana/anaconda3/lib/python3.11/site-packages/airflow/example_dags/example_branch_python_dop_operator_3.py
[2024-12-15T00:47:16.861-0800] {processor.py:914} INFO - Processing file /Users/rishukhurana/anaconda3/lib/python3.11/site-packages/airflow/example_dags/example_branch_python_dop_operator_3.py for tasks to queue
[2024-12-15T00:47:16.863-0800] {logging_mixin.py:190} INFO - [2024-12-15T00:47:16.862-0800] {dagbag.py:588} INFO - Filling up the DagBag from /Users/rishukhurana/anaconda3/lib/python3.11/site-packages/airflow/example_dags/example_branch_python_dop_operator_3.py
[2024-12-15T00:47:16.925-0800] {processor.py:925} INFO - DAG(s) 'example_branch_dop_operator_v3' retrieved from /Users/rishukhurana/anaconda3/lib/python3.11/site-packages/airflow/example_dags/example_branch_python_dop_operator_3.py
[2024-12-15T00:47:17.023-0800] {logging_mixin.py:190} INFO - [2024-12-15T00:47:17.023-0800] {dag.py:3239} INFO - Sync 1 DAGs
[2024-12-15T00:47:17.043-0800] {logging_mixin.py:190} INFO - [2024-12-15T00:47:17.043-0800] {dag.py:4180} INFO - Setting next_dagrun for example_branch_dop_operator_v3 to 2024-12-15 08:46:00+00:00, run_after=2024-12-15 08:47:00+00:00
[2024-12-15T00:47:17.062-0800] {processor.py:208} INFO - Processing /Users/rishukhurana/anaconda3/lib/python3.11/site-packages/airflow/example_dags/example_branch_python_dop_operator_3.py took 0.209 seconds
[2024-12-15T01:39:07.369-0800] {processor.py:186} INFO - Started process (PID=32711) to work on /Users/rishukhurana/anaconda3/lib/python3.11/site-packages/airflow/example_dags/example_branch_python_dop_operator_3.py
[2024-12-15T01:39:07.372-0800] {processor.py:914} INFO - Processing file /Users/rishukhurana/anaconda3/lib/python3.11/site-packages/airflow/example_dags/example_branch_python_dop_operator_3.py for tasks to queue
[2024-12-15T01:39:07.374-0800] {logging_mixin.py:190} INFO - [2024-12-15T01:39:07.374-0800] {dagbag.py:588} INFO - Filling up the DagBag from /Users/rishukhurana/anaconda3/lib/python3.11/site-packages/airflow/example_dags/example_branch_python_dop_operator_3.py
[2024-12-15T01:39:07.424-0800] {processor.py:925} INFO - DAG(s) 'example_branch_dop_operator_v3' retrieved from /Users/rishukhurana/anaconda3/lib/python3.11/site-packages/airflow/example_dags/example_branch_python_dop_operator_3.py
[2024-12-15T01:39:07.536-0800] {logging_mixin.py:190} INFO - [2024-12-15T01:39:07.536-0800] {dag.py:3239} INFO - Sync 1 DAGs
[2024-12-15T01:39:07.557-0800] {logging_mixin.py:190} INFO - [2024-12-15T01:39:07.557-0800] {dag.py:4180} INFO - Setting next_dagrun for example_branch_dop_operator_v3 to 2024-12-15 09:38:00+00:00, run_after=2024-12-15 09:39:00+00:00
[2024-12-15T01:39:07.577-0800] {processor.py:208} INFO - Processing /Users/rishukhurana/anaconda3/lib/python3.11/site-packages/airflow/example_dags/example_branch_python_dop_operator_3.py took 0.215 seconds
[2024-12-15T01:45:42.509-0800] {processor.py:186} INFO - Started process (PID=33046) to work on /Users/rishukhurana/anaconda3/lib/python3.11/site-packages/airflow/example_dags/example_branch_python_dop_operator_3.py
[2024-12-15T01:45:42.511-0800] {processor.py:914} INFO - Processing file /Users/rishukhurana/anaconda3/lib/python3.11/site-packages/airflow/example_dags/example_branch_python_dop_operator_3.py for tasks to queue
[2024-12-15T01:45:42.512-0800] {logging_mixin.py:190} INFO - [2024-12-15T01:45:42.512-0800] {dagbag.py:588} INFO - Filling up the DagBag from /Users/rishukhurana/anaconda3/lib/python3.11/site-packages/airflow/example_dags/example_branch_python_dop_operator_3.py
[2024-12-15T01:45:42.553-0800] {processor.py:925} INFO - DAG(s) 'example_branch_dop_operator_v3' retrieved from /Users/rishukhurana/anaconda3/lib/python3.11/site-packages/airflow/example_dags/example_branch_python_dop_operator_3.py
[2024-12-15T01:45:42.634-0800] {logging_mixin.py:190} INFO - [2024-12-15T01:45:42.634-0800] {dag.py:3239} INFO - Sync 1 DAGs
[2024-12-15T01:45:42.657-0800] {logging_mixin.py:190} INFO - [2024-12-15T01:45:42.657-0800] {dag.py:4180} INFO - Setting next_dagrun for example_branch_dop_operator_v3 to 2024-12-15 09:44:00+00:00, run_after=2024-12-15 09:45:00+00:00
[2024-12-15T01:45:42.676-0800] {processor.py:208} INFO - Processing /Users/rishukhurana/anaconda3/lib/python3.11/site-packages/airflow/example_dags/example_branch_python_dop_operator_3.py took 0.173 seconds
[2024-12-15T01:56:25.248-0800] {processor.py:186} INFO - Started process (PID=33388) to work on /Users/rishukhurana/anaconda3/lib/python3.11/site-packages/airflow/example_dags/example_branch_python_dop_operator_3.py
[2024-12-15T01:56:25.251-0800] {processor.py:914} INFO - Processing file /Users/rishukhurana/anaconda3/lib/python3.11/site-packages/airflow/example_dags/example_branch_python_dop_operator_3.py for tasks to queue
[2024-12-15T01:56:25.252-0800] {logging_mixin.py:190} INFO - [2024-12-15T01:56:25.251-0800] {dagbag.py:588} INFO - Filling up the DagBag from /Users/rishukhurana/anaconda3/lib/python3.11/site-packages/airflow/example_dags/example_branch_python_dop_operator_3.py
[2024-12-15T01:56:25.287-0800] {processor.py:925} INFO - DAG(s) 'example_branch_dop_operator_v3' retrieved from /Users/rishukhurana/anaconda3/lib/python3.11/site-packages/airflow/example_dags/example_branch_python_dop_operator_3.py
[2024-12-15T01:56:25.370-0800] {logging_mixin.py:190} INFO - [2024-12-15T01:56:25.369-0800] {dag.py:3239} INFO - Sync 1 DAGs
[2024-12-15T01:56:25.389-0800] {logging_mixin.py:190} INFO - [2024-12-15T01:56:25.388-0800] {dag.py:4180} INFO - Setting next_dagrun for example_branch_dop_operator_v3 to 2024-12-15 09:55:00+00:00, run_after=2024-12-15 09:56:00+00:00
[2024-12-15T01:56:25.403-0800] {processor.py:208} INFO - Processing /Users/rishukhurana/anaconda3/lib/python3.11/site-packages/airflow/example_dags/example_branch_python_dop_operator_3.py took 0.161 seconds
[2024-12-15T02:02:31.545-0800] {processor.py:186} INFO - Started process (PID=33709) to work on /Users/rishukhurana/anaconda3/lib/python3.11/site-packages/airflow/example_dags/example_branch_python_dop_operator_3.py
[2024-12-15T02:02:31.548-0800] {processor.py:914} INFO - Processing file /Users/rishukhurana/anaconda3/lib/python3.11/site-packages/airflow/example_dags/example_branch_python_dop_operator_3.py for tasks to queue
[2024-12-15T02:02:31.549-0800] {logging_mixin.py:190} INFO - [2024-12-15T02:02:31.549-0800] {dagbag.py:588} INFO - Filling up the DagBag from /Users/rishukhurana/anaconda3/lib/python3.11/site-packages/airflow/example_dags/example_branch_python_dop_operator_3.py
[2024-12-15T02:02:31.586-0800] {processor.py:925} INFO - DAG(s) 'example_branch_dop_operator_v3' retrieved from /Users/rishukhurana/anaconda3/lib/python3.11/site-packages/airflow/example_dags/example_branch_python_dop_operator_3.py
[2024-12-15T02:02:31.675-0800] {logging_mixin.py:190} INFO - [2024-12-15T02:02:31.675-0800] {dag.py:3239} INFO - Sync 1 DAGs
[2024-12-15T02:02:31.693-0800] {logging_mixin.py:190} INFO - [2024-12-15T02:02:31.693-0800] {dag.py:4180} INFO - Setting next_dagrun for example_branch_dop_operator_v3 to 2024-12-15 10:01:00+00:00, run_after=2024-12-15 10:02:00+00:00
[2024-12-15T02:02:31.710-0800] {processor.py:208} INFO - Processing /Users/rishukhurana/anaconda3/lib/python3.11/site-packages/airflow/example_dags/example_branch_python_dop_operator_3.py took 0.171 seconds
[2024-12-15T02:08:37.573-0800] {processor.py:186} INFO - Started process (PID=34009) to work on /Users/rishukhurana/anaconda3/lib/python3.11/site-packages/airflow/example_dags/example_branch_python_dop_operator_3.py
[2024-12-15T02:08:37.575-0800] {processor.py:914} INFO - Processing file /Users/rishukhurana/anaconda3/lib/python3.11/site-packages/airflow/example_dags/example_branch_python_dop_operator_3.py for tasks to queue
[2024-12-15T02:08:37.577-0800] {logging_mixin.py:190} INFO - [2024-12-15T02:08:37.577-0800] {dagbag.py:588} INFO - Filling up the DagBag from /Users/rishukhurana/anaconda3/lib/python3.11/site-packages/airflow/example_dags/example_branch_python_dop_operator_3.py
[2024-12-15T02:08:37.610-0800] {processor.py:925} INFO - DAG(s) 'example_branch_dop_operator_v3' retrieved from /Users/rishukhurana/anaconda3/lib/python3.11/site-packages/airflow/example_dags/example_branch_python_dop_operator_3.py
[2024-12-15T02:08:37.694-0800] {logging_mixin.py:190} INFO - [2024-12-15T02:08:37.694-0800] {dag.py:3239} INFO - Sync 1 DAGs
[2024-12-15T02:08:37.712-0800] {logging_mixin.py:190} INFO - [2024-12-15T02:08:37.712-0800] {dag.py:4180} INFO - Setting next_dagrun for example_branch_dop_operator_v3 to 2024-12-15 10:07:00+00:00, run_after=2024-12-15 10:08:00+00:00
[2024-12-15T02:08:37.729-0800] {processor.py:208} INFO - Processing /Users/rishukhurana/anaconda3/lib/python3.11/site-packages/airflow/example_dags/example_branch_python_dop_operator_3.py took 0.162 seconds
[2024-12-15T02:14:42.068-0800] {processor.py:186} INFO - Started process (PID=34300) to work on /Users/rishukhurana/anaconda3/lib/python3.11/site-packages/airflow/example_dags/example_branch_python_dop_operator_3.py
[2024-12-15T02:14:42.070-0800] {processor.py:914} INFO - Processing file /Users/rishukhurana/anaconda3/lib/python3.11/site-packages/airflow/example_dags/example_branch_python_dop_operator_3.py for tasks to queue
[2024-12-15T02:14:42.072-0800] {logging_mixin.py:190} INFO - [2024-12-15T02:14:42.072-0800] {dagbag.py:588} INFO - Filling up the DagBag from /Users/rishukhurana/anaconda3/lib/python3.11/site-packages/airflow/example_dags/example_branch_python_dop_operator_3.py
[2024-12-15T02:14:42.121-0800] {processor.py:925} INFO - DAG(s) 'example_branch_dop_operator_v3' retrieved from /Users/rishukhurana/anaconda3/lib/python3.11/site-packages/airflow/example_dags/example_branch_python_dop_operator_3.py
[2024-12-15T02:14:42.219-0800] {logging_mixin.py:190} INFO - [2024-12-15T02:14:42.218-0800] {dag.py:3239} INFO - Sync 1 DAGs
[2024-12-15T02:14:42.241-0800] {logging_mixin.py:190} INFO - [2024-12-15T02:14:42.240-0800] {dag.py:4180} INFO - Setting next_dagrun for example_branch_dop_operator_v3 to 2024-12-15 10:13:00+00:00, run_after=2024-12-15 10:14:00+00:00
[2024-12-15T02:14:42.260-0800] {processor.py:208} INFO - Processing /Users/rishukhurana/anaconda3/lib/python3.11/site-packages/airflow/example_dags/example_branch_python_dop_operator_3.py took 0.199 seconds
[2024-12-15T02:20:54.058-0800] {processor.py:186} INFO - Started process (PID=34590) to work on /Users/rishukhurana/anaconda3/lib/python3.11/site-packages/airflow/example_dags/example_branch_python_dop_operator_3.py
[2024-12-15T02:20:54.060-0800] {processor.py:914} INFO - Processing file /Users/rishukhurana/anaconda3/lib/python3.11/site-packages/airflow/example_dags/example_branch_python_dop_operator_3.py for tasks to queue
[2024-12-15T02:20:54.062-0800] {logging_mixin.py:190} INFO - [2024-12-15T02:20:54.061-0800] {dagbag.py:588} INFO - Filling up the DagBag from /Users/rishukhurana/anaconda3/lib/python3.11/site-packages/airflow/example_dags/example_branch_python_dop_operator_3.py
[2024-12-15T02:20:54.100-0800] {processor.py:925} INFO - DAG(s) 'example_branch_dop_operator_v3' retrieved from /Users/rishukhurana/anaconda3/lib/python3.11/site-packages/airflow/example_dags/example_branch_python_dop_operator_3.py
[2024-12-15T02:20:54.194-0800] {logging_mixin.py:190} INFO - [2024-12-15T02:20:54.194-0800] {dag.py:3239} INFO - Sync 1 DAGs
[2024-12-15T02:20:54.214-0800] {logging_mixin.py:190} INFO - [2024-12-15T02:20:54.214-0800] {dag.py:4180} INFO - Setting next_dagrun for example_branch_dop_operator_v3 to 2024-12-15 10:19:00+00:00, run_after=2024-12-15 10:20:00+00:00
[2024-12-15T02:20:54.231-0800] {processor.py:208} INFO - Processing /Users/rishukhurana/anaconda3/lib/python3.11/site-packages/airflow/example_dags/example_branch_python_dop_operator_3.py took 0.178 seconds
[2024-12-15T02:27:12.222-0800] {processor.py:186} INFO - Started process (PID=34885) to work on /Users/rishukhurana/anaconda3/lib/python3.11/site-packages/airflow/example_dags/example_branch_python_dop_operator_3.py
[2024-12-15T02:27:12.225-0800] {processor.py:914} INFO - Processing file /Users/rishukhurana/anaconda3/lib/python3.11/site-packages/airflow/example_dags/example_branch_python_dop_operator_3.py for tasks to queue
[2024-12-15T02:27:12.226-0800] {logging_mixin.py:190} INFO - [2024-12-15T02:27:12.226-0800] {dagbag.py:588} INFO - Filling up the DagBag from /Users/rishukhurana/anaconda3/lib/python3.11/site-packages/airflow/example_dags/example_branch_python_dop_operator_3.py
[2024-12-15T02:27:12.258-0800] {processor.py:925} INFO - DAG(s) 'example_branch_dop_operator_v3' retrieved from /Users/rishukhurana/anaconda3/lib/python3.11/site-packages/airflow/example_dags/example_branch_python_dop_operator_3.py
[2024-12-15T02:27:12.334-0800] {logging_mixin.py:190} INFO - [2024-12-15T02:27:12.334-0800] {dag.py:3239} INFO - Sync 1 DAGs
[2024-12-15T02:27:12.357-0800] {logging_mixin.py:190} INFO - [2024-12-15T02:27:12.356-0800] {dag.py:4180} INFO - Setting next_dagrun for example_branch_dop_operator_v3 to 2024-12-15 10:26:00+00:00, run_after=2024-12-15 10:27:00+00:00
[2024-12-15T02:27:12.376-0800] {processor.py:208} INFO - Processing /Users/rishukhurana/anaconda3/lib/python3.11/site-packages/airflow/example_dags/example_branch_python_dop_operator_3.py took 0.160 seconds
[2024-12-15T03:27:53.705-0800] {processor.py:186} INFO - Started process (PID=35291) to work on /Users/rishukhurana/anaconda3/lib/python3.11/site-packages/airflow/example_dags/example_branch_python_dop_operator_3.py
[2024-12-15T03:27:53.708-0800] {processor.py:914} INFO - Processing file /Users/rishukhurana/anaconda3/lib/python3.11/site-packages/airflow/example_dags/example_branch_python_dop_operator_3.py for tasks to queue
[2024-12-15T03:27:53.709-0800] {logging_mixin.py:190} INFO - [2024-12-15T03:27:53.709-0800] {dagbag.py:588} INFO - Filling up the DagBag from /Users/rishukhurana/anaconda3/lib/python3.11/site-packages/airflow/example_dags/example_branch_python_dop_operator_3.py
[2024-12-15T03:27:53.749-0800] {processor.py:925} INFO - DAG(s) 'example_branch_dop_operator_v3' retrieved from /Users/rishukhurana/anaconda3/lib/python3.11/site-packages/airflow/example_dags/example_branch_python_dop_operator_3.py
[2024-12-15T03:27:53.830-0800] {logging_mixin.py:190} INFO - [2024-12-15T03:27:53.829-0800] {dag.py:3239} INFO - Sync 1 DAGs
[2024-12-15T03:27:53.850-0800] {logging_mixin.py:190} INFO - [2024-12-15T03:27:53.849-0800] {dag.py:4180} INFO - Setting next_dagrun for example_branch_dop_operator_v3 to 2024-12-15 11:26:00+00:00, run_after=2024-12-15 11:27:00+00:00
[2024-12-15T03:27:53.866-0800] {processor.py:208} INFO - Processing /Users/rishukhurana/anaconda3/lib/python3.11/site-packages/airflow/example_dags/example_branch_python_dop_operator_3.py took 0.167 seconds
[2024-12-15T03:34:44.310-0800] {processor.py:186} INFO - Started process (PID=35631) to work on /Users/rishukhurana/anaconda3/lib/python3.11/site-packages/airflow/example_dags/example_branch_python_dop_operator_3.py
[2024-12-15T03:34:44.313-0800] {processor.py:914} INFO - Processing file /Users/rishukhurana/anaconda3/lib/python3.11/site-packages/airflow/example_dags/example_branch_python_dop_operator_3.py for tasks to queue
[2024-12-15T03:34:44.314-0800] {logging_mixin.py:190} INFO - [2024-12-15T03:34:44.314-0800] {dagbag.py:588} INFO - Filling up the DagBag from /Users/rishukhurana/anaconda3/lib/python3.11/site-packages/airflow/example_dags/example_branch_python_dop_operator_3.py
[2024-12-15T03:34:44.350-0800] {processor.py:925} INFO - DAG(s) 'example_branch_dop_operator_v3' retrieved from /Users/rishukhurana/anaconda3/lib/python3.11/site-packages/airflow/example_dags/example_branch_python_dop_operator_3.py
[2024-12-15T03:34:44.433-0800] {logging_mixin.py:190} INFO - [2024-12-15T03:34:44.433-0800] {dag.py:3239} INFO - Sync 1 DAGs
[2024-12-15T03:34:44.454-0800] {logging_mixin.py:190} INFO - [2024-12-15T03:34:44.454-0800] {dag.py:4180} INFO - Setting next_dagrun for example_branch_dop_operator_v3 to 2024-12-15 11:33:00+00:00, run_after=2024-12-15 11:34:00+00:00
[2024-12-15T03:34:44.472-0800] {processor.py:208} INFO - Processing /Users/rishukhurana/anaconda3/lib/python3.11/site-packages/airflow/example_dags/example_branch_python_dop_operator_3.py took 0.168 seconds
[2024-12-15T03:40:47.445-0800] {processor.py:186} INFO - Started process (PID=35973) to work on /Users/rishukhurana/anaconda3/lib/python3.11/site-packages/airflow/example_dags/example_branch_python_dop_operator_3.py
[2024-12-15T03:40:47.447-0800] {processor.py:914} INFO - Processing file /Users/rishukhurana/anaconda3/lib/python3.11/site-packages/airflow/example_dags/example_branch_python_dop_operator_3.py for tasks to queue
[2024-12-15T03:40:47.449-0800] {logging_mixin.py:190} INFO - [2024-12-15T03:40:47.448-0800] {dagbag.py:588} INFO - Filling up the DagBag from /Users/rishukhurana/anaconda3/lib/python3.11/site-packages/airflow/example_dags/example_branch_python_dop_operator_3.py
[2024-12-15T03:40:47.480-0800] {processor.py:925} INFO - DAG(s) 'example_branch_dop_operator_v3' retrieved from /Users/rishukhurana/anaconda3/lib/python3.11/site-packages/airflow/example_dags/example_branch_python_dop_operator_3.py
[2024-12-15T03:40:47.557-0800] {logging_mixin.py:190} INFO - [2024-12-15T03:40:47.557-0800] {dag.py:3239} INFO - Sync 1 DAGs
[2024-12-15T03:40:47.579-0800] {logging_mixin.py:190} INFO - [2024-12-15T03:40:47.578-0800] {dag.py:4180} INFO - Setting next_dagrun for example_branch_dop_operator_v3 to 2024-12-15 11:39:00+00:00, run_after=2024-12-15 11:40:00+00:00
[2024-12-15T03:40:47.598-0800] {processor.py:208} INFO - Processing /Users/rishukhurana/anaconda3/lib/python3.11/site-packages/airflow/example_dags/example_branch_python_dop_operator_3.py took 0.158 seconds
[2024-12-15T03:46:36.480-0800] {processor.py:186} INFO - Started process (PID=36256) to work on /Users/rishukhurana/anaconda3/lib/python3.11/site-packages/airflow/example_dags/example_branch_python_dop_operator_3.py
[2024-12-15T03:46:36.483-0800] {processor.py:914} INFO - Processing file /Users/rishukhurana/anaconda3/lib/python3.11/site-packages/airflow/example_dags/example_branch_python_dop_operator_3.py for tasks to queue
[2024-12-15T03:46:36.484-0800] {logging_mixin.py:190} INFO - [2024-12-15T03:46:36.484-0800] {dagbag.py:588} INFO - Filling up the DagBag from /Users/rishukhurana/anaconda3/lib/python3.11/site-packages/airflow/example_dags/example_branch_python_dop_operator_3.py
[2024-12-15T03:46:36.520-0800] {processor.py:925} INFO - DAG(s) 'example_branch_dop_operator_v3' retrieved from /Users/rishukhurana/anaconda3/lib/python3.11/site-packages/airflow/example_dags/example_branch_python_dop_operator_3.py
[2024-12-15T03:46:36.600-0800] {logging_mixin.py:190} INFO - [2024-12-15T03:46:36.599-0800] {dag.py:3239} INFO - Sync 1 DAGs
[2024-12-15T03:46:36.619-0800] {logging_mixin.py:190} INFO - [2024-12-15T03:46:36.619-0800] {dag.py:4180} INFO - Setting next_dagrun for example_branch_dop_operator_v3 to 2024-12-15 11:45:00+00:00, run_after=2024-12-15 11:46:00+00:00
[2024-12-15T03:46:36.635-0800] {processor.py:208} INFO - Processing /Users/rishukhurana/anaconda3/lib/python3.11/site-packages/airflow/example_dags/example_branch_python_dop_operator_3.py took 0.160 seconds
[2024-12-15T03:54:07.774-0800] {processor.py:186} INFO - Started process (PID=36596) to work on /Users/rishukhurana/anaconda3/lib/python3.11/site-packages/airflow/example_dags/example_branch_python_dop_operator_3.py
[2024-12-15T03:54:07.776-0800] {processor.py:914} INFO - Processing file /Users/rishukhurana/anaconda3/lib/python3.11/site-packages/airflow/example_dags/example_branch_python_dop_operator_3.py for tasks to queue
[2024-12-15T03:54:07.777-0800] {logging_mixin.py:190} INFO - [2024-12-15T03:54:07.777-0800] {dagbag.py:588} INFO - Filling up the DagBag from /Users/rishukhurana/anaconda3/lib/python3.11/site-packages/airflow/example_dags/example_branch_python_dop_operator_3.py
[2024-12-15T03:54:07.814-0800] {processor.py:925} INFO - DAG(s) 'example_branch_dop_operator_v3' retrieved from /Users/rishukhurana/anaconda3/lib/python3.11/site-packages/airflow/example_dags/example_branch_python_dop_operator_3.py
[2024-12-15T03:54:07.899-0800] {logging_mixin.py:190} INFO - [2024-12-15T03:54:07.899-0800] {dag.py:3239} INFO - Sync 1 DAGs
[2024-12-15T03:54:07.919-0800] {logging_mixin.py:190} INFO - [2024-12-15T03:54:07.918-0800] {dag.py:4180} INFO - Setting next_dagrun for example_branch_dop_operator_v3 to 2024-12-15 11:53:00+00:00, run_after=2024-12-15 11:54:00+00:00
[2024-12-15T03:54:07.934-0800] {processor.py:208} INFO - Processing /Users/rishukhurana/anaconda3/lib/python3.11/site-packages/airflow/example_dags/example_branch_python_dop_operator_3.py took 0.166 seconds
[2024-12-15T06:20:49.385-0800] {processor.py:186} INFO - Started process (PID=37019) to work on /Users/rishukhurana/anaconda3/lib/python3.11/site-packages/airflow/example_dags/example_branch_python_dop_operator_3.py
[2024-12-15T06:20:49.388-0800] {processor.py:914} INFO - Processing file /Users/rishukhurana/anaconda3/lib/python3.11/site-packages/airflow/example_dags/example_branch_python_dop_operator_3.py for tasks to queue
[2024-12-15T06:20:49.389-0800] {logging_mixin.py:190} INFO - [2024-12-15T06:20:49.389-0800] {dagbag.py:588} INFO - Filling up the DagBag from /Users/rishukhurana/anaconda3/lib/python3.11/site-packages/airflow/example_dags/example_branch_python_dop_operator_3.py
[2024-12-15T06:20:49.427-0800] {processor.py:925} INFO - DAG(s) 'example_branch_dop_operator_v3' retrieved from /Users/rishukhurana/anaconda3/lib/python3.11/site-packages/airflow/example_dags/example_branch_python_dop_operator_3.py
[2024-12-15T06:20:49.511-0800] {logging_mixin.py:190} INFO - [2024-12-15T06:20:49.510-0800] {dag.py:3239} INFO - Sync 1 DAGs
[2024-12-15T06:20:49.531-0800] {logging_mixin.py:190} INFO - [2024-12-15T06:20:49.530-0800] {dag.py:4180} INFO - Setting next_dagrun for example_branch_dop_operator_v3 to 2024-12-15 14:19:00+00:00, run_after=2024-12-15 14:20:00+00:00
[2024-12-15T06:20:49.545-0800] {processor.py:208} INFO - Processing /Users/rishukhurana/anaconda3/lib/python3.11/site-packages/airflow/example_dags/example_branch_python_dop_operator_3.py took 0.167 seconds
[2024-12-15T06:27:13.338-0800] {processor.py:186} INFO - Started process (PID=37331) to work on /Users/rishukhurana/anaconda3/lib/python3.11/site-packages/airflow/example_dags/example_branch_python_dop_operator_3.py
[2024-12-15T06:27:13.340-0800] {processor.py:914} INFO - Processing file /Users/rishukhurana/anaconda3/lib/python3.11/site-packages/airflow/example_dags/example_branch_python_dop_operator_3.py for tasks to queue
[2024-12-15T06:27:13.342-0800] {logging_mixin.py:190} INFO - [2024-12-15T06:27:13.341-0800] {dagbag.py:588} INFO - Filling up the DagBag from /Users/rishukhurana/anaconda3/lib/python3.11/site-packages/airflow/example_dags/example_branch_python_dop_operator_3.py
[2024-12-15T06:27:13.377-0800] {processor.py:925} INFO - DAG(s) 'example_branch_dop_operator_v3' retrieved from /Users/rishukhurana/anaconda3/lib/python3.11/site-packages/airflow/example_dags/example_branch_python_dop_operator_3.py
[2024-12-15T06:27:13.456-0800] {logging_mixin.py:190} INFO - [2024-12-15T06:27:13.456-0800] {dag.py:3239} INFO - Sync 1 DAGs
[2024-12-15T06:27:13.477-0800] {logging_mixin.py:190} INFO - [2024-12-15T06:27:13.476-0800] {dag.py:4180} INFO - Setting next_dagrun for example_branch_dop_operator_v3 to 2024-12-15 14:26:00+00:00, run_after=2024-12-15 14:27:00+00:00
[2024-12-15T06:27:13.493-0800] {processor.py:208} INFO - Processing /Users/rishukhurana/anaconda3/lib/python3.11/site-packages/airflow/example_dags/example_branch_python_dop_operator_3.py took 0.160 seconds
[2024-12-15T07:18:14.427-0800] {processor.py:186} INFO - Started process (PID=37760) to work on /Users/rishukhurana/anaconda3/lib/python3.11/site-packages/airflow/example_dags/example_branch_python_dop_operator_3.py
[2024-12-15T07:18:14.430-0800] {processor.py:914} INFO - Processing file /Users/rishukhurana/anaconda3/lib/python3.11/site-packages/airflow/example_dags/example_branch_python_dop_operator_3.py for tasks to queue
[2024-12-15T07:18:14.431-0800] {logging_mixin.py:190} INFO - [2024-12-15T07:18:14.431-0800] {dagbag.py:588} INFO - Filling up the DagBag from /Users/rishukhurana/anaconda3/lib/python3.11/site-packages/airflow/example_dags/example_branch_python_dop_operator_3.py
[2024-12-15T07:18:14.466-0800] {processor.py:925} INFO - DAG(s) 'example_branch_dop_operator_v3' retrieved from /Users/rishukhurana/anaconda3/lib/python3.11/site-packages/airflow/example_dags/example_branch_python_dop_operator_3.py
[2024-12-15T07:18:14.542-0800] {logging_mixin.py:190} INFO - [2024-12-15T07:18:14.542-0800] {dag.py:3239} INFO - Sync 1 DAGs
[2024-12-15T07:18:14.563-0800] {logging_mixin.py:190} INFO - [2024-12-15T07:18:14.563-0800] {dag.py:4180} INFO - Setting next_dagrun for example_branch_dop_operator_v3 to 2024-12-15 15:17:00+00:00, run_after=2024-12-15 15:18:00+00:00
[2024-12-15T07:18:14.582-0800] {processor.py:208} INFO - Processing /Users/rishukhurana/anaconda3/lib/python3.11/site-packages/airflow/example_dags/example_branch_python_dop_operator_3.py took 0.160 seconds
[2024-12-15T07:23:59.227-0800] {processor.py:186} INFO - Started process (PID=38062) to work on /Users/rishukhurana/anaconda3/lib/python3.11/site-packages/airflow/example_dags/example_branch_python_dop_operator_3.py
[2024-12-15T07:23:59.229-0800] {processor.py:914} INFO - Processing file /Users/rishukhurana/anaconda3/lib/python3.11/site-packages/airflow/example_dags/example_branch_python_dop_operator_3.py for tasks to queue
[2024-12-15T07:23:59.230-0800] {logging_mixin.py:190} INFO - [2024-12-15T07:23:59.230-0800] {dagbag.py:588} INFO - Filling up the DagBag from /Users/rishukhurana/anaconda3/lib/python3.11/site-packages/airflow/example_dags/example_branch_python_dop_operator_3.py
[2024-12-15T07:23:59.263-0800] {processor.py:925} INFO - DAG(s) 'example_branch_dop_operator_v3' retrieved from /Users/rishukhurana/anaconda3/lib/python3.11/site-packages/airflow/example_dags/example_branch_python_dop_operator_3.py
[2024-12-15T07:23:59.341-0800] {logging_mixin.py:190} INFO - [2024-12-15T07:23:59.341-0800] {dag.py:3239} INFO - Sync 1 DAGs
[2024-12-15T07:23:59.360-0800] {logging_mixin.py:190} INFO - [2024-12-15T07:23:59.359-0800] {dag.py:4180} INFO - Setting next_dagrun for example_branch_dop_operator_v3 to 2024-12-15 15:22:00+00:00, run_after=2024-12-15 15:23:00+00:00
[2024-12-15T07:23:59.375-0800] {processor.py:208} INFO - Processing /Users/rishukhurana/anaconda3/lib/python3.11/site-packages/airflow/example_dags/example_branch_python_dop_operator_3.py took 0.154 seconds
[2024-12-15T07:29:52.517-0800] {processor.py:186} INFO - Started process (PID=38346) to work on /Users/rishukhurana/anaconda3/lib/python3.11/site-packages/airflow/example_dags/example_branch_python_dop_operator_3.py
[2024-12-15T07:29:52.520-0800] {processor.py:914} INFO - Processing file /Users/rishukhurana/anaconda3/lib/python3.11/site-packages/airflow/example_dags/example_branch_python_dop_operator_3.py for tasks to queue
[2024-12-15T07:29:52.521-0800] {logging_mixin.py:190} INFO - [2024-12-15T07:29:52.521-0800] {dagbag.py:588} INFO - Filling up the DagBag from /Users/rishukhurana/anaconda3/lib/python3.11/site-packages/airflow/example_dags/example_branch_python_dop_operator_3.py
[2024-12-15T07:29:52.558-0800] {processor.py:925} INFO - DAG(s) 'example_branch_dop_operator_v3' retrieved from /Users/rishukhurana/anaconda3/lib/python3.11/site-packages/airflow/example_dags/example_branch_python_dop_operator_3.py
[2024-12-15T07:29:52.647-0800] {logging_mixin.py:190} INFO - [2024-12-15T07:29:52.647-0800] {dag.py:3239} INFO - Sync 1 DAGs
[2024-12-15T07:29:52.667-0800] {logging_mixin.py:190} INFO - [2024-12-15T07:29:52.666-0800] {dag.py:4180} INFO - Setting next_dagrun for example_branch_dop_operator_v3 to 2024-12-15 15:28:00+00:00, run_after=2024-12-15 15:29:00+00:00
[2024-12-15T07:29:52.687-0800] {processor.py:208} INFO - Processing /Users/rishukhurana/anaconda3/lib/python3.11/site-packages/airflow/example_dags/example_branch_python_dop_operator_3.py took 0.176 seconds
[2024-12-15T07:36:00.100-0800] {processor.py:186} INFO - Started process (PID=38638) to work on /Users/rishukhurana/anaconda3/lib/python3.11/site-packages/airflow/example_dags/example_branch_python_dop_operator_3.py
[2024-12-15T07:36:00.103-0800] {processor.py:914} INFO - Processing file /Users/rishukhurana/anaconda3/lib/python3.11/site-packages/airflow/example_dags/example_branch_python_dop_operator_3.py for tasks to queue
[2024-12-15T07:36:00.104-0800] {logging_mixin.py:190} INFO - [2024-12-15T07:36:00.104-0800] {dagbag.py:588} INFO - Filling up the DagBag from /Users/rishukhurana/anaconda3/lib/python3.11/site-packages/airflow/example_dags/example_branch_python_dop_operator_3.py
[2024-12-15T07:36:00.140-0800] {processor.py:925} INFO - DAG(s) 'example_branch_dop_operator_v3' retrieved from /Users/rishukhurana/anaconda3/lib/python3.11/site-packages/airflow/example_dags/example_branch_python_dop_operator_3.py
[2024-12-15T07:36:00.228-0800] {logging_mixin.py:190} INFO - [2024-12-15T07:36:00.228-0800] {dag.py:3239} INFO - Sync 1 DAGs
[2024-12-15T07:36:00.247-0800] {logging_mixin.py:190} INFO - [2024-12-15T07:36:00.247-0800] {dag.py:4180} INFO - Setting next_dagrun for example_branch_dop_operator_v3 to 2024-12-15 15:35:00+00:00, run_after=2024-12-15 15:36:00+00:00
[2024-12-15T07:36:00.265-0800] {processor.py:208} INFO - Processing /Users/rishukhurana/anaconda3/lib/python3.11/site-packages/airflow/example_dags/example_branch_python_dop_operator_3.py took 0.171 seconds
[2024-12-15T07:42:08.131-0800] {processor.py:186} INFO - Started process (PID=38928) to work on /Users/rishukhurana/anaconda3/lib/python3.11/site-packages/airflow/example_dags/example_branch_python_dop_operator_3.py
[2024-12-15T07:42:08.133-0800] {processor.py:914} INFO - Processing file /Users/rishukhurana/anaconda3/lib/python3.11/site-packages/airflow/example_dags/example_branch_python_dop_operator_3.py for tasks to queue
[2024-12-15T07:42:08.134-0800] {logging_mixin.py:190} INFO - [2024-12-15T07:42:08.134-0800] {dagbag.py:588} INFO - Filling up the DagBag from /Users/rishukhurana/anaconda3/lib/python3.11/site-packages/airflow/example_dags/example_branch_python_dop_operator_3.py
[2024-12-15T07:42:08.174-0800] {processor.py:925} INFO - DAG(s) 'example_branch_dop_operator_v3' retrieved from /Users/rishukhurana/anaconda3/lib/python3.11/site-packages/airflow/example_dags/example_branch_python_dop_operator_3.py
[2024-12-15T07:42:08.263-0800] {logging_mixin.py:190} INFO - [2024-12-15T07:42:08.263-0800] {dag.py:3239} INFO - Sync 1 DAGs
[2024-12-15T07:42:08.283-0800] {logging_mixin.py:190} INFO - [2024-12-15T07:42:08.283-0800] {dag.py:4180} INFO - Setting next_dagrun for example_branch_dop_operator_v3 to 2024-12-15 15:41:00+00:00, run_after=2024-12-15 15:42:00+00:00
[2024-12-15T07:42:08.305-0800] {processor.py:208} INFO - Processing /Users/rishukhurana/anaconda3/lib/python3.11/site-packages/airflow/example_dags/example_branch_python_dop_operator_3.py took 0.179 seconds
[2024-12-15T07:48:17.748-0800] {processor.py:186} INFO - Started process (PID=39219) to work on /Users/rishukhurana/anaconda3/lib/python3.11/site-packages/airflow/example_dags/example_branch_python_dop_operator_3.py
[2024-12-15T07:48:17.751-0800] {processor.py:914} INFO - Processing file /Users/rishukhurana/anaconda3/lib/python3.11/site-packages/airflow/example_dags/example_branch_python_dop_operator_3.py for tasks to queue
[2024-12-15T07:48:17.752-0800] {logging_mixin.py:190} INFO - [2024-12-15T07:48:17.752-0800] {dagbag.py:588} INFO - Filling up the DagBag from /Users/rishukhurana/anaconda3/lib/python3.11/site-packages/airflow/example_dags/example_branch_python_dop_operator_3.py
[2024-12-15T07:48:17.788-0800] {processor.py:925} INFO - DAG(s) 'example_branch_dop_operator_v3' retrieved from /Users/rishukhurana/anaconda3/lib/python3.11/site-packages/airflow/example_dags/example_branch_python_dop_operator_3.py
[2024-12-15T07:48:17.880-0800] {logging_mixin.py:190} INFO - [2024-12-15T07:48:17.879-0800] {dag.py:3239} INFO - Sync 1 DAGs
[2024-12-15T07:48:17.899-0800] {logging_mixin.py:190} INFO - [2024-12-15T07:48:17.899-0800] {dag.py:4180} INFO - Setting next_dagrun for example_branch_dop_operator_v3 to 2024-12-15 15:47:00+00:00, run_after=2024-12-15 15:48:00+00:00
[2024-12-15T07:48:17.917-0800] {processor.py:208} INFO - Processing /Users/rishukhurana/anaconda3/lib/python3.11/site-packages/airflow/example_dags/example_branch_python_dop_operator_3.py took 0.175 seconds
[2024-12-15T07:54:30.204-0800] {processor.py:186} INFO - Started process (PID=39539) to work on /Users/rishukhurana/anaconda3/lib/python3.11/site-packages/airflow/example_dags/example_branch_python_dop_operator_3.py
[2024-12-15T07:54:30.207-0800] {processor.py:914} INFO - Processing file /Users/rishukhurana/anaconda3/lib/python3.11/site-packages/airflow/example_dags/example_branch_python_dop_operator_3.py for tasks to queue
[2024-12-15T07:54:30.208-0800] {logging_mixin.py:190} INFO - [2024-12-15T07:54:30.208-0800] {dagbag.py:588} INFO - Filling up the DagBag from /Users/rishukhurana/anaconda3/lib/python3.11/site-packages/airflow/example_dags/example_branch_python_dop_operator_3.py
[2024-12-15T07:54:30.244-0800] {processor.py:925} INFO - DAG(s) 'example_branch_dop_operator_v3' retrieved from /Users/rishukhurana/anaconda3/lib/python3.11/site-packages/airflow/example_dags/example_branch_python_dop_operator_3.py
[2024-12-15T07:54:30.333-0800] {logging_mixin.py:190} INFO - [2024-12-15T07:54:30.333-0800] {dag.py:3239} INFO - Sync 1 DAGs
[2024-12-15T07:54:30.352-0800] {logging_mixin.py:190} INFO - [2024-12-15T07:54:30.352-0800] {dag.py:4180} INFO - Setting next_dagrun for example_branch_dop_operator_v3 to 2024-12-15 15:53:00+00:00, run_after=2024-12-15 15:54:00+00:00
[2024-12-15T07:54:30.375-0800] {processor.py:208} INFO - Processing /Users/rishukhurana/anaconda3/lib/python3.11/site-packages/airflow/example_dags/example_branch_python_dop_operator_3.py took 0.177 seconds
[2024-12-15T08:00:42.739-0800] {processor.py:186} INFO - Started process (PID=39833) to work on /Users/rishukhurana/anaconda3/lib/python3.11/site-packages/airflow/example_dags/example_branch_python_dop_operator_3.py
[2024-12-15T08:00:42.742-0800] {processor.py:914} INFO - Processing file /Users/rishukhurana/anaconda3/lib/python3.11/site-packages/airflow/example_dags/example_branch_python_dop_operator_3.py for tasks to queue
[2024-12-15T08:00:42.743-0800] {logging_mixin.py:190} INFO - [2024-12-15T08:00:42.742-0800] {dagbag.py:588} INFO - Filling up the DagBag from /Users/rishukhurana/anaconda3/lib/python3.11/site-packages/airflow/example_dags/example_branch_python_dop_operator_3.py
[2024-12-15T08:00:42.780-0800] {processor.py:925} INFO - DAG(s) 'example_branch_dop_operator_v3' retrieved from /Users/rishukhurana/anaconda3/lib/python3.11/site-packages/airflow/example_dags/example_branch_python_dop_operator_3.py
[2024-12-15T08:00:42.871-0800] {logging_mixin.py:190} INFO - [2024-12-15T08:00:42.870-0800] {dag.py:3239} INFO - Sync 1 DAGs
[2024-12-15T08:00:42.894-0800] {logging_mixin.py:190} INFO - [2024-12-15T08:00:42.894-0800] {dag.py:4180} INFO - Setting next_dagrun for example_branch_dop_operator_v3 to 2024-12-15 15:59:00+00:00, run_after=2024-12-15 16:00:00+00:00
[2024-12-15T08:00:42.913-0800] {processor.py:208} INFO - Processing /Users/rishukhurana/anaconda3/lib/python3.11/site-packages/airflow/example_dags/example_branch_python_dop_operator_3.py took 0.181 seconds
[2024-12-15T08:07:02.157-0800] {processor.py:186} INFO - Started process (PID=40135) to work on /Users/rishukhurana/anaconda3/lib/python3.11/site-packages/airflow/example_dags/example_branch_python_dop_operator_3.py
[2024-12-15T08:07:02.159-0800] {processor.py:914} INFO - Processing file /Users/rishukhurana/anaconda3/lib/python3.11/site-packages/airflow/example_dags/example_branch_python_dop_operator_3.py for tasks to queue
[2024-12-15T08:07:02.160-0800] {logging_mixin.py:190} INFO - [2024-12-15T08:07:02.160-0800] {dagbag.py:588} INFO - Filling up the DagBag from /Users/rishukhurana/anaconda3/lib/python3.11/site-packages/airflow/example_dags/example_branch_python_dop_operator_3.py
[2024-12-15T08:07:02.195-0800] {processor.py:925} INFO - DAG(s) 'example_branch_dop_operator_v3' retrieved from /Users/rishukhurana/anaconda3/lib/python3.11/site-packages/airflow/example_dags/example_branch_python_dop_operator_3.py
[2024-12-15T08:07:02.281-0800] {logging_mixin.py:190} INFO - [2024-12-15T08:07:02.281-0800] {dag.py:3239} INFO - Sync 1 DAGs
[2024-12-15T08:07:02.300-0800] {logging_mixin.py:190} INFO - [2024-12-15T08:07:02.299-0800] {dag.py:4180} INFO - Setting next_dagrun for example_branch_dop_operator_v3 to 2024-12-15 16:06:00+00:00, run_after=2024-12-15 16:07:00+00:00
[2024-12-15T08:07:02.316-0800] {processor.py:208} INFO - Processing /Users/rishukhurana/anaconda3/lib/python3.11/site-packages/airflow/example_dags/example_branch_python_dop_operator_3.py took 0.166 seconds
[2024-12-15T08:14:16.719-0800] {processor.py:186} INFO - Started process (PID=40453) to work on /Users/rishukhurana/anaconda3/lib/python3.11/site-packages/airflow/example_dags/example_branch_python_dop_operator_3.py
[2024-12-15T08:14:16.721-0800] {processor.py:914} INFO - Processing file /Users/rishukhurana/anaconda3/lib/python3.11/site-packages/airflow/example_dags/example_branch_python_dop_operator_3.py for tasks to queue
[2024-12-15T08:14:16.722-0800] {logging_mixin.py:190} INFO - [2024-12-15T08:14:16.722-0800] {dagbag.py:588} INFO - Filling up the DagBag from /Users/rishukhurana/anaconda3/lib/python3.11/site-packages/airflow/example_dags/example_branch_python_dop_operator_3.py
[2024-12-15T08:14:16.758-0800] {processor.py:925} INFO - DAG(s) 'example_branch_dop_operator_v3' retrieved from /Users/rishukhurana/anaconda3/lib/python3.11/site-packages/airflow/example_dags/example_branch_python_dop_operator_3.py
[2024-12-15T08:14:16.845-0800] {logging_mixin.py:190} INFO - [2024-12-15T08:14:16.845-0800] {dag.py:3239} INFO - Sync 1 DAGs
[2024-12-15T08:14:16.871-0800] {logging_mixin.py:190} INFO - [2024-12-15T08:14:16.871-0800] {dag.py:4180} INFO - Setting next_dagrun for example_branch_dop_operator_v3 to 2024-12-15 16:13:00+00:00, run_after=2024-12-15 16:14:00+00:00
[2024-12-15T08:14:16.893-0800] {processor.py:208} INFO - Processing /Users/rishukhurana/anaconda3/lib/python3.11/site-packages/airflow/example_dags/example_branch_python_dop_operator_3.py took 0.180 seconds
[2024-12-15T10:49:50.527-0800] {processor.py:186} INFO - Started process (PID=40964) to work on /Users/rishukhurana/anaconda3/lib/python3.11/site-packages/airflow/example_dags/example_branch_python_dop_operator_3.py
[2024-12-15T10:49:50.531-0800] {processor.py:914} INFO - Processing file /Users/rishukhurana/anaconda3/lib/python3.11/site-packages/airflow/example_dags/example_branch_python_dop_operator_3.py for tasks to queue
[2024-12-15T10:49:50.532-0800] {logging_mixin.py:190} INFO - [2024-12-15T10:49:50.532-0800] {dagbag.py:588} INFO - Filling up the DagBag from /Users/rishukhurana/anaconda3/lib/python3.11/site-packages/airflow/example_dags/example_branch_python_dop_operator_3.py
[2024-12-15T10:49:50.596-0800] {processor.py:925} INFO - DAG(s) 'example_branch_dop_operator_v3' retrieved from /Users/rishukhurana/anaconda3/lib/python3.11/site-packages/airflow/example_dags/example_branch_python_dop_operator_3.py
[2024-12-15T10:49:50.722-0800] {logging_mixin.py:190} INFO - [2024-12-15T10:49:50.720-0800] {dag.py:3239} INFO - Sync 1 DAGs
[2024-12-15T10:49:50.753-0800] {logging_mixin.py:190} INFO - [2024-12-15T10:49:50.753-0800] {dag.py:4180} INFO - Setting next_dagrun for example_branch_dop_operator_v3 to 2024-12-15 18:48:00+00:00, run_after=2024-12-15 18:49:00+00:00
[2024-12-15T10:49:50.775-0800] {processor.py:208} INFO - Processing /Users/rishukhurana/anaconda3/lib/python3.11/site-packages/airflow/example_dags/example_branch_python_dop_operator_3.py took 0.254 seconds
[2024-12-15T11:51:19.421-0800] {processor.py:186} INFO - Started process (PID=41216) to work on /Users/rishukhurana/anaconda3/lib/python3.11/site-packages/airflow/example_dags/example_branch_python_dop_operator_3.py
[2024-12-15T11:51:19.424-0800] {processor.py:914} INFO - Processing file /Users/rishukhurana/anaconda3/lib/python3.11/site-packages/airflow/example_dags/example_branch_python_dop_operator_3.py for tasks to queue
[2024-12-15T11:51:19.425-0800] {logging_mixin.py:190} INFO - [2024-12-15T11:51:19.425-0800] {dagbag.py:588} INFO - Filling up the DagBag from /Users/rishukhurana/anaconda3/lib/python3.11/site-packages/airflow/example_dags/example_branch_python_dop_operator_3.py
[2024-12-15T11:51:19.499-0800] {processor.py:925} INFO - DAG(s) 'example_branch_dop_operator_v3' retrieved from /Users/rishukhurana/anaconda3/lib/python3.11/site-packages/airflow/example_dags/example_branch_python_dop_operator_3.py
[2024-12-15T11:51:19.609-0800] {logging_mixin.py:190} INFO - [2024-12-15T11:51:19.609-0800] {dag.py:3239} INFO - Sync 1 DAGs
[2024-12-15T11:51:19.634-0800] {logging_mixin.py:190} INFO - [2024-12-15T11:51:19.634-0800] {dag.py:4180} INFO - Setting next_dagrun for example_branch_dop_operator_v3 to 2024-12-15 19:50:00+00:00, run_after=2024-12-15 19:51:00+00:00
[2024-12-15T11:51:19.654-0800] {processor.py:208} INFO - Processing /Users/rishukhurana/anaconda3/lib/python3.11/site-packages/airflow/example_dags/example_branch_python_dop_operator_3.py took 0.240 seconds
[2024-12-15T12:00:28.980-0800] {processor.py:186} INFO - Started process (PID=41646) to work on /Users/rishukhurana/anaconda3/lib/python3.11/site-packages/airflow/example_dags/example_branch_python_dop_operator_3.py
[2024-12-15T12:00:28.983-0800] {processor.py:914} INFO - Processing file /Users/rishukhurana/anaconda3/lib/python3.11/site-packages/airflow/example_dags/example_branch_python_dop_operator_3.py for tasks to queue
[2024-12-15T12:00:28.984-0800] {logging_mixin.py:190} INFO - [2024-12-15T12:00:28.984-0800] {dagbag.py:588} INFO - Filling up the DagBag from /Users/rishukhurana/anaconda3/lib/python3.11/site-packages/airflow/example_dags/example_branch_python_dop_operator_3.py
[2024-12-15T12:00:29.017-0800] {processor.py:925} INFO - DAG(s) 'example_branch_dop_operator_v3' retrieved from /Users/rishukhurana/anaconda3/lib/python3.11/site-packages/airflow/example_dags/example_branch_python_dop_operator_3.py
[2024-12-15T12:00:29.093-0800] {logging_mixin.py:190} INFO - [2024-12-15T12:00:29.093-0800] {dag.py:3239} INFO - Sync 1 DAGs
[2024-12-15T12:00:29.113-0800] {logging_mixin.py:190} INFO - [2024-12-15T12:00:29.113-0800] {dag.py:4180} INFO - Setting next_dagrun for example_branch_dop_operator_v3 to 2024-12-15 19:59:00+00:00, run_after=2024-12-15 20:00:00+00:00
[2024-12-15T12:00:29.127-0800] {processor.py:208} INFO - Processing /Users/rishukhurana/anaconda3/lib/python3.11/site-packages/airflow/example_dags/example_branch_python_dop_operator_3.py took 0.152 seconds
[2024-12-15T12:07:42.933-0800] {processor.py:186} INFO - Started process (PID=42001) to work on /Users/rishukhurana/anaconda3/lib/python3.11/site-packages/airflow/example_dags/example_branch_python_dop_operator_3.py
[2024-12-15T12:07:42.937-0800] {processor.py:914} INFO - Processing file /Users/rishukhurana/anaconda3/lib/python3.11/site-packages/airflow/example_dags/example_branch_python_dop_operator_3.py for tasks to queue
[2024-12-15T12:07:42.939-0800] {logging_mixin.py:190} INFO - [2024-12-15T12:07:42.938-0800] {dagbag.py:588} INFO - Filling up the DagBag from /Users/rishukhurana/anaconda3/lib/python3.11/site-packages/airflow/example_dags/example_branch_python_dop_operator_3.py
[2024-12-15T12:07:43.020-0800] {processor.py:925} INFO - DAG(s) 'example_branch_dop_operator_v3' retrieved from /Users/rishukhurana/anaconda3/lib/python3.11/site-packages/airflow/example_dags/example_branch_python_dop_operator_3.py
[2024-12-15T12:07:43.112-0800] {logging_mixin.py:190} INFO - [2024-12-15T12:07:43.111-0800] {dag.py:3239} INFO - Sync 1 DAGs
[2024-12-15T12:07:43.138-0800] {logging_mixin.py:190} INFO - [2024-12-15T12:07:43.138-0800] {dag.py:4180} INFO - Setting next_dagrun for example_branch_dop_operator_v3 to 2024-12-15 20:06:00+00:00, run_after=2024-12-15 20:07:00+00:00
[2024-12-15T12:07:43.159-0800] {processor.py:208} INFO - Processing /Users/rishukhurana/anaconda3/lib/python3.11/site-packages/airflow/example_dags/example_branch_python_dop_operator_3.py took 0.233 seconds
[2024-12-15T12:14:19.377-0800] {processor.py:186} INFO - Started process (PID=42300) to work on /Users/rishukhurana/anaconda3/lib/python3.11/site-packages/airflow/example_dags/example_branch_python_dop_operator_3.py
[2024-12-15T12:14:19.380-0800] {processor.py:914} INFO - Processing file /Users/rishukhurana/anaconda3/lib/python3.11/site-packages/airflow/example_dags/example_branch_python_dop_operator_3.py for tasks to queue
[2024-12-15T12:14:19.381-0800] {logging_mixin.py:190} INFO - [2024-12-15T12:14:19.381-0800] {dagbag.py:588} INFO - Filling up the DagBag from /Users/rishukhurana/anaconda3/lib/python3.11/site-packages/airflow/example_dags/example_branch_python_dop_operator_3.py
[2024-12-15T12:14:19.415-0800] {processor.py:925} INFO - DAG(s) 'example_branch_dop_operator_v3' retrieved from /Users/rishukhurana/anaconda3/lib/python3.11/site-packages/airflow/example_dags/example_branch_python_dop_operator_3.py
[2024-12-15T12:14:19.499-0800] {logging_mixin.py:190} INFO - [2024-12-15T12:14:19.498-0800] {dag.py:3239} INFO - Sync 1 DAGs
[2024-12-15T12:14:19.519-0800] {logging_mixin.py:190} INFO - [2024-12-15T12:14:19.519-0800] {dag.py:4180} INFO - Setting next_dagrun for example_branch_dop_operator_v3 to 2024-12-15 20:13:00+00:00, run_after=2024-12-15 20:14:00+00:00
[2024-12-15T12:14:19.535-0800] {processor.py:208} INFO - Processing /Users/rishukhurana/anaconda3/lib/python3.11/site-packages/airflow/example_dags/example_branch_python_dop_operator_3.py took 0.164 seconds
[2024-12-15T12:20:49.367-0800] {processor.py:186} INFO - Started process (PID=42597) to work on /Users/rishukhurana/anaconda3/lib/python3.11/site-packages/airflow/example_dags/example_branch_python_dop_operator_3.py
[2024-12-15T12:20:49.370-0800] {processor.py:914} INFO - Processing file /Users/rishukhurana/anaconda3/lib/python3.11/site-packages/airflow/example_dags/example_branch_python_dop_operator_3.py for tasks to queue
[2024-12-15T12:20:49.371-0800] {logging_mixin.py:190} INFO - [2024-12-15T12:20:49.371-0800] {dagbag.py:588} INFO - Filling up the DagBag from /Users/rishukhurana/anaconda3/lib/python3.11/site-packages/airflow/example_dags/example_branch_python_dop_operator_3.py
[2024-12-15T12:20:49.406-0800] {processor.py:925} INFO - DAG(s) 'example_branch_dop_operator_v3' retrieved from /Users/rishukhurana/anaconda3/lib/python3.11/site-packages/airflow/example_dags/example_branch_python_dop_operator_3.py
[2024-12-15T12:20:49.490-0800] {logging_mixin.py:190} INFO - [2024-12-15T12:20:49.489-0800] {dag.py:3239} INFO - Sync 1 DAGs
[2024-12-15T12:20:49.508-0800] {logging_mixin.py:190} INFO - [2024-12-15T12:20:49.508-0800] {dag.py:4180} INFO - Setting next_dagrun for example_branch_dop_operator_v3 to 2024-12-15 20:19:00+00:00, run_after=2024-12-15 20:20:00+00:00
[2024-12-15T12:20:49.529-0800] {processor.py:208} INFO - Processing /Users/rishukhurana/anaconda3/lib/python3.11/site-packages/airflow/example_dags/example_branch_python_dop_operator_3.py took 0.168 seconds
[2024-12-15T12:27:08.893-0800] {processor.py:186} INFO - Started process (PID=42892) to work on /Users/rishukhurana/anaconda3/lib/python3.11/site-packages/airflow/example_dags/example_branch_python_dop_operator_3.py
[2024-12-15T12:27:08.896-0800] {processor.py:914} INFO - Processing file /Users/rishukhurana/anaconda3/lib/python3.11/site-packages/airflow/example_dags/example_branch_python_dop_operator_3.py for tasks to queue
[2024-12-15T12:27:08.898-0800] {logging_mixin.py:190} INFO - [2024-12-15T12:27:08.898-0800] {dagbag.py:588} INFO - Filling up the DagBag from /Users/rishukhurana/anaconda3/lib/python3.11/site-packages/airflow/example_dags/example_branch_python_dop_operator_3.py
[2024-12-15T12:27:08.963-0800] {processor.py:925} INFO - DAG(s) 'example_branch_dop_operator_v3' retrieved from /Users/rishukhurana/anaconda3/lib/python3.11/site-packages/airflow/example_dags/example_branch_python_dop_operator_3.py
[2024-12-15T12:27:09.041-0800] {logging_mixin.py:190} INFO - [2024-12-15T12:27:09.041-0800] {dag.py:3239} INFO - Sync 1 DAGs
[2024-12-15T12:27:09.064-0800] {logging_mixin.py:190} INFO - [2024-12-15T12:27:09.063-0800] {dag.py:4180} INFO - Setting next_dagrun for example_branch_dop_operator_v3 to 2024-12-15 20:26:00+00:00, run_after=2024-12-15 20:27:00+00:00
[2024-12-15T12:27:09.082-0800] {processor.py:208} INFO - Processing /Users/rishukhurana/anaconda3/lib/python3.11/site-packages/airflow/example_dags/example_branch_python_dop_operator_3.py took 0.194 seconds
[2024-12-15T12:33:46.513-0800] {processor.py:186} INFO - Started process (PID=43203) to work on /Users/rishukhurana/anaconda3/lib/python3.11/site-packages/airflow/example_dags/example_branch_python_dop_operator_3.py
[2024-12-15T12:33:46.515-0800] {processor.py:914} INFO - Processing file /Users/rishukhurana/anaconda3/lib/python3.11/site-packages/airflow/example_dags/example_branch_python_dop_operator_3.py for tasks to queue
[2024-12-15T12:33:46.516-0800] {logging_mixin.py:190} INFO - [2024-12-15T12:33:46.516-0800] {dagbag.py:588} INFO - Filling up the DagBag from /Users/rishukhurana/anaconda3/lib/python3.11/site-packages/airflow/example_dags/example_branch_python_dop_operator_3.py
[2024-12-15T12:33:46.549-0800] {processor.py:925} INFO - DAG(s) 'example_branch_dop_operator_v3' retrieved from /Users/rishukhurana/anaconda3/lib/python3.11/site-packages/airflow/example_dags/example_branch_python_dop_operator_3.py
[2024-12-15T12:33:46.631-0800] {logging_mixin.py:190} INFO - [2024-12-15T12:33:46.631-0800] {dag.py:3239} INFO - Sync 1 DAGs
[2024-12-15T12:33:46.655-0800] {logging_mixin.py:190} INFO - [2024-12-15T12:33:46.655-0800] {dag.py:4180} INFO - Setting next_dagrun for example_branch_dop_operator_v3 to 2024-12-15 20:32:00+00:00, run_after=2024-12-15 20:33:00+00:00
[2024-12-15T12:33:46.674-0800] {processor.py:208} INFO - Processing /Users/rishukhurana/anaconda3/lib/python3.11/site-packages/airflow/example_dags/example_branch_python_dop_operator_3.py took 0.168 seconds
[2024-12-15T12:40:23.031-0800] {processor.py:186} INFO - Started process (PID=43509) to work on /Users/rishukhurana/anaconda3/lib/python3.11/site-packages/airflow/example_dags/example_branch_python_dop_operator_3.py
[2024-12-15T12:40:23.033-0800] {processor.py:914} INFO - Processing file /Users/rishukhurana/anaconda3/lib/python3.11/site-packages/airflow/example_dags/example_branch_python_dop_operator_3.py for tasks to queue
[2024-12-15T12:40:23.035-0800] {logging_mixin.py:190} INFO - [2024-12-15T12:40:23.034-0800] {dagbag.py:588} INFO - Filling up the DagBag from /Users/rishukhurana/anaconda3/lib/python3.11/site-packages/airflow/example_dags/example_branch_python_dop_operator_3.py
[2024-12-15T12:40:23.097-0800] {processor.py:925} INFO - DAG(s) 'example_branch_dop_operator_v3' retrieved from /Users/rishukhurana/anaconda3/lib/python3.11/site-packages/airflow/example_dags/example_branch_python_dop_operator_3.py
[2024-12-15T12:40:23.180-0800] {logging_mixin.py:190} INFO - [2024-12-15T12:40:23.180-0800] {dag.py:3239} INFO - Sync 1 DAGs
[2024-12-15T12:40:23.202-0800] {logging_mixin.py:190} INFO - [2024-12-15T12:40:23.202-0800] {dag.py:4180} INFO - Setting next_dagrun for example_branch_dop_operator_v3 to 2024-12-15 20:39:00+00:00, run_after=2024-12-15 20:40:00+00:00
[2024-12-15T12:40:23.217-0800] {processor.py:208} INFO - Processing /Users/rishukhurana/anaconda3/lib/python3.11/site-packages/airflow/example_dags/example_branch_python_dop_operator_3.py took 0.192 seconds
[2024-12-15T12:46:54.878-0800] {processor.py:186} INFO - Started process (PID=43805) to work on /Users/rishukhurana/anaconda3/lib/python3.11/site-packages/airflow/example_dags/example_branch_python_dop_operator_3.py
[2024-12-15T12:46:54.881-0800] {processor.py:914} INFO - Processing file /Users/rishukhurana/anaconda3/lib/python3.11/site-packages/airflow/example_dags/example_branch_python_dop_operator_3.py for tasks to queue
[2024-12-15T12:46:54.882-0800] {logging_mixin.py:190} INFO - [2024-12-15T12:46:54.882-0800] {dagbag.py:588} INFO - Filling up the DagBag from /Users/rishukhurana/anaconda3/lib/python3.11/site-packages/airflow/example_dags/example_branch_python_dop_operator_3.py
[2024-12-15T12:46:54.921-0800] {processor.py:925} INFO - DAG(s) 'example_branch_dop_operator_v3' retrieved from /Users/rishukhurana/anaconda3/lib/python3.11/site-packages/airflow/example_dags/example_branch_python_dop_operator_3.py
[2024-12-15T12:46:55.013-0800] {logging_mixin.py:190} INFO - [2024-12-15T12:46:55.013-0800] {dag.py:3239} INFO - Sync 1 DAGs
[2024-12-15T12:46:55.037-0800] {logging_mixin.py:190} INFO - [2024-12-15T12:46:55.037-0800] {dag.py:4180} INFO - Setting next_dagrun for example_branch_dop_operator_v3 to 2024-12-15 20:45:00+00:00, run_after=2024-12-15 20:46:00+00:00
[2024-12-15T12:46:55.054-0800] {processor.py:208} INFO - Processing /Users/rishukhurana/anaconda3/lib/python3.11/site-packages/airflow/example_dags/example_branch_python_dop_operator_3.py took 0.182 seconds
