[2024-12-08T08:40:54.225-0800] {processor.py:186} INFO - Started process (PID=90944) to work on /Users/rishukhurana/.venv/lib/python3.11/site-packages/airflow/example_dags/example_nested_branch_dag.py
[2024-12-08T08:40:54.227-0800] {processor.py:914} INFO - Processing file /Users/rishukhurana/.venv/lib/python3.11/site-packages/airflow/example_dags/example_nested_branch_dag.py for tasks to queue
[2024-12-08T08:40:54.228-0800] {logging_mixin.py:190} INFO - [2024-12-08T08:40:54.228-0800] {dagbag.py:588} INFO - Filling up the DagBag from /Users/rishukhurana/.venv/lib/python3.11/site-packages/airflow/example_dags/example_nested_branch_dag.py
[2024-12-08T08:40:54.268-0800] {processor.py:925} INFO - DAG(s) 'example_nested_branch_dag' retrieved from /Users/rishukhurana/.venv/lib/python3.11/site-packages/airflow/example_dags/example_nested_branch_dag.py
[2024-12-08T08:40:54.487-0800] {logging_mixin.py:190} INFO - [2024-12-08T08:40:54.486-0800] {override.py:1911} INFO - Created Permission View: can edit on DAG:example_nested_branch_dag
[2024-12-08T08:40:54.495-0800] {logging_mixin.py:190} INFO - [2024-12-08T08:40:54.495-0800] {override.py:1911} INFO - Created Permission View: can read on DAG:example_nested_branch_dag
[2024-12-08T08:40:54.501-0800] {logging_mixin.py:190} INFO - [2024-12-08T08:40:54.500-0800] {override.py:1911} INFO - Created Permission View: can delete on DAG:example_nested_branch_dag
[2024-12-08T08:40:54.508-0800] {logging_mixin.py:190} INFO - [2024-12-08T08:40:54.508-0800] {override.py:1911} INFO - Created Permission View: can create on DAG Run:example_nested_branch_dag
[2024-12-08T08:40:54.516-0800] {logging_mixin.py:190} INFO - [2024-12-08T08:40:54.515-0800] {override.py:1911} INFO - Created Permission View: menu access on DAG Run:example_nested_branch_dag
[2024-12-08T08:40:54.521-0800] {logging_mixin.py:190} INFO - [2024-12-08T08:40:54.521-0800] {override.py:1911} INFO - Created Permission View: can read on DAG Run:example_nested_branch_dag
[2024-12-08T08:40:54.526-0800] {logging_mixin.py:190} INFO - [2024-12-08T08:40:54.526-0800] {override.py:1911} INFO - Created Permission View: can delete on DAG Run:example_nested_branch_dag
[2024-12-08T08:40:54.527-0800] {logging_mixin.py:190} INFO - [2024-12-08T08:40:54.527-0800] {dag.py:3239} INFO - Sync 1 DAGs
[2024-12-08T08:40:54.536-0800] {logging_mixin.py:190} INFO - [2024-12-08T08:40:54.536-0800] {dag.py:3262} INFO - Creating ORM DAG for example_nested_branch_dag
[2024-12-08T08:40:54.544-0800] {logging_mixin.py:190} INFO - [2024-12-08T08:40:54.544-0800] {dag.py:4180} INFO - Setting next_dagrun for example_nested_branch_dag to 2024-12-07 00:00:00+00:00, run_after=2024-12-08 00:00:00+00:00
[2024-12-08T08:40:54.558-0800] {processor.py:208} INFO - Processing /Users/rishukhurana/.venv/lib/python3.11/site-packages/airflow/example_dags/example_nested_branch_dag.py took 0.341 seconds
[2024-12-08T08:55:58.420-0800] {processor.py:186} INFO - Started process (PID=91371) to work on /Users/rishukhurana/anaconda3/lib/python3.11/site-packages/airflow/example_dags/example_nested_branch_dag.py
[2024-12-08T08:55:58.421-0800] {processor.py:914} INFO - Processing file /Users/rishukhurana/anaconda3/lib/python3.11/site-packages/airflow/example_dags/example_nested_branch_dag.py for tasks to queue
[2024-12-08T08:55:58.422-0800] {logging_mixin.py:190} INFO - [2024-12-08T08:55:58.422-0800] {dagbag.py:588} INFO - Filling up the DagBag from /Users/rishukhurana/anaconda3/lib/python3.11/site-packages/airflow/example_dags/example_nested_branch_dag.py
[2024-12-08T08:55:58.462-0800] {processor.py:925} INFO - DAG(s) 'example_nested_branch_dag' retrieved from /Users/rishukhurana/anaconda3/lib/python3.11/site-packages/airflow/example_dags/example_nested_branch_dag.py
[2024-12-08T08:55:58.643-0800] {logging_mixin.py:190} INFO - [2024-12-08T08:55:58.643-0800] {dag.py:3239} INFO - Sync 1 DAGs
[2024-12-08T08:55:58.660-0800] {logging_mixin.py:190} INFO - [2024-12-08T08:55:58.660-0800] {dag.py:4180} INFO - Setting next_dagrun for example_nested_branch_dag to 2024-12-07 00:00:00+00:00, run_after=2024-12-08 00:00:00+00:00
[2024-12-08T08:55:58.679-0800] {processor.py:208} INFO - Processing /Users/rishukhurana/anaconda3/lib/python3.11/site-packages/airflow/example_dags/example_nested_branch_dag.py took 0.266 seconds
[2024-12-08T08:59:35.475-0800] {processor.py:186} INFO - Started process (PID=91640) to work on /Users/rishukhurana/anaconda3/lib/python3.11/site-packages/airflow/example_dags/example_nested_branch_dag.py
[2024-12-08T08:59:35.476-0800] {processor.py:914} INFO - Processing file /Users/rishukhurana/anaconda3/lib/python3.11/site-packages/airflow/example_dags/example_nested_branch_dag.py for tasks to queue
[2024-12-08T08:59:35.478-0800] {logging_mixin.py:190} INFO - [2024-12-08T08:59:35.477-0800] {dagbag.py:588} INFO - Filling up the DagBag from /Users/rishukhurana/anaconda3/lib/python3.11/site-packages/airflow/example_dags/example_nested_branch_dag.py
[2024-12-08T08:59:35.526-0800] {processor.py:925} INFO - DAG(s) 'example_nested_branch_dag' retrieved from /Users/rishukhurana/anaconda3/lib/python3.11/site-packages/airflow/example_dags/example_nested_branch_dag.py
[2024-12-08T08:59:35.644-0800] {logging_mixin.py:190} INFO - [2024-12-08T08:59:35.643-0800] {dag.py:3239} INFO - Sync 1 DAGs
[2024-12-08T08:59:35.669-0800] {logging_mixin.py:190} INFO - [2024-12-08T08:59:35.668-0800] {dag.py:4180} INFO - Setting next_dagrun for example_nested_branch_dag to 2024-12-07 00:00:00+00:00, run_after=2024-12-08 00:00:00+00:00
[2024-12-08T08:59:35.690-0800] {processor.py:208} INFO - Processing /Users/rishukhurana/anaconda3/lib/python3.11/site-packages/airflow/example_dags/example_nested_branch_dag.py took 0.220 seconds
[2024-12-08T09:02:38.235-0800] {processor.py:186} INFO - Started process (PID=91816) to work on /Users/rishukhurana/anaconda3/lib/python3.11/site-packages/airflow/example_dags/example_nested_branch_dag.py
[2024-12-08T09:02:38.238-0800] {processor.py:914} INFO - Processing file /Users/rishukhurana/anaconda3/lib/python3.11/site-packages/airflow/example_dags/example_nested_branch_dag.py for tasks to queue
[2024-12-08T09:02:38.240-0800] {logging_mixin.py:190} INFO - [2024-12-08T09:02:38.239-0800] {dagbag.py:588} INFO - Filling up the DagBag from /Users/rishukhurana/anaconda3/lib/python3.11/site-packages/airflow/example_dags/example_nested_branch_dag.py
[2024-12-08T09:02:38.281-0800] {processor.py:925} INFO - DAG(s) 'example_nested_branch_dag' retrieved from /Users/rishukhurana/anaconda3/lib/python3.11/site-packages/airflow/example_dags/example_nested_branch_dag.py
[2024-12-08T09:02:38.372-0800] {logging_mixin.py:190} INFO - [2024-12-08T09:02:38.371-0800] {dag.py:3239} INFO - Sync 1 DAGs
[2024-12-08T09:02:38.387-0800] {logging_mixin.py:190} INFO - [2024-12-08T09:02:38.387-0800] {dag.py:4180} INFO - Setting next_dagrun for example_nested_branch_dag to 2024-12-07 00:00:00+00:00, run_after=2024-12-08 00:00:00+00:00
[2024-12-08T09:02:38.405-0800] {processor.py:208} INFO - Processing /Users/rishukhurana/anaconda3/lib/python3.11/site-packages/airflow/example_dags/example_nested_branch_dag.py took 0.176 seconds
[2024-12-08T09:05:32.552-0800] {processor.py:186} INFO - Started process (PID=92001) to work on /Users/rishukhurana/anaconda3/lib/python3.11/site-packages/airflow/example_dags/example_nested_branch_dag.py
[2024-12-08T09:05:32.554-0800] {processor.py:914} INFO - Processing file /Users/rishukhurana/anaconda3/lib/python3.11/site-packages/airflow/example_dags/example_nested_branch_dag.py for tasks to queue
[2024-12-08T09:05:32.556-0800] {logging_mixin.py:190} INFO - [2024-12-08T09:05:32.555-0800] {dagbag.py:588} INFO - Filling up the DagBag from /Users/rishukhurana/anaconda3/lib/python3.11/site-packages/airflow/example_dags/example_nested_branch_dag.py
[2024-12-08T09:05:32.591-0800] {processor.py:925} INFO - DAG(s) 'example_nested_branch_dag' retrieved from /Users/rishukhurana/anaconda3/lib/python3.11/site-packages/airflow/example_dags/example_nested_branch_dag.py
[2024-12-08T09:05:32.672-0800] {logging_mixin.py:190} INFO - [2024-12-08T09:05:32.672-0800] {dag.py:3239} INFO - Sync 1 DAGs
[2024-12-08T09:05:32.687-0800] {logging_mixin.py:190} INFO - [2024-12-08T09:05:32.687-0800] {dag.py:4180} INFO - Setting next_dagrun for example_nested_branch_dag to 2024-12-07 00:00:00+00:00, run_after=2024-12-08 00:00:00+00:00
[2024-12-08T09:05:32.703-0800] {processor.py:208} INFO - Processing /Users/rishukhurana/anaconda3/lib/python3.11/site-packages/airflow/example_dags/example_nested_branch_dag.py took 0.158 seconds
[2024-12-08T09:08:23.990-0800] {processor.py:186} INFO - Started process (PID=92168) to work on /Users/rishukhurana/anaconda3/lib/python3.11/site-packages/airflow/example_dags/example_nested_branch_dag.py
[2024-12-08T09:08:23.992-0800] {processor.py:914} INFO - Processing file /Users/rishukhurana/anaconda3/lib/python3.11/site-packages/airflow/example_dags/example_nested_branch_dag.py for tasks to queue
[2024-12-08T09:08:23.994-0800] {logging_mixin.py:190} INFO - [2024-12-08T09:08:23.994-0800] {dagbag.py:588} INFO - Filling up the DagBag from /Users/rishukhurana/anaconda3/lib/python3.11/site-packages/airflow/example_dags/example_nested_branch_dag.py
[2024-12-08T09:08:24.122-0800] {processor.py:925} INFO - DAG(s) 'example_nested_branch_dag' retrieved from /Users/rishukhurana/anaconda3/lib/python3.11/site-packages/airflow/example_dags/example_nested_branch_dag.py
[2024-12-08T09:08:24.216-0800] {logging_mixin.py:190} INFO - [2024-12-08T09:08:24.215-0800] {dag.py:3239} INFO - Sync 1 DAGs
[2024-12-08T09:08:24.231-0800] {logging_mixin.py:190} INFO - [2024-12-08T09:08:24.230-0800] {dag.py:4180} INFO - Setting next_dagrun for example_nested_branch_dag to 2024-12-07 00:00:00+00:00, run_after=2024-12-08 00:00:00+00:00
[2024-12-08T09:08:24.246-0800] {processor.py:208} INFO - Processing /Users/rishukhurana/anaconda3/lib/python3.11/site-packages/airflow/example_dags/example_nested_branch_dag.py took 0.263 seconds
[2024-12-08T09:11:20.001-0800] {processor.py:186} INFO - Started process (PID=92360) to work on /Users/rishukhurana/anaconda3/lib/python3.11/site-packages/airflow/example_dags/example_nested_branch_dag.py
[2024-12-08T09:11:20.003-0800] {processor.py:914} INFO - Processing file /Users/rishukhurana/anaconda3/lib/python3.11/site-packages/airflow/example_dags/example_nested_branch_dag.py for tasks to queue
[2024-12-08T09:11:20.004-0800] {logging_mixin.py:190} INFO - [2024-12-08T09:11:20.004-0800] {dagbag.py:588} INFO - Filling up the DagBag from /Users/rishukhurana/anaconda3/lib/python3.11/site-packages/airflow/example_dags/example_nested_branch_dag.py
[2024-12-08T09:11:20.040-0800] {processor.py:925} INFO - DAG(s) 'example_nested_branch_dag' retrieved from /Users/rishukhurana/anaconda3/lib/python3.11/site-packages/airflow/example_dags/example_nested_branch_dag.py
[2024-12-08T09:11:20.119-0800] {logging_mixin.py:190} INFO - [2024-12-08T09:11:20.119-0800] {dag.py:3239} INFO - Sync 1 DAGs
[2024-12-08T09:11:20.134-0800] {logging_mixin.py:190} INFO - [2024-12-08T09:11:20.133-0800] {dag.py:4180} INFO - Setting next_dagrun for example_nested_branch_dag to 2024-12-07 00:00:00+00:00, run_after=2024-12-08 00:00:00+00:00
[2024-12-08T09:11:20.149-0800] {processor.py:208} INFO - Processing /Users/rishukhurana/anaconda3/lib/python3.11/site-packages/airflow/example_dags/example_nested_branch_dag.py took 0.153 seconds
[2024-12-08T09:14:12.208-0800] {processor.py:186} INFO - Started process (PID=92557) to work on /Users/rishukhurana/anaconda3/lib/python3.11/site-packages/airflow/example_dags/example_nested_branch_dag.py
[2024-12-08T09:14:12.211-0800] {processor.py:914} INFO - Processing file /Users/rishukhurana/anaconda3/lib/python3.11/site-packages/airflow/example_dags/example_nested_branch_dag.py for tasks to queue
[2024-12-08T09:14:12.212-0800] {logging_mixin.py:190} INFO - [2024-12-08T09:14:12.212-0800] {dagbag.py:588} INFO - Filling up the DagBag from /Users/rishukhurana/anaconda3/lib/python3.11/site-packages/airflow/example_dags/example_nested_branch_dag.py
[2024-12-08T09:14:12.245-0800] {processor.py:925} INFO - DAG(s) 'example_nested_branch_dag' retrieved from /Users/rishukhurana/anaconda3/lib/python3.11/site-packages/airflow/example_dags/example_nested_branch_dag.py
[2024-12-08T09:14:12.325-0800] {logging_mixin.py:190} INFO - [2024-12-08T09:14:12.325-0800] {dag.py:3239} INFO - Sync 1 DAGs
[2024-12-08T09:14:12.340-0800] {logging_mixin.py:190} INFO - [2024-12-08T09:14:12.339-0800] {dag.py:4180} INFO - Setting next_dagrun for example_nested_branch_dag to 2024-12-07 00:00:00+00:00, run_after=2024-12-08 00:00:00+00:00
[2024-12-08T09:14:12.356-0800] {processor.py:208} INFO - Processing /Users/rishukhurana/anaconda3/lib/python3.11/site-packages/airflow/example_dags/example_nested_branch_dag.py took 0.155 seconds
[2024-12-08T09:17:01.576-0800] {processor.py:186} INFO - Started process (PID=92733) to work on /Users/rishukhurana/anaconda3/lib/python3.11/site-packages/airflow/example_dags/example_nested_branch_dag.py
[2024-12-08T09:17:01.579-0800] {processor.py:914} INFO - Processing file /Users/rishukhurana/anaconda3/lib/python3.11/site-packages/airflow/example_dags/example_nested_branch_dag.py for tasks to queue
[2024-12-08T09:17:01.580-0800] {logging_mixin.py:190} INFO - [2024-12-08T09:17:01.580-0800] {dagbag.py:588} INFO - Filling up the DagBag from /Users/rishukhurana/anaconda3/lib/python3.11/site-packages/airflow/example_dags/example_nested_branch_dag.py
[2024-12-08T09:17:01.614-0800] {processor.py:925} INFO - DAG(s) 'example_nested_branch_dag' retrieved from /Users/rishukhurana/anaconda3/lib/python3.11/site-packages/airflow/example_dags/example_nested_branch_dag.py
[2024-12-08T09:17:01.698-0800] {logging_mixin.py:190} INFO - [2024-12-08T09:17:01.698-0800] {dag.py:3239} INFO - Sync 1 DAGs
[2024-12-08T09:17:01.714-0800] {logging_mixin.py:190} INFO - [2024-12-08T09:17:01.714-0800] {dag.py:4180} INFO - Setting next_dagrun for example_nested_branch_dag to 2024-12-07 00:00:00+00:00, run_after=2024-12-08 00:00:00+00:00
[2024-12-08T09:17:01.750-0800] {processor.py:208} INFO - Processing /Users/rishukhurana/anaconda3/lib/python3.11/site-packages/airflow/example_dags/example_nested_branch_dag.py took 0.180 seconds
[2024-12-08T09:19:45.445-0800] {processor.py:186} INFO - Started process (PID=92898) to work on /Users/rishukhurana/anaconda3/lib/python3.11/site-packages/airflow/example_dags/example_nested_branch_dag.py
[2024-12-08T09:19:45.447-0800] {processor.py:914} INFO - Processing file /Users/rishukhurana/anaconda3/lib/python3.11/site-packages/airflow/example_dags/example_nested_branch_dag.py for tasks to queue
[2024-12-08T09:19:45.449-0800] {logging_mixin.py:190} INFO - [2024-12-08T09:19:45.449-0800] {dagbag.py:588} INFO - Filling up the DagBag from /Users/rishukhurana/anaconda3/lib/python3.11/site-packages/airflow/example_dags/example_nested_branch_dag.py
[2024-12-08T09:19:45.486-0800] {processor.py:925} INFO - DAG(s) 'example_nested_branch_dag' retrieved from /Users/rishukhurana/anaconda3/lib/python3.11/site-packages/airflow/example_dags/example_nested_branch_dag.py
[2024-12-08T09:19:45.570-0800] {logging_mixin.py:190} INFO - [2024-12-08T09:19:45.569-0800] {dag.py:3239} INFO - Sync 1 DAGs
[2024-12-08T09:19:45.587-0800] {logging_mixin.py:190} INFO - [2024-12-08T09:19:45.586-0800] {dag.py:4180} INFO - Setting next_dagrun for example_nested_branch_dag to 2024-12-07 00:00:00+00:00, run_after=2024-12-08 00:00:00+00:00
[2024-12-08T09:19:45.603-0800] {processor.py:208} INFO - Processing /Users/rishukhurana/anaconda3/lib/python3.11/site-packages/airflow/example_dags/example_nested_branch_dag.py took 0.164 seconds
[2024-12-08T09:22:31.506-0800] {processor.py:186} INFO - Started process (PID=93090) to work on /Users/rishukhurana/anaconda3/lib/python3.11/site-packages/airflow/example_dags/example_nested_branch_dag.py
[2024-12-08T09:22:31.509-0800] {processor.py:914} INFO - Processing file /Users/rishukhurana/anaconda3/lib/python3.11/site-packages/airflow/example_dags/example_nested_branch_dag.py for tasks to queue
[2024-12-08T09:22:31.510-0800] {logging_mixin.py:190} INFO - [2024-12-08T09:22:31.510-0800] {dagbag.py:588} INFO - Filling up the DagBag from /Users/rishukhurana/anaconda3/lib/python3.11/site-packages/airflow/example_dags/example_nested_branch_dag.py
[2024-12-08T09:22:31.550-0800] {processor.py:925} INFO - DAG(s) 'example_nested_branch_dag' retrieved from /Users/rishukhurana/anaconda3/lib/python3.11/site-packages/airflow/example_dags/example_nested_branch_dag.py
[2024-12-08T09:22:31.631-0800] {logging_mixin.py:190} INFO - [2024-12-08T09:22:31.631-0800] {dag.py:3239} INFO - Sync 1 DAGs
[2024-12-08T09:22:31.646-0800] {logging_mixin.py:190} INFO - [2024-12-08T09:22:31.646-0800] {dag.py:4180} INFO - Setting next_dagrun for example_nested_branch_dag to 2024-12-07 00:00:00+00:00, run_after=2024-12-08 00:00:00+00:00
[2024-12-08T09:22:31.661-0800] {processor.py:208} INFO - Processing /Users/rishukhurana/anaconda3/lib/python3.11/site-packages/airflow/example_dags/example_nested_branch_dag.py took 0.161 seconds
[2024-12-08T09:25:21.019-0800] {processor.py:186} INFO - Started process (PID=93269) to work on /Users/rishukhurana/anaconda3/lib/python3.11/site-packages/airflow/example_dags/example_nested_branch_dag.py
[2024-12-08T09:25:21.021-0800] {processor.py:914} INFO - Processing file /Users/rishukhurana/anaconda3/lib/python3.11/site-packages/airflow/example_dags/example_nested_branch_dag.py for tasks to queue
[2024-12-08T09:25:21.022-0800] {logging_mixin.py:190} INFO - [2024-12-08T09:25:21.022-0800] {dagbag.py:588} INFO - Filling up the DagBag from /Users/rishukhurana/anaconda3/lib/python3.11/site-packages/airflow/example_dags/example_nested_branch_dag.py
[2024-12-08T09:25:21.061-0800] {processor.py:925} INFO - DAG(s) 'example_nested_branch_dag' retrieved from /Users/rishukhurana/anaconda3/lib/python3.11/site-packages/airflow/example_dags/example_nested_branch_dag.py
[2024-12-08T09:25:21.140-0800] {logging_mixin.py:190} INFO - [2024-12-08T09:25:21.140-0800] {dag.py:3239} INFO - Sync 1 DAGs
[2024-12-08T09:25:21.155-0800] {logging_mixin.py:190} INFO - [2024-12-08T09:25:21.155-0800] {dag.py:4180} INFO - Setting next_dagrun for example_nested_branch_dag to 2024-12-07 00:00:00+00:00, run_after=2024-12-08 00:00:00+00:00
[2024-12-08T09:25:21.170-0800] {processor.py:208} INFO - Processing /Users/rishukhurana/anaconda3/lib/python3.11/site-packages/airflow/example_dags/example_nested_branch_dag.py took 0.156 seconds
[2024-12-08T09:28:04.133-0800] {processor.py:186} INFO - Started process (PID=93454) to work on /Users/rishukhurana/anaconda3/lib/python3.11/site-packages/airflow/example_dags/example_nested_branch_dag.py
[2024-12-08T09:28:04.135-0800] {processor.py:914} INFO - Processing file /Users/rishukhurana/anaconda3/lib/python3.11/site-packages/airflow/example_dags/example_nested_branch_dag.py for tasks to queue
[2024-12-08T09:28:04.137-0800] {logging_mixin.py:190} INFO - [2024-12-08T09:28:04.137-0800] {dagbag.py:588} INFO - Filling up the DagBag from /Users/rishukhurana/anaconda3/lib/python3.11/site-packages/airflow/example_dags/example_nested_branch_dag.py
[2024-12-08T09:28:04.172-0800] {processor.py:925} INFO - DAG(s) 'example_nested_branch_dag' retrieved from /Users/rishukhurana/anaconda3/lib/python3.11/site-packages/airflow/example_dags/example_nested_branch_dag.py
[2024-12-08T09:28:04.250-0800] {logging_mixin.py:190} INFO - [2024-12-08T09:28:04.250-0800] {dag.py:3239} INFO - Sync 1 DAGs
[2024-12-08T09:28:04.265-0800] {logging_mixin.py:190} INFO - [2024-12-08T09:28:04.264-0800] {dag.py:4180} INFO - Setting next_dagrun for example_nested_branch_dag to 2024-12-07 00:00:00+00:00, run_after=2024-12-08 00:00:00+00:00
[2024-12-08T09:28:04.280-0800] {processor.py:208} INFO - Processing /Users/rishukhurana/anaconda3/lib/python3.11/site-packages/airflow/example_dags/example_nested_branch_dag.py took 0.153 seconds
[2024-12-08T09:30:46.197-0800] {processor.py:186} INFO - Started process (PID=93617) to work on /Users/rishukhurana/anaconda3/lib/python3.11/site-packages/airflow/example_dags/example_nested_branch_dag.py
[2024-12-08T09:30:46.200-0800] {processor.py:914} INFO - Processing file /Users/rishukhurana/anaconda3/lib/python3.11/site-packages/airflow/example_dags/example_nested_branch_dag.py for tasks to queue
[2024-12-08T09:30:46.201-0800] {logging_mixin.py:190} INFO - [2024-12-08T09:30:46.201-0800] {dagbag.py:588} INFO - Filling up the DagBag from /Users/rishukhurana/anaconda3/lib/python3.11/site-packages/airflow/example_dags/example_nested_branch_dag.py
[2024-12-08T09:30:46.244-0800] {processor.py:925} INFO - DAG(s) 'example_nested_branch_dag' retrieved from /Users/rishukhurana/anaconda3/lib/python3.11/site-packages/airflow/example_dags/example_nested_branch_dag.py
[2024-12-08T09:30:46.323-0800] {logging_mixin.py:190} INFO - [2024-12-08T09:30:46.323-0800] {dag.py:3239} INFO - Sync 1 DAGs
[2024-12-08T09:30:46.337-0800] {logging_mixin.py:190} INFO - [2024-12-08T09:30:46.337-0800] {dag.py:4180} INFO - Setting next_dagrun for example_nested_branch_dag to 2024-12-07 00:00:00+00:00, run_after=2024-12-08 00:00:00+00:00
[2024-12-08T09:30:46.352-0800] {processor.py:208} INFO - Processing /Users/rishukhurana/anaconda3/lib/python3.11/site-packages/airflow/example_dags/example_nested_branch_dag.py took 0.162 seconds
[2024-12-08T09:33:31.089-0800] {processor.py:186} INFO - Started process (PID=93789) to work on /Users/rishukhurana/anaconda3/lib/python3.11/site-packages/airflow/example_dags/example_nested_branch_dag.py
[2024-12-08T09:33:31.091-0800] {processor.py:914} INFO - Processing file /Users/rishukhurana/anaconda3/lib/python3.11/site-packages/airflow/example_dags/example_nested_branch_dag.py for tasks to queue
[2024-12-08T09:33:31.092-0800] {logging_mixin.py:190} INFO - [2024-12-08T09:33:31.092-0800] {dagbag.py:588} INFO - Filling up the DagBag from /Users/rishukhurana/anaconda3/lib/python3.11/site-packages/airflow/example_dags/example_nested_branch_dag.py
[2024-12-08T09:33:31.125-0800] {processor.py:925} INFO - DAG(s) 'example_nested_branch_dag' retrieved from /Users/rishukhurana/anaconda3/lib/python3.11/site-packages/airflow/example_dags/example_nested_branch_dag.py
[2024-12-08T09:33:31.217-0800] {logging_mixin.py:190} INFO - [2024-12-08T09:33:31.217-0800] {dag.py:3239} INFO - Sync 1 DAGs
[2024-12-08T09:33:31.234-0800] {logging_mixin.py:190} INFO - [2024-12-08T09:33:31.234-0800] {dag.py:4180} INFO - Setting next_dagrun for example_nested_branch_dag to 2024-12-07 00:00:00+00:00, run_after=2024-12-08 00:00:00+00:00
[2024-12-08T09:33:31.249-0800] {processor.py:208} INFO - Processing /Users/rishukhurana/anaconda3/lib/python3.11/site-packages/airflow/example_dags/example_nested_branch_dag.py took 0.166 seconds
[2024-12-08T09:36:23.888-0800] {processor.py:186} INFO - Started process (PID=93978) to work on /Users/rishukhurana/anaconda3/lib/python3.11/site-packages/airflow/example_dags/example_nested_branch_dag.py
[2024-12-08T09:36:23.889-0800] {processor.py:914} INFO - Processing file /Users/rishukhurana/anaconda3/lib/python3.11/site-packages/airflow/example_dags/example_nested_branch_dag.py for tasks to queue
[2024-12-08T09:36:23.891-0800] {logging_mixin.py:190} INFO - [2024-12-08T09:36:23.890-0800] {dagbag.py:588} INFO - Filling up the DagBag from /Users/rishukhurana/anaconda3/lib/python3.11/site-packages/airflow/example_dags/example_nested_branch_dag.py
[2024-12-08T09:36:23.927-0800] {processor.py:925} INFO - DAG(s) 'example_nested_branch_dag' retrieved from /Users/rishukhurana/anaconda3/lib/python3.11/site-packages/airflow/example_dags/example_nested_branch_dag.py
[2024-12-08T09:36:24.015-0800] {logging_mixin.py:190} INFO - [2024-12-08T09:36:24.014-0800] {dag.py:3239} INFO - Sync 1 DAGs
[2024-12-08T09:36:24.030-0800] {logging_mixin.py:190} INFO - [2024-12-08T09:36:24.030-0800] {dag.py:4180} INFO - Setting next_dagrun for example_nested_branch_dag to 2024-12-07 00:00:00+00:00, run_after=2024-12-08 00:00:00+00:00
[2024-12-08T09:36:24.047-0800] {processor.py:208} INFO - Processing /Users/rishukhurana/anaconda3/lib/python3.11/site-packages/airflow/example_dags/example_nested_branch_dag.py took 0.166 seconds
[2024-12-08T09:39:58.932-0800] {processor.py:186} INFO - Started process (PID=94184) to work on /Users/rishukhurana/anaconda3/lib/python3.11/site-packages/airflow/example_dags/example_nested_branch_dag.py
[2024-12-08T09:39:58.934-0800] {processor.py:914} INFO - Processing file /Users/rishukhurana/anaconda3/lib/python3.11/site-packages/airflow/example_dags/example_nested_branch_dag.py for tasks to queue
[2024-12-08T09:39:58.935-0800] {logging_mixin.py:190} INFO - [2024-12-08T09:39:58.935-0800] {dagbag.py:588} INFO - Filling up the DagBag from /Users/rishukhurana/anaconda3/lib/python3.11/site-packages/airflow/example_dags/example_nested_branch_dag.py
[2024-12-08T09:39:58.968-0800] {processor.py:925} INFO - DAG(s) 'example_nested_branch_dag' retrieved from /Users/rishukhurana/anaconda3/lib/python3.11/site-packages/airflow/example_dags/example_nested_branch_dag.py
[2024-12-08T09:39:59.054-0800] {logging_mixin.py:190} INFO - [2024-12-08T09:39:59.054-0800] {dag.py:3239} INFO - Sync 1 DAGs
[2024-12-08T09:39:59.070-0800] {logging_mixin.py:190} INFO - [2024-12-08T09:39:59.070-0800] {dag.py:4180} INFO - Setting next_dagrun for example_nested_branch_dag to 2024-12-07 00:00:00+00:00, run_after=2024-12-08 00:00:00+00:00
[2024-12-08T09:39:59.086-0800] {processor.py:208} INFO - Processing /Users/rishukhurana/anaconda3/lib/python3.11/site-packages/airflow/example_dags/example_nested_branch_dag.py took 0.161 seconds
[2024-12-08T09:42:42.557-0800] {processor.py:186} INFO - Started process (PID=94352) to work on /Users/rishukhurana/anaconda3/lib/python3.11/site-packages/airflow/example_dags/example_nested_branch_dag.py
[2024-12-08T09:42:42.560-0800] {processor.py:914} INFO - Processing file /Users/rishukhurana/anaconda3/lib/python3.11/site-packages/airflow/example_dags/example_nested_branch_dag.py for tasks to queue
[2024-12-08T09:42:42.561-0800] {logging_mixin.py:190} INFO - [2024-12-08T09:42:42.561-0800] {dagbag.py:588} INFO - Filling up the DagBag from /Users/rishukhurana/anaconda3/lib/python3.11/site-packages/airflow/example_dags/example_nested_branch_dag.py
[2024-12-08T09:42:42.595-0800] {processor.py:925} INFO - DAG(s) 'example_nested_branch_dag' retrieved from /Users/rishukhurana/anaconda3/lib/python3.11/site-packages/airflow/example_dags/example_nested_branch_dag.py
[2024-12-08T09:42:42.684-0800] {logging_mixin.py:190} INFO - [2024-12-08T09:42:42.684-0800] {dag.py:3239} INFO - Sync 1 DAGs
[2024-12-08T09:42:42.699-0800] {logging_mixin.py:190} INFO - [2024-12-08T09:42:42.698-0800] {dag.py:4180} INFO - Setting next_dagrun for example_nested_branch_dag to 2024-12-07 00:00:00+00:00, run_after=2024-12-08 00:00:00+00:00
[2024-12-08T09:42:42.716-0800] {processor.py:208} INFO - Processing /Users/rishukhurana/anaconda3/lib/python3.11/site-packages/airflow/example_dags/example_nested_branch_dag.py took 0.165 seconds
[2024-12-08T09:45:27.840-0800] {processor.py:186} INFO - Started process (PID=94521) to work on /Users/rishukhurana/anaconda3/lib/python3.11/site-packages/airflow/example_dags/example_nested_branch_dag.py
[2024-12-08T09:45:27.842-0800] {processor.py:914} INFO - Processing file /Users/rishukhurana/anaconda3/lib/python3.11/site-packages/airflow/example_dags/example_nested_branch_dag.py for tasks to queue
[2024-12-08T09:45:27.844-0800] {logging_mixin.py:190} INFO - [2024-12-08T09:45:27.844-0800] {dagbag.py:588} INFO - Filling up the DagBag from /Users/rishukhurana/anaconda3/lib/python3.11/site-packages/airflow/example_dags/example_nested_branch_dag.py
[2024-12-08T09:45:27.878-0800] {processor.py:925} INFO - DAG(s) 'example_nested_branch_dag' retrieved from /Users/rishukhurana/anaconda3/lib/python3.11/site-packages/airflow/example_dags/example_nested_branch_dag.py
[2024-12-08T09:45:27.968-0800] {logging_mixin.py:190} INFO - [2024-12-08T09:45:27.967-0800] {dag.py:3239} INFO - Sync 1 DAGs
[2024-12-08T09:45:27.983-0800] {logging_mixin.py:190} INFO - [2024-12-08T09:45:27.982-0800] {dag.py:4180} INFO - Setting next_dagrun for example_nested_branch_dag to 2024-12-07 00:00:00+00:00, run_after=2024-12-08 00:00:00+00:00
[2024-12-08T09:45:28.004-0800] {processor.py:208} INFO - Processing /Users/rishukhurana/anaconda3/lib/python3.11/site-packages/airflow/example_dags/example_nested_branch_dag.py took 0.170 seconds
[2024-12-08T09:48:12.129-0800] {processor.py:186} INFO - Started process (PID=94689) to work on /Users/rishukhurana/anaconda3/lib/python3.11/site-packages/airflow/example_dags/example_nested_branch_dag.py
[2024-12-08T09:48:12.132-0800] {processor.py:914} INFO - Processing file /Users/rishukhurana/anaconda3/lib/python3.11/site-packages/airflow/example_dags/example_nested_branch_dag.py for tasks to queue
[2024-12-08T09:48:12.133-0800] {logging_mixin.py:190} INFO - [2024-12-08T09:48:12.133-0800] {dagbag.py:588} INFO - Filling up the DagBag from /Users/rishukhurana/anaconda3/lib/python3.11/site-packages/airflow/example_dags/example_nested_branch_dag.py
[2024-12-08T09:48:12.170-0800] {processor.py:925} INFO - DAG(s) 'example_nested_branch_dag' retrieved from /Users/rishukhurana/anaconda3/lib/python3.11/site-packages/airflow/example_dags/example_nested_branch_dag.py
[2024-12-08T09:48:12.250-0800] {logging_mixin.py:190} INFO - [2024-12-08T09:48:12.250-0800] {dag.py:3239} INFO - Sync 1 DAGs
[2024-12-08T09:48:12.266-0800] {logging_mixin.py:190} INFO - [2024-12-08T09:48:12.265-0800] {dag.py:4180} INFO - Setting next_dagrun for example_nested_branch_dag to 2024-12-07 00:00:00+00:00, run_after=2024-12-08 00:00:00+00:00
[2024-12-08T09:48:12.284-0800] {processor.py:208} INFO - Processing /Users/rishukhurana/anaconda3/lib/python3.11/site-packages/airflow/example_dags/example_nested_branch_dag.py took 0.161 seconds
[2024-12-08T09:50:56.323-0800] {processor.py:186} INFO - Started process (PID=94856) to work on /Users/rishukhurana/anaconda3/lib/python3.11/site-packages/airflow/example_dags/example_nested_branch_dag.py
[2024-12-08T09:50:56.326-0800] {processor.py:914} INFO - Processing file /Users/rishukhurana/anaconda3/lib/python3.11/site-packages/airflow/example_dags/example_nested_branch_dag.py for tasks to queue
[2024-12-08T09:50:56.327-0800] {logging_mixin.py:190} INFO - [2024-12-08T09:50:56.327-0800] {dagbag.py:588} INFO - Filling up the DagBag from /Users/rishukhurana/anaconda3/lib/python3.11/site-packages/airflow/example_dags/example_nested_branch_dag.py
[2024-12-08T09:50:56.362-0800] {processor.py:925} INFO - DAG(s) 'example_nested_branch_dag' retrieved from /Users/rishukhurana/anaconda3/lib/python3.11/site-packages/airflow/example_dags/example_nested_branch_dag.py
[2024-12-08T09:50:56.446-0800] {logging_mixin.py:190} INFO - [2024-12-08T09:50:56.445-0800] {dag.py:3239} INFO - Sync 1 DAGs
[2024-12-08T09:50:56.462-0800] {logging_mixin.py:190} INFO - [2024-12-08T09:50:56.462-0800] {dag.py:4180} INFO - Setting next_dagrun for example_nested_branch_dag to 2024-12-07 00:00:00+00:00, run_after=2024-12-08 00:00:00+00:00
[2024-12-08T09:50:56.478-0800] {processor.py:208} INFO - Processing /Users/rishukhurana/anaconda3/lib/python3.11/site-packages/airflow/example_dags/example_nested_branch_dag.py took 0.161 seconds
[2024-12-08T09:53:41.866-0800] {processor.py:186} INFO - Started process (PID=95023) to work on /Users/rishukhurana/anaconda3/lib/python3.11/site-packages/airflow/example_dags/example_nested_branch_dag.py
[2024-12-08T09:53:41.868-0800] {processor.py:914} INFO - Processing file /Users/rishukhurana/anaconda3/lib/python3.11/site-packages/airflow/example_dags/example_nested_branch_dag.py for tasks to queue
[2024-12-08T09:53:41.870-0800] {logging_mixin.py:190} INFO - [2024-12-08T09:53:41.869-0800] {dagbag.py:588} INFO - Filling up the DagBag from /Users/rishukhurana/anaconda3/lib/python3.11/site-packages/airflow/example_dags/example_nested_branch_dag.py
[2024-12-08T09:53:41.909-0800] {processor.py:925} INFO - DAG(s) 'example_nested_branch_dag' retrieved from /Users/rishukhurana/anaconda3/lib/python3.11/site-packages/airflow/example_dags/example_nested_branch_dag.py
[2024-12-08T09:53:42.000-0800] {logging_mixin.py:190} INFO - [2024-12-08T09:53:42.000-0800] {dag.py:3239} INFO - Sync 1 DAGs
[2024-12-08T09:53:42.017-0800] {logging_mixin.py:190} INFO - [2024-12-08T09:53:42.017-0800] {dag.py:4180} INFO - Setting next_dagrun for example_nested_branch_dag to 2024-12-07 00:00:00+00:00, run_after=2024-12-08 00:00:00+00:00
[2024-12-08T09:53:42.039-0800] {processor.py:208} INFO - Processing /Users/rishukhurana/anaconda3/lib/python3.11/site-packages/airflow/example_dags/example_nested_branch_dag.py took 0.179 seconds
[2024-12-08T09:56:24.416-0800] {processor.py:186} INFO - Started process (PID=95186) to work on /Users/rishukhurana/anaconda3/lib/python3.11/site-packages/airflow/example_dags/example_nested_branch_dag.py
[2024-12-08T09:56:24.417-0800] {processor.py:914} INFO - Processing file /Users/rishukhurana/anaconda3/lib/python3.11/site-packages/airflow/example_dags/example_nested_branch_dag.py for tasks to queue
[2024-12-08T09:56:24.418-0800] {logging_mixin.py:190} INFO - [2024-12-08T09:56:24.418-0800] {dagbag.py:588} INFO - Filling up the DagBag from /Users/rishukhurana/anaconda3/lib/python3.11/site-packages/airflow/example_dags/example_nested_branch_dag.py
[2024-12-08T09:56:24.452-0800] {processor.py:925} INFO - DAG(s) 'example_nested_branch_dag' retrieved from /Users/rishukhurana/anaconda3/lib/python3.11/site-packages/airflow/example_dags/example_nested_branch_dag.py
[2024-12-08T09:56:24.530-0800] {logging_mixin.py:190} INFO - [2024-12-08T09:56:24.530-0800] {dag.py:3239} INFO - Sync 1 DAGs
[2024-12-08T09:56:24.544-0800] {logging_mixin.py:190} INFO - [2024-12-08T09:56:24.544-0800] {dag.py:4180} INFO - Setting next_dagrun for example_nested_branch_dag to 2024-12-07 00:00:00+00:00, run_after=2024-12-08 00:00:00+00:00
[2024-12-08T09:56:24.559-0800] {processor.py:208} INFO - Processing /Users/rishukhurana/anaconda3/lib/python3.11/site-packages/airflow/example_dags/example_nested_branch_dag.py took 0.150 seconds
[2024-12-08T09:59:06.718-0800] {processor.py:186} INFO - Started process (PID=95354) to work on /Users/rishukhurana/anaconda3/lib/python3.11/site-packages/airflow/example_dags/example_nested_branch_dag.py
[2024-12-08T09:59:06.720-0800] {processor.py:914} INFO - Processing file /Users/rishukhurana/anaconda3/lib/python3.11/site-packages/airflow/example_dags/example_nested_branch_dag.py for tasks to queue
[2024-12-08T09:59:06.721-0800] {logging_mixin.py:190} INFO - [2024-12-08T09:59:06.721-0800] {dagbag.py:588} INFO - Filling up the DagBag from /Users/rishukhurana/anaconda3/lib/python3.11/site-packages/airflow/example_dags/example_nested_branch_dag.py
[2024-12-08T09:59:06.754-0800] {processor.py:925} INFO - DAG(s) 'example_nested_branch_dag' retrieved from /Users/rishukhurana/anaconda3/lib/python3.11/site-packages/airflow/example_dags/example_nested_branch_dag.py
[2024-12-08T09:59:06.833-0800] {logging_mixin.py:190} INFO - [2024-12-08T09:59:06.833-0800] {dag.py:3239} INFO - Sync 1 DAGs
[2024-12-08T09:59:06.847-0800] {logging_mixin.py:190} INFO - [2024-12-08T09:59:06.847-0800] {dag.py:4180} INFO - Setting next_dagrun for example_nested_branch_dag to 2024-12-07 00:00:00+00:00, run_after=2024-12-08 00:00:00+00:00
[2024-12-08T09:59:06.862-0800] {processor.py:208} INFO - Processing /Users/rishukhurana/anaconda3/lib/python3.11/site-packages/airflow/example_dags/example_nested_branch_dag.py took 0.151 seconds
[2024-12-08T10:01:49.158-0800] {processor.py:186} INFO - Started process (PID=95532) to work on /Users/rishukhurana/anaconda3/lib/python3.11/site-packages/airflow/example_dags/example_nested_branch_dag.py
[2024-12-08T10:01:49.160-0800] {processor.py:914} INFO - Processing file /Users/rishukhurana/anaconda3/lib/python3.11/site-packages/airflow/example_dags/example_nested_branch_dag.py for tasks to queue
[2024-12-08T10:01:49.161-0800] {logging_mixin.py:190} INFO - [2024-12-08T10:01:49.161-0800] {dagbag.py:588} INFO - Filling up the DagBag from /Users/rishukhurana/anaconda3/lib/python3.11/site-packages/airflow/example_dags/example_nested_branch_dag.py
[2024-12-08T10:01:49.195-0800] {processor.py:925} INFO - DAG(s) 'example_nested_branch_dag' retrieved from /Users/rishukhurana/anaconda3/lib/python3.11/site-packages/airflow/example_dags/example_nested_branch_dag.py
[2024-12-08T10:01:49.278-0800] {logging_mixin.py:190} INFO - [2024-12-08T10:01:49.277-0800] {dag.py:3239} INFO - Sync 1 DAGs
[2024-12-08T10:01:49.292-0800] {logging_mixin.py:190} INFO - [2024-12-08T10:01:49.292-0800] {dag.py:4180} INFO - Setting next_dagrun for example_nested_branch_dag to 2024-12-07 00:00:00+00:00, run_after=2024-12-08 00:00:00+00:00
[2024-12-08T10:01:49.313-0800] {processor.py:208} INFO - Processing /Users/rishukhurana/anaconda3/lib/python3.11/site-packages/airflow/example_dags/example_nested_branch_dag.py took 0.160 seconds
[2024-12-08T10:04:34.196-0800] {processor.py:186} INFO - Started process (PID=95708) to work on /Users/rishukhurana/anaconda3/lib/python3.11/site-packages/airflow/example_dags/example_nested_branch_dag.py
[2024-12-08T10:04:34.198-0800] {processor.py:914} INFO - Processing file /Users/rishukhurana/anaconda3/lib/python3.11/site-packages/airflow/example_dags/example_nested_branch_dag.py for tasks to queue
[2024-12-08T10:04:34.200-0800] {logging_mixin.py:190} INFO - [2024-12-08T10:04:34.199-0800] {dagbag.py:588} INFO - Filling up the DagBag from /Users/rishukhurana/anaconda3/lib/python3.11/site-packages/airflow/example_dags/example_nested_branch_dag.py
[2024-12-08T10:04:34.233-0800] {processor.py:925} INFO - DAG(s) 'example_nested_branch_dag' retrieved from /Users/rishukhurana/anaconda3/lib/python3.11/site-packages/airflow/example_dags/example_nested_branch_dag.py
[2024-12-08T10:04:34.315-0800] {logging_mixin.py:190} INFO - [2024-12-08T10:04:34.314-0800] {dag.py:3239} INFO - Sync 1 DAGs
[2024-12-08T10:04:34.329-0800] {logging_mixin.py:190} INFO - [2024-12-08T10:04:34.329-0800] {dag.py:4180} INFO - Setting next_dagrun for example_nested_branch_dag to 2024-12-07 00:00:00+00:00, run_after=2024-12-08 00:00:00+00:00
[2024-12-08T10:04:34.344-0800] {processor.py:208} INFO - Processing /Users/rishukhurana/anaconda3/lib/python3.11/site-packages/airflow/example_dags/example_nested_branch_dag.py took 0.155 seconds
[2024-12-08T10:07:26.651-0800] {processor.py:186} INFO - Started process (PID=95888) to work on /Users/rishukhurana/anaconda3/lib/python3.11/site-packages/airflow/example_dags/example_nested_branch_dag.py
[2024-12-08T10:07:26.653-0800] {processor.py:914} INFO - Processing file /Users/rishukhurana/anaconda3/lib/python3.11/site-packages/airflow/example_dags/example_nested_branch_dag.py for tasks to queue
[2024-12-08T10:07:26.654-0800] {logging_mixin.py:190} INFO - [2024-12-08T10:07:26.654-0800] {dagbag.py:588} INFO - Filling up the DagBag from /Users/rishukhurana/anaconda3/lib/python3.11/site-packages/airflow/example_dags/example_nested_branch_dag.py
[2024-12-08T10:07:26.692-0800] {processor.py:925} INFO - DAG(s) 'example_nested_branch_dag' retrieved from /Users/rishukhurana/anaconda3/lib/python3.11/site-packages/airflow/example_dags/example_nested_branch_dag.py
[2024-12-08T10:07:26.775-0800] {logging_mixin.py:190} INFO - [2024-12-08T10:07:26.775-0800] {dag.py:3239} INFO - Sync 1 DAGs
[2024-12-08T10:07:26.790-0800] {logging_mixin.py:190} INFO - [2024-12-08T10:07:26.790-0800] {dag.py:4180} INFO - Setting next_dagrun for example_nested_branch_dag to 2024-12-07 00:00:00+00:00, run_after=2024-12-08 00:00:00+00:00
[2024-12-08T10:07:26.806-0800] {processor.py:208} INFO - Processing /Users/rishukhurana/anaconda3/lib/python3.11/site-packages/airflow/example_dags/example_nested_branch_dag.py took 0.161 seconds
[2024-12-08T10:10:15.166-0800] {processor.py:186} INFO - Started process (PID=96062) to work on /Users/rishukhurana/anaconda3/lib/python3.11/site-packages/airflow/example_dags/example_nested_branch_dag.py
[2024-12-08T10:10:15.168-0800] {processor.py:914} INFO - Processing file /Users/rishukhurana/anaconda3/lib/python3.11/site-packages/airflow/example_dags/example_nested_branch_dag.py for tasks to queue
[2024-12-08T10:10:15.169-0800] {logging_mixin.py:190} INFO - [2024-12-08T10:10:15.168-0800] {dagbag.py:588} INFO - Filling up the DagBag from /Users/rishukhurana/anaconda3/lib/python3.11/site-packages/airflow/example_dags/example_nested_branch_dag.py
[2024-12-08T10:10:15.205-0800] {processor.py:925} INFO - DAG(s) 'example_nested_branch_dag' retrieved from /Users/rishukhurana/anaconda3/lib/python3.11/site-packages/airflow/example_dags/example_nested_branch_dag.py
[2024-12-08T10:10:15.291-0800] {logging_mixin.py:190} INFO - [2024-12-08T10:10:15.290-0800] {dag.py:3239} INFO - Sync 1 DAGs
[2024-12-08T10:10:15.306-0800] {logging_mixin.py:190} INFO - [2024-12-08T10:10:15.305-0800] {dag.py:4180} INFO - Setting next_dagrun for example_nested_branch_dag to 2024-12-07 00:00:00+00:00, run_after=2024-12-08 00:00:00+00:00
[2024-12-08T10:10:15.323-0800] {processor.py:208} INFO - Processing /Users/rishukhurana/anaconda3/lib/python3.11/site-packages/airflow/example_dags/example_nested_branch_dag.py took 0.162 seconds
[2024-12-08T10:13:08.469-0800] {processor.py:186} INFO - Started process (PID=96236) to work on /Users/rishukhurana/anaconda3/lib/python3.11/site-packages/airflow/example_dags/example_nested_branch_dag.py
[2024-12-08T10:13:08.471-0800] {processor.py:914} INFO - Processing file /Users/rishukhurana/anaconda3/lib/python3.11/site-packages/airflow/example_dags/example_nested_branch_dag.py for tasks to queue
[2024-12-08T10:13:08.472-0800] {logging_mixin.py:190} INFO - [2024-12-08T10:13:08.472-0800] {dagbag.py:588} INFO - Filling up the DagBag from /Users/rishukhurana/anaconda3/lib/python3.11/site-packages/airflow/example_dags/example_nested_branch_dag.py
[2024-12-08T10:13:08.509-0800] {processor.py:925} INFO - DAG(s) 'example_nested_branch_dag' retrieved from /Users/rishukhurana/anaconda3/lib/python3.11/site-packages/airflow/example_dags/example_nested_branch_dag.py
[2024-12-08T10:13:08.591-0800] {logging_mixin.py:190} INFO - [2024-12-08T10:13:08.591-0800] {dag.py:3239} INFO - Sync 1 DAGs
[2024-12-08T10:13:08.608-0800] {logging_mixin.py:190} INFO - [2024-12-08T10:13:08.608-0800] {dag.py:4180} INFO - Setting next_dagrun for example_nested_branch_dag to 2024-12-07 00:00:00+00:00, run_after=2024-12-08 00:00:00+00:00
[2024-12-08T10:13:08.625-0800] {processor.py:208} INFO - Processing /Users/rishukhurana/anaconda3/lib/python3.11/site-packages/airflow/example_dags/example_nested_branch_dag.py took 0.162 seconds
[2024-12-08T10:16:04.127-0800] {processor.py:186} INFO - Started process (PID=96411) to work on /Users/rishukhurana/anaconda3/lib/python3.11/site-packages/airflow/example_dags/example_nested_branch_dag.py
[2024-12-08T10:16:04.129-0800] {processor.py:914} INFO - Processing file /Users/rishukhurana/anaconda3/lib/python3.11/site-packages/airflow/example_dags/example_nested_branch_dag.py for tasks to queue
[2024-12-08T10:16:04.130-0800] {logging_mixin.py:190} INFO - [2024-12-08T10:16:04.129-0800] {dagbag.py:588} INFO - Filling up the DagBag from /Users/rishukhurana/anaconda3/lib/python3.11/site-packages/airflow/example_dags/example_nested_branch_dag.py
[2024-12-08T10:16:04.166-0800] {processor.py:925} INFO - DAG(s) 'example_nested_branch_dag' retrieved from /Users/rishukhurana/anaconda3/lib/python3.11/site-packages/airflow/example_dags/example_nested_branch_dag.py
[2024-12-08T10:16:04.257-0800] {logging_mixin.py:190} INFO - [2024-12-08T10:16:04.257-0800] {dag.py:3239} INFO - Sync 1 DAGs
[2024-12-08T10:16:04.273-0800] {logging_mixin.py:190} INFO - [2024-12-08T10:16:04.273-0800] {dag.py:4180} INFO - Setting next_dagrun for example_nested_branch_dag to 2024-12-07 00:00:00+00:00, run_after=2024-12-08 00:00:00+00:00
[2024-12-08T10:16:04.291-0800] {processor.py:208} INFO - Processing /Users/rishukhurana/anaconda3/lib/python3.11/site-packages/airflow/example_dags/example_nested_branch_dag.py took 0.169 seconds
[2024-12-08T10:19:00.749-0800] {processor.py:186} INFO - Started process (PID=96581) to work on /Users/rishukhurana/anaconda3/lib/python3.11/site-packages/airflow/example_dags/example_nested_branch_dag.py
[2024-12-08T10:19:00.751-0800] {processor.py:914} INFO - Processing file /Users/rishukhurana/anaconda3/lib/python3.11/site-packages/airflow/example_dags/example_nested_branch_dag.py for tasks to queue
[2024-12-08T10:19:00.752-0800] {logging_mixin.py:190} INFO - [2024-12-08T10:19:00.752-0800] {dagbag.py:588} INFO - Filling up the DagBag from /Users/rishukhurana/anaconda3/lib/python3.11/site-packages/airflow/example_dags/example_nested_branch_dag.py
[2024-12-08T10:19:00.789-0800] {processor.py:925} INFO - DAG(s) 'example_nested_branch_dag' retrieved from /Users/rishukhurana/anaconda3/lib/python3.11/site-packages/airflow/example_dags/example_nested_branch_dag.py
[2024-12-08T10:19:00.884-0800] {logging_mixin.py:190} INFO - [2024-12-08T10:19:00.884-0800] {dag.py:3239} INFO - Sync 1 DAGs
[2024-12-08T10:19:00.901-0800] {logging_mixin.py:190} INFO - [2024-12-08T10:19:00.901-0800] {dag.py:4180} INFO - Setting next_dagrun for example_nested_branch_dag to 2024-12-07 00:00:00+00:00, run_after=2024-12-08 00:00:00+00:00
[2024-12-08T10:19:00.917-0800] {processor.py:208} INFO - Processing /Users/rishukhurana/anaconda3/lib/python3.11/site-packages/airflow/example_dags/example_nested_branch_dag.py took 0.174 seconds
[2024-12-08T10:22:23.919-0800] {processor.py:186} INFO - Started process (PID=97026) to work on /Users/rishukhurana/anaconda3/lib/python3.11/site-packages/airflow/example_dags/example_nested_branch_dag.py
[2024-12-08T10:22:23.933-0800] {processor.py:914} INFO - Processing file /Users/rishukhurana/anaconda3/lib/python3.11/site-packages/airflow/example_dags/example_nested_branch_dag.py for tasks to queue
[2024-12-08T10:22:23.935-0800] {logging_mixin.py:190} INFO - [2024-12-08T10:22:23.935-0800] {dagbag.py:588} INFO - Filling up the DagBag from /Users/rishukhurana/anaconda3/lib/python3.11/site-packages/airflow/example_dags/example_nested_branch_dag.py
[2024-12-08T10:22:23.979-0800] {processor.py:925} INFO - DAG(s) 'example_nested_branch_dag' retrieved from /Users/rishukhurana/anaconda3/lib/python3.11/site-packages/airflow/example_dags/example_nested_branch_dag.py
[2024-12-08T10:22:24.060-0800] {logging_mixin.py:190} INFO - [2024-12-08T10:22:24.060-0800] {dag.py:3239} INFO - Sync 1 DAGs
[2024-12-08T10:22:24.075-0800] {logging_mixin.py:190} INFO - [2024-12-08T10:22:24.075-0800] {dag.py:4180} INFO - Setting next_dagrun for example_nested_branch_dag to 2024-12-07 00:00:00+00:00, run_after=2024-12-08 00:00:00+00:00
[2024-12-08T10:22:24.091-0800] {processor.py:208} INFO - Processing /Users/rishukhurana/anaconda3/lib/python3.11/site-packages/airflow/example_dags/example_nested_branch_dag.py took 0.178 seconds
