[2024-12-08T08:57:16.176-0800] {processor.py:186} INFO - Started process (PID=91447) to work on /Users/rishukhurana/anaconda3/lib/python3.11/site-packages/airflow/example_dags/example_branch_datetime_operator.py
[2024-12-08T08:57:16.177-0800] {processor.py:914} INFO - Processing file /Users/rishukhurana/anaconda3/lib/python3.11/site-packages/airflow/example_dags/example_branch_datetime_operator.py for tasks to queue
[2024-12-08T08:57:16.179-0800] {logging_mixin.py:190} INFO - [2024-12-08T08:57:16.178-0800] {dagbag.py:588} INFO - Filling up the DagBag from /Users/rishukhurana/anaconda3/lib/python3.11/site-packages/airflow/example_dags/example_branch_datetime_operator.py
[2024-12-08T08:57:16.192-0800] {processor.py:925} INFO - DAG(s) 'example_branch_datetime_operator', 'example_branch_datetime_operator_3', 'example_branch_datetime_operator_2' retrieved from /Users/rishukhurana/anaconda3/lib/python3.11/site-packages/airflow/example_dags/example_branch_datetime_operator.py
[2024-12-08T08:57:16.363-0800] {logging_mixin.py:190} INFO - [2024-12-08T08:57:16.362-0800] {override.py:1911} INFO - Created Permission View: can read on DAG:example_branch_datetime_operator
[2024-12-08T08:57:16.371-0800] {logging_mixin.py:190} INFO - [2024-12-08T08:57:16.371-0800] {override.py:1911} INFO - Created Permission View: can delete on DAG:example_branch_datetime_operator
[2024-12-08T08:57:16.376-0800] {logging_mixin.py:190} INFO - [2024-12-08T08:57:16.376-0800] {override.py:1911} INFO - Created Permission View: can edit on DAG:example_branch_datetime_operator
[2024-12-08T08:57:16.383-0800] {logging_mixin.py:190} INFO - [2024-12-08T08:57:16.383-0800] {override.py:1911} INFO - Created Permission View: can read on DAG Run:example_branch_datetime_operator
[2024-12-08T08:57:16.388-0800] {logging_mixin.py:190} INFO - [2024-12-08T08:57:16.388-0800] {override.py:1911} INFO - Created Permission View: menu access on DAG Run:example_branch_datetime_operator
[2024-12-08T08:57:16.395-0800] {logging_mixin.py:190} INFO - [2024-12-08T08:57:16.394-0800] {override.py:1911} INFO - Created Permission View: can create on DAG Run:example_branch_datetime_operator
[2024-12-08T08:57:16.400-0800] {logging_mixin.py:190} INFO - [2024-12-08T08:57:16.400-0800] {override.py:1911} INFO - Created Permission View: can delete on DAG Run:example_branch_datetime_operator
[2024-12-08T08:57:16.411-0800] {logging_mixin.py:190} INFO - [2024-12-08T08:57:16.411-0800] {override.py:1911} INFO - Created Permission View: can read on DAG:example_branch_datetime_operator_3
[2024-12-08T08:57:16.416-0800] {logging_mixin.py:190} INFO - [2024-12-08T08:57:16.416-0800] {override.py:1911} INFO - Created Permission View: can delete on DAG:example_branch_datetime_operator_3
[2024-12-08T08:57:16.422-0800] {logging_mixin.py:190} INFO - [2024-12-08T08:57:16.421-0800] {override.py:1911} INFO - Created Permission View: can edit on DAG:example_branch_datetime_operator_3
[2024-12-08T08:57:16.430-0800] {logging_mixin.py:190} INFO - [2024-12-08T08:57:16.429-0800] {override.py:1911} INFO - Created Permission View: can read on DAG Run:example_branch_datetime_operator_3
[2024-12-08T08:57:16.435-0800] {logging_mixin.py:190} INFO - [2024-12-08T08:57:16.435-0800] {override.py:1911} INFO - Created Permission View: menu access on DAG Run:example_branch_datetime_operator_3
[2024-12-08T08:57:16.440-0800] {logging_mixin.py:190} INFO - [2024-12-08T08:57:16.440-0800] {override.py:1911} INFO - Created Permission View: can create on DAG Run:example_branch_datetime_operator_3
[2024-12-08T08:57:16.445-0800] {logging_mixin.py:190} INFO - [2024-12-08T08:57:16.445-0800] {override.py:1911} INFO - Created Permission View: can delete on DAG Run:example_branch_datetime_operator_3
[2024-12-08T08:57:16.457-0800] {logging_mixin.py:190} INFO - [2024-12-08T08:57:16.457-0800] {override.py:1911} INFO - Created Permission View: can read on DAG:example_branch_datetime_operator_2
[2024-12-08T08:57:16.463-0800] {logging_mixin.py:190} INFO - [2024-12-08T08:57:16.462-0800] {override.py:1911} INFO - Created Permission View: can delete on DAG:example_branch_datetime_operator_2
[2024-12-08T08:57:16.469-0800] {logging_mixin.py:190} INFO - [2024-12-08T08:57:16.468-0800] {override.py:1911} INFO - Created Permission View: can edit on DAG:example_branch_datetime_operator_2
[2024-12-08T08:57:16.476-0800] {logging_mixin.py:190} INFO - [2024-12-08T08:57:16.476-0800] {override.py:1911} INFO - Created Permission View: can read on DAG Run:example_branch_datetime_operator_2
[2024-12-08T08:57:16.482-0800] {logging_mixin.py:190} INFO - [2024-12-08T08:57:16.481-0800] {override.py:1911} INFO - Created Permission View: menu access on DAG Run:example_branch_datetime_operator_2
[2024-12-08T08:57:16.487-0800] {logging_mixin.py:190} INFO - [2024-12-08T08:57:16.486-0800] {override.py:1911} INFO - Created Permission View: can create on DAG Run:example_branch_datetime_operator_2
[2024-12-08T08:57:16.492-0800] {logging_mixin.py:190} INFO - [2024-12-08T08:57:16.492-0800] {override.py:1911} INFO - Created Permission View: can delete on DAG Run:example_branch_datetime_operator_2
[2024-12-08T08:57:16.492-0800] {logging_mixin.py:190} INFO - [2024-12-08T08:57:16.492-0800] {dag.py:3239} INFO - Sync 3 DAGs
[2024-12-08T08:57:16.503-0800] {logging_mixin.py:190} INFO - [2024-12-08T08:57:16.502-0800] {dag.py:3262} INFO - Creating ORM DAG for example_branch_datetime_operator
[2024-12-08T08:57:16.503-0800] {logging_mixin.py:190} INFO - [2024-12-08T08:57:16.503-0800] {dag.py:3262} INFO - Creating ORM DAG for example_branch_datetime_operator_2
[2024-12-08T08:57:16.504-0800] {logging_mixin.py:190} INFO - [2024-12-08T08:57:16.504-0800] {dag.py:3262} INFO - Creating ORM DAG for example_branch_datetime_operator_3
[2024-12-08T08:57:16.513-0800] {logging_mixin.py:190} INFO - [2024-12-08T08:57:16.513-0800] {dag.py:4180} INFO - Setting next_dagrun for example_branch_datetime_operator to 2024-12-07 00:00:00+00:00, run_after=2024-12-08 00:00:00+00:00
[2024-12-08T08:57:16.515-0800] {logging_mixin.py:190} INFO - [2024-12-08T08:57:16.515-0800] {dag.py:4180} INFO - Setting next_dagrun for example_branch_datetime_operator_2 to 2024-12-07 00:00:00+00:00, run_after=2024-12-08 00:00:00+00:00
[2024-12-08T08:57:16.517-0800] {logging_mixin.py:190} INFO - [2024-12-08T08:57:16.517-0800] {dag.py:4180} INFO - Setting next_dagrun for example_branch_datetime_operator_3 to 2024-12-07 00:00:00+00:00, run_after=2024-12-08 00:00:00+00:00
[2024-12-08T08:57:16.532-0800] {processor.py:208} INFO - Processing /Users/rishukhurana/anaconda3/lib/python3.11/site-packages/airflow/example_dags/example_branch_datetime_operator.py took 0.362 seconds
[2024-12-08T09:03:18.710-0800] {processor.py:186} INFO - Started process (PID=91857) to work on /Users/rishukhurana/anaconda3/lib/python3.11/site-packages/airflow/example_dags/example_branch_datetime_operator.py
[2024-12-08T09:03:18.712-0800] {processor.py:914} INFO - Processing file /Users/rishukhurana/anaconda3/lib/python3.11/site-packages/airflow/example_dags/example_branch_datetime_operator.py for tasks to queue
[2024-12-08T09:03:18.713-0800] {logging_mixin.py:190} INFO - [2024-12-08T09:03:18.713-0800] {dagbag.py:588} INFO - Filling up the DagBag from /Users/rishukhurana/anaconda3/lib/python3.11/site-packages/airflow/example_dags/example_branch_datetime_operator.py
[2024-12-08T09:03:18.725-0800] {processor.py:925} INFO - DAG(s) 'example_branch_datetime_operator_3', 'example_branch_datetime_operator_2', 'example_branch_datetime_operator' retrieved from /Users/rishukhurana/anaconda3/lib/python3.11/site-packages/airflow/example_dags/example_branch_datetime_operator.py
[2024-12-08T09:03:18.810-0800] {logging_mixin.py:190} INFO - [2024-12-08T09:03:18.810-0800] {dag.py:3239} INFO - Sync 3 DAGs
[2024-12-08T09:03:18.826-0800] {logging_mixin.py:190} INFO - [2024-12-08T09:03:18.826-0800] {dag.py:4180} INFO - Setting next_dagrun for example_branch_datetime_operator to 2024-12-07 00:00:00+00:00, run_after=2024-12-08 00:00:00+00:00
[2024-12-08T09:03:18.830-0800] {logging_mixin.py:190} INFO - [2024-12-08T09:03:18.830-0800] {dag.py:4180} INFO - Setting next_dagrun for example_branch_datetime_operator_2 to 2024-12-07 00:00:00+00:00, run_after=2024-12-08 00:00:00+00:00
[2024-12-08T09:03:18.832-0800] {logging_mixin.py:190} INFO - [2024-12-08T09:03:18.831-0800] {dag.py:4180} INFO - Setting next_dagrun for example_branch_datetime_operator_3 to 2024-12-07 00:00:00+00:00, run_after=2024-12-08 00:00:00+00:00
[2024-12-08T09:03:18.846-0800] {processor.py:208} INFO - Processing /Users/rishukhurana/anaconda3/lib/python3.11/site-packages/airflow/example_dags/example_branch_datetime_operator.py took 0.143 seconds
[2024-12-08T09:09:06.071-0800] {processor.py:186} INFO - Started process (PID=92229) to work on /Users/rishukhurana/anaconda3/lib/python3.11/site-packages/airflow/example_dags/example_branch_datetime_operator.py
[2024-12-08T09:09:06.073-0800] {processor.py:914} INFO - Processing file /Users/rishukhurana/anaconda3/lib/python3.11/site-packages/airflow/example_dags/example_branch_datetime_operator.py for tasks to queue
[2024-12-08T09:09:06.075-0800] {logging_mixin.py:190} INFO - [2024-12-08T09:09:06.075-0800] {dagbag.py:588} INFO - Filling up the DagBag from /Users/rishukhurana/anaconda3/lib/python3.11/site-packages/airflow/example_dags/example_branch_datetime_operator.py
[2024-12-08T09:09:06.087-0800] {processor.py:925} INFO - DAG(s) 'example_branch_datetime_operator_3', 'example_branch_datetime_operator_2', 'example_branch_datetime_operator' retrieved from /Users/rishukhurana/anaconda3/lib/python3.11/site-packages/airflow/example_dags/example_branch_datetime_operator.py
[2024-12-08T09:09:06.172-0800] {logging_mixin.py:190} INFO - [2024-12-08T09:09:06.171-0800] {dag.py:3239} INFO - Sync 3 DAGs
[2024-12-08T09:09:06.189-0800] {logging_mixin.py:190} INFO - [2024-12-08T09:09:06.189-0800] {dag.py:4180} INFO - Setting next_dagrun for example_branch_datetime_operator to 2024-12-07 00:00:00+00:00, run_after=2024-12-08 00:00:00+00:00
[2024-12-08T09:09:06.192-0800] {logging_mixin.py:190} INFO - [2024-12-08T09:09:06.192-0800] {dag.py:4180} INFO - Setting next_dagrun for example_branch_datetime_operator_2 to 2024-12-07 00:00:00+00:00, run_after=2024-12-08 00:00:00+00:00
[2024-12-08T09:09:06.194-0800] {logging_mixin.py:190} INFO - [2024-12-08T09:09:06.194-0800] {dag.py:4180} INFO - Setting next_dagrun for example_branch_datetime_operator_3 to 2024-12-07 00:00:00+00:00, run_after=2024-12-08 00:00:00+00:00
[2024-12-08T09:09:06.207-0800] {processor.py:208} INFO - Processing /Users/rishukhurana/anaconda3/lib/python3.11/site-packages/airflow/example_dags/example_branch_datetime_operator.py took 0.142 seconds
[2024-12-08T09:14:51.350-0800] {processor.py:186} INFO - Started process (PID=92598) to work on /Users/rishukhurana/anaconda3/lib/python3.11/site-packages/airflow/example_dags/example_branch_datetime_operator.py
[2024-12-08T09:14:51.352-0800] {processor.py:914} INFO - Processing file /Users/rishukhurana/anaconda3/lib/python3.11/site-packages/airflow/example_dags/example_branch_datetime_operator.py for tasks to queue
[2024-12-08T09:14:51.354-0800] {logging_mixin.py:190} INFO - [2024-12-08T09:14:51.353-0800] {dagbag.py:588} INFO - Filling up the DagBag from /Users/rishukhurana/anaconda3/lib/python3.11/site-packages/airflow/example_dags/example_branch_datetime_operator.py
[2024-12-08T09:14:51.366-0800] {processor.py:925} INFO - DAG(s) 'example_branch_datetime_operator_2', 'example_branch_datetime_operator', 'example_branch_datetime_operator_3' retrieved from /Users/rishukhurana/anaconda3/lib/python3.11/site-packages/airflow/example_dags/example_branch_datetime_operator.py
[2024-12-08T09:14:51.451-0800] {logging_mixin.py:190} INFO - [2024-12-08T09:14:51.451-0800] {dag.py:3239} INFO - Sync 3 DAGs
[2024-12-08T09:14:51.467-0800] {logging_mixin.py:190} INFO - [2024-12-08T09:14:51.467-0800] {dag.py:4180} INFO - Setting next_dagrun for example_branch_datetime_operator to 2024-12-07 00:00:00+00:00, run_after=2024-12-08 00:00:00+00:00
[2024-12-08T09:14:51.470-0800] {logging_mixin.py:190} INFO - [2024-12-08T09:14:51.470-0800] {dag.py:4180} INFO - Setting next_dagrun for example_branch_datetime_operator_2 to 2024-12-07 00:00:00+00:00, run_after=2024-12-08 00:00:00+00:00
[2024-12-08T09:14:51.472-0800] {logging_mixin.py:190} INFO - [2024-12-08T09:14:51.472-0800] {dag.py:4180} INFO - Setting next_dagrun for example_branch_datetime_operator_3 to 2024-12-07 00:00:00+00:00, run_after=2024-12-08 00:00:00+00:00
[2024-12-08T09:14:51.490-0800] {processor.py:208} INFO - Processing /Users/rishukhurana/anaconda3/lib/python3.11/site-packages/airflow/example_dags/example_branch_datetime_operator.py took 0.146 seconds
[2024-12-08T09:20:22.174-0800] {processor.py:186} INFO - Started process (PID=92939) to work on /Users/rishukhurana/anaconda3/lib/python3.11/site-packages/airflow/example_dags/example_branch_datetime_operator.py
[2024-12-08T09:20:22.176-0800] {processor.py:914} INFO - Processing file /Users/rishukhurana/anaconda3/lib/python3.11/site-packages/airflow/example_dags/example_branch_datetime_operator.py for tasks to queue
[2024-12-08T09:20:22.178-0800] {logging_mixin.py:190} INFO - [2024-12-08T09:20:22.177-0800] {dagbag.py:588} INFO - Filling up the DagBag from /Users/rishukhurana/anaconda3/lib/python3.11/site-packages/airflow/example_dags/example_branch_datetime_operator.py
[2024-12-08T09:20:22.191-0800] {processor.py:925} INFO - DAG(s) 'example_branch_datetime_operator_3', 'example_branch_datetime_operator', 'example_branch_datetime_operator_2' retrieved from /Users/rishukhurana/anaconda3/lib/python3.11/site-packages/airflow/example_dags/example_branch_datetime_operator.py
[2024-12-08T09:20:22.284-0800] {logging_mixin.py:190} INFO - [2024-12-08T09:20:22.284-0800] {dag.py:3239} INFO - Sync 3 DAGs
[2024-12-08T09:20:22.303-0800] {logging_mixin.py:190} INFO - [2024-12-08T09:20:22.302-0800] {dag.py:4180} INFO - Setting next_dagrun for example_branch_datetime_operator to 2024-12-07 00:00:00+00:00, run_after=2024-12-08 00:00:00+00:00
[2024-12-08T09:20:22.306-0800] {logging_mixin.py:190} INFO - [2024-12-08T09:20:22.306-0800] {dag.py:4180} INFO - Setting next_dagrun for example_branch_datetime_operator_2 to 2024-12-07 00:00:00+00:00, run_after=2024-12-08 00:00:00+00:00
[2024-12-08T09:20:22.308-0800] {logging_mixin.py:190} INFO - [2024-12-08T09:20:22.308-0800] {dag.py:4180} INFO - Setting next_dagrun for example_branch_datetime_operator_3 to 2024-12-07 00:00:00+00:00, run_after=2024-12-08 00:00:00+00:00
[2024-12-08T09:20:22.324-0800] {processor.py:208} INFO - Processing /Users/rishukhurana/anaconda3/lib/python3.11/site-packages/airflow/example_dags/example_branch_datetime_operator.py took 0.156 seconds
[2024-12-08T09:25:56.178-0800] {processor.py:186} INFO - Started process (PID=93305) to work on /Users/rishukhurana/anaconda3/lib/python3.11/site-packages/airflow/example_dags/example_branch_datetime_operator.py
[2024-12-08T09:25:56.181-0800] {processor.py:914} INFO - Processing file /Users/rishukhurana/anaconda3/lib/python3.11/site-packages/airflow/example_dags/example_branch_datetime_operator.py for tasks to queue
[2024-12-08T09:25:56.182-0800] {logging_mixin.py:190} INFO - [2024-12-08T09:25:56.182-0800] {dagbag.py:588} INFO - Filling up the DagBag from /Users/rishukhurana/anaconda3/lib/python3.11/site-packages/airflow/example_dags/example_branch_datetime_operator.py
[2024-12-08T09:25:56.195-0800] {processor.py:925} INFO - DAG(s) 'example_branch_datetime_operator_3', 'example_branch_datetime_operator_2', 'example_branch_datetime_operator' retrieved from /Users/rishukhurana/anaconda3/lib/python3.11/site-packages/airflow/example_dags/example_branch_datetime_operator.py
[2024-12-08T09:25:56.278-0800] {logging_mixin.py:190} INFO - [2024-12-08T09:25:56.277-0800] {dag.py:3239} INFO - Sync 3 DAGs
[2024-12-08T09:25:56.294-0800] {logging_mixin.py:190} INFO - [2024-12-08T09:25:56.294-0800] {dag.py:4180} INFO - Setting next_dagrun for example_branch_datetime_operator to 2024-12-07 00:00:00+00:00, run_after=2024-12-08 00:00:00+00:00
[2024-12-08T09:25:56.297-0800] {logging_mixin.py:190} INFO - [2024-12-08T09:25:56.297-0800] {dag.py:4180} INFO - Setting next_dagrun for example_branch_datetime_operator_2 to 2024-12-07 00:00:00+00:00, run_after=2024-12-08 00:00:00+00:00
[2024-12-08T09:25:56.299-0800] {logging_mixin.py:190} INFO - [2024-12-08T09:25:56.299-0800] {dag.py:4180} INFO - Setting next_dagrun for example_branch_datetime_operator_3 to 2024-12-07 00:00:00+00:00, run_after=2024-12-08 00:00:00+00:00
[2024-12-08T09:25:56.314-0800] {processor.py:208} INFO - Processing /Users/rishukhurana/anaconda3/lib/python3.11/site-packages/airflow/example_dags/example_branch_datetime_operator.py took 0.142 seconds
[2024-12-08T09:31:23.344-0800] {processor.py:186} INFO - Started process (PID=93656) to work on /Users/rishukhurana/anaconda3/lib/python3.11/site-packages/airflow/example_dags/example_branch_datetime_operator.py
[2024-12-08T09:31:23.347-0800] {processor.py:914} INFO - Processing file /Users/rishukhurana/anaconda3/lib/python3.11/site-packages/airflow/example_dags/example_branch_datetime_operator.py for tasks to queue
[2024-12-08T09:31:23.348-0800] {logging_mixin.py:190} INFO - [2024-12-08T09:31:23.348-0800] {dagbag.py:588} INFO - Filling up the DagBag from /Users/rishukhurana/anaconda3/lib/python3.11/site-packages/airflow/example_dags/example_branch_datetime_operator.py
[2024-12-08T09:31:23.361-0800] {processor.py:925} INFO - DAG(s) 'example_branch_datetime_operator_2', 'example_branch_datetime_operator_3', 'example_branch_datetime_operator' retrieved from /Users/rishukhurana/anaconda3/lib/python3.11/site-packages/airflow/example_dags/example_branch_datetime_operator.py
[2024-12-08T09:31:23.444-0800] {logging_mixin.py:190} INFO - [2024-12-08T09:31:23.444-0800] {dag.py:3239} INFO - Sync 3 DAGs
[2024-12-08T09:31:23.460-0800] {logging_mixin.py:190} INFO - [2024-12-08T09:31:23.460-0800] {dag.py:4180} INFO - Setting next_dagrun for example_branch_datetime_operator to 2024-12-07 00:00:00+00:00, run_after=2024-12-08 00:00:00+00:00
[2024-12-08T09:31:23.464-0800] {logging_mixin.py:190} INFO - [2024-12-08T09:31:23.464-0800] {dag.py:4180} INFO - Setting next_dagrun for example_branch_datetime_operator_2 to 2024-12-07 00:00:00+00:00, run_after=2024-12-08 00:00:00+00:00
[2024-12-08T09:31:23.466-0800] {logging_mixin.py:190} INFO - [2024-12-08T09:31:23.466-0800] {dag.py:4180} INFO - Setting next_dagrun for example_branch_datetime_operator_3 to 2024-12-07 00:00:00+00:00, run_after=2024-12-08 00:00:00+00:00
[2024-12-08T09:31:23.486-0800] {processor.py:208} INFO - Processing /Users/rishukhurana/anaconda3/lib/python3.11/site-packages/airflow/example_dags/example_branch_datetime_operator.py took 0.148 seconds
[2024-12-08T09:37:06.295-0800] {processor.py:186} INFO - Started process (PID=94024) to work on /Users/rishukhurana/anaconda3/lib/python3.11/site-packages/airflow/example_dags/example_branch_datetime_operator.py
[2024-12-08T09:37:06.297-0800] {processor.py:914} INFO - Processing file /Users/rishukhurana/anaconda3/lib/python3.11/site-packages/airflow/example_dags/example_branch_datetime_operator.py for tasks to queue
[2024-12-08T09:37:06.298-0800] {logging_mixin.py:190} INFO - [2024-12-08T09:37:06.298-0800] {dagbag.py:588} INFO - Filling up the DagBag from /Users/rishukhurana/anaconda3/lib/python3.11/site-packages/airflow/example_dags/example_branch_datetime_operator.py
[2024-12-08T09:37:06.310-0800] {processor.py:925} INFO - DAG(s) 'example_branch_datetime_operator_3', 'example_branch_datetime_operator_2', 'example_branch_datetime_operator' retrieved from /Users/rishukhurana/anaconda3/lib/python3.11/site-packages/airflow/example_dags/example_branch_datetime_operator.py
[2024-12-08T09:37:06.401-0800] {logging_mixin.py:190} INFO - [2024-12-08T09:37:06.401-0800] {dag.py:3239} INFO - Sync 3 DAGs
[2024-12-08T09:37:06.418-0800] {logging_mixin.py:190} INFO - [2024-12-08T09:37:06.418-0800] {dag.py:4180} INFO - Setting next_dagrun for example_branch_datetime_operator to 2024-12-07 00:00:00+00:00, run_after=2024-12-08 00:00:00+00:00
[2024-12-08T09:37:06.422-0800] {logging_mixin.py:190} INFO - [2024-12-08T09:37:06.422-0800] {dag.py:4180} INFO - Setting next_dagrun for example_branch_datetime_operator_2 to 2024-12-07 00:00:00+00:00, run_after=2024-12-08 00:00:00+00:00
[2024-12-08T09:37:06.424-0800] {logging_mixin.py:190} INFO - [2024-12-08T09:37:06.424-0800] {dag.py:4180} INFO - Setting next_dagrun for example_branch_datetime_operator_3 to 2024-12-07 00:00:00+00:00, run_after=2024-12-08 00:00:00+00:00
[2024-12-08T09:37:06.438-0800] {processor.py:208} INFO - Processing /Users/rishukhurana/anaconda3/lib/python3.11/site-packages/airflow/example_dags/example_branch_datetime_operator.py took 0.149 seconds
[2024-12-08T09:43:19.945-0800] {processor.py:186} INFO - Started process (PID=94390) to work on /Users/rishukhurana/anaconda3/lib/python3.11/site-packages/airflow/example_dags/example_branch_datetime_operator.py
[2024-12-08T09:43:19.948-0800] {processor.py:914} INFO - Processing file /Users/rishukhurana/anaconda3/lib/python3.11/site-packages/airflow/example_dags/example_branch_datetime_operator.py for tasks to queue
[2024-12-08T09:43:19.949-0800] {logging_mixin.py:190} INFO - [2024-12-08T09:43:19.949-0800] {dagbag.py:588} INFO - Filling up the DagBag from /Users/rishukhurana/anaconda3/lib/python3.11/site-packages/airflow/example_dags/example_branch_datetime_operator.py
[2024-12-08T09:43:19.963-0800] {processor.py:925} INFO - DAG(s) 'example_branch_datetime_operator_3', 'example_branch_datetime_operator_2', 'example_branch_datetime_operator' retrieved from /Users/rishukhurana/anaconda3/lib/python3.11/site-packages/airflow/example_dags/example_branch_datetime_operator.py
[2024-12-08T09:43:20.049-0800] {logging_mixin.py:190} INFO - [2024-12-08T09:43:20.048-0800] {dag.py:3239} INFO - Sync 3 DAGs
[2024-12-08T09:43:20.065-0800] {logging_mixin.py:190} INFO - [2024-12-08T09:43:20.065-0800] {dag.py:4180} INFO - Setting next_dagrun for example_branch_datetime_operator to 2024-12-07 00:00:00+00:00, run_after=2024-12-08 00:00:00+00:00
[2024-12-08T09:43:20.069-0800] {logging_mixin.py:190} INFO - [2024-12-08T09:43:20.069-0800] {dag.py:4180} INFO - Setting next_dagrun for example_branch_datetime_operator_2 to 2024-12-07 00:00:00+00:00, run_after=2024-12-08 00:00:00+00:00
[2024-12-08T09:43:20.070-0800] {logging_mixin.py:190} INFO - [2024-12-08T09:43:20.070-0800] {dag.py:4180} INFO - Setting next_dagrun for example_branch_datetime_operator_3 to 2024-12-07 00:00:00+00:00, run_after=2024-12-08 00:00:00+00:00
[2024-12-08T09:43:20.083-0800] {processor.py:208} INFO - Processing /Users/rishukhurana/anaconda3/lib/python3.11/site-packages/airflow/example_dags/example_branch_datetime_operator.py took 0.144 seconds
[2024-12-08T09:48:47.976-0800] {processor.py:186} INFO - Started process (PID=94726) to work on /Users/rishukhurana/anaconda3/lib/python3.11/site-packages/airflow/example_dags/example_branch_datetime_operator.py
[2024-12-08T09:48:47.978-0800] {processor.py:914} INFO - Processing file /Users/rishukhurana/anaconda3/lib/python3.11/site-packages/airflow/example_dags/example_branch_datetime_operator.py for tasks to queue
[2024-12-08T09:48:47.979-0800] {logging_mixin.py:190} INFO - [2024-12-08T09:48:47.979-0800] {dagbag.py:588} INFO - Filling up the DagBag from /Users/rishukhurana/anaconda3/lib/python3.11/site-packages/airflow/example_dags/example_branch_datetime_operator.py
[2024-12-08T09:48:47.993-0800] {processor.py:925} INFO - DAG(s) 'example_branch_datetime_operator_2', 'example_branch_datetime_operator_3', 'example_branch_datetime_operator' retrieved from /Users/rishukhurana/anaconda3/lib/python3.11/site-packages/airflow/example_dags/example_branch_datetime_operator.py
[2024-12-08T09:48:48.091-0800] {logging_mixin.py:190} INFO - [2024-12-08T09:48:48.091-0800] {dag.py:3239} INFO - Sync 3 DAGs
[2024-12-08T09:48:48.113-0800] {logging_mixin.py:190} INFO - [2024-12-08T09:48:48.112-0800] {dag.py:4180} INFO - Setting next_dagrun for example_branch_datetime_operator to 2024-12-07 00:00:00+00:00, run_after=2024-12-08 00:00:00+00:00
[2024-12-08T09:48:48.117-0800] {logging_mixin.py:190} INFO - [2024-12-08T09:48:48.117-0800] {dag.py:4180} INFO - Setting next_dagrun for example_branch_datetime_operator_2 to 2024-12-07 00:00:00+00:00, run_after=2024-12-08 00:00:00+00:00
[2024-12-08T09:48:48.119-0800] {logging_mixin.py:190} INFO - [2024-12-08T09:48:48.119-0800] {dag.py:4180} INFO - Setting next_dagrun for example_branch_datetime_operator_3 to 2024-12-07 00:00:00+00:00, run_after=2024-12-08 00:00:00+00:00
[2024-12-08T09:48:48.135-0800] {processor.py:208} INFO - Processing /Users/rishukhurana/anaconda3/lib/python3.11/site-packages/airflow/example_dags/example_branch_datetime_operator.py took 0.164 seconds
[2024-12-08T09:54:18.085-0800] {processor.py:186} INFO - Started process (PID=95059) to work on /Users/rishukhurana/anaconda3/lib/python3.11/site-packages/airflow/example_dags/example_branch_datetime_operator.py
[2024-12-08T09:54:18.088-0800] {processor.py:914} INFO - Processing file /Users/rishukhurana/anaconda3/lib/python3.11/site-packages/airflow/example_dags/example_branch_datetime_operator.py for tasks to queue
[2024-12-08T09:54:18.089-0800] {logging_mixin.py:190} INFO - [2024-12-08T09:54:18.089-0800] {dagbag.py:588} INFO - Filling up the DagBag from /Users/rishukhurana/anaconda3/lib/python3.11/site-packages/airflow/example_dags/example_branch_datetime_operator.py
[2024-12-08T09:54:18.102-0800] {processor.py:925} INFO - DAG(s) 'example_branch_datetime_operator', 'example_branch_datetime_operator_2', 'example_branch_datetime_operator_3' retrieved from /Users/rishukhurana/anaconda3/lib/python3.11/site-packages/airflow/example_dags/example_branch_datetime_operator.py
[2024-12-08T09:54:18.185-0800] {logging_mixin.py:190} INFO - [2024-12-08T09:54:18.185-0800] {dag.py:3239} INFO - Sync 3 DAGs
[2024-12-08T09:54:18.201-0800] {logging_mixin.py:190} INFO - [2024-12-08T09:54:18.201-0800] {dag.py:4180} INFO - Setting next_dagrun for example_branch_datetime_operator to 2024-12-07 00:00:00+00:00, run_after=2024-12-08 00:00:00+00:00
[2024-12-08T09:54:18.205-0800] {logging_mixin.py:190} INFO - [2024-12-08T09:54:18.205-0800] {dag.py:4180} INFO - Setting next_dagrun for example_branch_datetime_operator_2 to 2024-12-07 00:00:00+00:00, run_after=2024-12-08 00:00:00+00:00
[2024-12-08T09:54:18.207-0800] {logging_mixin.py:190} INFO - [2024-12-08T09:54:18.207-0800] {dag.py:4180} INFO - Setting next_dagrun for example_branch_datetime_operator_3 to 2024-12-07 00:00:00+00:00, run_after=2024-12-08 00:00:00+00:00
[2024-12-08T09:54:18.220-0800] {processor.py:208} INFO - Processing /Users/rishukhurana/anaconda3/lib/python3.11/site-packages/airflow/example_dags/example_branch_datetime_operator.py took 0.140 seconds
[2024-12-08T09:59:43.557-0800] {processor.py:186} INFO - Started process (PID=95405) to work on /Users/rishukhurana/anaconda3/lib/python3.11/site-packages/airflow/example_dags/example_branch_datetime_operator.py
[2024-12-08T09:59:43.560-0800] {processor.py:914} INFO - Processing file /Users/rishukhurana/anaconda3/lib/python3.11/site-packages/airflow/example_dags/example_branch_datetime_operator.py for tasks to queue
[2024-12-08T09:59:43.562-0800] {logging_mixin.py:190} INFO - [2024-12-08T09:59:43.562-0800] {dagbag.py:588} INFO - Filling up the DagBag from /Users/rishukhurana/anaconda3/lib/python3.11/site-packages/airflow/example_dags/example_branch_datetime_operator.py
[2024-12-08T09:59:43.576-0800] {processor.py:925} INFO - DAG(s) 'example_branch_datetime_operator_3', 'example_branch_datetime_operator_2', 'example_branch_datetime_operator' retrieved from /Users/rishukhurana/anaconda3/lib/python3.11/site-packages/airflow/example_dags/example_branch_datetime_operator.py
[2024-12-08T09:59:43.660-0800] {logging_mixin.py:190} INFO - [2024-12-08T09:59:43.659-0800] {dag.py:3239} INFO - Sync 3 DAGs
[2024-12-08T09:59:43.676-0800] {logging_mixin.py:190} INFO - [2024-12-08T09:59:43.676-0800] {dag.py:4180} INFO - Setting next_dagrun for example_branch_datetime_operator to 2024-12-07 00:00:00+00:00, run_after=2024-12-08 00:00:00+00:00
[2024-12-08T09:59:43.679-0800] {logging_mixin.py:190} INFO - [2024-12-08T09:59:43.679-0800] {dag.py:4180} INFO - Setting next_dagrun for example_branch_datetime_operator_2 to 2024-12-07 00:00:00+00:00, run_after=2024-12-08 00:00:00+00:00
[2024-12-08T09:59:43.681-0800] {logging_mixin.py:190} INFO - [2024-12-08T09:59:43.681-0800] {dag.py:4180} INFO - Setting next_dagrun for example_branch_datetime_operator_3 to 2024-12-07 00:00:00+00:00, run_after=2024-12-08 00:00:00+00:00
[2024-12-08T09:59:43.695-0800] {processor.py:208} INFO - Processing /Users/rishukhurana/anaconda3/lib/python3.11/site-packages/airflow/example_dags/example_branch_datetime_operator.py took 0.144 seconds
[2024-12-08T10:05:10.033-0800] {processor.py:186} INFO - Started process (PID=95747) to work on /Users/rishukhurana/anaconda3/lib/python3.11/site-packages/airflow/example_dags/example_branch_datetime_operator.py
[2024-12-08T10:05:10.035-0800] {processor.py:914} INFO - Processing file /Users/rishukhurana/anaconda3/lib/python3.11/site-packages/airflow/example_dags/example_branch_datetime_operator.py for tasks to queue
[2024-12-08T10:05:10.036-0800] {logging_mixin.py:190} INFO - [2024-12-08T10:05:10.036-0800] {dagbag.py:588} INFO - Filling up the DagBag from /Users/rishukhurana/anaconda3/lib/python3.11/site-packages/airflow/example_dags/example_branch_datetime_operator.py
[2024-12-08T10:05:10.048-0800] {processor.py:925} INFO - DAG(s) 'example_branch_datetime_operator', 'example_branch_datetime_operator_3', 'example_branch_datetime_operator_2' retrieved from /Users/rishukhurana/anaconda3/lib/python3.11/site-packages/airflow/example_dags/example_branch_datetime_operator.py
[2024-12-08T10:05:10.140-0800] {logging_mixin.py:190} INFO - [2024-12-08T10:05:10.139-0800] {dag.py:3239} INFO - Sync 3 DAGs
[2024-12-08T10:05:10.159-0800] {logging_mixin.py:190} INFO - [2024-12-08T10:05:10.159-0800] {dag.py:4180} INFO - Setting next_dagrun for example_branch_datetime_operator to 2024-12-07 00:00:00+00:00, run_after=2024-12-08 00:00:00+00:00
[2024-12-08T10:05:10.163-0800] {logging_mixin.py:190} INFO - [2024-12-08T10:05:10.163-0800] {dag.py:4180} INFO - Setting next_dagrun for example_branch_datetime_operator_2 to 2024-12-07 00:00:00+00:00, run_after=2024-12-08 00:00:00+00:00
[2024-12-08T10:05:10.165-0800] {logging_mixin.py:190} INFO - [2024-12-08T10:05:10.165-0800] {dag.py:4180} INFO - Setting next_dagrun for example_branch_datetime_operator_3 to 2024-12-07 00:00:00+00:00, run_after=2024-12-08 00:00:00+00:00
[2024-12-08T10:05:10.180-0800] {processor.py:208} INFO - Processing /Users/rishukhurana/anaconda3/lib/python3.11/site-packages/airflow/example_dags/example_branch_datetime_operator.py took 0.151 seconds
[2024-12-08T10:10:55.936-0800] {processor.py:186} INFO - Started process (PID=96103) to work on /Users/rishukhurana/anaconda3/lib/python3.11/site-packages/airflow/example_dags/example_branch_datetime_operator.py
[2024-12-08T10:10:55.938-0800] {processor.py:914} INFO - Processing file /Users/rishukhurana/anaconda3/lib/python3.11/site-packages/airflow/example_dags/example_branch_datetime_operator.py for tasks to queue
[2024-12-08T10:10:55.939-0800] {logging_mixin.py:190} INFO - [2024-12-08T10:10:55.939-0800] {dagbag.py:588} INFO - Filling up the DagBag from /Users/rishukhurana/anaconda3/lib/python3.11/site-packages/airflow/example_dags/example_branch_datetime_operator.py
[2024-12-08T10:10:55.953-0800] {processor.py:925} INFO - DAG(s) 'example_branch_datetime_operator', 'example_branch_datetime_operator_3', 'example_branch_datetime_operator_2' retrieved from /Users/rishukhurana/anaconda3/lib/python3.11/site-packages/airflow/example_dags/example_branch_datetime_operator.py
[2024-12-08T10:10:56.045-0800] {logging_mixin.py:190} INFO - [2024-12-08T10:10:56.045-0800] {dag.py:3239} INFO - Sync 3 DAGs
[2024-12-08T10:10:56.063-0800] {logging_mixin.py:190} INFO - [2024-12-08T10:10:56.062-0800] {dag.py:4180} INFO - Setting next_dagrun for example_branch_datetime_operator to 2024-12-07 00:00:00+00:00, run_after=2024-12-08 00:00:00+00:00
[2024-12-08T10:10:56.066-0800] {logging_mixin.py:190} INFO - [2024-12-08T10:10:56.066-0800] {dag.py:4180} INFO - Setting next_dagrun for example_branch_datetime_operator_2 to 2024-12-07 00:00:00+00:00, run_after=2024-12-08 00:00:00+00:00
[2024-12-08T10:10:56.068-0800] {logging_mixin.py:190} INFO - [2024-12-08T10:10:56.068-0800] {dag.py:4180} INFO - Setting next_dagrun for example_branch_datetime_operator_3 to 2024-12-07 00:00:00+00:00, run_after=2024-12-08 00:00:00+00:00
[2024-12-08T10:10:56.084-0800] {processor.py:208} INFO - Processing /Users/rishukhurana/anaconda3/lib/python3.11/site-packages/airflow/example_dags/example_branch_datetime_operator.py took 0.154 seconds
[2024-12-08T10:16:43.132-0800] {processor.py:186} INFO - Started process (PID=96449) to work on /Users/rishukhurana/anaconda3/lib/python3.11/site-packages/airflow/example_dags/example_branch_datetime_operator.py
[2024-12-08T10:16:43.134-0800] {processor.py:914} INFO - Processing file /Users/rishukhurana/anaconda3/lib/python3.11/site-packages/airflow/example_dags/example_branch_datetime_operator.py for tasks to queue
[2024-12-08T10:16:43.135-0800] {logging_mixin.py:190} INFO - [2024-12-08T10:16:43.135-0800] {dagbag.py:588} INFO - Filling up the DagBag from /Users/rishukhurana/anaconda3/lib/python3.11/site-packages/airflow/example_dags/example_branch_datetime_operator.py
[2024-12-08T10:16:43.150-0800] {processor.py:925} INFO - DAG(s) 'example_branch_datetime_operator_3', 'example_branch_datetime_operator_2', 'example_branch_datetime_operator' retrieved from /Users/rishukhurana/anaconda3/lib/python3.11/site-packages/airflow/example_dags/example_branch_datetime_operator.py
[2024-12-08T10:16:43.261-0800] {logging_mixin.py:190} INFO - [2024-12-08T10:16:43.260-0800] {dag.py:3239} INFO - Sync 3 DAGs
[2024-12-08T10:16:43.281-0800] {logging_mixin.py:190} INFO - [2024-12-08T10:16:43.281-0800] {dag.py:4180} INFO - Setting next_dagrun for example_branch_datetime_operator to 2024-12-07 00:00:00+00:00, run_after=2024-12-08 00:00:00+00:00
[2024-12-08T10:16:43.286-0800] {logging_mixin.py:190} INFO - [2024-12-08T10:16:43.286-0800] {dag.py:4180} INFO - Setting next_dagrun for example_branch_datetime_operator_2 to 2024-12-07 00:00:00+00:00, run_after=2024-12-08 00:00:00+00:00
[2024-12-08T10:16:43.288-0800] {logging_mixin.py:190} INFO - [2024-12-08T10:16:43.288-0800] {dag.py:4180} INFO - Setting next_dagrun for example_branch_datetime_operator_3 to 2024-12-07 00:00:00+00:00, run_after=2024-12-08 00:00:00+00:00
[2024-12-08T10:16:43.304-0800] {processor.py:208} INFO - Processing /Users/rishukhurana/anaconda3/lib/python3.11/site-packages/airflow/example_dags/example_branch_datetime_operator.py took 0.178 seconds
[2024-12-08T11:27:24.158-0800] {processor.py:186} INFO - Started process (PID=97096) to work on /Users/rishukhurana/anaconda3/lib/python3.11/site-packages/airflow/example_dags/example_branch_datetime_operator.py
[2024-12-08T11:27:24.162-0800] {processor.py:914} INFO - Processing file /Users/rishukhurana/anaconda3/lib/python3.11/site-packages/airflow/example_dags/example_branch_datetime_operator.py for tasks to queue
[2024-12-08T11:27:24.165-0800] {logging_mixin.py:190} INFO - [2024-12-08T11:27:24.164-0800] {dagbag.py:588} INFO - Filling up the DagBag from /Users/rishukhurana/anaconda3/lib/python3.11/site-packages/airflow/example_dags/example_branch_datetime_operator.py
[2024-12-08T11:27:24.187-0800] {processor.py:925} INFO - DAG(s) 'example_branch_datetime_operator_2', 'example_branch_datetime_operator', 'example_branch_datetime_operator_3' retrieved from /Users/rishukhurana/anaconda3/lib/python3.11/site-packages/airflow/example_dags/example_branch_datetime_operator.py
[2024-12-08T11:27:24.310-0800] {logging_mixin.py:190} INFO - [2024-12-08T11:27:24.310-0800] {dag.py:3239} INFO - Sync 3 DAGs
[2024-12-08T11:27:24.354-0800] {logging_mixin.py:190} INFO - [2024-12-08T11:27:24.353-0800] {dag.py:4180} INFO - Setting next_dagrun for example_branch_datetime_operator to 2024-12-07 00:00:00+00:00, run_after=2024-12-08 00:00:00+00:00
[2024-12-08T11:27:24.358-0800] {logging_mixin.py:190} INFO - [2024-12-08T11:27:24.358-0800] {dag.py:4180} INFO - Setting next_dagrun for example_branch_datetime_operator_2 to 2024-12-07 00:00:00+00:00, run_after=2024-12-08 00:00:00+00:00
[2024-12-08T11:27:24.360-0800] {logging_mixin.py:190} INFO - [2024-12-08T11:27:24.360-0800] {dag.py:4180} INFO - Setting next_dagrun for example_branch_datetime_operator_3 to 2024-12-07 00:00:00+00:00, run_after=2024-12-08 00:00:00+00:00
[2024-12-08T11:27:24.392-0800] {processor.py:208} INFO - Processing /Users/rishukhurana/anaconda3/lib/python3.11/site-packages/airflow/example_dags/example_branch_datetime_operator.py took 0.239 seconds
