[2024-12-08T08:40:08.720-0800] {processor.py:186} INFO - Started process (PID=90889) to work on /Users/rishukhurana/.venv/lib/python3.11/site-packages/airflow/example_dags/example_subdag_operator.py
[2024-12-08T08:40:08.723-0800] {processor.py:914} INFO - Processing file /Users/rishukhurana/.venv/lib/python3.11/site-packages/airflow/example_dags/example_subdag_operator.py for tasks to queue
[2024-12-08T08:40:08.726-0800] {logging_mixin.py:190} INFO - [2024-12-08T08:40:08.726-0800] {dagbag.py:588} INFO - Filling up the DagBag from /Users/rishukhurana/.venv/lib/python3.11/site-packages/airflow/example_dags/example_subdag_operator.py
[2024-12-08T08:40:08.931-0800] {processor.py:925} INFO - DAG(s) 'example_subdag_operator.section-1', 'example_subdag_operator.section-2', 'example_subdag_operator' retrieved from /Users/rishukhurana/.venv/lib/python3.11/site-packages/airflow/example_dags/example_subdag_operator.py
[2024-12-08T08:40:08.952-0800] {logging_mixin.py:190} INFO - [2024-12-08T08:40:08.952-0800] {workday.py:41} WARNING - Could not import pandas. Holidays will not be considered.
[2024-12-08T08:40:09.133-0800] {logging_mixin.py:190} INFO - [2024-12-08T08:40:09.132-0800] {override.py:1911} INFO - Created Permission View: can delete on DAG:example_subdag_operator
[2024-12-08T08:40:09.141-0800] {logging_mixin.py:190} INFO - [2024-12-08T08:40:09.141-0800] {override.py:1911} INFO - Created Permission View: can edit on DAG:example_subdag_operator
[2024-12-08T08:40:09.147-0800] {logging_mixin.py:190} INFO - [2024-12-08T08:40:09.146-0800] {override.py:1911} INFO - Created Permission View: can read on DAG:example_subdag_operator
[2024-12-08T08:40:09.154-0800] {logging_mixin.py:190} INFO - [2024-12-08T08:40:09.154-0800] {override.py:1911} INFO - Created Permission View: can delete on DAG Run:example_subdag_operator
[2024-12-08T08:40:09.159-0800] {logging_mixin.py:190} INFO - [2024-12-08T08:40:09.159-0800] {override.py:1911} INFO - Created Permission View: menu access on DAG Run:example_subdag_operator
[2024-12-08T08:40:09.165-0800] {logging_mixin.py:190} INFO - [2024-12-08T08:40:09.165-0800] {override.py:1911} INFO - Created Permission View: can create on DAG Run:example_subdag_operator
[2024-12-08T08:40:09.170-0800] {logging_mixin.py:190} INFO - [2024-12-08T08:40:09.170-0800] {override.py:1911} INFO - Created Permission View: can read on DAG Run:example_subdag_operator
[2024-12-08T08:40:09.170-0800] {logging_mixin.py:190} INFO - [2024-12-08T08:40:09.170-0800] {dag.py:3239} INFO - Sync 3 DAGs
[2024-12-08T08:40:09.182-0800] {logging_mixin.py:190} INFO - [2024-12-08T08:40:09.182-0800] {dag.py:3262} INFO - Creating ORM DAG for example_subdag_operator
[2024-12-08T08:40:09.183-0800] {logging_mixin.py:190} INFO - [2024-12-08T08:40:09.182-0800] {dag.py:3262} INFO - Creating ORM DAG for example_subdag_operator.section-2
[2024-12-08T08:40:09.183-0800] {logging_mixin.py:190} INFO - [2024-12-08T08:40:09.183-0800] {dag.py:3262} INFO - Creating ORM DAG for example_subdag_operator.section-1
[2024-12-08T08:40:09.189-0800] {logging_mixin.py:190} INFO - [2024-12-08T08:40:09.189-0800] {dag.py:4180} INFO - Setting next_dagrun for example_subdag_operator to 2022-01-01 00:00:00+00:00, run_after=2022-01-01 00:00:00+00:00
[2024-12-08T08:40:09.189-0800] {logging_mixin.py:190} INFO - [2024-12-08T08:40:09.189-0800] {dag.py:4180} INFO - Setting next_dagrun for example_subdag_operator.section-1 to None, run_after=None
[2024-12-08T08:40:09.190-0800] {logging_mixin.py:190} INFO - [2024-12-08T08:40:09.190-0800] {dag.py:4180} INFO - Setting next_dagrun for example_subdag_operator.section-2 to None, run_after=None
[2024-12-08T08:40:09.196-0800] {logging_mixin.py:190} INFO - [2024-12-08T08:40:09.196-0800] {dag.py:3239} INFO - Sync 2 DAGs
[2024-12-08T08:40:09.201-0800] {logging_mixin.py:190} INFO - [2024-12-08T08:40:09.201-0800] {dag.py:4180} INFO - Setting next_dagrun for example_subdag_operator.section-1 to None, run_after=None
[2024-12-08T08:40:09.203-0800] {logging_mixin.py:190} INFO - [2024-12-08T08:40:09.203-0800] {dag.py:4180} INFO - Setting next_dagrun for example_subdag_operator.section-2 to None, run_after=None
[2024-12-08T08:40:09.214-0800] {processor.py:208} INFO - Processing /Users/rishukhurana/.venv/lib/python3.11/site-packages/airflow/example_dags/example_subdag_operator.py took 0.501 seconds
[2024-12-08T08:54:59.311-0800] {processor.py:186} INFO - Started process (PID=91317) to work on /Users/rishukhurana/anaconda3/lib/python3.11/site-packages/airflow/example_dags/example_subdag_operator.py
[2024-12-08T08:54:59.313-0800] {processor.py:914} INFO - Processing file /Users/rishukhurana/anaconda3/lib/python3.11/site-packages/airflow/example_dags/example_subdag_operator.py for tasks to queue
[2024-12-08T08:54:59.314-0800] {logging_mixin.py:190} INFO - [2024-12-08T08:54:59.314-0800] {dagbag.py:588} INFO - Filling up the DagBag from /Users/rishukhurana/anaconda3/lib/python3.11/site-packages/airflow/example_dags/example_subdag_operator.py
[2024-12-08T08:54:59.418-0800] {processor.py:925} INFO - DAG(s) 'example_subdag_operator.section-1', 'example_subdag_operator.section-2', 'example_subdag_operator' retrieved from /Users/rishukhurana/anaconda3/lib/python3.11/site-packages/airflow/example_dags/example_subdag_operator.py
[2024-12-08T08:54:59.823-0800] {logging_mixin.py:190} INFO - [2024-12-08T08:54:59.822-0800] {utils.py:160} INFO - NumExpr defaulting to 8 threads.
[2024-12-08T08:55:00.338-0800] {logging_mixin.py:190} INFO - [2024-12-08T08:55:00.338-0800] {dag.py:3239} INFO - Sync 3 DAGs
[2024-12-08T08:55:00.355-0800] {logging_mixin.py:190} INFO - [2024-12-08T08:55:00.354-0800] {dag.py:4180} INFO - Setting next_dagrun for example_subdag_operator to 2022-01-01 00:00:00+00:00, run_after=2022-01-01 00:00:00+00:00
[2024-12-08T08:55:00.357-0800] {logging_mixin.py:190} INFO - [2024-12-08T08:55:00.357-0800] {dag.py:4180} INFO - Setting next_dagrun for example_subdag_operator.section-1 to None, run_after=None
[2024-12-08T08:55:00.359-0800] {logging_mixin.py:190} INFO - [2024-12-08T08:55:00.358-0800] {dag.py:4180} INFO - Setting next_dagrun for example_subdag_operator.section-2 to None, run_after=None
[2024-12-08T08:55:00.366-0800] {logging_mixin.py:190} INFO - [2024-12-08T08:55:00.366-0800] {dag.py:3239} INFO - Sync 2 DAGs
[2024-12-08T08:55:00.370-0800] {logging_mixin.py:190} INFO - [2024-12-08T08:55:00.369-0800] {dag.py:4180} INFO - Setting next_dagrun for example_subdag_operator.section-1 to None, run_after=None
[2024-12-08T08:55:00.370-0800] {logging_mixin.py:190} INFO - [2024-12-08T08:55:00.370-0800] {dag.py:4180} INFO - Setting next_dagrun for example_subdag_operator.section-2 to None, run_after=None
[2024-12-08T08:55:00.383-0800] {processor.py:208} INFO - Processing /Users/rishukhurana/anaconda3/lib/python3.11/site-packages/airflow/example_dags/example_subdag_operator.py took 1.078 seconds
[2024-12-08T08:58:39.462-0800] {processor.py:186} INFO - Started process (PID=91564) to work on /Users/rishukhurana/anaconda3/lib/python3.11/site-packages/airflow/example_dags/example_subdag_operator.py
[2024-12-08T08:58:39.464-0800] {processor.py:914} INFO - Processing file /Users/rishukhurana/anaconda3/lib/python3.11/site-packages/airflow/example_dags/example_subdag_operator.py for tasks to queue
[2024-12-08T08:58:39.465-0800] {logging_mixin.py:190} INFO - [2024-12-08T08:58:39.465-0800] {dagbag.py:588} INFO - Filling up the DagBag from /Users/rishukhurana/anaconda3/lib/python3.11/site-packages/airflow/example_dags/example_subdag_operator.py
[2024-12-08T08:58:39.566-0800] {processor.py:925} INFO - DAG(s) 'example_subdag_operator.section-1', 'example_subdag_operator.section-2', 'example_subdag_operator' retrieved from /Users/rishukhurana/anaconda3/lib/python3.11/site-packages/airflow/example_dags/example_subdag_operator.py
[2024-12-08T08:58:39.989-0800] {logging_mixin.py:190} INFO - [2024-12-08T08:58:39.988-0800] {utils.py:160} INFO - NumExpr defaulting to 8 threads.
[2024-12-08T08:58:40.532-0800] {logging_mixin.py:190} INFO - [2024-12-08T08:58:40.531-0800] {dag.py:3239} INFO - Sync 3 DAGs
[2024-12-08T08:58:40.550-0800] {logging_mixin.py:190} INFO - [2024-12-08T08:58:40.550-0800] {dag.py:4180} INFO - Setting next_dagrun for example_subdag_operator to 2022-01-01 00:00:00+00:00, run_after=2022-01-01 00:00:00+00:00
[2024-12-08T08:58:40.555-0800] {logging_mixin.py:190} INFO - [2024-12-08T08:58:40.555-0800] {dag.py:4180} INFO - Setting next_dagrun for example_subdag_operator.section-1 to None, run_after=None
[2024-12-08T08:58:40.556-0800] {logging_mixin.py:190} INFO - [2024-12-08T08:58:40.556-0800] {dag.py:4180} INFO - Setting next_dagrun for example_subdag_operator.section-2 to None, run_after=None
[2024-12-08T08:58:40.561-0800] {logging_mixin.py:190} INFO - [2024-12-08T08:58:40.561-0800] {dag.py:3239} INFO - Sync 2 DAGs
[2024-12-08T08:58:40.564-0800] {logging_mixin.py:190} INFO - [2024-12-08T08:58:40.564-0800] {dag.py:4180} INFO - Setting next_dagrun for example_subdag_operator.section-1 to None, run_after=None
[2024-12-08T08:58:40.565-0800] {logging_mixin.py:190} INFO - [2024-12-08T08:58:40.565-0800] {dag.py:4180} INFO - Setting next_dagrun for example_subdag_operator.section-2 to None, run_after=None
[2024-12-08T08:58:40.575-0800] {processor.py:208} INFO - Processing /Users/rishukhurana/anaconda3/lib/python3.11/site-packages/airflow/example_dags/example_subdag_operator.py took 1.119 seconds
[2024-12-08T09:01:43.255-0800] {processor.py:186} INFO - Started process (PID=91763) to work on /Users/rishukhurana/anaconda3/lib/python3.11/site-packages/airflow/example_dags/example_subdag_operator.py
[2024-12-08T09:01:43.257-0800] {processor.py:914} INFO - Processing file /Users/rishukhurana/anaconda3/lib/python3.11/site-packages/airflow/example_dags/example_subdag_operator.py for tasks to queue
[2024-12-08T09:01:43.258-0800] {logging_mixin.py:190} INFO - [2024-12-08T09:01:43.258-0800] {dagbag.py:588} INFO - Filling up the DagBag from /Users/rishukhurana/anaconda3/lib/python3.11/site-packages/airflow/example_dags/example_subdag_operator.py
[2024-12-08T09:01:43.364-0800] {processor.py:925} INFO - DAG(s) 'example_subdag_operator.section-1', 'example_subdag_operator.section-2', 'example_subdag_operator' retrieved from /Users/rishukhurana/anaconda3/lib/python3.11/site-packages/airflow/example_dags/example_subdag_operator.py
[2024-12-08T09:01:43.827-0800] {logging_mixin.py:190} INFO - [2024-12-08T09:01:43.827-0800] {utils.py:160} INFO - NumExpr defaulting to 8 threads.
[2024-12-08T09:01:44.317-0800] {logging_mixin.py:190} INFO - [2024-12-08T09:01:44.317-0800] {dag.py:3239} INFO - Sync 3 DAGs
[2024-12-08T09:01:44.336-0800] {logging_mixin.py:190} INFO - [2024-12-08T09:01:44.336-0800] {dag.py:4180} INFO - Setting next_dagrun for example_subdag_operator to 2022-01-01 00:00:00+00:00, run_after=2022-01-01 00:00:00+00:00
[2024-12-08T09:01:44.340-0800] {logging_mixin.py:190} INFO - [2024-12-08T09:01:44.340-0800] {dag.py:4180} INFO - Setting next_dagrun for example_subdag_operator.section-1 to None, run_after=None
[2024-12-08T09:01:44.342-0800] {logging_mixin.py:190} INFO - [2024-12-08T09:01:44.341-0800] {dag.py:4180} INFO - Setting next_dagrun for example_subdag_operator.section-2 to None, run_after=None
[2024-12-08T09:01:44.346-0800] {logging_mixin.py:190} INFO - [2024-12-08T09:01:44.346-0800] {dag.py:3239} INFO - Sync 2 DAGs
[2024-12-08T09:01:44.351-0800] {logging_mixin.py:190} INFO - [2024-12-08T09:01:44.350-0800] {dag.py:4180} INFO - Setting next_dagrun for example_subdag_operator.section-1 to None, run_after=None
[2024-12-08T09:01:44.351-0800] {logging_mixin.py:190} INFO - [2024-12-08T09:01:44.351-0800] {dag.py:4180} INFO - Setting next_dagrun for example_subdag_operator.section-2 to None, run_after=None
[2024-12-08T09:01:44.365-0800] {processor.py:208} INFO - Processing /Users/rishukhurana/anaconda3/lib/python3.11/site-packages/airflow/example_dags/example_subdag_operator.py took 1.117 seconds
[2024-12-08T09:04:38.940-0800] {processor.py:186} INFO - Started process (PID=91949) to work on /Users/rishukhurana/anaconda3/lib/python3.11/site-packages/airflow/example_dags/example_subdag_operator.py
[2024-12-08T09:04:38.942-0800] {processor.py:914} INFO - Processing file /Users/rishukhurana/anaconda3/lib/python3.11/site-packages/airflow/example_dags/example_subdag_operator.py for tasks to queue
[2024-12-08T09:04:38.944-0800] {logging_mixin.py:190} INFO - [2024-12-08T09:04:38.944-0800] {dagbag.py:588} INFO - Filling up the DagBag from /Users/rishukhurana/anaconda3/lib/python3.11/site-packages/airflow/example_dags/example_subdag_operator.py
[2024-12-08T09:04:39.032-0800] {processor.py:925} INFO - DAG(s) 'example_subdag_operator.section-1', 'example_subdag_operator.section-2', 'example_subdag_operator' retrieved from /Users/rishukhurana/anaconda3/lib/python3.11/site-packages/airflow/example_dags/example_subdag_operator.py
[2024-12-08T09:04:39.358-0800] {logging_mixin.py:190} INFO - [2024-12-08T09:04:39.357-0800] {utils.py:160} INFO - NumExpr defaulting to 8 threads.
[2024-12-08T09:04:39.907-0800] {logging_mixin.py:190} INFO - [2024-12-08T09:04:39.906-0800] {dag.py:3239} INFO - Sync 3 DAGs
[2024-12-08T09:04:39.921-0800] {logging_mixin.py:190} INFO - [2024-12-08T09:04:39.920-0800] {dag.py:4180} INFO - Setting next_dagrun for example_subdag_operator to 2022-01-01 00:00:00+00:00, run_after=2022-01-01 00:00:00+00:00
[2024-12-08T09:04:39.924-0800] {logging_mixin.py:190} INFO - [2024-12-08T09:04:39.924-0800] {dag.py:4180} INFO - Setting next_dagrun for example_subdag_operator.section-1 to None, run_after=None
[2024-12-08T09:04:39.925-0800] {logging_mixin.py:190} INFO - [2024-12-08T09:04:39.925-0800] {dag.py:4180} INFO - Setting next_dagrun for example_subdag_operator.section-2 to None, run_after=None
[2024-12-08T09:04:39.930-0800] {logging_mixin.py:190} INFO - [2024-12-08T09:04:39.930-0800] {dag.py:3239} INFO - Sync 2 DAGs
[2024-12-08T09:04:39.933-0800] {logging_mixin.py:190} INFO - [2024-12-08T09:04:39.933-0800] {dag.py:4180} INFO - Setting next_dagrun for example_subdag_operator.section-1 to None, run_after=None
[2024-12-08T09:04:39.933-0800] {logging_mixin.py:190} INFO - [2024-12-08T09:04:39.933-0800] {dag.py:4180} INFO - Setting next_dagrun for example_subdag_operator.section-2 to None, run_after=None
[2024-12-08T09:04:39.946-0800] {processor.py:208} INFO - Processing /Users/rishukhurana/anaconda3/lib/python3.11/site-packages/airflow/example_dags/example_subdag_operator.py took 1.013 seconds
[2024-12-08T09:07:30.598-0800] {processor.py:186} INFO - Started process (PID=92118) to work on /Users/rishukhurana/anaconda3/lib/python3.11/site-packages/airflow/example_dags/example_subdag_operator.py
[2024-12-08T09:07:30.600-0800] {processor.py:914} INFO - Processing file /Users/rishukhurana/anaconda3/lib/python3.11/site-packages/airflow/example_dags/example_subdag_operator.py for tasks to queue
[2024-12-08T09:07:30.602-0800] {logging_mixin.py:190} INFO - [2024-12-08T09:07:30.601-0800] {dagbag.py:588} INFO - Filling up the DagBag from /Users/rishukhurana/anaconda3/lib/python3.11/site-packages/airflow/example_dags/example_subdag_operator.py
[2024-12-08T09:07:30.688-0800] {processor.py:925} INFO - DAG(s) 'example_subdag_operator.section-1', 'example_subdag_operator.section-2', 'example_subdag_operator' retrieved from /Users/rishukhurana/anaconda3/lib/python3.11/site-packages/airflow/example_dags/example_subdag_operator.py
[2024-12-08T09:07:30.999-0800] {logging_mixin.py:190} INFO - [2024-12-08T09:07:30.999-0800] {utils.py:160} INFO - NumExpr defaulting to 8 threads.
[2024-12-08T09:07:31.334-0800] {logging_mixin.py:190} INFO - [2024-12-08T09:07:31.334-0800] {dag.py:3239} INFO - Sync 3 DAGs
[2024-12-08T09:07:31.348-0800] {logging_mixin.py:190} INFO - [2024-12-08T09:07:31.348-0800] {dag.py:4180} INFO - Setting next_dagrun for example_subdag_operator to 2022-01-01 00:00:00+00:00, run_after=2022-01-01 00:00:00+00:00
[2024-12-08T09:07:31.352-0800] {logging_mixin.py:190} INFO - [2024-12-08T09:07:31.351-0800] {dag.py:4180} INFO - Setting next_dagrun for example_subdag_operator.section-1 to None, run_after=None
[2024-12-08T09:07:31.352-0800] {logging_mixin.py:190} INFO - [2024-12-08T09:07:31.352-0800] {dag.py:4180} INFO - Setting next_dagrun for example_subdag_operator.section-2 to None, run_after=None
[2024-12-08T09:07:31.357-0800] {logging_mixin.py:190} INFO - [2024-12-08T09:07:31.357-0800] {dag.py:3239} INFO - Sync 2 DAGs
[2024-12-08T09:07:31.360-0800] {logging_mixin.py:190} INFO - [2024-12-08T09:07:31.360-0800] {dag.py:4180} INFO - Setting next_dagrun for example_subdag_operator.section-1 to None, run_after=None
[2024-12-08T09:07:31.360-0800] {logging_mixin.py:190} INFO - [2024-12-08T09:07:31.360-0800] {dag.py:4180} INFO - Setting next_dagrun for example_subdag_operator.section-2 to None, run_after=None
[2024-12-08T09:07:31.375-0800] {processor.py:208} INFO - Processing /Users/rishukhurana/anaconda3/lib/python3.11/site-packages/airflow/example_dags/example_subdag_operator.py took 0.783 seconds
[2024-12-08T09:10:26.425-0800] {processor.py:186} INFO - Started process (PID=92309) to work on /Users/rishukhurana/anaconda3/lib/python3.11/site-packages/airflow/example_dags/example_subdag_operator.py
[2024-12-08T09:10:26.426-0800] {processor.py:914} INFO - Processing file /Users/rishukhurana/anaconda3/lib/python3.11/site-packages/airflow/example_dags/example_subdag_operator.py for tasks to queue
[2024-12-08T09:10:26.428-0800] {logging_mixin.py:190} INFO - [2024-12-08T09:10:26.427-0800] {dagbag.py:588} INFO - Filling up the DagBag from /Users/rishukhurana/anaconda3/lib/python3.11/site-packages/airflow/example_dags/example_subdag_operator.py
[2024-12-08T09:10:26.527-0800] {processor.py:925} INFO - DAG(s) 'example_subdag_operator.section-1', 'example_subdag_operator.section-2', 'example_subdag_operator' retrieved from /Users/rishukhurana/anaconda3/lib/python3.11/site-packages/airflow/example_dags/example_subdag_operator.py
[2024-12-08T09:10:26.933-0800] {logging_mixin.py:190} INFO - [2024-12-08T09:10:26.933-0800] {utils.py:160} INFO - NumExpr defaulting to 8 threads.
[2024-12-08T09:10:27.441-0800] {logging_mixin.py:190} INFO - [2024-12-08T09:10:27.441-0800] {dag.py:3239} INFO - Sync 3 DAGs
[2024-12-08T09:10:27.460-0800] {logging_mixin.py:190} INFO - [2024-12-08T09:10:27.459-0800] {dag.py:4180} INFO - Setting next_dagrun for example_subdag_operator to 2022-01-01 00:00:00+00:00, run_after=2022-01-01 00:00:00+00:00
[2024-12-08T09:10:27.464-0800] {logging_mixin.py:190} INFO - [2024-12-08T09:10:27.464-0800] {dag.py:4180} INFO - Setting next_dagrun for example_subdag_operator.section-1 to None, run_after=None
[2024-12-08T09:10:27.465-0800] {logging_mixin.py:190} INFO - [2024-12-08T09:10:27.465-0800] {dag.py:4180} INFO - Setting next_dagrun for example_subdag_operator.section-2 to None, run_after=None
[2024-12-08T09:10:27.470-0800] {logging_mixin.py:190} INFO - [2024-12-08T09:10:27.470-0800] {dag.py:3239} INFO - Sync 2 DAGs
[2024-12-08T09:10:27.474-0800] {logging_mixin.py:190} INFO - [2024-12-08T09:10:27.474-0800] {dag.py:4180} INFO - Setting next_dagrun for example_subdag_operator.section-1 to None, run_after=None
[2024-12-08T09:10:27.474-0800] {logging_mixin.py:190} INFO - [2024-12-08T09:10:27.474-0800] {dag.py:4180} INFO - Setting next_dagrun for example_subdag_operator.section-2 to None, run_after=None
[2024-12-08T09:10:27.486-0800] {processor.py:208} INFO - Processing /Users/rishukhurana/anaconda3/lib/python3.11/site-packages/airflow/example_dags/example_subdag_operator.py took 1.068 seconds
[2024-12-08T09:13:19.830-0800] {processor.py:186} INFO - Started process (PID=92505) to work on /Users/rishukhurana/anaconda3/lib/python3.11/site-packages/airflow/example_dags/example_subdag_operator.py
[2024-12-08T09:13:19.832-0800] {processor.py:914} INFO - Processing file /Users/rishukhurana/anaconda3/lib/python3.11/site-packages/airflow/example_dags/example_subdag_operator.py for tasks to queue
[2024-12-08T09:13:19.834-0800] {logging_mixin.py:190} INFO - [2024-12-08T09:13:19.833-0800] {dagbag.py:588} INFO - Filling up the DagBag from /Users/rishukhurana/anaconda3/lib/python3.11/site-packages/airflow/example_dags/example_subdag_operator.py
[2024-12-08T09:13:19.926-0800] {processor.py:925} INFO - DAG(s) 'example_subdag_operator.section-1', 'example_subdag_operator.section-2', 'example_subdag_operator' retrieved from /Users/rishukhurana/anaconda3/lib/python3.11/site-packages/airflow/example_dags/example_subdag_operator.py
[2024-12-08T09:13:20.252-0800] {logging_mixin.py:190} INFO - [2024-12-08T09:13:20.251-0800] {utils.py:160} INFO - NumExpr defaulting to 8 threads.
[2024-12-08T09:13:20.591-0800] {logging_mixin.py:190} INFO - [2024-12-08T09:13:20.591-0800] {dag.py:3239} INFO - Sync 3 DAGs
[2024-12-08T09:13:20.605-0800] {logging_mixin.py:190} INFO - [2024-12-08T09:13:20.605-0800] {dag.py:4180} INFO - Setting next_dagrun for example_subdag_operator to 2022-01-01 00:00:00+00:00, run_after=2022-01-01 00:00:00+00:00
[2024-12-08T09:13:20.608-0800] {logging_mixin.py:190} INFO - [2024-12-08T09:13:20.608-0800] {dag.py:4180} INFO - Setting next_dagrun for example_subdag_operator.section-1 to None, run_after=None
[2024-12-08T09:13:20.609-0800] {logging_mixin.py:190} INFO - [2024-12-08T09:13:20.609-0800] {dag.py:4180} INFO - Setting next_dagrun for example_subdag_operator.section-2 to None, run_after=None
[2024-12-08T09:13:20.614-0800] {logging_mixin.py:190} INFO - [2024-12-08T09:13:20.613-0800] {dag.py:3239} INFO - Sync 2 DAGs
[2024-12-08T09:13:20.617-0800] {logging_mixin.py:190} INFO - [2024-12-08T09:13:20.617-0800] {dag.py:4180} INFO - Setting next_dagrun for example_subdag_operator.section-1 to None, run_after=None
[2024-12-08T09:13:20.617-0800] {logging_mixin.py:190} INFO - [2024-12-08T09:13:20.617-0800] {dag.py:4180} INFO - Setting next_dagrun for example_subdag_operator.section-2 to None, run_after=None
[2024-12-08T09:13:20.629-0800] {processor.py:208} INFO - Processing /Users/rishukhurana/anaconda3/lib/python3.11/site-packages/airflow/example_dags/example_subdag_operator.py took 0.805 seconds
[2024-12-08T09:16:09.432-0800] {processor.py:186} INFO - Started process (PID=92680) to work on /Users/rishukhurana/anaconda3/lib/python3.11/site-packages/airflow/example_dags/example_subdag_operator.py
[2024-12-08T09:16:09.434-0800] {processor.py:914} INFO - Processing file /Users/rishukhurana/anaconda3/lib/python3.11/site-packages/airflow/example_dags/example_subdag_operator.py for tasks to queue
[2024-12-08T09:16:09.435-0800] {logging_mixin.py:190} INFO - [2024-12-08T09:16:09.435-0800] {dagbag.py:588} INFO - Filling up the DagBag from /Users/rishukhurana/anaconda3/lib/python3.11/site-packages/airflow/example_dags/example_subdag_operator.py
[2024-12-08T09:16:09.523-0800] {processor.py:925} INFO - DAG(s) 'example_subdag_operator.section-1', 'example_subdag_operator.section-2', 'example_subdag_operator' retrieved from /Users/rishukhurana/anaconda3/lib/python3.11/site-packages/airflow/example_dags/example_subdag_operator.py
[2024-12-08T09:16:09.827-0800] {logging_mixin.py:190} INFO - [2024-12-08T09:16:09.827-0800] {utils.py:160} INFO - NumExpr defaulting to 8 threads.
[2024-12-08T09:16:10.344-0800] {logging_mixin.py:190} INFO - [2024-12-08T09:16:10.344-0800] {dag.py:3239} INFO - Sync 3 DAGs
[2024-12-08T09:16:10.359-0800] {logging_mixin.py:190} INFO - [2024-12-08T09:16:10.358-0800] {dag.py:4180} INFO - Setting next_dagrun for example_subdag_operator to 2022-01-01 00:00:00+00:00, run_after=2022-01-01 00:00:00+00:00
[2024-12-08T09:16:10.362-0800] {logging_mixin.py:190} INFO - [2024-12-08T09:16:10.362-0800] {dag.py:4180} INFO - Setting next_dagrun for example_subdag_operator.section-1 to None, run_after=None
[2024-12-08T09:16:10.363-0800] {logging_mixin.py:190} INFO - [2024-12-08T09:16:10.363-0800] {dag.py:4180} INFO - Setting next_dagrun for example_subdag_operator.section-2 to None, run_after=None
[2024-12-08T09:16:10.369-0800] {logging_mixin.py:190} INFO - [2024-12-08T09:16:10.369-0800] {dag.py:3239} INFO - Sync 2 DAGs
[2024-12-08T09:16:10.373-0800] {logging_mixin.py:190} INFO - [2024-12-08T09:16:10.372-0800] {dag.py:4180} INFO - Setting next_dagrun for example_subdag_operator.section-1 to None, run_after=None
[2024-12-08T09:16:10.373-0800] {logging_mixin.py:190} INFO - [2024-12-08T09:16:10.373-0800] {dag.py:4180} INFO - Setting next_dagrun for example_subdag_operator.section-2 to None, run_after=None
[2024-12-08T09:16:10.387-0800] {processor.py:208} INFO - Processing /Users/rishukhurana/anaconda3/lib/python3.11/site-packages/airflow/example_dags/example_subdag_operator.py took 0.960 seconds
[2024-12-08T09:18:53.746-0800] {processor.py:186} INFO - Started process (PID=92847) to work on /Users/rishukhurana/anaconda3/lib/python3.11/site-packages/airflow/example_dags/example_subdag_operator.py
[2024-12-08T09:18:53.749-0800] {processor.py:914} INFO - Processing file /Users/rishukhurana/anaconda3/lib/python3.11/site-packages/airflow/example_dags/example_subdag_operator.py for tasks to queue
[2024-12-08T09:18:53.750-0800] {logging_mixin.py:190} INFO - [2024-12-08T09:18:53.750-0800] {dagbag.py:588} INFO - Filling up the DagBag from /Users/rishukhurana/anaconda3/lib/python3.11/site-packages/airflow/example_dags/example_subdag_operator.py
[2024-12-08T09:18:53.835-0800] {processor.py:925} INFO - DAG(s) 'example_subdag_operator.section-1', 'example_subdag_operator.section-2', 'example_subdag_operator' retrieved from /Users/rishukhurana/anaconda3/lib/python3.11/site-packages/airflow/example_dags/example_subdag_operator.py
[2024-12-08T09:18:54.139-0800] {logging_mixin.py:190} INFO - [2024-12-08T09:18:54.139-0800] {utils.py:160} INFO - NumExpr defaulting to 8 threads.
[2024-12-08T09:18:54.490-0800] {logging_mixin.py:190} INFO - [2024-12-08T09:18:54.490-0800] {dag.py:3239} INFO - Sync 3 DAGs
[2024-12-08T09:18:54.503-0800] {logging_mixin.py:190} INFO - [2024-12-08T09:18:54.503-0800] {dag.py:4180} INFO - Setting next_dagrun for example_subdag_operator to 2022-01-01 00:00:00+00:00, run_after=2022-01-01 00:00:00+00:00
[2024-12-08T09:18:54.507-0800] {logging_mixin.py:190} INFO - [2024-12-08T09:18:54.507-0800] {dag.py:4180} INFO - Setting next_dagrun for example_subdag_operator.section-1 to None, run_after=None
[2024-12-08T09:18:54.507-0800] {logging_mixin.py:190} INFO - [2024-12-08T09:18:54.507-0800] {dag.py:4180} INFO - Setting next_dagrun for example_subdag_operator.section-2 to None, run_after=None
[2024-12-08T09:18:54.512-0800] {logging_mixin.py:190} INFO - [2024-12-08T09:18:54.512-0800] {dag.py:3239} INFO - Sync 2 DAGs
[2024-12-08T09:18:54.515-0800] {logging_mixin.py:190} INFO - [2024-12-08T09:18:54.515-0800] {dag.py:4180} INFO - Setting next_dagrun for example_subdag_operator.section-1 to None, run_after=None
[2024-12-08T09:18:54.515-0800] {logging_mixin.py:190} INFO - [2024-12-08T09:18:54.515-0800] {dag.py:4180} INFO - Setting next_dagrun for example_subdag_operator.section-2 to None, run_after=None
[2024-12-08T09:18:54.528-0800] {processor.py:208} INFO - Processing /Users/rishukhurana/anaconda3/lib/python3.11/site-packages/airflow/example_dags/example_subdag_operator.py took 0.787 seconds
[2024-12-08T09:21:39.665-0800] {processor.py:186} INFO - Started process (PID=93026) to work on /Users/rishukhurana/anaconda3/lib/python3.11/site-packages/airflow/example_dags/example_subdag_operator.py
[2024-12-08T09:21:39.667-0800] {processor.py:914} INFO - Processing file /Users/rishukhurana/anaconda3/lib/python3.11/site-packages/airflow/example_dags/example_subdag_operator.py for tasks to queue
[2024-12-08T09:21:39.669-0800] {logging_mixin.py:190} INFO - [2024-12-08T09:21:39.669-0800] {dagbag.py:588} INFO - Filling up the DagBag from /Users/rishukhurana/anaconda3/lib/python3.11/site-packages/airflow/example_dags/example_subdag_operator.py
[2024-12-08T09:21:39.788-0800] {processor.py:925} INFO - DAG(s) 'example_subdag_operator.section-1', 'example_subdag_operator.section-2', 'example_subdag_operator' retrieved from /Users/rishukhurana/anaconda3/lib/python3.11/site-packages/airflow/example_dags/example_subdag_operator.py
[2024-12-08T09:21:40.249-0800] {logging_mixin.py:190} INFO - [2024-12-08T09:21:40.249-0800] {utils.py:160} INFO - NumExpr defaulting to 8 threads.
[2024-12-08T09:21:40.787-0800] {logging_mixin.py:190} INFO - [2024-12-08T09:21:40.787-0800] {dag.py:3239} INFO - Sync 3 DAGs
[2024-12-08T09:21:40.801-0800] {logging_mixin.py:190} INFO - [2024-12-08T09:21:40.801-0800] {dag.py:4180} INFO - Setting next_dagrun for example_subdag_operator to 2022-01-01 00:00:00+00:00, run_after=2022-01-01 00:00:00+00:00
[2024-12-08T09:21:40.807-0800] {logging_mixin.py:190} INFO - [2024-12-08T09:21:40.806-0800] {dag.py:4180} INFO - Setting next_dagrun for example_subdag_operator.section-1 to None, run_after=None
[2024-12-08T09:21:40.808-0800] {logging_mixin.py:190} INFO - [2024-12-08T09:21:40.808-0800] {dag.py:4180} INFO - Setting next_dagrun for example_subdag_operator.section-2 to None, run_after=None
[2024-12-08T09:21:40.812-0800] {logging_mixin.py:190} INFO - [2024-12-08T09:21:40.812-0800] {dag.py:3239} INFO - Sync 2 DAGs
[2024-12-08T09:21:40.815-0800] {logging_mixin.py:190} INFO - [2024-12-08T09:21:40.815-0800] {dag.py:4180} INFO - Setting next_dagrun for example_subdag_operator.section-1 to None, run_after=None
[2024-12-08T09:21:40.816-0800] {logging_mixin.py:190} INFO - [2024-12-08T09:21:40.816-0800] {dag.py:4180} INFO - Setting next_dagrun for example_subdag_operator.section-2 to None, run_after=None
[2024-12-08T09:21:40.832-0800] {processor.py:208} INFO - Processing /Users/rishukhurana/anaconda3/lib/python3.11/site-packages/airflow/example_dags/example_subdag_operator.py took 1.173 seconds
[2024-12-08T09:24:28.857-0800] {processor.py:186} INFO - Started process (PID=93218) to work on /Users/rishukhurana/anaconda3/lib/python3.11/site-packages/airflow/example_dags/example_subdag_operator.py
[2024-12-08T09:24:28.859-0800] {processor.py:914} INFO - Processing file /Users/rishukhurana/anaconda3/lib/python3.11/site-packages/airflow/example_dags/example_subdag_operator.py for tasks to queue
[2024-12-08T09:24:28.861-0800] {logging_mixin.py:190} INFO - [2024-12-08T09:24:28.861-0800] {dagbag.py:588} INFO - Filling up the DagBag from /Users/rishukhurana/anaconda3/lib/python3.11/site-packages/airflow/example_dags/example_subdag_operator.py
[2024-12-08T09:24:28.946-0800] {processor.py:925} INFO - DAG(s) 'example_subdag_operator.section-1', 'example_subdag_operator.section-2', 'example_subdag_operator' retrieved from /Users/rishukhurana/anaconda3/lib/python3.11/site-packages/airflow/example_dags/example_subdag_operator.py
[2024-12-08T09:24:29.255-0800] {logging_mixin.py:190} INFO - [2024-12-08T09:24:29.255-0800] {utils.py:160} INFO - NumExpr defaulting to 8 threads.
[2024-12-08T09:24:29.591-0800] {logging_mixin.py:190} INFO - [2024-12-08T09:24:29.590-0800] {dag.py:3239} INFO - Sync 3 DAGs
[2024-12-08T09:24:29.604-0800] {logging_mixin.py:190} INFO - [2024-12-08T09:24:29.604-0800] {dag.py:4180} INFO - Setting next_dagrun for example_subdag_operator to 2022-01-01 00:00:00+00:00, run_after=2022-01-01 00:00:00+00:00
[2024-12-08T09:24:29.607-0800] {logging_mixin.py:190} INFO - [2024-12-08T09:24:29.607-0800] {dag.py:4180} INFO - Setting next_dagrun for example_subdag_operator.section-1 to None, run_after=None
[2024-12-08T09:24:29.608-0800] {logging_mixin.py:190} INFO - [2024-12-08T09:24:29.608-0800] {dag.py:4180} INFO - Setting next_dagrun for example_subdag_operator.section-2 to None, run_after=None
[2024-12-08T09:24:29.612-0800] {logging_mixin.py:190} INFO - [2024-12-08T09:24:29.612-0800] {dag.py:3239} INFO - Sync 2 DAGs
[2024-12-08T09:24:29.616-0800] {logging_mixin.py:190} INFO - [2024-12-08T09:24:29.616-0800] {dag.py:4180} INFO - Setting next_dagrun for example_subdag_operator.section-1 to None, run_after=None
[2024-12-08T09:24:29.616-0800] {logging_mixin.py:190} INFO - [2024-12-08T09:24:29.616-0800] {dag.py:4180} INFO - Setting next_dagrun for example_subdag_operator.section-2 to None, run_after=None
[2024-12-08T09:24:29.628-0800] {processor.py:208} INFO - Processing /Users/rishukhurana/anaconda3/lib/python3.11/site-packages/airflow/example_dags/example_subdag_operator.py took 0.777 seconds
[2024-12-08T09:27:11.432-0800] {processor.py:186} INFO - Started process (PID=93401) to work on /Users/rishukhurana/anaconda3/lib/python3.11/site-packages/airflow/example_dags/example_subdag_operator.py
[2024-12-08T09:27:11.435-0800] {processor.py:914} INFO - Processing file /Users/rishukhurana/anaconda3/lib/python3.11/site-packages/airflow/example_dags/example_subdag_operator.py for tasks to queue
[2024-12-08T09:27:11.436-0800] {logging_mixin.py:190} INFO - [2024-12-08T09:27:11.436-0800] {dagbag.py:588} INFO - Filling up the DagBag from /Users/rishukhurana/anaconda3/lib/python3.11/site-packages/airflow/example_dags/example_subdag_operator.py
[2024-12-08T09:27:11.524-0800] {processor.py:925} INFO - DAG(s) 'example_subdag_operator.section-1', 'example_subdag_operator.section-2', 'example_subdag_operator' retrieved from /Users/rishukhurana/anaconda3/lib/python3.11/site-packages/airflow/example_dags/example_subdag_operator.py
[2024-12-08T09:27:11.903-0800] {logging_mixin.py:190} INFO - [2024-12-08T09:27:11.902-0800] {utils.py:160} INFO - NumExpr defaulting to 8 threads.
[2024-12-08T09:27:12.455-0800] {logging_mixin.py:190} INFO - [2024-12-08T09:27:12.455-0800] {dag.py:3239} INFO - Sync 3 DAGs
[2024-12-08T09:27:12.469-0800] {logging_mixin.py:190} INFO - [2024-12-08T09:27:12.469-0800] {dag.py:4180} INFO - Setting next_dagrun for example_subdag_operator to 2022-01-01 00:00:00+00:00, run_after=2022-01-01 00:00:00+00:00
[2024-12-08T09:27:12.472-0800] {logging_mixin.py:190} INFO - [2024-12-08T09:27:12.472-0800] {dag.py:4180} INFO - Setting next_dagrun for example_subdag_operator.section-1 to None, run_after=None
[2024-12-08T09:27:12.473-0800] {logging_mixin.py:190} INFO - [2024-12-08T09:27:12.473-0800] {dag.py:4180} INFO - Setting next_dagrun for example_subdag_operator.section-2 to None, run_after=None
[2024-12-08T09:27:12.477-0800] {logging_mixin.py:190} INFO - [2024-12-08T09:27:12.477-0800] {dag.py:3239} INFO - Sync 2 DAGs
[2024-12-08T09:27:12.480-0800] {logging_mixin.py:190} INFO - [2024-12-08T09:27:12.480-0800] {dag.py:4180} INFO - Setting next_dagrun for example_subdag_operator.section-1 to None, run_after=None
[2024-12-08T09:27:12.480-0800] {logging_mixin.py:190} INFO - [2024-12-08T09:27:12.480-0800] {dag.py:4180} INFO - Setting next_dagrun for example_subdag_operator.section-2 to None, run_after=None
[2024-12-08T09:27:12.491-0800] {processor.py:208} INFO - Processing /Users/rishukhurana/anaconda3/lib/python3.11/site-packages/airflow/example_dags/example_subdag_operator.py took 1.064 seconds
[2024-12-08T09:29:54.663-0800] {processor.py:186} INFO - Started process (PID=93566) to work on /Users/rishukhurana/anaconda3/lib/python3.11/site-packages/airflow/example_dags/example_subdag_operator.py
[2024-12-08T09:29:54.666-0800] {processor.py:914} INFO - Processing file /Users/rishukhurana/anaconda3/lib/python3.11/site-packages/airflow/example_dags/example_subdag_operator.py for tasks to queue
[2024-12-08T09:29:54.668-0800] {logging_mixin.py:190} INFO - [2024-12-08T09:29:54.667-0800] {dagbag.py:588} INFO - Filling up the DagBag from /Users/rishukhurana/anaconda3/lib/python3.11/site-packages/airflow/example_dags/example_subdag_operator.py
[2024-12-08T09:29:54.755-0800] {processor.py:925} INFO - DAG(s) 'example_subdag_operator.section-1', 'example_subdag_operator.section-2', 'example_subdag_operator' retrieved from /Users/rishukhurana/anaconda3/lib/python3.11/site-packages/airflow/example_dags/example_subdag_operator.py
[2024-12-08T09:29:55.135-0800] {logging_mixin.py:190} INFO - [2024-12-08T09:29:55.135-0800] {utils.py:160} INFO - NumExpr defaulting to 8 threads.
[2024-12-08T09:29:55.695-0800] {logging_mixin.py:190} INFO - [2024-12-08T09:29:55.695-0800] {dag.py:3239} INFO - Sync 3 DAGs
[2024-12-08T09:29:55.709-0800] {logging_mixin.py:190} INFO - [2024-12-08T09:29:55.709-0800] {dag.py:4180} INFO - Setting next_dagrun for example_subdag_operator to 2022-01-01 00:00:00+00:00, run_after=2022-01-01 00:00:00+00:00
[2024-12-08T09:29:55.712-0800] {logging_mixin.py:190} INFO - [2024-12-08T09:29:55.712-0800] {dag.py:4180} INFO - Setting next_dagrun for example_subdag_operator.section-1 to None, run_after=None
[2024-12-08T09:29:55.713-0800] {logging_mixin.py:190} INFO - [2024-12-08T09:29:55.713-0800] {dag.py:4180} INFO - Setting next_dagrun for example_subdag_operator.section-2 to None, run_after=None
[2024-12-08T09:29:55.717-0800] {logging_mixin.py:190} INFO - [2024-12-08T09:29:55.717-0800] {dag.py:3239} INFO - Sync 2 DAGs
[2024-12-08T09:29:55.720-0800] {logging_mixin.py:190} INFO - [2024-12-08T09:29:55.720-0800] {dag.py:4180} INFO - Setting next_dagrun for example_subdag_operator.section-1 to None, run_after=None
[2024-12-08T09:29:55.720-0800] {logging_mixin.py:190} INFO - [2024-12-08T09:29:55.720-0800] {dag.py:4180} INFO - Setting next_dagrun for example_subdag_operator.section-2 to None, run_after=None
[2024-12-08T09:29:55.731-0800] {processor.py:208} INFO - Processing /Users/rishukhurana/anaconda3/lib/python3.11/site-packages/airflow/example_dags/example_subdag_operator.py took 1.075 seconds
[2024-12-08T09:32:38.188-0800] {processor.py:186} INFO - Started process (PID=93738) to work on /Users/rishukhurana/anaconda3/lib/python3.11/site-packages/airflow/example_dags/example_subdag_operator.py
[2024-12-08T09:32:38.190-0800] {processor.py:914} INFO - Processing file /Users/rishukhurana/anaconda3/lib/python3.11/site-packages/airflow/example_dags/example_subdag_operator.py for tasks to queue
[2024-12-08T09:32:38.192-0800] {logging_mixin.py:190} INFO - [2024-12-08T09:32:38.191-0800] {dagbag.py:588} INFO - Filling up the DagBag from /Users/rishukhurana/anaconda3/lib/python3.11/site-packages/airflow/example_dags/example_subdag_operator.py
[2024-12-08T09:32:38.290-0800] {processor.py:925} INFO - DAG(s) 'example_subdag_operator.section-1', 'example_subdag_operator.section-2', 'example_subdag_operator' retrieved from /Users/rishukhurana/anaconda3/lib/python3.11/site-packages/airflow/example_dags/example_subdag_operator.py
[2024-12-08T09:32:38.811-0800] {logging_mixin.py:190} INFO - [2024-12-08T09:32:38.810-0800] {utils.py:160} INFO - NumExpr defaulting to 8 threads.
[2024-12-08T09:32:39.274-0800] {logging_mixin.py:190} INFO - [2024-12-08T09:32:39.274-0800] {dag.py:3239} INFO - Sync 3 DAGs
[2024-12-08T09:32:39.291-0800] {logging_mixin.py:190} INFO - [2024-12-08T09:32:39.291-0800] {dag.py:4180} INFO - Setting next_dagrun for example_subdag_operator to 2022-01-01 00:00:00+00:00, run_after=2022-01-01 00:00:00+00:00
[2024-12-08T09:32:39.295-0800] {logging_mixin.py:190} INFO - [2024-12-08T09:32:39.294-0800] {dag.py:4180} INFO - Setting next_dagrun for example_subdag_operator.section-1 to None, run_after=None
[2024-12-08T09:32:39.296-0800] {logging_mixin.py:190} INFO - [2024-12-08T09:32:39.295-0800] {dag.py:4180} INFO - Setting next_dagrun for example_subdag_operator.section-2 to None, run_after=None
[2024-12-08T09:32:39.301-0800] {logging_mixin.py:190} INFO - [2024-12-08T09:32:39.300-0800] {dag.py:3239} INFO - Sync 2 DAGs
[2024-12-08T09:32:39.304-0800] {logging_mixin.py:190} INFO - [2024-12-08T09:32:39.304-0800] {dag.py:4180} INFO - Setting next_dagrun for example_subdag_operator.section-1 to None, run_after=None
[2024-12-08T09:32:39.305-0800] {logging_mixin.py:190} INFO - [2024-12-08T09:32:39.305-0800] {dag.py:4180} INFO - Setting next_dagrun for example_subdag_operator.section-2 to None, run_after=None
[2024-12-08T09:32:39.316-0800] {processor.py:208} INFO - Processing /Users/rishukhurana/anaconda3/lib/python3.11/site-packages/airflow/example_dags/example_subdag_operator.py took 1.133 seconds
[2024-12-08T09:35:31.015-0800] {processor.py:186} INFO - Started process (PID=93923) to work on /Users/rishukhurana/anaconda3/lib/python3.11/site-packages/airflow/example_dags/example_subdag_operator.py
[2024-12-08T09:35:31.017-0800] {processor.py:914} INFO - Processing file /Users/rishukhurana/anaconda3/lib/python3.11/site-packages/airflow/example_dags/example_subdag_operator.py for tasks to queue
[2024-12-08T09:35:31.018-0800] {logging_mixin.py:190} INFO - [2024-12-08T09:35:31.018-0800] {dagbag.py:588} INFO - Filling up the DagBag from /Users/rishukhurana/anaconda3/lib/python3.11/site-packages/airflow/example_dags/example_subdag_operator.py
[2024-12-08T09:35:31.117-0800] {processor.py:925} INFO - DAG(s) 'example_subdag_operator.section-1', 'example_subdag_operator.section-2', 'example_subdag_operator' retrieved from /Users/rishukhurana/anaconda3/lib/python3.11/site-packages/airflow/example_dags/example_subdag_operator.py
[2024-12-08T09:35:31.452-0800] {logging_mixin.py:190} INFO - [2024-12-08T09:35:31.452-0800] {utils.py:160} INFO - NumExpr defaulting to 8 threads.
[2024-12-08T09:35:31.823-0800] {logging_mixin.py:190} INFO - [2024-12-08T09:35:31.822-0800] {dag.py:3239} INFO - Sync 3 DAGs
[2024-12-08T09:35:31.839-0800] {logging_mixin.py:190} INFO - [2024-12-08T09:35:31.839-0800] {dag.py:4180} INFO - Setting next_dagrun for example_subdag_operator to 2022-01-01 00:00:00+00:00, run_after=2022-01-01 00:00:00+00:00
[2024-12-08T09:35:31.845-0800] {logging_mixin.py:190} INFO - [2024-12-08T09:35:31.844-0800] {dag.py:4180} INFO - Setting next_dagrun for example_subdag_operator.section-1 to None, run_after=None
[2024-12-08T09:35:31.846-0800] {logging_mixin.py:190} INFO - [2024-12-08T09:35:31.846-0800] {dag.py:4180} INFO - Setting next_dagrun for example_subdag_operator.section-2 to None, run_after=None
[2024-12-08T09:35:31.851-0800] {logging_mixin.py:190} INFO - [2024-12-08T09:35:31.851-0800] {dag.py:3239} INFO - Sync 2 DAGs
[2024-12-08T09:35:31.855-0800] {logging_mixin.py:190} INFO - [2024-12-08T09:35:31.854-0800] {dag.py:4180} INFO - Setting next_dagrun for example_subdag_operator.section-1 to None, run_after=None
[2024-12-08T09:35:31.855-0800] {logging_mixin.py:190} INFO - [2024-12-08T09:35:31.855-0800] {dag.py:4180} INFO - Setting next_dagrun for example_subdag_operator.section-2 to None, run_after=None
[2024-12-08T09:35:31.866-0800] {processor.py:208} INFO - Processing /Users/rishukhurana/anaconda3/lib/python3.11/site-packages/airflow/example_dags/example_subdag_operator.py took 0.857 seconds
[2024-12-08T09:39:06.534-0800] {processor.py:186} INFO - Started process (PID=94132) to work on /Users/rishukhurana/anaconda3/lib/python3.11/site-packages/airflow/example_dags/example_subdag_operator.py
[2024-12-08T09:39:06.536-0800] {processor.py:914} INFO - Processing file /Users/rishukhurana/anaconda3/lib/python3.11/site-packages/airflow/example_dags/example_subdag_operator.py for tasks to queue
[2024-12-08T09:39:06.537-0800] {logging_mixin.py:190} INFO - [2024-12-08T09:39:06.537-0800] {dagbag.py:588} INFO - Filling up the DagBag from /Users/rishukhurana/anaconda3/lib/python3.11/site-packages/airflow/example_dags/example_subdag_operator.py
[2024-12-08T09:39:06.628-0800] {processor.py:925} INFO - DAG(s) 'example_subdag_operator.section-1', 'example_subdag_operator.section-2', 'example_subdag_operator' retrieved from /Users/rishukhurana/anaconda3/lib/python3.11/site-packages/airflow/example_dags/example_subdag_operator.py
[2024-12-08T09:39:06.937-0800] {logging_mixin.py:190} INFO - [2024-12-08T09:39:06.936-0800] {utils.py:160} INFO - NumExpr defaulting to 8 threads.
[2024-12-08T09:39:07.295-0800] {logging_mixin.py:190} INFO - [2024-12-08T09:39:07.294-0800] {dag.py:3239} INFO - Sync 3 DAGs
[2024-12-08T09:39:07.309-0800] {logging_mixin.py:190} INFO - [2024-12-08T09:39:07.309-0800] {dag.py:4180} INFO - Setting next_dagrun for example_subdag_operator to 2022-01-01 00:00:00+00:00, run_after=2022-01-01 00:00:00+00:00
[2024-12-08T09:39:07.313-0800] {logging_mixin.py:190} INFO - [2024-12-08T09:39:07.313-0800] {dag.py:4180} INFO - Setting next_dagrun for example_subdag_operator.section-1 to None, run_after=None
[2024-12-08T09:39:07.314-0800] {logging_mixin.py:190} INFO - [2024-12-08T09:39:07.314-0800] {dag.py:4180} INFO - Setting next_dagrun for example_subdag_operator.section-2 to None, run_after=None
[2024-12-08T09:39:07.319-0800] {logging_mixin.py:190} INFO - [2024-12-08T09:39:07.319-0800] {dag.py:3239} INFO - Sync 2 DAGs
[2024-12-08T09:39:07.323-0800] {logging_mixin.py:190} INFO - [2024-12-08T09:39:07.322-0800] {dag.py:4180} INFO - Setting next_dagrun for example_subdag_operator.section-1 to None, run_after=None
[2024-12-08T09:39:07.323-0800] {logging_mixin.py:190} INFO - [2024-12-08T09:39:07.323-0800] {dag.py:4180} INFO - Setting next_dagrun for example_subdag_operator.section-2 to None, run_after=None
[2024-12-08T09:39:07.335-0800] {processor.py:208} INFO - Processing /Users/rishukhurana/anaconda3/lib/python3.11/site-packages/airflow/example_dags/example_subdag_operator.py took 0.806 seconds
[2024-12-08T09:41:51.588-0800] {processor.py:186} INFO - Started process (PID=94301) to work on /Users/rishukhurana/anaconda3/lib/python3.11/site-packages/airflow/example_dags/example_subdag_operator.py
[2024-12-08T09:41:51.590-0800] {processor.py:914} INFO - Processing file /Users/rishukhurana/anaconda3/lib/python3.11/site-packages/airflow/example_dags/example_subdag_operator.py for tasks to queue
[2024-12-08T09:41:51.592-0800] {logging_mixin.py:190} INFO - [2024-12-08T09:41:51.591-0800] {dagbag.py:588} INFO - Filling up the DagBag from /Users/rishukhurana/anaconda3/lib/python3.11/site-packages/airflow/example_dags/example_subdag_operator.py
[2024-12-08T09:41:51.678-0800] {processor.py:925} INFO - DAG(s) 'example_subdag_operator.section-1', 'example_subdag_operator.section-2', 'example_subdag_operator' retrieved from /Users/rishukhurana/anaconda3/lib/python3.11/site-packages/airflow/example_dags/example_subdag_operator.py
[2024-12-08T09:41:52.095-0800] {logging_mixin.py:190} INFO - [2024-12-08T09:41:52.095-0800] {utils.py:160} INFO - NumExpr defaulting to 8 threads.
[2024-12-08T09:41:52.639-0800] {logging_mixin.py:190} INFO - [2024-12-08T09:41:52.639-0800] {dag.py:3239} INFO - Sync 3 DAGs
[2024-12-08T09:41:52.653-0800] {logging_mixin.py:190} INFO - [2024-12-08T09:41:52.652-0800] {dag.py:4180} INFO - Setting next_dagrun for example_subdag_operator to 2022-01-01 00:00:00+00:00, run_after=2022-01-01 00:00:00+00:00
[2024-12-08T09:41:52.657-0800] {logging_mixin.py:190} INFO - [2024-12-08T09:41:52.656-0800] {dag.py:4180} INFO - Setting next_dagrun for example_subdag_operator.section-1 to None, run_after=None
[2024-12-08T09:41:52.657-0800] {logging_mixin.py:190} INFO - [2024-12-08T09:41:52.657-0800] {dag.py:4180} INFO - Setting next_dagrun for example_subdag_operator.section-2 to None, run_after=None
[2024-12-08T09:41:52.662-0800] {logging_mixin.py:190} INFO - [2024-12-08T09:41:52.661-0800] {dag.py:3239} INFO - Sync 2 DAGs
[2024-12-08T09:41:52.665-0800] {logging_mixin.py:190} INFO - [2024-12-08T09:41:52.664-0800] {dag.py:4180} INFO - Setting next_dagrun for example_subdag_operator.section-1 to None, run_after=None
[2024-12-08T09:41:52.665-0800] {logging_mixin.py:190} INFO - [2024-12-08T09:41:52.665-0800] {dag.py:4180} INFO - Setting next_dagrun for example_subdag_operator.section-2 to None, run_after=None
[2024-12-08T09:41:52.676-0800] {processor.py:208} INFO - Processing /Users/rishukhurana/anaconda3/lib/python3.11/site-packages/airflow/example_dags/example_subdag_operator.py took 1.094 seconds
[2024-12-08T09:44:35.873-0800] {processor.py:186} INFO - Started process (PID=94469) to work on /Users/rishukhurana/anaconda3/lib/python3.11/site-packages/airflow/example_dags/example_subdag_operator.py
[2024-12-08T09:44:35.876-0800] {processor.py:914} INFO - Processing file /Users/rishukhurana/anaconda3/lib/python3.11/site-packages/airflow/example_dags/example_subdag_operator.py for tasks to queue
[2024-12-08T09:44:35.877-0800] {logging_mixin.py:190} INFO - [2024-12-08T09:44:35.877-0800] {dagbag.py:588} INFO - Filling up the DagBag from /Users/rishukhurana/anaconda3/lib/python3.11/site-packages/airflow/example_dags/example_subdag_operator.py
[2024-12-08T09:44:35.960-0800] {processor.py:925} INFO - DAG(s) 'example_subdag_operator.section-1', 'example_subdag_operator.section-2', 'example_subdag_operator' retrieved from /Users/rishukhurana/anaconda3/lib/python3.11/site-packages/airflow/example_dags/example_subdag_operator.py
[2024-12-08T09:44:36.262-0800] {logging_mixin.py:190} INFO - [2024-12-08T09:44:36.261-0800] {utils.py:160} INFO - NumExpr defaulting to 8 threads.
[2024-12-08T09:44:36.622-0800] {logging_mixin.py:190} INFO - [2024-12-08T09:44:36.621-0800] {dag.py:3239} INFO - Sync 3 DAGs
[2024-12-08T09:44:36.636-0800] {logging_mixin.py:190} INFO - [2024-12-08T09:44:36.635-0800] {dag.py:4180} INFO - Setting next_dagrun for example_subdag_operator to 2022-01-01 00:00:00+00:00, run_after=2022-01-01 00:00:00+00:00
[2024-12-08T09:44:36.639-0800] {logging_mixin.py:190} INFO - [2024-12-08T09:44:36.639-0800] {dag.py:4180} INFO - Setting next_dagrun for example_subdag_operator.section-1 to None, run_after=None
[2024-12-08T09:44:36.640-0800] {logging_mixin.py:190} INFO - [2024-12-08T09:44:36.640-0800] {dag.py:4180} INFO - Setting next_dagrun for example_subdag_operator.section-2 to None, run_after=None
[2024-12-08T09:44:36.646-0800] {logging_mixin.py:190} INFO - [2024-12-08T09:44:36.646-0800] {dag.py:3239} INFO - Sync 2 DAGs
[2024-12-08T09:44:36.649-0800] {logging_mixin.py:190} INFO - [2024-12-08T09:44:36.649-0800] {dag.py:4180} INFO - Setting next_dagrun for example_subdag_operator.section-1 to None, run_after=None
[2024-12-08T09:44:36.650-0800] {logging_mixin.py:190} INFO - [2024-12-08T09:44:36.649-0800] {dag.py:4180} INFO - Setting next_dagrun for example_subdag_operator.section-2 to None, run_after=None
[2024-12-08T09:44:36.660-0800] {processor.py:208} INFO - Processing /Users/rishukhurana/anaconda3/lib/python3.11/site-packages/airflow/example_dags/example_subdag_operator.py took 0.793 seconds
[2024-12-08T09:47:21.064-0800] {processor.py:186} INFO - Started process (PID=94638) to work on /Users/rishukhurana/anaconda3/lib/python3.11/site-packages/airflow/example_dags/example_subdag_operator.py
[2024-12-08T09:47:21.067-0800] {processor.py:914} INFO - Processing file /Users/rishukhurana/anaconda3/lib/python3.11/site-packages/airflow/example_dags/example_subdag_operator.py for tasks to queue
[2024-12-08T09:47:21.068-0800] {logging_mixin.py:190} INFO - [2024-12-08T09:47:21.068-0800] {dagbag.py:588} INFO - Filling up the DagBag from /Users/rishukhurana/anaconda3/lib/python3.11/site-packages/airflow/example_dags/example_subdag_operator.py
[2024-12-08T09:47:21.154-0800] {processor.py:925} INFO - DAG(s) 'example_subdag_operator.section-1', 'example_subdag_operator.section-2', 'example_subdag_operator' retrieved from /Users/rishukhurana/anaconda3/lib/python3.11/site-packages/airflow/example_dags/example_subdag_operator.py
[2024-12-08T09:47:21.576-0800] {logging_mixin.py:190} INFO - [2024-12-08T09:47:21.575-0800] {utils.py:160} INFO - NumExpr defaulting to 8 threads.
[2024-12-08T09:47:22.056-0800] {logging_mixin.py:190} INFO - [2024-12-08T09:47:22.056-0800] {dag.py:3239} INFO - Sync 3 DAGs
[2024-12-08T09:47:22.070-0800] {logging_mixin.py:190} INFO - [2024-12-08T09:47:22.070-0800] {dag.py:4180} INFO - Setting next_dagrun for example_subdag_operator to 2022-01-01 00:00:00+00:00, run_after=2022-01-01 00:00:00+00:00
[2024-12-08T09:47:22.073-0800] {logging_mixin.py:190} INFO - [2024-12-08T09:47:22.073-0800] {dag.py:4180} INFO - Setting next_dagrun for example_subdag_operator.section-1 to None, run_after=None
[2024-12-08T09:47:22.074-0800] {logging_mixin.py:190} INFO - [2024-12-08T09:47:22.074-0800] {dag.py:4180} INFO - Setting next_dagrun for example_subdag_operator.section-2 to None, run_after=None
[2024-12-08T09:47:22.078-0800] {logging_mixin.py:190} INFO - [2024-12-08T09:47:22.078-0800] {dag.py:3239} INFO - Sync 2 DAGs
[2024-12-08T09:47:22.081-0800] {logging_mixin.py:190} INFO - [2024-12-08T09:47:22.081-0800] {dag.py:4180} INFO - Setting next_dagrun for example_subdag_operator.section-1 to None, run_after=None
[2024-12-08T09:47:22.081-0800] {logging_mixin.py:190} INFO - [2024-12-08T09:47:22.081-0800] {dag.py:4180} INFO - Setting next_dagrun for example_subdag_operator.section-2 to None, run_after=None
[2024-12-08T09:47:22.092-0800] {processor.py:208} INFO - Processing /Users/rishukhurana/anaconda3/lib/python3.11/site-packages/airflow/example_dags/example_subdag_operator.py took 1.034 seconds
[2024-12-08T09:50:04.920-0800] {processor.py:186} INFO - Started process (PID=94803) to work on /Users/rishukhurana/anaconda3/lib/python3.11/site-packages/airflow/example_dags/example_subdag_operator.py
[2024-12-08T09:50:04.922-0800] {processor.py:914} INFO - Processing file /Users/rishukhurana/anaconda3/lib/python3.11/site-packages/airflow/example_dags/example_subdag_operator.py for tasks to queue
[2024-12-08T09:50:04.923-0800] {logging_mixin.py:190} INFO - [2024-12-08T09:50:04.923-0800] {dagbag.py:588} INFO - Filling up the DagBag from /Users/rishukhurana/anaconda3/lib/python3.11/site-packages/airflow/example_dags/example_subdag_operator.py
[2024-12-08T09:50:05.009-0800] {processor.py:925} INFO - DAG(s) 'example_subdag_operator.section-1', 'example_subdag_operator.section-2', 'example_subdag_operator' retrieved from /Users/rishukhurana/anaconda3/lib/python3.11/site-packages/airflow/example_dags/example_subdag_operator.py
[2024-12-08T09:50:05.434-0800] {logging_mixin.py:190} INFO - [2024-12-08T09:50:05.433-0800] {utils.py:160} INFO - NumExpr defaulting to 8 threads.
[2024-12-08T09:50:05.972-0800] {logging_mixin.py:190} INFO - [2024-12-08T09:50:05.972-0800] {dag.py:3239} INFO - Sync 3 DAGs
[2024-12-08T09:50:05.986-0800] {logging_mixin.py:190} INFO - [2024-12-08T09:50:05.986-0800] {dag.py:4180} INFO - Setting next_dagrun for example_subdag_operator to 2022-01-01 00:00:00+00:00, run_after=2022-01-01 00:00:00+00:00
[2024-12-08T09:50:05.991-0800] {logging_mixin.py:190} INFO - [2024-12-08T09:50:05.991-0800] {dag.py:4180} INFO - Setting next_dagrun for example_subdag_operator.section-1 to None, run_after=None
[2024-12-08T09:50:05.992-0800] {logging_mixin.py:190} INFO - [2024-12-08T09:50:05.992-0800] {dag.py:4180} INFO - Setting next_dagrun for example_subdag_operator.section-2 to None, run_after=None
[2024-12-08T09:50:05.998-0800] {logging_mixin.py:190} INFO - [2024-12-08T09:50:05.998-0800] {dag.py:3239} INFO - Sync 2 DAGs
[2024-12-08T09:50:06.002-0800] {logging_mixin.py:190} INFO - [2024-12-08T09:50:06.002-0800] {dag.py:4180} INFO - Setting next_dagrun for example_subdag_operator.section-1 to None, run_after=None
[2024-12-08T09:50:06.003-0800] {logging_mixin.py:190} INFO - [2024-12-08T09:50:06.003-0800] {dag.py:4180} INFO - Setting next_dagrun for example_subdag_operator.section-2 to None, run_after=None
[2024-12-08T09:50:06.019-0800] {processor.py:208} INFO - Processing /Users/rishukhurana/anaconda3/lib/python3.11/site-packages/airflow/example_dags/example_subdag_operator.py took 1.104 seconds
[2024-12-08T09:52:50.369-0800] {processor.py:186} INFO - Started process (PID=94972) to work on /Users/rishukhurana/anaconda3/lib/python3.11/site-packages/airflow/example_dags/example_subdag_operator.py
[2024-12-08T09:52:50.371-0800] {processor.py:914} INFO - Processing file /Users/rishukhurana/anaconda3/lib/python3.11/site-packages/airflow/example_dags/example_subdag_operator.py for tasks to queue
[2024-12-08T09:52:50.372-0800] {logging_mixin.py:190} INFO - [2024-12-08T09:52:50.372-0800] {dagbag.py:588} INFO - Filling up the DagBag from /Users/rishukhurana/anaconda3/lib/python3.11/site-packages/airflow/example_dags/example_subdag_operator.py
[2024-12-08T09:52:50.460-0800] {processor.py:925} INFO - DAG(s) 'example_subdag_operator.section-1', 'example_subdag_operator.section-2', 'example_subdag_operator' retrieved from /Users/rishukhurana/anaconda3/lib/python3.11/site-packages/airflow/example_dags/example_subdag_operator.py
[2024-12-08T09:52:50.776-0800] {logging_mixin.py:190} INFO - [2024-12-08T09:52:50.776-0800] {utils.py:160} INFO - NumExpr defaulting to 8 threads.
[2024-12-08T09:52:51.110-0800] {logging_mixin.py:190} INFO - [2024-12-08T09:52:51.110-0800] {dag.py:3239} INFO - Sync 3 DAGs
[2024-12-08T09:52:51.124-0800] {logging_mixin.py:190} INFO - [2024-12-08T09:52:51.123-0800] {dag.py:4180} INFO - Setting next_dagrun for example_subdag_operator to 2022-01-01 00:00:00+00:00, run_after=2022-01-01 00:00:00+00:00
[2024-12-08T09:52:51.127-0800] {logging_mixin.py:190} INFO - [2024-12-08T09:52:51.127-0800] {dag.py:4180} INFO - Setting next_dagrun for example_subdag_operator.section-1 to None, run_after=None
[2024-12-08T09:52:51.128-0800] {logging_mixin.py:190} INFO - [2024-12-08T09:52:51.128-0800] {dag.py:4180} INFO - Setting next_dagrun for example_subdag_operator.section-2 to None, run_after=None
[2024-12-08T09:52:51.132-0800] {logging_mixin.py:190} INFO - [2024-12-08T09:52:51.132-0800] {dag.py:3239} INFO - Sync 2 DAGs
[2024-12-08T09:52:51.135-0800] {logging_mixin.py:190} INFO - [2024-12-08T09:52:51.135-0800] {dag.py:4180} INFO - Setting next_dagrun for example_subdag_operator.section-1 to None, run_after=None
[2024-12-08T09:52:51.135-0800] {logging_mixin.py:190} INFO - [2024-12-08T09:52:51.135-0800] {dag.py:4180} INFO - Setting next_dagrun for example_subdag_operator.section-2 to None, run_after=None
[2024-12-08T09:52:51.151-0800] {processor.py:208} INFO - Processing /Users/rishukhurana/anaconda3/lib/python3.11/site-packages/airflow/example_dags/example_subdag_operator.py took 0.788 seconds
[2024-12-08T09:55:33.517-0800] {processor.py:186} INFO - Started process (PID=95136) to work on /Users/rishukhurana/anaconda3/lib/python3.11/site-packages/airflow/example_dags/example_subdag_operator.py
[2024-12-08T09:55:33.518-0800] {processor.py:914} INFO - Processing file /Users/rishukhurana/anaconda3/lib/python3.11/site-packages/airflow/example_dags/example_subdag_operator.py for tasks to queue
[2024-12-08T09:55:33.519-0800] {logging_mixin.py:190} INFO - [2024-12-08T09:55:33.519-0800] {dagbag.py:588} INFO - Filling up the DagBag from /Users/rishukhurana/anaconda3/lib/python3.11/site-packages/airflow/example_dags/example_subdag_operator.py
[2024-12-08T09:55:33.606-0800] {processor.py:925} INFO - DAG(s) 'example_subdag_operator.section-1', 'example_subdag_operator.section-2', 'example_subdag_operator' retrieved from /Users/rishukhurana/anaconda3/lib/python3.11/site-packages/airflow/example_dags/example_subdag_operator.py
[2024-12-08T09:55:33.916-0800] {logging_mixin.py:190} INFO - [2024-12-08T09:55:33.915-0800] {utils.py:160} INFO - NumExpr defaulting to 8 threads.
[2024-12-08T09:55:34.261-0800] {logging_mixin.py:190} INFO - [2024-12-08T09:55:34.261-0800] {dag.py:3239} INFO - Sync 3 DAGs
[2024-12-08T09:55:34.276-0800] {logging_mixin.py:190} INFO - [2024-12-08T09:55:34.276-0800] {dag.py:4180} INFO - Setting next_dagrun for example_subdag_operator to 2022-01-01 00:00:00+00:00, run_after=2022-01-01 00:00:00+00:00
[2024-12-08T09:55:34.280-0800] {logging_mixin.py:190} INFO - [2024-12-08T09:55:34.279-0800] {dag.py:4180} INFO - Setting next_dagrun for example_subdag_operator.section-1 to None, run_after=None
[2024-12-08T09:55:34.280-0800] {logging_mixin.py:190} INFO - [2024-12-08T09:55:34.280-0800] {dag.py:4180} INFO - Setting next_dagrun for example_subdag_operator.section-2 to None, run_after=None
[2024-12-08T09:55:34.285-0800] {logging_mixin.py:190} INFO - [2024-12-08T09:55:34.285-0800] {dag.py:3239} INFO - Sync 2 DAGs
[2024-12-08T09:55:34.288-0800] {logging_mixin.py:190} INFO - [2024-12-08T09:55:34.288-0800] {dag.py:4180} INFO - Setting next_dagrun for example_subdag_operator.section-1 to None, run_after=None
[2024-12-08T09:55:34.288-0800] {logging_mixin.py:190} INFO - [2024-12-08T09:55:34.288-0800] {dag.py:4180} INFO - Setting next_dagrun for example_subdag_operator.section-2 to None, run_after=None
[2024-12-08T09:55:34.300-0800] {processor.py:208} INFO - Processing /Users/rishukhurana/anaconda3/lib/python3.11/site-packages/airflow/example_dags/example_subdag_operator.py took 0.790 seconds
[2024-12-08T09:58:15.666-0800] {processor.py:186} INFO - Started process (PID=95302) to work on /Users/rishukhurana/anaconda3/lib/python3.11/site-packages/airflow/example_dags/example_subdag_operator.py
[2024-12-08T09:58:15.667-0800] {processor.py:914} INFO - Processing file /Users/rishukhurana/anaconda3/lib/python3.11/site-packages/airflow/example_dags/example_subdag_operator.py for tasks to queue
[2024-12-08T09:58:15.668-0800] {logging_mixin.py:190} INFO - [2024-12-08T09:58:15.668-0800] {dagbag.py:588} INFO - Filling up the DagBag from /Users/rishukhurana/anaconda3/lib/python3.11/site-packages/airflow/example_dags/example_subdag_operator.py
[2024-12-08T09:58:15.750-0800] {processor.py:925} INFO - DAG(s) 'example_subdag_operator.section-1', 'example_subdag_operator.section-2', 'example_subdag_operator' retrieved from /Users/rishukhurana/anaconda3/lib/python3.11/site-packages/airflow/example_dags/example_subdag_operator.py
[2024-12-08T09:58:16.052-0800] {logging_mixin.py:190} INFO - [2024-12-08T09:58:16.051-0800] {utils.py:160} INFO - NumExpr defaulting to 8 threads.
[2024-12-08T09:58:16.400-0800] {logging_mixin.py:190} INFO - [2024-12-08T09:58:16.399-0800] {dag.py:3239} INFO - Sync 3 DAGs
[2024-12-08T09:58:16.413-0800] {logging_mixin.py:190} INFO - [2024-12-08T09:58:16.413-0800] {dag.py:4180} INFO - Setting next_dagrun for example_subdag_operator to 2022-01-01 00:00:00+00:00, run_after=2022-01-01 00:00:00+00:00
[2024-12-08T09:58:16.417-0800] {logging_mixin.py:190} INFO - [2024-12-08T09:58:16.417-0800] {dag.py:4180} INFO - Setting next_dagrun for example_subdag_operator.section-1 to None, run_after=None
[2024-12-08T09:58:16.418-0800] {logging_mixin.py:190} INFO - [2024-12-08T09:58:16.418-0800] {dag.py:4180} INFO - Setting next_dagrun for example_subdag_operator.section-2 to None, run_after=None
[2024-12-08T09:58:16.423-0800] {logging_mixin.py:190} INFO - [2024-12-08T09:58:16.423-0800] {dag.py:3239} INFO - Sync 2 DAGs
[2024-12-08T09:58:16.426-0800] {logging_mixin.py:190} INFO - [2024-12-08T09:58:16.426-0800] {dag.py:4180} INFO - Setting next_dagrun for example_subdag_operator.section-1 to None, run_after=None
[2024-12-08T09:58:16.426-0800] {logging_mixin.py:190} INFO - [2024-12-08T09:58:16.426-0800] {dag.py:4180} INFO - Setting next_dagrun for example_subdag_operator.section-2 to None, run_after=None
[2024-12-08T09:58:16.440-0800] {processor.py:208} INFO - Processing /Users/rishukhurana/anaconda3/lib/python3.11/site-packages/airflow/example_dags/example_subdag_operator.py took 0.781 seconds
[2024-12-08T10:00:58.148-0800] {processor.py:186} INFO - Started process (PID=95481) to work on /Users/rishukhurana/anaconda3/lib/python3.11/site-packages/airflow/example_dags/example_subdag_operator.py
[2024-12-08T10:00:58.150-0800] {processor.py:914} INFO - Processing file /Users/rishukhurana/anaconda3/lib/python3.11/site-packages/airflow/example_dags/example_subdag_operator.py for tasks to queue
[2024-12-08T10:00:58.152-0800] {logging_mixin.py:190} INFO - [2024-12-08T10:00:58.151-0800] {dagbag.py:588} INFO - Filling up the DagBag from /Users/rishukhurana/anaconda3/lib/python3.11/site-packages/airflow/example_dags/example_subdag_operator.py
[2024-12-08T10:00:58.239-0800] {processor.py:925} INFO - DAG(s) 'example_subdag_operator.section-1', 'example_subdag_operator.section-2', 'example_subdag_operator' retrieved from /Users/rishukhurana/anaconda3/lib/python3.11/site-packages/airflow/example_dags/example_subdag_operator.py
[2024-12-08T10:00:58.538-0800] {logging_mixin.py:190} INFO - [2024-12-08T10:00:58.538-0800] {utils.py:160} INFO - NumExpr defaulting to 8 threads.
[2024-12-08T10:00:58.869-0800] {logging_mixin.py:190} INFO - [2024-12-08T10:00:58.868-0800] {dag.py:3239} INFO - Sync 3 DAGs
[2024-12-08T10:00:58.883-0800] {logging_mixin.py:190} INFO - [2024-12-08T10:00:58.883-0800] {dag.py:4180} INFO - Setting next_dagrun for example_subdag_operator to 2022-01-01 00:00:00+00:00, run_after=2022-01-01 00:00:00+00:00
[2024-12-08T10:00:58.886-0800] {logging_mixin.py:190} INFO - [2024-12-08T10:00:58.886-0800] {dag.py:4180} INFO - Setting next_dagrun for example_subdag_operator.section-1 to None, run_after=None
[2024-12-08T10:00:58.887-0800] {logging_mixin.py:190} INFO - [2024-12-08T10:00:58.887-0800] {dag.py:4180} INFO - Setting next_dagrun for example_subdag_operator.section-2 to None, run_after=None
[2024-12-08T10:00:58.892-0800] {logging_mixin.py:190} INFO - [2024-12-08T10:00:58.891-0800] {dag.py:3239} INFO - Sync 2 DAGs
[2024-12-08T10:00:58.895-0800] {logging_mixin.py:190} INFO - [2024-12-08T10:00:58.894-0800] {dag.py:4180} INFO - Setting next_dagrun for example_subdag_operator.section-1 to None, run_after=None
[2024-12-08T10:00:58.895-0800] {logging_mixin.py:190} INFO - [2024-12-08T10:00:58.895-0800] {dag.py:4180} INFO - Setting next_dagrun for example_subdag_operator.section-2 to None, run_after=None
[2024-12-08T10:00:58.906-0800] {processor.py:208} INFO - Processing /Users/rishukhurana/anaconda3/lib/python3.11/site-packages/airflow/example_dags/example_subdag_operator.py took 0.765 seconds
[2024-12-08T10:03:41.840-0800] {processor.py:186} INFO - Started process (PID=95648) to work on /Users/rishukhurana/anaconda3/lib/python3.11/site-packages/airflow/example_dags/example_subdag_operator.py
[2024-12-08T10:03:41.843-0800] {processor.py:914} INFO - Processing file /Users/rishukhurana/anaconda3/lib/python3.11/site-packages/airflow/example_dags/example_subdag_operator.py for tasks to queue
[2024-12-08T10:03:41.844-0800] {logging_mixin.py:190} INFO - [2024-12-08T10:03:41.844-0800] {dagbag.py:588} INFO - Filling up the DagBag from /Users/rishukhurana/anaconda3/lib/python3.11/site-packages/airflow/example_dags/example_subdag_operator.py
[2024-12-08T10:03:41.938-0800] {processor.py:925} INFO - DAG(s) 'example_subdag_operator.section-1', 'example_subdag_operator.section-2', 'example_subdag_operator' retrieved from /Users/rishukhurana/anaconda3/lib/python3.11/site-packages/airflow/example_dags/example_subdag_operator.py
[2024-12-08T10:03:42.371-0800] {logging_mixin.py:190} INFO - [2024-12-08T10:03:42.370-0800] {utils.py:160} INFO - NumExpr defaulting to 8 threads.
[2024-12-08T10:03:42.953-0800] {logging_mixin.py:190} INFO - [2024-12-08T10:03:42.953-0800] {dag.py:3239} INFO - Sync 3 DAGs
[2024-12-08T10:03:42.967-0800] {logging_mixin.py:190} INFO - [2024-12-08T10:03:42.967-0800] {dag.py:4180} INFO - Setting next_dagrun for example_subdag_operator to 2022-01-01 00:00:00+00:00, run_after=2022-01-01 00:00:00+00:00
[2024-12-08T10:03:42.970-0800] {logging_mixin.py:190} INFO - [2024-12-08T10:03:42.970-0800] {dag.py:4180} INFO - Setting next_dagrun for example_subdag_operator.section-1 to None, run_after=None
[2024-12-08T10:03:42.971-0800] {logging_mixin.py:190} INFO - [2024-12-08T10:03:42.971-0800] {dag.py:4180} INFO - Setting next_dagrun for example_subdag_operator.section-2 to None, run_after=None
[2024-12-08T10:03:42.976-0800] {logging_mixin.py:190} INFO - [2024-12-08T10:03:42.976-0800] {dag.py:3239} INFO - Sync 2 DAGs
[2024-12-08T10:03:42.979-0800] {logging_mixin.py:190} INFO - [2024-12-08T10:03:42.979-0800] {dag.py:4180} INFO - Setting next_dagrun for example_subdag_operator.section-1 to None, run_after=None
[2024-12-08T10:03:42.979-0800] {logging_mixin.py:190} INFO - [2024-12-08T10:03:42.979-0800] {dag.py:4180} INFO - Setting next_dagrun for example_subdag_operator.section-2 to None, run_after=None
[2024-12-08T10:03:42.991-0800] {processor.py:208} INFO - Processing /Users/rishukhurana/anaconda3/lib/python3.11/site-packages/airflow/example_dags/example_subdag_operator.py took 1.157 seconds
[2024-12-08T10:06:29.292-0800] {processor.py:186} INFO - Started process (PID=95833) to work on /Users/rishukhurana/anaconda3/lib/python3.11/site-packages/airflow/example_dags/example_subdag_operator.py
[2024-12-08T10:06:29.294-0800] {processor.py:914} INFO - Processing file /Users/rishukhurana/anaconda3/lib/python3.11/site-packages/airflow/example_dags/example_subdag_operator.py for tasks to queue
[2024-12-08T10:06:29.295-0800] {logging_mixin.py:190} INFO - [2024-12-08T10:06:29.295-0800] {dagbag.py:588} INFO - Filling up the DagBag from /Users/rishukhurana/anaconda3/lib/python3.11/site-packages/airflow/example_dags/example_subdag_operator.py
[2024-12-08T10:06:29.394-0800] {processor.py:925} INFO - DAG(s) 'example_subdag_operator.section-1', 'example_subdag_operator.section-2', 'example_subdag_operator' retrieved from /Users/rishukhurana/anaconda3/lib/python3.11/site-packages/airflow/example_dags/example_subdag_operator.py
[2024-12-08T10:06:29.826-0800] {logging_mixin.py:190} INFO - [2024-12-08T10:06:29.826-0800] {utils.py:160} INFO - NumExpr defaulting to 8 threads.
[2024-12-08T10:06:30.328-0800] {logging_mixin.py:190} INFO - [2024-12-08T10:06:30.327-0800] {dag.py:3239} INFO - Sync 3 DAGs
[2024-12-08T10:06:30.381-0800] {logging_mixin.py:190} INFO - [2024-12-08T10:06:30.381-0800] {dag.py:4180} INFO - Setting next_dagrun for example_subdag_operator to 2022-01-01 00:00:00+00:00, run_after=2022-01-01 00:00:00+00:00
[2024-12-08T10:06:30.394-0800] {logging_mixin.py:190} INFO - [2024-12-08T10:06:30.392-0800] {dag.py:4180} INFO - Setting next_dagrun for example_subdag_operator.section-1 to None, run_after=None
[2024-12-08T10:06:30.396-0800] {logging_mixin.py:190} INFO - [2024-12-08T10:06:30.396-0800] {dag.py:4180} INFO - Setting next_dagrun for example_subdag_operator.section-2 to None, run_after=None
[2024-12-08T10:06:30.415-0800] {logging_mixin.py:190} INFO - [2024-12-08T10:06:30.415-0800] {dag.py:3239} INFO - Sync 2 DAGs
[2024-12-08T10:06:30.429-0800] {logging_mixin.py:190} INFO - [2024-12-08T10:06:30.428-0800] {dag.py:4180} INFO - Setting next_dagrun for example_subdag_operator.section-1 to None, run_after=None
[2024-12-08T10:06:30.429-0800] {logging_mixin.py:190} INFO - [2024-12-08T10:06:30.429-0800] {dag.py:4180} INFO - Setting next_dagrun for example_subdag_operator.section-2 to None, run_after=None
[2024-12-08T10:06:30.459-0800] {processor.py:208} INFO - Processing /Users/rishukhurana/anaconda3/lib/python3.11/site-packages/airflow/example_dags/example_subdag_operator.py took 1.173 seconds
[2024-12-08T10:09:26.180-0800] {processor.py:186} INFO - Started process (PID=96014) to work on /Users/rishukhurana/anaconda3/lib/python3.11/site-packages/airflow/example_dags/example_subdag_operator.py
[2024-12-08T10:09:26.182-0800] {processor.py:914} INFO - Processing file /Users/rishukhurana/anaconda3/lib/python3.11/site-packages/airflow/example_dags/example_subdag_operator.py for tasks to queue
[2024-12-08T10:09:26.183-0800] {logging_mixin.py:190} INFO - [2024-12-08T10:09:26.183-0800] {dagbag.py:588} INFO - Filling up the DagBag from /Users/rishukhurana/anaconda3/lib/python3.11/site-packages/airflow/example_dags/example_subdag_operator.py
[2024-12-08T10:09:26.276-0800] {processor.py:925} INFO - DAG(s) 'example_subdag_operator.section-1', 'example_subdag_operator.section-2', 'example_subdag_operator' retrieved from /Users/rishukhurana/anaconda3/lib/python3.11/site-packages/airflow/example_dags/example_subdag_operator.py
[2024-12-08T10:09:26.616-0800] {logging_mixin.py:190} INFO - [2024-12-08T10:09:26.616-0800] {utils.py:160} INFO - NumExpr defaulting to 8 threads.
[2024-12-08T10:09:27.093-0800] {logging_mixin.py:190} INFO - [2024-12-08T10:09:27.093-0800] {dag.py:3239} INFO - Sync 3 DAGs
[2024-12-08T10:09:27.109-0800] {logging_mixin.py:190} INFO - [2024-12-08T10:09:27.108-0800] {dag.py:4180} INFO - Setting next_dagrun for example_subdag_operator to 2022-01-01 00:00:00+00:00, run_after=2022-01-01 00:00:00+00:00
[2024-12-08T10:09:27.113-0800] {logging_mixin.py:190} INFO - [2024-12-08T10:09:27.113-0800] {dag.py:4180} INFO - Setting next_dagrun for example_subdag_operator.section-1 to None, run_after=None
[2024-12-08T10:09:27.114-0800] {logging_mixin.py:190} INFO - [2024-12-08T10:09:27.114-0800] {dag.py:4180} INFO - Setting next_dagrun for example_subdag_operator.section-2 to None, run_after=None
[2024-12-08T10:09:27.118-0800] {logging_mixin.py:190} INFO - [2024-12-08T10:09:27.118-0800] {dag.py:3239} INFO - Sync 2 DAGs
[2024-12-08T10:09:27.122-0800] {logging_mixin.py:190} INFO - [2024-12-08T10:09:27.122-0800] {dag.py:4180} INFO - Setting next_dagrun for example_subdag_operator.section-1 to None, run_after=None
[2024-12-08T10:09:27.122-0800] {logging_mixin.py:190} INFO - [2024-12-08T10:09:27.122-0800] {dag.py:4180} INFO - Setting next_dagrun for example_subdag_operator.section-2 to None, run_after=None
[2024-12-08T10:09:27.133-0800] {processor.py:208} INFO - Processing /Users/rishukhurana/anaconda3/lib/python3.11/site-packages/airflow/example_dags/example_subdag_operator.py took 0.959 seconds
[2024-12-08T10:12:15.316-0800] {processor.py:186} INFO - Started process (PID=96183) to work on /Users/rishukhurana/anaconda3/lib/python3.11/site-packages/airflow/example_dags/example_subdag_operator.py
[2024-12-08T10:12:15.319-0800] {processor.py:914} INFO - Processing file /Users/rishukhurana/anaconda3/lib/python3.11/site-packages/airflow/example_dags/example_subdag_operator.py for tasks to queue
[2024-12-08T10:12:15.320-0800] {logging_mixin.py:190} INFO - [2024-12-08T10:12:15.320-0800] {dagbag.py:588} INFO - Filling up the DagBag from /Users/rishukhurana/anaconda3/lib/python3.11/site-packages/airflow/example_dags/example_subdag_operator.py
[2024-12-08T10:12:15.414-0800] {processor.py:925} INFO - DAG(s) 'example_subdag_operator.section-1', 'example_subdag_operator.section-2', 'example_subdag_operator' retrieved from /Users/rishukhurana/anaconda3/lib/python3.11/site-packages/airflow/example_dags/example_subdag_operator.py
[2024-12-08T10:12:15.733-0800] {logging_mixin.py:190} INFO - [2024-12-08T10:12:15.732-0800] {utils.py:160} INFO - NumExpr defaulting to 8 threads.
[2024-12-08T10:12:16.073-0800] {logging_mixin.py:190} INFO - [2024-12-08T10:12:16.073-0800] {dag.py:3239} INFO - Sync 3 DAGs
[2024-12-08T10:12:16.089-0800] {logging_mixin.py:190} INFO - [2024-12-08T10:12:16.089-0800] {dag.py:4180} INFO - Setting next_dagrun for example_subdag_operator to 2022-01-01 00:00:00+00:00, run_after=2022-01-01 00:00:00+00:00
[2024-12-08T10:12:16.093-0800] {logging_mixin.py:190} INFO - [2024-12-08T10:12:16.093-0800] {dag.py:4180} INFO - Setting next_dagrun for example_subdag_operator.section-1 to None, run_after=None
[2024-12-08T10:12:16.094-0800] {logging_mixin.py:190} INFO - [2024-12-08T10:12:16.094-0800] {dag.py:4180} INFO - Setting next_dagrun for example_subdag_operator.section-2 to None, run_after=None
[2024-12-08T10:12:16.099-0800] {logging_mixin.py:190} INFO - [2024-12-08T10:12:16.099-0800] {dag.py:3239} INFO - Sync 2 DAGs
[2024-12-08T10:12:16.104-0800] {logging_mixin.py:190} INFO - [2024-12-08T10:12:16.103-0800] {dag.py:4180} INFO - Setting next_dagrun for example_subdag_operator.section-1 to None, run_after=None
[2024-12-08T10:12:16.104-0800] {logging_mixin.py:190} INFO - [2024-12-08T10:12:16.104-0800] {dag.py:4180} INFO - Setting next_dagrun for example_subdag_operator.section-2 to None, run_after=None
[2024-12-08T10:12:16.116-0800] {processor.py:208} INFO - Processing /Users/rishukhurana/anaconda3/lib/python3.11/site-packages/airflow/example_dags/example_subdag_operator.py took 0.806 seconds
[2024-12-08T10:15:07.941-0800] {processor.py:186} INFO - Started process (PID=96359) to work on /Users/rishukhurana/anaconda3/lib/python3.11/site-packages/airflow/example_dags/example_subdag_operator.py
[2024-12-08T10:15:07.944-0800] {processor.py:914} INFO - Processing file /Users/rishukhurana/anaconda3/lib/python3.11/site-packages/airflow/example_dags/example_subdag_operator.py for tasks to queue
[2024-12-08T10:15:07.945-0800] {logging_mixin.py:190} INFO - [2024-12-08T10:15:07.944-0800] {dagbag.py:588} INFO - Filling up the DagBag from /Users/rishukhurana/anaconda3/lib/python3.11/site-packages/airflow/example_dags/example_subdag_operator.py
[2024-12-08T10:15:08.038-0800] {processor.py:925} INFO - DAG(s) 'example_subdag_operator.section-1', 'example_subdag_operator.section-2', 'example_subdag_operator' retrieved from /Users/rishukhurana/anaconda3/lib/python3.11/site-packages/airflow/example_dags/example_subdag_operator.py
[2024-12-08T10:15:08.451-0800] {logging_mixin.py:190} INFO - [2024-12-08T10:15:08.451-0800] {utils.py:160} INFO - NumExpr defaulting to 8 threads.
[2024-12-08T10:15:08.908-0800] {logging_mixin.py:190} INFO - [2024-12-08T10:15:08.908-0800] {dag.py:3239} INFO - Sync 3 DAGs
[2024-12-08T10:15:08.925-0800] {logging_mixin.py:190} INFO - [2024-12-08T10:15:08.925-0800] {dag.py:4180} INFO - Setting next_dagrun for example_subdag_operator to 2022-01-01 00:00:00+00:00, run_after=2022-01-01 00:00:00+00:00
[2024-12-08T10:15:08.930-0800] {logging_mixin.py:190} INFO - [2024-12-08T10:15:08.930-0800] {dag.py:4180} INFO - Setting next_dagrun for example_subdag_operator.section-1 to None, run_after=None
[2024-12-08T10:15:08.931-0800] {logging_mixin.py:190} INFO - [2024-12-08T10:15:08.931-0800] {dag.py:4180} INFO - Setting next_dagrun for example_subdag_operator.section-2 to None, run_after=None
[2024-12-08T10:15:08.937-0800] {logging_mixin.py:190} INFO - [2024-12-08T10:15:08.936-0800] {dag.py:3239} INFO - Sync 2 DAGs
[2024-12-08T10:15:08.941-0800] {logging_mixin.py:190} INFO - [2024-12-08T10:15:08.940-0800] {dag.py:4180} INFO - Setting next_dagrun for example_subdag_operator.section-1 to None, run_after=None
[2024-12-08T10:15:08.941-0800] {logging_mixin.py:190} INFO - [2024-12-08T10:15:08.941-0800] {dag.py:4180} INFO - Setting next_dagrun for example_subdag_operator.section-2 to None, run_after=None
[2024-12-08T10:15:08.953-0800] {processor.py:208} INFO - Processing /Users/rishukhurana/anaconda3/lib/python3.11/site-packages/airflow/example_dags/example_subdag_operator.py took 1.017 seconds
[2024-12-08T10:18:04.714-0800] {processor.py:186} INFO - Started process (PID=96529) to work on /Users/rishukhurana/anaconda3/lib/python3.11/site-packages/airflow/example_dags/example_subdag_operator.py
[2024-12-08T10:18:04.715-0800] {processor.py:914} INFO - Processing file /Users/rishukhurana/anaconda3/lib/python3.11/site-packages/airflow/example_dags/example_subdag_operator.py for tasks to queue
[2024-12-08T10:18:04.717-0800] {logging_mixin.py:190} INFO - [2024-12-08T10:18:04.716-0800] {dagbag.py:588} INFO - Filling up the DagBag from /Users/rishukhurana/anaconda3/lib/python3.11/site-packages/airflow/example_dags/example_subdag_operator.py
[2024-12-08T10:18:04.817-0800] {processor.py:925} INFO - DAG(s) 'example_subdag_operator.section-1', 'example_subdag_operator.section-2', 'example_subdag_operator' retrieved from /Users/rishukhurana/anaconda3/lib/python3.11/site-packages/airflow/example_dags/example_subdag_operator.py
[2024-12-08T10:18:05.205-0800] {logging_mixin.py:190} INFO - [2024-12-08T10:18:05.205-0800] {utils.py:160} INFO - NumExpr defaulting to 8 threads.
[2024-12-08T10:18:05.666-0800] {logging_mixin.py:190} INFO - [2024-12-08T10:18:05.666-0800] {dag.py:3239} INFO - Sync 3 DAGs
[2024-12-08T10:18:05.683-0800] {logging_mixin.py:190} INFO - [2024-12-08T10:18:05.682-0800] {dag.py:4180} INFO - Setting next_dagrun for example_subdag_operator to 2022-01-01 00:00:00+00:00, run_after=2022-01-01 00:00:00+00:00
[2024-12-08T10:18:05.686-0800] {logging_mixin.py:190} INFO - [2024-12-08T10:18:05.686-0800] {dag.py:4180} INFO - Setting next_dagrun for example_subdag_operator.section-1 to None, run_after=None
[2024-12-08T10:18:05.687-0800] {logging_mixin.py:190} INFO - [2024-12-08T10:18:05.687-0800] {dag.py:4180} INFO - Setting next_dagrun for example_subdag_operator.section-2 to None, run_after=None
[2024-12-08T10:18:05.692-0800] {logging_mixin.py:190} INFO - [2024-12-08T10:18:05.692-0800] {dag.py:3239} INFO - Sync 2 DAGs
[2024-12-08T10:18:05.696-0800] {logging_mixin.py:190} INFO - [2024-12-08T10:18:05.696-0800] {dag.py:4180} INFO - Setting next_dagrun for example_subdag_operator.section-1 to None, run_after=None
[2024-12-08T10:18:05.696-0800] {logging_mixin.py:190} INFO - [2024-12-08T10:18:05.696-0800] {dag.py:4180} INFO - Setting next_dagrun for example_subdag_operator.section-2 to None, run_after=None
[2024-12-08T10:18:05.708-0800] {processor.py:208} INFO - Processing /Users/rishukhurana/anaconda3/lib/python3.11/site-packages/airflow/example_dags/example_subdag_operator.py took 1.000 seconds
[2024-12-08T10:21:05.260-0800] {processor.py:186} INFO - Started process (PID=96965) to work on /Users/rishukhurana/anaconda3/lib/python3.11/site-packages/airflow/example_dags/example_subdag_operator.py
[2024-12-08T10:21:05.262-0800] {processor.py:914} INFO - Processing file /Users/rishukhurana/anaconda3/lib/python3.11/site-packages/airflow/example_dags/example_subdag_operator.py for tasks to queue
[2024-12-08T10:21:05.263-0800] {logging_mixin.py:190} INFO - [2024-12-08T10:21:05.263-0800] {dagbag.py:588} INFO - Filling up the DagBag from /Users/rishukhurana/anaconda3/lib/python3.11/site-packages/airflow/example_dags/example_subdag_operator.py
[2024-12-08T10:21:05.401-0800] {processor.py:925} INFO - DAG(s) 'example_subdag_operator.section-1', 'example_subdag_operator.section-2', 'example_subdag_operator' retrieved from /Users/rishukhurana/anaconda3/lib/python3.11/site-packages/airflow/example_dags/example_subdag_operator.py
[2024-12-08T10:21:05.849-0800] {logging_mixin.py:190} INFO - [2024-12-08T10:21:05.848-0800] {utils.py:160} INFO - NumExpr defaulting to 8 threads.
[2024-12-08T10:21:06.289-0800] {logging_mixin.py:190} INFO - [2024-12-08T10:21:06.288-0800] {dag.py:3239} INFO - Sync 3 DAGs
[2024-12-08T10:21:06.305-0800] {logging_mixin.py:190} INFO - [2024-12-08T10:21:06.305-0800] {dag.py:4180} INFO - Setting next_dagrun for example_subdag_operator to 2022-01-01 00:00:00+00:00, run_after=2022-01-01 00:00:00+00:00
[2024-12-08T10:21:06.309-0800] {logging_mixin.py:190} INFO - [2024-12-08T10:21:06.309-0800] {dag.py:4180} INFO - Setting next_dagrun for example_subdag_operator.section-1 to None, run_after=None
[2024-12-08T10:21:06.310-0800] {logging_mixin.py:190} INFO - [2024-12-08T10:21:06.310-0800] {dag.py:4180} INFO - Setting next_dagrun for example_subdag_operator.section-2 to None, run_after=None
[2024-12-08T10:21:06.315-0800] {logging_mixin.py:190} INFO - [2024-12-08T10:21:06.314-0800] {dag.py:3239} INFO - Sync 2 DAGs
[2024-12-08T10:21:06.318-0800] {logging_mixin.py:190} INFO - [2024-12-08T10:21:06.318-0800] {dag.py:4180} INFO - Setting next_dagrun for example_subdag_operator.section-1 to None, run_after=None
[2024-12-08T10:21:06.319-0800] {logging_mixin.py:190} INFO - [2024-12-08T10:21:06.319-0800] {dag.py:4180} INFO - Setting next_dagrun for example_subdag_operator.section-2 to None, run_after=None
[2024-12-08T10:21:06.330-0800] {processor.py:208} INFO - Processing /Users/rishukhurana/anaconda3/lib/python3.11/site-packages/airflow/example_dags/example_subdag_operator.py took 1.076 seconds
[2024-12-08T12:22:50.654-0800] {processor.py:186} INFO - Started process (PID=97255) to work on /Users/rishukhurana/anaconda3/lib/python3.11/site-packages/airflow/example_dags/example_subdag_operator.py
[2024-12-08T12:22:50.665-0800] {processor.py:914} INFO - Processing file /Users/rishukhurana/anaconda3/lib/python3.11/site-packages/airflow/example_dags/example_subdag_operator.py for tasks to queue
[2024-12-08T12:22:50.674-0800] {logging_mixin.py:190} INFO - [2024-12-08T12:22:50.673-0800] {dagbag.py:588} INFO - Filling up the DagBag from /Users/rishukhurana/anaconda3/lib/python3.11/site-packages/airflow/example_dags/example_subdag_operator.py
[2024-12-08T12:22:51.614-0800] {processor.py:925} INFO - DAG(s) 'example_subdag_operator.section-1', 'example_subdag_operator.section-2', 'example_subdag_operator' retrieved from /Users/rishukhurana/anaconda3/lib/python3.11/site-packages/airflow/example_dags/example_subdag_operator.py
[2024-12-08T12:22:55.666-0800] {logging_mixin.py:190} INFO - [2024-12-08T12:22:55.647-0800] {utils.py:160} INFO - NumExpr defaulting to 8 threads.
[2024-12-08T12:23:00.966-0800] {logging_mixin.py:190} INFO - [2024-12-08T12:23:00.962-0800] {dag.py:3239} INFO - Sync 3 DAGs
[2024-12-08T12:23:01.173-0800] {logging_mixin.py:190} INFO - [2024-12-08T12:23:01.171-0800] {dag.py:4180} INFO - Setting next_dagrun for example_subdag_operator to 2022-01-01 00:00:00+00:00, run_after=2022-01-01 00:00:00+00:00
[2024-12-08T12:23:01.209-0800] {logging_mixin.py:190} INFO - [2024-12-08T12:23:01.207-0800] {dag.py:4180} INFO - Setting next_dagrun for example_subdag_operator.section-1 to None, run_after=None
[2024-12-08T12:23:01.218-0800] {logging_mixin.py:190} INFO - [2024-12-08T12:23:01.216-0800] {dag.py:4180} INFO - Setting next_dagrun for example_subdag_operator.section-2 to None, run_after=None
[2024-12-08T12:23:01.276-0800] {logging_mixin.py:190} INFO - [2024-12-08T12:23:01.275-0800] {dag.py:3239} INFO - Sync 2 DAGs
[2024-12-08T12:23:01.309-0800] {logging_mixin.py:190} INFO - [2024-12-08T12:23:01.308-0800] {dag.py:4180} INFO - Setting next_dagrun for example_subdag_operator.section-1 to None, run_after=None
[2024-12-08T12:23:01.312-0800] {logging_mixin.py:190} INFO - [2024-12-08T12:23:01.311-0800] {dag.py:4180} INFO - Setting next_dagrun for example_subdag_operator.section-2 to None, run_after=None
[2024-12-08T12:23:01.437-0800] {processor.py:208} INFO - Processing /Users/rishukhurana/anaconda3/lib/python3.11/site-packages/airflow/example_dags/example_subdag_operator.py took 10.827 seconds
