[2024-12-08T08:40:50.864-0800] {processor.py:186} INFO - Started process (PID=90940) to work on /Users/rishukhurana/.venv/lib/python3.11/site-packages/airflow/example_dags/example_outlet_event_extra.py
[2024-12-08T08:40:50.866-0800] {processor.py:914} INFO - Processing file /Users/rishukhurana/.venv/lib/python3.11/site-packages/airflow/example_dags/example_outlet_event_extra.py for tasks to queue
[2024-12-08T08:40:50.866-0800] {logging_mixin.py:190} INFO - [2024-12-08T08:40:50.866-0800] {dagbag.py:588} INFO - Filling up the DagBag from /Users/rishukhurana/.venv/lib/python3.11/site-packages/airflow/example_dags/example_outlet_event_extra.py
[2024-12-08T08:40:50.962-0800] {processor.py:925} INFO - DAG(s) 'dataset_with_extra_by_context', 'dataset_with_extra_by_yield', 'dataset_with_extra_from_classic_operator' retrieved from /Users/rishukhurana/.venv/lib/python3.11/site-packages/airflow/example_dags/example_outlet_event_extra.py
[2024-12-08T08:40:51.179-0800] {logging_mixin.py:190} INFO - [2024-12-08T08:40:51.179-0800] {override.py:1911} INFO - Created Permission View: can edit on DAG:dataset_with_extra_by_context
[2024-12-08T08:40:51.188-0800] {logging_mixin.py:190} INFO - [2024-12-08T08:40:51.188-0800] {override.py:1911} INFO - Created Permission View: can read on DAG:dataset_with_extra_by_context
[2024-12-08T08:40:51.194-0800] {logging_mixin.py:190} INFO - [2024-12-08T08:40:51.194-0800] {override.py:1911} INFO - Created Permission View: can delete on DAG:dataset_with_extra_by_context
[2024-12-08T08:40:51.202-0800] {logging_mixin.py:190} INFO - [2024-12-08T08:40:51.202-0800] {override.py:1911} INFO - Created Permission View: menu access on DAG Run:dataset_with_extra_by_context
[2024-12-08T08:40:51.208-0800] {logging_mixin.py:190} INFO - [2024-12-08T08:40:51.208-0800] {override.py:1911} INFO - Created Permission View: can read on DAG Run:dataset_with_extra_by_context
[2024-12-08T08:40:51.213-0800] {logging_mixin.py:190} INFO - [2024-12-08T08:40:51.213-0800] {override.py:1911} INFO - Created Permission View: can delete on DAG Run:dataset_with_extra_by_context
[2024-12-08T08:40:51.220-0800] {logging_mixin.py:190} INFO - [2024-12-08T08:40:51.219-0800] {override.py:1911} INFO - Created Permission View: can create on DAG Run:dataset_with_extra_by_context
[2024-12-08T08:40:51.230-0800] {logging_mixin.py:190} INFO - [2024-12-08T08:40:51.230-0800] {override.py:1911} INFO - Created Permission View: can edit on DAG:dataset_with_extra_by_yield
[2024-12-08T08:40:51.235-0800] {logging_mixin.py:190} INFO - [2024-12-08T08:40:51.235-0800] {override.py:1911} INFO - Created Permission View: can read on DAG:dataset_with_extra_by_yield
[2024-12-08T08:40:51.241-0800] {logging_mixin.py:190} INFO - [2024-12-08T08:40:51.241-0800] {override.py:1911} INFO - Created Permission View: can delete on DAG:dataset_with_extra_by_yield
[2024-12-08T08:40:51.248-0800] {logging_mixin.py:190} INFO - [2024-12-08T08:40:51.248-0800] {override.py:1911} INFO - Created Permission View: menu access on DAG Run:dataset_with_extra_by_yield
[2024-12-08T08:40:51.255-0800] {logging_mixin.py:190} INFO - [2024-12-08T08:40:51.255-0800] {override.py:1911} INFO - Created Permission View: can read on DAG Run:dataset_with_extra_by_yield
[2024-12-08T08:40:51.261-0800] {logging_mixin.py:190} INFO - [2024-12-08T08:40:51.260-0800] {override.py:1911} INFO - Created Permission View: can delete on DAG Run:dataset_with_extra_by_yield
[2024-12-08T08:40:51.267-0800] {logging_mixin.py:190} INFO - [2024-12-08T08:40:51.266-0800] {override.py:1911} INFO - Created Permission View: can create on DAG Run:dataset_with_extra_by_yield
[2024-12-08T08:40:51.280-0800] {logging_mixin.py:190} INFO - [2024-12-08T08:40:51.279-0800] {override.py:1911} INFO - Created Permission View: can edit on DAG:dataset_with_extra_from_classic_operator
[2024-12-08T08:40:51.285-0800] {logging_mixin.py:190} INFO - [2024-12-08T08:40:51.285-0800] {override.py:1911} INFO - Created Permission View: can read on DAG:dataset_with_extra_from_classic_operator
[2024-12-08T08:40:51.292-0800] {logging_mixin.py:190} INFO - [2024-12-08T08:40:51.291-0800] {override.py:1911} INFO - Created Permission View: can delete on DAG:dataset_with_extra_from_classic_operator
[2024-12-08T08:40:51.299-0800] {logging_mixin.py:190} INFO - [2024-12-08T08:40:51.299-0800] {override.py:1911} INFO - Created Permission View: menu access on DAG Run:dataset_with_extra_from_classic_operator
[2024-12-08T08:40:51.306-0800] {logging_mixin.py:190} INFO - [2024-12-08T08:40:51.306-0800] {override.py:1911} INFO - Created Permission View: can read on DAG Run:dataset_with_extra_from_classic_operator
[2024-12-08T08:40:51.311-0800] {logging_mixin.py:190} INFO - [2024-12-08T08:40:51.311-0800] {override.py:1911} INFO - Created Permission View: can delete on DAG Run:dataset_with_extra_from_classic_operator
[2024-12-08T08:40:51.316-0800] {logging_mixin.py:190} INFO - [2024-12-08T08:40:51.316-0800] {override.py:1911} INFO - Created Permission View: can create on DAG Run:dataset_with_extra_from_classic_operator
[2024-12-08T08:40:51.317-0800] {logging_mixin.py:190} INFO - [2024-12-08T08:40:51.316-0800] {dag.py:3239} INFO - Sync 3 DAGs
[2024-12-08T08:40:51.328-0800] {logging_mixin.py:190} INFO - [2024-12-08T08:40:51.328-0800] {dag.py:3262} INFO - Creating ORM DAG for dataset_with_extra_by_context
[2024-12-08T08:40:51.328-0800] {logging_mixin.py:190} INFO - [2024-12-08T08:40:51.328-0800] {dag.py:3262} INFO - Creating ORM DAG for dataset_with_extra_by_yield
[2024-12-08T08:40:51.329-0800] {logging_mixin.py:190} INFO - [2024-12-08T08:40:51.329-0800] {dag.py:3262} INFO - Creating ORM DAG for dataset_with_extra_from_classic_operator
[2024-12-08T08:40:51.337-0800] {logging_mixin.py:190} INFO - [2024-12-08T08:40:51.337-0800] {dag.py:4180} INFO - Setting next_dagrun for dataset_with_extra_by_context to 2024-12-07 00:00:00+00:00, run_after=2024-12-08 00:00:00+00:00
[2024-12-08T08:40:51.339-0800] {logging_mixin.py:190} INFO - [2024-12-08T08:40:51.339-0800] {dag.py:4180} INFO - Setting next_dagrun for dataset_with_extra_by_yield to 2024-12-07 00:00:00+00:00, run_after=2024-12-08 00:00:00+00:00
[2024-12-08T08:40:51.341-0800] {logging_mixin.py:190} INFO - [2024-12-08T08:40:51.340-0800] {dag.py:4180} INFO - Setting next_dagrun for dataset_with_extra_from_classic_operator to 2024-12-07 00:00:00+00:00, run_after=2024-12-08 00:00:00+00:00
[2024-12-08T08:40:51.363-0800] {logging_mixin.py:190} INFO - [2024-12-08T08:40:51.363-0800] {workday.py:41} WARNING - Could not import pandas. Holidays will not be considered.
[2024-12-08T08:40:51.377-0800] {processor.py:208} INFO - Processing /Users/rishukhurana/.venv/lib/python3.11/site-packages/airflow/example_dags/example_outlet_event_extra.py took 0.519 seconds
[2024-12-08T08:55:53.858-0800] {processor.py:186} INFO - Started process (PID=91367) to work on /Users/rishukhurana/anaconda3/lib/python3.11/site-packages/airflow/example_dags/example_outlet_event_extra.py
[2024-12-08T08:55:53.860-0800] {processor.py:914} INFO - Processing file /Users/rishukhurana/anaconda3/lib/python3.11/site-packages/airflow/example_dags/example_outlet_event_extra.py for tasks to queue
[2024-12-08T08:55:53.861-0800] {logging_mixin.py:190} INFO - [2024-12-08T08:55:53.861-0800] {dagbag.py:588} INFO - Filling up the DagBag from /Users/rishukhurana/anaconda3/lib/python3.11/site-packages/airflow/example_dags/example_outlet_event_extra.py
[2024-12-08T08:55:54.663-0800] {processor.py:925} INFO - DAG(s) 'dataset_with_extra_by_yield', 'dataset_with_extra_from_classic_operator', 'dataset_with_extra_by_context' retrieved from /Users/rishukhurana/anaconda3/lib/python3.11/site-packages/airflow/example_dags/example_outlet_event_extra.py
[2024-12-08T08:55:54.869-0800] {logging_mixin.py:190} INFO - [2024-12-08T08:55:54.869-0800] {dag.py:3239} INFO - Sync 3 DAGs
[2024-12-08T08:55:54.890-0800] {logging_mixin.py:190} INFO - [2024-12-08T08:55:54.890-0800] {dag.py:4180} INFO - Setting next_dagrun for dataset_with_extra_by_context to 2024-12-07 00:00:00+00:00, run_after=2024-12-08 00:00:00+00:00
[2024-12-08T08:55:54.894-0800] {logging_mixin.py:190} INFO - [2024-12-08T08:55:54.893-0800] {dag.py:4180} INFO - Setting next_dagrun for dataset_with_extra_by_yield to 2024-12-07 00:00:00+00:00, run_after=2024-12-08 00:00:00+00:00
[2024-12-08T08:55:54.896-0800] {logging_mixin.py:190} INFO - [2024-12-08T08:55:54.896-0800] {dag.py:4180} INFO - Setting next_dagrun for dataset_with_extra_from_classic_operator to 2024-12-07 00:00:00+00:00, run_after=2024-12-08 00:00:00+00:00
[2024-12-08T08:55:54.918-0800] {processor.py:208} INFO - Processing /Users/rishukhurana/anaconda3/lib/python3.11/site-packages/airflow/example_dags/example_outlet_event_extra.py took 1.066 seconds
[2024-12-08T08:59:31.279-0800] {processor.py:186} INFO - Started process (PID=91638) to work on /Users/rishukhurana/anaconda3/lib/python3.11/site-packages/airflow/example_dags/example_outlet_event_extra.py
[2024-12-08T08:59:31.282-0800] {processor.py:914} INFO - Processing file /Users/rishukhurana/anaconda3/lib/python3.11/site-packages/airflow/example_dags/example_outlet_event_extra.py for tasks to queue
[2024-12-08T08:59:31.283-0800] {logging_mixin.py:190} INFO - [2024-12-08T08:59:31.283-0800] {dagbag.py:588} INFO - Filling up the DagBag from /Users/rishukhurana/anaconda3/lib/python3.11/site-packages/airflow/example_dags/example_outlet_event_extra.py
[2024-12-08T08:59:32.028-0800] {processor.py:925} INFO - DAG(s) 'dataset_with_extra_by_context', 'dataset_with_extra_from_classic_operator', 'dataset_with_extra_by_yield' retrieved from /Users/rishukhurana/anaconda3/lib/python3.11/site-packages/airflow/example_dags/example_outlet_event_extra.py
[2024-12-08T08:59:32.123-0800] {logging_mixin.py:190} INFO - [2024-12-08T08:59:32.122-0800] {dag.py:3239} INFO - Sync 3 DAGs
[2024-12-08T08:59:32.141-0800] {logging_mixin.py:190} INFO - [2024-12-08T08:59:32.141-0800] {dag.py:4180} INFO - Setting next_dagrun for dataset_with_extra_by_context to 2024-12-07 00:00:00+00:00, run_after=2024-12-08 00:00:00+00:00
[2024-12-08T08:59:32.145-0800] {logging_mixin.py:190} INFO - [2024-12-08T08:59:32.145-0800] {dag.py:4180} INFO - Setting next_dagrun for dataset_with_extra_by_yield to 2024-12-07 00:00:00+00:00, run_after=2024-12-08 00:00:00+00:00
[2024-12-08T08:59:32.147-0800] {logging_mixin.py:190} INFO - [2024-12-08T08:59:32.147-0800] {dag.py:4180} INFO - Setting next_dagrun for dataset_with_extra_from_classic_operator to 2024-12-07 00:00:00+00:00, run_after=2024-12-08 00:00:00+00:00
[2024-12-08T08:59:32.165-0800] {processor.py:208} INFO - Processing /Users/rishukhurana/anaconda3/lib/python3.11/site-packages/airflow/example_dags/example_outlet_event_extra.py took 0.892 seconds
[2024-12-08T09:02:34.290-0800] {processor.py:186} INFO - Started process (PID=91812) to work on /Users/rishukhurana/anaconda3/lib/python3.11/site-packages/airflow/example_dags/example_outlet_event_extra.py
[2024-12-08T09:02:34.292-0800] {processor.py:914} INFO - Processing file /Users/rishukhurana/anaconda3/lib/python3.11/site-packages/airflow/example_dags/example_outlet_event_extra.py for tasks to queue
[2024-12-08T09:02:34.293-0800] {logging_mixin.py:190} INFO - [2024-12-08T09:02:34.293-0800] {dagbag.py:588} INFO - Filling up the DagBag from /Users/rishukhurana/anaconda3/lib/python3.11/site-packages/airflow/example_dags/example_outlet_event_extra.py
[2024-12-08T09:02:35.260-0800] {processor.py:925} INFO - DAG(s) 'dataset_with_extra_by_yield', 'dataset_with_extra_by_context', 'dataset_with_extra_from_classic_operator' retrieved from /Users/rishukhurana/anaconda3/lib/python3.11/site-packages/airflow/example_dags/example_outlet_event_extra.py
[2024-12-08T09:02:35.343-0800] {logging_mixin.py:190} INFO - [2024-12-08T09:02:35.342-0800] {dag.py:3239} INFO - Sync 3 DAGs
[2024-12-08T09:02:35.359-0800] {logging_mixin.py:190} INFO - [2024-12-08T09:02:35.359-0800] {dag.py:4180} INFO - Setting next_dagrun for dataset_with_extra_by_context to 2024-12-07 00:00:00+00:00, run_after=2024-12-08 00:00:00+00:00
[2024-12-08T09:02:35.363-0800] {logging_mixin.py:190} INFO - [2024-12-08T09:02:35.363-0800] {dag.py:4180} INFO - Setting next_dagrun for dataset_with_extra_by_yield to 2024-12-07 00:00:00+00:00, run_after=2024-12-08 00:00:00+00:00
[2024-12-08T09:02:35.365-0800] {logging_mixin.py:190} INFO - [2024-12-08T09:02:35.365-0800] {dag.py:4180} INFO - Setting next_dagrun for dataset_with_extra_from_classic_operator to 2024-12-07 00:00:00+00:00, run_after=2024-12-08 00:00:00+00:00
[2024-12-08T09:02:35.384-0800] {processor.py:208} INFO - Processing /Users/rishukhurana/anaconda3/lib/python3.11/site-packages/airflow/example_dags/example_outlet_event_extra.py took 1.099 seconds
[2024-12-08T09:05:28.081-0800] {processor.py:186} INFO - Started process (PID=91997) to work on /Users/rishukhurana/anaconda3/lib/python3.11/site-packages/airflow/example_dags/example_outlet_event_extra.py
[2024-12-08T09:05:28.084-0800] {processor.py:914} INFO - Processing file /Users/rishukhurana/anaconda3/lib/python3.11/site-packages/airflow/example_dags/example_outlet_event_extra.py for tasks to queue
[2024-12-08T09:05:28.085-0800] {logging_mixin.py:190} INFO - [2024-12-08T09:05:28.085-0800] {dagbag.py:588} INFO - Filling up the DagBag from /Users/rishukhurana/anaconda3/lib/python3.11/site-packages/airflow/example_dags/example_outlet_event_extra.py
[2024-12-08T09:05:29.079-0800] {processor.py:925} INFO - DAG(s) 'dataset_with_extra_by_yield', 'dataset_with_extra_by_context', 'dataset_with_extra_from_classic_operator' retrieved from /Users/rishukhurana/anaconda3/lib/python3.11/site-packages/airflow/example_dags/example_outlet_event_extra.py
[2024-12-08T09:05:29.167-0800] {logging_mixin.py:190} INFO - [2024-12-08T09:05:29.167-0800] {dag.py:3239} INFO - Sync 3 DAGs
[2024-12-08T09:05:29.185-0800] {logging_mixin.py:190} INFO - [2024-12-08T09:05:29.184-0800] {dag.py:4180} INFO - Setting next_dagrun for dataset_with_extra_by_context to 2024-12-07 00:00:00+00:00, run_after=2024-12-08 00:00:00+00:00
[2024-12-08T09:05:29.190-0800] {logging_mixin.py:190} INFO - [2024-12-08T09:05:29.190-0800] {dag.py:4180} INFO - Setting next_dagrun for dataset_with_extra_by_yield to 2024-12-07 00:00:00+00:00, run_after=2024-12-08 00:00:00+00:00
[2024-12-08T09:05:29.192-0800] {logging_mixin.py:190} INFO - [2024-12-08T09:05:29.191-0800] {dag.py:4180} INFO - Setting next_dagrun for dataset_with_extra_from_classic_operator to 2024-12-07 00:00:00+00:00, run_after=2024-12-08 00:00:00+00:00
[2024-12-08T09:05:29.209-0800] {processor.py:208} INFO - Processing /Users/rishukhurana/anaconda3/lib/python3.11/site-packages/airflow/example_dags/example_outlet_event_extra.py took 1.135 seconds
[2024-12-08T09:08:20.049-0800] {processor.py:186} INFO - Started process (PID=92164) to work on /Users/rishukhurana/anaconda3/lib/python3.11/site-packages/airflow/example_dags/example_outlet_event_extra.py
[2024-12-08T09:08:20.051-0800] {processor.py:914} INFO - Processing file /Users/rishukhurana/anaconda3/lib/python3.11/site-packages/airflow/example_dags/example_outlet_event_extra.py for tasks to queue
[2024-12-08T09:08:20.053-0800] {logging_mixin.py:190} INFO - [2024-12-08T09:08:20.052-0800] {dagbag.py:588} INFO - Filling up the DagBag from /Users/rishukhurana/anaconda3/lib/python3.11/site-packages/airflow/example_dags/example_outlet_event_extra.py
[2024-12-08T09:08:20.579-0800] {processor.py:925} INFO - DAG(s) 'dataset_with_extra_by_context', 'dataset_with_extra_by_yield', 'dataset_with_extra_from_classic_operator' retrieved from /Users/rishukhurana/anaconda3/lib/python3.11/site-packages/airflow/example_dags/example_outlet_event_extra.py
[2024-12-08T09:08:20.661-0800] {logging_mixin.py:190} INFO - [2024-12-08T09:08:20.661-0800] {dag.py:3239} INFO - Sync 3 DAGs
[2024-12-08T09:08:20.677-0800] {logging_mixin.py:190} INFO - [2024-12-08T09:08:20.677-0800] {dag.py:4180} INFO - Setting next_dagrun for dataset_with_extra_by_context to 2024-12-07 00:00:00+00:00, run_after=2024-12-08 00:00:00+00:00
[2024-12-08T09:08:20.681-0800] {logging_mixin.py:190} INFO - [2024-12-08T09:08:20.680-0800] {dag.py:4180} INFO - Setting next_dagrun for dataset_with_extra_by_yield to 2024-12-07 00:00:00+00:00, run_after=2024-12-08 00:00:00+00:00
[2024-12-08T09:08:20.682-0800] {logging_mixin.py:190} INFO - [2024-12-08T09:08:20.682-0800] {dag.py:4180} INFO - Setting next_dagrun for dataset_with_extra_from_classic_operator to 2024-12-07 00:00:00+00:00, run_after=2024-12-08 00:00:00+00:00
[2024-12-08T09:08:20.699-0800] {processor.py:208} INFO - Processing /Users/rishukhurana/anaconda3/lib/python3.11/site-packages/airflow/example_dags/example_outlet_event_extra.py took 0.657 seconds
[2024-12-08T09:11:15.704-0800] {processor.py:186} INFO - Started process (PID=92357) to work on /Users/rishukhurana/anaconda3/lib/python3.11/site-packages/airflow/example_dags/example_outlet_event_extra.py
[2024-12-08T09:11:15.706-0800] {processor.py:914} INFO - Processing file /Users/rishukhurana/anaconda3/lib/python3.11/site-packages/airflow/example_dags/example_outlet_event_extra.py for tasks to queue
[2024-12-08T09:11:15.707-0800] {logging_mixin.py:190} INFO - [2024-12-08T09:11:15.707-0800] {dagbag.py:588} INFO - Filling up the DagBag from /Users/rishukhurana/anaconda3/lib/python3.11/site-packages/airflow/example_dags/example_outlet_event_extra.py
[2024-12-08T09:11:16.749-0800] {processor.py:925} INFO - DAG(s) 'dataset_with_extra_from_classic_operator', 'dataset_with_extra_by_yield', 'dataset_with_extra_by_context' retrieved from /Users/rishukhurana/anaconda3/lib/python3.11/site-packages/airflow/example_dags/example_outlet_event_extra.py
[2024-12-08T09:11:16.837-0800] {logging_mixin.py:190} INFO - [2024-12-08T09:11:16.837-0800] {dag.py:3239} INFO - Sync 3 DAGs
[2024-12-08T09:11:16.855-0800] {logging_mixin.py:190} INFO - [2024-12-08T09:11:16.855-0800] {dag.py:4180} INFO - Setting next_dagrun for dataset_with_extra_by_context to 2024-12-07 00:00:00+00:00, run_after=2024-12-08 00:00:00+00:00
[2024-12-08T09:11:16.859-0800] {logging_mixin.py:190} INFO - [2024-12-08T09:11:16.859-0800] {dag.py:4180} INFO - Setting next_dagrun for dataset_with_extra_by_yield to 2024-12-07 00:00:00+00:00, run_after=2024-12-08 00:00:00+00:00
[2024-12-08T09:11:16.861-0800] {logging_mixin.py:190} INFO - [2024-12-08T09:11:16.861-0800] {dag.py:4180} INFO - Setting next_dagrun for dataset_with_extra_from_classic_operator to 2024-12-07 00:00:00+00:00, run_after=2024-12-08 00:00:00+00:00
[2024-12-08T09:11:16.882-0800] {processor.py:208} INFO - Processing /Users/rishukhurana/anaconda3/lib/python3.11/site-packages/airflow/example_dags/example_outlet_event_extra.py took 1.185 seconds
[2024-12-08T09:14:07.838-0800] {processor.py:186} INFO - Started process (PID=92553) to work on /Users/rishukhurana/anaconda3/lib/python3.11/site-packages/airflow/example_dags/example_outlet_event_extra.py
[2024-12-08T09:14:07.840-0800] {processor.py:914} INFO - Processing file /Users/rishukhurana/anaconda3/lib/python3.11/site-packages/airflow/example_dags/example_outlet_event_extra.py for tasks to queue
[2024-12-08T09:14:07.842-0800] {logging_mixin.py:190} INFO - [2024-12-08T09:14:07.841-0800] {dagbag.py:588} INFO - Filling up the DagBag from /Users/rishukhurana/anaconda3/lib/python3.11/site-packages/airflow/example_dags/example_outlet_event_extra.py
[2024-12-08T09:14:08.805-0800] {processor.py:925} INFO - DAG(s) 'dataset_with_extra_by_context', 'dataset_with_extra_by_yield', 'dataset_with_extra_from_classic_operator' retrieved from /Users/rishukhurana/anaconda3/lib/python3.11/site-packages/airflow/example_dags/example_outlet_event_extra.py
[2024-12-08T09:14:08.886-0800] {logging_mixin.py:190} INFO - [2024-12-08T09:14:08.886-0800] {dag.py:3239} INFO - Sync 3 DAGs
[2024-12-08T09:14:08.902-0800] {logging_mixin.py:190} INFO - [2024-12-08T09:14:08.902-0800] {dag.py:4180} INFO - Setting next_dagrun for dataset_with_extra_by_context to 2024-12-07 00:00:00+00:00, run_after=2024-12-08 00:00:00+00:00
[2024-12-08T09:14:08.905-0800] {logging_mixin.py:190} INFO - [2024-12-08T09:14:08.905-0800] {dag.py:4180} INFO - Setting next_dagrun for dataset_with_extra_by_yield to 2024-12-07 00:00:00+00:00, run_after=2024-12-08 00:00:00+00:00
[2024-12-08T09:14:08.907-0800] {logging_mixin.py:190} INFO - [2024-12-08T09:14:08.907-0800] {dag.py:4180} INFO - Setting next_dagrun for dataset_with_extra_from_classic_operator to 2024-12-07 00:00:00+00:00, run_after=2024-12-08 00:00:00+00:00
[2024-12-08T09:14:08.926-0800] {processor.py:208} INFO - Processing /Users/rishukhurana/anaconda3/lib/python3.11/site-packages/airflow/example_dags/example_outlet_event_extra.py took 1.094 seconds
[2024-12-08T09:16:57.316-0800] {processor.py:186} INFO - Started process (PID=92729) to work on /Users/rishukhurana/anaconda3/lib/python3.11/site-packages/airflow/example_dags/example_outlet_event_extra.py
[2024-12-08T09:16:57.318-0800] {processor.py:914} INFO - Processing file /Users/rishukhurana/anaconda3/lib/python3.11/site-packages/airflow/example_dags/example_outlet_event_extra.py for tasks to queue
[2024-12-08T09:16:57.320-0800] {logging_mixin.py:190} INFO - [2024-12-08T09:16:57.319-0800] {dagbag.py:588} INFO - Filling up the DagBag from /Users/rishukhurana/anaconda3/lib/python3.11/site-packages/airflow/example_dags/example_outlet_event_extra.py
[2024-12-08T09:16:58.159-0800] {processor.py:925} INFO - DAG(s) 'dataset_with_extra_by_yield', 'dataset_with_extra_by_context', 'dataset_with_extra_from_classic_operator' retrieved from /Users/rishukhurana/anaconda3/lib/python3.11/site-packages/airflow/example_dags/example_outlet_event_extra.py
[2024-12-08T09:16:58.238-0800] {logging_mixin.py:190} INFO - [2024-12-08T09:16:58.237-0800] {dag.py:3239} INFO - Sync 3 DAGs
[2024-12-08T09:16:58.256-0800] {logging_mixin.py:190} INFO - [2024-12-08T09:16:58.256-0800] {dag.py:4180} INFO - Setting next_dagrun for dataset_with_extra_by_context to 2024-12-07 00:00:00+00:00, run_after=2024-12-08 00:00:00+00:00
[2024-12-08T09:16:58.260-0800] {logging_mixin.py:190} INFO - [2024-12-08T09:16:58.260-0800] {dag.py:4180} INFO - Setting next_dagrun for dataset_with_extra_by_yield to 2024-12-07 00:00:00+00:00, run_after=2024-12-08 00:00:00+00:00
[2024-12-08T09:16:58.262-0800] {logging_mixin.py:190} INFO - [2024-12-08T09:16:58.262-0800] {dag.py:4180} INFO - Setting next_dagrun for dataset_with_extra_from_classic_operator to 2024-12-07 00:00:00+00:00, run_after=2024-12-08 00:00:00+00:00
[2024-12-08T09:16:58.285-0800] {processor.py:208} INFO - Processing /Users/rishukhurana/anaconda3/lib/python3.11/site-packages/airflow/example_dags/example_outlet_event_extra.py took 0.976 seconds
[2024-12-08T09:19:41.380-0800] {processor.py:186} INFO - Started process (PID=92896) to work on /Users/rishukhurana/anaconda3/lib/python3.11/site-packages/airflow/example_dags/example_outlet_event_extra.py
[2024-12-08T09:19:41.382-0800] {processor.py:914} INFO - Processing file /Users/rishukhurana/anaconda3/lib/python3.11/site-packages/airflow/example_dags/example_outlet_event_extra.py for tasks to queue
[2024-12-08T09:19:41.383-0800] {logging_mixin.py:190} INFO - [2024-12-08T09:19:41.383-0800] {dagbag.py:588} INFO - Filling up the DagBag from /Users/rishukhurana/anaconda3/lib/python3.11/site-packages/airflow/example_dags/example_outlet_event_extra.py
[2024-12-08T09:19:42.147-0800] {processor.py:925} INFO - DAG(s) 'dataset_with_extra_by_yield', 'dataset_with_extra_from_classic_operator', 'dataset_with_extra_by_context' retrieved from /Users/rishukhurana/anaconda3/lib/python3.11/site-packages/airflow/example_dags/example_outlet_event_extra.py
[2024-12-08T09:19:42.239-0800] {logging_mixin.py:190} INFO - [2024-12-08T09:19:42.239-0800] {dag.py:3239} INFO - Sync 3 DAGs
[2024-12-08T09:19:42.260-0800] {logging_mixin.py:190} INFO - [2024-12-08T09:19:42.260-0800] {dag.py:4180} INFO - Setting next_dagrun for dataset_with_extra_by_context to 2024-12-07 00:00:00+00:00, run_after=2024-12-08 00:00:00+00:00
[2024-12-08T09:19:42.264-0800] {logging_mixin.py:190} INFO - [2024-12-08T09:19:42.264-0800] {dag.py:4180} INFO - Setting next_dagrun for dataset_with_extra_by_yield to 2024-12-07 00:00:00+00:00, run_after=2024-12-08 00:00:00+00:00
[2024-12-08T09:19:42.267-0800] {logging_mixin.py:190} INFO - [2024-12-08T09:19:42.267-0800] {dag.py:4180} INFO - Setting next_dagrun for dataset_with_extra_from_classic_operator to 2024-12-07 00:00:00+00:00, run_after=2024-12-08 00:00:00+00:00
[2024-12-08T09:19:42.287-0800] {processor.py:208} INFO - Processing /Users/rishukhurana/anaconda3/lib/python3.11/site-packages/airflow/example_dags/example_outlet_event_extra.py took 0.914 seconds
[2024-12-08T09:22:27.037-0800] {processor.py:186} INFO - Started process (PID=93087) to work on /Users/rishukhurana/anaconda3/lib/python3.11/site-packages/airflow/example_dags/example_outlet_event_extra.py
[2024-12-08T09:22:27.039-0800] {processor.py:914} INFO - Processing file /Users/rishukhurana/anaconda3/lib/python3.11/site-packages/airflow/example_dags/example_outlet_event_extra.py for tasks to queue
[2024-12-08T09:22:27.041-0800] {logging_mixin.py:190} INFO - [2024-12-08T09:22:27.041-0800] {dagbag.py:588} INFO - Filling up the DagBag from /Users/rishukhurana/anaconda3/lib/python3.11/site-packages/airflow/example_dags/example_outlet_event_extra.py
[2024-12-08T09:22:27.895-0800] {processor.py:925} INFO - DAG(s) 'dataset_with_extra_from_classic_operator', 'dataset_with_extra_by_yield', 'dataset_with_extra_by_context' retrieved from /Users/rishukhurana/anaconda3/lib/python3.11/site-packages/airflow/example_dags/example_outlet_event_extra.py
[2024-12-08T09:22:27.975-0800] {logging_mixin.py:190} INFO - [2024-12-08T09:22:27.974-0800] {dag.py:3239} INFO - Sync 3 DAGs
[2024-12-08T09:22:27.992-0800] {logging_mixin.py:190} INFO - [2024-12-08T09:22:27.992-0800] {dag.py:4180} INFO - Setting next_dagrun for dataset_with_extra_by_context to 2024-12-07 00:00:00+00:00, run_after=2024-12-08 00:00:00+00:00
[2024-12-08T09:22:27.996-0800] {logging_mixin.py:190} INFO - [2024-12-08T09:22:27.995-0800] {dag.py:4180} INFO - Setting next_dagrun for dataset_with_extra_by_yield to 2024-12-07 00:00:00+00:00, run_after=2024-12-08 00:00:00+00:00
[2024-12-08T09:22:27.997-0800] {logging_mixin.py:190} INFO - [2024-12-08T09:22:27.997-0800] {dag.py:4180} INFO - Setting next_dagrun for dataset_with_extra_from_classic_operator to 2024-12-07 00:00:00+00:00, run_after=2024-12-08 00:00:00+00:00
[2024-12-08T09:22:28.023-0800] {processor.py:208} INFO - Processing /Users/rishukhurana/anaconda3/lib/python3.11/site-packages/airflow/example_dags/example_outlet_event_extra.py took 0.992 seconds
[2024-12-08T09:25:17.006-0800] {processor.py:186} INFO - Started process (PID=93267) to work on /Users/rishukhurana/anaconda3/lib/python3.11/site-packages/airflow/example_dags/example_outlet_event_extra.py
[2024-12-08T09:25:17.008-0800] {processor.py:914} INFO - Processing file /Users/rishukhurana/anaconda3/lib/python3.11/site-packages/airflow/example_dags/example_outlet_event_extra.py for tasks to queue
[2024-12-08T09:25:17.010-0800] {logging_mixin.py:190} INFO - [2024-12-08T09:25:17.010-0800] {dagbag.py:588} INFO - Filling up the DagBag from /Users/rishukhurana/anaconda3/lib/python3.11/site-packages/airflow/example_dags/example_outlet_event_extra.py
[2024-12-08T09:25:18.007-0800] {processor.py:925} INFO - DAG(s) 'dataset_with_extra_from_classic_operator', 'dataset_with_extra_by_context', 'dataset_with_extra_by_yield' retrieved from /Users/rishukhurana/anaconda3/lib/python3.11/site-packages/airflow/example_dags/example_outlet_event_extra.py
[2024-12-08T09:25:18.087-0800] {logging_mixin.py:190} INFO - [2024-12-08T09:25:18.087-0800] {dag.py:3239} INFO - Sync 3 DAGs
[2024-12-08T09:25:18.103-0800] {logging_mixin.py:190} INFO - [2024-12-08T09:25:18.103-0800] {dag.py:4180} INFO - Setting next_dagrun for dataset_with_extra_by_context to 2024-12-07 00:00:00+00:00, run_after=2024-12-08 00:00:00+00:00
[2024-12-08T09:25:18.106-0800] {logging_mixin.py:190} INFO - [2024-12-08T09:25:18.106-0800] {dag.py:4180} INFO - Setting next_dagrun for dataset_with_extra_by_yield to 2024-12-07 00:00:00+00:00, run_after=2024-12-08 00:00:00+00:00
[2024-12-08T09:25:18.108-0800] {logging_mixin.py:190} INFO - [2024-12-08T09:25:18.108-0800] {dag.py:4180} INFO - Setting next_dagrun for dataset_with_extra_from_classic_operator to 2024-12-07 00:00:00+00:00, run_after=2024-12-08 00:00:00+00:00
[2024-12-08T09:25:18.125-0800] {processor.py:208} INFO - Processing /Users/rishukhurana/anaconda3/lib/python3.11/site-packages/airflow/example_dags/example_outlet_event_extra.py took 1.125 seconds
[2024-12-08T09:27:59.964-0800] {processor.py:186} INFO - Started process (PID=93450) to work on /Users/rishukhurana/anaconda3/lib/python3.11/site-packages/airflow/example_dags/example_outlet_event_extra.py
[2024-12-08T09:27:59.966-0800] {processor.py:914} INFO - Processing file /Users/rishukhurana/anaconda3/lib/python3.11/site-packages/airflow/example_dags/example_outlet_event_extra.py for tasks to queue
[2024-12-08T09:27:59.967-0800] {logging_mixin.py:190} INFO - [2024-12-08T09:27:59.967-0800] {dagbag.py:588} INFO - Filling up the DagBag from /Users/rishukhurana/anaconda3/lib/python3.11/site-packages/airflow/example_dags/example_outlet_event_extra.py
[2024-12-08T09:28:00.810-0800] {processor.py:925} INFO - DAG(s) 'dataset_with_extra_by_context', 'dataset_with_extra_by_yield', 'dataset_with_extra_from_classic_operator' retrieved from /Users/rishukhurana/anaconda3/lib/python3.11/site-packages/airflow/example_dags/example_outlet_event_extra.py
[2024-12-08T09:28:00.893-0800] {logging_mixin.py:190} INFO - [2024-12-08T09:28:00.892-0800] {dag.py:3239} INFO - Sync 3 DAGs
[2024-12-08T09:28:00.910-0800] {logging_mixin.py:190} INFO - [2024-12-08T09:28:00.910-0800] {dag.py:4180} INFO - Setting next_dagrun for dataset_with_extra_by_context to 2024-12-07 00:00:00+00:00, run_after=2024-12-08 00:00:00+00:00
[2024-12-08T09:28:00.913-0800] {logging_mixin.py:190} INFO - [2024-12-08T09:28:00.913-0800] {dag.py:4180} INFO - Setting next_dagrun for dataset_with_extra_by_yield to 2024-12-07 00:00:00+00:00, run_after=2024-12-08 00:00:00+00:00
[2024-12-08T09:28:00.915-0800] {logging_mixin.py:190} INFO - [2024-12-08T09:28:00.915-0800] {dag.py:4180} INFO - Setting next_dagrun for dataset_with_extra_from_classic_operator to 2024-12-07 00:00:00+00:00, run_after=2024-12-08 00:00:00+00:00
[2024-12-08T09:28:00.938-0800] {processor.py:208} INFO - Processing /Users/rishukhurana/anaconda3/lib/python3.11/site-packages/airflow/example_dags/example_outlet_event_extra.py took 0.981 seconds
[2024-12-08T09:30:41.827-0800] {processor.py:186} INFO - Started process (PID=93615) to work on /Users/rishukhurana/anaconda3/lib/python3.11/site-packages/airflow/example_dags/example_outlet_event_extra.py
[2024-12-08T09:30:41.831-0800] {processor.py:914} INFO - Processing file /Users/rishukhurana/anaconda3/lib/python3.11/site-packages/airflow/example_dags/example_outlet_event_extra.py for tasks to queue
[2024-12-08T09:30:41.833-0800] {logging_mixin.py:190} INFO - [2024-12-08T09:30:41.833-0800] {dagbag.py:588} INFO - Filling up the DagBag from /Users/rishukhurana/anaconda3/lib/python3.11/site-packages/airflow/example_dags/example_outlet_event_extra.py
[2024-12-08T09:30:42.683-0800] {processor.py:925} INFO - DAG(s) 'dataset_with_extra_by_yield', 'dataset_with_extra_from_classic_operator', 'dataset_with_extra_by_context' retrieved from /Users/rishukhurana/anaconda3/lib/python3.11/site-packages/airflow/example_dags/example_outlet_event_extra.py
[2024-12-08T09:30:42.775-0800] {logging_mixin.py:190} INFO - [2024-12-08T09:30:42.775-0800] {dag.py:3239} INFO - Sync 3 DAGs
[2024-12-08T09:30:42.792-0800] {logging_mixin.py:190} INFO - [2024-12-08T09:30:42.791-0800] {dag.py:4180} INFO - Setting next_dagrun for dataset_with_extra_by_context to 2024-12-07 00:00:00+00:00, run_after=2024-12-08 00:00:00+00:00
[2024-12-08T09:30:42.795-0800] {logging_mixin.py:190} INFO - [2024-12-08T09:30:42.795-0800] {dag.py:4180} INFO - Setting next_dagrun for dataset_with_extra_by_yield to 2024-12-07 00:00:00+00:00, run_after=2024-12-08 00:00:00+00:00
[2024-12-08T09:30:42.797-0800] {logging_mixin.py:190} INFO - [2024-12-08T09:30:42.797-0800] {dag.py:4180} INFO - Setting next_dagrun for dataset_with_extra_from_classic_operator to 2024-12-07 00:00:00+00:00, run_after=2024-12-08 00:00:00+00:00
[2024-12-08T09:30:42.817-0800] {processor.py:208} INFO - Processing /Users/rishukhurana/anaconda3/lib/python3.11/site-packages/airflow/example_dags/example_outlet_event_extra.py took 0.996 seconds
[2024-12-08T09:33:27.001-0800] {processor.py:186} INFO - Started process (PID=93787) to work on /Users/rishukhurana/anaconda3/lib/python3.11/site-packages/airflow/example_dags/example_outlet_event_extra.py
[2024-12-08T09:33:27.003-0800] {processor.py:914} INFO - Processing file /Users/rishukhurana/anaconda3/lib/python3.11/site-packages/airflow/example_dags/example_outlet_event_extra.py for tasks to queue
[2024-12-08T09:33:27.004-0800] {logging_mixin.py:190} INFO - [2024-12-08T09:33:27.004-0800] {dagbag.py:588} INFO - Filling up the DagBag from /Users/rishukhurana/anaconda3/lib/python3.11/site-packages/airflow/example_dags/example_outlet_event_extra.py
[2024-12-08T09:33:27.781-0800] {processor.py:925} INFO - DAG(s) 'dataset_with_extra_by_context', 'dataset_with_extra_by_yield', 'dataset_with_extra_from_classic_operator' retrieved from /Users/rishukhurana/anaconda3/lib/python3.11/site-packages/airflow/example_dags/example_outlet_event_extra.py
[2024-12-08T09:33:27.867-0800] {logging_mixin.py:190} INFO - [2024-12-08T09:33:27.867-0800] {dag.py:3239} INFO - Sync 3 DAGs
[2024-12-08T09:33:27.886-0800] {logging_mixin.py:190} INFO - [2024-12-08T09:33:27.886-0800] {dag.py:4180} INFO - Setting next_dagrun for dataset_with_extra_by_context to 2024-12-07 00:00:00+00:00, run_after=2024-12-08 00:00:00+00:00
[2024-12-08T09:33:27.890-0800] {logging_mixin.py:190} INFO - [2024-12-08T09:33:27.890-0800] {dag.py:4180} INFO - Setting next_dagrun for dataset_with_extra_by_yield to 2024-12-07 00:00:00+00:00, run_after=2024-12-08 00:00:00+00:00
[2024-12-08T09:33:27.892-0800] {logging_mixin.py:190} INFO - [2024-12-08T09:33:27.892-0800] {dag.py:4180} INFO - Setting next_dagrun for dataset_with_extra_from_classic_operator to 2024-12-07 00:00:00+00:00, run_after=2024-12-08 00:00:00+00:00
[2024-12-08T09:33:27.909-0800] {processor.py:208} INFO - Processing /Users/rishukhurana/anaconda3/lib/python3.11/site-packages/airflow/example_dags/example_outlet_event_extra.py took 0.914 seconds
[2024-12-08T09:36:19.261-0800] {processor.py:186} INFO - Started process (PID=93974) to work on /Users/rishukhurana/anaconda3/lib/python3.11/site-packages/airflow/example_dags/example_outlet_event_extra.py
[2024-12-08T09:36:19.263-0800] {processor.py:914} INFO - Processing file /Users/rishukhurana/anaconda3/lib/python3.11/site-packages/airflow/example_dags/example_outlet_event_extra.py for tasks to queue
[2024-12-08T09:36:19.264-0800] {logging_mixin.py:190} INFO - [2024-12-08T09:36:19.264-0800] {dagbag.py:588} INFO - Filling up the DagBag from /Users/rishukhurana/anaconda3/lib/python3.11/site-packages/airflow/example_dags/example_outlet_event_extra.py
[2024-12-08T09:36:20.206-0800] {processor.py:925} INFO - DAG(s) 'dataset_with_extra_from_classic_operator', 'dataset_with_extra_by_context', 'dataset_with_extra_by_yield' retrieved from /Users/rishukhurana/anaconda3/lib/python3.11/site-packages/airflow/example_dags/example_outlet_event_extra.py
[2024-12-08T09:36:20.293-0800] {logging_mixin.py:190} INFO - [2024-12-08T09:36:20.292-0800] {dag.py:3239} INFO - Sync 3 DAGs
[2024-12-08T09:36:20.312-0800] {logging_mixin.py:190} INFO - [2024-12-08T09:36:20.311-0800] {dag.py:4180} INFO - Setting next_dagrun for dataset_with_extra_by_context to 2024-12-07 00:00:00+00:00, run_after=2024-12-08 00:00:00+00:00
[2024-12-08T09:36:20.316-0800] {logging_mixin.py:190} INFO - [2024-12-08T09:36:20.316-0800] {dag.py:4180} INFO - Setting next_dagrun for dataset_with_extra_by_yield to 2024-12-07 00:00:00+00:00, run_after=2024-12-08 00:00:00+00:00
[2024-12-08T09:36:20.319-0800] {logging_mixin.py:190} INFO - [2024-12-08T09:36:20.319-0800] {dag.py:4180} INFO - Setting next_dagrun for dataset_with_extra_from_classic_operator to 2024-12-07 00:00:00+00:00, run_after=2024-12-08 00:00:00+00:00
[2024-12-08T09:36:20.339-0800] {processor.py:208} INFO - Processing /Users/rishukhurana/anaconda3/lib/python3.11/site-packages/airflow/example_dags/example_outlet_event_extra.py took 1.083 seconds
[2024-12-08T09:39:54.883-0800] {processor.py:186} INFO - Started process (PID=94181) to work on /Users/rishukhurana/anaconda3/lib/python3.11/site-packages/airflow/example_dags/example_outlet_event_extra.py
[2024-12-08T09:39:54.886-0800] {processor.py:914} INFO - Processing file /Users/rishukhurana/anaconda3/lib/python3.11/site-packages/airflow/example_dags/example_outlet_event_extra.py for tasks to queue
[2024-12-08T09:39:54.887-0800] {logging_mixin.py:190} INFO - [2024-12-08T09:39:54.887-0800] {dagbag.py:588} INFO - Filling up the DagBag from /Users/rishukhurana/anaconda3/lib/python3.11/site-packages/airflow/example_dags/example_outlet_event_extra.py
[2024-12-08T09:39:55.894-0800] {processor.py:925} INFO - DAG(s) 'dataset_with_extra_from_classic_operator', 'dataset_with_extra_by_yield', 'dataset_with_extra_by_context' retrieved from /Users/rishukhurana/anaconda3/lib/python3.11/site-packages/airflow/example_dags/example_outlet_event_extra.py
[2024-12-08T09:39:55.975-0800] {logging_mixin.py:190} INFO - [2024-12-08T09:39:55.975-0800] {dag.py:3239} INFO - Sync 3 DAGs
[2024-12-08T09:39:55.992-0800] {logging_mixin.py:190} INFO - [2024-12-08T09:39:55.992-0800] {dag.py:4180} INFO - Setting next_dagrun for dataset_with_extra_by_context to 2024-12-07 00:00:00+00:00, run_after=2024-12-08 00:00:00+00:00
[2024-12-08T09:39:55.996-0800] {logging_mixin.py:190} INFO - [2024-12-08T09:39:55.996-0800] {dag.py:4180} INFO - Setting next_dagrun for dataset_with_extra_by_yield to 2024-12-07 00:00:00+00:00, run_after=2024-12-08 00:00:00+00:00
[2024-12-08T09:39:55.998-0800] {logging_mixin.py:190} INFO - [2024-12-08T09:39:55.997-0800] {dag.py:4180} INFO - Setting next_dagrun for dataset_with_extra_from_classic_operator to 2024-12-07 00:00:00+00:00, run_after=2024-12-08 00:00:00+00:00
[2024-12-08T09:39:56.017-0800] {processor.py:208} INFO - Processing /Users/rishukhurana/anaconda3/lib/python3.11/site-packages/airflow/example_dags/example_outlet_event_extra.py took 1.141 seconds
[2024-12-08T09:42:38.238-0800] {processor.py:186} INFO - Started process (PID=94348) to work on /Users/rishukhurana/anaconda3/lib/python3.11/site-packages/airflow/example_dags/example_outlet_event_extra.py
[2024-12-08T09:42:38.240-0800] {processor.py:914} INFO - Processing file /Users/rishukhurana/anaconda3/lib/python3.11/site-packages/airflow/example_dags/example_outlet_event_extra.py for tasks to queue
[2024-12-08T09:42:38.242-0800] {logging_mixin.py:190} INFO - [2024-12-08T09:42:38.241-0800] {dagbag.py:588} INFO - Filling up the DagBag from /Users/rishukhurana/anaconda3/lib/python3.11/site-packages/airflow/example_dags/example_outlet_event_extra.py
[2024-12-08T09:42:39.123-0800] {processor.py:925} INFO - DAG(s) 'dataset_with_extra_by_yield', 'dataset_with_extra_from_classic_operator', 'dataset_with_extra_by_context' retrieved from /Users/rishukhurana/anaconda3/lib/python3.11/site-packages/airflow/example_dags/example_outlet_event_extra.py
[2024-12-08T09:42:39.209-0800] {logging_mixin.py:190} INFO - [2024-12-08T09:42:39.209-0800] {dag.py:3239} INFO - Sync 3 DAGs
[2024-12-08T09:42:39.226-0800] {logging_mixin.py:190} INFO - [2024-12-08T09:42:39.225-0800] {dag.py:4180} INFO - Setting next_dagrun for dataset_with_extra_by_context to 2024-12-07 00:00:00+00:00, run_after=2024-12-08 00:00:00+00:00
[2024-12-08T09:42:39.229-0800] {logging_mixin.py:190} INFO - [2024-12-08T09:42:39.229-0800] {dag.py:4180} INFO - Setting next_dagrun for dataset_with_extra_by_yield to 2024-12-07 00:00:00+00:00, run_after=2024-12-08 00:00:00+00:00
[2024-12-08T09:42:39.231-0800] {logging_mixin.py:190} INFO - [2024-12-08T09:42:39.231-0800] {dag.py:4180} INFO - Setting next_dagrun for dataset_with_extra_from_classic_operator to 2024-12-07 00:00:00+00:00, run_after=2024-12-08 00:00:00+00:00
[2024-12-08T09:42:39.246-0800] {processor.py:208} INFO - Processing /Users/rishukhurana/anaconda3/lib/python3.11/site-packages/airflow/example_dags/example_outlet_event_extra.py took 1.015 seconds
[2024-12-08T09:45:23.859-0800] {processor.py:186} INFO - Started process (PID=94517) to work on /Users/rishukhurana/anaconda3/lib/python3.11/site-packages/airflow/example_dags/example_outlet_event_extra.py
[2024-12-08T09:45:23.862-0800] {processor.py:914} INFO - Processing file /Users/rishukhurana/anaconda3/lib/python3.11/site-packages/airflow/example_dags/example_outlet_event_extra.py for tasks to queue
[2024-12-08T09:45:23.863-0800] {logging_mixin.py:190} INFO - [2024-12-08T09:45:23.863-0800] {dagbag.py:588} INFO - Filling up the DagBag from /Users/rishukhurana/anaconda3/lib/python3.11/site-packages/airflow/example_dags/example_outlet_event_extra.py
[2024-12-08T09:45:24.858-0800] {processor.py:925} INFO - DAG(s) 'dataset_with_extra_from_classic_operator', 'dataset_with_extra_by_context', 'dataset_with_extra_by_yield' retrieved from /Users/rishukhurana/anaconda3/lib/python3.11/site-packages/airflow/example_dags/example_outlet_event_extra.py
[2024-12-08T09:45:24.937-0800] {logging_mixin.py:190} INFO - [2024-12-08T09:45:24.937-0800] {dag.py:3239} INFO - Sync 3 DAGs
[2024-12-08T09:45:24.953-0800] {logging_mixin.py:190} INFO - [2024-12-08T09:45:24.953-0800] {dag.py:4180} INFO - Setting next_dagrun for dataset_with_extra_by_context to 2024-12-07 00:00:00+00:00, run_after=2024-12-08 00:00:00+00:00
[2024-12-08T09:45:24.956-0800] {logging_mixin.py:190} INFO - [2024-12-08T09:45:24.956-0800] {dag.py:4180} INFO - Setting next_dagrun for dataset_with_extra_by_yield to 2024-12-07 00:00:00+00:00, run_after=2024-12-08 00:00:00+00:00
[2024-12-08T09:45:24.958-0800] {logging_mixin.py:190} INFO - [2024-12-08T09:45:24.958-0800] {dag.py:4180} INFO - Setting next_dagrun for dataset_with_extra_from_classic_operator to 2024-12-07 00:00:00+00:00, run_after=2024-12-08 00:00:00+00:00
[2024-12-08T09:45:24.981-0800] {processor.py:208} INFO - Processing /Users/rishukhurana/anaconda3/lib/python3.11/site-packages/airflow/example_dags/example_outlet_event_extra.py took 1.127 seconds
[2024-12-08T09:48:07.881-0800] {processor.py:186} INFO - Started process (PID=94685) to work on /Users/rishukhurana/anaconda3/lib/python3.11/site-packages/airflow/example_dags/example_outlet_event_extra.py
[2024-12-08T09:48:07.883-0800] {processor.py:914} INFO - Processing file /Users/rishukhurana/anaconda3/lib/python3.11/site-packages/airflow/example_dags/example_outlet_event_extra.py for tasks to queue
[2024-12-08T09:48:07.884-0800] {logging_mixin.py:190} INFO - [2024-12-08T09:48:07.884-0800] {dagbag.py:588} INFO - Filling up the DagBag from /Users/rishukhurana/anaconda3/lib/python3.11/site-packages/airflow/example_dags/example_outlet_event_extra.py
[2024-12-08T09:48:08.734-0800] {processor.py:925} INFO - DAG(s) 'dataset_with_extra_from_classic_operator', 'dataset_with_extra_by_yield', 'dataset_with_extra_by_context' retrieved from /Users/rishukhurana/anaconda3/lib/python3.11/site-packages/airflow/example_dags/example_outlet_event_extra.py
[2024-12-08T09:48:08.819-0800] {logging_mixin.py:190} INFO - [2024-12-08T09:48:08.819-0800] {dag.py:3239} INFO - Sync 3 DAGs
[2024-12-08T09:48:08.836-0800] {logging_mixin.py:190} INFO - [2024-12-08T09:48:08.836-0800] {dag.py:4180} INFO - Setting next_dagrun for dataset_with_extra_by_context to 2024-12-07 00:00:00+00:00, run_after=2024-12-08 00:00:00+00:00
[2024-12-08T09:48:08.840-0800] {logging_mixin.py:190} INFO - [2024-12-08T09:48:08.839-0800] {dag.py:4180} INFO - Setting next_dagrun for dataset_with_extra_by_yield to 2024-12-07 00:00:00+00:00, run_after=2024-12-08 00:00:00+00:00
[2024-12-08T09:48:08.841-0800] {logging_mixin.py:190} INFO - [2024-12-08T09:48:08.841-0800] {dag.py:4180} INFO - Setting next_dagrun for dataset_with_extra_from_classic_operator to 2024-12-07 00:00:00+00:00, run_after=2024-12-08 00:00:00+00:00
[2024-12-08T09:48:08.859-0800] {processor.py:208} INFO - Processing /Users/rishukhurana/anaconda3/lib/python3.11/site-packages/airflow/example_dags/example_outlet_event_extra.py took 0.984 seconds
[2024-12-08T09:50:52.294-0800] {processor.py:186} INFO - Started process (PID=94852) to work on /Users/rishukhurana/anaconda3/lib/python3.11/site-packages/airflow/example_dags/example_outlet_event_extra.py
[2024-12-08T09:50:52.297-0800] {processor.py:914} INFO - Processing file /Users/rishukhurana/anaconda3/lib/python3.11/site-packages/airflow/example_dags/example_outlet_event_extra.py for tasks to queue
[2024-12-08T09:50:52.298-0800] {logging_mixin.py:190} INFO - [2024-12-08T09:50:52.298-0800] {dagbag.py:588} INFO - Filling up the DagBag from /Users/rishukhurana/anaconda3/lib/python3.11/site-packages/airflow/example_dags/example_outlet_event_extra.py
[2024-12-08T09:50:53.157-0800] {processor.py:925} INFO - DAG(s) 'dataset_with_extra_by_context', 'dataset_with_extra_by_yield', 'dataset_with_extra_from_classic_operator' retrieved from /Users/rishukhurana/anaconda3/lib/python3.11/site-packages/airflow/example_dags/example_outlet_event_extra.py
[2024-12-08T09:50:53.242-0800] {logging_mixin.py:190} INFO - [2024-12-08T09:50:53.242-0800] {dag.py:3239} INFO - Sync 3 DAGs
[2024-12-08T09:50:53.258-0800] {logging_mixin.py:190} INFO - [2024-12-08T09:50:53.258-0800] {dag.py:4180} INFO - Setting next_dagrun for dataset_with_extra_by_context to 2024-12-07 00:00:00+00:00, run_after=2024-12-08 00:00:00+00:00
[2024-12-08T09:50:53.261-0800] {logging_mixin.py:190} INFO - [2024-12-08T09:50:53.261-0800] {dag.py:4180} INFO - Setting next_dagrun for dataset_with_extra_by_yield to 2024-12-07 00:00:00+00:00, run_after=2024-12-08 00:00:00+00:00
[2024-12-08T09:50:53.263-0800] {logging_mixin.py:190} INFO - [2024-12-08T09:50:53.263-0800] {dag.py:4180} INFO - Setting next_dagrun for dataset_with_extra_from_classic_operator to 2024-12-07 00:00:00+00:00, run_after=2024-12-08 00:00:00+00:00
[2024-12-08T09:50:53.281-0800] {processor.py:208} INFO - Processing /Users/rishukhurana/anaconda3/lib/python3.11/site-packages/airflow/example_dags/example_outlet_event_extra.py took 0.993 seconds
[2024-12-08T09:53:38.033-0800] {processor.py:186} INFO - Started process (PID=95019) to work on /Users/rishukhurana/anaconda3/lib/python3.11/site-packages/airflow/example_dags/example_outlet_event_extra.py
[2024-12-08T09:53:38.036-0800] {processor.py:914} INFO - Processing file /Users/rishukhurana/anaconda3/lib/python3.11/site-packages/airflow/example_dags/example_outlet_event_extra.py for tasks to queue
[2024-12-08T09:53:38.037-0800] {logging_mixin.py:190} INFO - [2024-12-08T09:53:38.037-0800] {dagbag.py:588} INFO - Filling up the DagBag from /Users/rishukhurana/anaconda3/lib/python3.11/site-packages/airflow/example_dags/example_outlet_event_extra.py
[2024-12-08T09:53:38.493-0800] {processor.py:925} INFO - DAG(s) 'dataset_with_extra_from_classic_operator', 'dataset_with_extra_by_context', 'dataset_with_extra_by_yield' retrieved from /Users/rishukhurana/anaconda3/lib/python3.11/site-packages/airflow/example_dags/example_outlet_event_extra.py
[2024-12-08T09:53:38.578-0800] {logging_mixin.py:190} INFO - [2024-12-08T09:53:38.578-0800] {dag.py:3239} INFO - Sync 3 DAGs
[2024-12-08T09:53:38.595-0800] {logging_mixin.py:190} INFO - [2024-12-08T09:53:38.595-0800] {dag.py:4180} INFO - Setting next_dagrun for dataset_with_extra_by_context to 2024-12-07 00:00:00+00:00, run_after=2024-12-08 00:00:00+00:00
[2024-12-08T09:53:38.598-0800] {logging_mixin.py:190} INFO - [2024-12-08T09:53:38.598-0800] {dag.py:4180} INFO - Setting next_dagrun for dataset_with_extra_by_yield to 2024-12-07 00:00:00+00:00, run_after=2024-12-08 00:00:00+00:00
[2024-12-08T09:53:38.600-0800] {logging_mixin.py:190} INFO - [2024-12-08T09:53:38.600-0800] {dag.py:4180} INFO - Setting next_dagrun for dataset_with_extra_from_classic_operator to 2024-12-07 00:00:00+00:00, run_after=2024-12-08 00:00:00+00:00
[2024-12-08T09:53:38.617-0800] {processor.py:208} INFO - Processing /Users/rishukhurana/anaconda3/lib/python3.11/site-packages/airflow/example_dags/example_outlet_event_extra.py took 0.590 seconds
[2024-12-08T09:56:20.519-0800] {processor.py:186} INFO - Started process (PID=95184) to work on /Users/rishukhurana/anaconda3/lib/python3.11/site-packages/airflow/example_dags/example_outlet_event_extra.py
[2024-12-08T09:56:20.520-0800] {processor.py:914} INFO - Processing file /Users/rishukhurana/anaconda3/lib/python3.11/site-packages/airflow/example_dags/example_outlet_event_extra.py for tasks to queue
[2024-12-08T09:56:20.521-0800] {logging_mixin.py:190} INFO - [2024-12-08T09:56:20.521-0800] {dagbag.py:588} INFO - Filling up the DagBag from /Users/rishukhurana/anaconda3/lib/python3.11/site-packages/airflow/example_dags/example_outlet_event_extra.py
[2024-12-08T09:56:20.992-0800] {processor.py:925} INFO - DAG(s) 'dataset_with_extra_from_classic_operator', 'dataset_with_extra_by_yield', 'dataset_with_extra_by_context' retrieved from /Users/rishukhurana/anaconda3/lib/python3.11/site-packages/airflow/example_dags/example_outlet_event_extra.py
[2024-12-08T09:56:21.070-0800] {logging_mixin.py:190} INFO - [2024-12-08T09:56:21.070-0800] {dag.py:3239} INFO - Sync 3 DAGs
[2024-12-08T09:56:21.087-0800] {logging_mixin.py:190} INFO - [2024-12-08T09:56:21.086-0800] {dag.py:4180} INFO - Setting next_dagrun for dataset_with_extra_by_context to 2024-12-07 00:00:00+00:00, run_after=2024-12-08 00:00:00+00:00
[2024-12-08T09:56:21.090-0800] {logging_mixin.py:190} INFO - [2024-12-08T09:56:21.090-0800] {dag.py:4180} INFO - Setting next_dagrun for dataset_with_extra_by_yield to 2024-12-07 00:00:00+00:00, run_after=2024-12-08 00:00:00+00:00
[2024-12-08T09:56:21.092-0800] {logging_mixin.py:190} INFO - [2024-12-08T09:56:21.091-0800] {dag.py:4180} INFO - Setting next_dagrun for dataset_with_extra_from_classic_operator to 2024-12-07 00:00:00+00:00, run_after=2024-12-08 00:00:00+00:00
[2024-12-08T09:56:21.107-0800] {processor.py:208} INFO - Processing /Users/rishukhurana/anaconda3/lib/python3.11/site-packages/airflow/example_dags/example_outlet_event_extra.py took 0.595 seconds
[2024-12-08T09:59:02.407-0800] {processor.py:186} INFO - Started process (PID=95350) to work on /Users/rishukhurana/anaconda3/lib/python3.11/site-packages/airflow/example_dags/example_outlet_event_extra.py
[2024-12-08T09:59:02.409-0800] {processor.py:914} INFO - Processing file /Users/rishukhurana/anaconda3/lib/python3.11/site-packages/airflow/example_dags/example_outlet_event_extra.py for tasks to queue
[2024-12-08T09:59:02.411-0800] {logging_mixin.py:190} INFO - [2024-12-08T09:59:02.410-0800] {dagbag.py:588} INFO - Filling up the DagBag from /Users/rishukhurana/anaconda3/lib/python3.11/site-packages/airflow/example_dags/example_outlet_event_extra.py
[2024-12-08T09:59:03.280-0800] {processor.py:925} INFO - DAG(s) 'dataset_with_extra_by_yield', 'dataset_with_extra_by_context', 'dataset_with_extra_from_classic_operator' retrieved from /Users/rishukhurana/anaconda3/lib/python3.11/site-packages/airflow/example_dags/example_outlet_event_extra.py
[2024-12-08T09:59:03.362-0800] {logging_mixin.py:190} INFO - [2024-12-08T09:59:03.362-0800] {dag.py:3239} INFO - Sync 3 DAGs
[2024-12-08T09:59:03.378-0800] {logging_mixin.py:190} INFO - [2024-12-08T09:59:03.378-0800] {dag.py:4180} INFO - Setting next_dagrun for dataset_with_extra_by_context to 2024-12-07 00:00:00+00:00, run_after=2024-12-08 00:00:00+00:00
[2024-12-08T09:59:03.382-0800] {logging_mixin.py:190} INFO - [2024-12-08T09:59:03.382-0800] {dag.py:4180} INFO - Setting next_dagrun for dataset_with_extra_by_yield to 2024-12-07 00:00:00+00:00, run_after=2024-12-08 00:00:00+00:00
[2024-12-08T09:59:03.384-0800] {logging_mixin.py:190} INFO - [2024-12-08T09:59:03.384-0800] {dag.py:4180} INFO - Setting next_dagrun for dataset_with_extra_from_classic_operator to 2024-12-07 00:00:00+00:00, run_after=2024-12-08 00:00:00+00:00
[2024-12-08T09:59:03.401-0800] {processor.py:208} INFO - Processing /Users/rishukhurana/anaconda3/lib/python3.11/site-packages/airflow/example_dags/example_outlet_event_extra.py took 1.001 seconds
[2024-12-08T10:01:44.876-0800] {processor.py:186} INFO - Started process (PID=95528) to work on /Users/rishukhurana/anaconda3/lib/python3.11/site-packages/airflow/example_dags/example_outlet_event_extra.py
[2024-12-08T10:01:44.878-0800] {processor.py:914} INFO - Processing file /Users/rishukhurana/anaconda3/lib/python3.11/site-packages/airflow/example_dags/example_outlet_event_extra.py for tasks to queue
[2024-12-08T10:01:44.879-0800] {logging_mixin.py:190} INFO - [2024-12-08T10:01:44.879-0800] {dagbag.py:588} INFO - Filling up the DagBag from /Users/rishukhurana/anaconda3/lib/python3.11/site-packages/airflow/example_dags/example_outlet_event_extra.py
[2024-12-08T10:01:45.743-0800] {processor.py:925} INFO - DAG(s) 'dataset_with_extra_by_yield', 'dataset_with_extra_by_context', 'dataset_with_extra_from_classic_operator' retrieved from /Users/rishukhurana/anaconda3/lib/python3.11/site-packages/airflow/example_dags/example_outlet_event_extra.py
[2024-12-08T10:01:45.828-0800] {logging_mixin.py:190} INFO - [2024-12-08T10:01:45.828-0800] {dag.py:3239} INFO - Sync 3 DAGs
[2024-12-08T10:01:45.848-0800] {logging_mixin.py:190} INFO - [2024-12-08T10:01:45.847-0800] {dag.py:4180} INFO - Setting next_dagrun for dataset_with_extra_by_context to 2024-12-07 00:00:00+00:00, run_after=2024-12-08 00:00:00+00:00
[2024-12-08T10:01:45.854-0800] {logging_mixin.py:190} INFO - [2024-12-08T10:01:45.854-0800] {dag.py:4180} INFO - Setting next_dagrun for dataset_with_extra_by_yield to 2024-12-07 00:00:00+00:00, run_after=2024-12-08 00:00:00+00:00
[2024-12-08T10:01:45.857-0800] {logging_mixin.py:190} INFO - [2024-12-08T10:01:45.857-0800] {dag.py:4180} INFO - Setting next_dagrun for dataset_with_extra_from_classic_operator to 2024-12-07 00:00:00+00:00, run_after=2024-12-08 00:00:00+00:00
[2024-12-08T10:01:45.874-0800] {processor.py:208} INFO - Processing /Users/rishukhurana/anaconda3/lib/python3.11/site-packages/airflow/example_dags/example_outlet_event_extra.py took 1.004 seconds
[2024-12-08T10:04:30.206-0800] {processor.py:186} INFO - Started process (PID=95704) to work on /Users/rishukhurana/anaconda3/lib/python3.11/site-packages/airflow/example_dags/example_outlet_event_extra.py
[2024-12-08T10:04:30.208-0800] {processor.py:914} INFO - Processing file /Users/rishukhurana/anaconda3/lib/python3.11/site-packages/airflow/example_dags/example_outlet_event_extra.py for tasks to queue
[2024-12-08T10:04:30.210-0800] {logging_mixin.py:190} INFO - [2024-12-08T10:04:30.210-0800] {dagbag.py:588} INFO - Filling up the DagBag from /Users/rishukhurana/anaconda3/lib/python3.11/site-packages/airflow/example_dags/example_outlet_event_extra.py
[2024-12-08T10:04:31.078-0800] {processor.py:925} INFO - DAG(s) 'dataset_with_extra_by_yield', 'dataset_with_extra_by_context', 'dataset_with_extra_from_classic_operator' retrieved from /Users/rishukhurana/anaconda3/lib/python3.11/site-packages/airflow/example_dags/example_outlet_event_extra.py
[2024-12-08T10:04:31.159-0800] {logging_mixin.py:190} INFO - [2024-12-08T10:04:31.159-0800] {dag.py:3239} INFO - Sync 3 DAGs
[2024-12-08T10:04:31.176-0800] {logging_mixin.py:190} INFO - [2024-12-08T10:04:31.176-0800] {dag.py:4180} INFO - Setting next_dagrun for dataset_with_extra_by_context to 2024-12-07 00:00:00+00:00, run_after=2024-12-08 00:00:00+00:00
[2024-12-08T10:04:31.180-0800] {logging_mixin.py:190} INFO - [2024-12-08T10:04:31.180-0800] {dag.py:4180} INFO - Setting next_dagrun for dataset_with_extra_by_yield to 2024-12-07 00:00:00+00:00, run_after=2024-12-08 00:00:00+00:00
[2024-12-08T10:04:31.182-0800] {logging_mixin.py:190} INFO - [2024-12-08T10:04:31.182-0800] {dag.py:4180} INFO - Setting next_dagrun for dataset_with_extra_from_classic_operator to 2024-12-07 00:00:00+00:00, run_after=2024-12-08 00:00:00+00:00
[2024-12-08T10:04:31.206-0800] {processor.py:208} INFO - Processing /Users/rishukhurana/anaconda3/lib/python3.11/site-packages/airflow/example_dags/example_outlet_event_extra.py took 1.006 seconds
[2024-12-08T10:07:22.346-0800] {processor.py:186} INFO - Started process (PID=95884) to work on /Users/rishukhurana/anaconda3/lib/python3.11/site-packages/airflow/example_dags/example_outlet_event_extra.py
[2024-12-08T10:07:22.347-0800] {processor.py:914} INFO - Processing file /Users/rishukhurana/anaconda3/lib/python3.11/site-packages/airflow/example_dags/example_outlet_event_extra.py for tasks to queue
[2024-12-08T10:07:22.348-0800] {logging_mixin.py:190} INFO - [2024-12-08T10:07:22.348-0800] {dagbag.py:588} INFO - Filling up the DagBag from /Users/rishukhurana/anaconda3/lib/python3.11/site-packages/airflow/example_dags/example_outlet_event_extra.py
[2024-12-08T10:07:23.210-0800] {processor.py:925} INFO - DAG(s) 'dataset_with_extra_from_classic_operator', 'dataset_with_extra_by_yield', 'dataset_with_extra_by_context' retrieved from /Users/rishukhurana/anaconda3/lib/python3.11/site-packages/airflow/example_dags/example_outlet_event_extra.py
[2024-12-08T10:07:23.307-0800] {logging_mixin.py:190} INFO - [2024-12-08T10:07:23.307-0800] {dag.py:3239} INFO - Sync 3 DAGs
[2024-12-08T10:07:23.326-0800] {logging_mixin.py:190} INFO - [2024-12-08T10:07:23.326-0800] {dag.py:4180} INFO - Setting next_dagrun for dataset_with_extra_by_context to 2024-12-07 00:00:00+00:00, run_after=2024-12-08 00:00:00+00:00
[2024-12-08T10:07:23.330-0800] {logging_mixin.py:190} INFO - [2024-12-08T10:07:23.330-0800] {dag.py:4180} INFO - Setting next_dagrun for dataset_with_extra_by_yield to 2024-12-07 00:00:00+00:00, run_after=2024-12-08 00:00:00+00:00
[2024-12-08T10:07:23.332-0800] {logging_mixin.py:190} INFO - [2024-12-08T10:07:23.332-0800] {dag.py:4180} INFO - Setting next_dagrun for dataset_with_extra_from_classic_operator to 2024-12-07 00:00:00+00:00, run_after=2024-12-08 00:00:00+00:00
[2024-12-08T10:07:23.349-0800] {processor.py:208} INFO - Processing /Users/rishukhurana/anaconda3/lib/python3.11/site-packages/airflow/example_dags/example_outlet_event_extra.py took 1.010 seconds
[2024-12-08T10:10:11.028-0800] {processor.py:186} INFO - Started process (PID=96058) to work on /Users/rishukhurana/anaconda3/lib/python3.11/site-packages/airflow/example_dags/example_outlet_event_extra.py
[2024-12-08T10:10:11.031-0800] {processor.py:914} INFO - Processing file /Users/rishukhurana/anaconda3/lib/python3.11/site-packages/airflow/example_dags/example_outlet_event_extra.py for tasks to queue
[2024-12-08T10:10:11.032-0800] {logging_mixin.py:190} INFO - [2024-12-08T10:10:11.032-0800] {dagbag.py:588} INFO - Filling up the DagBag from /Users/rishukhurana/anaconda3/lib/python3.11/site-packages/airflow/example_dags/example_outlet_event_extra.py
[2024-12-08T10:10:11.755-0800] {processor.py:925} INFO - DAG(s) 'dataset_with_extra_by_yield', 'dataset_with_extra_from_classic_operator', 'dataset_with_extra_by_context' retrieved from /Users/rishukhurana/anaconda3/lib/python3.11/site-packages/airflow/example_dags/example_outlet_event_extra.py
[2024-12-08T10:10:11.841-0800] {logging_mixin.py:190} INFO - [2024-12-08T10:10:11.841-0800] {dag.py:3239} INFO - Sync 3 DAGs
[2024-12-08T10:10:11.858-0800] {logging_mixin.py:190} INFO - [2024-12-08T10:10:11.858-0800] {dag.py:4180} INFO - Setting next_dagrun for dataset_with_extra_by_context to 2024-12-07 00:00:00+00:00, run_after=2024-12-08 00:00:00+00:00
[2024-12-08T10:10:11.862-0800] {logging_mixin.py:190} INFO - [2024-12-08T10:10:11.862-0800] {dag.py:4180} INFO - Setting next_dagrun for dataset_with_extra_by_yield to 2024-12-07 00:00:00+00:00, run_after=2024-12-08 00:00:00+00:00
[2024-12-08T10:10:11.864-0800] {logging_mixin.py:190} INFO - [2024-12-08T10:10:11.864-0800] {dag.py:4180} INFO - Setting next_dagrun for dataset_with_extra_from_classic_operator to 2024-12-07 00:00:00+00:00, run_after=2024-12-08 00:00:00+00:00
[2024-12-08T10:10:11.883-0800] {processor.py:208} INFO - Processing /Users/rishukhurana/anaconda3/lib/python3.11/site-packages/airflow/example_dags/example_outlet_event_extra.py took 0.861 seconds
[2024-12-08T10:13:04.828-0800] {processor.py:186} INFO - Started process (PID=96232) to work on /Users/rishukhurana/anaconda3/lib/python3.11/site-packages/airflow/example_dags/example_outlet_event_extra.py
[2024-12-08T10:13:04.830-0800] {processor.py:914} INFO - Processing file /Users/rishukhurana/anaconda3/lib/python3.11/site-packages/airflow/example_dags/example_outlet_event_extra.py for tasks to queue
[2024-12-08T10:13:04.832-0800] {logging_mixin.py:190} INFO - [2024-12-08T10:13:04.832-0800] {dagbag.py:588} INFO - Filling up the DagBag from /Users/rishukhurana/anaconda3/lib/python3.11/site-packages/airflow/example_dags/example_outlet_event_extra.py
[2024-12-08T10:13:05.477-0800] {processor.py:925} INFO - DAG(s) 'dataset_with_extra_by_context', 'dataset_with_extra_from_classic_operator', 'dataset_with_extra_by_yield' retrieved from /Users/rishukhurana/anaconda3/lib/python3.11/site-packages/airflow/example_dags/example_outlet_event_extra.py
[2024-12-08T10:13:05.565-0800] {logging_mixin.py:190} INFO - [2024-12-08T10:13:05.565-0800] {dag.py:3239} INFO - Sync 3 DAGs
[2024-12-08T10:13:05.582-0800] {logging_mixin.py:190} INFO - [2024-12-08T10:13:05.581-0800] {dag.py:4180} INFO - Setting next_dagrun for dataset_with_extra_by_context to 2024-12-07 00:00:00+00:00, run_after=2024-12-08 00:00:00+00:00
[2024-12-08T10:13:05.586-0800] {logging_mixin.py:190} INFO - [2024-12-08T10:13:05.585-0800] {dag.py:4180} INFO - Setting next_dagrun for dataset_with_extra_by_yield to 2024-12-07 00:00:00+00:00, run_after=2024-12-08 00:00:00+00:00
[2024-12-08T10:13:05.588-0800] {logging_mixin.py:190} INFO - [2024-12-08T10:13:05.587-0800] {dag.py:4180} INFO - Setting next_dagrun for dataset_with_extra_from_classic_operator to 2024-12-07 00:00:00+00:00, run_after=2024-12-08 00:00:00+00:00
[2024-12-08T10:13:05.608-0800] {processor.py:208} INFO - Processing /Users/rishukhurana/anaconda3/lib/python3.11/site-packages/airflow/example_dags/example_outlet_event_extra.py took 0.785 seconds
[2024-12-08T10:15:59.963-0800] {processor.py:186} INFO - Started process (PID=96407) to work on /Users/rishukhurana/anaconda3/lib/python3.11/site-packages/airflow/example_dags/example_outlet_event_extra.py
[2024-12-08T10:15:59.965-0800] {processor.py:914} INFO - Processing file /Users/rishukhurana/anaconda3/lib/python3.11/site-packages/airflow/example_dags/example_outlet_event_extra.py for tasks to queue
[2024-12-08T10:15:59.966-0800] {logging_mixin.py:190} INFO - [2024-12-08T10:15:59.966-0800] {dagbag.py:588} INFO - Filling up the DagBag from /Users/rishukhurana/anaconda3/lib/python3.11/site-packages/airflow/example_dags/example_outlet_event_extra.py
[2024-12-08T10:16:00.682-0800] {processor.py:925} INFO - DAG(s) 'dataset_with_extra_by_context', 'dataset_with_extra_by_yield', 'dataset_with_extra_from_classic_operator' retrieved from /Users/rishukhurana/anaconda3/lib/python3.11/site-packages/airflow/example_dags/example_outlet_event_extra.py
[2024-12-08T10:16:00.768-0800] {logging_mixin.py:190} INFO - [2024-12-08T10:16:00.768-0800] {dag.py:3239} INFO - Sync 3 DAGs
[2024-12-08T10:16:00.786-0800] {logging_mixin.py:190} INFO - [2024-12-08T10:16:00.785-0800] {dag.py:4180} INFO - Setting next_dagrun for dataset_with_extra_by_context to 2024-12-07 00:00:00+00:00, run_after=2024-12-08 00:00:00+00:00
[2024-12-08T10:16:00.789-0800] {logging_mixin.py:190} INFO - [2024-12-08T10:16:00.789-0800] {dag.py:4180} INFO - Setting next_dagrun for dataset_with_extra_by_yield to 2024-12-07 00:00:00+00:00, run_after=2024-12-08 00:00:00+00:00
[2024-12-08T10:16:00.791-0800] {logging_mixin.py:190} INFO - [2024-12-08T10:16:00.791-0800] {dag.py:4180} INFO - Setting next_dagrun for dataset_with_extra_from_classic_operator to 2024-12-07 00:00:00+00:00, run_after=2024-12-08 00:00:00+00:00
[2024-12-08T10:16:00.810-0800] {processor.py:208} INFO - Processing /Users/rishukhurana/anaconda3/lib/python3.11/site-packages/airflow/example_dags/example_outlet_event_extra.py took 0.852 seconds
[2024-12-08T10:18:56.488-0800] {processor.py:186} INFO - Started process (PID=96579) to work on /Users/rishukhurana/anaconda3/lib/python3.11/site-packages/airflow/example_dags/example_outlet_event_extra.py
[2024-12-08T10:18:56.490-0800] {processor.py:914} INFO - Processing file /Users/rishukhurana/anaconda3/lib/python3.11/site-packages/airflow/example_dags/example_outlet_event_extra.py for tasks to queue
[2024-12-08T10:18:56.492-0800] {logging_mixin.py:190} INFO - [2024-12-08T10:18:56.491-0800] {dagbag.py:588} INFO - Filling up the DagBag from /Users/rishukhurana/anaconda3/lib/python3.11/site-packages/airflow/example_dags/example_outlet_event_extra.py
[2024-12-08T10:18:57.211-0800] {processor.py:925} INFO - DAG(s) 'dataset_with_extra_from_classic_operator', 'dataset_with_extra_by_yield', 'dataset_with_extra_by_context' retrieved from /Users/rishukhurana/anaconda3/lib/python3.11/site-packages/airflow/example_dags/example_outlet_event_extra.py
[2024-12-08T10:18:57.304-0800] {logging_mixin.py:190} INFO - [2024-12-08T10:18:57.304-0800] {dag.py:3239} INFO - Sync 3 DAGs
[2024-12-08T10:18:57.322-0800] {logging_mixin.py:190} INFO - [2024-12-08T10:18:57.322-0800] {dag.py:4180} INFO - Setting next_dagrun for dataset_with_extra_by_context to 2024-12-07 00:00:00+00:00, run_after=2024-12-08 00:00:00+00:00
[2024-12-08T10:18:57.328-0800] {logging_mixin.py:190} INFO - [2024-12-08T10:18:57.327-0800] {dag.py:4180} INFO - Setting next_dagrun for dataset_with_extra_by_yield to 2024-12-07 00:00:00+00:00, run_after=2024-12-08 00:00:00+00:00
[2024-12-08T10:18:57.330-0800] {logging_mixin.py:190} INFO - [2024-12-08T10:18:57.329-0800] {dag.py:4180} INFO - Setting next_dagrun for dataset_with_extra_from_classic_operator to 2024-12-07 00:00:00+00:00, run_after=2024-12-08 00:00:00+00:00
[2024-12-08T10:18:57.348-0800] {processor.py:208} INFO - Processing /Users/rishukhurana/anaconda3/lib/python3.11/site-packages/airflow/example_dags/example_outlet_event_extra.py took 0.866 seconds
[2024-12-08T10:22:19.786-0800] {processor.py:186} INFO - Started process (PID=97022) to work on /Users/rishukhurana/anaconda3/lib/python3.11/site-packages/airflow/example_dags/example_outlet_event_extra.py
[2024-12-08T10:22:19.788-0800] {processor.py:914} INFO - Processing file /Users/rishukhurana/anaconda3/lib/python3.11/site-packages/airflow/example_dags/example_outlet_event_extra.py for tasks to queue
[2024-12-08T10:22:19.789-0800] {logging_mixin.py:190} INFO - [2024-12-08T10:22:19.789-0800] {dagbag.py:588} INFO - Filling up the DagBag from /Users/rishukhurana/anaconda3/lib/python3.11/site-packages/airflow/example_dags/example_outlet_event_extra.py
[2024-12-08T10:22:20.780-0800] {processor.py:925} INFO - DAG(s) 'dataset_with_extra_by_yield', 'dataset_with_extra_from_classic_operator', 'dataset_with_extra_by_context' retrieved from /Users/rishukhurana/anaconda3/lib/python3.11/site-packages/airflow/example_dags/example_outlet_event_extra.py
[2024-12-08T10:22:20.862-0800] {logging_mixin.py:190} INFO - [2024-12-08T10:22:20.861-0800] {dag.py:3239} INFO - Sync 3 DAGs
[2024-12-08T10:22:20.880-0800] {logging_mixin.py:190} INFO - [2024-12-08T10:22:20.879-0800] {dag.py:4180} INFO - Setting next_dagrun for dataset_with_extra_by_context to 2024-12-07 00:00:00+00:00, run_after=2024-12-08 00:00:00+00:00
[2024-12-08T10:22:20.883-0800] {logging_mixin.py:190} INFO - [2024-12-08T10:22:20.883-0800] {dag.py:4180} INFO - Setting next_dagrun for dataset_with_extra_by_yield to 2024-12-07 00:00:00+00:00, run_after=2024-12-08 00:00:00+00:00
[2024-12-08T10:22:20.885-0800] {logging_mixin.py:190} INFO - [2024-12-08T10:22:20.885-0800] {dag.py:4180} INFO - Setting next_dagrun for dataset_with_extra_from_classic_operator to 2024-12-07 00:00:00+00:00, run_after=2024-12-08 00:00:00+00:00
[2024-12-08T10:22:20.902-0800] {processor.py:208} INFO - Processing /Users/rishukhurana/anaconda3/lib/python3.11/site-packages/airflow/example_dags/example_outlet_event_extra.py took 1.123 seconds
