[2024-12-08T08:40:14.678-0800] {processor.py:186} INFO - Started process (PID=90895) to work on /Users/rishukhurana/.venv/lib/python3.11/site-packages/airflow/example_dags/example_skip_dag.py
[2024-12-08T08:40:14.679-0800] {processor.py:914} INFO - Processing file /Users/rishukhurana/.venv/lib/python3.11/site-packages/airflow/example_dags/example_skip_dag.py for tasks to queue
[2024-12-08T08:40:14.680-0800] {logging_mixin.py:190} INFO - [2024-12-08T08:40:14.680-0800] {dagbag.py:588} INFO - Filling up the DagBag from /Users/rishukhurana/.venv/lib/python3.11/site-packages/airflow/example_dags/example_skip_dag.py
[2024-12-08T08:40:14.690-0800] {processor.py:925} INFO - DAG(s) 'example_skip_dag' retrieved from /Users/rishukhurana/.venv/lib/python3.11/site-packages/airflow/example_dags/example_skip_dag.py
[2024-12-08T08:40:14.910-0800] {logging_mixin.py:190} INFO - [2024-12-08T08:40:14.909-0800] {override.py:1911} INFO - Created Permission View: can read on DAG:example_skip_dag
[2024-12-08T08:40:14.918-0800] {logging_mixin.py:190} INFO - [2024-12-08T08:40:14.918-0800] {override.py:1911} INFO - Created Permission View: can delete on DAG:example_skip_dag
[2024-12-08T08:40:14.923-0800] {logging_mixin.py:190} INFO - [2024-12-08T08:40:14.923-0800] {override.py:1911} INFO - Created Permission View: can edit on DAG:example_skip_dag
[2024-12-08T08:40:14.930-0800] {logging_mixin.py:190} INFO - [2024-12-08T08:40:14.930-0800] {override.py:1911} INFO - Created Permission View: menu access on DAG Run:example_skip_dag
[2024-12-08T08:40:14.936-0800] {logging_mixin.py:190} INFO - [2024-12-08T08:40:14.936-0800] {override.py:1911} INFO - Created Permission View: can read on DAG Run:example_skip_dag
[2024-12-08T08:40:14.942-0800] {logging_mixin.py:190} INFO - [2024-12-08T08:40:14.941-0800] {override.py:1911} INFO - Created Permission View: can delete on DAG Run:example_skip_dag
[2024-12-08T08:40:14.946-0800] {logging_mixin.py:190} INFO - [2024-12-08T08:40:14.946-0800] {override.py:1911} INFO - Created Permission View: can create on DAG Run:example_skip_dag
[2024-12-08T08:40:14.947-0800] {logging_mixin.py:190} INFO - [2024-12-08T08:40:14.947-0800] {dag.py:3239} INFO - Sync 1 DAGs
[2024-12-08T08:40:14.957-0800] {logging_mixin.py:190} INFO - [2024-12-08T08:40:14.956-0800] {dag.py:3262} INFO - Creating ORM DAG for example_skip_dag
[2024-12-08T08:40:14.964-0800] {logging_mixin.py:190} INFO - [2024-12-08T08:40:14.964-0800] {dag.py:4180} INFO - Setting next_dagrun for example_skip_dag to 2024-12-07 00:00:00+00:00, run_after=2024-12-08 00:00:00+00:00
[2024-12-08T08:40:14.979-0800] {processor.py:208} INFO - Processing /Users/rishukhurana/.venv/lib/python3.11/site-packages/airflow/example_dags/example_skip_dag.py took 0.308 seconds
[2024-12-08T08:55:07.445-0800] {processor.py:186} INFO - Started process (PID=91325) to work on /Users/rishukhurana/anaconda3/lib/python3.11/site-packages/airflow/example_dags/example_skip_dag.py
[2024-12-08T08:55:07.447-0800] {processor.py:914} INFO - Processing file /Users/rishukhurana/anaconda3/lib/python3.11/site-packages/airflow/example_dags/example_skip_dag.py for tasks to queue
[2024-12-08T08:55:07.449-0800] {logging_mixin.py:190} INFO - [2024-12-08T08:55:07.448-0800] {dagbag.py:588} INFO - Filling up the DagBag from /Users/rishukhurana/anaconda3/lib/python3.11/site-packages/airflow/example_dags/example_skip_dag.py
[2024-12-08T08:55:07.457-0800] {processor.py:925} INFO - DAG(s) 'example_skip_dag' retrieved from /Users/rishukhurana/anaconda3/lib/python3.11/site-packages/airflow/example_dags/example_skip_dag.py
[2024-12-08T08:55:07.629-0800] {logging_mixin.py:190} INFO - [2024-12-08T08:55:07.628-0800] {dag.py:3239} INFO - Sync 1 DAGs
[2024-12-08T08:55:07.643-0800] {logging_mixin.py:190} INFO - [2024-12-08T08:55:07.643-0800] {dag.py:4180} INFO - Setting next_dagrun for example_skip_dag to 2024-12-07 00:00:00+00:00, run_after=2024-12-08 00:00:00+00:00
[2024-12-08T08:55:07.662-0800] {processor.py:208} INFO - Processing /Users/rishukhurana/anaconda3/lib/python3.11/site-packages/airflow/example_dags/example_skip_dag.py took 0.222 seconds
[2024-12-08T08:58:46.873-0800] {processor.py:186} INFO - Started process (PID=91579) to work on /Users/rishukhurana/anaconda3/lib/python3.11/site-packages/airflow/example_dags/example_skip_dag.py
[2024-12-08T08:58:46.875-0800] {processor.py:914} INFO - Processing file /Users/rishukhurana/anaconda3/lib/python3.11/site-packages/airflow/example_dags/example_skip_dag.py for tasks to queue
[2024-12-08T08:58:46.876-0800] {logging_mixin.py:190} INFO - [2024-12-08T08:58:46.876-0800] {dagbag.py:588} INFO - Filling up the DagBag from /Users/rishukhurana/anaconda3/lib/python3.11/site-packages/airflow/example_dags/example_skip_dag.py
[2024-12-08T08:58:46.885-0800] {processor.py:925} INFO - DAG(s) 'example_skip_dag' retrieved from /Users/rishukhurana/anaconda3/lib/python3.11/site-packages/airflow/example_dags/example_skip_dag.py
[2024-12-08T08:58:46.988-0800] {logging_mixin.py:190} INFO - [2024-12-08T08:58:46.988-0800] {dag.py:3239} INFO - Sync 1 DAGs
[2024-12-08T08:58:47.006-0800] {logging_mixin.py:190} INFO - [2024-12-08T08:58:47.006-0800] {dag.py:4180} INFO - Setting next_dagrun for example_skip_dag to 2024-12-07 00:00:00+00:00, run_after=2024-12-08 00:00:00+00:00
[2024-12-08T08:58:47.023-0800] {processor.py:208} INFO - Processing /Users/rishukhurana/anaconda3/lib/python3.11/site-packages/airflow/example_dags/example_skip_dag.py took 0.155 seconds
[2024-12-08T09:01:52.128-0800] {processor.py:186} INFO - Started process (PID=91771) to work on /Users/rishukhurana/anaconda3/lib/python3.11/site-packages/airflow/example_dags/example_skip_dag.py
[2024-12-08T09:01:52.129-0800] {processor.py:914} INFO - Processing file /Users/rishukhurana/anaconda3/lib/python3.11/site-packages/airflow/example_dags/example_skip_dag.py for tasks to queue
[2024-12-08T09:01:52.130-0800] {logging_mixin.py:190} INFO - [2024-12-08T09:01:52.130-0800] {dagbag.py:588} INFO - Filling up the DagBag from /Users/rishukhurana/anaconda3/lib/python3.11/site-packages/airflow/example_dags/example_skip_dag.py
[2024-12-08T09:01:52.139-0800] {processor.py:925} INFO - DAG(s) 'example_skip_dag' retrieved from /Users/rishukhurana/anaconda3/lib/python3.11/site-packages/airflow/example_dags/example_skip_dag.py
[2024-12-08T09:01:52.227-0800] {logging_mixin.py:190} INFO - [2024-12-08T09:01:52.227-0800] {dag.py:3239} INFO - Sync 1 DAGs
[2024-12-08T09:01:52.244-0800] {logging_mixin.py:190} INFO - [2024-12-08T09:01:52.243-0800] {dag.py:4180} INFO - Setting next_dagrun for example_skip_dag to 2024-12-07 00:00:00+00:00, run_after=2024-12-08 00:00:00+00:00
[2024-12-08T09:01:52.259-0800] {processor.py:208} INFO - Processing /Users/rishukhurana/anaconda3/lib/python3.11/site-packages/airflow/example_dags/example_skip_dag.py took 0.137 seconds
[2024-12-08T09:04:47.083-0800] {processor.py:186} INFO - Started process (PID=91957) to work on /Users/rishukhurana/anaconda3/lib/python3.11/site-packages/airflow/example_dags/example_skip_dag.py
[2024-12-08T09:04:47.085-0800] {processor.py:914} INFO - Processing file /Users/rishukhurana/anaconda3/lib/python3.11/site-packages/airflow/example_dags/example_skip_dag.py for tasks to queue
[2024-12-08T09:04:47.087-0800] {logging_mixin.py:190} INFO - [2024-12-08T09:04:47.086-0800] {dagbag.py:588} INFO - Filling up the DagBag from /Users/rishukhurana/anaconda3/lib/python3.11/site-packages/airflow/example_dags/example_skip_dag.py
[2024-12-08T09:04:47.095-0800] {processor.py:925} INFO - DAG(s) 'example_skip_dag' retrieved from /Users/rishukhurana/anaconda3/lib/python3.11/site-packages/airflow/example_dags/example_skip_dag.py
[2024-12-08T09:04:47.185-0800] {logging_mixin.py:190} INFO - [2024-12-08T09:04:47.185-0800] {dag.py:3239} INFO - Sync 1 DAGs
[2024-12-08T09:04:47.205-0800] {logging_mixin.py:190} INFO - [2024-12-08T09:04:47.205-0800] {dag.py:4180} INFO - Setting next_dagrun for example_skip_dag to 2024-12-07 00:00:00+00:00, run_after=2024-12-08 00:00:00+00:00
[2024-12-08T09:04:47.226-0800] {processor.py:208} INFO - Processing /Users/rishukhurana/anaconda3/lib/python3.11/site-packages/airflow/example_dags/example_skip_dag.py took 0.150 seconds
[2024-12-08T09:07:37.956-0800] {processor.py:186} INFO - Started process (PID=92124) to work on /Users/rishukhurana/anaconda3/lib/python3.11/site-packages/airflow/example_dags/example_skip_dag.py
[2024-12-08T09:07:37.958-0800] {processor.py:914} INFO - Processing file /Users/rishukhurana/anaconda3/lib/python3.11/site-packages/airflow/example_dags/example_skip_dag.py for tasks to queue
[2024-12-08T09:07:37.959-0800] {logging_mixin.py:190} INFO - [2024-12-08T09:07:37.959-0800] {dagbag.py:588} INFO - Filling up the DagBag from /Users/rishukhurana/anaconda3/lib/python3.11/site-packages/airflow/example_dags/example_skip_dag.py
[2024-12-08T09:07:37.968-0800] {processor.py:925} INFO - DAG(s) 'example_skip_dag' retrieved from /Users/rishukhurana/anaconda3/lib/python3.11/site-packages/airflow/example_dags/example_skip_dag.py
[2024-12-08T09:07:38.050-0800] {logging_mixin.py:190} INFO - [2024-12-08T09:07:38.050-0800] {dag.py:3239} INFO - Sync 1 DAGs
[2024-12-08T09:07:38.065-0800] {logging_mixin.py:190} INFO - [2024-12-08T09:07:38.065-0800] {dag.py:4180} INFO - Setting next_dagrun for example_skip_dag to 2024-12-07 00:00:00+00:00, run_after=2024-12-08 00:00:00+00:00
[2024-12-08T09:07:38.086-0800] {processor.py:208} INFO - Processing /Users/rishukhurana/anaconda3/lib/python3.11/site-packages/airflow/example_dags/example_skip_dag.py took 0.137 seconds
[2024-12-08T09:10:32.840-0800] {processor.py:186} INFO - Started process (PID=92315) to work on /Users/rishukhurana/anaconda3/lib/python3.11/site-packages/airflow/example_dags/example_skip_dag.py
[2024-12-08T09:10:32.842-0800] {processor.py:914} INFO - Processing file /Users/rishukhurana/anaconda3/lib/python3.11/site-packages/airflow/example_dags/example_skip_dag.py for tasks to queue
[2024-12-08T09:10:32.844-0800] {logging_mixin.py:190} INFO - [2024-12-08T09:10:32.844-0800] {dagbag.py:588} INFO - Filling up the DagBag from /Users/rishukhurana/anaconda3/lib/python3.11/site-packages/airflow/example_dags/example_skip_dag.py
[2024-12-08T09:10:32.853-0800] {processor.py:925} INFO - DAG(s) 'example_skip_dag' retrieved from /Users/rishukhurana/anaconda3/lib/python3.11/site-packages/airflow/example_dags/example_skip_dag.py
[2024-12-08T09:10:32.953-0800] {logging_mixin.py:190} INFO - [2024-12-08T09:10:32.952-0800] {dag.py:3239} INFO - Sync 1 DAGs
[2024-12-08T09:10:32.971-0800] {logging_mixin.py:190} INFO - [2024-12-08T09:10:32.971-0800] {dag.py:4180} INFO - Setting next_dagrun for example_skip_dag to 2024-12-07 00:00:00+00:00, run_after=2024-12-08 00:00:00+00:00
[2024-12-08T09:10:32.991-0800] {processor.py:208} INFO - Processing /Users/rishukhurana/anaconda3/lib/python3.11/site-packages/airflow/example_dags/example_skip_dag.py took 0.155 seconds
[2024-12-08T09:13:27.099-0800] {processor.py:186} INFO - Started process (PID=92513) to work on /Users/rishukhurana/anaconda3/lib/python3.11/site-packages/airflow/example_dags/example_skip_dag.py
[2024-12-08T09:13:27.101-0800] {processor.py:914} INFO - Processing file /Users/rishukhurana/anaconda3/lib/python3.11/site-packages/airflow/example_dags/example_skip_dag.py for tasks to queue
[2024-12-08T09:13:27.102-0800] {logging_mixin.py:190} INFO - [2024-12-08T09:13:27.102-0800] {dagbag.py:588} INFO - Filling up the DagBag from /Users/rishukhurana/anaconda3/lib/python3.11/site-packages/airflow/example_dags/example_skip_dag.py
[2024-12-08T09:13:27.111-0800] {processor.py:925} INFO - DAG(s) 'example_skip_dag' retrieved from /Users/rishukhurana/anaconda3/lib/python3.11/site-packages/airflow/example_dags/example_skip_dag.py
[2024-12-08T09:13:27.195-0800] {logging_mixin.py:190} INFO - [2024-12-08T09:13:27.194-0800] {dag.py:3239} INFO - Sync 1 DAGs
[2024-12-08T09:13:27.209-0800] {logging_mixin.py:190} INFO - [2024-12-08T09:13:27.209-0800] {dag.py:4180} INFO - Setting next_dagrun for example_skip_dag to 2024-12-07 00:00:00+00:00, run_after=2024-12-08 00:00:00+00:00
[2024-12-08T09:13:27.232-0800] {processor.py:208} INFO - Processing /Users/rishukhurana/anaconda3/lib/python3.11/site-packages/airflow/example_dags/example_skip_dag.py took 0.138 seconds
[2024-12-08T09:16:16.761-0800] {processor.py:186} INFO - Started process (PID=92688) to work on /Users/rishukhurana/anaconda3/lib/python3.11/site-packages/airflow/example_dags/example_skip_dag.py
[2024-12-08T09:16:16.763-0800] {processor.py:914} INFO - Processing file /Users/rishukhurana/anaconda3/lib/python3.11/site-packages/airflow/example_dags/example_skip_dag.py for tasks to queue
[2024-12-08T09:16:16.765-0800] {logging_mixin.py:190} INFO - [2024-12-08T09:16:16.765-0800] {dagbag.py:588} INFO - Filling up the DagBag from /Users/rishukhurana/anaconda3/lib/python3.11/site-packages/airflow/example_dags/example_skip_dag.py
[2024-12-08T09:16:16.773-0800] {processor.py:925} INFO - DAG(s) 'example_skip_dag' retrieved from /Users/rishukhurana/anaconda3/lib/python3.11/site-packages/airflow/example_dags/example_skip_dag.py
[2024-12-08T09:16:16.854-0800] {logging_mixin.py:190} INFO - [2024-12-08T09:16:16.854-0800] {dag.py:3239} INFO - Sync 1 DAGs
[2024-12-08T09:16:16.870-0800] {logging_mixin.py:190} INFO - [2024-12-08T09:16:16.869-0800] {dag.py:4180} INFO - Setting next_dagrun for example_skip_dag to 2024-12-07 00:00:00+00:00, run_after=2024-12-08 00:00:00+00:00
[2024-12-08T09:16:16.885-0800] {processor.py:208} INFO - Processing /Users/rishukhurana/anaconda3/lib/python3.11/site-packages/airflow/example_dags/example_skip_dag.py took 0.130 seconds
[2024-12-08T09:19:00.544-0800] {processor.py:186} INFO - Started process (PID=92854) to work on /Users/rishukhurana/anaconda3/lib/python3.11/site-packages/airflow/example_dags/example_skip_dag.py
[2024-12-08T09:19:00.546-0800] {processor.py:914} INFO - Processing file /Users/rishukhurana/anaconda3/lib/python3.11/site-packages/airflow/example_dags/example_skip_dag.py for tasks to queue
[2024-12-08T09:19:00.547-0800] {logging_mixin.py:190} INFO - [2024-12-08T09:19:00.547-0800] {dagbag.py:588} INFO - Filling up the DagBag from /Users/rishukhurana/anaconda3/lib/python3.11/site-packages/airflow/example_dags/example_skip_dag.py
[2024-12-08T09:19:00.554-0800] {processor.py:925} INFO - DAG(s) 'example_skip_dag' retrieved from /Users/rishukhurana/anaconda3/lib/python3.11/site-packages/airflow/example_dags/example_skip_dag.py
[2024-12-08T09:19:00.644-0800] {logging_mixin.py:190} INFO - [2024-12-08T09:19:00.644-0800] {dag.py:3239} INFO - Sync 1 DAGs
[2024-12-08T09:19:00.662-0800] {logging_mixin.py:190} INFO - [2024-12-08T09:19:00.661-0800] {dag.py:4180} INFO - Setting next_dagrun for example_skip_dag to 2024-12-07 00:00:00+00:00, run_after=2024-12-08 00:00:00+00:00
[2024-12-08T09:19:00.677-0800] {processor.py:208} INFO - Processing /Users/rishukhurana/anaconda3/lib/python3.11/site-packages/airflow/example_dags/example_skip_dag.py took 0.138 seconds
[2024-12-08T09:21:47.529-0800] {processor.py:186} INFO - Started process (PID=93041) to work on /Users/rishukhurana/anaconda3/lib/python3.11/site-packages/airflow/example_dags/example_skip_dag.py
[2024-12-08T09:21:47.532-0800] {processor.py:914} INFO - Processing file /Users/rishukhurana/anaconda3/lib/python3.11/site-packages/airflow/example_dags/example_skip_dag.py for tasks to queue
[2024-12-08T09:21:47.533-0800] {logging_mixin.py:190} INFO - [2024-12-08T09:21:47.533-0800] {dagbag.py:588} INFO - Filling up the DagBag from /Users/rishukhurana/anaconda3/lib/python3.11/site-packages/airflow/example_dags/example_skip_dag.py
[2024-12-08T09:21:47.542-0800] {processor.py:925} INFO - DAG(s) 'example_skip_dag' retrieved from /Users/rishukhurana/anaconda3/lib/python3.11/site-packages/airflow/example_dags/example_skip_dag.py
[2024-12-08T09:21:47.630-0800] {logging_mixin.py:190} INFO - [2024-12-08T09:21:47.630-0800] {dag.py:3239} INFO - Sync 1 DAGs
[2024-12-08T09:21:47.647-0800] {logging_mixin.py:190} INFO - [2024-12-08T09:21:47.647-0800] {dag.py:4180} INFO - Setting next_dagrun for example_skip_dag to 2024-12-07 00:00:00+00:00, run_after=2024-12-08 00:00:00+00:00
[2024-12-08T09:21:47.669-0800] {processor.py:208} INFO - Processing /Users/rishukhurana/anaconda3/lib/python3.11/site-packages/airflow/example_dags/example_skip_dag.py took 0.145 seconds
[2024-12-08T09:24:36.200-0800] {processor.py:186} INFO - Started process (PID=93224) to work on /Users/rishukhurana/anaconda3/lib/python3.11/site-packages/airflow/example_dags/example_skip_dag.py
[2024-12-08T09:24:36.202-0800] {processor.py:914} INFO - Processing file /Users/rishukhurana/anaconda3/lib/python3.11/site-packages/airflow/example_dags/example_skip_dag.py for tasks to queue
[2024-12-08T09:24:36.204-0800] {logging_mixin.py:190} INFO - [2024-12-08T09:24:36.204-0800] {dagbag.py:588} INFO - Filling up the DagBag from /Users/rishukhurana/anaconda3/lib/python3.11/site-packages/airflow/example_dags/example_skip_dag.py
[2024-12-08T09:24:36.211-0800] {processor.py:925} INFO - DAG(s) 'example_skip_dag' retrieved from /Users/rishukhurana/anaconda3/lib/python3.11/site-packages/airflow/example_dags/example_skip_dag.py
[2024-12-08T09:24:36.292-0800] {logging_mixin.py:190} INFO - [2024-12-08T09:24:36.291-0800] {dag.py:3239} INFO - Sync 1 DAGs
[2024-12-08T09:24:36.306-0800] {logging_mixin.py:190} INFO - [2024-12-08T09:24:36.306-0800] {dag.py:4180} INFO - Setting next_dagrun for example_skip_dag to 2024-12-07 00:00:00+00:00, run_after=2024-12-08 00:00:00+00:00
[2024-12-08T09:24:36.324-0800] {processor.py:208} INFO - Processing /Users/rishukhurana/anaconda3/lib/python3.11/site-packages/airflow/example_dags/example_skip_dag.py took 0.130 seconds
[2024-12-08T09:27:19.408-0800] {processor.py:186} INFO - Started process (PID=93409) to work on /Users/rishukhurana/anaconda3/lib/python3.11/site-packages/airflow/example_dags/example_skip_dag.py
[2024-12-08T09:27:19.410-0800] {processor.py:914} INFO - Processing file /Users/rishukhurana/anaconda3/lib/python3.11/site-packages/airflow/example_dags/example_skip_dag.py for tasks to queue
[2024-12-08T09:27:19.411-0800] {logging_mixin.py:190} INFO - [2024-12-08T09:27:19.411-0800] {dagbag.py:588} INFO - Filling up the DagBag from /Users/rishukhurana/anaconda3/lib/python3.11/site-packages/airflow/example_dags/example_skip_dag.py
[2024-12-08T09:27:19.419-0800] {processor.py:925} INFO - DAG(s) 'example_skip_dag' retrieved from /Users/rishukhurana/anaconda3/lib/python3.11/site-packages/airflow/example_dags/example_skip_dag.py
[2024-12-08T09:27:19.500-0800] {logging_mixin.py:190} INFO - [2024-12-08T09:27:19.500-0800] {dag.py:3239} INFO - Sync 1 DAGs
[2024-12-08T09:27:19.517-0800] {logging_mixin.py:190} INFO - [2024-12-08T09:27:19.516-0800] {dag.py:4180} INFO - Setting next_dagrun for example_skip_dag to 2024-12-07 00:00:00+00:00, run_after=2024-12-08 00:00:00+00:00
[2024-12-08T09:27:19.532-0800] {processor.py:208} INFO - Processing /Users/rishukhurana/anaconda3/lib/python3.11/site-packages/airflow/example_dags/example_skip_dag.py took 0.131 seconds
[2024-12-08T09:30:01.726-0800] {processor.py:186} INFO - Started process (PID=93575) to work on /Users/rishukhurana/anaconda3/lib/python3.11/site-packages/airflow/example_dags/example_skip_dag.py
[2024-12-08T09:30:01.728-0800] {processor.py:914} INFO - Processing file /Users/rishukhurana/anaconda3/lib/python3.11/site-packages/airflow/example_dags/example_skip_dag.py for tasks to queue
[2024-12-08T09:30:01.730-0800] {logging_mixin.py:190} INFO - [2024-12-08T09:30:01.729-0800] {dagbag.py:588} INFO - Filling up the DagBag from /Users/rishukhurana/anaconda3/lib/python3.11/site-packages/airflow/example_dags/example_skip_dag.py
[2024-12-08T09:30:01.738-0800] {processor.py:925} INFO - DAG(s) 'example_skip_dag' retrieved from /Users/rishukhurana/anaconda3/lib/python3.11/site-packages/airflow/example_dags/example_skip_dag.py
[2024-12-08T09:30:01.829-0800] {logging_mixin.py:190} INFO - [2024-12-08T09:30:01.829-0800] {dag.py:3239} INFO - Sync 1 DAGs
[2024-12-08T09:30:01.845-0800] {logging_mixin.py:190} INFO - [2024-12-08T09:30:01.845-0800] {dag.py:4180} INFO - Setting next_dagrun for example_skip_dag to 2024-12-07 00:00:00+00:00, run_after=2024-12-08 00:00:00+00:00
[2024-12-08T09:30:01.861-0800] {processor.py:208} INFO - Processing /Users/rishukhurana/anaconda3/lib/python3.11/site-packages/airflow/example_dags/example_skip_dag.py took 0.141 seconds
[2024-12-08T09:32:45.715-0800] {processor.py:186} INFO - Started process (PID=93745) to work on /Users/rishukhurana/anaconda3/lib/python3.11/site-packages/airflow/example_dags/example_skip_dag.py
[2024-12-08T09:32:45.717-0800] {processor.py:914} INFO - Processing file /Users/rishukhurana/anaconda3/lib/python3.11/site-packages/airflow/example_dags/example_skip_dag.py for tasks to queue
[2024-12-08T09:32:45.718-0800] {logging_mixin.py:190} INFO - [2024-12-08T09:32:45.718-0800] {dagbag.py:588} INFO - Filling up the DagBag from /Users/rishukhurana/anaconda3/lib/python3.11/site-packages/airflow/example_dags/example_skip_dag.py
[2024-12-08T09:32:45.726-0800] {processor.py:925} INFO - DAG(s) 'example_skip_dag' retrieved from /Users/rishukhurana/anaconda3/lib/python3.11/site-packages/airflow/example_dags/example_skip_dag.py
[2024-12-08T09:32:45.817-0800] {logging_mixin.py:190} INFO - [2024-12-08T09:32:45.817-0800] {dag.py:3239} INFO - Sync 1 DAGs
[2024-12-08T09:32:45.834-0800] {logging_mixin.py:190} INFO - [2024-12-08T09:32:45.833-0800] {dag.py:4180} INFO - Setting next_dagrun for example_skip_dag to 2024-12-07 00:00:00+00:00, run_after=2024-12-08 00:00:00+00:00
[2024-12-08T09:32:45.860-0800] {processor.py:208} INFO - Processing /Users/rishukhurana/anaconda3/lib/python3.11/site-packages/airflow/example_dags/example_skip_dag.py took 0.150 seconds
[2024-12-08T09:35:38.284-0800] {processor.py:186} INFO - Started process (PID=93931) to work on /Users/rishukhurana/anaconda3/lib/python3.11/site-packages/airflow/example_dags/example_skip_dag.py
[2024-12-08T09:35:38.286-0800] {processor.py:914} INFO - Processing file /Users/rishukhurana/anaconda3/lib/python3.11/site-packages/airflow/example_dags/example_skip_dag.py for tasks to queue
[2024-12-08T09:35:38.287-0800] {logging_mixin.py:190} INFO - [2024-12-08T09:35:38.286-0800] {dagbag.py:588} INFO - Filling up the DagBag from /Users/rishukhurana/anaconda3/lib/python3.11/site-packages/airflow/example_dags/example_skip_dag.py
[2024-12-08T09:35:38.294-0800] {processor.py:925} INFO - DAG(s) 'example_skip_dag' retrieved from /Users/rishukhurana/anaconda3/lib/python3.11/site-packages/airflow/example_dags/example_skip_dag.py
[2024-12-08T09:35:38.391-0800] {logging_mixin.py:190} INFO - [2024-12-08T09:35:38.390-0800] {dag.py:3239} INFO - Sync 1 DAGs
[2024-12-08T09:35:38.408-0800] {logging_mixin.py:190} INFO - [2024-12-08T09:35:38.408-0800] {dag.py:4180} INFO - Setting next_dagrun for example_skip_dag to 2024-12-07 00:00:00+00:00, run_after=2024-12-08 00:00:00+00:00
[2024-12-08T09:35:38.424-0800] {processor.py:208} INFO - Processing /Users/rishukhurana/anaconda3/lib/python3.11/site-packages/airflow/example_dags/example_skip_dag.py took 0.145 seconds
[2024-12-08T09:39:14.152-0800] {processor.py:186} INFO - Started process (PID=94139) to work on /Users/rishukhurana/anaconda3/lib/python3.11/site-packages/airflow/example_dags/example_skip_dag.py
[2024-12-08T09:39:14.154-0800] {processor.py:914} INFO - Processing file /Users/rishukhurana/anaconda3/lib/python3.11/site-packages/airflow/example_dags/example_skip_dag.py for tasks to queue
[2024-12-08T09:39:14.155-0800] {logging_mixin.py:190} INFO - [2024-12-08T09:39:14.155-0800] {dagbag.py:588} INFO - Filling up the DagBag from /Users/rishukhurana/anaconda3/lib/python3.11/site-packages/airflow/example_dags/example_skip_dag.py
[2024-12-08T09:39:14.164-0800] {processor.py:925} INFO - DAG(s) 'example_skip_dag' retrieved from /Users/rishukhurana/anaconda3/lib/python3.11/site-packages/airflow/example_dags/example_skip_dag.py
[2024-12-08T09:39:14.268-0800] {logging_mixin.py:190} INFO - [2024-12-08T09:39:14.268-0800] {dag.py:3239} INFO - Sync 1 DAGs
[2024-12-08T09:39:14.288-0800] {logging_mixin.py:190} INFO - [2024-12-08T09:39:14.287-0800] {dag.py:4180} INFO - Setting next_dagrun for example_skip_dag to 2024-12-07 00:00:00+00:00, run_after=2024-12-08 00:00:00+00:00
[2024-12-08T09:39:14.305-0800] {processor.py:208} INFO - Processing /Users/rishukhurana/anaconda3/lib/python3.11/site-packages/airflow/example_dags/example_skip_dag.py took 0.158 seconds
[2024-12-08T09:41:59.268-0800] {processor.py:186} INFO - Started process (PID=94307) to work on /Users/rishukhurana/anaconda3/lib/python3.11/site-packages/airflow/example_dags/example_skip_dag.py
[2024-12-08T09:41:59.271-0800] {processor.py:914} INFO - Processing file /Users/rishukhurana/anaconda3/lib/python3.11/site-packages/airflow/example_dags/example_skip_dag.py for tasks to queue
[2024-12-08T09:41:59.272-0800] {logging_mixin.py:190} INFO - [2024-12-08T09:41:59.272-0800] {dagbag.py:588} INFO - Filling up the DagBag from /Users/rishukhurana/anaconda3/lib/python3.11/site-packages/airflow/example_dags/example_skip_dag.py
[2024-12-08T09:41:59.280-0800] {processor.py:925} INFO - DAG(s) 'example_skip_dag' retrieved from /Users/rishukhurana/anaconda3/lib/python3.11/site-packages/airflow/example_dags/example_skip_dag.py
[2024-12-08T09:41:59.361-0800] {logging_mixin.py:190} INFO - [2024-12-08T09:41:59.361-0800] {dag.py:3239} INFO - Sync 1 DAGs
[2024-12-08T09:41:59.377-0800] {logging_mixin.py:190} INFO - [2024-12-08T09:41:59.377-0800] {dag.py:4180} INFO - Setting next_dagrun for example_skip_dag to 2024-12-07 00:00:00+00:00, run_after=2024-12-08 00:00:00+00:00
[2024-12-08T09:41:59.393-0800] {processor.py:208} INFO - Processing /Users/rishukhurana/anaconda3/lib/python3.11/site-packages/airflow/example_dags/example_skip_dag.py took 0.130 seconds
[2024-12-08T09:44:43.289-0800] {processor.py:186} INFO - Started process (PID=94475) to work on /Users/rishukhurana/anaconda3/lib/python3.11/site-packages/airflow/example_dags/example_skip_dag.py
[2024-12-08T09:44:43.291-0800] {processor.py:914} INFO - Processing file /Users/rishukhurana/anaconda3/lib/python3.11/site-packages/airflow/example_dags/example_skip_dag.py for tasks to queue
[2024-12-08T09:44:43.292-0800] {logging_mixin.py:190} INFO - [2024-12-08T09:44:43.292-0800] {dagbag.py:588} INFO - Filling up the DagBag from /Users/rishukhurana/anaconda3/lib/python3.11/site-packages/airflow/example_dags/example_skip_dag.py
[2024-12-08T09:44:43.299-0800] {processor.py:925} INFO - DAG(s) 'example_skip_dag' retrieved from /Users/rishukhurana/anaconda3/lib/python3.11/site-packages/airflow/example_dags/example_skip_dag.py
[2024-12-08T09:44:43.380-0800] {logging_mixin.py:190} INFO - [2024-12-08T09:44:43.380-0800] {dag.py:3239} INFO - Sync 1 DAGs
[2024-12-08T09:44:43.395-0800] {logging_mixin.py:190} INFO - [2024-12-08T09:44:43.395-0800] {dag.py:4180} INFO - Setting next_dagrun for example_skip_dag to 2024-12-07 00:00:00+00:00, run_after=2024-12-08 00:00:00+00:00
[2024-12-08T09:44:43.412-0800] {processor.py:208} INFO - Processing /Users/rishukhurana/anaconda3/lib/python3.11/site-packages/airflow/example_dags/example_skip_dag.py took 0.128 seconds
[2024-12-08T09:47:27.746-0800] {processor.py:186} INFO - Started process (PID=94645) to work on /Users/rishukhurana/anaconda3/lib/python3.11/site-packages/airflow/example_dags/example_skip_dag.py
[2024-12-08T09:47:27.749-0800] {processor.py:914} INFO - Processing file /Users/rishukhurana/anaconda3/lib/python3.11/site-packages/airflow/example_dags/example_skip_dag.py for tasks to queue
[2024-12-08T09:47:27.751-0800] {logging_mixin.py:190} INFO - [2024-12-08T09:47:27.750-0800] {dagbag.py:588} INFO - Filling up the DagBag from /Users/rishukhurana/anaconda3/lib/python3.11/site-packages/airflow/example_dags/example_skip_dag.py
[2024-12-08T09:47:27.759-0800] {processor.py:925} INFO - DAG(s) 'example_skip_dag' retrieved from /Users/rishukhurana/anaconda3/lib/python3.11/site-packages/airflow/example_dags/example_skip_dag.py
[2024-12-08T09:47:27.841-0800] {logging_mixin.py:190} INFO - [2024-12-08T09:47:27.841-0800] {dag.py:3239} INFO - Sync 1 DAGs
[2024-12-08T09:47:27.858-0800] {logging_mixin.py:190} INFO - [2024-12-08T09:47:27.857-0800] {dag.py:4180} INFO - Setting next_dagrun for example_skip_dag to 2024-12-07 00:00:00+00:00, run_after=2024-12-08 00:00:00+00:00
[2024-12-08T09:47:27.879-0800] {processor.py:208} INFO - Processing /Users/rishukhurana/anaconda3/lib/python3.11/site-packages/airflow/example_dags/example_skip_dag.py took 0.139 seconds
[2024-12-08T09:50:12.202-0800] {processor.py:186} INFO - Started process (PID=94811) to work on /Users/rishukhurana/anaconda3/lib/python3.11/site-packages/airflow/example_dags/example_skip_dag.py
[2024-12-08T09:50:12.204-0800] {processor.py:914} INFO - Processing file /Users/rishukhurana/anaconda3/lib/python3.11/site-packages/airflow/example_dags/example_skip_dag.py for tasks to queue
[2024-12-08T09:50:12.206-0800] {logging_mixin.py:190} INFO - [2024-12-08T09:50:12.206-0800] {dagbag.py:588} INFO - Filling up the DagBag from /Users/rishukhurana/anaconda3/lib/python3.11/site-packages/airflow/example_dags/example_skip_dag.py
[2024-12-08T09:50:12.214-0800] {processor.py:925} INFO - DAG(s) 'example_skip_dag' retrieved from /Users/rishukhurana/anaconda3/lib/python3.11/site-packages/airflow/example_dags/example_skip_dag.py
[2024-12-08T09:50:12.297-0800] {logging_mixin.py:190} INFO - [2024-12-08T09:50:12.297-0800] {dag.py:3239} INFO - Sync 1 DAGs
[2024-12-08T09:50:12.313-0800] {logging_mixin.py:190} INFO - [2024-12-08T09:50:12.313-0800] {dag.py:4180} INFO - Setting next_dagrun for example_skip_dag to 2024-12-07 00:00:00+00:00, run_after=2024-12-08 00:00:00+00:00
[2024-12-08T09:50:12.329-0800] {processor.py:208} INFO - Processing /Users/rishukhurana/anaconda3/lib/python3.11/site-packages/airflow/example_dags/example_skip_dag.py took 0.133 seconds
[2024-12-08T09:52:57.739-0800] {processor.py:186} INFO - Started process (PID=94978) to work on /Users/rishukhurana/anaconda3/lib/python3.11/site-packages/airflow/example_dags/example_skip_dag.py
[2024-12-08T09:52:57.741-0800] {processor.py:914} INFO - Processing file /Users/rishukhurana/anaconda3/lib/python3.11/site-packages/airflow/example_dags/example_skip_dag.py for tasks to queue
[2024-12-08T09:52:57.743-0800] {logging_mixin.py:190} INFO - [2024-12-08T09:52:57.742-0800] {dagbag.py:588} INFO - Filling up the DagBag from /Users/rishukhurana/anaconda3/lib/python3.11/site-packages/airflow/example_dags/example_skip_dag.py
[2024-12-08T09:52:57.752-0800] {processor.py:925} INFO - DAG(s) 'example_skip_dag' retrieved from /Users/rishukhurana/anaconda3/lib/python3.11/site-packages/airflow/example_dags/example_skip_dag.py
[2024-12-08T09:52:57.838-0800] {logging_mixin.py:190} INFO - [2024-12-08T09:52:57.838-0800] {dag.py:3239} INFO - Sync 1 DAGs
[2024-12-08T09:52:57.853-0800] {logging_mixin.py:190} INFO - [2024-12-08T09:52:57.853-0800] {dag.py:4180} INFO - Setting next_dagrun for example_skip_dag to 2024-12-07 00:00:00+00:00, run_after=2024-12-08 00:00:00+00:00
[2024-12-08T09:52:57.871-0800] {processor.py:208} INFO - Processing /Users/rishukhurana/anaconda3/lib/python3.11/site-packages/airflow/example_dags/example_skip_dag.py took 0.138 seconds
[2024-12-08T09:55:40.904-0800] {processor.py:186} INFO - Started process (PID=95144) to work on /Users/rishukhurana/anaconda3/lib/python3.11/site-packages/airflow/example_dags/example_skip_dag.py
[2024-12-08T09:55:40.905-0800] {processor.py:914} INFO - Processing file /Users/rishukhurana/anaconda3/lib/python3.11/site-packages/airflow/example_dags/example_skip_dag.py for tasks to queue
[2024-12-08T09:55:40.906-0800] {logging_mixin.py:190} INFO - [2024-12-08T09:55:40.906-0800] {dagbag.py:588} INFO - Filling up the DagBag from /Users/rishukhurana/anaconda3/lib/python3.11/site-packages/airflow/example_dags/example_skip_dag.py
[2024-12-08T09:55:40.913-0800] {processor.py:925} INFO - DAG(s) 'example_skip_dag' retrieved from /Users/rishukhurana/anaconda3/lib/python3.11/site-packages/airflow/example_dags/example_skip_dag.py
[2024-12-08T09:55:40.994-0800] {logging_mixin.py:190} INFO - [2024-12-08T09:55:40.994-0800] {dag.py:3239} INFO - Sync 1 DAGs
[2024-12-08T09:55:41.009-0800] {logging_mixin.py:190} INFO - [2024-12-08T09:55:41.008-0800] {dag.py:4180} INFO - Setting next_dagrun for example_skip_dag to 2024-12-07 00:00:00+00:00, run_after=2024-12-08 00:00:00+00:00
[2024-12-08T09:55:41.029-0800] {processor.py:208} INFO - Processing /Users/rishukhurana/anaconda3/lib/python3.11/site-packages/airflow/example_dags/example_skip_dag.py took 0.131 seconds
[2024-12-08T09:58:22.412-0800] {processor.py:186} INFO - Started process (PID=95308) to work on /Users/rishukhurana/anaconda3/lib/python3.11/site-packages/airflow/example_dags/example_skip_dag.py
[2024-12-08T09:58:22.415-0800] {processor.py:914} INFO - Processing file /Users/rishukhurana/anaconda3/lib/python3.11/site-packages/airflow/example_dags/example_skip_dag.py for tasks to queue
[2024-12-08T09:58:22.416-0800] {logging_mixin.py:190} INFO - [2024-12-08T09:58:22.416-0800] {dagbag.py:588} INFO - Filling up the DagBag from /Users/rishukhurana/anaconda3/lib/python3.11/site-packages/airflow/example_dags/example_skip_dag.py
[2024-12-08T09:58:22.423-0800] {processor.py:925} INFO - DAG(s) 'example_skip_dag' retrieved from /Users/rishukhurana/anaconda3/lib/python3.11/site-packages/airflow/example_dags/example_skip_dag.py
[2024-12-08T09:58:22.506-0800] {logging_mixin.py:190} INFO - [2024-12-08T09:58:22.506-0800] {dag.py:3239} INFO - Sync 1 DAGs
[2024-12-08T09:58:22.521-0800] {logging_mixin.py:190} INFO - [2024-12-08T09:58:22.521-0800] {dag.py:4180} INFO - Setting next_dagrun for example_skip_dag to 2024-12-07 00:00:00+00:00, run_after=2024-12-08 00:00:00+00:00
[2024-12-08T09:58:22.536-0800] {processor.py:208} INFO - Processing /Users/rishukhurana/anaconda3/lib/python3.11/site-packages/airflow/example_dags/example_skip_dag.py took 0.130 seconds
[2024-12-08T10:01:05.536-0800] {processor.py:186} INFO - Started process (PID=95487) to work on /Users/rishukhurana/anaconda3/lib/python3.11/site-packages/airflow/example_dags/example_skip_dag.py
[2024-12-08T10:01:05.538-0800] {processor.py:914} INFO - Processing file /Users/rishukhurana/anaconda3/lib/python3.11/site-packages/airflow/example_dags/example_skip_dag.py for tasks to queue
[2024-12-08T10:01:05.539-0800] {logging_mixin.py:190} INFO - [2024-12-08T10:01:05.539-0800] {dagbag.py:588} INFO - Filling up the DagBag from /Users/rishukhurana/anaconda3/lib/python3.11/site-packages/airflow/example_dags/example_skip_dag.py
[2024-12-08T10:01:05.548-0800] {processor.py:925} INFO - DAG(s) 'example_skip_dag' retrieved from /Users/rishukhurana/anaconda3/lib/python3.11/site-packages/airflow/example_dags/example_skip_dag.py
[2024-12-08T10:01:05.628-0800] {logging_mixin.py:190} INFO - [2024-12-08T10:01:05.628-0800] {dag.py:3239} INFO - Sync 1 DAGs
[2024-12-08T10:01:05.645-0800] {logging_mixin.py:190} INFO - [2024-12-08T10:01:05.645-0800] {dag.py:4180} INFO - Setting next_dagrun for example_skip_dag to 2024-12-07 00:00:00+00:00, run_after=2024-12-08 00:00:00+00:00
[2024-12-08T10:01:05.660-0800] {processor.py:208} INFO - Processing /Users/rishukhurana/anaconda3/lib/python3.11/site-packages/airflow/example_dags/example_skip_dag.py took 0.131 seconds
[2024-12-08T10:03:49.245-0800] {processor.py:186} INFO - Started process (PID=95662) to work on /Users/rishukhurana/anaconda3/lib/python3.11/site-packages/airflow/example_dags/example_skip_dag.py
[2024-12-08T10:03:49.247-0800] {processor.py:914} INFO - Processing file /Users/rishukhurana/anaconda3/lib/python3.11/site-packages/airflow/example_dags/example_skip_dag.py for tasks to queue
[2024-12-08T10:03:49.249-0800] {logging_mixin.py:190} INFO - [2024-12-08T10:03:49.249-0800] {dagbag.py:588} INFO - Filling up the DagBag from /Users/rishukhurana/anaconda3/lib/python3.11/site-packages/airflow/example_dags/example_skip_dag.py
[2024-12-08T10:03:49.257-0800] {processor.py:925} INFO - DAG(s) 'example_skip_dag' retrieved from /Users/rishukhurana/anaconda3/lib/python3.11/site-packages/airflow/example_dags/example_skip_dag.py
[2024-12-08T10:03:49.338-0800] {logging_mixin.py:190} INFO - [2024-12-08T10:03:49.338-0800] {dag.py:3239} INFO - Sync 1 DAGs
[2024-12-08T10:03:49.355-0800] {logging_mixin.py:190} INFO - [2024-12-08T10:03:49.355-0800] {dag.py:4180} INFO - Setting next_dagrun for example_skip_dag to 2024-12-07 00:00:00+00:00, run_after=2024-12-08 00:00:00+00:00
[2024-12-08T10:03:49.371-0800] {processor.py:208} INFO - Processing /Users/rishukhurana/anaconda3/lib/python3.11/site-packages/airflow/example_dags/example_skip_dag.py took 0.133 seconds
[2024-12-08T10:06:37.843-0800] {processor.py:186} INFO - Started process (PID=95841) to work on /Users/rishukhurana/anaconda3/lib/python3.11/site-packages/airflow/example_dags/example_skip_dag.py
[2024-12-08T10:06:37.847-0800] {processor.py:914} INFO - Processing file /Users/rishukhurana/anaconda3/lib/python3.11/site-packages/airflow/example_dags/example_skip_dag.py for tasks to queue
[2024-12-08T10:06:37.849-0800] {logging_mixin.py:190} INFO - [2024-12-08T10:06:37.849-0800] {dagbag.py:588} INFO - Filling up the DagBag from /Users/rishukhurana/anaconda3/lib/python3.11/site-packages/airflow/example_dags/example_skip_dag.py
[2024-12-08T10:06:37.865-0800] {processor.py:925} INFO - DAG(s) 'example_skip_dag' retrieved from /Users/rishukhurana/anaconda3/lib/python3.11/site-packages/airflow/example_dags/example_skip_dag.py
[2024-12-08T10:06:38.068-0800] {logging_mixin.py:190} INFO - [2024-12-08T10:06:38.068-0800] {dag.py:3239} INFO - Sync 1 DAGs
[2024-12-08T10:06:38.105-0800] {logging_mixin.py:190} INFO - [2024-12-08T10:06:38.105-0800] {dag.py:4180} INFO - Setting next_dagrun for example_skip_dag to 2024-12-07 00:00:00+00:00, run_after=2024-12-08 00:00:00+00:00
[2024-12-08T10:06:38.126-0800] {processor.py:208} INFO - Processing /Users/rishukhurana/anaconda3/lib/python3.11/site-packages/airflow/example_dags/example_skip_dag.py took 0.290 seconds
[2024-12-08T10:09:33.373-0800] {processor.py:186} INFO - Started process (PID=96020) to work on /Users/rishukhurana/anaconda3/lib/python3.11/site-packages/airflow/example_dags/example_skip_dag.py
[2024-12-08T10:09:33.375-0800] {processor.py:914} INFO - Processing file /Users/rishukhurana/anaconda3/lib/python3.11/site-packages/airflow/example_dags/example_skip_dag.py for tasks to queue
[2024-12-08T10:09:33.377-0800] {logging_mixin.py:190} INFO - [2024-12-08T10:09:33.377-0800] {dagbag.py:588} INFO - Filling up the DagBag from /Users/rishukhurana/anaconda3/lib/python3.11/site-packages/airflow/example_dags/example_skip_dag.py
[2024-12-08T10:09:33.384-0800] {processor.py:925} INFO - DAG(s) 'example_skip_dag' retrieved from /Users/rishukhurana/anaconda3/lib/python3.11/site-packages/airflow/example_dags/example_skip_dag.py
[2024-12-08T10:09:33.475-0800] {logging_mixin.py:190} INFO - [2024-12-08T10:09:33.474-0800] {dag.py:3239} INFO - Sync 1 DAGs
[2024-12-08T10:09:33.492-0800] {logging_mixin.py:190} INFO - [2024-12-08T10:09:33.492-0800] {dag.py:4180} INFO - Setting next_dagrun for example_skip_dag to 2024-12-07 00:00:00+00:00, run_after=2024-12-08 00:00:00+00:00
[2024-12-08T10:09:33.509-0800] {processor.py:208} INFO - Processing /Users/rishukhurana/anaconda3/lib/python3.11/site-packages/airflow/example_dags/example_skip_dag.py took 0.140 seconds
[2024-12-08T10:12:22.662-0800] {processor.py:186} INFO - Started process (PID=96191) to work on /Users/rishukhurana/anaconda3/lib/python3.11/site-packages/airflow/example_dags/example_skip_dag.py
[2024-12-08T10:12:22.664-0800] {processor.py:914} INFO - Processing file /Users/rishukhurana/anaconda3/lib/python3.11/site-packages/airflow/example_dags/example_skip_dag.py for tasks to queue
[2024-12-08T10:12:22.665-0800] {logging_mixin.py:190} INFO - [2024-12-08T10:12:22.665-0800] {dagbag.py:588} INFO - Filling up the DagBag from /Users/rishukhurana/anaconda3/lib/python3.11/site-packages/airflow/example_dags/example_skip_dag.py
[2024-12-08T10:12:22.673-0800] {processor.py:925} INFO - DAG(s) 'example_skip_dag' retrieved from /Users/rishukhurana/anaconda3/lib/python3.11/site-packages/airflow/example_dags/example_skip_dag.py
[2024-12-08T10:12:22.766-0800] {logging_mixin.py:190} INFO - [2024-12-08T10:12:22.765-0800] {dag.py:3239} INFO - Sync 1 DAGs
[2024-12-08T10:12:22.782-0800] {logging_mixin.py:190} INFO - [2024-12-08T10:12:22.782-0800] {dag.py:4180} INFO - Setting next_dagrun for example_skip_dag to 2024-12-07 00:00:00+00:00, run_after=2024-12-08 00:00:00+00:00
[2024-12-08T10:12:22.800-0800] {processor.py:208} INFO - Processing /Users/rishukhurana/anaconda3/lib/python3.11/site-packages/airflow/example_dags/example_skip_dag.py took 0.144 seconds
[2024-12-08T10:15:15.335-0800] {processor.py:186} INFO - Started process (PID=96365) to work on /Users/rishukhurana/anaconda3/lib/python3.11/site-packages/airflow/example_dags/example_skip_dag.py
[2024-12-08T10:15:15.338-0800] {processor.py:914} INFO - Processing file /Users/rishukhurana/anaconda3/lib/python3.11/site-packages/airflow/example_dags/example_skip_dag.py for tasks to queue
[2024-12-08T10:15:15.340-0800] {logging_mixin.py:190} INFO - [2024-12-08T10:15:15.339-0800] {dagbag.py:588} INFO - Filling up the DagBag from /Users/rishukhurana/anaconda3/lib/python3.11/site-packages/airflow/example_dags/example_skip_dag.py
[2024-12-08T10:15:15.350-0800] {processor.py:925} INFO - DAG(s) 'example_skip_dag' retrieved from /Users/rishukhurana/anaconda3/lib/python3.11/site-packages/airflow/example_dags/example_skip_dag.py
[2024-12-08T10:15:15.451-0800] {logging_mixin.py:190} INFO - [2024-12-08T10:15:15.450-0800] {dag.py:3239} INFO - Sync 1 DAGs
[2024-12-08T10:15:15.471-0800] {logging_mixin.py:190} INFO - [2024-12-08T10:15:15.471-0800] {dag.py:4180} INFO - Setting next_dagrun for example_skip_dag to 2024-12-07 00:00:00+00:00, run_after=2024-12-08 00:00:00+00:00
[2024-12-08T10:15:15.489-0800] {processor.py:208} INFO - Processing /Users/rishukhurana/anaconda3/lib/python3.11/site-packages/airflow/example_dags/example_skip_dag.py took 0.159 seconds
[2024-12-08T10:18:12.591-0800] {processor.py:186} INFO - Started process (PID=96537) to work on /Users/rishukhurana/anaconda3/lib/python3.11/site-packages/airflow/example_dags/example_skip_dag.py
[2024-12-08T10:18:12.593-0800] {processor.py:914} INFO - Processing file /Users/rishukhurana/anaconda3/lib/python3.11/site-packages/airflow/example_dags/example_skip_dag.py for tasks to queue
[2024-12-08T10:18:12.595-0800] {logging_mixin.py:190} INFO - [2024-12-08T10:18:12.594-0800] {dagbag.py:588} INFO - Filling up the DagBag from /Users/rishukhurana/anaconda3/lib/python3.11/site-packages/airflow/example_dags/example_skip_dag.py
[2024-12-08T10:18:12.603-0800] {processor.py:925} INFO - DAG(s) 'example_skip_dag' retrieved from /Users/rishukhurana/anaconda3/lib/python3.11/site-packages/airflow/example_dags/example_skip_dag.py
[2024-12-08T10:18:12.710-0800] {logging_mixin.py:190} INFO - [2024-12-08T10:18:12.710-0800] {dag.py:3239} INFO - Sync 1 DAGs
[2024-12-08T10:18:12.728-0800] {logging_mixin.py:190} INFO - [2024-12-08T10:18:12.728-0800] {dag.py:4180} INFO - Setting next_dagrun for example_skip_dag to 2024-12-07 00:00:00+00:00, run_after=2024-12-08 00:00:00+00:00
[2024-12-08T10:18:12.746-0800] {processor.py:208} INFO - Processing /Users/rishukhurana/anaconda3/lib/python3.11/site-packages/airflow/example_dags/example_skip_dag.py took 0.164 seconds
[2024-12-08T10:21:14.855-0800] {processor.py:186} INFO - Started process (PID=96974) to work on /Users/rishukhurana/anaconda3/lib/python3.11/site-packages/airflow/example_dags/example_skip_dag.py
[2024-12-08T10:21:14.860-0800] {processor.py:914} INFO - Processing file /Users/rishukhurana/anaconda3/lib/python3.11/site-packages/airflow/example_dags/example_skip_dag.py for tasks to queue
[2024-12-08T10:21:14.862-0800] {logging_mixin.py:190} INFO - [2024-12-08T10:21:14.862-0800] {dagbag.py:588} INFO - Filling up the DagBag from /Users/rishukhurana/anaconda3/lib/python3.11/site-packages/airflow/example_dags/example_skip_dag.py
[2024-12-08T10:21:14.873-0800] {processor.py:925} INFO - DAG(s) 'example_skip_dag' retrieved from /Users/rishukhurana/anaconda3/lib/python3.11/site-packages/airflow/example_dags/example_skip_dag.py
[2024-12-08T10:21:14.983-0800] {logging_mixin.py:190} INFO - [2024-12-08T10:21:14.983-0800] {dag.py:3239} INFO - Sync 1 DAGs
[2024-12-08T10:21:15.000-0800] {logging_mixin.py:190} INFO - [2024-12-08T10:21:15.000-0800] {dag.py:4180} INFO - Setting next_dagrun for example_skip_dag to 2024-12-07 00:00:00+00:00, run_after=2024-12-08 00:00:00+00:00
[2024-12-08T10:21:15.016-0800] {processor.py:208} INFO - Processing /Users/rishukhurana/anaconda3/lib/python3.11/site-packages/airflow/example_dags/example_skip_dag.py took 0.166 seconds
[2024-12-08T12:23:27.349-0800] {processor.py:186} INFO - Started process (PID=97267) to work on /Users/rishukhurana/anaconda3/lib/python3.11/site-packages/airflow/example_dags/example_skip_dag.py
[2024-12-08T12:23:27.358-0800] {processor.py:914} INFO - Processing file /Users/rishukhurana/anaconda3/lib/python3.11/site-packages/airflow/example_dags/example_skip_dag.py for tasks to queue
[2024-12-08T12:23:27.369-0800] {logging_mixin.py:190} INFO - [2024-12-08T12:23:27.367-0800] {dagbag.py:588} INFO - Filling up the DagBag from /Users/rishukhurana/anaconda3/lib/python3.11/site-packages/airflow/example_dags/example_skip_dag.py
[2024-12-08T12:23:27.440-0800] {processor.py:925} INFO - DAG(s) 'example_skip_dag' retrieved from /Users/rishukhurana/anaconda3/lib/python3.11/site-packages/airflow/example_dags/example_skip_dag.py
[2024-12-08T12:23:30.828-0800] {logging_mixin.py:190} INFO - [2024-12-08T12:23:30.823-0800] {dag.py:3239} INFO - Sync 1 DAGs
[2024-12-08T12:23:30.879-0800] {logging_mixin.py:190} INFO - [2024-12-08T12:23:30.879-0800] {dag.py:4180} INFO - Setting next_dagrun for example_skip_dag to 2024-12-07 00:00:00+00:00, run_after=2024-12-08 00:00:00+00:00
[2024-12-08T12:23:30.922-0800] {processor.py:208} INFO - Processing /Users/rishukhurana/anaconda3/lib/python3.11/site-packages/airflow/example_dags/example_skip_dag.py took 3.607 seconds
