[2024-12-08T08:41:33.191-0800] {processor.py:186} INFO - Started process (PID=90994) to work on /Users/rishukhurana/.venv/lib/python3.11/site-packages/airflow/example_dags/example_dataset_alias.py
[2024-12-08T08:41:33.192-0800] {processor.py:914} INFO - Processing file /Users/rishukhurana/.venv/lib/python3.11/site-packages/airflow/example_dags/example_dataset_alias.py for tasks to queue
[2024-12-08T08:41:33.193-0800] {logging_mixin.py:190} INFO - [2024-12-08T08:41:33.193-0800] {dagbag.py:588} INFO - Filling up the DagBag from /Users/rishukhurana/.venv/lib/python3.11/site-packages/airflow/example_dags/example_dataset_alias.py
[2024-12-08T08:41:33.390-0800] {processor.py:925} INFO - DAG(s) 'dataset_alias_example_alias_consumer', 'dataset_s3_bucket_consumer', 'dataset_alias_example_alias_producer', 'dataset_s3_bucket_producer' retrieved from /Users/rishukhurana/.venv/lib/python3.11/site-packages/airflow/example_dags/example_dataset_alias.py
[2024-12-08T08:41:33.475-0800] {logging_mixin.py:190} INFO - [2024-12-08T08:41:33.474-0800] {override.py:1911} INFO - Created Permission View: can read on DAG:dataset_alias_example_alias_consumer
[2024-12-08T08:41:33.483-0800] {logging_mixin.py:190} INFO - [2024-12-08T08:41:33.483-0800] {override.py:1911} INFO - Created Permission View: can delete on DAG:dataset_alias_example_alias_consumer
[2024-12-08T08:41:33.489-0800] {logging_mixin.py:190} INFO - [2024-12-08T08:41:33.488-0800] {override.py:1911} INFO - Created Permission View: can edit on DAG:dataset_alias_example_alias_consumer
[2024-12-08T08:41:33.496-0800] {logging_mixin.py:190} INFO - [2024-12-08T08:41:33.496-0800] {override.py:1911} INFO - Created Permission View: can read on DAG Run:dataset_alias_example_alias_consumer
[2024-12-08T08:41:33.502-0800] {logging_mixin.py:190} INFO - [2024-12-08T08:41:33.502-0800] {override.py:1911} INFO - Created Permission View: can delete on DAG Run:dataset_alias_example_alias_consumer
[2024-12-08T08:41:33.508-0800] {logging_mixin.py:190} INFO - [2024-12-08T08:41:33.508-0800] {override.py:1911} INFO - Created Permission View: can create on DAG Run:dataset_alias_example_alias_consumer
[2024-12-08T08:41:33.514-0800] {logging_mixin.py:190} INFO - [2024-12-08T08:41:33.513-0800] {override.py:1911} INFO - Created Permission View: menu access on DAG Run:dataset_alias_example_alias_consumer
[2024-12-08T08:41:33.524-0800] {logging_mixin.py:190} INFO - [2024-12-08T08:41:33.524-0800] {override.py:1911} INFO - Created Permission View: can read on DAG:dataset_s3_bucket_consumer
[2024-12-08T08:41:33.531-0800] {logging_mixin.py:190} INFO - [2024-12-08T08:41:33.530-0800] {override.py:1911} INFO - Created Permission View: can delete on DAG:dataset_s3_bucket_consumer
[2024-12-08T08:41:33.536-0800] {logging_mixin.py:190} INFO - [2024-12-08T08:41:33.536-0800] {override.py:1911} INFO - Created Permission View: can edit on DAG:dataset_s3_bucket_consumer
[2024-12-08T08:41:33.543-0800] {logging_mixin.py:190} INFO - [2024-12-08T08:41:33.543-0800] {override.py:1911} INFO - Created Permission View: can read on DAG Run:dataset_s3_bucket_consumer
[2024-12-08T08:41:33.549-0800] {logging_mixin.py:190} INFO - [2024-12-08T08:41:33.548-0800] {override.py:1911} INFO - Created Permission View: can delete on DAG Run:dataset_s3_bucket_consumer
[2024-12-08T08:41:33.554-0800] {logging_mixin.py:190} INFO - [2024-12-08T08:41:33.554-0800] {override.py:1911} INFO - Created Permission View: can create on DAG Run:dataset_s3_bucket_consumer
[2024-12-08T08:41:33.559-0800] {logging_mixin.py:190} INFO - [2024-12-08T08:41:33.559-0800] {override.py:1911} INFO - Created Permission View: menu access on DAG Run:dataset_s3_bucket_consumer
[2024-12-08T08:41:33.571-0800] {logging_mixin.py:190} INFO - [2024-12-08T08:41:33.571-0800] {override.py:1911} INFO - Created Permission View: can read on DAG:dataset_alias_example_alias_producer
[2024-12-08T08:41:33.577-0800] {logging_mixin.py:190} INFO - [2024-12-08T08:41:33.576-0800] {override.py:1911} INFO - Created Permission View: can delete on DAG:dataset_alias_example_alias_producer
[2024-12-08T08:41:33.583-0800] {logging_mixin.py:190} INFO - [2024-12-08T08:41:33.582-0800] {override.py:1911} INFO - Created Permission View: can edit on DAG:dataset_alias_example_alias_producer
[2024-12-08T08:41:33.590-0800] {logging_mixin.py:190} INFO - [2024-12-08T08:41:33.590-0800] {override.py:1911} INFO - Created Permission View: can read on DAG Run:dataset_alias_example_alias_producer
[2024-12-08T08:41:33.596-0800] {logging_mixin.py:190} INFO - [2024-12-08T08:41:33.596-0800] {override.py:1911} INFO - Created Permission View: can delete on DAG Run:dataset_alias_example_alias_producer
[2024-12-08T08:41:33.603-0800] {logging_mixin.py:190} INFO - [2024-12-08T08:41:33.603-0800] {override.py:1911} INFO - Created Permission View: can create on DAG Run:dataset_alias_example_alias_producer
[2024-12-08T08:41:33.608-0800] {logging_mixin.py:190} INFO - [2024-12-08T08:41:33.607-0800] {override.py:1911} INFO - Created Permission View: menu access on DAG Run:dataset_alias_example_alias_producer
[2024-12-08T08:41:33.618-0800] {logging_mixin.py:190} INFO - [2024-12-08T08:41:33.618-0800] {override.py:1911} INFO - Created Permission View: can read on DAG:dataset_s3_bucket_producer
[2024-12-08T08:41:33.623-0800] {logging_mixin.py:190} INFO - [2024-12-08T08:41:33.623-0800] {override.py:1911} INFO - Created Permission View: can delete on DAG:dataset_s3_bucket_producer
[2024-12-08T08:41:33.628-0800] {logging_mixin.py:190} INFO - [2024-12-08T08:41:33.628-0800] {override.py:1911} INFO - Created Permission View: can edit on DAG:dataset_s3_bucket_producer
[2024-12-08T08:41:33.636-0800] {logging_mixin.py:190} INFO - [2024-12-08T08:41:33.636-0800] {override.py:1911} INFO - Created Permission View: can read on DAG Run:dataset_s3_bucket_producer
[2024-12-08T08:41:33.642-0800] {logging_mixin.py:190} INFO - [2024-12-08T08:41:33.642-0800] {override.py:1911} INFO - Created Permission View: can delete on DAG Run:dataset_s3_bucket_producer
[2024-12-08T08:41:33.647-0800] {logging_mixin.py:190} INFO - [2024-12-08T08:41:33.647-0800] {override.py:1911} INFO - Created Permission View: can create on DAG Run:dataset_s3_bucket_producer
[2024-12-08T08:41:33.653-0800] {logging_mixin.py:190} INFO - [2024-12-08T08:41:33.653-0800] {override.py:1911} INFO - Created Permission View: menu access on DAG Run:dataset_s3_bucket_producer
[2024-12-08T08:41:33.653-0800] {logging_mixin.py:190} INFO - [2024-12-08T08:41:33.653-0800] {dag.py:3239} INFO - Sync 4 DAGs
[2024-12-08T08:41:33.663-0800] {logging_mixin.py:190} INFO - [2024-12-08T08:41:33.663-0800] {dag.py:3262} INFO - Creating ORM DAG for dataset_s3_bucket_producer
[2024-12-08T08:41:33.664-0800] {logging_mixin.py:190} INFO - [2024-12-08T08:41:33.663-0800] {dag.py:3262} INFO - Creating ORM DAG for dataset_alias_example_alias_producer
[2024-12-08T08:41:33.664-0800] {logging_mixin.py:190} INFO - [2024-12-08T08:41:33.664-0800] {dag.py:3262} INFO - Creating ORM DAG for dataset_alias_example_alias_consumer
[2024-12-08T08:41:33.665-0800] {logging_mixin.py:190} INFO - [2024-12-08T08:41:33.665-0800] {dag.py:3262} INFO - Creating ORM DAG for dataset_s3_bucket_consumer
[2024-12-08T08:41:33.671-0800] {logging_mixin.py:190} INFO - [2024-12-08T08:41:33.671-0800] {dag.py:4180} INFO - Setting next_dagrun for dataset_alias_example_alias_consumer to None, run_after=None
[2024-12-08T08:41:33.671-0800] {logging_mixin.py:190} INFO - [2024-12-08T08:41:33.671-0800] {dag.py:4180} INFO - Setting next_dagrun for dataset_alias_example_alias_producer to None, run_after=None
[2024-12-08T08:41:33.672-0800] {logging_mixin.py:190} INFO - [2024-12-08T08:41:33.672-0800] {dag.py:4180} INFO - Setting next_dagrun for dataset_s3_bucket_consumer to None, run_after=None
[2024-12-08T08:41:33.672-0800] {logging_mixin.py:190} INFO - [2024-12-08T08:41:33.672-0800] {dag.py:4180} INFO - Setting next_dagrun for dataset_s3_bucket_producer to None, run_after=None
[2024-12-08T08:41:33.685-0800] {logging_mixin.py:190} INFO - [2024-12-08T08:41:33.685-0800] {workday.py:41} WARNING - Could not import pandas. Holidays will not be considered.
[2024-12-08T08:41:33.699-0800] {processor.py:208} INFO - Processing /Users/rishukhurana/.venv/lib/python3.11/site-packages/airflow/example_dags/example_dataset_alias.py took 0.514 seconds
[2024-12-08T08:56:45.279-0800] {processor.py:186} INFO - Started process (PID=91414) to work on /Users/rishukhurana/anaconda3/lib/python3.11/site-packages/airflow/example_dags/example_dataset_alias.py
[2024-12-08T08:56:45.281-0800] {processor.py:914} INFO - Processing file /Users/rishukhurana/anaconda3/lib/python3.11/site-packages/airflow/example_dags/example_dataset_alias.py for tasks to queue
[2024-12-08T08:56:45.282-0800] {logging_mixin.py:190} INFO - [2024-12-08T08:56:45.282-0800] {dagbag.py:588} INFO - Filling up the DagBag from /Users/rishukhurana/anaconda3/lib/python3.11/site-packages/airflow/example_dags/example_dataset_alias.py
[2024-12-08T08:56:45.869-0800] {processor.py:925} INFO - DAG(s) 'dataset_alias_example_alias_producer', 'dataset_s3_bucket_producer', 'dataset_s3_bucket_consumer', 'dataset_alias_example_alias_consumer' retrieved from /Users/rishukhurana/anaconda3/lib/python3.11/site-packages/airflow/example_dags/example_dataset_alias.py
[2024-12-08T08:56:45.995-0800] {logging_mixin.py:190} INFO - [2024-12-08T08:56:45.995-0800] {dag.py:3239} INFO - Sync 4 DAGs
[2024-12-08T08:56:46.011-0800] {logging_mixin.py:190} INFO - [2024-12-08T08:56:46.011-0800] {dag.py:4180} INFO - Setting next_dagrun for dataset_alias_example_alias_consumer to None, run_after=None
[2024-12-08T08:56:46.013-0800] {logging_mixin.py:190} INFO - [2024-12-08T08:56:46.012-0800] {dag.py:4180} INFO - Setting next_dagrun for dataset_alias_example_alias_producer to None, run_after=None
[2024-12-08T08:56:46.013-0800] {logging_mixin.py:190} INFO - [2024-12-08T08:56:46.013-0800] {dag.py:4180} INFO - Setting next_dagrun for dataset_s3_bucket_consumer to None, run_after=None
[2024-12-08T08:56:46.014-0800] {logging_mixin.py:190} INFO - [2024-12-08T08:56:46.014-0800] {dag.py:4180} INFO - Setting next_dagrun for dataset_s3_bucket_producer to None, run_after=None
[2024-12-08T08:56:46.036-0800] {processor.py:208} INFO - Processing /Users/rishukhurana/anaconda3/lib/python3.11/site-packages/airflow/example_dags/example_dataset_alias.py took 0.764 seconds
[2024-12-08T09:00:19.857-0800] {processor.py:186} INFO - Started process (PID=91682) to work on /Users/rishukhurana/anaconda3/lib/python3.11/site-packages/airflow/example_dags/example_dataset_alias.py
[2024-12-08T09:00:19.859-0800] {processor.py:914} INFO - Processing file /Users/rishukhurana/anaconda3/lib/python3.11/site-packages/airflow/example_dags/example_dataset_alias.py for tasks to queue
[2024-12-08T09:00:19.861-0800] {logging_mixin.py:190} INFO - [2024-12-08T09:00:19.860-0800] {dagbag.py:588} INFO - Filling up the DagBag from /Users/rishukhurana/anaconda3/lib/python3.11/site-packages/airflow/example_dags/example_dataset_alias.py
[2024-12-08T09:00:20.453-0800] {processor.py:925} INFO - DAG(s) 'dataset_alias_example_alias_producer', 'dataset_s3_bucket_producer', 'dataset_alias_example_alias_consumer', 'dataset_s3_bucket_consumer' retrieved from /Users/rishukhurana/anaconda3/lib/python3.11/site-packages/airflow/example_dags/example_dataset_alias.py
[2024-12-08T09:00:20.476-0800] {logging_mixin.py:190} INFO - [2024-12-08T09:00:20.475-0800] {dag.py:3239} INFO - Sync 4 DAGs
[2024-12-08T09:00:20.492-0800] {logging_mixin.py:190} INFO - [2024-12-08T09:00:20.492-0800] {dag.py:4180} INFO - Setting next_dagrun for dataset_alias_example_alias_consumer to None, run_after=None
[2024-12-08T09:00:20.495-0800] {logging_mixin.py:190} INFO - [2024-12-08T09:00:20.494-0800] {dag.py:4180} INFO - Setting next_dagrun for dataset_alias_example_alias_producer to None, run_after=None
[2024-12-08T09:00:20.496-0800] {logging_mixin.py:190} INFO - [2024-12-08T09:00:20.495-0800] {dag.py:4180} INFO - Setting next_dagrun for dataset_s3_bucket_consumer to None, run_after=None
[2024-12-08T09:00:20.496-0800] {logging_mixin.py:190} INFO - [2024-12-08T09:00:20.496-0800] {dag.py:4180} INFO - Setting next_dagrun for dataset_s3_bucket_producer to None, run_after=None
[2024-12-08T09:00:20.516-0800] {processor.py:208} INFO - Processing /Users/rishukhurana/anaconda3/lib/python3.11/site-packages/airflow/example_dags/example_dataset_alias.py took 0.666 seconds
[2024-12-08T09:06:11.659-0800] {processor.py:186} INFO - Started process (PID=92039) to work on /Users/rishukhurana/anaconda3/lib/python3.11/site-packages/airflow/example_dags/example_dataset_alias.py
[2024-12-08T09:06:11.661-0800] {processor.py:914} INFO - Processing file /Users/rishukhurana/anaconda3/lib/python3.11/site-packages/airflow/example_dags/example_dataset_alias.py for tasks to queue
[2024-12-08T09:06:11.662-0800] {logging_mixin.py:190} INFO - [2024-12-08T09:06:11.662-0800] {dagbag.py:588} INFO - Filling up the DagBag from /Users/rishukhurana/anaconda3/lib/python3.11/site-packages/airflow/example_dags/example_dataset_alias.py
[2024-12-08T09:06:12.321-0800] {processor.py:925} INFO - DAG(s) 'dataset_s3_bucket_consumer', 'dataset_alias_example_alias_consumer', 'dataset_alias_example_alias_producer', 'dataset_s3_bucket_producer' retrieved from /Users/rishukhurana/anaconda3/lib/python3.11/site-packages/airflow/example_dags/example_dataset_alias.py
[2024-12-08T09:06:12.341-0800] {logging_mixin.py:190} INFO - [2024-12-08T09:06:12.341-0800] {dag.py:3239} INFO - Sync 4 DAGs
[2024-12-08T09:06:12.357-0800] {logging_mixin.py:190} INFO - [2024-12-08T09:06:12.357-0800] {dag.py:4180} INFO - Setting next_dagrun for dataset_alias_example_alias_consumer to None, run_after=None
[2024-12-08T09:06:12.359-0800] {logging_mixin.py:190} INFO - [2024-12-08T09:06:12.358-0800] {dag.py:4180} INFO - Setting next_dagrun for dataset_alias_example_alias_producer to None, run_after=None
[2024-12-08T09:06:12.360-0800] {logging_mixin.py:190} INFO - [2024-12-08T09:06:12.359-0800] {dag.py:4180} INFO - Setting next_dagrun for dataset_s3_bucket_consumer to None, run_after=None
[2024-12-08T09:06:12.360-0800] {logging_mixin.py:190} INFO - [2024-12-08T09:06:12.360-0800] {dag.py:4180} INFO - Setting next_dagrun for dataset_s3_bucket_producer to None, run_after=None
[2024-12-08T09:06:12.382-0800] {processor.py:208} INFO - Processing /Users/rishukhurana/anaconda3/lib/python3.11/site-packages/airflow/example_dags/example_dataset_alias.py took 0.730 seconds
[2024-12-08T09:11:58.590-0800] {processor.py:186} INFO - Started process (PID=92405) to work on /Users/rishukhurana/anaconda3/lib/python3.11/site-packages/airflow/example_dags/example_dataset_alias.py
[2024-12-08T09:11:58.592-0800] {processor.py:914} INFO - Processing file /Users/rishukhurana/anaconda3/lib/python3.11/site-packages/airflow/example_dags/example_dataset_alias.py for tasks to queue
[2024-12-08T09:11:58.593-0800] {logging_mixin.py:190} INFO - [2024-12-08T09:11:58.593-0800] {dagbag.py:588} INFO - Filling up the DagBag from /Users/rishukhurana/anaconda3/lib/python3.11/site-packages/airflow/example_dags/example_dataset_alias.py
[2024-12-08T09:11:59.204-0800] {processor.py:925} INFO - DAG(s) 'dataset_alias_example_alias_consumer', 'dataset_alias_example_alias_producer', 'dataset_s3_bucket_consumer', 'dataset_s3_bucket_producer' retrieved from /Users/rishukhurana/anaconda3/lib/python3.11/site-packages/airflow/example_dags/example_dataset_alias.py
[2024-12-08T09:11:59.224-0800] {logging_mixin.py:190} INFO - [2024-12-08T09:11:59.223-0800] {dag.py:3239} INFO - Sync 4 DAGs
[2024-12-08T09:11:59.239-0800] {logging_mixin.py:190} INFO - [2024-12-08T09:11:59.238-0800] {dag.py:4180} INFO - Setting next_dagrun for dataset_alias_example_alias_consumer to None, run_after=None
[2024-12-08T09:11:59.240-0800] {logging_mixin.py:190} INFO - [2024-12-08T09:11:59.240-0800] {dag.py:4180} INFO - Setting next_dagrun for dataset_alias_example_alias_producer to None, run_after=None
[2024-12-08T09:11:59.241-0800] {logging_mixin.py:190} INFO - [2024-12-08T09:11:59.241-0800] {dag.py:4180} INFO - Setting next_dagrun for dataset_s3_bucket_consumer to None, run_after=None
[2024-12-08T09:11:59.242-0800] {logging_mixin.py:190} INFO - [2024-12-08T09:11:59.242-0800] {dag.py:4180} INFO - Setting next_dagrun for dataset_s3_bucket_producer to None, run_after=None
[2024-12-08T09:11:59.264-0800] {processor.py:208} INFO - Processing /Users/rishukhurana/anaconda3/lib/python3.11/site-packages/airflow/example_dags/example_dataset_alias.py took 0.678 seconds
[2024-12-08T09:17:37.986-0800] {processor.py:186} INFO - Started process (PID=92769) to work on /Users/rishukhurana/anaconda3/lib/python3.11/site-packages/airflow/example_dags/example_dataset_alias.py
[2024-12-08T09:17:37.988-0800] {processor.py:914} INFO - Processing file /Users/rishukhurana/anaconda3/lib/python3.11/site-packages/airflow/example_dags/example_dataset_alias.py for tasks to queue
[2024-12-08T09:17:37.989-0800] {logging_mixin.py:190} INFO - [2024-12-08T09:17:37.989-0800] {dagbag.py:588} INFO - Filling up the DagBag from /Users/rishukhurana/anaconda3/lib/python3.11/site-packages/airflow/example_dags/example_dataset_alias.py
[2024-12-08T09:17:38.513-0800] {processor.py:925} INFO - DAG(s) 'dataset_alias_example_alias_consumer', 'dataset_s3_bucket_producer', 'dataset_alias_example_alias_producer', 'dataset_s3_bucket_consumer' retrieved from /Users/rishukhurana/anaconda3/lib/python3.11/site-packages/airflow/example_dags/example_dataset_alias.py
[2024-12-08T09:17:38.533-0800] {logging_mixin.py:190} INFO - [2024-12-08T09:17:38.533-0800] {dag.py:3239} INFO - Sync 4 DAGs
[2024-12-08T09:17:38.548-0800] {logging_mixin.py:190} INFO - [2024-12-08T09:17:38.548-0800] {dag.py:4180} INFO - Setting next_dagrun for dataset_alias_example_alias_consumer to None, run_after=None
[2024-12-08T09:17:38.550-0800] {logging_mixin.py:190} INFO - [2024-12-08T09:17:38.550-0800] {dag.py:4180} INFO - Setting next_dagrun for dataset_alias_example_alias_producer to None, run_after=None
[2024-12-08T09:17:38.550-0800] {logging_mixin.py:190} INFO - [2024-12-08T09:17:38.550-0800] {dag.py:4180} INFO - Setting next_dagrun for dataset_s3_bucket_consumer to None, run_after=None
[2024-12-08T09:17:38.551-0800] {logging_mixin.py:190} INFO - [2024-12-08T09:17:38.551-0800] {dag.py:4180} INFO - Setting next_dagrun for dataset_s3_bucket_producer to None, run_after=None
[2024-12-08T09:17:38.568-0800] {processor.py:208} INFO - Processing /Users/rishukhurana/anaconda3/lib/python3.11/site-packages/airflow/example_dags/example_dataset_alias.py took 0.588 seconds
[2024-12-08T09:23:10.492-0800] {processor.py:186} INFO - Started process (PID=93135) to work on /Users/rishukhurana/anaconda3/lib/python3.11/site-packages/airflow/example_dags/example_dataset_alias.py
[2024-12-08T09:23:10.495-0800] {processor.py:914} INFO - Processing file /Users/rishukhurana/anaconda3/lib/python3.11/site-packages/airflow/example_dags/example_dataset_alias.py for tasks to queue
[2024-12-08T09:23:10.496-0800] {logging_mixin.py:190} INFO - [2024-12-08T09:23:10.496-0800] {dagbag.py:588} INFO - Filling up the DagBag from /Users/rishukhurana/anaconda3/lib/python3.11/site-packages/airflow/example_dags/example_dataset_alias.py
[2024-12-08T09:23:11.032-0800] {processor.py:925} INFO - DAG(s) 'dataset_alias_example_alias_producer', 'dataset_s3_bucket_consumer', 'dataset_alias_example_alias_consumer', 'dataset_s3_bucket_producer' retrieved from /Users/rishukhurana/anaconda3/lib/python3.11/site-packages/airflow/example_dags/example_dataset_alias.py
[2024-12-08T09:23:11.056-0800] {logging_mixin.py:190} INFO - [2024-12-08T09:23:11.056-0800] {dag.py:3239} INFO - Sync 4 DAGs
[2024-12-08T09:23:11.070-0800] {logging_mixin.py:190} INFO - [2024-12-08T09:23:11.070-0800] {dag.py:4180} INFO - Setting next_dagrun for dataset_alias_example_alias_consumer to None, run_after=None
[2024-12-08T09:23:11.072-0800] {logging_mixin.py:190} INFO - [2024-12-08T09:23:11.072-0800] {dag.py:4180} INFO - Setting next_dagrun for dataset_alias_example_alias_producer to None, run_after=None
[2024-12-08T09:23:11.073-0800] {logging_mixin.py:190} INFO - [2024-12-08T09:23:11.073-0800] {dag.py:4180} INFO - Setting next_dagrun for dataset_s3_bucket_consumer to None, run_after=None
[2024-12-08T09:23:11.073-0800] {logging_mixin.py:190} INFO - [2024-12-08T09:23:11.073-0800] {dag.py:4180} INFO - Setting next_dagrun for dataset_s3_bucket_producer to None, run_after=None
[2024-12-08T09:23:11.091-0800] {processor.py:208} INFO - Processing /Users/rishukhurana/anaconda3/lib/python3.11/site-packages/airflow/example_dags/example_dataset_alias.py took 0.605 seconds
[2024-12-08T09:28:38.414-0800] {processor.py:186} INFO - Started process (PID=93489) to work on /Users/rishukhurana/anaconda3/lib/python3.11/site-packages/airflow/example_dags/example_dataset_alias.py
[2024-12-08T09:28:38.416-0800] {processor.py:914} INFO - Processing file /Users/rishukhurana/anaconda3/lib/python3.11/site-packages/airflow/example_dags/example_dataset_alias.py for tasks to queue
[2024-12-08T09:28:38.418-0800] {logging_mixin.py:190} INFO - [2024-12-08T09:28:38.417-0800] {dagbag.py:588} INFO - Filling up the DagBag from /Users/rishukhurana/anaconda3/lib/python3.11/site-packages/airflow/example_dags/example_dataset_alias.py
[2024-12-08T09:28:38.939-0800] {processor.py:925} INFO - DAG(s) 'dataset_s3_bucket_consumer', 'dataset_alias_example_alias_consumer', 'dataset_alias_example_alias_producer', 'dataset_s3_bucket_producer' retrieved from /Users/rishukhurana/anaconda3/lib/python3.11/site-packages/airflow/example_dags/example_dataset_alias.py
[2024-12-08T09:28:38.958-0800] {logging_mixin.py:190} INFO - [2024-12-08T09:28:38.958-0800] {dag.py:3239} INFO - Sync 4 DAGs
[2024-12-08T09:28:38.972-0800] {logging_mixin.py:190} INFO - [2024-12-08T09:28:38.972-0800] {dag.py:4180} INFO - Setting next_dagrun for dataset_alias_example_alias_consumer to None, run_after=None
[2024-12-08T09:28:38.974-0800] {logging_mixin.py:190} INFO - [2024-12-08T09:28:38.973-0800] {dag.py:4180} INFO - Setting next_dagrun for dataset_alias_example_alias_producer to None, run_after=None
[2024-12-08T09:28:38.974-0800] {logging_mixin.py:190} INFO - [2024-12-08T09:28:38.974-0800] {dag.py:4180} INFO - Setting next_dagrun for dataset_s3_bucket_consumer to None, run_after=None
[2024-12-08T09:28:38.975-0800] {logging_mixin.py:190} INFO - [2024-12-08T09:28:38.975-0800] {dag.py:4180} INFO - Setting next_dagrun for dataset_s3_bucket_producer to None, run_after=None
[2024-12-08T09:28:38.993-0800] {processor.py:208} INFO - Processing /Users/rishukhurana/anaconda3/lib/python3.11/site-packages/airflow/example_dags/example_dataset_alias.py took 0.586 seconds
[2024-12-08T09:34:08.961-0800] {processor.py:186} INFO - Started process (PID=93828) to work on /Users/rishukhurana/anaconda3/lib/python3.11/site-packages/airflow/example_dags/example_dataset_alias.py
[2024-12-08T09:34:08.964-0800] {processor.py:914} INFO - Processing file /Users/rishukhurana/anaconda3/lib/python3.11/site-packages/airflow/example_dags/example_dataset_alias.py for tasks to queue
[2024-12-08T09:34:08.965-0800] {logging_mixin.py:190} INFO - [2024-12-08T09:34:08.965-0800] {dagbag.py:588} INFO - Filling up the DagBag from /Users/rishukhurana/anaconda3/lib/python3.11/site-packages/airflow/example_dags/example_dataset_alias.py
[2024-12-08T09:34:09.480-0800] {processor.py:925} INFO - DAG(s) 'dataset_s3_bucket_consumer', 'dataset_s3_bucket_producer', 'dataset_alias_example_alias_consumer', 'dataset_alias_example_alias_producer' retrieved from /Users/rishukhurana/anaconda3/lib/python3.11/site-packages/airflow/example_dags/example_dataset_alias.py
[2024-12-08T09:34:09.498-0800] {logging_mixin.py:190} INFO - [2024-12-08T09:34:09.497-0800] {dag.py:3239} INFO - Sync 4 DAGs
[2024-12-08T09:34:09.511-0800] {logging_mixin.py:190} INFO - [2024-12-08T09:34:09.511-0800] {dag.py:4180} INFO - Setting next_dagrun for dataset_alias_example_alias_consumer to None, run_after=None
[2024-12-08T09:34:09.513-0800] {logging_mixin.py:190} INFO - [2024-12-08T09:34:09.513-0800] {dag.py:4180} INFO - Setting next_dagrun for dataset_alias_example_alias_producer to None, run_after=None
[2024-12-08T09:34:09.514-0800] {logging_mixin.py:190} INFO - [2024-12-08T09:34:09.514-0800] {dag.py:4180} INFO - Setting next_dagrun for dataset_s3_bucket_consumer to None, run_after=None
[2024-12-08T09:34:09.514-0800] {logging_mixin.py:190} INFO - [2024-12-08T09:34:09.514-0800] {dag.py:4180} INFO - Setting next_dagrun for dataset_s3_bucket_producer to None, run_after=None
[2024-12-08T09:34:09.531-0800] {processor.py:208} INFO - Processing /Users/rishukhurana/anaconda3/lib/python3.11/site-packages/airflow/example_dags/example_dataset_alias.py took 0.576 seconds
[2024-12-08T09:40:35.832-0800] {processor.py:186} INFO - Started process (PID=94224) to work on /Users/rishukhurana/anaconda3/lib/python3.11/site-packages/airflow/example_dags/example_dataset_alias.py
[2024-12-08T09:40:35.835-0800] {processor.py:914} INFO - Processing file /Users/rishukhurana/anaconda3/lib/python3.11/site-packages/airflow/example_dags/example_dataset_alias.py for tasks to queue
[2024-12-08T09:40:35.836-0800] {logging_mixin.py:190} INFO - [2024-12-08T09:40:35.836-0800] {dagbag.py:588} INFO - Filling up the DagBag from /Users/rishukhurana/anaconda3/lib/python3.11/site-packages/airflow/example_dags/example_dataset_alias.py
[2024-12-08T09:40:36.360-0800] {processor.py:925} INFO - DAG(s) 'dataset_s3_bucket_producer', 'dataset_alias_example_alias_producer', 'dataset_s3_bucket_consumer', 'dataset_alias_example_alias_consumer' retrieved from /Users/rishukhurana/anaconda3/lib/python3.11/site-packages/airflow/example_dags/example_dataset_alias.py
[2024-12-08T09:40:36.380-0800] {logging_mixin.py:190} INFO - [2024-12-08T09:40:36.380-0800] {dag.py:3239} INFO - Sync 4 DAGs
[2024-12-08T09:40:36.396-0800] {logging_mixin.py:190} INFO - [2024-12-08T09:40:36.395-0800] {dag.py:4180} INFO - Setting next_dagrun for dataset_alias_example_alias_consumer to None, run_after=None
[2024-12-08T09:40:36.398-0800] {logging_mixin.py:190} INFO - [2024-12-08T09:40:36.398-0800] {dag.py:4180} INFO - Setting next_dagrun for dataset_alias_example_alias_producer to None, run_after=None
[2024-12-08T09:40:36.399-0800] {logging_mixin.py:190} INFO - [2024-12-08T09:40:36.399-0800] {dag.py:4180} INFO - Setting next_dagrun for dataset_s3_bucket_consumer to None, run_after=None
[2024-12-08T09:40:36.400-0800] {logging_mixin.py:190} INFO - [2024-12-08T09:40:36.399-0800] {dag.py:4180} INFO - Setting next_dagrun for dataset_s3_bucket_producer to None, run_after=None
[2024-12-08T09:40:36.418-0800] {processor.py:208} INFO - Processing /Users/rishukhurana/anaconda3/lib/python3.11/site-packages/airflow/example_dags/example_dataset_alias.py took 0.592 seconds
[2024-12-08T09:46:05.138-0800] {processor.py:186} INFO - Started process (PID=94561) to work on /Users/rishukhurana/anaconda3/lib/python3.11/site-packages/airflow/example_dags/example_dataset_alias.py
[2024-12-08T09:46:05.140-0800] {processor.py:914} INFO - Processing file /Users/rishukhurana/anaconda3/lib/python3.11/site-packages/airflow/example_dags/example_dataset_alias.py for tasks to queue
[2024-12-08T09:46:05.142-0800] {logging_mixin.py:190} INFO - [2024-12-08T09:46:05.142-0800] {dagbag.py:588} INFO - Filling up the DagBag from /Users/rishukhurana/anaconda3/lib/python3.11/site-packages/airflow/example_dags/example_dataset_alias.py
[2024-12-08T09:46:05.656-0800] {processor.py:925} INFO - DAG(s) 'dataset_alias_example_alias_producer', 'dataset_s3_bucket_consumer', 'dataset_s3_bucket_producer', 'dataset_alias_example_alias_consumer' retrieved from /Users/rishukhurana/anaconda3/lib/python3.11/site-packages/airflow/example_dags/example_dataset_alias.py
[2024-12-08T09:46:05.676-0800] {logging_mixin.py:190} INFO - [2024-12-08T09:46:05.676-0800] {dag.py:3239} INFO - Sync 4 DAGs
[2024-12-08T09:46:05.690-0800] {logging_mixin.py:190} INFO - [2024-12-08T09:46:05.690-0800] {dag.py:4180} INFO - Setting next_dagrun for dataset_alias_example_alias_consumer to None, run_after=None
[2024-12-08T09:46:05.692-0800] {logging_mixin.py:190} INFO - [2024-12-08T09:46:05.692-0800] {dag.py:4180} INFO - Setting next_dagrun for dataset_alias_example_alias_producer to None, run_after=None
[2024-12-08T09:46:05.693-0800] {logging_mixin.py:190} INFO - [2024-12-08T09:46:05.693-0800] {dag.py:4180} INFO - Setting next_dagrun for dataset_s3_bucket_consumer to None, run_after=None
[2024-12-08T09:46:05.693-0800] {logging_mixin.py:190} INFO - [2024-12-08T09:46:05.693-0800] {dag.py:4180} INFO - Setting next_dagrun for dataset_s3_bucket_producer to None, run_after=None
[2024-12-08T09:46:05.710-0800] {processor.py:208} INFO - Processing /Users/rishukhurana/anaconda3/lib/python3.11/site-packages/airflow/example_dags/example_dataset_alias.py took 0.578 seconds
[2024-12-08T09:51:33.760-0800] {processor.py:186} INFO - Started process (PID=94893) to work on /Users/rishukhurana/anaconda3/lib/python3.11/site-packages/airflow/example_dags/example_dataset_alias.py
[2024-12-08T09:51:33.762-0800] {processor.py:914} INFO - Processing file /Users/rishukhurana/anaconda3/lib/python3.11/site-packages/airflow/example_dags/example_dataset_alias.py for tasks to queue
[2024-12-08T09:51:33.764-0800] {logging_mixin.py:190} INFO - [2024-12-08T09:51:33.764-0800] {dagbag.py:588} INFO - Filling up the DagBag from /Users/rishukhurana/anaconda3/lib/python3.11/site-packages/airflow/example_dags/example_dataset_alias.py
[2024-12-08T09:51:34.285-0800] {processor.py:925} INFO - DAG(s) 'dataset_s3_bucket_producer', 'dataset_alias_example_alias_consumer', 'dataset_alias_example_alias_producer', 'dataset_s3_bucket_consumer' retrieved from /Users/rishukhurana/anaconda3/lib/python3.11/site-packages/airflow/example_dags/example_dataset_alias.py
[2024-12-08T09:51:34.305-0800] {logging_mixin.py:190} INFO - [2024-12-08T09:51:34.305-0800] {dag.py:3239} INFO - Sync 4 DAGs
[2024-12-08T09:51:34.320-0800] {logging_mixin.py:190} INFO - [2024-12-08T09:51:34.320-0800] {dag.py:4180} INFO - Setting next_dagrun for dataset_alias_example_alias_consumer to None, run_after=None
[2024-12-08T09:51:34.322-0800] {logging_mixin.py:190} INFO - [2024-12-08T09:51:34.322-0800] {dag.py:4180} INFO - Setting next_dagrun for dataset_alias_example_alias_producer to None, run_after=None
[2024-12-08T09:51:34.323-0800] {logging_mixin.py:190} INFO - [2024-12-08T09:51:34.322-0800] {dag.py:4180} INFO - Setting next_dagrun for dataset_s3_bucket_consumer to None, run_after=None
[2024-12-08T09:51:34.323-0800] {logging_mixin.py:190} INFO - [2024-12-08T09:51:34.323-0800] {dag.py:4180} INFO - Setting next_dagrun for dataset_s3_bucket_producer to None, run_after=None
[2024-12-08T09:51:34.339-0800] {processor.py:208} INFO - Processing /Users/rishukhurana/anaconda3/lib/python3.11/site-packages/airflow/example_dags/example_dataset_alias.py took 0.585 seconds
[2024-12-08T09:57:00.575-0800] {processor.py:186} INFO - Started process (PID=95225) to work on /Users/rishukhurana/anaconda3/lib/python3.11/site-packages/airflow/example_dags/example_dataset_alias.py
[2024-12-08T09:57:00.576-0800] {processor.py:914} INFO - Processing file /Users/rishukhurana/anaconda3/lib/python3.11/site-packages/airflow/example_dags/example_dataset_alias.py for tasks to queue
[2024-12-08T09:57:00.577-0800] {logging_mixin.py:190} INFO - [2024-12-08T09:57:00.577-0800] {dagbag.py:588} INFO - Filling up the DagBag from /Users/rishukhurana/anaconda3/lib/python3.11/site-packages/airflow/example_dags/example_dataset_alias.py
[2024-12-08T09:57:01.094-0800] {processor.py:925} INFO - DAG(s) 'dataset_alias_example_alias_producer', 'dataset_s3_bucket_consumer', 'dataset_s3_bucket_producer', 'dataset_alias_example_alias_consumer' retrieved from /Users/rishukhurana/anaconda3/lib/python3.11/site-packages/airflow/example_dags/example_dataset_alias.py
[2024-12-08T09:57:01.114-0800] {logging_mixin.py:190} INFO - [2024-12-08T09:57:01.114-0800] {dag.py:3239} INFO - Sync 4 DAGs
[2024-12-08T09:57:01.128-0800] {logging_mixin.py:190} INFO - [2024-12-08T09:57:01.127-0800] {dag.py:4180} INFO - Setting next_dagrun for dataset_alias_example_alias_consumer to None, run_after=None
[2024-12-08T09:57:01.129-0800] {logging_mixin.py:190} INFO - [2024-12-08T09:57:01.129-0800] {dag.py:4180} INFO - Setting next_dagrun for dataset_alias_example_alias_producer to None, run_after=None
[2024-12-08T09:57:01.130-0800] {logging_mixin.py:190} INFO - [2024-12-08T09:57:01.130-0800] {dag.py:4180} INFO - Setting next_dagrun for dataset_s3_bucket_consumer to None, run_after=None
[2024-12-08T09:57:01.131-0800] {logging_mixin.py:190} INFO - [2024-12-08T09:57:01.130-0800] {dag.py:4180} INFO - Setting next_dagrun for dataset_s3_bucket_producer to None, run_after=None
[2024-12-08T09:57:01.154-0800] {processor.py:208} INFO - Processing /Users/rishukhurana/anaconda3/lib/python3.11/site-packages/airflow/example_dags/example_dataset_alias.py took 0.585 seconds
[2024-12-08T10:02:25.379-0800] {processor.py:186} INFO - Started process (PID=95568) to work on /Users/rishukhurana/anaconda3/lib/python3.11/site-packages/airflow/example_dags/example_dataset_alias.py
[2024-12-08T10:02:25.381-0800] {processor.py:914} INFO - Processing file /Users/rishukhurana/anaconda3/lib/python3.11/site-packages/airflow/example_dags/example_dataset_alias.py for tasks to queue
[2024-12-08T10:02:25.382-0800] {logging_mixin.py:190} INFO - [2024-12-08T10:02:25.382-0800] {dagbag.py:588} INFO - Filling up the DagBag from /Users/rishukhurana/anaconda3/lib/python3.11/site-packages/airflow/example_dags/example_dataset_alias.py
[2024-12-08T10:02:25.901-0800] {processor.py:925} INFO - DAG(s) 'dataset_alias_example_alias_consumer', 'dataset_s3_bucket_producer', 'dataset_s3_bucket_consumer', 'dataset_alias_example_alias_producer' retrieved from /Users/rishukhurana/anaconda3/lib/python3.11/site-packages/airflow/example_dags/example_dataset_alias.py
[2024-12-08T10:02:25.919-0800] {logging_mixin.py:190} INFO - [2024-12-08T10:02:25.919-0800] {dag.py:3239} INFO - Sync 4 DAGs
[2024-12-08T10:02:25.933-0800] {logging_mixin.py:190} INFO - [2024-12-08T10:02:25.932-0800] {dag.py:4180} INFO - Setting next_dagrun for dataset_alias_example_alias_consumer to None, run_after=None
[2024-12-08T10:02:25.934-0800] {logging_mixin.py:190} INFO - [2024-12-08T10:02:25.934-0800] {dag.py:4180} INFO - Setting next_dagrun for dataset_alias_example_alias_producer to None, run_after=None
[2024-12-08T10:02:25.935-0800] {logging_mixin.py:190} INFO - [2024-12-08T10:02:25.935-0800] {dag.py:4180} INFO - Setting next_dagrun for dataset_s3_bucket_consumer to None, run_after=None
[2024-12-08T10:02:25.936-0800] {logging_mixin.py:190} INFO - [2024-12-08T10:02:25.935-0800] {dag.py:4180} INFO - Setting next_dagrun for dataset_s3_bucket_producer to None, run_after=None
[2024-12-08T10:02:25.953-0800] {processor.py:208} INFO - Processing /Users/rishukhurana/anaconda3/lib/python3.11/site-packages/airflow/example_dags/example_dataset_alias.py took 0.579 seconds
[2024-12-08T10:08:05.020-0800] {processor.py:186} INFO - Started process (PID=95924) to work on /Users/rishukhurana/anaconda3/lib/python3.11/site-packages/airflow/example_dags/example_dataset_alias.py
[2024-12-08T10:08:05.021-0800] {processor.py:914} INFO - Processing file /Users/rishukhurana/anaconda3/lib/python3.11/site-packages/airflow/example_dags/example_dataset_alias.py for tasks to queue
[2024-12-08T10:08:05.022-0800] {logging_mixin.py:190} INFO - [2024-12-08T10:08:05.022-0800] {dagbag.py:588} INFO - Filling up the DagBag from /Users/rishukhurana/anaconda3/lib/python3.11/site-packages/airflow/example_dags/example_dataset_alias.py
[2024-12-08T10:08:05.589-0800] {processor.py:925} INFO - DAG(s) 'dataset_alias_example_alias_consumer', 'dataset_s3_bucket_consumer', 'dataset_alias_example_alias_producer', 'dataset_s3_bucket_producer' retrieved from /Users/rishukhurana/anaconda3/lib/python3.11/site-packages/airflow/example_dags/example_dataset_alias.py
[2024-12-08T10:08:05.610-0800] {logging_mixin.py:190} INFO - [2024-12-08T10:08:05.610-0800] {dag.py:3239} INFO - Sync 4 DAGs
[2024-12-08T10:08:05.625-0800] {logging_mixin.py:190} INFO - [2024-12-08T10:08:05.625-0800] {dag.py:4180} INFO - Setting next_dagrun for dataset_alias_example_alias_consumer to None, run_after=None
[2024-12-08T10:08:05.628-0800] {logging_mixin.py:190} INFO - [2024-12-08T10:08:05.627-0800] {dag.py:4180} INFO - Setting next_dagrun for dataset_alias_example_alias_producer to None, run_after=None
[2024-12-08T10:08:05.628-0800] {logging_mixin.py:190} INFO - [2024-12-08T10:08:05.628-0800] {dag.py:4180} INFO - Setting next_dagrun for dataset_s3_bucket_consumer to None, run_after=None
[2024-12-08T10:08:05.629-0800] {logging_mixin.py:190} INFO - [2024-12-08T10:08:05.629-0800] {dag.py:4180} INFO - Setting next_dagrun for dataset_s3_bucket_producer to None, run_after=None
[2024-12-08T10:08:05.647-0800] {processor.py:208} INFO - Processing /Users/rishukhurana/anaconda3/lib/python3.11/site-packages/airflow/example_dags/example_dataset_alias.py took 0.633 seconds
[2024-12-08T10:13:46.490-0800] {processor.py:186} INFO - Started process (PID=96274) to work on /Users/rishukhurana/anaconda3/lib/python3.11/site-packages/airflow/example_dags/example_dataset_alias.py
[2024-12-08T10:13:46.493-0800] {processor.py:914} INFO - Processing file /Users/rishukhurana/anaconda3/lib/python3.11/site-packages/airflow/example_dags/example_dataset_alias.py for tasks to queue
[2024-12-08T10:13:46.494-0800] {logging_mixin.py:190} INFO - [2024-12-08T10:13:46.494-0800] {dagbag.py:588} INFO - Filling up the DagBag from /Users/rishukhurana/anaconda3/lib/python3.11/site-packages/airflow/example_dags/example_dataset_alias.py
[2024-12-08T10:13:47.036-0800] {processor.py:925} INFO - DAG(s) 'dataset_alias_example_alias_producer', 'dataset_s3_bucket_consumer', 'dataset_s3_bucket_producer', 'dataset_alias_example_alias_consumer' retrieved from /Users/rishukhurana/anaconda3/lib/python3.11/site-packages/airflow/example_dags/example_dataset_alias.py
[2024-12-08T10:13:47.055-0800] {logging_mixin.py:190} INFO - [2024-12-08T10:13:47.055-0800] {dag.py:3239} INFO - Sync 4 DAGs
[2024-12-08T10:13:47.070-0800] {logging_mixin.py:190} INFO - [2024-12-08T10:13:47.070-0800] {dag.py:4180} INFO - Setting next_dagrun for dataset_alias_example_alias_consumer to None, run_after=None
[2024-12-08T10:13:47.072-0800] {logging_mixin.py:190} INFO - [2024-12-08T10:13:47.072-0800] {dag.py:4180} INFO - Setting next_dagrun for dataset_alias_example_alias_producer to None, run_after=None
[2024-12-08T10:13:47.073-0800] {logging_mixin.py:190} INFO - [2024-12-08T10:13:47.073-0800] {dag.py:4180} INFO - Setting next_dagrun for dataset_s3_bucket_consumer to None, run_after=None
[2024-12-08T10:13:47.073-0800] {logging_mixin.py:190} INFO - [2024-12-08T10:13:47.073-0800] {dag.py:4180} INFO - Setting next_dagrun for dataset_s3_bucket_producer to None, run_after=None
[2024-12-08T10:13:47.091-0800] {processor.py:208} INFO - Processing /Users/rishukhurana/anaconda3/lib/python3.11/site-packages/airflow/example_dags/example_dataset_alias.py took 0.606 seconds
[2024-12-08T10:19:38.657-0800] {processor.py:186} INFO - Started process (PID=96620) to work on /Users/rishukhurana/anaconda3/lib/python3.11/site-packages/airflow/example_dags/example_dataset_alias.py
[2024-12-08T10:19:38.659-0800] {processor.py:914} INFO - Processing file /Users/rishukhurana/anaconda3/lib/python3.11/site-packages/airflow/example_dags/example_dataset_alias.py for tasks to queue
[2024-12-08T10:19:38.661-0800] {logging_mixin.py:190} INFO - [2024-12-08T10:19:38.660-0800] {dagbag.py:588} INFO - Filling up the DagBag from /Users/rishukhurana/anaconda3/lib/python3.11/site-packages/airflow/example_dags/example_dataset_alias.py
[2024-12-08T10:19:39.240-0800] {processor.py:925} INFO - DAG(s) 'dataset_s3_bucket_consumer', 'dataset_alias_example_alias_producer', 'dataset_alias_example_alias_consumer', 'dataset_s3_bucket_producer' retrieved from /Users/rishukhurana/anaconda3/lib/python3.11/site-packages/airflow/example_dags/example_dataset_alias.py
[2024-12-08T10:19:39.260-0800] {logging_mixin.py:190} INFO - [2024-12-08T10:19:39.260-0800] {dag.py:3239} INFO - Sync 4 DAGs
[2024-12-08T10:19:39.276-0800] {logging_mixin.py:190} INFO - [2024-12-08T10:19:39.276-0800] {dag.py:4180} INFO - Setting next_dagrun for dataset_alias_example_alias_consumer to None, run_after=None
[2024-12-08T10:19:39.278-0800] {logging_mixin.py:190} INFO - [2024-12-08T10:19:39.278-0800] {dag.py:4180} INFO - Setting next_dagrun for dataset_alias_example_alias_producer to None, run_after=None
[2024-12-08T10:19:39.279-0800] {logging_mixin.py:190} INFO - [2024-12-08T10:19:39.278-0800] {dag.py:4180} INFO - Setting next_dagrun for dataset_s3_bucket_consumer to None, run_after=None
[2024-12-08T10:19:39.279-0800] {logging_mixin.py:190} INFO - [2024-12-08T10:19:39.279-0800] {dag.py:4180} INFO - Setting next_dagrun for dataset_s3_bucket_producer to None, run_after=None
[2024-12-08T10:19:39.300-0800] {processor.py:208} INFO - Processing /Users/rishukhurana/anaconda3/lib/python3.11/site-packages/airflow/example_dags/example_dataset_alias.py took 0.649 seconds
