[2024-12-16T20:54:54.269-0800] {processor.py:186} INFO - Started process (PID=45068) to work on /Users/rishukhurana/airflow/dags/modular_bizlogic_modular.py
[2024-12-16T20:54:54.271-0800] {processor.py:914} INFO - Processing file /Users/rishukhurana/airflow/dags/modular_bizlogic_modular.py for tasks to queue
[2024-12-16T20:54:54.272-0800] {logging_mixin.py:190} INFO - [2024-12-16T20:54:54.272-0800] {dagbag.py:588} INFO - Filling up the DagBag from /Users/rishukhurana/airflow/dags/modular_bizlogic_modular.py
[2024-12-16T20:54:54.877-0800] {logging_mixin.py:190} INFO - [2024-12-16T20:54:54.876-0800] {utils.py:160} INFO - NumExpr defaulting to 8 threads.
[2024-12-16T20:54:55.382-0800] {processor.py:925} INFO - DAG(s) 'ALL_IN_ONE_Modular_etl' retrieved from /Users/rishukhurana/airflow/dags/modular_bizlogic_modular.py
[2024-12-16T20:54:55.456-0800] {logging_mixin.py:190} INFO - [2024-12-16T20:54:55.456-0800] {dag.py:3239} INFO - Sync 1 DAGs
[2024-12-16T20:54:55.474-0800] {logging_mixin.py:190} INFO - [2024-12-16T20:54:55.474-0800] {dag.py:4180} INFO - Setting next_dagrun for ALL_IN_ONE_Modular_etl to 2024-12-17 00:00:00+00:00, run_after=2024-12-18 00:00:00+00:00
[2024-12-16T20:54:55.487-0800] {processor.py:208} INFO - Processing /Users/rishukhurana/airflow/dags/modular_bizlogic_modular.py took 1.224 seconds
[2024-12-17T02:52:58.417-0800] {processor.py:186} INFO - Started process (PID=45319) to work on /Users/rishukhurana/airflow/dags/modular_bizlogic_modular.py
[2024-12-17T02:52:58.419-0800] {processor.py:914} INFO - Processing file /Users/rishukhurana/airflow/dags/modular_bizlogic_modular.py for tasks to queue
[2024-12-17T02:52:58.420-0800] {logging_mixin.py:190} INFO - [2024-12-17T02:52:58.420-0800] {dagbag.py:588} INFO - Filling up the DagBag from /Users/rishukhurana/airflow/dags/modular_bizlogic_modular.py
[2024-12-17T02:52:58.812-0800] {logging_mixin.py:190} INFO - [2024-12-17T02:52:58.811-0800] {utils.py:160} INFO - NumExpr defaulting to 8 threads.
[2024-12-17T02:52:59.140-0800] {processor.py:925} INFO - DAG(s) 'ALL_IN_ONE_Modular_etl' retrieved from /Users/rishukhurana/airflow/dags/modular_bizlogic_modular.py
[2024-12-17T02:52:59.220-0800] {logging_mixin.py:190} INFO - [2024-12-17T02:52:59.220-0800] {dag.py:3239} INFO - Sync 1 DAGs
[2024-12-17T02:52:59.239-0800] {logging_mixin.py:190} INFO - [2024-12-17T02:52:59.239-0800] {dag.py:4180} INFO - Setting next_dagrun for ALL_IN_ONE_Modular_etl to 2024-12-17 00:00:00+00:00, run_after=2024-12-18 00:00:00+00:00
[2024-12-17T02:52:59.259-0800] {processor.py:208} INFO - Processing /Users/rishukhurana/airflow/dags/modular_bizlogic_modular.py took 0.848 seconds
[2024-12-17T02:56:05.025-0800] {processor.py:186} INFO - Started process (PID=45493) to work on /Users/rishukhurana/airflow/dags/modular_bizlogic_modular.py
[2024-12-17T02:56:05.026-0800] {processor.py:914} INFO - Processing file /Users/rishukhurana/airflow/dags/modular_bizlogic_modular.py for tasks to queue
[2024-12-17T02:56:05.027-0800] {logging_mixin.py:190} INFO - [2024-12-17T02:56:05.027-0800] {dagbag.py:588} INFO - Filling up the DagBag from /Users/rishukhurana/airflow/dags/modular_bizlogic_modular.py
[2024-12-17T02:56:05.504-0800] {logging_mixin.py:190} INFO - [2024-12-17T02:56:05.503-0800] {utils.py:160} INFO - NumExpr defaulting to 8 threads.
[2024-12-17T02:56:05.958-0800] {processor.py:925} INFO - DAG(s) 'ALL_IN_ONE_Modular_etl' retrieved from /Users/rishukhurana/airflow/dags/modular_bizlogic_modular.py
[2024-12-17T02:56:06.054-0800] {logging_mixin.py:190} INFO - [2024-12-17T02:56:06.053-0800] {dag.py:3239} INFO - Sync 1 DAGs
[2024-12-17T02:56:06.075-0800] {logging_mixin.py:190} INFO - [2024-12-17T02:56:06.074-0800] {dag.py:4180} INFO - Setting next_dagrun for ALL_IN_ONE_Modular_etl to 2024-12-17 00:00:00+00:00, run_after=2024-12-18 00:00:00+00:00
[2024-12-17T02:56:06.091-0800] {processor.py:208} INFO - Processing /Users/rishukhurana/airflow/dags/modular_bizlogic_modular.py took 1.073 seconds
[2024-12-17T02:59:12.594-0800] {processor.py:186} INFO - Started process (PID=45680) to work on /Users/rishukhurana/airflow/dags/modular_bizlogic_modular.py
[2024-12-17T02:59:12.597-0800] {processor.py:914} INFO - Processing file /Users/rishukhurana/airflow/dags/modular_bizlogic_modular.py for tasks to queue
[2024-12-17T02:59:12.598-0800] {logging_mixin.py:190} INFO - [2024-12-17T02:59:12.598-0800] {dagbag.py:588} INFO - Filling up the DagBag from /Users/rishukhurana/airflow/dags/modular_bizlogic_modular.py
[2024-12-17T02:59:13.085-0800] {logging_mixin.py:190} INFO - [2024-12-17T02:59:13.084-0800] {utils.py:160} INFO - NumExpr defaulting to 8 threads.
[2024-12-17T02:59:13.577-0800] {processor.py:925} INFO - DAG(s) 'ALL_IN_ONE_Modular_etl' retrieved from /Users/rishukhurana/airflow/dags/modular_bizlogic_modular.py
[2024-12-17T02:59:13.658-0800] {logging_mixin.py:190} INFO - [2024-12-17T02:59:13.658-0800] {dag.py:3239} INFO - Sync 1 DAGs
[2024-12-17T02:59:13.679-0800] {logging_mixin.py:190} INFO - [2024-12-17T02:59:13.679-0800] {dag.py:4180} INFO - Setting next_dagrun for ALL_IN_ONE_Modular_etl to 2024-12-17 00:00:00+00:00, run_after=2024-12-18 00:00:00+00:00
[2024-12-17T02:59:13.698-0800] {processor.py:208} INFO - Processing /Users/rishukhurana/airflow/dags/modular_bizlogic_modular.py took 1.109 seconds
[2024-12-17T03:02:17.137-0800] {processor.py:186} INFO - Started process (PID=45833) to work on /Users/rishukhurana/airflow/dags/modular_bizlogic_modular.py
[2024-12-17T03:02:17.140-0800] {processor.py:914} INFO - Processing file /Users/rishukhurana/airflow/dags/modular_bizlogic_modular.py for tasks to queue
[2024-12-17T03:02:17.141-0800] {logging_mixin.py:190} INFO - [2024-12-17T03:02:17.141-0800] {dagbag.py:588} INFO - Filling up the DagBag from /Users/rishukhurana/airflow/dags/modular_bizlogic_modular.py
[2024-12-17T03:02:17.607-0800] {logging_mixin.py:190} INFO - [2024-12-17T03:02:17.606-0800] {utils.py:160} INFO - NumExpr defaulting to 8 threads.
[2024-12-17T03:02:18.098-0800] {processor.py:925} INFO - DAG(s) 'ALL_IN_ONE_Modular_etl' retrieved from /Users/rishukhurana/airflow/dags/modular_bizlogic_modular.py
[2024-12-17T03:02:18.183-0800] {logging_mixin.py:190} INFO - [2024-12-17T03:02:18.183-0800] {dag.py:3239} INFO - Sync 1 DAGs
[2024-12-17T03:02:18.205-0800] {logging_mixin.py:190} INFO - [2024-12-17T03:02:18.205-0800] {dag.py:4180} INFO - Setting next_dagrun for ALL_IN_ONE_Modular_etl to 2024-12-17 00:00:00+00:00, run_after=2024-12-18 00:00:00+00:00
[2024-12-17T03:02:18.221-0800] {processor.py:208} INFO - Processing /Users/rishukhurana/airflow/dags/modular_bizlogic_modular.py took 1.088 seconds
[2024-12-17T03:05:26.694-0800] {processor.py:186} INFO - Started process (PID=46024) to work on /Users/rishukhurana/airflow/dags/modular_bizlogic_modular.py
[2024-12-17T03:05:26.696-0800] {processor.py:914} INFO - Processing file /Users/rishukhurana/airflow/dags/modular_bizlogic_modular.py for tasks to queue
[2024-12-17T03:05:26.697-0800] {logging_mixin.py:190} INFO - [2024-12-17T03:05:26.697-0800] {dagbag.py:588} INFO - Filling up the DagBag from /Users/rishukhurana/airflow/dags/modular_bizlogic_modular.py
[2024-12-17T03:05:27.217-0800] {logging_mixin.py:190} INFO - [2024-12-17T03:05:27.216-0800] {utils.py:160} INFO - NumExpr defaulting to 8 threads.
[2024-12-17T03:05:27.733-0800] {processor.py:925} INFO - DAG(s) 'ALL_IN_ONE_Modular_etl' retrieved from /Users/rishukhurana/airflow/dags/modular_bizlogic_modular.py
[2024-12-17T03:05:27.823-0800] {logging_mixin.py:190} INFO - [2024-12-17T03:05:27.822-0800] {dag.py:3239} INFO - Sync 1 DAGs
[2024-12-17T03:05:27.846-0800] {logging_mixin.py:190} INFO - [2024-12-17T03:05:27.846-0800] {dag.py:4180} INFO - Setting next_dagrun for ALL_IN_ONE_Modular_etl to 2024-12-17 00:00:00+00:00, run_after=2024-12-18 00:00:00+00:00
[2024-12-17T03:05:27.867-0800] {processor.py:208} INFO - Processing /Users/rishukhurana/airflow/dags/modular_bizlogic_modular.py took 1.179 seconds
[2024-12-17T03:08:33.633-0800] {processor.py:186} INFO - Started process (PID=46174) to work on /Users/rishukhurana/airflow/dags/modular_bizlogic_modular.py
[2024-12-17T03:08:33.634-0800] {processor.py:914} INFO - Processing file /Users/rishukhurana/airflow/dags/modular_bizlogic_modular.py for tasks to queue
[2024-12-17T03:08:33.636-0800] {logging_mixin.py:190} INFO - [2024-12-17T03:08:33.635-0800] {dagbag.py:588} INFO - Filling up the DagBag from /Users/rishukhurana/airflow/dags/modular_bizlogic_modular.py
[2024-12-17T03:08:34.105-0800] {logging_mixin.py:190} INFO - [2024-12-17T03:08:34.105-0800] {utils.py:160} INFO - NumExpr defaulting to 8 threads.
[2024-12-17T03:08:34.575-0800] {processor.py:925} INFO - DAG(s) 'ALL_IN_ONE_Modular_etl' retrieved from /Users/rishukhurana/airflow/dags/modular_bizlogic_modular.py
[2024-12-17T03:08:34.669-0800] {logging_mixin.py:190} INFO - [2024-12-17T03:08:34.668-0800] {dag.py:3239} INFO - Sync 1 DAGs
[2024-12-17T03:08:34.688-0800] {logging_mixin.py:190} INFO - [2024-12-17T03:08:34.688-0800] {dag.py:4180} INFO - Setting next_dagrun for ALL_IN_ONE_Modular_etl to 2024-12-17 00:00:00+00:00, run_after=2024-12-18 00:00:00+00:00
[2024-12-17T03:08:34.704-0800] {processor.py:208} INFO - Processing /Users/rishukhurana/airflow/dags/modular_bizlogic_modular.py took 1.076 seconds
[2024-12-17T03:11:51.321-0800] {processor.py:186} INFO - Started process (PID=46326) to work on /Users/rishukhurana/airflow/dags/modular_bizlogic_modular.py
[2024-12-17T03:11:51.323-0800] {processor.py:914} INFO - Processing file /Users/rishukhurana/airflow/dags/modular_bizlogic_modular.py for tasks to queue
[2024-12-17T03:11:51.325-0800] {logging_mixin.py:190} INFO - [2024-12-17T03:11:51.324-0800] {dagbag.py:588} INFO - Filling up the DagBag from /Users/rishukhurana/airflow/dags/modular_bizlogic_modular.py
[2024-12-17T03:11:51.867-0800] {logging_mixin.py:190} INFO - [2024-12-17T03:11:51.867-0800] {utils.py:160} INFO - NumExpr defaulting to 8 threads.
[2024-12-17T03:11:52.323-0800] {processor.py:925} INFO - DAG(s) 'ALL_IN_ONE_Modular_etl' retrieved from /Users/rishukhurana/airflow/dags/modular_bizlogic_modular.py
[2024-12-17T03:11:52.405-0800] {logging_mixin.py:190} INFO - [2024-12-17T03:11:52.405-0800] {dag.py:3239} INFO - Sync 1 DAGs
[2024-12-17T03:11:52.424-0800] {logging_mixin.py:190} INFO - [2024-12-17T03:11:52.424-0800] {dag.py:4180} INFO - Setting next_dagrun for ALL_IN_ONE_Modular_etl to 2024-12-17 00:00:00+00:00, run_after=2024-12-18 00:00:00+00:00
[2024-12-17T03:11:52.438-0800] {processor.py:208} INFO - Processing /Users/rishukhurana/airflow/dags/modular_bizlogic_modular.py took 1.122 seconds
[2024-12-17T03:14:55.824-0800] {processor.py:186} INFO - Started process (PID=46471) to work on /Users/rishukhurana/airflow/dags/modular_bizlogic_modular.py
[2024-12-17T03:14:55.825-0800] {processor.py:914} INFO - Processing file /Users/rishukhurana/airflow/dags/modular_bizlogic_modular.py for tasks to queue
[2024-12-17T03:14:55.826-0800] {logging_mixin.py:190} INFO - [2024-12-17T03:14:55.826-0800] {dagbag.py:588} INFO - Filling up the DagBag from /Users/rishukhurana/airflow/dags/modular_bizlogic_modular.py
[2024-12-17T03:14:56.481-0800] {logging_mixin.py:190} INFO - [2024-12-17T03:14:56.481-0800] {utils.py:160} INFO - NumExpr defaulting to 8 threads.
[2024-12-17T03:14:56.984-0800] {processor.py:925} INFO - DAG(s) 'ALL_IN_ONE_Modular_etl' retrieved from /Users/rishukhurana/airflow/dags/modular_bizlogic_modular.py
[2024-12-17T03:14:57.307-0800] {logging_mixin.py:190} INFO - [2024-12-17T03:14:57.307-0800] {dag.py:3239} INFO - Sync 1 DAGs
[2024-12-17T03:14:57.327-0800] {logging_mixin.py:190} INFO - [2024-12-17T03:14:57.327-0800] {dag.py:4180} INFO - Setting next_dagrun for ALL_IN_ONE_Modular_etl to 2024-12-17 00:00:00+00:00, run_after=2024-12-18 00:00:00+00:00
[2024-12-17T03:14:57.341-0800] {processor.py:208} INFO - Processing /Users/rishukhurana/airflow/dags/modular_bizlogic_modular.py took 1.523 seconds
[2024-12-17T03:18:10.159-0800] {processor.py:186} INFO - Started process (PID=46684) to work on /Users/rishukhurana/airflow/dags/modular_bizlogic_modular.py
[2024-12-17T03:18:10.162-0800] {processor.py:914} INFO - Processing file /Users/rishukhurana/airflow/dags/modular_bizlogic_modular.py for tasks to queue
[2024-12-17T03:18:10.163-0800] {logging_mixin.py:190} INFO - [2024-12-17T03:18:10.163-0800] {dagbag.py:588} INFO - Filling up the DagBag from /Users/rishukhurana/airflow/dags/modular_bizlogic_modular.py
[2024-12-17T03:18:10.640-0800] {logging_mixin.py:190} INFO - [2024-12-17T03:18:10.640-0800] {utils.py:160} INFO - NumExpr defaulting to 8 threads.
[2024-12-17T03:18:11.140-0800] {processor.py:925} INFO - DAG(s) 'ALL_IN_ONE_Modular_etl' retrieved from /Users/rishukhurana/airflow/dags/modular_bizlogic_modular.py
[2024-12-17T03:18:11.224-0800] {logging_mixin.py:190} INFO - [2024-12-17T03:18:11.224-0800] {dag.py:3239} INFO - Sync 1 DAGs
[2024-12-17T03:18:11.244-0800] {logging_mixin.py:190} INFO - [2024-12-17T03:18:11.244-0800] {dag.py:4180} INFO - Setting next_dagrun for ALL_IN_ONE_Modular_etl to 2024-12-17 00:00:00+00:00, run_after=2024-12-18 00:00:00+00:00
[2024-12-17T03:18:11.261-0800] {processor.py:208} INFO - Processing /Users/rishukhurana/airflow/dags/modular_bizlogic_modular.py took 1.107 seconds
[2024-12-17T03:21:10.324-0800] {processor.py:186} INFO - Started process (PID=46831) to work on /Users/rishukhurana/airflow/dags/modular_bizlogic_modular.py
[2024-12-17T03:21:10.326-0800] {processor.py:914} INFO - Processing file /Users/rishukhurana/airflow/dags/modular_bizlogic_modular.py for tasks to queue
[2024-12-17T03:21:10.327-0800] {logging_mixin.py:190} INFO - [2024-12-17T03:21:10.327-0800] {dagbag.py:588} INFO - Filling up the DagBag from /Users/rishukhurana/airflow/dags/modular_bizlogic_modular.py
[2024-12-17T03:21:10.814-0800] {logging_mixin.py:190} INFO - [2024-12-17T03:21:10.814-0800] {utils.py:160} INFO - NumExpr defaulting to 8 threads.
[2024-12-17T03:21:11.288-0800] {processor.py:925} INFO - DAG(s) 'ALL_IN_ONE_Modular_etl' retrieved from /Users/rishukhurana/airflow/dags/modular_bizlogic_modular.py
[2024-12-17T03:21:11.382-0800] {logging_mixin.py:190} INFO - [2024-12-17T03:21:11.382-0800] {dag.py:3239} INFO - Sync 1 DAGs
[2024-12-17T03:21:11.403-0800] {logging_mixin.py:190} INFO - [2024-12-17T03:21:11.403-0800] {dag.py:4180} INFO - Setting next_dagrun for ALL_IN_ONE_Modular_etl to 2024-12-17 00:00:00+00:00, run_after=2024-12-18 00:00:00+00:00
[2024-12-17T03:21:11.421-0800] {processor.py:208} INFO - Processing /Users/rishukhurana/airflow/dags/modular_bizlogic_modular.py took 1.103 seconds
[2024-12-17T03:24:12.480-0800] {processor.py:186} INFO - Started process (PID=46982) to work on /Users/rishukhurana/airflow/dags/modular_bizlogic_modular.py
[2024-12-17T03:24:12.482-0800] {processor.py:914} INFO - Processing file /Users/rishukhurana/airflow/dags/modular_bizlogic_modular.py for tasks to queue
[2024-12-17T03:24:12.484-0800] {logging_mixin.py:190} INFO - [2024-12-17T03:24:12.484-0800] {dagbag.py:588} INFO - Filling up the DagBag from /Users/rishukhurana/airflow/dags/modular_bizlogic_modular.py
[2024-12-17T03:24:13.024-0800] {logging_mixin.py:190} INFO - [2024-12-17T03:24:13.023-0800] {utils.py:160} INFO - NumExpr defaulting to 8 threads.
[2024-12-17T03:24:13.509-0800] {processor.py:925} INFO - DAG(s) 'ALL_IN_ONE_Modular_etl' retrieved from /Users/rishukhurana/airflow/dags/modular_bizlogic_modular.py
[2024-12-17T03:24:13.615-0800] {logging_mixin.py:190} INFO - [2024-12-17T03:24:13.614-0800] {dag.py:3239} INFO - Sync 1 DAGs
[2024-12-17T03:24:13.635-0800] {logging_mixin.py:190} INFO - [2024-12-17T03:24:13.635-0800] {dag.py:4180} INFO - Setting next_dagrun for ALL_IN_ONE_Modular_etl to 2024-12-17 00:00:00+00:00, run_after=2024-12-18 00:00:00+00:00
[2024-12-17T03:24:13.650-0800] {processor.py:208} INFO - Processing /Users/rishukhurana/airflow/dags/modular_bizlogic_modular.py took 1.177 seconds
[2024-12-17T03:27:19.682-0800] {processor.py:186} INFO - Started process (PID=47127) to work on /Users/rishukhurana/airflow/dags/modular_bizlogic_modular.py
[2024-12-17T03:27:19.684-0800] {processor.py:914} INFO - Processing file /Users/rishukhurana/airflow/dags/modular_bizlogic_modular.py for tasks to queue
[2024-12-17T03:27:19.685-0800] {logging_mixin.py:190} INFO - [2024-12-17T03:27:19.685-0800] {dagbag.py:588} INFO - Filling up the DagBag from /Users/rishukhurana/airflow/dags/modular_bizlogic_modular.py
[2024-12-17T03:27:20.163-0800] {logging_mixin.py:190} INFO - [2024-12-17T03:27:20.163-0800] {utils.py:160} INFO - NumExpr defaulting to 8 threads.
[2024-12-17T03:27:20.660-0800] {processor.py:925} INFO - DAG(s) 'ALL_IN_ONE_Modular_etl' retrieved from /Users/rishukhurana/airflow/dags/modular_bizlogic_modular.py
[2024-12-17T03:27:20.750-0800] {logging_mixin.py:190} INFO - [2024-12-17T03:27:20.750-0800] {dag.py:3239} INFO - Sync 1 DAGs
[2024-12-17T03:27:20.770-0800] {logging_mixin.py:190} INFO - [2024-12-17T03:27:20.769-0800] {dag.py:4180} INFO - Setting next_dagrun for ALL_IN_ONE_Modular_etl to 2024-12-17 00:00:00+00:00, run_after=2024-12-18 00:00:00+00:00
[2024-12-17T03:27:20.787-0800] {processor.py:208} INFO - Processing /Users/rishukhurana/airflow/dags/modular_bizlogic_modular.py took 1.109 seconds
[2024-12-17T03:30:19.505-0800] {processor.py:186} INFO - Started process (PID=47284) to work on /Users/rishukhurana/airflow/dags/modular_bizlogic_modular.py
[2024-12-17T03:30:19.507-0800] {processor.py:914} INFO - Processing file /Users/rishukhurana/airflow/dags/modular_bizlogic_modular.py for tasks to queue
[2024-12-17T03:30:19.508-0800] {logging_mixin.py:190} INFO - [2024-12-17T03:30:19.508-0800] {dagbag.py:588} INFO - Filling up the DagBag from /Users/rishukhurana/airflow/dags/modular_bizlogic_modular.py
[2024-12-17T03:30:20.032-0800] {logging_mixin.py:190} INFO - [2024-12-17T03:30:20.031-0800] {utils.py:160} INFO - NumExpr defaulting to 8 threads.
[2024-12-17T03:30:20.539-0800] {processor.py:925} INFO - DAG(s) 'ALL_IN_ONE_Modular_etl' retrieved from /Users/rishukhurana/airflow/dags/modular_bizlogic_modular.py
[2024-12-17T03:30:20.618-0800] {logging_mixin.py:190} INFO - [2024-12-17T03:30:20.617-0800] {dag.py:3239} INFO - Sync 1 DAGs
[2024-12-17T03:30:20.636-0800] {logging_mixin.py:190} INFO - [2024-12-17T03:30:20.636-0800] {dag.py:4180} INFO - Setting next_dagrun for ALL_IN_ONE_Modular_etl to 2024-12-17 00:00:00+00:00, run_after=2024-12-18 00:00:00+00:00
[2024-12-17T03:30:20.650-0800] {processor.py:208} INFO - Processing /Users/rishukhurana/airflow/dags/modular_bizlogic_modular.py took 1.151 seconds
[2024-12-17T03:33:21.415-0800] {processor.py:186} INFO - Started process (PID=47449) to work on /Users/rishukhurana/airflow/dags/modular_bizlogic_modular.py
[2024-12-17T03:33:21.417-0800] {processor.py:914} INFO - Processing file /Users/rishukhurana/airflow/dags/modular_bizlogic_modular.py for tasks to queue
[2024-12-17T03:33:21.419-0800] {logging_mixin.py:190} INFO - [2024-12-17T03:33:21.418-0800] {dagbag.py:588} INFO - Filling up the DagBag from /Users/rishukhurana/airflow/dags/modular_bizlogic_modular.py
[2024-12-17T03:33:21.766-0800] {logging_mixin.py:190} INFO - [2024-12-17T03:33:21.765-0800] {utils.py:160} INFO - NumExpr defaulting to 8 threads.
[2024-12-17T03:33:22.054-0800] {processor.py:925} INFO - DAG(s) 'ALL_IN_ONE_Modular_etl' retrieved from /Users/rishukhurana/airflow/dags/modular_bizlogic_modular.py
[2024-12-17T03:33:22.134-0800] {logging_mixin.py:190} INFO - [2024-12-17T03:33:22.134-0800] {dag.py:3239} INFO - Sync 1 DAGs
[2024-12-17T03:33:22.151-0800] {logging_mixin.py:190} INFO - [2024-12-17T03:33:22.151-0800] {dag.py:4180} INFO - Setting next_dagrun for ALL_IN_ONE_Modular_etl to 2024-12-17 00:00:00+00:00, run_after=2024-12-18 00:00:00+00:00
[2024-12-17T03:33:22.165-0800] {processor.py:208} INFO - Processing /Users/rishukhurana/airflow/dags/modular_bizlogic_modular.py took 0.757 seconds
[2024-12-17T03:36:13.707-0800] {processor.py:186} INFO - Started process (PID=47618) to work on /Users/rishukhurana/airflow/dags/modular_bizlogic_modular.py
[2024-12-17T03:36:13.708-0800] {processor.py:914} INFO - Processing file /Users/rishukhurana/airflow/dags/modular_bizlogic_modular.py for tasks to queue
[2024-12-17T03:36:13.710-0800] {logging_mixin.py:190} INFO - [2024-12-17T03:36:13.710-0800] {dagbag.py:588} INFO - Filling up the DagBag from /Users/rishukhurana/airflow/dags/modular_bizlogic_modular.py
[2024-12-17T03:36:14.062-0800] {logging_mixin.py:190} INFO - [2024-12-17T03:36:14.062-0800] {utils.py:160} INFO - NumExpr defaulting to 8 threads.
[2024-12-17T03:36:14.376-0800] {processor.py:925} INFO - DAG(s) 'ALL_IN_ONE_Modular_etl' retrieved from /Users/rishukhurana/airflow/dags/modular_bizlogic_modular.py
[2024-12-17T03:36:14.453-0800] {logging_mixin.py:190} INFO - [2024-12-17T03:36:14.452-0800] {dag.py:3239} INFO - Sync 1 DAGs
[2024-12-17T03:36:14.470-0800] {logging_mixin.py:190} INFO - [2024-12-17T03:36:14.470-0800] {dag.py:4180} INFO - Setting next_dagrun for ALL_IN_ONE_Modular_etl to 2024-12-17 00:00:00+00:00, run_after=2024-12-18 00:00:00+00:00
[2024-12-17T03:36:14.489-0800] {processor.py:208} INFO - Processing /Users/rishukhurana/airflow/dags/modular_bizlogic_modular.py took 0.788 seconds
[2024-12-17T03:39:39.850-0800] {processor.py:186} INFO - Started process (PID=47773) to work on /Users/rishukhurana/airflow/dags/modular_bizlogic_modular.py
[2024-12-17T03:39:39.852-0800] {processor.py:914} INFO - Processing file /Users/rishukhurana/airflow/dags/modular_bizlogic_modular.py for tasks to queue
[2024-12-17T03:39:39.853-0800] {logging_mixin.py:190} INFO - [2024-12-17T03:39:39.853-0800] {dagbag.py:588} INFO - Filling up the DagBag from /Users/rishukhurana/airflow/dags/modular_bizlogic_modular.py
[2024-12-17T03:39:40.399-0800] {logging_mixin.py:190} INFO - [2024-12-17T03:39:40.398-0800] {utils.py:160} INFO - NumExpr defaulting to 8 threads.
[2024-12-17T03:39:40.830-0800] {processor.py:925} INFO - DAG(s) 'ALL_IN_ONE_Modular_etl' retrieved from /Users/rishukhurana/airflow/dags/modular_bizlogic_modular.py
[2024-12-17T03:39:40.922-0800] {logging_mixin.py:190} INFO - [2024-12-17T03:39:40.921-0800] {dag.py:3239} INFO - Sync 1 DAGs
[2024-12-17T03:39:40.941-0800] {logging_mixin.py:190} INFO - [2024-12-17T03:39:40.941-0800] {dag.py:4180} INFO - Setting next_dagrun for ALL_IN_ONE_Modular_etl to 2024-12-17 00:00:00+00:00, run_after=2024-12-18 00:00:00+00:00
[2024-12-17T03:39:40.957-0800] {processor.py:208} INFO - Processing /Users/rishukhurana/airflow/dags/modular_bizlogic_modular.py took 1.114 seconds
[2024-12-17T03:42:46.184-0800] {processor.py:186} INFO - Started process (PID=47923) to work on /Users/rishukhurana/airflow/dags/modular_bizlogic_modular.py
[2024-12-17T03:42:46.186-0800] {processor.py:914} INFO - Processing file /Users/rishukhurana/airflow/dags/modular_bizlogic_modular.py for tasks to queue
[2024-12-17T03:42:46.188-0800] {logging_mixin.py:190} INFO - [2024-12-17T03:42:46.188-0800] {dagbag.py:588} INFO - Filling up the DagBag from /Users/rishukhurana/airflow/dags/modular_bizlogic_modular.py
[2024-12-17T03:42:46.651-0800] {logging_mixin.py:190} INFO - [2024-12-17T03:42:46.651-0800] {utils.py:160} INFO - NumExpr defaulting to 8 threads.
[2024-12-17T03:42:47.124-0800] {processor.py:925} INFO - DAG(s) 'ALL_IN_ONE_Modular_etl' retrieved from /Users/rishukhurana/airflow/dags/modular_bizlogic_modular.py
[2024-12-17T03:42:47.211-0800] {logging_mixin.py:190} INFO - [2024-12-17T03:42:47.210-0800] {dag.py:3239} INFO - Sync 1 DAGs
[2024-12-17T03:42:47.230-0800] {logging_mixin.py:190} INFO - [2024-12-17T03:42:47.229-0800] {dag.py:4180} INFO - Setting next_dagrun for ALL_IN_ONE_Modular_etl to 2024-12-17 00:00:00+00:00, run_after=2024-12-18 00:00:00+00:00
[2024-12-17T03:42:47.246-0800] {processor.py:208} INFO - Processing /Users/rishukhurana/airflow/dags/modular_bizlogic_modular.py took 1.068 seconds
[2024-12-17T03:45:39.682-0800] {processor.py:186} INFO - Started process (PID=48062) to work on /Users/rishukhurana/airflow/dags/modular_bizlogic_modular.py
[2024-12-17T03:45:39.684-0800] {processor.py:914} INFO - Processing file /Users/rishukhurana/airflow/dags/modular_bizlogic_modular.py for tasks to queue
[2024-12-17T03:45:39.686-0800] {logging_mixin.py:190} INFO - [2024-12-17T03:45:39.686-0800] {dagbag.py:588} INFO - Filling up the DagBag from /Users/rishukhurana/airflow/dags/modular_bizlogic_modular.py
[2024-12-17T03:45:40.173-0800] {logging_mixin.py:190} INFO - [2024-12-17T03:45:40.172-0800] {utils.py:160} INFO - NumExpr defaulting to 8 threads.
[2024-12-17T03:45:40.655-0800] {processor.py:925} INFO - DAG(s) 'ALL_IN_ONE_Modular_etl' retrieved from /Users/rishukhurana/airflow/dags/modular_bizlogic_modular.py
[2024-12-17T03:45:40.737-0800] {logging_mixin.py:190} INFO - [2024-12-17T03:45:40.736-0800] {dag.py:3239} INFO - Sync 1 DAGs
[2024-12-17T03:45:40.756-0800] {logging_mixin.py:190} INFO - [2024-12-17T03:45:40.756-0800] {dag.py:4180} INFO - Setting next_dagrun for ALL_IN_ONE_Modular_etl to 2024-12-17 00:00:00+00:00, run_after=2024-12-18 00:00:00+00:00
[2024-12-17T03:45:40.777-0800] {processor.py:208} INFO - Processing /Users/rishukhurana/airflow/dags/modular_bizlogic_modular.py took 1.101 seconds
[2024-12-17T03:48:37.042-0800] {processor.py:186} INFO - Started process (PID=48215) to work on /Users/rishukhurana/airflow/dags/modular_bizlogic_modular.py
[2024-12-17T03:48:37.044-0800] {processor.py:914} INFO - Processing file /Users/rishukhurana/airflow/dags/modular_bizlogic_modular.py for tasks to queue
[2024-12-17T03:48:37.046-0800] {logging_mixin.py:190} INFO - [2024-12-17T03:48:37.046-0800] {dagbag.py:588} INFO - Filling up the DagBag from /Users/rishukhurana/airflow/dags/modular_bizlogic_modular.py
[2024-12-17T03:48:37.594-0800] {logging_mixin.py:190} INFO - [2024-12-17T03:48:37.594-0800] {utils.py:160} INFO - NumExpr defaulting to 8 threads.
[2024-12-17T03:48:38.115-0800] {processor.py:925} INFO - DAG(s) 'ALL_IN_ONE_Modular_etl' retrieved from /Users/rishukhurana/airflow/dags/modular_bizlogic_modular.py
[2024-12-17T03:48:38.204-0800] {logging_mixin.py:190} INFO - [2024-12-17T03:48:38.204-0800] {dag.py:3239} INFO - Sync 1 DAGs
[2024-12-17T03:48:38.221-0800] {logging_mixin.py:190} INFO - [2024-12-17T03:48:38.221-0800] {dag.py:4180} INFO - Setting next_dagrun for ALL_IN_ONE_Modular_etl to 2024-12-17 00:00:00+00:00, run_after=2024-12-18 00:00:00+00:00
[2024-12-17T03:48:38.244-0800] {processor.py:208} INFO - Processing /Users/rishukhurana/airflow/dags/modular_bizlogic_modular.py took 1.207 seconds
[2024-12-17T03:55:49.639-0800] {processor.py:186} INFO - Started process (PID=48377) to work on /Users/rishukhurana/airflow/dags/modular_bizlogic_modular.py
[2024-12-17T03:55:49.642-0800] {processor.py:914} INFO - Processing file /Users/rishukhurana/airflow/dags/modular_bizlogic_modular.py for tasks to queue
[2024-12-17T03:55:49.643-0800] {logging_mixin.py:190} INFO - [2024-12-17T03:55:49.643-0800] {dagbag.py:588} INFO - Filling up the DagBag from /Users/rishukhurana/airflow/dags/modular_bizlogic_modular.py
[2024-12-17T03:55:49.999-0800] {logging_mixin.py:190} INFO - [2024-12-17T03:55:49.999-0800] {utils.py:160} INFO - NumExpr defaulting to 8 threads.
[2024-12-17T03:55:50.287-0800] {processor.py:925} INFO - DAG(s) 'ALL_IN_ONE_Modular_etl' retrieved from /Users/rishukhurana/airflow/dags/modular_bizlogic_modular.py
[2024-12-17T03:55:50.365-0800] {logging_mixin.py:190} INFO - [2024-12-17T03:55:50.365-0800] {dag.py:3239} INFO - Sync 1 DAGs
[2024-12-17T03:55:50.382-0800] {logging_mixin.py:190} INFO - [2024-12-17T03:55:50.382-0800] {dag.py:4180} INFO - Setting next_dagrun for ALL_IN_ONE_Modular_etl to 2024-12-17 00:00:00+00:00, run_after=2024-12-18 00:00:00+00:00
[2024-12-17T03:55:50.398-0800] {processor.py:208} INFO - Processing /Users/rishukhurana/airflow/dags/modular_bizlogic_modular.py took 0.764 seconds
[2024-12-17T03:59:25.229-0800] {processor.py:186} INFO - Started process (PID=48541) to work on /Users/rishukhurana/airflow/dags/modular_bizlogic_modular.py
[2024-12-17T03:59:25.231-0800] {processor.py:914} INFO - Processing file /Users/rishukhurana/airflow/dags/modular_bizlogic_modular.py for tasks to queue
[2024-12-17T03:59:25.232-0800] {logging_mixin.py:190} INFO - [2024-12-17T03:59:25.232-0800] {dagbag.py:588} INFO - Filling up the DagBag from /Users/rishukhurana/airflow/dags/modular_bizlogic_modular.py
[2024-12-17T03:59:25.667-0800] {logging_mixin.py:190} INFO - [2024-12-17T03:59:25.666-0800] {utils.py:160} INFO - NumExpr defaulting to 8 threads.
[2024-12-17T03:59:25.995-0800] {processor.py:925} INFO - DAG(s) 'ALL_IN_ONE_Modular_etl' retrieved from /Users/rishukhurana/airflow/dags/modular_bizlogic_modular.py
[2024-12-17T03:59:26.083-0800] {logging_mixin.py:190} INFO - [2024-12-17T03:59:26.083-0800] {dag.py:3239} INFO - Sync 1 DAGs
[2024-12-17T03:59:26.100-0800] {logging_mixin.py:190} INFO - [2024-12-17T03:59:26.099-0800] {dag.py:4180} INFO - Setting next_dagrun for ALL_IN_ONE_Modular_etl to 2024-12-17 00:00:00+00:00, run_after=2024-12-18 00:00:00+00:00
[2024-12-17T03:59:26.118-0800] {processor.py:208} INFO - Processing /Users/rishukhurana/airflow/dags/modular_bizlogic_modular.py took 0.896 seconds
[2024-12-17T10:03:32.186-0800] {processor.py:186} INFO - Started process (PID=48787) to work on /Users/rishukhurana/airflow/dags/modular_bizlogic_modular.py
[2024-12-17T10:03:32.188-0800] {processor.py:914} INFO - Processing file /Users/rishukhurana/airflow/dags/modular_bizlogic_modular.py for tasks to queue
[2024-12-17T10:03:32.189-0800] {logging_mixin.py:190} INFO - [2024-12-17T10:03:32.189-0800] {dagbag.py:588} INFO - Filling up the DagBag from /Users/rishukhurana/airflow/dags/modular_bizlogic_modular.py
[2024-12-17T10:03:32.871-0800] {logging_mixin.py:190} INFO - [2024-12-17T10:03:32.870-0800] {utils.py:160} INFO - NumExpr defaulting to 8 threads.
[2024-12-17T10:03:33.459-0800] {processor.py:925} INFO - DAG(s) 'ALL_IN_ONE_Modular_etl' retrieved from /Users/rishukhurana/airflow/dags/modular_bizlogic_modular.py
[2024-12-17T10:03:33.557-0800] {logging_mixin.py:190} INFO - [2024-12-17T10:03:33.556-0800] {dag.py:3239} INFO - Sync 1 DAGs
[2024-12-17T10:03:33.580-0800] {logging_mixin.py:190} INFO - [2024-12-17T10:03:33.580-0800] {dag.py:4180} INFO - Setting next_dagrun for ALL_IN_ONE_Modular_etl to 2024-12-17 00:00:00+00:00, run_after=2024-12-18 00:00:00+00:00
[2024-12-17T10:03:33.597-0800] {processor.py:208} INFO - Processing /Users/rishukhurana/airflow/dags/modular_bizlogic_modular.py took 1.415 seconds
[2024-12-17T14:27:08.488-0800] {processor.py:186} INFO - Started process (PID=49017) to work on /Users/rishukhurana/airflow/dags/modular_bizlogic_modular.py
[2024-12-17T14:27:08.511-0800] {processor.py:914} INFO - Processing file /Users/rishukhurana/airflow/dags/modular_bizlogic_modular.py for tasks to queue
[2024-12-17T14:27:08.522-0800] {logging_mixin.py:190} INFO - [2024-12-17T14:27:08.520-0800] {dagbag.py:588} INFO - Filling up the DagBag from /Users/rishukhurana/airflow/dags/modular_bizlogic_modular.py
[2024-12-17T14:27:12.048-0800] {logging_mixin.py:190} INFO - [2024-12-17T14:27:12.046-0800] {utils.py:160} INFO - NumExpr defaulting to 8 threads.
[2024-12-17T14:27:14.628-0800] {processor.py:925} INFO - DAG(s) 'ALL_IN_ONE_Modular_etl' retrieved from /Users/rishukhurana/airflow/dags/modular_bizlogic_modular.py
[2024-12-17T14:27:15.450-0800] {logging_mixin.py:190} INFO - [2024-12-17T14:27:15.445-0800] {dag.py:3239} INFO - Sync 1 DAGs
[2024-12-17T14:27:15.596-0800] {logging_mixin.py:190} INFO - [2024-12-17T14:27:15.595-0800] {dag.py:4180} INFO - Setting next_dagrun for ALL_IN_ONE_Modular_etl to 2024-12-17 00:00:00+00:00, run_after=2024-12-18 00:00:00+00:00
[2024-12-17T14:27:15.709-0800] {processor.py:208} INFO - Processing /Users/rishukhurana/airflow/dags/modular_bizlogic_modular.py took 7.273 seconds
