[2024-12-14T07:14:13.672-0800] {local_task_job_runner.py:123} INFO - ::group::Pre task execution logs
[2024-12-14T07:14:13.680-0800] {taskinstance.py:2613} INFO - Dependencies all met for dep_context=non-requeueable deps ti=<TaskInstance: X_coms.Load manual__2024-12-14T15:13:41.143080+00:00 [queued]>
[2024-12-14T07:14:13.686-0800] {taskinstance.py:2613} INFO - Dependencies all met for dep_context=requeueable deps ti=<TaskInstance: X_coms.Load manual__2024-12-14T15:13:41.143080+00:00 [queued]>
[2024-12-14T07:14:13.686-0800] {taskinstance.py:2866} INFO - Starting attempt 1 of 1
[2024-12-14T07:14:13.696-0800] {taskinstance.py:2889} INFO - Executing <Task(PythonOperator): Load> on 2024-12-14 15:13:41.143080+00:00
[2024-12-14T07:14:13.702-0800] {standard_task_runner.py:72} INFO - Started process 15703 to run task
[2024-12-14T07:14:13.710-0800] {standard_task_runner.py:104} INFO - Running: ['airflow', 'tasks', 'run', 'X_coms', 'Load', 'manual__2024-12-14T15:13:41.143080+00:00', '--job-id', '21', '--raw', '--subdir', 'DAGS_FOLDER/X_Coms.py', '--cfg-path', '/var/folders/05/fw9xrgzd2xz986svxp5_g00w0000gn/T/tmpzof0hhvv']
[2024-12-14T07:14:13.713-0800] {standard_task_runner.py:105} INFO - Job 21: Subtask Load
[2024-12-14T07:14:13.761-0800] {task_command.py:467} INFO - Running <TaskInstance: X_coms.Load manual__2024-12-14T15:13:41.143080+00:00 [running]> on host rishus-macbook-pro.local
[2024-12-14T07:14:13.818-0800] {taskinstance.py:3132} INFO - Exporting env vars: AIRFLOW_CTX_DAG_OWNER='airflow' AIRFLOW_CTX_DAG_ID='X_coms' AIRFLOW_CTX_TASK_ID='Load' AIRFLOW_CTX_EXECUTION_DATE='2024-12-14T15:13:41.143080+00:00' AIRFLOW_CTX_TRY_NUMBER='1' AIRFLOW_CTX_DAG_RUN_ID='manual__2024-12-14T15:13:41.143080+00:00'
[2024-12-14T07:14:13.820-0800] {logging_mixin.py:190} INFO - Task instance is in running state
[2024-12-14T07:14:13.821-0800] {logging_mixin.py:190} INFO -  Previous state of the Task instance: queued
[2024-12-14T07:14:13.821-0800] {logging_mixin.py:190} INFO - Current task name:Load state:running start_date:2024-12-14 15:14:13.681140+00:00
[2024-12-14T07:14:13.822-0800] {logging_mixin.py:190} INFO - Dag name:X_coms and current dag run status:running
[2024-12-14T07:14:13.823-0800] {taskinstance.py:731} INFO - ::endgroup::
[2024-12-14T07:14:13.825-0800] {logging_mixin.py:190} INFO - type of xcom object is <class 'airflow.models.xcom.LazyXComSelectSequence'>
[2024-12-14T07:14:13.828-0800] {logging_mixin.py:190} INFO - the value of xcom pull back obj is I got this!
[2024-12-14T07:14:13.829-0800] {logging_mixin.py:190} INFO - the value of p1 is ETL
[2024-12-14T07:14:13.830-0800] {logging_mixin.py:190} INFO - the value of p2 is AIRFLOW
[2024-12-14T07:14:13.830-0800] {python.py:240} INFO - Done. Returned value was: None
[2024-12-14T07:14:13.835-0800] {taskinstance.py:340} INFO - ::group::Post task execution logs
[2024-12-14T07:14:13.836-0800] {taskinstance.py:352} INFO - Marking task as SUCCESS. dag_id=X_coms, task_id=Load, run_id=manual__2024-12-14T15:13:41.143080+00:00, execution_date=20241214T151341, start_date=20241214T151413, end_date=20241214T151413
[2024-12-14T07:14:13.844-0800] {logging_mixin.py:190} INFO - Task instance in success state
[2024-12-14T07:14:13.845-0800] {logging_mixin.py:190} INFO -  Previous state of the Task instance: running
[2024-12-14T07:14:13.846-0800] {logging_mixin.py:190} INFO - Dag name:X_coms queued_at:2024-12-14 15:13:41.169348+00:00
[2024-12-14T07:14:13.847-0800] {logging_mixin.py:190} INFO - Task hostname:rishus-macbook-pro.local operator:PythonOperator
[2024-12-14T07:14:13.916-0800] {local_task_job_runner.py:266} INFO - Task exited with return code 0
[2024-12-14T07:14:13.973-0800] {taskinstance.py:3895} INFO - 0 downstream tasks scheduled from follow-on schedule check
[2024-12-14T07:14:13.974-0800] {local_task_job_runner.py:245} INFO - ::endgroup::
