[2024-12-20T22:21:20.728-0800] {processor.py:186} INFO - Started process (PID=75219) to work on /Users/rishukhurana/anaconda3/lib/python3.11/site-packages/airflow/example_dags/example_complex.py
[2024-12-20T22:21:20.729-0800] {processor.py:914} INFO - Processing file /Users/rishukhurana/anaconda3/lib/python3.11/site-packages/airflow/example_dags/example_complex.py for tasks to queue
[2024-12-20T22:21:20.731-0800] {logging_mixin.py:190} INFO - [2024-12-20T22:21:20.731-0800] {dagbag.py:588} INFO - Filling up the DagBag from /Users/rishukhurana/anaconda3/lib/python3.11/site-packages/airflow/example_dags/example_complex.py
[2024-12-20T22:21:20.744-0800] {processor.py:925} INFO - DAG(s) 'example_complex' retrieved from /Users/rishukhurana/anaconda3/lib/python3.11/site-packages/airflow/example_dags/example_complex.py
[2024-12-20T22:21:20.854-0800] {logging_mixin.py:190} INFO - [2024-12-20T22:21:20.854-0800] {dag.py:3239} INFO - Sync 1 DAGs
[2024-12-20T22:21:20.865-0800] {logging_mixin.py:190} INFO - [2024-12-20T22:21:20.865-0800] {dag.py:4180} INFO - Setting next_dagrun for example_complex to None, run_after=None
[2024-12-20T22:21:20.884-0800] {processor.py:208} INFO - Processing /Users/rishukhurana/anaconda3/lib/python3.11/site-packages/airflow/example_dags/example_complex.py took 0.163 seconds
[2024-12-20T22:27:57.541-0800] {processor.py:186} INFO - Started process (PID=75563) to work on /Users/rishukhurana/anaconda3/lib/python3.11/site-packages/airflow/example_dags/example_complex.py
[2024-12-20T22:27:57.543-0800] {processor.py:914} INFO - Processing file /Users/rishukhurana/anaconda3/lib/python3.11/site-packages/airflow/example_dags/example_complex.py for tasks to queue
[2024-12-20T22:27:57.545-0800] {logging_mixin.py:190} INFO - [2024-12-20T22:27:57.544-0800] {dagbag.py:588} INFO - Filling up the DagBag from /Users/rishukhurana/anaconda3/lib/python3.11/site-packages/airflow/example_dags/example_complex.py
[2024-12-20T22:27:57.560-0800] {processor.py:925} INFO - DAG(s) 'example_complex' retrieved from /Users/rishukhurana/anaconda3/lib/python3.11/site-packages/airflow/example_dags/example_complex.py
[2024-12-20T22:27:57.672-0800] {logging_mixin.py:190} INFO - [2024-12-20T22:27:57.672-0800] {dag.py:3239} INFO - Sync 1 DAGs
[2024-12-20T22:27:57.684-0800] {logging_mixin.py:190} INFO - [2024-12-20T22:27:57.684-0800] {dag.py:4180} INFO - Setting next_dagrun for example_complex to None, run_after=None
[2024-12-20T22:27:57.704-0800] {processor.py:208} INFO - Processing /Users/rishukhurana/anaconda3/lib/python3.11/site-packages/airflow/example_dags/example_complex.py took 0.168 seconds
[2024-12-20T22:34:21.039-0800] {processor.py:186} INFO - Started process (PID=75863) to work on /Users/rishukhurana/anaconda3/lib/python3.11/site-packages/airflow/example_dags/example_complex.py
[2024-12-20T22:34:21.040-0800] {processor.py:914} INFO - Processing file /Users/rishukhurana/anaconda3/lib/python3.11/site-packages/airflow/example_dags/example_complex.py for tasks to queue
[2024-12-20T22:34:21.042-0800] {logging_mixin.py:190} INFO - [2024-12-20T22:34:21.041-0800] {dagbag.py:588} INFO - Filling up the DagBag from /Users/rishukhurana/anaconda3/lib/python3.11/site-packages/airflow/example_dags/example_complex.py
[2024-12-20T22:34:21.055-0800] {processor.py:925} INFO - DAG(s) 'example_complex' retrieved from /Users/rishukhurana/anaconda3/lib/python3.11/site-packages/airflow/example_dags/example_complex.py
[2024-12-20T22:34:21.160-0800] {logging_mixin.py:190} INFO - [2024-12-20T22:34:21.159-0800] {dag.py:3239} INFO - Sync 1 DAGs
[2024-12-20T22:34:21.169-0800] {logging_mixin.py:190} INFO - [2024-12-20T22:34:21.169-0800] {dag.py:4180} INFO - Setting next_dagrun for example_complex to None, run_after=None
[2024-12-20T22:34:21.186-0800] {processor.py:208} INFO - Processing /Users/rishukhurana/anaconda3/lib/python3.11/site-packages/airflow/example_dags/example_complex.py took 0.155 seconds
[2024-12-20T22:40:34.883-0800] {processor.py:186} INFO - Started process (PID=76282) to work on /Users/rishukhurana/anaconda3/lib/python3.11/site-packages/airflow/example_dags/example_complex.py
[2024-12-20T22:40:34.886-0800] {processor.py:914} INFO - Processing file /Users/rishukhurana/anaconda3/lib/python3.11/site-packages/airflow/example_dags/example_complex.py for tasks to queue
[2024-12-20T22:40:34.887-0800] {logging_mixin.py:190} INFO - [2024-12-20T22:40:34.887-0800] {dagbag.py:588} INFO - Filling up the DagBag from /Users/rishukhurana/anaconda3/lib/python3.11/site-packages/airflow/example_dags/example_complex.py
[2024-12-20T22:40:34.898-0800] {processor.py:925} INFO - DAG(s) 'example_complex' retrieved from /Users/rishukhurana/anaconda3/lib/python3.11/site-packages/airflow/example_dags/example_complex.py
[2024-12-20T22:40:34.993-0800] {logging_mixin.py:190} INFO - [2024-12-20T22:40:34.992-0800] {dag.py:3239} INFO - Sync 1 DAGs
[2024-12-20T22:40:35.003-0800] {logging_mixin.py:190} INFO - [2024-12-20T22:40:35.003-0800] {dag.py:4180} INFO - Setting next_dagrun for example_complex to None, run_after=None
[2024-12-20T22:40:35.020-0800] {processor.py:208} INFO - Processing /Users/rishukhurana/anaconda3/lib/python3.11/site-packages/airflow/example_dags/example_complex.py took 0.144 seconds
[2024-12-20T22:46:53.506-0800] {processor.py:186} INFO - Started process (PID=76658) to work on /Users/rishukhurana/anaconda3/lib/python3.11/site-packages/airflow/example_dags/example_complex.py
[2024-12-20T22:46:53.509-0800] {processor.py:914} INFO - Processing file /Users/rishukhurana/anaconda3/lib/python3.11/site-packages/airflow/example_dags/example_complex.py for tasks to queue
[2024-12-20T22:46:53.510-0800] {logging_mixin.py:190} INFO - [2024-12-20T22:46:53.510-0800] {dagbag.py:588} INFO - Filling up the DagBag from /Users/rishukhurana/anaconda3/lib/python3.11/site-packages/airflow/example_dags/example_complex.py
[2024-12-20T22:46:53.524-0800] {processor.py:925} INFO - DAG(s) 'example_complex' retrieved from /Users/rishukhurana/anaconda3/lib/python3.11/site-packages/airflow/example_dags/example_complex.py
[2024-12-20T22:46:53.625-0800] {logging_mixin.py:190} INFO - [2024-12-20T22:46:53.625-0800] {dag.py:3239} INFO - Sync 1 DAGs
[2024-12-20T22:46:53.636-0800] {logging_mixin.py:190} INFO - [2024-12-20T22:46:53.636-0800] {dag.py:4180} INFO - Setting next_dagrun for example_complex to None, run_after=None
[2024-12-20T22:46:53.653-0800] {processor.py:208} INFO - Processing /Users/rishukhurana/anaconda3/lib/python3.11/site-packages/airflow/example_dags/example_complex.py took 0.155 seconds
[2024-12-20T22:52:42.289-0800] {processor.py:186} INFO - Started process (PID=76948) to work on /Users/rishukhurana/anaconda3/lib/python3.11/site-packages/airflow/example_dags/example_complex.py
[2024-12-20T22:52:42.292-0800] {processor.py:914} INFO - Processing file /Users/rishukhurana/anaconda3/lib/python3.11/site-packages/airflow/example_dags/example_complex.py for tasks to queue
[2024-12-20T22:52:42.294-0800] {logging_mixin.py:190} INFO - [2024-12-20T22:52:42.293-0800] {dagbag.py:588} INFO - Filling up the DagBag from /Users/rishukhurana/anaconda3/lib/python3.11/site-packages/airflow/example_dags/example_complex.py
[2024-12-20T22:52:42.306-0800] {processor.py:925} INFO - DAG(s) 'example_complex' retrieved from /Users/rishukhurana/anaconda3/lib/python3.11/site-packages/airflow/example_dags/example_complex.py
[2024-12-20T22:52:42.400-0800] {logging_mixin.py:190} INFO - [2024-12-20T22:52:42.400-0800] {dag.py:3239} INFO - Sync 1 DAGs
[2024-12-20T22:52:42.410-0800] {logging_mixin.py:190} INFO - [2024-12-20T22:52:42.410-0800] {dag.py:4180} INFO - Setting next_dagrun for example_complex to None, run_after=None
[2024-12-20T22:52:42.426-0800] {processor.py:208} INFO - Processing /Users/rishukhurana/anaconda3/lib/python3.11/site-packages/airflow/example_dags/example_complex.py took 0.143 seconds
[2024-12-20T22:58:30.267-0800] {processor.py:186} INFO - Started process (PID=77282) to work on /Users/rishukhurana/anaconda3/lib/python3.11/site-packages/airflow/example_dags/example_complex.py
[2024-12-20T22:58:30.269-0800] {processor.py:914} INFO - Processing file /Users/rishukhurana/anaconda3/lib/python3.11/site-packages/airflow/example_dags/example_complex.py for tasks to queue
[2024-12-20T22:58:30.271-0800] {logging_mixin.py:190} INFO - [2024-12-20T22:58:30.270-0800] {dagbag.py:588} INFO - Filling up the DagBag from /Users/rishukhurana/anaconda3/lib/python3.11/site-packages/airflow/example_dags/example_complex.py
[2024-12-20T22:58:30.283-0800] {processor.py:925} INFO - DAG(s) 'example_complex' retrieved from /Users/rishukhurana/anaconda3/lib/python3.11/site-packages/airflow/example_dags/example_complex.py
[2024-12-20T22:58:30.376-0800] {logging_mixin.py:190} INFO - [2024-12-20T22:58:30.376-0800] {dag.py:3239} INFO - Sync 1 DAGs
[2024-12-20T22:58:30.386-0800] {logging_mixin.py:190} INFO - [2024-12-20T22:58:30.386-0800] {dag.py:4180} INFO - Setting next_dagrun for example_complex to None, run_after=None
[2024-12-20T22:58:30.403-0800] {processor.py:208} INFO - Processing /Users/rishukhurana/anaconda3/lib/python3.11/site-packages/airflow/example_dags/example_complex.py took 0.141 seconds
[2024-12-20T23:04:24.878-0800] {processor.py:186} INFO - Started process (PID=77582) to work on /Users/rishukhurana/anaconda3/lib/python3.11/site-packages/airflow/example_dags/example_complex.py
[2024-12-20T23:04:24.880-0800] {processor.py:914} INFO - Processing file /Users/rishukhurana/anaconda3/lib/python3.11/site-packages/airflow/example_dags/example_complex.py for tasks to queue
[2024-12-20T23:04:24.882-0800] {logging_mixin.py:190} INFO - [2024-12-20T23:04:24.882-0800] {dagbag.py:588} INFO - Filling up the DagBag from /Users/rishukhurana/anaconda3/lib/python3.11/site-packages/airflow/example_dags/example_complex.py
[2024-12-20T23:04:24.894-0800] {processor.py:925} INFO - DAG(s) 'example_complex' retrieved from /Users/rishukhurana/anaconda3/lib/python3.11/site-packages/airflow/example_dags/example_complex.py
[2024-12-20T23:04:24.985-0800] {logging_mixin.py:190} INFO - [2024-12-20T23:04:24.985-0800] {dag.py:3239} INFO - Sync 1 DAGs
[2024-12-20T23:04:24.995-0800] {logging_mixin.py:190} INFO - [2024-12-20T23:04:24.995-0800] {dag.py:4180} INFO - Setting next_dagrun for example_complex to None, run_after=None
[2024-12-20T23:04:25.013-0800] {processor.py:208} INFO - Processing /Users/rishukhurana/anaconda3/lib/python3.11/site-packages/airflow/example_dags/example_complex.py took 0.143 seconds
[2024-12-20T23:10:26.699-0800] {processor.py:186} INFO - Started process (PID=77897) to work on /Users/rishukhurana/anaconda3/lib/python3.11/site-packages/airflow/example_dags/example_complex.py
[2024-12-20T23:10:26.701-0800] {processor.py:914} INFO - Processing file /Users/rishukhurana/anaconda3/lib/python3.11/site-packages/airflow/example_dags/example_complex.py for tasks to queue
[2024-12-20T23:10:26.703-0800] {logging_mixin.py:190} INFO - [2024-12-20T23:10:26.702-0800] {dagbag.py:588} INFO - Filling up the DagBag from /Users/rishukhurana/anaconda3/lib/python3.11/site-packages/airflow/example_dags/example_complex.py
[2024-12-20T23:10:26.713-0800] {processor.py:925} INFO - DAG(s) 'example_complex' retrieved from /Users/rishukhurana/anaconda3/lib/python3.11/site-packages/airflow/example_dags/example_complex.py
[2024-12-20T23:10:26.807-0800] {logging_mixin.py:190} INFO - [2024-12-20T23:10:26.807-0800] {dag.py:3239} INFO - Sync 1 DAGs
[2024-12-20T23:10:26.817-0800] {logging_mixin.py:190} INFO - [2024-12-20T23:10:26.817-0800] {dag.py:4180} INFO - Setting next_dagrun for example_complex to None, run_after=None
[2024-12-20T23:10:26.835-0800] {processor.py:208} INFO - Processing /Users/rishukhurana/anaconda3/lib/python3.11/site-packages/airflow/example_dags/example_complex.py took 0.144 seconds
[2024-12-20T23:16:28.969-0800] {processor.py:186} INFO - Started process (PID=78242) to work on /Users/rishukhurana/anaconda3/lib/python3.11/site-packages/airflow/example_dags/example_complex.py
[2024-12-20T23:16:28.972-0800] {processor.py:914} INFO - Processing file /Users/rishukhurana/anaconda3/lib/python3.11/site-packages/airflow/example_dags/example_complex.py for tasks to queue
[2024-12-20T23:16:28.973-0800] {logging_mixin.py:190} INFO - [2024-12-20T23:16:28.973-0800] {dagbag.py:588} INFO - Filling up the DagBag from /Users/rishukhurana/anaconda3/lib/python3.11/site-packages/airflow/example_dags/example_complex.py
[2024-12-20T23:16:28.985-0800] {processor.py:925} INFO - DAG(s) 'example_complex' retrieved from /Users/rishukhurana/anaconda3/lib/python3.11/site-packages/airflow/example_dags/example_complex.py
[2024-12-20T23:16:29.083-0800] {logging_mixin.py:190} INFO - [2024-12-20T23:16:29.083-0800] {dag.py:3239} INFO - Sync 1 DAGs
[2024-12-20T23:16:29.094-0800] {logging_mixin.py:190} INFO - [2024-12-20T23:16:29.094-0800] {dag.py:4180} INFO - Setting next_dagrun for example_complex to None, run_after=None
[2024-12-20T23:16:29.112-0800] {processor.py:208} INFO - Processing /Users/rishukhurana/anaconda3/lib/python3.11/site-packages/airflow/example_dags/example_complex.py took 0.149 seconds
[2024-12-20T23:22:37.368-0800] {processor.py:186} INFO - Started process (PID=78539) to work on /Users/rishukhurana/anaconda3/lib/python3.11/site-packages/airflow/example_dags/example_complex.py
[2024-12-20T23:22:37.370-0800] {processor.py:914} INFO - Processing file /Users/rishukhurana/anaconda3/lib/python3.11/site-packages/airflow/example_dags/example_complex.py for tasks to queue
[2024-12-20T23:22:37.372-0800] {logging_mixin.py:190} INFO - [2024-12-20T23:22:37.371-0800] {dagbag.py:588} INFO - Filling up the DagBag from /Users/rishukhurana/anaconda3/lib/python3.11/site-packages/airflow/example_dags/example_complex.py
[2024-12-20T23:22:37.383-0800] {processor.py:925} INFO - DAG(s) 'example_complex' retrieved from /Users/rishukhurana/anaconda3/lib/python3.11/site-packages/airflow/example_dags/example_complex.py
[2024-12-20T23:22:37.473-0800] {logging_mixin.py:190} INFO - [2024-12-20T23:22:37.472-0800] {dag.py:3239} INFO - Sync 1 DAGs
[2024-12-20T23:22:37.483-0800] {logging_mixin.py:190} INFO - [2024-12-20T23:22:37.483-0800] {dag.py:4180} INFO - Setting next_dagrun for example_complex to None, run_after=None
[2024-12-20T23:22:37.499-0800] {processor.py:208} INFO - Processing /Users/rishukhurana/anaconda3/lib/python3.11/site-packages/airflow/example_dags/example_complex.py took 0.139 seconds
[2024-12-20T23:28:30.750-0800] {processor.py:186} INFO - Started process (PID=78859) to work on /Users/rishukhurana/anaconda3/lib/python3.11/site-packages/airflow/example_dags/example_complex.py
[2024-12-20T23:28:30.752-0800] {processor.py:914} INFO - Processing file /Users/rishukhurana/anaconda3/lib/python3.11/site-packages/airflow/example_dags/example_complex.py for tasks to queue
[2024-12-20T23:28:30.754-0800] {logging_mixin.py:190} INFO - [2024-12-20T23:28:30.753-0800] {dagbag.py:588} INFO - Filling up the DagBag from /Users/rishukhurana/anaconda3/lib/python3.11/site-packages/airflow/example_dags/example_complex.py
[2024-12-20T23:28:30.767-0800] {processor.py:925} INFO - DAG(s) 'example_complex' retrieved from /Users/rishukhurana/anaconda3/lib/python3.11/site-packages/airflow/example_dags/example_complex.py
[2024-12-20T23:28:30.874-0800] {logging_mixin.py:190} INFO - [2024-12-20T23:28:30.873-0800] {dag.py:3239} INFO - Sync 1 DAGs
[2024-12-20T23:28:30.884-0800] {logging_mixin.py:190} INFO - [2024-12-20T23:28:30.884-0800] {dag.py:4180} INFO - Setting next_dagrun for example_complex to None, run_after=None
[2024-12-20T23:28:30.901-0800] {processor.py:208} INFO - Processing /Users/rishukhurana/anaconda3/lib/python3.11/site-packages/airflow/example_dags/example_complex.py took 0.157 seconds
[2024-12-20T23:34:59.022-0800] {processor.py:186} INFO - Started process (PID=79191) to work on /Users/rishukhurana/anaconda3/lib/python3.11/site-packages/airflow/example_dags/example_complex.py
[2024-12-20T23:34:59.023-0800] {processor.py:914} INFO - Processing file /Users/rishukhurana/anaconda3/lib/python3.11/site-packages/airflow/example_dags/example_complex.py for tasks to queue
[2024-12-20T23:34:59.025-0800] {logging_mixin.py:190} INFO - [2024-12-20T23:34:59.024-0800] {dagbag.py:588} INFO - Filling up the DagBag from /Users/rishukhurana/anaconda3/lib/python3.11/site-packages/airflow/example_dags/example_complex.py
[2024-12-20T23:34:59.037-0800] {processor.py:925} INFO - DAG(s) 'example_complex' retrieved from /Users/rishukhurana/anaconda3/lib/python3.11/site-packages/airflow/example_dags/example_complex.py
[2024-12-20T23:34:59.137-0800] {logging_mixin.py:190} INFO - [2024-12-20T23:34:59.137-0800] {dag.py:3239} INFO - Sync 1 DAGs
[2024-12-20T23:34:59.147-0800] {logging_mixin.py:190} INFO - [2024-12-20T23:34:59.147-0800] {dag.py:4180} INFO - Setting next_dagrun for example_complex to None, run_after=None
[2024-12-20T23:34:59.165-0800] {processor.py:208} INFO - Processing /Users/rishukhurana/anaconda3/lib/python3.11/site-packages/airflow/example_dags/example_complex.py took 0.151 seconds
[2024-12-20T23:41:29.947-0800] {processor.py:186} INFO - Started process (PID=79525) to work on /Users/rishukhurana/anaconda3/lib/python3.11/site-packages/airflow/example_dags/example_complex.py
[2024-12-20T23:41:29.949-0800] {processor.py:914} INFO - Processing file /Users/rishukhurana/anaconda3/lib/python3.11/site-packages/airflow/example_dags/example_complex.py for tasks to queue
[2024-12-20T23:41:29.951-0800] {logging_mixin.py:190} INFO - [2024-12-20T23:41:29.951-0800] {dagbag.py:588} INFO - Filling up the DagBag from /Users/rishukhurana/anaconda3/lib/python3.11/site-packages/airflow/example_dags/example_complex.py
[2024-12-20T23:41:29.971-0800] {processor.py:925} INFO - DAG(s) 'example_complex' retrieved from /Users/rishukhurana/anaconda3/lib/python3.11/site-packages/airflow/example_dags/example_complex.py
[2024-12-20T23:41:30.090-0800] {logging_mixin.py:190} INFO - [2024-12-20T23:41:30.090-0800] {dag.py:3239} INFO - Sync 1 DAGs
[2024-12-20T23:41:30.102-0800] {logging_mixin.py:190} INFO - [2024-12-20T23:41:30.102-0800] {dag.py:4180} INFO - Setting next_dagrun for example_complex to None, run_after=None
[2024-12-20T23:41:30.121-0800] {processor.py:208} INFO - Processing /Users/rishukhurana/anaconda3/lib/python3.11/site-packages/airflow/example_dags/example_complex.py took 0.180 seconds
[2024-12-20T23:48:12.066-0800] {processor.py:186} INFO - Started process (PID=79836) to work on /Users/rishukhurana/anaconda3/lib/python3.11/site-packages/airflow/example_dags/example_complex.py
[2024-12-20T23:48:12.068-0800] {processor.py:914} INFO - Processing file /Users/rishukhurana/anaconda3/lib/python3.11/site-packages/airflow/example_dags/example_complex.py for tasks to queue
[2024-12-20T23:48:12.070-0800] {logging_mixin.py:190} INFO - [2024-12-20T23:48:12.070-0800] {dagbag.py:588} INFO - Filling up the DagBag from /Users/rishukhurana/anaconda3/lib/python3.11/site-packages/airflow/example_dags/example_complex.py
[2024-12-20T23:48:12.081-0800] {processor.py:925} INFO - DAG(s) 'example_complex' retrieved from /Users/rishukhurana/anaconda3/lib/python3.11/site-packages/airflow/example_dags/example_complex.py
[2024-12-20T23:48:12.180-0800] {logging_mixin.py:190} INFO - [2024-12-20T23:48:12.180-0800] {dag.py:3239} INFO - Sync 1 DAGs
[2024-12-20T23:48:12.190-0800] {logging_mixin.py:190} INFO - [2024-12-20T23:48:12.190-0800] {dag.py:4180} INFO - Setting next_dagrun for example_complex to None, run_after=None
[2024-12-20T23:48:12.208-0800] {processor.py:208} INFO - Processing /Users/rishukhurana/anaconda3/lib/python3.11/site-packages/airflow/example_dags/example_complex.py took 0.149 seconds
[2024-12-20T23:54:26.234-0800] {processor.py:186} INFO - Started process (PID=80139) to work on /Users/rishukhurana/anaconda3/lib/python3.11/site-packages/airflow/example_dags/example_complex.py
[2024-12-20T23:54:26.236-0800] {processor.py:914} INFO - Processing file /Users/rishukhurana/anaconda3/lib/python3.11/site-packages/airflow/example_dags/example_complex.py for tasks to queue
[2024-12-20T23:54:26.237-0800] {logging_mixin.py:190} INFO - [2024-12-20T23:54:26.237-0800] {dagbag.py:588} INFO - Filling up the DagBag from /Users/rishukhurana/anaconda3/lib/python3.11/site-packages/airflow/example_dags/example_complex.py
[2024-12-20T23:54:26.250-0800] {processor.py:925} INFO - DAG(s) 'example_complex' retrieved from /Users/rishukhurana/anaconda3/lib/python3.11/site-packages/airflow/example_dags/example_complex.py
[2024-12-20T23:54:26.346-0800] {logging_mixin.py:190} INFO - [2024-12-20T23:54:26.346-0800] {dag.py:3239} INFO - Sync 1 DAGs
[2024-12-20T23:54:26.356-0800] {logging_mixin.py:190} INFO - [2024-12-20T23:54:26.356-0800] {dag.py:4180} INFO - Setting next_dagrun for example_complex to None, run_after=None
[2024-12-20T23:54:26.372-0800] {processor.py:208} INFO - Processing /Users/rishukhurana/anaconda3/lib/python3.11/site-packages/airflow/example_dags/example_complex.py took 0.143 seconds
[2024-12-21T00:00:43.438-0800] {processor.py:186} INFO - Started process (PID=80470) to work on /Users/rishukhurana/anaconda3/lib/python3.11/site-packages/airflow/example_dags/example_complex.py
[2024-12-21T00:00:43.441-0800] {processor.py:914} INFO - Processing file /Users/rishukhurana/anaconda3/lib/python3.11/site-packages/airflow/example_dags/example_complex.py for tasks to queue
[2024-12-21T00:00:43.443-0800] {logging_mixin.py:190} INFO - [2024-12-21T00:00:43.442-0800] {dagbag.py:588} INFO - Filling up the DagBag from /Users/rishukhurana/anaconda3/lib/python3.11/site-packages/airflow/example_dags/example_complex.py
[2024-12-21T00:00:43.455-0800] {processor.py:925} INFO - DAG(s) 'example_complex' retrieved from /Users/rishukhurana/anaconda3/lib/python3.11/site-packages/airflow/example_dags/example_complex.py
[2024-12-21T00:00:43.547-0800] {logging_mixin.py:190} INFO - [2024-12-21T00:00:43.547-0800] {dag.py:3239} INFO - Sync 1 DAGs
[2024-12-21T00:00:43.557-0800] {logging_mixin.py:190} INFO - [2024-12-21T00:00:43.557-0800] {dag.py:4180} INFO - Setting next_dagrun for example_complex to None, run_after=None
[2024-12-21T00:00:43.573-0800] {processor.py:208} INFO - Processing /Users/rishukhurana/anaconda3/lib/python3.11/site-packages/airflow/example_dags/example_complex.py took 0.142 seconds
[2024-12-21T00:06:41.424-0800] {processor.py:186} INFO - Started process (PID=80799) to work on /Users/rishukhurana/anaconda3/lib/python3.11/site-packages/airflow/example_dags/example_complex.py
[2024-12-21T00:06:41.426-0800] {processor.py:914} INFO - Processing file /Users/rishukhurana/anaconda3/lib/python3.11/site-packages/airflow/example_dags/example_complex.py for tasks to queue
[2024-12-21T00:06:41.428-0800] {logging_mixin.py:190} INFO - [2024-12-21T00:06:41.427-0800] {dagbag.py:588} INFO - Filling up the DagBag from /Users/rishukhurana/anaconda3/lib/python3.11/site-packages/airflow/example_dags/example_complex.py
[2024-12-21T00:06:41.440-0800] {processor.py:925} INFO - DAG(s) 'example_complex' retrieved from /Users/rishukhurana/anaconda3/lib/python3.11/site-packages/airflow/example_dags/example_complex.py
[2024-12-21T00:06:41.540-0800] {logging_mixin.py:190} INFO - [2024-12-21T00:06:41.540-0800] {dag.py:3239} INFO - Sync 1 DAGs
[2024-12-21T00:06:41.550-0800] {logging_mixin.py:190} INFO - [2024-12-21T00:06:41.550-0800] {dag.py:4180} INFO - Setting next_dagrun for example_complex to None, run_after=None
[2024-12-21T00:06:41.567-0800] {processor.py:208} INFO - Processing /Users/rishukhurana/anaconda3/lib/python3.11/site-packages/airflow/example_dags/example_complex.py took 0.150 seconds
[2024-12-21T01:13:18.029-0800] {processor.py:186} INFO - Started process (PID=81215) to work on /Users/rishukhurana/anaconda3/lib/python3.11/site-packages/airflow/example_dags/example_complex.py
[2024-12-21T01:13:18.031-0800] {processor.py:914} INFO - Processing file /Users/rishukhurana/anaconda3/lib/python3.11/site-packages/airflow/example_dags/example_complex.py for tasks to queue
[2024-12-21T01:13:18.033-0800] {logging_mixin.py:190} INFO - [2024-12-21T01:13:18.032-0800] {dagbag.py:588} INFO - Filling up the DagBag from /Users/rishukhurana/anaconda3/lib/python3.11/site-packages/airflow/example_dags/example_complex.py
[2024-12-21T01:13:18.046-0800] {processor.py:925} INFO - DAG(s) 'example_complex' retrieved from /Users/rishukhurana/anaconda3/lib/python3.11/site-packages/airflow/example_dags/example_complex.py
[2024-12-21T01:13:18.154-0800] {logging_mixin.py:190} INFO - [2024-12-21T01:13:18.154-0800] {dag.py:3239} INFO - Sync 1 DAGs
[2024-12-21T01:13:18.165-0800] {logging_mixin.py:190} INFO - [2024-12-21T01:13:18.165-0800] {dag.py:4180} INFO - Setting next_dagrun for example_complex to None, run_after=None
[2024-12-21T01:13:18.180-0800] {processor.py:208} INFO - Processing /Users/rishukhurana/anaconda3/lib/python3.11/site-packages/airflow/example_dags/example_complex.py took 0.158 seconds
[2024-12-21T01:20:07.387-0800] {processor.py:186} INFO - Started process (PID=81533) to work on /Users/rishukhurana/anaconda3/lib/python3.11/site-packages/airflow/example_dags/example_complex.py
[2024-12-21T01:20:07.389-0800] {processor.py:914} INFO - Processing file /Users/rishukhurana/anaconda3/lib/python3.11/site-packages/airflow/example_dags/example_complex.py for tasks to queue
[2024-12-21T01:20:07.391-0800] {logging_mixin.py:190} INFO - [2024-12-21T01:20:07.390-0800] {dagbag.py:588} INFO - Filling up the DagBag from /Users/rishukhurana/anaconda3/lib/python3.11/site-packages/airflow/example_dags/example_complex.py
[2024-12-21T01:20:07.404-0800] {processor.py:925} INFO - DAG(s) 'example_complex' retrieved from /Users/rishukhurana/anaconda3/lib/python3.11/site-packages/airflow/example_dags/example_complex.py
[2024-12-21T01:20:07.510-0800] {logging_mixin.py:190} INFO - [2024-12-21T01:20:07.510-0800] {dag.py:3239} INFO - Sync 1 DAGs
[2024-12-21T01:20:07.520-0800] {logging_mixin.py:190} INFO - [2024-12-21T01:20:07.520-0800] {dag.py:4180} INFO - Setting next_dagrun for example_complex to None, run_after=None
[2024-12-21T01:20:07.536-0800] {processor.py:208} INFO - Processing /Users/rishukhurana/anaconda3/lib/python3.11/site-packages/airflow/example_dags/example_complex.py took 0.159 seconds
[2024-12-21T01:26:38.269-0800] {processor.py:186} INFO - Started process (PID=81841) to work on /Users/rishukhurana/anaconda3/lib/python3.11/site-packages/airflow/example_dags/example_complex.py
[2024-12-21T01:26:38.270-0800] {processor.py:914} INFO - Processing file /Users/rishukhurana/anaconda3/lib/python3.11/site-packages/airflow/example_dags/example_complex.py for tasks to queue
[2024-12-21T01:26:38.272-0800] {logging_mixin.py:190} INFO - [2024-12-21T01:26:38.272-0800] {dagbag.py:588} INFO - Filling up the DagBag from /Users/rishukhurana/anaconda3/lib/python3.11/site-packages/airflow/example_dags/example_complex.py
[2024-12-21T01:26:38.287-0800] {processor.py:925} INFO - DAG(s) 'example_complex' retrieved from /Users/rishukhurana/anaconda3/lib/python3.11/site-packages/airflow/example_dags/example_complex.py
[2024-12-21T01:26:38.388-0800] {logging_mixin.py:190} INFO - [2024-12-21T01:26:38.388-0800] {dag.py:3239} INFO - Sync 1 DAGs
[2024-12-21T01:26:38.398-0800] {logging_mixin.py:190} INFO - [2024-12-21T01:26:38.398-0800] {dag.py:4180} INFO - Setting next_dagrun for example_complex to None, run_after=None
[2024-12-21T01:26:38.421-0800] {processor.py:208} INFO - Processing /Users/rishukhurana/anaconda3/lib/python3.11/site-packages/airflow/example_dags/example_complex.py took 0.162 seconds
[2024-12-21T01:33:15.505-0800] {processor.py:186} INFO - Started process (PID=82142) to work on /Users/rishukhurana/anaconda3/lib/python3.11/site-packages/airflow/example_dags/example_complex.py
[2024-12-21T01:33:15.508-0800] {processor.py:914} INFO - Processing file /Users/rishukhurana/anaconda3/lib/python3.11/site-packages/airflow/example_dags/example_complex.py for tasks to queue
[2024-12-21T01:33:15.509-0800] {logging_mixin.py:190} INFO - [2024-12-21T01:33:15.508-0800] {dagbag.py:588} INFO - Filling up the DagBag from /Users/rishukhurana/anaconda3/lib/python3.11/site-packages/airflow/example_dags/example_complex.py
[2024-12-21T01:33:15.520-0800] {processor.py:925} INFO - DAG(s) 'example_complex' retrieved from /Users/rishukhurana/anaconda3/lib/python3.11/site-packages/airflow/example_dags/example_complex.py
[2024-12-21T01:33:15.619-0800] {logging_mixin.py:190} INFO - [2024-12-21T01:33:15.619-0800] {dag.py:3239} INFO - Sync 1 DAGs
[2024-12-21T01:33:15.631-0800] {logging_mixin.py:190} INFO - [2024-12-21T01:33:15.630-0800] {dag.py:4180} INFO - Setting next_dagrun for example_complex to None, run_after=None
[2024-12-21T01:33:15.650-0800] {processor.py:208} INFO - Processing /Users/rishukhurana/anaconda3/lib/python3.11/site-packages/airflow/example_dags/example_complex.py took 0.149 seconds
[2024-12-21T01:39:46.750-0800] {processor.py:186} INFO - Started process (PID=82488) to work on /Users/rishukhurana/anaconda3/lib/python3.11/site-packages/airflow/example_dags/example_complex.py
[2024-12-21T01:39:46.752-0800] {processor.py:914} INFO - Processing file /Users/rishukhurana/anaconda3/lib/python3.11/site-packages/airflow/example_dags/example_complex.py for tasks to queue
[2024-12-21T01:39:46.754-0800] {logging_mixin.py:190} INFO - [2024-12-21T01:39:46.753-0800] {dagbag.py:588} INFO - Filling up the DagBag from /Users/rishukhurana/anaconda3/lib/python3.11/site-packages/airflow/example_dags/example_complex.py
[2024-12-21T01:39:46.767-0800] {processor.py:925} INFO - DAG(s) 'example_complex' retrieved from /Users/rishukhurana/anaconda3/lib/python3.11/site-packages/airflow/example_dags/example_complex.py
[2024-12-21T01:39:46.861-0800] {logging_mixin.py:190} INFO - [2024-12-21T01:39:46.860-0800] {dag.py:3239} INFO - Sync 1 DAGs
[2024-12-21T01:39:46.871-0800] {logging_mixin.py:190} INFO - [2024-12-21T01:39:46.870-0800] {dag.py:4180} INFO - Setting next_dagrun for example_complex to None, run_after=None
[2024-12-21T01:39:46.889-0800] {processor.py:208} INFO - Processing /Users/rishukhurana/anaconda3/lib/python3.11/site-packages/airflow/example_dags/example_complex.py took 0.146 seconds
[2024-12-21T01:46:28.137-0800] {processor.py:186} INFO - Started process (PID=82901) to work on /Users/rishukhurana/anaconda3/lib/python3.11/site-packages/airflow/example_dags/example_complex.py
[2024-12-21T01:46:28.140-0800] {processor.py:914} INFO - Processing file /Users/rishukhurana/anaconda3/lib/python3.11/site-packages/airflow/example_dags/example_complex.py for tasks to queue
[2024-12-21T01:46:28.141-0800] {logging_mixin.py:190} INFO - [2024-12-21T01:46:28.141-0800] {dagbag.py:588} INFO - Filling up the DagBag from /Users/rishukhurana/anaconda3/lib/python3.11/site-packages/airflow/example_dags/example_complex.py
[2024-12-21T01:46:28.154-0800] {processor.py:925} INFO - DAG(s) 'example_complex' retrieved from /Users/rishukhurana/anaconda3/lib/python3.11/site-packages/airflow/example_dags/example_complex.py
[2024-12-21T01:46:28.256-0800] {logging_mixin.py:190} INFO - [2024-12-21T01:46:28.256-0800] {dag.py:3239} INFO - Sync 1 DAGs
[2024-12-21T01:46:28.291-0800] {logging_mixin.py:190} INFO - [2024-12-21T01:46:28.291-0800] {dag.py:4180} INFO - Setting next_dagrun for example_complex to None, run_after=None
[2024-12-21T01:46:28.338-0800] {processor.py:208} INFO - Processing /Users/rishukhurana/anaconda3/lib/python3.11/site-packages/airflow/example_dags/example_complex.py took 0.208 seconds
[2024-12-21T01:52:29.279-0800] {processor.py:186} INFO - Started process (PID=83195) to work on /Users/rishukhurana/anaconda3/lib/python3.11/site-packages/airflow/example_dags/example_complex.py
[2024-12-21T01:52:29.282-0800] {processor.py:914} INFO - Processing file /Users/rishukhurana/anaconda3/lib/python3.11/site-packages/airflow/example_dags/example_complex.py for tasks to queue
[2024-12-21T01:52:29.283-0800] {logging_mixin.py:190} INFO - [2024-12-21T01:52:29.283-0800] {dagbag.py:588} INFO - Filling up the DagBag from /Users/rishukhurana/anaconda3/lib/python3.11/site-packages/airflow/example_dags/example_complex.py
[2024-12-21T01:52:29.295-0800] {processor.py:925} INFO - DAG(s) 'example_complex' retrieved from /Users/rishukhurana/anaconda3/lib/python3.11/site-packages/airflow/example_dags/example_complex.py
[2024-12-21T01:52:29.387-0800] {logging_mixin.py:190} INFO - [2024-12-21T01:52:29.386-0800] {dag.py:3239} INFO - Sync 1 DAGs
[2024-12-21T01:52:29.398-0800] {logging_mixin.py:190} INFO - [2024-12-21T01:52:29.398-0800] {dag.py:4180} INFO - Setting next_dagrun for example_complex to None, run_after=None
[2024-12-21T01:52:29.414-0800] {processor.py:208} INFO - Processing /Users/rishukhurana/anaconda3/lib/python3.11/site-packages/airflow/example_dags/example_complex.py took 0.142 seconds
[2024-12-21T01:59:28.253-0800] {processor.py:186} INFO - Started process (PID=83557) to work on /Users/rishukhurana/anaconda3/lib/python3.11/site-packages/airflow/example_dags/example_complex.py
[2024-12-21T01:59:28.255-0800] {processor.py:914} INFO - Processing file /Users/rishukhurana/anaconda3/lib/python3.11/site-packages/airflow/example_dags/example_complex.py for tasks to queue
[2024-12-21T01:59:28.257-0800] {logging_mixin.py:190} INFO - [2024-12-21T01:59:28.257-0800] {dagbag.py:588} INFO - Filling up the DagBag from /Users/rishukhurana/anaconda3/lib/python3.11/site-packages/airflow/example_dags/example_complex.py
[2024-12-21T01:59:28.272-0800] {processor.py:925} INFO - DAG(s) 'example_complex' retrieved from /Users/rishukhurana/anaconda3/lib/python3.11/site-packages/airflow/example_dags/example_complex.py
[2024-12-21T01:59:28.366-0800] {logging_mixin.py:190} INFO - [2024-12-21T01:59:28.366-0800] {dag.py:3239} INFO - Sync 1 DAGs
[2024-12-21T01:59:28.375-0800] {logging_mixin.py:190} INFO - [2024-12-21T01:59:28.375-0800] {dag.py:4180} INFO - Setting next_dagrun for example_complex to None, run_after=None
[2024-12-21T01:59:28.392-0800] {processor.py:208} INFO - Processing /Users/rishukhurana/anaconda3/lib/python3.11/site-packages/airflow/example_dags/example_complex.py took 0.146 seconds
[2024-12-21T02:05:43.230-0800] {processor.py:186} INFO - Started process (PID=83893) to work on /Users/rishukhurana/anaconda3/lib/python3.11/site-packages/airflow/example_dags/example_complex.py
[2024-12-21T02:05:43.233-0800] {processor.py:914} INFO - Processing file /Users/rishukhurana/anaconda3/lib/python3.11/site-packages/airflow/example_dags/example_complex.py for tasks to queue
[2024-12-21T02:05:43.235-0800] {logging_mixin.py:190} INFO - [2024-12-21T02:05:43.235-0800] {dagbag.py:588} INFO - Filling up the DagBag from /Users/rishukhurana/anaconda3/lib/python3.11/site-packages/airflow/example_dags/example_complex.py
[2024-12-21T02:05:43.246-0800] {processor.py:925} INFO - DAG(s) 'example_complex' retrieved from /Users/rishukhurana/anaconda3/lib/python3.11/site-packages/airflow/example_dags/example_complex.py
[2024-12-21T02:05:43.341-0800] {logging_mixin.py:190} INFO - [2024-12-21T02:05:43.341-0800] {dag.py:3239} INFO - Sync 1 DAGs
[2024-12-21T02:05:43.351-0800] {logging_mixin.py:190} INFO - [2024-12-21T02:05:43.351-0800] {dag.py:4180} INFO - Setting next_dagrun for example_complex to None, run_after=None
[2024-12-21T02:05:43.368-0800] {processor.py:208} INFO - Processing /Users/rishukhurana/anaconda3/lib/python3.11/site-packages/airflow/example_dags/example_complex.py took 0.145 seconds
[2024-12-21T02:12:00.055-0800] {processor.py:186} INFO - Started process (PID=84190) to work on /Users/rishukhurana/anaconda3/lib/python3.11/site-packages/airflow/example_dags/example_complex.py
[2024-12-21T02:12:00.060-0800] {processor.py:914} INFO - Processing file /Users/rishukhurana/anaconda3/lib/python3.11/site-packages/airflow/example_dags/example_complex.py for tasks to queue
[2024-12-21T02:12:00.061-0800] {logging_mixin.py:190} INFO - [2024-12-21T02:12:00.061-0800] {dagbag.py:588} INFO - Filling up the DagBag from /Users/rishukhurana/anaconda3/lib/python3.11/site-packages/airflow/example_dags/example_complex.py
[2024-12-21T02:12:00.075-0800] {processor.py:925} INFO - DAG(s) 'example_complex' retrieved from /Users/rishukhurana/anaconda3/lib/python3.11/site-packages/airflow/example_dags/example_complex.py
[2024-12-21T02:12:00.180-0800] {logging_mixin.py:190} INFO - [2024-12-21T02:12:00.179-0800] {dag.py:3239} INFO - Sync 1 DAGs
[2024-12-21T02:12:00.190-0800] {logging_mixin.py:190} INFO - [2024-12-21T02:12:00.190-0800] {dag.py:4180} INFO - Setting next_dagrun for example_complex to None, run_after=None
[2024-12-21T02:12:00.211-0800] {processor.py:208} INFO - Processing /Users/rishukhurana/anaconda3/lib/python3.11/site-packages/airflow/example_dags/example_complex.py took 0.163 seconds
[2024-12-21T02:18:21.950-0800] {processor.py:186} INFO - Started process (PID=84513) to work on /Users/rishukhurana/anaconda3/lib/python3.11/site-packages/airflow/example_dags/example_complex.py
[2024-12-21T02:18:21.953-0800] {processor.py:914} INFO - Processing file /Users/rishukhurana/anaconda3/lib/python3.11/site-packages/airflow/example_dags/example_complex.py for tasks to queue
[2024-12-21T02:18:21.954-0800] {logging_mixin.py:190} INFO - [2024-12-21T02:18:21.954-0800] {dagbag.py:588} INFO - Filling up the DagBag from /Users/rishukhurana/anaconda3/lib/python3.11/site-packages/airflow/example_dags/example_complex.py
[2024-12-21T02:18:21.970-0800] {processor.py:925} INFO - DAG(s) 'example_complex' retrieved from /Users/rishukhurana/anaconda3/lib/python3.11/site-packages/airflow/example_dags/example_complex.py
[2024-12-21T02:18:22.079-0800] {logging_mixin.py:190} INFO - [2024-12-21T02:18:22.078-0800] {dag.py:3239} INFO - Sync 1 DAGs
[2024-12-21T02:18:22.090-0800] {logging_mixin.py:190} INFO - [2024-12-21T02:18:22.090-0800] {dag.py:4180} INFO - Setting next_dagrun for example_complex to None, run_after=None
[2024-12-21T02:18:22.106-0800] {processor.py:208} INFO - Processing /Users/rishukhurana/anaconda3/lib/python3.11/site-packages/airflow/example_dags/example_complex.py took 0.163 seconds
[2024-12-21T02:24:50.812-0800] {processor.py:186} INFO - Started process (PID=84813) to work on /Users/rishukhurana/anaconda3/lib/python3.11/site-packages/airflow/example_dags/example_complex.py
[2024-12-21T02:24:50.814-0800] {processor.py:914} INFO - Processing file /Users/rishukhurana/anaconda3/lib/python3.11/site-packages/airflow/example_dags/example_complex.py for tasks to queue
[2024-12-21T02:24:50.816-0800] {logging_mixin.py:190} INFO - [2024-12-21T02:24:50.815-0800] {dagbag.py:588} INFO - Filling up the DagBag from /Users/rishukhurana/anaconda3/lib/python3.11/site-packages/airflow/example_dags/example_complex.py
[2024-12-21T02:24:50.831-0800] {processor.py:925} INFO - DAG(s) 'example_complex' retrieved from /Users/rishukhurana/anaconda3/lib/python3.11/site-packages/airflow/example_dags/example_complex.py
[2024-12-21T02:24:50.937-0800] {logging_mixin.py:190} INFO - [2024-12-21T02:24:50.937-0800] {dag.py:3239} INFO - Sync 1 DAGs
[2024-12-21T02:24:50.947-0800] {logging_mixin.py:190} INFO - [2024-12-21T02:24:50.947-0800] {dag.py:4180} INFO - Setting next_dagrun for example_complex to None, run_after=None
[2024-12-21T02:24:50.971-0800] {processor.py:208} INFO - Processing /Users/rishukhurana/anaconda3/lib/python3.11/site-packages/airflow/example_dags/example_complex.py took 0.168 seconds
[2024-12-21T02:31:23.640-0800] {processor.py:186} INFO - Started process (PID=85144) to work on /Users/rishukhurana/anaconda3/lib/python3.11/site-packages/airflow/example_dags/example_complex.py
[2024-12-21T02:31:23.643-0800] {processor.py:914} INFO - Processing file /Users/rishukhurana/anaconda3/lib/python3.11/site-packages/airflow/example_dags/example_complex.py for tasks to queue
[2024-12-21T02:31:23.644-0800] {logging_mixin.py:190} INFO - [2024-12-21T02:31:23.644-0800] {dagbag.py:588} INFO - Filling up the DagBag from /Users/rishukhurana/anaconda3/lib/python3.11/site-packages/airflow/example_dags/example_complex.py
[2024-12-21T02:31:23.657-0800] {processor.py:925} INFO - DAG(s) 'example_complex' retrieved from /Users/rishukhurana/anaconda3/lib/python3.11/site-packages/airflow/example_dags/example_complex.py
[2024-12-21T02:31:23.750-0800] {logging_mixin.py:190} INFO - [2024-12-21T02:31:23.750-0800] {dag.py:3239} INFO - Sync 1 DAGs
[2024-12-21T02:31:23.760-0800] {logging_mixin.py:190} INFO - [2024-12-21T02:31:23.759-0800] {dag.py:4180} INFO - Setting next_dagrun for example_complex to None, run_after=None
[2024-12-21T02:31:23.778-0800] {processor.py:208} INFO - Processing /Users/rishukhurana/anaconda3/lib/python3.11/site-packages/airflow/example_dags/example_complex.py took 0.146 seconds
[2024-12-21T02:37:38.168-0800] {processor.py:186} INFO - Started process (PID=85519) to work on /Users/rishukhurana/anaconda3/lib/python3.11/site-packages/airflow/example_dags/example_complex.py
[2024-12-21T02:37:38.170-0800] {processor.py:914} INFO - Processing file /Users/rishukhurana/anaconda3/lib/python3.11/site-packages/airflow/example_dags/example_complex.py for tasks to queue
[2024-12-21T02:37:38.172-0800] {logging_mixin.py:190} INFO - [2024-12-21T02:37:38.172-0800] {dagbag.py:588} INFO - Filling up the DagBag from /Users/rishukhurana/anaconda3/lib/python3.11/site-packages/airflow/example_dags/example_complex.py
[2024-12-21T02:37:38.191-0800] {processor.py:925} INFO - DAG(s) 'example_complex' retrieved from /Users/rishukhurana/anaconda3/lib/python3.11/site-packages/airflow/example_dags/example_complex.py
[2024-12-21T02:37:38.302-0800] {logging_mixin.py:190} INFO - [2024-12-21T02:37:38.302-0800] {dag.py:3239} INFO - Sync 1 DAGs
[2024-12-21T02:37:38.313-0800] {logging_mixin.py:190} INFO - [2024-12-21T02:37:38.313-0800] {dag.py:4180} INFO - Setting next_dagrun for example_complex to None, run_after=None
[2024-12-21T02:37:38.330-0800] {processor.py:208} INFO - Processing /Users/rishukhurana/anaconda3/lib/python3.11/site-packages/airflow/example_dags/example_complex.py took 0.171 seconds
[2024-12-21T02:43:58.911-0800] {processor.py:186} INFO - Started process (PID=85819) to work on /Users/rishukhurana/anaconda3/lib/python3.11/site-packages/airflow/example_dags/example_complex.py
[2024-12-21T02:43:58.914-0800] {processor.py:914} INFO - Processing file /Users/rishukhurana/anaconda3/lib/python3.11/site-packages/airflow/example_dags/example_complex.py for tasks to queue
[2024-12-21T02:43:58.915-0800] {logging_mixin.py:190} INFO - [2024-12-21T02:43:58.915-0800] {dagbag.py:588} INFO - Filling up the DagBag from /Users/rishukhurana/anaconda3/lib/python3.11/site-packages/airflow/example_dags/example_complex.py
[2024-12-21T02:43:58.927-0800] {processor.py:925} INFO - DAG(s) 'example_complex' retrieved from /Users/rishukhurana/anaconda3/lib/python3.11/site-packages/airflow/example_dags/example_complex.py
[2024-12-21T02:43:59.021-0800] {logging_mixin.py:190} INFO - [2024-12-21T02:43:59.021-0800] {dag.py:3239} INFO - Sync 1 DAGs
[2024-12-21T02:43:59.031-0800] {logging_mixin.py:190} INFO - [2024-12-21T02:43:59.031-0800] {dag.py:4180} INFO - Setting next_dagrun for example_complex to None, run_after=None
[2024-12-21T02:43:59.055-0800] {processor.py:208} INFO - Processing /Users/rishukhurana/anaconda3/lib/python3.11/site-packages/airflow/example_dags/example_complex.py took 0.148 seconds
[2024-12-21T02:50:19.914-0800] {processor.py:186} INFO - Started process (PID=86114) to work on /Users/rishukhurana/anaconda3/lib/python3.11/site-packages/airflow/example_dags/example_complex.py
[2024-12-21T02:50:19.953-0800] {processor.py:914} INFO - Processing file /Users/rishukhurana/anaconda3/lib/python3.11/site-packages/airflow/example_dags/example_complex.py for tasks to queue
[2024-12-21T02:50:19.954-0800] {logging_mixin.py:190} INFO - [2024-12-21T02:50:19.954-0800] {dagbag.py:588} INFO - Filling up the DagBag from /Users/rishukhurana/anaconda3/lib/python3.11/site-packages/airflow/example_dags/example_complex.py
[2024-12-21T02:50:19.987-0800] {processor.py:925} INFO - DAG(s) 'example_complex' retrieved from /Users/rishukhurana/anaconda3/lib/python3.11/site-packages/airflow/example_dags/example_complex.py
[2024-12-21T02:50:20.084-0800] {logging_mixin.py:190} INFO - [2024-12-21T02:50:20.084-0800] {dag.py:3239} INFO - Sync 1 DAGs
[2024-12-21T02:50:20.094-0800] {logging_mixin.py:190} INFO - [2024-12-21T02:50:20.094-0800] {dag.py:4180} INFO - Setting next_dagrun for example_complex to None, run_after=None
[2024-12-21T02:50:20.119-0800] {processor.py:208} INFO - Processing /Users/rishukhurana/anaconda3/lib/python3.11/site-packages/airflow/example_dags/example_complex.py took 0.262 seconds
[2024-12-21T02:56:37.700-0800] {processor.py:186} INFO - Started process (PID=86442) to work on /Users/rishukhurana/anaconda3/lib/python3.11/site-packages/airflow/example_dags/example_complex.py
[2024-12-21T02:56:37.701-0800] {processor.py:914} INFO - Processing file /Users/rishukhurana/anaconda3/lib/python3.11/site-packages/airflow/example_dags/example_complex.py for tasks to queue
[2024-12-21T02:56:37.703-0800] {logging_mixin.py:190} INFO - [2024-12-21T02:56:37.702-0800] {dagbag.py:588} INFO - Filling up the DagBag from /Users/rishukhurana/anaconda3/lib/python3.11/site-packages/airflow/example_dags/example_complex.py
[2024-12-21T02:56:37.718-0800] {processor.py:925} INFO - DAG(s) 'example_complex' retrieved from /Users/rishukhurana/anaconda3/lib/python3.11/site-packages/airflow/example_dags/example_complex.py
[2024-12-21T02:56:37.821-0800] {logging_mixin.py:190} INFO - [2024-12-21T02:56:37.821-0800] {dag.py:3239} INFO - Sync 1 DAGs
[2024-12-21T02:56:37.832-0800] {logging_mixin.py:190} INFO - [2024-12-21T02:56:37.832-0800] {dag.py:4180} INFO - Setting next_dagrun for example_complex to None, run_after=None
[2024-12-21T02:56:37.850-0800] {processor.py:208} INFO - Processing /Users/rishukhurana/anaconda3/lib/python3.11/site-packages/airflow/example_dags/example_complex.py took 0.154 seconds
[2024-12-21T03:02:55.442-0800] {processor.py:186} INFO - Started process (PID=86742) to work on /Users/rishukhurana/anaconda3/lib/python3.11/site-packages/airflow/example_dags/example_complex.py
[2024-12-21T03:02:55.444-0800] {processor.py:914} INFO - Processing file /Users/rishukhurana/anaconda3/lib/python3.11/site-packages/airflow/example_dags/example_complex.py for tasks to queue
[2024-12-21T03:02:55.446-0800] {logging_mixin.py:190} INFO - [2024-12-21T03:02:55.446-0800] {dagbag.py:588} INFO - Filling up the DagBag from /Users/rishukhurana/anaconda3/lib/python3.11/site-packages/airflow/example_dags/example_complex.py
[2024-12-21T03:02:55.460-0800] {processor.py:925} INFO - DAG(s) 'example_complex' retrieved from /Users/rishukhurana/anaconda3/lib/python3.11/site-packages/airflow/example_dags/example_complex.py
[2024-12-21T03:02:55.567-0800] {logging_mixin.py:190} INFO - [2024-12-21T03:02:55.566-0800] {dag.py:3239} INFO - Sync 1 DAGs
[2024-12-21T03:02:55.577-0800] {logging_mixin.py:190} INFO - [2024-12-21T03:02:55.577-0800] {dag.py:4180} INFO - Setting next_dagrun for example_complex to None, run_after=None
[2024-12-21T03:02:55.595-0800] {processor.py:208} INFO - Processing /Users/rishukhurana/anaconda3/lib/python3.11/site-packages/airflow/example_dags/example_complex.py took 0.160 seconds
[2024-12-21T03:09:13.339-0800] {processor.py:186} INFO - Started process (PID=87060) to work on /Users/rishukhurana/anaconda3/lib/python3.11/site-packages/airflow/example_dags/example_complex.py
[2024-12-21T03:09:13.341-0800] {processor.py:914} INFO - Processing file /Users/rishukhurana/anaconda3/lib/python3.11/site-packages/airflow/example_dags/example_complex.py for tasks to queue
[2024-12-21T03:09:13.343-0800] {logging_mixin.py:190} INFO - [2024-12-21T03:09:13.343-0800] {dagbag.py:588} INFO - Filling up the DagBag from /Users/rishukhurana/anaconda3/lib/python3.11/site-packages/airflow/example_dags/example_complex.py
[2024-12-21T03:09:13.357-0800] {processor.py:925} INFO - DAG(s) 'example_complex' retrieved from /Users/rishukhurana/anaconda3/lib/python3.11/site-packages/airflow/example_dags/example_complex.py
[2024-12-21T03:09:13.468-0800] {logging_mixin.py:190} INFO - [2024-12-21T03:09:13.468-0800] {dag.py:3239} INFO - Sync 1 DAGs
[2024-12-21T03:09:13.480-0800] {logging_mixin.py:190} INFO - [2024-12-21T03:09:13.479-0800] {dag.py:4180} INFO - Setting next_dagrun for example_complex to None, run_after=None
[2024-12-21T03:09:13.497-0800] {processor.py:208} INFO - Processing /Users/rishukhurana/anaconda3/lib/python3.11/site-packages/airflow/example_dags/example_complex.py took 0.165 seconds
[2024-12-21T03:15:32.396-0800] {processor.py:186} INFO - Started process (PID=87366) to work on /Users/rishukhurana/anaconda3/lib/python3.11/site-packages/airflow/example_dags/example_complex.py
[2024-12-21T03:15:32.398-0800] {processor.py:914} INFO - Processing file /Users/rishukhurana/anaconda3/lib/python3.11/site-packages/airflow/example_dags/example_complex.py for tasks to queue
[2024-12-21T03:15:32.400-0800] {logging_mixin.py:190} INFO - [2024-12-21T03:15:32.400-0800] {dagbag.py:588} INFO - Filling up the DagBag from /Users/rishukhurana/anaconda3/lib/python3.11/site-packages/airflow/example_dags/example_complex.py
[2024-12-21T03:15:32.414-0800] {processor.py:925} INFO - DAG(s) 'example_complex' retrieved from /Users/rishukhurana/anaconda3/lib/python3.11/site-packages/airflow/example_dags/example_complex.py
[2024-12-21T03:15:32.520-0800] {logging_mixin.py:190} INFO - [2024-12-21T03:15:32.519-0800] {dag.py:3239} INFO - Sync 1 DAGs
[2024-12-21T03:15:32.530-0800] {logging_mixin.py:190} INFO - [2024-12-21T03:15:32.530-0800] {dag.py:4180} INFO - Setting next_dagrun for example_complex to None, run_after=None
[2024-12-21T03:15:32.547-0800] {processor.py:208} INFO - Processing /Users/rishukhurana/anaconda3/lib/python3.11/site-packages/airflow/example_dags/example_complex.py took 0.158 seconds
[2024-12-21T03:21:47.480-0800] {processor.py:186} INFO - Started process (PID=87713) to work on /Users/rishukhurana/anaconda3/lib/python3.11/site-packages/airflow/example_dags/example_complex.py
[2024-12-21T03:21:47.483-0800] {processor.py:914} INFO - Processing file /Users/rishukhurana/anaconda3/lib/python3.11/site-packages/airflow/example_dags/example_complex.py for tasks to queue
[2024-12-21T03:21:47.484-0800] {logging_mixin.py:190} INFO - [2024-12-21T03:21:47.484-0800] {dagbag.py:588} INFO - Filling up the DagBag from /Users/rishukhurana/anaconda3/lib/python3.11/site-packages/airflow/example_dags/example_complex.py
[2024-12-21T03:21:47.497-0800] {processor.py:925} INFO - DAG(s) 'example_complex' retrieved from /Users/rishukhurana/anaconda3/lib/python3.11/site-packages/airflow/example_dags/example_complex.py
[2024-12-21T03:21:47.591-0800] {logging_mixin.py:190} INFO - [2024-12-21T03:21:47.591-0800] {dag.py:3239} INFO - Sync 1 DAGs
[2024-12-21T03:21:47.603-0800] {logging_mixin.py:190} INFO - [2024-12-21T03:21:47.602-0800] {dag.py:4180} INFO - Setting next_dagrun for example_complex to None, run_after=None
[2024-12-21T03:21:47.619-0800] {processor.py:208} INFO - Processing /Users/rishukhurana/anaconda3/lib/python3.11/site-packages/airflow/example_dags/example_complex.py took 0.146 seconds
[2024-12-21T03:28:05.540-0800] {processor.py:186} INFO - Started process (PID=88048) to work on /Users/rishukhurana/anaconda3/lib/python3.11/site-packages/airflow/example_dags/example_complex.py
[2024-12-21T03:28:05.543-0800] {processor.py:914} INFO - Processing file /Users/rishukhurana/anaconda3/lib/python3.11/site-packages/airflow/example_dags/example_complex.py for tasks to queue
[2024-12-21T03:28:05.544-0800] {logging_mixin.py:190} INFO - [2024-12-21T03:28:05.543-0800] {dagbag.py:588} INFO - Filling up the DagBag from /Users/rishukhurana/anaconda3/lib/python3.11/site-packages/airflow/example_dags/example_complex.py
[2024-12-21T03:28:05.557-0800] {processor.py:925} INFO - DAG(s) 'example_complex' retrieved from /Users/rishukhurana/anaconda3/lib/python3.11/site-packages/airflow/example_dags/example_complex.py
[2024-12-21T03:28:05.653-0800] {logging_mixin.py:190} INFO - [2024-12-21T03:28:05.652-0800] {dag.py:3239} INFO - Sync 1 DAGs
[2024-12-21T03:28:05.663-0800] {logging_mixin.py:190} INFO - [2024-12-21T03:28:05.663-0800] {dag.py:4180} INFO - Setting next_dagrun for example_complex to None, run_after=None
[2024-12-21T03:28:05.682-0800] {processor.py:208} INFO - Processing /Users/rishukhurana/anaconda3/lib/python3.11/site-packages/airflow/example_dags/example_complex.py took 0.151 seconds
[2024-12-21T03:34:34.133-0800] {processor.py:186} INFO - Started process (PID=88360) to work on /Users/rishukhurana/anaconda3/lib/python3.11/site-packages/airflow/example_dags/example_complex.py
[2024-12-21T03:34:34.135-0800] {processor.py:914} INFO - Processing file /Users/rishukhurana/anaconda3/lib/python3.11/site-packages/airflow/example_dags/example_complex.py for tasks to queue
[2024-12-21T03:34:34.136-0800] {logging_mixin.py:190} INFO - [2024-12-21T03:34:34.136-0800] {dagbag.py:588} INFO - Filling up the DagBag from /Users/rishukhurana/anaconda3/lib/python3.11/site-packages/airflow/example_dags/example_complex.py
[2024-12-21T03:34:34.149-0800] {processor.py:925} INFO - DAG(s) 'example_complex' retrieved from /Users/rishukhurana/anaconda3/lib/python3.11/site-packages/airflow/example_dags/example_complex.py
[2024-12-21T03:34:34.255-0800] {logging_mixin.py:190} INFO - [2024-12-21T03:34:34.254-0800] {dag.py:3239} INFO - Sync 1 DAGs
[2024-12-21T03:34:34.265-0800] {logging_mixin.py:190} INFO - [2024-12-21T03:34:34.265-0800] {dag.py:4180} INFO - Setting next_dagrun for example_complex to None, run_after=None
[2024-12-21T03:34:34.282-0800] {processor.py:208} INFO - Processing /Users/rishukhurana/anaconda3/lib/python3.11/site-packages/airflow/example_dags/example_complex.py took 0.157 seconds
[2024-12-21T03:45:06.286-0800] {processor.py:186} INFO - Started process (PID=88808) to work on /Users/rishukhurana/anaconda3/lib/python3.11/site-packages/airflow/example_dags/example_complex.py
[2024-12-21T03:45:06.289-0800] {processor.py:914} INFO - Processing file /Users/rishukhurana/anaconda3/lib/python3.11/site-packages/airflow/example_dags/example_complex.py for tasks to queue
[2024-12-21T03:45:06.292-0800] {logging_mixin.py:190} INFO - [2024-12-21T03:45:06.292-0800] {dagbag.py:588} INFO - Filling up the DagBag from /Users/rishukhurana/anaconda3/lib/python3.11/site-packages/airflow/example_dags/example_complex.py
[2024-12-21T03:45:06.320-0800] {processor.py:925} INFO - DAG(s) 'example_complex' retrieved from /Users/rishukhurana/anaconda3/lib/python3.11/site-packages/airflow/example_dags/example_complex.py
[2024-12-21T03:45:06.527-0800] {logging_mixin.py:190} INFO - [2024-12-21T03:45:06.526-0800] {dag.py:3239} INFO - Sync 1 DAGs
[2024-12-21T03:45:06.547-0800] {logging_mixin.py:190} INFO - [2024-12-21T03:45:06.547-0800] {dag.py:4180} INFO - Setting next_dagrun for example_complex to None, run_after=None
[2024-12-21T03:45:06.577-0800] {processor.py:208} INFO - Processing /Users/rishukhurana/anaconda3/lib/python3.11/site-packages/airflow/example_dags/example_complex.py took 0.306 seconds
[2024-12-21T03:53:14.498-0800] {processor.py:186} INFO - Started process (PID=89145) to work on /Users/rishukhurana/anaconda3/lib/python3.11/site-packages/airflow/example_dags/example_complex.py
[2024-12-21T03:53:14.501-0800] {processor.py:914} INFO - Processing file /Users/rishukhurana/anaconda3/lib/python3.11/site-packages/airflow/example_dags/example_complex.py for tasks to queue
[2024-12-21T03:53:14.502-0800] {logging_mixin.py:190} INFO - [2024-12-21T03:53:14.502-0800] {dagbag.py:588} INFO - Filling up the DagBag from /Users/rishukhurana/anaconda3/lib/python3.11/site-packages/airflow/example_dags/example_complex.py
[2024-12-21T03:53:14.515-0800] {processor.py:925} INFO - DAG(s) 'example_complex' retrieved from /Users/rishukhurana/anaconda3/lib/python3.11/site-packages/airflow/example_dags/example_complex.py
[2024-12-21T03:53:14.610-0800] {logging_mixin.py:190} INFO - [2024-12-21T03:53:14.610-0800] {dag.py:3239} INFO - Sync 1 DAGs
[2024-12-21T03:53:14.620-0800] {logging_mixin.py:190} INFO - [2024-12-21T03:53:14.620-0800] {dag.py:4180} INFO - Setting next_dagrun for example_complex to None, run_after=None
[2024-12-21T03:53:14.644-0800] {processor.py:208} INFO - Processing /Users/rishukhurana/anaconda3/lib/python3.11/site-packages/airflow/example_dags/example_complex.py took 0.152 seconds
[2024-12-21T03:59:10.179-0800] {processor.py:186} INFO - Started process (PID=89453) to work on /Users/rishukhurana/anaconda3/lib/python3.11/site-packages/airflow/example_dags/example_complex.py
[2024-12-21T03:59:10.182-0800] {processor.py:914} INFO - Processing file /Users/rishukhurana/anaconda3/lib/python3.11/site-packages/airflow/example_dags/example_complex.py for tasks to queue
[2024-12-21T03:59:10.183-0800] {logging_mixin.py:190} INFO - [2024-12-21T03:59:10.183-0800] {dagbag.py:588} INFO - Filling up the DagBag from /Users/rishukhurana/anaconda3/lib/python3.11/site-packages/airflow/example_dags/example_complex.py
[2024-12-21T03:59:10.196-0800] {processor.py:925} INFO - DAG(s) 'example_complex' retrieved from /Users/rishukhurana/anaconda3/lib/python3.11/site-packages/airflow/example_dags/example_complex.py
[2024-12-21T03:59:10.288-0800] {logging_mixin.py:190} INFO - [2024-12-21T03:59:10.287-0800] {dag.py:3239} INFO - Sync 1 DAGs
[2024-12-21T03:59:10.298-0800] {logging_mixin.py:190} INFO - [2024-12-21T03:59:10.297-0800] {dag.py:4180} INFO - Setting next_dagrun for example_complex to None, run_after=None
[2024-12-21T03:59:10.315-0800] {processor.py:208} INFO - Processing /Users/rishukhurana/anaconda3/lib/python3.11/site-packages/airflow/example_dags/example_complex.py took 0.141 seconds
[2024-12-21T07:00:49.540-0800] {processor.py:186} INFO - Started process (PID=90063) to work on /Users/rishukhurana/anaconda3/lib/python3.11/site-packages/airflow/example_dags/example_complex.py
[2024-12-21T07:00:49.542-0800] {processor.py:914} INFO - Processing file /Users/rishukhurana/anaconda3/lib/python3.11/site-packages/airflow/example_dags/example_complex.py for tasks to queue
[2024-12-21T07:00:49.544-0800] {logging_mixin.py:190} INFO - [2024-12-21T07:00:49.544-0800] {dagbag.py:588} INFO - Filling up the DagBag from /Users/rishukhurana/anaconda3/lib/python3.11/site-packages/airflow/example_dags/example_complex.py
[2024-12-21T07:00:49.559-0800] {processor.py:925} INFO - DAG(s) 'example_complex' retrieved from /Users/rishukhurana/anaconda3/lib/python3.11/site-packages/airflow/example_dags/example_complex.py
[2024-12-21T07:00:49.655-0800] {logging_mixin.py:190} INFO - [2024-12-21T07:00:49.655-0800] {dag.py:3239} INFO - Sync 1 DAGs
[2024-12-21T07:00:49.665-0800] {logging_mixin.py:190} INFO - [2024-12-21T07:00:49.665-0800] {dag.py:4180} INFO - Setting next_dagrun for example_complex to None, run_after=None
[2024-12-21T07:00:49.683-0800] {processor.py:208} INFO - Processing /Users/rishukhurana/anaconda3/lib/python3.11/site-packages/airflow/example_dags/example_complex.py took 0.151 seconds
[2024-12-21T07:06:48.146-0800] {processor.py:186} INFO - Started process (PID=90481) to work on /Users/rishukhurana/anaconda3/lib/python3.11/site-packages/airflow/example_dags/example_complex.py
[2024-12-21T07:06:48.148-0800] {processor.py:914} INFO - Processing file /Users/rishukhurana/anaconda3/lib/python3.11/site-packages/airflow/example_dags/example_complex.py for tasks to queue
[2024-12-21T07:06:48.150-0800] {logging_mixin.py:190} INFO - [2024-12-21T07:06:48.149-0800] {dagbag.py:588} INFO - Filling up the DagBag from /Users/rishukhurana/anaconda3/lib/python3.11/site-packages/airflow/example_dags/example_complex.py
[2024-12-21T07:06:48.163-0800] {processor.py:925} INFO - DAG(s) 'example_complex' retrieved from /Users/rishukhurana/anaconda3/lib/python3.11/site-packages/airflow/example_dags/example_complex.py
[2024-12-21T07:06:48.259-0800] {logging_mixin.py:190} INFO - [2024-12-21T07:06:48.259-0800] {dag.py:3239} INFO - Sync 1 DAGs
[2024-12-21T07:06:48.270-0800] {logging_mixin.py:190} INFO - [2024-12-21T07:06:48.270-0800] {dag.py:4180} INFO - Setting next_dagrun for example_complex to None, run_after=None
[2024-12-21T07:06:48.286-0800] {processor.py:208} INFO - Processing /Users/rishukhurana/anaconda3/lib/python3.11/site-packages/airflow/example_dags/example_complex.py took 0.147 seconds
[2024-12-21T07:34:28.396-0800] {processor.py:186} INFO - Started process (PID=90836) to work on /Users/rishukhurana/anaconda3/lib/python3.11/site-packages/airflow/example_dags/example_complex.py
[2024-12-21T07:34:28.398-0800] {processor.py:914} INFO - Processing file /Users/rishukhurana/anaconda3/lib/python3.11/site-packages/airflow/example_dags/example_complex.py for tasks to queue
[2024-12-21T07:34:28.400-0800] {logging_mixin.py:190} INFO - [2024-12-21T07:34:28.400-0800] {dagbag.py:588} INFO - Filling up the DagBag from /Users/rishukhurana/anaconda3/lib/python3.11/site-packages/airflow/example_dags/example_complex.py
[2024-12-21T07:34:28.413-0800] {processor.py:925} INFO - DAG(s) 'example_complex' retrieved from /Users/rishukhurana/anaconda3/lib/python3.11/site-packages/airflow/example_dags/example_complex.py
[2024-12-21T07:34:28.517-0800] {logging_mixin.py:190} INFO - [2024-12-21T07:34:28.517-0800] {dag.py:3239} INFO - Sync 1 DAGs
[2024-12-21T07:34:28.528-0800] {logging_mixin.py:190} INFO - [2024-12-21T07:34:28.527-0800] {dag.py:4180} INFO - Setting next_dagrun for example_complex to None, run_after=None
[2024-12-21T07:34:28.547-0800] {processor.py:208} INFO - Processing /Users/rishukhurana/anaconda3/lib/python3.11/site-packages/airflow/example_dags/example_complex.py took 0.158 seconds
[2024-12-21T07:40:48.010-0800] {processor.py:186} INFO - Started process (PID=91153) to work on /Users/rishukhurana/anaconda3/lib/python3.11/site-packages/airflow/example_dags/example_complex.py
[2024-12-21T07:40:48.012-0800] {processor.py:914} INFO - Processing file /Users/rishukhurana/anaconda3/lib/python3.11/site-packages/airflow/example_dags/example_complex.py for tasks to queue
[2024-12-21T07:40:48.014-0800] {logging_mixin.py:190} INFO - [2024-12-21T07:40:48.013-0800] {dagbag.py:588} INFO - Filling up the DagBag from /Users/rishukhurana/anaconda3/lib/python3.11/site-packages/airflow/example_dags/example_complex.py
[2024-12-21T07:40:48.026-0800] {processor.py:925} INFO - DAG(s) 'example_complex' retrieved from /Users/rishukhurana/anaconda3/lib/python3.11/site-packages/airflow/example_dags/example_complex.py
[2024-12-21T07:40:48.117-0800] {logging_mixin.py:190} INFO - [2024-12-21T07:40:48.117-0800] {dag.py:3239} INFO - Sync 1 DAGs
[2024-12-21T07:40:48.127-0800] {logging_mixin.py:190} INFO - [2024-12-21T07:40:48.126-0800] {dag.py:4180} INFO - Setting next_dagrun for example_complex to None, run_after=None
[2024-12-21T07:40:48.143-0800] {processor.py:208} INFO - Processing /Users/rishukhurana/anaconda3/lib/python3.11/site-packages/airflow/example_dags/example_complex.py took 0.137 seconds
[2024-12-21T07:47:16.331-0800] {processor.py:186} INFO - Started process (PID=91504) to work on /Users/rishukhurana/anaconda3/lib/python3.11/site-packages/airflow/example_dags/example_complex.py
[2024-12-21T07:47:16.333-0800] {processor.py:914} INFO - Processing file /Users/rishukhurana/anaconda3/lib/python3.11/site-packages/airflow/example_dags/example_complex.py for tasks to queue
[2024-12-21T07:47:16.335-0800] {logging_mixin.py:190} INFO - [2024-12-21T07:47:16.334-0800] {dagbag.py:588} INFO - Filling up the DagBag from /Users/rishukhurana/anaconda3/lib/python3.11/site-packages/airflow/example_dags/example_complex.py
[2024-12-21T07:47:16.350-0800] {processor.py:925} INFO - DAG(s) 'example_complex' retrieved from /Users/rishukhurana/anaconda3/lib/python3.11/site-packages/airflow/example_dags/example_complex.py
[2024-12-21T07:47:16.451-0800] {logging_mixin.py:190} INFO - [2024-12-21T07:47:16.451-0800] {dag.py:3239} INFO - Sync 1 DAGs
[2024-12-21T07:47:16.462-0800] {logging_mixin.py:190} INFO - [2024-12-21T07:47:16.461-0800] {dag.py:4180} INFO - Setting next_dagrun for example_complex to None, run_after=None
[2024-12-21T07:47:16.480-0800] {processor.py:208} INFO - Processing /Users/rishukhurana/anaconda3/lib/python3.11/site-packages/airflow/example_dags/example_complex.py took 0.157 seconds
[2024-12-21T07:53:40.482-0800] {processor.py:186} INFO - Started process (PID=91818) to work on /Users/rishukhurana/anaconda3/lib/python3.11/site-packages/airflow/example_dags/example_complex.py
[2024-12-21T07:53:40.484-0800] {processor.py:914} INFO - Processing file /Users/rishukhurana/anaconda3/lib/python3.11/site-packages/airflow/example_dags/example_complex.py for tasks to queue
[2024-12-21T07:53:40.485-0800] {logging_mixin.py:190} INFO - [2024-12-21T07:53:40.485-0800] {dagbag.py:588} INFO - Filling up the DagBag from /Users/rishukhurana/anaconda3/lib/python3.11/site-packages/airflow/example_dags/example_complex.py
[2024-12-21T07:53:40.501-0800] {processor.py:925} INFO - DAG(s) 'example_complex' retrieved from /Users/rishukhurana/anaconda3/lib/python3.11/site-packages/airflow/example_dags/example_complex.py
[2024-12-21T07:53:40.604-0800] {logging_mixin.py:190} INFO - [2024-12-21T07:53:40.604-0800] {dag.py:3239} INFO - Sync 1 DAGs
[2024-12-21T07:53:40.616-0800] {logging_mixin.py:190} INFO - [2024-12-21T07:53:40.615-0800] {dag.py:4180} INFO - Setting next_dagrun for example_complex to None, run_after=None
[2024-12-21T07:53:40.632-0800] {processor.py:208} INFO - Processing /Users/rishukhurana/anaconda3/lib/python3.11/site-packages/airflow/example_dags/example_complex.py took 0.156 seconds
[2024-12-21T07:59:55.075-0800] {processor.py:186} INFO - Started process (PID=92158) to work on /Users/rishukhurana/anaconda3/lib/python3.11/site-packages/airflow/example_dags/example_complex.py
[2024-12-21T07:59:55.077-0800] {processor.py:914} INFO - Processing file /Users/rishukhurana/anaconda3/lib/python3.11/site-packages/airflow/example_dags/example_complex.py for tasks to queue
[2024-12-21T07:59:55.079-0800] {logging_mixin.py:190} INFO - [2024-12-21T07:59:55.079-0800] {dagbag.py:588} INFO - Filling up the DagBag from /Users/rishukhurana/anaconda3/lib/python3.11/site-packages/airflow/example_dags/example_complex.py
[2024-12-21T07:59:55.092-0800] {processor.py:925} INFO - DAG(s) 'example_complex' retrieved from /Users/rishukhurana/anaconda3/lib/python3.11/site-packages/airflow/example_dags/example_complex.py
[2024-12-21T07:59:55.188-0800] {logging_mixin.py:190} INFO - [2024-12-21T07:59:55.188-0800] {dag.py:3239} INFO - Sync 1 DAGs
[2024-12-21T07:59:55.198-0800] {logging_mixin.py:190} INFO - [2024-12-21T07:59:55.198-0800] {dag.py:4180} INFO - Setting next_dagrun for example_complex to None, run_after=None
[2024-12-21T07:59:55.216-0800] {processor.py:208} INFO - Processing /Users/rishukhurana/anaconda3/lib/python3.11/site-packages/airflow/example_dags/example_complex.py took 0.145 seconds
[2024-12-21T08:43:19.613-0800] {processor.py:186} INFO - Started process (PID=92524) to work on /Users/rishukhurana/anaconda3/lib/python3.11/site-packages/airflow/example_dags/example_complex.py
[2024-12-21T08:43:19.616-0800] {processor.py:914} INFO - Processing file /Users/rishukhurana/anaconda3/lib/python3.11/site-packages/airflow/example_dags/example_complex.py for tasks to queue
[2024-12-21T08:43:19.617-0800] {logging_mixin.py:190} INFO - [2024-12-21T08:43:19.617-0800] {dagbag.py:588} INFO - Filling up the DagBag from /Users/rishukhurana/anaconda3/lib/python3.11/site-packages/airflow/example_dags/example_complex.py
[2024-12-21T08:43:19.630-0800] {processor.py:925} INFO - DAG(s) 'example_complex' retrieved from /Users/rishukhurana/anaconda3/lib/python3.11/site-packages/airflow/example_dags/example_complex.py
[2024-12-21T08:43:19.726-0800] {logging_mixin.py:190} INFO - [2024-12-21T08:43:19.726-0800] {dag.py:3239} INFO - Sync 1 DAGs
[2024-12-21T08:43:19.736-0800] {logging_mixin.py:190} INFO - [2024-12-21T08:43:19.736-0800] {dag.py:4180} INFO - Setting next_dagrun for example_complex to None, run_after=None
[2024-12-21T08:43:19.753-0800] {processor.py:208} INFO - Processing /Users/rishukhurana/anaconda3/lib/python3.11/site-packages/airflow/example_dags/example_complex.py took 0.147 seconds
[2024-12-21T08:50:56.551-0800] {processor.py:186} INFO - Started process (PID=93195) to work on /Users/rishukhurana/anaconda3/lib/python3.11/site-packages/airflow/example_dags/example_complex.py
[2024-12-21T08:50:56.553-0800] {processor.py:914} INFO - Processing file /Users/rishukhurana/anaconda3/lib/python3.11/site-packages/airflow/example_dags/example_complex.py for tasks to queue
[2024-12-21T08:50:56.554-0800] {logging_mixin.py:190} INFO - [2024-12-21T08:50:56.554-0800] {dagbag.py:588} INFO - Filling up the DagBag from /Users/rishukhurana/anaconda3/lib/python3.11/site-packages/airflow/example_dags/example_complex.py
[2024-12-21T08:50:56.567-0800] {processor.py:925} INFO - DAG(s) 'example_complex' retrieved from /Users/rishukhurana/anaconda3/lib/python3.11/site-packages/airflow/example_dags/example_complex.py
[2024-12-21T08:50:56.668-0800] {logging_mixin.py:190} INFO - [2024-12-21T08:50:56.668-0800] {dag.py:3239} INFO - Sync 1 DAGs
[2024-12-21T08:50:56.678-0800] {logging_mixin.py:190} INFO - [2024-12-21T08:50:56.678-0800] {dag.py:4180} INFO - Setting next_dagrun for example_complex to None, run_after=None
[2024-12-21T08:50:56.695-0800] {processor.py:208} INFO - Processing /Users/rishukhurana/anaconda3/lib/python3.11/site-packages/airflow/example_dags/example_complex.py took 0.151 seconds
[2024-12-21T08:57:26.064-0800] {processor.py:186} INFO - Started process (PID=93555) to work on /Users/rishukhurana/anaconda3/lib/python3.11/site-packages/airflow/example_dags/example_complex.py
[2024-12-21T08:57:26.066-0800] {processor.py:914} INFO - Processing file /Users/rishukhurana/anaconda3/lib/python3.11/site-packages/airflow/example_dags/example_complex.py for tasks to queue
[2024-12-21T08:57:26.068-0800] {logging_mixin.py:190} INFO - [2024-12-21T08:57:26.068-0800] {dagbag.py:588} INFO - Filling up the DagBag from /Users/rishukhurana/anaconda3/lib/python3.11/site-packages/airflow/example_dags/example_complex.py
[2024-12-21T08:57:26.084-0800] {processor.py:925} INFO - DAG(s) 'example_complex' retrieved from /Users/rishukhurana/anaconda3/lib/python3.11/site-packages/airflow/example_dags/example_complex.py
[2024-12-21T08:57:26.187-0800] {logging_mixin.py:190} INFO - [2024-12-21T08:57:26.187-0800] {dag.py:3239} INFO - Sync 1 DAGs
[2024-12-21T08:57:26.198-0800] {logging_mixin.py:190} INFO - [2024-12-21T08:57:26.197-0800] {dag.py:4180} INFO - Setting next_dagrun for example_complex to None, run_after=None
[2024-12-21T08:57:26.213-0800] {processor.py:208} INFO - Processing /Users/rishukhurana/anaconda3/lib/python3.11/site-packages/airflow/example_dags/example_complex.py took 0.157 seconds
[2024-12-21T09:03:45.479-0800] {processor.py:186} INFO - Started process (PID=93876) to work on /Users/rishukhurana/anaconda3/lib/python3.11/site-packages/airflow/example_dags/example_complex.py
[2024-12-21T09:03:45.481-0800] {processor.py:914} INFO - Processing file /Users/rishukhurana/anaconda3/lib/python3.11/site-packages/airflow/example_dags/example_complex.py for tasks to queue
[2024-12-21T09:03:45.482-0800] {logging_mixin.py:190} INFO - [2024-12-21T09:03:45.482-0800] {dagbag.py:588} INFO - Filling up the DagBag from /Users/rishukhurana/anaconda3/lib/python3.11/site-packages/airflow/example_dags/example_complex.py
[2024-12-21T09:03:45.496-0800] {processor.py:925} INFO - DAG(s) 'example_complex' retrieved from /Users/rishukhurana/anaconda3/lib/python3.11/site-packages/airflow/example_dags/example_complex.py
[2024-12-21T09:03:45.592-0800] {logging_mixin.py:190} INFO - [2024-12-21T09:03:45.592-0800] {dag.py:3239} INFO - Sync 1 DAGs
[2024-12-21T09:03:45.603-0800] {logging_mixin.py:190} INFO - [2024-12-21T09:03:45.603-0800] {dag.py:4180} INFO - Setting next_dagrun for example_complex to None, run_after=None
[2024-12-21T09:03:45.622-0800] {processor.py:208} INFO - Processing /Users/rishukhurana/anaconda3/lib/python3.11/site-packages/airflow/example_dags/example_complex.py took 0.151 seconds
[2024-12-21T09:10:10.907-0800] {processor.py:186} INFO - Started process (PID=94234) to work on /Users/rishukhurana/anaconda3/lib/python3.11/site-packages/airflow/example_dags/example_complex.py
[2024-12-21T09:10:10.909-0800] {processor.py:914} INFO - Processing file /Users/rishukhurana/anaconda3/lib/python3.11/site-packages/airflow/example_dags/example_complex.py for tasks to queue
[2024-12-21T09:10:10.910-0800] {logging_mixin.py:190} INFO - [2024-12-21T09:10:10.910-0800] {dagbag.py:588} INFO - Filling up the DagBag from /Users/rishukhurana/anaconda3/lib/python3.11/site-packages/airflow/example_dags/example_complex.py
[2024-12-21T09:10:10.923-0800] {processor.py:925} INFO - DAG(s) 'example_complex' retrieved from /Users/rishukhurana/anaconda3/lib/python3.11/site-packages/airflow/example_dags/example_complex.py
[2024-12-21T09:10:11.017-0800] {logging_mixin.py:190} INFO - [2024-12-21T09:10:11.017-0800] {dag.py:3239} INFO - Sync 1 DAGs
[2024-12-21T09:10:11.030-0800] {logging_mixin.py:190} INFO - [2024-12-21T09:10:11.029-0800] {dag.py:4180} INFO - Setting next_dagrun for example_complex to None, run_after=None
[2024-12-21T09:10:11.047-0800] {processor.py:208} INFO - Processing /Users/rishukhurana/anaconda3/lib/python3.11/site-packages/airflow/example_dags/example_complex.py took 0.148 seconds
[2024-12-21T09:16:27.611-0800] {processor.py:186} INFO - Started process (PID=94532) to work on /Users/rishukhurana/anaconda3/lib/python3.11/site-packages/airflow/example_dags/example_complex.py
[2024-12-21T09:16:27.614-0800] {processor.py:914} INFO - Processing file /Users/rishukhurana/anaconda3/lib/python3.11/site-packages/airflow/example_dags/example_complex.py for tasks to queue
[2024-12-21T09:16:27.615-0800] {logging_mixin.py:190} INFO - [2024-12-21T09:16:27.615-0800] {dagbag.py:588} INFO - Filling up the DagBag from /Users/rishukhurana/anaconda3/lib/python3.11/site-packages/airflow/example_dags/example_complex.py
[2024-12-21T09:16:27.629-0800] {processor.py:925} INFO - DAG(s) 'example_complex' retrieved from /Users/rishukhurana/anaconda3/lib/python3.11/site-packages/airflow/example_dags/example_complex.py
[2024-12-21T09:16:27.734-0800] {logging_mixin.py:190} INFO - [2024-12-21T09:16:27.734-0800] {dag.py:3239} INFO - Sync 1 DAGs
[2024-12-21T09:16:27.744-0800] {logging_mixin.py:190} INFO - [2024-12-21T09:16:27.744-0800] {dag.py:4180} INFO - Setting next_dagrun for example_complex to None, run_after=None
[2024-12-21T09:16:27.760-0800] {processor.py:208} INFO - Processing /Users/rishukhurana/anaconda3/lib/python3.11/site-packages/airflow/example_dags/example_complex.py took 0.157 seconds
[2024-12-21T09:22:43.158-0800] {processor.py:186} INFO - Started process (PID=94845) to work on /Users/rishukhurana/anaconda3/lib/python3.11/site-packages/airflow/example_dags/example_complex.py
[2024-12-21T09:22:43.160-0800] {processor.py:914} INFO - Processing file /Users/rishukhurana/anaconda3/lib/python3.11/site-packages/airflow/example_dags/example_complex.py for tasks to queue
[2024-12-21T09:22:43.162-0800] {logging_mixin.py:190} INFO - [2024-12-21T09:22:43.161-0800] {dagbag.py:588} INFO - Filling up the DagBag from /Users/rishukhurana/anaconda3/lib/python3.11/site-packages/airflow/example_dags/example_complex.py
[2024-12-21T09:22:43.177-0800] {processor.py:925} INFO - DAG(s) 'example_complex' retrieved from /Users/rishukhurana/anaconda3/lib/python3.11/site-packages/airflow/example_dags/example_complex.py
[2024-12-21T09:22:43.281-0800] {logging_mixin.py:190} INFO - [2024-12-21T09:22:43.281-0800] {dag.py:3239} INFO - Sync 1 DAGs
[2024-12-21T09:22:43.292-0800] {logging_mixin.py:190} INFO - [2024-12-21T09:22:43.292-0800] {dag.py:4180} INFO - Setting next_dagrun for example_complex to None, run_after=None
[2024-12-21T09:22:43.308-0800] {processor.py:208} INFO - Processing /Users/rishukhurana/anaconda3/lib/python3.11/site-packages/airflow/example_dags/example_complex.py took 0.157 seconds
[2024-12-21T09:29:17.000-0800] {processor.py:186} INFO - Started process (PID=95177) to work on /Users/rishukhurana/anaconda3/lib/python3.11/site-packages/airflow/example_dags/example_complex.py
[2024-12-21T09:29:17.001-0800] {processor.py:914} INFO - Processing file /Users/rishukhurana/anaconda3/lib/python3.11/site-packages/airflow/example_dags/example_complex.py for tasks to queue
[2024-12-21T09:29:17.003-0800] {logging_mixin.py:190} INFO - [2024-12-21T09:29:17.002-0800] {dagbag.py:588} INFO - Filling up the DagBag from /Users/rishukhurana/anaconda3/lib/python3.11/site-packages/airflow/example_dags/example_complex.py
[2024-12-21T09:29:17.017-0800] {processor.py:925} INFO - DAG(s) 'example_complex' retrieved from /Users/rishukhurana/anaconda3/lib/python3.11/site-packages/airflow/example_dags/example_complex.py
[2024-12-21T09:29:17.122-0800] {logging_mixin.py:190} INFO - [2024-12-21T09:29:17.121-0800] {dag.py:3239} INFO - Sync 1 DAGs
[2024-12-21T09:29:17.132-0800] {logging_mixin.py:190} INFO - [2024-12-21T09:29:17.132-0800] {dag.py:4180} INFO - Setting next_dagrun for example_complex to None, run_after=None
[2024-12-21T09:29:17.146-0800] {processor.py:208} INFO - Processing /Users/rishukhurana/anaconda3/lib/python3.11/site-packages/airflow/example_dags/example_complex.py took 0.155 seconds
[2024-12-21T09:35:55.772-0800] {processor.py:186} INFO - Started process (PID=95476) to work on /Users/rishukhurana/anaconda3/lib/python3.11/site-packages/airflow/example_dags/example_complex.py
[2024-12-21T09:35:55.774-0800] {processor.py:914} INFO - Processing file /Users/rishukhurana/anaconda3/lib/python3.11/site-packages/airflow/example_dags/example_complex.py for tasks to queue
[2024-12-21T09:35:55.776-0800] {logging_mixin.py:190} INFO - [2024-12-21T09:35:55.775-0800] {dagbag.py:588} INFO - Filling up the DagBag from /Users/rishukhurana/anaconda3/lib/python3.11/site-packages/airflow/example_dags/example_complex.py
[2024-12-21T09:35:55.790-0800] {processor.py:925} INFO - DAG(s) 'example_complex' retrieved from /Users/rishukhurana/anaconda3/lib/python3.11/site-packages/airflow/example_dags/example_complex.py
[2024-12-21T09:35:55.894-0800] {logging_mixin.py:190} INFO - [2024-12-21T09:35:55.894-0800] {dag.py:3239} INFO - Sync 1 DAGs
[2024-12-21T09:35:55.904-0800] {logging_mixin.py:190} INFO - [2024-12-21T09:35:55.904-0800] {dag.py:4180} INFO - Setting next_dagrun for example_complex to None, run_after=None
[2024-12-21T09:35:55.923-0800] {processor.py:208} INFO - Processing /Users/rishukhurana/anaconda3/lib/python3.11/site-packages/airflow/example_dags/example_complex.py took 0.155 seconds
[2024-12-21T09:42:22.588-0800] {processor.py:186} INFO - Started process (PID=95801) to work on /Users/rishukhurana/anaconda3/lib/python3.11/site-packages/airflow/example_dags/example_complex.py
[2024-12-21T09:42:22.590-0800] {processor.py:914} INFO - Processing file /Users/rishukhurana/anaconda3/lib/python3.11/site-packages/airflow/example_dags/example_complex.py for tasks to queue
[2024-12-21T09:42:22.591-0800] {logging_mixin.py:190} INFO - [2024-12-21T09:42:22.591-0800] {dagbag.py:588} INFO - Filling up the DagBag from /Users/rishukhurana/anaconda3/lib/python3.11/site-packages/airflow/example_dags/example_complex.py
[2024-12-21T09:42:22.607-0800] {processor.py:925} INFO - DAG(s) 'example_complex' retrieved from /Users/rishukhurana/anaconda3/lib/python3.11/site-packages/airflow/example_dags/example_complex.py
[2024-12-21T09:42:22.705-0800] {logging_mixin.py:190} INFO - [2024-12-21T09:42:22.705-0800] {dag.py:3239} INFO - Sync 1 DAGs
[2024-12-21T09:42:22.715-0800] {logging_mixin.py:190} INFO - [2024-12-21T09:42:22.715-0800] {dag.py:4180} INFO - Setting next_dagrun for example_complex to None, run_after=None
[2024-12-21T09:42:22.734-0800] {processor.py:208} INFO - Processing /Users/rishukhurana/anaconda3/lib/python3.11/site-packages/airflow/example_dags/example_complex.py took 0.155 seconds
[2024-12-21T09:48:51.711-0800] {processor.py:186} INFO - Started process (PID=96118) to work on /Users/rishukhurana/anaconda3/lib/python3.11/site-packages/airflow/example_dags/example_complex.py
[2024-12-21T09:48:51.713-0800] {processor.py:914} INFO - Processing file /Users/rishukhurana/anaconda3/lib/python3.11/site-packages/airflow/example_dags/example_complex.py for tasks to queue
[2024-12-21T09:48:51.715-0800] {logging_mixin.py:190} INFO - [2024-12-21T09:48:51.715-0800] {dagbag.py:588} INFO - Filling up the DagBag from /Users/rishukhurana/anaconda3/lib/python3.11/site-packages/airflow/example_dags/example_complex.py
[2024-12-21T09:48:51.729-0800] {processor.py:925} INFO - DAG(s) 'example_complex' retrieved from /Users/rishukhurana/anaconda3/lib/python3.11/site-packages/airflow/example_dags/example_complex.py
[2024-12-21T09:48:51.832-0800] {logging_mixin.py:190} INFO - [2024-12-21T09:48:51.831-0800] {dag.py:3239} INFO - Sync 1 DAGs
[2024-12-21T09:48:51.842-0800] {logging_mixin.py:190} INFO - [2024-12-21T09:48:51.842-0800] {dag.py:4180} INFO - Setting next_dagrun for example_complex to None, run_after=None
[2024-12-21T09:48:51.858-0800] {processor.py:208} INFO - Processing /Users/rishukhurana/anaconda3/lib/python3.11/site-packages/airflow/example_dags/example_complex.py took 0.155 seconds
[2024-12-21T09:55:23.590-0800] {processor.py:186} INFO - Started process (PID=96426) to work on /Users/rishukhurana/anaconda3/lib/python3.11/site-packages/airflow/example_dags/example_complex.py
[2024-12-21T09:55:23.591-0800] {processor.py:914} INFO - Processing file /Users/rishukhurana/anaconda3/lib/python3.11/site-packages/airflow/example_dags/example_complex.py for tasks to queue
[2024-12-21T09:55:23.593-0800] {logging_mixin.py:190} INFO - [2024-12-21T09:55:23.593-0800] {dagbag.py:588} INFO - Filling up the DagBag from /Users/rishukhurana/anaconda3/lib/python3.11/site-packages/airflow/example_dags/example_complex.py
[2024-12-21T09:55:23.607-0800] {processor.py:925} INFO - DAG(s) 'example_complex' retrieved from /Users/rishukhurana/anaconda3/lib/python3.11/site-packages/airflow/example_dags/example_complex.py
[2024-12-21T09:55:23.703-0800] {logging_mixin.py:190} INFO - [2024-12-21T09:55:23.702-0800] {dag.py:3239} INFO - Sync 1 DAGs
[2024-12-21T09:55:23.713-0800] {logging_mixin.py:190} INFO - [2024-12-21T09:55:23.712-0800] {dag.py:4180} INFO - Setting next_dagrun for example_complex to None, run_after=None
[2024-12-21T09:55:23.729-0800] {processor.py:208} INFO - Processing /Users/rishukhurana/anaconda3/lib/python3.11/site-packages/airflow/example_dags/example_complex.py took 0.147 seconds
[2024-12-21T10:01:49.232-0800] {processor.py:186} INFO - Started process (PID=96744) to work on /Users/rishukhurana/anaconda3/lib/python3.11/site-packages/airflow/example_dags/example_complex.py
[2024-12-21T10:01:49.234-0800] {processor.py:914} INFO - Processing file /Users/rishukhurana/anaconda3/lib/python3.11/site-packages/airflow/example_dags/example_complex.py for tasks to queue
[2024-12-21T10:01:49.235-0800] {logging_mixin.py:190} INFO - [2024-12-21T10:01:49.235-0800] {dagbag.py:588} INFO - Filling up the DagBag from /Users/rishukhurana/anaconda3/lib/python3.11/site-packages/airflow/example_dags/example_complex.py
[2024-12-21T10:01:49.249-0800] {processor.py:925} INFO - DAG(s) 'example_complex' retrieved from /Users/rishukhurana/anaconda3/lib/python3.11/site-packages/airflow/example_dags/example_complex.py
[2024-12-21T10:01:49.355-0800] {logging_mixin.py:190} INFO - [2024-12-21T10:01:49.355-0800] {dag.py:3239} INFO - Sync 1 DAGs
[2024-12-21T10:01:49.367-0800] {logging_mixin.py:190} INFO - [2024-12-21T10:01:49.367-0800] {dag.py:4180} INFO - Setting next_dagrun for example_complex to None, run_after=None
[2024-12-21T10:01:49.383-0800] {processor.py:208} INFO - Processing /Users/rishukhurana/anaconda3/lib/python3.11/site-packages/airflow/example_dags/example_complex.py took 0.159 seconds
[2024-12-21T10:08:08.124-0800] {processor.py:186} INFO - Started process (PID=97048) to work on /Users/rishukhurana/anaconda3/lib/python3.11/site-packages/airflow/example_dags/example_complex.py
[2024-12-21T10:08:08.126-0800] {processor.py:914} INFO - Processing file /Users/rishukhurana/anaconda3/lib/python3.11/site-packages/airflow/example_dags/example_complex.py for tasks to queue
[2024-12-21T10:08:08.128-0800] {logging_mixin.py:190} INFO - [2024-12-21T10:08:08.127-0800] {dagbag.py:588} INFO - Filling up the DagBag from /Users/rishukhurana/anaconda3/lib/python3.11/site-packages/airflow/example_dags/example_complex.py
[2024-12-21T10:08:08.140-0800] {processor.py:925} INFO - DAG(s) 'example_complex' retrieved from /Users/rishukhurana/anaconda3/lib/python3.11/site-packages/airflow/example_dags/example_complex.py
[2024-12-21T10:08:08.234-0800] {logging_mixin.py:190} INFO - [2024-12-21T10:08:08.234-0800] {dag.py:3239} INFO - Sync 1 DAGs
[2024-12-21T10:08:08.244-0800] {logging_mixin.py:190} INFO - [2024-12-21T10:08:08.244-0800] {dag.py:4180} INFO - Setting next_dagrun for example_complex to None, run_after=None
[2024-12-21T10:08:08.264-0800] {processor.py:208} INFO - Processing /Users/rishukhurana/anaconda3/lib/python3.11/site-packages/airflow/example_dags/example_complex.py took 0.147 seconds
[2024-12-21T10:14:20.923-0800] {processor.py:186} INFO - Started process (PID=97376) to work on /Users/rishukhurana/anaconda3/lib/python3.11/site-packages/airflow/example_dags/example_complex.py
[2024-12-21T10:14:20.926-0800] {processor.py:914} INFO - Processing file /Users/rishukhurana/anaconda3/lib/python3.11/site-packages/airflow/example_dags/example_complex.py for tasks to queue
[2024-12-21T10:14:20.927-0800] {logging_mixin.py:190} INFO - [2024-12-21T10:14:20.927-0800] {dagbag.py:588} INFO - Filling up the DagBag from /Users/rishukhurana/anaconda3/lib/python3.11/site-packages/airflow/example_dags/example_complex.py
[2024-12-21T10:14:20.940-0800] {processor.py:925} INFO - DAG(s) 'example_complex' retrieved from /Users/rishukhurana/anaconda3/lib/python3.11/site-packages/airflow/example_dags/example_complex.py
[2024-12-21T10:14:21.035-0800] {logging_mixin.py:190} INFO - [2024-12-21T10:14:21.035-0800] {dag.py:3239} INFO - Sync 1 DAGs
[2024-12-21T10:14:21.046-0800] {logging_mixin.py:190} INFO - [2024-12-21T10:14:21.046-0800] {dag.py:4180} INFO - Setting next_dagrun for example_complex to None, run_after=None
[2024-12-21T10:14:21.062-0800] {processor.py:208} INFO - Processing /Users/rishukhurana/anaconda3/lib/python3.11/site-packages/airflow/example_dags/example_complex.py took 0.148 seconds
[2024-12-21T10:20:49.270-0800] {processor.py:186} INFO - Started process (PID=97706) to work on /Users/rishukhurana/anaconda3/lib/python3.11/site-packages/airflow/example_dags/example_complex.py
[2024-12-21T10:20:49.273-0800] {processor.py:914} INFO - Processing file /Users/rishukhurana/anaconda3/lib/python3.11/site-packages/airflow/example_dags/example_complex.py for tasks to queue
[2024-12-21T10:20:49.274-0800] {logging_mixin.py:190} INFO - [2024-12-21T10:20:49.274-0800] {dagbag.py:588} INFO - Filling up the DagBag from /Users/rishukhurana/anaconda3/lib/python3.11/site-packages/airflow/example_dags/example_complex.py
[2024-12-21T10:20:49.301-0800] {processor.py:925} INFO - DAG(s) 'example_complex' retrieved from /Users/rishukhurana/anaconda3/lib/python3.11/site-packages/airflow/example_dags/example_complex.py
[2024-12-21T10:20:49.405-0800] {logging_mixin.py:190} INFO - [2024-12-21T10:20:49.405-0800] {dag.py:3239} INFO - Sync 1 DAGs
[2024-12-21T10:20:49.415-0800] {logging_mixin.py:190} INFO - [2024-12-21T10:20:49.415-0800] {dag.py:4180} INFO - Setting next_dagrun for example_complex to None, run_after=None
[2024-12-21T10:20:49.434-0800] {processor.py:208} INFO - Processing /Users/rishukhurana/anaconda3/lib/python3.11/site-packages/airflow/example_dags/example_complex.py took 0.170 seconds
[2024-12-21T10:27:17.885-0800] {processor.py:186} INFO - Started process (PID=98036) to work on /Users/rishukhurana/anaconda3/lib/python3.11/site-packages/airflow/example_dags/example_complex.py
[2024-12-21T10:27:17.886-0800] {processor.py:914} INFO - Processing file /Users/rishukhurana/anaconda3/lib/python3.11/site-packages/airflow/example_dags/example_complex.py for tasks to queue
[2024-12-21T10:27:17.888-0800] {logging_mixin.py:190} INFO - [2024-12-21T10:27:17.887-0800] {dagbag.py:588} INFO - Filling up the DagBag from /Users/rishukhurana/anaconda3/lib/python3.11/site-packages/airflow/example_dags/example_complex.py
[2024-12-21T10:27:17.904-0800] {processor.py:925} INFO - DAG(s) 'example_complex' retrieved from /Users/rishukhurana/anaconda3/lib/python3.11/site-packages/airflow/example_dags/example_complex.py
[2024-12-21T10:27:18.015-0800] {logging_mixin.py:190} INFO - [2024-12-21T10:27:18.014-0800] {dag.py:3239} INFO - Sync 1 DAGs
[2024-12-21T10:27:18.026-0800] {logging_mixin.py:190} INFO - [2024-12-21T10:27:18.026-0800] {dag.py:4180} INFO - Setting next_dagrun for example_complex to None, run_after=None
[2024-12-21T10:27:18.044-0800] {processor.py:208} INFO - Processing /Users/rishukhurana/anaconda3/lib/python3.11/site-packages/airflow/example_dags/example_complex.py took 0.164 seconds
[2024-12-21T10:33:28.256-0800] {processor.py:186} INFO - Started process (PID=98346) to work on /Users/rishukhurana/anaconda3/lib/python3.11/site-packages/airflow/example_dags/example_complex.py
[2024-12-21T10:33:28.258-0800] {processor.py:914} INFO - Processing file /Users/rishukhurana/anaconda3/lib/python3.11/site-packages/airflow/example_dags/example_complex.py for tasks to queue
[2024-12-21T10:33:28.260-0800] {logging_mixin.py:190} INFO - [2024-12-21T10:33:28.259-0800] {dagbag.py:588} INFO - Filling up the DagBag from /Users/rishukhurana/anaconda3/lib/python3.11/site-packages/airflow/example_dags/example_complex.py
[2024-12-21T10:33:28.272-0800] {processor.py:925} INFO - DAG(s) 'example_complex' retrieved from /Users/rishukhurana/anaconda3/lib/python3.11/site-packages/airflow/example_dags/example_complex.py
[2024-12-21T10:33:28.365-0800] {logging_mixin.py:190} INFO - [2024-12-21T10:33:28.364-0800] {dag.py:3239} INFO - Sync 1 DAGs
[2024-12-21T10:33:28.374-0800] {logging_mixin.py:190} INFO - [2024-12-21T10:33:28.374-0800] {dag.py:4180} INFO - Setting next_dagrun for example_complex to None, run_after=None
[2024-12-21T10:33:28.395-0800] {processor.py:208} INFO - Processing /Users/rishukhurana/anaconda3/lib/python3.11/site-packages/airflow/example_dags/example_complex.py took 0.147 seconds
[2024-12-21T10:41:34.417-0800] {processor.py:186} INFO - Started process (PID=98671) to work on /Users/rishukhurana/anaconda3/lib/python3.11/site-packages/airflow/example_dags/example_complex.py
[2024-12-21T10:41:34.420-0800] {processor.py:914} INFO - Processing file /Users/rishukhurana/anaconda3/lib/python3.11/site-packages/airflow/example_dags/example_complex.py for tasks to queue
[2024-12-21T10:41:34.423-0800] {logging_mixin.py:190} INFO - [2024-12-21T10:41:34.422-0800] {dagbag.py:588} INFO - Filling up the DagBag from /Users/rishukhurana/anaconda3/lib/python3.11/site-packages/airflow/example_dags/example_complex.py
[2024-12-21T10:41:34.444-0800] {processor.py:925} INFO - DAG(s) 'example_complex' retrieved from /Users/rishukhurana/anaconda3/lib/python3.11/site-packages/airflow/example_dags/example_complex.py
[2024-12-21T10:41:34.619-0800] {logging_mixin.py:190} INFO - [2024-12-21T10:41:34.618-0800] {dag.py:3239} INFO - Sync 1 DAGs
[2024-12-21T10:41:34.636-0800] {logging_mixin.py:190} INFO - [2024-12-21T10:41:34.636-0800] {dag.py:4180} INFO - Setting next_dagrun for example_complex to None, run_after=None
[2024-12-21T10:41:34.666-0800] {processor.py:208} INFO - Processing /Users/rishukhurana/anaconda3/lib/python3.11/site-packages/airflow/example_dags/example_complex.py took 0.263 seconds
[2024-12-21T10:46:41.039-0800] {processor.py:186} INFO - Started process (PID=98864) to work on /Users/rishukhurana/anaconda3/lib/python3.11/site-packages/airflow/example_dags/example_complex.py
[2024-12-21T10:46:41.042-0800] {processor.py:914} INFO - Processing file /Users/rishukhurana/anaconda3/lib/python3.11/site-packages/airflow/example_dags/example_complex.py for tasks to queue
[2024-12-21T10:46:41.045-0800] {logging_mixin.py:190} INFO - [2024-12-21T10:46:41.044-0800] {dagbag.py:588} INFO - Filling up the DagBag from /Users/rishukhurana/anaconda3/lib/python3.11/site-packages/airflow/example_dags/example_complex.py
[2024-12-21T10:46:41.066-0800] {processor.py:925} INFO - DAG(s) 'example_complex' retrieved from /Users/rishukhurana/anaconda3/lib/python3.11/site-packages/airflow/example_dags/example_complex.py
[2024-12-21T10:46:41.238-0800] {logging_mixin.py:190} INFO - [2024-12-21T10:46:41.238-0800] {dag.py:3239} INFO - Sync 1 DAGs
[2024-12-21T10:46:41.256-0800] {logging_mixin.py:190} INFO - [2024-12-21T10:46:41.255-0800] {dag.py:4180} INFO - Setting next_dagrun for example_complex to None, run_after=None
[2024-12-21T10:46:41.285-0800] {processor.py:208} INFO - Processing /Users/rishukhurana/anaconda3/lib/python3.11/site-packages/airflow/example_dags/example_complex.py took 0.260 seconds
[2024-12-21T10:55:44.976-0800] {processor.py:186} INFO - Started process (PID=99220) to work on /Users/rishukhurana/anaconda3/lib/python3.11/site-packages/airflow/example_dags/example_complex.py
[2024-12-21T10:55:44.979-0800] {processor.py:914} INFO - Processing file /Users/rishukhurana/anaconda3/lib/python3.11/site-packages/airflow/example_dags/example_complex.py for tasks to queue
[2024-12-21T10:55:44.981-0800] {logging_mixin.py:190} INFO - [2024-12-21T10:55:44.981-0800] {dagbag.py:588} INFO - Filling up the DagBag from /Users/rishukhurana/anaconda3/lib/python3.11/site-packages/airflow/example_dags/example_complex.py
[2024-12-21T10:55:45.003-0800] {processor.py:925} INFO - DAG(s) 'example_complex' retrieved from /Users/rishukhurana/anaconda3/lib/python3.11/site-packages/airflow/example_dags/example_complex.py
[2024-12-21T10:55:45.173-0800] {logging_mixin.py:190} INFO - [2024-12-21T10:55:45.172-0800] {dag.py:3239} INFO - Sync 1 DAGs
[2024-12-21T10:55:45.191-0800] {logging_mixin.py:190} INFO - [2024-12-21T10:55:45.191-0800] {dag.py:4180} INFO - Setting next_dagrun for example_complex to None, run_after=None
[2024-12-21T10:55:45.220-0800] {processor.py:208} INFO - Processing /Users/rishukhurana/anaconda3/lib/python3.11/site-packages/airflow/example_dags/example_complex.py took 0.252 seconds
[2024-12-21T11:04:57.733-0800] {processor.py:186} INFO - Started process (PID=99598) to work on /Users/rishukhurana/anaconda3/lib/python3.11/site-packages/airflow/example_dags/example_complex.py
[2024-12-21T11:04:57.737-0800] {processor.py:914} INFO - Processing file /Users/rishukhurana/anaconda3/lib/python3.11/site-packages/airflow/example_dags/example_complex.py for tasks to queue
[2024-12-21T11:04:57.739-0800] {logging_mixin.py:190} INFO - [2024-12-21T11:04:57.738-0800] {dagbag.py:588} INFO - Filling up the DagBag from /Users/rishukhurana/anaconda3/lib/python3.11/site-packages/airflow/example_dags/example_complex.py
[2024-12-21T11:04:57.759-0800] {processor.py:925} INFO - DAG(s) 'example_complex' retrieved from /Users/rishukhurana/anaconda3/lib/python3.11/site-packages/airflow/example_dags/example_complex.py
[2024-12-21T11:04:57.934-0800] {logging_mixin.py:190} INFO - [2024-12-21T11:04:57.933-0800] {dag.py:3239} INFO - Sync 1 DAGs
[2024-12-21T11:04:57.951-0800] {logging_mixin.py:190} INFO - [2024-12-21T11:04:57.951-0800] {dag.py:4180} INFO - Setting next_dagrun for example_complex to None, run_after=None
[2024-12-21T11:04:57.981-0800] {processor.py:208} INFO - Processing /Users/rishukhurana/anaconda3/lib/python3.11/site-packages/airflow/example_dags/example_complex.py took 0.256 seconds
