[2024-12-20T22:16:46.125-0800] {processor.py:186} INFO - Started process (PID=75041) to work on /Users/rishukhurana/anaconda3/lib/python3.11/site-packages/airflow/example_dags/example_bash_decorator.py
[2024-12-20T22:16:46.128-0800] {processor.py:914} INFO - Processing file /Users/rishukhurana/anaconda3/lib/python3.11/site-packages/airflow/example_dags/example_bash_decorator.py for tasks to queue
[2024-12-20T22:16:46.130-0800] {logging_mixin.py:190} INFO - [2024-12-20T22:16:46.129-0800] {dagbag.py:588} INFO - Filling up the DagBag from /Users/rishukhurana/anaconda3/lib/python3.11/site-packages/airflow/example_dags/example_bash_decorator.py
[2024-12-20T22:16:46.221-0800] {processor.py:925} INFO - DAG(s) 'example_bash_decorator' retrieved from /Users/rishukhurana/anaconda3/lib/python3.11/site-packages/airflow/example_dags/example_bash_decorator.py
[2024-12-20T22:16:46.629-0800] {logging_mixin.py:190} INFO - [2024-12-20T22:16:46.629-0800] {dag.py:3239} INFO - Sync 1 DAGs
[2024-12-20T22:16:46.644-0800] {logging_mixin.py:190} INFO - [2024-12-20T22:16:46.644-0800] {dag.py:4180} INFO - Setting next_dagrun for example_bash_decorator to None, run_after=None
[2024-12-20T22:16:46.672-0800] {processor.py:208} INFO - Processing /Users/rishukhurana/anaconda3/lib/python3.11/site-packages/airflow/example_dags/example_bash_decorator.py took 0.562 seconds
[2024-12-20T22:24:47.609-0800] {processor.py:186} INFO - Started process (PID=75394) to work on /Users/rishukhurana/anaconda3/lib/python3.11/site-packages/airflow/example_dags/example_bash_decorator.py
[2024-12-20T22:24:47.611-0800] {processor.py:914} INFO - Processing file /Users/rishukhurana/anaconda3/lib/python3.11/site-packages/airflow/example_dags/example_bash_decorator.py for tasks to queue
[2024-12-20T22:24:47.613-0800] {logging_mixin.py:190} INFO - [2024-12-20T22:24:47.612-0800] {dagbag.py:588} INFO - Filling up the DagBag from /Users/rishukhurana/anaconda3/lib/python3.11/site-packages/airflow/example_dags/example_bash_decorator.py
[2024-12-20T22:24:47.658-0800] {processor.py:925} INFO - DAG(s) 'example_bash_decorator' retrieved from /Users/rishukhurana/anaconda3/lib/python3.11/site-packages/airflow/example_dags/example_bash_decorator.py
[2024-12-20T22:24:47.908-0800] {logging_mixin.py:190} INFO - [2024-12-20T22:24:47.908-0800] {dag.py:3239} INFO - Sync 1 DAGs
[2024-12-20T22:24:47.919-0800] {logging_mixin.py:190} INFO - [2024-12-20T22:24:47.919-0800] {dag.py:4180} INFO - Setting next_dagrun for example_bash_decorator to None, run_after=None
[2024-12-20T22:24:47.934-0800] {processor.py:208} INFO - Processing /Users/rishukhurana/anaconda3/lib/python3.11/site-packages/airflow/example_dags/example_bash_decorator.py took 0.332 seconds
[2024-12-20T22:31:17.724-0800] {processor.py:186} INFO - Started process (PID=75721) to work on /Users/rishukhurana/anaconda3/lib/python3.11/site-packages/airflow/example_dags/example_bash_decorator.py
[2024-12-20T22:31:17.726-0800] {processor.py:914} INFO - Processing file /Users/rishukhurana/anaconda3/lib/python3.11/site-packages/airflow/example_dags/example_bash_decorator.py for tasks to queue
[2024-12-20T22:31:17.728-0800] {logging_mixin.py:190} INFO - [2024-12-20T22:31:17.728-0800] {dagbag.py:588} INFO - Filling up the DagBag from /Users/rishukhurana/anaconda3/lib/python3.11/site-packages/airflow/example_dags/example_bash_decorator.py
[2024-12-20T22:31:17.770-0800] {processor.py:925} INFO - DAG(s) 'example_bash_decorator' retrieved from /Users/rishukhurana/anaconda3/lib/python3.11/site-packages/airflow/example_dags/example_bash_decorator.py
[2024-12-20T22:31:18.015-0800] {logging_mixin.py:190} INFO - [2024-12-20T22:31:18.015-0800] {dag.py:3239} INFO - Sync 1 DAGs
[2024-12-20T22:31:18.024-0800] {logging_mixin.py:190} INFO - [2024-12-20T22:31:18.024-0800] {dag.py:4180} INFO - Setting next_dagrun for example_bash_decorator to None, run_after=None
[2024-12-20T22:31:18.040-0800] {processor.py:208} INFO - Processing /Users/rishukhurana/anaconda3/lib/python3.11/site-packages/airflow/example_dags/example_bash_decorator.py took 0.322 seconds
[2024-12-20T22:37:33.577-0800] {processor.py:186} INFO - Started process (PID=76024) to work on /Users/rishukhurana/anaconda3/lib/python3.11/site-packages/airflow/example_dags/example_bash_decorator.py
[2024-12-20T22:37:33.579-0800] {processor.py:914} INFO - Processing file /Users/rishukhurana/anaconda3/lib/python3.11/site-packages/airflow/example_dags/example_bash_decorator.py for tasks to queue
[2024-12-20T22:37:33.581-0800] {logging_mixin.py:190} INFO - [2024-12-20T22:37:33.580-0800] {dagbag.py:588} INFO - Filling up the DagBag from /Users/rishukhurana/anaconda3/lib/python3.11/site-packages/airflow/example_dags/example_bash_decorator.py
[2024-12-20T22:37:33.622-0800] {processor.py:925} INFO - DAG(s) 'example_bash_decorator' retrieved from /Users/rishukhurana/anaconda3/lib/python3.11/site-packages/airflow/example_dags/example_bash_decorator.py
[2024-12-20T22:37:33.890-0800] {logging_mixin.py:190} INFO - [2024-12-20T22:37:33.890-0800] {dag.py:3239} INFO - Sync 1 DAGs
[2024-12-20T22:37:33.898-0800] {logging_mixin.py:190} INFO - [2024-12-20T22:37:33.898-0800] {dag.py:4180} INFO - Setting next_dagrun for example_bash_decorator to None, run_after=None
[2024-12-20T22:37:33.912-0800] {processor.py:208} INFO - Processing /Users/rishukhurana/anaconda3/lib/python3.11/site-packages/airflow/example_dags/example_bash_decorator.py took 0.343 seconds
[2024-12-20T22:43:47.043-0800] {processor.py:186} INFO - Started process (PID=76499) to work on /Users/rishukhurana/anaconda3/lib/python3.11/site-packages/airflow/example_dags/example_bash_decorator.py
[2024-12-20T22:43:47.051-0800] {processor.py:914} INFO - Processing file /Users/rishukhurana/anaconda3/lib/python3.11/site-packages/airflow/example_dags/example_bash_decorator.py for tasks to queue
[2024-12-20T22:43:47.069-0800] {logging_mixin.py:190} INFO - [2024-12-20T22:43:47.068-0800] {dagbag.py:588} INFO - Filling up the DagBag from /Users/rishukhurana/anaconda3/lib/python3.11/site-packages/airflow/example_dags/example_bash_decorator.py
[2024-12-20T22:43:47.169-0800] {processor.py:925} INFO - DAG(s) 'example_bash_decorator' retrieved from /Users/rishukhurana/anaconda3/lib/python3.11/site-packages/airflow/example_dags/example_bash_decorator.py
[2024-12-20T22:43:47.462-0800] {logging_mixin.py:190} INFO - [2024-12-20T22:43:47.461-0800] {dag.py:3239} INFO - Sync 1 DAGs
[2024-12-20T22:43:47.473-0800] {logging_mixin.py:190} INFO - [2024-12-20T22:43:47.473-0800] {dag.py:4180} INFO - Setting next_dagrun for example_bash_decorator to None, run_after=None
[2024-12-20T22:43:47.492-0800] {processor.py:208} INFO - Processing /Users/rishukhurana/anaconda3/lib/python3.11/site-packages/airflow/example_dags/example_bash_decorator.py took 0.457 seconds
[2024-12-20T22:49:56.928-0800] {processor.py:186} INFO - Started process (PID=76809) to work on /Users/rishukhurana/anaconda3/lib/python3.11/site-packages/airflow/example_dags/example_bash_decorator.py
[2024-12-20T22:49:56.930-0800] {processor.py:914} INFO - Processing file /Users/rishukhurana/anaconda3/lib/python3.11/site-packages/airflow/example_dags/example_bash_decorator.py for tasks to queue
[2024-12-20T22:49:56.932-0800] {logging_mixin.py:190} INFO - [2024-12-20T22:49:56.931-0800] {dagbag.py:588} INFO - Filling up the DagBag from /Users/rishukhurana/anaconda3/lib/python3.11/site-packages/airflow/example_dags/example_bash_decorator.py
[2024-12-20T22:49:56.975-0800] {processor.py:925} INFO - DAG(s) 'example_bash_decorator' retrieved from /Users/rishukhurana/anaconda3/lib/python3.11/site-packages/airflow/example_dags/example_bash_decorator.py
[2024-12-20T22:49:57.237-0800] {logging_mixin.py:190} INFO - [2024-12-20T22:49:57.236-0800] {dag.py:3239} INFO - Sync 1 DAGs
[2024-12-20T22:49:57.244-0800] {logging_mixin.py:190} INFO - [2024-12-20T22:49:57.244-0800] {dag.py:4180} INFO - Setting next_dagrun for example_bash_decorator to None, run_after=None
[2024-12-20T22:49:57.260-0800] {processor.py:208} INFO - Processing /Users/rishukhurana/anaconda3/lib/python3.11/site-packages/airflow/example_dags/example_bash_decorator.py took 0.340 seconds
[2024-12-20T22:55:43.633-0800] {processor.py:186} INFO - Started process (PID=77126) to work on /Users/rishukhurana/anaconda3/lib/python3.11/site-packages/airflow/example_dags/example_bash_decorator.py
[2024-12-20T22:55:43.635-0800] {processor.py:914} INFO - Processing file /Users/rishukhurana/anaconda3/lib/python3.11/site-packages/airflow/example_dags/example_bash_decorator.py for tasks to queue
[2024-12-20T22:55:43.637-0800] {logging_mixin.py:190} INFO - [2024-12-20T22:55:43.636-0800] {dagbag.py:588} INFO - Filling up the DagBag from /Users/rishukhurana/anaconda3/lib/python3.11/site-packages/airflow/example_dags/example_bash_decorator.py
[2024-12-20T22:55:43.678-0800] {processor.py:925} INFO - DAG(s) 'example_bash_decorator' retrieved from /Users/rishukhurana/anaconda3/lib/python3.11/site-packages/airflow/example_dags/example_bash_decorator.py
[2024-12-20T22:55:43.948-0800] {logging_mixin.py:190} INFO - [2024-12-20T22:55:43.948-0800] {dag.py:3239} INFO - Sync 1 DAGs
[2024-12-20T22:55:43.956-0800] {logging_mixin.py:190} INFO - [2024-12-20T22:55:43.956-0800] {dag.py:4180} INFO - Setting next_dagrun for example_bash_decorator to None, run_after=None
[2024-12-20T22:55:43.969-0800] {processor.py:208} INFO - Processing /Users/rishukhurana/anaconda3/lib/python3.11/site-packages/airflow/example_dags/example_bash_decorator.py took 0.344 seconds
[2024-12-20T23:01:31.644-0800] {processor.py:186} INFO - Started process (PID=77429) to work on /Users/rishukhurana/anaconda3/lib/python3.11/site-packages/airflow/example_dags/example_bash_decorator.py
[2024-12-20T23:01:31.646-0800] {processor.py:914} INFO - Processing file /Users/rishukhurana/anaconda3/lib/python3.11/site-packages/airflow/example_dags/example_bash_decorator.py for tasks to queue
[2024-12-20T23:01:31.648-0800] {logging_mixin.py:190} INFO - [2024-12-20T23:01:31.647-0800] {dagbag.py:588} INFO - Filling up the DagBag from /Users/rishukhurana/anaconda3/lib/python3.11/site-packages/airflow/example_dags/example_bash_decorator.py
[2024-12-20T23:01:31.690-0800] {processor.py:925} INFO - DAG(s) 'example_bash_decorator' retrieved from /Users/rishukhurana/anaconda3/lib/python3.11/site-packages/airflow/example_dags/example_bash_decorator.py
[2024-12-20T23:01:31.962-0800] {logging_mixin.py:190} INFO - [2024-12-20T23:01:31.961-0800] {dag.py:3239} INFO - Sync 1 DAGs
[2024-12-20T23:01:31.969-0800] {logging_mixin.py:190} INFO - [2024-12-20T23:01:31.969-0800] {dag.py:4180} INFO - Setting next_dagrun for example_bash_decorator to None, run_after=None
[2024-12-20T23:01:31.989-0800] {processor.py:208} INFO - Processing /Users/rishukhurana/anaconda3/lib/python3.11/site-packages/airflow/example_dags/example_bash_decorator.py took 0.353 seconds
[2024-12-20T23:07:36.252-0800] {processor.py:186} INFO - Started process (PID=77746) to work on /Users/rishukhurana/anaconda3/lib/python3.11/site-packages/airflow/example_dags/example_bash_decorator.py
[2024-12-20T23:07:36.254-0800] {processor.py:914} INFO - Processing file /Users/rishukhurana/anaconda3/lib/python3.11/site-packages/airflow/example_dags/example_bash_decorator.py for tasks to queue
[2024-12-20T23:07:36.256-0800] {logging_mixin.py:190} INFO - [2024-12-20T23:07:36.255-0800] {dagbag.py:588} INFO - Filling up the DagBag from /Users/rishukhurana/anaconda3/lib/python3.11/site-packages/airflow/example_dags/example_bash_decorator.py
[2024-12-20T23:07:36.296-0800] {processor.py:925} INFO - DAG(s) 'example_bash_decorator' retrieved from /Users/rishukhurana/anaconda3/lib/python3.11/site-packages/airflow/example_dags/example_bash_decorator.py
[2024-12-20T23:07:36.578-0800] {logging_mixin.py:190} INFO - [2024-12-20T23:07:36.577-0800] {dag.py:3239} INFO - Sync 1 DAGs
[2024-12-20T23:07:36.585-0800] {logging_mixin.py:190} INFO - [2024-12-20T23:07:36.585-0800] {dag.py:4180} INFO - Setting next_dagrun for example_bash_decorator to None, run_after=None
[2024-12-20T23:07:36.605-0800] {processor.py:208} INFO - Processing /Users/rishukhurana/anaconda3/lib/python3.11/site-packages/airflow/example_dags/example_bash_decorator.py took 0.361 seconds
[2024-12-20T23:13:27.142-0800] {processor.py:186} INFO - Started process (PID=78068) to work on /Users/rishukhurana/anaconda3/lib/python3.11/site-packages/airflow/example_dags/example_bash_decorator.py
[2024-12-20T23:13:27.145-0800] {processor.py:914} INFO - Processing file /Users/rishukhurana/anaconda3/lib/python3.11/site-packages/airflow/example_dags/example_bash_decorator.py for tasks to queue
[2024-12-20T23:13:27.146-0800] {logging_mixin.py:190} INFO - [2024-12-20T23:13:27.146-0800] {dagbag.py:588} INFO - Filling up the DagBag from /Users/rishukhurana/anaconda3/lib/python3.11/site-packages/airflow/example_dags/example_bash_decorator.py
[2024-12-20T23:13:27.186-0800] {processor.py:925} INFO - DAG(s) 'example_bash_decorator' retrieved from /Users/rishukhurana/anaconda3/lib/python3.11/site-packages/airflow/example_dags/example_bash_decorator.py
[2024-12-20T23:13:27.443-0800] {logging_mixin.py:190} INFO - [2024-12-20T23:13:27.443-0800] {dag.py:3239} INFO - Sync 1 DAGs
[2024-12-20T23:13:27.452-0800] {logging_mixin.py:190} INFO - [2024-12-20T23:13:27.452-0800] {dag.py:4180} INFO - Setting next_dagrun for example_bash_decorator to None, run_after=None
[2024-12-20T23:13:27.467-0800] {processor.py:208} INFO - Processing /Users/rishukhurana/anaconda3/lib/python3.11/site-packages/airflow/example_dags/example_bash_decorator.py took 0.331 seconds
[2024-12-20T23:19:36.353-0800] {processor.py:186} INFO - Started process (PID=78395) to work on /Users/rishukhurana/anaconda3/lib/python3.11/site-packages/airflow/example_dags/example_bash_decorator.py
[2024-12-20T23:19:36.355-0800] {processor.py:914} INFO - Processing file /Users/rishukhurana/anaconda3/lib/python3.11/site-packages/airflow/example_dags/example_bash_decorator.py for tasks to queue
[2024-12-20T23:19:36.357-0800] {logging_mixin.py:190} INFO - [2024-12-20T23:19:36.357-0800] {dagbag.py:588} INFO - Filling up the DagBag from /Users/rishukhurana/anaconda3/lib/python3.11/site-packages/airflow/example_dags/example_bash_decorator.py
[2024-12-20T23:19:36.424-0800] {processor.py:925} INFO - DAG(s) 'example_bash_decorator' retrieved from /Users/rishukhurana/anaconda3/lib/python3.11/site-packages/airflow/example_dags/example_bash_decorator.py
[2024-12-20T23:19:36.676-0800] {logging_mixin.py:190} INFO - [2024-12-20T23:19:36.675-0800] {dag.py:3239} INFO - Sync 1 DAGs
[2024-12-20T23:19:36.685-0800] {logging_mixin.py:190} INFO - [2024-12-20T23:19:36.685-0800] {dag.py:4180} INFO - Setting next_dagrun for example_bash_decorator to None, run_after=None
[2024-12-20T23:19:36.702-0800] {processor.py:208} INFO - Processing /Users/rishukhurana/anaconda3/lib/python3.11/site-packages/airflow/example_dags/example_bash_decorator.py took 0.355 seconds
[2024-12-20T23:25:36.192-0800] {processor.py:186} INFO - Started process (PID=78689) to work on /Users/rishukhurana/anaconda3/lib/python3.11/site-packages/airflow/example_dags/example_bash_decorator.py
[2024-12-20T23:25:36.194-0800] {processor.py:914} INFO - Processing file /Users/rishukhurana/anaconda3/lib/python3.11/site-packages/airflow/example_dags/example_bash_decorator.py for tasks to queue
[2024-12-20T23:25:36.196-0800] {logging_mixin.py:190} INFO - [2024-12-20T23:25:36.196-0800] {dagbag.py:588} INFO - Filling up the DagBag from /Users/rishukhurana/anaconda3/lib/python3.11/site-packages/airflow/example_dags/example_bash_decorator.py
[2024-12-20T23:25:36.235-0800] {processor.py:925} INFO - DAG(s) 'example_bash_decorator' retrieved from /Users/rishukhurana/anaconda3/lib/python3.11/site-packages/airflow/example_dags/example_bash_decorator.py
[2024-12-20T23:25:36.491-0800] {logging_mixin.py:190} INFO - [2024-12-20T23:25:36.491-0800] {dag.py:3239} INFO - Sync 1 DAGs
[2024-12-20T23:25:36.499-0800] {logging_mixin.py:190} INFO - [2024-12-20T23:25:36.499-0800] {dag.py:4180} INFO - Setting next_dagrun for example_bash_decorator to None, run_after=None
[2024-12-20T23:25:36.514-0800] {processor.py:208} INFO - Processing /Users/rishukhurana/anaconda3/lib/python3.11/site-packages/airflow/example_dags/example_bash_decorator.py took 0.329 seconds
[2024-12-20T23:31:46.253-0800] {processor.py:186} INFO - Started process (PID=79039) to work on /Users/rishukhurana/anaconda3/lib/python3.11/site-packages/airflow/example_dags/example_bash_decorator.py
[2024-12-20T23:31:46.255-0800] {processor.py:914} INFO - Processing file /Users/rishukhurana/anaconda3/lib/python3.11/site-packages/airflow/example_dags/example_bash_decorator.py for tasks to queue
[2024-12-20T23:31:46.257-0800] {logging_mixin.py:190} INFO - [2024-12-20T23:31:46.257-0800] {dagbag.py:588} INFO - Filling up the DagBag from /Users/rishukhurana/anaconda3/lib/python3.11/site-packages/airflow/example_dags/example_bash_decorator.py
[2024-12-20T23:31:46.297-0800] {processor.py:925} INFO - DAG(s) 'example_bash_decorator' retrieved from /Users/rishukhurana/anaconda3/lib/python3.11/site-packages/airflow/example_dags/example_bash_decorator.py
[2024-12-20T23:31:46.546-0800] {logging_mixin.py:190} INFO - [2024-12-20T23:31:46.546-0800] {dag.py:3239} INFO - Sync 1 DAGs
[2024-12-20T23:31:46.557-0800] {logging_mixin.py:190} INFO - [2024-12-20T23:31:46.556-0800] {dag.py:4180} INFO - Setting next_dagrun for example_bash_decorator to None, run_after=None
[2024-12-20T23:31:46.573-0800] {processor.py:208} INFO - Processing /Users/rishukhurana/anaconda3/lib/python3.11/site-packages/airflow/example_dags/example_bash_decorator.py took 0.328 seconds
[2024-12-20T23:38:22.569-0800] {processor.py:186} INFO - Started process (PID=79358) to work on /Users/rishukhurana/anaconda3/lib/python3.11/site-packages/airflow/example_dags/example_bash_decorator.py
[2024-12-20T23:38:22.571-0800] {processor.py:914} INFO - Processing file /Users/rishukhurana/anaconda3/lib/python3.11/site-packages/airflow/example_dags/example_bash_decorator.py for tasks to queue
[2024-12-20T23:38:22.573-0800] {logging_mixin.py:190} INFO - [2024-12-20T23:38:22.572-0800] {dagbag.py:588} INFO - Filling up the DagBag from /Users/rishukhurana/anaconda3/lib/python3.11/site-packages/airflow/example_dags/example_bash_decorator.py
[2024-12-20T23:38:22.638-0800] {processor.py:925} INFO - DAG(s) 'example_bash_decorator' retrieved from /Users/rishukhurana/anaconda3/lib/python3.11/site-packages/airflow/example_dags/example_bash_decorator.py
[2024-12-20T23:38:22.942-0800] {logging_mixin.py:190} INFO - [2024-12-20T23:38:22.942-0800] {dag.py:3239} INFO - Sync 1 DAGs
[2024-12-20T23:38:22.950-0800] {logging_mixin.py:190} INFO - [2024-12-20T23:38:22.950-0800] {dag.py:4180} INFO - Setting next_dagrun for example_bash_decorator to None, run_after=None
[2024-12-20T23:38:22.967-0800] {processor.py:208} INFO - Processing /Users/rishukhurana/anaconda3/lib/python3.11/site-packages/airflow/example_dags/example_bash_decorator.py took 0.405 seconds
[2024-12-20T23:45:01.913-0800] {processor.py:186} INFO - Started process (PID=79684) to work on /Users/rishukhurana/anaconda3/lib/python3.11/site-packages/airflow/example_dags/example_bash_decorator.py
[2024-12-20T23:45:01.915-0800] {processor.py:914} INFO - Processing file /Users/rishukhurana/anaconda3/lib/python3.11/site-packages/airflow/example_dags/example_bash_decorator.py for tasks to queue
[2024-12-20T23:45:01.917-0800] {logging_mixin.py:190} INFO - [2024-12-20T23:45:01.916-0800] {dagbag.py:588} INFO - Filling up the DagBag from /Users/rishukhurana/anaconda3/lib/python3.11/site-packages/airflow/example_dags/example_bash_decorator.py
[2024-12-20T23:45:01.973-0800] {processor.py:925} INFO - DAG(s) 'example_bash_decorator' retrieved from /Users/rishukhurana/anaconda3/lib/python3.11/site-packages/airflow/example_dags/example_bash_decorator.py
[2024-12-20T23:45:02.467-0800] {logging_mixin.py:190} INFO - [2024-12-20T23:45:02.467-0800] {dag.py:3239} INFO - Sync 1 DAGs
[2024-12-20T23:45:02.479-0800] {logging_mixin.py:190} INFO - [2024-12-20T23:45:02.479-0800] {dag.py:4180} INFO - Setting next_dagrun for example_bash_decorator to None, run_after=None
[2024-12-20T23:45:02.496-0800] {processor.py:208} INFO - Processing /Users/rishukhurana/anaconda3/lib/python3.11/site-packages/airflow/example_dags/example_bash_decorator.py took 0.591 seconds
[2024-12-20T23:51:28.932-0800] {processor.py:186} INFO - Started process (PID=79995) to work on /Users/rishukhurana/anaconda3/lib/python3.11/site-packages/airflow/example_dags/example_bash_decorator.py
[2024-12-20T23:51:28.935-0800] {processor.py:914} INFO - Processing file /Users/rishukhurana/anaconda3/lib/python3.11/site-packages/airflow/example_dags/example_bash_decorator.py for tasks to queue
[2024-12-20T23:51:28.937-0800] {logging_mixin.py:190} INFO - [2024-12-20T23:51:28.937-0800] {dagbag.py:588} INFO - Filling up the DagBag from /Users/rishukhurana/anaconda3/lib/python3.11/site-packages/airflow/example_dags/example_bash_decorator.py
[2024-12-20T23:51:28.977-0800] {processor.py:925} INFO - DAG(s) 'example_bash_decorator' retrieved from /Users/rishukhurana/anaconda3/lib/python3.11/site-packages/airflow/example_dags/example_bash_decorator.py
[2024-12-20T23:51:29.258-0800] {logging_mixin.py:190} INFO - [2024-12-20T23:51:29.258-0800] {dag.py:3239} INFO - Sync 1 DAGs
[2024-12-20T23:51:29.268-0800] {logging_mixin.py:190} INFO - [2024-12-20T23:51:29.267-0800] {dag.py:4180} INFO - Setting next_dagrun for example_bash_decorator to None, run_after=None
[2024-12-20T23:51:29.283-0800] {processor.py:208} INFO - Processing /Users/rishukhurana/anaconda3/lib/python3.11/site-packages/airflow/example_dags/example_bash_decorator.py took 0.358 seconds
[2024-12-20T23:57:46.816-0800] {processor.py:186} INFO - Started process (PID=80301) to work on /Users/rishukhurana/anaconda3/lib/python3.11/site-packages/airflow/example_dags/example_bash_decorator.py
[2024-12-20T23:57:46.818-0800] {processor.py:914} INFO - Processing file /Users/rishukhurana/anaconda3/lib/python3.11/site-packages/airflow/example_dags/example_bash_decorator.py for tasks to queue
[2024-12-20T23:57:46.820-0800] {logging_mixin.py:190} INFO - [2024-12-20T23:57:46.820-0800] {dagbag.py:588} INFO - Filling up the DagBag from /Users/rishukhurana/anaconda3/lib/python3.11/site-packages/airflow/example_dags/example_bash_decorator.py
[2024-12-20T23:57:46.881-0800] {processor.py:925} INFO - DAG(s) 'example_bash_decorator' retrieved from /Users/rishukhurana/anaconda3/lib/python3.11/site-packages/airflow/example_dags/example_bash_decorator.py
[2024-12-20T23:57:47.112-0800] {logging_mixin.py:190} INFO - [2024-12-20T23:57:47.112-0800] {dag.py:3239} INFO - Sync 1 DAGs
[2024-12-20T23:57:47.120-0800] {logging_mixin.py:190} INFO - [2024-12-20T23:57:47.120-0800] {dag.py:4180} INFO - Setting next_dagrun for example_bash_decorator to None, run_after=None
[2024-12-20T23:57:47.136-0800] {processor.py:208} INFO - Processing /Users/rishukhurana/anaconda3/lib/python3.11/site-packages/airflow/example_dags/example_bash_decorator.py took 0.326 seconds
[2024-12-21T00:03:44.306-0800] {processor.py:186} INFO - Started process (PID=80626) to work on /Users/rishukhurana/anaconda3/lib/python3.11/site-packages/airflow/example_dags/example_bash_decorator.py
[2024-12-21T00:03:44.309-0800] {processor.py:914} INFO - Processing file /Users/rishukhurana/anaconda3/lib/python3.11/site-packages/airflow/example_dags/example_bash_decorator.py for tasks to queue
[2024-12-21T00:03:44.311-0800] {logging_mixin.py:190} INFO - [2024-12-21T00:03:44.311-0800] {dagbag.py:588} INFO - Filling up the DagBag from /Users/rishukhurana/anaconda3/lib/python3.11/site-packages/airflow/example_dags/example_bash_decorator.py
[2024-12-21T00:03:44.394-0800] {processor.py:925} INFO - DAG(s) 'example_bash_decorator' retrieved from /Users/rishukhurana/anaconda3/lib/python3.11/site-packages/airflow/example_dags/example_bash_decorator.py
[2024-12-21T00:03:44.671-0800] {logging_mixin.py:190} INFO - [2024-12-21T00:03:44.671-0800] {dag.py:3239} INFO - Sync 1 DAGs
[2024-12-21T00:03:44.682-0800] {logging_mixin.py:190} INFO - [2024-12-21T00:03:44.682-0800] {dag.py:4180} INFO - Setting next_dagrun for example_bash_decorator to None, run_after=None
[2024-12-21T00:03:44.697-0800] {processor.py:208} INFO - Processing /Users/rishukhurana/anaconda3/lib/python3.11/site-packages/airflow/example_dags/example_bash_decorator.py took 0.398 seconds
[2024-12-21T00:10:18.062-0800] {processor.py:186} INFO - Started process (PID=80969) to work on /Users/rishukhurana/anaconda3/lib/python3.11/site-packages/airflow/example_dags/example_bash_decorator.py
[2024-12-21T00:10:18.065-0800] {processor.py:914} INFO - Processing file /Users/rishukhurana/anaconda3/lib/python3.11/site-packages/airflow/example_dags/example_bash_decorator.py for tasks to queue
[2024-12-21T00:10:18.066-0800] {logging_mixin.py:190} INFO - [2024-12-21T00:10:18.066-0800] {dagbag.py:588} INFO - Filling up the DagBag from /Users/rishukhurana/anaconda3/lib/python3.11/site-packages/airflow/example_dags/example_bash_decorator.py
[2024-12-21T00:10:18.105-0800] {processor.py:925} INFO - DAG(s) 'example_bash_decorator' retrieved from /Users/rishukhurana/anaconda3/lib/python3.11/site-packages/airflow/example_dags/example_bash_decorator.py
[2024-12-21T00:10:18.364-0800] {logging_mixin.py:190} INFO - [2024-12-21T00:10:18.364-0800] {dag.py:3239} INFO - Sync 1 DAGs
[2024-12-21T00:10:18.372-0800] {logging_mixin.py:190} INFO - [2024-12-21T00:10:18.372-0800] {dag.py:4180} INFO - Setting next_dagrun for example_bash_decorator to None, run_after=None
[2024-12-21T00:10:18.386-0800] {processor.py:208} INFO - Processing /Users/rishukhurana/anaconda3/lib/python3.11/site-packages/airflow/example_dags/example_bash_decorator.py took 0.330 seconds
[2024-12-21T01:17:00.348-0800] {processor.py:186} INFO - Started process (PID=81390) to work on /Users/rishukhurana/anaconda3/lib/python3.11/site-packages/airflow/example_dags/example_bash_decorator.py
[2024-12-21T01:17:00.349-0800] {processor.py:914} INFO - Processing file /Users/rishukhurana/anaconda3/lib/python3.11/site-packages/airflow/example_dags/example_bash_decorator.py for tasks to queue
[2024-12-21T01:17:00.351-0800] {logging_mixin.py:190} INFO - [2024-12-21T01:17:00.351-0800] {dagbag.py:588} INFO - Filling up the DagBag from /Users/rishukhurana/anaconda3/lib/python3.11/site-packages/airflow/example_dags/example_bash_decorator.py
[2024-12-21T01:17:00.419-0800] {processor.py:925} INFO - DAG(s) 'example_bash_decorator' retrieved from /Users/rishukhurana/anaconda3/lib/python3.11/site-packages/airflow/example_dags/example_bash_decorator.py
[2024-12-21T01:17:00.719-0800] {logging_mixin.py:190} INFO - [2024-12-21T01:17:00.719-0800] {dag.py:3239} INFO - Sync 1 DAGs
[2024-12-21T01:17:00.731-0800] {logging_mixin.py:190} INFO - [2024-12-21T01:17:00.731-0800] {dag.py:4180} INFO - Setting next_dagrun for example_bash_decorator to None, run_after=None
[2024-12-21T01:17:00.753-0800] {processor.py:208} INFO - Processing /Users/rishukhurana/anaconda3/lib/python3.11/site-packages/airflow/example_dags/example_bash_decorator.py took 0.412 seconds
[2024-12-21T01:23:30.673-0800] {processor.py:186} INFO - Started process (PID=81692) to work on /Users/rishukhurana/anaconda3/lib/python3.11/site-packages/airflow/example_dags/example_bash_decorator.py
[2024-12-21T01:23:30.675-0800] {processor.py:914} INFO - Processing file /Users/rishukhurana/anaconda3/lib/python3.11/site-packages/airflow/example_dags/example_bash_decorator.py for tasks to queue
[2024-12-21T01:23:30.677-0800] {logging_mixin.py:190} INFO - [2024-12-21T01:23:30.676-0800] {dagbag.py:588} INFO - Filling up the DagBag from /Users/rishukhurana/anaconda3/lib/python3.11/site-packages/airflow/example_dags/example_bash_decorator.py
[2024-12-21T01:23:30.739-0800] {processor.py:925} INFO - DAG(s) 'example_bash_decorator' retrieved from /Users/rishukhurana/anaconda3/lib/python3.11/site-packages/airflow/example_dags/example_bash_decorator.py
[2024-12-21T01:23:30.999-0800] {logging_mixin.py:190} INFO - [2024-12-21T01:23:30.999-0800] {dag.py:3239} INFO - Sync 1 DAGs
[2024-12-21T01:23:31.008-0800] {logging_mixin.py:190} INFO - [2024-12-21T01:23:31.008-0800] {dag.py:4180} INFO - Setting next_dagrun for example_bash_decorator to None, run_after=None
[2024-12-21T01:23:31.024-0800] {processor.py:208} INFO - Processing /Users/rishukhurana/anaconda3/lib/python3.11/site-packages/airflow/example_dags/example_bash_decorator.py took 0.362 seconds
[2024-12-21T01:30:06.482-0800] {processor.py:186} INFO - Started process (PID=82000) to work on /Users/rishukhurana/anaconda3/lib/python3.11/site-packages/airflow/example_dags/example_bash_decorator.py
[2024-12-21T01:30:06.484-0800] {processor.py:914} INFO - Processing file /Users/rishukhurana/anaconda3/lib/python3.11/site-packages/airflow/example_dags/example_bash_decorator.py for tasks to queue
[2024-12-21T01:30:06.485-0800] {logging_mixin.py:190} INFO - [2024-12-21T01:30:06.485-0800] {dagbag.py:588} INFO - Filling up the DagBag from /Users/rishukhurana/anaconda3/lib/python3.11/site-packages/airflow/example_dags/example_bash_decorator.py
[2024-12-21T01:30:06.560-0800] {processor.py:925} INFO - DAG(s) 'example_bash_decorator' retrieved from /Users/rishukhurana/anaconda3/lib/python3.11/site-packages/airflow/example_dags/example_bash_decorator.py
[2024-12-21T01:30:06.816-0800] {logging_mixin.py:190} INFO - [2024-12-21T01:30:06.816-0800] {dag.py:3239} INFO - Sync 1 DAGs
[2024-12-21T01:30:06.829-0800] {logging_mixin.py:190} INFO - [2024-12-21T01:30:06.829-0800] {dag.py:4180} INFO - Setting next_dagrun for example_bash_decorator to None, run_after=None
[2024-12-21T01:30:06.849-0800] {processor.py:208} INFO - Processing /Users/rishukhurana/anaconda3/lib/python3.11/site-packages/airflow/example_dags/example_bash_decorator.py took 0.375 seconds
[2024-12-21T01:36:38.905-0800] {processor.py:186} INFO - Started process (PID=82316) to work on /Users/rishukhurana/anaconda3/lib/python3.11/site-packages/airflow/example_dags/example_bash_decorator.py
[2024-12-21T01:36:38.907-0800] {processor.py:914} INFO - Processing file /Users/rishukhurana/anaconda3/lib/python3.11/site-packages/airflow/example_dags/example_bash_decorator.py for tasks to queue
[2024-12-21T01:36:38.909-0800] {logging_mixin.py:190} INFO - [2024-12-21T01:36:38.908-0800] {dagbag.py:588} INFO - Filling up the DagBag from /Users/rishukhurana/anaconda3/lib/python3.11/site-packages/airflow/example_dags/example_bash_decorator.py
[2024-12-21T01:36:38.972-0800] {processor.py:925} INFO - DAG(s) 'example_bash_decorator' retrieved from /Users/rishukhurana/anaconda3/lib/python3.11/site-packages/airflow/example_dags/example_bash_decorator.py
[2024-12-21T01:36:39.200-0800] {logging_mixin.py:190} INFO - [2024-12-21T01:36:39.200-0800] {dag.py:3239} INFO - Sync 1 DAGs
[2024-12-21T01:36:39.210-0800] {logging_mixin.py:190} INFO - [2024-12-21T01:36:39.209-0800] {dag.py:4180} INFO - Setting next_dagrun for example_bash_decorator to None, run_after=None
[2024-12-21T01:36:39.225-0800] {processor.py:208} INFO - Processing /Users/rishukhurana/anaconda3/lib/python3.11/site-packages/airflow/example_dags/example_bash_decorator.py took 0.327 seconds
[2024-12-21T01:43:20.564-0800] {processor.py:186} INFO - Started process (PID=82654) to work on /Users/rishukhurana/anaconda3/lib/python3.11/site-packages/airflow/example_dags/example_bash_decorator.py
[2024-12-21T01:43:20.566-0800] {processor.py:914} INFO - Processing file /Users/rishukhurana/anaconda3/lib/python3.11/site-packages/airflow/example_dags/example_bash_decorator.py for tasks to queue
[2024-12-21T01:43:20.568-0800] {logging_mixin.py:190} INFO - [2024-12-21T01:43:20.568-0800] {dagbag.py:588} INFO - Filling up the DagBag from /Users/rishukhurana/anaconda3/lib/python3.11/site-packages/airflow/example_dags/example_bash_decorator.py
[2024-12-21T01:43:20.644-0800] {processor.py:925} INFO - DAG(s) 'example_bash_decorator' retrieved from /Users/rishukhurana/anaconda3/lib/python3.11/site-packages/airflow/example_dags/example_bash_decorator.py
[2024-12-21T01:43:20.942-0800] {logging_mixin.py:190} INFO - [2024-12-21T01:43:20.942-0800] {dag.py:3239} INFO - Sync 1 DAGs
[2024-12-21T01:43:20.951-0800] {logging_mixin.py:190} INFO - [2024-12-21T01:43:20.950-0800] {dag.py:4180} INFO - Setting next_dagrun for example_bash_decorator to None, run_after=None
[2024-12-21T01:43:20.967-0800] {processor.py:208} INFO - Processing /Users/rishukhurana/anaconda3/lib/python3.11/site-packages/airflow/example_dags/example_bash_decorator.py took 0.412 seconds
[2024-12-21T01:49:36.558-0800] {processor.py:186} INFO - Started process (PID=83053) to work on /Users/rishukhurana/anaconda3/lib/python3.11/site-packages/airflow/example_dags/example_bash_decorator.py
[2024-12-21T01:49:36.560-0800] {processor.py:914} INFO - Processing file /Users/rishukhurana/anaconda3/lib/python3.11/site-packages/airflow/example_dags/example_bash_decorator.py for tasks to queue
[2024-12-21T01:49:36.562-0800] {logging_mixin.py:190} INFO - [2024-12-21T01:49:36.561-0800] {dagbag.py:588} INFO - Filling up the DagBag from /Users/rishukhurana/anaconda3/lib/python3.11/site-packages/airflow/example_dags/example_bash_decorator.py
[2024-12-21T01:49:36.603-0800] {processor.py:925} INFO - DAG(s) 'example_bash_decorator' retrieved from /Users/rishukhurana/anaconda3/lib/python3.11/site-packages/airflow/example_dags/example_bash_decorator.py
[2024-12-21T01:49:36.870-0800] {logging_mixin.py:190} INFO - [2024-12-21T01:49:36.869-0800] {dag.py:3239} INFO - Sync 1 DAGs
[2024-12-21T01:49:36.878-0800] {logging_mixin.py:190} INFO - [2024-12-21T01:49:36.877-0800] {dag.py:4180} INFO - Setting next_dagrun for example_bash_decorator to None, run_after=None
[2024-12-21T01:49:36.893-0800] {processor.py:208} INFO - Processing /Users/rishukhurana/anaconda3/lib/python3.11/site-packages/airflow/example_dags/example_bash_decorator.py took 0.343 seconds
[2024-12-21T01:56:23.579-0800] {processor.py:186} INFO - Started process (PID=83402) to work on /Users/rishukhurana/anaconda3/lib/python3.11/site-packages/airflow/example_dags/example_bash_decorator.py
[2024-12-21T01:56:23.581-0800] {processor.py:914} INFO - Processing file /Users/rishukhurana/anaconda3/lib/python3.11/site-packages/airflow/example_dags/example_bash_decorator.py for tasks to queue
[2024-12-21T01:56:23.583-0800] {logging_mixin.py:190} INFO - [2024-12-21T01:56:23.582-0800] {dagbag.py:588} INFO - Filling up the DagBag from /Users/rishukhurana/anaconda3/lib/python3.11/site-packages/airflow/example_dags/example_bash_decorator.py
[2024-12-21T01:56:23.649-0800] {processor.py:925} INFO - DAG(s) 'example_bash_decorator' retrieved from /Users/rishukhurana/anaconda3/lib/python3.11/site-packages/airflow/example_dags/example_bash_decorator.py
[2024-12-21T01:56:23.929-0800] {logging_mixin.py:190} INFO - [2024-12-21T01:56:23.929-0800] {dag.py:3239} INFO - Sync 1 DAGs
[2024-12-21T01:56:23.939-0800] {logging_mixin.py:190} INFO - [2024-12-21T01:56:23.938-0800] {dag.py:4180} INFO - Setting next_dagrun for example_bash_decorator to None, run_after=None
[2024-12-21T01:56:23.956-0800] {processor.py:208} INFO - Processing /Users/rishukhurana/anaconda3/lib/python3.11/site-packages/airflow/example_dags/example_bash_decorator.py took 0.384 seconds
[2024-12-21T02:02:44.437-0800] {processor.py:186} INFO - Started process (PID=83742) to work on /Users/rishukhurana/anaconda3/lib/python3.11/site-packages/airflow/example_dags/example_bash_decorator.py
[2024-12-21T02:02:44.439-0800] {processor.py:914} INFO - Processing file /Users/rishukhurana/anaconda3/lib/python3.11/site-packages/airflow/example_dags/example_bash_decorator.py for tasks to queue
[2024-12-21T02:02:44.441-0800] {logging_mixin.py:190} INFO - [2024-12-21T02:02:44.441-0800] {dagbag.py:588} INFO - Filling up the DagBag from /Users/rishukhurana/anaconda3/lib/python3.11/site-packages/airflow/example_dags/example_bash_decorator.py
[2024-12-21T02:02:44.480-0800] {processor.py:925} INFO - DAG(s) 'example_bash_decorator' retrieved from /Users/rishukhurana/anaconda3/lib/python3.11/site-packages/airflow/example_dags/example_bash_decorator.py
[2024-12-21T02:02:44.734-0800] {logging_mixin.py:190} INFO - [2024-12-21T02:02:44.734-0800] {dag.py:3239} INFO - Sync 1 DAGs
[2024-12-21T02:02:44.743-0800] {logging_mixin.py:190} INFO - [2024-12-21T02:02:44.743-0800] {dag.py:4180} INFO - Setting next_dagrun for example_bash_decorator to None, run_after=None
[2024-12-21T02:02:44.759-0800] {processor.py:208} INFO - Processing /Users/rishukhurana/anaconda3/lib/python3.11/site-packages/airflow/example_dags/example_bash_decorator.py took 0.332 seconds
[2024-12-21T02:09:01.300-0800] {processor.py:186} INFO - Started process (PID=84051) to work on /Users/rishukhurana/anaconda3/lib/python3.11/site-packages/airflow/example_dags/example_bash_decorator.py
[2024-12-21T02:09:01.302-0800] {processor.py:914} INFO - Processing file /Users/rishukhurana/anaconda3/lib/python3.11/site-packages/airflow/example_dags/example_bash_decorator.py for tasks to queue
[2024-12-21T02:09:01.304-0800] {logging_mixin.py:190} INFO - [2024-12-21T02:09:01.303-0800] {dagbag.py:588} INFO - Filling up the DagBag from /Users/rishukhurana/anaconda3/lib/python3.11/site-packages/airflow/example_dags/example_bash_decorator.py
[2024-12-21T02:09:01.356-0800] {processor.py:925} INFO - DAG(s) 'example_bash_decorator' retrieved from /Users/rishukhurana/anaconda3/lib/python3.11/site-packages/airflow/example_dags/example_bash_decorator.py
[2024-12-21T02:09:01.609-0800] {logging_mixin.py:190} INFO - [2024-12-21T02:09:01.608-0800] {dag.py:3239} INFO - Sync 1 DAGs
[2024-12-21T02:09:01.618-0800] {logging_mixin.py:190} INFO - [2024-12-21T02:09:01.618-0800] {dag.py:4180} INFO - Setting next_dagrun for example_bash_decorator to None, run_after=None
[2024-12-21T02:09:01.639-0800] {processor.py:208} INFO - Processing /Users/rishukhurana/anaconda3/lib/python3.11/site-packages/airflow/example_dags/example_bash_decorator.py took 0.346 seconds
[2024-12-21T02:15:22.684-0800] {processor.py:186} INFO - Started process (PID=84356) to work on /Users/rishukhurana/anaconda3/lib/python3.11/site-packages/airflow/example_dags/example_bash_decorator.py
[2024-12-21T02:15:22.686-0800] {processor.py:914} INFO - Processing file /Users/rishukhurana/anaconda3/lib/python3.11/site-packages/airflow/example_dags/example_bash_decorator.py for tasks to queue
[2024-12-21T02:15:22.687-0800] {logging_mixin.py:190} INFO - [2024-12-21T02:15:22.687-0800] {dagbag.py:588} INFO - Filling up the DagBag from /Users/rishukhurana/anaconda3/lib/python3.11/site-packages/airflow/example_dags/example_bash_decorator.py
[2024-12-21T02:15:22.728-0800] {processor.py:925} INFO - DAG(s) 'example_bash_decorator' retrieved from /Users/rishukhurana/anaconda3/lib/python3.11/site-packages/airflow/example_dags/example_bash_decorator.py
[2024-12-21T02:15:23.036-0800] {logging_mixin.py:190} INFO - [2024-12-21T02:15:23.035-0800] {dag.py:3239} INFO - Sync 1 DAGs
[2024-12-21T02:15:23.046-0800] {logging_mixin.py:190} INFO - [2024-12-21T02:15:23.045-0800] {dag.py:4180} INFO - Setting next_dagrun for example_bash_decorator to None, run_after=None
[2024-12-21T02:15:23.067-0800] {processor.py:208} INFO - Processing /Users/rishukhurana/anaconda3/lib/python3.11/site-packages/airflow/example_dags/example_bash_decorator.py took 0.390 seconds
[2024-12-21T02:21:48.350-0800] {processor.py:186} INFO - Started process (PID=84671) to work on /Users/rishukhurana/anaconda3/lib/python3.11/site-packages/airflow/example_dags/example_bash_decorator.py
[2024-12-21T02:21:48.354-0800] {processor.py:914} INFO - Processing file /Users/rishukhurana/anaconda3/lib/python3.11/site-packages/airflow/example_dags/example_bash_decorator.py for tasks to queue
[2024-12-21T02:21:48.355-0800] {logging_mixin.py:190} INFO - [2024-12-21T02:21:48.355-0800] {dagbag.py:588} INFO - Filling up the DagBag from /Users/rishukhurana/anaconda3/lib/python3.11/site-packages/airflow/example_dags/example_bash_decorator.py
[2024-12-21T02:21:48.419-0800] {processor.py:925} INFO - DAG(s) 'example_bash_decorator' retrieved from /Users/rishukhurana/anaconda3/lib/python3.11/site-packages/airflow/example_dags/example_bash_decorator.py
[2024-12-21T02:21:48.668-0800] {logging_mixin.py:190} INFO - [2024-12-21T02:21:48.668-0800] {dag.py:3239} INFO - Sync 1 DAGs
[2024-12-21T02:21:48.677-0800] {logging_mixin.py:190} INFO - [2024-12-21T02:21:48.676-0800] {dag.py:4180} INFO - Setting next_dagrun for example_bash_decorator to None, run_after=None
[2024-12-21T02:21:48.693-0800] {processor.py:208} INFO - Processing /Users/rishukhurana/anaconda3/lib/python3.11/site-packages/airflow/example_dags/example_bash_decorator.py took 0.347 seconds
[2024-12-21T02:28:19.075-0800] {processor.py:186} INFO - Started process (PID=84977) to work on /Users/rishukhurana/anaconda3/lib/python3.11/site-packages/airflow/example_dags/example_bash_decorator.py
[2024-12-21T02:28:19.079-0800] {processor.py:914} INFO - Processing file /Users/rishukhurana/anaconda3/lib/python3.11/site-packages/airflow/example_dags/example_bash_decorator.py for tasks to queue
[2024-12-21T02:28:19.081-0800] {logging_mixin.py:190} INFO - [2024-12-21T02:28:19.080-0800] {dagbag.py:588} INFO - Filling up the DagBag from /Users/rishukhurana/anaconda3/lib/python3.11/site-packages/airflow/example_dags/example_bash_decorator.py
[2024-12-21T02:28:19.141-0800] {processor.py:925} INFO - DAG(s) 'example_bash_decorator' retrieved from /Users/rishukhurana/anaconda3/lib/python3.11/site-packages/airflow/example_dags/example_bash_decorator.py
[2024-12-21T02:28:19.393-0800] {logging_mixin.py:190} INFO - [2024-12-21T02:28:19.392-0800] {dag.py:3239} INFO - Sync 1 DAGs
[2024-12-21T02:28:19.403-0800] {logging_mixin.py:190} INFO - [2024-12-21T02:28:19.403-0800] {dag.py:4180} INFO - Setting next_dagrun for example_bash_decorator to None, run_after=None
[2024-12-21T02:28:19.421-0800] {processor.py:208} INFO - Processing /Users/rishukhurana/anaconda3/lib/python3.11/site-packages/airflow/example_dags/example_bash_decorator.py took 0.351 seconds
[2024-12-21T02:34:44.922-0800] {processor.py:186} INFO - Started process (PID=85361) to work on /Users/rishukhurana/anaconda3/lib/python3.11/site-packages/airflow/example_dags/example_bash_decorator.py
[2024-12-21T02:34:44.923-0800] {processor.py:914} INFO - Processing file /Users/rishukhurana/anaconda3/lib/python3.11/site-packages/airflow/example_dags/example_bash_decorator.py for tasks to queue
[2024-12-21T02:34:44.924-0800] {logging_mixin.py:190} INFO - [2024-12-21T02:34:44.924-0800] {dagbag.py:588} INFO - Filling up the DagBag from /Users/rishukhurana/anaconda3/lib/python3.11/site-packages/airflow/example_dags/example_bash_decorator.py
[2024-12-21T02:34:44.967-0800] {processor.py:925} INFO - DAG(s) 'example_bash_decorator' retrieved from /Users/rishukhurana/anaconda3/lib/python3.11/site-packages/airflow/example_dags/example_bash_decorator.py
[2024-12-21T02:34:45.206-0800] {logging_mixin.py:190} INFO - [2024-12-21T02:34:45.206-0800] {dag.py:3239} INFO - Sync 1 DAGs
[2024-12-21T02:34:45.215-0800] {logging_mixin.py:190} INFO - [2024-12-21T02:34:45.215-0800] {dag.py:4180} INFO - Setting next_dagrun for example_bash_decorator to None, run_after=None
[2024-12-21T02:34:45.231-0800] {processor.py:208} INFO - Processing /Users/rishukhurana/anaconda3/lib/python3.11/site-packages/airflow/example_dags/example_bash_decorator.py took 0.314 seconds
[2024-12-21T02:41:02.974-0800] {processor.py:186} INFO - Started process (PID=85680) to work on /Users/rishukhurana/anaconda3/lib/python3.11/site-packages/airflow/example_dags/example_bash_decorator.py
[2024-12-21T02:41:02.977-0800] {processor.py:914} INFO - Processing file /Users/rishukhurana/anaconda3/lib/python3.11/site-packages/airflow/example_dags/example_bash_decorator.py for tasks to queue
[2024-12-21T02:41:02.979-0800] {logging_mixin.py:190} INFO - [2024-12-21T02:41:02.978-0800] {dagbag.py:588} INFO - Filling up the DagBag from /Users/rishukhurana/anaconda3/lib/python3.11/site-packages/airflow/example_dags/example_bash_decorator.py
[2024-12-21T02:41:03.018-0800] {processor.py:925} INFO - DAG(s) 'example_bash_decorator' retrieved from /Users/rishukhurana/anaconda3/lib/python3.11/site-packages/airflow/example_dags/example_bash_decorator.py
[2024-12-21T02:41:03.289-0800] {logging_mixin.py:190} INFO - [2024-12-21T02:41:03.289-0800] {dag.py:3239} INFO - Sync 1 DAGs
[2024-12-21T02:41:03.298-0800] {logging_mixin.py:190} INFO - [2024-12-21T02:41:03.297-0800] {dag.py:4180} INFO - Setting next_dagrun for example_bash_decorator to None, run_after=None
[2024-12-21T02:41:03.314-0800] {processor.py:208} INFO - Processing /Users/rishukhurana/anaconda3/lib/python3.11/site-packages/airflow/example_dags/example_bash_decorator.py took 0.347 seconds
[2024-12-21T02:47:14.089-0800] {processor.py:186} INFO - Started process (PID=85972) to work on /Users/rishukhurana/anaconda3/lib/python3.11/site-packages/airflow/example_dags/example_bash_decorator.py
[2024-12-21T02:47:14.092-0800] {processor.py:914} INFO - Processing file /Users/rishukhurana/anaconda3/lib/python3.11/site-packages/airflow/example_dags/example_bash_decorator.py for tasks to queue
[2024-12-21T02:47:14.094-0800] {logging_mixin.py:190} INFO - [2024-12-21T02:47:14.094-0800] {dagbag.py:588} INFO - Filling up the DagBag from /Users/rishukhurana/anaconda3/lib/python3.11/site-packages/airflow/example_dags/example_bash_decorator.py
[2024-12-21T02:47:14.135-0800] {processor.py:925} INFO - DAG(s) 'example_bash_decorator' retrieved from /Users/rishukhurana/anaconda3/lib/python3.11/site-packages/airflow/example_dags/example_bash_decorator.py
[2024-12-21T02:47:14.399-0800] {logging_mixin.py:190} INFO - [2024-12-21T02:47:14.399-0800] {dag.py:3239} INFO - Sync 1 DAGs
[2024-12-21T02:47:14.409-0800] {logging_mixin.py:190} INFO - [2024-12-21T02:47:14.408-0800] {dag.py:4180} INFO - Setting next_dagrun for example_bash_decorator to None, run_after=None
[2024-12-21T02:47:14.423-0800] {processor.py:208} INFO - Processing /Users/rishukhurana/anaconda3/lib/python3.11/site-packages/airflow/example_dags/example_bash_decorator.py took 0.341 seconds
[2024-12-21T02:53:38.800-0800] {processor.py:186} INFO - Started process (PID=86278) to work on /Users/rishukhurana/anaconda3/lib/python3.11/site-packages/airflow/example_dags/example_bash_decorator.py
[2024-12-21T02:53:38.804-0800] {processor.py:914} INFO - Processing file /Users/rishukhurana/anaconda3/lib/python3.11/site-packages/airflow/example_dags/example_bash_decorator.py for tasks to queue
[2024-12-21T02:53:38.806-0800] {logging_mixin.py:190} INFO - [2024-12-21T02:53:38.806-0800] {dagbag.py:588} INFO - Filling up the DagBag from /Users/rishukhurana/anaconda3/lib/python3.11/site-packages/airflow/example_dags/example_bash_decorator.py
[2024-12-21T02:53:38.873-0800] {processor.py:925} INFO - DAG(s) 'example_bash_decorator' retrieved from /Users/rishukhurana/anaconda3/lib/python3.11/site-packages/airflow/example_dags/example_bash_decorator.py
[2024-12-21T02:53:39.137-0800] {logging_mixin.py:190} INFO - [2024-12-21T02:53:39.137-0800] {dag.py:3239} INFO - Sync 1 DAGs
[2024-12-21T02:53:39.146-0800] {logging_mixin.py:190} INFO - [2024-12-21T02:53:39.145-0800] {dag.py:4180} INFO - Setting next_dagrun for example_bash_decorator to None, run_after=None
[2024-12-21T02:53:39.162-0800] {processor.py:208} INFO - Processing /Users/rishukhurana/anaconda3/lib/python3.11/site-packages/airflow/example_dags/example_bash_decorator.py took 0.370 seconds
[2024-12-21T02:59:55.697-0800] {processor.py:186} INFO - Started process (PID=86596) to work on /Users/rishukhurana/anaconda3/lib/python3.11/site-packages/airflow/example_dags/example_bash_decorator.py
[2024-12-21T02:59:55.700-0800] {processor.py:914} INFO - Processing file /Users/rishukhurana/anaconda3/lib/python3.11/site-packages/airflow/example_dags/example_bash_decorator.py for tasks to queue
[2024-12-21T02:59:55.702-0800] {logging_mixin.py:190} INFO - [2024-12-21T02:59:55.702-0800] {dagbag.py:588} INFO - Filling up the DagBag from /Users/rishukhurana/anaconda3/lib/python3.11/site-packages/airflow/example_dags/example_bash_decorator.py
[2024-12-21T02:59:55.773-0800] {processor.py:925} INFO - DAG(s) 'example_bash_decorator' retrieved from /Users/rishukhurana/anaconda3/lib/python3.11/site-packages/airflow/example_dags/example_bash_decorator.py
[2024-12-21T02:59:56.062-0800] {logging_mixin.py:190} INFO - [2024-12-21T02:59:56.062-0800] {dag.py:3239} INFO - Sync 1 DAGs
[2024-12-21T02:59:56.078-0800] {logging_mixin.py:190} INFO - [2024-12-21T02:59:56.077-0800] {dag.py:4180} INFO - Setting next_dagrun for example_bash_decorator to None, run_after=None
[2024-12-21T02:59:56.097-0800] {processor.py:208} INFO - Processing /Users/rishukhurana/anaconda3/lib/python3.11/site-packages/airflow/example_dags/example_bash_decorator.py took 0.404 seconds
[2024-12-21T03:06:15.816-0800] {processor.py:186} INFO - Started process (PID=86914) to work on /Users/rishukhurana/anaconda3/lib/python3.11/site-packages/airflow/example_dags/example_bash_decorator.py
[2024-12-21T03:06:15.819-0800] {processor.py:914} INFO - Processing file /Users/rishukhurana/anaconda3/lib/python3.11/site-packages/airflow/example_dags/example_bash_decorator.py for tasks to queue
[2024-12-21T03:06:15.820-0800] {logging_mixin.py:190} INFO - [2024-12-21T03:06:15.820-0800] {dagbag.py:588} INFO - Filling up the DagBag from /Users/rishukhurana/anaconda3/lib/python3.11/site-packages/airflow/example_dags/example_bash_decorator.py
[2024-12-21T03:06:15.862-0800] {processor.py:925} INFO - DAG(s) 'example_bash_decorator' retrieved from /Users/rishukhurana/anaconda3/lib/python3.11/site-packages/airflow/example_dags/example_bash_decorator.py
[2024-12-21T03:06:16.115-0800] {logging_mixin.py:190} INFO - [2024-12-21T03:06:16.114-0800] {dag.py:3239} INFO - Sync 1 DAGs
[2024-12-21T03:06:16.124-0800] {logging_mixin.py:190} INFO - [2024-12-21T03:06:16.123-0800] {dag.py:4180} INFO - Setting next_dagrun for example_bash_decorator to None, run_after=None
[2024-12-21T03:06:16.143-0800] {processor.py:208} INFO - Processing /Users/rishukhurana/anaconda3/lib/python3.11/site-packages/airflow/example_dags/example_bash_decorator.py took 0.332 seconds
[2024-12-21T03:12:36.222-0800] {processor.py:186} INFO - Started process (PID=87217) to work on /Users/rishukhurana/anaconda3/lib/python3.11/site-packages/airflow/example_dags/example_bash_decorator.py
[2024-12-21T03:12:36.224-0800] {processor.py:914} INFO - Processing file /Users/rishukhurana/anaconda3/lib/python3.11/site-packages/airflow/example_dags/example_bash_decorator.py for tasks to queue
[2024-12-21T03:12:36.226-0800] {logging_mixin.py:190} INFO - [2024-12-21T03:12:36.226-0800] {dagbag.py:588} INFO - Filling up the DagBag from /Users/rishukhurana/anaconda3/lib/python3.11/site-packages/airflow/example_dags/example_bash_decorator.py
[2024-12-21T03:12:36.283-0800] {processor.py:925} INFO - DAG(s) 'example_bash_decorator' retrieved from /Users/rishukhurana/anaconda3/lib/python3.11/site-packages/airflow/example_dags/example_bash_decorator.py
[2024-12-21T03:12:36.560-0800] {logging_mixin.py:190} INFO - [2024-12-21T03:12:36.559-0800] {dag.py:3239} INFO - Sync 1 DAGs
[2024-12-21T03:12:36.570-0800] {logging_mixin.py:190} INFO - [2024-12-21T03:12:36.569-0800] {dag.py:4180} INFO - Setting next_dagrun for example_bash_decorator to None, run_after=None
[2024-12-21T03:12:36.584-0800] {processor.py:208} INFO - Processing /Users/rishukhurana/anaconda3/lib/python3.11/site-packages/airflow/example_dags/example_bash_decorator.py took 0.371 seconds
[2024-12-21T03:18:46.363-0800] {processor.py:186} INFO - Started process (PID=87517) to work on /Users/rishukhurana/anaconda3/lib/python3.11/site-packages/airflow/example_dags/example_bash_decorator.py
[2024-12-21T03:18:46.366-0800] {processor.py:914} INFO - Processing file /Users/rishukhurana/anaconda3/lib/python3.11/site-packages/airflow/example_dags/example_bash_decorator.py for tasks to queue
[2024-12-21T03:18:46.367-0800] {logging_mixin.py:190} INFO - [2024-12-21T03:18:46.367-0800] {dagbag.py:588} INFO - Filling up the DagBag from /Users/rishukhurana/anaconda3/lib/python3.11/site-packages/airflow/example_dags/example_bash_decorator.py
[2024-12-21T03:18:46.409-0800] {processor.py:925} INFO - DAG(s) 'example_bash_decorator' retrieved from /Users/rishukhurana/anaconda3/lib/python3.11/site-packages/airflow/example_dags/example_bash_decorator.py
[2024-12-21T03:18:46.657-0800] {logging_mixin.py:190} INFO - [2024-12-21T03:18:46.657-0800] {dag.py:3239} INFO - Sync 1 DAGs
[2024-12-21T03:18:46.665-0800] {logging_mixin.py:190} INFO - [2024-12-21T03:18:46.665-0800] {dag.py:4180} INFO - Setting next_dagrun for example_bash_decorator to None, run_after=None
[2024-12-21T03:18:46.681-0800] {processor.py:208} INFO - Processing /Users/rishukhurana/anaconda3/lib/python3.11/site-packages/airflow/example_dags/example_bash_decorator.py took 0.325 seconds
[2024-12-21T03:25:07.063-0800] {processor.py:186} INFO - Started process (PID=87878) to work on /Users/rishukhurana/anaconda3/lib/python3.11/site-packages/airflow/example_dags/example_bash_decorator.py
[2024-12-21T03:25:07.065-0800] {processor.py:914} INFO - Processing file /Users/rishukhurana/anaconda3/lib/python3.11/site-packages/airflow/example_dags/example_bash_decorator.py for tasks to queue
[2024-12-21T03:25:07.066-0800] {logging_mixin.py:190} INFO - [2024-12-21T03:25:07.066-0800] {dagbag.py:588} INFO - Filling up the DagBag from /Users/rishukhurana/anaconda3/lib/python3.11/site-packages/airflow/example_dags/example_bash_decorator.py
[2024-12-21T03:25:07.106-0800] {processor.py:925} INFO - DAG(s) 'example_bash_decorator' retrieved from /Users/rishukhurana/anaconda3/lib/python3.11/site-packages/airflow/example_dags/example_bash_decorator.py
[2024-12-21T03:25:07.380-0800] {logging_mixin.py:190} INFO - [2024-12-21T03:25:07.380-0800] {dag.py:3239} INFO - Sync 1 DAGs
[2024-12-21T03:25:07.390-0800] {logging_mixin.py:190} INFO - [2024-12-21T03:25:07.390-0800] {dag.py:4180} INFO - Setting next_dagrun for example_bash_decorator to None, run_after=None
[2024-12-21T03:25:07.405-0800] {processor.py:208} INFO - Processing /Users/rishukhurana/anaconda3/lib/python3.11/site-packages/airflow/example_dags/example_bash_decorator.py took 0.352 seconds
[2024-12-21T03:31:29.421-0800] {processor.py:186} INFO - Started process (PID=88207) to work on /Users/rishukhurana/anaconda3/lib/python3.11/site-packages/airflow/example_dags/example_bash_decorator.py
[2024-12-21T03:31:29.425-0800] {processor.py:914} INFO - Processing file /Users/rishukhurana/anaconda3/lib/python3.11/site-packages/airflow/example_dags/example_bash_decorator.py for tasks to queue
[2024-12-21T03:31:29.426-0800] {logging_mixin.py:190} INFO - [2024-12-21T03:31:29.426-0800] {dagbag.py:588} INFO - Filling up the DagBag from /Users/rishukhurana/anaconda3/lib/python3.11/site-packages/airflow/example_dags/example_bash_decorator.py
[2024-12-21T03:31:29.491-0800] {processor.py:925} INFO - DAG(s) 'example_bash_decorator' retrieved from /Users/rishukhurana/anaconda3/lib/python3.11/site-packages/airflow/example_dags/example_bash_decorator.py
[2024-12-21T03:31:29.732-0800] {logging_mixin.py:190} INFO - [2024-12-21T03:31:29.732-0800] {dag.py:3239} INFO - Sync 1 DAGs
[2024-12-21T03:31:29.740-0800] {logging_mixin.py:190} INFO - [2024-12-21T03:31:29.740-0800] {dag.py:4180} INFO - Setting next_dagrun for example_bash_decorator to None, run_after=None
[2024-12-21T03:31:29.756-0800] {processor.py:208} INFO - Processing /Users/rishukhurana/anaconda3/lib/python3.11/site-packages/airflow/example_dags/example_bash_decorator.py took 0.339 seconds
[2024-12-21T03:39:46.716-0800] {processor.py:186} INFO - Started process (PID=88628) to work on /Users/rishukhurana/anaconda3/lib/python3.11/site-packages/airflow/example_dags/example_bash_decorator.py
[2024-12-21T03:39:46.719-0800] {processor.py:914} INFO - Processing file /Users/rishukhurana/anaconda3/lib/python3.11/site-packages/airflow/example_dags/example_bash_decorator.py for tasks to queue
[2024-12-21T03:39:46.722-0800] {logging_mixin.py:190} INFO - [2024-12-21T03:39:46.721-0800] {dagbag.py:588} INFO - Filling up the DagBag from /Users/rishukhurana/anaconda3/lib/python3.11/site-packages/airflow/example_dags/example_bash_decorator.py
[2024-12-21T03:39:46.823-0800] {processor.py:925} INFO - DAG(s) 'example_bash_decorator' retrieved from /Users/rishukhurana/anaconda3/lib/python3.11/site-packages/airflow/example_dags/example_bash_decorator.py
[2024-12-21T03:39:47.319-0800] {logging_mixin.py:190} INFO - [2024-12-21T03:39:47.319-0800] {dag.py:3239} INFO - Sync 1 DAGs
[2024-12-21T03:39:47.337-0800] {logging_mixin.py:190} INFO - [2024-12-21T03:39:47.336-0800] {dag.py:4180} INFO - Setting next_dagrun for example_bash_decorator to None, run_after=None
[2024-12-21T03:39:47.383-0800] {processor.py:208} INFO - Processing /Users/rishukhurana/anaconda3/lib/python3.11/site-packages/airflow/example_dags/example_bash_decorator.py took 0.688 seconds
[2024-12-21T03:50:26.473-0800] {processor.py:186} INFO - Started process (PID=89004) to work on /Users/rishukhurana/anaconda3/lib/python3.11/site-packages/airflow/example_dags/example_bash_decorator.py
[2024-12-21T03:50:26.476-0800] {processor.py:914} INFO - Processing file /Users/rishukhurana/anaconda3/lib/python3.11/site-packages/airflow/example_dags/example_bash_decorator.py for tasks to queue
[2024-12-21T03:50:26.477-0800] {logging_mixin.py:190} INFO - [2024-12-21T03:50:26.477-0800] {dagbag.py:588} INFO - Filling up the DagBag from /Users/rishukhurana/anaconda3/lib/python3.11/site-packages/airflow/example_dags/example_bash_decorator.py
[2024-12-21T03:50:26.517-0800] {processor.py:925} INFO - DAG(s) 'example_bash_decorator' retrieved from /Users/rishukhurana/anaconda3/lib/python3.11/site-packages/airflow/example_dags/example_bash_decorator.py
[2024-12-21T03:50:26.794-0800] {logging_mixin.py:190} INFO - [2024-12-21T03:50:26.794-0800] {dag.py:3239} INFO - Sync 1 DAGs
[2024-12-21T03:50:26.803-0800] {logging_mixin.py:190} INFO - [2024-12-21T03:50:26.803-0800] {dag.py:4180} INFO - Setting next_dagrun for example_bash_decorator to None, run_after=None
[2024-12-21T03:50:26.819-0800] {processor.py:208} INFO - Processing /Users/rishukhurana/anaconda3/lib/python3.11/site-packages/airflow/example_dags/example_bash_decorator.py took 0.354 seconds
[2024-12-21T03:56:19.962-0800] {processor.py:186} INFO - Started process (PID=89313) to work on /Users/rishukhurana/anaconda3/lib/python3.11/site-packages/airflow/example_dags/example_bash_decorator.py
[2024-12-21T03:56:19.964-0800] {processor.py:914} INFO - Processing file /Users/rishukhurana/anaconda3/lib/python3.11/site-packages/airflow/example_dags/example_bash_decorator.py for tasks to queue
[2024-12-21T03:56:19.966-0800] {logging_mixin.py:190} INFO - [2024-12-21T03:56:19.966-0800] {dagbag.py:588} INFO - Filling up the DagBag from /Users/rishukhurana/anaconda3/lib/python3.11/site-packages/airflow/example_dags/example_bash_decorator.py
[2024-12-21T03:56:20.004-0800] {processor.py:925} INFO - DAG(s) 'example_bash_decorator' retrieved from /Users/rishukhurana/anaconda3/lib/python3.11/site-packages/airflow/example_dags/example_bash_decorator.py
[2024-12-21T03:56:20.306-0800] {logging_mixin.py:190} INFO - [2024-12-21T03:56:20.306-0800] {dag.py:3239} INFO - Sync 1 DAGs
[2024-12-21T03:56:20.315-0800] {logging_mixin.py:190} INFO - [2024-12-21T03:56:20.315-0800] {dag.py:4180} INFO - Setting next_dagrun for example_bash_decorator to None, run_after=None
[2024-12-21T03:56:20.330-0800] {processor.py:208} INFO - Processing /Users/rishukhurana/anaconda3/lib/python3.11/site-packages/airflow/example_dags/example_bash_decorator.py took 0.375 seconds
[2024-12-21T07:01:11.950-0800] {processor.py:186} INFO - Started process (PID=90102) to work on /Users/rishukhurana/anaconda3/lib/python3.11/site-packages/airflow/example_dags/example_bash_decorator.py
[2024-12-21T07:01:11.952-0800] {processor.py:914} INFO - Processing file /Users/rishukhurana/anaconda3/lib/python3.11/site-packages/airflow/example_dags/example_bash_decorator.py for tasks to queue
[2024-12-21T07:01:11.954-0800] {logging_mixin.py:190} INFO - [2024-12-21T07:01:11.954-0800] {dagbag.py:588} INFO - Filling up the DagBag from /Users/rishukhurana/anaconda3/lib/python3.11/site-packages/airflow/example_dags/example_bash_decorator.py
[2024-12-21T07:01:12.014-0800] {processor.py:925} INFO - DAG(s) 'example_bash_decorator' retrieved from /Users/rishukhurana/anaconda3/lib/python3.11/site-packages/airflow/example_dags/example_bash_decorator.py
[2024-12-21T07:01:12.246-0800] {logging_mixin.py:190} INFO - [2024-12-21T07:01:12.246-0800] {dag.py:3239} INFO - Sync 1 DAGs
[2024-12-21T07:01:12.255-0800] {logging_mixin.py:190} INFO - [2024-12-21T07:01:12.255-0800] {dag.py:4180} INFO - Setting next_dagrun for example_bash_decorator to None, run_after=None
[2024-12-21T07:01:12.271-0800] {processor.py:208} INFO - Processing /Users/rishukhurana/anaconda3/lib/python3.11/site-packages/airflow/example_dags/example_bash_decorator.py took 0.327 seconds
[2024-12-21T07:07:10.067-0800] {processor.py:186} INFO - Started process (PID=90499) to work on /Users/rishukhurana/anaconda3/lib/python3.11/site-packages/airflow/example_dags/example_bash_decorator.py
[2024-12-21T07:07:10.069-0800] {processor.py:914} INFO - Processing file /Users/rishukhurana/anaconda3/lib/python3.11/site-packages/airflow/example_dags/example_bash_decorator.py for tasks to queue
[2024-12-21T07:07:10.071-0800] {logging_mixin.py:190} INFO - [2024-12-21T07:07:10.071-0800] {dagbag.py:588} INFO - Filling up the DagBag from /Users/rishukhurana/anaconda3/lib/python3.11/site-packages/airflow/example_dags/example_bash_decorator.py
[2024-12-21T07:07:10.108-0800] {processor.py:925} INFO - DAG(s) 'example_bash_decorator' retrieved from /Users/rishukhurana/anaconda3/lib/python3.11/site-packages/airflow/example_dags/example_bash_decorator.py
[2024-12-21T07:07:10.271-0800] {logging_mixin.py:190} INFO - [2024-12-21T07:07:10.270-0800] {dag.py:3239} INFO - Sync 1 DAGs
[2024-12-21T07:07:10.279-0800] {logging_mixin.py:190} INFO - [2024-12-21T07:07:10.279-0800] {dag.py:4180} INFO - Setting next_dagrun for example_bash_decorator to None, run_after=None
[2024-12-21T07:07:10.294-0800] {processor.py:208} INFO - Processing /Users/rishukhurana/anaconda3/lib/python3.11/site-packages/airflow/example_dags/example_bash_decorator.py took 0.234 seconds
[2024-12-21T07:34:52.478-0800] {processor.py:186} INFO - Started process (PID=90856) to work on /Users/rishukhurana/anaconda3/lib/python3.11/site-packages/airflow/example_dags/example_bash_decorator.py
[2024-12-21T07:34:52.480-0800] {processor.py:914} INFO - Processing file /Users/rishukhurana/anaconda3/lib/python3.11/site-packages/airflow/example_dags/example_bash_decorator.py for tasks to queue
[2024-12-21T07:34:52.482-0800] {logging_mixin.py:190} INFO - [2024-12-21T07:34:52.481-0800] {dagbag.py:588} INFO - Filling up the DagBag from /Users/rishukhurana/anaconda3/lib/python3.11/site-packages/airflow/example_dags/example_bash_decorator.py
[2024-12-21T07:34:52.542-0800] {processor.py:925} INFO - DAG(s) 'example_bash_decorator' retrieved from /Users/rishukhurana/anaconda3/lib/python3.11/site-packages/airflow/example_dags/example_bash_decorator.py
[2024-12-21T07:34:52.781-0800] {logging_mixin.py:190} INFO - [2024-12-21T07:34:52.780-0800] {dag.py:3239} INFO - Sync 1 DAGs
[2024-12-21T07:34:52.790-0800] {logging_mixin.py:190} INFO - [2024-12-21T07:34:52.790-0800] {dag.py:4180} INFO - Setting next_dagrun for example_bash_decorator to None, run_after=None
[2024-12-21T07:34:52.808-0800] {processor.py:208} INFO - Processing /Users/rishukhurana/anaconda3/lib/python3.11/site-packages/airflow/example_dags/example_bash_decorator.py took 0.340 seconds
[2024-12-21T07:41:11.113-0800] {processor.py:186} INFO - Started process (PID=91172) to work on /Users/rishukhurana/anaconda3/lib/python3.11/site-packages/airflow/example_dags/example_bash_decorator.py
[2024-12-21T07:41:11.116-0800] {processor.py:914} INFO - Processing file /Users/rishukhurana/anaconda3/lib/python3.11/site-packages/airflow/example_dags/example_bash_decorator.py for tasks to queue
[2024-12-21T07:41:11.117-0800] {logging_mixin.py:190} INFO - [2024-12-21T07:41:11.117-0800] {dagbag.py:588} INFO - Filling up the DagBag from /Users/rishukhurana/anaconda3/lib/python3.11/site-packages/airflow/example_dags/example_bash_decorator.py
[2024-12-21T07:41:11.193-0800] {processor.py:925} INFO - DAG(s) 'example_bash_decorator' retrieved from /Users/rishukhurana/anaconda3/lib/python3.11/site-packages/airflow/example_dags/example_bash_decorator.py
[2024-12-21T07:41:11.428-0800] {logging_mixin.py:190} INFO - [2024-12-21T07:41:11.428-0800] {dag.py:3239} INFO - Sync 1 DAGs
[2024-12-21T07:41:11.437-0800] {logging_mixin.py:190} INFO - [2024-12-21T07:41:11.437-0800] {dag.py:4180} INFO - Setting next_dagrun for example_bash_decorator to None, run_after=None
[2024-12-21T07:41:11.457-0800] {processor.py:208} INFO - Processing /Users/rishukhurana/anaconda3/lib/python3.11/site-packages/airflow/example_dags/example_bash_decorator.py took 0.352 seconds
[2024-12-21T07:47:40.108-0800] {processor.py:186} INFO - Started process (PID=91524) to work on /Users/rishukhurana/anaconda3/lib/python3.11/site-packages/airflow/example_dags/example_bash_decorator.py
[2024-12-21T07:47:40.110-0800] {processor.py:914} INFO - Processing file /Users/rishukhurana/anaconda3/lib/python3.11/site-packages/airflow/example_dags/example_bash_decorator.py for tasks to queue
[2024-12-21T07:47:40.111-0800] {logging_mixin.py:190} INFO - [2024-12-21T07:47:40.111-0800] {dagbag.py:588} INFO - Filling up the DagBag from /Users/rishukhurana/anaconda3/lib/python3.11/site-packages/airflow/example_dags/example_bash_decorator.py
[2024-12-21T07:47:40.171-0800] {processor.py:925} INFO - DAG(s) 'example_bash_decorator' retrieved from /Users/rishukhurana/anaconda3/lib/python3.11/site-packages/airflow/example_dags/example_bash_decorator.py
[2024-12-21T07:47:40.424-0800] {logging_mixin.py:190} INFO - [2024-12-21T07:47:40.423-0800] {dag.py:3239} INFO - Sync 1 DAGs
[2024-12-21T07:47:40.434-0800] {logging_mixin.py:190} INFO - [2024-12-21T07:47:40.434-0800] {dag.py:4180} INFO - Setting next_dagrun for example_bash_decorator to None, run_after=None
[2024-12-21T07:47:40.454-0800] {processor.py:208} INFO - Processing /Users/rishukhurana/anaconda3/lib/python3.11/site-packages/airflow/example_dags/example_bash_decorator.py took 0.352 seconds
[2024-12-21T07:54:02.854-0800] {processor.py:186} INFO - Started process (PID=91838) to work on /Users/rishukhurana/anaconda3/lib/python3.11/site-packages/airflow/example_dags/example_bash_decorator.py
[2024-12-21T07:54:02.856-0800] {processor.py:914} INFO - Processing file /Users/rishukhurana/anaconda3/lib/python3.11/site-packages/airflow/example_dags/example_bash_decorator.py for tasks to queue
[2024-12-21T07:54:02.857-0800] {logging_mixin.py:190} INFO - [2024-12-21T07:54:02.857-0800] {dagbag.py:588} INFO - Filling up the DagBag from /Users/rishukhurana/anaconda3/lib/python3.11/site-packages/airflow/example_dags/example_bash_decorator.py
[2024-12-21T07:54:02.898-0800] {processor.py:925} INFO - DAG(s) 'example_bash_decorator' retrieved from /Users/rishukhurana/anaconda3/lib/python3.11/site-packages/airflow/example_dags/example_bash_decorator.py
[2024-12-21T07:54:03.060-0800] {logging_mixin.py:190} INFO - [2024-12-21T07:54:03.060-0800] {dag.py:3239} INFO - Sync 1 DAGs
[2024-12-21T07:54:03.068-0800] {logging_mixin.py:190} INFO - [2024-12-21T07:54:03.068-0800] {dag.py:4180} INFO - Setting next_dagrun for example_bash_decorator to None, run_after=None
[2024-12-21T07:54:03.084-0800] {processor.py:208} INFO - Processing /Users/rishukhurana/anaconda3/lib/python3.11/site-packages/airflow/example_dags/example_bash_decorator.py took 0.238 seconds
[2024-12-21T08:00:17.985-0800] {processor.py:186} INFO - Started process (PID=92182) to work on /Users/rishukhurana/anaconda3/lib/python3.11/site-packages/airflow/example_dags/example_bash_decorator.py
[2024-12-21T08:00:17.987-0800] {processor.py:914} INFO - Processing file /Users/rishukhurana/anaconda3/lib/python3.11/site-packages/airflow/example_dags/example_bash_decorator.py for tasks to queue
[2024-12-21T08:00:17.989-0800] {logging_mixin.py:190} INFO - [2024-12-21T08:00:17.988-0800] {dagbag.py:588} INFO - Filling up the DagBag from /Users/rishukhurana/anaconda3/lib/python3.11/site-packages/airflow/example_dags/example_bash_decorator.py
[2024-12-21T08:00:18.058-0800] {processor.py:925} INFO - DAG(s) 'example_bash_decorator' retrieved from /Users/rishukhurana/anaconda3/lib/python3.11/site-packages/airflow/example_dags/example_bash_decorator.py
[2024-12-21T08:00:18.305-0800] {logging_mixin.py:190} INFO - [2024-12-21T08:00:18.304-0800] {dag.py:3239} INFO - Sync 1 DAGs
[2024-12-21T08:00:18.313-0800] {logging_mixin.py:190} INFO - [2024-12-21T08:00:18.312-0800] {dag.py:4180} INFO - Setting next_dagrun for example_bash_decorator to None, run_after=None
[2024-12-21T08:00:18.328-0800] {processor.py:208} INFO - Processing /Users/rishukhurana/anaconda3/lib/python3.11/site-packages/airflow/example_dags/example_bash_decorator.py took 0.349 seconds
[2024-12-21T08:43:41.486-0800] {processor.py:186} INFO - Started process (PID=92544) to work on /Users/rishukhurana/anaconda3/lib/python3.11/site-packages/airflow/example_dags/example_bash_decorator.py
[2024-12-21T08:43:41.488-0800] {processor.py:914} INFO - Processing file /Users/rishukhurana/anaconda3/lib/python3.11/site-packages/airflow/example_dags/example_bash_decorator.py for tasks to queue
[2024-12-21T08:43:41.490-0800] {logging_mixin.py:190} INFO - [2024-12-21T08:43:41.489-0800] {dagbag.py:588} INFO - Filling up the DagBag from /Users/rishukhurana/anaconda3/lib/python3.11/site-packages/airflow/example_dags/example_bash_decorator.py
[2024-12-21T08:43:41.528-0800] {processor.py:925} INFO - DAG(s) 'example_bash_decorator' retrieved from /Users/rishukhurana/anaconda3/lib/python3.11/site-packages/airflow/example_dags/example_bash_decorator.py
[2024-12-21T08:43:41.680-0800] {logging_mixin.py:190} INFO - [2024-12-21T08:43:41.679-0800] {dag.py:3239} INFO - Sync 1 DAGs
[2024-12-21T08:43:41.689-0800] {logging_mixin.py:190} INFO - [2024-12-21T08:43:41.689-0800] {dag.py:4180} INFO - Setting next_dagrun for example_bash_decorator to None, run_after=None
[2024-12-21T08:43:41.705-0800] {processor.py:208} INFO - Processing /Users/rishukhurana/anaconda3/lib/python3.11/site-packages/airflow/example_dags/example_bash_decorator.py took 0.226 seconds
[2024-12-21T08:51:19.456-0800] {processor.py:186} INFO - Started process (PID=93217) to work on /Users/rishukhurana/anaconda3/lib/python3.11/site-packages/airflow/example_dags/example_bash_decorator.py
[2024-12-21T08:51:19.459-0800] {processor.py:914} INFO - Processing file /Users/rishukhurana/anaconda3/lib/python3.11/site-packages/airflow/example_dags/example_bash_decorator.py for tasks to queue
[2024-12-21T08:51:19.460-0800] {logging_mixin.py:190} INFO - [2024-12-21T08:51:19.460-0800] {dagbag.py:588} INFO - Filling up the DagBag from /Users/rishukhurana/anaconda3/lib/python3.11/site-packages/airflow/example_dags/example_bash_decorator.py
[2024-12-21T08:51:19.531-0800] {processor.py:925} INFO - DAG(s) 'example_bash_decorator' retrieved from /Users/rishukhurana/anaconda3/lib/python3.11/site-packages/airflow/example_dags/example_bash_decorator.py
[2024-12-21T08:51:19.790-0800] {logging_mixin.py:190} INFO - [2024-12-21T08:51:19.789-0800] {dag.py:3239} INFO - Sync 1 DAGs
[2024-12-21T08:51:19.799-0800] {logging_mixin.py:190} INFO - [2024-12-21T08:51:19.798-0800] {dag.py:4180} INFO - Setting next_dagrun for example_bash_decorator to None, run_after=None
[2024-12-21T08:51:19.817-0800] {processor.py:208} INFO - Processing /Users/rishukhurana/anaconda3/lib/python3.11/site-packages/airflow/example_dags/example_bash_decorator.py took 0.368 seconds
[2024-12-21T08:57:49.870-0800] {processor.py:186} INFO - Started process (PID=93574) to work on /Users/rishukhurana/anaconda3/lib/python3.11/site-packages/airflow/example_dags/example_bash_decorator.py
[2024-12-21T08:57:49.873-0800] {processor.py:914} INFO - Processing file /Users/rishukhurana/anaconda3/lib/python3.11/site-packages/airflow/example_dags/example_bash_decorator.py for tasks to queue
[2024-12-21T08:57:49.874-0800] {logging_mixin.py:190} INFO - [2024-12-21T08:57:49.874-0800] {dagbag.py:588} INFO - Filling up the DagBag from /Users/rishukhurana/anaconda3/lib/python3.11/site-packages/airflow/example_dags/example_bash_decorator.py
[2024-12-21T08:57:49.915-0800] {processor.py:925} INFO - DAG(s) 'example_bash_decorator' retrieved from /Users/rishukhurana/anaconda3/lib/python3.11/site-packages/airflow/example_dags/example_bash_decorator.py
[2024-12-21T08:57:50.153-0800] {logging_mixin.py:190} INFO - [2024-12-21T08:57:50.153-0800] {dag.py:3239} INFO - Sync 1 DAGs
[2024-12-21T08:57:50.162-0800] {logging_mixin.py:190} INFO - [2024-12-21T08:57:50.162-0800] {dag.py:4180} INFO - Setting next_dagrun for example_bash_decorator to None, run_after=None
[2024-12-21T08:57:50.177-0800] {processor.py:208} INFO - Processing /Users/rishukhurana/anaconda3/lib/python3.11/site-packages/airflow/example_dags/example_bash_decorator.py took 0.314 seconds
[2024-12-21T09:04:10.200-0800] {processor.py:186} INFO - Started process (PID=93897) to work on /Users/rishukhurana/anaconda3/lib/python3.11/site-packages/airflow/example_dags/example_bash_decorator.py
[2024-12-21T09:04:10.202-0800] {processor.py:914} INFO - Processing file /Users/rishukhurana/anaconda3/lib/python3.11/site-packages/airflow/example_dags/example_bash_decorator.py for tasks to queue
[2024-12-21T09:04:10.204-0800] {logging_mixin.py:190} INFO - [2024-12-21T09:04:10.203-0800] {dagbag.py:588} INFO - Filling up the DagBag from /Users/rishukhurana/anaconda3/lib/python3.11/site-packages/airflow/example_dags/example_bash_decorator.py
[2024-12-21T09:04:10.255-0800] {processor.py:925} INFO - DAG(s) 'example_bash_decorator' retrieved from /Users/rishukhurana/anaconda3/lib/python3.11/site-packages/airflow/example_dags/example_bash_decorator.py
[2024-12-21T09:04:10.480-0800] {logging_mixin.py:190} INFO - [2024-12-21T09:04:10.480-0800] {dag.py:3239} INFO - Sync 1 DAGs
[2024-12-21T09:04:10.490-0800] {logging_mixin.py:190} INFO - [2024-12-21T09:04:10.490-0800] {dag.py:4180} INFO - Setting next_dagrun for example_bash_decorator to None, run_after=None
[2024-12-21T09:04:10.507-0800] {processor.py:208} INFO - Processing /Users/rishukhurana/anaconda3/lib/python3.11/site-packages/airflow/example_dags/example_bash_decorator.py took 0.313 seconds
[2024-12-21T09:10:33.841-0800] {processor.py:186} INFO - Started process (PID=94253) to work on /Users/rishukhurana/anaconda3/lib/python3.11/site-packages/airflow/example_dags/example_bash_decorator.py
[2024-12-21T09:10:33.843-0800] {processor.py:914} INFO - Processing file /Users/rishukhurana/anaconda3/lib/python3.11/site-packages/airflow/example_dags/example_bash_decorator.py for tasks to queue
[2024-12-21T09:10:33.845-0800] {logging_mixin.py:190} INFO - [2024-12-21T09:10:33.845-0800] {dagbag.py:588} INFO - Filling up the DagBag from /Users/rishukhurana/anaconda3/lib/python3.11/site-packages/airflow/example_dags/example_bash_decorator.py
[2024-12-21T09:10:33.895-0800] {processor.py:925} INFO - DAG(s) 'example_bash_decorator' retrieved from /Users/rishukhurana/anaconda3/lib/python3.11/site-packages/airflow/example_dags/example_bash_decorator.py
[2024-12-21T09:10:34.109-0800] {logging_mixin.py:190} INFO - [2024-12-21T09:10:34.109-0800] {dag.py:3239} INFO - Sync 1 DAGs
[2024-12-21T09:10:34.119-0800] {logging_mixin.py:190} INFO - [2024-12-21T09:10:34.119-0800] {dag.py:4180} INFO - Setting next_dagrun for example_bash_decorator to None, run_after=None
[2024-12-21T09:10:34.135-0800] {processor.py:208} INFO - Processing /Users/rishukhurana/anaconda3/lib/python3.11/site-packages/airflow/example_dags/example_bash_decorator.py took 0.303 seconds
[2024-12-21T09:16:52.208-0800] {processor.py:186} INFO - Started process (PID=94551) to work on /Users/rishukhurana/anaconda3/lib/python3.11/site-packages/airflow/example_dags/example_bash_decorator.py
[2024-12-21T09:16:52.210-0800] {processor.py:914} INFO - Processing file /Users/rishukhurana/anaconda3/lib/python3.11/site-packages/airflow/example_dags/example_bash_decorator.py for tasks to queue
[2024-12-21T09:16:52.212-0800] {logging_mixin.py:190} INFO - [2024-12-21T09:16:52.212-0800] {dagbag.py:588} INFO - Filling up the DagBag from /Users/rishukhurana/anaconda3/lib/python3.11/site-packages/airflow/example_dags/example_bash_decorator.py
[2024-12-21T09:16:52.274-0800] {processor.py:925} INFO - DAG(s) 'example_bash_decorator' retrieved from /Users/rishukhurana/anaconda3/lib/python3.11/site-packages/airflow/example_dags/example_bash_decorator.py
[2024-12-21T09:16:52.481-0800] {logging_mixin.py:190} INFO - [2024-12-21T09:16:52.480-0800] {dag.py:3239} INFO - Sync 1 DAGs
[2024-12-21T09:16:52.491-0800] {logging_mixin.py:190} INFO - [2024-12-21T09:16:52.491-0800] {dag.py:4180} INFO - Setting next_dagrun for example_bash_decorator to None, run_after=None
[2024-12-21T09:16:52.508-0800] {processor.py:208} INFO - Processing /Users/rishukhurana/anaconda3/lib/python3.11/site-packages/airflow/example_dags/example_bash_decorator.py took 0.306 seconds
[2024-12-21T09:23:07.549-0800] {processor.py:186} INFO - Started process (PID=94882) to work on /Users/rishukhurana/anaconda3/lib/python3.11/site-packages/airflow/example_dags/example_bash_decorator.py
[2024-12-21T09:23:07.551-0800] {processor.py:914} INFO - Processing file /Users/rishukhurana/anaconda3/lib/python3.11/site-packages/airflow/example_dags/example_bash_decorator.py for tasks to queue
[2024-12-21T09:23:07.552-0800] {logging_mixin.py:190} INFO - [2024-12-21T09:23:07.552-0800] {dagbag.py:588} INFO - Filling up the DagBag from /Users/rishukhurana/anaconda3/lib/python3.11/site-packages/airflow/example_dags/example_bash_decorator.py
[2024-12-21T09:23:07.604-0800] {processor.py:925} INFO - DAG(s) 'example_bash_decorator' retrieved from /Users/rishukhurana/anaconda3/lib/python3.11/site-packages/airflow/example_dags/example_bash_decorator.py
[2024-12-21T09:23:07.827-0800] {logging_mixin.py:190} INFO - [2024-12-21T09:23:07.827-0800] {dag.py:3239} INFO - Sync 1 DAGs
[2024-12-21T09:23:07.836-0800] {logging_mixin.py:190} INFO - [2024-12-21T09:23:07.835-0800] {dag.py:4180} INFO - Setting next_dagrun for example_bash_decorator to None, run_after=None
[2024-12-21T09:23:07.852-0800] {processor.py:208} INFO - Processing /Users/rishukhurana/anaconda3/lib/python3.11/site-packages/airflow/example_dags/example_bash_decorator.py took 0.308 seconds
[2024-12-21T09:29:41.541-0800] {processor.py:186} INFO - Started process (PID=95196) to work on /Users/rishukhurana/anaconda3/lib/python3.11/site-packages/airflow/example_dags/example_bash_decorator.py
[2024-12-21T09:29:41.543-0800] {processor.py:914} INFO - Processing file /Users/rishukhurana/anaconda3/lib/python3.11/site-packages/airflow/example_dags/example_bash_decorator.py for tasks to queue
[2024-12-21T09:29:41.545-0800] {logging_mixin.py:190} INFO - [2024-12-21T09:29:41.544-0800] {dagbag.py:588} INFO - Filling up the DagBag from /Users/rishukhurana/anaconda3/lib/python3.11/site-packages/airflow/example_dags/example_bash_decorator.py
[2024-12-21T09:29:41.586-0800] {processor.py:925} INFO - DAG(s) 'example_bash_decorator' retrieved from /Users/rishukhurana/anaconda3/lib/python3.11/site-packages/airflow/example_dags/example_bash_decorator.py
[2024-12-21T09:29:41.757-0800] {logging_mixin.py:190} INFO - [2024-12-21T09:29:41.757-0800] {dag.py:3239} INFO - Sync 1 DAGs
[2024-12-21T09:29:41.768-0800] {logging_mixin.py:190} INFO - [2024-12-21T09:29:41.768-0800] {dag.py:4180} INFO - Setting next_dagrun for example_bash_decorator to None, run_after=None
[2024-12-21T09:29:41.797-0800] {processor.py:208} INFO - Processing /Users/rishukhurana/anaconda3/lib/python3.11/site-packages/airflow/example_dags/example_bash_decorator.py took 0.265 seconds
[2024-12-21T09:36:19.010-0800] {processor.py:186} INFO - Started process (PID=95496) to work on /Users/rishukhurana/anaconda3/lib/python3.11/site-packages/airflow/example_dags/example_bash_decorator.py
[2024-12-21T09:36:19.012-0800] {processor.py:914} INFO - Processing file /Users/rishukhurana/anaconda3/lib/python3.11/site-packages/airflow/example_dags/example_bash_decorator.py for tasks to queue
[2024-12-21T09:36:19.013-0800] {logging_mixin.py:190} INFO - [2024-12-21T09:36:19.013-0800] {dagbag.py:588} INFO - Filling up the DagBag from /Users/rishukhurana/anaconda3/lib/python3.11/site-packages/airflow/example_dags/example_bash_decorator.py
[2024-12-21T09:36:19.065-0800] {processor.py:925} INFO - DAG(s) 'example_bash_decorator' retrieved from /Users/rishukhurana/anaconda3/lib/python3.11/site-packages/airflow/example_dags/example_bash_decorator.py
[2024-12-21T09:36:19.294-0800] {logging_mixin.py:190} INFO - [2024-12-21T09:36:19.294-0800] {dag.py:3239} INFO - Sync 1 DAGs
[2024-12-21T09:36:19.303-0800] {logging_mixin.py:190} INFO - [2024-12-21T09:36:19.303-0800] {dag.py:4180} INFO - Setting next_dagrun for example_bash_decorator to None, run_after=None
[2024-12-21T09:36:19.320-0800] {processor.py:208} INFO - Processing /Users/rishukhurana/anaconda3/lib/python3.11/site-packages/airflow/example_dags/example_bash_decorator.py took 0.321 seconds
[2024-12-21T09:42:46.871-0800] {processor.py:186} INFO - Started process (PID=95819) to work on /Users/rishukhurana/anaconda3/lib/python3.11/site-packages/airflow/example_dags/example_bash_decorator.py
[2024-12-21T09:42:46.873-0800] {processor.py:914} INFO - Processing file /Users/rishukhurana/anaconda3/lib/python3.11/site-packages/airflow/example_dags/example_bash_decorator.py for tasks to queue
[2024-12-21T09:42:46.875-0800] {logging_mixin.py:190} INFO - [2024-12-21T09:42:46.875-0800] {dagbag.py:588} INFO - Filling up the DagBag from /Users/rishukhurana/anaconda3/lib/python3.11/site-packages/airflow/example_dags/example_bash_decorator.py
[2024-12-21T09:42:46.930-0800] {processor.py:925} INFO - DAG(s) 'example_bash_decorator' retrieved from /Users/rishukhurana/anaconda3/lib/python3.11/site-packages/airflow/example_dags/example_bash_decorator.py
[2024-12-21T09:42:47.140-0800] {logging_mixin.py:190} INFO - [2024-12-21T09:42:47.140-0800] {dag.py:3239} INFO - Sync 1 DAGs
[2024-12-21T09:42:47.149-0800] {logging_mixin.py:190} INFO - [2024-12-21T09:42:47.149-0800] {dag.py:4180} INFO - Setting next_dagrun for example_bash_decorator to None, run_after=None
[2024-12-21T09:42:47.165-0800] {processor.py:208} INFO - Processing /Users/rishukhurana/anaconda3/lib/python3.11/site-packages/airflow/example_dags/example_bash_decorator.py took 0.300 seconds
[2024-12-21T09:49:16.538-0800] {processor.py:186} INFO - Started process (PID=96137) to work on /Users/rishukhurana/anaconda3/lib/python3.11/site-packages/airflow/example_dags/example_bash_decorator.py
[2024-12-21T09:49:16.541-0800] {processor.py:914} INFO - Processing file /Users/rishukhurana/anaconda3/lib/python3.11/site-packages/airflow/example_dags/example_bash_decorator.py for tasks to queue
[2024-12-21T09:49:16.542-0800] {logging_mixin.py:190} INFO - [2024-12-21T09:49:16.541-0800] {dagbag.py:588} INFO - Filling up the DagBag from /Users/rishukhurana/anaconda3/lib/python3.11/site-packages/airflow/example_dags/example_bash_decorator.py
[2024-12-21T09:49:16.596-0800] {processor.py:925} INFO - DAG(s) 'example_bash_decorator' retrieved from /Users/rishukhurana/anaconda3/lib/python3.11/site-packages/airflow/example_dags/example_bash_decorator.py
[2024-12-21T09:49:16.821-0800] {logging_mixin.py:190} INFO - [2024-12-21T09:49:16.821-0800] {dag.py:3239} INFO - Sync 1 DAGs
[2024-12-21T09:49:16.830-0800] {logging_mixin.py:190} INFO - [2024-12-21T09:49:16.830-0800] {dag.py:4180} INFO - Setting next_dagrun for example_bash_decorator to None, run_after=None
[2024-12-21T09:49:16.846-0800] {processor.py:208} INFO - Processing /Users/rishukhurana/anaconda3/lib/python3.11/site-packages/airflow/example_dags/example_bash_decorator.py took 0.316 seconds
[2024-12-21T09:55:47.101-0800] {processor.py:186} INFO - Started process (PID=96446) to work on /Users/rishukhurana/anaconda3/lib/python3.11/site-packages/airflow/example_dags/example_bash_decorator.py
[2024-12-21T09:55:47.104-0800] {processor.py:914} INFO - Processing file /Users/rishukhurana/anaconda3/lib/python3.11/site-packages/airflow/example_dags/example_bash_decorator.py for tasks to queue
[2024-12-21T09:55:47.105-0800] {logging_mixin.py:190} INFO - [2024-12-21T09:55:47.105-0800] {dagbag.py:588} INFO - Filling up the DagBag from /Users/rishukhurana/anaconda3/lib/python3.11/site-packages/airflow/example_dags/example_bash_decorator.py
[2024-12-21T09:55:47.176-0800] {processor.py:925} INFO - DAG(s) 'example_bash_decorator' retrieved from /Users/rishukhurana/anaconda3/lib/python3.11/site-packages/airflow/example_dags/example_bash_decorator.py
[2024-12-21T09:55:47.508-0800] {logging_mixin.py:190} INFO - [2024-12-21T09:55:47.508-0800] {dag.py:3239} INFO - Sync 1 DAGs
[2024-12-21T09:55:47.529-0800] {logging_mixin.py:190} INFO - [2024-12-21T09:55:47.528-0800] {dag.py:4180} INFO - Setting next_dagrun for example_bash_decorator to None, run_after=None
[2024-12-21T09:55:47.553-0800] {processor.py:208} INFO - Processing /Users/rishukhurana/anaconda3/lib/python3.11/site-packages/airflow/example_dags/example_bash_decorator.py took 0.461 seconds
[2024-12-21T10:02:11.798-0800] {processor.py:186} INFO - Started process (PID=96762) to work on /Users/rishukhurana/anaconda3/lib/python3.11/site-packages/airflow/example_dags/example_bash_decorator.py
[2024-12-21T10:02:11.800-0800] {processor.py:914} INFO - Processing file /Users/rishukhurana/anaconda3/lib/python3.11/site-packages/airflow/example_dags/example_bash_decorator.py for tasks to queue
[2024-12-21T10:02:11.802-0800] {logging_mixin.py:190} INFO - [2024-12-21T10:02:11.801-0800] {dagbag.py:588} INFO - Filling up the DagBag from /Users/rishukhurana/anaconda3/lib/python3.11/site-packages/airflow/example_dags/example_bash_decorator.py
[2024-12-21T10:02:11.857-0800] {processor.py:925} INFO - DAG(s) 'example_bash_decorator' retrieved from /Users/rishukhurana/anaconda3/lib/python3.11/site-packages/airflow/example_dags/example_bash_decorator.py
[2024-12-21T10:02:12.080-0800] {logging_mixin.py:190} INFO - [2024-12-21T10:02:12.080-0800] {dag.py:3239} INFO - Sync 1 DAGs
[2024-12-21T10:02:12.088-0800] {logging_mixin.py:190} INFO - [2024-12-21T10:02:12.088-0800] {dag.py:4180} INFO - Setting next_dagrun for example_bash_decorator to None, run_after=None
[2024-12-21T10:02:12.103-0800] {processor.py:208} INFO - Processing /Users/rishukhurana/anaconda3/lib/python3.11/site-packages/airflow/example_dags/example_bash_decorator.py took 0.312 seconds
[2024-12-21T10:08:30.404-0800] {processor.py:186} INFO - Started process (PID=97066) to work on /Users/rishukhurana/anaconda3/lib/python3.11/site-packages/airflow/example_dags/example_bash_decorator.py
[2024-12-21T10:08:30.406-0800] {processor.py:914} INFO - Processing file /Users/rishukhurana/anaconda3/lib/python3.11/site-packages/airflow/example_dags/example_bash_decorator.py for tasks to queue
[2024-12-21T10:08:30.408-0800] {logging_mixin.py:190} INFO - [2024-12-21T10:08:30.408-0800] {dagbag.py:588} INFO - Filling up the DagBag from /Users/rishukhurana/anaconda3/lib/python3.11/site-packages/airflow/example_dags/example_bash_decorator.py
[2024-12-21T10:08:30.446-0800] {processor.py:925} INFO - DAG(s) 'example_bash_decorator' retrieved from /Users/rishukhurana/anaconda3/lib/python3.11/site-packages/airflow/example_dags/example_bash_decorator.py
[2024-12-21T10:08:30.597-0800] {logging_mixin.py:190} INFO - [2024-12-21T10:08:30.597-0800] {dag.py:3239} INFO - Sync 1 DAGs
[2024-12-21T10:08:30.606-0800] {logging_mixin.py:190} INFO - [2024-12-21T10:08:30.606-0800] {dag.py:4180} INFO - Setting next_dagrun for example_bash_decorator to None, run_after=None
[2024-12-21T10:08:30.622-0800] {processor.py:208} INFO - Processing /Users/rishukhurana/anaconda3/lib/python3.11/site-packages/airflow/example_dags/example_bash_decorator.py took 0.226 seconds
[2024-12-21T10:14:45.098-0800] {processor.py:186} INFO - Started process (PID=97394) to work on /Users/rishukhurana/anaconda3/lib/python3.11/site-packages/airflow/example_dags/example_bash_decorator.py
[2024-12-21T10:14:45.101-0800] {processor.py:914} INFO - Processing file /Users/rishukhurana/anaconda3/lib/python3.11/site-packages/airflow/example_dags/example_bash_decorator.py for tasks to queue
[2024-12-21T10:14:45.102-0800] {logging_mixin.py:190} INFO - [2024-12-21T10:14:45.102-0800] {dagbag.py:588} INFO - Filling up the DagBag from /Users/rishukhurana/anaconda3/lib/python3.11/site-packages/airflow/example_dags/example_bash_decorator.py
[2024-12-21T10:14:45.177-0800] {processor.py:925} INFO - DAG(s) 'example_bash_decorator' retrieved from /Users/rishukhurana/anaconda3/lib/python3.11/site-packages/airflow/example_dags/example_bash_decorator.py
[2024-12-21T10:14:45.411-0800] {logging_mixin.py:190} INFO - [2024-12-21T10:14:45.411-0800] {dag.py:3239} INFO - Sync 1 DAGs
[2024-12-21T10:14:45.419-0800] {logging_mixin.py:190} INFO - [2024-12-21T10:14:45.419-0800] {dag.py:4180} INFO - Setting next_dagrun for example_bash_decorator to None, run_after=None
[2024-12-21T10:14:45.434-0800] {processor.py:208} INFO - Processing /Users/rishukhurana/anaconda3/lib/python3.11/site-packages/airflow/example_dags/example_bash_decorator.py took 0.345 seconds
[2024-12-21T10:21:13.868-0800] {processor.py:186} INFO - Started process (PID=97725) to work on /Users/rishukhurana/anaconda3/lib/python3.11/site-packages/airflow/example_dags/example_bash_decorator.py
[2024-12-21T10:21:13.870-0800] {processor.py:914} INFO - Processing file /Users/rishukhurana/anaconda3/lib/python3.11/site-packages/airflow/example_dags/example_bash_decorator.py for tasks to queue
[2024-12-21T10:21:13.872-0800] {logging_mixin.py:190} INFO - [2024-12-21T10:21:13.871-0800] {dagbag.py:588} INFO - Filling up the DagBag from /Users/rishukhurana/anaconda3/lib/python3.11/site-packages/airflow/example_dags/example_bash_decorator.py
[2024-12-21T10:21:13.930-0800] {processor.py:925} INFO - DAG(s) 'example_bash_decorator' retrieved from /Users/rishukhurana/anaconda3/lib/python3.11/site-packages/airflow/example_dags/example_bash_decorator.py
[2024-12-21T10:21:14.156-0800] {logging_mixin.py:190} INFO - [2024-12-21T10:21:14.156-0800] {dag.py:3239} INFO - Sync 1 DAGs
[2024-12-21T10:21:14.165-0800] {logging_mixin.py:190} INFO - [2024-12-21T10:21:14.165-0800] {dag.py:4180} INFO - Setting next_dagrun for example_bash_decorator to None, run_after=None
[2024-12-21T10:21:14.181-0800] {processor.py:208} INFO - Processing /Users/rishukhurana/anaconda3/lib/python3.11/site-packages/airflow/example_dags/example_bash_decorator.py took 0.321 seconds
[2024-12-21T10:27:41.603-0800] {processor.py:186} INFO - Started process (PID=98055) to work on /Users/rishukhurana/anaconda3/lib/python3.11/site-packages/airflow/example_dags/example_bash_decorator.py
[2024-12-21T10:27:41.606-0800] {processor.py:914} INFO - Processing file /Users/rishukhurana/anaconda3/lib/python3.11/site-packages/airflow/example_dags/example_bash_decorator.py for tasks to queue
[2024-12-21T10:27:41.607-0800] {logging_mixin.py:190} INFO - [2024-12-21T10:27:41.607-0800] {dagbag.py:588} INFO - Filling up the DagBag from /Users/rishukhurana/anaconda3/lib/python3.11/site-packages/airflow/example_dags/example_bash_decorator.py
[2024-12-21T10:27:41.683-0800] {processor.py:925} INFO - DAG(s) 'example_bash_decorator' retrieved from /Users/rishukhurana/anaconda3/lib/python3.11/site-packages/airflow/example_dags/example_bash_decorator.py
[2024-12-21T10:27:41.918-0800] {logging_mixin.py:190} INFO - [2024-12-21T10:27:41.918-0800] {dag.py:3239} INFO - Sync 1 DAGs
[2024-12-21T10:27:41.926-0800] {logging_mixin.py:190} INFO - [2024-12-21T10:27:41.926-0800] {dag.py:4180} INFO - Setting next_dagrun for example_bash_decorator to None, run_after=None
[2024-12-21T10:27:41.946-0800] {processor.py:208} INFO - Processing /Users/rishukhurana/anaconda3/lib/python3.11/site-packages/airflow/example_dags/example_bash_decorator.py took 0.347 seconds
[2024-12-21T10:33:50.295-0800] {processor.py:186} INFO - Started process (PID=98365) to work on /Users/rishukhurana/anaconda3/lib/python3.11/site-packages/airflow/example_dags/example_bash_decorator.py
[2024-12-21T10:33:50.297-0800] {processor.py:914} INFO - Processing file /Users/rishukhurana/anaconda3/lib/python3.11/site-packages/airflow/example_dags/example_bash_decorator.py for tasks to queue
[2024-12-21T10:33:50.299-0800] {logging_mixin.py:190} INFO - [2024-12-21T10:33:50.299-0800] {dagbag.py:588} INFO - Filling up the DagBag from /Users/rishukhurana/anaconda3/lib/python3.11/site-packages/airflow/example_dags/example_bash_decorator.py
[2024-12-21T10:33:50.336-0800] {processor.py:925} INFO - DAG(s) 'example_bash_decorator' retrieved from /Users/rishukhurana/anaconda3/lib/python3.11/site-packages/airflow/example_dags/example_bash_decorator.py
[2024-12-21T10:33:50.489-0800] {logging_mixin.py:190} INFO - [2024-12-21T10:33:50.488-0800] {dag.py:3239} INFO - Sync 1 DAGs
[2024-12-21T10:33:50.499-0800] {logging_mixin.py:190} INFO - [2024-12-21T10:33:50.498-0800] {dag.py:4180} INFO - Setting next_dagrun for example_bash_decorator to None, run_after=None
[2024-12-21T10:33:50.515-0800] {processor.py:208} INFO - Processing /Users/rishukhurana/anaconda3/lib/python3.11/site-packages/airflow/example_dags/example_bash_decorator.py took 0.228 seconds
[2024-12-21T10:42:04.893-0800] {processor.py:186} INFO - Started process (PID=98691) to work on /Users/rishukhurana/anaconda3/lib/python3.11/site-packages/airflow/example_dags/example_bash_decorator.py
[2024-12-21T10:42:04.897-0800] {processor.py:914} INFO - Processing file /Users/rishukhurana/anaconda3/lib/python3.11/site-packages/airflow/example_dags/example_bash_decorator.py for tasks to queue
[2024-12-21T10:42:04.899-0800] {logging_mixin.py:190} INFO - [2024-12-21T10:42:04.899-0800] {dagbag.py:588} INFO - Filling up the DagBag from /Users/rishukhurana/anaconda3/lib/python3.11/site-packages/airflow/example_dags/example_bash_decorator.py
[2024-12-21T10:42:04.992-0800] {processor.py:925} INFO - DAG(s) 'example_bash_decorator' retrieved from /Users/rishukhurana/anaconda3/lib/python3.11/site-packages/airflow/example_dags/example_bash_decorator.py
[2024-12-21T10:42:05.351-0800] {logging_mixin.py:190} INFO - [2024-12-21T10:42:05.351-0800] {dag.py:3239} INFO - Sync 1 DAGs
[2024-12-21T10:42:05.366-0800] {logging_mixin.py:190} INFO - [2024-12-21T10:42:05.366-0800] {dag.py:4180} INFO - Setting next_dagrun for example_bash_decorator to None, run_after=None
[2024-12-21T10:42:05.397-0800] {processor.py:208} INFO - Processing /Users/rishukhurana/anaconda3/lib/python3.11/site-packages/airflow/example_dags/example_bash_decorator.py took 0.518 seconds
[2024-12-21T10:51:23.478-0800] {processor.py:186} INFO - Started process (PID=99057) to work on /Users/rishukhurana/anaconda3/lib/python3.11/site-packages/airflow/example_dags/example_bash_decorator.py
[2024-12-21T10:51:23.481-0800] {processor.py:914} INFO - Processing file /Users/rishukhurana/anaconda3/lib/python3.11/site-packages/airflow/example_dags/example_bash_decorator.py for tasks to queue
[2024-12-21T10:51:23.483-0800] {logging_mixin.py:190} INFO - [2024-12-21T10:51:23.482-0800] {dagbag.py:588} INFO - Filling up the DagBag from /Users/rishukhurana/anaconda3/lib/python3.11/site-packages/airflow/example_dags/example_bash_decorator.py
[2024-12-21T10:51:23.574-0800] {processor.py:925} INFO - DAG(s) 'example_bash_decorator' retrieved from /Users/rishukhurana/anaconda3/lib/python3.11/site-packages/airflow/example_dags/example_bash_decorator.py
[2024-12-21T10:51:23.996-0800] {logging_mixin.py:190} INFO - [2024-12-21T10:51:23.995-0800] {dag.py:3239} INFO - Sync 1 DAGs
[2024-12-21T10:51:24.011-0800] {logging_mixin.py:190} INFO - [2024-12-21T10:51:24.010-0800] {dag.py:4180} INFO - Setting next_dagrun for example_bash_decorator to None, run_after=None
[2024-12-21T10:51:24.039-0800] {processor.py:208} INFO - Processing /Users/rishukhurana/anaconda3/lib/python3.11/site-packages/airflow/example_dags/example_bash_decorator.py took 0.569 seconds
[2024-12-21T11:00:33.069-0800] {processor.py:186} INFO - Started process (PID=99430) to work on /Users/rishukhurana/anaconda3/lib/python3.11/site-packages/airflow/example_dags/example_bash_decorator.py
[2024-12-21T11:00:33.072-0800] {processor.py:914} INFO - Processing file /Users/rishukhurana/anaconda3/lib/python3.11/site-packages/airflow/example_dags/example_bash_decorator.py for tasks to queue
[2024-12-21T11:00:33.075-0800] {logging_mixin.py:190} INFO - [2024-12-21T11:00:33.074-0800] {dagbag.py:588} INFO - Filling up the DagBag from /Users/rishukhurana/anaconda3/lib/python3.11/site-packages/airflow/example_dags/example_bash_decorator.py
[2024-12-21T11:00:33.145-0800] {processor.py:925} INFO - DAG(s) 'example_bash_decorator' retrieved from /Users/rishukhurana/anaconda3/lib/python3.11/site-packages/airflow/example_dags/example_bash_decorator.py
[2024-12-21T11:00:33.540-0800] {logging_mixin.py:190} INFO - [2024-12-21T11:00:33.540-0800] {dag.py:3239} INFO - Sync 1 DAGs
[2024-12-21T11:00:33.555-0800] {logging_mixin.py:190} INFO - [2024-12-21T11:00:33.554-0800] {dag.py:4180} INFO - Setting next_dagrun for example_bash_decorator to None, run_after=None
[2024-12-21T11:00:33.583-0800] {processor.py:208} INFO - Processing /Users/rishukhurana/anaconda3/lib/python3.11/site-packages/airflow/example_dags/example_bash_decorator.py took 0.525 seconds
