[2024-12-19T16:11:36.605-0800] {processor.py:186} INFO - Started process (PID=68060) to work on /Users/rishukhurana/anaconda3/lib/python3.11/site-packages/airflow/example_dags/plugins/workday.py
[2024-12-19T16:11:36.626-0800] {processor.py:914} INFO - Processing file /Users/rishukhurana/anaconda3/lib/python3.11/site-packages/airflow/example_dags/plugins/workday.py for tasks to queue
[2024-12-19T16:11:36.651-0800] {logging_mixin.py:190} INFO - [2024-12-19T16:11:36.648-0800] {dagbag.py:588} INFO - Filling up the DagBag from /Users/rishukhurana/anaconda3/lib/python3.11/site-packages/airflow/example_dags/plugins/workday.py
[2024-12-19T16:11:43.147-0800] {logging_mixin.py:190} INFO - [2024-12-19T16:11:43.132-0800] {utils.py:160} INFO - NumExpr defaulting to 8 threads.
[2024-12-19T16:11:50.132-0800] {processor.py:927} WARNING - No viable dags retrieved from /Users/rishukhurana/anaconda3/lib/python3.11/site-packages/airflow/example_dags/plugins/workday.py
[2024-12-19T16:11:51.327-0800] {processor.py:208} INFO - Processing /Users/rishukhurana/anaconda3/lib/python3.11/site-packages/airflow/example_dags/plugins/workday.py took 14.788 seconds
[2024-12-19T19:18:18.583-0800] {processor.py:186} INFO - Started process (PID=68401) to work on /Users/rishukhurana/anaconda3/lib/python3.11/site-packages/airflow/example_dags/plugins/workday.py
[2024-12-19T19:18:18.589-0800] {processor.py:914} INFO - Processing file /Users/rishukhurana/anaconda3/lib/python3.11/site-packages/airflow/example_dags/plugins/workday.py for tasks to queue
[2024-12-19T19:18:18.593-0800] {logging_mixin.py:190} INFO - [2024-12-19T19:18:18.593-0800] {dagbag.py:588} INFO - Filling up the DagBag from /Users/rishukhurana/anaconda3/lib/python3.11/site-packages/airflow/example_dags/plugins/workday.py
[2024-12-19T19:18:19.079-0800] {logging_mixin.py:190} INFO - [2024-12-19T19:18:19.079-0800] {utils.py:160} INFO - NumExpr defaulting to 8 threads.
[2024-12-19T19:18:19.566-0800] {processor.py:927} WARNING - No viable dags retrieved from /Users/rishukhurana/anaconda3/lib/python3.11/site-packages/airflow/example_dags/plugins/workday.py
[2024-12-19T19:18:19.651-0800] {processor.py:208} INFO - Processing /Users/rishukhurana/anaconda3/lib/python3.11/site-packages/airflow/example_dags/plugins/workday.py took 1.078 seconds
[2024-12-19T22:51:16.021-0800] {processor.py:186} INFO - Started process (PID=68705) to work on /Users/rishukhurana/anaconda3/lib/python3.11/site-packages/airflow/example_dags/plugins/workday.py
[2024-12-19T22:51:16.023-0800] {processor.py:914} INFO - Processing file /Users/rishukhurana/anaconda3/lib/python3.11/site-packages/airflow/example_dags/plugins/workday.py for tasks to queue
[2024-12-19T22:51:16.024-0800] {logging_mixin.py:190} INFO - [2024-12-19T22:51:16.024-0800] {dagbag.py:588} INFO - Filling up the DagBag from /Users/rishukhurana/anaconda3/lib/python3.11/site-packages/airflow/example_dags/plugins/workday.py
[2024-12-19T22:51:16.354-0800] {logging_mixin.py:190} INFO - [2024-12-19T22:51:16.354-0800] {utils.py:160} INFO - NumExpr defaulting to 8 threads.
[2024-12-19T22:51:16.631-0800] {processor.py:927} WARNING - No viable dags retrieved from /Users/rishukhurana/anaconda3/lib/python3.11/site-packages/airflow/example_dags/plugins/workday.py
[2024-12-19T22:51:16.707-0800] {processor.py:208} INFO - Processing /Users/rishukhurana/anaconda3/lib/python3.11/site-packages/airflow/example_dags/plugins/workday.py took 0.693 seconds
[2024-12-20T01:54:15.246-0800] {processor.py:186} INFO - Started process (PID=68895) to work on /Users/rishukhurana/anaconda3/lib/python3.11/site-packages/airflow/example_dags/plugins/workday.py
[2024-12-20T01:54:15.248-0800] {processor.py:914} INFO - Processing file /Users/rishukhurana/anaconda3/lib/python3.11/site-packages/airflow/example_dags/plugins/workday.py for tasks to queue
[2024-12-20T01:54:15.250-0800] {logging_mixin.py:190} INFO - [2024-12-20T01:54:15.249-0800] {dagbag.py:588} INFO - Filling up the DagBag from /Users/rishukhurana/anaconda3/lib/python3.11/site-packages/airflow/example_dags/plugins/workday.py
[2024-12-20T01:54:15.581-0800] {logging_mixin.py:190} INFO - [2024-12-20T01:54:15.581-0800] {utils.py:160} INFO - NumExpr defaulting to 8 threads.
[2024-12-20T01:54:15.867-0800] {processor.py:927} WARNING - No viable dags retrieved from /Users/rishukhurana/anaconda3/lib/python3.11/site-packages/airflow/example_dags/plugins/workday.py
[2024-12-20T01:54:15.942-0800] {processor.py:208} INFO - Processing /Users/rishukhurana/anaconda3/lib/python3.11/site-packages/airflow/example_dags/plugins/workday.py took 0.702 seconds
[2024-12-20T08:33:45.360-0800] {processor.py:186} INFO - Started process (PID=69156) to work on /Users/rishukhurana/anaconda3/lib/python3.11/site-packages/airflow/example_dags/plugins/workday.py
[2024-12-20T08:33:45.362-0800] {processor.py:914} INFO - Processing file /Users/rishukhurana/anaconda3/lib/python3.11/site-packages/airflow/example_dags/plugins/workday.py for tasks to queue
[2024-12-20T08:33:45.364-0800] {logging_mixin.py:190} INFO - [2024-12-20T08:33:45.364-0800] {dagbag.py:588} INFO - Filling up the DagBag from /Users/rishukhurana/anaconda3/lib/python3.11/site-packages/airflow/example_dags/plugins/workday.py
[2024-12-20T08:33:45.722-0800] {logging_mixin.py:190} INFO - [2024-12-20T08:33:45.722-0800] {utils.py:160} INFO - NumExpr defaulting to 8 threads.
[2024-12-20T08:33:46.028-0800] {processor.py:927} WARNING - No viable dags retrieved from /Users/rishukhurana/anaconda3/lib/python3.11/site-packages/airflow/example_dags/plugins/workday.py
[2024-12-20T08:33:46.101-0800] {processor.py:208} INFO - Processing /Users/rishukhurana/anaconda3/lib/python3.11/site-packages/airflow/example_dags/plugins/workday.py took 0.747 seconds
[2024-12-20T09:19:52.453-0800] {processor.py:186} INFO - Started process (PID=69363) to work on /Users/rishukhurana/anaconda3/lib/python3.11/site-packages/airflow/example_dags/plugins/workday.py
[2024-12-20T09:19:52.455-0800] {processor.py:914} INFO - Processing file /Users/rishukhurana/anaconda3/lib/python3.11/site-packages/airflow/example_dags/plugins/workday.py for tasks to queue
[2024-12-20T09:19:52.456-0800] {logging_mixin.py:190} INFO - [2024-12-20T09:19:52.456-0800] {dagbag.py:588} INFO - Filling up the DagBag from /Users/rishukhurana/anaconda3/lib/python3.11/site-packages/airflow/example_dags/plugins/workday.py
[2024-12-20T09:19:52.807-0800] {logging_mixin.py:190} INFO - [2024-12-20T09:19:52.807-0800] {utils.py:160} INFO - NumExpr defaulting to 8 threads.
[2024-12-20T09:19:53.103-0800] {processor.py:927} WARNING - No viable dags retrieved from /Users/rishukhurana/anaconda3/lib/python3.11/site-packages/airflow/example_dags/plugins/workday.py
[2024-12-20T09:19:53.175-0800] {processor.py:208} INFO - Processing /Users/rishukhurana/anaconda3/lib/python3.11/site-packages/airflow/example_dags/plugins/workday.py took 0.727 seconds
[2024-12-20T10:09:07.445-0800] {processor.py:186} INFO - Started process (PID=69583) to work on /Users/rishukhurana/anaconda3/lib/python3.11/site-packages/airflow/example_dags/plugins/workday.py
[2024-12-20T10:09:07.447-0800] {processor.py:914} INFO - Processing file /Users/rishukhurana/anaconda3/lib/python3.11/site-packages/airflow/example_dags/plugins/workday.py for tasks to queue
[2024-12-20T10:09:07.449-0800] {logging_mixin.py:190} INFO - [2024-12-20T10:09:07.449-0800] {dagbag.py:588} INFO - Filling up the DagBag from /Users/rishukhurana/anaconda3/lib/python3.11/site-packages/airflow/example_dags/plugins/workday.py
[2024-12-20T10:09:08.055-0800] {logging_mixin.py:190} INFO - [2024-12-20T10:09:08.055-0800] {utils.py:160} INFO - NumExpr defaulting to 8 threads.
[2024-12-20T10:09:08.493-0800] {processor.py:927} WARNING - No viable dags retrieved from /Users/rishukhurana/anaconda3/lib/python3.11/site-packages/airflow/example_dags/plugins/workday.py
[2024-12-20T10:09:08.577-0800] {processor.py:208} INFO - Processing /Users/rishukhurana/anaconda3/lib/python3.11/site-packages/airflow/example_dags/plugins/workday.py took 1.137 seconds
[2024-12-20T10:12:47.059-0800] {processor.py:186} INFO - Started process (PID=69768) to work on /Users/rishukhurana/anaconda3/lib/python3.11/site-packages/airflow/example_dags/plugins/workday.py
[2024-12-20T10:12:47.061-0800] {processor.py:914} INFO - Processing file /Users/rishukhurana/anaconda3/lib/python3.11/site-packages/airflow/example_dags/plugins/workday.py for tasks to queue
[2024-12-20T10:12:47.063-0800] {logging_mixin.py:190} INFO - [2024-12-20T10:12:47.062-0800] {dagbag.py:588} INFO - Filling up the DagBag from /Users/rishukhurana/anaconda3/lib/python3.11/site-packages/airflow/example_dags/plugins/workday.py
[2024-12-20T10:12:47.578-0800] {logging_mixin.py:190} INFO - [2024-12-20T10:12:47.578-0800] {utils.py:160} INFO - NumExpr defaulting to 8 threads.
[2024-12-20T10:12:48.051-0800] {processor.py:927} WARNING - No viable dags retrieved from /Users/rishukhurana/anaconda3/lib/python3.11/site-packages/airflow/example_dags/plugins/workday.py
[2024-12-20T10:12:48.139-0800] {processor.py:208} INFO - Processing /Users/rishukhurana/anaconda3/lib/python3.11/site-packages/airflow/example_dags/plugins/workday.py took 1.087 seconds
[2024-12-20T10:15:59.895-0800] {processor.py:186} INFO - Started process (PID=69931) to work on /Users/rishukhurana/anaconda3/lib/python3.11/site-packages/airflow/example_dags/plugins/workday.py
[2024-12-20T10:15:59.897-0800] {processor.py:914} INFO - Processing file /Users/rishukhurana/anaconda3/lib/python3.11/site-packages/airflow/example_dags/plugins/workday.py for tasks to queue
[2024-12-20T10:15:59.899-0800] {logging_mixin.py:190} INFO - [2024-12-20T10:15:59.899-0800] {dagbag.py:588} INFO - Filling up the DagBag from /Users/rishukhurana/anaconda3/lib/python3.11/site-packages/airflow/example_dags/plugins/workday.py
[2024-12-20T10:16:00.389-0800] {logging_mixin.py:190} INFO - [2024-12-20T10:16:00.388-0800] {utils.py:160} INFO - NumExpr defaulting to 8 threads.
[2024-12-20T10:16:00.788-0800] {processor.py:927} WARNING - No viable dags retrieved from /Users/rishukhurana/anaconda3/lib/python3.11/site-packages/airflow/example_dags/plugins/workday.py
[2024-12-20T10:16:00.873-0800] {processor.py:208} INFO - Processing /Users/rishukhurana/anaconda3/lib/python3.11/site-packages/airflow/example_dags/plugins/workday.py took 0.984 seconds
[2024-12-20T10:19:08.156-0800] {processor.py:186} INFO - Started process (PID=70104) to work on /Users/rishukhurana/anaconda3/lib/python3.11/site-packages/airflow/example_dags/plugins/workday.py
[2024-12-20T10:19:08.158-0800] {processor.py:914} INFO - Processing file /Users/rishukhurana/anaconda3/lib/python3.11/site-packages/airflow/example_dags/plugins/workday.py for tasks to queue
[2024-12-20T10:19:08.160-0800] {logging_mixin.py:190} INFO - [2024-12-20T10:19:08.160-0800] {dagbag.py:588} INFO - Filling up the DagBag from /Users/rishukhurana/anaconda3/lib/python3.11/site-packages/airflow/example_dags/plugins/workday.py
[2024-12-20T10:19:08.513-0800] {logging_mixin.py:190} INFO - [2024-12-20T10:19:08.513-0800] {utils.py:160} INFO - NumExpr defaulting to 8 threads.
[2024-12-20T10:19:08.804-0800] {processor.py:927} WARNING - No viable dags retrieved from /Users/rishukhurana/anaconda3/lib/python3.11/site-packages/airflow/example_dags/plugins/workday.py
[2024-12-20T10:19:08.881-0800] {processor.py:208} INFO - Processing /Users/rishukhurana/anaconda3/lib/python3.11/site-packages/airflow/example_dags/plugins/workday.py took 0.731 seconds
[2024-12-20T10:22:08.117-0800] {processor.py:186} INFO - Started process (PID=70266) to work on /Users/rishukhurana/anaconda3/lib/python3.11/site-packages/airflow/example_dags/plugins/workday.py
[2024-12-20T10:22:08.119-0800] {processor.py:914} INFO - Processing file /Users/rishukhurana/anaconda3/lib/python3.11/site-packages/airflow/example_dags/plugins/workday.py for tasks to queue
[2024-12-20T10:22:08.121-0800] {logging_mixin.py:190} INFO - [2024-12-20T10:22:08.121-0800] {dagbag.py:588} INFO - Filling up the DagBag from /Users/rishukhurana/anaconda3/lib/python3.11/site-packages/airflow/example_dags/plugins/workday.py
[2024-12-20T10:22:08.496-0800] {logging_mixin.py:190} INFO - [2024-12-20T10:22:08.496-0800] {utils.py:160} INFO - NumExpr defaulting to 8 threads.
[2024-12-20T10:22:08.943-0800] {processor.py:927} WARNING - No viable dags retrieved from /Users/rishukhurana/anaconda3/lib/python3.11/site-packages/airflow/example_dags/plugins/workday.py
[2024-12-20T10:22:09.018-0800] {processor.py:208} INFO - Processing /Users/rishukhurana/anaconda3/lib/python3.11/site-packages/airflow/example_dags/plugins/workday.py took 0.909 seconds
[2024-12-20T10:25:02.962-0800] {processor.py:186} INFO - Started process (PID=70432) to work on /Users/rishukhurana/anaconda3/lib/python3.11/site-packages/airflow/example_dags/plugins/workday.py
[2024-12-20T10:25:02.965-0800] {processor.py:914} INFO - Processing file /Users/rishukhurana/anaconda3/lib/python3.11/site-packages/airflow/example_dags/plugins/workday.py for tasks to queue
[2024-12-20T10:25:02.966-0800] {logging_mixin.py:190} INFO - [2024-12-20T10:25:02.966-0800] {dagbag.py:588} INFO - Filling up the DagBag from /Users/rishukhurana/anaconda3/lib/python3.11/site-packages/airflow/example_dags/plugins/workday.py
[2024-12-20T10:25:03.327-0800] {logging_mixin.py:190} INFO - [2024-12-20T10:25:03.326-0800] {utils.py:160} INFO - NumExpr defaulting to 8 threads.
[2024-12-20T10:25:03.627-0800] {processor.py:927} WARNING - No viable dags retrieved from /Users/rishukhurana/anaconda3/lib/python3.11/site-packages/airflow/example_dags/plugins/workday.py
[2024-12-20T10:25:03.702-0800] {processor.py:208} INFO - Processing /Users/rishukhurana/anaconda3/lib/python3.11/site-packages/airflow/example_dags/plugins/workday.py took 0.747 seconds
[2024-12-20T10:28:06.835-0800] {processor.py:186} INFO - Started process (PID=70591) to work on /Users/rishukhurana/anaconda3/lib/python3.11/site-packages/airflow/example_dags/plugins/workday.py
[2024-12-20T10:28:06.837-0800] {processor.py:914} INFO - Processing file /Users/rishukhurana/anaconda3/lib/python3.11/site-packages/airflow/example_dags/plugins/workday.py for tasks to queue
[2024-12-20T10:28:06.839-0800] {logging_mixin.py:190} INFO - [2024-12-20T10:28:06.839-0800] {dagbag.py:588} INFO - Filling up the DagBag from /Users/rishukhurana/anaconda3/lib/python3.11/site-packages/airflow/example_dags/plugins/workday.py
[2024-12-20T10:28:07.317-0800] {logging_mixin.py:190} INFO - [2024-12-20T10:28:07.316-0800] {utils.py:160} INFO - NumExpr defaulting to 8 threads.
[2024-12-20T10:28:07.813-0800] {processor.py:927} WARNING - No viable dags retrieved from /Users/rishukhurana/anaconda3/lib/python3.11/site-packages/airflow/example_dags/plugins/workday.py
[2024-12-20T10:28:07.893-0800] {processor.py:208} INFO - Processing /Users/rishukhurana/anaconda3/lib/python3.11/site-packages/airflow/example_dags/plugins/workday.py took 1.065 seconds
[2024-12-20T10:31:13.421-0800] {processor.py:186} INFO - Started process (PID=70771) to work on /Users/rishukhurana/anaconda3/lib/python3.11/site-packages/airflow/example_dags/plugins/workday.py
[2024-12-20T10:31:13.424-0800] {processor.py:914} INFO - Processing file /Users/rishukhurana/anaconda3/lib/python3.11/site-packages/airflow/example_dags/plugins/workday.py for tasks to queue
[2024-12-20T10:31:13.425-0800] {logging_mixin.py:190} INFO - [2024-12-20T10:31:13.425-0800] {dagbag.py:588} INFO - Filling up the DagBag from /Users/rishukhurana/anaconda3/lib/python3.11/site-packages/airflow/example_dags/plugins/workday.py
[2024-12-20T10:31:13.894-0800] {logging_mixin.py:190} INFO - [2024-12-20T10:31:13.894-0800] {utils.py:160} INFO - NumExpr defaulting to 8 threads.
[2024-12-20T10:31:14.331-0800] {processor.py:927} WARNING - No viable dags retrieved from /Users/rishukhurana/anaconda3/lib/python3.11/site-packages/airflow/example_dags/plugins/workday.py
[2024-12-20T10:31:14.416-0800] {processor.py:208} INFO - Processing /Users/rishukhurana/anaconda3/lib/python3.11/site-packages/airflow/example_dags/plugins/workday.py took 1.001 seconds
[2024-12-20T10:34:21.475-0800] {processor.py:186} INFO - Started process (PID=70923) to work on /Users/rishukhurana/anaconda3/lib/python3.11/site-packages/airflow/example_dags/plugins/workday.py
[2024-12-20T10:34:21.480-0800] {processor.py:914} INFO - Processing file /Users/rishukhurana/anaconda3/lib/python3.11/site-packages/airflow/example_dags/plugins/workday.py for tasks to queue
[2024-12-20T10:34:21.482-0800] {logging_mixin.py:190} INFO - [2024-12-20T10:34:21.481-0800] {dagbag.py:588} INFO - Filling up the DagBag from /Users/rishukhurana/anaconda3/lib/python3.11/site-packages/airflow/example_dags/plugins/workday.py
[2024-12-20T10:34:21.847-0800] {logging_mixin.py:190} INFO - [2024-12-20T10:34:21.847-0800] {utils.py:160} INFO - NumExpr defaulting to 8 threads.
[2024-12-20T10:34:22.145-0800] {processor.py:927} WARNING - No viable dags retrieved from /Users/rishukhurana/anaconda3/lib/python3.11/site-packages/airflow/example_dags/plugins/workday.py
[2024-12-20T10:34:22.225-0800] {processor.py:208} INFO - Processing /Users/rishukhurana/anaconda3/lib/python3.11/site-packages/airflow/example_dags/plugins/workday.py took 0.755 seconds
[2024-12-20T10:37:35.843-0800] {processor.py:186} INFO - Started process (PID=71098) to work on /Users/rishukhurana/anaconda3/lib/python3.11/site-packages/airflow/example_dags/plugins/workday.py
[2024-12-20T10:37:35.845-0800] {processor.py:914} INFO - Processing file /Users/rishukhurana/anaconda3/lib/python3.11/site-packages/airflow/example_dags/plugins/workday.py for tasks to queue
[2024-12-20T10:37:35.846-0800] {logging_mixin.py:190} INFO - [2024-12-20T10:37:35.846-0800] {dagbag.py:588} INFO - Filling up the DagBag from /Users/rishukhurana/anaconda3/lib/python3.11/site-packages/airflow/example_dags/plugins/workday.py
[2024-12-20T10:37:36.221-0800] {logging_mixin.py:190} INFO - [2024-12-20T10:37:36.221-0800] {utils.py:160} INFO - NumExpr defaulting to 8 threads.
[2024-12-20T10:37:36.520-0800] {processor.py:927} WARNING - No viable dags retrieved from /Users/rishukhurana/anaconda3/lib/python3.11/site-packages/airflow/example_dags/plugins/workday.py
[2024-12-20T10:37:36.604-0800] {processor.py:208} INFO - Processing /Users/rishukhurana/anaconda3/lib/python3.11/site-packages/airflow/example_dags/plugins/workday.py took 0.769 seconds
[2024-12-20T10:40:51.456-0800] {processor.py:186} INFO - Started process (PID=71269) to work on /Users/rishukhurana/anaconda3/lib/python3.11/site-packages/airflow/example_dags/plugins/workday.py
[2024-12-20T10:40:51.459-0800] {processor.py:914} INFO - Processing file /Users/rishukhurana/anaconda3/lib/python3.11/site-packages/airflow/example_dags/plugins/workday.py for tasks to queue
[2024-12-20T10:40:51.460-0800] {logging_mixin.py:190} INFO - [2024-12-20T10:40:51.460-0800] {dagbag.py:588} INFO - Filling up the DagBag from /Users/rishukhurana/anaconda3/lib/python3.11/site-packages/airflow/example_dags/plugins/workday.py
[2024-12-20T10:40:51.843-0800] {logging_mixin.py:190} INFO - [2024-12-20T10:40:51.842-0800] {utils.py:160} INFO - NumExpr defaulting to 8 threads.
[2024-12-20T10:40:52.149-0800] {processor.py:927} WARNING - No viable dags retrieved from /Users/rishukhurana/anaconda3/lib/python3.11/site-packages/airflow/example_dags/plugins/workday.py
[2024-12-20T10:40:52.234-0800] {processor.py:208} INFO - Processing /Users/rishukhurana/anaconda3/lib/python3.11/site-packages/airflow/example_dags/plugins/workday.py took 0.786 seconds
[2024-12-20T10:43:59.606-0800] {processor.py:186} INFO - Started process (PID=71415) to work on /Users/rishukhurana/anaconda3/lib/python3.11/site-packages/airflow/example_dags/plugins/workday.py
[2024-12-20T10:43:59.608-0800] {processor.py:914} INFO - Processing file /Users/rishukhurana/anaconda3/lib/python3.11/site-packages/airflow/example_dags/plugins/workday.py for tasks to queue
[2024-12-20T10:43:59.610-0800] {logging_mixin.py:190} INFO - [2024-12-20T10:43:59.609-0800] {dagbag.py:588} INFO - Filling up the DagBag from /Users/rishukhurana/anaconda3/lib/python3.11/site-packages/airflow/example_dags/plugins/workday.py
[2024-12-20T10:44:00.075-0800] {logging_mixin.py:190} INFO - [2024-12-20T10:44:00.074-0800] {utils.py:160} INFO - NumExpr defaulting to 8 threads.
[2024-12-20T10:44:00.477-0800] {processor.py:927} WARNING - No viable dags retrieved from /Users/rishukhurana/anaconda3/lib/python3.11/site-packages/airflow/example_dags/plugins/workday.py
[2024-12-20T10:44:00.573-0800] {processor.py:208} INFO - Processing /Users/rishukhurana/anaconda3/lib/python3.11/site-packages/airflow/example_dags/plugins/workday.py took 0.976 seconds
[2024-12-20T10:47:15.388-0800] {processor.py:186} INFO - Started process (PID=71563) to work on /Users/rishukhurana/anaconda3/lib/python3.11/site-packages/airflow/example_dags/plugins/workday.py
[2024-12-20T10:47:15.391-0800] {processor.py:914} INFO - Processing file /Users/rishukhurana/anaconda3/lib/python3.11/site-packages/airflow/example_dags/plugins/workday.py for tasks to queue
[2024-12-20T10:47:15.392-0800] {logging_mixin.py:190} INFO - [2024-12-20T10:47:15.392-0800] {dagbag.py:588} INFO - Filling up the DagBag from /Users/rishukhurana/anaconda3/lib/python3.11/site-packages/airflow/example_dags/plugins/workday.py
[2024-12-20T10:47:15.774-0800] {logging_mixin.py:190} INFO - [2024-12-20T10:47:15.774-0800] {utils.py:160} INFO - NumExpr defaulting to 8 threads.
[2024-12-20T10:47:16.069-0800] {processor.py:927} WARNING - No viable dags retrieved from /Users/rishukhurana/anaconda3/lib/python3.11/site-packages/airflow/example_dags/plugins/workday.py
[2024-12-20T10:47:16.155-0800] {processor.py:208} INFO - Processing /Users/rishukhurana/anaconda3/lib/python3.11/site-packages/airflow/example_dags/plugins/workday.py took 0.776 seconds
[2024-12-20T10:50:28.754-0800] {processor.py:186} INFO - Started process (PID=71722) to work on /Users/rishukhurana/anaconda3/lib/python3.11/site-packages/airflow/example_dags/plugins/workday.py
[2024-12-20T10:50:28.756-0800] {processor.py:914} INFO - Processing file /Users/rishukhurana/anaconda3/lib/python3.11/site-packages/airflow/example_dags/plugins/workday.py for tasks to queue
[2024-12-20T10:50:28.758-0800] {logging_mixin.py:190} INFO - [2024-12-20T10:50:28.757-0800] {dagbag.py:588} INFO - Filling up the DagBag from /Users/rishukhurana/anaconda3/lib/python3.11/site-packages/airflow/example_dags/plugins/workday.py
[2024-12-20T10:50:29.206-0800] {logging_mixin.py:190} INFO - [2024-12-20T10:50:29.206-0800] {utils.py:160} INFO - NumExpr defaulting to 8 threads.
[2024-12-20T10:50:29.600-0800] {processor.py:927} WARNING - No viable dags retrieved from /Users/rishukhurana/anaconda3/lib/python3.11/site-packages/airflow/example_dags/plugins/workday.py
[2024-12-20T10:50:29.688-0800] {processor.py:208} INFO - Processing /Users/rishukhurana/anaconda3/lib/python3.11/site-packages/airflow/example_dags/plugins/workday.py took 0.942 seconds
[2024-12-20T10:53:48.733-0800] {processor.py:186} INFO - Started process (PID=71871) to work on /Users/rishukhurana/anaconda3/lib/python3.11/site-packages/airflow/example_dags/plugins/workday.py
[2024-12-20T10:53:48.744-0800] {processor.py:914} INFO - Processing file /Users/rishukhurana/anaconda3/lib/python3.11/site-packages/airflow/example_dags/plugins/workday.py for tasks to queue
[2024-12-20T10:53:48.747-0800] {logging_mixin.py:190} INFO - [2024-12-20T10:53:48.747-0800] {dagbag.py:588} INFO - Filling up the DagBag from /Users/rishukhurana/anaconda3/lib/python3.11/site-packages/airflow/example_dags/plugins/workday.py
[2024-12-20T10:53:49.350-0800] {logging_mixin.py:190} INFO - [2024-12-20T10:53:49.350-0800] {utils.py:160} INFO - NumExpr defaulting to 8 threads.
[2024-12-20T10:53:49.788-0800] {processor.py:927} WARNING - No viable dags retrieved from /Users/rishukhurana/anaconda3/lib/python3.11/site-packages/airflow/example_dags/plugins/workday.py
[2024-12-20T10:53:49.878-0800] {processor.py:208} INFO - Processing /Users/rishukhurana/anaconda3/lib/python3.11/site-packages/airflow/example_dags/plugins/workday.py took 1.160 seconds
[2024-12-20T10:57:05.303-0800] {processor.py:186} INFO - Started process (PID=72021) to work on /Users/rishukhurana/anaconda3/lib/python3.11/site-packages/airflow/example_dags/plugins/workday.py
[2024-12-20T10:57:05.305-0800] {processor.py:914} INFO - Processing file /Users/rishukhurana/anaconda3/lib/python3.11/site-packages/airflow/example_dags/plugins/workday.py for tasks to queue
[2024-12-20T10:57:05.307-0800] {logging_mixin.py:190} INFO - [2024-12-20T10:57:05.306-0800] {dagbag.py:588} INFO - Filling up the DagBag from /Users/rishukhurana/anaconda3/lib/python3.11/site-packages/airflow/example_dags/plugins/workday.py
[2024-12-20T10:57:05.688-0800] {logging_mixin.py:190} INFO - [2024-12-20T10:57:05.688-0800] {utils.py:160} INFO - NumExpr defaulting to 8 threads.
[2024-12-20T10:57:05.993-0800] {processor.py:927} WARNING - No viable dags retrieved from /Users/rishukhurana/anaconda3/lib/python3.11/site-packages/airflow/example_dags/plugins/workday.py
[2024-12-20T10:57:06.076-0800] {processor.py:208} INFO - Processing /Users/rishukhurana/anaconda3/lib/python3.11/site-packages/airflow/example_dags/plugins/workday.py took 0.780 seconds
[2024-12-20T11:00:13.040-0800] {processor.py:186} INFO - Started process (PID=72166) to work on /Users/rishukhurana/anaconda3/lib/python3.11/site-packages/airflow/example_dags/plugins/workday.py
[2024-12-20T11:00:13.041-0800] {processor.py:914} INFO - Processing file /Users/rishukhurana/anaconda3/lib/python3.11/site-packages/airflow/example_dags/plugins/workday.py for tasks to queue
[2024-12-20T11:00:13.043-0800] {logging_mixin.py:190} INFO - [2024-12-20T11:00:13.043-0800] {dagbag.py:588} INFO - Filling up the DagBag from /Users/rishukhurana/anaconda3/lib/python3.11/site-packages/airflow/example_dags/plugins/workday.py
[2024-12-20T11:00:13.416-0800] {logging_mixin.py:190} INFO - [2024-12-20T11:00:13.416-0800] {utils.py:160} INFO - NumExpr defaulting to 8 threads.
[2024-12-20T11:00:13.709-0800] {processor.py:927} WARNING - No viable dags retrieved from /Users/rishukhurana/anaconda3/lib/python3.11/site-packages/airflow/example_dags/plugins/workday.py
[2024-12-20T11:00:13.793-0800] {processor.py:208} INFO - Processing /Users/rishukhurana/anaconda3/lib/python3.11/site-packages/airflow/example_dags/plugins/workday.py took 0.762 seconds
[2024-12-20T11:03:24.273-0800] {processor.py:186} INFO - Started process (PID=72315) to work on /Users/rishukhurana/anaconda3/lib/python3.11/site-packages/airflow/example_dags/plugins/workday.py
[2024-12-20T11:03:24.276-0800] {processor.py:914} INFO - Processing file /Users/rishukhurana/anaconda3/lib/python3.11/site-packages/airflow/example_dags/plugins/workday.py for tasks to queue
[2024-12-20T11:03:24.277-0800] {logging_mixin.py:190} INFO - [2024-12-20T11:03:24.277-0800] {dagbag.py:588} INFO - Filling up the DagBag from /Users/rishukhurana/anaconda3/lib/python3.11/site-packages/airflow/example_dags/plugins/workday.py
[2024-12-20T11:03:24.731-0800] {logging_mixin.py:190} INFO - [2024-12-20T11:03:24.731-0800] {utils.py:160} INFO - NumExpr defaulting to 8 threads.
[2024-12-20T11:03:25.166-0800] {processor.py:927} WARNING - No viable dags retrieved from /Users/rishukhurana/anaconda3/lib/python3.11/site-packages/airflow/example_dags/plugins/workday.py
[2024-12-20T11:03:25.249-0800] {processor.py:208} INFO - Processing /Users/rishukhurana/anaconda3/lib/python3.11/site-packages/airflow/example_dags/plugins/workday.py took 0.981 seconds
[2024-12-20T11:06:40.617-0800] {processor.py:186} INFO - Started process (PID=72477) to work on /Users/rishukhurana/anaconda3/lib/python3.11/site-packages/airflow/example_dags/plugins/workday.py
[2024-12-20T11:06:40.619-0800] {processor.py:914} INFO - Processing file /Users/rishukhurana/anaconda3/lib/python3.11/site-packages/airflow/example_dags/plugins/workday.py for tasks to queue
[2024-12-20T11:06:40.621-0800] {logging_mixin.py:190} INFO - [2024-12-20T11:06:40.621-0800] {dagbag.py:588} INFO - Filling up the DagBag from /Users/rishukhurana/anaconda3/lib/python3.11/site-packages/airflow/example_dags/plugins/workday.py
[2024-12-20T11:06:41.026-0800] {logging_mixin.py:190} INFO - [2024-12-20T11:06:41.026-0800] {utils.py:160} INFO - NumExpr defaulting to 8 threads.
[2024-12-20T11:06:41.339-0800] {processor.py:927} WARNING - No viable dags retrieved from /Users/rishukhurana/anaconda3/lib/python3.11/site-packages/airflow/example_dags/plugins/workday.py
[2024-12-20T11:06:41.425-0800] {processor.py:208} INFO - Processing /Users/rishukhurana/anaconda3/lib/python3.11/site-packages/airflow/example_dags/plugins/workday.py took 0.813 seconds
[2024-12-20T11:09:54.991-0800] {processor.py:186} INFO - Started process (PID=72628) to work on /Users/rishukhurana/anaconda3/lib/python3.11/site-packages/airflow/example_dags/plugins/workday.py
[2024-12-20T11:09:54.993-0800] {processor.py:914} INFO - Processing file /Users/rishukhurana/anaconda3/lib/python3.11/site-packages/airflow/example_dags/plugins/workday.py for tasks to queue
[2024-12-20T11:09:54.995-0800] {logging_mixin.py:190} INFO - [2024-12-20T11:09:54.994-0800] {dagbag.py:588} INFO - Filling up the DagBag from /Users/rishukhurana/anaconda3/lib/python3.11/site-packages/airflow/example_dags/plugins/workday.py
[2024-12-20T11:09:55.513-0800] {logging_mixin.py:190} INFO - [2024-12-20T11:09:55.512-0800] {utils.py:160} INFO - NumExpr defaulting to 8 threads.
[2024-12-20T11:09:55.934-0800] {processor.py:927} WARNING - No viable dags retrieved from /Users/rishukhurana/anaconda3/lib/python3.11/site-packages/airflow/example_dags/plugins/workday.py
[2024-12-20T11:09:56.027-0800] {processor.py:208} INFO - Processing /Users/rishukhurana/anaconda3/lib/python3.11/site-packages/airflow/example_dags/plugins/workday.py took 1.041 seconds
[2024-12-20T11:13:08.263-0800] {processor.py:186} INFO - Started process (PID=72792) to work on /Users/rishukhurana/anaconda3/lib/python3.11/site-packages/airflow/example_dags/plugins/workday.py
[2024-12-20T11:13:08.266-0800] {processor.py:914} INFO - Processing file /Users/rishukhurana/anaconda3/lib/python3.11/site-packages/airflow/example_dags/plugins/workday.py for tasks to queue
[2024-12-20T11:13:08.267-0800] {logging_mixin.py:190} INFO - [2024-12-20T11:13:08.267-0800] {dagbag.py:588} INFO - Filling up the DagBag from /Users/rishukhurana/anaconda3/lib/python3.11/site-packages/airflow/example_dags/plugins/workday.py
[2024-12-20T11:13:08.723-0800] {logging_mixin.py:190} INFO - [2024-12-20T11:13:08.722-0800] {utils.py:160} INFO - NumExpr defaulting to 8 threads.
[2024-12-20T11:13:09.107-0800] {processor.py:927} WARNING - No viable dags retrieved from /Users/rishukhurana/anaconda3/lib/python3.11/site-packages/airflow/example_dags/plugins/workday.py
[2024-12-20T11:13:09.195-0800] {processor.py:208} INFO - Processing /Users/rishukhurana/anaconda3/lib/python3.11/site-packages/airflow/example_dags/plugins/workday.py took 0.939 seconds
[2024-12-20T11:16:21.681-0800] {processor.py:186} INFO - Started process (PID=72957) to work on /Users/rishukhurana/anaconda3/lib/python3.11/site-packages/airflow/example_dags/plugins/workday.py
[2024-12-20T11:16:21.684-0800] {processor.py:914} INFO - Processing file /Users/rishukhurana/anaconda3/lib/python3.11/site-packages/airflow/example_dags/plugins/workday.py for tasks to queue
[2024-12-20T11:16:21.686-0800] {logging_mixin.py:190} INFO - [2024-12-20T11:16:21.685-0800] {dagbag.py:588} INFO - Filling up the DagBag from /Users/rishukhurana/anaconda3/lib/python3.11/site-packages/airflow/example_dags/plugins/workday.py
[2024-12-20T11:16:22.117-0800] {logging_mixin.py:190} INFO - [2024-12-20T11:16:22.117-0800] {utils.py:160} INFO - NumExpr defaulting to 8 threads.
[2024-12-20T11:16:22.615-0800] {processor.py:927} WARNING - No viable dags retrieved from /Users/rishukhurana/anaconda3/lib/python3.11/site-packages/airflow/example_dags/plugins/workday.py
[2024-12-20T11:16:22.692-0800] {processor.py:208} INFO - Processing /Users/rishukhurana/anaconda3/lib/python3.11/site-packages/airflow/example_dags/plugins/workday.py took 1.018 seconds
[2024-12-20T11:19:21.371-0800] {processor.py:186} INFO - Started process (PID=73104) to work on /Users/rishukhurana/anaconda3/lib/python3.11/site-packages/airflow/example_dags/plugins/workday.py
[2024-12-20T11:19:21.373-0800] {processor.py:914} INFO - Processing file /Users/rishukhurana/anaconda3/lib/python3.11/site-packages/airflow/example_dags/plugins/workday.py for tasks to queue
[2024-12-20T11:19:21.374-0800] {logging_mixin.py:190} INFO - [2024-12-20T11:19:21.374-0800] {dagbag.py:588} INFO - Filling up the DagBag from /Users/rishukhurana/anaconda3/lib/python3.11/site-packages/airflow/example_dags/plugins/workday.py
[2024-12-20T11:19:21.833-0800] {logging_mixin.py:190} INFO - [2024-12-20T11:19:21.832-0800] {utils.py:160} INFO - NumExpr defaulting to 8 threads.
[2024-12-20T11:19:22.374-0800] {processor.py:927} WARNING - No viable dags retrieved from /Users/rishukhurana/anaconda3/lib/python3.11/site-packages/airflow/example_dags/plugins/workday.py
[2024-12-20T11:19:22.456-0800] {processor.py:208} INFO - Processing /Users/rishukhurana/anaconda3/lib/python3.11/site-packages/airflow/example_dags/plugins/workday.py took 1.092 seconds
[2024-12-20T11:22:28.976-0800] {processor.py:186} INFO - Started process (PID=73285) to work on /Users/rishukhurana/anaconda3/lib/python3.11/site-packages/airflow/example_dags/plugins/workday.py
[2024-12-20T11:22:28.978-0800] {processor.py:914} INFO - Processing file /Users/rishukhurana/anaconda3/lib/python3.11/site-packages/airflow/example_dags/plugins/workday.py for tasks to queue
[2024-12-20T11:22:28.980-0800] {logging_mixin.py:190} INFO - [2024-12-20T11:22:28.980-0800] {dagbag.py:588} INFO - Filling up the DagBag from /Users/rishukhurana/anaconda3/lib/python3.11/site-packages/airflow/example_dags/plugins/workday.py
[2024-12-20T11:22:29.458-0800] {logging_mixin.py:190} INFO - [2024-12-20T11:22:29.457-0800] {utils.py:160} INFO - NumExpr defaulting to 8 threads.
[2024-12-20T11:22:29.848-0800] {processor.py:927} WARNING - No viable dags retrieved from /Users/rishukhurana/anaconda3/lib/python3.11/site-packages/airflow/example_dags/plugins/workday.py
[2024-12-20T11:22:29.923-0800] {processor.py:208} INFO - Processing /Users/rishukhurana/anaconda3/lib/python3.11/site-packages/airflow/example_dags/plugins/workday.py took 0.954 seconds
[2024-12-20T11:25:33.857-0800] {processor.py:186} INFO - Started process (PID=73439) to work on /Users/rishukhurana/anaconda3/lib/python3.11/site-packages/airflow/example_dags/plugins/workday.py
[2024-12-20T11:25:33.859-0800] {processor.py:914} INFO - Processing file /Users/rishukhurana/anaconda3/lib/python3.11/site-packages/airflow/example_dags/plugins/workday.py for tasks to queue
[2024-12-20T11:25:33.860-0800] {logging_mixin.py:190} INFO - [2024-12-20T11:25:33.860-0800] {dagbag.py:588} INFO - Filling up the DagBag from /Users/rishukhurana/anaconda3/lib/python3.11/site-packages/airflow/example_dags/plugins/workday.py
[2024-12-20T11:25:34.213-0800] {logging_mixin.py:190} INFO - [2024-12-20T11:25:34.212-0800] {utils.py:160} INFO - NumExpr defaulting to 8 threads.
[2024-12-20T11:25:34.515-0800] {processor.py:927} WARNING - No viable dags retrieved from /Users/rishukhurana/anaconda3/lib/python3.11/site-packages/airflow/example_dags/plugins/workday.py
[2024-12-20T11:25:34.604-0800] {processor.py:208} INFO - Processing /Users/rishukhurana/anaconda3/lib/python3.11/site-packages/airflow/example_dags/plugins/workday.py took 0.754 seconds
[2024-12-20T11:28:33.783-0800] {processor.py:186} INFO - Started process (PID=73590) to work on /Users/rishukhurana/anaconda3/lib/python3.11/site-packages/airflow/example_dags/plugins/workday.py
[2024-12-20T11:28:33.786-0800] {processor.py:914} INFO - Processing file /Users/rishukhurana/anaconda3/lib/python3.11/site-packages/airflow/example_dags/plugins/workday.py for tasks to queue
[2024-12-20T11:28:33.787-0800] {logging_mixin.py:190} INFO - [2024-12-20T11:28:33.787-0800] {dagbag.py:588} INFO - Filling up the DagBag from /Users/rishukhurana/anaconda3/lib/python3.11/site-packages/airflow/example_dags/plugins/workday.py
[2024-12-20T11:28:34.119-0800] {logging_mixin.py:190} INFO - [2024-12-20T11:28:34.119-0800] {utils.py:160} INFO - NumExpr defaulting to 8 threads.
[2024-12-20T11:28:34.398-0800] {processor.py:927} WARNING - No viable dags retrieved from /Users/rishukhurana/anaconda3/lib/python3.11/site-packages/airflow/example_dags/plugins/workday.py
[2024-12-20T11:28:34.479-0800] {processor.py:208} INFO - Processing /Users/rishukhurana/anaconda3/lib/python3.11/site-packages/airflow/example_dags/plugins/workday.py took 0.704 seconds
[2024-12-20T11:31:37.865-0800] {processor.py:186} INFO - Started process (PID=73749) to work on /Users/rishukhurana/anaconda3/lib/python3.11/site-packages/airflow/example_dags/plugins/workday.py
[2024-12-20T11:31:37.867-0800] {processor.py:914} INFO - Processing file /Users/rishukhurana/anaconda3/lib/python3.11/site-packages/airflow/example_dags/plugins/workday.py for tasks to queue
[2024-12-20T11:31:37.869-0800] {logging_mixin.py:190} INFO - [2024-12-20T11:31:37.869-0800] {dagbag.py:588} INFO - Filling up the DagBag from /Users/rishukhurana/anaconda3/lib/python3.11/site-packages/airflow/example_dags/plugins/workday.py
[2024-12-20T11:31:38.213-0800] {logging_mixin.py:190} INFO - [2024-12-20T11:31:38.213-0800] {utils.py:160} INFO - NumExpr defaulting to 8 threads.
[2024-12-20T11:31:38.510-0800] {processor.py:927} WARNING - No viable dags retrieved from /Users/rishukhurana/anaconda3/lib/python3.11/site-packages/airflow/example_dags/plugins/workday.py
[2024-12-20T11:31:38.590-0800] {processor.py:208} INFO - Processing /Users/rishukhurana/anaconda3/lib/python3.11/site-packages/airflow/example_dags/plugins/workday.py took 0.732 seconds
[2024-12-20T11:34:35.966-0800] {processor.py:186} INFO - Started process (PID=73894) to work on /Users/rishukhurana/anaconda3/lib/python3.11/site-packages/airflow/example_dags/plugins/workday.py
[2024-12-20T11:34:35.968-0800] {processor.py:914} INFO - Processing file /Users/rishukhurana/anaconda3/lib/python3.11/site-packages/airflow/example_dags/plugins/workday.py for tasks to queue
[2024-12-20T11:34:35.970-0800] {logging_mixin.py:190} INFO - [2024-12-20T11:34:35.969-0800] {dagbag.py:588} INFO - Filling up the DagBag from /Users/rishukhurana/anaconda3/lib/python3.11/site-packages/airflow/example_dags/plugins/workday.py
[2024-12-20T11:34:36.317-0800] {logging_mixin.py:190} INFO - [2024-12-20T11:34:36.317-0800] {utils.py:160} INFO - NumExpr defaulting to 8 threads.
[2024-12-20T11:34:36.617-0800] {processor.py:927} WARNING - No viable dags retrieved from /Users/rishukhurana/anaconda3/lib/python3.11/site-packages/airflow/example_dags/plugins/workday.py
[2024-12-20T11:34:36.692-0800] {processor.py:208} INFO - Processing /Users/rishukhurana/anaconda3/lib/python3.11/site-packages/airflow/example_dags/plugins/workday.py took 0.735 seconds
[2024-12-20T11:37:38.600-0800] {processor.py:186} INFO - Started process (PID=74038) to work on /Users/rishukhurana/anaconda3/lib/python3.11/site-packages/airflow/example_dags/plugins/workday.py
[2024-12-20T11:37:38.602-0800] {processor.py:914} INFO - Processing file /Users/rishukhurana/anaconda3/lib/python3.11/site-packages/airflow/example_dags/plugins/workday.py for tasks to queue
[2024-12-20T11:37:38.603-0800] {logging_mixin.py:190} INFO - [2024-12-20T11:37:38.603-0800] {dagbag.py:588} INFO - Filling up the DagBag from /Users/rishukhurana/anaconda3/lib/python3.11/site-packages/airflow/example_dags/plugins/workday.py
[2024-12-20T11:37:38.950-0800] {logging_mixin.py:190} INFO - [2024-12-20T11:37:38.950-0800] {utils.py:160} INFO - NumExpr defaulting to 8 threads.
[2024-12-20T11:37:39.249-0800] {processor.py:927} WARNING - No viable dags retrieved from /Users/rishukhurana/anaconda3/lib/python3.11/site-packages/airflow/example_dags/plugins/workday.py
[2024-12-20T11:37:39.327-0800] {processor.py:208} INFO - Processing /Users/rishukhurana/anaconda3/lib/python3.11/site-packages/airflow/example_dags/plugins/workday.py took 0.732 seconds
[2024-12-20T11:56:12.902-0800] {processor.py:186} INFO - Started process (PID=74207) to work on /Users/rishukhurana/anaconda3/lib/python3.11/site-packages/airflow/example_dags/plugins/workday.py
[2024-12-20T11:56:12.904-0800] {processor.py:914} INFO - Processing file /Users/rishukhurana/anaconda3/lib/python3.11/site-packages/airflow/example_dags/plugins/workday.py for tasks to queue
[2024-12-20T11:56:12.906-0800] {logging_mixin.py:190} INFO - [2024-12-20T11:56:12.906-0800] {dagbag.py:588} INFO - Filling up the DagBag from /Users/rishukhurana/anaconda3/lib/python3.11/site-packages/airflow/example_dags/plugins/workday.py
[2024-12-20T11:56:13.457-0800] {logging_mixin.py:190} INFO - [2024-12-20T11:56:13.457-0800] {utils.py:160} INFO - NumExpr defaulting to 8 threads.
[2024-12-20T11:56:13.920-0800] {processor.py:927} WARNING - No viable dags retrieved from /Users/rishukhurana/anaconda3/lib/python3.11/site-packages/airflow/example_dags/plugins/workday.py
[2024-12-20T11:56:14.004-0800] {processor.py:208} INFO - Processing /Users/rishukhurana/anaconda3/lib/python3.11/site-packages/airflow/example_dags/plugins/workday.py took 1.109 seconds
[2024-12-20T11:59:32.707-0800] {processor.py:186} INFO - Started process (PID=74384) to work on /Users/rishukhurana/anaconda3/lib/python3.11/site-packages/airflow/example_dags/plugins/workday.py
[2024-12-20T11:59:32.709-0800] {processor.py:914} INFO - Processing file /Users/rishukhurana/anaconda3/lib/python3.11/site-packages/airflow/example_dags/plugins/workday.py for tasks to queue
[2024-12-20T11:59:32.710-0800] {logging_mixin.py:190} INFO - [2024-12-20T11:59:32.710-0800] {dagbag.py:588} INFO - Filling up the DagBag from /Users/rishukhurana/anaconda3/lib/python3.11/site-packages/airflow/example_dags/plugins/workday.py
[2024-12-20T11:59:33.174-0800] {logging_mixin.py:190} INFO - [2024-12-20T11:59:33.173-0800] {utils.py:160} INFO - NumExpr defaulting to 8 threads.
[2024-12-20T11:59:33.642-0800] {processor.py:927} WARNING - No viable dags retrieved from /Users/rishukhurana/anaconda3/lib/python3.11/site-packages/airflow/example_dags/plugins/workday.py
[2024-12-20T11:59:33.728-0800] {processor.py:208} INFO - Processing /Users/rishukhurana/anaconda3/lib/python3.11/site-packages/airflow/example_dags/plugins/workday.py took 1.028 seconds
[2024-12-20T12:04:22.221-0800] {processor.py:186} INFO - Started process (PID=74565) to work on /Users/rishukhurana/anaconda3/lib/python3.11/site-packages/airflow/example_dags/plugins/workday.py
[2024-12-20T12:04:22.226-0800] {processor.py:914} INFO - Processing file /Users/rishukhurana/anaconda3/lib/python3.11/site-packages/airflow/example_dags/plugins/workday.py for tasks to queue
[2024-12-20T12:04:22.228-0800] {logging_mixin.py:190} INFO - [2024-12-20T12:04:22.227-0800] {dagbag.py:588} INFO - Filling up the DagBag from /Users/rishukhurana/anaconda3/lib/python3.11/site-packages/airflow/example_dags/plugins/workday.py
[2024-12-20T12:04:22.990-0800] {logging_mixin.py:190} INFO - [2024-12-20T12:04:22.989-0800] {utils.py:160} INFO - NumExpr defaulting to 8 threads.
[2024-12-20T12:04:23.641-0800] {processor.py:927} WARNING - No viable dags retrieved from /Users/rishukhurana/anaconda3/lib/python3.11/site-packages/airflow/example_dags/plugins/workday.py
[2024-12-20T12:04:23.781-0800] {processor.py:208} INFO - Processing /Users/rishukhurana/anaconda3/lib/python3.11/site-packages/airflow/example_dags/plugins/workday.py took 1.568 seconds
[2024-12-20T12:09:55.022-0800] {processor.py:186} INFO - Started process (PID=74811) to work on /Users/rishukhurana/anaconda3/lib/python3.11/site-packages/airflow/example_dags/plugins/workday.py
[2024-12-20T12:09:55.024-0800] {processor.py:914} INFO - Processing file /Users/rishukhurana/anaconda3/lib/python3.11/site-packages/airflow/example_dags/plugins/workday.py for tasks to queue
[2024-12-20T12:09:55.027-0800] {logging_mixin.py:190} INFO - [2024-12-20T12:09:55.026-0800] {dagbag.py:588} INFO - Filling up the DagBag from /Users/rishukhurana/anaconda3/lib/python3.11/site-packages/airflow/example_dags/plugins/workday.py
[2024-12-20T12:09:55.899-0800] {logging_mixin.py:190} INFO - [2024-12-20T12:09:55.898-0800] {utils.py:160} INFO - NumExpr defaulting to 8 threads.
[2024-12-20T12:09:56.681-0800] {processor.py:927} WARNING - No viable dags retrieved from /Users/rishukhurana/anaconda3/lib/python3.11/site-packages/airflow/example_dags/plugins/workday.py
[2024-12-20T12:09:56.831-0800] {processor.py:208} INFO - Processing /Users/rishukhurana/anaconda3/lib/python3.11/site-packages/airflow/example_dags/plugins/workday.py took 1.817 seconds
