[2024-12-18T16:13:32.020-0800] {processor.py:186} INFO - Started process (PID=60803) to work on /Users/rishukhurana/anaconda3/lib/python3.11/site-packages/airflow/example_dags/plugins/workday.py
[2024-12-18T16:13:32.023-0800] {processor.py:914} INFO - Processing file /Users/rishukhurana/anaconda3/lib/python3.11/site-packages/airflow/example_dags/plugins/workday.py for tasks to queue
[2024-12-18T16:13:32.024-0800] {logging_mixin.py:190} INFO - [2024-12-18T16:13:32.024-0800] {dagbag.py:588} INFO - Filling up the DagBag from /Users/rishukhurana/anaconda3/lib/python3.11/site-packages/airflow/example_dags/plugins/workday.py
[2024-12-18T16:13:32.587-0800] {logging_mixin.py:190} INFO - [2024-12-18T16:13:32.585-0800] {utils.py:160} INFO - NumExpr defaulting to 8 threads.
[2024-12-18T16:13:33.196-0800] {processor.py:927} WARNING - No viable dags retrieved from /Users/rishukhurana/anaconda3/lib/python3.11/site-packages/airflow/example_dags/plugins/workday.py
[2024-12-18T16:13:33.294-0800] {processor.py:208} INFO - Processing /Users/rishukhurana/anaconda3/lib/python3.11/site-packages/airflow/example_dags/plugins/workday.py took 1.280 seconds
[2024-12-18T17:08:40.494-0800] {processor.py:186} INFO - Started process (PID=61040) to work on /Users/rishukhurana/anaconda3/lib/python3.11/site-packages/airflow/example_dags/plugins/workday.py
[2024-12-18T17:08:40.506-0800] {processor.py:914} INFO - Processing file /Users/rishukhurana/anaconda3/lib/python3.11/site-packages/airflow/example_dags/plugins/workday.py for tasks to queue
[2024-12-18T17:08:40.509-0800] {logging_mixin.py:190} INFO - [2024-12-18T17:08:40.508-0800] {dagbag.py:588} INFO - Filling up the DagBag from /Users/rishukhurana/anaconda3/lib/python3.11/site-packages/airflow/example_dags/plugins/workday.py
[2024-12-18T17:08:43.809-0800] {logging_mixin.py:190} INFO - [2024-12-18T17:08:43.806-0800] {utils.py:160} INFO - NumExpr defaulting to 8 threads.
[2024-12-18T17:08:47.169-0800] {processor.py:927} WARNING - No viable dags retrieved from /Users/rishukhurana/anaconda3/lib/python3.11/site-packages/airflow/example_dags/plugins/workday.py
[2024-12-18T17:08:47.919-0800] {processor.py:208} INFO - Processing /Users/rishukhurana/anaconda3/lib/python3.11/site-packages/airflow/example_dags/plugins/workday.py took 7.423 seconds
[2024-12-18T21:13:38.971-0800] {processor.py:186} INFO - Started process (PID=61432) to work on /Users/rishukhurana/anaconda3/lib/python3.11/site-packages/airflow/example_dags/plugins/workday.py
[2024-12-18T21:13:38.982-0800] {processor.py:914} INFO - Processing file /Users/rishukhurana/anaconda3/lib/python3.11/site-packages/airflow/example_dags/plugins/workday.py for tasks to queue
[2024-12-18T21:13:39.004-0800] {logging_mixin.py:190} INFO - [2024-12-18T21:13:39.000-0800] {dagbag.py:588} INFO - Filling up the DagBag from /Users/rishukhurana/anaconda3/lib/python3.11/site-packages/airflow/example_dags/plugins/workday.py
[2024-12-18T21:29:06.342-0800] {logging_mixin.py:190} INFO - [2024-12-18T21:29:06.338-0800] {utils.py:160} INFO - NumExpr defaulting to 8 threads.
[2024-12-18T21:29:08.369-0800] {processor.py:927} WARNING - No viable dags retrieved from /Users/rishukhurana/anaconda3/lib/python3.11/site-packages/airflow/example_dags/plugins/workday.py
[2024-12-18T21:29:08.490-0800] {processor.py:208} INFO - Processing /Users/rishukhurana/anaconda3/lib/python3.11/site-packages/airflow/example_dags/plugins/workday.py took 6.068 seconds
[2024-12-19T01:01:25.421-0800] {processor.py:186} INFO - Started process (PID=61834) to work on /Users/rishukhurana/anaconda3/lib/python3.11/site-packages/airflow/example_dags/plugins/workday.py
[2024-12-19T01:01:25.433-0800] {processor.py:914} INFO - Processing file /Users/rishukhurana/anaconda3/lib/python3.11/site-packages/airflow/example_dags/plugins/workday.py for tasks to queue
[2024-12-19T01:01:25.440-0800] {logging_mixin.py:190} INFO - [2024-12-19T01:01:25.439-0800] {dagbag.py:588} INFO - Filling up the DagBag from /Users/rishukhurana/anaconda3/lib/python3.11/site-packages/airflow/example_dags/plugins/workday.py
[2024-12-19T01:16:53.994-0800] {logging_mixin.py:190} INFO - [2024-12-19T01:16:53.994-0800] {utils.py:160} INFO - NumExpr defaulting to 8 threads.
[2024-12-19T01:16:54.522-0800] {processor.py:927} WARNING - No viable dags retrieved from /Users/rishukhurana/anaconda3/lib/python3.11/site-packages/airflow/example_dags/plugins/workday.py
[2024-12-19T01:16:54.621-0800] {processor.py:208} INFO - Processing /Users/rishukhurana/anaconda3/lib/python3.11/site-packages/airflow/example_dags/plugins/workday.py took 5.704 seconds
[2024-12-19T04:48:37.383-0800] {processor.py:186} INFO - Started process (PID=62197) to work on /Users/rishukhurana/anaconda3/lib/python3.11/site-packages/airflow/example_dags/plugins/workday.py
[2024-12-19T04:48:37.386-0800] {processor.py:914} INFO - Processing file /Users/rishukhurana/anaconda3/lib/python3.11/site-packages/airflow/example_dags/plugins/workday.py for tasks to queue
[2024-12-19T04:48:37.387-0800] {logging_mixin.py:190} INFO - [2024-12-19T04:48:37.387-0800] {dagbag.py:588} INFO - Filling up the DagBag from /Users/rishukhurana/anaconda3/lib/python3.11/site-packages/airflow/example_dags/plugins/workday.py
[2024-12-19T04:48:38.739-0800] {logging_mixin.py:190} INFO - [2024-12-19T04:48:38.732-0800] {utils.py:160} INFO - NumExpr defaulting to 8 threads.
[2024-12-19T04:48:41.773-0800] {processor.py:927} WARNING - No viable dags retrieved from /Users/rishukhurana/anaconda3/lib/python3.11/site-packages/airflow/example_dags/plugins/workday.py
[2024-12-19T04:48:42.458-0800] {processor.py:208} INFO - Processing /Users/rishukhurana/anaconda3/lib/python3.11/site-packages/airflow/example_dags/plugins/workday.py took 5.084 seconds
[2024-12-19T05:51:35.442-0800] {processor.py:186} INFO - Started process (PID=62491) to work on /Users/rishukhurana/anaconda3/lib/python3.11/site-packages/airflow/example_dags/plugins/workday.py
[2024-12-19T05:51:35.445-0800] {processor.py:914} INFO - Processing file /Users/rishukhurana/anaconda3/lib/python3.11/site-packages/airflow/example_dags/plugins/workday.py for tasks to queue
[2024-12-19T05:51:35.447-0800] {logging_mixin.py:190} INFO - [2024-12-19T05:51:35.446-0800] {dagbag.py:588} INFO - Filling up the DagBag from /Users/rishukhurana/anaconda3/lib/python3.11/site-packages/airflow/example_dags/plugins/workday.py
[2024-12-19T05:51:35.959-0800] {logging_mixin.py:190} INFO - [2024-12-19T05:51:35.958-0800] {utils.py:160} INFO - NumExpr defaulting to 8 threads.
[2024-12-19T05:51:36.454-0800] {processor.py:927} WARNING - No viable dags retrieved from /Users/rishukhurana/anaconda3/lib/python3.11/site-packages/airflow/example_dags/plugins/workday.py
[2024-12-19T05:51:36.533-0800] {processor.py:208} INFO - Processing /Users/rishukhurana/anaconda3/lib/python3.11/site-packages/airflow/example_dags/plugins/workday.py took 1.096 seconds
[2024-12-19T06:50:52.363-0800] {processor.py:186} INFO - Started process (PID=62707) to work on /Users/rishukhurana/anaconda3/lib/python3.11/site-packages/airflow/example_dags/plugins/workday.py
[2024-12-19T06:50:52.378-0800] {processor.py:914} INFO - Processing file /Users/rishukhurana/anaconda3/lib/python3.11/site-packages/airflow/example_dags/plugins/workday.py for tasks to queue
[2024-12-19T06:50:52.385-0800] {logging_mixin.py:190} INFO - [2024-12-19T06:50:52.384-0800] {dagbag.py:588} INFO - Filling up the DagBag from /Users/rishukhurana/anaconda3/lib/python3.11/site-packages/airflow/example_dags/plugins/workday.py
[2024-12-19T06:50:55.691-0800] {logging_mixin.py:190} INFO - [2024-12-19T06:50:55.689-0800] {utils.py:160} INFO - NumExpr defaulting to 8 threads.
[2024-12-19T06:50:58.055-0800] {processor.py:927} WARNING - No viable dags retrieved from /Users/rishukhurana/anaconda3/lib/python3.11/site-packages/airflow/example_dags/plugins/workday.py
[2024-12-19T06:50:58.734-0800] {processor.py:208} INFO - Processing /Users/rishukhurana/anaconda3/lib/python3.11/site-packages/airflow/example_dags/plugins/workday.py took 6.425 seconds
[2024-12-19T07:35:35.813-0800] {processor.py:186} INFO - Started process (PID=62911) to work on /Users/rishukhurana/anaconda3/lib/python3.11/site-packages/airflow/example_dags/plugins/workday.py
[2024-12-19T07:35:35.816-0800] {processor.py:914} INFO - Processing file /Users/rishukhurana/anaconda3/lib/python3.11/site-packages/airflow/example_dags/plugins/workday.py for tasks to queue
[2024-12-19T07:35:35.817-0800] {logging_mixin.py:190} INFO - [2024-12-19T07:35:35.817-0800] {dagbag.py:588} INFO - Filling up the DagBag from /Users/rishukhurana/anaconda3/lib/python3.11/site-packages/airflow/example_dags/plugins/workday.py
[2024-12-19T07:35:36.149-0800] {logging_mixin.py:190} INFO - [2024-12-19T07:35:36.148-0800] {utils.py:160} INFO - NumExpr defaulting to 8 threads.
[2024-12-19T07:35:36.431-0800] {processor.py:927} WARNING - No viable dags retrieved from /Users/rishukhurana/anaconda3/lib/python3.11/site-packages/airflow/example_dags/plugins/workday.py
[2024-12-19T07:35:36.509-0800] {processor.py:208} INFO - Processing /Users/rishukhurana/anaconda3/lib/python3.11/site-packages/airflow/example_dags/plugins/workday.py took 0.702 seconds
[2024-12-19T07:38:33.449-0800] {processor.py:186} INFO - Started process (PID=63053) to work on /Users/rishukhurana/anaconda3/lib/python3.11/site-packages/airflow/example_dags/plugins/workday.py
[2024-12-19T07:38:33.451-0800] {processor.py:914} INFO - Processing file /Users/rishukhurana/anaconda3/lib/python3.11/site-packages/airflow/example_dags/plugins/workday.py for tasks to queue
[2024-12-19T07:38:33.453-0800] {logging_mixin.py:190} INFO - [2024-12-19T07:38:33.453-0800] {dagbag.py:588} INFO - Filling up the DagBag from /Users/rishukhurana/anaconda3/lib/python3.11/site-packages/airflow/example_dags/plugins/workday.py
[2024-12-19T07:38:33.831-0800] {logging_mixin.py:190} INFO - [2024-12-19T07:38:33.830-0800] {utils.py:160} INFO - NumExpr defaulting to 8 threads.
[2024-12-19T07:38:34.319-0800] {processor.py:927} WARNING - No viable dags retrieved from /Users/rishukhurana/anaconda3/lib/python3.11/site-packages/airflow/example_dags/plugins/workday.py
[2024-12-19T07:38:34.397-0800] {processor.py:208} INFO - Processing /Users/rishukhurana/anaconda3/lib/python3.11/site-packages/airflow/example_dags/plugins/workday.py took 0.955 seconds
[2024-12-19T07:41:29.990-0800] {processor.py:186} INFO - Started process (PID=63198) to work on /Users/rishukhurana/anaconda3/lib/python3.11/site-packages/airflow/example_dags/plugins/workday.py
[2024-12-19T07:41:29.992-0800] {processor.py:914} INFO - Processing file /Users/rishukhurana/anaconda3/lib/python3.11/site-packages/airflow/example_dags/plugins/workday.py for tasks to queue
[2024-12-19T07:41:29.994-0800] {logging_mixin.py:190} INFO - [2024-12-19T07:41:29.994-0800] {dagbag.py:588} INFO - Filling up the DagBag from /Users/rishukhurana/anaconda3/lib/python3.11/site-packages/airflow/example_dags/plugins/workday.py
[2024-12-19T07:41:30.331-0800] {logging_mixin.py:190} INFO - [2024-12-19T07:41:30.330-0800] {utils.py:160} INFO - NumExpr defaulting to 8 threads.
[2024-12-19T07:41:30.662-0800] {processor.py:927} WARNING - No viable dags retrieved from /Users/rishukhurana/anaconda3/lib/python3.11/site-packages/airflow/example_dags/plugins/workday.py
[2024-12-19T07:41:30.735-0800] {processor.py:208} INFO - Processing /Users/rishukhurana/anaconda3/lib/python3.11/site-packages/airflow/example_dags/plugins/workday.py took 0.753 seconds
[2024-12-19T07:44:27.753-0800] {processor.py:186} INFO - Started process (PID=63341) to work on /Users/rishukhurana/anaconda3/lib/python3.11/site-packages/airflow/example_dags/plugins/workday.py
[2024-12-19T07:44:27.755-0800] {processor.py:914} INFO - Processing file /Users/rishukhurana/anaconda3/lib/python3.11/site-packages/airflow/example_dags/plugins/workday.py for tasks to queue
[2024-12-19T07:44:27.757-0800] {logging_mixin.py:190} INFO - [2024-12-19T07:44:27.756-0800] {dagbag.py:588} INFO - Filling up the DagBag from /Users/rishukhurana/anaconda3/lib/python3.11/site-packages/airflow/example_dags/plugins/workday.py
[2024-12-19T07:44:28.085-0800] {logging_mixin.py:190} INFO - [2024-12-19T07:44:28.085-0800] {utils.py:160} INFO - NumExpr defaulting to 8 threads.
[2024-12-19T07:44:28.365-0800] {processor.py:927} WARNING - No viable dags retrieved from /Users/rishukhurana/anaconda3/lib/python3.11/site-packages/airflow/example_dags/plugins/workday.py
[2024-12-19T07:44:28.436-0800] {processor.py:208} INFO - Processing /Users/rishukhurana/anaconda3/lib/python3.11/site-packages/airflow/example_dags/plugins/workday.py took 0.691 seconds
[2024-12-19T07:47:22.177-0800] {processor.py:186} INFO - Started process (PID=63496) to work on /Users/rishukhurana/anaconda3/lib/python3.11/site-packages/airflow/example_dags/plugins/workday.py
[2024-12-19T07:47:22.180-0800] {processor.py:914} INFO - Processing file /Users/rishukhurana/anaconda3/lib/python3.11/site-packages/airflow/example_dags/plugins/workday.py for tasks to queue
[2024-12-19T07:47:22.181-0800] {logging_mixin.py:190} INFO - [2024-12-19T07:47:22.180-0800] {dagbag.py:588} INFO - Filling up the DagBag from /Users/rishukhurana/anaconda3/lib/python3.11/site-packages/airflow/example_dags/plugins/workday.py
[2024-12-19T07:47:22.536-0800] {logging_mixin.py:190} INFO - [2024-12-19T07:47:22.536-0800] {utils.py:160} INFO - NumExpr defaulting to 8 threads.
[2024-12-19T07:47:22.970-0800] {processor.py:927} WARNING - No viable dags retrieved from /Users/rishukhurana/anaconda3/lib/python3.11/site-packages/airflow/example_dags/plugins/workday.py
[2024-12-19T07:47:23.045-0800] {processor.py:208} INFO - Processing /Users/rishukhurana/anaconda3/lib/python3.11/site-packages/airflow/example_dags/plugins/workday.py took 0.873 seconds
[2024-12-19T07:50:16.806-0800] {processor.py:186} INFO - Started process (PID=63659) to work on /Users/rishukhurana/anaconda3/lib/python3.11/site-packages/airflow/example_dags/plugins/workday.py
[2024-12-19T07:50:16.808-0800] {processor.py:914} INFO - Processing file /Users/rishukhurana/anaconda3/lib/python3.11/site-packages/airflow/example_dags/plugins/workday.py for tasks to queue
[2024-12-19T07:50:16.810-0800] {logging_mixin.py:190} INFO - [2024-12-19T07:50:16.809-0800] {dagbag.py:588} INFO - Filling up the DagBag from /Users/rishukhurana/anaconda3/lib/python3.11/site-packages/airflow/example_dags/plugins/workday.py
[2024-12-19T07:50:17.142-0800] {logging_mixin.py:190} INFO - [2024-12-19T07:50:17.142-0800] {utils.py:160} INFO - NumExpr defaulting to 8 threads.
[2024-12-19T07:50:17.465-0800] {processor.py:927} WARNING - No viable dags retrieved from /Users/rishukhurana/anaconda3/lib/python3.11/site-packages/airflow/example_dags/plugins/workday.py
[2024-12-19T07:50:17.540-0800] {processor.py:208} INFO - Processing /Users/rishukhurana/anaconda3/lib/python3.11/site-packages/airflow/example_dags/plugins/workday.py took 0.741 seconds
[2024-12-19T07:53:15.032-0800] {processor.py:186} INFO - Started process (PID=63802) to work on /Users/rishukhurana/anaconda3/lib/python3.11/site-packages/airflow/example_dags/plugins/workday.py
[2024-12-19T07:53:15.034-0800] {processor.py:914} INFO - Processing file /Users/rishukhurana/anaconda3/lib/python3.11/site-packages/airflow/example_dags/plugins/workday.py for tasks to queue
[2024-12-19T07:53:15.036-0800] {logging_mixin.py:190} INFO - [2024-12-19T07:53:15.035-0800] {dagbag.py:588} INFO - Filling up the DagBag from /Users/rishukhurana/anaconda3/lib/python3.11/site-packages/airflow/example_dags/plugins/workday.py
[2024-12-19T07:53:15.385-0800] {logging_mixin.py:190} INFO - [2024-12-19T07:53:15.384-0800] {utils.py:160} INFO - NumExpr defaulting to 8 threads.
[2024-12-19T07:53:15.680-0800] {processor.py:927} WARNING - No viable dags retrieved from /Users/rishukhurana/anaconda3/lib/python3.11/site-packages/airflow/example_dags/plugins/workday.py
[2024-12-19T07:53:15.764-0800] {processor.py:208} INFO - Processing /Users/rishukhurana/anaconda3/lib/python3.11/site-packages/airflow/example_dags/plugins/workday.py took 0.738 seconds
[2024-12-19T07:56:14.352-0800] {processor.py:186} INFO - Started process (PID=63946) to work on /Users/rishukhurana/anaconda3/lib/python3.11/site-packages/airflow/example_dags/plugins/workday.py
[2024-12-19T07:56:14.354-0800] {processor.py:914} INFO - Processing file /Users/rishukhurana/anaconda3/lib/python3.11/site-packages/airflow/example_dags/plugins/workday.py for tasks to queue
[2024-12-19T07:56:14.355-0800] {logging_mixin.py:190} INFO - [2024-12-19T07:56:14.355-0800] {dagbag.py:588} INFO - Filling up the DagBag from /Users/rishukhurana/anaconda3/lib/python3.11/site-packages/airflow/example_dags/plugins/workday.py
[2024-12-19T07:56:14.707-0800] {logging_mixin.py:190} INFO - [2024-12-19T07:56:14.706-0800] {utils.py:160} INFO - NumExpr defaulting to 8 threads.
[2024-12-19T07:56:15.004-0800] {processor.py:927} WARNING - No viable dags retrieved from /Users/rishukhurana/anaconda3/lib/python3.11/site-packages/airflow/example_dags/plugins/workday.py
[2024-12-19T07:56:15.084-0800] {processor.py:208} INFO - Processing /Users/rishukhurana/anaconda3/lib/python3.11/site-packages/airflow/example_dags/plugins/workday.py took 0.740 seconds
[2024-12-19T07:59:15.951-0800] {processor.py:186} INFO - Started process (PID=64091) to work on /Users/rishukhurana/anaconda3/lib/python3.11/site-packages/airflow/example_dags/plugins/workday.py
[2024-12-19T07:59:15.953-0800] {processor.py:914} INFO - Processing file /Users/rishukhurana/anaconda3/lib/python3.11/site-packages/airflow/example_dags/plugins/workday.py for tasks to queue
[2024-12-19T07:59:15.955-0800] {logging_mixin.py:190} INFO - [2024-12-19T07:59:15.954-0800] {dagbag.py:588} INFO - Filling up the DagBag from /Users/rishukhurana/anaconda3/lib/python3.11/site-packages/airflow/example_dags/plugins/workday.py
[2024-12-19T07:59:16.440-0800] {logging_mixin.py:190} INFO - [2024-12-19T07:59:16.440-0800] {utils.py:160} INFO - NumExpr defaulting to 8 threads.
[2024-12-19T07:59:16.957-0800] {processor.py:927} WARNING - No viable dags retrieved from /Users/rishukhurana/anaconda3/lib/python3.11/site-packages/airflow/example_dags/plugins/workday.py
[2024-12-19T07:59:17.045-0800] {processor.py:208} INFO - Processing /Users/rishukhurana/anaconda3/lib/python3.11/site-packages/airflow/example_dags/plugins/workday.py took 1.102 seconds
[2024-12-19T08:02:15.242-0800] {processor.py:186} INFO - Started process (PID=64237) to work on /Users/rishukhurana/anaconda3/lib/python3.11/site-packages/airflow/example_dags/plugins/workday.py
[2024-12-19T08:02:15.245-0800] {processor.py:914} INFO - Processing file /Users/rishukhurana/anaconda3/lib/python3.11/site-packages/airflow/example_dags/plugins/workday.py for tasks to queue
[2024-12-19T08:02:15.246-0800] {logging_mixin.py:190} INFO - [2024-12-19T08:02:15.246-0800] {dagbag.py:588} INFO - Filling up the DagBag from /Users/rishukhurana/anaconda3/lib/python3.11/site-packages/airflow/example_dags/plugins/workday.py
[2024-12-19T08:02:15.626-0800] {logging_mixin.py:190} INFO - [2024-12-19T08:02:15.626-0800] {utils.py:160} INFO - NumExpr defaulting to 8 threads.
[2024-12-19T08:02:15.935-0800] {processor.py:927} WARNING - No viable dags retrieved from /Users/rishukhurana/anaconda3/lib/python3.11/site-packages/airflow/example_dags/plugins/workday.py
[2024-12-19T08:02:16.021-0800] {processor.py:208} INFO - Processing /Users/rishukhurana/anaconda3/lib/python3.11/site-packages/airflow/example_dags/plugins/workday.py took 0.784 seconds
[2024-12-19T08:05:28.730-0800] {processor.py:186} INFO - Started process (PID=64384) to work on /Users/rishukhurana/anaconda3/lib/python3.11/site-packages/airflow/example_dags/plugins/workday.py
[2024-12-19T08:05:28.733-0800] {processor.py:914} INFO - Processing file /Users/rishukhurana/anaconda3/lib/python3.11/site-packages/airflow/example_dags/plugins/workday.py for tasks to queue
[2024-12-19T08:05:28.734-0800] {logging_mixin.py:190} INFO - [2024-12-19T08:05:28.734-0800] {dagbag.py:588} INFO - Filling up the DagBag from /Users/rishukhurana/anaconda3/lib/python3.11/site-packages/airflow/example_dags/plugins/workday.py
[2024-12-19T08:05:29.097-0800] {logging_mixin.py:190} INFO - [2024-12-19T08:05:29.097-0800] {utils.py:160} INFO - NumExpr defaulting to 8 threads.
[2024-12-19T08:05:29.488-0800] {processor.py:927} WARNING - No viable dags retrieved from /Users/rishukhurana/anaconda3/lib/python3.11/site-packages/airflow/example_dags/plugins/workday.py
[2024-12-19T08:05:29.575-0800] {processor.py:208} INFO - Processing /Users/rishukhurana/anaconda3/lib/python3.11/site-packages/airflow/example_dags/plugins/workday.py took 0.851 seconds
[2024-12-19T08:08:52.540-0800] {processor.py:186} INFO - Started process (PID=64540) to work on /Users/rishukhurana/anaconda3/lib/python3.11/site-packages/airflow/example_dags/plugins/workday.py
[2024-12-19T08:08:52.542-0800] {processor.py:914} INFO - Processing file /Users/rishukhurana/anaconda3/lib/python3.11/site-packages/airflow/example_dags/plugins/workday.py for tasks to queue
[2024-12-19T08:08:52.543-0800] {logging_mixin.py:190} INFO - [2024-12-19T08:08:52.543-0800] {dagbag.py:588} INFO - Filling up the DagBag from /Users/rishukhurana/anaconda3/lib/python3.11/site-packages/airflow/example_dags/plugins/workday.py
[2024-12-19T08:08:53.056-0800] {logging_mixin.py:190} INFO - [2024-12-19T08:08:53.055-0800] {utils.py:160} INFO - NumExpr defaulting to 8 threads.
[2024-12-19T08:08:53.592-0800] {processor.py:927} WARNING - No viable dags retrieved from /Users/rishukhurana/anaconda3/lib/python3.11/site-packages/airflow/example_dags/plugins/workday.py
[2024-12-19T08:08:53.683-0800] {processor.py:208} INFO - Processing /Users/rishukhurana/anaconda3/lib/python3.11/site-packages/airflow/example_dags/plugins/workday.py took 1.147 seconds
[2024-12-19T08:12:04.937-0800] {processor.py:186} INFO - Started process (PID=64687) to work on /Users/rishukhurana/anaconda3/lib/python3.11/site-packages/airflow/example_dags/plugins/workday.py
[2024-12-19T08:12:04.940-0800] {processor.py:914} INFO - Processing file /Users/rishukhurana/anaconda3/lib/python3.11/site-packages/airflow/example_dags/plugins/workday.py for tasks to queue
[2024-12-19T08:12:04.942-0800] {logging_mixin.py:190} INFO - [2024-12-19T08:12:04.942-0800] {dagbag.py:588} INFO - Filling up the DagBag from /Users/rishukhurana/anaconda3/lib/python3.11/site-packages/airflow/example_dags/plugins/workday.py
[2024-12-19T08:12:05.378-0800] {logging_mixin.py:190} INFO - [2024-12-19T08:12:05.378-0800] {utils.py:160} INFO - NumExpr defaulting to 8 threads.
[2024-12-19T08:12:05.873-0800] {processor.py:927} WARNING - No viable dags retrieved from /Users/rishukhurana/anaconda3/lib/python3.11/site-packages/airflow/example_dags/plugins/workday.py
[2024-12-19T08:12:05.963-0800] {processor.py:208} INFO - Processing /Users/rishukhurana/anaconda3/lib/python3.11/site-packages/airflow/example_dags/plugins/workday.py took 1.030 seconds
[2024-12-19T08:15:29.426-0800] {processor.py:186} INFO - Started process (PID=64840) to work on /Users/rishukhurana/anaconda3/lib/python3.11/site-packages/airflow/example_dags/plugins/workday.py
[2024-12-19T08:15:29.428-0800] {processor.py:914} INFO - Processing file /Users/rishukhurana/anaconda3/lib/python3.11/site-packages/airflow/example_dags/plugins/workday.py for tasks to queue
[2024-12-19T08:15:29.429-0800] {logging_mixin.py:190} INFO - [2024-12-19T08:15:29.429-0800] {dagbag.py:588} INFO - Filling up the DagBag from /Users/rishukhurana/anaconda3/lib/python3.11/site-packages/airflow/example_dags/plugins/workday.py
[2024-12-19T08:15:29.839-0800] {logging_mixin.py:190} INFO - [2024-12-19T08:15:29.838-0800] {utils.py:160} INFO - NumExpr defaulting to 8 threads.
[2024-12-19T08:15:30.346-0800] {processor.py:927} WARNING - No viable dags retrieved from /Users/rishukhurana/anaconda3/lib/python3.11/site-packages/airflow/example_dags/plugins/workday.py
[2024-12-19T08:15:30.438-0800] {processor.py:208} INFO - Processing /Users/rishukhurana/anaconda3/lib/python3.11/site-packages/airflow/example_dags/plugins/workday.py took 1.019 seconds
[2024-12-19T08:18:50.570-0800] {processor.py:186} INFO - Started process (PID=65001) to work on /Users/rishukhurana/anaconda3/lib/python3.11/site-packages/airflow/example_dags/plugins/workday.py
[2024-12-19T08:18:50.572-0800] {processor.py:914} INFO - Processing file /Users/rishukhurana/anaconda3/lib/python3.11/site-packages/airflow/example_dags/plugins/workday.py for tasks to queue
[2024-12-19T08:18:50.574-0800] {logging_mixin.py:190} INFO - [2024-12-19T08:18:50.573-0800] {dagbag.py:588} INFO - Filling up the DagBag from /Users/rishukhurana/anaconda3/lib/python3.11/site-packages/airflow/example_dags/plugins/workday.py
[2024-12-19T08:18:51.033-0800] {logging_mixin.py:190} INFO - [2024-12-19T08:18:51.032-0800] {utils.py:160} INFO - NumExpr defaulting to 8 threads.
[2024-12-19T08:18:51.560-0800] {processor.py:927} WARNING - No viable dags retrieved from /Users/rishukhurana/anaconda3/lib/python3.11/site-packages/airflow/example_dags/plugins/workday.py
[2024-12-19T08:18:51.644-0800] {processor.py:208} INFO - Processing /Users/rishukhurana/anaconda3/lib/python3.11/site-packages/airflow/example_dags/plugins/workday.py took 1.081 seconds
[2024-12-19T08:22:06.897-0800] {processor.py:186} INFO - Started process (PID=65153) to work on /Users/rishukhurana/anaconda3/lib/python3.11/site-packages/airflow/example_dags/plugins/workday.py
[2024-12-19T08:22:06.899-0800] {processor.py:914} INFO - Processing file /Users/rishukhurana/anaconda3/lib/python3.11/site-packages/airflow/example_dags/plugins/workday.py for tasks to queue
[2024-12-19T08:22:06.900-0800] {logging_mixin.py:190} INFO - [2024-12-19T08:22:06.900-0800] {dagbag.py:588} INFO - Filling up the DagBag from /Users/rishukhurana/anaconda3/lib/python3.11/site-packages/airflow/example_dags/plugins/workday.py
[2024-12-19T08:22:07.269-0800] {logging_mixin.py:190} INFO - [2024-12-19T08:22:07.269-0800] {utils.py:160} INFO - NumExpr defaulting to 8 threads.
[2024-12-19T08:22:07.574-0800] {processor.py:927} WARNING - No viable dags retrieved from /Users/rishukhurana/anaconda3/lib/python3.11/site-packages/airflow/example_dags/plugins/workday.py
[2024-12-19T08:22:07.662-0800] {processor.py:208} INFO - Processing /Users/rishukhurana/anaconda3/lib/python3.11/site-packages/airflow/example_dags/plugins/workday.py took 0.772 seconds
[2024-12-19T08:25:21.503-0800] {processor.py:186} INFO - Started process (PID=65308) to work on /Users/rishukhurana/anaconda3/lib/python3.11/site-packages/airflow/example_dags/plugins/workday.py
[2024-12-19T08:25:21.505-0800] {processor.py:914} INFO - Processing file /Users/rishukhurana/anaconda3/lib/python3.11/site-packages/airflow/example_dags/plugins/workday.py for tasks to queue
[2024-12-19T08:25:21.507-0800] {logging_mixin.py:190} INFO - [2024-12-19T08:25:21.507-0800] {dagbag.py:588} INFO - Filling up the DagBag from /Users/rishukhurana/anaconda3/lib/python3.11/site-packages/airflow/example_dags/plugins/workday.py
[2024-12-19T08:25:21.876-0800] {logging_mixin.py:190} INFO - [2024-12-19T08:25:21.876-0800] {utils.py:160} INFO - NumExpr defaulting to 8 threads.
[2024-12-19T08:25:22.180-0800] {processor.py:927} WARNING - No viable dags retrieved from /Users/rishukhurana/anaconda3/lib/python3.11/site-packages/airflow/example_dags/plugins/workday.py
[2024-12-19T08:25:22.267-0800] {processor.py:208} INFO - Processing /Users/rishukhurana/anaconda3/lib/python3.11/site-packages/airflow/example_dags/plugins/workday.py took 0.769 seconds
[2024-12-19T08:28:34.736-0800] {processor.py:186} INFO - Started process (PID=65456) to work on /Users/rishukhurana/anaconda3/lib/python3.11/site-packages/airflow/example_dags/plugins/workday.py
[2024-12-19T08:28:34.738-0800] {processor.py:914} INFO - Processing file /Users/rishukhurana/anaconda3/lib/python3.11/site-packages/airflow/example_dags/plugins/workday.py for tasks to queue
[2024-12-19T08:28:34.739-0800] {logging_mixin.py:190} INFO - [2024-12-19T08:28:34.739-0800] {dagbag.py:588} INFO - Filling up the DagBag from /Users/rishukhurana/anaconda3/lib/python3.11/site-packages/airflow/example_dags/plugins/workday.py
[2024-12-19T08:28:35.112-0800] {logging_mixin.py:190} INFO - [2024-12-19T08:28:35.111-0800] {utils.py:160} INFO - NumExpr defaulting to 8 threads.
[2024-12-19T08:28:35.420-0800] {processor.py:927} WARNING - No viable dags retrieved from /Users/rishukhurana/anaconda3/lib/python3.11/site-packages/airflow/example_dags/plugins/workday.py
[2024-12-19T08:28:35.508-0800] {processor.py:208} INFO - Processing /Users/rishukhurana/anaconda3/lib/python3.11/site-packages/airflow/example_dags/plugins/workday.py took 0.780 seconds
[2024-12-19T08:51:36.964-0800] {processor.py:186} INFO - Started process (PID=65616) to work on /Users/rishukhurana/anaconda3/lib/python3.11/site-packages/airflow/example_dags/plugins/workday.py
[2024-12-19T08:51:36.971-0800] {processor.py:914} INFO - Processing file /Users/rishukhurana/anaconda3/lib/python3.11/site-packages/airflow/example_dags/plugins/workday.py for tasks to queue
[2024-12-19T08:51:36.974-0800] {logging_mixin.py:190} INFO - [2024-12-19T08:51:36.973-0800] {dagbag.py:588} INFO - Filling up the DagBag from /Users/rishukhurana/anaconda3/lib/python3.11/site-packages/airflow/example_dags/plugins/workday.py
[2024-12-19T08:51:37.530-0800] {logging_mixin.py:190} INFO - [2024-12-19T08:51:37.525-0800] {utils.py:160} INFO - NumExpr defaulting to 8 threads.
[2024-12-19T08:51:38.146-0800] {processor.py:927} WARNING - No viable dags retrieved from /Users/rishukhurana/anaconda3/lib/python3.11/site-packages/airflow/example_dags/plugins/workday.py
[2024-12-19T08:51:38.244-0800] {processor.py:208} INFO - Processing /Users/rishukhurana/anaconda3/lib/python3.11/site-packages/airflow/example_dags/plugins/workday.py took 1.287 seconds
[2024-12-19T11:46:27.280-0800] {processor.py:186} INFO - Started process (PID=65922) to work on /Users/rishukhurana/anaconda3/lib/python3.11/site-packages/airflow/example_dags/plugins/workday.py
[2024-12-19T11:46:27.290-0800] {processor.py:914} INFO - Processing file /Users/rishukhurana/anaconda3/lib/python3.11/site-packages/airflow/example_dags/plugins/workday.py for tasks to queue
[2024-12-19T11:46:27.302-0800] {logging_mixin.py:190} INFO - [2024-12-19T11:46:27.300-0800] {dagbag.py:588} INFO - Filling up the DagBag from /Users/rishukhurana/anaconda3/lib/python3.11/site-packages/airflow/example_dags/plugins/workday.py
[2024-12-19T11:46:30.512-0800] {logging_mixin.py:190} INFO - [2024-12-19T11:46:30.510-0800] {utils.py:160} INFO - NumExpr defaulting to 8 threads.
[2024-12-19T11:46:32.833-0800] {processor.py:927} WARNING - No viable dags retrieved from /Users/rishukhurana/anaconda3/lib/python3.11/site-packages/airflow/example_dags/plugins/workday.py
[2024-12-19T11:46:33.493-0800] {processor.py:208} INFO - Processing /Users/rishukhurana/anaconda3/lib/python3.11/site-packages/airflow/example_dags/plugins/workday.py took 6.263 seconds
