[2024-12-14T05:52:08.512-0800] {local_task_job_runner.py:123} INFO - ::group::Pre task execution logs
[2024-12-14T05:52:08.525-0800] {taskinstance.py:2613} INFO - Dependencies all met for dep_context=non-requeueable deps ti=<TaskInstance: ex_python_operator.Extract manual__2024-12-14T13:51:58.078422+00:00 [queued]>
[2024-12-14T05:52:08.529-0800] {taskinstance.py:2613} INFO - Dependencies all met for dep_context=requeueable deps ti=<TaskInstance: ex_python_operator.Extract manual__2024-12-14T13:51:58.078422+00:00 [queued]>
[2024-12-14T05:52:08.530-0800] {taskinstance.py:2866} INFO - Starting attempt 1 of 1
[2024-12-14T05:52:08.540-0800] {taskinstance.py:2889} INFO - Executing <Task(PythonOperator): Extract> on 2024-12-14 13:51:58.078422+00:00
[2024-12-14T05:52:08.546-0800] {standard_task_runner.py:72} INFO - Started process 11365 to run task
[2024-12-14T05:52:08.554-0800] {standard_task_runner.py:104} INFO - Running: ['airflow', 'tasks', 'run', 'ex_python_operator', 'Extract', 'manual__2024-12-14T13:51:58.078422+00:00', '--job-id', '10', '--raw', '--subdir', 'DAGS_FOLDER/Python_operator_dag.py', '--cfg-path', '/var/folders/05/fw9xrgzd2xz986svxp5_g00w0000gn/T/tmpn9560oeo']
[2024-12-14T05:52:08.558-0800] {standard_task_runner.py:105} INFO - Job 10: Subtask Extract
[2024-12-14T05:52:08.610-0800] {task_command.py:467} INFO - Running <TaskInstance: ex_python_operator.Extract manual__2024-12-14T13:51:58.078422+00:00 [running]> on host rishus-macbook-pro.local
[2024-12-14T05:52:08.668-0800] {taskinstance.py:3132} INFO - Exporting env vars: AIRFLOW_CTX_DAG_OWNER='airflow' AIRFLOW_CTX_DAG_ID='ex_python_operator' AIRFLOW_CTX_TASK_ID='Extract' AIRFLOW_CTX_EXECUTION_DATE='2024-12-14T13:51:58.078422+00:00' AIRFLOW_CTX_TRY_NUMBER='1' AIRFLOW_CTX_DAG_RUN_ID='manual__2024-12-14T13:51:58.078422+00:00'
[2024-12-14T05:52:08.670-0800] {logging_mixin.py:190} INFO - Task instance is in running state
[2024-12-14T05:52:08.671-0800] {logging_mixin.py:190} INFO -  Previous state of the Task instance: queued
[2024-12-14T05:52:08.672-0800] {logging_mixin.py:190} INFO - Current task name:Extract state:running start_date:2024-12-14 13:52:08.525857+00:00
[2024-12-14T05:52:08.673-0800] {logging_mixin.py:190} INFO - Dag name:ex_python_operator and current dag run status:running
[2024-12-14T05:52:08.674-0800] {taskinstance.py:731} INFO - ::endgroup::
[2024-12-14T05:52:08.675-0800] {logging_mixin.py:190} INFO - Logic to extract data
[2024-12-14T05:52:08.676-0800] {python.py:240} INFO - Done. Returned value was: None
[2024-12-14T05:52:08.680-0800] {taskinstance.py:340} INFO - ::group::Post task execution logs
[2024-12-14T05:52:08.681-0800] {taskinstance.py:352} INFO - Marking task as SUCCESS. dag_id=ex_python_operator, task_id=Extract, run_id=manual__2024-12-14T13:51:58.078422+00:00, execution_date=20241214T135158, start_date=20241214T135208, end_date=20241214T135208
[2024-12-14T05:52:08.688-0800] {logging_mixin.py:190} INFO - Task instance in success state
[2024-12-14T05:52:08.689-0800] {logging_mixin.py:190} INFO -  Previous state of the Task instance: running
[2024-12-14T05:52:08.690-0800] {logging_mixin.py:190} INFO - Dag name:ex_python_operator queued_at:2024-12-14 13:51:58.110046+00:00
[2024-12-14T05:52:08.690-0800] {logging_mixin.py:190} INFO - Task hostname:rishus-macbook-pro.local operator:PythonOperator
[2024-12-14T05:52:08.731-0800] {local_task_job_runner.py:266} INFO - Task exited with return code 0
[2024-12-14T05:52:08.755-0800] {taskinstance.py:3895} INFO - 1 downstream tasks scheduled from follow-on schedule check
[2024-12-14T05:52:08.757-0800] {local_task_job_runner.py:245} INFO - ::endgroup::
