[2024-12-14T05:52:15.279-0800] {local_task_job_runner.py:123} INFO - ::group::Pre task execution logs
[2024-12-14T05:52:15.289-0800] {taskinstance.py:2613} INFO - Dependencies all met for dep_context=non-requeueable deps ti=<TaskInstance: ex_python_operator.Transform manual__2024-12-14T13:51:58.078422+00:00 [queued]>
[2024-12-14T05:52:15.294-0800] {taskinstance.py:2613} INFO - Dependencies all met for dep_context=requeueable deps ti=<TaskInstance: ex_python_operator.Transform manual__2024-12-14T13:51:58.078422+00:00 [queued]>
[2024-12-14T05:52:15.294-0800] {taskinstance.py:2866} INFO - Starting attempt 1 of 1
[2024-12-14T05:52:15.303-0800] {taskinstance.py:2889} INFO - Executing <Task(PythonOperator): Transform> on 2024-12-14 13:51:58.078422+00:00
[2024-12-14T05:52:15.310-0800] {standard_task_runner.py:72} INFO - Started process 11374 to run task
[2024-12-14T05:52:15.318-0800] {standard_task_runner.py:104} INFO - Running: ['airflow', 'tasks', 'run', 'ex_python_operator', 'Transform', 'manual__2024-12-14T13:51:58.078422+00:00', '--job-id', '11', '--raw', '--subdir', 'DAGS_FOLDER/Python_operator_dag.py', '--cfg-path', '/var/folders/05/fw9xrgzd2xz986svxp5_g00w0000gn/T/tmp3k93fds5']
[2024-12-14T05:52:15.322-0800] {standard_task_runner.py:105} INFO - Job 11: Subtask Transform
[2024-12-14T05:52:15.368-0800] {task_command.py:467} INFO - Running <TaskInstance: ex_python_operator.Transform manual__2024-12-14T13:51:58.078422+00:00 [running]> on host rishus-macbook-pro.local
[2024-12-14T05:52:15.426-0800] {taskinstance.py:3132} INFO - Exporting env vars: AIRFLOW_CTX_DAG_OWNER='airflow' AIRFLOW_CTX_DAG_ID='ex_python_operator' AIRFLOW_CTX_TASK_ID='Transform' AIRFLOW_CTX_EXECUTION_DATE='2024-12-14T13:51:58.078422+00:00' AIRFLOW_CTX_TRY_NUMBER='1' AIRFLOW_CTX_DAG_RUN_ID='manual__2024-12-14T13:51:58.078422+00:00'
[2024-12-14T05:52:15.427-0800] {logging_mixin.py:190} INFO - Task instance is in running state
[2024-12-14T05:52:15.428-0800] {logging_mixin.py:190} INFO -  Previous state of the Task instance: queued
[2024-12-14T05:52:15.429-0800] {logging_mixin.py:190} INFO - Current task name:Transform state:running start_date:2024-12-14 13:52:15.290119+00:00
[2024-12-14T05:52:15.429-0800] {logging_mixin.py:190} INFO - Dag name:ex_python_operator and current dag run status:running
[2024-12-14T05:52:15.430-0800] {taskinstance.py:731} INFO - ::endgroup::
[2024-12-14T05:52:15.432-0800] {logging_mixin.py:190} INFO - The value of ai is  Learning ETL
[2024-12-14T05:52:15.432-0800] {logging_mixin.py:190} INFO - Logic to transform data
[2024-12-14T05:52:15.433-0800] {python.py:240} INFO - Done. Returned value was: None
[2024-12-14T05:52:15.438-0800] {taskinstance.py:340} INFO - ::group::Post task execution logs
[2024-12-14T05:52:15.440-0800] {taskinstance.py:352} INFO - Marking task as SUCCESS. dag_id=ex_python_operator, task_id=Transform, run_id=manual__2024-12-14T13:51:58.078422+00:00, execution_date=20241214T135158, start_date=20241214T135215, end_date=20241214T135215
[2024-12-14T05:52:15.446-0800] {logging_mixin.py:190} INFO - Task instance in success state
[2024-12-14T05:52:15.446-0800] {logging_mixin.py:190} INFO -  Previous state of the Task instance: running
[2024-12-14T05:52:15.447-0800] {logging_mixin.py:190} INFO - Dag name:ex_python_operator queued_at:2024-12-14 13:51:58.110046+00:00
[2024-12-14T05:52:15.447-0800] {logging_mixin.py:190} INFO - Task hostname:rishus-macbook-pro.local operator:PythonOperator
[2024-12-14T05:52:15.456-0800] {local_task_job_runner.py:266} INFO - Task exited with return code 0
[2024-12-14T05:52:15.475-0800] {taskinstance.py:3895} INFO - 1 downstream tasks scheduled from follow-on schedule check
[2024-12-14T05:52:15.476-0800] {local_task_job_runner.py:245} INFO - ::endgroup::
