[2024-12-18T16:06:52.887-0800] {local_task_job_runner.py:123} INFO - ::group::Pre task execution logs
[2024-12-18T16:06:52.897-0800] {taskinstance.py:2613} INFO - Dependencies all met for dep_context=non-requeueable deps ti=<TaskInstance: ALL_IN_ONE_Modular_etl.EXTRACT_TRANSFORM_LOAD scheduled__2024-12-18T00:00:00+00:00 [queued]>
[2024-12-18T16:06:52.914-0800] {taskinstance.py:2613} INFO - Dependencies all met for dep_context=requeueable deps ti=<TaskInstance: ALL_IN_ONE_Modular_etl.EXTRACT_TRANSFORM_LOAD scheduled__2024-12-18T00:00:00+00:00 [queued]>
[2024-12-18T16:06:52.914-0800] {taskinstance.py:2866} INFO - Starting attempt 1 of 1
[2024-12-18T16:06:52.927-0800] {taskinstance.py:2889} INFO - Executing <Task(PythonOperator): EXTRACT_TRANSFORM_LOAD> on 2024-12-18 00:00:00+00:00
[2024-12-18T16:06:52.933-0800] {standard_task_runner.py:72} INFO - Started process 60624 to run task
[2024-12-18T16:06:52.951-0800] {standard_task_runner.py:104} INFO - Running: ['airflow', 'tasks', 'run', 'ALL_IN_ONE_Modular_etl', 'EXTRACT_TRANSFORM_LOAD', 'scheduled__2024-12-18T00:00:00+00:00', '--job-id', '36', '--raw', '--subdir', 'DAGS_FOLDER/modular_bizlogic_modular.py', '--cfg-path', '/var/folders/05/fw9xrgzd2xz986svxp5_g00w0000gn/T/tmpx6n8h8vr']
[2024-12-18T16:06:52.957-0800] {standard_task_runner.py:105} INFO - Job 36: Subtask EXTRACT_TRANSFORM_LOAD
[2024-12-18T16:06:53.028-0800] {task_command.py:467} INFO - Running <TaskInstance: ALL_IN_ONE_Modular_etl.EXTRACT_TRANSFORM_LOAD scheduled__2024-12-18T00:00:00+00:00 [running]> on host rishus-macbook-pro.local
[2024-12-18T16:06:53.095-0800] {taskinstance.py:3132} INFO - Exporting env vars: AIRFLOW_CTX_DAG_OWNER='airflow' AIRFLOW_CTX_DAG_ID='ALL_IN_ONE_Modular_etl' AIRFLOW_CTX_TASK_ID='EXTRACT_TRANSFORM_LOAD' AIRFLOW_CTX_EXECUTION_DATE='2024-12-18T00:00:00+00:00' AIRFLOW_CTX_TRY_NUMBER='1' AIRFLOW_CTX_DAG_RUN_ID='scheduled__2024-12-18T00:00:00+00:00'
[2024-12-18T16:06:53.098-0800] {logging_mixin.py:190} INFO - Task instance is in running state
[2024-12-18T16:06:53.099-0800] {logging_mixin.py:190} INFO -  Previous state of the Task instance: queued
[2024-12-18T16:06:53.100-0800] {logging_mixin.py:190} INFO - Current task name:EXTRACT_TRANSFORM_LOAD state:running start_date:2024-12-19 00:06:52.898196+00:00
[2024-12-18T16:06:53.101-0800] {logging_mixin.py:190} INFO - Dag name:ALL_IN_ONE_Modular_etl and current dag run status:running
[2024-12-18T16:06:53.102-0800] {taskinstance.py:731} INFO - ::endgroup::
[2024-12-18T16:06:53.103-0800] {logging_mixin.py:190} INFO - What is your name
[2024-12-18T16:06:53.103-0800] {logging_mixin.py:190} INFO - My name is Rishu
[2024-12-18T16:06:53.109-0800] {logging_mixin.py:190} INFO - the value of e_rtn_obj obj is {extract_rtn_obj}
[2024-12-18T16:06:53.110-0800] {logging_mixin.py:190} INFO - The value of ai is  Learning DE
[2024-12-18T16:06:53.111-0800] {logging_mixin.py:190} INFO - Logic to transform data
[2024-12-18T16:06:53.112-0800] {logging_mixin.py:190} INFO - the type of e_rtn_obj is <class 'pandas.core.frame.DataFrame'>
[2024-12-18T16:06:53.112-0800] {logging_mixin.py:190} INFO - the value of e_rtn_obj is:
[2024-12-18T16:06:53.133-0800] {logging_mixin.py:190} INFO -    cust_id     Name
0        1    Rishu
1        2     Ishu
2        3  shanaya
3        4     Rudr
[2024-12-18T16:06:53.134-0800] {logging_mixin.py:190} INFO - the value of p1 is ETL
[2024-12-18T16:06:53.134-0800] {logging_mixin.py:190} INFO - the value of p2 is PIPELINES
[2024-12-18T16:06:53.135-0800] {python.py:240} INFO - Done. Returned value was: None
[2024-12-18T16:06:53.139-0800] {taskinstance.py:340} INFO - ::group::Post task execution logs
[2024-12-18T16:06:53.141-0800] {taskinstance.py:352} INFO - Marking task as SUCCESS. dag_id=ALL_IN_ONE_Modular_etl, task_id=EXTRACT_TRANSFORM_LOAD, run_id=scheduled__2024-12-18T00:00:00+00:00, execution_date=20241218T000000, start_date=20241219T000652, end_date=20241219T000653
[2024-12-18T16:06:53.147-0800] {logging_mixin.py:190} INFO - Task instance in success state
[2024-12-18T16:06:53.148-0800] {logging_mixin.py:190} INFO -  Previous state of the Task instance: running
[2024-12-18T16:06:53.149-0800] {logging_mixin.py:190} INFO - Dag name:ALL_IN_ONE_Modular_etl queued_at:2024-12-19 00:01:53.346080+00:00
[2024-12-18T16:06:53.149-0800] {logging_mixin.py:190} INFO - Task hostname:rishus-macbook-pro.local operator:PythonOperator
[2024-12-18T16:06:53.199-0800] {local_task_job_runner.py:266} INFO - Task exited with return code 0
[2024-12-18T16:06:53.224-0800] {taskinstance.py:3895} INFO - 0 downstream tasks scheduled from follow-on schedule check
[2024-12-18T16:06:53.225-0800] {local_task_job_runner.py:245} INFO - ::endgroup::
