[2024-12-17T18:12:58.881-0800] {processor.py:186} INFO - Started process (PID=49216) to work on /Users/rishukhurana/anaconda3/lib/python3.11/site-packages/airflow/example_dags/subdags/subdag.py
[2024-12-17T18:12:58.882-0800] {processor.py:914} INFO - Processing file /Users/rishukhurana/anaconda3/lib/python3.11/site-packages/airflow/example_dags/subdags/subdag.py for tasks to queue
[2024-12-17T18:12:58.884-0800] {logging_mixin.py:190} INFO - [2024-12-17T18:12:58.883-0800] {dagbag.py:588} INFO - Filling up the DagBag from /Users/rishukhurana/anaconda3/lib/python3.11/site-packages/airflow/example_dags/subdags/subdag.py
[2024-12-17T18:12:58.886-0800] {processor.py:927} WARNING - No viable dags retrieved from /Users/rishukhurana/anaconda3/lib/python3.11/site-packages/airflow/example_dags/subdags/subdag.py
[2024-12-17T18:12:58.968-0800] {processor.py:208} INFO - Processing /Users/rishukhurana/anaconda3/lib/python3.11/site-packages/airflow/example_dags/subdags/subdag.py took 0.093 seconds
[2024-12-18T02:21:48.281-0800] {processor.py:186} INFO - Started process (PID=49464) to work on /Users/rishukhurana/anaconda3/lib/python3.11/site-packages/airflow/example_dags/subdags/subdag.py
[2024-12-18T02:21:48.283-0800] {processor.py:914} INFO - Processing file /Users/rishukhurana/anaconda3/lib/python3.11/site-packages/airflow/example_dags/subdags/subdag.py for tasks to queue
[2024-12-18T02:21:48.284-0800] {logging_mixin.py:190} INFO - [2024-12-18T02:21:48.284-0800] {dagbag.py:588} INFO - Filling up the DagBag from /Users/rishukhurana/anaconda3/lib/python3.11/site-packages/airflow/example_dags/subdags/subdag.py
[2024-12-18T02:21:48.286-0800] {processor.py:927} WARNING - No viable dags retrieved from /Users/rishukhurana/anaconda3/lib/python3.11/site-packages/airflow/example_dags/subdags/subdag.py
[2024-12-18T02:21:48.361-0800] {processor.py:208} INFO - Processing /Users/rishukhurana/anaconda3/lib/python3.11/site-packages/airflow/example_dags/subdags/subdag.py took 0.087 seconds
[2024-12-18T03:00:39.774-0800] {processor.py:186} INFO - Started process (PID=49700) to work on /Users/rishukhurana/anaconda3/lib/python3.11/site-packages/airflow/example_dags/subdags/subdag.py
[2024-12-18T03:00:39.777-0800] {processor.py:914} INFO - Processing file /Users/rishukhurana/anaconda3/lib/python3.11/site-packages/airflow/example_dags/subdags/subdag.py for tasks to queue
[2024-12-18T03:00:39.781-0800] {logging_mixin.py:190} INFO - [2024-12-18T03:00:39.780-0800] {dagbag.py:588} INFO - Filling up the DagBag from /Users/rishukhurana/anaconda3/lib/python3.11/site-packages/airflow/example_dags/subdags/subdag.py
[2024-12-18T03:00:39.786-0800] {processor.py:927} WARNING - No viable dags retrieved from /Users/rishukhurana/anaconda3/lib/python3.11/site-packages/airflow/example_dags/subdags/subdag.py
[2024-12-18T03:00:39.959-0800] {processor.py:208} INFO - Processing /Users/rishukhurana/anaconda3/lib/python3.11/site-packages/airflow/example_dags/subdags/subdag.py took 0.197 seconds
[2024-12-18T03:05:56.845-0800] {processor.py:186} INFO - Started process (PID=49896) to work on /Users/rishukhurana/anaconda3/lib/python3.11/site-packages/airflow/example_dags/subdags/subdag.py
[2024-12-18T03:05:56.848-0800] {processor.py:914} INFO - Processing file /Users/rishukhurana/anaconda3/lib/python3.11/site-packages/airflow/example_dags/subdags/subdag.py for tasks to queue
[2024-12-18T03:05:56.850-0800] {logging_mixin.py:190} INFO - [2024-12-18T03:05:56.850-0800] {dagbag.py:588} INFO - Filling up the DagBag from /Users/rishukhurana/anaconda3/lib/python3.11/site-packages/airflow/example_dags/subdags/subdag.py
[2024-12-18T03:05:56.855-0800] {processor.py:927} WARNING - No viable dags retrieved from /Users/rishukhurana/anaconda3/lib/python3.11/site-packages/airflow/example_dags/subdags/subdag.py
[2024-12-18T03:05:57.001-0800] {processor.py:208} INFO - Processing /Users/rishukhurana/anaconda3/lib/python3.11/site-packages/airflow/example_dags/subdags/subdag.py took 0.167 seconds
[2024-12-18T03:11:22.391-0800] {processor.py:186} INFO - Started process (PID=50085) to work on /Users/rishukhurana/anaconda3/lib/python3.11/site-packages/airflow/example_dags/subdags/subdag.py
[2024-12-18T03:11:22.395-0800] {processor.py:914} INFO - Processing file /Users/rishukhurana/anaconda3/lib/python3.11/site-packages/airflow/example_dags/subdags/subdag.py for tasks to queue
[2024-12-18T03:11:22.396-0800] {logging_mixin.py:190} INFO - [2024-12-18T03:11:22.396-0800] {dagbag.py:588} INFO - Filling up the DagBag from /Users/rishukhurana/anaconda3/lib/python3.11/site-packages/airflow/example_dags/subdags/subdag.py
[2024-12-18T03:11:22.400-0800] {processor.py:927} WARNING - No viable dags retrieved from /Users/rishukhurana/anaconda3/lib/python3.11/site-packages/airflow/example_dags/subdags/subdag.py
[2024-12-18T03:11:22.544-0800] {processor.py:208} INFO - Processing /Users/rishukhurana/anaconda3/lib/python3.11/site-packages/airflow/example_dags/subdags/subdag.py took 0.160 seconds
[2024-12-18T03:15:52.103-0800] {processor.py:186} INFO - Started process (PID=50286) to work on /Users/rishukhurana/anaconda3/lib/python3.11/site-packages/airflow/example_dags/subdags/subdag.py
[2024-12-18T03:15:52.106-0800] {processor.py:914} INFO - Processing file /Users/rishukhurana/anaconda3/lib/python3.11/site-packages/airflow/example_dags/subdags/subdag.py for tasks to queue
[2024-12-18T03:15:52.107-0800] {logging_mixin.py:190} INFO - [2024-12-18T03:15:52.107-0800] {dagbag.py:588} INFO - Filling up the DagBag from /Users/rishukhurana/anaconda3/lib/python3.11/site-packages/airflow/example_dags/subdags/subdag.py
[2024-12-18T03:15:52.110-0800] {processor.py:927} WARNING - No viable dags retrieved from /Users/rishukhurana/anaconda3/lib/python3.11/site-packages/airflow/example_dags/subdags/subdag.py
[2024-12-18T03:15:52.183-0800] {processor.py:208} INFO - Processing /Users/rishukhurana/anaconda3/lib/python3.11/site-packages/airflow/example_dags/subdags/subdag.py took 0.086 seconds
[2024-12-18T03:19:05.148-0800] {processor.py:186} INFO - Started process (PID=50439) to work on /Users/rishukhurana/anaconda3/lib/python3.11/site-packages/airflow/example_dags/subdags/subdag.py
[2024-12-18T03:19:05.150-0800] {processor.py:914} INFO - Processing file /Users/rishukhurana/anaconda3/lib/python3.11/site-packages/airflow/example_dags/subdags/subdag.py for tasks to queue
[2024-12-18T03:19:05.152-0800] {logging_mixin.py:190} INFO - [2024-12-18T03:19:05.151-0800] {dagbag.py:588} INFO - Filling up the DagBag from /Users/rishukhurana/anaconda3/lib/python3.11/site-packages/airflow/example_dags/subdags/subdag.py
[2024-12-18T03:19:05.155-0800] {processor.py:927} WARNING - No viable dags retrieved from /Users/rishukhurana/anaconda3/lib/python3.11/site-packages/airflow/example_dags/subdags/subdag.py
[2024-12-18T03:19:05.229-0800] {processor.py:208} INFO - Processing /Users/rishukhurana/anaconda3/lib/python3.11/site-packages/airflow/example_dags/subdags/subdag.py took 0.088 seconds
[2024-12-18T03:22:10.461-0800] {processor.py:186} INFO - Started process (PID=50616) to work on /Users/rishukhurana/anaconda3/lib/python3.11/site-packages/airflow/example_dags/subdags/subdag.py
[2024-12-18T03:22:10.463-0800] {processor.py:914} INFO - Processing file /Users/rishukhurana/anaconda3/lib/python3.11/site-packages/airflow/example_dags/subdags/subdag.py for tasks to queue
[2024-12-18T03:22:10.465-0800] {logging_mixin.py:190} INFO - [2024-12-18T03:22:10.464-0800] {dagbag.py:588} INFO - Filling up the DagBag from /Users/rishukhurana/anaconda3/lib/python3.11/site-packages/airflow/example_dags/subdags/subdag.py
[2024-12-18T03:22:10.468-0800] {processor.py:927} WARNING - No viable dags retrieved from /Users/rishukhurana/anaconda3/lib/python3.11/site-packages/airflow/example_dags/subdags/subdag.py
[2024-12-18T03:22:10.541-0800] {processor.py:208} INFO - Processing /Users/rishukhurana/anaconda3/lib/python3.11/site-packages/airflow/example_dags/subdags/subdag.py took 0.086 seconds
[2024-12-18T03:25:15.960-0800] {processor.py:186} INFO - Started process (PID=50767) to work on /Users/rishukhurana/anaconda3/lib/python3.11/site-packages/airflow/example_dags/subdags/subdag.py
[2024-12-18T03:25:15.962-0800] {processor.py:914} INFO - Processing file /Users/rishukhurana/anaconda3/lib/python3.11/site-packages/airflow/example_dags/subdags/subdag.py for tasks to queue
[2024-12-18T03:25:15.963-0800] {logging_mixin.py:190} INFO - [2024-12-18T03:25:15.963-0800] {dagbag.py:588} INFO - Filling up the DagBag from /Users/rishukhurana/anaconda3/lib/python3.11/site-packages/airflow/example_dags/subdags/subdag.py
[2024-12-18T03:25:15.965-0800] {processor.py:927} WARNING - No viable dags retrieved from /Users/rishukhurana/anaconda3/lib/python3.11/site-packages/airflow/example_dags/subdags/subdag.py
[2024-12-18T03:25:16.044-0800] {processor.py:208} INFO - Processing /Users/rishukhurana/anaconda3/lib/python3.11/site-packages/airflow/example_dags/subdags/subdag.py took 0.091 seconds
[2024-12-18T03:28:17.546-0800] {processor.py:186} INFO - Started process (PID=50912) to work on /Users/rishukhurana/anaconda3/lib/python3.11/site-packages/airflow/example_dags/subdags/subdag.py
[2024-12-18T03:28:17.548-0800] {processor.py:914} INFO - Processing file /Users/rishukhurana/anaconda3/lib/python3.11/site-packages/airflow/example_dags/subdags/subdag.py for tasks to queue
[2024-12-18T03:28:17.550-0800] {logging_mixin.py:190} INFO - [2024-12-18T03:28:17.550-0800] {dagbag.py:588} INFO - Filling up the DagBag from /Users/rishukhurana/anaconda3/lib/python3.11/site-packages/airflow/example_dags/subdags/subdag.py
[2024-12-18T03:28:17.553-0800] {processor.py:927} WARNING - No viable dags retrieved from /Users/rishukhurana/anaconda3/lib/python3.11/site-packages/airflow/example_dags/subdags/subdag.py
[2024-12-18T03:28:17.627-0800] {processor.py:208} INFO - Processing /Users/rishukhurana/anaconda3/lib/python3.11/site-packages/airflow/example_dags/subdags/subdag.py took 0.087 seconds
[2024-12-18T03:31:18.442-0800] {processor.py:186} INFO - Started process (PID=51058) to work on /Users/rishukhurana/anaconda3/lib/python3.11/site-packages/airflow/example_dags/subdags/subdag.py
[2024-12-18T03:31:18.444-0800] {processor.py:914} INFO - Processing file /Users/rishukhurana/anaconda3/lib/python3.11/site-packages/airflow/example_dags/subdags/subdag.py for tasks to queue
[2024-12-18T03:31:18.445-0800] {logging_mixin.py:190} INFO - [2024-12-18T03:31:18.445-0800] {dagbag.py:588} INFO - Filling up the DagBag from /Users/rishukhurana/anaconda3/lib/python3.11/site-packages/airflow/example_dags/subdags/subdag.py
[2024-12-18T03:31:18.448-0800] {processor.py:927} WARNING - No viable dags retrieved from /Users/rishukhurana/anaconda3/lib/python3.11/site-packages/airflow/example_dags/subdags/subdag.py
[2024-12-18T03:31:18.531-0800] {processor.py:208} INFO - Processing /Users/rishukhurana/anaconda3/lib/python3.11/site-packages/airflow/example_dags/subdags/subdag.py took 0.095 seconds
[2024-12-18T03:34:42.128-0800] {processor.py:186} INFO - Started process (PID=51362) to work on /Users/rishukhurana/anaconda3/lib/python3.11/site-packages/airflow/example_dags/subdags/subdag.py
[2024-12-18T03:34:42.130-0800] {processor.py:914} INFO - Processing file /Users/rishukhurana/anaconda3/lib/python3.11/site-packages/airflow/example_dags/subdags/subdag.py for tasks to queue
[2024-12-18T03:34:42.131-0800] {logging_mixin.py:190} INFO - [2024-12-18T03:34:42.131-0800] {dagbag.py:588} INFO - Filling up the DagBag from /Users/rishukhurana/anaconda3/lib/python3.11/site-packages/airflow/example_dags/subdags/subdag.py
[2024-12-18T03:34:42.134-0800] {processor.py:927} WARNING - No viable dags retrieved from /Users/rishukhurana/anaconda3/lib/python3.11/site-packages/airflow/example_dags/subdags/subdag.py
[2024-12-18T03:34:42.222-0800] {processor.py:208} INFO - Processing /Users/rishukhurana/anaconda3/lib/python3.11/site-packages/airflow/example_dags/subdags/subdag.py took 0.098 seconds
[2024-12-18T03:37:49.243-0800] {processor.py:186} INFO - Started process (PID=51519) to work on /Users/rishukhurana/anaconda3/lib/python3.11/site-packages/airflow/example_dags/subdags/subdag.py
[2024-12-18T03:37:49.246-0800] {processor.py:914} INFO - Processing file /Users/rishukhurana/anaconda3/lib/python3.11/site-packages/airflow/example_dags/subdags/subdag.py for tasks to queue
[2024-12-18T03:37:49.247-0800] {logging_mixin.py:190} INFO - [2024-12-18T03:37:49.247-0800] {dagbag.py:588} INFO - Filling up the DagBag from /Users/rishukhurana/anaconda3/lib/python3.11/site-packages/airflow/example_dags/subdags/subdag.py
[2024-12-18T03:37:49.250-0800] {processor.py:927} WARNING - No viable dags retrieved from /Users/rishukhurana/anaconda3/lib/python3.11/site-packages/airflow/example_dags/subdags/subdag.py
[2024-12-18T03:37:49.325-0800] {processor.py:208} INFO - Processing /Users/rishukhurana/anaconda3/lib/python3.11/site-packages/airflow/example_dags/subdags/subdag.py took 0.088 seconds
[2024-12-18T03:40:49.718-0800] {processor.py:186} INFO - Started process (PID=51664) to work on /Users/rishukhurana/anaconda3/lib/python3.11/site-packages/airflow/example_dags/subdags/subdag.py
[2024-12-18T03:40:49.721-0800] {processor.py:914} INFO - Processing file /Users/rishukhurana/anaconda3/lib/python3.11/site-packages/airflow/example_dags/subdags/subdag.py for tasks to queue
[2024-12-18T03:40:49.722-0800] {logging_mixin.py:190} INFO - [2024-12-18T03:40:49.722-0800] {dagbag.py:588} INFO - Filling up the DagBag from /Users/rishukhurana/anaconda3/lib/python3.11/site-packages/airflow/example_dags/subdags/subdag.py
[2024-12-18T03:40:49.725-0800] {processor.py:927} WARNING - No viable dags retrieved from /Users/rishukhurana/anaconda3/lib/python3.11/site-packages/airflow/example_dags/subdags/subdag.py
[2024-12-18T03:40:49.808-0800] {processor.py:208} INFO - Processing /Users/rishukhurana/anaconda3/lib/python3.11/site-packages/airflow/example_dags/subdags/subdag.py took 0.095 seconds
[2024-12-18T03:43:44.091-0800] {processor.py:186} INFO - Started process (PID=51815) to work on /Users/rishukhurana/anaconda3/lib/python3.11/site-packages/airflow/example_dags/subdags/subdag.py
[2024-12-18T03:43:44.093-0800] {processor.py:914} INFO - Processing file /Users/rishukhurana/anaconda3/lib/python3.11/site-packages/airflow/example_dags/subdags/subdag.py for tasks to queue
[2024-12-18T03:43:44.095-0800] {logging_mixin.py:190} INFO - [2024-12-18T03:43:44.095-0800] {dagbag.py:588} INFO - Filling up the DagBag from /Users/rishukhurana/anaconda3/lib/python3.11/site-packages/airflow/example_dags/subdags/subdag.py
[2024-12-18T03:43:44.097-0800] {processor.py:927} WARNING - No viable dags retrieved from /Users/rishukhurana/anaconda3/lib/python3.11/site-packages/airflow/example_dags/subdags/subdag.py
[2024-12-18T03:43:44.177-0800] {processor.py:208} INFO - Processing /Users/rishukhurana/anaconda3/lib/python3.11/site-packages/airflow/example_dags/subdags/subdag.py took 0.095 seconds
[2024-12-18T03:46:37.176-0800] {processor.py:186} INFO - Started process (PID=51958) to work on /Users/rishukhurana/anaconda3/lib/python3.11/site-packages/airflow/example_dags/subdags/subdag.py
[2024-12-18T03:46:37.178-0800] {processor.py:914} INFO - Processing file /Users/rishukhurana/anaconda3/lib/python3.11/site-packages/airflow/example_dags/subdags/subdag.py for tasks to queue
[2024-12-18T03:46:37.179-0800] {logging_mixin.py:190} INFO - [2024-12-18T03:46:37.179-0800] {dagbag.py:588} INFO - Filling up the DagBag from /Users/rishukhurana/anaconda3/lib/python3.11/site-packages/airflow/example_dags/subdags/subdag.py
[2024-12-18T03:46:37.181-0800] {processor.py:927} WARNING - No viable dags retrieved from /Users/rishukhurana/anaconda3/lib/python3.11/site-packages/airflow/example_dags/subdags/subdag.py
[2024-12-18T03:46:37.256-0800] {processor.py:208} INFO - Processing /Users/rishukhurana/anaconda3/lib/python3.11/site-packages/airflow/example_dags/subdags/subdag.py took 0.086 seconds
[2024-12-18T03:49:38.719-0800] {processor.py:186} INFO - Started process (PID=52122) to work on /Users/rishukhurana/anaconda3/lib/python3.11/site-packages/airflow/example_dags/subdags/subdag.py
[2024-12-18T03:49:38.721-0800] {processor.py:914} INFO - Processing file /Users/rishukhurana/anaconda3/lib/python3.11/site-packages/airflow/example_dags/subdags/subdag.py for tasks to queue
[2024-12-18T03:49:38.722-0800] {logging_mixin.py:190} INFO - [2024-12-18T03:49:38.722-0800] {dagbag.py:588} INFO - Filling up the DagBag from /Users/rishukhurana/anaconda3/lib/python3.11/site-packages/airflow/example_dags/subdags/subdag.py
[2024-12-18T03:49:38.725-0800] {processor.py:927} WARNING - No viable dags retrieved from /Users/rishukhurana/anaconda3/lib/python3.11/site-packages/airflow/example_dags/subdags/subdag.py
[2024-12-18T03:49:38.812-0800] {processor.py:208} INFO - Processing /Users/rishukhurana/anaconda3/lib/python3.11/site-packages/airflow/example_dags/subdags/subdag.py took 0.099 seconds
[2024-12-18T03:52:35.649-0800] {processor.py:186} INFO - Started process (PID=52283) to work on /Users/rishukhurana/anaconda3/lib/python3.11/site-packages/airflow/example_dags/subdags/subdag.py
[2024-12-18T03:52:35.651-0800] {processor.py:914} INFO - Processing file /Users/rishukhurana/anaconda3/lib/python3.11/site-packages/airflow/example_dags/subdags/subdag.py for tasks to queue
[2024-12-18T03:52:35.652-0800] {logging_mixin.py:190} INFO - [2024-12-18T03:52:35.652-0800] {dagbag.py:588} INFO - Filling up the DagBag from /Users/rishukhurana/anaconda3/lib/python3.11/site-packages/airflow/example_dags/subdags/subdag.py
[2024-12-18T03:52:35.655-0800] {processor.py:927} WARNING - No viable dags retrieved from /Users/rishukhurana/anaconda3/lib/python3.11/site-packages/airflow/example_dags/subdags/subdag.py
[2024-12-18T03:52:35.733-0800] {processor.py:208} INFO - Processing /Users/rishukhurana/anaconda3/lib/python3.11/site-packages/airflow/example_dags/subdags/subdag.py took 0.091 seconds
[2024-12-18T03:55:49.452-0800] {processor.py:186} INFO - Started process (PID=52444) to work on /Users/rishukhurana/anaconda3/lib/python3.11/site-packages/airflow/example_dags/subdags/subdag.py
[2024-12-18T03:55:49.455-0800] {processor.py:914} INFO - Processing file /Users/rishukhurana/anaconda3/lib/python3.11/site-packages/airflow/example_dags/subdags/subdag.py for tasks to queue
[2024-12-18T03:55:49.456-0800] {logging_mixin.py:190} INFO - [2024-12-18T03:55:49.456-0800] {dagbag.py:588} INFO - Filling up the DagBag from /Users/rishukhurana/anaconda3/lib/python3.11/site-packages/airflow/example_dags/subdags/subdag.py
[2024-12-18T03:55:49.460-0800] {processor.py:927} WARNING - No viable dags retrieved from /Users/rishukhurana/anaconda3/lib/python3.11/site-packages/airflow/example_dags/subdags/subdag.py
[2024-12-18T03:55:49.567-0800] {processor.py:208} INFO - Processing /Users/rishukhurana/anaconda3/lib/python3.11/site-packages/airflow/example_dags/subdags/subdag.py took 0.123 seconds
[2024-12-18T03:59:06.137-0800] {processor.py:186} INFO - Started process (PID=52612) to work on /Users/rishukhurana/anaconda3/lib/python3.11/site-packages/airflow/example_dags/subdags/subdag.py
[2024-12-18T03:59:06.140-0800] {processor.py:914} INFO - Processing file /Users/rishukhurana/anaconda3/lib/python3.11/site-packages/airflow/example_dags/subdags/subdag.py for tasks to queue
[2024-12-18T03:59:06.142-0800] {logging_mixin.py:190} INFO - [2024-12-18T03:59:06.141-0800] {dagbag.py:588} INFO - Filling up the DagBag from /Users/rishukhurana/anaconda3/lib/python3.11/site-packages/airflow/example_dags/subdags/subdag.py
[2024-12-18T03:59:06.144-0800] {processor.py:927} WARNING - No viable dags retrieved from /Users/rishukhurana/anaconda3/lib/python3.11/site-packages/airflow/example_dags/subdags/subdag.py
[2024-12-18T03:59:06.223-0800] {processor.py:208} INFO - Processing /Users/rishukhurana/anaconda3/lib/python3.11/site-packages/airflow/example_dags/subdags/subdag.py took 0.093 seconds
[2024-12-18T04:02:04.345-0800] {processor.py:186} INFO - Started process (PID=52760) to work on /Users/rishukhurana/anaconda3/lib/python3.11/site-packages/airflow/example_dags/subdags/subdag.py
[2024-12-18T04:02:04.347-0800] {processor.py:914} INFO - Processing file /Users/rishukhurana/anaconda3/lib/python3.11/site-packages/airflow/example_dags/subdags/subdag.py for tasks to queue
[2024-12-18T04:02:04.348-0800] {logging_mixin.py:190} INFO - [2024-12-18T04:02:04.348-0800] {dagbag.py:588} INFO - Filling up the DagBag from /Users/rishukhurana/anaconda3/lib/python3.11/site-packages/airflow/example_dags/subdags/subdag.py
[2024-12-18T04:02:04.350-0800] {processor.py:927} WARNING - No viable dags retrieved from /Users/rishukhurana/anaconda3/lib/python3.11/site-packages/airflow/example_dags/subdags/subdag.py
[2024-12-18T04:02:04.435-0800] {processor.py:208} INFO - Processing /Users/rishukhurana/anaconda3/lib/python3.11/site-packages/airflow/example_dags/subdags/subdag.py took 0.098 seconds
[2024-12-18T04:05:04.512-0800] {processor.py:186} INFO - Started process (PID=52978) to work on /Users/rishukhurana/anaconda3/lib/python3.11/site-packages/airflow/example_dags/subdags/subdag.py
[2024-12-18T04:05:04.514-0800] {processor.py:914} INFO - Processing file /Users/rishukhurana/anaconda3/lib/python3.11/site-packages/airflow/example_dags/subdags/subdag.py for tasks to queue
[2024-12-18T04:05:04.515-0800] {logging_mixin.py:190} INFO - [2024-12-18T04:05:04.515-0800] {dagbag.py:588} INFO - Filling up the DagBag from /Users/rishukhurana/anaconda3/lib/python3.11/site-packages/airflow/example_dags/subdags/subdag.py
[2024-12-18T04:05:04.518-0800] {processor.py:927} WARNING - No viable dags retrieved from /Users/rishukhurana/anaconda3/lib/python3.11/site-packages/airflow/example_dags/subdags/subdag.py
[2024-12-18T04:05:04.596-0800] {processor.py:208} INFO - Processing /Users/rishukhurana/anaconda3/lib/python3.11/site-packages/airflow/example_dags/subdags/subdag.py took 0.089 seconds
[2024-12-18T04:08:06.730-0800] {processor.py:186} INFO - Started process (PID=53143) to work on /Users/rishukhurana/anaconda3/lib/python3.11/site-packages/airflow/example_dags/subdags/subdag.py
[2024-12-18T04:08:06.732-0800] {processor.py:914} INFO - Processing file /Users/rishukhurana/anaconda3/lib/python3.11/site-packages/airflow/example_dags/subdags/subdag.py for tasks to queue
[2024-12-18T04:08:06.734-0800] {logging_mixin.py:190} INFO - [2024-12-18T04:08:06.734-0800] {dagbag.py:588} INFO - Filling up the DagBag from /Users/rishukhurana/anaconda3/lib/python3.11/site-packages/airflow/example_dags/subdags/subdag.py
[2024-12-18T04:08:06.736-0800] {processor.py:927} WARNING - No viable dags retrieved from /Users/rishukhurana/anaconda3/lib/python3.11/site-packages/airflow/example_dags/subdags/subdag.py
[2024-12-18T04:08:06.810-0800] {processor.py:208} INFO - Processing /Users/rishukhurana/anaconda3/lib/python3.11/site-packages/airflow/example_dags/subdags/subdag.py took 0.086 seconds
[2024-12-18T04:11:09.830-0800] {processor.py:186} INFO - Started process (PID=53336) to work on /Users/rishukhurana/anaconda3/lib/python3.11/site-packages/airflow/example_dags/subdags/subdag.py
[2024-12-18T04:11:09.832-0800] {processor.py:914} INFO - Processing file /Users/rishukhurana/anaconda3/lib/python3.11/site-packages/airflow/example_dags/subdags/subdag.py for tasks to queue
[2024-12-18T04:11:09.834-0800] {logging_mixin.py:190} INFO - [2024-12-18T04:11:09.834-0800] {dagbag.py:588} INFO - Filling up the DagBag from /Users/rishukhurana/anaconda3/lib/python3.11/site-packages/airflow/example_dags/subdags/subdag.py
[2024-12-18T04:11:09.837-0800] {processor.py:927} WARNING - No viable dags retrieved from /Users/rishukhurana/anaconda3/lib/python3.11/site-packages/airflow/example_dags/subdags/subdag.py
[2024-12-18T04:11:09.913-0800] {processor.py:208} INFO - Processing /Users/rishukhurana/anaconda3/lib/python3.11/site-packages/airflow/example_dags/subdags/subdag.py took 0.090 seconds
[2024-12-18T04:14:05.995-0800] {processor.py:186} INFO - Started process (PID=53514) to work on /Users/rishukhurana/anaconda3/lib/python3.11/site-packages/airflow/example_dags/subdags/subdag.py
[2024-12-18T04:14:05.997-0800] {processor.py:914} INFO - Processing file /Users/rishukhurana/anaconda3/lib/python3.11/site-packages/airflow/example_dags/subdags/subdag.py for tasks to queue
[2024-12-18T04:14:05.999-0800] {logging_mixin.py:190} INFO - [2024-12-18T04:14:05.998-0800] {dagbag.py:588} INFO - Filling up the DagBag from /Users/rishukhurana/anaconda3/lib/python3.11/site-packages/airflow/example_dags/subdags/subdag.py
[2024-12-18T04:14:06.002-0800] {processor.py:927} WARNING - No viable dags retrieved from /Users/rishukhurana/anaconda3/lib/python3.11/site-packages/airflow/example_dags/subdags/subdag.py
[2024-12-18T04:14:06.076-0800] {processor.py:208} INFO - Processing /Users/rishukhurana/anaconda3/lib/python3.11/site-packages/airflow/example_dags/subdags/subdag.py took 0.087 seconds
[2024-12-18T04:16:58.320-0800] {processor.py:186} INFO - Started process (PID=53655) to work on /Users/rishukhurana/anaconda3/lib/python3.11/site-packages/airflow/example_dags/subdags/subdag.py
[2024-12-18T04:16:58.323-0800] {processor.py:914} INFO - Processing file /Users/rishukhurana/anaconda3/lib/python3.11/site-packages/airflow/example_dags/subdags/subdag.py for tasks to queue
[2024-12-18T04:16:58.325-0800] {logging_mixin.py:190} INFO - [2024-12-18T04:16:58.324-0800] {dagbag.py:588} INFO - Filling up the DagBag from /Users/rishukhurana/anaconda3/lib/python3.11/site-packages/airflow/example_dags/subdags/subdag.py
[2024-12-18T04:16:58.328-0800] {processor.py:927} WARNING - No viable dags retrieved from /Users/rishukhurana/anaconda3/lib/python3.11/site-packages/airflow/example_dags/subdags/subdag.py
[2024-12-18T04:16:58.401-0800] {processor.py:208} INFO - Processing /Users/rishukhurana/anaconda3/lib/python3.11/site-packages/airflow/example_dags/subdags/subdag.py took 0.086 seconds
[2024-12-18T04:19:51.504-0800] {processor.py:186} INFO - Started process (PID=53798) to work on /Users/rishukhurana/anaconda3/lib/python3.11/site-packages/airflow/example_dags/subdags/subdag.py
[2024-12-18T04:19:51.507-0800] {processor.py:914} INFO - Processing file /Users/rishukhurana/anaconda3/lib/python3.11/site-packages/airflow/example_dags/subdags/subdag.py for tasks to queue
[2024-12-18T04:19:51.508-0800] {logging_mixin.py:190} INFO - [2024-12-18T04:19:51.508-0800] {dagbag.py:588} INFO - Filling up the DagBag from /Users/rishukhurana/anaconda3/lib/python3.11/site-packages/airflow/example_dags/subdags/subdag.py
[2024-12-18T04:19:51.511-0800] {processor.py:927} WARNING - No viable dags retrieved from /Users/rishukhurana/anaconda3/lib/python3.11/site-packages/airflow/example_dags/subdags/subdag.py
[2024-12-18T04:19:51.585-0800] {processor.py:208} INFO - Processing /Users/rishukhurana/anaconda3/lib/python3.11/site-packages/airflow/example_dags/subdags/subdag.py took 0.087 seconds
[2024-12-18T04:22:45.205-0800] {processor.py:186} INFO - Started process (PID=53954) to work on /Users/rishukhurana/anaconda3/lib/python3.11/site-packages/airflow/example_dags/subdags/subdag.py
[2024-12-18T04:22:45.208-0800] {processor.py:914} INFO - Processing file /Users/rishukhurana/anaconda3/lib/python3.11/site-packages/airflow/example_dags/subdags/subdag.py for tasks to queue
[2024-12-18T04:22:45.209-0800] {logging_mixin.py:190} INFO - [2024-12-18T04:22:45.209-0800] {dagbag.py:588} INFO - Filling up the DagBag from /Users/rishukhurana/anaconda3/lib/python3.11/site-packages/airflow/example_dags/subdags/subdag.py
[2024-12-18T04:22:45.211-0800] {processor.py:927} WARNING - No viable dags retrieved from /Users/rishukhurana/anaconda3/lib/python3.11/site-packages/airflow/example_dags/subdags/subdag.py
[2024-12-18T04:22:45.289-0800] {processor.py:208} INFO - Processing /Users/rishukhurana/anaconda3/lib/python3.11/site-packages/airflow/example_dags/subdags/subdag.py took 0.089 seconds
[2024-12-18T04:25:45.564-0800] {processor.py:186} INFO - Started process (PID=54117) to work on /Users/rishukhurana/anaconda3/lib/python3.11/site-packages/airflow/example_dags/subdags/subdag.py
[2024-12-18T04:25:45.566-0800] {processor.py:914} INFO - Processing file /Users/rishukhurana/anaconda3/lib/python3.11/site-packages/airflow/example_dags/subdags/subdag.py for tasks to queue
[2024-12-18T04:25:45.567-0800] {logging_mixin.py:190} INFO - [2024-12-18T04:25:45.567-0800] {dagbag.py:588} INFO - Filling up the DagBag from /Users/rishukhurana/anaconda3/lib/python3.11/site-packages/airflow/example_dags/subdags/subdag.py
[2024-12-18T04:25:45.569-0800] {processor.py:927} WARNING - No viable dags retrieved from /Users/rishukhurana/anaconda3/lib/python3.11/site-packages/airflow/example_dags/subdags/subdag.py
[2024-12-18T04:25:45.654-0800] {processor.py:208} INFO - Processing /Users/rishukhurana/anaconda3/lib/python3.11/site-packages/airflow/example_dags/subdags/subdag.py took 0.096 seconds
[2024-12-18T04:28:46.259-0800] {processor.py:186} INFO - Started process (PID=54266) to work on /Users/rishukhurana/anaconda3/lib/python3.11/site-packages/airflow/example_dags/subdags/subdag.py
[2024-12-18T04:28:46.261-0800] {processor.py:914} INFO - Processing file /Users/rishukhurana/anaconda3/lib/python3.11/site-packages/airflow/example_dags/subdags/subdag.py for tasks to queue
[2024-12-18T04:28:46.263-0800] {logging_mixin.py:190} INFO - [2024-12-18T04:28:46.262-0800] {dagbag.py:588} INFO - Filling up the DagBag from /Users/rishukhurana/anaconda3/lib/python3.11/site-packages/airflow/example_dags/subdags/subdag.py
[2024-12-18T04:28:46.265-0800] {processor.py:927} WARNING - No viable dags retrieved from /Users/rishukhurana/anaconda3/lib/python3.11/site-packages/airflow/example_dags/subdags/subdag.py
[2024-12-18T04:28:46.339-0800] {processor.py:208} INFO - Processing /Users/rishukhurana/anaconda3/lib/python3.11/site-packages/airflow/example_dags/subdags/subdag.py took 0.087 seconds
[2024-12-18T04:31:36.033-0800] {processor.py:186} INFO - Started process (PID=54409) to work on /Users/rishukhurana/anaconda3/lib/python3.11/site-packages/airflow/example_dags/subdags/subdag.py
[2024-12-18T04:31:36.035-0800] {processor.py:914} INFO - Processing file /Users/rishukhurana/anaconda3/lib/python3.11/site-packages/airflow/example_dags/subdags/subdag.py for tasks to queue
[2024-12-18T04:31:36.036-0800] {logging_mixin.py:190} INFO - [2024-12-18T04:31:36.036-0800] {dagbag.py:588} INFO - Filling up the DagBag from /Users/rishukhurana/anaconda3/lib/python3.11/site-packages/airflow/example_dags/subdags/subdag.py
[2024-12-18T04:31:36.038-0800] {processor.py:927} WARNING - No viable dags retrieved from /Users/rishukhurana/anaconda3/lib/python3.11/site-packages/airflow/example_dags/subdags/subdag.py
[2024-12-18T04:31:36.111-0800] {processor.py:208} INFO - Processing /Users/rishukhurana/anaconda3/lib/python3.11/site-packages/airflow/example_dags/subdags/subdag.py took 0.085 seconds
[2024-12-18T04:34:27.571-0800] {processor.py:186} INFO - Started process (PID=54554) to work on /Users/rishukhurana/anaconda3/lib/python3.11/site-packages/airflow/example_dags/subdags/subdag.py
[2024-12-18T04:34:27.573-0800] {processor.py:914} INFO - Processing file /Users/rishukhurana/anaconda3/lib/python3.11/site-packages/airflow/example_dags/subdags/subdag.py for tasks to queue
[2024-12-18T04:34:27.574-0800] {logging_mixin.py:190} INFO - [2024-12-18T04:34:27.574-0800] {dagbag.py:588} INFO - Filling up the DagBag from /Users/rishukhurana/anaconda3/lib/python3.11/site-packages/airflow/example_dags/subdags/subdag.py
[2024-12-18T04:34:27.576-0800] {processor.py:927} WARNING - No viable dags retrieved from /Users/rishukhurana/anaconda3/lib/python3.11/site-packages/airflow/example_dags/subdags/subdag.py
[2024-12-18T04:34:27.650-0800] {processor.py:208} INFO - Processing /Users/rishukhurana/anaconda3/lib/python3.11/site-packages/airflow/example_dags/subdags/subdag.py took 0.085 seconds
[2024-12-18T07:33:29.981-0800] {processor.py:186} INFO - Started process (PID=54831) to work on /Users/rishukhurana/anaconda3/lib/python3.11/site-packages/airflow/example_dags/subdags/subdag.py
[2024-12-18T07:33:29.983-0800] {processor.py:914} INFO - Processing file /Users/rishukhurana/anaconda3/lib/python3.11/site-packages/airflow/example_dags/subdags/subdag.py for tasks to queue
[2024-12-18T07:33:29.985-0800] {logging_mixin.py:190} INFO - [2024-12-18T07:33:29.984-0800] {dagbag.py:588} INFO - Filling up the DagBag from /Users/rishukhurana/anaconda3/lib/python3.11/site-packages/airflow/example_dags/subdags/subdag.py
[2024-12-18T07:33:29.988-0800] {processor.py:927} WARNING - No viable dags retrieved from /Users/rishukhurana/anaconda3/lib/python3.11/site-packages/airflow/example_dags/subdags/subdag.py
[2024-12-18T07:33:30.133-0800] {processor.py:208} INFO - Processing /Users/rishukhurana/anaconda3/lib/python3.11/site-packages/airflow/example_dags/subdags/subdag.py took 0.160 seconds
[2024-12-18T07:36:50.387-0800] {processor.py:186} INFO - Started process (PID=55008) to work on /Users/rishukhurana/anaconda3/lib/python3.11/site-packages/airflow/example_dags/subdags/subdag.py
[2024-12-18T07:36:50.390-0800] {processor.py:914} INFO - Processing file /Users/rishukhurana/anaconda3/lib/python3.11/site-packages/airflow/example_dags/subdags/subdag.py for tasks to queue
[2024-12-18T07:36:50.391-0800] {logging_mixin.py:190} INFO - [2024-12-18T07:36:50.391-0800] {dagbag.py:588} INFO - Filling up the DagBag from /Users/rishukhurana/anaconda3/lib/python3.11/site-packages/airflow/example_dags/subdags/subdag.py
[2024-12-18T07:36:50.395-0800] {processor.py:927} WARNING - No viable dags retrieved from /Users/rishukhurana/anaconda3/lib/python3.11/site-packages/airflow/example_dags/subdags/subdag.py
[2024-12-18T07:36:50.470-0800] {processor.py:208} INFO - Processing /Users/rishukhurana/anaconda3/lib/python3.11/site-packages/airflow/example_dags/subdags/subdag.py took 0.090 seconds
[2024-12-18T07:39:56.363-0800] {processor.py:186} INFO - Started process (PID=55159) to work on /Users/rishukhurana/anaconda3/lib/python3.11/site-packages/airflow/example_dags/subdags/subdag.py
[2024-12-18T07:39:56.366-0800] {processor.py:914} INFO - Processing file /Users/rishukhurana/anaconda3/lib/python3.11/site-packages/airflow/example_dags/subdags/subdag.py for tasks to queue
[2024-12-18T07:39:56.367-0800] {logging_mixin.py:190} INFO - [2024-12-18T07:39:56.367-0800] {dagbag.py:588} INFO - Filling up the DagBag from /Users/rishukhurana/anaconda3/lib/python3.11/site-packages/airflow/example_dags/subdags/subdag.py
[2024-12-18T07:39:56.370-0800] {processor.py:927} WARNING - No viable dags retrieved from /Users/rishukhurana/anaconda3/lib/python3.11/site-packages/airflow/example_dags/subdags/subdag.py
[2024-12-18T07:39:56.444-0800] {processor.py:208} INFO - Processing /Users/rishukhurana/anaconda3/lib/python3.11/site-packages/airflow/example_dags/subdags/subdag.py took 0.087 seconds
[2024-12-18T07:42:59.218-0800] {processor.py:186} INFO - Started process (PID=55304) to work on /Users/rishukhurana/anaconda3/lib/python3.11/site-packages/airflow/example_dags/subdags/subdag.py
[2024-12-18T07:42:59.220-0800] {processor.py:914} INFO - Processing file /Users/rishukhurana/anaconda3/lib/python3.11/site-packages/airflow/example_dags/subdags/subdag.py for tasks to queue
[2024-12-18T07:42:59.222-0800] {logging_mixin.py:190} INFO - [2024-12-18T07:42:59.221-0800] {dagbag.py:588} INFO - Filling up the DagBag from /Users/rishukhurana/anaconda3/lib/python3.11/site-packages/airflow/example_dags/subdags/subdag.py
[2024-12-18T07:42:59.225-0800] {processor.py:927} WARNING - No viable dags retrieved from /Users/rishukhurana/anaconda3/lib/python3.11/site-packages/airflow/example_dags/subdags/subdag.py
[2024-12-18T07:42:59.298-0800] {processor.py:208} INFO - Processing /Users/rishukhurana/anaconda3/lib/python3.11/site-packages/airflow/example_dags/subdags/subdag.py took 0.087 seconds
[2024-12-18T07:45:56.744-0800] {processor.py:186} INFO - Started process (PID=55447) to work on /Users/rishukhurana/anaconda3/lib/python3.11/site-packages/airflow/example_dags/subdags/subdag.py
[2024-12-18T07:45:56.747-0800] {processor.py:914} INFO - Processing file /Users/rishukhurana/anaconda3/lib/python3.11/site-packages/airflow/example_dags/subdags/subdag.py for tasks to queue
[2024-12-18T07:45:56.748-0800] {logging_mixin.py:190} INFO - [2024-12-18T07:45:56.748-0800] {dagbag.py:588} INFO - Filling up the DagBag from /Users/rishukhurana/anaconda3/lib/python3.11/site-packages/airflow/example_dags/subdags/subdag.py
[2024-12-18T07:45:56.750-0800] {processor.py:927} WARNING - No viable dags retrieved from /Users/rishukhurana/anaconda3/lib/python3.11/site-packages/airflow/example_dags/subdags/subdag.py
[2024-12-18T07:45:56.822-0800] {processor.py:208} INFO - Processing /Users/rishukhurana/anaconda3/lib/python3.11/site-packages/airflow/example_dags/subdags/subdag.py took 0.085 seconds
[2024-12-18T07:49:01.861-0800] {processor.py:186} INFO - Started process (PID=55591) to work on /Users/rishukhurana/anaconda3/lib/python3.11/site-packages/airflow/example_dags/subdags/subdag.py
[2024-12-18T07:49:01.863-0800] {processor.py:914} INFO - Processing file /Users/rishukhurana/anaconda3/lib/python3.11/site-packages/airflow/example_dags/subdags/subdag.py for tasks to queue
[2024-12-18T07:49:01.865-0800] {logging_mixin.py:190} INFO - [2024-12-18T07:49:01.865-0800] {dagbag.py:588} INFO - Filling up the DagBag from /Users/rishukhurana/anaconda3/lib/python3.11/site-packages/airflow/example_dags/subdags/subdag.py
[2024-12-18T07:49:01.867-0800] {processor.py:927} WARNING - No viable dags retrieved from /Users/rishukhurana/anaconda3/lib/python3.11/site-packages/airflow/example_dags/subdags/subdag.py
[2024-12-18T07:49:01.951-0800] {processor.py:208} INFO - Processing /Users/rishukhurana/anaconda3/lib/python3.11/site-packages/airflow/example_dags/subdags/subdag.py took 0.098 seconds
[2024-12-18T07:52:14.078-0800] {processor.py:186} INFO - Started process (PID=55739) to work on /Users/rishukhurana/anaconda3/lib/python3.11/site-packages/airflow/example_dags/subdags/subdag.py
[2024-12-18T07:52:14.080-0800] {processor.py:914} INFO - Processing file /Users/rishukhurana/anaconda3/lib/python3.11/site-packages/airflow/example_dags/subdags/subdag.py for tasks to queue
[2024-12-18T07:52:14.081-0800] {logging_mixin.py:190} INFO - [2024-12-18T07:52:14.081-0800] {dagbag.py:588} INFO - Filling up the DagBag from /Users/rishukhurana/anaconda3/lib/python3.11/site-packages/airflow/example_dags/subdags/subdag.py
[2024-12-18T07:52:14.084-0800] {processor.py:927} WARNING - No viable dags retrieved from /Users/rishukhurana/anaconda3/lib/python3.11/site-packages/airflow/example_dags/subdags/subdag.py
[2024-12-18T07:52:14.170-0800] {processor.py:208} INFO - Processing /Users/rishukhurana/anaconda3/lib/python3.11/site-packages/airflow/example_dags/subdags/subdag.py took 0.099 seconds
[2024-12-18T07:55:21.846-0800] {processor.py:186} INFO - Started process (PID=55893) to work on /Users/rishukhurana/anaconda3/lib/python3.11/site-packages/airflow/example_dags/subdags/subdag.py
[2024-12-18T07:55:21.849-0800] {processor.py:914} INFO - Processing file /Users/rishukhurana/anaconda3/lib/python3.11/site-packages/airflow/example_dags/subdags/subdag.py for tasks to queue
[2024-12-18T07:55:21.850-0800] {logging_mixin.py:190} INFO - [2024-12-18T07:55:21.850-0800] {dagbag.py:588} INFO - Filling up the DagBag from /Users/rishukhurana/anaconda3/lib/python3.11/site-packages/airflow/example_dags/subdags/subdag.py
[2024-12-18T07:55:21.854-0800] {processor.py:927} WARNING - No viable dags retrieved from /Users/rishukhurana/anaconda3/lib/python3.11/site-packages/airflow/example_dags/subdags/subdag.py
[2024-12-18T07:55:21.942-0800] {processor.py:208} INFO - Processing /Users/rishukhurana/anaconda3/lib/python3.11/site-packages/airflow/example_dags/subdags/subdag.py took 0.100 seconds
[2024-12-18T07:58:42.978-0800] {processor.py:186} INFO - Started process (PID=56060) to work on /Users/rishukhurana/anaconda3/lib/python3.11/site-packages/airflow/example_dags/subdags/subdag.py
[2024-12-18T07:58:42.981-0800] {processor.py:914} INFO - Processing file /Users/rishukhurana/anaconda3/lib/python3.11/site-packages/airflow/example_dags/subdags/subdag.py for tasks to queue
[2024-12-18T07:58:42.982-0800] {logging_mixin.py:190} INFO - [2024-12-18T07:58:42.981-0800] {dagbag.py:588} INFO - Filling up the DagBag from /Users/rishukhurana/anaconda3/lib/python3.11/site-packages/airflow/example_dags/subdags/subdag.py
[2024-12-18T07:58:42.985-0800] {processor.py:927} WARNING - No viable dags retrieved from /Users/rishukhurana/anaconda3/lib/python3.11/site-packages/airflow/example_dags/subdags/subdag.py
[2024-12-18T07:58:43.070-0800] {processor.py:208} INFO - Processing /Users/rishukhurana/anaconda3/lib/python3.11/site-packages/airflow/example_dags/subdags/subdag.py took 0.097 seconds
[2024-12-18T08:02:00.688-0800] {processor.py:186} INFO - Started process (PID=56213) to work on /Users/rishukhurana/anaconda3/lib/python3.11/site-packages/airflow/example_dags/subdags/subdag.py
[2024-12-18T08:02:00.691-0800] {processor.py:914} INFO - Processing file /Users/rishukhurana/anaconda3/lib/python3.11/site-packages/airflow/example_dags/subdags/subdag.py for tasks to queue
[2024-12-18T08:02:00.692-0800] {logging_mixin.py:190} INFO - [2024-12-18T08:02:00.692-0800] {dagbag.py:588} INFO - Filling up the DagBag from /Users/rishukhurana/anaconda3/lib/python3.11/site-packages/airflow/example_dags/subdags/subdag.py
[2024-12-18T08:02:00.695-0800] {processor.py:927} WARNING - No viable dags retrieved from /Users/rishukhurana/anaconda3/lib/python3.11/site-packages/airflow/example_dags/subdags/subdag.py
[2024-12-18T08:02:00.785-0800] {processor.py:208} INFO - Processing /Users/rishukhurana/anaconda3/lib/python3.11/site-packages/airflow/example_dags/subdags/subdag.py took 0.105 seconds
[2024-12-18T08:05:13.940-0800] {processor.py:186} INFO - Started process (PID=56396) to work on /Users/rishukhurana/anaconda3/lib/python3.11/site-packages/airflow/example_dags/subdags/subdag.py
[2024-12-18T08:05:13.943-0800] {processor.py:914} INFO - Processing file /Users/rishukhurana/anaconda3/lib/python3.11/site-packages/airflow/example_dags/subdags/subdag.py for tasks to queue
[2024-12-18T08:05:13.944-0800] {logging_mixin.py:190} INFO - [2024-12-18T08:05:13.944-0800] {dagbag.py:588} INFO - Filling up the DagBag from /Users/rishukhurana/anaconda3/lib/python3.11/site-packages/airflow/example_dags/subdags/subdag.py
[2024-12-18T08:05:13.947-0800] {processor.py:927} WARNING - No viable dags retrieved from /Users/rishukhurana/anaconda3/lib/python3.11/site-packages/airflow/example_dags/subdags/subdag.py
[2024-12-18T08:05:14.036-0800] {processor.py:208} INFO - Processing /Users/rishukhurana/anaconda3/lib/python3.11/site-packages/airflow/example_dags/subdags/subdag.py took 0.103 seconds
[2024-12-18T08:08:25.299-0800] {processor.py:186} INFO - Started process (PID=56566) to work on /Users/rishukhurana/anaconda3/lib/python3.11/site-packages/airflow/example_dags/subdags/subdag.py
[2024-12-18T08:08:25.302-0800] {processor.py:914} INFO - Processing file /Users/rishukhurana/anaconda3/lib/python3.11/site-packages/airflow/example_dags/subdags/subdag.py for tasks to queue
[2024-12-18T08:08:25.303-0800] {logging_mixin.py:190} INFO - [2024-12-18T08:08:25.303-0800] {dagbag.py:588} INFO - Filling up the DagBag from /Users/rishukhurana/anaconda3/lib/python3.11/site-packages/airflow/example_dags/subdags/subdag.py
[2024-12-18T08:08:25.306-0800] {processor.py:927} WARNING - No viable dags retrieved from /Users/rishukhurana/anaconda3/lib/python3.11/site-packages/airflow/example_dags/subdags/subdag.py
[2024-12-18T08:08:25.395-0800] {processor.py:208} INFO - Processing /Users/rishukhurana/anaconda3/lib/python3.11/site-packages/airflow/example_dags/subdags/subdag.py took 0.102 seconds
[2024-12-18T08:11:36.056-0800] {processor.py:186} INFO - Started process (PID=56716) to work on /Users/rishukhurana/anaconda3/lib/python3.11/site-packages/airflow/example_dags/subdags/subdag.py
[2024-12-18T08:11:36.059-0800] {processor.py:914} INFO - Processing file /Users/rishukhurana/anaconda3/lib/python3.11/site-packages/airflow/example_dags/subdags/subdag.py for tasks to queue
[2024-12-18T08:11:36.060-0800] {logging_mixin.py:190} INFO - [2024-12-18T08:11:36.060-0800] {dagbag.py:588} INFO - Filling up the DagBag from /Users/rishukhurana/anaconda3/lib/python3.11/site-packages/airflow/example_dags/subdags/subdag.py
[2024-12-18T08:11:36.064-0800] {processor.py:927} WARNING - No viable dags retrieved from /Users/rishukhurana/anaconda3/lib/python3.11/site-packages/airflow/example_dags/subdags/subdag.py
[2024-12-18T08:11:36.151-0800] {processor.py:208} INFO - Processing /Users/rishukhurana/anaconda3/lib/python3.11/site-packages/airflow/example_dags/subdags/subdag.py took 0.101 seconds
[2024-12-18T08:14:45.881-0800] {processor.py:186} INFO - Started process (PID=56860) to work on /Users/rishukhurana/anaconda3/lib/python3.11/site-packages/airflow/example_dags/subdags/subdag.py
[2024-12-18T08:14:45.884-0800] {processor.py:914} INFO - Processing file /Users/rishukhurana/anaconda3/lib/python3.11/site-packages/airflow/example_dags/subdags/subdag.py for tasks to queue
[2024-12-18T08:14:45.886-0800] {logging_mixin.py:190} INFO - [2024-12-18T08:14:45.885-0800] {dagbag.py:588} INFO - Filling up the DagBag from /Users/rishukhurana/anaconda3/lib/python3.11/site-packages/airflow/example_dags/subdags/subdag.py
[2024-12-18T08:14:45.888-0800] {processor.py:927} WARNING - No viable dags retrieved from /Users/rishukhurana/anaconda3/lib/python3.11/site-packages/airflow/example_dags/subdags/subdag.py
[2024-12-18T08:14:45.977-0800] {processor.py:208} INFO - Processing /Users/rishukhurana/anaconda3/lib/python3.11/site-packages/airflow/example_dags/subdags/subdag.py took 0.103 seconds
[2024-12-18T08:18:01.220-0800] {processor.py:186} INFO - Started process (PID=57010) to work on /Users/rishukhurana/anaconda3/lib/python3.11/site-packages/airflow/example_dags/subdags/subdag.py
[2024-12-18T08:18:01.223-0800] {processor.py:914} INFO - Processing file /Users/rishukhurana/anaconda3/lib/python3.11/site-packages/airflow/example_dags/subdags/subdag.py for tasks to queue
[2024-12-18T08:18:01.224-0800] {logging_mixin.py:190} INFO - [2024-12-18T08:18:01.224-0800] {dagbag.py:588} INFO - Filling up the DagBag from /Users/rishukhurana/anaconda3/lib/python3.11/site-packages/airflow/example_dags/subdags/subdag.py
[2024-12-18T08:18:01.227-0800] {processor.py:927} WARNING - No viable dags retrieved from /Users/rishukhurana/anaconda3/lib/python3.11/site-packages/airflow/example_dags/subdags/subdag.py
[2024-12-18T08:18:01.317-0800] {processor.py:208} INFO - Processing /Users/rishukhurana/anaconda3/lib/python3.11/site-packages/airflow/example_dags/subdags/subdag.py took 0.103 seconds
[2024-12-18T08:21:10.594-0800] {processor.py:186} INFO - Started process (PID=57156) to work on /Users/rishukhurana/anaconda3/lib/python3.11/site-packages/airflow/example_dags/subdags/subdag.py
[2024-12-18T08:21:10.596-0800] {processor.py:914} INFO - Processing file /Users/rishukhurana/anaconda3/lib/python3.11/site-packages/airflow/example_dags/subdags/subdag.py for tasks to queue
[2024-12-18T08:21:10.598-0800] {logging_mixin.py:190} INFO - [2024-12-18T08:21:10.597-0800] {dagbag.py:588} INFO - Filling up the DagBag from /Users/rishukhurana/anaconda3/lib/python3.11/site-packages/airflow/example_dags/subdags/subdag.py
[2024-12-18T08:21:10.600-0800] {processor.py:927} WARNING - No viable dags retrieved from /Users/rishukhurana/anaconda3/lib/python3.11/site-packages/airflow/example_dags/subdags/subdag.py
[2024-12-18T08:21:10.690-0800] {processor.py:208} INFO - Processing /Users/rishukhurana/anaconda3/lib/python3.11/site-packages/airflow/example_dags/subdags/subdag.py took 0.100 seconds
[2024-12-18T08:24:19.805-0800] {processor.py:186} INFO - Started process (PID=57305) to work on /Users/rishukhurana/anaconda3/lib/python3.11/site-packages/airflow/example_dags/subdags/subdag.py
[2024-12-18T08:24:19.808-0800] {processor.py:914} INFO - Processing file /Users/rishukhurana/anaconda3/lib/python3.11/site-packages/airflow/example_dags/subdags/subdag.py for tasks to queue
[2024-12-18T08:24:19.809-0800] {logging_mixin.py:190} INFO - [2024-12-18T08:24:19.809-0800] {dagbag.py:588} INFO - Filling up the DagBag from /Users/rishukhurana/anaconda3/lib/python3.11/site-packages/airflow/example_dags/subdags/subdag.py
[2024-12-18T08:24:19.812-0800] {processor.py:927} WARNING - No viable dags retrieved from /Users/rishukhurana/anaconda3/lib/python3.11/site-packages/airflow/example_dags/subdags/subdag.py
[2024-12-18T08:24:19.902-0800] {processor.py:208} INFO - Processing /Users/rishukhurana/anaconda3/lib/python3.11/site-packages/airflow/example_dags/subdags/subdag.py took 0.102 seconds
[2024-12-18T08:27:28.460-0800] {processor.py:186} INFO - Started process (PID=57452) to work on /Users/rishukhurana/anaconda3/lib/python3.11/site-packages/airflow/example_dags/subdags/subdag.py
[2024-12-18T08:27:28.461-0800] {processor.py:914} INFO - Processing file /Users/rishukhurana/anaconda3/lib/python3.11/site-packages/airflow/example_dags/subdags/subdag.py for tasks to queue
[2024-12-18T08:27:28.462-0800] {logging_mixin.py:190} INFO - [2024-12-18T08:27:28.462-0800] {dagbag.py:588} INFO - Filling up the DagBag from /Users/rishukhurana/anaconda3/lib/python3.11/site-packages/airflow/example_dags/subdags/subdag.py
[2024-12-18T08:27:28.465-0800] {processor.py:927} WARNING - No viable dags retrieved from /Users/rishukhurana/anaconda3/lib/python3.11/site-packages/airflow/example_dags/subdags/subdag.py
[2024-12-18T08:27:28.557-0800] {processor.py:208} INFO - Processing /Users/rishukhurana/anaconda3/lib/python3.11/site-packages/airflow/example_dags/subdags/subdag.py took 0.101 seconds
[2024-12-18T08:30:39.164-0800] {processor.py:186} INFO - Started process (PID=57602) to work on /Users/rishukhurana/anaconda3/lib/python3.11/site-packages/airflow/example_dags/subdags/subdag.py
[2024-12-18T08:30:39.166-0800] {processor.py:914} INFO - Processing file /Users/rishukhurana/anaconda3/lib/python3.11/site-packages/airflow/example_dags/subdags/subdag.py for tasks to queue
[2024-12-18T08:30:39.167-0800] {logging_mixin.py:190} INFO - [2024-12-18T08:30:39.167-0800] {dagbag.py:588} INFO - Filling up the DagBag from /Users/rishukhurana/anaconda3/lib/python3.11/site-packages/airflow/example_dags/subdags/subdag.py
[2024-12-18T08:30:39.170-0800] {processor.py:927} WARNING - No viable dags retrieved from /Users/rishukhurana/anaconda3/lib/python3.11/site-packages/airflow/example_dags/subdags/subdag.py
[2024-12-18T08:30:39.260-0800] {processor.py:208} INFO - Processing /Users/rishukhurana/anaconda3/lib/python3.11/site-packages/airflow/example_dags/subdags/subdag.py took 0.103 seconds
[2024-12-18T08:33:46.860-0800] {processor.py:186} INFO - Started process (PID=57766) to work on /Users/rishukhurana/anaconda3/lib/python3.11/site-packages/airflow/example_dags/subdags/subdag.py
[2024-12-18T08:33:46.863-0800] {processor.py:914} INFO - Processing file /Users/rishukhurana/anaconda3/lib/python3.11/site-packages/airflow/example_dags/subdags/subdag.py for tasks to queue
[2024-12-18T08:33:46.864-0800] {logging_mixin.py:190} INFO - [2024-12-18T08:33:46.864-0800] {dagbag.py:588} INFO - Filling up the DagBag from /Users/rishukhurana/anaconda3/lib/python3.11/site-packages/airflow/example_dags/subdags/subdag.py
[2024-12-18T08:33:46.868-0800] {processor.py:927} WARNING - No viable dags retrieved from /Users/rishukhurana/anaconda3/lib/python3.11/site-packages/airflow/example_dags/subdags/subdag.py
[2024-12-18T08:33:46.942-0800] {processor.py:208} INFO - Processing /Users/rishukhurana/anaconda3/lib/python3.11/site-packages/airflow/example_dags/subdags/subdag.py took 0.089 seconds
[2024-12-18T08:36:45.773-0800] {processor.py:186} INFO - Started process (PID=57910) to work on /Users/rishukhurana/anaconda3/lib/python3.11/site-packages/airflow/example_dags/subdags/subdag.py
[2024-12-18T08:36:45.776-0800] {processor.py:914} INFO - Processing file /Users/rishukhurana/anaconda3/lib/python3.11/site-packages/airflow/example_dags/subdags/subdag.py for tasks to queue
[2024-12-18T08:36:45.777-0800] {logging_mixin.py:190} INFO - [2024-12-18T08:36:45.777-0800] {dagbag.py:588} INFO - Filling up the DagBag from /Users/rishukhurana/anaconda3/lib/python3.11/site-packages/airflow/example_dags/subdags/subdag.py
[2024-12-18T08:36:45.779-0800] {processor.py:927} WARNING - No viable dags retrieved from /Users/rishukhurana/anaconda3/lib/python3.11/site-packages/airflow/example_dags/subdags/subdag.py
[2024-12-18T08:36:45.878-0800] {processor.py:208} INFO - Processing /Users/rishukhurana/anaconda3/lib/python3.11/site-packages/airflow/example_dags/subdags/subdag.py took 0.110 seconds
[2024-12-18T08:39:51.229-0800] {processor.py:186} INFO - Started process (PID=58100) to work on /Users/rishukhurana/anaconda3/lib/python3.11/site-packages/airflow/example_dags/subdags/subdag.py
[2024-12-18T08:39:51.231-0800] {processor.py:914} INFO - Processing file /Users/rishukhurana/anaconda3/lib/python3.11/site-packages/airflow/example_dags/subdags/subdag.py for tasks to queue
[2024-12-18T08:39:51.233-0800] {logging_mixin.py:190} INFO - [2024-12-18T08:39:51.233-0800] {dagbag.py:588} INFO - Filling up the DagBag from /Users/rishukhurana/anaconda3/lib/python3.11/site-packages/airflow/example_dags/subdags/subdag.py
[2024-12-18T08:39:51.236-0800] {processor.py:927} WARNING - No viable dags retrieved from /Users/rishukhurana/anaconda3/lib/python3.11/site-packages/airflow/example_dags/subdags/subdag.py
[2024-12-18T08:39:51.318-0800] {processor.py:208} INFO - Processing /Users/rishukhurana/anaconda3/lib/python3.11/site-packages/airflow/example_dags/subdags/subdag.py took 0.096 seconds
[2024-12-18T08:42:45.685-0800] {processor.py:186} INFO - Started process (PID=58257) to work on /Users/rishukhurana/anaconda3/lib/python3.11/site-packages/airflow/example_dags/subdags/subdag.py
[2024-12-18T08:42:45.687-0800] {processor.py:914} INFO - Processing file /Users/rishukhurana/anaconda3/lib/python3.11/site-packages/airflow/example_dags/subdags/subdag.py for tasks to queue
[2024-12-18T08:42:45.688-0800] {logging_mixin.py:190} INFO - [2024-12-18T08:42:45.688-0800] {dagbag.py:588} INFO - Filling up the DagBag from /Users/rishukhurana/anaconda3/lib/python3.11/site-packages/airflow/example_dags/subdags/subdag.py
[2024-12-18T08:42:45.690-0800] {processor.py:927} WARNING - No viable dags retrieved from /Users/rishukhurana/anaconda3/lib/python3.11/site-packages/airflow/example_dags/subdags/subdag.py
[2024-12-18T08:42:45.762-0800] {processor.py:208} INFO - Processing /Users/rishukhurana/anaconda3/lib/python3.11/site-packages/airflow/example_dags/subdags/subdag.py took 0.084 seconds
[2024-12-18T09:00:38.191-0800] {processor.py:186} INFO - Started process (PID=58424) to work on /Users/rishukhurana/anaconda3/lib/python3.11/site-packages/airflow/example_dags/subdags/subdag.py
[2024-12-18T09:00:38.194-0800] {processor.py:914} INFO - Processing file /Users/rishukhurana/anaconda3/lib/python3.11/site-packages/airflow/example_dags/subdags/subdag.py for tasks to queue
[2024-12-18T09:00:38.196-0800] {logging_mixin.py:190} INFO - [2024-12-18T09:00:38.195-0800] {dagbag.py:588} INFO - Filling up the DagBag from /Users/rishukhurana/anaconda3/lib/python3.11/site-packages/airflow/example_dags/subdags/subdag.py
[2024-12-18T09:00:38.199-0800] {processor.py:927} WARNING - No viable dags retrieved from /Users/rishukhurana/anaconda3/lib/python3.11/site-packages/airflow/example_dags/subdags/subdag.py
[2024-12-18T09:00:38.297-0800] {processor.py:208} INFO - Processing /Users/rishukhurana/anaconda3/lib/python3.11/site-packages/airflow/example_dags/subdags/subdag.py took 0.113 seconds
[2024-12-18T09:03:44.941-0800] {processor.py:186} INFO - Started process (PID=58581) to work on /Users/rishukhurana/anaconda3/lib/python3.11/site-packages/airflow/example_dags/subdags/subdag.py
[2024-12-18T09:03:44.943-0800] {processor.py:914} INFO - Processing file /Users/rishukhurana/anaconda3/lib/python3.11/site-packages/airflow/example_dags/subdags/subdag.py for tasks to queue
[2024-12-18T09:03:44.944-0800] {logging_mixin.py:190} INFO - [2024-12-18T09:03:44.944-0800] {dagbag.py:588} INFO - Filling up the DagBag from /Users/rishukhurana/anaconda3/lib/python3.11/site-packages/airflow/example_dags/subdags/subdag.py
[2024-12-18T09:03:44.946-0800] {processor.py:927} WARNING - No viable dags retrieved from /Users/rishukhurana/anaconda3/lib/python3.11/site-packages/airflow/example_dags/subdags/subdag.py
[2024-12-18T09:03:45.046-0800] {processor.py:208} INFO - Processing /Users/rishukhurana/anaconda3/lib/python3.11/site-packages/airflow/example_dags/subdags/subdag.py took 0.110 seconds
[2024-12-18T09:06:53.739-0800] {processor.py:186} INFO - Started process (PID=58732) to work on /Users/rishukhurana/anaconda3/lib/python3.11/site-packages/airflow/example_dags/subdags/subdag.py
[2024-12-18T09:06:53.743-0800] {processor.py:914} INFO - Processing file /Users/rishukhurana/anaconda3/lib/python3.11/site-packages/airflow/example_dags/subdags/subdag.py for tasks to queue
[2024-12-18T09:06:53.744-0800] {logging_mixin.py:190} INFO - [2024-12-18T09:06:53.744-0800] {dagbag.py:588} INFO - Filling up the DagBag from /Users/rishukhurana/anaconda3/lib/python3.11/site-packages/airflow/example_dags/subdags/subdag.py
[2024-12-18T09:06:53.747-0800] {processor.py:927} WARNING - No viable dags retrieved from /Users/rishukhurana/anaconda3/lib/python3.11/site-packages/airflow/example_dags/subdags/subdag.py
[2024-12-18T09:06:53.830-0800] {processor.py:208} INFO - Processing /Users/rishukhurana/anaconda3/lib/python3.11/site-packages/airflow/example_dags/subdags/subdag.py took 0.095 seconds
[2024-12-18T09:10:01.625-0800] {processor.py:186} INFO - Started process (PID=58884) to work on /Users/rishukhurana/anaconda3/lib/python3.11/site-packages/airflow/example_dags/subdags/subdag.py
[2024-12-18T09:10:01.628-0800] {processor.py:914} INFO - Processing file /Users/rishukhurana/anaconda3/lib/python3.11/site-packages/airflow/example_dags/subdags/subdag.py for tasks to queue
[2024-12-18T09:10:01.630-0800] {logging_mixin.py:190} INFO - [2024-12-18T09:10:01.629-0800] {dagbag.py:588} INFO - Filling up the DagBag from /Users/rishukhurana/anaconda3/lib/python3.11/site-packages/airflow/example_dags/subdags/subdag.py
[2024-12-18T09:10:01.633-0800] {processor.py:927} WARNING - No viable dags retrieved from /Users/rishukhurana/anaconda3/lib/python3.11/site-packages/airflow/example_dags/subdags/subdag.py
[2024-12-18T09:10:01.710-0800] {processor.py:208} INFO - Processing /Users/rishukhurana/anaconda3/lib/python3.11/site-packages/airflow/example_dags/subdags/subdag.py took 0.091 seconds
[2024-12-18T09:13:15.383-0800] {processor.py:186} INFO - Started process (PID=59039) to work on /Users/rishukhurana/anaconda3/lib/python3.11/site-packages/airflow/example_dags/subdags/subdag.py
[2024-12-18T09:13:15.386-0800] {processor.py:914} INFO - Processing file /Users/rishukhurana/anaconda3/lib/python3.11/site-packages/airflow/example_dags/subdags/subdag.py for tasks to queue
[2024-12-18T09:13:15.387-0800] {logging_mixin.py:190} INFO - [2024-12-18T09:13:15.387-0800] {dagbag.py:588} INFO - Filling up the DagBag from /Users/rishukhurana/anaconda3/lib/python3.11/site-packages/airflow/example_dags/subdags/subdag.py
[2024-12-18T09:13:15.390-0800] {processor.py:927} WARNING - No viable dags retrieved from /Users/rishukhurana/anaconda3/lib/python3.11/site-packages/airflow/example_dags/subdags/subdag.py
[2024-12-18T09:13:15.478-0800] {processor.py:208} INFO - Processing /Users/rishukhurana/anaconda3/lib/python3.11/site-packages/airflow/example_dags/subdags/subdag.py took 0.101 seconds
[2024-12-18T09:16:24.422-0800] {processor.py:186} INFO - Started process (PID=59192) to work on /Users/rishukhurana/anaconda3/lib/python3.11/site-packages/airflow/example_dags/subdags/subdag.py
[2024-12-18T09:16:24.425-0800] {processor.py:914} INFO - Processing file /Users/rishukhurana/anaconda3/lib/python3.11/site-packages/airflow/example_dags/subdags/subdag.py for tasks to queue
[2024-12-18T09:16:24.427-0800] {logging_mixin.py:190} INFO - [2024-12-18T09:16:24.426-0800] {dagbag.py:588} INFO - Filling up the DagBag from /Users/rishukhurana/anaconda3/lib/python3.11/site-packages/airflow/example_dags/subdags/subdag.py
[2024-12-18T09:16:24.430-0800] {processor.py:927} WARNING - No viable dags retrieved from /Users/rishukhurana/anaconda3/lib/python3.11/site-packages/airflow/example_dags/subdags/subdag.py
[2024-12-18T09:16:24.514-0800] {processor.py:208} INFO - Processing /Users/rishukhurana/anaconda3/lib/python3.11/site-packages/airflow/example_dags/subdags/subdag.py took 0.099 seconds
[2024-12-18T09:19:26.114-0800] {processor.py:186} INFO - Started process (PID=59354) to work on /Users/rishukhurana/anaconda3/lib/python3.11/site-packages/airflow/example_dags/subdags/subdag.py
[2024-12-18T09:19:26.117-0800] {processor.py:914} INFO - Processing file /Users/rishukhurana/anaconda3/lib/python3.11/site-packages/airflow/example_dags/subdags/subdag.py for tasks to queue
[2024-12-18T09:19:26.118-0800] {logging_mixin.py:190} INFO - [2024-12-18T09:19:26.118-0800] {dagbag.py:588} INFO - Filling up the DagBag from /Users/rishukhurana/anaconda3/lib/python3.11/site-packages/airflow/example_dags/subdags/subdag.py
[2024-12-18T09:19:26.121-0800] {processor.py:927} WARNING - No viable dags retrieved from /Users/rishukhurana/anaconda3/lib/python3.11/site-packages/airflow/example_dags/subdags/subdag.py
[2024-12-18T09:19:26.207-0800] {processor.py:208} INFO - Processing /Users/rishukhurana/anaconda3/lib/python3.11/site-packages/airflow/example_dags/subdags/subdag.py took 0.100 seconds
[2024-12-18T09:22:33.195-0800] {processor.py:186} INFO - Started process (PID=59533) to work on /Users/rishukhurana/anaconda3/lib/python3.11/site-packages/airflow/example_dags/subdags/subdag.py
[2024-12-18T09:22:33.198-0800] {processor.py:914} INFO - Processing file /Users/rishukhurana/anaconda3/lib/python3.11/site-packages/airflow/example_dags/subdags/subdag.py for tasks to queue
[2024-12-18T09:22:33.199-0800] {logging_mixin.py:190} INFO - [2024-12-18T09:22:33.199-0800] {dagbag.py:588} INFO - Filling up the DagBag from /Users/rishukhurana/anaconda3/lib/python3.11/site-packages/airflow/example_dags/subdags/subdag.py
[2024-12-18T09:22:33.201-0800] {processor.py:927} WARNING - No viable dags retrieved from /Users/rishukhurana/anaconda3/lib/python3.11/site-packages/airflow/example_dags/subdags/subdag.py
[2024-12-18T09:22:33.280-0800] {processor.py:208} INFO - Processing /Users/rishukhurana/anaconda3/lib/python3.11/site-packages/airflow/example_dags/subdags/subdag.py took 0.091 seconds
[2024-12-18T09:25:46.283-0800] {processor.py:186} INFO - Started process (PID=59702) to work on /Users/rishukhurana/anaconda3/lib/python3.11/site-packages/airflow/example_dags/subdags/subdag.py
[2024-12-18T09:25:46.285-0800] {processor.py:914} INFO - Processing file /Users/rishukhurana/anaconda3/lib/python3.11/site-packages/airflow/example_dags/subdags/subdag.py for tasks to queue
[2024-12-18T09:25:46.287-0800] {logging_mixin.py:190} INFO - [2024-12-18T09:25:46.287-0800] {dagbag.py:588} INFO - Filling up the DagBag from /Users/rishukhurana/anaconda3/lib/python3.11/site-packages/airflow/example_dags/subdags/subdag.py
[2024-12-18T09:25:46.290-0800] {processor.py:927} WARNING - No viable dags retrieved from /Users/rishukhurana/anaconda3/lib/python3.11/site-packages/airflow/example_dags/subdags/subdag.py
[2024-12-18T09:25:46.372-0800] {processor.py:208} INFO - Processing /Users/rishukhurana/anaconda3/lib/python3.11/site-packages/airflow/example_dags/subdags/subdag.py took 0.096 seconds
[2024-12-18T09:28:58.989-0800] {processor.py:186} INFO - Started process (PID=59857) to work on /Users/rishukhurana/anaconda3/lib/python3.11/site-packages/airflow/example_dags/subdags/subdag.py
[2024-12-18T09:28:58.992-0800] {processor.py:914} INFO - Processing file /Users/rishukhurana/anaconda3/lib/python3.11/site-packages/airflow/example_dags/subdags/subdag.py for tasks to queue
[2024-12-18T09:28:58.994-0800] {logging_mixin.py:190} INFO - [2024-12-18T09:28:58.993-0800] {dagbag.py:588} INFO - Filling up the DagBag from /Users/rishukhurana/anaconda3/lib/python3.11/site-packages/airflow/example_dags/subdags/subdag.py
[2024-12-18T09:28:58.996-0800] {processor.py:927} WARNING - No viable dags retrieved from /Users/rishukhurana/anaconda3/lib/python3.11/site-packages/airflow/example_dags/subdags/subdag.py
[2024-12-18T09:28:59.081-0800] {processor.py:208} INFO - Processing /Users/rishukhurana/anaconda3/lib/python3.11/site-packages/airflow/example_dags/subdags/subdag.py took 0.098 seconds
[2024-12-18T10:43:11.971-0800] {processor.py:186} INFO - Started process (PID=60090) to work on /Users/rishukhurana/anaconda3/lib/python3.11/site-packages/airflow/example_dags/subdags/subdag.py
[2024-12-18T10:43:11.974-0800] {processor.py:914} INFO - Processing file /Users/rishukhurana/anaconda3/lib/python3.11/site-packages/airflow/example_dags/subdags/subdag.py for tasks to queue
[2024-12-18T10:43:11.976-0800] {logging_mixin.py:190} INFO - [2024-12-18T10:43:11.975-0800] {dagbag.py:588} INFO - Filling up the DagBag from /Users/rishukhurana/anaconda3/lib/python3.11/site-packages/airflow/example_dags/subdags/subdag.py
[2024-12-18T10:43:11.978-0800] {processor.py:927} WARNING - No viable dags retrieved from /Users/rishukhurana/anaconda3/lib/python3.11/site-packages/airflow/example_dags/subdags/subdag.py
[2024-12-18T10:43:12.062-0800] {processor.py:208} INFO - Processing /Users/rishukhurana/anaconda3/lib/python3.11/site-packages/airflow/example_dags/subdags/subdag.py took 0.102 seconds
[2024-12-18T14:49:59.335-0800] {processor.py:186} INFO - Started process (PID=60442) to work on /Users/rishukhurana/anaconda3/lib/python3.11/site-packages/airflow/example_dags/subdags/subdag.py
[2024-12-18T14:49:59.344-0800] {processor.py:914} INFO - Processing file /Users/rishukhurana/anaconda3/lib/python3.11/site-packages/airflow/example_dags/subdags/subdag.py for tasks to queue
[2024-12-18T14:49:59.347-0800] {logging_mixin.py:190} INFO - [2024-12-18T14:49:59.346-0800] {dagbag.py:588} INFO - Filling up the DagBag from /Users/rishukhurana/anaconda3/lib/python3.11/site-packages/airflow/example_dags/subdags/subdag.py
[2024-12-18T14:49:59.352-0800] {processor.py:927} WARNING - No viable dags retrieved from /Users/rishukhurana/anaconda3/lib/python3.11/site-packages/airflow/example_dags/subdags/subdag.py
[2024-12-18T14:49:59.529-0800] {processor.py:208} INFO - Processing /Users/rishukhurana/anaconda3/lib/python3.11/site-packages/airflow/example_dags/subdags/subdag.py took 0.214 seconds
