[2024-12-17T02:52:56.032-0800] {processor.py:186} INFO - Started process (PID=45317) to work on /Users/rishukhurana/anaconda3/lib/python3.11/site-packages/airflow/example_dags/example_branch_datetime_operator.py
[2024-12-17T02:52:56.034-0800] {processor.py:914} INFO - Processing file /Users/rishukhurana/anaconda3/lib/python3.11/site-packages/airflow/example_dags/example_branch_datetime_operator.py for tasks to queue
[2024-12-17T02:52:56.035-0800] {logging_mixin.py:190} INFO - [2024-12-17T02:52:56.035-0800] {dagbag.py:588} INFO - Filling up the DagBag from /Users/rishukhurana/anaconda3/lib/python3.11/site-packages/airflow/example_dags/example_branch_datetime_operator.py
[2024-12-17T02:52:56.052-0800] {processor.py:925} INFO - DAG(s) 'example_branch_datetime_operator', 'example_branch_datetime_operator_3', 'example_branch_datetime_operator_2' retrieved from /Users/rishukhurana/anaconda3/lib/python3.11/site-packages/airflow/example_dags/example_branch_datetime_operator.py
[2024-12-17T02:52:56.140-0800] {logging_mixin.py:190} INFO - [2024-12-17T02:52:56.140-0800] {dag.py:3239} INFO - Sync 3 DAGs
[2024-12-17T02:52:56.157-0800] {logging_mixin.py:190} INFO - [2024-12-17T02:52:56.156-0800] {dag.py:4180} INFO - Setting next_dagrun for example_branch_datetime_operator to 2024-12-16 00:00:00+00:00, run_after=2024-12-17 00:00:00+00:00
[2024-12-17T02:52:56.160-0800] {logging_mixin.py:190} INFO - [2024-12-17T02:52:56.160-0800] {dag.py:4180} INFO - Setting next_dagrun for example_branch_datetime_operator_2 to 2024-12-16 00:00:00+00:00, run_after=2024-12-17 00:00:00+00:00
[2024-12-17T02:52:56.162-0800] {logging_mixin.py:190} INFO - [2024-12-17T02:52:56.162-0800] {dag.py:4180} INFO - Setting next_dagrun for example_branch_datetime_operator_3 to 2024-12-16 00:00:00+00:00, run_after=2024-12-17 00:00:00+00:00
[2024-12-17T02:52:56.174-0800] {processor.py:208} INFO - Processing /Users/rishukhurana/anaconda3/lib/python3.11/site-packages/airflow/example_dags/example_branch_datetime_operator.py took 0.149 seconds
[2024-12-17T02:59:10.279-0800] {processor.py:186} INFO - Started process (PID=45678) to work on /Users/rishukhurana/anaconda3/lib/python3.11/site-packages/airflow/example_dags/example_branch_datetime_operator.py
[2024-12-17T02:59:10.282-0800] {processor.py:914} INFO - Processing file /Users/rishukhurana/anaconda3/lib/python3.11/site-packages/airflow/example_dags/example_branch_datetime_operator.py for tasks to queue
[2024-12-17T02:59:10.283-0800] {logging_mixin.py:190} INFO - [2024-12-17T02:59:10.283-0800] {dagbag.py:588} INFO - Filling up the DagBag from /Users/rishukhurana/anaconda3/lib/python3.11/site-packages/airflow/example_dags/example_branch_datetime_operator.py
[2024-12-17T02:59:10.297-0800] {processor.py:925} INFO - DAG(s) 'example_branch_datetime_operator', 'example_branch_datetime_operator_2', 'example_branch_datetime_operator_3' retrieved from /Users/rishukhurana/anaconda3/lib/python3.11/site-packages/airflow/example_dags/example_branch_datetime_operator.py
[2024-12-17T02:59:10.382-0800] {logging_mixin.py:190} INFO - [2024-12-17T02:59:10.382-0800] {dag.py:3239} INFO - Sync 3 DAGs
[2024-12-17T02:59:10.399-0800] {logging_mixin.py:190} INFO - [2024-12-17T02:59:10.398-0800] {dag.py:4180} INFO - Setting next_dagrun for example_branch_datetime_operator to 2024-12-16 00:00:00+00:00, run_after=2024-12-17 00:00:00+00:00
[2024-12-17T02:59:10.402-0800] {logging_mixin.py:190} INFO - [2024-12-17T02:59:10.402-0800] {dag.py:4180} INFO - Setting next_dagrun for example_branch_datetime_operator_2 to 2024-12-16 00:00:00+00:00, run_after=2024-12-17 00:00:00+00:00
[2024-12-17T02:59:10.404-0800] {logging_mixin.py:190} INFO - [2024-12-17T02:59:10.404-0800] {dag.py:4180} INFO - Setting next_dagrun for example_branch_datetime_operator_3 to 2024-12-16 00:00:00+00:00, run_after=2024-12-17 00:00:00+00:00
[2024-12-17T02:59:10.418-0800] {processor.py:208} INFO - Processing /Users/rishukhurana/anaconda3/lib/python3.11/site-packages/airflow/example_dags/example_branch_datetime_operator.py took 0.143 seconds
[2024-12-17T03:05:23.312-0800] {processor.py:186} INFO - Started process (PID=46022) to work on /Users/rishukhurana/anaconda3/lib/python3.11/site-packages/airflow/example_dags/example_branch_datetime_operator.py
[2024-12-17T03:05:23.314-0800] {processor.py:914} INFO - Processing file /Users/rishukhurana/anaconda3/lib/python3.11/site-packages/airflow/example_dags/example_branch_datetime_operator.py for tasks to queue
[2024-12-17T03:05:23.316-0800] {logging_mixin.py:190} INFO - [2024-12-17T03:05:23.316-0800] {dagbag.py:588} INFO - Filling up the DagBag from /Users/rishukhurana/anaconda3/lib/python3.11/site-packages/airflow/example_dags/example_branch_datetime_operator.py
[2024-12-17T03:05:23.329-0800] {processor.py:925} INFO - DAG(s) 'example_branch_datetime_operator_2', 'example_branch_datetime_operator_3', 'example_branch_datetime_operator' retrieved from /Users/rishukhurana/anaconda3/lib/python3.11/site-packages/airflow/example_dags/example_branch_datetime_operator.py
[2024-12-17T03:05:23.426-0800] {logging_mixin.py:190} INFO - [2024-12-17T03:05:23.425-0800] {dag.py:3239} INFO - Sync 3 DAGs
[2024-12-17T03:05:23.444-0800] {logging_mixin.py:190} INFO - [2024-12-17T03:05:23.443-0800] {dag.py:4180} INFO - Setting next_dagrun for example_branch_datetime_operator to 2024-12-16 00:00:00+00:00, run_after=2024-12-17 00:00:00+00:00
[2024-12-17T03:05:23.448-0800] {logging_mixin.py:190} INFO - [2024-12-17T03:05:23.448-0800] {dag.py:4180} INFO - Setting next_dagrun for example_branch_datetime_operator_2 to 2024-12-16 00:00:00+00:00, run_after=2024-12-17 00:00:00+00:00
[2024-12-17T03:05:23.450-0800] {logging_mixin.py:190} INFO - [2024-12-17T03:05:23.449-0800] {dag.py:4180} INFO - Setting next_dagrun for example_branch_datetime_operator_3 to 2024-12-16 00:00:00+00:00, run_after=2024-12-17 00:00:00+00:00
[2024-12-17T03:05:23.465-0800] {processor.py:208} INFO - Processing /Users/rishukhurana/anaconda3/lib/python3.11/site-packages/airflow/example_dags/example_branch_datetime_operator.py took 0.160 seconds
[2024-12-17T03:11:47.762-0800] {processor.py:186} INFO - Started process (PID=46322) to work on /Users/rishukhurana/anaconda3/lib/python3.11/site-packages/airflow/example_dags/example_branch_datetime_operator.py
[2024-12-17T03:11:47.764-0800] {processor.py:914} INFO - Processing file /Users/rishukhurana/anaconda3/lib/python3.11/site-packages/airflow/example_dags/example_branch_datetime_operator.py for tasks to queue
[2024-12-17T03:11:47.765-0800] {logging_mixin.py:190} INFO - [2024-12-17T03:11:47.765-0800] {dagbag.py:588} INFO - Filling up the DagBag from /Users/rishukhurana/anaconda3/lib/python3.11/site-packages/airflow/example_dags/example_branch_datetime_operator.py
[2024-12-17T03:11:47.780-0800] {processor.py:925} INFO - DAG(s) 'example_branch_datetime_operator_3', 'example_branch_datetime_operator', 'example_branch_datetime_operator_2' retrieved from /Users/rishukhurana/anaconda3/lib/python3.11/site-packages/airflow/example_dags/example_branch_datetime_operator.py
[2024-12-17T03:11:47.882-0800] {logging_mixin.py:190} INFO - [2024-12-17T03:11:47.882-0800] {dag.py:3239} INFO - Sync 3 DAGs
[2024-12-17T03:11:47.902-0800] {logging_mixin.py:190} INFO - [2024-12-17T03:11:47.902-0800] {dag.py:4180} INFO - Setting next_dagrun for example_branch_datetime_operator to 2024-12-16 00:00:00+00:00, run_after=2024-12-17 00:00:00+00:00
[2024-12-17T03:11:47.906-0800] {logging_mixin.py:190} INFO - [2024-12-17T03:11:47.906-0800] {dag.py:4180} INFO - Setting next_dagrun for example_branch_datetime_operator_2 to 2024-12-16 00:00:00+00:00, run_after=2024-12-17 00:00:00+00:00
[2024-12-17T03:11:47.908-0800] {logging_mixin.py:190} INFO - [2024-12-17T03:11:47.908-0800] {dag.py:4180} INFO - Setting next_dagrun for example_branch_datetime_operator_3 to 2024-12-16 00:00:00+00:00, run_after=2024-12-17 00:00:00+00:00
[2024-12-17T03:11:47.922-0800] {processor.py:208} INFO - Processing /Users/rishukhurana/anaconda3/lib/python3.11/site-packages/airflow/example_dags/example_branch_datetime_operator.py took 0.166 seconds
[2024-12-17T03:18:06.809-0800] {processor.py:186} INFO - Started process (PID=46681) to work on /Users/rishukhurana/anaconda3/lib/python3.11/site-packages/airflow/example_dags/example_branch_datetime_operator.py
[2024-12-17T03:18:06.811-0800] {processor.py:914} INFO - Processing file /Users/rishukhurana/anaconda3/lib/python3.11/site-packages/airflow/example_dags/example_branch_datetime_operator.py for tasks to queue
[2024-12-17T03:18:06.813-0800] {logging_mixin.py:190} INFO - [2024-12-17T03:18:06.812-0800] {dagbag.py:588} INFO - Filling up the DagBag from /Users/rishukhurana/anaconda3/lib/python3.11/site-packages/airflow/example_dags/example_branch_datetime_operator.py
[2024-12-17T03:18:06.825-0800] {processor.py:925} INFO - DAG(s) 'example_branch_datetime_operator_3', 'example_branch_datetime_operator_2', 'example_branch_datetime_operator' retrieved from /Users/rishukhurana/anaconda3/lib/python3.11/site-packages/airflow/example_dags/example_branch_datetime_operator.py
[2024-12-17T03:18:06.919-0800] {logging_mixin.py:190} INFO - [2024-12-17T03:18:06.919-0800] {dag.py:3239} INFO - Sync 3 DAGs
[2024-12-17T03:18:06.939-0800] {logging_mixin.py:190} INFO - [2024-12-17T03:18:06.939-0800] {dag.py:4180} INFO - Setting next_dagrun for example_branch_datetime_operator to 2024-12-16 00:00:00+00:00, run_after=2024-12-17 00:00:00+00:00
[2024-12-17T03:18:06.943-0800] {logging_mixin.py:190} INFO - [2024-12-17T03:18:06.943-0800] {dag.py:4180} INFO - Setting next_dagrun for example_branch_datetime_operator_2 to 2024-12-16 00:00:00+00:00, run_after=2024-12-17 00:00:00+00:00
[2024-12-17T03:18:06.945-0800] {logging_mixin.py:190} INFO - [2024-12-17T03:18:06.945-0800] {dag.py:4180} INFO - Setting next_dagrun for example_branch_datetime_operator_3 to 2024-12-16 00:00:00+00:00, run_after=2024-12-17 00:00:00+00:00
[2024-12-17T03:18:06.958-0800] {processor.py:208} INFO - Processing /Users/rishukhurana/anaconda3/lib/python3.11/site-packages/airflow/example_dags/example_branch_datetime_operator.py took 0.155 seconds
[2024-12-17T03:24:09.007-0800] {processor.py:186} INFO - Started process (PID=46978) to work on /Users/rishukhurana/anaconda3/lib/python3.11/site-packages/airflow/example_dags/example_branch_datetime_operator.py
[2024-12-17T03:24:09.009-0800] {processor.py:914} INFO - Processing file /Users/rishukhurana/anaconda3/lib/python3.11/site-packages/airflow/example_dags/example_branch_datetime_operator.py for tasks to queue
[2024-12-17T03:24:09.011-0800] {logging_mixin.py:190} INFO - [2024-12-17T03:24:09.011-0800] {dagbag.py:588} INFO - Filling up the DagBag from /Users/rishukhurana/anaconda3/lib/python3.11/site-packages/airflow/example_dags/example_branch_datetime_operator.py
[2024-12-17T03:24:09.023-0800] {processor.py:925} INFO - DAG(s) 'example_branch_datetime_operator_3', 'example_branch_datetime_operator_2', 'example_branch_datetime_operator' retrieved from /Users/rishukhurana/anaconda3/lib/python3.11/site-packages/airflow/example_dags/example_branch_datetime_operator.py
[2024-12-17T03:24:09.121-0800] {logging_mixin.py:190} INFO - [2024-12-17T03:24:09.121-0800] {dag.py:3239} INFO - Sync 3 DAGs
[2024-12-17T03:24:09.139-0800] {logging_mixin.py:190} INFO - [2024-12-17T03:24:09.139-0800] {dag.py:4180} INFO - Setting next_dagrun for example_branch_datetime_operator to 2024-12-16 00:00:00+00:00, run_after=2024-12-17 00:00:00+00:00
[2024-12-17T03:24:09.144-0800] {logging_mixin.py:190} INFO - [2024-12-17T03:24:09.143-0800] {dag.py:4180} INFO - Setting next_dagrun for example_branch_datetime_operator_2 to 2024-12-16 00:00:00+00:00, run_after=2024-12-17 00:00:00+00:00
[2024-12-17T03:24:09.146-0800] {logging_mixin.py:190} INFO - [2024-12-17T03:24:09.146-0800] {dag.py:4180} INFO - Setting next_dagrun for example_branch_datetime_operator_3 to 2024-12-16 00:00:00+00:00, run_after=2024-12-17 00:00:00+00:00
[2024-12-17T03:24:09.160-0800] {processor.py:208} INFO - Processing /Users/rishukhurana/anaconda3/lib/python3.11/site-packages/airflow/example_dags/example_branch_datetime_operator.py took 0.158 seconds
[2024-12-17T03:30:16.242-0800] {processor.py:186} INFO - Started process (PID=47282) to work on /Users/rishukhurana/anaconda3/lib/python3.11/site-packages/airflow/example_dags/example_branch_datetime_operator.py
[2024-12-17T03:30:16.244-0800] {processor.py:914} INFO - Processing file /Users/rishukhurana/anaconda3/lib/python3.11/site-packages/airflow/example_dags/example_branch_datetime_operator.py for tasks to queue
[2024-12-17T03:30:16.245-0800] {logging_mixin.py:190} INFO - [2024-12-17T03:30:16.245-0800] {dagbag.py:588} INFO - Filling up the DagBag from /Users/rishukhurana/anaconda3/lib/python3.11/site-packages/airflow/example_dags/example_branch_datetime_operator.py
[2024-12-17T03:30:16.257-0800] {processor.py:925} INFO - DAG(s) 'example_branch_datetime_operator_3', 'example_branch_datetime_operator', 'example_branch_datetime_operator_2' retrieved from /Users/rishukhurana/anaconda3/lib/python3.11/site-packages/airflow/example_dags/example_branch_datetime_operator.py
[2024-12-17T03:30:16.347-0800] {logging_mixin.py:190} INFO - [2024-12-17T03:30:16.347-0800] {dag.py:3239} INFO - Sync 3 DAGs
[2024-12-17T03:30:16.364-0800] {logging_mixin.py:190} INFO - [2024-12-17T03:30:16.364-0800] {dag.py:4180} INFO - Setting next_dagrun for example_branch_datetime_operator to 2024-12-16 00:00:00+00:00, run_after=2024-12-17 00:00:00+00:00
[2024-12-17T03:30:16.368-0800] {logging_mixin.py:190} INFO - [2024-12-17T03:30:16.368-0800] {dag.py:4180} INFO - Setting next_dagrun for example_branch_datetime_operator_2 to 2024-12-16 00:00:00+00:00, run_after=2024-12-17 00:00:00+00:00
[2024-12-17T03:30:16.369-0800] {logging_mixin.py:190} INFO - [2024-12-17T03:30:16.369-0800] {dag.py:4180} INFO - Setting next_dagrun for example_branch_datetime_operator_3 to 2024-12-16 00:00:00+00:00, run_after=2024-12-17 00:00:00+00:00
[2024-12-17T03:30:16.389-0800] {processor.py:208} INFO - Processing /Users/rishukhurana/anaconda3/lib/python3.11/site-packages/airflow/example_dags/example_branch_datetime_operator.py took 0.154 seconds
[2024-12-17T03:36:11.202-0800] {processor.py:186} INFO - Started process (PID=47614) to work on /Users/rishukhurana/anaconda3/lib/python3.11/site-packages/airflow/example_dags/example_branch_datetime_operator.py
[2024-12-17T03:36:11.204-0800] {processor.py:914} INFO - Processing file /Users/rishukhurana/anaconda3/lib/python3.11/site-packages/airflow/example_dags/example_branch_datetime_operator.py for tasks to queue
[2024-12-17T03:36:11.206-0800] {logging_mixin.py:190} INFO - [2024-12-17T03:36:11.205-0800] {dagbag.py:588} INFO - Filling up the DagBag from /Users/rishukhurana/anaconda3/lib/python3.11/site-packages/airflow/example_dags/example_branch_datetime_operator.py
[2024-12-17T03:36:11.217-0800] {processor.py:925} INFO - DAG(s) 'example_branch_datetime_operator', 'example_branch_datetime_operator_3', 'example_branch_datetime_operator_2' retrieved from /Users/rishukhurana/anaconda3/lib/python3.11/site-packages/airflow/example_dags/example_branch_datetime_operator.py
[2024-12-17T03:36:11.311-0800] {logging_mixin.py:190} INFO - [2024-12-17T03:36:11.310-0800] {dag.py:3239} INFO - Sync 3 DAGs
[2024-12-17T03:36:11.329-0800] {logging_mixin.py:190} INFO - [2024-12-17T03:36:11.329-0800] {dag.py:4180} INFO - Setting next_dagrun for example_branch_datetime_operator to 2024-12-16 00:00:00+00:00, run_after=2024-12-17 00:00:00+00:00
[2024-12-17T03:36:11.332-0800] {logging_mixin.py:190} INFO - [2024-12-17T03:36:11.332-0800] {dag.py:4180} INFO - Setting next_dagrun for example_branch_datetime_operator_2 to 2024-12-16 00:00:00+00:00, run_after=2024-12-17 00:00:00+00:00
[2024-12-17T03:36:11.335-0800] {logging_mixin.py:190} INFO - [2024-12-17T03:36:11.334-0800] {dag.py:4180} INFO - Setting next_dagrun for example_branch_datetime_operator_3 to 2024-12-16 00:00:00+00:00, run_after=2024-12-17 00:00:00+00:00
[2024-12-17T03:36:11.354-0800] {processor.py:208} INFO - Processing /Users/rishukhurana/anaconda3/lib/python3.11/site-packages/airflow/example_dags/example_branch_datetime_operator.py took 0.159 seconds
[2024-12-17T03:42:42.815-0800] {processor.py:186} INFO - Started process (PID=47919) to work on /Users/rishukhurana/anaconda3/lib/python3.11/site-packages/airflow/example_dags/example_branch_datetime_operator.py
[2024-12-17T03:42:42.817-0800] {processor.py:914} INFO - Processing file /Users/rishukhurana/anaconda3/lib/python3.11/site-packages/airflow/example_dags/example_branch_datetime_operator.py for tasks to queue
[2024-12-17T03:42:42.818-0800] {logging_mixin.py:190} INFO - [2024-12-17T03:42:42.818-0800] {dagbag.py:588} INFO - Filling up the DagBag from /Users/rishukhurana/anaconda3/lib/python3.11/site-packages/airflow/example_dags/example_branch_datetime_operator.py
[2024-12-17T03:42:42.832-0800] {processor.py:925} INFO - DAG(s) 'example_branch_datetime_operator', 'example_branch_datetime_operator_3', 'example_branch_datetime_operator_2' retrieved from /Users/rishukhurana/anaconda3/lib/python3.11/site-packages/airflow/example_dags/example_branch_datetime_operator.py
[2024-12-17T03:42:42.918-0800] {logging_mixin.py:190} INFO - [2024-12-17T03:42:42.918-0800] {dag.py:3239} INFO - Sync 3 DAGs
[2024-12-17T03:42:42.936-0800] {logging_mixin.py:190} INFO - [2024-12-17T03:42:42.935-0800] {dag.py:4180} INFO - Setting next_dagrun for example_branch_datetime_operator to 2024-12-16 00:00:00+00:00, run_after=2024-12-17 00:00:00+00:00
[2024-12-17T03:42:42.940-0800] {logging_mixin.py:190} INFO - [2024-12-17T03:42:42.939-0800] {dag.py:4180} INFO - Setting next_dagrun for example_branch_datetime_operator_2 to 2024-12-16 00:00:00+00:00, run_after=2024-12-17 00:00:00+00:00
[2024-12-17T03:42:42.941-0800] {logging_mixin.py:190} INFO - [2024-12-17T03:42:42.941-0800] {dag.py:4180} INFO - Setting next_dagrun for example_branch_datetime_operator_3 to 2024-12-16 00:00:00+00:00, run_after=2024-12-17 00:00:00+00:00
[2024-12-17T03:42:42.956-0800] {processor.py:208} INFO - Processing /Users/rishukhurana/anaconda3/lib/python3.11/site-packages/airflow/example_dags/example_branch_datetime_operator.py took 0.145 seconds
[2024-12-17T03:48:34.651-0800] {processor.py:186} INFO - Started process (PID=48213) to work on /Users/rishukhurana/anaconda3/lib/python3.11/site-packages/airflow/example_dags/example_branch_datetime_operator.py
[2024-12-17T03:48:34.653-0800] {processor.py:914} INFO - Processing file /Users/rishukhurana/anaconda3/lib/python3.11/site-packages/airflow/example_dags/example_branch_datetime_operator.py for tasks to queue
[2024-12-17T03:48:34.654-0800] {logging_mixin.py:190} INFO - [2024-12-17T03:48:34.654-0800] {dagbag.py:588} INFO - Filling up the DagBag from /Users/rishukhurana/anaconda3/lib/python3.11/site-packages/airflow/example_dags/example_branch_datetime_operator.py
[2024-12-17T03:48:34.667-0800] {processor.py:925} INFO - DAG(s) 'example_branch_datetime_operator', 'example_branch_datetime_operator_3', 'example_branch_datetime_operator_2' retrieved from /Users/rishukhurana/anaconda3/lib/python3.11/site-packages/airflow/example_dags/example_branch_datetime_operator.py
[2024-12-17T03:48:34.759-0800] {logging_mixin.py:190} INFO - [2024-12-17T03:48:34.758-0800] {dag.py:3239} INFO - Sync 3 DAGs
[2024-12-17T03:48:34.778-0800] {logging_mixin.py:190} INFO - [2024-12-17T03:48:34.778-0800] {dag.py:4180} INFO - Setting next_dagrun for example_branch_datetime_operator to 2024-12-16 00:00:00+00:00, run_after=2024-12-17 00:00:00+00:00
[2024-12-17T03:48:34.782-0800] {logging_mixin.py:190} INFO - [2024-12-17T03:48:34.782-0800] {dag.py:4180} INFO - Setting next_dagrun for example_branch_datetime_operator_2 to 2024-12-16 00:00:00+00:00, run_after=2024-12-17 00:00:00+00:00
[2024-12-17T03:48:34.784-0800] {logging_mixin.py:190} INFO - [2024-12-17T03:48:34.784-0800] {dag.py:4180} INFO - Setting next_dagrun for example_branch_datetime_operator_3 to 2024-12-16 00:00:00+00:00, run_after=2024-12-17 00:00:00+00:00
[2024-12-17T03:48:34.803-0800] {processor.py:208} INFO - Processing /Users/rishukhurana/anaconda3/lib/python3.11/site-packages/airflow/example_dags/example_branch_datetime_operator.py took 0.158 seconds
[2024-12-17T03:59:21.625-0800] {processor.py:186} INFO - Started process (PID=48537) to work on /Users/rishukhurana/anaconda3/lib/python3.11/site-packages/airflow/example_dags/example_branch_datetime_operator.py
[2024-12-17T03:59:21.627-0800] {processor.py:914} INFO - Processing file /Users/rishukhurana/anaconda3/lib/python3.11/site-packages/airflow/example_dags/example_branch_datetime_operator.py for tasks to queue
[2024-12-17T03:59:21.629-0800] {logging_mixin.py:190} INFO - [2024-12-17T03:59:21.628-0800] {dagbag.py:588} INFO - Filling up the DagBag from /Users/rishukhurana/anaconda3/lib/python3.11/site-packages/airflow/example_dags/example_branch_datetime_operator.py
[2024-12-17T03:59:21.643-0800] {processor.py:925} INFO - DAG(s) 'example_branch_datetime_operator_2', 'example_branch_datetime_operator', 'example_branch_datetime_operator_3' retrieved from /Users/rishukhurana/anaconda3/lib/python3.11/site-packages/airflow/example_dags/example_branch_datetime_operator.py
[2024-12-17T03:59:21.744-0800] {logging_mixin.py:190} INFO - [2024-12-17T03:59:21.743-0800] {dag.py:3239} INFO - Sync 3 DAGs
[2024-12-17T03:59:21.760-0800] {logging_mixin.py:190} INFO - [2024-12-17T03:59:21.760-0800] {dag.py:4180} INFO - Setting next_dagrun for example_branch_datetime_operator to 2024-12-16 00:00:00+00:00, run_after=2024-12-17 00:00:00+00:00
[2024-12-17T03:59:21.764-0800] {logging_mixin.py:190} INFO - [2024-12-17T03:59:21.764-0800] {dag.py:4180} INFO - Setting next_dagrun for example_branch_datetime_operator_2 to 2024-12-16 00:00:00+00:00, run_after=2024-12-17 00:00:00+00:00
[2024-12-17T03:59:21.767-0800] {logging_mixin.py:190} INFO - [2024-12-17T03:59:21.767-0800] {dag.py:4180} INFO - Setting next_dagrun for example_branch_datetime_operator_3 to 2024-12-16 00:00:00+00:00, run_after=2024-12-17 00:00:00+00:00
[2024-12-17T03:59:21.786-0800] {processor.py:208} INFO - Processing /Users/rishukhurana/anaconda3/lib/python3.11/site-packages/airflow/example_dags/example_branch_datetime_operator.py took 0.167 seconds
[2024-12-17T14:26:48.132-0800] {processor.py:186} INFO - Started process (PID=49015) to work on /Users/rishukhurana/anaconda3/lib/python3.11/site-packages/airflow/example_dags/example_branch_datetime_operator.py
[2024-12-17T14:26:48.145-0800] {processor.py:914} INFO - Processing file /Users/rishukhurana/anaconda3/lib/python3.11/site-packages/airflow/example_dags/example_branch_datetime_operator.py for tasks to queue
[2024-12-17T14:26:48.157-0800] {logging_mixin.py:190} INFO - [2024-12-17T14:26:48.154-0800] {dagbag.py:588} INFO - Filling up the DagBag from /Users/rishukhurana/anaconda3/lib/python3.11/site-packages/airflow/example_dags/example_branch_datetime_operator.py
[2024-12-17T14:26:48.260-0800] {processor.py:925} INFO - DAG(s) 'example_branch_datetime_operator_3', 'example_branch_datetime_operator_2', 'example_branch_datetime_operator' retrieved from /Users/rishukhurana/anaconda3/lib/python3.11/site-packages/airflow/example_dags/example_branch_datetime_operator.py
[2024-12-17T14:26:49.097-0800] {logging_mixin.py:190} INFO - [2024-12-17T14:26:49.095-0800] {dag.py:3239} INFO - Sync 3 DAGs
[2024-12-17T14:26:49.238-0800] {logging_mixin.py:190} INFO - [2024-12-17T14:26:49.236-0800] {dag.py:4180} INFO - Setting next_dagrun for example_branch_datetime_operator to 2024-12-16 00:00:00+00:00, run_after=2024-12-17 00:00:00+00:00
[2024-12-17T14:26:49.267-0800] {logging_mixin.py:190} INFO - [2024-12-17T14:26:49.266-0800] {dag.py:4180} INFO - Setting next_dagrun for example_branch_datetime_operator_2 to 2024-12-16 00:00:00+00:00, run_after=2024-12-17 00:00:00+00:00
[2024-12-17T14:26:49.283-0800] {logging_mixin.py:190} INFO - [2024-12-17T14:26:49.282-0800] {dag.py:4180} INFO - Setting next_dagrun for example_branch_datetime_operator_3 to 2024-12-16 00:00:00+00:00, run_after=2024-12-17 00:00:00+00:00
[2024-12-17T14:26:49.387-0800] {processor.py:208} INFO - Processing /Users/rishukhurana/anaconda3/lib/python3.11/site-packages/airflow/example_dags/example_branch_datetime_operator.py took 1.315 seconds
