[2024-12-17T02:00:09.897-0800] {processor.py:186} INFO - Started process (PID=45172) to work on /Users/rishukhurana/anaconda3/lib/python3.11/site-packages/airflow/example_dags/example_time_delta_sensor_async.py
[2024-12-17T02:00:09.899-0800] {processor.py:914} INFO - Processing file /Users/rishukhurana/anaconda3/lib/python3.11/site-packages/airflow/example_dags/example_time_delta_sensor_async.py for tasks to queue
[2024-12-17T02:00:09.901-0800] {logging_mixin.py:190} INFO - [2024-12-17T02:00:09.900-0800] {dagbag.py:588} INFO - Filling up the DagBag from /Users/rishukhurana/anaconda3/lib/python3.11/site-packages/airflow/example_dags/example_time_delta_sensor_async.py
[2024-12-17T02:00:09.910-0800] {processor.py:925} INFO - DAG(s) 'example_time_delta_sensor_async' retrieved from /Users/rishukhurana/anaconda3/lib/python3.11/site-packages/airflow/example_dags/example_time_delta_sensor_async.py
[2024-12-17T02:00:10.510-0800] {logging_mixin.py:190} INFO - [2024-12-17T02:00:10.510-0800] {utils.py:160} INFO - NumExpr defaulting to 8 threads.
[2024-12-17T02:00:11.106-0800] {logging_mixin.py:190} INFO - [2024-12-17T02:00:11.105-0800] {dag.py:3239} INFO - Sync 1 DAGs
[2024-12-17T02:00:11.123-0800] {logging_mixin.py:190} INFO - [2024-12-17T02:00:11.123-0800] {dag.py:4180} INFO - Setting next_dagrun for example_time_delta_sensor_async to None, run_after=None
[2024-12-17T02:00:11.148-0800] {processor.py:208} INFO - Processing /Users/rishukhurana/anaconda3/lib/python3.11/site-packages/airflow/example_dags/example_time_delta_sensor_async.py took 1.256 seconds
[2024-12-17T02:54:10.347-0800] {processor.py:186} INFO - Started process (PID=45384) to work on /Users/rishukhurana/anaconda3/lib/python3.11/site-packages/airflow/example_dags/example_time_delta_sensor_async.py
[2024-12-17T02:54:10.350-0800] {processor.py:914} INFO - Processing file /Users/rishukhurana/anaconda3/lib/python3.11/site-packages/airflow/example_dags/example_time_delta_sensor_async.py for tasks to queue
[2024-12-17T02:54:10.351-0800] {logging_mixin.py:190} INFO - [2024-12-17T02:54:10.351-0800] {dagbag.py:588} INFO - Filling up the DagBag from /Users/rishukhurana/anaconda3/lib/python3.11/site-packages/airflow/example_dags/example_time_delta_sensor_async.py
[2024-12-17T02:54:10.359-0800] {processor.py:925} INFO - DAG(s) 'example_time_delta_sensor_async' retrieved from /Users/rishukhurana/anaconda3/lib/python3.11/site-packages/airflow/example_dags/example_time_delta_sensor_async.py
[2024-12-17T02:54:10.897-0800] {logging_mixin.py:190} INFO - [2024-12-17T02:54:10.897-0800] {utils.py:160} INFO - NumExpr defaulting to 8 threads.
[2024-12-17T02:54:11.492-0800] {logging_mixin.py:190} INFO - [2024-12-17T02:54:11.492-0800] {dag.py:3239} INFO - Sync 1 DAGs
[2024-12-17T02:54:11.504-0800] {logging_mixin.py:190} INFO - [2024-12-17T02:54:11.504-0800] {dag.py:4180} INFO - Setting next_dagrun for example_time_delta_sensor_async to None, run_after=None
[2024-12-17T02:54:11.521-0800] {processor.py:208} INFO - Processing /Users/rishukhurana/anaconda3/lib/python3.11/site-packages/airflow/example_dags/example_time_delta_sensor_async.py took 1.180 seconds
[2024-12-17T02:57:22.010-0800] {processor.py:186} INFO - Started process (PID=45588) to work on /Users/rishukhurana/anaconda3/lib/python3.11/site-packages/airflow/example_dags/example_time_delta_sensor_async.py
[2024-12-17T02:57:22.013-0800] {processor.py:914} INFO - Processing file /Users/rishukhurana/anaconda3/lib/python3.11/site-packages/airflow/example_dags/example_time_delta_sensor_async.py for tasks to queue
[2024-12-17T02:57:22.015-0800] {logging_mixin.py:190} INFO - [2024-12-17T02:57:22.014-0800] {dagbag.py:588} INFO - Filling up the DagBag from /Users/rishukhurana/anaconda3/lib/python3.11/site-packages/airflow/example_dags/example_time_delta_sensor_async.py
[2024-12-17T02:57:22.024-0800] {processor.py:925} INFO - DAG(s) 'example_time_delta_sensor_async' retrieved from /Users/rishukhurana/anaconda3/lib/python3.11/site-packages/airflow/example_dags/example_time_delta_sensor_async.py
[2024-12-17T02:57:22.602-0800] {logging_mixin.py:190} INFO - [2024-12-17T02:57:22.601-0800] {utils.py:160} INFO - NumExpr defaulting to 8 threads.
[2024-12-17T02:57:23.138-0800] {logging_mixin.py:190} INFO - [2024-12-17T02:57:23.138-0800] {dag.py:3239} INFO - Sync 1 DAGs
[2024-12-17T02:57:23.147-0800] {logging_mixin.py:190} INFO - [2024-12-17T02:57:23.147-0800] {dag.py:4180} INFO - Setting next_dagrun for example_time_delta_sensor_async to None, run_after=None
[2024-12-17T02:57:23.162-0800] {processor.py:208} INFO - Processing /Users/rishukhurana/anaconda3/lib/python3.11/site-packages/airflow/example_dags/example_time_delta_sensor_async.py took 1.157 seconds
[2024-12-17T03:00:25.284-0800] {processor.py:186} INFO - Started process (PID=45741) to work on /Users/rishukhurana/anaconda3/lib/python3.11/site-packages/airflow/example_dags/example_time_delta_sensor_async.py
[2024-12-17T03:00:25.287-0800] {processor.py:914} INFO - Processing file /Users/rishukhurana/anaconda3/lib/python3.11/site-packages/airflow/example_dags/example_time_delta_sensor_async.py for tasks to queue
[2024-12-17T03:00:25.288-0800] {logging_mixin.py:190} INFO - [2024-12-17T03:00:25.288-0800] {dagbag.py:588} INFO - Filling up the DagBag from /Users/rishukhurana/anaconda3/lib/python3.11/site-packages/airflow/example_dags/example_time_delta_sensor_async.py
[2024-12-17T03:00:25.299-0800] {processor.py:925} INFO - DAG(s) 'example_time_delta_sensor_async' retrieved from /Users/rishukhurana/anaconda3/lib/python3.11/site-packages/airflow/example_dags/example_time_delta_sensor_async.py
[2024-12-17T03:00:25.720-0800] {logging_mixin.py:190} INFO - [2024-12-17T03:00:25.719-0800] {utils.py:160} INFO - NumExpr defaulting to 8 threads.
[2024-12-17T03:00:26.063-0800] {logging_mixin.py:190} INFO - [2024-12-17T03:00:26.063-0800] {dag.py:3239} INFO - Sync 1 DAGs
[2024-12-17T03:00:26.072-0800] {logging_mixin.py:190} INFO - [2024-12-17T03:00:26.071-0800] {dag.py:4180} INFO - Setting next_dagrun for example_time_delta_sensor_async to None, run_after=None
[2024-12-17T03:00:26.088-0800] {processor.py:208} INFO - Processing /Users/rishukhurana/anaconda3/lib/python3.11/site-packages/airflow/example_dags/example_time_delta_sensor_async.py took 0.809 seconds
[2024-12-17T03:03:31.641-0800] {processor.py:186} INFO - Started process (PID=45908) to work on /Users/rishukhurana/anaconda3/lib/python3.11/site-packages/airflow/example_dags/example_time_delta_sensor_async.py
[2024-12-17T03:03:31.644-0800] {processor.py:914} INFO - Processing file /Users/rishukhurana/anaconda3/lib/python3.11/site-packages/airflow/example_dags/example_time_delta_sensor_async.py for tasks to queue
[2024-12-17T03:03:31.645-0800] {logging_mixin.py:190} INFO - [2024-12-17T03:03:31.645-0800] {dagbag.py:588} INFO - Filling up the DagBag from /Users/rishukhurana/anaconda3/lib/python3.11/site-packages/airflow/example_dags/example_time_delta_sensor_async.py
[2024-12-17T03:03:31.655-0800] {processor.py:925} INFO - DAG(s) 'example_time_delta_sensor_async' retrieved from /Users/rishukhurana/anaconda3/lib/python3.11/site-packages/airflow/example_dags/example_time_delta_sensor_async.py
[2024-12-17T03:03:32.111-0800] {logging_mixin.py:190} INFO - [2024-12-17T03:03:32.111-0800] {utils.py:160} INFO - NumExpr defaulting to 8 threads.
[2024-12-17T03:03:32.480-0800] {logging_mixin.py:190} INFO - [2024-12-17T03:03:32.480-0800] {dag.py:3239} INFO - Sync 1 DAGs
[2024-12-17T03:03:32.490-0800] {logging_mixin.py:190} INFO - [2024-12-17T03:03:32.490-0800] {dag.py:4180} INFO - Setting next_dagrun for example_time_delta_sensor_async to None, run_after=None
[2024-12-17T03:03:32.507-0800] {processor.py:208} INFO - Processing /Users/rishukhurana/anaconda3/lib/python3.11/site-packages/airflow/example_dags/example_time_delta_sensor_async.py took 0.872 seconds
[2024-12-17T03:06:39.536-0800] {processor.py:186} INFO - Started process (PID=46085) to work on /Users/rishukhurana/anaconda3/lib/python3.11/site-packages/airflow/example_dags/example_time_delta_sensor_async.py
[2024-12-17T03:06:39.538-0800] {processor.py:914} INFO - Processing file /Users/rishukhurana/anaconda3/lib/python3.11/site-packages/airflow/example_dags/example_time_delta_sensor_async.py for tasks to queue
[2024-12-17T03:06:39.540-0800] {logging_mixin.py:190} INFO - [2024-12-17T03:06:39.539-0800] {dagbag.py:588} INFO - Filling up the DagBag from /Users/rishukhurana/anaconda3/lib/python3.11/site-packages/airflow/example_dags/example_time_delta_sensor_async.py
[2024-12-17T03:06:39.551-0800] {processor.py:925} INFO - DAG(s) 'example_time_delta_sensor_async' retrieved from /Users/rishukhurana/anaconda3/lib/python3.11/site-packages/airflow/example_dags/example_time_delta_sensor_async.py
[2024-12-17T03:06:40.125-0800] {logging_mixin.py:190} INFO - [2024-12-17T03:06:40.125-0800] {utils.py:160} INFO - NumExpr defaulting to 8 threads.
[2024-12-17T03:06:40.628-0800] {logging_mixin.py:190} INFO - [2024-12-17T03:06:40.627-0800] {dag.py:3239} INFO - Sync 1 DAGs
[2024-12-17T03:06:40.637-0800] {logging_mixin.py:190} INFO - [2024-12-17T03:06:40.637-0800] {dag.py:4180} INFO - Setting next_dagrun for example_time_delta_sensor_async to None, run_after=None
[2024-12-17T03:06:40.656-0800] {processor.py:208} INFO - Processing /Users/rishukhurana/anaconda3/lib/python3.11/site-packages/airflow/example_dags/example_time_delta_sensor_async.py took 1.127 seconds
[2024-12-17T03:09:51.105-0800] {processor.py:186} INFO - Started process (PID=46234) to work on /Users/rishukhurana/anaconda3/lib/python3.11/site-packages/airflow/example_dags/example_time_delta_sensor_async.py
[2024-12-17T03:09:51.107-0800] {processor.py:914} INFO - Processing file /Users/rishukhurana/anaconda3/lib/python3.11/site-packages/airflow/example_dags/example_time_delta_sensor_async.py for tasks to queue
[2024-12-17T03:09:51.109-0800] {logging_mixin.py:190} INFO - [2024-12-17T03:09:51.109-0800] {dagbag.py:588} INFO - Filling up the DagBag from /Users/rishukhurana/anaconda3/lib/python3.11/site-packages/airflow/example_dags/example_time_delta_sensor_async.py
[2024-12-17T03:09:51.122-0800] {processor.py:925} INFO - DAG(s) 'example_time_delta_sensor_async' retrieved from /Users/rishukhurana/anaconda3/lib/python3.11/site-packages/airflow/example_dags/example_time_delta_sensor_async.py
[2024-12-17T03:09:51.703-0800] {logging_mixin.py:190} INFO - [2024-12-17T03:09:51.703-0800] {utils.py:160} INFO - NumExpr defaulting to 8 threads.
[2024-12-17T03:09:52.246-0800] {logging_mixin.py:190} INFO - [2024-12-17T03:09:52.245-0800] {dag.py:3239} INFO - Sync 1 DAGs
[2024-12-17T03:09:52.255-0800] {logging_mixin.py:190} INFO - [2024-12-17T03:09:52.254-0800] {dag.py:4180} INFO - Setting next_dagrun for example_time_delta_sensor_async to None, run_after=None
[2024-12-17T03:09:52.269-0800] {processor.py:208} INFO - Processing /Users/rishukhurana/anaconda3/lib/python3.11/site-packages/airflow/example_dags/example_time_delta_sensor_async.py took 1.171 seconds
[2024-12-17T03:13:06.216-0800] {processor.py:186} INFO - Started process (PID=46383) to work on /Users/rishukhurana/anaconda3/lib/python3.11/site-packages/airflow/example_dags/example_time_delta_sensor_async.py
[2024-12-17T03:13:06.219-0800] {processor.py:914} INFO - Processing file /Users/rishukhurana/anaconda3/lib/python3.11/site-packages/airflow/example_dags/example_time_delta_sensor_async.py for tasks to queue
[2024-12-17T03:13:06.220-0800] {logging_mixin.py:190} INFO - [2024-12-17T03:13:06.220-0800] {dagbag.py:588} INFO - Filling up the DagBag from /Users/rishukhurana/anaconda3/lib/python3.11/site-packages/airflow/example_dags/example_time_delta_sensor_async.py
[2024-12-17T03:13:06.231-0800] {processor.py:925} INFO - DAG(s) 'example_time_delta_sensor_async' retrieved from /Users/rishukhurana/anaconda3/lib/python3.11/site-packages/airflow/example_dags/example_time_delta_sensor_async.py
[2024-12-17T03:13:06.648-0800] {logging_mixin.py:190} INFO - [2024-12-17T03:13:06.647-0800] {utils.py:160} INFO - NumExpr defaulting to 8 threads.
[2024-12-17T03:13:06.986-0800] {logging_mixin.py:190} INFO - [2024-12-17T03:13:06.985-0800] {dag.py:3239} INFO - Sync 1 DAGs
[2024-12-17T03:13:06.994-0800] {logging_mixin.py:190} INFO - [2024-12-17T03:13:06.994-0800] {dag.py:4180} INFO - Setting next_dagrun for example_time_delta_sensor_async to None, run_after=None
[2024-12-17T03:13:07.010-0800] {processor.py:208} INFO - Processing /Users/rishukhurana/anaconda3/lib/python3.11/site-packages/airflow/example_dags/example_time_delta_sensor_async.py took 0.799 seconds
[2024-12-17T03:16:15.240-0800] {processor.py:186} INFO - Started process (PID=46557) to work on /Users/rishukhurana/anaconda3/lib/python3.11/site-packages/airflow/example_dags/example_time_delta_sensor_async.py
[2024-12-17T03:16:15.242-0800] {processor.py:914} INFO - Processing file /Users/rishukhurana/anaconda3/lib/python3.11/site-packages/airflow/example_dags/example_time_delta_sensor_async.py for tasks to queue
[2024-12-17T03:16:15.243-0800] {logging_mixin.py:190} INFO - [2024-12-17T03:16:15.243-0800] {dagbag.py:588} INFO - Filling up the DagBag from /Users/rishukhurana/anaconda3/lib/python3.11/site-packages/airflow/example_dags/example_time_delta_sensor_async.py
[2024-12-17T03:16:15.255-0800] {processor.py:925} INFO - DAG(s) 'example_time_delta_sensor_async' retrieved from /Users/rishukhurana/anaconda3/lib/python3.11/site-packages/airflow/example_dags/example_time_delta_sensor_async.py
[2024-12-17T03:16:15.660-0800] {logging_mixin.py:190} INFO - [2024-12-17T03:16:15.660-0800] {utils.py:160} INFO - NumExpr defaulting to 8 threads.
[2024-12-17T03:16:15.990-0800] {logging_mixin.py:190} INFO - [2024-12-17T03:16:15.989-0800] {dag.py:3239} INFO - Sync 1 DAGs
[2024-12-17T03:16:15.999-0800] {logging_mixin.py:190} INFO - [2024-12-17T03:16:15.998-0800] {dag.py:4180} INFO - Setting next_dagrun for example_time_delta_sensor_async to None, run_after=None
[2024-12-17T03:16:16.014-0800] {processor.py:208} INFO - Processing /Users/rishukhurana/anaconda3/lib/python3.11/site-packages/airflow/example_dags/example_time_delta_sensor_async.py took 0.780 seconds
[2024-12-17T03:19:18.861-0800] {processor.py:186} INFO - Started process (PID=46741) to work on /Users/rishukhurana/anaconda3/lib/python3.11/site-packages/airflow/example_dags/example_time_delta_sensor_async.py
[2024-12-17T03:19:18.864-0800] {processor.py:914} INFO - Processing file /Users/rishukhurana/anaconda3/lib/python3.11/site-packages/airflow/example_dags/example_time_delta_sensor_async.py for tasks to queue
[2024-12-17T03:19:18.865-0800] {logging_mixin.py:190} INFO - [2024-12-17T03:19:18.865-0800] {dagbag.py:588} INFO - Filling up the DagBag from /Users/rishukhurana/anaconda3/lib/python3.11/site-packages/airflow/example_dags/example_time_delta_sensor_async.py
[2024-12-17T03:19:18.874-0800] {processor.py:925} INFO - DAG(s) 'example_time_delta_sensor_async' retrieved from /Users/rishukhurana/anaconda3/lib/python3.11/site-packages/airflow/example_dags/example_time_delta_sensor_async.py
[2024-12-17T03:19:19.288-0800] {logging_mixin.py:190} INFO - [2024-12-17T03:19:19.288-0800] {utils.py:160} INFO - NumExpr defaulting to 8 threads.
[2024-12-17T03:19:19.611-0800] {logging_mixin.py:190} INFO - [2024-12-17T03:19:19.610-0800] {dag.py:3239} INFO - Sync 1 DAGs
[2024-12-17T03:19:19.619-0800] {logging_mixin.py:190} INFO - [2024-12-17T03:19:19.619-0800] {dag.py:4180} INFO - Setting next_dagrun for example_time_delta_sensor_async to None, run_after=None
[2024-12-17T03:19:19.637-0800] {processor.py:208} INFO - Processing /Users/rishukhurana/anaconda3/lib/python3.11/site-packages/airflow/example_dags/example_time_delta_sensor_async.py took 0.783 seconds
[2024-12-17T03:22:21.583-0800] {processor.py:186} INFO - Started process (PID=46892) to work on /Users/rishukhurana/anaconda3/lib/python3.11/site-packages/airflow/example_dags/example_time_delta_sensor_async.py
[2024-12-17T03:22:21.586-0800] {processor.py:914} INFO - Processing file /Users/rishukhurana/anaconda3/lib/python3.11/site-packages/airflow/example_dags/example_time_delta_sensor_async.py for tasks to queue
[2024-12-17T03:22:21.588-0800] {logging_mixin.py:190} INFO - [2024-12-17T03:22:21.587-0800] {dagbag.py:588} INFO - Filling up the DagBag from /Users/rishukhurana/anaconda3/lib/python3.11/site-packages/airflow/example_dags/example_time_delta_sensor_async.py
[2024-12-17T03:22:21.598-0800] {processor.py:925} INFO - DAG(s) 'example_time_delta_sensor_async' retrieved from /Users/rishukhurana/anaconda3/lib/python3.11/site-packages/airflow/example_dags/example_time_delta_sensor_async.py
[2024-12-17T03:22:22.118-0800] {logging_mixin.py:190} INFO - [2024-12-17T03:22:22.118-0800] {utils.py:160} INFO - NumExpr defaulting to 8 threads.
[2024-12-17T03:22:22.659-0800] {logging_mixin.py:190} INFO - [2024-12-17T03:22:22.659-0800] {dag.py:3239} INFO - Sync 1 DAGs
[2024-12-17T03:22:22.667-0800] {logging_mixin.py:190} INFO - [2024-12-17T03:22:22.667-0800] {dag.py:4180} INFO - Setting next_dagrun for example_time_delta_sensor_async to None, run_after=None
[2024-12-17T03:22:22.682-0800] {processor.py:208} INFO - Processing /Users/rishukhurana/anaconda3/lib/python3.11/site-packages/airflow/example_dags/example_time_delta_sensor_async.py took 1.104 seconds
[2024-12-17T03:25:24.978-0800] {processor.py:186} INFO - Started process (PID=47038) to work on /Users/rishukhurana/anaconda3/lib/python3.11/site-packages/airflow/example_dags/example_time_delta_sensor_async.py
[2024-12-17T03:25:24.981-0800] {processor.py:914} INFO - Processing file /Users/rishukhurana/anaconda3/lib/python3.11/site-packages/airflow/example_dags/example_time_delta_sensor_async.py for tasks to queue
[2024-12-17T03:25:24.982-0800] {logging_mixin.py:190} INFO - [2024-12-17T03:25:24.982-0800] {dagbag.py:588} INFO - Filling up the DagBag from /Users/rishukhurana/anaconda3/lib/python3.11/site-packages/airflow/example_dags/example_time_delta_sensor_async.py
[2024-12-17T03:25:24.992-0800] {processor.py:925} INFO - DAG(s) 'example_time_delta_sensor_async' retrieved from /Users/rishukhurana/anaconda3/lib/python3.11/site-packages/airflow/example_dags/example_time_delta_sensor_async.py
[2024-12-17T03:25:25.447-0800] {logging_mixin.py:190} INFO - [2024-12-17T03:25:25.446-0800] {utils.py:160} INFO - NumExpr defaulting to 8 threads.
[2024-12-17T03:25:25.782-0800] {logging_mixin.py:190} INFO - [2024-12-17T03:25:25.782-0800] {dag.py:3239} INFO - Sync 1 DAGs
[2024-12-17T03:25:25.791-0800] {logging_mixin.py:190} INFO - [2024-12-17T03:25:25.791-0800] {dag.py:4180} INFO - Setting next_dagrun for example_time_delta_sensor_async to None, run_after=None
[2024-12-17T03:25:25.806-0800] {processor.py:208} INFO - Processing /Users/rishukhurana/anaconda3/lib/python3.11/site-packages/airflow/example_dags/example_time_delta_sensor_async.py took 0.836 seconds
[2024-12-17T03:28:30.129-0800] {processor.py:186} INFO - Started process (PID=47194) to work on /Users/rishukhurana/anaconda3/lib/python3.11/site-packages/airflow/example_dags/example_time_delta_sensor_async.py
[2024-12-17T03:28:30.131-0800] {processor.py:914} INFO - Processing file /Users/rishukhurana/anaconda3/lib/python3.11/site-packages/airflow/example_dags/example_time_delta_sensor_async.py for tasks to queue
[2024-12-17T03:28:30.133-0800] {logging_mixin.py:190} INFO - [2024-12-17T03:28:30.133-0800] {dagbag.py:588} INFO - Filling up the DagBag from /Users/rishukhurana/anaconda3/lib/python3.11/site-packages/airflow/example_dags/example_time_delta_sensor_async.py
[2024-12-17T03:28:30.141-0800] {processor.py:925} INFO - DAG(s) 'example_time_delta_sensor_async' retrieved from /Users/rishukhurana/anaconda3/lib/python3.11/site-packages/airflow/example_dags/example_time_delta_sensor_async.py
[2024-12-17T03:28:30.566-0800] {logging_mixin.py:190} INFO - [2024-12-17T03:28:30.566-0800] {utils.py:160} INFO - NumExpr defaulting to 8 threads.
[2024-12-17T03:28:30.886-0800] {logging_mixin.py:190} INFO - [2024-12-17T03:28:30.886-0800] {dag.py:3239} INFO - Sync 1 DAGs
[2024-12-17T03:28:30.895-0800] {logging_mixin.py:190} INFO - [2024-12-17T03:28:30.894-0800] {dag.py:4180} INFO - Setting next_dagrun for example_time_delta_sensor_async to None, run_after=None
[2024-12-17T03:28:30.909-0800] {processor.py:208} INFO - Processing /Users/rishukhurana/anaconda3/lib/python3.11/site-packages/airflow/example_dags/example_time_delta_sensor_async.py took 0.785 seconds
[2024-12-17T03:31:32.987-0800] {processor.py:186} INFO - Started process (PID=47347) to work on /Users/rishukhurana/anaconda3/lib/python3.11/site-packages/airflow/example_dags/example_time_delta_sensor_async.py
[2024-12-17T03:31:32.989-0800] {processor.py:914} INFO - Processing file /Users/rishukhurana/anaconda3/lib/python3.11/site-packages/airflow/example_dags/example_time_delta_sensor_async.py for tasks to queue
[2024-12-17T03:31:32.990-0800] {logging_mixin.py:190} INFO - [2024-12-17T03:31:32.990-0800] {dagbag.py:588} INFO - Filling up the DagBag from /Users/rishukhurana/anaconda3/lib/python3.11/site-packages/airflow/example_dags/example_time_delta_sensor_async.py
[2024-12-17T03:31:33.001-0800] {processor.py:925} INFO - DAG(s) 'example_time_delta_sensor_async' retrieved from /Users/rishukhurana/anaconda3/lib/python3.11/site-packages/airflow/example_dags/example_time_delta_sensor_async.py
[2024-12-17T03:31:33.409-0800] {logging_mixin.py:190} INFO - [2024-12-17T03:31:33.409-0800] {utils.py:160} INFO - NumExpr defaulting to 8 threads.
[2024-12-17T03:31:33.741-0800] {logging_mixin.py:190} INFO - [2024-12-17T03:31:33.741-0800] {dag.py:3239} INFO - Sync 1 DAGs
[2024-12-17T03:31:33.750-0800] {logging_mixin.py:190} INFO - [2024-12-17T03:31:33.750-0800] {dag.py:4180} INFO - Setting next_dagrun for example_time_delta_sensor_async to None, run_after=None
[2024-12-17T03:31:33.771-0800] {processor.py:208} INFO - Processing /Users/rishukhurana/anaconda3/lib/python3.11/site-packages/airflow/example_dags/example_time_delta_sensor_async.py took 0.788 seconds
[2024-12-17T03:34:29.673-0800] {processor.py:186} INFO - Started process (PID=47521) to work on /Users/rishukhurana/anaconda3/lib/python3.11/site-packages/airflow/example_dags/example_time_delta_sensor_async.py
[2024-12-17T03:34:29.675-0800] {processor.py:914} INFO - Processing file /Users/rishukhurana/anaconda3/lib/python3.11/site-packages/airflow/example_dags/example_time_delta_sensor_async.py for tasks to queue
[2024-12-17T03:34:29.676-0800] {logging_mixin.py:190} INFO - [2024-12-17T03:34:29.676-0800] {dagbag.py:588} INFO - Filling up the DagBag from /Users/rishukhurana/anaconda3/lib/python3.11/site-packages/airflow/example_dags/example_time_delta_sensor_async.py
[2024-12-17T03:34:29.686-0800] {processor.py:925} INFO - DAG(s) 'example_time_delta_sensor_async' retrieved from /Users/rishukhurana/anaconda3/lib/python3.11/site-packages/airflow/example_dags/example_time_delta_sensor_async.py
[2024-12-17T03:34:30.105-0800] {logging_mixin.py:190} INFO - [2024-12-17T03:34:30.104-0800] {utils.py:160} INFO - NumExpr defaulting to 8 threads.
[2024-12-17T03:34:30.433-0800] {logging_mixin.py:190} INFO - [2024-12-17T03:34:30.432-0800] {dag.py:3239} INFO - Sync 1 DAGs
[2024-12-17T03:34:30.441-0800] {logging_mixin.py:190} INFO - [2024-12-17T03:34:30.441-0800] {dag.py:4180} INFO - Setting next_dagrun for example_time_delta_sensor_async to None, run_after=None
[2024-12-17T03:34:30.457-0800] {processor.py:208} INFO - Processing /Users/rishukhurana/anaconda3/lib/python3.11/site-packages/airflow/example_dags/example_time_delta_sensor_async.py took 0.789 seconds
[2024-12-17T03:37:50.058-0800] {processor.py:186} INFO - Started process (PID=47684) to work on /Users/rishukhurana/anaconda3/lib/python3.11/site-packages/airflow/example_dags/example_time_delta_sensor_async.py
[2024-12-17T03:37:50.060-0800] {processor.py:914} INFO - Processing file /Users/rishukhurana/anaconda3/lib/python3.11/site-packages/airflow/example_dags/example_time_delta_sensor_async.py for tasks to queue
[2024-12-17T03:37:50.061-0800] {logging_mixin.py:190} INFO - [2024-12-17T03:37:50.061-0800] {dagbag.py:588} INFO - Filling up the DagBag from /Users/rishukhurana/anaconda3/lib/python3.11/site-packages/airflow/example_dags/example_time_delta_sensor_async.py
[2024-12-17T03:37:50.073-0800] {processor.py:925} INFO - DAG(s) 'example_time_delta_sensor_async' retrieved from /Users/rishukhurana/anaconda3/lib/python3.11/site-packages/airflow/example_dags/example_time_delta_sensor_async.py
[2024-12-17T03:37:50.687-0800] {logging_mixin.py:190} INFO - [2024-12-17T03:37:50.686-0800] {utils.py:160} INFO - NumExpr defaulting to 8 threads.
[2024-12-17T03:37:51.242-0800] {logging_mixin.py:190} INFO - [2024-12-17T03:37:51.241-0800] {dag.py:3239} INFO - Sync 1 DAGs
[2024-12-17T03:37:51.250-0800] {logging_mixin.py:190} INFO - [2024-12-17T03:37:51.250-0800] {dag.py:4180} INFO - Setting next_dagrun for example_time_delta_sensor_async to None, run_after=None
[2024-12-17T03:37:51.264-0800] {processor.py:208} INFO - Processing /Users/rishukhurana/anaconda3/lib/python3.11/site-packages/airflow/example_dags/example_time_delta_sensor_async.py took 1.213 seconds
[2024-12-17T03:40:53.711-0800] {processor.py:186} INFO - Started process (PID=47832) to work on /Users/rishukhurana/anaconda3/lib/python3.11/site-packages/airflow/example_dags/example_time_delta_sensor_async.py
[2024-12-17T03:40:53.714-0800] {processor.py:914} INFO - Processing file /Users/rishukhurana/anaconda3/lib/python3.11/site-packages/airflow/example_dags/example_time_delta_sensor_async.py for tasks to queue
[2024-12-17T03:40:53.715-0800] {logging_mixin.py:190} INFO - [2024-12-17T03:40:53.715-0800] {dagbag.py:588} INFO - Filling up the DagBag from /Users/rishukhurana/anaconda3/lib/python3.11/site-packages/airflow/example_dags/example_time_delta_sensor_async.py
[2024-12-17T03:40:53.725-0800] {processor.py:925} INFO - DAG(s) 'example_time_delta_sensor_async' retrieved from /Users/rishukhurana/anaconda3/lib/python3.11/site-packages/airflow/example_dags/example_time_delta_sensor_async.py
[2024-12-17T03:40:54.164-0800] {logging_mixin.py:190} INFO - [2024-12-17T03:40:54.164-0800] {utils.py:160} INFO - NumExpr defaulting to 8 threads.
[2024-12-17T03:40:54.510-0800] {logging_mixin.py:190} INFO - [2024-12-17T03:40:54.510-0800] {dag.py:3239} INFO - Sync 1 DAGs
[2024-12-17T03:40:54.521-0800] {logging_mixin.py:190} INFO - [2024-12-17T03:40:54.520-0800] {dag.py:4180} INFO - Setting next_dagrun for example_time_delta_sensor_async to None, run_after=None
[2024-12-17T03:40:54.536-0800] {processor.py:208} INFO - Processing /Users/rishukhurana/anaconda3/lib/python3.11/site-packages/airflow/example_dags/example_time_delta_sensor_async.py took 0.831 seconds
[2024-12-17T03:43:55.767-0800] {processor.py:186} INFO - Started process (PID=47980) to work on /Users/rishukhurana/anaconda3/lib/python3.11/site-packages/airflow/example_dags/example_time_delta_sensor_async.py
[2024-12-17T03:43:55.770-0800] {processor.py:914} INFO - Processing file /Users/rishukhurana/anaconda3/lib/python3.11/site-packages/airflow/example_dags/example_time_delta_sensor_async.py for tasks to queue
[2024-12-17T03:43:55.771-0800] {logging_mixin.py:190} INFO - [2024-12-17T03:43:55.771-0800] {dagbag.py:588} INFO - Filling up the DagBag from /Users/rishukhurana/anaconda3/lib/python3.11/site-packages/airflow/example_dags/example_time_delta_sensor_async.py
[2024-12-17T03:43:55.782-0800] {processor.py:925} INFO - DAG(s) 'example_time_delta_sensor_async' retrieved from /Users/rishukhurana/anaconda3/lib/python3.11/site-packages/airflow/example_dags/example_time_delta_sensor_async.py
[2024-12-17T03:43:56.187-0800] {logging_mixin.py:190} INFO - [2024-12-17T03:43:56.187-0800] {utils.py:160} INFO - NumExpr defaulting to 8 threads.
[2024-12-17T03:43:56.506-0800] {logging_mixin.py:190} INFO - [2024-12-17T03:43:56.506-0800] {dag.py:3239} INFO - Sync 1 DAGs
[2024-12-17T03:43:56.515-0800] {logging_mixin.py:190} INFO - [2024-12-17T03:43:56.514-0800] {dag.py:4180} INFO - Setting next_dagrun for example_time_delta_sensor_async to None, run_after=None
[2024-12-17T03:43:56.529-0800] {processor.py:208} INFO - Processing /Users/rishukhurana/anaconda3/lib/python3.11/site-packages/airflow/example_dags/example_time_delta_sensor_async.py took 0.769 seconds
[2024-12-17T03:46:48.581-0800] {processor.py:186} INFO - Started process (PID=48122) to work on /Users/rishukhurana/anaconda3/lib/python3.11/site-packages/airflow/example_dags/example_time_delta_sensor_async.py
[2024-12-17T03:46:48.583-0800] {processor.py:914} INFO - Processing file /Users/rishukhurana/anaconda3/lib/python3.11/site-packages/airflow/example_dags/example_time_delta_sensor_async.py for tasks to queue
[2024-12-17T03:46:48.584-0800] {logging_mixin.py:190} INFO - [2024-12-17T03:46:48.584-0800] {dagbag.py:588} INFO - Filling up the DagBag from /Users/rishukhurana/anaconda3/lib/python3.11/site-packages/airflow/example_dags/example_time_delta_sensor_async.py
[2024-12-17T03:46:48.593-0800] {processor.py:925} INFO - DAG(s) 'example_time_delta_sensor_async' retrieved from /Users/rishukhurana/anaconda3/lib/python3.11/site-packages/airflow/example_dags/example_time_delta_sensor_async.py
[2024-12-17T03:46:49.053-0800] {logging_mixin.py:190} INFO - [2024-12-17T03:46:49.053-0800] {utils.py:160} INFO - NumExpr defaulting to 8 threads.
[2024-12-17T03:46:49.571-0800] {logging_mixin.py:190} INFO - [2024-12-17T03:46:49.571-0800] {dag.py:3239} INFO - Sync 1 DAGs
[2024-12-17T03:46:49.580-0800] {logging_mixin.py:190} INFO - [2024-12-17T03:46:49.580-0800] {dag.py:4180} INFO - Setting next_dagrun for example_time_delta_sensor_async to None, run_after=None
[2024-12-17T03:46:49.601-0800] {processor.py:208} INFO - Processing /Users/rishukhurana/anaconda3/lib/python3.11/site-packages/airflow/example_dags/example_time_delta_sensor_async.py took 1.027 seconds
[2024-12-17T03:49:50.456-0800] {processor.py:186} INFO - Started process (PID=48277) to work on /Users/rishukhurana/anaconda3/lib/python3.11/site-packages/airflow/example_dags/example_time_delta_sensor_async.py
[2024-12-17T03:49:50.458-0800] {processor.py:914} INFO - Processing file /Users/rishukhurana/anaconda3/lib/python3.11/site-packages/airflow/example_dags/example_time_delta_sensor_async.py for tasks to queue
[2024-12-17T03:49:50.460-0800] {logging_mixin.py:190} INFO - [2024-12-17T03:49:50.460-0800] {dagbag.py:588} INFO - Filling up the DagBag from /Users/rishukhurana/anaconda3/lib/python3.11/site-packages/airflow/example_dags/example_time_delta_sensor_async.py
[2024-12-17T03:49:50.470-0800] {processor.py:925} INFO - DAG(s) 'example_time_delta_sensor_async' retrieved from /Users/rishukhurana/anaconda3/lib/python3.11/site-packages/airflow/example_dags/example_time_delta_sensor_async.py
[2024-12-17T03:49:50.873-0800] {logging_mixin.py:190} INFO - [2024-12-17T03:49:50.873-0800] {utils.py:160} INFO - NumExpr defaulting to 8 threads.
[2024-12-17T03:49:51.336-0800] {logging_mixin.py:190} INFO - [2024-12-17T03:49:51.336-0800] {dag.py:3239} INFO - Sync 1 DAGs
[2024-12-17T03:49:51.345-0800] {logging_mixin.py:190} INFO - [2024-12-17T03:49:51.344-0800] {dag.py:4180} INFO - Setting next_dagrun for example_time_delta_sensor_async to None, run_after=None
[2024-12-17T03:49:51.366-0800] {processor.py:208} INFO - Processing /Users/rishukhurana/anaconda3/lib/python3.11/site-packages/airflow/example_dags/example_time_delta_sensor_async.py took 0.916 seconds
[2024-12-17T03:56:58.268-0800] {processor.py:186} INFO - Started process (PID=48446) to work on /Users/rishukhurana/anaconda3/lib/python3.11/site-packages/airflow/example_dags/example_time_delta_sensor_async.py
[2024-12-17T03:56:58.270-0800] {processor.py:914} INFO - Processing file /Users/rishukhurana/anaconda3/lib/python3.11/site-packages/airflow/example_dags/example_time_delta_sensor_async.py for tasks to queue
[2024-12-17T03:56:58.271-0800] {logging_mixin.py:190} INFO - [2024-12-17T03:56:58.271-0800] {dagbag.py:588} INFO - Filling up the DagBag from /Users/rishukhurana/anaconda3/lib/python3.11/site-packages/airflow/example_dags/example_time_delta_sensor_async.py
[2024-12-17T03:56:58.281-0800] {processor.py:925} INFO - DAG(s) 'example_time_delta_sensor_async' retrieved from /Users/rishukhurana/anaconda3/lib/python3.11/site-packages/airflow/example_dags/example_time_delta_sensor_async.py
[2024-12-17T03:56:58.786-0800] {logging_mixin.py:190} INFO - [2024-12-17T03:56:58.786-0800] {utils.py:160} INFO - NumExpr defaulting to 8 threads.
[2024-12-17T03:56:59.323-0800] {logging_mixin.py:190} INFO - [2024-12-17T03:56:59.323-0800] {dag.py:3239} INFO - Sync 1 DAGs
[2024-12-17T03:56:59.331-0800] {logging_mixin.py:190} INFO - [2024-12-17T03:56:59.331-0800] {dag.py:4180} INFO - Setting next_dagrun for example_time_delta_sensor_async to None, run_after=None
[2024-12-17T03:56:59.346-0800] {processor.py:208} INFO - Processing /Users/rishukhurana/anaconda3/lib/python3.11/site-packages/airflow/example_dags/example_time_delta_sensor_async.py took 1.083 seconds
[2024-12-17T06:19:20.962-0800] {processor.py:186} INFO - Started process (PID=48621) to work on /Users/rishukhurana/anaconda3/lib/python3.11/site-packages/airflow/example_dags/example_time_delta_sensor_async.py
[2024-12-17T06:19:20.964-0800] {processor.py:914} INFO - Processing file /Users/rishukhurana/anaconda3/lib/python3.11/site-packages/airflow/example_dags/example_time_delta_sensor_async.py for tasks to queue
[2024-12-17T06:19:20.966-0800] {logging_mixin.py:190} INFO - [2024-12-17T06:19:20.965-0800] {dagbag.py:588} INFO - Filling up the DagBag from /Users/rishukhurana/anaconda3/lib/python3.11/site-packages/airflow/example_dags/example_time_delta_sensor_async.py
[2024-12-17T06:19:20.982-0800] {processor.py:925} INFO - DAG(s) 'example_time_delta_sensor_async' retrieved from /Users/rishukhurana/anaconda3/lib/python3.11/site-packages/airflow/example_dags/example_time_delta_sensor_async.py
[2024-12-17T06:19:21.584-0800] {logging_mixin.py:190} INFO - [2024-12-17T06:19:21.584-0800] {utils.py:160} INFO - NumExpr defaulting to 8 threads.
[2024-12-17T06:19:22.153-0800] {logging_mixin.py:190} INFO - [2024-12-17T06:19:22.152-0800] {dag.py:3239} INFO - Sync 1 DAGs
[2024-12-17T06:19:22.171-0800] {logging_mixin.py:190} INFO - [2024-12-17T06:19:22.171-0800] {dag.py:4180} INFO - Setting next_dagrun for example_time_delta_sensor_async to None, run_after=None
[2024-12-17T06:19:22.192-0800] {processor.py:208} INFO - Processing /Users/rishukhurana/anaconda3/lib/python3.11/site-packages/airflow/example_dags/example_time_delta_sensor_async.py took 1.235 seconds
[2024-12-17T13:05:02.918-0800] {processor.py:186} INFO - Started process (PID=48862) to work on /Users/rishukhurana/anaconda3/lib/python3.11/site-packages/airflow/example_dags/example_time_delta_sensor_async.py
[2024-12-17T13:05:02.920-0800] {processor.py:914} INFO - Processing file /Users/rishukhurana/anaconda3/lib/python3.11/site-packages/airflow/example_dags/example_time_delta_sensor_async.py for tasks to queue
[2024-12-17T13:05:02.921-0800] {logging_mixin.py:190} INFO - [2024-12-17T13:05:02.921-0800] {dagbag.py:588} INFO - Filling up the DagBag from /Users/rishukhurana/anaconda3/lib/python3.11/site-packages/airflow/example_dags/example_time_delta_sensor_async.py
[2024-12-17T13:05:02.929-0800] {processor.py:925} INFO - DAG(s) 'example_time_delta_sensor_async' retrieved from /Users/rishukhurana/anaconda3/lib/python3.11/site-packages/airflow/example_dags/example_time_delta_sensor_async.py
[2024-12-17T13:05:03.394-0800] {logging_mixin.py:190} INFO - [2024-12-17T13:05:03.394-0800] {utils.py:160} INFO - NumExpr defaulting to 8 threads.
[2024-12-17T13:05:03.712-0800] {logging_mixin.py:190} INFO - [2024-12-17T13:05:03.711-0800] {dag.py:3239} INFO - Sync 1 DAGs
[2024-12-17T13:05:03.720-0800] {logging_mixin.py:190} INFO - [2024-12-17T13:05:03.720-0800] {dag.py:4180} INFO - Setting next_dagrun for example_time_delta_sensor_async to None, run_after=None
[2024-12-17T13:05:03.735-0800] {processor.py:208} INFO - Processing /Users/rishukhurana/anaconda3/lib/python3.11/site-packages/airflow/example_dags/example_time_delta_sensor_async.py took 0.823 seconds
