[2024-12-17T02:46:32.779-0800] {processor.py:186} INFO - Started process (PID=45228) to work on /Users/rishukhurana/anaconda3/lib/python3.11/site-packages/airflow/example_dags/example_sensors.py
[2024-12-17T02:46:32.780-0800] {processor.py:914} INFO - Processing file /Users/rishukhurana/anaconda3/lib/python3.11/site-packages/airflow/example_dags/example_sensors.py for tasks to queue
[2024-12-17T02:46:32.781-0800] {logging_mixin.py:190} INFO - [2024-12-17T02:46:32.781-0800] {dagbag.py:588} INFO - Filling up the DagBag from /Users/rishukhurana/anaconda3/lib/python3.11/site-packages/airflow/example_dags/example_sensors.py
[2024-12-17T02:46:32.796-0800] {processor.py:925} INFO - DAG(s) 'example_sensors' retrieved from /Users/rishukhurana/anaconda3/lib/python3.11/site-packages/airflow/example_dags/example_sensors.py
[2024-12-17T02:46:33.241-0800] {logging_mixin.py:190} INFO - [2024-12-17T02:46:33.240-0800] {utils.py:160} INFO - NumExpr defaulting to 8 threads.
[2024-12-17T02:46:33.612-0800] {logging_mixin.py:190} INFO - [2024-12-17T02:46:33.611-0800] {dag.py:3239} INFO - Sync 1 DAGs
[2024-12-17T02:46:33.622-0800] {logging_mixin.py:190} INFO - [2024-12-17T02:46:33.621-0800] {dag.py:4180} INFO - Setting next_dagrun for example_sensors to None, run_after=None
[2024-12-17T02:46:33.642-0800] {processor.py:208} INFO - Processing /Users/rishukhurana/anaconda3/lib/python3.11/site-packages/airflow/example_dags/example_sensors.py took 0.870 seconds
[2024-12-17T02:54:47.326-0800] {processor.py:186} INFO - Started process (PID=45413) to work on /Users/rishukhurana/anaconda3/lib/python3.11/site-packages/airflow/example_dags/example_sensors.py
[2024-12-17T02:54:47.328-0800] {processor.py:914} INFO - Processing file /Users/rishukhurana/anaconda3/lib/python3.11/site-packages/airflow/example_dags/example_sensors.py for tasks to queue
[2024-12-17T02:54:47.330-0800] {logging_mixin.py:190} INFO - [2024-12-17T02:54:47.330-0800] {dagbag.py:588} INFO - Filling up the DagBag from /Users/rishukhurana/anaconda3/lib/python3.11/site-packages/airflow/example_dags/example_sensors.py
[2024-12-17T02:54:47.355-0800] {processor.py:925} INFO - DAG(s) 'example_sensors' retrieved from /Users/rishukhurana/anaconda3/lib/python3.11/site-packages/airflow/example_dags/example_sensors.py
[2024-12-17T02:54:48.188-0800] {logging_mixin.py:190} INFO - [2024-12-17T02:54:48.187-0800] {utils.py:160} INFO - NumExpr defaulting to 8 threads.
[2024-12-17T02:54:48.646-0800] {logging_mixin.py:190} INFO - [2024-12-17T02:54:48.645-0800] {dag.py:3239} INFO - Sync 1 DAGs
[2024-12-17T02:54:48.655-0800] {logging_mixin.py:190} INFO - [2024-12-17T02:54:48.655-0800] {dag.py:4180} INFO - Setting next_dagrun for example_sensors to None, run_after=None
[2024-12-17T02:54:48.673-0800] {processor.py:208} INFO - Processing /Users/rishukhurana/anaconda3/lib/python3.11/site-packages/airflow/example_dags/example_sensors.py took 1.353 seconds
[2024-12-17T02:57:57.434-0800] {processor.py:186} INFO - Started process (PID=45618) to work on /Users/rishukhurana/anaconda3/lib/python3.11/site-packages/airflow/example_dags/example_sensors.py
[2024-12-17T02:57:57.436-0800] {processor.py:914} INFO - Processing file /Users/rishukhurana/anaconda3/lib/python3.11/site-packages/airflow/example_dags/example_sensors.py for tasks to queue
[2024-12-17T02:57:57.438-0800] {logging_mixin.py:190} INFO - [2024-12-17T02:57:57.437-0800] {dagbag.py:588} INFO - Filling up the DagBag from /Users/rishukhurana/anaconda3/lib/python3.11/site-packages/airflow/example_dags/example_sensors.py
[2024-12-17T02:57:57.456-0800] {processor.py:925} INFO - DAG(s) 'example_sensors' retrieved from /Users/rishukhurana/anaconda3/lib/python3.11/site-packages/airflow/example_dags/example_sensors.py
[2024-12-17T02:57:58.033-0800] {logging_mixin.py:190} INFO - [2024-12-17T02:57:58.032-0800] {utils.py:160} INFO - NumExpr defaulting to 8 threads.
[2024-12-17T02:57:58.589-0800] {logging_mixin.py:190} INFO - [2024-12-17T02:57:58.589-0800] {dag.py:3239} INFO - Sync 1 DAGs
[2024-12-17T02:57:58.600-0800] {logging_mixin.py:190} INFO - [2024-12-17T02:57:58.600-0800] {dag.py:4180} INFO - Setting next_dagrun for example_sensors to None, run_after=None
[2024-12-17T02:57:58.621-0800] {processor.py:208} INFO - Processing /Users/rishukhurana/anaconda3/lib/python3.11/site-packages/airflow/example_dags/example_sensors.py took 1.193 seconds
[2024-12-17T03:00:57.784-0800] {processor.py:186} INFO - Started process (PID=45769) to work on /Users/rishukhurana/anaconda3/lib/python3.11/site-packages/airflow/example_dags/example_sensors.py
[2024-12-17T03:00:57.786-0800] {processor.py:914} INFO - Processing file /Users/rishukhurana/anaconda3/lib/python3.11/site-packages/airflow/example_dags/example_sensors.py for tasks to queue
[2024-12-17T03:00:57.787-0800] {logging_mixin.py:190} INFO - [2024-12-17T03:00:57.787-0800] {dagbag.py:588} INFO - Filling up the DagBag from /Users/rishukhurana/anaconda3/lib/python3.11/site-packages/airflow/example_dags/example_sensors.py
[2024-12-17T03:00:57.808-0800] {processor.py:925} INFO - DAG(s) 'example_sensors' retrieved from /Users/rishukhurana/anaconda3/lib/python3.11/site-packages/airflow/example_dags/example_sensors.py
[2024-12-17T03:00:58.215-0800] {logging_mixin.py:190} INFO - [2024-12-17T03:00:58.215-0800] {utils.py:160} INFO - NumExpr defaulting to 8 threads.
[2024-12-17T03:00:58.552-0800] {logging_mixin.py:190} INFO - [2024-12-17T03:00:58.551-0800] {dag.py:3239} INFO - Sync 1 DAGs
[2024-12-17T03:00:58.560-0800] {logging_mixin.py:190} INFO - [2024-12-17T03:00:58.560-0800] {dag.py:4180} INFO - Setting next_dagrun for example_sensors to None, run_after=None
[2024-12-17T03:00:58.578-0800] {processor.py:208} INFO - Processing /Users/rishukhurana/anaconda3/lib/python3.11/site-packages/airflow/example_dags/example_sensors.py took 0.801 seconds
[2024-12-17T03:04:06.302-0800] {processor.py:186} INFO - Started process (PID=45940) to work on /Users/rishukhurana/anaconda3/lib/python3.11/site-packages/airflow/example_dags/example_sensors.py
[2024-12-17T03:04:06.304-0800] {processor.py:914} INFO - Processing file /Users/rishukhurana/anaconda3/lib/python3.11/site-packages/airflow/example_dags/example_sensors.py for tasks to queue
[2024-12-17T03:04:06.306-0800] {logging_mixin.py:190} INFO - [2024-12-17T03:04:06.306-0800] {dagbag.py:588} INFO - Filling up the DagBag from /Users/rishukhurana/anaconda3/lib/python3.11/site-packages/airflow/example_dags/example_sensors.py
[2024-12-17T03:04:06.326-0800] {processor.py:925} INFO - DAG(s) 'example_sensors' retrieved from /Users/rishukhurana/anaconda3/lib/python3.11/site-packages/airflow/example_dags/example_sensors.py
[2024-12-17T03:04:06.900-0800] {logging_mixin.py:190} INFO - [2024-12-17T03:04:06.900-0800] {utils.py:160} INFO - NumExpr defaulting to 8 threads.
[2024-12-17T03:04:07.406-0800] {logging_mixin.py:190} INFO - [2024-12-17T03:04:07.405-0800] {dag.py:3239} INFO - Sync 1 DAGs
[2024-12-17T03:04:07.416-0800] {logging_mixin.py:190} INFO - [2024-12-17T03:04:07.415-0800] {dag.py:4180} INFO - Setting next_dagrun for example_sensors to None, run_after=None
[2024-12-17T03:04:07.434-0800] {processor.py:208} INFO - Processing /Users/rishukhurana/anaconda3/lib/python3.11/site-packages/airflow/example_dags/example_sensors.py took 1.135 seconds
[2024-12-17T03:07:16.208-0800] {processor.py:186} INFO - Started process (PID=46113) to work on /Users/rishukhurana/anaconda3/lib/python3.11/site-packages/airflow/example_dags/example_sensors.py
[2024-12-17T03:07:16.210-0800] {processor.py:914} INFO - Processing file /Users/rishukhurana/anaconda3/lib/python3.11/site-packages/airflow/example_dags/example_sensors.py for tasks to queue
[2024-12-17T03:07:16.211-0800] {logging_mixin.py:190} INFO - [2024-12-17T03:07:16.211-0800] {dagbag.py:588} INFO - Filling up the DagBag from /Users/rishukhurana/anaconda3/lib/python3.11/site-packages/airflow/example_dags/example_sensors.py
[2024-12-17T03:07:16.233-0800] {processor.py:925} INFO - DAG(s) 'example_sensors' retrieved from /Users/rishukhurana/anaconda3/lib/python3.11/site-packages/airflow/example_dags/example_sensors.py
[2024-12-17T03:07:16.789-0800] {logging_mixin.py:190} INFO - [2024-12-17T03:07:16.789-0800] {utils.py:160} INFO - NumExpr defaulting to 8 threads.
[2024-12-17T03:07:17.345-0800] {logging_mixin.py:190} INFO - [2024-12-17T03:07:17.345-0800] {dag.py:3239} INFO - Sync 1 DAGs
[2024-12-17T03:07:17.354-0800] {logging_mixin.py:190} INFO - [2024-12-17T03:07:17.353-0800] {dag.py:4180} INFO - Setting next_dagrun for example_sensors to None, run_after=None
[2024-12-17T03:07:17.373-0800] {processor.py:208} INFO - Processing /Users/rishukhurana/anaconda3/lib/python3.11/site-packages/airflow/example_dags/example_sensors.py took 1.171 seconds
[2024-12-17T03:10:27.347-0800] {processor.py:186} INFO - Started process (PID=46260) to work on /Users/rishukhurana/anaconda3/lib/python3.11/site-packages/airflow/example_dags/example_sensors.py
[2024-12-17T03:10:27.350-0800] {processor.py:914} INFO - Processing file /Users/rishukhurana/anaconda3/lib/python3.11/site-packages/airflow/example_dags/example_sensors.py for tasks to queue
[2024-12-17T03:10:27.351-0800] {logging_mixin.py:190} INFO - [2024-12-17T03:10:27.351-0800] {dagbag.py:588} INFO - Filling up the DagBag from /Users/rishukhurana/anaconda3/lib/python3.11/site-packages/airflow/example_dags/example_sensors.py
[2024-12-17T03:10:27.370-0800] {processor.py:925} INFO - DAG(s) 'example_sensors' retrieved from /Users/rishukhurana/anaconda3/lib/python3.11/site-packages/airflow/example_dags/example_sensors.py
[2024-12-17T03:10:27.847-0800] {logging_mixin.py:190} INFO - [2024-12-17T03:10:27.847-0800] {utils.py:160} INFO - NumExpr defaulting to 8 threads.
[2024-12-17T03:10:28.224-0800] {logging_mixin.py:190} INFO - [2024-12-17T03:10:28.223-0800] {dag.py:3239} INFO - Sync 1 DAGs
[2024-12-17T03:10:28.234-0800] {logging_mixin.py:190} INFO - [2024-12-17T03:10:28.234-0800] {dag.py:4180} INFO - Setting next_dagrun for example_sensors to None, run_after=None
[2024-12-17T03:10:28.253-0800] {processor.py:208} INFO - Processing /Users/rishukhurana/anaconda3/lib/python3.11/site-packages/airflow/example_dags/example_sensors.py took 0.912 seconds
[2024-12-17T03:13:40.400-0800] {processor.py:186} INFO - Started process (PID=46412) to work on /Users/rishukhurana/anaconda3/lib/python3.11/site-packages/airflow/example_dags/example_sensors.py
[2024-12-17T03:13:40.402-0800] {processor.py:914} INFO - Processing file /Users/rishukhurana/anaconda3/lib/python3.11/site-packages/airflow/example_dags/example_sensors.py for tasks to queue
[2024-12-17T03:13:40.403-0800] {logging_mixin.py:190} INFO - [2024-12-17T03:13:40.403-0800] {dagbag.py:588} INFO - Filling up the DagBag from /Users/rishukhurana/anaconda3/lib/python3.11/site-packages/airflow/example_dags/example_sensors.py
[2024-12-17T03:13:40.425-0800] {processor.py:925} INFO - DAG(s) 'example_sensors' retrieved from /Users/rishukhurana/anaconda3/lib/python3.11/site-packages/airflow/example_dags/example_sensors.py
[2024-12-17T03:13:40.884-0800] {logging_mixin.py:190} INFO - [2024-12-17T03:13:40.883-0800] {utils.py:160} INFO - NumExpr defaulting to 8 threads.
[2024-12-17T03:13:41.430-0800] {logging_mixin.py:190} INFO - [2024-12-17T03:13:41.429-0800] {dag.py:3239} INFO - Sync 1 DAGs
[2024-12-17T03:13:41.438-0800] {logging_mixin.py:190} INFO - [2024-12-17T03:13:41.438-0800] {dag.py:4180} INFO - Setting next_dagrun for example_sensors to None, run_after=None
[2024-12-17T03:13:41.455-0800] {processor.py:208} INFO - Processing /Users/rishukhurana/anaconda3/lib/python3.11/site-packages/airflow/example_dags/example_sensors.py took 1.061 seconds
[2024-12-17T03:16:52.049-0800] {processor.py:186} INFO - Started process (PID=46603) to work on /Users/rishukhurana/anaconda3/lib/python3.11/site-packages/airflow/example_dags/example_sensors.py
[2024-12-17T03:16:52.051-0800] {processor.py:914} INFO - Processing file /Users/rishukhurana/anaconda3/lib/python3.11/site-packages/airflow/example_dags/example_sensors.py for tasks to queue
[2024-12-17T03:16:52.052-0800] {logging_mixin.py:190} INFO - [2024-12-17T03:16:52.052-0800] {dagbag.py:588} INFO - Filling up the DagBag from /Users/rishukhurana/anaconda3/lib/python3.11/site-packages/airflow/example_dags/example_sensors.py
[2024-12-17T03:16:52.073-0800] {processor.py:925} INFO - DAG(s) 'example_sensors' retrieved from /Users/rishukhurana/anaconda3/lib/python3.11/site-packages/airflow/example_dags/example_sensors.py
[2024-12-17T03:16:52.618-0800] {logging_mixin.py:190} INFO - [2024-12-17T03:16:52.618-0800] {utils.py:160} INFO - NumExpr defaulting to 8 threads.
[2024-12-17T03:16:53.103-0800] {logging_mixin.py:190} INFO - [2024-12-17T03:16:53.103-0800] {dag.py:3239} INFO - Sync 1 DAGs
[2024-12-17T03:16:53.112-0800] {logging_mixin.py:190} INFO - [2024-12-17T03:16:53.112-0800] {dag.py:4180} INFO - Setting next_dagrun for example_sensors to None, run_after=None
[2024-12-17T03:16:53.129-0800] {processor.py:208} INFO - Processing /Users/rishukhurana/anaconda3/lib/python3.11/site-packages/airflow/example_dags/example_sensors.py took 1.086 seconds
[2024-12-17T03:19:52.684-0800] {processor.py:186} INFO - Started process (PID=46770) to work on /Users/rishukhurana/anaconda3/lib/python3.11/site-packages/airflow/example_dags/example_sensors.py
[2024-12-17T03:19:52.686-0800] {processor.py:914} INFO - Processing file /Users/rishukhurana/anaconda3/lib/python3.11/site-packages/airflow/example_dags/example_sensors.py for tasks to queue
[2024-12-17T03:19:52.687-0800] {logging_mixin.py:190} INFO - [2024-12-17T03:19:52.687-0800] {dagbag.py:588} INFO - Filling up the DagBag from /Users/rishukhurana/anaconda3/lib/python3.11/site-packages/airflow/example_dags/example_sensors.py
[2024-12-17T03:19:52.703-0800] {processor.py:925} INFO - DAG(s) 'example_sensors' retrieved from /Users/rishukhurana/anaconda3/lib/python3.11/site-packages/airflow/example_dags/example_sensors.py
[2024-12-17T03:19:53.135-0800] {logging_mixin.py:190} INFO - [2024-12-17T03:19:53.134-0800] {utils.py:160} INFO - NumExpr defaulting to 8 threads.
[2024-12-17T03:19:53.502-0800] {logging_mixin.py:190} INFO - [2024-12-17T03:19:53.502-0800] {dag.py:3239} INFO - Sync 1 DAGs
[2024-12-17T03:19:53.512-0800] {logging_mixin.py:190} INFO - [2024-12-17T03:19:53.512-0800] {dag.py:4180} INFO - Setting next_dagrun for example_sensors to None, run_after=None
[2024-12-17T03:19:53.531-0800] {processor.py:208} INFO - Processing /Users/rishukhurana/anaconda3/lib/python3.11/site-packages/airflow/example_dags/example_sensors.py took 0.852 seconds
[2024-12-17T03:22:55.383-0800] {processor.py:186} INFO - Started process (PID=46918) to work on /Users/rishukhurana/anaconda3/lib/python3.11/site-packages/airflow/example_dags/example_sensors.py
[2024-12-17T03:22:55.385-0800] {processor.py:914} INFO - Processing file /Users/rishukhurana/anaconda3/lib/python3.11/site-packages/airflow/example_dags/example_sensors.py for tasks to queue
[2024-12-17T03:22:55.386-0800] {logging_mixin.py:190} INFO - [2024-12-17T03:22:55.386-0800] {dagbag.py:588} INFO - Filling up the DagBag from /Users/rishukhurana/anaconda3/lib/python3.11/site-packages/airflow/example_dags/example_sensors.py
[2024-12-17T03:22:55.406-0800] {processor.py:925} INFO - DAG(s) 'example_sensors' retrieved from /Users/rishukhurana/anaconda3/lib/python3.11/site-packages/airflow/example_dags/example_sensors.py
[2024-12-17T03:22:55.945-0800] {logging_mixin.py:190} INFO - [2024-12-17T03:22:55.945-0800] {utils.py:160} INFO - NumExpr defaulting to 8 threads.
[2024-12-17T03:22:56.418-0800] {logging_mixin.py:190} INFO - [2024-12-17T03:22:56.417-0800] {dag.py:3239} INFO - Sync 1 DAGs
[2024-12-17T03:22:56.427-0800] {logging_mixin.py:190} INFO - [2024-12-17T03:22:56.426-0800] {dag.py:4180} INFO - Setting next_dagrun for example_sensors to None, run_after=None
[2024-12-17T03:22:56.450-0800] {processor.py:208} INFO - Processing /Users/rishukhurana/anaconda3/lib/python3.11/site-packages/airflow/example_dags/example_sensors.py took 1.073 seconds
[2024-12-17T03:25:59.945-0800] {processor.py:186} INFO - Started process (PID=47065) to work on /Users/rishukhurana/anaconda3/lib/python3.11/site-packages/airflow/example_dags/example_sensors.py
[2024-12-17T03:25:59.947-0800] {processor.py:914} INFO - Processing file /Users/rishukhurana/anaconda3/lib/python3.11/site-packages/airflow/example_dags/example_sensors.py for tasks to queue
[2024-12-17T03:25:59.949-0800] {logging_mixin.py:190} INFO - [2024-12-17T03:25:59.949-0800] {dagbag.py:588} INFO - Filling up the DagBag from /Users/rishukhurana/anaconda3/lib/python3.11/site-packages/airflow/example_dags/example_sensors.py
[2024-12-17T03:25:59.971-0800] {processor.py:925} INFO - DAG(s) 'example_sensors' retrieved from /Users/rishukhurana/anaconda3/lib/python3.11/site-packages/airflow/example_dags/example_sensors.py
[2024-12-17T03:26:00.391-0800] {logging_mixin.py:190} INFO - [2024-12-17T03:26:00.391-0800] {utils.py:160} INFO - NumExpr defaulting to 8 threads.
[2024-12-17T03:26:00.812-0800] {logging_mixin.py:190} INFO - [2024-12-17T03:26:00.811-0800] {dag.py:3239} INFO - Sync 1 DAGs
[2024-12-17T03:26:00.821-0800] {logging_mixin.py:190} INFO - [2024-12-17T03:26:00.821-0800] {dag.py:4180} INFO - Setting next_dagrun for example_sensors to None, run_after=None
[2024-12-17T03:26:00.840-0800] {processor.py:208} INFO - Processing /Users/rishukhurana/anaconda3/lib/python3.11/site-packages/airflow/example_dags/example_sensors.py took 0.901 seconds
[2024-12-17T03:29:03.025-0800] {processor.py:186} INFO - Started process (PID=47222) to work on /Users/rishukhurana/anaconda3/lib/python3.11/site-packages/airflow/example_dags/example_sensors.py
[2024-12-17T03:29:03.028-0800] {processor.py:914} INFO - Processing file /Users/rishukhurana/anaconda3/lib/python3.11/site-packages/airflow/example_dags/example_sensors.py for tasks to queue
[2024-12-17T03:29:03.029-0800] {logging_mixin.py:190} INFO - [2024-12-17T03:29:03.029-0800] {dagbag.py:588} INFO - Filling up the DagBag from /Users/rishukhurana/anaconda3/lib/python3.11/site-packages/airflow/example_dags/example_sensors.py
[2024-12-17T03:29:03.049-0800] {processor.py:925} INFO - DAG(s) 'example_sensors' retrieved from /Users/rishukhurana/anaconda3/lib/python3.11/site-packages/airflow/example_dags/example_sensors.py
[2024-12-17T03:29:03.590-0800] {logging_mixin.py:190} INFO - [2024-12-17T03:29:03.590-0800] {utils.py:160} INFO - NumExpr defaulting to 8 threads.
[2024-12-17T03:29:04.136-0800] {logging_mixin.py:190} INFO - [2024-12-17T03:29:04.135-0800] {dag.py:3239} INFO - Sync 1 DAGs
[2024-12-17T03:29:04.144-0800] {logging_mixin.py:190} INFO - [2024-12-17T03:29:04.144-0800] {dag.py:4180} INFO - Setting next_dagrun for example_sensors to None, run_after=None
[2024-12-17T03:29:04.166-0800] {processor.py:208} INFO - Processing /Users/rishukhurana/anaconda3/lib/python3.11/site-packages/airflow/example_dags/example_sensors.py took 1.147 seconds
[2024-12-17T03:32:06.319-0800] {processor.py:186} INFO - Started process (PID=47382) to work on /Users/rishukhurana/anaconda3/lib/python3.11/site-packages/airflow/example_dags/example_sensors.py
[2024-12-17T03:32:06.321-0800] {processor.py:914} INFO - Processing file /Users/rishukhurana/anaconda3/lib/python3.11/site-packages/airflow/example_dags/example_sensors.py for tasks to queue
[2024-12-17T03:32:06.322-0800] {logging_mixin.py:190} INFO - [2024-12-17T03:32:06.322-0800] {dagbag.py:588} INFO - Filling up the DagBag from /Users/rishukhurana/anaconda3/lib/python3.11/site-packages/airflow/example_dags/example_sensors.py
[2024-12-17T03:32:06.343-0800] {processor.py:925} INFO - DAG(s) 'example_sensors' retrieved from /Users/rishukhurana/anaconda3/lib/python3.11/site-packages/airflow/example_dags/example_sensors.py
[2024-12-17T03:32:06.898-0800] {logging_mixin.py:190} INFO - [2024-12-17T03:32:06.897-0800] {utils.py:160} INFO - NumExpr defaulting to 8 threads.
[2024-12-17T03:32:07.458-0800] {logging_mixin.py:190} INFO - [2024-12-17T03:32:07.458-0800] {dag.py:3239} INFO - Sync 1 DAGs
[2024-12-17T03:32:07.467-0800] {logging_mixin.py:190} INFO - [2024-12-17T03:32:07.467-0800] {dag.py:4180} INFO - Setting next_dagrun for example_sensors to None, run_after=None
[2024-12-17T03:32:07.492-0800] {processor.py:208} INFO - Processing /Users/rishukhurana/anaconda3/lib/python3.11/site-packages/airflow/example_dags/example_sensors.py took 1.179 seconds
[2024-12-17T03:35:02.598-0800] {processor.py:186} INFO - Started process (PID=47558) to work on /Users/rishukhurana/anaconda3/lib/python3.11/site-packages/airflow/example_dags/example_sensors.py
[2024-12-17T03:35:02.600-0800] {processor.py:914} INFO - Processing file /Users/rishukhurana/anaconda3/lib/python3.11/site-packages/airflow/example_dags/example_sensors.py for tasks to queue
[2024-12-17T03:35:02.601-0800] {logging_mixin.py:190} INFO - [2024-12-17T03:35:02.601-0800] {dagbag.py:588} INFO - Filling up the DagBag from /Users/rishukhurana/anaconda3/lib/python3.11/site-packages/airflow/example_dags/example_sensors.py
[2024-12-17T03:35:02.621-0800] {processor.py:925} INFO - DAG(s) 'example_sensors' retrieved from /Users/rishukhurana/anaconda3/lib/python3.11/site-packages/airflow/example_dags/example_sensors.py
[2024-12-17T03:35:03.053-0800] {logging_mixin.py:190} INFO - [2024-12-17T03:35:03.052-0800] {utils.py:160} INFO - NumExpr defaulting to 8 threads.
[2024-12-17T03:35:03.379-0800] {logging_mixin.py:190} INFO - [2024-12-17T03:35:03.378-0800] {dag.py:3239} INFO - Sync 1 DAGs
[2024-12-17T03:35:03.387-0800] {logging_mixin.py:190} INFO - [2024-12-17T03:35:03.387-0800] {dag.py:4180} INFO - Setting next_dagrun for example_sensors to None, run_after=None
[2024-12-17T03:35:03.411-0800] {processor.py:208} INFO - Processing /Users/rishukhurana/anaconda3/lib/python3.11/site-packages/airflow/example_dags/example_sensors.py took 0.819 seconds
[2024-12-17T03:38:24.116-0800] {processor.py:186} INFO - Started process (PID=47717) to work on /Users/rishukhurana/anaconda3/lib/python3.11/site-packages/airflow/example_dags/example_sensors.py
[2024-12-17T03:38:24.119-0800] {processor.py:914} INFO - Processing file /Users/rishukhurana/anaconda3/lib/python3.11/site-packages/airflow/example_dags/example_sensors.py for tasks to queue
[2024-12-17T03:38:24.120-0800] {logging_mixin.py:190} INFO - [2024-12-17T03:38:24.119-0800] {dagbag.py:588} INFO - Filling up the DagBag from /Users/rishukhurana/anaconda3/lib/python3.11/site-packages/airflow/example_dags/example_sensors.py
[2024-12-17T03:38:24.137-0800] {processor.py:925} INFO - DAG(s) 'example_sensors' retrieved from /Users/rishukhurana/anaconda3/lib/python3.11/site-packages/airflow/example_dags/example_sensors.py
[2024-12-17T03:38:24.569-0800] {logging_mixin.py:190} INFO - [2024-12-17T03:38:24.568-0800] {utils.py:160} INFO - NumExpr defaulting to 8 threads.
[2024-12-17T03:38:24.939-0800] {logging_mixin.py:190} INFO - [2024-12-17T03:38:24.939-0800] {dag.py:3239} INFO - Sync 1 DAGs
[2024-12-17T03:38:24.949-0800] {logging_mixin.py:190} INFO - [2024-12-17T03:38:24.949-0800] {dag.py:4180} INFO - Setting next_dagrun for example_sensors to None, run_after=None
[2024-12-17T03:38:24.965-0800] {processor.py:208} INFO - Processing /Users/rishukhurana/anaconda3/lib/python3.11/site-packages/airflow/example_dags/example_sensors.py took 0.856 seconds
[2024-12-17T03:41:28.961-0800] {processor.py:186} INFO - Started process (PID=47860) to work on /Users/rishukhurana/anaconda3/lib/python3.11/site-packages/airflow/example_dags/example_sensors.py
[2024-12-17T03:41:28.963-0800] {processor.py:914} INFO - Processing file /Users/rishukhurana/anaconda3/lib/python3.11/site-packages/airflow/example_dags/example_sensors.py for tasks to queue
[2024-12-17T03:41:28.965-0800] {logging_mixin.py:190} INFO - [2024-12-17T03:41:28.964-0800] {dagbag.py:588} INFO - Filling up the DagBag from /Users/rishukhurana/anaconda3/lib/python3.11/site-packages/airflow/example_dags/example_sensors.py
[2024-12-17T03:41:28.986-0800] {processor.py:925} INFO - DAG(s) 'example_sensors' retrieved from /Users/rishukhurana/anaconda3/lib/python3.11/site-packages/airflow/example_dags/example_sensors.py
[2024-12-17T03:41:29.567-0800] {logging_mixin.py:190} INFO - [2024-12-17T03:41:29.567-0800] {utils.py:160} INFO - NumExpr defaulting to 8 threads.
[2024-12-17T03:41:30.118-0800] {logging_mixin.py:190} INFO - [2024-12-17T03:41:30.117-0800] {dag.py:3239} INFO - Sync 1 DAGs
[2024-12-17T03:41:30.130-0800] {logging_mixin.py:190} INFO - [2024-12-17T03:41:30.129-0800] {dag.py:4180} INFO - Setting next_dagrun for example_sensors to None, run_after=None
[2024-12-17T03:41:30.151-0800] {processor.py:208} INFO - Processing /Users/rishukhurana/anaconda3/lib/python3.11/site-packages/airflow/example_dags/example_sensors.py took 1.198 seconds
[2024-12-17T03:44:28.539-0800] {processor.py:186} INFO - Started process (PID=48006) to work on /Users/rishukhurana/anaconda3/lib/python3.11/site-packages/airflow/example_dags/example_sensors.py
[2024-12-17T03:44:28.541-0800] {processor.py:914} INFO - Processing file /Users/rishukhurana/anaconda3/lib/python3.11/site-packages/airflow/example_dags/example_sensors.py for tasks to queue
[2024-12-17T03:44:28.543-0800] {logging_mixin.py:190} INFO - [2024-12-17T03:44:28.542-0800] {dagbag.py:588} INFO - Filling up the DagBag from /Users/rishukhurana/anaconda3/lib/python3.11/site-packages/airflow/example_dags/example_sensors.py
[2024-12-17T03:44:28.562-0800] {processor.py:925} INFO - DAG(s) 'example_sensors' retrieved from /Users/rishukhurana/anaconda3/lib/python3.11/site-packages/airflow/example_dags/example_sensors.py
[2024-12-17T03:44:28.967-0800] {logging_mixin.py:190} INFO - [2024-12-17T03:44:28.967-0800] {utils.py:160} INFO - NumExpr defaulting to 8 threads.
[2024-12-17T03:44:29.295-0800] {logging_mixin.py:190} INFO - [2024-12-17T03:44:29.294-0800] {dag.py:3239} INFO - Sync 1 DAGs
[2024-12-17T03:44:29.303-0800] {logging_mixin.py:190} INFO - [2024-12-17T03:44:29.303-0800] {dag.py:4180} INFO - Setting next_dagrun for example_sensors to None, run_after=None
[2024-12-17T03:44:29.322-0800] {processor.py:208} INFO - Processing /Users/rishukhurana/anaconda3/lib/python3.11/site-packages/airflow/example_dags/example_sensors.py took 0.790 seconds
[2024-12-17T03:47:23.456-0800] {processor.py:186} INFO - Started process (PID=48155) to work on /Users/rishukhurana/anaconda3/lib/python3.11/site-packages/airflow/example_dags/example_sensors.py
[2024-12-17T03:47:23.458-0800] {processor.py:914} INFO - Processing file /Users/rishukhurana/anaconda3/lib/python3.11/site-packages/airflow/example_dags/example_sensors.py for tasks to queue
[2024-12-17T03:47:23.459-0800] {logging_mixin.py:190} INFO - [2024-12-17T03:47:23.459-0800] {dagbag.py:588} INFO - Filling up the DagBag from /Users/rishukhurana/anaconda3/lib/python3.11/site-packages/airflow/example_dags/example_sensors.py
[2024-12-17T03:47:23.478-0800] {processor.py:925} INFO - DAG(s) 'example_sensors' retrieved from /Users/rishukhurana/anaconda3/lib/python3.11/site-packages/airflow/example_dags/example_sensors.py
[2024-12-17T03:47:23.883-0800] {logging_mixin.py:190} INFO - [2024-12-17T03:47:23.882-0800] {utils.py:160} INFO - NumExpr defaulting to 8 threads.
[2024-12-17T03:47:24.242-0800] {logging_mixin.py:190} INFO - [2024-12-17T03:47:24.241-0800] {dag.py:3239} INFO - Sync 1 DAGs
[2024-12-17T03:47:24.250-0800] {logging_mixin.py:190} INFO - [2024-12-17T03:47:24.250-0800] {dag.py:4180} INFO - Setting next_dagrun for example_sensors to None, run_after=None
[2024-12-17T03:47:24.267-0800] {processor.py:208} INFO - Processing /Users/rishukhurana/anaconda3/lib/python3.11/site-packages/airflow/example_dags/example_sensors.py took 0.819 seconds
[2024-12-17T03:54:34.864-0800] {processor.py:186} INFO - Started process (PID=48318) to work on /Users/rishukhurana/anaconda3/lib/python3.11/site-packages/airflow/example_dags/example_sensors.py
[2024-12-17T03:54:34.866-0800] {processor.py:914} INFO - Processing file /Users/rishukhurana/anaconda3/lib/python3.11/site-packages/airflow/example_dags/example_sensors.py for tasks to queue
[2024-12-17T03:54:34.868-0800] {logging_mixin.py:190} INFO - [2024-12-17T03:54:34.868-0800] {dagbag.py:588} INFO - Filling up the DagBag from /Users/rishukhurana/anaconda3/lib/python3.11/site-packages/airflow/example_dags/example_sensors.py
[2024-12-17T03:54:34.890-0800] {processor.py:925} INFO - DAG(s) 'example_sensors' retrieved from /Users/rishukhurana/anaconda3/lib/python3.11/site-packages/airflow/example_dags/example_sensors.py
[2024-12-17T03:54:35.410-0800] {logging_mixin.py:190} INFO - [2024-12-17T03:54:35.409-0800] {utils.py:160} INFO - NumExpr defaulting to 8 threads.
[2024-12-17T03:54:35.928-0800] {logging_mixin.py:190} INFO - [2024-12-17T03:54:35.928-0800] {dag.py:3239} INFO - Sync 1 DAGs
[2024-12-17T03:54:35.937-0800] {logging_mixin.py:190} INFO - [2024-12-17T03:54:35.937-0800] {dag.py:4180} INFO - Setting next_dagrun for example_sensors to None, run_after=None
[2024-12-17T03:54:35.955-0800] {processor.py:208} INFO - Processing /Users/rishukhurana/anaconda3/lib/python3.11/site-packages/airflow/example_dags/example_sensors.py took 1.097 seconds
[2024-12-17T03:57:32.476-0800] {processor.py:186} INFO - Started process (PID=48472) to work on /Users/rishukhurana/anaconda3/lib/python3.11/site-packages/airflow/example_dags/example_sensors.py
[2024-12-17T03:57:32.478-0800] {processor.py:914} INFO - Processing file /Users/rishukhurana/anaconda3/lib/python3.11/site-packages/airflow/example_dags/example_sensors.py for tasks to queue
[2024-12-17T03:57:32.480-0800] {logging_mixin.py:190} INFO - [2024-12-17T03:57:32.479-0800] {dagbag.py:588} INFO - Filling up the DagBag from /Users/rishukhurana/anaconda3/lib/python3.11/site-packages/airflow/example_dags/example_sensors.py
[2024-12-17T03:57:32.499-0800] {processor.py:925} INFO - DAG(s) 'example_sensors' retrieved from /Users/rishukhurana/anaconda3/lib/python3.11/site-packages/airflow/example_dags/example_sensors.py
[2024-12-17T03:57:33.022-0800] {logging_mixin.py:190} INFO - [2024-12-17T03:57:33.022-0800] {utils.py:160} INFO - NumExpr defaulting to 8 threads.
[2024-12-17T03:57:33.566-0800] {logging_mixin.py:190} INFO - [2024-12-17T03:57:33.566-0800] {dag.py:3239} INFO - Sync 1 DAGs
[2024-12-17T03:57:33.575-0800] {logging_mixin.py:190} INFO - [2024-12-17T03:57:33.575-0800] {dag.py:4180} INFO - Setting next_dagrun for example_sensors to None, run_after=None
[2024-12-17T03:57:33.592-0800] {processor.py:208} INFO - Processing /Users/rishukhurana/anaconda3/lib/python3.11/site-packages/airflow/example_dags/example_sensors.py took 1.122 seconds
[2024-12-17T06:51:52.513-0800] {processor.py:186} INFO - Started process (PID=48682) to work on /Users/rishukhurana/anaconda3/lib/python3.11/site-packages/airflow/example_dags/example_sensors.py
[2024-12-17T06:51:52.515-0800] {processor.py:914} INFO - Processing file /Users/rishukhurana/anaconda3/lib/python3.11/site-packages/airflow/example_dags/example_sensors.py for tasks to queue
[2024-12-17T06:51:52.516-0800] {logging_mixin.py:190} INFO - [2024-12-17T06:51:52.516-0800] {dagbag.py:588} INFO - Filling up the DagBag from /Users/rishukhurana/anaconda3/lib/python3.11/site-packages/airflow/example_dags/example_sensors.py
[2024-12-17T06:51:52.531-0800] {processor.py:925} INFO - DAG(s) 'example_sensors' retrieved from /Users/rishukhurana/anaconda3/lib/python3.11/site-packages/airflow/example_dags/example_sensors.py
[2024-12-17T06:51:53.152-0800] {logging_mixin.py:190} INFO - [2024-12-17T06:51:53.152-0800] {utils.py:160} INFO - NumExpr defaulting to 8 threads.
[2024-12-17T06:51:55.576-0800] {logging_mixin.py:190} INFO - [2024-12-17T06:51:55.574-0800] {dag.py:3239} INFO - Sync 1 DAGs
[2024-12-17T06:51:55.651-0800] {logging_mixin.py:190} INFO - [2024-12-17T06:51:55.650-0800] {dag.py:4180} INFO - Setting next_dagrun for example_sensors to None, run_after=None
[2024-12-17T06:51:55.772-0800] {processor.py:208} INFO - Processing /Users/rishukhurana/anaconda3/lib/python3.11/site-packages/airflow/example_dags/example_sensors.py took 3.263 seconds
[2024-12-17T14:09:37.210-0800] {processor.py:186} INFO - Started process (PID=48913) to work on /Users/rishukhurana/anaconda3/lib/python3.11/site-packages/airflow/example_dags/example_sensors.py
[2024-12-17T14:09:37.212-0800] {processor.py:914} INFO - Processing file /Users/rishukhurana/anaconda3/lib/python3.11/site-packages/airflow/example_dags/example_sensors.py for tasks to queue
[2024-12-17T14:09:37.213-0800] {logging_mixin.py:190} INFO - [2024-12-17T14:09:37.213-0800] {dagbag.py:588} INFO - Filling up the DagBag from /Users/rishukhurana/anaconda3/lib/python3.11/site-packages/airflow/example_dags/example_sensors.py
[2024-12-17T14:09:37.231-0800] {processor.py:925} INFO - DAG(s) 'example_sensors' retrieved from /Users/rishukhurana/anaconda3/lib/python3.11/site-packages/airflow/example_dags/example_sensors.py
[2024-12-17T14:09:38.135-0800] {logging_mixin.py:190} INFO - [2024-12-17T14:09:38.134-0800] {utils.py:160} INFO - NumExpr defaulting to 8 threads.
[2024-12-17T14:09:38.806-0800] {logging_mixin.py:190} INFO - [2024-12-17T14:09:38.806-0800] {dag.py:3239} INFO - Sync 1 DAGs
[2024-12-17T14:09:38.816-0800] {logging_mixin.py:190} INFO - [2024-12-17T14:09:38.816-0800] {dag.py:4180} INFO - Setting next_dagrun for example_sensors to None, run_after=None
[2024-12-17T14:09:38.837-0800] {processor.py:208} INFO - Processing /Users/rishukhurana/anaconda3/lib/python3.11/site-packages/airflow/example_dags/example_sensors.py took 1.633 seconds
