[2024-12-16T17:51:30.797-0800] {processor.py:186} INFO - Started process (PID=45007) to work on /Users/rishukhurana/anaconda3/lib/python3.11/site-packages/airflow/example_dags/example_inlet_event_extra.py
[2024-12-16T17:51:30.800-0800] {processor.py:914} INFO - Processing file /Users/rishukhurana/anaconda3/lib/python3.11/site-packages/airflow/example_dags/example_inlet_event_extra.py for tasks to queue
[2024-12-16T17:51:30.802-0800] {logging_mixin.py:190} INFO - [2024-12-16T17:51:30.801-0800] {dagbag.py:588} INFO - Filling up the DagBag from /Users/rishukhurana/anaconda3/lib/python3.11/site-packages/airflow/example_dags/example_inlet_event_extra.py
[2024-12-16T17:51:31.589-0800] {processor.py:925} INFO - DAG(s) 'read_dataset_event_from_classic', 'read_dataset_event' retrieved from /Users/rishukhurana/anaconda3/lib/python3.11/site-packages/airflow/example_dags/example_inlet_event_extra.py
[2024-12-16T17:51:31.683-0800] {logging_mixin.py:190} INFO - [2024-12-16T17:51:31.683-0800] {dag.py:3239} INFO - Sync 2 DAGs
[2024-12-16T17:51:31.701-0800] {logging_mixin.py:190} INFO - [2024-12-16T17:51:31.700-0800] {dag.py:4180} INFO - Setting next_dagrun for read_dataset_event to 2024-12-16 00:00:00+00:00, run_after=2024-12-17 00:00:00+00:00
[2024-12-16T17:51:31.705-0800] {logging_mixin.py:190} INFO - [2024-12-16T17:51:31.705-0800] {dag.py:4180} INFO - Setting next_dagrun for read_dataset_event_from_classic to 2024-12-16 00:00:00+00:00, run_after=2024-12-17 00:00:00+00:00
[2024-12-16T17:51:31.727-0800] {processor.py:208} INFO - Processing /Users/rishukhurana/anaconda3/lib/python3.11/site-packages/airflow/example_dags/example_inlet_event_extra.py took 0.937 seconds
[2024-12-17T02:47:17.691-0800] {processor.py:186} INFO - Started process (PID=45269) to work on /Users/rishukhurana/anaconda3/lib/python3.11/site-packages/airflow/example_dags/example_inlet_event_extra.py
[2024-12-17T02:47:17.693-0800] {processor.py:914} INFO - Processing file /Users/rishukhurana/anaconda3/lib/python3.11/site-packages/airflow/example_dags/example_inlet_event_extra.py for tasks to queue
[2024-12-17T02:47:17.695-0800] {logging_mixin.py:190} INFO - [2024-12-17T02:47:17.694-0800] {dagbag.py:588} INFO - Filling up the DagBag from /Users/rishukhurana/anaconda3/lib/python3.11/site-packages/airflow/example_dags/example_inlet_event_extra.py
[2024-12-17T02:47:18.158-0800] {processor.py:925} INFO - DAG(s) 'read_dataset_event_from_classic', 'read_dataset_event' retrieved from /Users/rishukhurana/anaconda3/lib/python3.11/site-packages/airflow/example_dags/example_inlet_event_extra.py
[2024-12-17T02:47:18.235-0800] {logging_mixin.py:190} INFO - [2024-12-17T02:47:18.235-0800] {dag.py:3239} INFO - Sync 2 DAGs
[2024-12-17T02:47:18.251-0800] {logging_mixin.py:190} INFO - [2024-12-17T02:47:18.250-0800] {dag.py:4180} INFO - Setting next_dagrun for read_dataset_event to 2024-12-16 00:00:00+00:00, run_after=2024-12-17 00:00:00+00:00
[2024-12-17T02:47:18.254-0800] {logging_mixin.py:190} INFO - [2024-12-17T02:47:18.254-0800] {dag.py:4180} INFO - Setting next_dagrun for read_dataset_event_from_classic to 2024-12-16 00:00:00+00:00, run_after=2024-12-17 00:00:00+00:00
[2024-12-17T02:47:18.273-0800] {processor.py:208} INFO - Processing /Users/rishukhurana/anaconda3/lib/python3.11/site-packages/airflow/example_dags/example_inlet_event_extra.py took 0.588 seconds
[2024-12-17T02:55:32.434-0800] {processor.py:186} INFO - Started process (PID=45457) to work on /Users/rishukhurana/anaconda3/lib/python3.11/site-packages/airflow/example_dags/example_inlet_event_extra.py
[2024-12-17T02:55:32.436-0800] {processor.py:914} INFO - Processing file /Users/rishukhurana/anaconda3/lib/python3.11/site-packages/airflow/example_dags/example_inlet_event_extra.py for tasks to queue
[2024-12-17T02:55:32.439-0800] {logging_mixin.py:190} INFO - [2024-12-17T02:55:32.439-0800] {dagbag.py:588} INFO - Filling up the DagBag from /Users/rishukhurana/anaconda3/lib/python3.11/site-packages/airflow/example_dags/example_inlet_event_extra.py
[2024-12-17T02:55:33.125-0800] {processor.py:925} INFO - DAG(s) 'read_dataset_event_from_classic', 'read_dataset_event' retrieved from /Users/rishukhurana/anaconda3/lib/python3.11/site-packages/airflow/example_dags/example_inlet_event_extra.py
[2024-12-17T02:55:33.219-0800] {logging_mixin.py:190} INFO - [2024-12-17T02:55:33.219-0800] {dag.py:3239} INFO - Sync 2 DAGs
[2024-12-17T02:55:33.237-0800] {logging_mixin.py:190} INFO - [2024-12-17T02:55:33.237-0800] {dag.py:4180} INFO - Setting next_dagrun for read_dataset_event to 2024-12-16 00:00:00+00:00, run_after=2024-12-17 00:00:00+00:00
[2024-12-17T02:55:33.242-0800] {logging_mixin.py:190} INFO - [2024-12-17T02:55:33.242-0800] {dag.py:4180} INFO - Setting next_dagrun for read_dataset_event_from_classic to 2024-12-16 00:00:00+00:00, run_after=2024-12-17 00:00:00+00:00
[2024-12-17T02:55:33.257-0800] {processor.py:208} INFO - Processing /Users/rishukhurana/anaconda3/lib/python3.11/site-packages/airflow/example_dags/example_inlet_event_extra.py took 0.829 seconds
[2024-12-17T03:01:43.278-0800] {processor.py:186} INFO - Started process (PID=45807) to work on /Users/rishukhurana/anaconda3/lib/python3.11/site-packages/airflow/example_dags/example_inlet_event_extra.py
[2024-12-17T03:01:43.280-0800] {processor.py:914} INFO - Processing file /Users/rishukhurana/anaconda3/lib/python3.11/site-packages/airflow/example_dags/example_inlet_event_extra.py for tasks to queue
[2024-12-17T03:01:43.281-0800] {logging_mixin.py:190} INFO - [2024-12-17T03:01:43.281-0800] {dagbag.py:588} INFO - Filling up the DagBag from /Users/rishukhurana/anaconda3/lib/python3.11/site-packages/airflow/example_dags/example_inlet_event_extra.py
[2024-12-17T03:01:44.011-0800] {processor.py:925} INFO - DAG(s) 'read_dataset_event', 'read_dataset_event_from_classic' retrieved from /Users/rishukhurana/anaconda3/lib/python3.11/site-packages/airflow/example_dags/example_inlet_event_extra.py
[2024-12-17T03:01:44.096-0800] {logging_mixin.py:190} INFO - [2024-12-17T03:01:44.096-0800] {dag.py:3239} INFO - Sync 2 DAGs
[2024-12-17T03:01:44.114-0800] {logging_mixin.py:190} INFO - [2024-12-17T03:01:44.114-0800] {dag.py:4180} INFO - Setting next_dagrun for read_dataset_event to 2024-12-16 00:00:00+00:00, run_after=2024-12-17 00:00:00+00:00
[2024-12-17T03:01:44.119-0800] {logging_mixin.py:190} INFO - [2024-12-17T03:01:44.119-0800] {dag.py:4180} INFO - Setting next_dagrun for read_dataset_event_from_classic to 2024-12-16 00:00:00+00:00, run_after=2024-12-17 00:00:00+00:00
[2024-12-17T03:01:44.133-0800] {processor.py:208} INFO - Processing /Users/rishukhurana/anaconda3/lib/python3.11/site-packages/airflow/example_dags/example_inlet_event_extra.py took 0.859 seconds
[2024-12-17T03:04:51.597-0800] {processor.py:186} INFO - Started process (PID=45988) to work on /Users/rishukhurana/anaconda3/lib/python3.11/site-packages/airflow/example_dags/example_inlet_event_extra.py
[2024-12-17T03:04:51.598-0800] {processor.py:914} INFO - Processing file /Users/rishukhurana/anaconda3/lib/python3.11/site-packages/airflow/example_dags/example_inlet_event_extra.py for tasks to queue
[2024-12-17T03:04:51.600-0800] {logging_mixin.py:190} INFO - [2024-12-17T03:04:51.599-0800] {dagbag.py:588} INFO - Filling up the DagBag from /Users/rishukhurana/anaconda3/lib/python3.11/site-packages/airflow/example_dags/example_inlet_event_extra.py
[2024-12-17T03:04:52.367-0800] {processor.py:925} INFO - DAG(s) 'read_dataset_event_from_classic', 'read_dataset_event' retrieved from /Users/rishukhurana/anaconda3/lib/python3.11/site-packages/airflow/example_dags/example_inlet_event_extra.py
[2024-12-17T03:04:52.455-0800] {logging_mixin.py:190} INFO - [2024-12-17T03:04:52.455-0800] {dag.py:3239} INFO - Sync 2 DAGs
[2024-12-17T03:04:52.474-0800] {logging_mixin.py:190} INFO - [2024-12-17T03:04:52.473-0800] {dag.py:4180} INFO - Setting next_dagrun for read_dataset_event to 2024-12-16 00:00:00+00:00, run_after=2024-12-17 00:00:00+00:00
[2024-12-17T03:04:52.478-0800] {logging_mixin.py:190} INFO - [2024-12-17T03:04:52.477-0800] {dag.py:4180} INFO - Setting next_dagrun for read_dataset_event_from_classic to 2024-12-16 00:00:00+00:00, run_after=2024-12-17 00:00:00+00:00
[2024-12-17T03:04:52.492-0800] {processor.py:208} INFO - Processing /Users/rishukhurana/anaconda3/lib/python3.11/site-packages/airflow/example_dags/example_inlet_event_extra.py took 0.900 seconds
[2024-12-17T03:08:00.398-0800] {processor.py:186} INFO - Started process (PID=46150) to work on /Users/rishukhurana/anaconda3/lib/python3.11/site-packages/airflow/example_dags/example_inlet_event_extra.py
[2024-12-17T03:08:00.400-0800] {processor.py:914} INFO - Processing file /Users/rishukhurana/anaconda3/lib/python3.11/site-packages/airflow/example_dags/example_inlet_event_extra.py for tasks to queue
[2024-12-17T03:08:00.402-0800] {logging_mixin.py:190} INFO - [2024-12-17T03:08:00.402-0800] {dagbag.py:588} INFO - Filling up the DagBag from /Users/rishukhurana/anaconda3/lib/python3.11/site-packages/airflow/example_dags/example_inlet_event_extra.py
[2024-12-17T03:08:00.857-0800] {processor.py:925} INFO - DAG(s) 'read_dataset_event', 'read_dataset_event_from_classic' retrieved from /Users/rishukhurana/anaconda3/lib/python3.11/site-packages/airflow/example_dags/example_inlet_event_extra.py
[2024-12-17T03:08:00.932-0800] {logging_mixin.py:190} INFO - [2024-12-17T03:08:00.932-0800] {dag.py:3239} INFO - Sync 2 DAGs
[2024-12-17T03:08:00.949-0800] {logging_mixin.py:190} INFO - [2024-12-17T03:08:00.949-0800] {dag.py:4180} INFO - Setting next_dagrun for read_dataset_event to 2024-12-16 00:00:00+00:00, run_after=2024-12-17 00:00:00+00:00
[2024-12-17T03:08:00.952-0800] {logging_mixin.py:190} INFO - [2024-12-17T03:08:00.952-0800] {dag.py:4180} INFO - Setting next_dagrun for read_dataset_event_from_classic to 2024-12-16 00:00:00+00:00, run_after=2024-12-17 00:00:00+00:00
[2024-12-17T03:08:00.966-0800] {processor.py:208} INFO - Processing /Users/rishukhurana/anaconda3/lib/python3.11/site-packages/airflow/example_dags/example_inlet_event_extra.py took 0.575 seconds
[2024-12-17T03:11:14.883-0800] {processor.py:186} INFO - Started process (PID=46297) to work on /Users/rishukhurana/anaconda3/lib/python3.11/site-packages/airflow/example_dags/example_inlet_event_extra.py
[2024-12-17T03:11:14.885-0800] {processor.py:914} INFO - Processing file /Users/rishukhurana/anaconda3/lib/python3.11/site-packages/airflow/example_dags/example_inlet_event_extra.py for tasks to queue
[2024-12-17T03:11:14.887-0800] {logging_mixin.py:190} INFO - [2024-12-17T03:11:14.886-0800] {dagbag.py:588} INFO - Filling up the DagBag from /Users/rishukhurana/anaconda3/lib/python3.11/site-packages/airflow/example_dags/example_inlet_event_extra.py
[2024-12-17T03:11:15.624-0800] {processor.py:925} INFO - DAG(s) 'read_dataset_event', 'read_dataset_event_from_classic' retrieved from /Users/rishukhurana/anaconda3/lib/python3.11/site-packages/airflow/example_dags/example_inlet_event_extra.py
[2024-12-17T03:11:15.708-0800] {logging_mixin.py:190} INFO - [2024-12-17T03:11:15.708-0800] {dag.py:3239} INFO - Sync 2 DAGs
[2024-12-17T03:11:15.730-0800] {logging_mixin.py:190} INFO - [2024-12-17T03:11:15.729-0800] {dag.py:4180} INFO - Setting next_dagrun for read_dataset_event to 2024-12-16 00:00:00+00:00, run_after=2024-12-17 00:00:00+00:00
[2024-12-17T03:11:15.735-0800] {logging_mixin.py:190} INFO - [2024-12-17T03:11:15.735-0800] {dag.py:4180} INFO - Setting next_dagrun for read_dataset_event_from_classic to 2024-12-16 00:00:00+00:00, run_after=2024-12-17 00:00:00+00:00
[2024-12-17T03:11:15.762-0800] {processor.py:208} INFO - Processing /Users/rishukhurana/anaconda3/lib/python3.11/site-packages/airflow/example_dags/example_inlet_event_extra.py took 0.888 seconds
[2024-12-17T03:14:23.797-0800] {processor.py:186} INFO - Started process (PID=46446) to work on /Users/rishukhurana/anaconda3/lib/python3.11/site-packages/airflow/example_dags/example_inlet_event_extra.py
[2024-12-17T03:14:23.799-0800] {processor.py:914} INFO - Processing file /Users/rishukhurana/anaconda3/lib/python3.11/site-packages/airflow/example_dags/example_inlet_event_extra.py for tasks to queue
[2024-12-17T03:14:23.801-0800] {logging_mixin.py:190} INFO - [2024-12-17T03:14:23.800-0800] {dagbag.py:588} INFO - Filling up the DagBag from /Users/rishukhurana/anaconda3/lib/python3.11/site-packages/airflow/example_dags/example_inlet_event_extra.py
[2024-12-17T03:14:24.235-0800] {processor.py:925} INFO - DAG(s) 'read_dataset_event', 'read_dataset_event_from_classic' retrieved from /Users/rishukhurana/anaconda3/lib/python3.11/site-packages/airflow/example_dags/example_inlet_event_extra.py
[2024-12-17T03:14:24.312-0800] {logging_mixin.py:190} INFO - [2024-12-17T03:14:24.311-0800] {dag.py:3239} INFO - Sync 2 DAGs
[2024-12-17T03:14:24.328-0800] {logging_mixin.py:190} INFO - [2024-12-17T03:14:24.328-0800] {dag.py:4180} INFO - Setting next_dagrun for read_dataset_event to 2024-12-16 00:00:00+00:00, run_after=2024-12-17 00:00:00+00:00
[2024-12-17T03:14:24.331-0800] {logging_mixin.py:190} INFO - [2024-12-17T03:14:24.331-0800] {dag.py:4180} INFO - Setting next_dagrun for read_dataset_event_from_classic to 2024-12-16 00:00:00+00:00, run_after=2024-12-17 00:00:00+00:00
[2024-12-17T03:14:24.352-0800] {processor.py:208} INFO - Processing /Users/rishukhurana/anaconda3/lib/python3.11/site-packages/airflow/example_dags/example_inlet_event_extra.py took 0.562 seconds
[2024-12-17T03:20:38.135-0800] {processor.py:186} INFO - Started process (PID=46804) to work on /Users/rishukhurana/anaconda3/lib/python3.11/site-packages/airflow/example_dags/example_inlet_event_extra.py
[2024-12-17T03:20:38.137-0800] {processor.py:914} INFO - Processing file /Users/rishukhurana/anaconda3/lib/python3.11/site-packages/airflow/example_dags/example_inlet_event_extra.py for tasks to queue
[2024-12-17T03:20:38.139-0800] {logging_mixin.py:190} INFO - [2024-12-17T03:20:38.138-0800] {dagbag.py:588} INFO - Filling up the DagBag from /Users/rishukhurana/anaconda3/lib/python3.11/site-packages/airflow/example_dags/example_inlet_event_extra.py
[2024-12-17T03:20:38.920-0800] {processor.py:925} INFO - DAG(s) 'read_dataset_event', 'read_dataset_event_from_classic' retrieved from /Users/rishukhurana/anaconda3/lib/python3.11/site-packages/airflow/example_dags/example_inlet_event_extra.py
[2024-12-17T03:20:39.010-0800] {logging_mixin.py:190} INFO - [2024-12-17T03:20:39.010-0800] {dag.py:3239} INFO - Sync 2 DAGs
[2024-12-17T03:20:39.028-0800] {logging_mixin.py:190} INFO - [2024-12-17T03:20:39.028-0800] {dag.py:4180} INFO - Setting next_dagrun for read_dataset_event to 2024-12-16 00:00:00+00:00, run_after=2024-12-17 00:00:00+00:00
[2024-12-17T03:20:39.032-0800] {logging_mixin.py:190} INFO - [2024-12-17T03:20:39.032-0800] {dag.py:4180} INFO - Setting next_dagrun for read_dataset_event_from_classic to 2024-12-16 00:00:00+00:00, run_after=2024-12-17 00:00:00+00:00
[2024-12-17T03:20:39.047-0800] {processor.py:208} INFO - Processing /Users/rishukhurana/anaconda3/lib/python3.11/site-packages/airflow/example_dags/example_inlet_event_extra.py took 0.917 seconds
[2024-12-17T03:26:45.027-0800] {processor.py:186} INFO - Started process (PID=47102) to work on /Users/rishukhurana/anaconda3/lib/python3.11/site-packages/airflow/example_dags/example_inlet_event_extra.py
[2024-12-17T03:26:45.029-0800] {processor.py:914} INFO - Processing file /Users/rishukhurana/anaconda3/lib/python3.11/site-packages/airflow/example_dags/example_inlet_event_extra.py for tasks to queue
[2024-12-17T03:26:45.031-0800] {logging_mixin.py:190} INFO - [2024-12-17T03:26:45.030-0800] {dagbag.py:588} INFO - Filling up the DagBag from /Users/rishukhurana/anaconda3/lib/python3.11/site-packages/airflow/example_dags/example_inlet_event_extra.py
[2024-12-17T03:26:45.490-0800] {processor.py:925} INFO - DAG(s) 'read_dataset_event', 'read_dataset_event_from_classic' retrieved from /Users/rishukhurana/anaconda3/lib/python3.11/site-packages/airflow/example_dags/example_inlet_event_extra.py
[2024-12-17T03:26:45.567-0800] {logging_mixin.py:190} INFO - [2024-12-17T03:26:45.567-0800] {dag.py:3239} INFO - Sync 2 DAGs
[2024-12-17T03:26:45.584-0800] {logging_mixin.py:190} INFO - [2024-12-17T03:26:45.584-0800] {dag.py:4180} INFO - Setting next_dagrun for read_dataset_event to 2024-12-16 00:00:00+00:00, run_after=2024-12-17 00:00:00+00:00
[2024-12-17T03:26:45.588-0800] {logging_mixin.py:190} INFO - [2024-12-17T03:26:45.588-0800] {dag.py:4180} INFO - Setting next_dagrun for read_dataset_event_from_classic to 2024-12-16 00:00:00+00:00, run_after=2024-12-17 00:00:00+00:00
[2024-12-17T03:26:45.604-0800] {processor.py:208} INFO - Processing /Users/rishukhurana/anaconda3/lib/python3.11/site-packages/airflow/example_dags/example_inlet_event_extra.py took 0.585 seconds
[2024-12-17T03:29:46.300-0800] {processor.py:186} INFO - Started process (PID=47257) to work on /Users/rishukhurana/anaconda3/lib/python3.11/site-packages/airflow/example_dags/example_inlet_event_extra.py
[2024-12-17T03:29:46.302-0800] {processor.py:914} INFO - Processing file /Users/rishukhurana/anaconda3/lib/python3.11/site-packages/airflow/example_dags/example_inlet_event_extra.py for tasks to queue
[2024-12-17T03:29:46.304-0800] {logging_mixin.py:190} INFO - [2024-12-17T03:29:46.303-0800] {dagbag.py:588} INFO - Filling up the DagBag from /Users/rishukhurana/anaconda3/lib/python3.11/site-packages/airflow/example_dags/example_inlet_event_extra.py
[2024-12-17T03:29:46.811-0800] {processor.py:925} INFO - DAG(s) 'read_dataset_event_from_classic', 'read_dataset_event' retrieved from /Users/rishukhurana/anaconda3/lib/python3.11/site-packages/airflow/example_dags/example_inlet_event_extra.py
[2024-12-17T03:29:46.887-0800] {logging_mixin.py:190} INFO - [2024-12-17T03:29:46.887-0800] {dag.py:3239} INFO - Sync 2 DAGs
[2024-12-17T03:29:46.904-0800] {logging_mixin.py:190} INFO - [2024-12-17T03:29:46.903-0800] {dag.py:4180} INFO - Setting next_dagrun for read_dataset_event to 2024-12-16 00:00:00+00:00, run_after=2024-12-17 00:00:00+00:00
[2024-12-17T03:29:46.907-0800] {logging_mixin.py:190} INFO - [2024-12-17T03:29:46.907-0800] {dag.py:4180} INFO - Setting next_dagrun for read_dataset_event_from_classic to 2024-12-16 00:00:00+00:00, run_after=2024-12-17 00:00:00+00:00
[2024-12-17T03:29:46.929-0800] {processor.py:208} INFO - Processing /Users/rishukhurana/anaconda3/lib/python3.11/site-packages/airflow/example_dags/example_inlet_event_extra.py took 0.635 seconds
[2024-12-17T03:32:49.952-0800] {processor.py:186} INFO - Started process (PID=47423) to work on /Users/rishukhurana/anaconda3/lib/python3.11/site-packages/airflow/example_dags/example_inlet_event_extra.py
[2024-12-17T03:32:49.954-0800] {processor.py:914} INFO - Processing file /Users/rishukhurana/anaconda3/lib/python3.11/site-packages/airflow/example_dags/example_inlet_event_extra.py for tasks to queue
[2024-12-17T03:32:49.956-0800] {logging_mixin.py:190} INFO - [2024-12-17T03:32:49.956-0800] {dagbag.py:588} INFO - Filling up the DagBag from /Users/rishukhurana/anaconda3/lib/python3.11/site-packages/airflow/example_dags/example_inlet_event_extra.py
[2024-12-17T03:32:50.395-0800] {processor.py:925} INFO - DAG(s) 'read_dataset_event_from_classic', 'read_dataset_event' retrieved from /Users/rishukhurana/anaconda3/lib/python3.11/site-packages/airflow/example_dags/example_inlet_event_extra.py
[2024-12-17T03:32:50.474-0800] {logging_mixin.py:190} INFO - [2024-12-17T03:32:50.473-0800] {dag.py:3239} INFO - Sync 2 DAGs
[2024-12-17T03:32:50.490-0800] {logging_mixin.py:190} INFO - [2024-12-17T03:32:50.490-0800] {dag.py:4180} INFO - Setting next_dagrun for read_dataset_event to 2024-12-16 00:00:00+00:00, run_after=2024-12-17 00:00:00+00:00
[2024-12-17T03:32:50.493-0800] {logging_mixin.py:190} INFO - [2024-12-17T03:32:50.493-0800] {dag.py:4180} INFO - Setting next_dagrun for read_dataset_event_from_classic to 2024-12-16 00:00:00+00:00, run_after=2024-12-17 00:00:00+00:00
[2024-12-17T03:32:50.510-0800] {processor.py:208} INFO - Processing /Users/rishukhurana/anaconda3/lib/python3.11/site-packages/airflow/example_dags/example_inlet_event_extra.py took 0.564 seconds
[2024-12-17T03:39:06.281-0800] {processor.py:186} INFO - Started process (PID=47749) to work on /Users/rishukhurana/anaconda3/lib/python3.11/site-packages/airflow/example_dags/example_inlet_event_extra.py
[2024-12-17T03:39:06.283-0800] {processor.py:914} INFO - Processing file /Users/rishukhurana/anaconda3/lib/python3.11/site-packages/airflow/example_dags/example_inlet_event_extra.py for tasks to queue
[2024-12-17T03:39:06.285-0800] {logging_mixin.py:190} INFO - [2024-12-17T03:39:06.284-0800] {dagbag.py:588} INFO - Filling up the DagBag from /Users/rishukhurana/anaconda3/lib/python3.11/site-packages/airflow/example_dags/example_inlet_event_extra.py
[2024-12-17T03:39:07.032-0800] {processor.py:925} INFO - DAG(s) 'read_dataset_event_from_classic', 'read_dataset_event' retrieved from /Users/rishukhurana/anaconda3/lib/python3.11/site-packages/airflow/example_dags/example_inlet_event_extra.py
[2024-12-17T03:39:07.119-0800] {logging_mixin.py:190} INFO - [2024-12-17T03:39:07.119-0800] {dag.py:3239} INFO - Sync 2 DAGs
[2024-12-17T03:39:07.138-0800] {logging_mixin.py:190} INFO - [2024-12-17T03:39:07.138-0800] {dag.py:4180} INFO - Setting next_dagrun for read_dataset_event to 2024-12-16 00:00:00+00:00, run_after=2024-12-17 00:00:00+00:00
[2024-12-17T03:39:07.142-0800] {logging_mixin.py:190} INFO - [2024-12-17T03:39:07.142-0800] {dag.py:4180} INFO - Setting next_dagrun for read_dataset_event_from_classic to 2024-12-16 00:00:00+00:00, run_after=2024-12-17 00:00:00+00:00
[2024-12-17T03:39:07.156-0800] {processor.py:208} INFO - Processing /Users/rishukhurana/anaconda3/lib/python3.11/site-packages/airflow/example_dags/example_inlet_event_extra.py took 0.882 seconds
[2024-12-17T03:42:13.756-0800] {processor.py:186} INFO - Started process (PID=47896) to work on /Users/rishukhurana/anaconda3/lib/python3.11/site-packages/airflow/example_dags/example_inlet_event_extra.py
[2024-12-17T03:42:13.758-0800] {processor.py:914} INFO - Processing file /Users/rishukhurana/anaconda3/lib/python3.11/site-packages/airflow/example_dags/example_inlet_event_extra.py for tasks to queue
[2024-12-17T03:42:13.760-0800] {logging_mixin.py:190} INFO - [2024-12-17T03:42:13.760-0800] {dagbag.py:588} INFO - Filling up the DagBag from /Users/rishukhurana/anaconda3/lib/python3.11/site-packages/airflow/example_dags/example_inlet_event_extra.py
[2024-12-17T03:42:14.247-0800] {processor.py:925} INFO - DAG(s) 'read_dataset_event_from_classic', 'read_dataset_event' retrieved from /Users/rishukhurana/anaconda3/lib/python3.11/site-packages/airflow/example_dags/example_inlet_event_extra.py
[2024-12-17T03:42:14.336-0800] {logging_mixin.py:190} INFO - [2024-12-17T03:42:14.336-0800] {dag.py:3239} INFO - Sync 2 DAGs
[2024-12-17T03:42:14.354-0800] {logging_mixin.py:190} INFO - [2024-12-17T03:42:14.354-0800] {dag.py:4180} INFO - Setting next_dagrun for read_dataset_event to 2024-12-16 00:00:00+00:00, run_after=2024-12-17 00:00:00+00:00
[2024-12-17T03:42:14.358-0800] {logging_mixin.py:190} INFO - [2024-12-17T03:42:14.358-0800] {dag.py:4180} INFO - Setting next_dagrun for read_dataset_event_from_classic to 2024-12-16 00:00:00+00:00, run_after=2024-12-17 00:00:00+00:00
[2024-12-17T03:42:14.373-0800] {processor.py:208} INFO - Processing /Users/rishukhurana/anaconda3/lib/python3.11/site-packages/airflow/example_dags/example_inlet_event_extra.py took 0.624 seconds
[2024-12-17T03:48:03.771-0800] {processor.py:186} INFO - Started process (PID=48188) to work on /Users/rishukhurana/anaconda3/lib/python3.11/site-packages/airflow/example_dags/example_inlet_event_extra.py
[2024-12-17T03:48:03.773-0800] {processor.py:914} INFO - Processing file /Users/rishukhurana/anaconda3/lib/python3.11/site-packages/airflow/example_dags/example_inlet_event_extra.py for tasks to queue
[2024-12-17T03:48:03.775-0800] {logging_mixin.py:190} INFO - [2024-12-17T03:48:03.774-0800] {dagbag.py:588} INFO - Filling up the DagBag from /Users/rishukhurana/anaconda3/lib/python3.11/site-packages/airflow/example_dags/example_inlet_event_extra.py
[2024-12-17T03:48:04.550-0800] {processor.py:925} INFO - DAG(s) 'read_dataset_event', 'read_dataset_event_from_classic' retrieved from /Users/rishukhurana/anaconda3/lib/python3.11/site-packages/airflow/example_dags/example_inlet_event_extra.py
[2024-12-17T03:48:04.630-0800] {logging_mixin.py:190} INFO - [2024-12-17T03:48:04.630-0800] {dag.py:3239} INFO - Sync 2 DAGs
[2024-12-17T03:48:04.647-0800] {logging_mixin.py:190} INFO - [2024-12-17T03:48:04.646-0800] {dag.py:4180} INFO - Setting next_dagrun for read_dataset_event to 2024-12-16 00:00:00+00:00, run_after=2024-12-17 00:00:00+00:00
[2024-12-17T03:48:04.650-0800] {logging_mixin.py:190} INFO - [2024-12-17T03:48:04.650-0800] {dag.py:4180} INFO - Setting next_dagrun for read_dataset_event_from_classic to 2024-12-16 00:00:00+00:00, run_after=2024-12-17 00:00:00+00:00
[2024-12-17T03:48:04.664-0800] {processor.py:208} INFO - Processing /Users/rishukhurana/anaconda3/lib/python3.11/site-packages/airflow/example_dags/example_inlet_event_extra.py took 0.900 seconds
[2024-12-17T03:55:18.222-0800] {processor.py:186} INFO - Started process (PID=48353) to work on /Users/rishukhurana/anaconda3/lib/python3.11/site-packages/airflow/example_dags/example_inlet_event_extra.py
[2024-12-17T03:55:18.224-0800] {processor.py:914} INFO - Processing file /Users/rishukhurana/anaconda3/lib/python3.11/site-packages/airflow/example_dags/example_inlet_event_extra.py for tasks to queue
[2024-12-17T03:55:18.225-0800] {logging_mixin.py:190} INFO - [2024-12-17T03:55:18.225-0800] {dagbag.py:588} INFO - Filling up the DagBag from /Users/rishukhurana/anaconda3/lib/python3.11/site-packages/airflow/example_dags/example_inlet_event_extra.py
[2024-12-17T03:55:18.664-0800] {processor.py:925} INFO - DAG(s) 'read_dataset_event', 'read_dataset_event_from_classic' retrieved from /Users/rishukhurana/anaconda3/lib/python3.11/site-packages/airflow/example_dags/example_inlet_event_extra.py
[2024-12-17T03:55:18.741-0800] {logging_mixin.py:190} INFO - [2024-12-17T03:55:18.741-0800] {dag.py:3239} INFO - Sync 2 DAGs
[2024-12-17T03:55:18.758-0800] {logging_mixin.py:190} INFO - [2024-12-17T03:55:18.758-0800] {dag.py:4180} INFO - Setting next_dagrun for read_dataset_event to 2024-12-16 00:00:00+00:00, run_after=2024-12-17 00:00:00+00:00
[2024-12-17T03:55:18.762-0800] {logging_mixin.py:190} INFO - [2024-12-17T03:55:18.761-0800] {dag.py:4180} INFO - Setting next_dagrun for read_dataset_event_from_classic to 2024-12-16 00:00:00+00:00, run_after=2024-12-17 00:00:00+00:00
[2024-12-17T03:55:18.776-0800] {processor.py:208} INFO - Processing /Users/rishukhurana/anaconda3/lib/python3.11/site-packages/airflow/example_dags/example_inlet_event_extra.py took 0.561 seconds
[2024-12-17T08:01:35.729-0800] {processor.py:186} INFO - Started process (PID=48739) to work on /Users/rishukhurana/anaconda3/lib/python3.11/site-packages/airflow/example_dags/example_inlet_event_extra.py
[2024-12-17T08:01:35.732-0800] {processor.py:914} INFO - Processing file /Users/rishukhurana/anaconda3/lib/python3.11/site-packages/airflow/example_dags/example_inlet_event_extra.py for tasks to queue
[2024-12-17T08:01:35.733-0800] {logging_mixin.py:190} INFO - [2024-12-17T08:01:35.733-0800] {dagbag.py:588} INFO - Filling up the DagBag from /Users/rishukhurana/anaconda3/lib/python3.11/site-packages/airflow/example_dags/example_inlet_event_extra.py
[2024-12-17T08:01:36.169-0800] {processor.py:925} INFO - DAG(s) 'read_dataset_event_from_classic', 'read_dataset_event' retrieved from /Users/rishukhurana/anaconda3/lib/python3.11/site-packages/airflow/example_dags/example_inlet_event_extra.py
[2024-12-17T08:01:36.243-0800] {logging_mixin.py:190} INFO - [2024-12-17T08:01:36.242-0800] {dag.py:3239} INFO - Sync 2 DAGs
[2024-12-17T08:01:36.258-0800] {logging_mixin.py:190} INFO - [2024-12-17T08:01:36.258-0800] {dag.py:4180} INFO - Setting next_dagrun for read_dataset_event to 2024-12-16 00:00:00+00:00, run_after=2024-12-17 00:00:00+00:00
[2024-12-17T08:01:36.262-0800] {logging_mixin.py:190} INFO - [2024-12-17T08:01:36.262-0800] {dag.py:4180} INFO - Setting next_dagrun for read_dataset_event_from_classic to 2024-12-16 00:00:00+00:00, run_after=2024-12-17 00:00:00+00:00
[2024-12-17T08:01:36.281-0800] {processor.py:208} INFO - Processing /Users/rishukhurana/anaconda3/lib/python3.11/site-packages/airflow/example_dags/example_inlet_event_extra.py took 0.557 seconds
[2024-12-17T14:10:28.412-0800] {processor.py:186} INFO - Started process (PID=48963) to work on /Users/rishukhurana/anaconda3/lib/python3.11/site-packages/airflow/example_dags/example_inlet_event_extra.py
[2024-12-17T14:10:28.414-0800] {processor.py:914} INFO - Processing file /Users/rishukhurana/anaconda3/lib/python3.11/site-packages/airflow/example_dags/example_inlet_event_extra.py for tasks to queue
[2024-12-17T14:10:28.415-0800] {logging_mixin.py:190} INFO - [2024-12-17T14:10:28.415-0800] {dagbag.py:588} INFO - Filling up the DagBag from /Users/rishukhurana/anaconda3/lib/python3.11/site-packages/airflow/example_dags/example_inlet_event_extra.py
[2024-12-17T14:10:29.074-0800] {processor.py:925} INFO - DAG(s) 'read_dataset_event_from_classic', 'read_dataset_event' retrieved from /Users/rishukhurana/anaconda3/lib/python3.11/site-packages/airflow/example_dags/example_inlet_event_extra.py
[2024-12-17T14:10:29.154-0800] {logging_mixin.py:190} INFO - [2024-12-17T14:10:29.154-0800] {dag.py:3239} INFO - Sync 2 DAGs
[2024-12-17T14:10:29.172-0800] {logging_mixin.py:190} INFO - [2024-12-17T14:10:29.172-0800] {dag.py:4180} INFO - Setting next_dagrun for read_dataset_event to 2024-12-16 00:00:00+00:00, run_after=2024-12-17 00:00:00+00:00
[2024-12-17T14:10:29.176-0800] {logging_mixin.py:190} INFO - [2024-12-17T14:10:29.176-0800] {dag.py:4180} INFO - Setting next_dagrun for read_dataset_event_from_classic to 2024-12-16 00:00:00+00:00, run_after=2024-12-17 00:00:00+00:00
[2024-12-17T14:10:29.189-0800] {processor.py:208} INFO - Processing /Users/rishukhurana/anaconda3/lib/python3.11/site-packages/airflow/example_dags/example_inlet_event_extra.py took 0.784 seconds
