[2024-12-17T01:41:11.900-0800] {processor.py:186} INFO - Started process (PID=45163) to work on /Users/rishukhurana/anaconda3/lib/python3.11/site-packages/airflow/example_dags/example_trigger_target_dag.py
[2024-12-17T01:41:11.904-0800] {processor.py:914} INFO - Processing file /Users/rishukhurana/anaconda3/lib/python3.11/site-packages/airflow/example_dags/example_trigger_target_dag.py for tasks to queue
[2024-12-17T01:41:11.905-0800] {logging_mixin.py:190} INFO - [2024-12-17T01:41:11.905-0800] {dagbag.py:588} INFO - Filling up the DagBag from /Users/rishukhurana/anaconda3/lib/python3.11/site-packages/airflow/example_dags/example_trigger_target_dag.py
[2024-12-17T01:41:11.960-0800] {processor.py:925} INFO - DAG(s) 'example_trigger_target_dag' retrieved from /Users/rishukhurana/anaconda3/lib/python3.11/site-packages/airflow/example_dags/example_trigger_target_dag.py
[2024-12-17T01:41:12.051-0800] {logging_mixin.py:190} INFO - [2024-12-17T01:41:12.051-0800] {dag.py:3239} INFO - Sync 1 DAGs
[2024-12-17T01:41:12.066-0800] {logging_mixin.py:190} INFO - [2024-12-17T01:41:12.066-0800] {dag.py:4180} INFO - Setting next_dagrun for example_trigger_target_dag to None, run_after=None
[2024-12-17T01:41:12.088-0800] {processor.py:208} INFO - Processing /Users/rishukhurana/anaconda3/lib/python3.11/site-packages/airflow/example_dags/example_trigger_target_dag.py took 0.192 seconds
[2024-12-17T02:54:03.758-0800] {processor.py:186} INFO - Started process (PID=45378) to work on /Users/rishukhurana/anaconda3/lib/python3.11/site-packages/airflow/example_dags/example_trigger_target_dag.py
[2024-12-17T02:54:03.761-0800] {processor.py:914} INFO - Processing file /Users/rishukhurana/anaconda3/lib/python3.11/site-packages/airflow/example_dags/example_trigger_target_dag.py for tasks to queue
[2024-12-17T02:54:03.762-0800] {logging_mixin.py:190} INFO - [2024-12-17T02:54:03.762-0800] {dagbag.py:588} INFO - Filling up the DagBag from /Users/rishukhurana/anaconda3/lib/python3.11/site-packages/airflow/example_dags/example_trigger_target_dag.py
[2024-12-17T02:54:03.793-0800] {processor.py:925} INFO - DAG(s) 'example_trigger_target_dag' retrieved from /Users/rishukhurana/anaconda3/lib/python3.11/site-packages/airflow/example_dags/example_trigger_target_dag.py
[2024-12-17T02:54:03.875-0800] {logging_mixin.py:190} INFO - [2024-12-17T02:54:03.875-0800] {dag.py:3239} INFO - Sync 1 DAGs
[2024-12-17T02:54:03.883-0800] {logging_mixin.py:190} INFO - [2024-12-17T02:54:03.883-0800] {dag.py:4180} INFO - Setting next_dagrun for example_trigger_target_dag to None, run_after=None
[2024-12-17T02:54:03.899-0800] {processor.py:208} INFO - Processing /Users/rishukhurana/anaconda3/lib/python3.11/site-packages/airflow/example_dags/example_trigger_target_dag.py took 0.147 seconds
[2024-12-17T02:57:14.620-0800] {processor.py:186} INFO - Started process (PID=45582) to work on /Users/rishukhurana/anaconda3/lib/python3.11/site-packages/airflow/example_dags/example_trigger_target_dag.py
[2024-12-17T02:57:14.621-0800] {processor.py:914} INFO - Processing file /Users/rishukhurana/anaconda3/lib/python3.11/site-packages/airflow/example_dags/example_trigger_target_dag.py for tasks to queue
[2024-12-17T02:57:14.623-0800] {logging_mixin.py:190} INFO - [2024-12-17T02:57:14.623-0800] {dagbag.py:588} INFO - Filling up the DagBag from /Users/rishukhurana/anaconda3/lib/python3.11/site-packages/airflow/example_dags/example_trigger_target_dag.py
[2024-12-17T02:57:14.655-0800] {processor.py:925} INFO - DAG(s) 'example_trigger_target_dag' retrieved from /Users/rishukhurana/anaconda3/lib/python3.11/site-packages/airflow/example_dags/example_trigger_target_dag.py
[2024-12-17T02:57:14.736-0800] {logging_mixin.py:190} INFO - [2024-12-17T02:57:14.736-0800] {dag.py:3239} INFO - Sync 1 DAGs
[2024-12-17T02:57:14.745-0800] {logging_mixin.py:190} INFO - [2024-12-17T02:57:14.745-0800] {dag.py:4180} INFO - Setting next_dagrun for example_trigger_target_dag to None, run_after=None
[2024-12-17T02:57:14.761-0800] {processor.py:208} INFO - Processing /Users/rishukhurana/anaconda3/lib/python3.11/site-packages/airflow/example_dags/example_trigger_target_dag.py took 0.148 seconds
[2024-12-17T03:00:18.531-0800] {processor.py:186} INFO - Started process (PID=45737) to work on /Users/rishukhurana/anaconda3/lib/python3.11/site-packages/airflow/example_dags/example_trigger_target_dag.py
[2024-12-17T03:00:18.534-0800] {processor.py:914} INFO - Processing file /Users/rishukhurana/anaconda3/lib/python3.11/site-packages/airflow/example_dags/example_trigger_target_dag.py for tasks to queue
[2024-12-17T03:00:18.535-0800] {logging_mixin.py:190} INFO - [2024-12-17T03:00:18.535-0800] {dagbag.py:588} INFO - Filling up the DagBag from /Users/rishukhurana/anaconda3/lib/python3.11/site-packages/airflow/example_dags/example_trigger_target_dag.py
[2024-12-17T03:00:18.567-0800] {processor.py:925} INFO - DAG(s) 'example_trigger_target_dag' retrieved from /Users/rishukhurana/anaconda3/lib/python3.11/site-packages/airflow/example_dags/example_trigger_target_dag.py
[2024-12-17T03:00:18.653-0800] {logging_mixin.py:190} INFO - [2024-12-17T03:00:18.653-0800] {dag.py:3239} INFO - Sync 1 DAGs
[2024-12-17T03:00:18.661-0800] {logging_mixin.py:190} INFO - [2024-12-17T03:00:18.661-0800] {dag.py:4180} INFO - Setting next_dagrun for example_trigger_target_dag to None, run_after=None
[2024-12-17T03:00:18.684-0800] {processor.py:208} INFO - Processing /Users/rishukhurana/anaconda3/lib/python3.11/site-packages/airflow/example_dags/example_trigger_target_dag.py took 0.158 seconds
[2024-12-17T03:03:24.927-0800] {processor.py:186} INFO - Started process (PID=45899) to work on /Users/rishukhurana/anaconda3/lib/python3.11/site-packages/airflow/example_dags/example_trigger_target_dag.py
[2024-12-17T03:03:24.929-0800] {processor.py:914} INFO - Processing file /Users/rishukhurana/anaconda3/lib/python3.11/site-packages/airflow/example_dags/example_trigger_target_dag.py for tasks to queue
[2024-12-17T03:03:24.931-0800] {logging_mixin.py:190} INFO - [2024-12-17T03:03:24.930-0800] {dagbag.py:588} INFO - Filling up the DagBag from /Users/rishukhurana/anaconda3/lib/python3.11/site-packages/airflow/example_dags/example_trigger_target_dag.py
[2024-12-17T03:03:24.967-0800] {processor.py:925} INFO - DAG(s) 'example_trigger_target_dag' retrieved from /Users/rishukhurana/anaconda3/lib/python3.11/site-packages/airflow/example_dags/example_trigger_target_dag.py
[2024-12-17T03:03:25.064-0800] {logging_mixin.py:190} INFO - [2024-12-17T03:03:25.063-0800] {dag.py:3239} INFO - Sync 1 DAGs
[2024-12-17T03:03:25.073-0800] {logging_mixin.py:190} INFO - [2024-12-17T03:03:25.073-0800] {dag.py:4180} INFO - Setting next_dagrun for example_trigger_target_dag to None, run_after=None
[2024-12-17T03:03:25.088-0800] {processor.py:208} INFO - Processing /Users/rishukhurana/anaconda3/lib/python3.11/site-packages/airflow/example_dags/example_trigger_target_dag.py took 0.168 seconds
[2024-12-17T03:06:32.386-0800] {processor.py:186} INFO - Started process (PID=46079) to work on /Users/rishukhurana/anaconda3/lib/python3.11/site-packages/airflow/example_dags/example_trigger_target_dag.py
[2024-12-17T03:06:32.388-0800] {processor.py:914} INFO - Processing file /Users/rishukhurana/anaconda3/lib/python3.11/site-packages/airflow/example_dags/example_trigger_target_dag.py for tasks to queue
[2024-12-17T03:06:32.390-0800] {logging_mixin.py:190} INFO - [2024-12-17T03:06:32.390-0800] {dagbag.py:588} INFO - Filling up the DagBag from /Users/rishukhurana/anaconda3/lib/python3.11/site-packages/airflow/example_dags/example_trigger_target_dag.py
[2024-12-17T03:06:32.424-0800] {processor.py:925} INFO - DAG(s) 'example_trigger_target_dag' retrieved from /Users/rishukhurana/anaconda3/lib/python3.11/site-packages/airflow/example_dags/example_trigger_target_dag.py
[2024-12-17T03:06:32.511-0800] {logging_mixin.py:190} INFO - [2024-12-17T03:06:32.511-0800] {dag.py:3239} INFO - Sync 1 DAGs
[2024-12-17T03:06:32.520-0800] {logging_mixin.py:190} INFO - [2024-12-17T03:06:32.520-0800] {dag.py:4180} INFO - Setting next_dagrun for example_trigger_target_dag to None, run_after=None
[2024-12-17T03:06:32.537-0800] {processor.py:208} INFO - Processing /Users/rishukhurana/anaconda3/lib/python3.11/site-packages/airflow/example_dags/example_trigger_target_dag.py took 0.157 seconds
[2024-12-17T03:09:44.089-0800] {processor.py:186} INFO - Started process (PID=46228) to work on /Users/rishukhurana/anaconda3/lib/python3.11/site-packages/airflow/example_dags/example_trigger_target_dag.py
[2024-12-17T03:09:44.092-0800] {processor.py:914} INFO - Processing file /Users/rishukhurana/anaconda3/lib/python3.11/site-packages/airflow/example_dags/example_trigger_target_dag.py for tasks to queue
[2024-12-17T03:09:44.093-0800] {logging_mixin.py:190} INFO - [2024-12-17T03:09:44.093-0800] {dagbag.py:588} INFO - Filling up the DagBag from /Users/rishukhurana/anaconda3/lib/python3.11/site-packages/airflow/example_dags/example_trigger_target_dag.py
[2024-12-17T03:09:44.128-0800] {processor.py:925} INFO - DAG(s) 'example_trigger_target_dag' retrieved from /Users/rishukhurana/anaconda3/lib/python3.11/site-packages/airflow/example_dags/example_trigger_target_dag.py
[2024-12-17T03:09:44.218-0800] {logging_mixin.py:190} INFO - [2024-12-17T03:09:44.218-0800] {dag.py:3239} INFO - Sync 1 DAGs
[2024-12-17T03:09:44.231-0800] {logging_mixin.py:190} INFO - [2024-12-17T03:09:44.230-0800] {dag.py:4180} INFO - Setting next_dagrun for example_trigger_target_dag to None, run_after=None
[2024-12-17T03:09:44.246-0800] {processor.py:208} INFO - Processing /Users/rishukhurana/anaconda3/lib/python3.11/site-packages/airflow/example_dags/example_trigger_target_dag.py took 0.164 seconds
[2024-12-17T03:12:59.983-0800] {processor.py:186} INFO - Started process (PID=46379) to work on /Users/rishukhurana/anaconda3/lib/python3.11/site-packages/airflow/example_dags/example_trigger_target_dag.py
[2024-12-17T03:12:59.985-0800] {processor.py:914} INFO - Processing file /Users/rishukhurana/anaconda3/lib/python3.11/site-packages/airflow/example_dags/example_trigger_target_dag.py for tasks to queue
[2024-12-17T03:12:59.987-0800] {logging_mixin.py:190} INFO - [2024-12-17T03:12:59.986-0800] {dagbag.py:588} INFO - Filling up the DagBag from /Users/rishukhurana/anaconda3/lib/python3.11/site-packages/airflow/example_dags/example_trigger_target_dag.py
[2024-12-17T03:13:00.020-0800] {processor.py:925} INFO - DAG(s) 'example_trigger_target_dag' retrieved from /Users/rishukhurana/anaconda3/lib/python3.11/site-packages/airflow/example_dags/example_trigger_target_dag.py
[2024-12-17T03:13:00.104-0800] {logging_mixin.py:190} INFO - [2024-12-17T03:13:00.104-0800] {dag.py:3239} INFO - Sync 1 DAGs
[2024-12-17T03:13:00.113-0800] {logging_mixin.py:190} INFO - [2024-12-17T03:13:00.113-0800] {dag.py:4180} INFO - Setting next_dagrun for example_trigger_target_dag to None, run_after=None
[2024-12-17T03:13:00.129-0800] {processor.py:208} INFO - Processing /Users/rishukhurana/anaconda3/lib/python3.11/site-packages/airflow/example_dags/example_trigger_target_dag.py took 0.151 seconds
[2024-12-17T03:16:08.969-0800] {processor.py:186} INFO - Started process (PID=46549) to work on /Users/rishukhurana/anaconda3/lib/python3.11/site-packages/airflow/example_dags/example_trigger_target_dag.py
[2024-12-17T03:16:08.971-0800] {processor.py:914} INFO - Processing file /Users/rishukhurana/anaconda3/lib/python3.11/site-packages/airflow/example_dags/example_trigger_target_dag.py for tasks to queue
[2024-12-17T03:16:08.972-0800] {logging_mixin.py:190} INFO - [2024-12-17T03:16:08.972-0800] {dagbag.py:588} INFO - Filling up the DagBag from /Users/rishukhurana/anaconda3/lib/python3.11/site-packages/airflow/example_dags/example_trigger_target_dag.py
[2024-12-17T03:16:09.003-0800] {processor.py:925} INFO - DAG(s) 'example_trigger_target_dag' retrieved from /Users/rishukhurana/anaconda3/lib/python3.11/site-packages/airflow/example_dags/example_trigger_target_dag.py
[2024-12-17T03:16:09.081-0800] {logging_mixin.py:190} INFO - [2024-12-17T03:16:09.081-0800] {dag.py:3239} INFO - Sync 1 DAGs
[2024-12-17T03:16:09.090-0800] {logging_mixin.py:190} INFO - [2024-12-17T03:16:09.090-0800] {dag.py:4180} INFO - Setting next_dagrun for example_trigger_target_dag to None, run_after=None
[2024-12-17T03:16:09.115-0800] {processor.py:208} INFO - Processing /Users/rishukhurana/anaconda3/lib/python3.11/site-packages/airflow/example_dags/example_trigger_target_dag.py took 0.152 seconds
[2024-12-17T03:19:12.370-0800] {processor.py:186} INFO - Started process (PID=46737) to work on /Users/rishukhurana/anaconda3/lib/python3.11/site-packages/airflow/example_dags/example_trigger_target_dag.py
[2024-12-17T03:19:12.372-0800] {processor.py:914} INFO - Processing file /Users/rishukhurana/anaconda3/lib/python3.11/site-packages/airflow/example_dags/example_trigger_target_dag.py for tasks to queue
[2024-12-17T03:19:12.373-0800] {logging_mixin.py:190} INFO - [2024-12-17T03:19:12.373-0800] {dagbag.py:588} INFO - Filling up the DagBag from /Users/rishukhurana/anaconda3/lib/python3.11/site-packages/airflow/example_dags/example_trigger_target_dag.py
[2024-12-17T03:19:12.405-0800] {processor.py:925} INFO - DAG(s) 'example_trigger_target_dag' retrieved from /Users/rishukhurana/anaconda3/lib/python3.11/site-packages/airflow/example_dags/example_trigger_target_dag.py
[2024-12-17T03:19:12.484-0800] {logging_mixin.py:190} INFO - [2024-12-17T03:19:12.484-0800] {dag.py:3239} INFO - Sync 1 DAGs
[2024-12-17T03:19:12.493-0800] {logging_mixin.py:190} INFO - [2024-12-17T03:19:12.493-0800] {dag.py:4180} INFO - Setting next_dagrun for example_trigger_target_dag to None, run_after=None
[2024-12-17T03:19:12.509-0800] {processor.py:208} INFO - Processing /Users/rishukhurana/anaconda3/lib/python3.11/site-packages/airflow/example_dags/example_trigger_target_dag.py took 0.147 seconds
[2024-12-17T03:22:15.307-0800] {processor.py:186} INFO - Started process (PID=46886) to work on /Users/rishukhurana/anaconda3/lib/python3.11/site-packages/airflow/example_dags/example_trigger_target_dag.py
[2024-12-17T03:22:15.309-0800] {processor.py:914} INFO - Processing file /Users/rishukhurana/anaconda3/lib/python3.11/site-packages/airflow/example_dags/example_trigger_target_dag.py for tasks to queue
[2024-12-17T03:22:15.310-0800] {logging_mixin.py:190} INFO - [2024-12-17T03:22:15.310-0800] {dagbag.py:588} INFO - Filling up the DagBag from /Users/rishukhurana/anaconda3/lib/python3.11/site-packages/airflow/example_dags/example_trigger_target_dag.py
[2024-12-17T03:22:15.341-0800] {processor.py:925} INFO - DAG(s) 'example_trigger_target_dag' retrieved from /Users/rishukhurana/anaconda3/lib/python3.11/site-packages/airflow/example_dags/example_trigger_target_dag.py
[2024-12-17T03:22:15.421-0800] {logging_mixin.py:190} INFO - [2024-12-17T03:22:15.420-0800] {dag.py:3239} INFO - Sync 1 DAGs
[2024-12-17T03:22:15.429-0800] {logging_mixin.py:190} INFO - [2024-12-17T03:22:15.429-0800] {dag.py:4180} INFO - Setting next_dagrun for example_trigger_target_dag to None, run_after=None
[2024-12-17T03:22:15.444-0800] {processor.py:208} INFO - Processing /Users/rishukhurana/anaconda3/lib/python3.11/site-packages/airflow/example_dags/example_trigger_target_dag.py took 0.143 seconds
[2024-12-17T03:25:18.419-0800] {processor.py:186} INFO - Started process (PID=47032) to work on /Users/rishukhurana/anaconda3/lib/python3.11/site-packages/airflow/example_dags/example_trigger_target_dag.py
[2024-12-17T03:25:18.422-0800] {processor.py:914} INFO - Processing file /Users/rishukhurana/anaconda3/lib/python3.11/site-packages/airflow/example_dags/example_trigger_target_dag.py for tasks to queue
[2024-12-17T03:25:18.424-0800] {logging_mixin.py:190} INFO - [2024-12-17T03:25:18.423-0800] {dagbag.py:588} INFO - Filling up the DagBag from /Users/rishukhurana/anaconda3/lib/python3.11/site-packages/airflow/example_dags/example_trigger_target_dag.py
[2024-12-17T03:25:18.457-0800] {processor.py:925} INFO - DAG(s) 'example_trigger_target_dag' retrieved from /Users/rishukhurana/anaconda3/lib/python3.11/site-packages/airflow/example_dags/example_trigger_target_dag.py
[2024-12-17T03:25:18.546-0800] {logging_mixin.py:190} INFO - [2024-12-17T03:25:18.546-0800] {dag.py:3239} INFO - Sync 1 DAGs
[2024-12-17T03:25:18.556-0800] {logging_mixin.py:190} INFO - [2024-12-17T03:25:18.555-0800] {dag.py:4180} INFO - Setting next_dagrun for example_trigger_target_dag to None, run_after=None
[2024-12-17T03:25:18.574-0800] {processor.py:208} INFO - Processing /Users/rishukhurana/anaconda3/lib/python3.11/site-packages/airflow/example_dags/example_trigger_target_dag.py took 0.160 seconds
[2024-12-17T03:28:23.764-0800] {processor.py:186} INFO - Started process (PID=47190) to work on /Users/rishukhurana/anaconda3/lib/python3.11/site-packages/airflow/example_dags/example_trigger_target_dag.py
[2024-12-17T03:28:23.767-0800] {processor.py:914} INFO - Processing file /Users/rishukhurana/anaconda3/lib/python3.11/site-packages/airflow/example_dags/example_trigger_target_dag.py for tasks to queue
[2024-12-17T03:28:23.768-0800] {logging_mixin.py:190} INFO - [2024-12-17T03:28:23.768-0800] {dagbag.py:588} INFO - Filling up the DagBag from /Users/rishukhurana/anaconda3/lib/python3.11/site-packages/airflow/example_dags/example_trigger_target_dag.py
[2024-12-17T03:28:23.798-0800] {processor.py:925} INFO - DAG(s) 'example_trigger_target_dag' retrieved from /Users/rishukhurana/anaconda3/lib/python3.11/site-packages/airflow/example_dags/example_trigger_target_dag.py
[2024-12-17T03:28:23.877-0800] {logging_mixin.py:190} INFO - [2024-12-17T03:28:23.877-0800] {dag.py:3239} INFO - Sync 1 DAGs
[2024-12-17T03:28:23.885-0800] {logging_mixin.py:190} INFO - [2024-12-17T03:28:23.885-0800] {dag.py:4180} INFO - Setting next_dagrun for example_trigger_target_dag to None, run_after=None
[2024-12-17T03:28:23.899-0800] {processor.py:208} INFO - Processing /Users/rishukhurana/anaconda3/lib/python3.11/site-packages/airflow/example_dags/example_trigger_target_dag.py took 0.141 seconds
[2024-12-17T03:31:26.617-0800] {processor.py:186} INFO - Started process (PID=47341) to work on /Users/rishukhurana/anaconda3/lib/python3.11/site-packages/airflow/example_dags/example_trigger_target_dag.py
[2024-12-17T03:31:26.620-0800] {processor.py:914} INFO - Processing file /Users/rishukhurana/anaconda3/lib/python3.11/site-packages/airflow/example_dags/example_trigger_target_dag.py for tasks to queue
[2024-12-17T03:31:26.621-0800] {logging_mixin.py:190} INFO - [2024-12-17T03:31:26.621-0800] {dagbag.py:588} INFO - Filling up the DagBag from /Users/rishukhurana/anaconda3/lib/python3.11/site-packages/airflow/example_dags/example_trigger_target_dag.py
[2024-12-17T03:31:26.654-0800] {processor.py:925} INFO - DAG(s) 'example_trigger_target_dag' retrieved from /Users/rishukhurana/anaconda3/lib/python3.11/site-packages/airflow/example_dags/example_trigger_target_dag.py
[2024-12-17T03:31:26.736-0800] {logging_mixin.py:190} INFO - [2024-12-17T03:31:26.736-0800] {dag.py:3239} INFO - Sync 1 DAGs
[2024-12-17T03:31:26.746-0800] {logging_mixin.py:190} INFO - [2024-12-17T03:31:26.745-0800] {dag.py:4180} INFO - Setting next_dagrun for example_trigger_target_dag to None, run_after=None
[2024-12-17T03:31:26.762-0800] {processor.py:208} INFO - Processing /Users/rishukhurana/anaconda3/lib/python3.11/site-packages/airflow/example_dags/example_trigger_target_dag.py took 0.151 seconds
[2024-12-17T03:34:23.380-0800] {processor.py:186} INFO - Started process (PID=47500) to work on /Users/rishukhurana/anaconda3/lib/python3.11/site-packages/airflow/example_dags/example_trigger_target_dag.py
[2024-12-17T03:34:23.382-0800] {processor.py:914} INFO - Processing file /Users/rishukhurana/anaconda3/lib/python3.11/site-packages/airflow/example_dags/example_trigger_target_dag.py for tasks to queue
[2024-12-17T03:34:23.383-0800] {logging_mixin.py:190} INFO - [2024-12-17T03:34:23.383-0800] {dagbag.py:588} INFO - Filling up the DagBag from /Users/rishukhurana/anaconda3/lib/python3.11/site-packages/airflow/example_dags/example_trigger_target_dag.py
[2024-12-17T03:34:23.414-0800] {processor.py:925} INFO - DAG(s) 'example_trigger_target_dag' retrieved from /Users/rishukhurana/anaconda3/lib/python3.11/site-packages/airflow/example_dags/example_trigger_target_dag.py
[2024-12-17T03:34:23.496-0800] {logging_mixin.py:190} INFO - [2024-12-17T03:34:23.496-0800] {dag.py:3239} INFO - Sync 1 DAGs
[2024-12-17T03:34:23.506-0800] {logging_mixin.py:190} INFO - [2024-12-17T03:34:23.506-0800] {dag.py:4180} INFO - Setting next_dagrun for example_trigger_target_dag to None, run_after=None
[2024-12-17T03:34:23.522-0800] {processor.py:208} INFO - Processing /Users/rishukhurana/anaconda3/lib/python3.11/site-packages/airflow/example_dags/example_trigger_target_dag.py took 0.148 seconds
[2024-12-17T03:37:42.288-0800] {processor.py:186} INFO - Started process (PID=47675) to work on /Users/rishukhurana/anaconda3/lib/python3.11/site-packages/airflow/example_dags/example_trigger_target_dag.py
[2024-12-17T03:37:42.291-0800] {processor.py:914} INFO - Processing file /Users/rishukhurana/anaconda3/lib/python3.11/site-packages/airflow/example_dags/example_trigger_target_dag.py for tasks to queue
[2024-12-17T03:37:42.293-0800] {logging_mixin.py:190} INFO - [2024-12-17T03:37:42.293-0800] {dagbag.py:588} INFO - Filling up the DagBag from /Users/rishukhurana/anaconda3/lib/python3.11/site-packages/airflow/example_dags/example_trigger_target_dag.py
[2024-12-17T03:37:42.345-0800] {processor.py:925} INFO - DAG(s) 'example_trigger_target_dag' retrieved from /Users/rishukhurana/anaconda3/lib/python3.11/site-packages/airflow/example_dags/example_trigger_target_dag.py
[2024-12-17T03:37:42.442-0800] {logging_mixin.py:190} INFO - [2024-12-17T03:37:42.442-0800] {dag.py:3239} INFO - Sync 1 DAGs
[2024-12-17T03:37:42.452-0800] {logging_mixin.py:190} INFO - [2024-12-17T03:37:42.451-0800] {dag.py:4180} INFO - Setting next_dagrun for example_trigger_target_dag to None, run_after=None
[2024-12-17T03:37:42.467-0800] {processor.py:208} INFO - Processing /Users/rishukhurana/anaconda3/lib/python3.11/site-packages/airflow/example_dags/example_trigger_target_dag.py took 0.185 seconds
[2024-12-17T03:40:46.925-0800] {processor.py:186} INFO - Started process (PID=47826) to work on /Users/rishukhurana/anaconda3/lib/python3.11/site-packages/airflow/example_dags/example_trigger_target_dag.py
[2024-12-17T03:40:46.927-0800] {processor.py:914} INFO - Processing file /Users/rishukhurana/anaconda3/lib/python3.11/site-packages/airflow/example_dags/example_trigger_target_dag.py for tasks to queue
[2024-12-17T03:40:46.929-0800] {logging_mixin.py:190} INFO - [2024-12-17T03:40:46.929-0800] {dagbag.py:588} INFO - Filling up the DagBag from /Users/rishukhurana/anaconda3/lib/python3.11/site-packages/airflow/example_dags/example_trigger_target_dag.py
[2024-12-17T03:40:46.963-0800] {processor.py:925} INFO - DAG(s) 'example_trigger_target_dag' retrieved from /Users/rishukhurana/anaconda3/lib/python3.11/site-packages/airflow/example_dags/example_trigger_target_dag.py
[2024-12-17T03:40:47.049-0800] {logging_mixin.py:190} INFO - [2024-12-17T03:40:47.049-0800] {dag.py:3239} INFO - Sync 1 DAGs
[2024-12-17T03:40:47.057-0800] {logging_mixin.py:190} INFO - [2024-12-17T03:40:47.057-0800] {dag.py:4180} INFO - Setting next_dagrun for example_trigger_target_dag to None, run_after=None
[2024-12-17T03:40:47.073-0800] {processor.py:208} INFO - Processing /Users/rishukhurana/anaconda3/lib/python3.11/site-packages/airflow/example_dags/example_trigger_target_dag.py took 0.153 seconds
[2024-12-17T03:43:49.368-0800] {processor.py:186} INFO - Started process (PID=47974) to work on /Users/rishukhurana/anaconda3/lib/python3.11/site-packages/airflow/example_dags/example_trigger_target_dag.py
[2024-12-17T03:43:49.371-0800] {processor.py:914} INFO - Processing file /Users/rishukhurana/anaconda3/lib/python3.11/site-packages/airflow/example_dags/example_trigger_target_dag.py for tasks to queue
[2024-12-17T03:43:49.372-0800] {logging_mixin.py:190} INFO - [2024-12-17T03:43:49.372-0800] {dagbag.py:588} INFO - Filling up the DagBag from /Users/rishukhurana/anaconda3/lib/python3.11/site-packages/airflow/example_dags/example_trigger_target_dag.py
[2024-12-17T03:43:49.403-0800] {processor.py:925} INFO - DAG(s) 'example_trigger_target_dag' retrieved from /Users/rishukhurana/anaconda3/lib/python3.11/site-packages/airflow/example_dags/example_trigger_target_dag.py
[2024-12-17T03:43:49.483-0800] {logging_mixin.py:190} INFO - [2024-12-17T03:43:49.483-0800] {dag.py:3239} INFO - Sync 1 DAGs
[2024-12-17T03:43:49.497-0800] {logging_mixin.py:190} INFO - [2024-12-17T03:43:49.497-0800] {dag.py:4180} INFO - Setting next_dagrun for example_trigger_target_dag to None, run_after=None
[2024-12-17T03:43:49.511-0800] {processor.py:208} INFO - Processing /Users/rishukhurana/anaconda3/lib/python3.11/site-packages/airflow/example_dags/example_trigger_target_dag.py took 0.150 seconds
[2024-12-17T03:46:41.901-0800] {processor.py:186} INFO - Started process (PID=48113) to work on /Users/rishukhurana/anaconda3/lib/python3.11/site-packages/airflow/example_dags/example_trigger_target_dag.py
[2024-12-17T03:46:41.905-0800] {processor.py:914} INFO - Processing file /Users/rishukhurana/anaconda3/lib/python3.11/site-packages/airflow/example_dags/example_trigger_target_dag.py for tasks to queue
[2024-12-17T03:46:41.906-0800] {logging_mixin.py:190} INFO - [2024-12-17T03:46:41.906-0800] {dagbag.py:588} INFO - Filling up the DagBag from /Users/rishukhurana/anaconda3/lib/python3.11/site-packages/airflow/example_dags/example_trigger_target_dag.py
[2024-12-17T03:46:41.944-0800] {processor.py:925} INFO - DAG(s) 'example_trigger_target_dag' retrieved from /Users/rishukhurana/anaconda3/lib/python3.11/site-packages/airflow/example_dags/example_trigger_target_dag.py
[2024-12-17T03:46:42.025-0800] {logging_mixin.py:190} INFO - [2024-12-17T03:46:42.025-0800] {dag.py:3239} INFO - Sync 1 DAGs
[2024-12-17T03:46:42.033-0800] {logging_mixin.py:190} INFO - [2024-12-17T03:46:42.033-0800] {dag.py:4180} INFO - Setting next_dagrun for example_trigger_target_dag to None, run_after=None
[2024-12-17T03:46:42.048-0800] {processor.py:208} INFO - Processing /Users/rishukhurana/anaconda3/lib/python3.11/site-packages/airflow/example_dags/example_trigger_target_dag.py took 0.152 seconds
[2024-12-17T03:49:44.137-0800] {processor.py:186} INFO - Started process (PID=48272) to work on /Users/rishukhurana/anaconda3/lib/python3.11/site-packages/airflow/example_dags/example_trigger_target_dag.py
[2024-12-17T03:49:44.139-0800] {processor.py:914} INFO - Processing file /Users/rishukhurana/anaconda3/lib/python3.11/site-packages/airflow/example_dags/example_trigger_target_dag.py for tasks to queue
[2024-12-17T03:49:44.140-0800] {logging_mixin.py:190} INFO - [2024-12-17T03:49:44.140-0800] {dagbag.py:588} INFO - Filling up the DagBag from /Users/rishukhurana/anaconda3/lib/python3.11/site-packages/airflow/example_dags/example_trigger_target_dag.py
[2024-12-17T03:49:44.171-0800] {processor.py:925} INFO - DAG(s) 'example_trigger_target_dag' retrieved from /Users/rishukhurana/anaconda3/lib/python3.11/site-packages/airflow/example_dags/example_trigger_target_dag.py
[2024-12-17T03:49:44.249-0800] {logging_mixin.py:190} INFO - [2024-12-17T03:49:44.249-0800] {dag.py:3239} INFO - Sync 1 DAGs
[2024-12-17T03:49:44.258-0800] {logging_mixin.py:190} INFO - [2024-12-17T03:49:44.257-0800] {dag.py:4180} INFO - Setting next_dagrun for example_trigger_target_dag to None, run_after=None
[2024-12-17T03:49:44.275-0800] {processor.py:208} INFO - Processing /Users/rishukhurana/anaconda3/lib/python3.11/site-packages/airflow/example_dags/example_trigger_target_dag.py took 0.144 seconds
[2024-12-17T03:56:52.482-0800] {processor.py:186} INFO - Started process (PID=48438) to work on /Users/rishukhurana/anaconda3/lib/python3.11/site-packages/airflow/example_dags/example_trigger_target_dag.py
[2024-12-17T03:56:52.484-0800] {processor.py:914} INFO - Processing file /Users/rishukhurana/anaconda3/lib/python3.11/site-packages/airflow/example_dags/example_trigger_target_dag.py for tasks to queue
[2024-12-17T03:56:52.485-0800] {logging_mixin.py:190} INFO - [2024-12-17T03:56:52.485-0800] {dagbag.py:588} INFO - Filling up the DagBag from /Users/rishukhurana/anaconda3/lib/python3.11/site-packages/airflow/example_dags/example_trigger_target_dag.py
[2024-12-17T03:56:52.519-0800] {processor.py:925} INFO - DAG(s) 'example_trigger_target_dag' retrieved from /Users/rishukhurana/anaconda3/lib/python3.11/site-packages/airflow/example_dags/example_trigger_target_dag.py
[2024-12-17T03:56:52.606-0800] {logging_mixin.py:190} INFO - [2024-12-17T03:56:52.605-0800] {dag.py:3239} INFO - Sync 1 DAGs
[2024-12-17T03:56:52.615-0800] {logging_mixin.py:190} INFO - [2024-12-17T03:56:52.614-0800] {dag.py:4180} INFO - Setting next_dagrun for example_trigger_target_dag to None, run_after=None
[2024-12-17T03:56:52.630-0800] {processor.py:208} INFO - Processing /Users/rishukhurana/anaconda3/lib/python3.11/site-packages/airflow/example_dags/example_trigger_target_dag.py took 0.155 seconds
[2024-12-17T06:00:09.497-0800] {processor.py:186} INFO - Started process (PID=48605) to work on /Users/rishukhurana/anaconda3/lib/python3.11/site-packages/airflow/example_dags/example_trigger_target_dag.py
[2024-12-17T06:00:09.499-0800] {processor.py:914} INFO - Processing file /Users/rishukhurana/anaconda3/lib/python3.11/site-packages/airflow/example_dags/example_trigger_target_dag.py for tasks to queue
[2024-12-17T06:00:09.500-0800] {logging_mixin.py:190} INFO - [2024-12-17T06:00:09.500-0800] {dagbag.py:588} INFO - Filling up the DagBag from /Users/rishukhurana/anaconda3/lib/python3.11/site-packages/airflow/example_dags/example_trigger_target_dag.py
[2024-12-17T06:00:09.531-0800] {processor.py:925} INFO - DAG(s) 'example_trigger_target_dag' retrieved from /Users/rishukhurana/anaconda3/lib/python3.11/site-packages/airflow/example_dags/example_trigger_target_dag.py
[2024-12-17T06:00:09.646-0800] {logging_mixin.py:190} INFO - [2024-12-17T06:00:09.646-0800] {dag.py:3239} INFO - Sync 1 DAGs
[2024-12-17T06:00:09.660-0800] {logging_mixin.py:190} INFO - [2024-12-17T06:00:09.660-0800] {dag.py:4180} INFO - Setting next_dagrun for example_trigger_target_dag to None, run_after=None
[2024-12-17T06:00:09.677-0800] {processor.py:208} INFO - Processing /Users/rishukhurana/anaconda3/lib/python3.11/site-packages/airflow/example_dags/example_trigger_target_dag.py took 0.186 seconds
[2024-12-17T13:04:57.097-0800] {processor.py:186} INFO - Started process (PID=48856) to work on /Users/rishukhurana/anaconda3/lib/python3.11/site-packages/airflow/example_dags/example_trigger_target_dag.py
[2024-12-17T13:04:57.099-0800] {processor.py:914} INFO - Processing file /Users/rishukhurana/anaconda3/lib/python3.11/site-packages/airflow/example_dags/example_trigger_target_dag.py for tasks to queue
[2024-12-17T13:04:57.100-0800] {logging_mixin.py:190} INFO - [2024-12-17T13:04:57.100-0800] {dagbag.py:588} INFO - Filling up the DagBag from /Users/rishukhurana/anaconda3/lib/python3.11/site-packages/airflow/example_dags/example_trigger_target_dag.py
[2024-12-17T13:04:57.133-0800] {processor.py:925} INFO - DAG(s) 'example_trigger_target_dag' retrieved from /Users/rishukhurana/anaconda3/lib/python3.11/site-packages/airflow/example_dags/example_trigger_target_dag.py
[2024-12-17T13:04:57.226-0800] {logging_mixin.py:190} INFO - [2024-12-17T13:04:57.226-0800] {dag.py:3239} INFO - Sync 1 DAGs
[2024-12-17T13:04:57.236-0800] {logging_mixin.py:190} INFO - [2024-12-17T13:04:57.236-0800] {dag.py:4180} INFO - Setting next_dagrun for example_trigger_target_dag to None, run_after=None
[2024-12-17T13:04:57.251-0800] {processor.py:208} INFO - Processing /Users/rishukhurana/anaconda3/lib/python3.11/site-packages/airflow/example_dags/example_trigger_target_dag.py took 0.159 seconds
