[2024-12-17T02:46:16.133-0800] {processor.py:186} INFO - Started process (PID=45213) to work on /Users/rishukhurana/anaconda3/lib/python3.11/site-packages/airflow/example_dags/example_skip_dag.py
[2024-12-17T02:46:16.134-0800] {processor.py:914} INFO - Processing file /Users/rishukhurana/anaconda3/lib/python3.11/site-packages/airflow/example_dags/example_skip_dag.py for tasks to queue
[2024-12-17T02:46:16.137-0800] {logging_mixin.py:190} INFO - [2024-12-17T02:46:16.136-0800] {dagbag.py:588} INFO - Filling up the DagBag from /Users/rishukhurana/anaconda3/lib/python3.11/site-packages/airflow/example_dags/example_skip_dag.py
[2024-12-17T02:46:16.143-0800] {processor.py:925} INFO - DAG(s) 'example_skip_dag' retrieved from /Users/rishukhurana/anaconda3/lib/python3.11/site-packages/airflow/example_dags/example_skip_dag.py
[2024-12-17T02:46:16.236-0800] {logging_mixin.py:190} INFO - [2024-12-17T02:46:16.235-0800] {dag.py:3239} INFO - Sync 1 DAGs
[2024-12-17T02:46:16.255-0800] {logging_mixin.py:190} INFO - [2024-12-17T02:46:16.255-0800] {dag.py:4180} INFO - Setting next_dagrun for example_skip_dag to 2024-12-16 00:00:00+00:00, run_after=2024-12-17 00:00:00+00:00
[2024-12-17T02:46:16.273-0800] {processor.py:208} INFO - Processing /Users/rishukhurana/anaconda3/lib/python3.11/site-packages/airflow/example_dags/example_skip_dag.py took 0.146 seconds
[2024-12-17T02:54:30.422-0800] {processor.py:186} INFO - Started process (PID=45398) to work on /Users/rishukhurana/anaconda3/lib/python3.11/site-packages/airflow/example_dags/example_skip_dag.py
[2024-12-17T02:54:30.426-0800] {processor.py:914} INFO - Processing file /Users/rishukhurana/anaconda3/lib/python3.11/site-packages/airflow/example_dags/example_skip_dag.py for tasks to queue
[2024-12-17T02:54:30.427-0800] {logging_mixin.py:190} INFO - [2024-12-17T02:54:30.426-0800] {dagbag.py:588} INFO - Filling up the DagBag from /Users/rishukhurana/anaconda3/lib/python3.11/site-packages/airflow/example_dags/example_skip_dag.py
[2024-12-17T02:54:30.440-0800] {processor.py:925} INFO - DAG(s) 'example_skip_dag' retrieved from /Users/rishukhurana/anaconda3/lib/python3.11/site-packages/airflow/example_dags/example_skip_dag.py
[2024-12-17T02:54:30.532-0800] {logging_mixin.py:190} INFO - [2024-12-17T02:54:30.532-0800] {dag.py:3239} INFO - Sync 1 DAGs
[2024-12-17T02:54:30.552-0800] {logging_mixin.py:190} INFO - [2024-12-17T02:54:30.551-0800] {dag.py:4180} INFO - Setting next_dagrun for example_skip_dag to 2024-12-16 00:00:00+00:00, run_after=2024-12-17 00:00:00+00:00
[2024-12-17T02:54:30.568-0800] {processor.py:208} INFO - Processing /Users/rishukhurana/anaconda3/lib/python3.11/site-packages/airflow/example_dags/example_skip_dag.py took 0.152 seconds
[2024-12-17T02:57:40.125-0800] {processor.py:186} INFO - Started process (PID=45604) to work on /Users/rishukhurana/anaconda3/lib/python3.11/site-packages/airflow/example_dags/example_skip_dag.py
[2024-12-17T02:57:40.127-0800] {processor.py:914} INFO - Processing file /Users/rishukhurana/anaconda3/lib/python3.11/site-packages/airflow/example_dags/example_skip_dag.py for tasks to queue
[2024-12-17T02:57:40.128-0800] {logging_mixin.py:190} INFO - [2024-12-17T02:57:40.128-0800] {dagbag.py:588} INFO - Filling up the DagBag from /Users/rishukhurana/anaconda3/lib/python3.11/site-packages/airflow/example_dags/example_skip_dag.py
[2024-12-17T02:57:40.138-0800] {processor.py:925} INFO - DAG(s) 'example_skip_dag' retrieved from /Users/rishukhurana/anaconda3/lib/python3.11/site-packages/airflow/example_dags/example_skip_dag.py
[2024-12-17T02:57:40.230-0800] {logging_mixin.py:190} INFO - [2024-12-17T02:57:40.229-0800] {dag.py:3239} INFO - Sync 1 DAGs
[2024-12-17T02:57:40.249-0800] {logging_mixin.py:190} INFO - [2024-12-17T02:57:40.248-0800] {dag.py:4180} INFO - Setting next_dagrun for example_skip_dag to 2024-12-16 00:00:00+00:00, run_after=2024-12-17 00:00:00+00:00
[2024-12-17T02:57:40.265-0800] {processor.py:208} INFO - Processing /Users/rishukhurana/anaconda3/lib/python3.11/site-packages/airflow/example_dags/example_skip_dag.py took 0.146 seconds
[2024-12-17T03:00:41.780-0800] {processor.py:186} INFO - Started process (PID=45755) to work on /Users/rishukhurana/anaconda3/lib/python3.11/site-packages/airflow/example_dags/example_skip_dag.py
[2024-12-17T03:00:41.782-0800] {processor.py:914} INFO - Processing file /Users/rishukhurana/anaconda3/lib/python3.11/site-packages/airflow/example_dags/example_skip_dag.py for tasks to queue
[2024-12-17T03:00:41.783-0800] {logging_mixin.py:190} INFO - [2024-12-17T03:00:41.783-0800] {dagbag.py:588} INFO - Filling up the DagBag from /Users/rishukhurana/anaconda3/lib/python3.11/site-packages/airflow/example_dags/example_skip_dag.py
[2024-12-17T03:00:41.800-0800] {processor.py:925} INFO - DAG(s) 'example_skip_dag' retrieved from /Users/rishukhurana/anaconda3/lib/python3.11/site-packages/airflow/example_dags/example_skip_dag.py
[2024-12-17T03:00:41.893-0800] {logging_mixin.py:190} INFO - [2024-12-17T03:00:41.893-0800] {dag.py:3239} INFO - Sync 1 DAGs
[2024-12-17T03:00:41.909-0800] {logging_mixin.py:190} INFO - [2024-12-17T03:00:41.908-0800] {dag.py:4180} INFO - Setting next_dagrun for example_skip_dag to 2024-12-16 00:00:00+00:00, run_after=2024-12-17 00:00:00+00:00
[2024-12-17T03:00:41.926-0800] {processor.py:208} INFO - Processing /Users/rishukhurana/anaconda3/lib/python3.11/site-packages/airflow/example_dags/example_skip_dag.py took 0.153 seconds
[2024-12-17T03:03:49.905-0800] {processor.py:186} INFO - Started process (PID=45927) to work on /Users/rishukhurana/anaconda3/lib/python3.11/site-packages/airflow/example_dags/example_skip_dag.py
[2024-12-17T03:03:49.907-0800] {processor.py:914} INFO - Processing file /Users/rishukhurana/anaconda3/lib/python3.11/site-packages/airflow/example_dags/example_skip_dag.py for tasks to queue
[2024-12-17T03:03:49.908-0800] {logging_mixin.py:190} INFO - [2024-12-17T03:03:49.908-0800] {dagbag.py:588} INFO - Filling up the DagBag from /Users/rishukhurana/anaconda3/lib/python3.11/site-packages/airflow/example_dags/example_skip_dag.py
[2024-12-17T03:03:49.916-0800] {processor.py:925} INFO - DAG(s) 'example_skip_dag' retrieved from /Users/rishukhurana/anaconda3/lib/python3.11/site-packages/airflow/example_dags/example_skip_dag.py
[2024-12-17T03:03:50.007-0800] {logging_mixin.py:190} INFO - [2024-12-17T03:03:50.007-0800] {dag.py:3239} INFO - Sync 1 DAGs
[2024-12-17T03:03:50.024-0800] {logging_mixin.py:190} INFO - [2024-12-17T03:03:50.024-0800] {dag.py:4180} INFO - Setting next_dagrun for example_skip_dag to 2024-12-16 00:00:00+00:00, run_after=2024-12-17 00:00:00+00:00
[2024-12-17T03:03:50.042-0800] {processor.py:208} INFO - Processing /Users/rishukhurana/anaconda3/lib/python3.11/site-packages/airflow/example_dags/example_skip_dag.py took 0.143 seconds
[2024-12-17T03:06:59.443-0800] {processor.py:186} INFO - Started process (PID=46099) to work on /Users/rishukhurana/anaconda3/lib/python3.11/site-packages/airflow/example_dags/example_skip_dag.py
[2024-12-17T03:06:59.445-0800] {processor.py:914} INFO - Processing file /Users/rishukhurana/anaconda3/lib/python3.11/site-packages/airflow/example_dags/example_skip_dag.py for tasks to queue
[2024-12-17T03:06:59.447-0800] {logging_mixin.py:190} INFO - [2024-12-17T03:06:59.446-0800] {dagbag.py:588} INFO - Filling up the DagBag from /Users/rishukhurana/anaconda3/lib/python3.11/site-packages/airflow/example_dags/example_skip_dag.py
[2024-12-17T03:06:59.457-0800] {processor.py:925} INFO - DAG(s) 'example_skip_dag' retrieved from /Users/rishukhurana/anaconda3/lib/python3.11/site-packages/airflow/example_dags/example_skip_dag.py
[2024-12-17T03:06:59.555-0800] {logging_mixin.py:190} INFO - [2024-12-17T03:06:59.555-0800] {dag.py:3239} INFO - Sync 1 DAGs
[2024-12-17T03:06:59.572-0800] {logging_mixin.py:190} INFO - [2024-12-17T03:06:59.572-0800] {dag.py:4180} INFO - Setting next_dagrun for example_skip_dag to 2024-12-16 00:00:00+00:00, run_after=2024-12-17 00:00:00+00:00
[2024-12-17T03:06:59.591-0800] {processor.py:208} INFO - Processing /Users/rishukhurana/anaconda3/lib/python3.11/site-packages/airflow/example_dags/example_skip_dag.py took 0.154 seconds
[2024-12-17T03:10:10.259-0800] {processor.py:186} INFO - Started process (PID=46248) to work on /Users/rishukhurana/anaconda3/lib/python3.11/site-packages/airflow/example_dags/example_skip_dag.py
[2024-12-17T03:10:10.260-0800] {processor.py:914} INFO - Processing file /Users/rishukhurana/anaconda3/lib/python3.11/site-packages/airflow/example_dags/example_skip_dag.py for tasks to queue
[2024-12-17T03:10:10.262-0800] {logging_mixin.py:190} INFO - [2024-12-17T03:10:10.261-0800] {dagbag.py:588} INFO - Filling up the DagBag from /Users/rishukhurana/anaconda3/lib/python3.11/site-packages/airflow/example_dags/example_skip_dag.py
[2024-12-17T03:10:10.271-0800] {processor.py:925} INFO - DAG(s) 'example_skip_dag' retrieved from /Users/rishukhurana/anaconda3/lib/python3.11/site-packages/airflow/example_dags/example_skip_dag.py
[2024-12-17T03:10:10.366-0800] {logging_mixin.py:190} INFO - [2024-12-17T03:10:10.366-0800] {dag.py:3239} INFO - Sync 1 DAGs
[2024-12-17T03:10:10.385-0800] {logging_mixin.py:190} INFO - [2024-12-17T03:10:10.385-0800] {dag.py:4180} INFO - Setting next_dagrun for example_skip_dag to 2024-12-16 00:00:00+00:00, run_after=2024-12-17 00:00:00+00:00
[2024-12-17T03:10:10.401-0800] {processor.py:208} INFO - Processing /Users/rishukhurana/anaconda3/lib/python3.11/site-packages/airflow/example_dags/example_skip_dag.py took 0.146 seconds
[2024-12-17T03:13:24.458-0800] {processor.py:186} INFO - Started process (PID=46398) to work on /Users/rishukhurana/anaconda3/lib/python3.11/site-packages/airflow/example_dags/example_skip_dag.py
[2024-12-17T03:13:24.460-0800] {processor.py:914} INFO - Processing file /Users/rishukhurana/anaconda3/lib/python3.11/site-packages/airflow/example_dags/example_skip_dag.py for tasks to queue
[2024-12-17T03:13:24.461-0800] {logging_mixin.py:190} INFO - [2024-12-17T03:13:24.461-0800] {dagbag.py:588} INFO - Filling up the DagBag from /Users/rishukhurana/anaconda3/lib/python3.11/site-packages/airflow/example_dags/example_skip_dag.py
[2024-12-17T03:13:24.471-0800] {processor.py:925} INFO - DAG(s) 'example_skip_dag' retrieved from /Users/rishukhurana/anaconda3/lib/python3.11/site-packages/airflow/example_dags/example_skip_dag.py
[2024-12-17T03:13:24.553-0800] {logging_mixin.py:190} INFO - [2024-12-17T03:13:24.553-0800] {dag.py:3239} INFO - Sync 1 DAGs
[2024-12-17T03:13:24.571-0800] {logging_mixin.py:190} INFO - [2024-12-17T03:13:24.571-0800] {dag.py:4180} INFO - Setting next_dagrun for example_skip_dag to 2024-12-16 00:00:00+00:00, run_after=2024-12-17 00:00:00+00:00
[2024-12-17T03:13:24.587-0800] {processor.py:208} INFO - Processing /Users/rishukhurana/anaconda3/lib/python3.11/site-packages/airflow/example_dags/example_skip_dag.py took 0.135 seconds
[2024-12-17T03:16:34.519-0800] {processor.py:186} INFO - Started process (PID=46579) to work on /Users/rishukhurana/anaconda3/lib/python3.11/site-packages/airflow/example_dags/example_skip_dag.py
[2024-12-17T03:16:34.522-0800] {processor.py:914} INFO - Processing file /Users/rishukhurana/anaconda3/lib/python3.11/site-packages/airflow/example_dags/example_skip_dag.py for tasks to queue
[2024-12-17T03:16:34.523-0800] {logging_mixin.py:190} INFO - [2024-12-17T03:16:34.523-0800] {dagbag.py:588} INFO - Filling up the DagBag from /Users/rishukhurana/anaconda3/lib/python3.11/site-packages/airflow/example_dags/example_skip_dag.py
[2024-12-17T03:16:34.530-0800] {processor.py:925} INFO - DAG(s) 'example_skip_dag' retrieved from /Users/rishukhurana/anaconda3/lib/python3.11/site-packages/airflow/example_dags/example_skip_dag.py
[2024-12-17T03:16:34.621-0800] {logging_mixin.py:190} INFO - [2024-12-17T03:16:34.621-0800] {dag.py:3239} INFO - Sync 1 DAGs
[2024-12-17T03:16:34.638-0800] {logging_mixin.py:190} INFO - [2024-12-17T03:16:34.638-0800] {dag.py:4180} INFO - Setting next_dagrun for example_skip_dag to 2024-12-16 00:00:00+00:00, run_after=2024-12-17 00:00:00+00:00
[2024-12-17T03:16:34.656-0800] {processor.py:208} INFO - Processing /Users/rishukhurana/anaconda3/lib/python3.11/site-packages/airflow/example_dags/example_skip_dag.py took 0.142 seconds
[2024-12-17T03:19:36.861-0800] {processor.py:186} INFO - Started process (PID=46755) to work on /Users/rishukhurana/anaconda3/lib/python3.11/site-packages/airflow/example_dags/example_skip_dag.py
[2024-12-17T03:19:36.863-0800] {processor.py:914} INFO - Processing file /Users/rishukhurana/anaconda3/lib/python3.11/site-packages/airflow/example_dags/example_skip_dag.py for tasks to queue
[2024-12-17T03:19:36.865-0800] {logging_mixin.py:190} INFO - [2024-12-17T03:19:36.864-0800] {dagbag.py:588} INFO - Filling up the DagBag from /Users/rishukhurana/anaconda3/lib/python3.11/site-packages/airflow/example_dags/example_skip_dag.py
[2024-12-17T03:19:36.873-0800] {processor.py:925} INFO - DAG(s) 'example_skip_dag' retrieved from /Users/rishukhurana/anaconda3/lib/python3.11/site-packages/airflow/example_dags/example_skip_dag.py
[2024-12-17T03:19:36.970-0800] {logging_mixin.py:190} INFO - [2024-12-17T03:19:36.969-0800] {dag.py:3239} INFO - Sync 1 DAGs
[2024-12-17T03:19:36.986-0800] {logging_mixin.py:190} INFO - [2024-12-17T03:19:36.986-0800] {dag.py:4180} INFO - Setting next_dagrun for example_skip_dag to 2024-12-16 00:00:00+00:00, run_after=2024-12-17 00:00:00+00:00
[2024-12-17T03:19:37.003-0800] {processor.py:208} INFO - Processing /Users/rishukhurana/anaconda3/lib/python3.11/site-packages/airflow/example_dags/example_skip_dag.py took 0.149 seconds
[2024-12-17T03:22:40.010-0800] {processor.py:186} INFO - Started process (PID=46904) to work on /Users/rishukhurana/anaconda3/lib/python3.11/site-packages/airflow/example_dags/example_skip_dag.py
[2024-12-17T03:22:40.012-0800] {processor.py:914} INFO - Processing file /Users/rishukhurana/anaconda3/lib/python3.11/site-packages/airflow/example_dags/example_skip_dag.py for tasks to queue
[2024-12-17T03:22:40.013-0800] {logging_mixin.py:190} INFO - [2024-12-17T03:22:40.013-0800] {dagbag.py:588} INFO - Filling up the DagBag from /Users/rishukhurana/anaconda3/lib/python3.11/site-packages/airflow/example_dags/example_skip_dag.py
[2024-12-17T03:22:40.021-0800] {processor.py:925} INFO - DAG(s) 'example_skip_dag' retrieved from /Users/rishukhurana/anaconda3/lib/python3.11/site-packages/airflow/example_dags/example_skip_dag.py
[2024-12-17T03:22:40.107-0800] {logging_mixin.py:190} INFO - [2024-12-17T03:22:40.106-0800] {dag.py:3239} INFO - Sync 1 DAGs
[2024-12-17T03:22:40.125-0800] {logging_mixin.py:190} INFO - [2024-12-17T03:22:40.124-0800] {dag.py:4180} INFO - Setting next_dagrun for example_skip_dag to 2024-12-16 00:00:00+00:00, run_after=2024-12-17 00:00:00+00:00
[2024-12-17T03:22:40.141-0800] {processor.py:208} INFO - Processing /Users/rishukhurana/anaconda3/lib/python3.11/site-packages/airflow/example_dags/example_skip_dag.py took 0.136 seconds
[2024-12-17T03:25:43.171-0800] {processor.py:186} INFO - Started process (PID=47053) to work on /Users/rishukhurana/anaconda3/lib/python3.11/site-packages/airflow/example_dags/example_skip_dag.py
[2024-12-17T03:25:43.173-0800] {processor.py:914} INFO - Processing file /Users/rishukhurana/anaconda3/lib/python3.11/site-packages/airflow/example_dags/example_skip_dag.py for tasks to queue
[2024-12-17T03:25:43.174-0800] {logging_mixin.py:190} INFO - [2024-12-17T03:25:43.174-0800] {dagbag.py:588} INFO - Filling up the DagBag from /Users/rishukhurana/anaconda3/lib/python3.11/site-packages/airflow/example_dags/example_skip_dag.py
[2024-12-17T03:25:43.182-0800] {processor.py:925} INFO - DAG(s) 'example_skip_dag' retrieved from /Users/rishukhurana/anaconda3/lib/python3.11/site-packages/airflow/example_dags/example_skip_dag.py
[2024-12-17T03:25:43.285-0800] {logging_mixin.py:190} INFO - [2024-12-17T03:25:43.285-0800] {dag.py:3239} INFO - Sync 1 DAGs
[2024-12-17T03:25:43.302-0800] {logging_mixin.py:190} INFO - [2024-12-17T03:25:43.302-0800] {dag.py:4180} INFO - Setting next_dagrun for example_skip_dag to 2024-12-16 00:00:00+00:00, run_after=2024-12-17 00:00:00+00:00
[2024-12-17T03:25:43.319-0800] {processor.py:208} INFO - Processing /Users/rishukhurana/anaconda3/lib/python3.11/site-packages/airflow/example_dags/example_skip_dag.py took 0.154 seconds
[2024-12-17T03:28:47.466-0800] {processor.py:186} INFO - Started process (PID=47208) to work on /Users/rishukhurana/anaconda3/lib/python3.11/site-packages/airflow/example_dags/example_skip_dag.py
[2024-12-17T03:28:47.468-0800] {processor.py:914} INFO - Processing file /Users/rishukhurana/anaconda3/lib/python3.11/site-packages/airflow/example_dags/example_skip_dag.py for tasks to queue
[2024-12-17T03:28:47.470-0800] {logging_mixin.py:190} INFO - [2024-12-17T03:28:47.470-0800] {dagbag.py:588} INFO - Filling up the DagBag from /Users/rishukhurana/anaconda3/lib/python3.11/site-packages/airflow/example_dags/example_skip_dag.py
[2024-12-17T03:28:47.476-0800] {processor.py:925} INFO - DAG(s) 'example_skip_dag' retrieved from /Users/rishukhurana/anaconda3/lib/python3.11/site-packages/airflow/example_dags/example_skip_dag.py
[2024-12-17T03:28:47.561-0800] {logging_mixin.py:190} INFO - [2024-12-17T03:28:47.560-0800] {dag.py:3239} INFO - Sync 1 DAGs
[2024-12-17T03:28:47.575-0800] {logging_mixin.py:190} INFO - [2024-12-17T03:28:47.575-0800] {dag.py:4180} INFO - Setting next_dagrun for example_skip_dag to 2024-12-16 00:00:00+00:00, run_after=2024-12-17 00:00:00+00:00
[2024-12-17T03:28:47.596-0800] {processor.py:208} INFO - Processing /Users/rishukhurana/anaconda3/lib/python3.11/site-packages/airflow/example_dags/example_skip_dag.py took 0.135 seconds
[2024-12-17T03:31:50.323-0800] {processor.py:186} INFO - Started process (PID=47360) to work on /Users/rishukhurana/anaconda3/lib/python3.11/site-packages/airflow/example_dags/example_skip_dag.py
[2024-12-17T03:31:50.325-0800] {processor.py:914} INFO - Processing file /Users/rishukhurana/anaconda3/lib/python3.11/site-packages/airflow/example_dags/example_skip_dag.py for tasks to queue
[2024-12-17T03:31:50.327-0800] {logging_mixin.py:190} INFO - [2024-12-17T03:31:50.326-0800] {dagbag.py:588} INFO - Filling up the DagBag from /Users/rishukhurana/anaconda3/lib/python3.11/site-packages/airflow/example_dags/example_skip_dag.py
[2024-12-17T03:31:50.335-0800] {processor.py:925} INFO - DAG(s) 'example_skip_dag' retrieved from /Users/rishukhurana/anaconda3/lib/python3.11/site-packages/airflow/example_dags/example_skip_dag.py
[2024-12-17T03:31:50.418-0800] {logging_mixin.py:190} INFO - [2024-12-17T03:31:50.418-0800] {dag.py:3239} INFO - Sync 1 DAGs
[2024-12-17T03:31:50.434-0800] {logging_mixin.py:190} INFO - [2024-12-17T03:31:50.434-0800] {dag.py:4180} INFO - Setting next_dagrun for example_skip_dag to 2024-12-16 00:00:00+00:00, run_after=2024-12-17 00:00:00+00:00
[2024-12-17T03:31:50.451-0800] {processor.py:208} INFO - Processing /Users/rishukhurana/anaconda3/lib/python3.11/site-packages/airflow/example_dags/example_skip_dag.py took 0.134 seconds
[2024-12-17T03:34:47.434-0800] {processor.py:186} INFO - Started process (PID=47544) to work on /Users/rishukhurana/anaconda3/lib/python3.11/site-packages/airflow/example_dags/example_skip_dag.py
[2024-12-17T03:34:47.436-0800] {processor.py:914} INFO - Processing file /Users/rishukhurana/anaconda3/lib/python3.11/site-packages/airflow/example_dags/example_skip_dag.py for tasks to queue
[2024-12-17T03:34:47.437-0800] {logging_mixin.py:190} INFO - [2024-12-17T03:34:47.437-0800] {dagbag.py:588} INFO - Filling up the DagBag from /Users/rishukhurana/anaconda3/lib/python3.11/site-packages/airflow/example_dags/example_skip_dag.py
[2024-12-17T03:34:47.444-0800] {processor.py:925} INFO - DAG(s) 'example_skip_dag' retrieved from /Users/rishukhurana/anaconda3/lib/python3.11/site-packages/airflow/example_dags/example_skip_dag.py
[2024-12-17T03:34:47.525-0800] {logging_mixin.py:190} INFO - [2024-12-17T03:34:47.525-0800] {dag.py:3239} INFO - Sync 1 DAGs
[2024-12-17T03:34:47.540-0800] {logging_mixin.py:190} INFO - [2024-12-17T03:34:47.540-0800] {dag.py:4180} INFO - Setting next_dagrun for example_skip_dag to 2024-12-16 00:00:00+00:00, run_after=2024-12-17 00:00:00+00:00
[2024-12-17T03:34:47.555-0800] {processor.py:208} INFO - Processing /Users/rishukhurana/anaconda3/lib/python3.11/site-packages/airflow/example_dags/example_skip_dag.py took 0.128 seconds
[2024-12-17T03:38:07.287-0800] {processor.py:186} INFO - Started process (PID=47698) to work on /Users/rishukhurana/anaconda3/lib/python3.11/site-packages/airflow/example_dags/example_skip_dag.py
[2024-12-17T03:38:07.290-0800] {processor.py:914} INFO - Processing file /Users/rishukhurana/anaconda3/lib/python3.11/site-packages/airflow/example_dags/example_skip_dag.py for tasks to queue
[2024-12-17T03:38:07.291-0800] {logging_mixin.py:190} INFO - [2024-12-17T03:38:07.291-0800] {dagbag.py:588} INFO - Filling up the DagBag from /Users/rishukhurana/anaconda3/lib/python3.11/site-packages/airflow/example_dags/example_skip_dag.py
[2024-12-17T03:38:07.298-0800] {processor.py:925} INFO - DAG(s) 'example_skip_dag' retrieved from /Users/rishukhurana/anaconda3/lib/python3.11/site-packages/airflow/example_dags/example_skip_dag.py
[2024-12-17T03:38:07.390-0800] {logging_mixin.py:190} INFO - [2024-12-17T03:38:07.389-0800] {dag.py:3239} INFO - Sync 1 DAGs
[2024-12-17T03:38:07.407-0800] {logging_mixin.py:190} INFO - [2024-12-17T03:38:07.407-0800] {dag.py:4180} INFO - Setting next_dagrun for example_skip_dag to 2024-12-16 00:00:00+00:00, run_after=2024-12-17 00:00:00+00:00
[2024-12-17T03:38:07.423-0800] {processor.py:208} INFO - Processing /Users/rishukhurana/anaconda3/lib/python3.11/site-packages/airflow/example_dags/example_skip_dag.py took 0.141 seconds
[2024-12-17T03:41:11.785-0800] {processor.py:186} INFO - Started process (PID=47844) to work on /Users/rishukhurana/anaconda3/lib/python3.11/site-packages/airflow/example_dags/example_skip_dag.py
[2024-12-17T03:41:11.787-0800] {processor.py:914} INFO - Processing file /Users/rishukhurana/anaconda3/lib/python3.11/site-packages/airflow/example_dags/example_skip_dag.py for tasks to queue
[2024-12-17T03:41:11.788-0800] {logging_mixin.py:190} INFO - [2024-12-17T03:41:11.788-0800] {dagbag.py:588} INFO - Filling up the DagBag from /Users/rishukhurana/anaconda3/lib/python3.11/site-packages/airflow/example_dags/example_skip_dag.py
[2024-12-17T03:41:11.796-0800] {processor.py:925} INFO - DAG(s) 'example_skip_dag' retrieved from /Users/rishukhurana/anaconda3/lib/python3.11/site-packages/airflow/example_dags/example_skip_dag.py
[2024-12-17T03:41:11.888-0800] {logging_mixin.py:190} INFO - [2024-12-17T03:41:11.888-0800] {dag.py:3239} INFO - Sync 1 DAGs
[2024-12-17T03:41:11.907-0800] {logging_mixin.py:190} INFO - [2024-12-17T03:41:11.907-0800] {dag.py:4180} INFO - Setting next_dagrun for example_skip_dag to 2024-12-16 00:00:00+00:00, run_after=2024-12-17 00:00:00+00:00
[2024-12-17T03:41:11.925-0800] {processor.py:208} INFO - Processing /Users/rishukhurana/anaconda3/lib/python3.11/site-packages/airflow/example_dags/example_skip_dag.py took 0.146 seconds
[2024-12-17T03:44:13.143-0800] {processor.py:186} INFO - Started process (PID=47993) to work on /Users/rishukhurana/anaconda3/lib/python3.11/site-packages/airflow/example_dags/example_skip_dag.py
[2024-12-17T03:44:13.146-0800] {processor.py:914} INFO - Processing file /Users/rishukhurana/anaconda3/lib/python3.11/site-packages/airflow/example_dags/example_skip_dag.py for tasks to queue
[2024-12-17T03:44:13.147-0800] {logging_mixin.py:190} INFO - [2024-12-17T03:44:13.147-0800] {dagbag.py:588} INFO - Filling up the DagBag from /Users/rishukhurana/anaconda3/lib/python3.11/site-packages/airflow/example_dags/example_skip_dag.py
[2024-12-17T03:44:13.155-0800] {processor.py:925} INFO - DAG(s) 'example_skip_dag' retrieved from /Users/rishukhurana/anaconda3/lib/python3.11/site-packages/airflow/example_dags/example_skip_dag.py
[2024-12-17T03:44:13.239-0800] {logging_mixin.py:190} INFO - [2024-12-17T03:44:13.238-0800] {dag.py:3239} INFO - Sync 1 DAGs
[2024-12-17T03:44:13.254-0800] {logging_mixin.py:190} INFO - [2024-12-17T03:44:13.253-0800] {dag.py:4180} INFO - Setting next_dagrun for example_skip_dag to 2024-12-16 00:00:00+00:00, run_after=2024-12-17 00:00:00+00:00
[2024-12-17T03:44:13.274-0800] {processor.py:208} INFO - Processing /Users/rishukhurana/anaconda3/lib/python3.11/site-packages/airflow/example_dags/example_skip_dag.py took 0.136 seconds
[2024-12-17T03:47:07.960-0800] {processor.py:186} INFO - Started process (PID=48142) to work on /Users/rishukhurana/anaconda3/lib/python3.11/site-packages/airflow/example_dags/example_skip_dag.py
[2024-12-17T03:47:07.962-0800] {processor.py:914} INFO - Processing file /Users/rishukhurana/anaconda3/lib/python3.11/site-packages/airflow/example_dags/example_skip_dag.py for tasks to queue
[2024-12-17T03:47:07.964-0800] {logging_mixin.py:190} INFO - [2024-12-17T03:47:07.964-0800] {dagbag.py:588} INFO - Filling up the DagBag from /Users/rishukhurana/anaconda3/lib/python3.11/site-packages/airflow/example_dags/example_skip_dag.py
[2024-12-17T03:47:07.971-0800] {processor.py:925} INFO - DAG(s) 'example_skip_dag' retrieved from /Users/rishukhurana/anaconda3/lib/python3.11/site-packages/airflow/example_dags/example_skip_dag.py
[2024-12-17T03:47:08.054-0800] {logging_mixin.py:190} INFO - [2024-12-17T03:47:08.054-0800] {dag.py:3239} INFO - Sync 1 DAGs
[2024-12-17T03:47:08.071-0800] {logging_mixin.py:190} INFO - [2024-12-17T03:47:08.071-0800] {dag.py:4180} INFO - Setting next_dagrun for example_skip_dag to 2024-12-16 00:00:00+00:00, run_after=2024-12-17 00:00:00+00:00
[2024-12-17T03:47:08.097-0800] {processor.py:208} INFO - Processing /Users/rishukhurana/anaconda3/lib/python3.11/site-packages/airflow/example_dags/example_skip_dag.py took 0.143 seconds
[2024-12-17T03:54:19.224-0800] {processor.py:186} INFO - Started process (PID=48304) to work on /Users/rishukhurana/anaconda3/lib/python3.11/site-packages/airflow/example_dags/example_skip_dag.py
[2024-12-17T03:54:19.226-0800] {processor.py:914} INFO - Processing file /Users/rishukhurana/anaconda3/lib/python3.11/site-packages/airflow/example_dags/example_skip_dag.py for tasks to queue
[2024-12-17T03:54:19.228-0800] {logging_mixin.py:190} INFO - [2024-12-17T03:54:19.228-0800] {dagbag.py:588} INFO - Filling up the DagBag from /Users/rishukhurana/anaconda3/lib/python3.11/site-packages/airflow/example_dags/example_skip_dag.py
[2024-12-17T03:54:19.238-0800] {processor.py:925} INFO - DAG(s) 'example_skip_dag' retrieved from /Users/rishukhurana/anaconda3/lib/python3.11/site-packages/airflow/example_dags/example_skip_dag.py
[2024-12-17T03:54:19.342-0800] {logging_mixin.py:190} INFO - [2024-12-17T03:54:19.341-0800] {dag.py:3239} INFO - Sync 1 DAGs
[2024-12-17T03:54:19.360-0800] {logging_mixin.py:190} INFO - [2024-12-17T03:54:19.360-0800] {dag.py:4180} INFO - Setting next_dagrun for example_skip_dag to 2024-12-16 00:00:00+00:00, run_after=2024-12-17 00:00:00+00:00
[2024-12-17T03:54:19.380-0800] {processor.py:208} INFO - Processing /Users/rishukhurana/anaconda3/lib/python3.11/site-packages/airflow/example_dags/example_skip_dag.py took 0.162 seconds
[2024-12-17T03:57:16.460-0800] {processor.py:186} INFO - Started process (PID=48460) to work on /Users/rishukhurana/anaconda3/lib/python3.11/site-packages/airflow/example_dags/example_skip_dag.py
[2024-12-17T03:57:16.462-0800] {processor.py:914} INFO - Processing file /Users/rishukhurana/anaconda3/lib/python3.11/site-packages/airflow/example_dags/example_skip_dag.py for tasks to queue
[2024-12-17T03:57:16.464-0800] {logging_mixin.py:190} INFO - [2024-12-17T03:57:16.463-0800] {dagbag.py:588} INFO - Filling up the DagBag from /Users/rishukhurana/anaconda3/lib/python3.11/site-packages/airflow/example_dags/example_skip_dag.py
[2024-12-17T03:57:16.471-0800] {processor.py:925} INFO - DAG(s) 'example_skip_dag' retrieved from /Users/rishukhurana/anaconda3/lib/python3.11/site-packages/airflow/example_dags/example_skip_dag.py
[2024-12-17T03:57:16.560-0800] {logging_mixin.py:190} INFO - [2024-12-17T03:57:16.559-0800] {dag.py:3239} INFO - Sync 1 DAGs
[2024-12-17T03:57:16.576-0800] {logging_mixin.py:190} INFO - [2024-12-17T03:57:16.576-0800] {dag.py:4180} INFO - Setting next_dagrun for example_skip_dag to 2024-12-16 00:00:00+00:00, run_after=2024-12-17 00:00:00+00:00
[2024-12-17T03:57:16.591-0800] {processor.py:208} INFO - Processing /Users/rishukhurana/anaconda3/lib/python3.11/site-packages/airflow/example_dags/example_skip_dag.py took 0.137 seconds
[2024-12-17T06:35:25.535-0800] {processor.py:186} INFO - Started process (PID=48650) to work on /Users/rishukhurana/anaconda3/lib/python3.11/site-packages/airflow/example_dags/example_skip_dag.py
[2024-12-17T06:35:25.537-0800] {processor.py:914} INFO - Processing file /Users/rishukhurana/anaconda3/lib/python3.11/site-packages/airflow/example_dags/example_skip_dag.py for tasks to queue
[2024-12-17T06:35:25.539-0800] {logging_mixin.py:190} INFO - [2024-12-17T06:35:25.538-0800] {dagbag.py:588} INFO - Filling up the DagBag from /Users/rishukhurana/anaconda3/lib/python3.11/site-packages/airflow/example_dags/example_skip_dag.py
[2024-12-17T06:35:25.547-0800] {processor.py:925} INFO - DAG(s) 'example_skip_dag' retrieved from /Users/rishukhurana/anaconda3/lib/python3.11/site-packages/airflow/example_dags/example_skip_dag.py
[2024-12-17T06:35:25.637-0800] {logging_mixin.py:190} INFO - [2024-12-17T06:35:25.636-0800] {dag.py:3239} INFO - Sync 1 DAGs
[2024-12-17T06:35:25.654-0800] {logging_mixin.py:190} INFO - [2024-12-17T06:35:25.654-0800] {dag.py:4180} INFO - Setting next_dagrun for example_skip_dag to 2024-12-16 00:00:00+00:00, run_after=2024-12-17 00:00:00+00:00
[2024-12-17T06:35:25.679-0800] {processor.py:208} INFO - Processing /Users/rishukhurana/anaconda3/lib/python3.11/site-packages/airflow/example_dags/example_skip_dag.py took 0.150 seconds
[2024-12-17T14:09:17.798-0800] {processor.py:186} INFO - Started process (PID=48887) to work on /Users/rishukhurana/anaconda3/lib/python3.11/site-packages/airflow/example_dags/example_skip_dag.py
[2024-12-17T14:09:17.799-0800] {processor.py:914} INFO - Processing file /Users/rishukhurana/anaconda3/lib/python3.11/site-packages/airflow/example_dags/example_skip_dag.py for tasks to queue
[2024-12-17T14:09:17.801-0800] {logging_mixin.py:190} INFO - [2024-12-17T14:09:17.801-0800] {dagbag.py:588} INFO - Filling up the DagBag from /Users/rishukhurana/anaconda3/lib/python3.11/site-packages/airflow/example_dags/example_skip_dag.py
[2024-12-17T14:09:17.814-0800] {processor.py:925} INFO - DAG(s) 'example_skip_dag' retrieved from /Users/rishukhurana/anaconda3/lib/python3.11/site-packages/airflow/example_dags/example_skip_dag.py
[2024-12-17T14:09:18.032-0800] {logging_mixin.py:190} INFO - [2024-12-17T14:09:18.032-0800] {dag.py:3239} INFO - Sync 1 DAGs
[2024-12-17T14:09:18.061-0800] {logging_mixin.py:190} INFO - [2024-12-17T14:09:18.060-0800] {dag.py:4180} INFO - Setting next_dagrun for example_skip_dag to 2024-12-16 00:00:00+00:00, run_after=2024-12-17 00:00:00+00:00
[2024-12-17T14:09:18.085-0800] {processor.py:208} INFO - Processing /Users/rishukhurana/anaconda3/lib/python3.11/site-packages/airflow/example_dags/example_skip_dag.py took 0.241 seconds
