[2024-12-17T02:46:26.123-0800] {processor.py:186} INFO - Started process (PID=45223) to work on /Users/rishukhurana/anaconda3/lib/python3.11/site-packages/airflow/example_dags/example_setup_teardown_taskflow.py
[2024-12-17T02:46:26.124-0800] {processor.py:914} INFO - Processing file /Users/rishukhurana/anaconda3/lib/python3.11/site-packages/airflow/example_dags/example_setup_teardown_taskflow.py for tasks to queue
[2024-12-17T02:46:26.125-0800] {logging_mixin.py:190} INFO - [2024-12-17T02:46:26.125-0800] {dagbag.py:588} INFO - Filling up the DagBag from /Users/rishukhurana/anaconda3/lib/python3.11/site-packages/airflow/example_dags/example_setup_teardown_taskflow.py
[2024-12-17T02:46:26.160-0800] {processor.py:925} INFO - DAG(s) 'example_setup_teardown_taskflow' retrieved from /Users/rishukhurana/anaconda3/lib/python3.11/site-packages/airflow/example_dags/example_setup_teardown_taskflow.py
[2024-12-17T02:46:26.256-0800] {logging_mixin.py:190} INFO - [2024-12-17T02:46:26.255-0800] {dag.py:3239} INFO - Sync 1 DAGs
[2024-12-17T02:46:26.265-0800] {logging_mixin.py:190} INFO - [2024-12-17T02:46:26.264-0800] {dag.py:4180} INFO - Setting next_dagrun for example_setup_teardown_taskflow to None, run_after=None
[2024-12-17T02:46:26.281-0800] {processor.py:208} INFO - Processing /Users/rishukhurana/anaconda3/lib/python3.11/site-packages/airflow/example_dags/example_setup_teardown_taskflow.py took 0.162 seconds
[2024-12-17T02:54:40.543-0800] {processor.py:186} INFO - Started process (PID=45409) to work on /Users/rishukhurana/anaconda3/lib/python3.11/site-packages/airflow/example_dags/example_setup_teardown_taskflow.py
[2024-12-17T02:54:40.545-0800] {processor.py:914} INFO - Processing file /Users/rishukhurana/anaconda3/lib/python3.11/site-packages/airflow/example_dags/example_setup_teardown_taskflow.py for tasks to queue
[2024-12-17T02:54:40.547-0800] {logging_mixin.py:190} INFO - [2024-12-17T02:54:40.547-0800] {dagbag.py:588} INFO - Filling up the DagBag from /Users/rishukhurana/anaconda3/lib/python3.11/site-packages/airflow/example_dags/example_setup_teardown_taskflow.py
[2024-12-17T02:54:40.584-0800] {processor.py:925} INFO - DAG(s) 'example_setup_teardown_taskflow' retrieved from /Users/rishukhurana/anaconda3/lib/python3.11/site-packages/airflow/example_dags/example_setup_teardown_taskflow.py
[2024-12-17T02:54:40.671-0800] {logging_mixin.py:190} INFO - [2024-12-17T02:54:40.671-0800] {dag.py:3239} INFO - Sync 1 DAGs
[2024-12-17T02:54:40.681-0800] {logging_mixin.py:190} INFO - [2024-12-17T02:54:40.681-0800] {dag.py:4180} INFO - Setting next_dagrun for example_setup_teardown_taskflow to None, run_after=None
[2024-12-17T02:54:40.699-0800] {processor.py:208} INFO - Processing /Users/rishukhurana/anaconda3/lib/python3.11/site-packages/airflow/example_dags/example_setup_teardown_taskflow.py took 0.162 seconds
[2024-12-17T02:57:50.602-0800] {processor.py:186} INFO - Started process (PID=45614) to work on /Users/rishukhurana/anaconda3/lib/python3.11/site-packages/airflow/example_dags/example_setup_teardown_taskflow.py
[2024-12-17T02:57:50.604-0800] {processor.py:914} INFO - Processing file /Users/rishukhurana/anaconda3/lib/python3.11/site-packages/airflow/example_dags/example_setup_teardown_taskflow.py for tasks to queue
[2024-12-17T02:57:50.606-0800] {logging_mixin.py:190} INFO - [2024-12-17T02:57:50.606-0800] {dagbag.py:588} INFO - Filling up the DagBag from /Users/rishukhurana/anaconda3/lib/python3.11/site-packages/airflow/example_dags/example_setup_teardown_taskflow.py
[2024-12-17T02:57:50.639-0800] {processor.py:925} INFO - DAG(s) 'example_setup_teardown_taskflow' retrieved from /Users/rishukhurana/anaconda3/lib/python3.11/site-packages/airflow/example_dags/example_setup_teardown_taskflow.py
[2024-12-17T02:57:50.734-0800] {logging_mixin.py:190} INFO - [2024-12-17T02:57:50.734-0800] {dag.py:3239} INFO - Sync 1 DAGs
[2024-12-17T02:57:50.744-0800] {logging_mixin.py:190} INFO - [2024-12-17T02:57:50.744-0800] {dag.py:4180} INFO - Setting next_dagrun for example_setup_teardown_taskflow to None, run_after=None
[2024-12-17T02:57:50.763-0800] {processor.py:208} INFO - Processing /Users/rishukhurana/anaconda3/lib/python3.11/site-packages/airflow/example_dags/example_setup_teardown_taskflow.py took 0.167 seconds
[2024-12-17T03:00:50.892-0800] {processor.py:186} INFO - Started process (PID=45763) to work on /Users/rishukhurana/anaconda3/lib/python3.11/site-packages/airflow/example_dags/example_setup_teardown_taskflow.py
[2024-12-17T03:00:50.895-0800] {processor.py:914} INFO - Processing file /Users/rishukhurana/anaconda3/lib/python3.11/site-packages/airflow/example_dags/example_setup_teardown_taskflow.py for tasks to queue
[2024-12-17T03:00:50.896-0800] {logging_mixin.py:190} INFO - [2024-12-17T03:00:50.896-0800] {dagbag.py:588} INFO - Filling up the DagBag from /Users/rishukhurana/anaconda3/lib/python3.11/site-packages/airflow/example_dags/example_setup_teardown_taskflow.py
[2024-12-17T03:00:50.934-0800] {processor.py:925} INFO - DAG(s) 'example_setup_teardown_taskflow' retrieved from /Users/rishukhurana/anaconda3/lib/python3.11/site-packages/airflow/example_dags/example_setup_teardown_taskflow.py
[2024-12-17T03:00:51.027-0800] {logging_mixin.py:190} INFO - [2024-12-17T03:00:51.027-0800] {dag.py:3239} INFO - Sync 1 DAGs
[2024-12-17T03:00:51.038-0800] {logging_mixin.py:190} INFO - [2024-12-17T03:00:51.037-0800] {dag.py:4180} INFO - Setting next_dagrun for example_setup_teardown_taskflow to None, run_after=None
[2024-12-17T03:00:51.052-0800] {processor.py:208} INFO - Processing /Users/rishukhurana/anaconda3/lib/python3.11/site-packages/airflow/example_dags/example_setup_teardown_taskflow.py took 0.166 seconds
[2024-12-17T03:03:59.550-0800] {processor.py:186} INFO - Started process (PID=45936) to work on /Users/rishukhurana/anaconda3/lib/python3.11/site-packages/airflow/example_dags/example_setup_teardown_taskflow.py
[2024-12-17T03:03:59.552-0800] {processor.py:914} INFO - Processing file /Users/rishukhurana/anaconda3/lib/python3.11/site-packages/airflow/example_dags/example_setup_teardown_taskflow.py for tasks to queue
[2024-12-17T03:03:59.553-0800] {logging_mixin.py:190} INFO - [2024-12-17T03:03:59.553-0800] {dagbag.py:588} INFO - Filling up the DagBag from /Users/rishukhurana/anaconda3/lib/python3.11/site-packages/airflow/example_dags/example_setup_teardown_taskflow.py
[2024-12-17T03:03:59.586-0800] {processor.py:925} INFO - DAG(s) 'example_setup_teardown_taskflow' retrieved from /Users/rishukhurana/anaconda3/lib/python3.11/site-packages/airflow/example_dags/example_setup_teardown_taskflow.py
[2024-12-17T03:03:59.680-0800] {logging_mixin.py:190} INFO - [2024-12-17T03:03:59.680-0800] {dag.py:3239} INFO - Sync 1 DAGs
[2024-12-17T03:03:59.689-0800] {logging_mixin.py:190} INFO - [2024-12-17T03:03:59.689-0800] {dag.py:4180} INFO - Setting next_dagrun for example_setup_teardown_taskflow to None, run_after=None
[2024-12-17T03:03:59.706-0800] {processor.py:208} INFO - Processing /Users/rishukhurana/anaconda3/lib/python3.11/site-packages/airflow/example_dags/example_setup_teardown_taskflow.py took 0.162 seconds
[2024-12-17T03:07:09.466-0800] {processor.py:186} INFO - Started process (PID=46109) to work on /Users/rishukhurana/anaconda3/lib/python3.11/site-packages/airflow/example_dags/example_setup_teardown_taskflow.py
[2024-12-17T03:07:09.468-0800] {processor.py:914} INFO - Processing file /Users/rishukhurana/anaconda3/lib/python3.11/site-packages/airflow/example_dags/example_setup_teardown_taskflow.py for tasks to queue
[2024-12-17T03:07:09.469-0800] {logging_mixin.py:190} INFO - [2024-12-17T03:07:09.469-0800] {dagbag.py:588} INFO - Filling up the DagBag from /Users/rishukhurana/anaconda3/lib/python3.11/site-packages/airflow/example_dags/example_setup_teardown_taskflow.py
[2024-12-17T03:07:09.501-0800] {processor.py:925} INFO - DAG(s) 'example_setup_teardown_taskflow' retrieved from /Users/rishukhurana/anaconda3/lib/python3.11/site-packages/airflow/example_dags/example_setup_teardown_taskflow.py
[2024-12-17T03:07:09.596-0800] {logging_mixin.py:190} INFO - [2024-12-17T03:07:09.595-0800] {dag.py:3239} INFO - Sync 1 DAGs
[2024-12-17T03:07:09.606-0800] {logging_mixin.py:190} INFO - [2024-12-17T03:07:09.606-0800] {dag.py:4180} INFO - Setting next_dagrun for example_setup_teardown_taskflow to None, run_after=None
[2024-12-17T03:07:09.622-0800] {processor.py:208} INFO - Processing /Users/rishukhurana/anaconda3/lib/python3.11/site-packages/airflow/example_dags/example_setup_teardown_taskflow.py took 0.163 seconds
[2024-12-17T03:10:20.462-0800] {processor.py:186} INFO - Started process (PID=46256) to work on /Users/rishukhurana/anaconda3/lib/python3.11/site-packages/airflow/example_dags/example_setup_teardown_taskflow.py
[2024-12-17T03:10:20.464-0800] {processor.py:914} INFO - Processing file /Users/rishukhurana/anaconda3/lib/python3.11/site-packages/airflow/example_dags/example_setup_teardown_taskflow.py for tasks to queue
[2024-12-17T03:10:20.467-0800] {logging_mixin.py:190} INFO - [2024-12-17T03:10:20.466-0800] {dagbag.py:588} INFO - Filling up the DagBag from /Users/rishukhurana/anaconda3/lib/python3.11/site-packages/airflow/example_dags/example_setup_teardown_taskflow.py
[2024-12-17T03:10:20.504-0800] {processor.py:925} INFO - DAG(s) 'example_setup_teardown_taskflow' retrieved from /Users/rishukhurana/anaconda3/lib/python3.11/site-packages/airflow/example_dags/example_setup_teardown_taskflow.py
[2024-12-17T03:10:20.595-0800] {logging_mixin.py:190} INFO - [2024-12-17T03:10:20.594-0800] {dag.py:3239} INFO - Sync 1 DAGs
[2024-12-17T03:10:20.604-0800] {logging_mixin.py:190} INFO - [2024-12-17T03:10:20.604-0800] {dag.py:4180} INFO - Setting next_dagrun for example_setup_teardown_taskflow to None, run_after=None
[2024-12-17T03:10:20.621-0800] {processor.py:208} INFO - Processing /Users/rishukhurana/anaconda3/lib/python3.11/site-packages/airflow/example_dags/example_setup_teardown_taskflow.py took 0.166 seconds
[2024-12-17T03:13:34.673-0800] {processor.py:186} INFO - Started process (PID=46406) to work on /Users/rishukhurana/anaconda3/lib/python3.11/site-packages/airflow/example_dags/example_setup_teardown_taskflow.py
[2024-12-17T03:13:34.675-0800] {processor.py:914} INFO - Processing file /Users/rishukhurana/anaconda3/lib/python3.11/site-packages/airflow/example_dags/example_setup_teardown_taskflow.py for tasks to queue
[2024-12-17T03:13:34.676-0800] {logging_mixin.py:190} INFO - [2024-12-17T03:13:34.676-0800] {dagbag.py:588} INFO - Filling up the DagBag from /Users/rishukhurana/anaconda3/lib/python3.11/site-packages/airflow/example_dags/example_setup_teardown_taskflow.py
[2024-12-17T03:13:34.715-0800] {processor.py:925} INFO - DAG(s) 'example_setup_teardown_taskflow' retrieved from /Users/rishukhurana/anaconda3/lib/python3.11/site-packages/airflow/example_dags/example_setup_teardown_taskflow.py
[2024-12-17T03:13:34.807-0800] {logging_mixin.py:190} INFO - [2024-12-17T03:13:34.807-0800] {dag.py:3239} INFO - Sync 1 DAGs
[2024-12-17T03:13:34.816-0800] {logging_mixin.py:190} INFO - [2024-12-17T03:13:34.815-0800] {dag.py:4180} INFO - Setting next_dagrun for example_setup_teardown_taskflow to None, run_after=None
[2024-12-17T03:13:34.833-0800] {processor.py:208} INFO - Processing /Users/rishukhurana/anaconda3/lib/python3.11/site-packages/airflow/example_dags/example_setup_teardown_taskflow.py took 0.166 seconds
[2024-12-17T03:16:45.111-0800] {processor.py:186} INFO - Started process (PID=46591) to work on /Users/rishukhurana/anaconda3/lib/python3.11/site-packages/airflow/example_dags/example_setup_teardown_taskflow.py
[2024-12-17T03:16:45.117-0800] {processor.py:914} INFO - Processing file /Users/rishukhurana/anaconda3/lib/python3.11/site-packages/airflow/example_dags/example_setup_teardown_taskflow.py for tasks to queue
[2024-12-17T03:16:45.119-0800] {logging_mixin.py:190} INFO - [2024-12-17T03:16:45.118-0800] {dagbag.py:588} INFO - Filling up the DagBag from /Users/rishukhurana/anaconda3/lib/python3.11/site-packages/airflow/example_dags/example_setup_teardown_taskflow.py
[2024-12-17T03:16:45.192-0800] {processor.py:925} INFO - DAG(s) 'example_setup_teardown_taskflow' retrieved from /Users/rishukhurana/anaconda3/lib/python3.11/site-packages/airflow/example_dags/example_setup_teardown_taskflow.py
[2024-12-17T03:16:45.329-0800] {logging_mixin.py:190} INFO - [2024-12-17T03:16:45.328-0800] {dag.py:3239} INFO - Sync 1 DAGs
[2024-12-17T03:16:45.340-0800] {logging_mixin.py:190} INFO - [2024-12-17T03:16:45.339-0800] {dag.py:4180} INFO - Setting next_dagrun for example_setup_teardown_taskflow to None, run_after=None
[2024-12-17T03:16:45.359-0800] {processor.py:208} INFO - Processing /Users/rishukhurana/anaconda3/lib/python3.11/site-packages/airflow/example_dags/example_setup_teardown_taskflow.py took 0.254 seconds
[2024-12-17T03:19:46.802-0800] {processor.py:186} INFO - Started process (PID=46764) to work on /Users/rishukhurana/anaconda3/lib/python3.11/site-packages/airflow/example_dags/example_setup_teardown_taskflow.py
[2024-12-17T03:19:46.805-0800] {processor.py:914} INFO - Processing file /Users/rishukhurana/anaconda3/lib/python3.11/site-packages/airflow/example_dags/example_setup_teardown_taskflow.py for tasks to queue
[2024-12-17T03:19:46.806-0800] {logging_mixin.py:190} INFO - [2024-12-17T03:19:46.806-0800] {dagbag.py:588} INFO - Filling up the DagBag from /Users/rishukhurana/anaconda3/lib/python3.11/site-packages/airflow/example_dags/example_setup_teardown_taskflow.py
[2024-12-17T03:19:46.845-0800] {processor.py:925} INFO - DAG(s) 'example_setup_teardown_taskflow' retrieved from /Users/rishukhurana/anaconda3/lib/python3.11/site-packages/airflow/example_dags/example_setup_teardown_taskflow.py
[2024-12-17T03:19:46.938-0800] {logging_mixin.py:190} INFO - [2024-12-17T03:19:46.937-0800] {dag.py:3239} INFO - Sync 1 DAGs
[2024-12-17T03:19:46.947-0800] {logging_mixin.py:190} INFO - [2024-12-17T03:19:46.947-0800] {dag.py:4180} INFO - Setting next_dagrun for example_setup_teardown_taskflow to None, run_after=None
[2024-12-17T03:19:46.963-0800] {processor.py:208} INFO - Processing /Users/rishukhurana/anaconda3/lib/python3.11/site-packages/airflow/example_dags/example_setup_teardown_taskflow.py took 0.167 seconds
[2024-12-17T03:22:49.610-0800] {processor.py:186} INFO - Started process (PID=46912) to work on /Users/rishukhurana/anaconda3/lib/python3.11/site-packages/airflow/example_dags/example_setup_teardown_taskflow.py
[2024-12-17T03:22:49.612-0800] {processor.py:914} INFO - Processing file /Users/rishukhurana/anaconda3/lib/python3.11/site-packages/airflow/example_dags/example_setup_teardown_taskflow.py for tasks to queue
[2024-12-17T03:22:49.613-0800] {logging_mixin.py:190} INFO - [2024-12-17T03:22:49.613-0800] {dagbag.py:588} INFO - Filling up the DagBag from /Users/rishukhurana/anaconda3/lib/python3.11/site-packages/airflow/example_dags/example_setup_teardown_taskflow.py
[2024-12-17T03:22:49.646-0800] {processor.py:925} INFO - DAG(s) 'example_setup_teardown_taskflow' retrieved from /Users/rishukhurana/anaconda3/lib/python3.11/site-packages/airflow/example_dags/example_setup_teardown_taskflow.py
[2024-12-17T03:22:49.734-0800] {logging_mixin.py:190} INFO - [2024-12-17T03:22:49.734-0800] {dag.py:3239} INFO - Sync 1 DAGs
[2024-12-17T03:22:49.743-0800] {logging_mixin.py:190} INFO - [2024-12-17T03:22:49.742-0800] {dag.py:4180} INFO - Setting next_dagrun for example_setup_teardown_taskflow to None, run_after=None
[2024-12-17T03:22:49.765-0800] {processor.py:208} INFO - Processing /Users/rishukhurana/anaconda3/lib/python3.11/site-packages/airflow/example_dags/example_setup_teardown_taskflow.py took 0.161 seconds
[2024-12-17T03:25:53.419-0800] {processor.py:186} INFO - Started process (PID=47061) to work on /Users/rishukhurana/anaconda3/lib/python3.11/site-packages/airflow/example_dags/example_setup_teardown_taskflow.py
[2024-12-17T03:25:53.421-0800] {processor.py:914} INFO - Processing file /Users/rishukhurana/anaconda3/lib/python3.11/site-packages/airflow/example_dags/example_setup_teardown_taskflow.py for tasks to queue
[2024-12-17T03:25:53.423-0800] {logging_mixin.py:190} INFO - [2024-12-17T03:25:53.422-0800] {dagbag.py:588} INFO - Filling up the DagBag from /Users/rishukhurana/anaconda3/lib/python3.11/site-packages/airflow/example_dags/example_setup_teardown_taskflow.py
[2024-12-17T03:25:53.457-0800] {processor.py:925} INFO - DAG(s) 'example_setup_teardown_taskflow' retrieved from /Users/rishukhurana/anaconda3/lib/python3.11/site-packages/airflow/example_dags/example_setup_teardown_taskflow.py
[2024-12-17T03:25:53.540-0800] {logging_mixin.py:190} INFO - [2024-12-17T03:25:53.539-0800] {dag.py:3239} INFO - Sync 1 DAGs
[2024-12-17T03:25:53.548-0800] {logging_mixin.py:190} INFO - [2024-12-17T03:25:53.548-0800] {dag.py:4180} INFO - Setting next_dagrun for example_setup_teardown_taskflow to None, run_after=None
[2024-12-17T03:25:53.564-0800] {processor.py:208} INFO - Processing /Users/rishukhurana/anaconda3/lib/python3.11/site-packages/airflow/example_dags/example_setup_teardown_taskflow.py took 0.151 seconds
[2024-12-17T03:28:57.293-0800] {processor.py:186} INFO - Started process (PID=47216) to work on /Users/rishukhurana/anaconda3/lib/python3.11/site-packages/airflow/example_dags/example_setup_teardown_taskflow.py
[2024-12-17T03:28:57.295-0800] {processor.py:914} INFO - Processing file /Users/rishukhurana/anaconda3/lib/python3.11/site-packages/airflow/example_dags/example_setup_teardown_taskflow.py for tasks to queue
[2024-12-17T03:28:57.297-0800] {logging_mixin.py:190} INFO - [2024-12-17T03:28:57.296-0800] {dagbag.py:588} INFO - Filling up the DagBag from /Users/rishukhurana/anaconda3/lib/python3.11/site-packages/airflow/example_dags/example_setup_teardown_taskflow.py
[2024-12-17T03:28:57.328-0800] {processor.py:925} INFO - DAG(s) 'example_setup_teardown_taskflow' retrieved from /Users/rishukhurana/anaconda3/lib/python3.11/site-packages/airflow/example_dags/example_setup_teardown_taskflow.py
[2024-12-17T03:28:57.406-0800] {logging_mixin.py:190} INFO - [2024-12-17T03:28:57.406-0800] {dag.py:3239} INFO - Sync 1 DAGs
[2024-12-17T03:28:57.415-0800] {logging_mixin.py:190} INFO - [2024-12-17T03:28:57.414-0800] {dag.py:4180} INFO - Setting next_dagrun for example_setup_teardown_taskflow to None, run_after=None
[2024-12-17T03:28:57.436-0800] {processor.py:208} INFO - Processing /Users/rishukhurana/anaconda3/lib/python3.11/site-packages/airflow/example_dags/example_setup_teardown_taskflow.py took 0.150 seconds
[2024-12-17T03:31:59.927-0800] {processor.py:186} INFO - Started process (PID=47373) to work on /Users/rishukhurana/anaconda3/lib/python3.11/site-packages/airflow/example_dags/example_setup_teardown_taskflow.py
[2024-12-17T03:31:59.929-0800] {processor.py:914} INFO - Processing file /Users/rishukhurana/anaconda3/lib/python3.11/site-packages/airflow/example_dags/example_setup_teardown_taskflow.py for tasks to queue
[2024-12-17T03:31:59.930-0800] {logging_mixin.py:190} INFO - [2024-12-17T03:31:59.930-0800] {dagbag.py:588} INFO - Filling up the DagBag from /Users/rishukhurana/anaconda3/lib/python3.11/site-packages/airflow/example_dags/example_setup_teardown_taskflow.py
[2024-12-17T03:31:59.967-0800] {processor.py:925} INFO - DAG(s) 'example_setup_teardown_taskflow' retrieved from /Users/rishukhurana/anaconda3/lib/python3.11/site-packages/airflow/example_dags/example_setup_teardown_taskflow.py
[2024-12-17T03:32:00.058-0800] {logging_mixin.py:190} INFO - [2024-12-17T03:32:00.057-0800] {dag.py:3239} INFO - Sync 1 DAGs
[2024-12-17T03:32:00.067-0800] {logging_mixin.py:190} INFO - [2024-12-17T03:32:00.066-0800] {dag.py:4180} INFO - Setting next_dagrun for example_setup_teardown_taskflow to None, run_after=None
[2024-12-17T03:32:00.082-0800] {processor.py:208} INFO - Processing /Users/rishukhurana/anaconda3/lib/python3.11/site-packages/airflow/example_dags/example_setup_teardown_taskflow.py took 0.162 seconds
[2024-12-17T03:34:56.247-0800] {processor.py:186} INFO - Started process (PID=47552) to work on /Users/rishukhurana/anaconda3/lib/python3.11/site-packages/airflow/example_dags/example_setup_teardown_taskflow.py
[2024-12-17T03:34:56.250-0800] {processor.py:914} INFO - Processing file /Users/rishukhurana/anaconda3/lib/python3.11/site-packages/airflow/example_dags/example_setup_teardown_taskflow.py for tasks to queue
[2024-12-17T03:34:56.251-0800] {logging_mixin.py:190} INFO - [2024-12-17T03:34:56.251-0800] {dagbag.py:588} INFO - Filling up the DagBag from /Users/rishukhurana/anaconda3/lib/python3.11/site-packages/airflow/example_dags/example_setup_teardown_taskflow.py
[2024-12-17T03:34:56.283-0800] {processor.py:925} INFO - DAG(s) 'example_setup_teardown_taskflow' retrieved from /Users/rishukhurana/anaconda3/lib/python3.11/site-packages/airflow/example_dags/example_setup_teardown_taskflow.py
[2024-12-17T03:34:56.373-0800] {logging_mixin.py:190} INFO - [2024-12-17T03:34:56.372-0800] {dag.py:3239} INFO - Sync 1 DAGs
[2024-12-17T03:34:56.381-0800] {logging_mixin.py:190} INFO - [2024-12-17T03:34:56.381-0800] {dag.py:4180} INFO - Setting next_dagrun for example_setup_teardown_taskflow to None, run_after=None
[2024-12-17T03:34:56.397-0800] {processor.py:208} INFO - Processing /Users/rishukhurana/anaconda3/lib/python3.11/site-packages/airflow/example_dags/example_setup_teardown_taskflow.py took 0.156 seconds
[2024-12-17T03:38:17.298-0800] {processor.py:186} INFO - Started process (PID=47711) to work on /Users/rishukhurana/anaconda3/lib/python3.11/site-packages/airflow/example_dags/example_setup_teardown_taskflow.py
[2024-12-17T03:38:17.300-0800] {processor.py:914} INFO - Processing file /Users/rishukhurana/anaconda3/lib/python3.11/site-packages/airflow/example_dags/example_setup_teardown_taskflow.py for tasks to queue
[2024-12-17T03:38:17.301-0800] {logging_mixin.py:190} INFO - [2024-12-17T03:38:17.301-0800] {dagbag.py:588} INFO - Filling up the DagBag from /Users/rishukhurana/anaconda3/lib/python3.11/site-packages/airflow/example_dags/example_setup_teardown_taskflow.py
[2024-12-17T03:38:17.344-0800] {processor.py:925} INFO - DAG(s) 'example_setup_teardown_taskflow' retrieved from /Users/rishukhurana/anaconda3/lib/python3.11/site-packages/airflow/example_dags/example_setup_teardown_taskflow.py
[2024-12-17T03:38:17.435-0800] {logging_mixin.py:190} INFO - [2024-12-17T03:38:17.435-0800] {dag.py:3239} INFO - Sync 1 DAGs
[2024-12-17T03:38:17.445-0800] {logging_mixin.py:190} INFO - [2024-12-17T03:38:17.445-0800] {dag.py:4180} INFO - Setting next_dagrun for example_setup_teardown_taskflow to None, run_after=None
[2024-12-17T03:38:17.463-0800] {processor.py:208} INFO - Processing /Users/rishukhurana/anaconda3/lib/python3.11/site-packages/airflow/example_dags/example_setup_teardown_taskflow.py took 0.171 seconds
[2024-12-17T03:41:22.214-0800] {processor.py:186} INFO - Started process (PID=47854) to work on /Users/rishukhurana/anaconda3/lib/python3.11/site-packages/airflow/example_dags/example_setup_teardown_taskflow.py
[2024-12-17T03:41:22.216-0800] {processor.py:914} INFO - Processing file /Users/rishukhurana/anaconda3/lib/python3.11/site-packages/airflow/example_dags/example_setup_teardown_taskflow.py for tasks to queue
[2024-12-17T03:41:22.217-0800] {logging_mixin.py:190} INFO - [2024-12-17T03:41:22.217-0800] {dagbag.py:588} INFO - Filling up the DagBag from /Users/rishukhurana/anaconda3/lib/python3.11/site-packages/airflow/example_dags/example_setup_teardown_taskflow.py
[2024-12-17T03:41:22.253-0800] {processor.py:925} INFO - DAG(s) 'example_setup_teardown_taskflow' retrieved from /Users/rishukhurana/anaconda3/lib/python3.11/site-packages/airflow/example_dags/example_setup_teardown_taskflow.py
[2024-12-17T03:41:22.356-0800] {logging_mixin.py:190} INFO - [2024-12-17T03:41:22.356-0800] {dag.py:3239} INFO - Sync 1 DAGs
[2024-12-17T03:41:22.365-0800] {logging_mixin.py:190} INFO - [2024-12-17T03:41:22.365-0800] {dag.py:4180} INFO - Setting next_dagrun for example_setup_teardown_taskflow to None, run_after=None
[2024-12-17T03:41:22.380-0800] {processor.py:208} INFO - Processing /Users/rishukhurana/anaconda3/lib/python3.11/site-packages/airflow/example_dags/example_setup_teardown_taskflow.py took 0.173 seconds
[2024-12-17T03:44:22.191-0800] {processor.py:186} INFO - Started process (PID=48000) to work on /Users/rishukhurana/anaconda3/lib/python3.11/site-packages/airflow/example_dags/example_setup_teardown_taskflow.py
[2024-12-17T03:44:22.193-0800] {processor.py:914} INFO - Processing file /Users/rishukhurana/anaconda3/lib/python3.11/site-packages/airflow/example_dags/example_setup_teardown_taskflow.py for tasks to queue
[2024-12-17T03:44:22.194-0800] {logging_mixin.py:190} INFO - [2024-12-17T03:44:22.194-0800] {dagbag.py:588} INFO - Filling up the DagBag from /Users/rishukhurana/anaconda3/lib/python3.11/site-packages/airflow/example_dags/example_setup_teardown_taskflow.py
[2024-12-17T03:44:22.229-0800] {processor.py:925} INFO - DAG(s) 'example_setup_teardown_taskflow' retrieved from /Users/rishukhurana/anaconda3/lib/python3.11/site-packages/airflow/example_dags/example_setup_teardown_taskflow.py
[2024-12-17T03:44:22.309-0800] {logging_mixin.py:190} INFO - [2024-12-17T03:44:22.308-0800] {dag.py:3239} INFO - Sync 1 DAGs
[2024-12-17T03:44:22.317-0800] {logging_mixin.py:190} INFO - [2024-12-17T03:44:22.317-0800] {dag.py:4180} INFO - Setting next_dagrun for example_setup_teardown_taskflow to None, run_after=None
[2024-12-17T03:44:22.333-0800] {processor.py:208} INFO - Processing /Users/rishukhurana/anaconda3/lib/python3.11/site-packages/airflow/example_dags/example_setup_teardown_taskflow.py took 0.149 seconds
[2024-12-17T03:47:17.008-0800] {processor.py:186} INFO - Started process (PID=48150) to work on /Users/rishukhurana/anaconda3/lib/python3.11/site-packages/airflow/example_dags/example_setup_teardown_taskflow.py
[2024-12-17T03:47:17.010-0800] {processor.py:914} INFO - Processing file /Users/rishukhurana/anaconda3/lib/python3.11/site-packages/airflow/example_dags/example_setup_teardown_taskflow.py for tasks to queue
[2024-12-17T03:47:17.011-0800] {logging_mixin.py:190} INFO - [2024-12-17T03:47:17.011-0800] {dagbag.py:588} INFO - Filling up the DagBag from /Users/rishukhurana/anaconda3/lib/python3.11/site-packages/airflow/example_dags/example_setup_teardown_taskflow.py
[2024-12-17T03:47:17.044-0800] {processor.py:925} INFO - DAG(s) 'example_setup_teardown_taskflow' retrieved from /Users/rishukhurana/anaconda3/lib/python3.11/site-packages/airflow/example_dags/example_setup_teardown_taskflow.py
[2024-12-17T03:47:17.134-0800] {logging_mixin.py:190} INFO - [2024-12-17T03:47:17.134-0800] {dag.py:3239} INFO - Sync 1 DAGs
[2024-12-17T03:47:17.143-0800] {logging_mixin.py:190} INFO - [2024-12-17T03:47:17.143-0800] {dag.py:4180} INFO - Setting next_dagrun for example_setup_teardown_taskflow to None, run_after=None
[2024-12-17T03:47:17.158-0800] {processor.py:208} INFO - Processing /Users/rishukhurana/anaconda3/lib/python3.11/site-packages/airflow/example_dags/example_setup_teardown_taskflow.py took 0.157 seconds
[2024-12-17T03:54:28.212-0800] {processor.py:186} INFO - Started process (PID=48312) to work on /Users/rishukhurana/anaconda3/lib/python3.11/site-packages/airflow/example_dags/example_setup_teardown_taskflow.py
[2024-12-17T03:54:28.214-0800] {processor.py:914} INFO - Processing file /Users/rishukhurana/anaconda3/lib/python3.11/site-packages/airflow/example_dags/example_setup_teardown_taskflow.py for tasks to queue
[2024-12-17T03:54:28.215-0800] {logging_mixin.py:190} INFO - [2024-12-17T03:54:28.215-0800] {dagbag.py:588} INFO - Filling up the DagBag from /Users/rishukhurana/anaconda3/lib/python3.11/site-packages/airflow/example_dags/example_setup_teardown_taskflow.py
[2024-12-17T03:54:28.271-0800] {processor.py:925} INFO - DAG(s) 'example_setup_teardown_taskflow' retrieved from /Users/rishukhurana/anaconda3/lib/python3.11/site-packages/airflow/example_dags/example_setup_teardown_taskflow.py
[2024-12-17T03:54:28.353-0800] {logging_mixin.py:190} INFO - [2024-12-17T03:54:28.352-0800] {dag.py:3239} INFO - Sync 1 DAGs
[2024-12-17T03:54:28.361-0800] {logging_mixin.py:190} INFO - [2024-12-17T03:54:28.361-0800] {dag.py:4180} INFO - Setting next_dagrun for example_setup_teardown_taskflow to None, run_after=None
[2024-12-17T03:54:28.376-0800] {processor.py:208} INFO - Processing /Users/rishukhurana/anaconda3/lib/python3.11/site-packages/airflow/example_dags/example_setup_teardown_taskflow.py took 0.172 seconds
[2024-12-17T03:57:25.738-0800] {processor.py:186} INFO - Started process (PID=48468) to work on /Users/rishukhurana/anaconda3/lib/python3.11/site-packages/airflow/example_dags/example_setup_teardown_taskflow.py
[2024-12-17T03:57:25.741-0800] {processor.py:914} INFO - Processing file /Users/rishukhurana/anaconda3/lib/python3.11/site-packages/airflow/example_dags/example_setup_teardown_taskflow.py for tasks to queue
[2024-12-17T03:57:25.742-0800] {logging_mixin.py:190} INFO - [2024-12-17T03:57:25.742-0800] {dagbag.py:588} INFO - Filling up the DagBag from /Users/rishukhurana/anaconda3/lib/python3.11/site-packages/airflow/example_dags/example_setup_teardown_taskflow.py
[2024-12-17T03:57:25.774-0800] {processor.py:925} INFO - DAG(s) 'example_setup_teardown_taskflow' retrieved from /Users/rishukhurana/anaconda3/lib/python3.11/site-packages/airflow/example_dags/example_setup_teardown_taskflow.py
[2024-12-17T03:57:25.861-0800] {logging_mixin.py:190} INFO - [2024-12-17T03:57:25.861-0800] {dag.py:3239} INFO - Sync 1 DAGs
[2024-12-17T03:57:25.870-0800] {logging_mixin.py:190} INFO - [2024-12-17T03:57:25.870-0800] {dag.py:4180} INFO - Setting next_dagrun for example_setup_teardown_taskflow to None, run_after=None
[2024-12-17T03:57:25.885-0800] {processor.py:208} INFO - Processing /Users/rishukhurana/anaconda3/lib/python3.11/site-packages/airflow/example_dags/example_setup_teardown_taskflow.py took 0.155 seconds
[2024-12-17T06:51:45.549-0800] {processor.py:186} INFO - Started process (PID=48671) to work on /Users/rishukhurana/anaconda3/lib/python3.11/site-packages/airflow/example_dags/example_setup_teardown_taskflow.py
[2024-12-17T06:51:45.553-0800] {processor.py:914} INFO - Processing file /Users/rishukhurana/anaconda3/lib/python3.11/site-packages/airflow/example_dags/example_setup_teardown_taskflow.py for tasks to queue
[2024-12-17T06:51:45.554-0800] {logging_mixin.py:190} INFO - [2024-12-17T06:51:45.554-0800] {dagbag.py:588} INFO - Filling up the DagBag from /Users/rishukhurana/anaconda3/lib/python3.11/site-packages/airflow/example_dags/example_setup_teardown_taskflow.py
[2024-12-17T06:51:45.624-0800] {processor.py:925} INFO - DAG(s) 'example_setup_teardown_taskflow' retrieved from /Users/rishukhurana/anaconda3/lib/python3.11/site-packages/airflow/example_dags/example_setup_teardown_taskflow.py
[2024-12-17T06:51:45.739-0800] {logging_mixin.py:190} INFO - [2024-12-17T06:51:45.739-0800] {dag.py:3239} INFO - Sync 1 DAGs
[2024-12-17T06:51:45.750-0800] {logging_mixin.py:190} INFO - [2024-12-17T06:51:45.750-0800] {dag.py:4180} INFO - Setting next_dagrun for example_setup_teardown_taskflow to None, run_after=None
[2024-12-17T06:51:45.769-0800] {processor.py:208} INFO - Processing /Users/rishukhurana/anaconda3/lib/python3.11/site-packages/airflow/example_dags/example_setup_teardown_taskflow.py took 0.227 seconds
[2024-12-17T14:09:29.328-0800] {processor.py:186} INFO - Started process (PID=48903) to work on /Users/rishukhurana/anaconda3/lib/python3.11/site-packages/airflow/example_dags/example_setup_teardown_taskflow.py
[2024-12-17T14:09:29.330-0800] {processor.py:914} INFO - Processing file /Users/rishukhurana/anaconda3/lib/python3.11/site-packages/airflow/example_dags/example_setup_teardown_taskflow.py for tasks to queue
[2024-12-17T14:09:29.331-0800] {logging_mixin.py:190} INFO - [2024-12-17T14:09:29.331-0800] {dagbag.py:588} INFO - Filling up the DagBag from /Users/rishukhurana/anaconda3/lib/python3.11/site-packages/airflow/example_dags/example_setup_teardown_taskflow.py
[2024-12-17T14:09:29.377-0800] {processor.py:925} INFO - DAG(s) 'example_setup_teardown_taskflow' retrieved from /Users/rishukhurana/anaconda3/lib/python3.11/site-packages/airflow/example_dags/example_setup_teardown_taskflow.py
[2024-12-17T14:09:29.494-0800] {logging_mixin.py:190} INFO - [2024-12-17T14:09:29.494-0800] {dag.py:3239} INFO - Sync 1 DAGs
[2024-12-17T14:09:29.505-0800] {logging_mixin.py:190} INFO - [2024-12-17T14:09:29.505-0800] {dag.py:4180} INFO - Setting next_dagrun for example_setup_teardown_taskflow to None, run_after=None
[2024-12-17T14:09:29.523-0800] {processor.py:208} INFO - Processing /Users/rishukhurana/anaconda3/lib/python3.11/site-packages/airflow/example_dags/example_setup_teardown_taskflow.py took 0.201 seconds
