[2024-12-16T17:51:48.325-0800] {processor.py:186} INFO - Started process (PID=45024) to work on /Users/rishukhurana/anaconda3/lib/python3.11/site-packages/airflow/example_dags/example_datasets.py
[2024-12-16T17:51:48.327-0800] {processor.py:914} INFO - Processing file /Users/rishukhurana/anaconda3/lib/python3.11/site-packages/airflow/example_dags/example_datasets.py for tasks to queue
[2024-12-16T17:51:48.328-0800] {logging_mixin.py:190} INFO - [2024-12-16T17:51:48.328-0800] {dagbag.py:588} INFO - Filling up the DagBag from /Users/rishukhurana/anaconda3/lib/python3.11/site-packages/airflow/example_dags/example_datasets.py
[2024-12-16T17:51:48.748-0800] {processor.py:925} INFO - DAG(s) 'consume_1_or_2_with_dataset_expressions', 'dataset_consumes_unknown_never_scheduled', 'dataset_produces_2', 'dataset_produces_1', 'consume_1_and_2_with_dataset_expressions', 'dataset_consumes_1', 'conditional_dataset_and_time_based_timetable', 'dataset_consumes_1_never_scheduled', 'consume_1_or_both_2_and_3_with_dataset_expressions', 'dataset_consumes_1_and_2' retrieved from /Users/rishukhurana/anaconda3/lib/python3.11/site-packages/airflow/example_dags/example_datasets.py
[2024-12-16T17:51:48.837-0800] {logging_mixin.py:190} INFO - [2024-12-16T17:51:48.837-0800] {dag.py:3239} INFO - Sync 10 DAGs
[2024-12-16T17:51:48.854-0800] {logging_mixin.py:190} INFO - [2024-12-16T17:51:48.854-0800] {dag.py:4180} INFO - Setting next_dagrun for conditional_dataset_and_time_based_timetable to 2024-12-11 01:00:00+00:00, run_after=2024-12-11 01:00:00+00:00
[2024-12-16T17:51:48.857-0800] {logging_mixin.py:190} INFO - [2024-12-16T17:51:48.856-0800] {dag.py:4180} INFO - Setting next_dagrun for consume_1_and_2_with_dataset_expressions to None, run_after=None
[2024-12-16T17:51:48.857-0800] {logging_mixin.py:190} INFO - [2024-12-16T17:51:48.857-0800] {dag.py:4180} INFO - Setting next_dagrun for consume_1_or_2_with_dataset_expressions to None, run_after=None
[2024-12-16T17:51:48.858-0800] {logging_mixin.py:190} INFO - [2024-12-16T17:51:48.858-0800] {dag.py:4180} INFO - Setting next_dagrun for consume_1_or_both_2_and_3_with_dataset_expressions to None, run_after=None
[2024-12-16T17:51:48.859-0800] {logging_mixin.py:190} INFO - [2024-12-16T17:51:48.859-0800] {dag.py:4180} INFO - Setting next_dagrun for dataset_consumes_1 to None, run_after=None
[2024-12-16T17:51:48.860-0800] {logging_mixin.py:190} INFO - [2024-12-16T17:51:48.860-0800] {dag.py:4180} INFO - Setting next_dagrun for dataset_consumes_1_and_2 to None, run_after=None
[2024-12-16T17:51:48.861-0800] {logging_mixin.py:190} INFO - [2024-12-16T17:51:48.861-0800] {dag.py:4180} INFO - Setting next_dagrun for dataset_consumes_1_never_scheduled to None, run_after=None
[2024-12-16T17:51:48.862-0800] {logging_mixin.py:190} INFO - [2024-12-16T17:51:48.862-0800] {dag.py:4180} INFO - Setting next_dagrun for dataset_consumes_unknown_never_scheduled to None, run_after=None
[2024-12-16T17:51:48.863-0800] {logging_mixin.py:190} INFO - [2024-12-16T17:51:48.863-0800] {dag.py:4180} INFO - Setting next_dagrun for dataset_produces_1 to 2024-12-16 00:00:00+00:00, run_after=2024-12-17 00:00:00+00:00
[2024-12-16T17:51:48.864-0800] {logging_mixin.py:190} INFO - [2024-12-16T17:51:48.864-0800] {dag.py:4180} INFO - Setting next_dagrun for dataset_produces_2 to None, run_after=None
[2024-12-16T17:51:48.894-0800] {processor.py:208} INFO - Processing /Users/rishukhurana/anaconda3/lib/python3.11/site-packages/airflow/example_dags/example_datasets.py took 0.575 seconds
[2024-12-17T02:52:21.581-0800] {processor.py:186} INFO - Started process (PID=45288) to work on /Users/rishukhurana/anaconda3/lib/python3.11/site-packages/airflow/example_dags/example_datasets.py
[2024-12-17T02:52:21.583-0800] {processor.py:914} INFO - Processing file /Users/rishukhurana/anaconda3/lib/python3.11/site-packages/airflow/example_dags/example_datasets.py for tasks to queue
[2024-12-17T02:52:21.584-0800] {logging_mixin.py:190} INFO - [2024-12-17T02:52:21.584-0800] {dagbag.py:588} INFO - Filling up the DagBag from /Users/rishukhurana/anaconda3/lib/python3.11/site-packages/airflow/example_dags/example_datasets.py
[2024-12-17T02:52:22.033-0800] {processor.py:925} INFO - DAG(s) 'consume_1_or_both_2_and_3_with_dataset_expressions', 'consume_1_and_2_with_dataset_expressions', 'consume_1_or_2_with_dataset_expressions', 'conditional_dataset_and_time_based_timetable', 'dataset_consumes_unknown_never_scheduled', 'dataset_consumes_1_never_scheduled', 'dataset_consumes_1_and_2', 'dataset_produces_2', 'dataset_produces_1', 'dataset_consumes_1' retrieved from /Users/rishukhurana/anaconda3/lib/python3.11/site-packages/airflow/example_dags/example_datasets.py
[2024-12-17T02:52:22.127-0800] {logging_mixin.py:190} INFO - [2024-12-17T02:52:22.127-0800] {dag.py:3239} INFO - Sync 10 DAGs
[2024-12-17T02:52:22.149-0800] {logging_mixin.py:190} INFO - [2024-12-17T02:52:22.149-0800] {dag.py:4180} INFO - Setting next_dagrun for conditional_dataset_and_time_based_timetable to 2024-12-11 01:00:00+00:00, run_after=2024-12-11 01:00:00+00:00
[2024-12-17T02:52:22.151-0800] {logging_mixin.py:190} INFO - [2024-12-17T02:52:22.151-0800] {dag.py:4180} INFO - Setting next_dagrun for consume_1_and_2_with_dataset_expressions to None, run_after=None
[2024-12-17T02:52:22.152-0800] {logging_mixin.py:190} INFO - [2024-12-17T02:52:22.152-0800] {dag.py:4180} INFO - Setting next_dagrun for consume_1_or_2_with_dataset_expressions to None, run_after=None
[2024-12-17T02:52:22.152-0800] {logging_mixin.py:190} INFO - [2024-12-17T02:52:22.152-0800] {dag.py:4180} INFO - Setting next_dagrun for consume_1_or_both_2_and_3_with_dataset_expressions to None, run_after=None
[2024-12-17T02:52:22.153-0800] {logging_mixin.py:190} INFO - [2024-12-17T02:52:22.153-0800] {dag.py:4180} INFO - Setting next_dagrun for dataset_consumes_1 to None, run_after=None
[2024-12-17T02:52:22.154-0800] {logging_mixin.py:190} INFO - [2024-12-17T02:52:22.154-0800] {dag.py:4180} INFO - Setting next_dagrun for dataset_consumes_1_and_2 to None, run_after=None
[2024-12-17T02:52:22.155-0800] {logging_mixin.py:190} INFO - [2024-12-17T02:52:22.155-0800] {dag.py:4180} INFO - Setting next_dagrun for dataset_consumes_1_never_scheduled to None, run_after=None
[2024-12-17T02:52:22.155-0800] {logging_mixin.py:190} INFO - [2024-12-17T02:52:22.155-0800] {dag.py:4180} INFO - Setting next_dagrun for dataset_consumes_unknown_never_scheduled to None, run_after=None
[2024-12-17T02:52:22.157-0800] {logging_mixin.py:190} INFO - [2024-12-17T02:52:22.157-0800] {dag.py:4180} INFO - Setting next_dagrun for dataset_produces_1 to 2024-12-16 00:00:00+00:00, run_after=2024-12-17 00:00:00+00:00
[2024-12-17T02:52:22.158-0800] {logging_mixin.py:190} INFO - [2024-12-17T02:52:22.158-0800] {dag.py:4180} INFO - Setting next_dagrun for dataset_produces_2 to None, run_after=None
[2024-12-17T02:52:22.184-0800] {processor.py:208} INFO - Processing /Users/rishukhurana/anaconda3/lib/python3.11/site-packages/airflow/example_dags/example_datasets.py took 0.609 seconds
[2024-12-17T02:55:49.932-0800] {processor.py:186} INFO - Started process (PID=45480) to work on /Users/rishukhurana/anaconda3/lib/python3.11/site-packages/airflow/example_dags/example_datasets.py
[2024-12-17T02:55:49.934-0800] {processor.py:914} INFO - Processing file /Users/rishukhurana/anaconda3/lib/python3.11/site-packages/airflow/example_dags/example_datasets.py for tasks to queue
[2024-12-17T02:55:49.936-0800] {logging_mixin.py:190} INFO - [2024-12-17T02:55:49.936-0800] {dagbag.py:588} INFO - Filling up the DagBag from /Users/rishukhurana/anaconda3/lib/python3.11/site-packages/airflow/example_dags/example_datasets.py
[2024-12-17T02:55:50.697-0800] {processor.py:925} INFO - DAG(s) 'dataset_produces_2', 'dataset_consumes_1', 'consume_1_or_both_2_and_3_with_dataset_expressions', 'consume_1_or_2_with_dataset_expressions', 'conditional_dataset_and_time_based_timetable', 'dataset_consumes_1_and_2', 'dataset_produces_1', 'dataset_consumes_unknown_never_scheduled', 'consume_1_and_2_with_dataset_expressions', 'dataset_consumes_1_never_scheduled' retrieved from /Users/rishukhurana/anaconda3/lib/python3.11/site-packages/airflow/example_dags/example_datasets.py
[2024-12-17T02:55:50.801-0800] {logging_mixin.py:190} INFO - [2024-12-17T02:55:50.801-0800] {dag.py:3239} INFO - Sync 10 DAGs
[2024-12-17T02:55:50.822-0800] {logging_mixin.py:190} INFO - [2024-12-17T02:55:50.822-0800] {dag.py:4180} INFO - Setting next_dagrun for conditional_dataset_and_time_based_timetable to 2024-12-11 01:00:00+00:00, run_after=2024-12-11 01:00:00+00:00
[2024-12-17T02:55:50.824-0800] {logging_mixin.py:190} INFO - [2024-12-17T02:55:50.824-0800] {dag.py:4180} INFO - Setting next_dagrun for consume_1_and_2_with_dataset_expressions to None, run_after=None
[2024-12-17T02:55:50.825-0800] {logging_mixin.py:190} INFO - [2024-12-17T02:55:50.825-0800] {dag.py:4180} INFO - Setting next_dagrun for consume_1_or_2_with_dataset_expressions to None, run_after=None
[2024-12-17T02:55:50.826-0800] {logging_mixin.py:190} INFO - [2024-12-17T02:55:50.825-0800] {dag.py:4180} INFO - Setting next_dagrun for consume_1_or_both_2_and_3_with_dataset_expressions to None, run_after=None
[2024-12-17T02:55:50.826-0800] {logging_mixin.py:190} INFO - [2024-12-17T02:55:50.826-0800] {dag.py:4180} INFO - Setting next_dagrun for dataset_consumes_1 to None, run_after=None
[2024-12-17T02:55:50.827-0800] {logging_mixin.py:190} INFO - [2024-12-17T02:55:50.827-0800] {dag.py:4180} INFO - Setting next_dagrun for dataset_consumes_1_and_2 to None, run_after=None
[2024-12-17T02:55:50.828-0800] {logging_mixin.py:190} INFO - [2024-12-17T02:55:50.827-0800] {dag.py:4180} INFO - Setting next_dagrun for dataset_consumes_1_never_scheduled to None, run_after=None
[2024-12-17T02:55:50.828-0800] {logging_mixin.py:190} INFO - [2024-12-17T02:55:50.828-0800] {dag.py:4180} INFO - Setting next_dagrun for dataset_consumes_unknown_never_scheduled to None, run_after=None
[2024-12-17T02:55:50.830-0800] {logging_mixin.py:190} INFO - [2024-12-17T02:55:50.830-0800] {dag.py:4180} INFO - Setting next_dagrun for dataset_produces_1 to 2024-12-16 00:00:00+00:00, run_after=2024-12-17 00:00:00+00:00
[2024-12-17T02:55:50.831-0800] {logging_mixin.py:190} INFO - [2024-12-17T02:55:50.831-0800] {dag.py:4180} INFO - Setting next_dagrun for dataset_produces_2 to None, run_after=None
[2024-12-17T02:55:50.857-0800] {processor.py:208} INFO - Processing /Users/rishukhurana/anaconda3/lib/python3.11/site-packages/airflow/example_dags/example_datasets.py took 0.931 seconds
[2024-12-17T03:02:01.066-0800] {processor.py:186} INFO - Started process (PID=45822) to work on /Users/rishukhurana/anaconda3/lib/python3.11/site-packages/airflow/example_dags/example_datasets.py
[2024-12-17T03:02:01.069-0800] {processor.py:914} INFO - Processing file /Users/rishukhurana/anaconda3/lib/python3.11/site-packages/airflow/example_dags/example_datasets.py for tasks to queue
[2024-12-17T03:02:01.070-0800] {logging_mixin.py:190} INFO - [2024-12-17T03:02:01.070-0800] {dagbag.py:588} INFO - Filling up the DagBag from /Users/rishukhurana/anaconda3/lib/python3.11/site-packages/airflow/example_dags/example_datasets.py
[2024-12-17T03:02:01.526-0800] {processor.py:925} INFO - DAG(s) 'conditional_dataset_and_time_based_timetable', 'dataset_consumes_1', 'dataset_produces_2', 'consume_1_or_2_with_dataset_expressions', 'consume_1_and_2_with_dataset_expressions', 'dataset_consumes_1_never_scheduled', 'dataset_produces_1', 'consume_1_or_both_2_and_3_with_dataset_expressions', 'dataset_consumes_unknown_never_scheduled', 'dataset_consumes_1_and_2' retrieved from /Users/rishukhurana/anaconda3/lib/python3.11/site-packages/airflow/example_dags/example_datasets.py
[2024-12-17T03:02:01.637-0800] {logging_mixin.py:190} INFO - [2024-12-17T03:02:01.637-0800] {dag.py:3239} INFO - Sync 10 DAGs
[2024-12-17T03:02:01.657-0800] {logging_mixin.py:190} INFO - [2024-12-17T03:02:01.657-0800] {dag.py:4180} INFO - Setting next_dagrun for conditional_dataset_and_time_based_timetable to 2024-12-11 01:00:00+00:00, run_after=2024-12-11 01:00:00+00:00
[2024-12-17T03:02:01.660-0800] {logging_mixin.py:190} INFO - [2024-12-17T03:02:01.660-0800] {dag.py:4180} INFO - Setting next_dagrun for consume_1_and_2_with_dataset_expressions to None, run_after=None
[2024-12-17T03:02:01.661-0800] {logging_mixin.py:190} INFO - [2024-12-17T03:02:01.661-0800] {dag.py:4180} INFO - Setting next_dagrun for consume_1_or_2_with_dataset_expressions to None, run_after=None
[2024-12-17T03:02:01.662-0800] {logging_mixin.py:190} INFO - [2024-12-17T03:02:01.662-0800] {dag.py:4180} INFO - Setting next_dagrun for consume_1_or_both_2_and_3_with_dataset_expressions to None, run_after=None
[2024-12-17T03:02:01.662-0800] {logging_mixin.py:190} INFO - [2024-12-17T03:02:01.662-0800] {dag.py:4180} INFO - Setting next_dagrun for dataset_consumes_1 to None, run_after=None
[2024-12-17T03:02:01.663-0800] {logging_mixin.py:190} INFO - [2024-12-17T03:02:01.663-0800] {dag.py:4180} INFO - Setting next_dagrun for dataset_consumes_1_and_2 to None, run_after=None
[2024-12-17T03:02:01.664-0800] {logging_mixin.py:190} INFO - [2024-12-17T03:02:01.664-0800] {dag.py:4180} INFO - Setting next_dagrun for dataset_consumes_1_never_scheduled to None, run_after=None
[2024-12-17T03:02:01.664-0800] {logging_mixin.py:190} INFO - [2024-12-17T03:02:01.664-0800] {dag.py:4180} INFO - Setting next_dagrun for dataset_consumes_unknown_never_scheduled to None, run_after=None
[2024-12-17T03:02:01.667-0800] {logging_mixin.py:190} INFO - [2024-12-17T03:02:01.666-0800] {dag.py:4180} INFO - Setting next_dagrun for dataset_produces_1 to 2024-12-16 00:00:00+00:00, run_after=2024-12-17 00:00:00+00:00
[2024-12-17T03:02:01.667-0800] {logging_mixin.py:190} INFO - [2024-12-17T03:02:01.667-0800] {dag.py:4180} INFO - Setting next_dagrun for dataset_produces_2 to None, run_after=None
[2024-12-17T03:02:01.693-0800] {processor.py:208} INFO - Processing /Users/rishukhurana/anaconda3/lib/python3.11/site-packages/airflow/example_dags/example_datasets.py took 0.632 seconds
[2024-12-17T03:08:18.334-0800] {processor.py:186} INFO - Started process (PID=46162) to work on /Users/rishukhurana/anaconda3/lib/python3.11/site-packages/airflow/example_dags/example_datasets.py
[2024-12-17T03:08:18.336-0800] {processor.py:914} INFO - Processing file /Users/rishukhurana/anaconda3/lib/python3.11/site-packages/airflow/example_dags/example_datasets.py for tasks to queue
[2024-12-17T03:08:18.337-0800] {logging_mixin.py:190} INFO - [2024-12-17T03:08:18.337-0800] {dagbag.py:588} INFO - Filling up the DagBag from /Users/rishukhurana/anaconda3/lib/python3.11/site-packages/airflow/example_dags/example_datasets.py
[2024-12-17T03:08:19.089-0800] {processor.py:925} INFO - DAG(s) 'consume_1_or_both_2_and_3_with_dataset_expressions', 'dataset_produces_2', 'consume_1_or_2_with_dataset_expressions', 'consume_1_and_2_with_dataset_expressions', 'conditional_dataset_and_time_based_timetable', 'dataset_consumes_unknown_never_scheduled', 'dataset_consumes_1_never_scheduled', 'dataset_produces_1', 'dataset_consumes_1_and_2', 'dataset_consumes_1' retrieved from /Users/rishukhurana/anaconda3/lib/python3.11/site-packages/airflow/example_dags/example_datasets.py
[2024-12-17T03:08:19.192-0800] {logging_mixin.py:190} INFO - [2024-12-17T03:08:19.192-0800] {dag.py:3239} INFO - Sync 10 DAGs
[2024-12-17T03:08:19.210-0800] {logging_mixin.py:190} INFO - [2024-12-17T03:08:19.210-0800] {dag.py:4180} INFO - Setting next_dagrun for conditional_dataset_and_time_based_timetable to 2024-12-11 01:00:00+00:00, run_after=2024-12-11 01:00:00+00:00
[2024-12-17T03:08:19.212-0800] {logging_mixin.py:190} INFO - [2024-12-17T03:08:19.212-0800] {dag.py:4180} INFO - Setting next_dagrun for consume_1_and_2_with_dataset_expressions to None, run_after=None
[2024-12-17T03:08:19.213-0800] {logging_mixin.py:190} INFO - [2024-12-17T03:08:19.213-0800] {dag.py:4180} INFO - Setting next_dagrun for consume_1_or_2_with_dataset_expressions to None, run_after=None
[2024-12-17T03:08:19.213-0800] {logging_mixin.py:190} INFO - [2024-12-17T03:08:19.213-0800] {dag.py:4180} INFO - Setting next_dagrun for consume_1_or_both_2_and_3_with_dataset_expressions to None, run_after=None
[2024-12-17T03:08:19.214-0800] {logging_mixin.py:190} INFO - [2024-12-17T03:08:19.214-0800] {dag.py:4180} INFO - Setting next_dagrun for dataset_consumes_1 to None, run_after=None
[2024-12-17T03:08:19.215-0800] {logging_mixin.py:190} INFO - [2024-12-17T03:08:19.215-0800] {dag.py:4180} INFO - Setting next_dagrun for dataset_consumes_1_and_2 to None, run_after=None
[2024-12-17T03:08:19.216-0800] {logging_mixin.py:190} INFO - [2024-12-17T03:08:19.216-0800] {dag.py:4180} INFO - Setting next_dagrun for dataset_consumes_1_never_scheduled to None, run_after=None
[2024-12-17T03:08:19.216-0800] {logging_mixin.py:190} INFO - [2024-12-17T03:08:19.216-0800] {dag.py:4180} INFO - Setting next_dagrun for dataset_consumes_unknown_never_scheduled to None, run_after=None
[2024-12-17T03:08:19.218-0800] {logging_mixin.py:190} INFO - [2024-12-17T03:08:19.218-0800] {dag.py:4180} INFO - Setting next_dagrun for dataset_produces_1 to 2024-12-16 00:00:00+00:00, run_after=2024-12-17 00:00:00+00:00
[2024-12-17T03:08:19.219-0800] {logging_mixin.py:190} INFO - [2024-12-17T03:08:19.219-0800] {dag.py:4180} INFO - Setting next_dagrun for dataset_produces_2 to None, run_after=None
[2024-12-17T03:08:19.242-0800] {processor.py:208} INFO - Processing /Users/rishukhurana/anaconda3/lib/python3.11/site-packages/airflow/example_dags/example_datasets.py took 0.914 seconds
[2024-12-17T03:14:41.170-0800] {processor.py:186} INFO - Started process (PID=46460) to work on /Users/rishukhurana/anaconda3/lib/python3.11/site-packages/airflow/example_dags/example_datasets.py
[2024-12-17T03:14:41.172-0800] {processor.py:914} INFO - Processing file /Users/rishukhurana/anaconda3/lib/python3.11/site-packages/airflow/example_dags/example_datasets.py for tasks to queue
[2024-12-17T03:14:41.173-0800] {logging_mixin.py:190} INFO - [2024-12-17T03:14:41.173-0800] {dagbag.py:588} INFO - Filling up the DagBag from /Users/rishukhurana/anaconda3/lib/python3.11/site-packages/airflow/example_dags/example_datasets.py
[2024-12-17T03:14:41.602-0800] {processor.py:925} INFO - DAG(s) 'conditional_dataset_and_time_based_timetable', 'dataset_consumes_1_and_2', 'dataset_produces_2', 'dataset_consumes_1', 'dataset_consumes_1_never_scheduled', 'dataset_produces_1', 'consume_1_or_both_2_and_3_with_dataset_expressions', 'dataset_consumes_unknown_never_scheduled', 'consume_1_and_2_with_dataset_expressions', 'consume_1_or_2_with_dataset_expressions' retrieved from /Users/rishukhurana/anaconda3/lib/python3.11/site-packages/airflow/example_dags/example_datasets.py
[2024-12-17T03:14:41.709-0800] {logging_mixin.py:190} INFO - [2024-12-17T03:14:41.709-0800] {dag.py:3239} INFO - Sync 10 DAGs
[2024-12-17T03:14:41.729-0800] {logging_mixin.py:190} INFO - [2024-12-17T03:14:41.729-0800] {dag.py:4180} INFO - Setting next_dagrun for conditional_dataset_and_time_based_timetable to 2024-12-11 01:00:00+00:00, run_after=2024-12-11 01:00:00+00:00
[2024-12-17T03:14:41.731-0800] {logging_mixin.py:190} INFO - [2024-12-17T03:14:41.731-0800] {dag.py:4180} INFO - Setting next_dagrun for consume_1_and_2_with_dataset_expressions to None, run_after=None
[2024-12-17T03:14:41.732-0800] {logging_mixin.py:190} INFO - [2024-12-17T03:14:41.732-0800] {dag.py:4180} INFO - Setting next_dagrun for consume_1_or_2_with_dataset_expressions to None, run_after=None
[2024-12-17T03:14:41.733-0800] {logging_mixin.py:190} INFO - [2024-12-17T03:14:41.732-0800] {dag.py:4180} INFO - Setting next_dagrun for consume_1_or_both_2_and_3_with_dataset_expressions to None, run_after=None
[2024-12-17T03:14:41.733-0800] {logging_mixin.py:190} INFO - [2024-12-17T03:14:41.733-0800] {dag.py:4180} INFO - Setting next_dagrun for dataset_consumes_1 to None, run_after=None
[2024-12-17T03:14:41.734-0800] {logging_mixin.py:190} INFO - [2024-12-17T03:14:41.734-0800] {dag.py:4180} INFO - Setting next_dagrun for dataset_consumes_1_and_2 to None, run_after=None
[2024-12-17T03:14:41.735-0800] {logging_mixin.py:190} INFO - [2024-12-17T03:14:41.735-0800] {dag.py:4180} INFO - Setting next_dagrun for dataset_consumes_1_never_scheduled to None, run_after=None
[2024-12-17T03:14:41.735-0800] {logging_mixin.py:190} INFO - [2024-12-17T03:14:41.735-0800] {dag.py:4180} INFO - Setting next_dagrun for dataset_consumes_unknown_never_scheduled to None, run_after=None
[2024-12-17T03:14:41.737-0800] {logging_mixin.py:190} INFO - [2024-12-17T03:14:41.737-0800] {dag.py:4180} INFO - Setting next_dagrun for dataset_produces_1 to 2024-12-16 00:00:00+00:00, run_after=2024-12-17 00:00:00+00:00
[2024-12-17T03:14:41.738-0800] {logging_mixin.py:190} INFO - [2024-12-17T03:14:41.738-0800] {dag.py:4180} INFO - Setting next_dagrun for dataset_produces_2 to None, run_after=None
[2024-12-17T03:14:41.761-0800] {processor.py:208} INFO - Processing /Users/rishukhurana/anaconda3/lib/python3.11/site-packages/airflow/example_dags/example_datasets.py took 0.596 seconds
[2024-12-17T03:20:56.348-0800] {processor.py:186} INFO - Started process (PID=46820) to work on /Users/rishukhurana/anaconda3/lib/python3.11/site-packages/airflow/example_dags/example_datasets.py
[2024-12-17T03:20:56.351-0800] {processor.py:914} INFO - Processing file /Users/rishukhurana/anaconda3/lib/python3.11/site-packages/airflow/example_dags/example_datasets.py for tasks to queue
[2024-12-17T03:20:56.352-0800] {logging_mixin.py:190} INFO - [2024-12-17T03:20:56.352-0800] {dagbag.py:588} INFO - Filling up the DagBag from /Users/rishukhurana/anaconda3/lib/python3.11/site-packages/airflow/example_dags/example_datasets.py
[2024-12-17T03:20:57.195-0800] {processor.py:925} INFO - DAG(s) 'dataset_consumes_unknown_never_scheduled', 'dataset_consumes_1_and_2', 'dataset_consumes_1_never_scheduled', 'consume_1_or_both_2_and_3_with_dataset_expressions', 'consume_1_and_2_with_dataset_expressions', 'dataset_produces_1', 'dataset_produces_2', 'dataset_consumes_1', 'consume_1_or_2_with_dataset_expressions', 'conditional_dataset_and_time_based_timetable' retrieved from /Users/rishukhurana/anaconda3/lib/python3.11/site-packages/airflow/example_dags/example_datasets.py
[2024-12-17T03:20:57.296-0800] {logging_mixin.py:190} INFO - [2024-12-17T03:20:57.296-0800] {dag.py:3239} INFO - Sync 10 DAGs
[2024-12-17T03:20:57.318-0800] {logging_mixin.py:190} INFO - [2024-12-17T03:20:57.318-0800] {dag.py:4180} INFO - Setting next_dagrun for conditional_dataset_and_time_based_timetable to 2024-12-11 01:00:00+00:00, run_after=2024-12-11 01:00:00+00:00
[2024-12-17T03:20:57.320-0800] {logging_mixin.py:190} INFO - [2024-12-17T03:20:57.320-0800] {dag.py:4180} INFO - Setting next_dagrun for consume_1_and_2_with_dataset_expressions to None, run_after=None
[2024-12-17T03:20:57.321-0800] {logging_mixin.py:190} INFO - [2024-12-17T03:20:57.321-0800] {dag.py:4180} INFO - Setting next_dagrun for consume_1_or_2_with_dataset_expressions to None, run_after=None
[2024-12-17T03:20:57.322-0800] {logging_mixin.py:190} INFO - [2024-12-17T03:20:57.322-0800] {dag.py:4180} INFO - Setting next_dagrun for consume_1_or_both_2_and_3_with_dataset_expressions to None, run_after=None
[2024-12-17T03:20:57.322-0800] {logging_mixin.py:190} INFO - [2024-12-17T03:20:57.322-0800] {dag.py:4180} INFO - Setting next_dagrun for dataset_consumes_1 to None, run_after=None
[2024-12-17T03:20:57.323-0800] {logging_mixin.py:190} INFO - [2024-12-17T03:20:57.323-0800] {dag.py:4180} INFO - Setting next_dagrun for dataset_consumes_1_and_2 to None, run_after=None
[2024-12-17T03:20:57.324-0800] {logging_mixin.py:190} INFO - [2024-12-17T03:20:57.324-0800] {dag.py:4180} INFO - Setting next_dagrun for dataset_consumes_1_never_scheduled to None, run_after=None
[2024-12-17T03:20:57.325-0800] {logging_mixin.py:190} INFO - [2024-12-17T03:20:57.324-0800] {dag.py:4180} INFO - Setting next_dagrun for dataset_consumes_unknown_never_scheduled to None, run_after=None
[2024-12-17T03:20:57.327-0800] {logging_mixin.py:190} INFO - [2024-12-17T03:20:57.326-0800] {dag.py:4180} INFO - Setting next_dagrun for dataset_produces_1 to 2024-12-16 00:00:00+00:00, run_after=2024-12-17 00:00:00+00:00
[2024-12-17T03:20:57.327-0800] {logging_mixin.py:190} INFO - [2024-12-17T03:20:57.327-0800] {dag.py:4180} INFO - Setting next_dagrun for dataset_produces_2 to None, run_after=None
[2024-12-17T03:20:57.353-0800] {processor.py:208} INFO - Processing /Users/rishukhurana/anaconda3/lib/python3.11/site-packages/airflow/example_dags/example_datasets.py took 1.010 seconds
[2024-12-17T03:27:04.550-0800] {processor.py:186} INFO - Started process (PID=47117) to work on /Users/rishukhurana/anaconda3/lib/python3.11/site-packages/airflow/example_dags/example_datasets.py
[2024-12-17T03:27:04.552-0800] {processor.py:914} INFO - Processing file /Users/rishukhurana/anaconda3/lib/python3.11/site-packages/airflow/example_dags/example_datasets.py for tasks to queue
[2024-12-17T03:27:04.553-0800] {logging_mixin.py:190} INFO - [2024-12-17T03:27:04.553-0800] {dagbag.py:588} INFO - Filling up the DagBag from /Users/rishukhurana/anaconda3/lib/python3.11/site-packages/airflow/example_dags/example_datasets.py
[2024-12-17T03:27:05.300-0800] {processor.py:925} INFO - DAG(s) 'consume_1_or_both_2_and_3_with_dataset_expressions', 'consume_1_or_2_with_dataset_expressions', 'dataset_produces_2', 'dataset_produces_1', 'dataset_consumes_1_and_2', 'consume_1_and_2_with_dataset_expressions', 'dataset_consumes_unknown_never_scheduled', 'dataset_consumes_1_never_scheduled', 'dataset_consumes_1', 'conditional_dataset_and_time_based_timetable' retrieved from /Users/rishukhurana/anaconda3/lib/python3.11/site-packages/airflow/example_dags/example_datasets.py
[2024-12-17T03:27:05.407-0800] {logging_mixin.py:190} INFO - [2024-12-17T03:27:05.407-0800] {dag.py:3239} INFO - Sync 10 DAGs
[2024-12-17T03:27:05.428-0800] {logging_mixin.py:190} INFO - [2024-12-17T03:27:05.428-0800] {dag.py:4180} INFO - Setting next_dagrun for conditional_dataset_and_time_based_timetable to 2024-12-11 01:00:00+00:00, run_after=2024-12-11 01:00:00+00:00
[2024-12-17T03:27:05.431-0800] {logging_mixin.py:190} INFO - [2024-12-17T03:27:05.431-0800] {dag.py:4180} INFO - Setting next_dagrun for consume_1_and_2_with_dataset_expressions to None, run_after=None
[2024-12-17T03:27:05.431-0800] {logging_mixin.py:190} INFO - [2024-12-17T03:27:05.431-0800] {dag.py:4180} INFO - Setting next_dagrun for consume_1_or_2_with_dataset_expressions to None, run_after=None
[2024-12-17T03:27:05.432-0800] {logging_mixin.py:190} INFO - [2024-12-17T03:27:05.432-0800] {dag.py:4180} INFO - Setting next_dagrun for consume_1_or_both_2_and_3_with_dataset_expressions to None, run_after=None
[2024-12-17T03:27:05.433-0800] {logging_mixin.py:190} INFO - [2024-12-17T03:27:05.433-0800] {dag.py:4180} INFO - Setting next_dagrun for dataset_consumes_1 to None, run_after=None
[2024-12-17T03:27:05.433-0800] {logging_mixin.py:190} INFO - [2024-12-17T03:27:05.433-0800] {dag.py:4180} INFO - Setting next_dagrun for dataset_consumes_1_and_2 to None, run_after=None
[2024-12-17T03:27:05.434-0800] {logging_mixin.py:190} INFO - [2024-12-17T03:27:05.434-0800] {dag.py:4180} INFO - Setting next_dagrun for dataset_consumes_1_never_scheduled to None, run_after=None
[2024-12-17T03:27:05.435-0800] {logging_mixin.py:190} INFO - [2024-12-17T03:27:05.435-0800] {dag.py:4180} INFO - Setting next_dagrun for dataset_consumes_unknown_never_scheduled to None, run_after=None
[2024-12-17T03:27:05.437-0800] {logging_mixin.py:190} INFO - [2024-12-17T03:27:05.437-0800] {dag.py:4180} INFO - Setting next_dagrun for dataset_produces_1 to 2024-12-16 00:00:00+00:00, run_after=2024-12-17 00:00:00+00:00
[2024-12-17T03:27:05.437-0800] {logging_mixin.py:190} INFO - [2024-12-17T03:27:05.437-0800] {dag.py:4180} INFO - Setting next_dagrun for dataset_produces_2 to None, run_after=None
[2024-12-17T03:27:05.470-0800] {processor.py:208} INFO - Processing /Users/rishukhurana/anaconda3/lib/python3.11/site-packages/airflow/example_dags/example_datasets.py took 0.928 seconds
[2024-12-17T03:33:07.335-0800] {processor.py:186} INFO - Started process (PID=47437) to work on /Users/rishukhurana/anaconda3/lib/python3.11/site-packages/airflow/example_dags/example_datasets.py
[2024-12-17T03:33:07.338-0800] {processor.py:914} INFO - Processing file /Users/rishukhurana/anaconda3/lib/python3.11/site-packages/airflow/example_dags/example_datasets.py for tasks to queue
[2024-12-17T03:33:07.339-0800] {logging_mixin.py:190} INFO - [2024-12-17T03:33:07.339-0800] {dagbag.py:588} INFO - Filling up the DagBag from /Users/rishukhurana/anaconda3/lib/python3.11/site-packages/airflow/example_dags/example_datasets.py
[2024-12-17T03:33:07.765-0800] {processor.py:925} INFO - DAG(s) 'dataset_consumes_1', 'dataset_consumes_1_never_scheduled', 'dataset_consumes_unknown_never_scheduled', 'consume_1_and_2_with_dataset_expressions', 'dataset_produces_2', 'dataset_produces_1', 'dataset_consumes_1_and_2', 'consume_1_or_2_with_dataset_expressions', 'conditional_dataset_and_time_based_timetable', 'consume_1_or_both_2_and_3_with_dataset_expressions' retrieved from /Users/rishukhurana/anaconda3/lib/python3.11/site-packages/airflow/example_dags/example_datasets.py
[2024-12-17T03:33:07.859-0800] {logging_mixin.py:190} INFO - [2024-12-17T03:33:07.859-0800] {dag.py:3239} INFO - Sync 10 DAGs
[2024-12-17T03:33:07.877-0800] {logging_mixin.py:190} INFO - [2024-12-17T03:33:07.876-0800] {dag.py:4180} INFO - Setting next_dagrun for conditional_dataset_and_time_based_timetable to 2024-12-11 01:00:00+00:00, run_after=2024-12-11 01:00:00+00:00
[2024-12-17T03:33:07.879-0800] {logging_mixin.py:190} INFO - [2024-12-17T03:33:07.879-0800] {dag.py:4180} INFO - Setting next_dagrun for consume_1_and_2_with_dataset_expressions to None, run_after=None
[2024-12-17T03:33:07.880-0800] {logging_mixin.py:190} INFO - [2024-12-17T03:33:07.880-0800] {dag.py:4180} INFO - Setting next_dagrun for consume_1_or_2_with_dataset_expressions to None, run_after=None
[2024-12-17T03:33:07.880-0800] {logging_mixin.py:190} INFO - [2024-12-17T03:33:07.880-0800] {dag.py:4180} INFO - Setting next_dagrun for consume_1_or_both_2_and_3_with_dataset_expressions to None, run_after=None
[2024-12-17T03:33:07.881-0800] {logging_mixin.py:190} INFO - [2024-12-17T03:33:07.881-0800] {dag.py:4180} INFO - Setting next_dagrun for dataset_consumes_1 to None, run_after=None
[2024-12-17T03:33:07.882-0800] {logging_mixin.py:190} INFO - [2024-12-17T03:33:07.881-0800] {dag.py:4180} INFO - Setting next_dagrun for dataset_consumes_1_and_2 to None, run_after=None
[2024-12-17T03:33:07.882-0800] {logging_mixin.py:190} INFO - [2024-12-17T03:33:07.882-0800] {dag.py:4180} INFO - Setting next_dagrun for dataset_consumes_1_never_scheduled to None, run_after=None
[2024-12-17T03:33:07.883-0800] {logging_mixin.py:190} INFO - [2024-12-17T03:33:07.883-0800] {dag.py:4180} INFO - Setting next_dagrun for dataset_consumes_unknown_never_scheduled to None, run_after=None
[2024-12-17T03:33:07.885-0800] {logging_mixin.py:190} INFO - [2024-12-17T03:33:07.885-0800] {dag.py:4180} INFO - Setting next_dagrun for dataset_produces_1 to 2024-12-16 00:00:00+00:00, run_after=2024-12-17 00:00:00+00:00
[2024-12-17T03:33:07.885-0800] {logging_mixin.py:190} INFO - [2024-12-17T03:33:07.885-0800] {dag.py:4180} INFO - Setting next_dagrun for dataset_produces_2 to None, run_after=None
[2024-12-17T03:33:07.908-0800] {processor.py:208} INFO - Processing /Users/rishukhurana/anaconda3/lib/python3.11/site-packages/airflow/example_dags/example_datasets.py took 0.580 seconds
[2024-12-17T03:39:24.818-0800] {processor.py:186} INFO - Started process (PID=47763) to work on /Users/rishukhurana/anaconda3/lib/python3.11/site-packages/airflow/example_dags/example_datasets.py
[2024-12-17T03:39:24.820-0800] {processor.py:914} INFO - Processing file /Users/rishukhurana/anaconda3/lib/python3.11/site-packages/airflow/example_dags/example_datasets.py for tasks to queue
[2024-12-17T03:39:24.822-0800] {logging_mixin.py:190} INFO - [2024-12-17T03:39:24.822-0800] {dagbag.py:588} INFO - Filling up the DagBag from /Users/rishukhurana/anaconda3/lib/python3.11/site-packages/airflow/example_dags/example_datasets.py
[2024-12-17T03:39:25.660-0800] {processor.py:925} INFO - DAG(s) 'consume_1_or_2_with_dataset_expressions', 'dataset_consumes_1_and_2', 'dataset_produces_1', 'conditional_dataset_and_time_based_timetable', 'dataset_consumes_1_never_scheduled', 'consume_1_and_2_with_dataset_expressions', 'dataset_produces_2', 'dataset_consumes_unknown_never_scheduled', 'consume_1_or_both_2_and_3_with_dataset_expressions', 'dataset_consumes_1' retrieved from /Users/rishukhurana/anaconda3/lib/python3.11/site-packages/airflow/example_dags/example_datasets.py
[2024-12-17T03:39:25.768-0800] {logging_mixin.py:190} INFO - [2024-12-17T03:39:25.768-0800] {dag.py:3239} INFO - Sync 10 DAGs
[2024-12-17T03:39:25.787-0800] {logging_mixin.py:190} INFO - [2024-12-17T03:39:25.787-0800] {dag.py:4180} INFO - Setting next_dagrun for conditional_dataset_and_time_based_timetable to 2024-12-11 01:00:00+00:00, run_after=2024-12-11 01:00:00+00:00
[2024-12-17T03:39:25.791-0800] {logging_mixin.py:190} INFO - [2024-12-17T03:39:25.790-0800] {dag.py:4180} INFO - Setting next_dagrun for consume_1_and_2_with_dataset_expressions to None, run_after=None
[2024-12-17T03:39:25.791-0800] {logging_mixin.py:190} INFO - [2024-12-17T03:39:25.791-0800] {dag.py:4180} INFO - Setting next_dagrun for consume_1_or_2_with_dataset_expressions to None, run_after=None
[2024-12-17T03:39:25.793-0800] {logging_mixin.py:190} INFO - [2024-12-17T03:39:25.792-0800] {dag.py:4180} INFO - Setting next_dagrun for consume_1_or_both_2_and_3_with_dataset_expressions to None, run_after=None
[2024-12-17T03:39:25.794-0800] {logging_mixin.py:190} INFO - [2024-12-17T03:39:25.793-0800] {dag.py:4180} INFO - Setting next_dagrun for dataset_consumes_1 to None, run_after=None
[2024-12-17T03:39:25.794-0800] {logging_mixin.py:190} INFO - [2024-12-17T03:39:25.794-0800] {dag.py:4180} INFO - Setting next_dagrun for dataset_consumes_1_and_2 to None, run_after=None
[2024-12-17T03:39:25.795-0800] {logging_mixin.py:190} INFO - [2024-12-17T03:39:25.795-0800] {dag.py:4180} INFO - Setting next_dagrun for dataset_consumes_1_never_scheduled to None, run_after=None
[2024-12-17T03:39:25.796-0800] {logging_mixin.py:190} INFO - [2024-12-17T03:39:25.796-0800] {dag.py:4180} INFO - Setting next_dagrun for dataset_consumes_unknown_never_scheduled to None, run_after=None
[2024-12-17T03:39:25.798-0800] {logging_mixin.py:190} INFO - [2024-12-17T03:39:25.798-0800] {dag.py:4180} INFO - Setting next_dagrun for dataset_produces_1 to 2024-12-16 00:00:00+00:00, run_after=2024-12-17 00:00:00+00:00
[2024-12-17T03:39:25.798-0800] {logging_mixin.py:190} INFO - [2024-12-17T03:39:25.798-0800] {dag.py:4180} INFO - Setting next_dagrun for dataset_produces_2 to None, run_after=None
[2024-12-17T03:39:25.825-0800] {processor.py:208} INFO - Processing /Users/rishukhurana/anaconda3/lib/python3.11/site-packages/airflow/example_dags/example_datasets.py took 1.014 seconds
[2024-12-17T03:45:25.143-0800] {processor.py:186} INFO - Started process (PID=48052) to work on /Users/rishukhurana/anaconda3/lib/python3.11/site-packages/airflow/example_dags/example_datasets.py
[2024-12-17T03:45:25.145-0800] {processor.py:914} INFO - Processing file /Users/rishukhurana/anaconda3/lib/python3.11/site-packages/airflow/example_dags/example_datasets.py for tasks to queue
[2024-12-17T03:45:25.147-0800] {logging_mixin.py:190} INFO - [2024-12-17T03:45:25.147-0800] {dagbag.py:588} INFO - Filling up the DagBag from /Users/rishukhurana/anaconda3/lib/python3.11/site-packages/airflow/example_dags/example_datasets.py
[2024-12-17T03:45:25.793-0800] {processor.py:925} INFO - DAG(s) 'conditional_dataset_and_time_based_timetable', 'consume_1_and_2_with_dataset_expressions', 'dataset_consumes_1', 'dataset_consumes_unknown_never_scheduled', 'dataset_consumes_1_never_scheduled', 'consume_1_or_both_2_and_3_with_dataset_expressions', 'dataset_produces_1', 'dataset_produces_2', 'dataset_consumes_1_and_2', 'consume_1_or_2_with_dataset_expressions' retrieved from /Users/rishukhurana/anaconda3/lib/python3.11/site-packages/airflow/example_dags/example_datasets.py
[2024-12-17T03:45:25.900-0800] {logging_mixin.py:190} INFO - [2024-12-17T03:45:25.900-0800] {dag.py:3239} INFO - Sync 10 DAGs
[2024-12-17T03:45:25.918-0800] {logging_mixin.py:190} INFO - [2024-12-17T03:45:25.918-0800] {dag.py:4180} INFO - Setting next_dagrun for conditional_dataset_and_time_based_timetable to 2024-12-11 01:00:00+00:00, run_after=2024-12-11 01:00:00+00:00
[2024-12-17T03:45:25.920-0800] {logging_mixin.py:190} INFO - [2024-12-17T03:45:25.920-0800] {dag.py:4180} INFO - Setting next_dagrun for consume_1_and_2_with_dataset_expressions to None, run_after=None
[2024-12-17T03:45:25.921-0800] {logging_mixin.py:190} INFO - [2024-12-17T03:45:25.921-0800] {dag.py:4180} INFO - Setting next_dagrun for consume_1_or_2_with_dataset_expressions to None, run_after=None
[2024-12-17T03:45:25.922-0800] {logging_mixin.py:190} INFO - [2024-12-17T03:45:25.921-0800] {dag.py:4180} INFO - Setting next_dagrun for consume_1_or_both_2_and_3_with_dataset_expressions to None, run_after=None
[2024-12-17T03:45:25.922-0800] {logging_mixin.py:190} INFO - [2024-12-17T03:45:25.922-0800] {dag.py:4180} INFO - Setting next_dagrun for dataset_consumes_1 to None, run_after=None
[2024-12-17T03:45:25.923-0800] {logging_mixin.py:190} INFO - [2024-12-17T03:45:25.923-0800] {dag.py:4180} INFO - Setting next_dagrun for dataset_consumes_1_and_2 to None, run_after=None
[2024-12-17T03:45:25.923-0800] {logging_mixin.py:190} INFO - [2024-12-17T03:45:25.923-0800] {dag.py:4180} INFO - Setting next_dagrun for dataset_consumes_1_never_scheduled to None, run_after=None
[2024-12-17T03:45:25.924-0800] {logging_mixin.py:190} INFO - [2024-12-17T03:45:25.924-0800] {dag.py:4180} INFO - Setting next_dagrun for dataset_consumes_unknown_never_scheduled to None, run_after=None
[2024-12-17T03:45:25.926-0800] {logging_mixin.py:190} INFO - [2024-12-17T03:45:25.926-0800] {dag.py:4180} INFO - Setting next_dagrun for dataset_produces_1 to 2024-12-16 00:00:00+00:00, run_after=2024-12-17 00:00:00+00:00
[2024-12-17T03:45:25.927-0800] {logging_mixin.py:190} INFO - [2024-12-17T03:45:25.926-0800] {dag.py:4180} INFO - Setting next_dagrun for dataset_produces_2 to None, run_after=None
[2024-12-17T03:45:25.949-0800] {processor.py:208} INFO - Processing /Users/rishukhurana/anaconda3/lib/python3.11/site-packages/airflow/example_dags/example_datasets.py took 0.813 seconds
[2024-12-17T03:55:35.480-0800] {processor.py:186} INFO - Started process (PID=48367) to work on /Users/rishukhurana/anaconda3/lib/python3.11/site-packages/airflow/example_dags/example_datasets.py
[2024-12-17T03:55:35.483-0800] {processor.py:914} INFO - Processing file /Users/rishukhurana/anaconda3/lib/python3.11/site-packages/airflow/example_dags/example_datasets.py for tasks to queue
[2024-12-17T03:55:35.484-0800] {logging_mixin.py:190} INFO - [2024-12-17T03:55:35.484-0800] {dagbag.py:588} INFO - Filling up the DagBag from /Users/rishukhurana/anaconda3/lib/python3.11/site-packages/airflow/example_dags/example_datasets.py
[2024-12-17T03:55:35.927-0800] {processor.py:925} INFO - DAG(s) 'dataset_consumes_1_never_scheduled', 'conditional_dataset_and_time_based_timetable', 'consume_1_or_both_2_and_3_with_dataset_expressions', 'dataset_produces_1', 'dataset_consumes_1', 'dataset_consumes_unknown_never_scheduled', 'dataset_consumes_1_and_2', 'consume_1_or_2_with_dataset_expressions', 'dataset_produces_2', 'consume_1_and_2_with_dataset_expressions' retrieved from /Users/rishukhurana/anaconda3/lib/python3.11/site-packages/airflow/example_dags/example_datasets.py
[2024-12-17T03:55:36.028-0800] {logging_mixin.py:190} INFO - [2024-12-17T03:55:36.028-0800] {dag.py:3239} INFO - Sync 10 DAGs
[2024-12-17T03:55:36.047-0800] {logging_mixin.py:190} INFO - [2024-12-17T03:55:36.046-0800] {dag.py:4180} INFO - Setting next_dagrun for conditional_dataset_and_time_based_timetable to 2024-12-11 01:00:00+00:00, run_after=2024-12-11 01:00:00+00:00
[2024-12-17T03:55:36.049-0800] {logging_mixin.py:190} INFO - [2024-12-17T03:55:36.049-0800] {dag.py:4180} INFO - Setting next_dagrun for consume_1_and_2_with_dataset_expressions to None, run_after=None
[2024-12-17T03:55:36.050-0800] {logging_mixin.py:190} INFO - [2024-12-17T03:55:36.050-0800] {dag.py:4180} INFO - Setting next_dagrun for consume_1_or_2_with_dataset_expressions to None, run_after=None
[2024-12-17T03:55:36.051-0800] {logging_mixin.py:190} INFO - [2024-12-17T03:55:36.050-0800] {dag.py:4180} INFO - Setting next_dagrun for consume_1_or_both_2_and_3_with_dataset_expressions to None, run_after=None
[2024-12-17T03:55:36.051-0800] {logging_mixin.py:190} INFO - [2024-12-17T03:55:36.051-0800] {dag.py:4180} INFO - Setting next_dagrun for dataset_consumes_1 to None, run_after=None
[2024-12-17T03:55:36.052-0800] {logging_mixin.py:190} INFO - [2024-12-17T03:55:36.052-0800] {dag.py:4180} INFO - Setting next_dagrun for dataset_consumes_1_and_2 to None, run_after=None
[2024-12-17T03:55:36.053-0800] {logging_mixin.py:190} INFO - [2024-12-17T03:55:36.053-0800] {dag.py:4180} INFO - Setting next_dagrun for dataset_consumes_1_never_scheduled to None, run_after=None
[2024-12-17T03:55:36.053-0800] {logging_mixin.py:190} INFO - [2024-12-17T03:55:36.053-0800] {dag.py:4180} INFO - Setting next_dagrun for dataset_consumes_unknown_never_scheduled to None, run_after=None
[2024-12-17T03:55:36.055-0800] {logging_mixin.py:190} INFO - [2024-12-17T03:55:36.055-0800] {dag.py:4180} INFO - Setting next_dagrun for dataset_produces_1 to 2024-12-16 00:00:00+00:00, run_after=2024-12-17 00:00:00+00:00
[2024-12-17T03:55:36.056-0800] {logging_mixin.py:190} INFO - [2024-12-17T03:55:36.056-0800] {dag.py:4180} INFO - Setting next_dagrun for dataset_produces_2 to None, run_after=None
[2024-12-17T03:55:36.078-0800] {processor.py:208} INFO - Processing /Users/rishukhurana/anaconda3/lib/python3.11/site-packages/airflow/example_dags/example_datasets.py took 0.604 seconds
[2024-12-17T09:02:27.110-0800] {processor.py:186} INFO - Started process (PID=48757) to work on /Users/rishukhurana/anaconda3/lib/python3.11/site-packages/airflow/example_dags/example_datasets.py
[2024-12-17T09:02:27.112-0800] {processor.py:914} INFO - Processing file /Users/rishukhurana/anaconda3/lib/python3.11/site-packages/airflow/example_dags/example_datasets.py for tasks to queue
[2024-12-17T09:02:27.113-0800] {logging_mixin.py:190} INFO - [2024-12-17T09:02:27.113-0800] {dagbag.py:588} INFO - Filling up the DagBag from /Users/rishukhurana/anaconda3/lib/python3.11/site-packages/airflow/example_dags/example_datasets.py
[2024-12-17T09:02:27.986-0800] {processor.py:925} INFO - DAG(s) 'dataset_produces_1', 'dataset_consumes_1_and_2', 'conditional_dataset_and_time_based_timetable', 'dataset_consumes_1_never_scheduled', 'dataset_consumes_1', 'consume_1_or_both_2_and_3_with_dataset_expressions', 'consume_1_or_2_with_dataset_expressions', 'dataset_produces_2', 'consume_1_and_2_with_dataset_expressions', 'dataset_consumes_unknown_never_scheduled' retrieved from /Users/rishukhurana/anaconda3/lib/python3.11/site-packages/airflow/example_dags/example_datasets.py
[2024-12-17T09:02:28.109-0800] {logging_mixin.py:190} INFO - [2024-12-17T09:02:28.109-0800] {dag.py:3239} INFO - Sync 10 DAGs
[2024-12-17T09:02:28.130-0800] {logging_mixin.py:190} INFO - [2024-12-17T09:02:28.130-0800] {dag.py:4180} INFO - Setting next_dagrun for conditional_dataset_and_time_based_timetable to 2024-12-11 01:00:00+00:00, run_after=2024-12-11 01:00:00+00:00
[2024-12-17T09:02:28.134-0800] {logging_mixin.py:190} INFO - [2024-12-17T09:02:28.134-0800] {dag.py:4180} INFO - Setting next_dagrun for consume_1_and_2_with_dataset_expressions to None, run_after=None
[2024-12-17T09:02:28.135-0800] {logging_mixin.py:190} INFO - [2024-12-17T09:02:28.135-0800] {dag.py:4180} INFO - Setting next_dagrun for consume_1_or_2_with_dataset_expressions to None, run_after=None
[2024-12-17T09:02:28.136-0800] {logging_mixin.py:190} INFO - [2024-12-17T09:02:28.136-0800] {dag.py:4180} INFO - Setting next_dagrun for consume_1_or_both_2_and_3_with_dataset_expressions to None, run_after=None
[2024-12-17T09:02:28.138-0800] {logging_mixin.py:190} INFO - [2024-12-17T09:02:28.137-0800] {dag.py:4180} INFO - Setting next_dagrun for dataset_consumes_1 to None, run_after=None
[2024-12-17T09:02:28.138-0800] {logging_mixin.py:190} INFO - [2024-12-17T09:02:28.138-0800] {dag.py:4180} INFO - Setting next_dagrun for dataset_consumes_1_and_2 to None, run_after=None
[2024-12-17T09:02:28.139-0800] {logging_mixin.py:190} INFO - [2024-12-17T09:02:28.139-0800] {dag.py:4180} INFO - Setting next_dagrun for dataset_consumes_1_never_scheduled to None, run_after=None
[2024-12-17T09:02:28.140-0800] {logging_mixin.py:190} INFO - [2024-12-17T09:02:28.140-0800] {dag.py:4180} INFO - Setting next_dagrun for dataset_consumes_unknown_never_scheduled to None, run_after=None
[2024-12-17T09:02:28.142-0800] {logging_mixin.py:190} INFO - [2024-12-17T09:02:28.142-0800] {dag.py:4180} INFO - Setting next_dagrun for dataset_produces_1 to 2024-12-16 00:00:00+00:00, run_after=2024-12-17 00:00:00+00:00
[2024-12-17T09:02:28.143-0800] {logging_mixin.py:190} INFO - [2024-12-17T09:02:28.143-0800] {dag.py:4180} INFO - Setting next_dagrun for dataset_produces_2 to None, run_after=None
[2024-12-17T09:02:28.178-0800] {processor.py:208} INFO - Processing /Users/rishukhurana/anaconda3/lib/python3.11/site-packages/airflow/example_dags/example_datasets.py took 1.073 seconds
[2024-12-17T14:10:46.352-0800] {processor.py:186} INFO - Started process (PID=48977) to work on /Users/rishukhurana/anaconda3/lib/python3.11/site-packages/airflow/example_dags/example_datasets.py
[2024-12-17T14:10:46.355-0800] {processor.py:914} INFO - Processing file /Users/rishukhurana/anaconda3/lib/python3.11/site-packages/airflow/example_dags/example_datasets.py for tasks to queue
[2024-12-17T14:10:46.356-0800] {logging_mixin.py:190} INFO - [2024-12-17T14:10:46.356-0800] {dagbag.py:588} INFO - Filling up the DagBag from /Users/rishukhurana/anaconda3/lib/python3.11/site-packages/airflow/example_dags/example_datasets.py
[2024-12-17T14:10:46.953-0800] {processor.py:925} INFO - DAG(s) 'consume_1_or_2_with_dataset_expressions', 'conditional_dataset_and_time_based_timetable', 'dataset_consumes_1_and_2', 'dataset_consumes_1', 'consume_1_or_both_2_and_3_with_dataset_expressions', 'consume_1_and_2_with_dataset_expressions', 'dataset_produces_1', 'dataset_produces_2', 'dataset_consumes_1_never_scheduled', 'dataset_consumes_unknown_never_scheduled' retrieved from /Users/rishukhurana/anaconda3/lib/python3.11/site-packages/airflow/example_dags/example_datasets.py
[2024-12-17T14:10:47.053-0800] {logging_mixin.py:190} INFO - [2024-12-17T14:10:47.053-0800] {dag.py:3239} INFO - Sync 10 DAGs
[2024-12-17T14:10:47.072-0800] {logging_mixin.py:190} INFO - [2024-12-17T14:10:47.071-0800] {dag.py:4180} INFO - Setting next_dagrun for conditional_dataset_and_time_based_timetable to 2024-12-11 01:00:00+00:00, run_after=2024-12-11 01:00:00+00:00
[2024-12-17T14:10:47.074-0800] {logging_mixin.py:190} INFO - [2024-12-17T14:10:47.074-0800] {dag.py:4180} INFO - Setting next_dagrun for consume_1_and_2_with_dataset_expressions to None, run_after=None
[2024-12-17T14:10:47.075-0800] {logging_mixin.py:190} INFO - [2024-12-17T14:10:47.075-0800] {dag.py:4180} INFO - Setting next_dagrun for consume_1_or_2_with_dataset_expressions to None, run_after=None
[2024-12-17T14:10:47.075-0800] {logging_mixin.py:190} INFO - [2024-12-17T14:10:47.075-0800] {dag.py:4180} INFO - Setting next_dagrun for consume_1_or_both_2_and_3_with_dataset_expressions to None, run_after=None
[2024-12-17T14:10:47.076-0800] {logging_mixin.py:190} INFO - [2024-12-17T14:10:47.076-0800] {dag.py:4180} INFO - Setting next_dagrun for dataset_consumes_1 to None, run_after=None
[2024-12-17T14:10:47.077-0800] {logging_mixin.py:190} INFO - [2024-12-17T14:10:47.077-0800] {dag.py:4180} INFO - Setting next_dagrun for dataset_consumes_1_and_2 to None, run_after=None
[2024-12-17T14:10:47.078-0800] {logging_mixin.py:190} INFO - [2024-12-17T14:10:47.078-0800] {dag.py:4180} INFO - Setting next_dagrun for dataset_consumes_1_never_scheduled to None, run_after=None
[2024-12-17T14:10:47.078-0800] {logging_mixin.py:190} INFO - [2024-12-17T14:10:47.078-0800] {dag.py:4180} INFO - Setting next_dagrun for dataset_consumes_unknown_never_scheduled to None, run_after=None
[2024-12-17T14:10:47.080-0800] {logging_mixin.py:190} INFO - [2024-12-17T14:10:47.080-0800] {dag.py:4180} INFO - Setting next_dagrun for dataset_produces_1 to 2024-12-16 00:00:00+00:00, run_after=2024-12-17 00:00:00+00:00
[2024-12-17T14:10:47.081-0800] {logging_mixin.py:190} INFO - [2024-12-17T14:10:47.081-0800] {dag.py:4180} INFO - Setting next_dagrun for dataset_produces_2 to None, run_after=None
[2024-12-17T14:10:47.105-0800] {processor.py:208} INFO - Processing /Users/rishukhurana/anaconda3/lib/python3.11/site-packages/airflow/example_dags/example_datasets.py took 0.759 seconds
