[2024-12-16T18:52:47.410-0800] {processor.py:186} INFO - Started process (PID=45044) to work on /Users/rishukhurana/anaconda3/lib/python3.11/site-packages/airflow/example_dags/example_branch_python_dop_operator_3.py
[2024-12-16T18:52:47.411-0800] {processor.py:914} INFO - Processing file /Users/rishukhurana/anaconda3/lib/python3.11/site-packages/airflow/example_dags/example_branch_python_dop_operator_3.py for tasks to queue
[2024-12-16T18:52:47.413-0800] {logging_mixin.py:190} INFO - [2024-12-16T18:52:47.413-0800] {dagbag.py:588} INFO - Filling up the DagBag from /Users/rishukhurana/anaconda3/lib/python3.11/site-packages/airflow/example_dags/example_branch_python_dop_operator_3.py
[2024-12-16T18:52:47.445-0800] {processor.py:925} INFO - DAG(s) 'example_branch_dop_operator_v3' retrieved from /Users/rishukhurana/anaconda3/lib/python3.11/site-packages/airflow/example_dags/example_branch_python_dop_operator_3.py
[2024-12-16T18:52:47.520-0800] {logging_mixin.py:190} INFO - [2024-12-16T18:52:47.520-0800] {dag.py:3239} INFO - Sync 1 DAGs
[2024-12-16T18:52:47.545-0800] {logging_mixin.py:190} INFO - [2024-12-16T18:52:47.545-0800] {dag.py:4180} INFO - Setting next_dagrun for example_branch_dop_operator_v3 to 2024-12-17 02:51:00+00:00, run_after=2024-12-17 02:52:00+00:00
[2024-12-16T18:52:47.561-0800] {processor.py:208} INFO - Processing /Users/rishukhurana/anaconda3/lib/python3.11/site-packages/airflow/example_dags/example_branch_python_dop_operator_3.py took 0.157 seconds
[2024-12-17T02:52:40.321-0800] {processor.py:186} INFO - Started process (PID=45304) to work on /Users/rishukhurana/anaconda3/lib/python3.11/site-packages/airflow/example_dags/example_branch_python_dop_operator_3.py
[2024-12-17T02:52:40.324-0800] {processor.py:914} INFO - Processing file /Users/rishukhurana/anaconda3/lib/python3.11/site-packages/airflow/example_dags/example_branch_python_dop_operator_3.py for tasks to queue
[2024-12-17T02:52:40.325-0800] {logging_mixin.py:190} INFO - [2024-12-17T02:52:40.325-0800] {dagbag.py:588} INFO - Filling up the DagBag from /Users/rishukhurana/anaconda3/lib/python3.11/site-packages/airflow/example_dags/example_branch_python_dop_operator_3.py
[2024-12-17T02:52:40.356-0800] {processor.py:925} INFO - DAG(s) 'example_branch_dop_operator_v3' retrieved from /Users/rishukhurana/anaconda3/lib/python3.11/site-packages/airflow/example_dags/example_branch_python_dop_operator_3.py
[2024-12-17T02:52:40.435-0800] {logging_mixin.py:190} INFO - [2024-12-17T02:52:40.434-0800] {dag.py:3239} INFO - Sync 1 DAGs
[2024-12-17T02:52:40.452-0800] {logging_mixin.py:190} INFO - [2024-12-17T02:52:40.452-0800] {dag.py:4180} INFO - Setting next_dagrun for example_branch_dop_operator_v3 to 2024-12-17 10:51:00+00:00, run_after=2024-12-17 10:52:00+00:00
[2024-12-17T02:52:40.474-0800] {processor.py:208} INFO - Processing /Users/rishukhurana/anaconda3/lib/python3.11/site-packages/airflow/example_dags/example_branch_python_dop_operator_3.py took 0.159 seconds
[2024-12-17T02:58:53.960-0800] {processor.py:186} INFO - Started process (PID=45664) to work on /Users/rishukhurana/anaconda3/lib/python3.11/site-packages/airflow/example_dags/example_branch_python_dop_operator_3.py
[2024-12-17T02:58:53.962-0800] {processor.py:914} INFO - Processing file /Users/rishukhurana/anaconda3/lib/python3.11/site-packages/airflow/example_dags/example_branch_python_dop_operator_3.py for tasks to queue
[2024-12-17T02:58:53.963-0800] {logging_mixin.py:190} INFO - [2024-12-17T02:58:53.963-0800] {dagbag.py:588} INFO - Filling up the DagBag from /Users/rishukhurana/anaconda3/lib/python3.11/site-packages/airflow/example_dags/example_branch_python_dop_operator_3.py
[2024-12-17T02:58:54.002-0800] {processor.py:925} INFO - DAG(s) 'example_branch_dop_operator_v3' retrieved from /Users/rishukhurana/anaconda3/lib/python3.11/site-packages/airflow/example_dags/example_branch_python_dop_operator_3.py
[2024-12-17T02:58:54.092-0800] {logging_mixin.py:190} INFO - [2024-12-17T02:58:54.091-0800] {dag.py:3239} INFO - Sync 1 DAGs
[2024-12-17T02:58:54.111-0800] {logging_mixin.py:190} INFO - [2024-12-17T02:58:54.111-0800] {dag.py:4180} INFO - Setting next_dagrun for example_branch_dop_operator_v3 to 2024-12-17 10:57:00+00:00, run_after=2024-12-17 10:58:00+00:00
[2024-12-17T02:58:54.127-0800] {processor.py:208} INFO - Processing /Users/rishukhurana/anaconda3/lib/python3.11/site-packages/airflow/example_dags/example_branch_python_dop_operator_3.py took 0.173 seconds
[2024-12-17T03:05:06.392-0800] {processor.py:186} INFO - Started process (PID=46008) to work on /Users/rishukhurana/anaconda3/lib/python3.11/site-packages/airflow/example_dags/example_branch_python_dop_operator_3.py
[2024-12-17T03:05:06.394-0800] {processor.py:914} INFO - Processing file /Users/rishukhurana/anaconda3/lib/python3.11/site-packages/airflow/example_dags/example_branch_python_dop_operator_3.py for tasks to queue
[2024-12-17T03:05:06.396-0800] {logging_mixin.py:190} INFO - [2024-12-17T03:05:06.396-0800] {dagbag.py:588} INFO - Filling up the DagBag from /Users/rishukhurana/anaconda3/lib/python3.11/site-packages/airflow/example_dags/example_branch_python_dop_operator_3.py
[2024-12-17T03:05:06.432-0800] {processor.py:925} INFO - DAG(s) 'example_branch_dop_operator_v3' retrieved from /Users/rishukhurana/anaconda3/lib/python3.11/site-packages/airflow/example_dags/example_branch_python_dop_operator_3.py
[2024-12-17T03:05:06.517-0800] {logging_mixin.py:190} INFO - [2024-12-17T03:05:06.517-0800] {dag.py:3239} INFO - Sync 1 DAGs
[2024-12-17T03:05:06.541-0800] {logging_mixin.py:190} INFO - [2024-12-17T03:05:06.541-0800] {dag.py:4180} INFO - Setting next_dagrun for example_branch_dop_operator_v3 to 2024-12-17 11:04:00+00:00, run_after=2024-12-17 11:05:00+00:00
[2024-12-17T03:05:06.563-0800] {processor.py:208} INFO - Processing /Users/rishukhurana/anaconda3/lib/python3.11/site-packages/airflow/example_dags/example_branch_python_dop_operator_3.py took 0.176 seconds
[2024-12-17T03:11:30.573-0800] {processor.py:186} INFO - Started process (PID=46309) to work on /Users/rishukhurana/anaconda3/lib/python3.11/site-packages/airflow/example_dags/example_branch_python_dop_operator_3.py
[2024-12-17T03:11:30.574-0800] {processor.py:914} INFO - Processing file /Users/rishukhurana/anaconda3/lib/python3.11/site-packages/airflow/example_dags/example_branch_python_dop_operator_3.py for tasks to queue
[2024-12-17T03:11:30.576-0800] {logging_mixin.py:190} INFO - [2024-12-17T03:11:30.575-0800] {dagbag.py:588} INFO - Filling up the DagBag from /Users/rishukhurana/anaconda3/lib/python3.11/site-packages/airflow/example_dags/example_branch_python_dop_operator_3.py
[2024-12-17T03:11:30.615-0800] {processor.py:925} INFO - DAG(s) 'example_branch_dop_operator_v3' retrieved from /Users/rishukhurana/anaconda3/lib/python3.11/site-packages/airflow/example_dags/example_branch_python_dop_operator_3.py
[2024-12-17T03:11:30.699-0800] {logging_mixin.py:190} INFO - [2024-12-17T03:11:30.698-0800] {dag.py:3239} INFO - Sync 1 DAGs
[2024-12-17T03:11:30.718-0800] {logging_mixin.py:190} INFO - [2024-12-17T03:11:30.718-0800] {dag.py:4180} INFO - Setting next_dagrun for example_branch_dop_operator_v3 to 2024-12-17 11:10:00+00:00, run_after=2024-12-17 11:11:00+00:00
[2024-12-17T03:11:30.734-0800] {processor.py:208} INFO - Processing /Users/rishukhurana/anaconda3/lib/python3.11/site-packages/airflow/example_dags/example_branch_python_dop_operator_3.py took 0.168 seconds
[2024-12-17T03:17:51.066-0800] {processor.py:186} INFO - Started process (PID=46669) to work on /Users/rishukhurana/anaconda3/lib/python3.11/site-packages/airflow/example_dags/example_branch_python_dop_operator_3.py
[2024-12-17T03:17:51.069-0800] {processor.py:914} INFO - Processing file /Users/rishukhurana/anaconda3/lib/python3.11/site-packages/airflow/example_dags/example_branch_python_dop_operator_3.py for tasks to queue
[2024-12-17T03:17:51.070-0800] {logging_mixin.py:190} INFO - [2024-12-17T03:17:51.070-0800] {dagbag.py:588} INFO - Filling up the DagBag from /Users/rishukhurana/anaconda3/lib/python3.11/site-packages/airflow/example_dags/example_branch_python_dop_operator_3.py
[2024-12-17T03:17:51.114-0800] {processor.py:925} INFO - DAG(s) 'example_branch_dop_operator_v3' retrieved from /Users/rishukhurana/anaconda3/lib/python3.11/site-packages/airflow/example_dags/example_branch_python_dop_operator_3.py
[2024-12-17T03:17:51.202-0800] {logging_mixin.py:190} INFO - [2024-12-17T03:17:51.202-0800] {dag.py:3239} INFO - Sync 1 DAGs
[2024-12-17T03:17:51.223-0800] {logging_mixin.py:190} INFO - [2024-12-17T03:17:51.223-0800] {dag.py:4180} INFO - Setting next_dagrun for example_branch_dop_operator_v3 to 2024-12-17 11:16:00+00:00, run_after=2024-12-17 11:17:00+00:00
[2024-12-17T03:17:51.240-0800] {processor.py:208} INFO - Processing /Users/rishukhurana/anaconda3/lib/python3.11/site-packages/airflow/example_dags/example_branch_python_dop_operator_3.py took 0.179 seconds
[2024-12-17T03:23:52.842-0800] {processor.py:186} INFO - Started process (PID=46966) to work on /Users/rishukhurana/anaconda3/lib/python3.11/site-packages/airflow/example_dags/example_branch_python_dop_operator_3.py
[2024-12-17T03:23:52.844-0800] {processor.py:914} INFO - Processing file /Users/rishukhurana/anaconda3/lib/python3.11/site-packages/airflow/example_dags/example_branch_python_dop_operator_3.py for tasks to queue
[2024-12-17T03:23:52.845-0800] {logging_mixin.py:190} INFO - [2024-12-17T03:23:52.845-0800] {dagbag.py:588} INFO - Filling up the DagBag from /Users/rishukhurana/anaconda3/lib/python3.11/site-packages/airflow/example_dags/example_branch_python_dop_operator_3.py
[2024-12-17T03:23:52.879-0800] {processor.py:925} INFO - DAG(s) 'example_branch_dop_operator_v3' retrieved from /Users/rishukhurana/anaconda3/lib/python3.11/site-packages/airflow/example_dags/example_branch_python_dop_operator_3.py
[2024-12-17T03:23:52.959-0800] {logging_mixin.py:190} INFO - [2024-12-17T03:23:52.959-0800] {dag.py:3239} INFO - Sync 1 DAGs
[2024-12-17T03:23:52.980-0800] {logging_mixin.py:190} INFO - [2024-12-17T03:23:52.980-0800] {dag.py:4180} INFO - Setting next_dagrun for example_branch_dop_operator_v3 to 2024-12-17 11:22:00+00:00, run_after=2024-12-17 11:23:00+00:00
[2024-12-17T03:23:52.997-0800] {processor.py:208} INFO - Processing /Users/rishukhurana/anaconda3/lib/python3.11/site-packages/airflow/example_dags/example_branch_python_dop_operator_3.py took 0.162 seconds
[2024-12-17T03:30:00.601-0800] {processor.py:186} INFO - Started process (PID=47267) to work on /Users/rishukhurana/anaconda3/lib/python3.11/site-packages/airflow/example_dags/example_branch_python_dop_operator_3.py
[2024-12-17T03:30:00.603-0800] {processor.py:914} INFO - Processing file /Users/rishukhurana/anaconda3/lib/python3.11/site-packages/airflow/example_dags/example_branch_python_dop_operator_3.py for tasks to queue
[2024-12-17T03:30:00.604-0800] {logging_mixin.py:190} INFO - [2024-12-17T03:30:00.604-0800] {dagbag.py:588} INFO - Filling up the DagBag from /Users/rishukhurana/anaconda3/lib/python3.11/site-packages/airflow/example_dags/example_branch_python_dop_operator_3.py
[2024-12-17T03:30:00.638-0800] {processor.py:925} INFO - DAG(s) 'example_branch_dop_operator_v3' retrieved from /Users/rishukhurana/anaconda3/lib/python3.11/site-packages/airflow/example_dags/example_branch_python_dop_operator_3.py
[2024-12-17T03:30:00.716-0800] {logging_mixin.py:190} INFO - [2024-12-17T03:30:00.716-0800] {dag.py:3239} INFO - Sync 1 DAGs
[2024-12-17T03:30:00.735-0800] {logging_mixin.py:190} INFO - [2024-12-17T03:30:00.735-0800] {dag.py:4180} INFO - Setting next_dagrun for example_branch_dop_operator_v3 to 2024-12-17 11:29:00+00:00, run_after=2024-12-17 11:30:00+00:00
[2024-12-17T03:30:00.750-0800] {processor.py:208} INFO - Processing /Users/rishukhurana/anaconda3/lib/python3.11/site-packages/airflow/example_dags/example_branch_python_dop_operator_3.py took 0.156 seconds
[2024-12-17T03:35:55.829-0800] {processor.py:186} INFO - Started process (PID=47601) to work on /Users/rishukhurana/anaconda3/lib/python3.11/site-packages/airflow/example_dags/example_branch_python_dop_operator_3.py
[2024-12-17T03:35:55.832-0800] {processor.py:914} INFO - Processing file /Users/rishukhurana/anaconda3/lib/python3.11/site-packages/airflow/example_dags/example_branch_python_dop_operator_3.py for tasks to queue
[2024-12-17T03:35:55.833-0800] {logging_mixin.py:190} INFO - [2024-12-17T03:35:55.833-0800] {dagbag.py:588} INFO - Filling up the DagBag from /Users/rishukhurana/anaconda3/lib/python3.11/site-packages/airflow/example_dags/example_branch_python_dop_operator_3.py
[2024-12-17T03:35:55.870-0800] {processor.py:925} INFO - DAG(s) 'example_branch_dop_operator_v3' retrieved from /Users/rishukhurana/anaconda3/lib/python3.11/site-packages/airflow/example_dags/example_branch_python_dop_operator_3.py
[2024-12-17T03:35:55.947-0800] {logging_mixin.py:190} INFO - [2024-12-17T03:35:55.947-0800] {dag.py:3239} INFO - Sync 1 DAGs
[2024-12-17T03:35:55.965-0800] {logging_mixin.py:190} INFO - [2024-12-17T03:35:55.965-0800] {dag.py:4180} INFO - Setting next_dagrun for example_branch_dop_operator_v3 to 2024-12-17 11:34:00+00:00, run_after=2024-12-17 11:35:00+00:00
[2024-12-17T03:35:55.979-0800] {processor.py:208} INFO - Processing /Users/rishukhurana/anaconda3/lib/python3.11/site-packages/airflow/example_dags/example_branch_python_dop_operator_3.py took 0.155 seconds
[2024-12-17T03:42:27.949-0800] {processor.py:186} INFO - Started process (PID=47907) to work on /Users/rishukhurana/anaconda3/lib/python3.11/site-packages/airflow/example_dags/example_branch_python_dop_operator_3.py
[2024-12-17T03:42:27.951-0800] {processor.py:914} INFO - Processing file /Users/rishukhurana/anaconda3/lib/python3.11/site-packages/airflow/example_dags/example_branch_python_dop_operator_3.py for tasks to queue
[2024-12-17T03:42:27.953-0800] {logging_mixin.py:190} INFO - [2024-12-17T03:42:27.953-0800] {dagbag.py:588} INFO - Filling up the DagBag from /Users/rishukhurana/anaconda3/lib/python3.11/site-packages/airflow/example_dags/example_branch_python_dop_operator_3.py
[2024-12-17T03:42:27.987-0800] {processor.py:925} INFO - DAG(s) 'example_branch_dop_operator_v3' retrieved from /Users/rishukhurana/anaconda3/lib/python3.11/site-packages/airflow/example_dags/example_branch_python_dop_operator_3.py
[2024-12-17T03:42:28.071-0800] {logging_mixin.py:190} INFO - [2024-12-17T03:42:28.071-0800] {dag.py:3239} INFO - Sync 1 DAGs
[2024-12-17T03:42:28.090-0800] {logging_mixin.py:190} INFO - [2024-12-17T03:42:28.090-0800] {dag.py:4180} INFO - Setting next_dagrun for example_branch_dop_operator_v3 to 2024-12-17 11:41:00+00:00, run_after=2024-12-17 11:42:00+00:00
[2024-12-17T03:42:28.107-0800] {processor.py:208} INFO - Processing /Users/rishukhurana/anaconda3/lib/python3.11/site-packages/airflow/example_dags/example_branch_python_dop_operator_3.py took 0.165 seconds
[2024-12-17T03:48:19.119-0800] {processor.py:186} INFO - Started process (PID=48199) to work on /Users/rishukhurana/anaconda3/lib/python3.11/site-packages/airflow/example_dags/example_branch_python_dop_operator_3.py
[2024-12-17T03:48:19.121-0800] {processor.py:914} INFO - Processing file /Users/rishukhurana/anaconda3/lib/python3.11/site-packages/airflow/example_dags/example_branch_python_dop_operator_3.py for tasks to queue
[2024-12-17T03:48:19.123-0800] {logging_mixin.py:190} INFO - [2024-12-17T03:48:19.122-0800] {dagbag.py:588} INFO - Filling up the DagBag from /Users/rishukhurana/anaconda3/lib/python3.11/site-packages/airflow/example_dags/example_branch_python_dop_operator_3.py
[2024-12-17T03:48:19.156-0800] {processor.py:925} INFO - DAG(s) 'example_branch_dop_operator_v3' retrieved from /Users/rishukhurana/anaconda3/lib/python3.11/site-packages/airflow/example_dags/example_branch_python_dop_operator_3.py
[2024-12-17T03:48:19.233-0800] {logging_mixin.py:190} INFO - [2024-12-17T03:48:19.232-0800] {dag.py:3239} INFO - Sync 1 DAGs
[2024-12-17T03:48:19.255-0800] {logging_mixin.py:190} INFO - [2024-12-17T03:48:19.255-0800] {dag.py:4180} INFO - Setting next_dagrun for example_branch_dop_operator_v3 to 2024-12-17 11:47:00+00:00, run_after=2024-12-17 11:48:00+00:00
[2024-12-17T03:48:19.275-0800] {processor.py:208} INFO - Processing /Users/rishukhurana/anaconda3/lib/python3.11/site-packages/airflow/example_dags/example_branch_python_dop_operator_3.py took 0.162 seconds
[2024-12-17T03:58:26.253-0800] {processor.py:186} INFO - Started process (PID=48518) to work on /Users/rishukhurana/anaconda3/lib/python3.11/site-packages/airflow/example_dags/example_branch_python_dop_operator_3.py
[2024-12-17T03:58:26.255-0800] {processor.py:914} INFO - Processing file /Users/rishukhurana/anaconda3/lib/python3.11/site-packages/airflow/example_dags/example_branch_python_dop_operator_3.py for tasks to queue
[2024-12-17T03:58:26.257-0800] {logging_mixin.py:190} INFO - [2024-12-17T03:58:26.257-0800] {dagbag.py:588} INFO - Filling up the DagBag from /Users/rishukhurana/anaconda3/lib/python3.11/site-packages/airflow/example_dags/example_branch_python_dop_operator_3.py
[2024-12-17T03:58:26.288-0800] {processor.py:925} INFO - DAG(s) 'example_branch_dop_operator_v3' retrieved from /Users/rishukhurana/anaconda3/lib/python3.11/site-packages/airflow/example_dags/example_branch_python_dop_operator_3.py
[2024-12-17T03:58:26.364-0800] {logging_mixin.py:190} INFO - [2024-12-17T03:58:26.363-0800] {dag.py:3239} INFO - Sync 1 DAGs
[2024-12-17T03:58:26.383-0800] {logging_mixin.py:190} INFO - [2024-12-17T03:58:26.383-0800] {dag.py:4180} INFO - Setting next_dagrun for example_branch_dop_operator_v3 to 2024-12-17 11:57:00+00:00, run_after=2024-12-17 11:58:00+00:00
[2024-12-17T03:58:26.398-0800] {processor.py:208} INFO - Processing /Users/rishukhurana/anaconda3/lib/python3.11/site-packages/airflow/example_dags/example_branch_python_dop_operator_3.py took 0.151 seconds
[2024-12-17T09:02:45.090-0800] {processor.py:186} INFO - Started process (PID=48771) to work on /Users/rishukhurana/anaconda3/lib/python3.11/site-packages/airflow/example_dags/example_branch_python_dop_operator_3.py
[2024-12-17T09:02:45.092-0800] {processor.py:914} INFO - Processing file /Users/rishukhurana/anaconda3/lib/python3.11/site-packages/airflow/example_dags/example_branch_python_dop_operator_3.py for tasks to queue
[2024-12-17T09:02:45.093-0800] {logging_mixin.py:190} INFO - [2024-12-17T09:02:45.093-0800] {dagbag.py:588} INFO - Filling up the DagBag from /Users/rishukhurana/anaconda3/lib/python3.11/site-packages/airflow/example_dags/example_branch_python_dop_operator_3.py
[2024-12-17T09:02:45.125-0800] {processor.py:925} INFO - DAG(s) 'example_branch_dop_operator_v3' retrieved from /Users/rishukhurana/anaconda3/lib/python3.11/site-packages/airflow/example_dags/example_branch_python_dop_operator_3.py
[2024-12-17T09:02:45.204-0800] {logging_mixin.py:190} INFO - [2024-12-17T09:02:45.203-0800] {dag.py:3239} INFO - Sync 1 DAGs
[2024-12-17T09:02:45.225-0800] {logging_mixin.py:190} INFO - [2024-12-17T09:02:45.225-0800] {dag.py:4180} INFO - Setting next_dagrun for example_branch_dop_operator_v3 to 2024-12-17 17:01:00+00:00, run_after=2024-12-17 17:02:00+00:00
[2024-12-17T09:02:45.239-0800] {processor.py:208} INFO - Processing /Users/rishukhurana/anaconda3/lib/python3.11/site-packages/airflow/example_dags/example_branch_python_dop_operator_3.py took 0.156 seconds
[2024-12-17T14:11:04.691-0800] {processor.py:186} INFO - Started process (PID=48993) to work on /Users/rishukhurana/anaconda3/lib/python3.11/site-packages/airflow/example_dags/example_branch_python_dop_operator_3.py
[2024-12-17T14:11:04.693-0800] {processor.py:914} INFO - Processing file /Users/rishukhurana/anaconda3/lib/python3.11/site-packages/airflow/example_dags/example_branch_python_dop_operator_3.py for tasks to queue
[2024-12-17T14:11:04.695-0800] {logging_mixin.py:190} INFO - [2024-12-17T14:11:04.694-0800] {dagbag.py:588} INFO - Filling up the DagBag from /Users/rishukhurana/anaconda3/lib/python3.11/site-packages/airflow/example_dags/example_branch_python_dop_operator_3.py
[2024-12-17T14:11:04.730-0800] {processor.py:925} INFO - DAG(s) 'example_branch_dop_operator_v3' retrieved from /Users/rishukhurana/anaconda3/lib/python3.11/site-packages/airflow/example_dags/example_branch_python_dop_operator_3.py
[2024-12-17T14:11:04.818-0800] {logging_mixin.py:190} INFO - [2024-12-17T14:11:04.818-0800] {dag.py:3239} INFO - Sync 1 DAGs
[2024-12-17T14:11:04.838-0800] {logging_mixin.py:190} INFO - [2024-12-17T14:11:04.838-0800] {dag.py:4180} INFO - Setting next_dagrun for example_branch_dop_operator_v3 to 2024-12-17 22:10:00+00:00, run_after=2024-12-17 22:11:00+00:00
[2024-12-17T14:11:04.853-0800] {processor.py:208} INFO - Processing /Users/rishukhurana/anaconda3/lib/python3.11/site-packages/airflow/example_dags/example_branch_python_dop_operator_3.py took 0.168 seconds
