[2024-12-16T19:53:39.399-0800] {processor.py:186} INFO - Started process (PID=45046) to work on /Users/rishukhurana/anaconda3/lib/python3.11/site-packages/airflow/example_dags/example_branch_operator_decorator.py
[2024-12-16T19:53:39.403-0800] {processor.py:914} INFO - Processing file /Users/rishukhurana/anaconda3/lib/python3.11/site-packages/airflow/example_dags/example_branch_operator_decorator.py for tasks to queue
[2024-12-16T19:53:39.404-0800] {logging_mixin.py:190} INFO - [2024-12-16T19:53:39.404-0800] {dagbag.py:588} INFO - Filling up the DagBag from /Users/rishukhurana/anaconda3/lib/python3.11/site-packages/airflow/example_dags/example_branch_operator_decorator.py
[2024-12-16T19:53:39.435-0800] {processor.py:927} WARNING - No viable dags retrieved from /Users/rishukhurana/anaconda3/lib/python3.11/site-packages/airflow/example_dags/example_branch_operator_decorator.py
[2024-12-16T19:53:39.520-0800] {processor.py:208} INFO - Processing /Users/rishukhurana/anaconda3/lib/python3.11/site-packages/airflow/example_dags/example_branch_operator_decorator.py took 0.127 seconds
[2024-12-17T02:52:43.366-0800] {processor.py:186} INFO - Started process (PID=45306) to work on /Users/rishukhurana/anaconda3/lib/python3.11/site-packages/airflow/example_dags/example_branch_operator_decorator.py
[2024-12-17T02:52:43.369-0800] {processor.py:914} INFO - Processing file /Users/rishukhurana/anaconda3/lib/python3.11/site-packages/airflow/example_dags/example_branch_operator_decorator.py for tasks to queue
[2024-12-17T02:52:43.370-0800] {logging_mixin.py:190} INFO - [2024-12-17T02:52:43.370-0800] {dagbag.py:588} INFO - Filling up the DagBag from /Users/rishukhurana/anaconda3/lib/python3.11/site-packages/airflow/example_dags/example_branch_operator_decorator.py
[2024-12-17T02:52:43.393-0800] {processor.py:927} WARNING - No viable dags retrieved from /Users/rishukhurana/anaconda3/lib/python3.11/site-packages/airflow/example_dags/example_branch_operator_decorator.py
[2024-12-17T02:52:43.492-0800] {processor.py:208} INFO - Processing /Users/rishukhurana/anaconda3/lib/python3.11/site-packages/airflow/example_dags/example_branch_operator_decorator.py took 0.131 seconds
[2024-12-17T02:58:57.352-0800] {processor.py:186} INFO - Started process (PID=45666) to work on /Users/rishukhurana/anaconda3/lib/python3.11/site-packages/airflow/example_dags/example_branch_operator_decorator.py
[2024-12-17T02:58:57.353-0800] {processor.py:914} INFO - Processing file /Users/rishukhurana/anaconda3/lib/python3.11/site-packages/airflow/example_dags/example_branch_operator_decorator.py for tasks to queue
[2024-12-17T02:58:57.355-0800] {logging_mixin.py:190} INFO - [2024-12-17T02:58:57.355-0800] {dagbag.py:588} INFO - Filling up the DagBag from /Users/rishukhurana/anaconda3/lib/python3.11/site-packages/airflow/example_dags/example_branch_operator_decorator.py
[2024-12-17T02:58:57.375-0800] {processor.py:927} WARNING - No viable dags retrieved from /Users/rishukhurana/anaconda3/lib/python3.11/site-packages/airflow/example_dags/example_branch_operator_decorator.py
[2024-12-17T02:58:57.455-0800] {processor.py:208} INFO - Processing /Users/rishukhurana/anaconda3/lib/python3.11/site-packages/airflow/example_dags/example_branch_operator_decorator.py took 0.111 seconds
[2024-12-17T03:05:09.818-0800] {processor.py:186} INFO - Started process (PID=46012) to work on /Users/rishukhurana/anaconda3/lib/python3.11/site-packages/airflow/example_dags/example_branch_operator_decorator.py
[2024-12-17T03:05:09.820-0800] {processor.py:914} INFO - Processing file /Users/rishukhurana/anaconda3/lib/python3.11/site-packages/airflow/example_dags/example_branch_operator_decorator.py for tasks to queue
[2024-12-17T03:05:09.822-0800] {logging_mixin.py:190} INFO - [2024-12-17T03:05:09.821-0800] {dagbag.py:588} INFO - Filling up the DagBag from /Users/rishukhurana/anaconda3/lib/python3.11/site-packages/airflow/example_dags/example_branch_operator_decorator.py
[2024-12-17T03:05:09.842-0800] {processor.py:927} WARNING - No viable dags retrieved from /Users/rishukhurana/anaconda3/lib/python3.11/site-packages/airflow/example_dags/example_branch_operator_decorator.py
[2024-12-17T03:05:09.921-0800] {processor.py:208} INFO - Processing /Users/rishukhurana/anaconda3/lib/python3.11/site-packages/airflow/example_dags/example_branch_operator_decorator.py took 0.109 seconds
[2024-12-17T03:11:34.050-0800] {processor.py:186} INFO - Started process (PID=46311) to work on /Users/rishukhurana/anaconda3/lib/python3.11/site-packages/airflow/example_dags/example_branch_operator_decorator.py
[2024-12-17T03:11:34.052-0800] {processor.py:914} INFO - Processing file /Users/rishukhurana/anaconda3/lib/python3.11/site-packages/airflow/example_dags/example_branch_operator_decorator.py for tasks to queue
[2024-12-17T03:11:34.054-0800] {logging_mixin.py:190} INFO - [2024-12-17T03:11:34.054-0800] {dagbag.py:588} INFO - Filling up the DagBag from /Users/rishukhurana/anaconda3/lib/python3.11/site-packages/airflow/example_dags/example_branch_operator_decorator.py
[2024-12-17T03:11:34.077-0800] {processor.py:927} WARNING - No viable dags retrieved from /Users/rishukhurana/anaconda3/lib/python3.11/site-packages/airflow/example_dags/example_branch_operator_decorator.py
[2024-12-17T03:11:34.157-0800] {processor.py:208} INFO - Processing /Users/rishukhurana/anaconda3/lib/python3.11/site-packages/airflow/example_dags/example_branch_operator_decorator.py took 0.117 seconds
[2024-12-17T03:17:54.480-0800] {processor.py:186} INFO - Started process (PID=46671) to work on /Users/rishukhurana/anaconda3/lib/python3.11/site-packages/airflow/example_dags/example_branch_operator_decorator.py
[2024-12-17T03:17:54.482-0800] {processor.py:914} INFO - Processing file /Users/rishukhurana/anaconda3/lib/python3.11/site-packages/airflow/example_dags/example_branch_operator_decorator.py for tasks to queue
[2024-12-17T03:17:54.484-0800] {logging_mixin.py:190} INFO - [2024-12-17T03:17:54.484-0800] {dagbag.py:588} INFO - Filling up the DagBag from /Users/rishukhurana/anaconda3/lib/python3.11/site-packages/airflow/example_dags/example_branch_operator_decorator.py
[2024-12-17T03:17:54.503-0800] {processor.py:927} WARNING - No viable dags retrieved from /Users/rishukhurana/anaconda3/lib/python3.11/site-packages/airflow/example_dags/example_branch_operator_decorator.py
[2024-12-17T03:17:54.579-0800] {processor.py:208} INFO - Processing /Users/rishukhurana/anaconda3/lib/python3.11/site-packages/airflow/example_dags/example_branch_operator_decorator.py took 0.104 seconds
[2024-12-17T03:23:56.293-0800] {processor.py:186} INFO - Started process (PID=46968) to work on /Users/rishukhurana/anaconda3/lib/python3.11/site-packages/airflow/example_dags/example_branch_operator_decorator.py
[2024-12-17T03:23:56.296-0800] {processor.py:914} INFO - Processing file /Users/rishukhurana/anaconda3/lib/python3.11/site-packages/airflow/example_dags/example_branch_operator_decorator.py for tasks to queue
[2024-12-17T03:23:56.297-0800] {logging_mixin.py:190} INFO - [2024-12-17T03:23:56.297-0800] {dagbag.py:588} INFO - Filling up the DagBag from /Users/rishukhurana/anaconda3/lib/python3.11/site-packages/airflow/example_dags/example_branch_operator_decorator.py
[2024-12-17T03:23:56.316-0800] {processor.py:927} WARNING - No viable dags retrieved from /Users/rishukhurana/anaconda3/lib/python3.11/site-packages/airflow/example_dags/example_branch_operator_decorator.py
[2024-12-17T03:23:56.388-0800] {processor.py:208} INFO - Processing /Users/rishukhurana/anaconda3/lib/python3.11/site-packages/airflow/example_dags/example_branch_operator_decorator.py took 0.101 seconds
[2024-12-17T03:30:03.812-0800] {processor.py:186} INFO - Started process (PID=47272) to work on /Users/rishukhurana/anaconda3/lib/python3.11/site-packages/airflow/example_dags/example_branch_operator_decorator.py
[2024-12-17T03:30:03.814-0800] {processor.py:914} INFO - Processing file /Users/rishukhurana/anaconda3/lib/python3.11/site-packages/airflow/example_dags/example_branch_operator_decorator.py for tasks to queue
[2024-12-17T03:30:03.816-0800] {logging_mixin.py:190} INFO - [2024-12-17T03:30:03.815-0800] {dagbag.py:588} INFO - Filling up the DagBag from /Users/rishukhurana/anaconda3/lib/python3.11/site-packages/airflow/example_dags/example_branch_operator_decorator.py
[2024-12-17T03:30:03.835-0800] {processor.py:927} WARNING - No viable dags retrieved from /Users/rishukhurana/anaconda3/lib/python3.11/site-packages/airflow/example_dags/example_branch_operator_decorator.py
[2024-12-17T03:30:03.907-0800] {processor.py:208} INFO - Processing /Users/rishukhurana/anaconda3/lib/python3.11/site-packages/airflow/example_dags/example_branch_operator_decorator.py took 0.102 seconds
[2024-12-17T03:35:59.050-0800] {processor.py:186} INFO - Started process (PID=47604) to work on /Users/rishukhurana/anaconda3/lib/python3.11/site-packages/airflow/example_dags/example_branch_operator_decorator.py
[2024-12-17T03:35:59.052-0800] {processor.py:914} INFO - Processing file /Users/rishukhurana/anaconda3/lib/python3.11/site-packages/airflow/example_dags/example_branch_operator_decorator.py for tasks to queue
[2024-12-17T03:35:59.054-0800] {logging_mixin.py:190} INFO - [2024-12-17T03:35:59.053-0800] {dagbag.py:588} INFO - Filling up the DagBag from /Users/rishukhurana/anaconda3/lib/python3.11/site-packages/airflow/example_dags/example_branch_operator_decorator.py
[2024-12-17T03:35:59.073-0800] {processor.py:927} WARNING - No viable dags retrieved from /Users/rishukhurana/anaconda3/lib/python3.11/site-packages/airflow/example_dags/example_branch_operator_decorator.py
[2024-12-17T03:35:59.143-0800] {processor.py:208} INFO - Processing /Users/rishukhurana/anaconda3/lib/python3.11/site-packages/airflow/example_dags/example_branch_operator_decorator.py took 0.098 seconds
[2024-12-17T03:42:30.423-0800] {processor.py:186} INFO - Started process (PID=47909) to work on /Users/rishukhurana/anaconda3/lib/python3.11/site-packages/airflow/example_dags/example_branch_operator_decorator.py
[2024-12-17T03:42:30.425-0800] {processor.py:914} INFO - Processing file /Users/rishukhurana/anaconda3/lib/python3.11/site-packages/airflow/example_dags/example_branch_operator_decorator.py for tasks to queue
[2024-12-17T03:42:30.426-0800] {logging_mixin.py:190} INFO - [2024-12-17T03:42:30.426-0800] {dagbag.py:588} INFO - Filling up the DagBag from /Users/rishukhurana/anaconda3/lib/python3.11/site-packages/airflow/example_dags/example_branch_operator_decorator.py
[2024-12-17T03:42:30.445-0800] {processor.py:927} WARNING - No viable dags retrieved from /Users/rishukhurana/anaconda3/lib/python3.11/site-packages/airflow/example_dags/example_branch_operator_decorator.py
[2024-12-17T03:42:30.526-0800] {processor.py:208} INFO - Processing /Users/rishukhurana/anaconda3/lib/python3.11/site-packages/airflow/example_dags/example_branch_operator_decorator.py took 0.108 seconds
[2024-12-17T03:48:22.353-0800] {processor.py:186} INFO - Started process (PID=48201) to work on /Users/rishukhurana/anaconda3/lib/python3.11/site-packages/airflow/example_dags/example_branch_operator_decorator.py
[2024-12-17T03:48:22.355-0800] {processor.py:914} INFO - Processing file /Users/rishukhurana/anaconda3/lib/python3.11/site-packages/airflow/example_dags/example_branch_operator_decorator.py for tasks to queue
[2024-12-17T03:48:22.356-0800] {logging_mixin.py:190} INFO - [2024-12-17T03:48:22.356-0800] {dagbag.py:588} INFO - Filling up the DagBag from /Users/rishukhurana/anaconda3/lib/python3.11/site-packages/airflow/example_dags/example_branch_operator_decorator.py
[2024-12-17T03:48:22.375-0800] {processor.py:927} WARNING - No viable dags retrieved from /Users/rishukhurana/anaconda3/lib/python3.11/site-packages/airflow/example_dags/example_branch_operator_decorator.py
[2024-12-17T03:48:22.445-0800] {processor.py:208} INFO - Processing /Users/rishukhurana/anaconda3/lib/python3.11/site-packages/airflow/example_dags/example_branch_operator_decorator.py took 0.099 seconds
[2024-12-17T03:58:29.414-0800] {processor.py:186} INFO - Started process (PID=48520) to work on /Users/rishukhurana/anaconda3/lib/python3.11/site-packages/airflow/example_dags/example_branch_operator_decorator.py
[2024-12-17T03:58:29.416-0800] {processor.py:914} INFO - Processing file /Users/rishukhurana/anaconda3/lib/python3.11/site-packages/airflow/example_dags/example_branch_operator_decorator.py for tasks to queue
[2024-12-17T03:58:29.417-0800] {logging_mixin.py:190} INFO - [2024-12-17T03:58:29.417-0800] {dagbag.py:588} INFO - Filling up the DagBag from /Users/rishukhurana/anaconda3/lib/python3.11/site-packages/airflow/example_dags/example_branch_operator_decorator.py
[2024-12-17T03:58:29.435-0800] {processor.py:927} WARNING - No viable dags retrieved from /Users/rishukhurana/anaconda3/lib/python3.11/site-packages/airflow/example_dags/example_branch_operator_decorator.py
[2024-12-17T03:58:29.512-0800] {processor.py:208} INFO - Processing /Users/rishukhurana/anaconda3/lib/python3.11/site-packages/airflow/example_dags/example_branch_operator_decorator.py took 0.104 seconds
[2024-12-17T09:02:48.279-0800] {processor.py:186} INFO - Started process (PID=48773) to work on /Users/rishukhurana/anaconda3/lib/python3.11/site-packages/airflow/example_dags/example_branch_operator_decorator.py
[2024-12-17T09:02:48.281-0800] {processor.py:914} INFO - Processing file /Users/rishukhurana/anaconda3/lib/python3.11/site-packages/airflow/example_dags/example_branch_operator_decorator.py for tasks to queue
[2024-12-17T09:02:48.282-0800] {logging_mixin.py:190} INFO - [2024-12-17T09:02:48.282-0800] {dagbag.py:588} INFO - Filling up the DagBag from /Users/rishukhurana/anaconda3/lib/python3.11/site-packages/airflow/example_dags/example_branch_operator_decorator.py
[2024-12-17T09:02:48.299-0800] {processor.py:927} WARNING - No viable dags retrieved from /Users/rishukhurana/anaconda3/lib/python3.11/site-packages/airflow/example_dags/example_branch_operator_decorator.py
[2024-12-17T09:02:48.370-0800] {processor.py:208} INFO - Processing /Users/rishukhurana/anaconda3/lib/python3.11/site-packages/airflow/example_dags/example_branch_operator_decorator.py took 0.097 seconds
[2024-12-17T14:11:07.847-0800] {processor.py:186} INFO - Started process (PID=48999) to work on /Users/rishukhurana/anaconda3/lib/python3.11/site-packages/airflow/example_dags/example_branch_operator_decorator.py
[2024-12-17T14:11:07.849-0800] {processor.py:914} INFO - Processing file /Users/rishukhurana/anaconda3/lib/python3.11/site-packages/airflow/example_dags/example_branch_operator_decorator.py for tasks to queue
[2024-12-17T14:11:07.851-0800] {logging_mixin.py:190} INFO - [2024-12-17T14:11:07.850-0800] {dagbag.py:588} INFO - Filling up the DagBag from /Users/rishukhurana/anaconda3/lib/python3.11/site-packages/airflow/example_dags/example_branch_operator_decorator.py
[2024-12-17T14:11:07.868-0800] {processor.py:927} WARNING - No viable dags retrieved from /Users/rishukhurana/anaconda3/lib/python3.11/site-packages/airflow/example_dags/example_branch_operator_decorator.py
[2024-12-17T14:11:07.940-0800] {processor.py:208} INFO - Processing /Users/rishukhurana/anaconda3/lib/python3.11/site-packages/airflow/example_dags/example_branch_operator_decorator.py took 0.100 seconds
