[2024-12-17T00:59:11.441-0800] {processor.py:186} INFO - Started process (PID=45140) to work on /Users/rishukhurana/anaconda3/lib/python3.11/site-packages/airflow/example_dags/tutorial.py
[2024-12-17T00:59:11.446-0800] {processor.py:914} INFO - Processing file /Users/rishukhurana/anaconda3/lib/python3.11/site-packages/airflow/example_dags/tutorial.py for tasks to queue
[2024-12-17T00:59:11.447-0800] {logging_mixin.py:190} INFO - [2024-12-17T00:59:11.447-0800] {dagbag.py:588} INFO - Filling up the DagBag from /Users/rishukhurana/anaconda3/lib/python3.11/site-packages/airflow/example_dags/tutorial.py
[2024-12-17T00:59:11.466-0800] {processor.py:925} INFO - DAG(s) 'tutorial' retrieved from /Users/rishukhurana/anaconda3/lib/python3.11/site-packages/airflow/example_dags/tutorial.py
[2024-12-17T00:59:11.569-0800] {logging_mixin.py:190} INFO - [2024-12-17T00:59:11.568-0800] {dag.py:3239} INFO - Sync 1 DAGs
[2024-12-17T00:59:11.594-0800] {logging_mixin.py:190} INFO - [2024-12-17T00:59:11.593-0800] {dag.py:4180} INFO - Setting next_dagrun for tutorial to 2024-12-16 00:00:00+00:00, run_after=2024-12-17 00:00:00+00:00
[2024-12-17T00:59:11.610-0800] {processor.py:208} INFO - Processing /Users/rishukhurana/anaconda3/lib/python3.11/site-packages/airflow/example_dags/tutorial.py took 0.174 seconds
[2024-12-17T02:53:50.307-0800] {processor.py:186} INFO - Started process (PID=45368) to work on /Users/rishukhurana/anaconda3/lib/python3.11/site-packages/airflow/example_dags/tutorial.py
[2024-12-17T02:53:50.309-0800] {processor.py:914} INFO - Processing file /Users/rishukhurana/anaconda3/lib/python3.11/site-packages/airflow/example_dags/tutorial.py for tasks to queue
[2024-12-17T02:53:50.311-0800] {logging_mixin.py:190} INFO - [2024-12-17T02:53:50.311-0800] {dagbag.py:588} INFO - Filling up the DagBag from /Users/rishukhurana/anaconda3/lib/python3.11/site-packages/airflow/example_dags/tutorial.py
[2024-12-17T02:53:50.318-0800] {processor.py:925} INFO - DAG(s) 'tutorial' retrieved from /Users/rishukhurana/anaconda3/lib/python3.11/site-packages/airflow/example_dags/tutorial.py
[2024-12-17T02:53:50.398-0800] {logging_mixin.py:190} INFO - [2024-12-17T02:53:50.398-0800] {dag.py:3239} INFO - Sync 1 DAGs
[2024-12-17T02:53:50.417-0800] {logging_mixin.py:190} INFO - [2024-12-17T02:53:50.416-0800] {dag.py:4180} INFO - Setting next_dagrun for tutorial to 2024-12-16 00:00:00+00:00, run_after=2024-12-17 00:00:00+00:00
[2024-12-17T02:53:50.433-0800] {processor.py:208} INFO - Processing /Users/rishukhurana/anaconda3/lib/python3.11/site-packages/airflow/example_dags/tutorial.py took 0.131 seconds
[2024-12-17T02:56:59.544-0800] {processor.py:186} INFO - Started process (PID=45560) to work on /Users/rishukhurana/anaconda3/lib/python3.11/site-packages/airflow/example_dags/tutorial.py
[2024-12-17T02:56:59.545-0800] {processor.py:914} INFO - Processing file /Users/rishukhurana/anaconda3/lib/python3.11/site-packages/airflow/example_dags/tutorial.py for tasks to queue
[2024-12-17T02:56:59.546-0800] {logging_mixin.py:190} INFO - [2024-12-17T02:56:59.546-0800] {dagbag.py:588} INFO - Filling up the DagBag from /Users/rishukhurana/anaconda3/lib/python3.11/site-packages/airflow/example_dags/tutorial.py
[2024-12-17T02:56:59.554-0800] {processor.py:925} INFO - DAG(s) 'tutorial' retrieved from /Users/rishukhurana/anaconda3/lib/python3.11/site-packages/airflow/example_dags/tutorial.py
[2024-12-17T02:56:59.646-0800] {logging_mixin.py:190} INFO - [2024-12-17T02:56:59.646-0800] {dag.py:3239} INFO - Sync 1 DAGs
[2024-12-17T02:56:59.670-0800] {logging_mixin.py:190} INFO - [2024-12-17T02:56:59.670-0800] {dag.py:4180} INFO - Setting next_dagrun for tutorial to 2024-12-16 00:00:00+00:00, run_after=2024-12-17 00:00:00+00:00
[2024-12-17T02:56:59.685-0800] {processor.py:208} INFO - Processing /Users/rishukhurana/anaconda3/lib/python3.11/site-packages/airflow/example_dags/tutorial.py took 0.146 seconds
[2024-12-17T03:00:04.146-0800] {processor.py:186} INFO - Started process (PID=45725) to work on /Users/rishukhurana/anaconda3/lib/python3.11/site-packages/airflow/example_dags/tutorial.py
[2024-12-17T03:00:04.148-0800] {processor.py:914} INFO - Processing file /Users/rishukhurana/anaconda3/lib/python3.11/site-packages/airflow/example_dags/tutorial.py for tasks to queue
[2024-12-17T03:00:04.149-0800] {logging_mixin.py:190} INFO - [2024-12-17T03:00:04.149-0800] {dagbag.py:588} INFO - Filling up the DagBag from /Users/rishukhurana/anaconda3/lib/python3.11/site-packages/airflow/example_dags/tutorial.py
[2024-12-17T03:00:04.158-0800] {processor.py:925} INFO - DAG(s) 'tutorial' retrieved from /Users/rishukhurana/anaconda3/lib/python3.11/site-packages/airflow/example_dags/tutorial.py
[2024-12-17T03:00:04.252-0800] {logging_mixin.py:190} INFO - [2024-12-17T03:00:04.252-0800] {dag.py:3239} INFO - Sync 1 DAGs
[2024-12-17T03:00:04.271-0800] {logging_mixin.py:190} INFO - [2024-12-17T03:00:04.271-0800] {dag.py:4180} INFO - Setting next_dagrun for tutorial to 2024-12-16 00:00:00+00:00, run_after=2024-12-17 00:00:00+00:00
[2024-12-17T03:00:04.290-0800] {processor.py:208} INFO - Processing /Users/rishukhurana/anaconda3/lib/python3.11/site-packages/airflow/example_dags/tutorial.py took 0.150 seconds
[2024-12-17T03:03:10.241-0800] {processor.py:186} INFO - Started process (PID=45888) to work on /Users/rishukhurana/anaconda3/lib/python3.11/site-packages/airflow/example_dags/tutorial.py
[2024-12-17T03:03:10.243-0800] {processor.py:914} INFO - Processing file /Users/rishukhurana/anaconda3/lib/python3.11/site-packages/airflow/example_dags/tutorial.py for tasks to queue
[2024-12-17T03:03:10.245-0800] {logging_mixin.py:190} INFO - [2024-12-17T03:03:10.245-0800] {dagbag.py:588} INFO - Filling up the DagBag from /Users/rishukhurana/anaconda3/lib/python3.11/site-packages/airflow/example_dags/tutorial.py
[2024-12-17T03:03:10.253-0800] {processor.py:925} INFO - DAG(s) 'tutorial' retrieved from /Users/rishukhurana/anaconda3/lib/python3.11/site-packages/airflow/example_dags/tutorial.py
[2024-12-17T03:03:10.349-0800] {logging_mixin.py:190} INFO - [2024-12-17T03:03:10.349-0800] {dag.py:3239} INFO - Sync 1 DAGs
[2024-12-17T03:03:10.367-0800] {logging_mixin.py:190} INFO - [2024-12-17T03:03:10.366-0800] {dag.py:4180} INFO - Setting next_dagrun for tutorial to 2024-12-16 00:00:00+00:00, run_after=2024-12-17 00:00:00+00:00
[2024-12-17T03:03:10.384-0800] {processor.py:208} INFO - Processing /Users/rishukhurana/anaconda3/lib/python3.11/site-packages/airflow/example_dags/tutorial.py took 0.147 seconds
[2024-12-17T03:06:17.960-0800] {processor.py:186} INFO - Started process (PID=46067) to work on /Users/rishukhurana/anaconda3/lib/python3.11/site-packages/airflow/example_dags/tutorial.py
[2024-12-17T03:06:17.962-0800] {processor.py:914} INFO - Processing file /Users/rishukhurana/anaconda3/lib/python3.11/site-packages/airflow/example_dags/tutorial.py for tasks to queue
[2024-12-17T03:06:17.964-0800] {logging_mixin.py:190} INFO - [2024-12-17T03:06:17.964-0800] {dagbag.py:588} INFO - Filling up the DagBag from /Users/rishukhurana/anaconda3/lib/python3.11/site-packages/airflow/example_dags/tutorial.py
[2024-12-17T03:06:17.973-0800] {processor.py:925} INFO - DAG(s) 'tutorial' retrieved from /Users/rishukhurana/anaconda3/lib/python3.11/site-packages/airflow/example_dags/tutorial.py
[2024-12-17T03:06:18.063-0800] {logging_mixin.py:190} INFO - [2024-12-17T03:06:18.063-0800] {dag.py:3239} INFO - Sync 1 DAGs
[2024-12-17T03:06:18.079-0800] {logging_mixin.py:190} INFO - [2024-12-17T03:06:18.079-0800] {dag.py:4180} INFO - Setting next_dagrun for tutorial to 2024-12-16 00:00:00+00:00, run_after=2024-12-17 00:00:00+00:00
[2024-12-17T03:06:18.098-0800] {processor.py:208} INFO - Processing /Users/rishukhurana/anaconda3/lib/python3.11/site-packages/airflow/example_dags/tutorial.py took 0.144 seconds
[2024-12-17T03:09:29.306-0800] {processor.py:186} INFO - Started process (PID=46216) to work on /Users/rishukhurana/anaconda3/lib/python3.11/site-packages/airflow/example_dags/tutorial.py
[2024-12-17T03:09:29.308-0800] {processor.py:914} INFO - Processing file /Users/rishukhurana/anaconda3/lib/python3.11/site-packages/airflow/example_dags/tutorial.py for tasks to queue
[2024-12-17T03:09:29.310-0800] {logging_mixin.py:190} INFO - [2024-12-17T03:09:29.310-0800] {dagbag.py:588} INFO - Filling up the DagBag from /Users/rishukhurana/anaconda3/lib/python3.11/site-packages/airflow/example_dags/tutorial.py
[2024-12-17T03:09:29.319-0800] {processor.py:925} INFO - DAG(s) 'tutorial' retrieved from /Users/rishukhurana/anaconda3/lib/python3.11/site-packages/airflow/example_dags/tutorial.py
[2024-12-17T03:09:29.414-0800] {logging_mixin.py:190} INFO - [2024-12-17T03:09:29.414-0800] {dag.py:3239} INFO - Sync 1 DAGs
[2024-12-17T03:09:29.432-0800] {logging_mixin.py:190} INFO - [2024-12-17T03:09:29.431-0800] {dag.py:4180} INFO - Setting next_dagrun for tutorial to 2024-12-16 00:00:00+00:00, run_after=2024-12-17 00:00:00+00:00
[2024-12-17T03:09:29.450-0800] {processor.py:208} INFO - Processing /Users/rishukhurana/anaconda3/lib/python3.11/site-packages/airflow/example_dags/tutorial.py took 0.150 seconds
[2024-12-17T03:12:46.117-0800] {processor.py:186} INFO - Started process (PID=46367) to work on /Users/rishukhurana/anaconda3/lib/python3.11/site-packages/airflow/example_dags/tutorial.py
[2024-12-17T03:12:46.119-0800] {processor.py:914} INFO - Processing file /Users/rishukhurana/anaconda3/lib/python3.11/site-packages/airflow/example_dags/tutorial.py for tasks to queue
[2024-12-17T03:12:46.120-0800] {logging_mixin.py:190} INFO - [2024-12-17T03:12:46.120-0800] {dagbag.py:588} INFO - Filling up the DagBag from /Users/rishukhurana/anaconda3/lib/python3.11/site-packages/airflow/example_dags/tutorial.py
[2024-12-17T03:12:46.127-0800] {processor.py:925} INFO - DAG(s) 'tutorial' retrieved from /Users/rishukhurana/anaconda3/lib/python3.11/site-packages/airflow/example_dags/tutorial.py
[2024-12-17T03:12:46.221-0800] {logging_mixin.py:190} INFO - [2024-12-17T03:12:46.221-0800] {dag.py:3239} INFO - Sync 1 DAGs
[2024-12-17T03:12:46.239-0800] {logging_mixin.py:190} INFO - [2024-12-17T03:12:46.239-0800] {dag.py:4180} INFO - Setting next_dagrun for tutorial to 2024-12-16 00:00:00+00:00, run_after=2024-12-17 00:00:00+00:00
[2024-12-17T03:12:46.259-0800] {processor.py:208} INFO - Processing /Users/rishukhurana/anaconda3/lib/python3.11/site-packages/airflow/example_dags/tutorial.py took 0.149 seconds
[2024-12-17T03:15:54.559-0800] {processor.py:186} INFO - Started process (PID=46529) to work on /Users/rishukhurana/anaconda3/lib/python3.11/site-packages/airflow/example_dags/tutorial.py
[2024-12-17T03:15:54.598-0800] {processor.py:914} INFO - Processing file /Users/rishukhurana/anaconda3/lib/python3.11/site-packages/airflow/example_dags/tutorial.py for tasks to queue
[2024-12-17T03:15:54.599-0800] {logging_mixin.py:190} INFO - [2024-12-17T03:15:54.599-0800] {dagbag.py:588} INFO - Filling up the DagBag from /Users/rishukhurana/anaconda3/lib/python3.11/site-packages/airflow/example_dags/tutorial.py
[2024-12-17T03:15:54.613-0800] {processor.py:925} INFO - DAG(s) 'tutorial' retrieved from /Users/rishukhurana/anaconda3/lib/python3.11/site-packages/airflow/example_dags/tutorial.py
[2024-12-17T03:15:54.717-0800] {logging_mixin.py:190} INFO - [2024-12-17T03:15:54.716-0800] {dag.py:3239} INFO - Sync 1 DAGs
[2024-12-17T03:15:54.734-0800] {logging_mixin.py:190} INFO - [2024-12-17T03:15:54.733-0800] {dag.py:4180} INFO - Setting next_dagrun for tutorial to 2024-12-16 00:00:00+00:00, run_after=2024-12-17 00:00:00+00:00
[2024-12-17T03:15:54.754-0800] {processor.py:208} INFO - Processing /Users/rishukhurana/anaconda3/lib/python3.11/site-packages/airflow/example_dags/tutorial.py took 0.201 seconds
[2024-12-17T03:18:59.466-0800] {processor.py:186} INFO - Started process (PID=46724) to work on /Users/rishukhurana/anaconda3/lib/python3.11/site-packages/airflow/example_dags/tutorial.py
[2024-12-17T03:18:59.469-0800] {processor.py:914} INFO - Processing file /Users/rishukhurana/anaconda3/lib/python3.11/site-packages/airflow/example_dags/tutorial.py for tasks to queue
[2024-12-17T03:18:59.471-0800] {logging_mixin.py:190} INFO - [2024-12-17T03:18:59.470-0800] {dagbag.py:588} INFO - Filling up the DagBag from /Users/rishukhurana/anaconda3/lib/python3.11/site-packages/airflow/example_dags/tutorial.py
[2024-12-17T03:18:59.478-0800] {processor.py:925} INFO - DAG(s) 'tutorial' retrieved from /Users/rishukhurana/anaconda3/lib/python3.11/site-packages/airflow/example_dags/tutorial.py
[2024-12-17T03:18:59.566-0800] {logging_mixin.py:190} INFO - [2024-12-17T03:18:59.566-0800] {dag.py:3239} INFO - Sync 1 DAGs
[2024-12-17T03:18:59.581-0800] {logging_mixin.py:190} INFO - [2024-12-17T03:18:59.581-0800] {dag.py:4180} INFO - Setting next_dagrun for tutorial to 2024-12-16 00:00:00+00:00, run_after=2024-12-17 00:00:00+00:00
[2024-12-17T03:18:59.599-0800] {processor.py:208} INFO - Processing /Users/rishukhurana/anaconda3/lib/python3.11/site-packages/airflow/example_dags/tutorial.py took 0.139 seconds
[2024-12-17T03:22:01.839-0800] {processor.py:186} INFO - Started process (PID=46876) to work on /Users/rishukhurana/anaconda3/lib/python3.11/site-packages/airflow/example_dags/tutorial.py
[2024-12-17T03:22:01.841-0800] {processor.py:914} INFO - Processing file /Users/rishukhurana/anaconda3/lib/python3.11/site-packages/airflow/example_dags/tutorial.py for tasks to queue
[2024-12-17T03:22:01.843-0800] {logging_mixin.py:190} INFO - [2024-12-17T03:22:01.842-0800] {dagbag.py:588} INFO - Filling up the DagBag from /Users/rishukhurana/anaconda3/lib/python3.11/site-packages/airflow/example_dags/tutorial.py
[2024-12-17T03:22:01.851-0800] {processor.py:925} INFO - DAG(s) 'tutorial' retrieved from /Users/rishukhurana/anaconda3/lib/python3.11/site-packages/airflow/example_dags/tutorial.py
[2024-12-17T03:22:01.935-0800] {logging_mixin.py:190} INFO - [2024-12-17T03:22:01.935-0800] {dag.py:3239} INFO - Sync 1 DAGs
[2024-12-17T03:22:01.953-0800] {logging_mixin.py:190} INFO - [2024-12-17T03:22:01.952-0800] {dag.py:4180} INFO - Setting next_dagrun for tutorial to 2024-12-16 00:00:00+00:00, run_after=2024-12-17 00:00:00+00:00
[2024-12-17T03:22:01.974-0800] {processor.py:208} INFO - Processing /Users/rishukhurana/anaconda3/lib/python3.11/site-packages/airflow/example_dags/tutorial.py took 0.141 seconds
[2024-12-17T03:25:04.041-0800] {processor.py:186} INFO - Started process (PID=47022) to work on /Users/rishukhurana/anaconda3/lib/python3.11/site-packages/airflow/example_dags/tutorial.py
[2024-12-17T03:25:04.043-0800] {processor.py:914} INFO - Processing file /Users/rishukhurana/anaconda3/lib/python3.11/site-packages/airflow/example_dags/tutorial.py for tasks to queue
[2024-12-17T03:25:04.044-0800] {logging_mixin.py:190} INFO - [2024-12-17T03:25:04.044-0800] {dagbag.py:588} INFO - Filling up the DagBag from /Users/rishukhurana/anaconda3/lib/python3.11/site-packages/airflow/example_dags/tutorial.py
[2024-12-17T03:25:04.053-0800] {processor.py:925} INFO - DAG(s) 'tutorial' retrieved from /Users/rishukhurana/anaconda3/lib/python3.11/site-packages/airflow/example_dags/tutorial.py
[2024-12-17T03:25:04.143-0800] {logging_mixin.py:190} INFO - [2024-12-17T03:25:04.143-0800] {dag.py:3239} INFO - Sync 1 DAGs
[2024-12-17T03:25:04.160-0800] {logging_mixin.py:190} INFO - [2024-12-17T03:25:04.159-0800] {dag.py:4180} INFO - Setting next_dagrun for tutorial to 2024-12-16 00:00:00+00:00, run_after=2024-12-17 00:00:00+00:00
[2024-12-17T03:25:04.178-0800] {processor.py:208} INFO - Processing /Users/rishukhurana/anaconda3/lib/python3.11/site-packages/airflow/example_dags/tutorial.py took 0.144 seconds
[2024-12-17T03:28:09.782-0800] {processor.py:186} INFO - Started process (PID=47177) to work on /Users/rishukhurana/anaconda3/lib/python3.11/site-packages/airflow/example_dags/tutorial.py
[2024-12-17T03:28:09.784-0800] {processor.py:914} INFO - Processing file /Users/rishukhurana/anaconda3/lib/python3.11/site-packages/airflow/example_dags/tutorial.py for tasks to queue
[2024-12-17T03:28:09.786-0800] {logging_mixin.py:190} INFO - [2024-12-17T03:28:09.786-0800] {dagbag.py:588} INFO - Filling up the DagBag from /Users/rishukhurana/anaconda3/lib/python3.11/site-packages/airflow/example_dags/tutorial.py
[2024-12-17T03:28:09.793-0800] {processor.py:925} INFO - DAG(s) 'tutorial' retrieved from /Users/rishukhurana/anaconda3/lib/python3.11/site-packages/airflow/example_dags/tutorial.py
[2024-12-17T03:28:09.884-0800] {logging_mixin.py:190} INFO - [2024-12-17T03:28:09.884-0800] {dag.py:3239} INFO - Sync 1 DAGs
[2024-12-17T03:28:09.901-0800] {logging_mixin.py:190} INFO - [2024-12-17T03:28:09.900-0800] {dag.py:4180} INFO - Setting next_dagrun for tutorial to 2024-12-16 00:00:00+00:00, run_after=2024-12-17 00:00:00+00:00
[2024-12-17T03:28:09.919-0800] {processor.py:208} INFO - Processing /Users/rishukhurana/anaconda3/lib/python3.11/site-packages/airflow/example_dags/tutorial.py took 0.143 seconds
[2024-12-17T03:31:11.259-0800] {processor.py:186} INFO - Started process (PID=47329) to work on /Users/rishukhurana/anaconda3/lib/python3.11/site-packages/airflow/example_dags/tutorial.py
[2024-12-17T03:31:11.261-0800] {processor.py:914} INFO - Processing file /Users/rishukhurana/anaconda3/lib/python3.11/site-packages/airflow/example_dags/tutorial.py for tasks to queue
[2024-12-17T03:31:11.262-0800] {logging_mixin.py:190} INFO - [2024-12-17T03:31:11.262-0800] {dagbag.py:588} INFO - Filling up the DagBag from /Users/rishukhurana/anaconda3/lib/python3.11/site-packages/airflow/example_dags/tutorial.py
[2024-12-17T03:31:11.270-0800] {processor.py:925} INFO - DAG(s) 'tutorial' retrieved from /Users/rishukhurana/anaconda3/lib/python3.11/site-packages/airflow/example_dags/tutorial.py
[2024-12-17T03:31:11.357-0800] {logging_mixin.py:190} INFO - [2024-12-17T03:31:11.356-0800] {dag.py:3239} INFO - Sync 1 DAGs
[2024-12-17T03:31:11.376-0800] {logging_mixin.py:190} INFO - [2024-12-17T03:31:11.375-0800] {dag.py:4180} INFO - Setting next_dagrun for tutorial to 2024-12-16 00:00:00+00:00, run_after=2024-12-17 00:00:00+00:00
[2024-12-17T03:31:11.392-0800] {processor.py:208} INFO - Processing /Users/rishukhurana/anaconda3/lib/python3.11/site-packages/airflow/example_dags/tutorial.py took 0.141 seconds
[2024-12-17T03:34:10.444-0800] {processor.py:186} INFO - Started process (PID=47488) to work on /Users/rishukhurana/anaconda3/lib/python3.11/site-packages/airflow/example_dags/tutorial.py
[2024-12-17T03:34:10.447-0800] {processor.py:914} INFO - Processing file /Users/rishukhurana/anaconda3/lib/python3.11/site-packages/airflow/example_dags/tutorial.py for tasks to queue
[2024-12-17T03:34:10.448-0800] {logging_mixin.py:190} INFO - [2024-12-17T03:34:10.447-0800] {dagbag.py:588} INFO - Filling up the DagBag from /Users/rishukhurana/anaconda3/lib/python3.11/site-packages/airflow/example_dags/tutorial.py
[2024-12-17T03:34:10.454-0800] {processor.py:925} INFO - DAG(s) 'tutorial' retrieved from /Users/rishukhurana/anaconda3/lib/python3.11/site-packages/airflow/example_dags/tutorial.py
[2024-12-17T03:34:10.544-0800] {logging_mixin.py:190} INFO - [2024-12-17T03:34:10.544-0800] {dag.py:3239} INFO - Sync 1 DAGs
[2024-12-17T03:34:10.561-0800] {logging_mixin.py:190} INFO - [2024-12-17T03:34:10.561-0800] {dag.py:4180} INFO - Setting next_dagrun for tutorial to 2024-12-16 00:00:00+00:00, run_after=2024-12-17 00:00:00+00:00
[2024-12-17T03:34:10.578-0800] {processor.py:208} INFO - Processing /Users/rishukhurana/anaconda3/lib/python3.11/site-packages/airflow/example_dags/tutorial.py took 0.140 seconds
[2024-12-17T03:37:05.582-0800] {processor.py:186} INFO - Started process (PID=47662) to work on /Users/rishukhurana/anaconda3/lib/python3.11/site-packages/airflow/example_dags/tutorial.py
[2024-12-17T03:37:05.584-0800] {processor.py:914} INFO - Processing file /Users/rishukhurana/anaconda3/lib/python3.11/site-packages/airflow/example_dags/tutorial.py for tasks to queue
[2024-12-17T03:37:05.586-0800] {logging_mixin.py:190} INFO - [2024-12-17T03:37:05.585-0800] {dagbag.py:588} INFO - Filling up the DagBag from /Users/rishukhurana/anaconda3/lib/python3.11/site-packages/airflow/example_dags/tutorial.py
[2024-12-17T03:37:05.593-0800] {processor.py:925} INFO - DAG(s) 'tutorial' retrieved from /Users/rishukhurana/anaconda3/lib/python3.11/site-packages/airflow/example_dags/tutorial.py
[2024-12-17T03:37:05.681-0800] {logging_mixin.py:190} INFO - [2024-12-17T03:37:05.681-0800] {dag.py:3239} INFO - Sync 1 DAGs
[2024-12-17T03:37:05.703-0800] {logging_mixin.py:190} INFO - [2024-12-17T03:37:05.703-0800] {dag.py:4180} INFO - Setting next_dagrun for tutorial to 2024-12-16 00:00:00+00:00, run_after=2024-12-17 00:00:00+00:00
[2024-12-17T03:37:05.723-0800] {processor.py:208} INFO - Processing /Users/rishukhurana/anaconda3/lib/python3.11/site-packages/airflow/example_dags/tutorial.py took 0.148 seconds
[2024-12-17T03:40:32.091-0800] {processor.py:186} INFO - Started process (PID=47814) to work on /Users/rishukhurana/anaconda3/lib/python3.11/site-packages/airflow/example_dags/tutorial.py
[2024-12-17T03:40:32.093-0800] {processor.py:914} INFO - Processing file /Users/rishukhurana/anaconda3/lib/python3.11/site-packages/airflow/example_dags/tutorial.py for tasks to queue
[2024-12-17T03:40:32.094-0800] {logging_mixin.py:190} INFO - [2024-12-17T03:40:32.094-0800] {dagbag.py:588} INFO - Filling up the DagBag from /Users/rishukhurana/anaconda3/lib/python3.11/site-packages/airflow/example_dags/tutorial.py
[2024-12-17T03:40:32.101-0800] {processor.py:925} INFO - DAG(s) 'tutorial' retrieved from /Users/rishukhurana/anaconda3/lib/python3.11/site-packages/airflow/example_dags/tutorial.py
[2024-12-17T03:40:32.189-0800] {logging_mixin.py:190} INFO - [2024-12-17T03:40:32.189-0800] {dag.py:3239} INFO - Sync 1 DAGs
[2024-12-17T03:40:32.204-0800] {logging_mixin.py:190} INFO - [2024-12-17T03:40:32.204-0800] {dag.py:4180} INFO - Setting next_dagrun for tutorial to 2024-12-16 00:00:00+00:00, run_after=2024-12-17 00:00:00+00:00
[2024-12-17T03:40:32.219-0800] {processor.py:208} INFO - Processing /Users/rishukhurana/anaconda3/lib/python3.11/site-packages/airflow/example_dags/tutorial.py took 0.134 seconds
[2024-12-17T03:43:36.387-0800] {processor.py:186} INFO - Started process (PID=47964) to work on /Users/rishukhurana/anaconda3/lib/python3.11/site-packages/airflow/example_dags/tutorial.py
[2024-12-17T03:43:36.389-0800] {processor.py:914} INFO - Processing file /Users/rishukhurana/anaconda3/lib/python3.11/site-packages/airflow/example_dags/tutorial.py for tasks to queue
[2024-12-17T03:43:36.390-0800] {logging_mixin.py:190} INFO - [2024-12-17T03:43:36.390-0800] {dagbag.py:588} INFO - Filling up the DagBag from /Users/rishukhurana/anaconda3/lib/python3.11/site-packages/airflow/example_dags/tutorial.py
[2024-12-17T03:43:36.399-0800] {processor.py:925} INFO - DAG(s) 'tutorial' retrieved from /Users/rishukhurana/anaconda3/lib/python3.11/site-packages/airflow/example_dags/tutorial.py
[2024-12-17T03:43:36.481-0800] {logging_mixin.py:190} INFO - [2024-12-17T03:43:36.480-0800] {dag.py:3239} INFO - Sync 1 DAGs
[2024-12-17T03:43:36.496-0800] {logging_mixin.py:190} INFO - [2024-12-17T03:43:36.496-0800] {dag.py:4180} INFO - Setting next_dagrun for tutorial to 2024-12-16 00:00:00+00:00, run_after=2024-12-17 00:00:00+00:00
[2024-12-17T03:43:36.510-0800] {processor.py:208} INFO - Processing /Users/rishukhurana/anaconda3/lib/python3.11/site-packages/airflow/example_dags/tutorial.py took 0.128 seconds
[2024-12-17T03:46:28.605-0800] {processor.py:186} INFO - Started process (PID=48103) to work on /Users/rishukhurana/anaconda3/lib/python3.11/site-packages/airflow/example_dags/tutorial.py
[2024-12-17T03:46:28.607-0800] {processor.py:914} INFO - Processing file /Users/rishukhurana/anaconda3/lib/python3.11/site-packages/airflow/example_dags/tutorial.py for tasks to queue
[2024-12-17T03:46:28.608-0800] {logging_mixin.py:190} INFO - [2024-12-17T03:46:28.608-0800] {dagbag.py:588} INFO - Filling up the DagBag from /Users/rishukhurana/anaconda3/lib/python3.11/site-packages/airflow/example_dags/tutorial.py
[2024-12-17T03:46:28.616-0800] {processor.py:925} INFO - DAG(s) 'tutorial' retrieved from /Users/rishukhurana/anaconda3/lib/python3.11/site-packages/airflow/example_dags/tutorial.py
[2024-12-17T03:46:28.700-0800] {logging_mixin.py:190} INFO - [2024-12-17T03:46:28.700-0800] {dag.py:3239} INFO - Sync 1 DAGs
[2024-12-17T03:46:28.716-0800] {logging_mixin.py:190} INFO - [2024-12-17T03:46:28.715-0800] {dag.py:4180} INFO - Setting next_dagrun for tutorial to 2024-12-16 00:00:00+00:00, run_after=2024-12-17 00:00:00+00:00
[2024-12-17T03:46:28.733-0800] {processor.py:208} INFO - Processing /Users/rishukhurana/anaconda3/lib/python3.11/site-packages/airflow/example_dags/tutorial.py took 0.135 seconds
[2024-12-17T03:49:30.125-0800] {processor.py:186} INFO - Started process (PID=48260) to work on /Users/rishukhurana/anaconda3/lib/python3.11/site-packages/airflow/example_dags/tutorial.py
[2024-12-17T03:49:30.127-0800] {processor.py:914} INFO - Processing file /Users/rishukhurana/anaconda3/lib/python3.11/site-packages/airflow/example_dags/tutorial.py for tasks to queue
[2024-12-17T03:49:30.128-0800] {logging_mixin.py:190} INFO - [2024-12-17T03:49:30.128-0800] {dagbag.py:588} INFO - Filling up the DagBag from /Users/rishukhurana/anaconda3/lib/python3.11/site-packages/airflow/example_dags/tutorial.py
[2024-12-17T03:49:30.136-0800] {processor.py:925} INFO - DAG(s) 'tutorial' retrieved from /Users/rishukhurana/anaconda3/lib/python3.11/site-packages/airflow/example_dags/tutorial.py
[2024-12-17T03:49:30.217-0800] {logging_mixin.py:190} INFO - [2024-12-17T03:49:30.217-0800] {dag.py:3239} INFO - Sync 1 DAGs
[2024-12-17T03:49:30.234-0800] {logging_mixin.py:190} INFO - [2024-12-17T03:49:30.234-0800] {dag.py:4180} INFO - Setting next_dagrun for tutorial to 2024-12-16 00:00:00+00:00, run_after=2024-12-17 00:00:00+00:00
[2024-12-17T03:49:30.249-0800] {processor.py:208} INFO - Processing /Users/rishukhurana/anaconda3/lib/python3.11/site-packages/airflow/example_dags/tutorial.py took 0.130 seconds
[2024-12-17T03:56:37.492-0800] {processor.py:186} INFO - Started process (PID=48419) to work on /Users/rishukhurana/anaconda3/lib/python3.11/site-packages/airflow/example_dags/tutorial.py
[2024-12-17T03:56:37.493-0800] {processor.py:914} INFO - Processing file /Users/rishukhurana/anaconda3/lib/python3.11/site-packages/airflow/example_dags/tutorial.py for tasks to queue
[2024-12-17T03:56:37.495-0800] {logging_mixin.py:190} INFO - [2024-12-17T03:56:37.495-0800] {dagbag.py:588} INFO - Filling up the DagBag from /Users/rishukhurana/anaconda3/lib/python3.11/site-packages/airflow/example_dags/tutorial.py
[2024-12-17T03:56:37.502-0800] {processor.py:925} INFO - DAG(s) 'tutorial' retrieved from /Users/rishukhurana/anaconda3/lib/python3.11/site-packages/airflow/example_dags/tutorial.py
[2024-12-17T03:56:37.584-0800] {logging_mixin.py:190} INFO - [2024-12-17T03:56:37.584-0800] {dag.py:3239} INFO - Sync 1 DAGs
[2024-12-17T03:56:37.600-0800] {logging_mixin.py:190} INFO - [2024-12-17T03:56:37.600-0800] {dag.py:4180} INFO - Setting next_dagrun for tutorial to 2024-12-16 00:00:00+00:00, run_after=2024-12-17 00:00:00+00:00
[2024-12-17T03:56:37.616-0800] {processor.py:208} INFO - Processing /Users/rishukhurana/anaconda3/lib/python3.11/site-packages/airflow/example_dags/tutorial.py took 0.131 seconds
[2024-12-17T04:00:14.909-0800] {processor.py:186} INFO - Started process (PID=48589) to work on /Users/rishukhurana/anaconda3/lib/python3.11/site-packages/airflow/example_dags/tutorial.py
[2024-12-17T04:00:14.912-0800] {processor.py:914} INFO - Processing file /Users/rishukhurana/anaconda3/lib/python3.11/site-packages/airflow/example_dags/tutorial.py for tasks to queue
[2024-12-17T04:00:14.913-0800] {logging_mixin.py:190} INFO - [2024-12-17T04:00:14.913-0800] {dagbag.py:588} INFO - Filling up the DagBag from /Users/rishukhurana/anaconda3/lib/python3.11/site-packages/airflow/example_dags/tutorial.py
[2024-12-17T04:00:14.919-0800] {processor.py:925} INFO - DAG(s) 'tutorial' retrieved from /Users/rishukhurana/anaconda3/lib/python3.11/site-packages/airflow/example_dags/tutorial.py
[2024-12-17T04:00:15.008-0800] {logging_mixin.py:190} INFO - [2024-12-17T04:00:15.007-0800] {dag.py:3239} INFO - Sync 1 DAGs
[2024-12-17T04:00:15.022-0800] {logging_mixin.py:190} INFO - [2024-12-17T04:00:15.022-0800] {dag.py:4180} INFO - Setting next_dagrun for tutorial to 2024-12-16 00:00:00+00:00, run_after=2024-12-17 00:00:00+00:00
[2024-12-17T04:00:15.044-0800] {processor.py:208} INFO - Processing /Users/rishukhurana/anaconda3/lib/python3.11/site-packages/airflow/example_dags/tutorial.py took 0.140 seconds
[2024-12-17T11:04:57.287-0800] {processor.py:186} INFO - Started process (PID=48838) to work on /Users/rishukhurana/anaconda3/lib/python3.11/site-packages/airflow/example_dags/tutorial.py
[2024-12-17T11:04:57.289-0800] {processor.py:914} INFO - Processing file /Users/rishukhurana/anaconda3/lib/python3.11/site-packages/airflow/example_dags/tutorial.py for tasks to queue
[2024-12-17T11:04:57.319-0800] {logging_mixin.py:190} INFO - [2024-12-17T11:04:57.318-0800] {dagbag.py:588} INFO - Filling up the DagBag from /Users/rishukhurana/anaconda3/lib/python3.11/site-packages/airflow/example_dags/tutorial.py
[2024-12-17T11:04:57.331-0800] {processor.py:925} INFO - DAG(s) 'tutorial' retrieved from /Users/rishukhurana/anaconda3/lib/python3.11/site-packages/airflow/example_dags/tutorial.py
[2024-12-17T11:04:57.415-0800] {logging_mixin.py:190} INFO - [2024-12-17T11:04:57.415-0800] {dag.py:3239} INFO - Sync 1 DAGs
[2024-12-17T11:04:57.433-0800] {logging_mixin.py:190} INFO - [2024-12-17T11:04:57.432-0800] {dag.py:4180} INFO - Setting next_dagrun for tutorial to 2024-12-16 00:00:00+00:00, run_after=2024-12-17 00:00:00+00:00
[2024-12-17T11:04:57.448-0800] {processor.py:208} INFO - Processing /Users/rishukhurana/anaconda3/lib/python3.11/site-packages/airflow/example_dags/tutorial.py took 0.166 seconds
