[2024-12-18T16:36:16.998-0800] {processor.py:186} INFO - Started process (PID=60989) to work on /Users/rishukhurana/anaconda3/lib/python3.11/site-packages/airflow/example_dags/example_branch_datetime_operator.py
[2024-12-18T16:36:17.001-0800] {processor.py:914} INFO - Processing file /Users/rishukhurana/anaconda3/lib/python3.11/site-packages/airflow/example_dags/example_branch_datetime_operator.py for tasks to queue
[2024-12-18T16:36:17.002-0800] {logging_mixin.py:190} INFO - [2024-12-18T16:36:17.002-0800] {dagbag.py:588} INFO - Filling up the DagBag from /Users/rishukhurana/anaconda3/lib/python3.11/site-packages/airflow/example_dags/example_branch_datetime_operator.py
[2024-12-18T16:36:17.023-0800] {processor.py:925} INFO - DAG(s) 'example_branch_datetime_operator_3', 'example_branch_datetime_operator_2', 'example_branch_datetime_operator' retrieved from /Users/rishukhurana/anaconda3/lib/python3.11/site-packages/airflow/example_dags/example_branch_datetime_operator.py
[2024-12-18T16:36:17.144-0800] {logging_mixin.py:190} INFO - [2024-12-18T16:36:17.143-0800] {dag.py:3239} INFO - Sync 3 DAGs
[2024-12-18T16:36:17.165-0800] {logging_mixin.py:190} INFO - [2024-12-18T16:36:17.165-0800] {dag.py:4180} INFO - Setting next_dagrun for example_branch_datetime_operator to 2024-12-18 00:00:00+00:00, run_after=2024-12-19 00:00:00+00:00
[2024-12-18T16:36:17.170-0800] {logging_mixin.py:190} INFO - [2024-12-18T16:36:17.170-0800] {dag.py:4180} INFO - Setting next_dagrun for example_branch_datetime_operator_2 to 2024-12-18 00:00:00+00:00, run_after=2024-12-19 00:00:00+00:00
[2024-12-18T16:36:17.172-0800] {logging_mixin.py:190} INFO - [2024-12-18T16:36:17.172-0800] {dag.py:4180} INFO - Setting next_dagrun for example_branch_datetime_operator_3 to 2024-12-18 00:00:00+00:00, run_after=2024-12-19 00:00:00+00:00
[2024-12-18T16:36:17.207-0800] {processor.py:208} INFO - Processing /Users/rishukhurana/anaconda3/lib/python3.11/site-packages/airflow/example_dags/example_branch_datetime_operator.py took 0.217 seconds
[2024-12-19T00:38:32.029-0800] {processor.py:186} INFO - Started process (PID=61789) to work on /Users/rishukhurana/anaconda3/lib/python3.11/site-packages/airflow/example_dags/example_branch_datetime_operator.py
[2024-12-19T00:38:32.036-0800] {processor.py:914} INFO - Processing file /Users/rishukhurana/anaconda3/lib/python3.11/site-packages/airflow/example_dags/example_branch_datetime_operator.py for tasks to queue
[2024-12-19T00:38:32.040-0800] {logging_mixin.py:190} INFO - [2024-12-19T00:38:32.039-0800] {dagbag.py:588} INFO - Filling up the DagBag from /Users/rishukhurana/anaconda3/lib/python3.11/site-packages/airflow/example_dags/example_branch_datetime_operator.py
[2024-12-19T00:38:32.090-0800] {processor.py:925} INFO - DAG(s) 'example_branch_datetime_operator_2', 'example_branch_datetime_operator_3', 'example_branch_datetime_operator' retrieved from /Users/rishukhurana/anaconda3/lib/python3.11/site-packages/airflow/example_dags/example_branch_datetime_operator.py
[2024-12-19T00:38:32.429-0800] {logging_mixin.py:190} INFO - [2024-12-19T00:38:32.428-0800] {dag.py:3239} INFO - Sync 3 DAGs
[2024-12-19T00:38:32.493-0800] {logging_mixin.py:190} INFO - [2024-12-19T00:38:32.493-0800] {dag.py:4180} INFO - Setting next_dagrun for example_branch_datetime_operator to 2024-12-18 00:00:00+00:00, run_after=2024-12-19 00:00:00+00:00
[2024-12-19T00:38:32.507-0800] {logging_mixin.py:190} INFO - [2024-12-19T00:38:32.506-0800] {dag.py:4180} INFO - Setting next_dagrun for example_branch_datetime_operator_2 to 2024-12-18 00:00:00+00:00, run_after=2024-12-19 00:00:00+00:00
[2024-12-19T00:38:32.513-0800] {logging_mixin.py:190} INFO - [2024-12-19T00:38:32.513-0800] {dag.py:4180} INFO - Setting next_dagrun for example_branch_datetime_operator_3 to 2024-12-18 00:00:00+00:00, run_after=2024-12-19 00:00:00+00:00
[2024-12-19T00:38:32.559-0800] {processor.py:208} INFO - Processing /Users/rishukhurana/anaconda3/lib/python3.11/site-packages/airflow/example_dags/example_branch_datetime_operator.py took 0.580 seconds
[2024-12-19T05:50:55.530-0800] {processor.py:186} INFO - Started process (PID=62444) to work on /Users/rishukhurana/anaconda3/lib/python3.11/site-packages/airflow/example_dags/example_branch_datetime_operator.py
[2024-12-19T05:50:55.535-0800] {processor.py:914} INFO - Processing file /Users/rishukhurana/anaconda3/lib/python3.11/site-packages/airflow/example_dags/example_branch_datetime_operator.py for tasks to queue
[2024-12-19T05:50:55.536-0800] {logging_mixin.py:190} INFO - [2024-12-19T05:50:55.536-0800] {dagbag.py:588} INFO - Filling up the DagBag from /Users/rishukhurana/anaconda3/lib/python3.11/site-packages/airflow/example_dags/example_branch_datetime_operator.py
[2024-12-19T05:50:55.559-0800] {processor.py:925} INFO - DAG(s) 'example_branch_datetime_operator', 'example_branch_datetime_operator_2', 'example_branch_datetime_operator_3' retrieved from /Users/rishukhurana/anaconda3/lib/python3.11/site-packages/airflow/example_dags/example_branch_datetime_operator.py
[2024-12-19T05:50:55.813-0800] {logging_mixin.py:190} INFO - [2024-12-19T05:50:55.813-0800] {dag.py:3239} INFO - Sync 3 DAGs
[2024-12-19T05:50:55.841-0800] {logging_mixin.py:190} INFO - [2024-12-19T05:50:55.840-0800] {dag.py:4180} INFO - Setting next_dagrun for example_branch_datetime_operator to 2024-12-18 00:00:00+00:00, run_after=2024-12-19 00:00:00+00:00
[2024-12-19T05:50:55.846-0800] {logging_mixin.py:190} INFO - [2024-12-19T05:50:55.845-0800] {dag.py:4180} INFO - Setting next_dagrun for example_branch_datetime_operator_2 to 2024-12-18 00:00:00+00:00, run_after=2024-12-19 00:00:00+00:00
[2024-12-19T05:50:55.848-0800] {logging_mixin.py:190} INFO - [2024-12-19T05:50:55.848-0800] {dag.py:4180} INFO - Setting next_dagrun for example_branch_datetime_operator_3 to 2024-12-18 00:00:00+00:00, run_after=2024-12-19 00:00:00+00:00
[2024-12-19T05:50:55.876-0800] {processor.py:208} INFO - Processing /Users/rishukhurana/anaconda3/lib/python3.11/site-packages/airflow/example_dags/example_branch_datetime_operator.py took 0.353 seconds
[2024-12-19T07:35:08.009-0800] {processor.py:186} INFO - Started process (PID=62888) to work on /Users/rishukhurana/anaconda3/lib/python3.11/site-packages/airflow/example_dags/example_branch_datetime_operator.py
[2024-12-19T07:35:08.011-0800] {processor.py:914} INFO - Processing file /Users/rishukhurana/anaconda3/lib/python3.11/site-packages/airflow/example_dags/example_branch_datetime_operator.py for tasks to queue
[2024-12-19T07:35:08.012-0800] {logging_mixin.py:190} INFO - [2024-12-19T07:35:08.012-0800] {dagbag.py:588} INFO - Filling up the DagBag from /Users/rishukhurana/anaconda3/lib/python3.11/site-packages/airflow/example_dags/example_branch_datetime_operator.py
[2024-12-19T07:35:08.025-0800] {processor.py:925} INFO - DAG(s) 'example_branch_datetime_operator_3', 'example_branch_datetime_operator_2', 'example_branch_datetime_operator' retrieved from /Users/rishukhurana/anaconda3/lib/python3.11/site-packages/airflow/example_dags/example_branch_datetime_operator.py
[2024-12-19T07:35:08.117-0800] {logging_mixin.py:190} INFO - [2024-12-19T07:35:08.117-0800] {dag.py:3239} INFO - Sync 3 DAGs
[2024-12-19T07:35:08.137-0800] {logging_mixin.py:190} INFO - [2024-12-19T07:35:08.137-0800] {dag.py:4180} INFO - Setting next_dagrun for example_branch_datetime_operator to 2024-12-18 00:00:00+00:00, run_after=2024-12-19 00:00:00+00:00
[2024-12-19T07:35:08.141-0800] {logging_mixin.py:190} INFO - [2024-12-19T07:35:08.141-0800] {dag.py:4180} INFO - Setting next_dagrun for example_branch_datetime_operator_2 to 2024-12-18 00:00:00+00:00, run_after=2024-12-19 00:00:00+00:00
[2024-12-19T07:35:08.143-0800] {logging_mixin.py:190} INFO - [2024-12-19T07:35:08.142-0800] {dag.py:4180} INFO - Setting next_dagrun for example_branch_datetime_operator_3 to 2024-12-18 00:00:00+00:00, run_after=2024-12-19 00:00:00+00:00
[2024-12-19T07:35:08.162-0800] {processor.py:208} INFO - Processing /Users/rishukhurana/anaconda3/lib/python3.11/site-packages/airflow/example_dags/example_branch_datetime_operator.py took 0.161 seconds
[2024-12-19T07:41:02.138-0800] {processor.py:186} INFO - Started process (PID=63175) to work on /Users/rishukhurana/anaconda3/lib/python3.11/site-packages/airflow/example_dags/example_branch_datetime_operator.py
[2024-12-19T07:41:02.140-0800] {processor.py:914} INFO - Processing file /Users/rishukhurana/anaconda3/lib/python3.11/site-packages/airflow/example_dags/example_branch_datetime_operator.py for tasks to queue
[2024-12-19T07:41:02.142-0800] {logging_mixin.py:190} INFO - [2024-12-19T07:41:02.141-0800] {dagbag.py:588} INFO - Filling up the DagBag from /Users/rishukhurana/anaconda3/lib/python3.11/site-packages/airflow/example_dags/example_branch_datetime_operator.py
[2024-12-19T07:41:02.154-0800] {processor.py:925} INFO - DAG(s) 'example_branch_datetime_operator_2', 'example_branch_datetime_operator_3', 'example_branch_datetime_operator' retrieved from /Users/rishukhurana/anaconda3/lib/python3.11/site-packages/airflow/example_dags/example_branch_datetime_operator.py
[2024-12-19T07:41:02.249-0800] {logging_mixin.py:190} INFO - [2024-12-19T07:41:02.248-0800] {dag.py:3239} INFO - Sync 3 DAGs
[2024-12-19T07:41:02.268-0800] {logging_mixin.py:190} INFO - [2024-12-19T07:41:02.268-0800] {dag.py:4180} INFO - Setting next_dagrun for example_branch_datetime_operator to 2024-12-18 00:00:00+00:00, run_after=2024-12-19 00:00:00+00:00
[2024-12-19T07:41:02.272-0800] {logging_mixin.py:190} INFO - [2024-12-19T07:41:02.272-0800] {dag.py:4180} INFO - Setting next_dagrun for example_branch_datetime_operator_2 to 2024-12-18 00:00:00+00:00, run_after=2024-12-19 00:00:00+00:00
[2024-12-19T07:41:02.274-0800] {logging_mixin.py:190} INFO - [2024-12-19T07:41:02.274-0800] {dag.py:4180} INFO - Setting next_dagrun for example_branch_datetime_operator_3 to 2024-12-18 00:00:00+00:00, run_after=2024-12-19 00:00:00+00:00
[2024-12-19T07:41:02.287-0800] {processor.py:208} INFO - Processing /Users/rishukhurana/anaconda3/lib/python3.11/site-packages/airflow/example_dags/example_branch_datetime_operator.py took 0.156 seconds
[2024-12-19T07:46:54.838-0800] {processor.py:186} INFO - Started process (PID=63466) to work on /Users/rishukhurana/anaconda3/lib/python3.11/site-packages/airflow/example_dags/example_branch_datetime_operator.py
[2024-12-19T07:46:54.840-0800] {processor.py:914} INFO - Processing file /Users/rishukhurana/anaconda3/lib/python3.11/site-packages/airflow/example_dags/example_branch_datetime_operator.py for tasks to queue
[2024-12-19T07:46:54.841-0800] {logging_mixin.py:190} INFO - [2024-12-19T07:46:54.841-0800] {dagbag.py:588} INFO - Filling up the DagBag from /Users/rishukhurana/anaconda3/lib/python3.11/site-packages/airflow/example_dags/example_branch_datetime_operator.py
[2024-12-19T07:46:54.854-0800] {processor.py:925} INFO - DAG(s) 'example_branch_datetime_operator', 'example_branch_datetime_operator_3', 'example_branch_datetime_operator_2' retrieved from /Users/rishukhurana/anaconda3/lib/python3.11/site-packages/airflow/example_dags/example_branch_datetime_operator.py
[2024-12-19T07:46:54.946-0800] {logging_mixin.py:190} INFO - [2024-12-19T07:46:54.945-0800] {dag.py:3239} INFO - Sync 3 DAGs
[2024-12-19T07:46:54.966-0800] {logging_mixin.py:190} INFO - [2024-12-19T07:46:54.965-0800] {dag.py:4180} INFO - Setting next_dagrun for example_branch_datetime_operator to 2024-12-18 00:00:00+00:00, run_after=2024-12-19 00:00:00+00:00
[2024-12-19T07:46:54.969-0800] {logging_mixin.py:190} INFO - [2024-12-19T07:46:54.969-0800] {dag.py:4180} INFO - Setting next_dagrun for example_branch_datetime_operator_2 to 2024-12-18 00:00:00+00:00, run_after=2024-12-19 00:00:00+00:00
[2024-12-19T07:46:54.971-0800] {logging_mixin.py:190} INFO - [2024-12-19T07:46:54.971-0800] {dag.py:4180} INFO - Setting next_dagrun for example_branch_datetime_operator_3 to 2024-12-18 00:00:00+00:00, run_after=2024-12-19 00:00:00+00:00
[2024-12-19T07:46:54.983-0800] {processor.py:208} INFO - Processing /Users/rishukhurana/anaconda3/lib/python3.11/site-packages/airflow/example_dags/example_branch_datetime_operator.py took 0.152 seconds
[2024-12-19T07:52:46.231-0800] {processor.py:186} INFO - Started process (PID=63782) to work on /Users/rishukhurana/anaconda3/lib/python3.11/site-packages/airflow/example_dags/example_branch_datetime_operator.py
[2024-12-19T07:52:46.233-0800] {processor.py:914} INFO - Processing file /Users/rishukhurana/anaconda3/lib/python3.11/site-packages/airflow/example_dags/example_branch_datetime_operator.py for tasks to queue
[2024-12-19T07:52:46.234-0800] {logging_mixin.py:190} INFO - [2024-12-19T07:52:46.233-0800] {dagbag.py:588} INFO - Filling up the DagBag from /Users/rishukhurana/anaconda3/lib/python3.11/site-packages/airflow/example_dags/example_branch_datetime_operator.py
[2024-12-19T07:52:46.246-0800] {processor.py:925} INFO - DAG(s) 'example_branch_datetime_operator_3', 'example_branch_datetime_operator_2', 'example_branch_datetime_operator' retrieved from /Users/rishukhurana/anaconda3/lib/python3.11/site-packages/airflow/example_dags/example_branch_datetime_operator.py
[2024-12-19T07:52:46.340-0800] {logging_mixin.py:190} INFO - [2024-12-19T07:52:46.339-0800] {dag.py:3239} INFO - Sync 3 DAGs
[2024-12-19T07:52:46.358-0800] {logging_mixin.py:190} INFO - [2024-12-19T07:52:46.358-0800] {dag.py:4180} INFO - Setting next_dagrun for example_branch_datetime_operator to 2024-12-18 00:00:00+00:00, run_after=2024-12-19 00:00:00+00:00
[2024-12-19T07:52:46.362-0800] {logging_mixin.py:190} INFO - [2024-12-19T07:52:46.362-0800] {dag.py:4180} INFO - Setting next_dagrun for example_branch_datetime_operator_2 to 2024-12-18 00:00:00+00:00, run_after=2024-12-19 00:00:00+00:00
[2024-12-19T07:52:46.364-0800] {logging_mixin.py:190} INFO - [2024-12-19T07:52:46.363-0800] {dag.py:4180} INFO - Setting next_dagrun for example_branch_datetime_operator_3 to 2024-12-18 00:00:00+00:00, run_after=2024-12-19 00:00:00+00:00
[2024-12-19T07:52:46.384-0800] {processor.py:208} INFO - Processing /Users/rishukhurana/anaconda3/lib/python3.11/site-packages/airflow/example_dags/example_branch_datetime_operator.py took 0.158 seconds
[2024-12-19T07:58:47.684-0800] {processor.py:186} INFO - Started process (PID=64071) to work on /Users/rishukhurana/anaconda3/lib/python3.11/site-packages/airflow/example_dags/example_branch_datetime_operator.py
[2024-12-19T07:58:47.686-0800] {processor.py:914} INFO - Processing file /Users/rishukhurana/anaconda3/lib/python3.11/site-packages/airflow/example_dags/example_branch_datetime_operator.py for tasks to queue
[2024-12-19T07:58:47.687-0800] {logging_mixin.py:190} INFO - [2024-12-19T07:58:47.687-0800] {dagbag.py:588} INFO - Filling up the DagBag from /Users/rishukhurana/anaconda3/lib/python3.11/site-packages/airflow/example_dags/example_branch_datetime_operator.py
[2024-12-19T07:58:47.699-0800] {processor.py:925} INFO - DAG(s) 'example_branch_datetime_operator_3', 'example_branch_datetime_operator_2', 'example_branch_datetime_operator' retrieved from /Users/rishukhurana/anaconda3/lib/python3.11/site-packages/airflow/example_dags/example_branch_datetime_operator.py
[2024-12-19T07:58:47.789-0800] {logging_mixin.py:190} INFO - [2024-12-19T07:58:47.789-0800] {dag.py:3239} INFO - Sync 3 DAGs
[2024-12-19T07:58:47.806-0800] {logging_mixin.py:190} INFO - [2024-12-19T07:58:47.806-0800] {dag.py:4180} INFO - Setting next_dagrun for example_branch_datetime_operator to 2024-12-18 00:00:00+00:00, run_after=2024-12-19 00:00:00+00:00
[2024-12-19T07:58:47.810-0800] {logging_mixin.py:190} INFO - [2024-12-19T07:58:47.810-0800] {dag.py:4180} INFO - Setting next_dagrun for example_branch_datetime_operator_2 to 2024-12-18 00:00:00+00:00, run_after=2024-12-19 00:00:00+00:00
[2024-12-19T07:58:47.812-0800] {logging_mixin.py:190} INFO - [2024-12-19T07:58:47.812-0800] {dag.py:4180} INFO - Setting next_dagrun for example_branch_datetime_operator_3 to 2024-12-18 00:00:00+00:00, run_after=2024-12-19 00:00:00+00:00
[2024-12-19T07:58:47.827-0800] {processor.py:208} INFO - Processing /Users/rishukhurana/anaconda3/lib/python3.11/site-packages/airflow/example_dags/example_branch_datetime_operator.py took 0.151 seconds
[2024-12-19T08:04:58.492-0800] {processor.py:186} INFO - Started process (PID=64360) to work on /Users/rishukhurana/anaconda3/lib/python3.11/site-packages/airflow/example_dags/example_branch_datetime_operator.py
[2024-12-19T08:04:58.496-0800] {processor.py:914} INFO - Processing file /Users/rishukhurana/anaconda3/lib/python3.11/site-packages/airflow/example_dags/example_branch_datetime_operator.py for tasks to queue
[2024-12-19T08:04:58.498-0800] {logging_mixin.py:190} INFO - [2024-12-19T08:04:58.497-0800] {dagbag.py:588} INFO - Filling up the DagBag from /Users/rishukhurana/anaconda3/lib/python3.11/site-packages/airflow/example_dags/example_branch_datetime_operator.py
[2024-12-19T08:04:58.523-0800] {processor.py:925} INFO - DAG(s) 'example_branch_datetime_operator_3', 'example_branch_datetime_operator', 'example_branch_datetime_operator_2' retrieved from /Users/rishukhurana/anaconda3/lib/python3.11/site-packages/airflow/example_dags/example_branch_datetime_operator.py
[2024-12-19T08:04:58.644-0800] {logging_mixin.py:190} INFO - [2024-12-19T08:04:58.643-0800] {dag.py:3239} INFO - Sync 3 DAGs
[2024-12-19T08:04:58.669-0800] {logging_mixin.py:190} INFO - [2024-12-19T08:04:58.669-0800] {dag.py:4180} INFO - Setting next_dagrun for example_branch_datetime_operator to 2024-12-18 00:00:00+00:00, run_after=2024-12-19 00:00:00+00:00
[2024-12-19T08:04:58.674-0800] {logging_mixin.py:190} INFO - [2024-12-19T08:04:58.674-0800] {dag.py:4180} INFO - Setting next_dagrun for example_branch_datetime_operator_2 to 2024-12-18 00:00:00+00:00, run_after=2024-12-19 00:00:00+00:00
[2024-12-19T08:04:58.676-0800] {logging_mixin.py:190} INFO - [2024-12-19T08:04:58.676-0800] {dag.py:4180} INFO - Setting next_dagrun for example_branch_datetime_operator_3 to 2024-12-18 00:00:00+00:00, run_after=2024-12-19 00:00:00+00:00
[2024-12-19T08:04:58.699-0800] {processor.py:208} INFO - Processing /Users/rishukhurana/anaconda3/lib/python3.11/site-packages/airflow/example_dags/example_branch_datetime_operator.py took 0.212 seconds
[2024-12-19T08:11:35.235-0800] {processor.py:186} INFO - Started process (PID=64665) to work on /Users/rishukhurana/anaconda3/lib/python3.11/site-packages/airflow/example_dags/example_branch_datetime_operator.py
[2024-12-19T08:11:35.237-0800] {processor.py:914} INFO - Processing file /Users/rishukhurana/anaconda3/lib/python3.11/site-packages/airflow/example_dags/example_branch_datetime_operator.py for tasks to queue
[2024-12-19T08:11:35.239-0800] {logging_mixin.py:190} INFO - [2024-12-19T08:11:35.239-0800] {dagbag.py:588} INFO - Filling up the DagBag from /Users/rishukhurana/anaconda3/lib/python3.11/site-packages/airflow/example_dags/example_branch_datetime_operator.py
[2024-12-19T08:11:35.254-0800] {processor.py:925} INFO - DAG(s) 'example_branch_datetime_operator_3', 'example_branch_datetime_operator', 'example_branch_datetime_operator_2' retrieved from /Users/rishukhurana/anaconda3/lib/python3.11/site-packages/airflow/example_dags/example_branch_datetime_operator.py
[2024-12-19T08:11:35.361-0800] {logging_mixin.py:190} INFO - [2024-12-19T08:11:35.361-0800] {dag.py:3239} INFO - Sync 3 DAGs
[2024-12-19T08:11:35.381-0800] {logging_mixin.py:190} INFO - [2024-12-19T08:11:35.381-0800] {dag.py:4180} INFO - Setting next_dagrun for example_branch_datetime_operator to 2024-12-18 00:00:00+00:00, run_after=2024-12-19 00:00:00+00:00
[2024-12-19T08:11:35.385-0800] {logging_mixin.py:190} INFO - [2024-12-19T08:11:35.385-0800] {dag.py:4180} INFO - Setting next_dagrun for example_branch_datetime_operator_2 to 2024-12-18 00:00:00+00:00, run_after=2024-12-19 00:00:00+00:00
[2024-12-19T08:11:35.387-0800] {logging_mixin.py:190} INFO - [2024-12-19T08:11:35.387-0800] {dag.py:4180} INFO - Setting next_dagrun for example_branch_datetime_operator_3 to 2024-12-18 00:00:00+00:00, run_after=2024-12-19 00:00:00+00:00
[2024-12-19T08:11:35.404-0800] {processor.py:208} INFO - Processing /Users/rishukhurana/anaconda3/lib/python3.11/site-packages/airflow/example_dags/example_branch_datetime_operator.py took 0.177 seconds
[2024-12-19T08:18:20.322-0800] {processor.py:186} INFO - Started process (PID=64979) to work on /Users/rishukhurana/anaconda3/lib/python3.11/site-packages/airflow/example_dags/example_branch_datetime_operator.py
[2024-12-19T08:18:20.324-0800] {processor.py:914} INFO - Processing file /Users/rishukhurana/anaconda3/lib/python3.11/site-packages/airflow/example_dags/example_branch_datetime_operator.py for tasks to queue
[2024-12-19T08:18:20.325-0800] {logging_mixin.py:190} INFO - [2024-12-19T08:18:20.325-0800] {dagbag.py:588} INFO - Filling up the DagBag from /Users/rishukhurana/anaconda3/lib/python3.11/site-packages/airflow/example_dags/example_branch_datetime_operator.py
[2024-12-19T08:18:20.339-0800] {processor.py:925} INFO - DAG(s) 'example_branch_datetime_operator_2', 'example_branch_datetime_operator_3', 'example_branch_datetime_operator' retrieved from /Users/rishukhurana/anaconda3/lib/python3.11/site-packages/airflow/example_dags/example_branch_datetime_operator.py
[2024-12-19T08:18:20.436-0800] {logging_mixin.py:190} INFO - [2024-12-19T08:18:20.436-0800] {dag.py:3239} INFO - Sync 3 DAGs
[2024-12-19T08:18:20.454-0800] {logging_mixin.py:190} INFO - [2024-12-19T08:18:20.454-0800] {dag.py:4180} INFO - Setting next_dagrun for example_branch_datetime_operator to 2024-12-18 00:00:00+00:00, run_after=2024-12-19 00:00:00+00:00
[2024-12-19T08:18:20.458-0800] {logging_mixin.py:190} INFO - [2024-12-19T08:18:20.458-0800] {dag.py:4180} INFO - Setting next_dagrun for example_branch_datetime_operator_2 to 2024-12-18 00:00:00+00:00, run_after=2024-12-19 00:00:00+00:00
[2024-12-19T08:18:20.460-0800] {logging_mixin.py:190} INFO - [2024-12-19T08:18:20.460-0800] {dag.py:4180} INFO - Setting next_dagrun for example_branch_datetime_operator_3 to 2024-12-18 00:00:00+00:00, run_after=2024-12-19 00:00:00+00:00
[2024-12-19T08:18:20.481-0800] {processor.py:208} INFO - Processing /Users/rishukhurana/anaconda3/lib/python3.11/site-packages/airflow/example_dags/example_branch_datetime_operator.py took 0.167 seconds
[2024-12-19T08:24:51.890-0800] {processor.py:186} INFO - Started process (PID=65284) to work on /Users/rishukhurana/anaconda3/lib/python3.11/site-packages/airflow/example_dags/example_branch_datetime_operator.py
[2024-12-19T08:24:51.892-0800] {processor.py:914} INFO - Processing file /Users/rishukhurana/anaconda3/lib/python3.11/site-packages/airflow/example_dags/example_branch_datetime_operator.py for tasks to queue
[2024-12-19T08:24:51.893-0800] {logging_mixin.py:190} INFO - [2024-12-19T08:24:51.893-0800] {dagbag.py:588} INFO - Filling up the DagBag from /Users/rishukhurana/anaconda3/lib/python3.11/site-packages/airflow/example_dags/example_branch_datetime_operator.py
[2024-12-19T08:24:51.911-0800] {processor.py:925} INFO - DAG(s) 'example_branch_datetime_operator_3', 'example_branch_datetime_operator_2', 'example_branch_datetime_operator' retrieved from /Users/rishukhurana/anaconda3/lib/python3.11/site-packages/airflow/example_dags/example_branch_datetime_operator.py
[2024-12-19T08:24:52.013-0800] {logging_mixin.py:190} INFO - [2024-12-19T08:24:52.012-0800] {dag.py:3239} INFO - Sync 3 DAGs
[2024-12-19T08:24:52.032-0800] {logging_mixin.py:190} INFO - [2024-12-19T08:24:52.032-0800] {dag.py:4180} INFO - Setting next_dagrun for example_branch_datetime_operator to 2024-12-18 00:00:00+00:00, run_after=2024-12-19 00:00:00+00:00
[2024-12-19T08:24:52.036-0800] {logging_mixin.py:190} INFO - [2024-12-19T08:24:52.036-0800] {dag.py:4180} INFO - Setting next_dagrun for example_branch_datetime_operator_2 to 2024-12-18 00:00:00+00:00, run_after=2024-12-19 00:00:00+00:00
[2024-12-19T08:24:52.038-0800] {logging_mixin.py:190} INFO - [2024-12-19T08:24:52.038-0800] {dag.py:4180} INFO - Setting next_dagrun for example_branch_datetime_operator_3 to 2024-12-18 00:00:00+00:00, run_after=2024-12-19 00:00:00+00:00
[2024-12-19T08:24:52.054-0800] {processor.py:208} INFO - Processing /Users/rishukhurana/anaconda3/lib/python3.11/site-packages/airflow/example_dags/example_branch_datetime_operator.py took 0.172 seconds
[2024-12-19T08:31:44.385-0800] {processor.py:186} INFO - Started process (PID=65587) to work on /Users/rishukhurana/anaconda3/lib/python3.11/site-packages/airflow/example_dags/example_branch_datetime_operator.py
[2024-12-19T08:31:44.387-0800] {processor.py:914} INFO - Processing file /Users/rishukhurana/anaconda3/lib/python3.11/site-packages/airflow/example_dags/example_branch_datetime_operator.py for tasks to queue
[2024-12-19T08:31:44.388-0800] {logging_mixin.py:190} INFO - [2024-12-19T08:31:44.387-0800] {dagbag.py:588} INFO - Filling up the DagBag from /Users/rishukhurana/anaconda3/lib/python3.11/site-packages/airflow/example_dags/example_branch_datetime_operator.py
[2024-12-19T08:31:44.413-0800] {processor.py:925} INFO - DAG(s) 'example_branch_datetime_operator_3', 'example_branch_datetime_operator_2', 'example_branch_datetime_operator' retrieved from /Users/rishukhurana/anaconda3/lib/python3.11/site-packages/airflow/example_dags/example_branch_datetime_operator.py
[2024-12-19T08:31:44.527-0800] {logging_mixin.py:190} INFO - [2024-12-19T08:31:44.527-0800] {dag.py:3239} INFO - Sync 3 DAGs
[2024-12-19T08:31:44.550-0800] {logging_mixin.py:190} INFO - [2024-12-19T08:31:44.550-0800] {dag.py:4180} INFO - Setting next_dagrun for example_branch_datetime_operator to 2024-12-18 00:00:00+00:00, run_after=2024-12-19 00:00:00+00:00
[2024-12-19T08:31:44.555-0800] {logging_mixin.py:190} INFO - [2024-12-19T08:31:44.555-0800] {dag.py:4180} INFO - Setting next_dagrun for example_branch_datetime_operator_2 to 2024-12-18 00:00:00+00:00, run_after=2024-12-19 00:00:00+00:00
[2024-12-19T08:31:44.557-0800] {logging_mixin.py:190} INFO - [2024-12-19T08:31:44.557-0800] {dag.py:4180} INFO - Setting next_dagrun for example_branch_datetime_operator_3 to 2024-12-18 00:00:00+00:00, run_after=2024-12-19 00:00:00+00:00
[2024-12-19T08:31:44.572-0800] {processor.py:208} INFO - Processing /Users/rishukhurana/anaconda3/lib/python3.11/site-packages/airflow/example_dags/example_branch_datetime_operator.py took 0.195 seconds
[2024-12-19T15:21:00.378-0800] {processor.py:186} INFO - Started process (PID=67964) to work on /Users/rishukhurana/anaconda3/lib/python3.11/site-packages/airflow/example_dags/example_branch_datetime_operator.py
[2024-12-19T15:21:00.385-0800] {processor.py:914} INFO - Processing file /Users/rishukhurana/anaconda3/lib/python3.11/site-packages/airflow/example_dags/example_branch_datetime_operator.py for tasks to queue
[2024-12-19T15:21:00.389-0800] {logging_mixin.py:190} INFO - [2024-12-19T15:21:00.388-0800] {dagbag.py:588} INFO - Filling up the DagBag from /Users/rishukhurana/anaconda3/lib/python3.11/site-packages/airflow/example_dags/example_branch_datetime_operator.py
[2024-12-19T15:21:00.449-0800] {processor.py:925} INFO - DAG(s) 'example_branch_datetime_operator', 'example_branch_datetime_operator_2', 'example_branch_datetime_operator_3' retrieved from /Users/rishukhurana/anaconda3/lib/python3.11/site-packages/airflow/example_dags/example_branch_datetime_operator.py
[2024-12-19T15:21:00.633-0800] {logging_mixin.py:190} INFO - [2024-12-19T15:21:00.632-0800] {dag.py:3239} INFO - Sync 3 DAGs
[2024-12-19T15:21:00.658-0800] {logging_mixin.py:190} INFO - [2024-12-19T15:21:00.657-0800] {dag.py:4180} INFO - Setting next_dagrun for example_branch_datetime_operator to 2024-12-18 00:00:00+00:00, run_after=2024-12-19 00:00:00+00:00
[2024-12-19T15:21:00.662-0800] {logging_mixin.py:190} INFO - [2024-12-19T15:21:00.662-0800] {dag.py:4180} INFO - Setting next_dagrun for example_branch_datetime_operator_2 to 2024-12-18 00:00:00+00:00, run_after=2024-12-19 00:00:00+00:00
[2024-12-19T15:21:00.664-0800] {logging_mixin.py:190} INFO - [2024-12-19T15:21:00.664-0800] {dag.py:4180} INFO - Setting next_dagrun for example_branch_datetime_operator_3 to 2024-12-18 00:00:00+00:00, run_after=2024-12-19 00:00:00+00:00
[2024-12-19T15:21:00.684-0800] {processor.py:208} INFO - Processing /Users/rishukhurana/anaconda3/lib/python3.11/site-packages/airflow/example_dags/example_branch_datetime_operator.py took 0.315 seconds
