[2024-12-18T16:12:52.555-0800] {processor.py:186} INFO - Started process (PID=60776) to work on /Users/rishukhurana/anaconda3/lib/python3.11/site-packages/airflow/example_dags/example_branch_labels.py
[2024-12-18T16:12:52.558-0800] {processor.py:914} INFO - Processing file /Users/rishukhurana/anaconda3/lib/python3.11/site-packages/airflow/example_dags/example_branch_labels.py for tasks to queue
[2024-12-18T16:12:52.559-0800] {logging_mixin.py:190} INFO - [2024-12-18T16:12:52.559-0800] {dagbag.py:588} INFO - Filling up the DagBag from /Users/rishukhurana/anaconda3/lib/python3.11/site-packages/airflow/example_dags/example_branch_labels.py
[2024-12-18T16:12:52.574-0800] {processor.py:925} INFO - DAG(s) 'example_branch_labels' retrieved from /Users/rishukhurana/anaconda3/lib/python3.11/site-packages/airflow/example_dags/example_branch_labels.py
[2024-12-18T16:12:52.700-0800] {logging_mixin.py:190} INFO - [2024-12-18T16:12:52.699-0800] {dag.py:3239} INFO - Sync 1 DAGs
[2024-12-18T16:12:52.723-0800] {logging_mixin.py:190} INFO - [2024-12-18T16:12:52.722-0800] {dag.py:4180} INFO - Setting next_dagrun for example_branch_labels to 2024-12-18 00:00:00+00:00, run_after=2024-12-19 00:00:00+00:00
[2024-12-18T16:12:52.741-0800] {processor.py:208} INFO - Processing /Users/rishukhurana/anaconda3/lib/python3.11/site-packages/airflow/example_dags/example_branch_labels.py took 0.192 seconds
[2024-12-18T20:28:09.470-0800] {processor.py:186} INFO - Started process (PID=61340) to work on /Users/rishukhurana/anaconda3/lib/python3.11/site-packages/airflow/example_dags/example_branch_labels.py
[2024-12-18T20:28:09.484-0800] {processor.py:914} INFO - Processing file /Users/rishukhurana/anaconda3/lib/python3.11/site-packages/airflow/example_dags/example_branch_labels.py for tasks to queue
[2024-12-18T20:28:09.492-0800] {logging_mixin.py:190} INFO - [2024-12-18T20:28:09.491-0800] {dagbag.py:588} INFO - Filling up the DagBag from /Users/rishukhurana/anaconda3/lib/python3.11/site-packages/airflow/example_dags/example_branch_labels.py
[2024-12-18T20:28:09.589-0800] {processor.py:925} INFO - DAG(s) 'example_branch_labels' retrieved from /Users/rishukhurana/anaconda3/lib/python3.11/site-packages/airflow/example_dags/example_branch_labels.py
[2024-12-18T20:28:10.360-0800] {logging_mixin.py:190} INFO - [2024-12-18T20:28:10.358-0800] {dag.py:3239} INFO - Sync 1 DAGs
[2024-12-18T20:28:10.500-0800] {logging_mixin.py:190} INFO - [2024-12-18T20:28:10.499-0800] {dag.py:4180} INFO - Setting next_dagrun for example_branch_labels to 2024-12-18 00:00:00+00:00, run_after=2024-12-19 00:00:00+00:00
[2024-12-18T20:28:10.616-0800] {processor.py:208} INFO - Processing /Users/rishukhurana/anaconda3/lib/python3.11/site-packages/airflow/example_dags/example_branch_labels.py took 1.187 seconds
[2024-12-19T00:38:11.618-0800] {processor.py:186} INFO - Started process (PID=61783) to work on /Users/rishukhurana/anaconda3/lib/python3.11/site-packages/airflow/example_dags/example_branch_labels.py
[2024-12-19T00:38:11.635-0800] {processor.py:914} INFO - Processing file /Users/rishukhurana/anaconda3/lib/python3.11/site-packages/airflow/example_dags/example_branch_labels.py for tasks to queue
[2024-12-19T00:38:11.644-0800] {logging_mixin.py:190} INFO - [2024-12-19T00:38:11.643-0800] {dagbag.py:588} INFO - Filling up the DagBag from /Users/rishukhurana/anaconda3/lib/python3.11/site-packages/airflow/example_dags/example_branch_labels.py
[2024-12-19T00:38:11.727-0800] {processor.py:925} INFO - DAG(s) 'example_branch_labels' retrieved from /Users/rishukhurana/anaconda3/lib/python3.11/site-packages/airflow/example_dags/example_branch_labels.py
[2024-12-19T00:38:12.476-0800] {logging_mixin.py:190} INFO - [2024-12-19T00:38:12.474-0800] {dag.py:3239} INFO - Sync 1 DAGs
[2024-12-19T00:38:12.619-0800] {logging_mixin.py:190} INFO - [2024-12-19T00:38:12.617-0800] {dag.py:4180} INFO - Setting next_dagrun for example_branch_labels to 2024-12-18 00:00:00+00:00, run_after=2024-12-19 00:00:00+00:00
[2024-12-19T00:38:12.736-0800] {processor.py:208} INFO - Processing /Users/rishukhurana/anaconda3/lib/python3.11/site-packages/airflow/example_dags/example_branch_labels.py took 1.161 seconds
[2024-12-19T04:19:46.536-0800] {processor.py:186} INFO - Started process (PID=62150) to work on /Users/rishukhurana/anaconda3/lib/python3.11/site-packages/airflow/example_dags/example_branch_labels.py
[2024-12-19T04:19:46.540-0800] {processor.py:914} INFO - Processing file /Users/rishukhurana/anaconda3/lib/python3.11/site-packages/airflow/example_dags/example_branch_labels.py for tasks to queue
[2024-12-19T04:19:46.541-0800] {logging_mixin.py:190} INFO - [2024-12-19T04:19:46.541-0800] {dagbag.py:588} INFO - Filling up the DagBag from /Users/rishukhurana/anaconda3/lib/python3.11/site-packages/airflow/example_dags/example_branch_labels.py
[2024-12-19T04:19:46.561-0800] {processor.py:925} INFO - DAG(s) 'example_branch_labels' retrieved from /Users/rishukhurana/anaconda3/lib/python3.11/site-packages/airflow/example_dags/example_branch_labels.py
[2024-12-19T04:19:46.666-0800] {logging_mixin.py:190} INFO - [2024-12-19T04:19:46.665-0800] {dag.py:3239} INFO - Sync 1 DAGs
[2024-12-19T04:19:46.686-0800] {logging_mixin.py:190} INFO - [2024-12-19T04:19:46.686-0800] {dag.py:4180} INFO - Setting next_dagrun for example_branch_labels to 2024-12-18 00:00:00+00:00, run_after=2024-12-19 00:00:00+00:00
[2024-12-19T04:19:46.702-0800] {processor.py:208} INFO - Processing /Users/rishukhurana/anaconda3/lib/python3.11/site-packages/airflow/example_dags/example_branch_labels.py took 0.172 seconds
[2024-12-19T06:26:11.461-0800] {processor.py:186} INFO - Started process (PID=62650) to work on /Users/rishukhurana/anaconda3/lib/python3.11/site-packages/airflow/example_dags/example_branch_labels.py
[2024-12-19T06:26:11.465-0800] {processor.py:914} INFO - Processing file /Users/rishukhurana/anaconda3/lib/python3.11/site-packages/airflow/example_dags/example_branch_labels.py for tasks to queue
[2024-12-19T06:26:11.466-0800] {logging_mixin.py:190} INFO - [2024-12-19T06:26:11.466-0800] {dagbag.py:588} INFO - Filling up the DagBag from /Users/rishukhurana/anaconda3/lib/python3.11/site-packages/airflow/example_dags/example_branch_labels.py
[2024-12-19T06:26:11.484-0800] {processor.py:925} INFO - DAG(s) 'example_branch_labels' retrieved from /Users/rishukhurana/anaconda3/lib/python3.11/site-packages/airflow/example_dags/example_branch_labels.py
[2024-12-19T06:26:11.596-0800] {logging_mixin.py:190} INFO - [2024-12-19T06:26:11.590-0800] {dag.py:3239} INFO - Sync 1 DAGs
[2024-12-19T06:26:11.619-0800] {logging_mixin.py:190} INFO - [2024-12-19T06:26:11.618-0800] {dag.py:4180} INFO - Setting next_dagrun for example_branch_labels to 2024-12-18 00:00:00+00:00, run_after=2024-12-19 00:00:00+00:00
[2024-12-19T06:26:11.638-0800] {processor.py:208} INFO - Processing /Users/rishukhurana/anaconda3/lib/python3.11/site-packages/airflow/example_dags/example_branch_labels.py took 0.183 seconds
[2024-12-19T07:38:05.275-0800] {processor.py:186} INFO - Started process (PID=63031) to work on /Users/rishukhurana/anaconda3/lib/python3.11/site-packages/airflow/example_dags/example_branch_labels.py
[2024-12-19T07:38:05.277-0800] {processor.py:914} INFO - Processing file /Users/rishukhurana/anaconda3/lib/python3.11/site-packages/airflow/example_dags/example_branch_labels.py for tasks to queue
[2024-12-19T07:38:05.279-0800] {logging_mixin.py:190} INFO - [2024-12-19T07:38:05.279-0800] {dagbag.py:588} INFO - Filling up the DagBag from /Users/rishukhurana/anaconda3/lib/python3.11/site-packages/airflow/example_dags/example_branch_labels.py
[2024-12-19T07:38:05.289-0800] {processor.py:925} INFO - DAG(s) 'example_branch_labels' retrieved from /Users/rishukhurana/anaconda3/lib/python3.11/site-packages/airflow/example_dags/example_branch_labels.py
[2024-12-19T07:38:05.374-0800] {logging_mixin.py:190} INFO - [2024-12-19T07:38:05.374-0800] {dag.py:3239} INFO - Sync 1 DAGs
[2024-12-19T07:38:05.390-0800] {logging_mixin.py:190} INFO - [2024-12-19T07:38:05.390-0800] {dag.py:4180} INFO - Setting next_dagrun for example_branch_labels to 2024-12-18 00:00:00+00:00, run_after=2024-12-19 00:00:00+00:00
[2024-12-19T07:38:05.404-0800] {processor.py:208} INFO - Processing /Users/rishukhurana/anaconda3/lib/python3.11/site-packages/airflow/example_dags/example_branch_labels.py took 0.136 seconds
[2024-12-19T07:43:57.658-0800] {processor.py:186} INFO - Started process (PID=63317) to work on /Users/rishukhurana/anaconda3/lib/python3.11/site-packages/airflow/example_dags/example_branch_labels.py
[2024-12-19T07:43:57.660-0800] {processor.py:914} INFO - Processing file /Users/rishukhurana/anaconda3/lib/python3.11/site-packages/airflow/example_dags/example_branch_labels.py for tasks to queue
[2024-12-19T07:43:57.662-0800] {logging_mixin.py:190} INFO - [2024-12-19T07:43:57.661-0800] {dagbag.py:588} INFO - Filling up the DagBag from /Users/rishukhurana/anaconda3/lib/python3.11/site-packages/airflow/example_dags/example_branch_labels.py
[2024-12-19T07:43:57.673-0800] {processor.py:925} INFO - DAG(s) 'example_branch_labels' retrieved from /Users/rishukhurana/anaconda3/lib/python3.11/site-packages/airflow/example_dags/example_branch_labels.py
[2024-12-19T07:43:57.753-0800] {logging_mixin.py:190} INFO - [2024-12-19T07:43:57.753-0800] {dag.py:3239} INFO - Sync 1 DAGs
[2024-12-19T07:43:57.771-0800] {logging_mixin.py:190} INFO - [2024-12-19T07:43:57.771-0800] {dag.py:4180} INFO - Setting next_dagrun for example_branch_labels to 2024-12-18 00:00:00+00:00, run_after=2024-12-19 00:00:00+00:00
[2024-12-19T07:43:57.785-0800] {processor.py:208} INFO - Processing /Users/rishukhurana/anaconda3/lib/python3.11/site-packages/airflow/example_dags/example_branch_labels.py took 0.135 seconds
[2024-12-19T07:49:45.628-0800] {processor.py:186} INFO - Started process (PID=63635) to work on /Users/rishukhurana/anaconda3/lib/python3.11/site-packages/airflow/example_dags/example_branch_labels.py
[2024-12-19T07:49:45.631-0800] {processor.py:914} INFO - Processing file /Users/rishukhurana/anaconda3/lib/python3.11/site-packages/airflow/example_dags/example_branch_labels.py for tasks to queue
[2024-12-19T07:49:45.632-0800] {logging_mixin.py:190} INFO - [2024-12-19T07:49:45.632-0800] {dagbag.py:588} INFO - Filling up the DagBag from /Users/rishukhurana/anaconda3/lib/python3.11/site-packages/airflow/example_dags/example_branch_labels.py
[2024-12-19T07:49:45.641-0800] {processor.py:925} INFO - DAG(s) 'example_branch_labels' retrieved from /Users/rishukhurana/anaconda3/lib/python3.11/site-packages/airflow/example_dags/example_branch_labels.py
[2024-12-19T07:49:45.730-0800] {logging_mixin.py:190} INFO - [2024-12-19T07:49:45.730-0800] {dag.py:3239} INFO - Sync 1 DAGs
[2024-12-19T07:49:45.746-0800] {logging_mixin.py:190} INFO - [2024-12-19T07:49:45.745-0800] {dag.py:4180} INFO - Setting next_dagrun for example_branch_labels to 2024-12-18 00:00:00+00:00, run_after=2024-12-19 00:00:00+00:00
[2024-12-19T07:49:45.770-0800] {processor.py:208} INFO - Processing /Users/rishukhurana/anaconda3/lib/python3.11/site-packages/airflow/example_dags/example_branch_labels.py took 0.150 seconds
[2024-12-19T07:55:43.243-0800] {processor.py:186} INFO - Started process (PID=63922) to work on /Users/rishukhurana/anaconda3/lib/python3.11/site-packages/airflow/example_dags/example_branch_labels.py
[2024-12-19T07:55:43.246-0800] {processor.py:914} INFO - Processing file /Users/rishukhurana/anaconda3/lib/python3.11/site-packages/airflow/example_dags/example_branch_labels.py for tasks to queue
[2024-12-19T07:55:43.247-0800] {logging_mixin.py:190} INFO - [2024-12-19T07:55:43.247-0800] {dagbag.py:588} INFO - Filling up the DagBag from /Users/rishukhurana/anaconda3/lib/python3.11/site-packages/airflow/example_dags/example_branch_labels.py
[2024-12-19T07:55:43.258-0800] {processor.py:925} INFO - DAG(s) 'example_branch_labels' retrieved from /Users/rishukhurana/anaconda3/lib/python3.11/site-packages/airflow/example_dags/example_branch_labels.py
[2024-12-19T07:55:43.351-0800] {logging_mixin.py:190} INFO - [2024-12-19T07:55:43.350-0800] {dag.py:3239} INFO - Sync 1 DAGs
[2024-12-19T07:55:43.368-0800] {logging_mixin.py:190} INFO - [2024-12-19T07:55:43.367-0800] {dag.py:4180} INFO - Setting next_dagrun for example_branch_labels to 2024-12-18 00:00:00+00:00, run_after=2024-12-19 00:00:00+00:00
[2024-12-19T07:55:43.389-0800] {processor.py:208} INFO - Processing /Users/rishukhurana/anaconda3/lib/python3.11/site-packages/airflow/example_dags/example_branch_labels.py took 0.156 seconds
[2024-12-19T08:01:43.204-0800] {processor.py:186} INFO - Started process (PID=64213) to work on /Users/rishukhurana/anaconda3/lib/python3.11/site-packages/airflow/example_dags/example_branch_labels.py
[2024-12-19T08:01:43.206-0800] {processor.py:914} INFO - Processing file /Users/rishukhurana/anaconda3/lib/python3.11/site-packages/airflow/example_dags/example_branch_labels.py for tasks to queue
[2024-12-19T08:01:43.207-0800] {logging_mixin.py:190} INFO - [2024-12-19T08:01:43.207-0800] {dagbag.py:588} INFO - Filling up the DagBag from /Users/rishukhurana/anaconda3/lib/python3.11/site-packages/airflow/example_dags/example_branch_labels.py
[2024-12-19T08:01:43.216-0800] {processor.py:925} INFO - DAG(s) 'example_branch_labels' retrieved from /Users/rishukhurana/anaconda3/lib/python3.11/site-packages/airflow/example_dags/example_branch_labels.py
[2024-12-19T08:01:43.305-0800] {logging_mixin.py:190} INFO - [2024-12-19T08:01:43.305-0800] {dag.py:3239} INFO - Sync 1 DAGs
[2024-12-19T08:01:43.322-0800] {logging_mixin.py:190} INFO - [2024-12-19T08:01:43.322-0800] {dag.py:4180} INFO - Setting next_dagrun for example_branch_labels to 2024-12-18 00:00:00+00:00, run_after=2024-12-19 00:00:00+00:00
[2024-12-19T08:01:43.338-0800] {processor.py:208} INFO - Processing /Users/rishukhurana/anaconda3/lib/python3.11/site-packages/airflow/example_dags/example_branch_labels.py took 0.139 seconds
[2024-12-19T08:08:18.523-0800] {processor.py:186} INFO - Started process (PID=64516) to work on /Users/rishukhurana/anaconda3/lib/python3.11/site-packages/airflow/example_dags/example_branch_labels.py
[2024-12-19T08:08:18.526-0800] {processor.py:914} INFO - Processing file /Users/rishukhurana/anaconda3/lib/python3.11/site-packages/airflow/example_dags/example_branch_labels.py for tasks to queue
[2024-12-19T08:08:18.527-0800] {logging_mixin.py:190} INFO - [2024-12-19T08:08:18.527-0800] {dagbag.py:588} INFO - Filling up the DagBag from /Users/rishukhurana/anaconda3/lib/python3.11/site-packages/airflow/example_dags/example_branch_labels.py
[2024-12-19T08:08:18.538-0800] {processor.py:925} INFO - DAG(s) 'example_branch_labels' retrieved from /Users/rishukhurana/anaconda3/lib/python3.11/site-packages/airflow/example_dags/example_branch_labels.py
[2024-12-19T08:08:18.632-0800] {logging_mixin.py:190} INFO - [2024-12-19T08:08:18.632-0800] {dag.py:3239} INFO - Sync 1 DAGs
[2024-12-19T08:08:18.650-0800] {logging_mixin.py:190} INFO - [2024-12-19T08:08:18.649-0800] {dag.py:4180} INFO - Setting next_dagrun for example_branch_labels to 2024-12-18 00:00:00+00:00, run_after=2024-12-19 00:00:00+00:00
[2024-12-19T08:08:18.671-0800] {processor.py:208} INFO - Processing /Users/rishukhurana/anaconda3/lib/python3.11/site-packages/airflow/example_dags/example_branch_labels.py took 0.156 seconds
[2024-12-19T08:14:52.403-0800] {processor.py:186} INFO - Started process (PID=64812) to work on /Users/rishukhurana/anaconda3/lib/python3.11/site-packages/airflow/example_dags/example_branch_labels.py
[2024-12-19T08:14:52.406-0800] {processor.py:914} INFO - Processing file /Users/rishukhurana/anaconda3/lib/python3.11/site-packages/airflow/example_dags/example_branch_labels.py for tasks to queue
[2024-12-19T08:14:52.408-0800] {logging_mixin.py:190} INFO - [2024-12-19T08:14:52.408-0800] {dagbag.py:588} INFO - Filling up the DagBag from /Users/rishukhurana/anaconda3/lib/python3.11/site-packages/airflow/example_dags/example_branch_labels.py
[2024-12-19T08:14:52.420-0800] {processor.py:925} INFO - DAG(s) 'example_branch_labels' retrieved from /Users/rishukhurana/anaconda3/lib/python3.11/site-packages/airflow/example_dags/example_branch_labels.py
[2024-12-19T08:14:52.505-0800] {logging_mixin.py:190} INFO - [2024-12-19T08:14:52.505-0800] {dag.py:3239} INFO - Sync 1 DAGs
[2024-12-19T08:14:52.527-0800] {logging_mixin.py:190} INFO - [2024-12-19T08:14:52.526-0800] {dag.py:4180} INFO - Setting next_dagrun for example_branch_labels to 2024-12-18 00:00:00+00:00, run_after=2024-12-19 00:00:00+00:00
[2024-12-19T08:14:52.546-0800] {processor.py:208} INFO - Processing /Users/rishukhurana/anaconda3/lib/python3.11/site-packages/airflow/example_dags/example_branch_labels.py took 0.150 seconds
[2024-12-19T08:21:34.340-0800] {processor.py:186} INFO - Started process (PID=65129) to work on /Users/rishukhurana/anaconda3/lib/python3.11/site-packages/airflow/example_dags/example_branch_labels.py
[2024-12-19T08:21:34.343-0800] {processor.py:914} INFO - Processing file /Users/rishukhurana/anaconda3/lib/python3.11/site-packages/airflow/example_dags/example_branch_labels.py for tasks to queue
[2024-12-19T08:21:34.344-0800] {logging_mixin.py:190} INFO - [2024-12-19T08:21:34.344-0800] {dagbag.py:588} INFO - Filling up the DagBag from /Users/rishukhurana/anaconda3/lib/python3.11/site-packages/airflow/example_dags/example_branch_labels.py
[2024-12-19T08:21:34.356-0800] {processor.py:925} INFO - DAG(s) 'example_branch_labels' retrieved from /Users/rishukhurana/anaconda3/lib/python3.11/site-packages/airflow/example_dags/example_branch_labels.py
[2024-12-19T08:21:34.458-0800] {logging_mixin.py:190} INFO - [2024-12-19T08:21:34.457-0800] {dag.py:3239} INFO - Sync 1 DAGs
[2024-12-19T08:21:34.477-0800] {logging_mixin.py:190} INFO - [2024-12-19T08:21:34.477-0800] {dag.py:4180} INFO - Setting next_dagrun for example_branch_labels to 2024-12-18 00:00:00+00:00, run_after=2024-12-19 00:00:00+00:00
[2024-12-19T08:21:34.500-0800] {processor.py:208} INFO - Processing /Users/rishukhurana/anaconda3/lib/python3.11/site-packages/airflow/example_dags/example_branch_labels.py took 0.168 seconds
[2024-12-19T08:28:02.539-0800] {processor.py:186} INFO - Started process (PID=65432) to work on /Users/rishukhurana/anaconda3/lib/python3.11/site-packages/airflow/example_dags/example_branch_labels.py
[2024-12-19T08:28:02.541-0800] {processor.py:914} INFO - Processing file /Users/rishukhurana/anaconda3/lib/python3.11/site-packages/airflow/example_dags/example_branch_labels.py for tasks to queue
[2024-12-19T08:28:02.542-0800] {logging_mixin.py:190} INFO - [2024-12-19T08:28:02.542-0800] {dagbag.py:588} INFO - Filling up the DagBag from /Users/rishukhurana/anaconda3/lib/python3.11/site-packages/airflow/example_dags/example_branch_labels.py
[2024-12-19T08:28:02.552-0800] {processor.py:925} INFO - DAG(s) 'example_branch_labels' retrieved from /Users/rishukhurana/anaconda3/lib/python3.11/site-packages/airflow/example_dags/example_branch_labels.py
[2024-12-19T08:28:02.657-0800] {logging_mixin.py:190} INFO - [2024-12-19T08:28:02.656-0800] {dag.py:3239} INFO - Sync 1 DAGs
[2024-12-19T08:28:02.675-0800] {logging_mixin.py:190} INFO - [2024-12-19T08:28:02.675-0800] {dag.py:4180} INFO - Setting next_dagrun for example_branch_labels to 2024-12-18 00:00:00+00:00, run_after=2024-12-19 00:00:00+00:00
[2024-12-19T08:28:02.692-0800] {processor.py:208} INFO - Processing /Users/rishukhurana/anaconda3/lib/python3.11/site-packages/airflow/example_dags/example_branch_labels.py took 0.161 seconds
[2024-12-19T11:14:27.511-0800] {processor.py:186} INFO - Started process (PID=65875) to work on /Users/rishukhurana/anaconda3/lib/python3.11/site-packages/airflow/example_dags/example_branch_labels.py
[2024-12-19T11:14:27.529-0800] {processor.py:914} INFO - Processing file /Users/rishukhurana/anaconda3/lib/python3.11/site-packages/airflow/example_dags/example_branch_labels.py for tasks to queue
[2024-12-19T11:14:27.538-0800] {logging_mixin.py:190} INFO - [2024-12-19T11:14:27.537-0800] {dagbag.py:588} INFO - Filling up the DagBag from /Users/rishukhurana/anaconda3/lib/python3.11/site-packages/airflow/example_dags/example_branch_labels.py
[2024-12-19T11:14:27.630-0800] {processor.py:925} INFO - DAG(s) 'example_branch_labels' retrieved from /Users/rishukhurana/anaconda3/lib/python3.11/site-packages/airflow/example_dags/example_branch_labels.py
[2024-12-19T11:14:28.382-0800] {logging_mixin.py:190} INFO - [2024-12-19T11:14:28.380-0800] {dag.py:3239} INFO - Sync 1 DAGs
[2024-12-19T11:14:28.524-0800] {logging_mixin.py:190} INFO - [2024-12-19T11:14:28.523-0800] {dag.py:4180} INFO - Setting next_dagrun for example_branch_labels to 2024-12-18 00:00:00+00:00, run_after=2024-12-19 00:00:00+00:00
[2024-12-19T11:14:28.638-0800] {processor.py:208} INFO - Processing /Users/rishukhurana/anaconda3/lib/python3.11/site-packages/airflow/example_dags/example_branch_labels.py took 1.179 seconds
[2024-12-19T14:49:06.351-0800] {processor.py:186} INFO - Started process (PID=67946) to work on /Users/rishukhurana/anaconda3/lib/python3.11/site-packages/airflow/example_dags/example_branch_labels.py
[2024-12-19T14:49:06.380-0800] {processor.py:914} INFO - Processing file /Users/rishukhurana/anaconda3/lib/python3.11/site-packages/airflow/example_dags/example_branch_labels.py for tasks to queue
[2024-12-19T14:49:06.409-0800] {logging_mixin.py:190} INFO - [2024-12-19T14:49:06.405-0800] {dagbag.py:588} INFO - Filling up the DagBag from /Users/rishukhurana/anaconda3/lib/python3.11/site-packages/airflow/example_dags/example_branch_labels.py
[2024-12-19T14:49:06.583-0800] {processor.py:925} INFO - DAG(s) 'example_branch_labels' retrieved from /Users/rishukhurana/anaconda3/lib/python3.11/site-packages/airflow/example_dags/example_branch_labels.py
[2024-12-19T14:49:08.255-0800] {logging_mixin.py:190} INFO - [2024-12-19T14:49:08.240-0800] {dag.py:3239} INFO - Sync 1 DAGs
[2024-12-19T14:49:08.573-0800] {logging_mixin.py:190} INFO - [2024-12-19T14:49:08.570-0800] {dag.py:4180} INFO - Setting next_dagrun for example_branch_labels to 2024-12-18 00:00:00+00:00, run_after=2024-12-19 00:00:00+00:00
[2024-12-19T14:49:08.748-0800] {processor.py:208} INFO - Processing /Users/rishukhurana/anaconda3/lib/python3.11/site-packages/airflow/example_dags/example_branch_labels.py took 2.569 seconds
