[2024-12-18T16:12:32.149-0800] {processor.py:186} INFO - Started process (PID=60763) to work on /Users/rishukhurana/anaconda3/lib/python3.11/site-packages/airflow/example_dags/example_branch_python_dop_operator_3.py
[2024-12-18T16:12:32.163-0800] {processor.py:914} INFO - Processing file /Users/rishukhurana/anaconda3/lib/python3.11/site-packages/airflow/example_dags/example_branch_python_dop_operator_3.py for tasks to queue
[2024-12-18T16:12:32.172-0800] {logging_mixin.py:190} INFO - [2024-12-18T16:12:32.171-0800] {dagbag.py:588} INFO - Filling up the DagBag from /Users/rishukhurana/anaconda3/lib/python3.11/site-packages/airflow/example_dags/example_branch_python_dop_operator_3.py
[2024-12-18T16:12:32.483-0800] {processor.py:925} INFO - DAG(s) 'example_branch_dop_operator_v3' retrieved from /Users/rishukhurana/anaconda3/lib/python3.11/site-packages/airflow/example_dags/example_branch_python_dop_operator_3.py
[2024-12-18T16:12:33.187-0800] {logging_mixin.py:190} INFO - [2024-12-18T16:12:33.185-0800] {dag.py:3239} INFO - Sync 1 DAGs
[2024-12-18T16:12:33.340-0800] {logging_mixin.py:190} INFO - [2024-12-18T16:12:33.338-0800] {dag.py:4180} INFO - Setting next_dagrun for example_branch_dop_operator_v3 to 2024-12-19 00:11:00+00:00, run_after=2024-12-19 00:12:00+00:00
[2024-12-18T16:12:33.461-0800] {processor.py:208} INFO - Processing /Users/rishukhurana/anaconda3/lib/python3.11/site-packages/airflow/example_dags/example_branch_python_dop_operator_3.py took 1.363 seconds
[2024-12-18T20:12:25.926-0800] {processor.py:186} INFO - Started process (PID=61322) to work on /Users/rishukhurana/anaconda3/lib/python3.11/site-packages/airflow/example_dags/example_branch_python_dop_operator_3.py
[2024-12-18T20:12:25.944-0800] {processor.py:914} INFO - Processing file /Users/rishukhurana/anaconda3/lib/python3.11/site-packages/airflow/example_dags/example_branch_python_dop_operator_3.py for tasks to queue
[2024-12-18T20:12:25.953-0800] {logging_mixin.py:190} INFO - [2024-12-18T20:12:25.951-0800] {dagbag.py:588} INFO - Filling up the DagBag from /Users/rishukhurana/anaconda3/lib/python3.11/site-packages/airflow/example_dags/example_branch_python_dop_operator_3.py
[2024-12-18T20:12:26.298-0800] {processor.py:925} INFO - DAG(s) 'example_branch_dop_operator_v3' retrieved from /Users/rishukhurana/anaconda3/lib/python3.11/site-packages/airflow/example_dags/example_branch_python_dop_operator_3.py
[2024-12-18T20:12:27.165-0800] {logging_mixin.py:190} INFO - [2024-12-18T20:12:27.160-0800] {dag.py:3239} INFO - Sync 1 DAGs
[2024-12-18T20:12:27.335-0800] {logging_mixin.py:190} INFO - [2024-12-18T20:12:27.333-0800] {dag.py:4180} INFO - Setting next_dagrun for example_branch_dop_operator_v3 to 2024-12-19 04:11:00+00:00, run_after=2024-12-19 04:12:00+00:00
[2024-12-18T20:12:27.525-0800] {processor.py:208} INFO - Processing /Users/rishukhurana/anaconda3/lib/python3.11/site-packages/airflow/example_dags/example_branch_python_dop_operator_3.py took 1.668 seconds
[2024-12-19T00:37:47.736-0800] {processor.py:186} INFO - Started process (PID=61773) to work on /Users/rishukhurana/anaconda3/lib/python3.11/site-packages/airflow/example_dags/example_branch_python_dop_operator_3.py
[2024-12-19T00:37:47.739-0800] {processor.py:914} INFO - Processing file /Users/rishukhurana/anaconda3/lib/python3.11/site-packages/airflow/example_dags/example_branch_python_dop_operator_3.py for tasks to queue
[2024-12-19T00:37:47.740-0800] {logging_mixin.py:190} INFO - [2024-12-19T00:37:47.740-0800] {dagbag.py:588} INFO - Filling up the DagBag from /Users/rishukhurana/anaconda3/lib/python3.11/site-packages/airflow/example_dags/example_branch_python_dop_operator_3.py
[2024-12-19T00:37:47.796-0800] {processor.py:925} INFO - DAG(s) 'example_branch_dop_operator_v3' retrieved from /Users/rishukhurana/anaconda3/lib/python3.11/site-packages/airflow/example_dags/example_branch_python_dop_operator_3.py
[2024-12-19T00:37:47.881-0800] {logging_mixin.py:190} INFO - [2024-12-19T00:37:47.881-0800] {dag.py:3239} INFO - Sync 1 DAGs
[2024-12-19T00:37:47.901-0800] {logging_mixin.py:190} INFO - [2024-12-19T00:37:47.901-0800] {dag.py:4180} INFO - Setting next_dagrun for example_branch_dop_operator_v3 to 2024-12-19 08:36:00+00:00, run_after=2024-12-19 08:37:00+00:00
[2024-12-19T00:37:47.915-0800] {processor.py:208} INFO - Processing /Users/rishukhurana/anaconda3/lib/python3.11/site-packages/airflow/example_dags/example_branch_python_dop_operator_3.py took 0.186 seconds
[2024-12-19T04:03:36.713-0800] {processor.py:186} INFO - Started process (PID=62134) to work on /Users/rishukhurana/anaconda3/lib/python3.11/site-packages/airflow/example_dags/example_branch_python_dop_operator_3.py
[2024-12-19T04:03:36.716-0800] {processor.py:914} INFO - Processing file /Users/rishukhurana/anaconda3/lib/python3.11/site-packages/airflow/example_dags/example_branch_python_dop_operator_3.py for tasks to queue
[2024-12-19T04:03:36.717-0800] {logging_mixin.py:190} INFO - [2024-12-19T04:03:36.717-0800] {dagbag.py:588} INFO - Filling up the DagBag from /Users/rishukhurana/anaconda3/lib/python3.11/site-packages/airflow/example_dags/example_branch_python_dop_operator_3.py
[2024-12-19T04:03:36.769-0800] {processor.py:925} INFO - DAG(s) 'example_branch_dop_operator_v3' retrieved from /Users/rishukhurana/anaconda3/lib/python3.11/site-packages/airflow/example_dags/example_branch_python_dop_operator_3.py
[2024-12-19T04:03:36.848-0800] {logging_mixin.py:190} INFO - [2024-12-19T04:03:36.847-0800] {dag.py:3239} INFO - Sync 1 DAGs
[2024-12-19T04:03:36.869-0800] {logging_mixin.py:190} INFO - [2024-12-19T04:03:36.869-0800] {dag.py:4180} INFO - Setting next_dagrun for example_branch_dop_operator_v3 to 2024-12-19 12:02:00+00:00, run_after=2024-12-19 12:03:00+00:00
[2024-12-19T04:03:36.884-0800] {processor.py:208} INFO - Processing /Users/rishukhurana/anaconda3/lib/python3.11/site-packages/airflow/example_dags/example_branch_python_dop_operator_3.py took 0.178 seconds
[2024-12-19T05:50:46.654-0800] {processor.py:186} INFO - Started process (PID=62438) to work on /Users/rishukhurana/anaconda3/lib/python3.11/site-packages/airflow/example_dags/example_branch_python_dop_operator_3.py
[2024-12-19T05:50:46.658-0800] {processor.py:914} INFO - Processing file /Users/rishukhurana/anaconda3/lib/python3.11/site-packages/airflow/example_dags/example_branch_python_dop_operator_3.py for tasks to queue
[2024-12-19T05:50:46.659-0800] {logging_mixin.py:190} INFO - [2024-12-19T05:50:46.659-0800] {dagbag.py:588} INFO - Filling up the DagBag from /Users/rishukhurana/anaconda3/lib/python3.11/site-packages/airflow/example_dags/example_branch_python_dop_operator_3.py
[2024-12-19T05:50:46.741-0800] {processor.py:925} INFO - DAG(s) 'example_branch_dop_operator_v3' retrieved from /Users/rishukhurana/anaconda3/lib/python3.11/site-packages/airflow/example_dags/example_branch_python_dop_operator_3.py
[2024-12-19T05:50:46.861-0800] {logging_mixin.py:190} INFO - [2024-12-19T05:50:46.861-0800] {dag.py:3239} INFO - Sync 1 DAGs
[2024-12-19T05:50:46.892-0800] {logging_mixin.py:190} INFO - [2024-12-19T05:50:46.892-0800] {dag.py:4180} INFO - Setting next_dagrun for example_branch_dop_operator_v3 to 2024-12-19 13:49:00+00:00, run_after=2024-12-19 13:50:00+00:00
[2024-12-19T05:50:46.914-0800] {processor.py:208} INFO - Processing /Users/rishukhurana/anaconda3/lib/python3.11/site-packages/airflow/example_dags/example_branch_python_dop_operator_3.py took 0.265 seconds
[2024-12-19T07:34:58.866-0800] {processor.py:186} INFO - Started process (PID=62880) to work on /Users/rishukhurana/anaconda3/lib/python3.11/site-packages/airflow/example_dags/example_branch_python_dop_operator_3.py
[2024-12-19T07:34:58.868-0800] {processor.py:914} INFO - Processing file /Users/rishukhurana/anaconda3/lib/python3.11/site-packages/airflow/example_dags/example_branch_python_dop_operator_3.py for tasks to queue
[2024-12-19T07:34:58.870-0800] {logging_mixin.py:190} INFO - [2024-12-19T07:34:58.870-0800] {dagbag.py:588} INFO - Filling up the DagBag from /Users/rishukhurana/anaconda3/lib/python3.11/site-packages/airflow/example_dags/example_branch_python_dop_operator_3.py
[2024-12-19T07:34:58.902-0800] {processor.py:925} INFO - DAG(s) 'example_branch_dop_operator_v3' retrieved from /Users/rishukhurana/anaconda3/lib/python3.11/site-packages/airflow/example_dags/example_branch_python_dop_operator_3.py
[2024-12-19T07:34:58.979-0800] {logging_mixin.py:190} INFO - [2024-12-19T07:34:58.978-0800] {dag.py:3239} INFO - Sync 1 DAGs
[2024-12-19T07:34:58.999-0800] {logging_mixin.py:190} INFO - [2024-12-19T07:34:58.999-0800] {dag.py:4180} INFO - Setting next_dagrun for example_branch_dop_operator_v3 to 2024-12-19 15:33:00+00:00, run_after=2024-12-19 15:34:00+00:00
[2024-12-19T07:34:59.019-0800] {processor.py:208} INFO - Processing /Users/rishukhurana/anaconda3/lib/python3.11/site-packages/airflow/example_dags/example_branch_python_dop_operator_3.py took 0.159 seconds
[2024-12-19T07:40:52.713-0800] {processor.py:186} INFO - Started process (PID=63167) to work on /Users/rishukhurana/anaconda3/lib/python3.11/site-packages/airflow/example_dags/example_branch_python_dop_operator_3.py
[2024-12-19T07:40:52.715-0800] {processor.py:914} INFO - Processing file /Users/rishukhurana/anaconda3/lib/python3.11/site-packages/airflow/example_dags/example_branch_python_dop_operator_3.py for tasks to queue
[2024-12-19T07:40:52.717-0800] {logging_mixin.py:190} INFO - [2024-12-19T07:40:52.717-0800] {dagbag.py:588} INFO - Filling up the DagBag from /Users/rishukhurana/anaconda3/lib/python3.11/site-packages/airflow/example_dags/example_branch_python_dop_operator_3.py
[2024-12-19T07:40:52.750-0800] {processor.py:925} INFO - DAG(s) 'example_branch_dop_operator_v3' retrieved from /Users/rishukhurana/anaconda3/lib/python3.11/site-packages/airflow/example_dags/example_branch_python_dop_operator_3.py
[2024-12-19T07:40:52.827-0800] {logging_mixin.py:190} INFO - [2024-12-19T07:40:52.826-0800] {dag.py:3239} INFO - Sync 1 DAGs
[2024-12-19T07:40:52.845-0800] {logging_mixin.py:190} INFO - [2024-12-19T07:40:52.845-0800] {dag.py:4180} INFO - Setting next_dagrun for example_branch_dop_operator_v3 to 2024-12-19 15:39:00+00:00, run_after=2024-12-19 15:40:00+00:00
[2024-12-19T07:40:52.859-0800] {processor.py:208} INFO - Processing /Users/rishukhurana/anaconda3/lib/python3.11/site-packages/airflow/example_dags/example_branch_python_dop_operator_3.py took 0.153 seconds
[2024-12-19T07:46:46.305-0800] {processor.py:186} INFO - Started process (PID=63458) to work on /Users/rishukhurana/anaconda3/lib/python3.11/site-packages/airflow/example_dags/example_branch_python_dop_operator_3.py
[2024-12-19T07:46:46.307-0800] {processor.py:914} INFO - Processing file /Users/rishukhurana/anaconda3/lib/python3.11/site-packages/airflow/example_dags/example_branch_python_dop_operator_3.py for tasks to queue
[2024-12-19T07:46:46.309-0800] {logging_mixin.py:190} INFO - [2024-12-19T07:46:46.308-0800] {dagbag.py:588} INFO - Filling up the DagBag from /Users/rishukhurana/anaconda3/lib/python3.11/site-packages/airflow/example_dags/example_branch_python_dop_operator_3.py
[2024-12-19T07:46:46.341-0800] {processor.py:925} INFO - DAG(s) 'example_branch_dop_operator_v3' retrieved from /Users/rishukhurana/anaconda3/lib/python3.11/site-packages/airflow/example_dags/example_branch_python_dop_operator_3.py
[2024-12-19T07:46:46.418-0800] {logging_mixin.py:190} INFO - [2024-12-19T07:46:46.418-0800] {dag.py:3239} INFO - Sync 1 DAGs
[2024-12-19T07:46:46.437-0800] {logging_mixin.py:190} INFO - [2024-12-19T07:46:46.436-0800] {dag.py:4180} INFO - Setting next_dagrun for example_branch_dop_operator_v3 to 2024-12-19 15:45:00+00:00, run_after=2024-12-19 15:46:00+00:00
[2024-12-19T07:46:46.452-0800] {processor.py:208} INFO - Processing /Users/rishukhurana/anaconda3/lib/python3.11/site-packages/airflow/example_dags/example_branch_python_dop_operator_3.py took 0.152 seconds
[2024-12-19T07:52:37.260-0800] {processor.py:186} INFO - Started process (PID=63774) to work on /Users/rishukhurana/anaconda3/lib/python3.11/site-packages/airflow/example_dags/example_branch_python_dop_operator_3.py
[2024-12-19T07:52:37.263-0800] {processor.py:914} INFO - Processing file /Users/rishukhurana/anaconda3/lib/python3.11/site-packages/airflow/example_dags/example_branch_python_dop_operator_3.py for tasks to queue
[2024-12-19T07:52:37.264-0800] {logging_mixin.py:190} INFO - [2024-12-19T07:52:37.264-0800] {dagbag.py:588} INFO - Filling up the DagBag from /Users/rishukhurana/anaconda3/lib/python3.11/site-packages/airflow/example_dags/example_branch_python_dop_operator_3.py
[2024-12-19T07:52:37.301-0800] {processor.py:925} INFO - DAG(s) 'example_branch_dop_operator_v3' retrieved from /Users/rishukhurana/anaconda3/lib/python3.11/site-packages/airflow/example_dags/example_branch_python_dop_operator_3.py
[2024-12-19T07:52:37.386-0800] {logging_mixin.py:190} INFO - [2024-12-19T07:52:37.386-0800] {dag.py:3239} INFO - Sync 1 DAGs
[2024-12-19T07:52:37.409-0800] {logging_mixin.py:190} INFO - [2024-12-19T07:52:37.408-0800] {dag.py:4180} INFO - Setting next_dagrun for example_branch_dop_operator_v3 to 2024-12-19 15:51:00+00:00, run_after=2024-12-19 15:52:00+00:00
[2024-12-19T07:52:37.428-0800] {processor.py:208} INFO - Processing /Users/rishukhurana/anaconda3/lib/python3.11/site-packages/airflow/example_dags/example_branch_python_dop_operator_3.py took 0.175 seconds
[2024-12-19T07:58:37.877-0800] {processor.py:186} INFO - Started process (PID=64063) to work on /Users/rishukhurana/anaconda3/lib/python3.11/site-packages/airflow/example_dags/example_branch_python_dop_operator_3.py
[2024-12-19T07:58:37.879-0800] {processor.py:914} INFO - Processing file /Users/rishukhurana/anaconda3/lib/python3.11/site-packages/airflow/example_dags/example_branch_python_dop_operator_3.py for tasks to queue
[2024-12-19T07:58:37.880-0800] {logging_mixin.py:190} INFO - [2024-12-19T07:58:37.880-0800] {dagbag.py:588} INFO - Filling up the DagBag from /Users/rishukhurana/anaconda3/lib/python3.11/site-packages/airflow/example_dags/example_branch_python_dop_operator_3.py
[2024-12-19T07:58:37.922-0800] {processor.py:925} INFO - DAG(s) 'example_branch_dop_operator_v3' retrieved from /Users/rishukhurana/anaconda3/lib/python3.11/site-packages/airflow/example_dags/example_branch_python_dop_operator_3.py
[2024-12-19T07:58:38.015-0800] {logging_mixin.py:190} INFO - [2024-12-19T07:58:38.014-0800] {dag.py:3239} INFO - Sync 1 DAGs
[2024-12-19T07:58:38.042-0800] {logging_mixin.py:190} INFO - [2024-12-19T07:58:38.041-0800] {dag.py:4180} INFO - Setting next_dagrun for example_branch_dop_operator_v3 to 2024-12-19 15:57:00+00:00, run_after=2024-12-19 15:58:00+00:00
[2024-12-19T07:58:38.059-0800] {processor.py:208} INFO - Processing /Users/rishukhurana/anaconda3/lib/python3.11/site-packages/airflow/example_dags/example_branch_python_dop_operator_3.py took 0.190 seconds
[2024-12-19T08:04:46.059-0800] {processor.py:186} INFO - Started process (PID=64352) to work on /Users/rishukhurana/anaconda3/lib/python3.11/site-packages/airflow/example_dags/example_branch_python_dop_operator_3.py
[2024-12-19T08:04:46.061-0800] {processor.py:914} INFO - Processing file /Users/rishukhurana/anaconda3/lib/python3.11/site-packages/airflow/example_dags/example_branch_python_dop_operator_3.py for tasks to queue
[2024-12-19T08:04:46.062-0800] {logging_mixin.py:190} INFO - [2024-12-19T08:04:46.062-0800] {dagbag.py:588} INFO - Filling up the DagBag from /Users/rishukhurana/anaconda3/lib/python3.11/site-packages/airflow/example_dags/example_branch_python_dop_operator_3.py
[2024-12-19T08:04:46.103-0800] {processor.py:925} INFO - DAG(s) 'example_branch_dop_operator_v3' retrieved from /Users/rishukhurana/anaconda3/lib/python3.11/site-packages/airflow/example_dags/example_branch_python_dop_operator_3.py
[2024-12-19T08:04:46.208-0800] {logging_mixin.py:190} INFO - [2024-12-19T08:04:46.207-0800] {dag.py:3239} INFO - Sync 1 DAGs
[2024-12-19T08:04:46.230-0800] {logging_mixin.py:190} INFO - [2024-12-19T08:04:46.229-0800] {dag.py:4180} INFO - Setting next_dagrun for example_branch_dop_operator_v3 to 2024-12-19 16:03:00+00:00, run_after=2024-12-19 16:04:00+00:00
[2024-12-19T08:04:46.251-0800] {processor.py:208} INFO - Processing /Users/rishukhurana/anaconda3/lib/python3.11/site-packages/airflow/example_dags/example_branch_python_dop_operator_3.py took 0.201 seconds
[2024-12-19T08:11:25.997-0800] {processor.py:186} INFO - Started process (PID=64656) to work on /Users/rishukhurana/anaconda3/lib/python3.11/site-packages/airflow/example_dags/example_branch_python_dop_operator_3.py
[2024-12-19T08:11:26.000-0800] {processor.py:914} INFO - Processing file /Users/rishukhurana/anaconda3/lib/python3.11/site-packages/airflow/example_dags/example_branch_python_dop_operator_3.py for tasks to queue
[2024-12-19T08:11:26.001-0800] {logging_mixin.py:190} INFO - [2024-12-19T08:11:26.001-0800] {dagbag.py:588} INFO - Filling up the DagBag from /Users/rishukhurana/anaconda3/lib/python3.11/site-packages/airflow/example_dags/example_branch_python_dop_operator_3.py
[2024-12-19T08:11:26.068-0800] {processor.py:925} INFO - DAG(s) 'example_branch_dop_operator_v3' retrieved from /Users/rishukhurana/anaconda3/lib/python3.11/site-packages/airflow/example_dags/example_branch_python_dop_operator_3.py
[2024-12-19T08:11:26.149-0800] {logging_mixin.py:190} INFO - [2024-12-19T08:11:26.149-0800] {dag.py:3239} INFO - Sync 1 DAGs
[2024-12-19T08:11:26.172-0800] {logging_mixin.py:190} INFO - [2024-12-19T08:11:26.172-0800] {dag.py:4180} INFO - Setting next_dagrun for example_branch_dop_operator_v3 to 2024-12-19 16:10:00+00:00, run_after=2024-12-19 16:11:00+00:00
[2024-12-19T08:11:26.188-0800] {processor.py:208} INFO - Processing /Users/rishukhurana/anaconda3/lib/python3.11/site-packages/airflow/example_dags/example_branch_python_dop_operator_3.py took 0.197 seconds
[2024-12-19T08:18:09.987-0800] {processor.py:186} INFO - Started process (PID=64971) to work on /Users/rishukhurana/anaconda3/lib/python3.11/site-packages/airflow/example_dags/example_branch_python_dop_operator_3.py
[2024-12-19T08:18:09.989-0800] {processor.py:914} INFO - Processing file /Users/rishukhurana/anaconda3/lib/python3.11/site-packages/airflow/example_dags/example_branch_python_dop_operator_3.py for tasks to queue
[2024-12-19T08:18:09.991-0800] {logging_mixin.py:190} INFO - [2024-12-19T08:18:09.991-0800] {dagbag.py:588} INFO - Filling up the DagBag from /Users/rishukhurana/anaconda3/lib/python3.11/site-packages/airflow/example_dags/example_branch_python_dop_operator_3.py
[2024-12-19T08:18:10.028-0800] {processor.py:925} INFO - DAG(s) 'example_branch_dop_operator_v3' retrieved from /Users/rishukhurana/anaconda3/lib/python3.11/site-packages/airflow/example_dags/example_branch_python_dop_operator_3.py
[2024-12-19T08:18:10.118-0800] {logging_mixin.py:190} INFO - [2024-12-19T08:18:10.118-0800] {dag.py:3239} INFO - Sync 1 DAGs
[2024-12-19T08:18:10.145-0800] {logging_mixin.py:190} INFO - [2024-12-19T08:18:10.145-0800] {dag.py:4180} INFO - Setting next_dagrun for example_branch_dop_operator_v3 to 2024-12-19 16:17:00+00:00, run_after=2024-12-19 16:18:00+00:00
[2024-12-19T08:18:10.169-0800] {processor.py:208} INFO - Processing /Users/rishukhurana/anaconda3/lib/python3.11/site-packages/airflow/example_dags/example_branch_python_dop_operator_3.py took 0.187 seconds
[2024-12-19T08:24:41.632-0800] {processor.py:186} INFO - Started process (PID=65275) to work on /Users/rishukhurana/anaconda3/lib/python3.11/site-packages/airflow/example_dags/example_branch_python_dop_operator_3.py
[2024-12-19T08:24:41.634-0800] {processor.py:914} INFO - Processing file /Users/rishukhurana/anaconda3/lib/python3.11/site-packages/airflow/example_dags/example_branch_python_dop_operator_3.py for tasks to queue
[2024-12-19T08:24:41.635-0800] {logging_mixin.py:190} INFO - [2024-12-19T08:24:41.635-0800] {dagbag.py:588} INFO - Filling up the DagBag from /Users/rishukhurana/anaconda3/lib/python3.11/site-packages/airflow/example_dags/example_branch_python_dop_operator_3.py
[2024-12-19T08:24:41.686-0800] {processor.py:925} INFO - DAG(s) 'example_branch_dop_operator_v3' retrieved from /Users/rishukhurana/anaconda3/lib/python3.11/site-packages/airflow/example_dags/example_branch_python_dop_operator_3.py
[2024-12-19T08:24:41.777-0800] {logging_mixin.py:190} INFO - [2024-12-19T08:24:41.777-0800] {dag.py:3239} INFO - Sync 1 DAGs
[2024-12-19T08:24:41.801-0800] {logging_mixin.py:190} INFO - [2024-12-19T08:24:41.801-0800] {dag.py:4180} INFO - Setting next_dagrun for example_branch_dop_operator_v3 to 2024-12-19 16:23:00+00:00, run_after=2024-12-19 16:24:00+00:00
[2024-12-19T08:24:41.822-0800] {processor.py:208} INFO - Processing /Users/rishukhurana/anaconda3/lib/python3.11/site-packages/airflow/example_dags/example_branch_python_dop_operator_3.py took 0.195 seconds
[2024-12-19T08:31:32.098-0800] {processor.py:186} INFO - Started process (PID=65579) to work on /Users/rishukhurana/anaconda3/lib/python3.11/site-packages/airflow/example_dags/example_branch_python_dop_operator_3.py
[2024-12-19T08:31:32.100-0800] {processor.py:914} INFO - Processing file /Users/rishukhurana/anaconda3/lib/python3.11/site-packages/airflow/example_dags/example_branch_python_dop_operator_3.py for tasks to queue
[2024-12-19T08:31:32.101-0800] {logging_mixin.py:190} INFO - [2024-12-19T08:31:32.101-0800] {dagbag.py:588} INFO - Filling up the DagBag from /Users/rishukhurana/anaconda3/lib/python3.11/site-packages/airflow/example_dags/example_branch_python_dop_operator_3.py
[2024-12-19T08:31:32.172-0800] {processor.py:925} INFO - DAG(s) 'example_branch_dop_operator_v3' retrieved from /Users/rishukhurana/anaconda3/lib/python3.11/site-packages/airflow/example_dags/example_branch_python_dop_operator_3.py
[2024-12-19T08:31:32.260-0800] {logging_mixin.py:190} INFO - [2024-12-19T08:31:32.259-0800] {dag.py:3239} INFO - Sync 1 DAGs
[2024-12-19T08:31:32.288-0800] {logging_mixin.py:190} INFO - [2024-12-19T08:31:32.288-0800] {dag.py:4180} INFO - Setting next_dagrun for example_branch_dop_operator_v3 to 2024-12-19 16:30:00+00:00, run_after=2024-12-19 16:31:00+00:00
[2024-12-19T08:31:32.310-0800] {processor.py:208} INFO - Processing /Users/rishukhurana/anaconda3/lib/python3.11/site-packages/airflow/example_dags/example_branch_python_dop_operator_3.py took 0.220 seconds
[2024-12-19T14:16:36.972-0800] {processor.py:186} INFO - Started process (PID=67907) to work on /Users/rishukhurana/anaconda3/lib/python3.11/site-packages/airflow/example_dags/example_branch_python_dop_operator_3.py
[2024-12-19T14:16:37.038-0800] {processor.py:914} INFO - Processing file /Users/rishukhurana/anaconda3/lib/python3.11/site-packages/airflow/example_dags/example_branch_python_dop_operator_3.py for tasks to queue
[2024-12-19T14:16:37.067-0800] {logging_mixin.py:190} INFO - [2024-12-19T14:16:37.060-0800] {dagbag.py:588} INFO - Filling up the DagBag from /Users/rishukhurana/anaconda3/lib/python3.11/site-packages/airflow/example_dags/example_branch_python_dop_operator_3.py
[2024-12-19T14:16:37.604-0800] {processor.py:925} INFO - DAG(s) 'example_branch_dop_operator_v3' retrieved from /Users/rishukhurana/anaconda3/lib/python3.11/site-packages/airflow/example_dags/example_branch_python_dop_operator_3.py
[2024-12-19T14:16:38.564-0800] {logging_mixin.py:190} INFO - [2024-12-19T14:16:38.558-0800] {dag.py:3239} INFO - Sync 1 DAGs
[2024-12-19T14:16:38.782-0800] {logging_mixin.py:190} INFO - [2024-12-19T14:16:38.781-0800] {dag.py:4180} INFO - Setting next_dagrun for example_branch_dop_operator_v3 to 2024-12-19 22:15:00+00:00, run_after=2024-12-19 22:16:00+00:00
[2024-12-19T14:16:38.966-0800] {processor.py:208} INFO - Processing /Users/rishukhurana/anaconda3/lib/python3.11/site-packages/airflow/example_dags/example_branch_python_dop_operator_3.py took 2.056 seconds
