[2024-12-18T16:08:09.534-0800] {processor.py:186} INFO - Started process (PID=60660) to work on /Users/rishukhurana/anaconda3/lib/python3.11/site-packages/airflow/example_dags/example_setup_teardown.py
[2024-12-18T16:08:09.538-0800] {processor.py:914} INFO - Processing file /Users/rishukhurana/anaconda3/lib/python3.11/site-packages/airflow/example_dags/example_setup_teardown.py for tasks to queue
[2024-12-18T16:08:09.539-0800] {logging_mixin.py:190} INFO - [2024-12-18T16:08:09.539-0800] {dagbag.py:588} INFO - Filling up the DagBag from /Users/rishukhurana/anaconda3/lib/python3.11/site-packages/airflow/example_dags/example_setup_teardown.py
[2024-12-18T16:08:09.574-0800] {processor.py:925} INFO - DAG(s) 'example_setup_teardown' retrieved from /Users/rishukhurana/anaconda3/lib/python3.11/site-packages/airflow/example_dags/example_setup_teardown.py
[2024-12-18T16:08:09.695-0800] {logging_mixin.py:190} INFO - [2024-12-18T16:08:09.694-0800] {dag.py:3239} INFO - Sync 1 DAGs
[2024-12-18T16:08:09.709-0800] {logging_mixin.py:190} INFO - [2024-12-18T16:08:09.708-0800] {dag.py:4180} INFO - Setting next_dagrun for example_setup_teardown to None, run_after=None
[2024-12-18T16:08:09.729-0800] {processor.py:208} INFO - Processing /Users/rishukhurana/anaconda3/lib/python3.11/site-packages/airflow/example_dags/example_setup_teardown.py took 0.204 seconds
[2024-12-18T16:15:21.097-0800] {processor.py:186} INFO - Started process (PID=60897) to work on /Users/rishukhurana/anaconda3/lib/python3.11/site-packages/airflow/example_dags/example_setup_teardown.py
[2024-12-18T16:15:21.101-0800] {processor.py:914} INFO - Processing file /Users/rishukhurana/anaconda3/lib/python3.11/site-packages/airflow/example_dags/example_setup_teardown.py for tasks to queue
[2024-12-18T16:15:21.102-0800] {logging_mixin.py:190} INFO - [2024-12-18T16:15:21.102-0800] {dagbag.py:588} INFO - Filling up the DagBag from /Users/rishukhurana/anaconda3/lib/python3.11/site-packages/airflow/example_dags/example_setup_teardown.py
[2024-12-18T16:15:21.112-0800] {processor.py:925} INFO - DAG(s) 'example_setup_teardown' retrieved from /Users/rishukhurana/anaconda3/lib/python3.11/site-packages/airflow/example_dags/example_setup_teardown.py
[2024-12-18T16:15:21.217-0800] {logging_mixin.py:190} INFO - [2024-12-18T16:15:21.217-0800] {dag.py:3239} INFO - Sync 1 DAGs
[2024-12-18T16:15:21.230-0800] {logging_mixin.py:190} INFO - [2024-12-18T16:15:21.230-0800] {dag.py:4180} INFO - Setting next_dagrun for example_setup_teardown to None, run_after=None
[2024-12-18T16:15:21.247-0800] {processor.py:208} INFO - Processing /Users/rishukhurana/anaconda3/lib/python3.11/site-packages/airflow/example_dags/example_setup_teardown.py took 0.157 seconds
[2024-12-18T18:38:47.766-0800] {processor.py:186} INFO - Started process (PID=61180) to work on /Users/rishukhurana/anaconda3/lib/python3.11/site-packages/airflow/example_dags/example_setup_teardown.py
[2024-12-18T18:38:47.781-0800] {processor.py:914} INFO - Processing file /Users/rishukhurana/anaconda3/lib/python3.11/site-packages/airflow/example_dags/example_setup_teardown.py for tasks to queue
[2024-12-18T18:38:47.790-0800] {logging_mixin.py:190} INFO - [2024-12-18T18:38:47.788-0800] {dagbag.py:588} INFO - Filling up the DagBag from /Users/rishukhurana/anaconda3/lib/python3.11/site-packages/airflow/example_dags/example_setup_teardown.py
[2024-12-18T18:38:47.871-0800] {processor.py:925} INFO - DAG(s) 'example_setup_teardown' retrieved from /Users/rishukhurana/anaconda3/lib/python3.11/site-packages/airflow/example_dags/example_setup_teardown.py
[2024-12-18T18:38:48.617-0800] {logging_mixin.py:190} INFO - [2024-12-18T18:38:48.615-0800] {dag.py:3239} INFO - Sync 1 DAGs
[2024-12-18T18:38:48.704-0800] {logging_mixin.py:190} INFO - [2024-12-18T18:38:48.703-0800] {dag.py:4180} INFO - Setting next_dagrun for example_setup_teardown to None, run_after=None
[2024-12-18T18:38:48.822-0800] {processor.py:208} INFO - Processing /Users/rishukhurana/anaconda3/lib/python3.11/site-packages/airflow/example_dags/example_setup_teardown.py took 1.100 seconds
[2024-12-18T22:59:58.078-0800] {processor.py:186} INFO - Started process (PID=61599) to work on /Users/rishukhurana/anaconda3/lib/python3.11/site-packages/airflow/example_dags/example_setup_teardown.py
[2024-12-18T22:59:58.081-0800] {processor.py:914} INFO - Processing file /Users/rishukhurana/anaconda3/lib/python3.11/site-packages/airflow/example_dags/example_setup_teardown.py for tasks to queue
[2024-12-18T22:59:58.083-0800] {logging_mixin.py:190} INFO - [2024-12-18T22:59:58.083-0800] {dagbag.py:588} INFO - Filling up the DagBag from /Users/rishukhurana/anaconda3/lib/python3.11/site-packages/airflow/example_dags/example_setup_teardown.py
[2024-12-18T22:59:58.099-0800] {processor.py:925} INFO - DAG(s) 'example_setup_teardown' retrieved from /Users/rishukhurana/anaconda3/lib/python3.11/site-packages/airflow/example_dags/example_setup_teardown.py
[2024-12-18T22:59:58.210-0800] {logging_mixin.py:190} INFO - [2024-12-18T22:59:58.210-0800] {dag.py:3239} INFO - Sync 1 DAGs
[2024-12-18T22:59:58.226-0800] {logging_mixin.py:190} INFO - [2024-12-18T22:59:58.226-0800] {dag.py:4180} INFO - Setting next_dagrun for example_setup_teardown to None, run_after=None
[2024-12-18T22:59:58.244-0800] {processor.py:208} INFO - Processing /Users/rishukhurana/anaconda3/lib/python3.11/site-packages/airflow/example_dags/example_setup_teardown.py took 0.175 seconds
[2024-12-19T02:34:37.586-0800] {processor.py:186} INFO - Started process (PID=61965) to work on /Users/rishukhurana/anaconda3/lib/python3.11/site-packages/airflow/example_dags/example_setup_teardown.py
[2024-12-19T02:34:37.600-0800] {processor.py:914} INFO - Processing file /Users/rishukhurana/anaconda3/lib/python3.11/site-packages/airflow/example_dags/example_setup_teardown.py for tasks to queue
[2024-12-19T02:34:37.612-0800] {logging_mixin.py:190} INFO - [2024-12-19T02:34:37.609-0800] {dagbag.py:588} INFO - Filling up the DagBag from /Users/rishukhurana/anaconda3/lib/python3.11/site-packages/airflow/example_dags/example_setup_teardown.py
[2024-12-19T02:34:37.699-0800] {processor.py:925} INFO - DAG(s) 'example_setup_teardown' retrieved from /Users/rishukhurana/anaconda3/lib/python3.11/site-packages/airflow/example_dags/example_setup_teardown.py
[2024-12-19T02:34:38.463-0800] {logging_mixin.py:190} INFO - [2024-12-19T02:34:38.461-0800] {dag.py:3239} INFO - Sync 1 DAGs
[2024-12-19T02:34:38.553-0800] {logging_mixin.py:190} INFO - [2024-12-19T02:34:38.552-0800] {dag.py:4180} INFO - Setting next_dagrun for example_setup_teardown to None, run_after=None
[2024-12-19T02:34:38.670-0800] {processor.py:208} INFO - Processing /Users/rishukhurana/anaconda3/lib/python3.11/site-packages/airflow/example_dags/example_setup_teardown.py took 1.128 seconds
[2024-12-19T04:50:51.462-0800] {processor.py:186} INFO - Started process (PID=62308) to work on /Users/rishukhurana/anaconda3/lib/python3.11/site-packages/airflow/example_dags/example_setup_teardown.py
[2024-12-19T04:50:51.464-0800] {processor.py:914} INFO - Processing file /Users/rishukhurana/anaconda3/lib/python3.11/site-packages/airflow/example_dags/example_setup_teardown.py for tasks to queue
[2024-12-19T04:50:51.466-0800] {logging_mixin.py:190} INFO - [2024-12-19T04:50:51.465-0800] {dagbag.py:588} INFO - Filling up the DagBag from /Users/rishukhurana/anaconda3/lib/python3.11/site-packages/airflow/example_dags/example_setup_teardown.py
[2024-12-19T04:50:51.474-0800] {processor.py:925} INFO - DAG(s) 'example_setup_teardown' retrieved from /Users/rishukhurana/anaconda3/lib/python3.11/site-packages/airflow/example_dags/example_setup_teardown.py
[2024-12-19T04:50:51.566-0800] {logging_mixin.py:190} INFO - [2024-12-19T04:50:51.566-0800] {dag.py:3239} INFO - Sync 1 DAGs
[2024-12-19T04:50:51.577-0800] {logging_mixin.py:190} INFO - [2024-12-19T04:50:51.576-0800] {dag.py:4180} INFO - Setting next_dagrun for example_setup_teardown to None, run_after=None
[2024-12-19T04:50:51.600-0800] {processor.py:208} INFO - Processing /Users/rishukhurana/anaconda3/lib/python3.11/site-packages/airflow/example_dags/example_setup_teardown.py took 0.145 seconds
[2024-12-19T05:53:19.925-0800] {processor.py:186} INFO - Started process (PID=62571) to work on /Users/rishukhurana/anaconda3/lib/python3.11/site-packages/airflow/example_dags/example_setup_teardown.py
[2024-12-19T05:53:19.929-0800] {processor.py:914} INFO - Processing file /Users/rishukhurana/anaconda3/lib/python3.11/site-packages/airflow/example_dags/example_setup_teardown.py for tasks to queue
[2024-12-19T05:53:19.930-0800] {logging_mixin.py:190} INFO - [2024-12-19T05:53:19.930-0800] {dagbag.py:588} INFO - Filling up the DagBag from /Users/rishukhurana/anaconda3/lib/python3.11/site-packages/airflow/example_dags/example_setup_teardown.py
[2024-12-19T05:53:19.957-0800] {processor.py:925} INFO - DAG(s) 'example_setup_teardown' retrieved from /Users/rishukhurana/anaconda3/lib/python3.11/site-packages/airflow/example_dags/example_setup_teardown.py
[2024-12-19T05:53:20.088-0800] {logging_mixin.py:190} INFO - [2024-12-19T05:53:20.088-0800] {dag.py:3239} INFO - Sync 1 DAGs
[2024-12-19T05:53:20.106-0800] {logging_mixin.py:190} INFO - [2024-12-19T05:53:20.106-0800] {dag.py:4180} INFO - Setting next_dagrun for example_setup_teardown to None, run_after=None
[2024-12-19T05:53:20.129-0800] {processor.py:208} INFO - Processing /Users/rishukhurana/anaconda3/lib/python3.11/site-packages/airflow/example_dags/example_setup_teardown.py took 0.213 seconds
[2024-12-19T07:33:34.968-0800] {processor.py:186} INFO - Started process (PID=62815) to work on /Users/rishukhurana/anaconda3/lib/python3.11/site-packages/airflow/example_dags/example_setup_teardown.py
[2024-12-19T07:33:34.970-0800] {processor.py:914} INFO - Processing file /Users/rishukhurana/anaconda3/lib/python3.11/site-packages/airflow/example_dags/example_setup_teardown.py for tasks to queue
[2024-12-19T07:33:34.972-0800] {logging_mixin.py:190} INFO - [2024-12-19T07:33:34.972-0800] {dagbag.py:588} INFO - Filling up the DagBag from /Users/rishukhurana/anaconda3/lib/python3.11/site-packages/airflow/example_dags/example_setup_teardown.py
[2024-12-19T07:33:34.980-0800] {processor.py:925} INFO - DAG(s) 'example_setup_teardown' retrieved from /Users/rishukhurana/anaconda3/lib/python3.11/site-packages/airflow/example_dags/example_setup_teardown.py
[2024-12-19T07:33:35.060-0800] {logging_mixin.py:190} INFO - [2024-12-19T07:33:35.060-0800] {dag.py:3239} INFO - Sync 1 DAGs
[2024-12-19T07:33:35.069-0800] {logging_mixin.py:190} INFO - [2024-12-19T07:33:35.069-0800] {dag.py:4180} INFO - Setting next_dagrun for example_setup_teardown to None, run_after=None
[2024-12-19T07:33:35.087-0800] {processor.py:208} INFO - Processing /Users/rishukhurana/anaconda3/lib/python3.11/site-packages/airflow/example_dags/example_setup_teardown.py took 0.126 seconds
[2024-12-19T07:36:52.517-0800] {processor.py:186} INFO - Started process (PID=62974) to work on /Users/rishukhurana/anaconda3/lib/python3.11/site-packages/airflow/example_dags/example_setup_teardown.py
[2024-12-19T07:36:52.519-0800] {processor.py:914} INFO - Processing file /Users/rishukhurana/anaconda3/lib/python3.11/site-packages/airflow/example_dags/example_setup_teardown.py for tasks to queue
[2024-12-19T07:36:52.521-0800] {logging_mixin.py:190} INFO - [2024-12-19T07:36:52.520-0800] {dagbag.py:588} INFO - Filling up the DagBag from /Users/rishukhurana/anaconda3/lib/python3.11/site-packages/airflow/example_dags/example_setup_teardown.py
[2024-12-19T07:36:52.529-0800] {processor.py:925} INFO - DAG(s) 'example_setup_teardown' retrieved from /Users/rishukhurana/anaconda3/lib/python3.11/site-packages/airflow/example_dags/example_setup_teardown.py
[2024-12-19T07:36:52.608-0800] {logging_mixin.py:190} INFO - [2024-12-19T07:36:52.608-0800] {dag.py:3239} INFO - Sync 1 DAGs
[2024-12-19T07:36:52.618-0800] {logging_mixin.py:190} INFO - [2024-12-19T07:36:52.618-0800] {dag.py:4180} INFO - Setting next_dagrun for example_setup_teardown to None, run_after=None
[2024-12-19T07:36:52.640-0800] {processor.py:208} INFO - Processing /Users/rishukhurana/anaconda3/lib/python3.11/site-packages/airflow/example_dags/example_setup_teardown.py took 0.130 seconds
[2024-12-19T07:39:52.379-0800] {processor.py:186} INFO - Started process (PID=63118) to work on /Users/rishukhurana/anaconda3/lib/python3.11/site-packages/airflow/example_dags/example_setup_teardown.py
[2024-12-19T07:39:52.382-0800] {processor.py:914} INFO - Processing file /Users/rishukhurana/anaconda3/lib/python3.11/site-packages/airflow/example_dags/example_setup_teardown.py for tasks to queue
[2024-12-19T07:39:52.383-0800] {logging_mixin.py:190} INFO - [2024-12-19T07:39:52.383-0800] {dagbag.py:588} INFO - Filling up the DagBag from /Users/rishukhurana/anaconda3/lib/python3.11/site-packages/airflow/example_dags/example_setup_teardown.py
[2024-12-19T07:39:52.391-0800] {processor.py:925} INFO - DAG(s) 'example_setup_teardown' retrieved from /Users/rishukhurana/anaconda3/lib/python3.11/site-packages/airflow/example_dags/example_setup_teardown.py
[2024-12-19T07:39:52.471-0800] {logging_mixin.py:190} INFO - [2024-12-19T07:39:52.471-0800] {dag.py:3239} INFO - Sync 1 DAGs
[2024-12-19T07:39:52.480-0800] {logging_mixin.py:190} INFO - [2024-12-19T07:39:52.480-0800] {dag.py:4180} INFO - Setting next_dagrun for example_setup_teardown to None, run_after=None
[2024-12-19T07:39:52.496-0800] {processor.py:208} INFO - Processing /Users/rishukhurana/anaconda3/lib/python3.11/site-packages/airflow/example_dags/example_setup_teardown.py took 0.122 seconds
[2024-12-19T07:42:49.176-0800] {processor.py:186} INFO - Started process (PID=63262) to work on /Users/rishukhurana/anaconda3/lib/python3.11/site-packages/airflow/example_dags/example_setup_teardown.py
[2024-12-19T07:42:49.179-0800] {processor.py:914} INFO - Processing file /Users/rishukhurana/anaconda3/lib/python3.11/site-packages/airflow/example_dags/example_setup_teardown.py for tasks to queue
[2024-12-19T07:42:49.180-0800] {logging_mixin.py:190} INFO - [2024-12-19T07:42:49.180-0800] {dagbag.py:588} INFO - Filling up the DagBag from /Users/rishukhurana/anaconda3/lib/python3.11/site-packages/airflow/example_dags/example_setup_teardown.py
[2024-12-19T07:42:49.189-0800] {processor.py:925} INFO - DAG(s) 'example_setup_teardown' retrieved from /Users/rishukhurana/anaconda3/lib/python3.11/site-packages/airflow/example_dags/example_setup_teardown.py
[2024-12-19T07:42:49.269-0800] {logging_mixin.py:190} INFO - [2024-12-19T07:42:49.269-0800] {dag.py:3239} INFO - Sync 1 DAGs
[2024-12-19T07:42:49.278-0800] {logging_mixin.py:190} INFO - [2024-12-19T07:42:49.278-0800] {dag.py:4180} INFO - Setting next_dagrun for example_setup_teardown to None, run_after=None
[2024-12-19T07:42:49.294-0800] {processor.py:208} INFO - Processing /Users/rishukhurana/anaconda3/lib/python3.11/site-packages/airflow/example_dags/example_setup_teardown.py took 0.124 seconds
[2024-12-19T07:45:45.748-0800] {processor.py:186} INFO - Started process (PID=63409) to work on /Users/rishukhurana/anaconda3/lib/python3.11/site-packages/airflow/example_dags/example_setup_teardown.py
[2024-12-19T07:45:45.751-0800] {processor.py:914} INFO - Processing file /Users/rishukhurana/anaconda3/lib/python3.11/site-packages/airflow/example_dags/example_setup_teardown.py for tasks to queue
[2024-12-19T07:45:45.752-0800] {logging_mixin.py:190} INFO - [2024-12-19T07:45:45.752-0800] {dagbag.py:588} INFO - Filling up the DagBag from /Users/rishukhurana/anaconda3/lib/python3.11/site-packages/airflow/example_dags/example_setup_teardown.py
[2024-12-19T07:45:45.761-0800] {processor.py:925} INFO - DAG(s) 'example_setup_teardown' retrieved from /Users/rishukhurana/anaconda3/lib/python3.11/site-packages/airflow/example_dags/example_setup_teardown.py
[2024-12-19T07:45:45.841-0800] {logging_mixin.py:190} INFO - [2024-12-19T07:45:45.841-0800] {dag.py:3239} INFO - Sync 1 DAGs
[2024-12-19T07:45:45.851-0800] {logging_mixin.py:190} INFO - [2024-12-19T07:45:45.850-0800] {dag.py:4180} INFO - Setting next_dagrun for example_setup_teardown to None, run_after=None
[2024-12-19T07:45:45.867-0800] {processor.py:208} INFO - Processing /Users/rishukhurana/anaconda3/lib/python3.11/site-packages/airflow/example_dags/example_setup_teardown.py took 0.125 seconds
[2024-12-19T07:48:38.281-0800] {processor.py:186} INFO - Started process (PID=63578) to work on /Users/rishukhurana/anaconda3/lib/python3.11/site-packages/airflow/example_dags/example_setup_teardown.py
[2024-12-19T07:48:38.283-0800] {processor.py:914} INFO - Processing file /Users/rishukhurana/anaconda3/lib/python3.11/site-packages/airflow/example_dags/example_setup_teardown.py for tasks to queue
[2024-12-19T07:48:38.285-0800] {logging_mixin.py:190} INFO - [2024-12-19T07:48:38.285-0800] {dagbag.py:588} INFO - Filling up the DagBag from /Users/rishukhurana/anaconda3/lib/python3.11/site-packages/airflow/example_dags/example_setup_teardown.py
[2024-12-19T07:48:38.292-0800] {processor.py:925} INFO - DAG(s) 'example_setup_teardown' retrieved from /Users/rishukhurana/anaconda3/lib/python3.11/site-packages/airflow/example_dags/example_setup_teardown.py
[2024-12-19T07:48:38.375-0800] {logging_mixin.py:190} INFO - [2024-12-19T07:48:38.375-0800] {dag.py:3239} INFO - Sync 1 DAGs
[2024-12-19T07:48:38.385-0800] {logging_mixin.py:190} INFO - [2024-12-19T07:48:38.385-0800] {dag.py:4180} INFO - Setting next_dagrun for example_setup_teardown to None, run_after=None
[2024-12-19T07:48:38.403-0800] {processor.py:208} INFO - Processing /Users/rishukhurana/anaconda3/lib/python3.11/site-packages/airflow/example_dags/example_setup_teardown.py took 0.130 seconds
[2024-12-19T07:51:35.533-0800] {processor.py:186} INFO - Started process (PID=63726) to work on /Users/rishukhurana/anaconda3/lib/python3.11/site-packages/airflow/example_dags/example_setup_teardown.py
[2024-12-19T07:51:35.535-0800] {processor.py:914} INFO - Processing file /Users/rishukhurana/anaconda3/lib/python3.11/site-packages/airflow/example_dags/example_setup_teardown.py for tasks to queue
[2024-12-19T07:51:35.536-0800] {logging_mixin.py:190} INFO - [2024-12-19T07:51:35.536-0800] {dagbag.py:588} INFO - Filling up the DagBag from /Users/rishukhurana/anaconda3/lib/python3.11/site-packages/airflow/example_dags/example_setup_teardown.py
[2024-12-19T07:51:35.544-0800] {processor.py:925} INFO - DAG(s) 'example_setup_teardown' retrieved from /Users/rishukhurana/anaconda3/lib/python3.11/site-packages/airflow/example_dags/example_setup_teardown.py
[2024-12-19T07:51:35.625-0800] {logging_mixin.py:190} INFO - [2024-12-19T07:51:35.624-0800] {dag.py:3239} INFO - Sync 1 DAGs
[2024-12-19T07:51:35.635-0800] {logging_mixin.py:190} INFO - [2024-12-19T07:51:35.634-0800] {dag.py:4180} INFO - Setting next_dagrun for example_setup_teardown to None, run_after=None
[2024-12-19T07:51:35.654-0800] {processor.py:208} INFO - Processing /Users/rishukhurana/anaconda3/lib/python3.11/site-packages/airflow/example_dags/example_setup_teardown.py took 0.128 seconds
[2024-12-19T07:54:35.135-0800] {processor.py:186} INFO - Started process (PID=63867) to work on /Users/rishukhurana/anaconda3/lib/python3.11/site-packages/airflow/example_dags/example_setup_teardown.py
[2024-12-19T07:54:35.137-0800] {processor.py:914} INFO - Processing file /Users/rishukhurana/anaconda3/lib/python3.11/site-packages/airflow/example_dags/example_setup_teardown.py for tasks to queue
[2024-12-19T07:54:35.139-0800] {logging_mixin.py:190} INFO - [2024-12-19T07:54:35.139-0800] {dagbag.py:588} INFO - Filling up the DagBag from /Users/rishukhurana/anaconda3/lib/python3.11/site-packages/airflow/example_dags/example_setup_teardown.py
[2024-12-19T07:54:35.147-0800] {processor.py:925} INFO - DAG(s) 'example_setup_teardown' retrieved from /Users/rishukhurana/anaconda3/lib/python3.11/site-packages/airflow/example_dags/example_setup_teardown.py
[2024-12-19T07:54:35.234-0800] {logging_mixin.py:190} INFO - [2024-12-19T07:54:35.234-0800] {dag.py:3239} INFO - Sync 1 DAGs
[2024-12-19T07:54:35.245-0800] {logging_mixin.py:190} INFO - [2024-12-19T07:54:35.244-0800] {dag.py:4180} INFO - Setting next_dagrun for example_setup_teardown to None, run_after=None
[2024-12-19T07:54:35.260-0800] {processor.py:208} INFO - Processing /Users/rishukhurana/anaconda3/lib/python3.11/site-packages/airflow/example_dags/example_setup_teardown.py took 0.131 seconds
[2024-12-19T07:57:34.513-0800] {processor.py:186} INFO - Started process (PID=64011) to work on /Users/rishukhurana/anaconda3/lib/python3.11/site-packages/airflow/example_dags/example_setup_teardown.py
[2024-12-19T07:57:34.515-0800] {processor.py:914} INFO - Processing file /Users/rishukhurana/anaconda3/lib/python3.11/site-packages/airflow/example_dags/example_setup_teardown.py for tasks to queue
[2024-12-19T07:57:34.516-0800] {logging_mixin.py:190} INFO - [2024-12-19T07:57:34.516-0800] {dagbag.py:588} INFO - Filling up the DagBag from /Users/rishukhurana/anaconda3/lib/python3.11/site-packages/airflow/example_dags/example_setup_teardown.py
[2024-12-19T07:57:34.524-0800] {processor.py:925} INFO - DAG(s) 'example_setup_teardown' retrieved from /Users/rishukhurana/anaconda3/lib/python3.11/site-packages/airflow/example_dags/example_setup_teardown.py
[2024-12-19T07:57:34.615-0800] {logging_mixin.py:190} INFO - [2024-12-19T07:57:34.615-0800] {dag.py:3239} INFO - Sync 1 DAGs
[2024-12-19T07:57:34.627-0800] {logging_mixin.py:190} INFO - [2024-12-19T07:57:34.626-0800] {dag.py:4180} INFO - Setting next_dagrun for example_setup_teardown to None, run_after=None
[2024-12-19T07:57:34.644-0800] {processor.py:208} INFO - Processing /Users/rishukhurana/anaconda3/lib/python3.11/site-packages/airflow/example_dags/example_setup_teardown.py took 0.137 seconds
[2024-12-19T08:00:34.553-0800] {processor.py:186} INFO - Started process (PID=64156) to work on /Users/rishukhurana/anaconda3/lib/python3.11/site-packages/airflow/example_dags/example_setup_teardown.py
[2024-12-19T08:00:34.555-0800] {processor.py:914} INFO - Processing file /Users/rishukhurana/anaconda3/lib/python3.11/site-packages/airflow/example_dags/example_setup_teardown.py for tasks to queue
[2024-12-19T08:00:34.557-0800] {logging_mixin.py:190} INFO - [2024-12-19T08:00:34.556-0800] {dagbag.py:588} INFO - Filling up the DagBag from /Users/rishukhurana/anaconda3/lib/python3.11/site-packages/airflow/example_dags/example_setup_teardown.py
[2024-12-19T08:00:34.566-0800] {processor.py:925} INFO - DAG(s) 'example_setup_teardown' retrieved from /Users/rishukhurana/anaconda3/lib/python3.11/site-packages/airflow/example_dags/example_setup_teardown.py
[2024-12-19T08:00:34.660-0800] {logging_mixin.py:190} INFO - [2024-12-19T08:00:34.660-0800] {dag.py:3239} INFO - Sync 1 DAGs
[2024-12-19T08:00:34.672-0800] {logging_mixin.py:190} INFO - [2024-12-19T08:00:34.671-0800] {dag.py:4180} INFO - Setting next_dagrun for example_setup_teardown to None, run_after=None
[2024-12-19T08:00:34.694-0800] {processor.py:208} INFO - Processing /Users/rishukhurana/anaconda3/lib/python3.11/site-packages/airflow/example_dags/example_setup_teardown.py took 0.148 seconds
[2024-12-19T08:03:36.857-0800] {processor.py:186} INFO - Started process (PID=64302) to work on /Users/rishukhurana/anaconda3/lib/python3.11/site-packages/airflow/example_dags/example_setup_teardown.py
[2024-12-19T08:03:36.860-0800] {processor.py:914} INFO - Processing file /Users/rishukhurana/anaconda3/lib/python3.11/site-packages/airflow/example_dags/example_setup_teardown.py for tasks to queue
[2024-12-19T08:03:36.861-0800] {logging_mixin.py:190} INFO - [2024-12-19T08:03:36.860-0800] {dagbag.py:588} INFO - Filling up the DagBag from /Users/rishukhurana/anaconda3/lib/python3.11/site-packages/airflow/example_dags/example_setup_teardown.py
[2024-12-19T08:03:36.869-0800] {processor.py:925} INFO - DAG(s) 'example_setup_teardown' retrieved from /Users/rishukhurana/anaconda3/lib/python3.11/site-packages/airflow/example_dags/example_setup_teardown.py
[2024-12-19T08:03:36.960-0800] {logging_mixin.py:190} INFO - [2024-12-19T08:03:36.959-0800] {dag.py:3239} INFO - Sync 1 DAGs
[2024-12-19T08:03:36.970-0800] {logging_mixin.py:190} INFO - [2024-12-19T08:03:36.970-0800] {dag.py:4180} INFO - Setting next_dagrun for example_setup_teardown to None, run_after=None
[2024-12-19T08:03:36.993-0800] {processor.py:208} INFO - Processing /Users/rishukhurana/anaconda3/lib/python3.11/site-packages/airflow/example_dags/example_setup_teardown.py took 0.142 seconds
[2024-12-19T08:06:59.064-0800] {processor.py:186} INFO - Started process (PID=64457) to work on /Users/rishukhurana/anaconda3/lib/python3.11/site-packages/airflow/example_dags/example_setup_teardown.py
[2024-12-19T08:06:59.067-0800] {processor.py:914} INFO - Processing file /Users/rishukhurana/anaconda3/lib/python3.11/site-packages/airflow/example_dags/example_setup_teardown.py for tasks to queue
[2024-12-19T08:06:59.069-0800] {logging_mixin.py:190} INFO - [2024-12-19T08:06:59.069-0800] {dagbag.py:588} INFO - Filling up the DagBag from /Users/rishukhurana/anaconda3/lib/python3.11/site-packages/airflow/example_dags/example_setup_teardown.py
[2024-12-19T08:06:59.077-0800] {processor.py:925} INFO - DAG(s) 'example_setup_teardown' retrieved from /Users/rishukhurana/anaconda3/lib/python3.11/site-packages/airflow/example_dags/example_setup_teardown.py
[2024-12-19T08:06:59.167-0800] {logging_mixin.py:190} INFO - [2024-12-19T08:06:59.167-0800] {dag.py:3239} INFO - Sync 1 DAGs
[2024-12-19T08:06:59.177-0800] {logging_mixin.py:190} INFO - [2024-12-19T08:06:59.177-0800] {dag.py:4180} INFO - Setting next_dagrun for example_setup_teardown to None, run_after=None
[2024-12-19T08:06:59.194-0800] {processor.py:208} INFO - Processing /Users/rishukhurana/anaconda3/lib/python3.11/site-packages/airflow/example_dags/example_setup_teardown.py took 0.140 seconds
[2024-12-19T08:10:18.009-0800] {processor.py:186} INFO - Started process (PID=64605) to work on /Users/rishukhurana/anaconda3/lib/python3.11/site-packages/airflow/example_dags/example_setup_teardown.py
[2024-12-19T08:10:18.012-0800] {processor.py:914} INFO - Processing file /Users/rishukhurana/anaconda3/lib/python3.11/site-packages/airflow/example_dags/example_setup_teardown.py for tasks to queue
[2024-12-19T08:10:18.013-0800] {logging_mixin.py:190} INFO - [2024-12-19T08:10:18.012-0800] {dagbag.py:588} INFO - Filling up the DagBag from /Users/rishukhurana/anaconda3/lib/python3.11/site-packages/airflow/example_dags/example_setup_teardown.py
[2024-12-19T08:10:18.021-0800] {processor.py:925} INFO - DAG(s) 'example_setup_teardown' retrieved from /Users/rishukhurana/anaconda3/lib/python3.11/site-packages/airflow/example_dags/example_setup_teardown.py
[2024-12-19T08:10:18.110-0800] {logging_mixin.py:190} INFO - [2024-12-19T08:10:18.109-0800] {dag.py:3239} INFO - Sync 1 DAGs
[2024-12-19T08:10:18.120-0800] {logging_mixin.py:190} INFO - [2024-12-19T08:10:18.120-0800] {dag.py:4180} INFO - Setting next_dagrun for example_setup_teardown to None, run_after=None
[2024-12-19T08:10:18.137-0800] {processor.py:208} INFO - Processing /Users/rishukhurana/anaconda3/lib/python3.11/site-packages/airflow/example_dags/example_setup_teardown.py took 0.136 seconds
[2024-12-19T08:13:30.264-0800] {processor.py:186} INFO - Started process (PID=64753) to work on /Users/rishukhurana/anaconda3/lib/python3.11/site-packages/airflow/example_dags/example_setup_teardown.py
[2024-12-19T08:13:30.266-0800] {processor.py:914} INFO - Processing file /Users/rishukhurana/anaconda3/lib/python3.11/site-packages/airflow/example_dags/example_setup_teardown.py for tasks to queue
[2024-12-19T08:13:30.267-0800] {logging_mixin.py:190} INFO - [2024-12-19T08:13:30.267-0800] {dagbag.py:588} INFO - Filling up the DagBag from /Users/rishukhurana/anaconda3/lib/python3.11/site-packages/airflow/example_dags/example_setup_teardown.py
[2024-12-19T08:13:30.276-0800] {processor.py:925} INFO - DAG(s) 'example_setup_teardown' retrieved from /Users/rishukhurana/anaconda3/lib/python3.11/site-packages/airflow/example_dags/example_setup_teardown.py
[2024-12-19T08:13:30.369-0800] {logging_mixin.py:190} INFO - [2024-12-19T08:13:30.369-0800] {dag.py:3239} INFO - Sync 1 DAGs
[2024-12-19T08:13:30.380-0800] {logging_mixin.py:190} INFO - [2024-12-19T08:13:30.380-0800] {dag.py:4180} INFO - Setting next_dagrun for example_setup_teardown to None, run_after=None
[2024-12-19T08:13:30.400-0800] {processor.py:208} INFO - Processing /Users/rishukhurana/anaconda3/lib/python3.11/site-packages/airflow/example_dags/example_setup_teardown.py took 0.143 seconds
[2024-12-19T08:16:57.266-0800] {processor.py:186} INFO - Started process (PID=64906) to work on /Users/rishukhurana/anaconda3/lib/python3.11/site-packages/airflow/example_dags/example_setup_teardown.py
[2024-12-19T08:16:57.268-0800] {processor.py:914} INFO - Processing file /Users/rishukhurana/anaconda3/lib/python3.11/site-packages/airflow/example_dags/example_setup_teardown.py for tasks to queue
[2024-12-19T08:16:57.269-0800] {logging_mixin.py:190} INFO - [2024-12-19T08:16:57.269-0800] {dagbag.py:588} INFO - Filling up the DagBag from /Users/rishukhurana/anaconda3/lib/python3.11/site-packages/airflow/example_dags/example_setup_teardown.py
[2024-12-19T08:16:57.278-0800] {processor.py:925} INFO - DAG(s) 'example_setup_teardown' retrieved from /Users/rishukhurana/anaconda3/lib/python3.11/site-packages/airflow/example_dags/example_setup_teardown.py
[2024-12-19T08:16:57.372-0800] {logging_mixin.py:190} INFO - [2024-12-19T08:16:57.371-0800] {dag.py:3239} INFO - Sync 1 DAGs
[2024-12-19T08:16:57.382-0800] {logging_mixin.py:190} INFO - [2024-12-19T08:16:57.382-0800] {dag.py:4180} INFO - Setting next_dagrun for example_setup_teardown to None, run_after=None
[2024-12-19T08:16:57.405-0800] {processor.py:208} INFO - Processing /Users/rishukhurana/anaconda3/lib/python3.11/site-packages/airflow/example_dags/example_setup_teardown.py took 0.147 seconds
[2024-12-19T08:20:17.868-0800] {processor.py:186} INFO - Started process (PID=65067) to work on /Users/rishukhurana/anaconda3/lib/python3.11/site-packages/airflow/example_dags/example_setup_teardown.py
[2024-12-19T08:20:17.872-0800] {processor.py:914} INFO - Processing file /Users/rishukhurana/anaconda3/lib/python3.11/site-packages/airflow/example_dags/example_setup_teardown.py for tasks to queue
[2024-12-19T08:20:17.873-0800] {logging_mixin.py:190} INFO - [2024-12-19T08:20:17.873-0800] {dagbag.py:588} INFO - Filling up the DagBag from /Users/rishukhurana/anaconda3/lib/python3.11/site-packages/airflow/example_dags/example_setup_teardown.py
[2024-12-19T08:20:17.883-0800] {processor.py:925} INFO - DAG(s) 'example_setup_teardown' retrieved from /Users/rishukhurana/anaconda3/lib/python3.11/site-packages/airflow/example_dags/example_setup_teardown.py
[2024-12-19T08:20:17.975-0800] {logging_mixin.py:190} INFO - [2024-12-19T08:20:17.975-0800] {dag.py:3239} INFO - Sync 1 DAGs
[2024-12-19T08:20:17.985-0800] {logging_mixin.py:190} INFO - [2024-12-19T08:20:17.985-0800] {dag.py:4180} INFO - Setting next_dagrun for example_setup_teardown to None, run_after=None
[2024-12-19T08:20:18.002-0800] {processor.py:208} INFO - Processing /Users/rishukhurana/anaconda3/lib/python3.11/site-packages/airflow/example_dags/example_setup_teardown.py took 0.139 seconds
[2024-12-19T08:23:28.550-0800] {processor.py:186} INFO - Started process (PID=65220) to work on /Users/rishukhurana/anaconda3/lib/python3.11/site-packages/airflow/example_dags/example_setup_teardown.py
[2024-12-19T08:23:28.552-0800] {processor.py:914} INFO - Processing file /Users/rishukhurana/anaconda3/lib/python3.11/site-packages/airflow/example_dags/example_setup_teardown.py for tasks to queue
[2024-12-19T08:23:28.553-0800] {logging_mixin.py:190} INFO - [2024-12-19T08:23:28.553-0800] {dagbag.py:588} INFO - Filling up the DagBag from /Users/rishukhurana/anaconda3/lib/python3.11/site-packages/airflow/example_dags/example_setup_teardown.py
[2024-12-19T08:23:28.562-0800] {processor.py:925} INFO - DAG(s) 'example_setup_teardown' retrieved from /Users/rishukhurana/anaconda3/lib/python3.11/site-packages/airflow/example_dags/example_setup_teardown.py
[2024-12-19T08:23:28.659-0800] {logging_mixin.py:190} INFO - [2024-12-19T08:23:28.659-0800] {dag.py:3239} INFO - Sync 1 DAGs
[2024-12-19T08:23:28.670-0800] {logging_mixin.py:190} INFO - [2024-12-19T08:23:28.670-0800] {dag.py:4180} INFO - Setting next_dagrun for example_setup_teardown to None, run_after=None
[2024-12-19T08:23:28.693-0800] {processor.py:208} INFO - Processing /Users/rishukhurana/anaconda3/lib/python3.11/site-packages/airflow/example_dags/example_setup_teardown.py took 0.148 seconds
[2024-12-19T08:26:44.199-0800] {processor.py:186} INFO - Started process (PID=65373) to work on /Users/rishukhurana/anaconda3/lib/python3.11/site-packages/airflow/example_dags/example_setup_teardown.py
[2024-12-19T08:26:44.201-0800] {processor.py:914} INFO - Processing file /Users/rishukhurana/anaconda3/lib/python3.11/site-packages/airflow/example_dags/example_setup_teardown.py for tasks to queue
[2024-12-19T08:26:44.202-0800] {logging_mixin.py:190} INFO - [2024-12-19T08:26:44.202-0800] {dagbag.py:588} INFO - Filling up the DagBag from /Users/rishukhurana/anaconda3/lib/python3.11/site-packages/airflow/example_dags/example_setup_teardown.py
[2024-12-19T08:26:44.211-0800] {processor.py:925} INFO - DAG(s) 'example_setup_teardown' retrieved from /Users/rishukhurana/anaconda3/lib/python3.11/site-packages/airflow/example_dags/example_setup_teardown.py
[2024-12-19T08:26:44.305-0800] {logging_mixin.py:190} INFO - [2024-12-19T08:26:44.304-0800] {dag.py:3239} INFO - Sync 1 DAGs
[2024-12-19T08:26:44.316-0800] {logging_mixin.py:190} INFO - [2024-12-19T08:26:44.315-0800] {dag.py:4180} INFO - Setting next_dagrun for example_setup_teardown to None, run_after=None
[2024-12-19T08:26:44.335-0800] {processor.py:208} INFO - Processing /Users/rishukhurana/anaconda3/lib/python3.11/site-packages/airflow/example_dags/example_setup_teardown.py took 0.143 seconds
[2024-12-19T08:30:14.704-0800] {processor.py:186} INFO - Started process (PID=65526) to work on /Users/rishukhurana/anaconda3/lib/python3.11/site-packages/airflow/example_dags/example_setup_teardown.py
[2024-12-19T08:30:14.706-0800] {processor.py:914} INFO - Processing file /Users/rishukhurana/anaconda3/lib/python3.11/site-packages/airflow/example_dags/example_setup_teardown.py for tasks to queue
[2024-12-19T08:30:14.708-0800] {logging_mixin.py:190} INFO - [2024-12-19T08:30:14.707-0800] {dagbag.py:588} INFO - Filling up the DagBag from /Users/rishukhurana/anaconda3/lib/python3.11/site-packages/airflow/example_dags/example_setup_teardown.py
[2024-12-19T08:30:14.716-0800] {processor.py:925} INFO - DAG(s) 'example_setup_teardown' retrieved from /Users/rishukhurana/anaconda3/lib/python3.11/site-packages/airflow/example_dags/example_setup_teardown.py
[2024-12-19T08:30:14.809-0800] {logging_mixin.py:190} INFO - [2024-12-19T08:30:14.808-0800] {dag.py:3239} INFO - Sync 1 DAGs
[2024-12-19T08:30:14.820-0800] {logging_mixin.py:190} INFO - [2024-12-19T08:30:14.819-0800] {dag.py:4180} INFO - Setting next_dagrun for example_setup_teardown to None, run_after=None
[2024-12-19T08:30:14.842-0800] {processor.py:208} INFO - Processing /Users/rishukhurana/anaconda3/lib/python3.11/site-packages/airflow/example_dags/example_setup_teardown.py took 0.143 seconds
[2024-12-19T09:52:51.058-0800] {processor.py:186} INFO - Started process (PID=65751) to work on /Users/rishukhurana/anaconda3/lib/python3.11/site-packages/airflow/example_dags/example_setup_teardown.py
[2024-12-19T09:52:51.067-0800] {processor.py:914} INFO - Processing file /Users/rishukhurana/anaconda3/lib/python3.11/site-packages/airflow/example_dags/example_setup_teardown.py for tasks to queue
[2024-12-19T09:52:51.074-0800] {logging_mixin.py:190} INFO - [2024-12-19T09:52:51.073-0800] {dagbag.py:588} INFO - Filling up the DagBag from /Users/rishukhurana/anaconda3/lib/python3.11/site-packages/airflow/example_dags/example_setup_teardown.py
[2024-12-19T09:52:51.140-0800] {processor.py:925} INFO - DAG(s) 'example_setup_teardown' retrieved from /Users/rishukhurana/anaconda3/lib/python3.11/site-packages/airflow/example_dags/example_setup_teardown.py
[2024-12-19T09:52:51.867-0800] {logging_mixin.py:190} INFO - [2024-12-19T09:52:51.866-0800] {dag.py:3239} INFO - Sync 1 DAGs
[2024-12-19T09:52:51.947-0800] {logging_mixin.py:190} INFO - [2024-12-19T09:52:51.945-0800] {dag.py:4180} INFO - Setting next_dagrun for example_setup_teardown to None, run_after=None
[2024-12-19T09:52:52.065-0800] {processor.py:208} INFO - Processing /Users/rishukhurana/anaconda3/lib/python3.11/site-packages/airflow/example_dags/example_setup_teardown.py took 1.054 seconds
[2024-12-19T13:23:34.980-0800] {processor.py:186} INFO - Started process (PID=66070) to work on /Users/rishukhurana/anaconda3/lib/python3.11/site-packages/airflow/example_dags/example_setup_teardown.py
[2024-12-19T13:23:34.984-0800] {processor.py:914} INFO - Processing file /Users/rishukhurana/anaconda3/lib/python3.11/site-packages/airflow/example_dags/example_setup_teardown.py for tasks to queue
[2024-12-19T13:23:34.986-0800] {logging_mixin.py:190} INFO - [2024-12-19T13:23:34.985-0800] {dagbag.py:588} INFO - Filling up the DagBag from /Users/rishukhurana/anaconda3/lib/python3.11/site-packages/airflow/example_dags/example_setup_teardown.py
[2024-12-19T13:23:34.999-0800] {processor.py:925} INFO - DAG(s) 'example_setup_teardown' retrieved from /Users/rishukhurana/anaconda3/lib/python3.11/site-packages/airflow/example_dags/example_setup_teardown.py
[2024-12-19T13:23:35.104-0800] {logging_mixin.py:190} INFO - [2024-12-19T13:23:35.103-0800] {dag.py:3239} INFO - Sync 1 DAGs
[2024-12-19T13:23:35.121-0800] {logging_mixin.py:190} INFO - [2024-12-19T13:23:35.121-0800] {dag.py:4180} INFO - Setting next_dagrun for example_setup_teardown to None, run_after=None
[2024-12-19T13:23:35.142-0800] {processor.py:208} INFO - Processing /Users/rishukhurana/anaconda3/lib/python3.11/site-packages/airflow/example_dags/example_setup_teardown.py took 0.169 seconds
