[2024-12-18T16:08:37.306-0800] {processor.py:186} INFO - Started process (PID=60678) to work on /Users/rishukhurana/anaconda3/lib/python3.11/site-packages/airflow/example_dags/example_params_ui_tutorial.py
[2024-12-18T16:08:37.309-0800] {processor.py:914} INFO - Processing file /Users/rishukhurana/anaconda3/lib/python3.11/site-packages/airflow/example_dags/example_params_ui_tutorial.py for tasks to queue
[2024-12-18T16:08:37.310-0800] {logging_mixin.py:190} INFO - [2024-12-18T16:08:37.310-0800] {dagbag.py:588} INFO - Filling up the DagBag from /Users/rishukhurana/anaconda3/lib/python3.11/site-packages/airflow/example_dags/example_params_ui_tutorial.py
[2024-12-18T16:08:37.356-0800] {processor.py:925} INFO - DAG(s) 'example_params_ui_tutorial' retrieved from /Users/rishukhurana/anaconda3/lib/python3.11/site-packages/airflow/example_dags/example_params_ui_tutorial.py
[2024-12-18T16:08:37.473-0800] {logging_mixin.py:190} INFO - [2024-12-18T16:08:37.473-0800] {dag.py:3239} INFO - Sync 1 DAGs
[2024-12-18T16:08:37.485-0800] {logging_mixin.py:190} INFO - [2024-12-18T16:08:37.485-0800] {dag.py:4180} INFO - Setting next_dagrun for example_params_ui_tutorial to None, run_after=None
[2024-12-18T16:08:37.509-0800] {processor.py:208} INFO - Processing /Users/rishukhurana/anaconda3/lib/python3.11/site-packages/airflow/example_dags/example_params_ui_tutorial.py took 0.210 seconds
[2024-12-18T16:15:50.154-0800] {processor.py:186} INFO - Started process (PID=60915) to work on /Users/rishukhurana/anaconda3/lib/python3.11/site-packages/airflow/example_dags/example_params_ui_tutorial.py
[2024-12-18T16:15:50.158-0800] {processor.py:914} INFO - Processing file /Users/rishukhurana/anaconda3/lib/python3.11/site-packages/airflow/example_dags/example_params_ui_tutorial.py for tasks to queue
[2024-12-18T16:15:50.164-0800] {logging_mixin.py:190} INFO - [2024-12-18T16:15:50.164-0800] {dagbag.py:588} INFO - Filling up the DagBag from /Users/rishukhurana/anaconda3/lib/python3.11/site-packages/airflow/example_dags/example_params_ui_tutorial.py
[2024-12-18T16:15:50.249-0800] {processor.py:925} INFO - DAG(s) 'example_params_ui_tutorial' retrieved from /Users/rishukhurana/anaconda3/lib/python3.11/site-packages/airflow/example_dags/example_params_ui_tutorial.py
[2024-12-18T16:15:50.435-0800] {logging_mixin.py:190} INFO - [2024-12-18T16:15:50.434-0800] {dag.py:3239} INFO - Sync 1 DAGs
[2024-12-18T16:15:50.453-0800] {logging_mixin.py:190} INFO - [2024-12-18T16:15:50.453-0800] {dag.py:4180} INFO - Setting next_dagrun for example_params_ui_tutorial to None, run_after=None
[2024-12-18T16:15:50.482-0800] {processor.py:208} INFO - Processing /Users/rishukhurana/anaconda3/lib/python3.11/site-packages/airflow/example_dags/example_params_ui_tutorial.py took 0.336 seconds
[2024-12-18T19:10:52.681-0800] {processor.py:186} INFO - Started process (PID=61216) to work on /Users/rishukhurana/anaconda3/lib/python3.11/site-packages/airflow/example_dags/example_params_ui_tutorial.py
[2024-12-18T19:10:52.683-0800] {processor.py:914} INFO - Processing file /Users/rishukhurana/anaconda3/lib/python3.11/site-packages/airflow/example_dags/example_params_ui_tutorial.py for tasks to queue
[2024-12-18T19:10:52.684-0800] {logging_mixin.py:190} INFO - [2024-12-18T19:10:52.684-0800] {dagbag.py:588} INFO - Filling up the DagBag from /Users/rishukhurana/anaconda3/lib/python3.11/site-packages/airflow/example_dags/example_params_ui_tutorial.py
[2024-12-18T19:10:52.714-0800] {processor.py:925} INFO - DAG(s) 'example_params_ui_tutorial' retrieved from /Users/rishukhurana/anaconda3/lib/python3.11/site-packages/airflow/example_dags/example_params_ui_tutorial.py
[2024-12-18T19:10:52.829-0800] {logging_mixin.py:190} INFO - [2024-12-18T19:10:52.829-0800] {dag.py:3239} INFO - Sync 1 DAGs
[2024-12-18T19:10:52.837-0800] {logging_mixin.py:190} INFO - [2024-12-18T19:10:52.837-0800] {dag.py:4180} INFO - Setting next_dagrun for example_params_ui_tutorial to None, run_after=None
[2024-12-18T19:10:52.857-0800] {processor.py:208} INFO - Processing /Users/rishukhurana/anaconda3/lib/python3.11/site-packages/airflow/example_dags/example_params_ui_tutorial.py took 0.183 seconds
[2024-12-18T23:00:34.250-0800] {processor.py:186} INFO - Started process (PID=61619) to work on /Users/rishukhurana/anaconda3/lib/python3.11/site-packages/airflow/example_dags/example_params_ui_tutorial.py
[2024-12-18T23:00:34.252-0800] {processor.py:914} INFO - Processing file /Users/rishukhurana/anaconda3/lib/python3.11/site-packages/airflow/example_dags/example_params_ui_tutorial.py for tasks to queue
[2024-12-18T23:00:34.263-0800] {logging_mixin.py:190} INFO - [2024-12-18T23:00:34.263-0800] {dagbag.py:588} INFO - Filling up the DagBag from /Users/rishukhurana/anaconda3/lib/python3.11/site-packages/airflow/example_dags/example_params_ui_tutorial.py
[2024-12-18T23:00:34.307-0800] {processor.py:925} INFO - DAG(s) 'example_params_ui_tutorial' retrieved from /Users/rishukhurana/anaconda3/lib/python3.11/site-packages/airflow/example_dags/example_params_ui_tutorial.py
[2024-12-18T23:00:34.444-0800] {logging_mixin.py:190} INFO - [2024-12-18T23:00:34.443-0800] {dag.py:3239} INFO - Sync 1 DAGs
[2024-12-18T23:00:34.454-0800] {logging_mixin.py:190} INFO - [2024-12-18T23:00:34.454-0800] {dag.py:4180} INFO - Setting next_dagrun for example_params_ui_tutorial to None, run_after=None
[2024-12-18T23:00:34.479-0800] {processor.py:208} INFO - Processing /Users/rishukhurana/anaconda3/lib/python3.11/site-packages/airflow/example_dags/example_params_ui_tutorial.py took 0.236 seconds
[2024-12-19T03:02:46.474-0800] {processor.py:186} INFO - Started process (PID=62003) to work on /Users/rishukhurana/anaconda3/lib/python3.11/site-packages/airflow/example_dags/example_params_ui_tutorial.py
[2024-12-19T03:02:46.476-0800] {processor.py:914} INFO - Processing file /Users/rishukhurana/anaconda3/lib/python3.11/site-packages/airflow/example_dags/example_params_ui_tutorial.py for tasks to queue
[2024-12-19T03:02:46.478-0800] {logging_mixin.py:190} INFO - [2024-12-19T03:02:46.477-0800] {dagbag.py:588} INFO - Filling up the DagBag from /Users/rishukhurana/anaconda3/lib/python3.11/site-packages/airflow/example_dags/example_params_ui_tutorial.py
[2024-12-19T03:02:46.508-0800] {processor.py:925} INFO - DAG(s) 'example_params_ui_tutorial' retrieved from /Users/rishukhurana/anaconda3/lib/python3.11/site-packages/airflow/example_dags/example_params_ui_tutorial.py
[2024-12-19T03:02:46.776-0800] {logging_mixin.py:190} INFO - [2024-12-19T03:02:46.776-0800] {dag.py:3239} INFO - Sync 1 DAGs
[2024-12-19T03:02:46.785-0800] {logging_mixin.py:190} INFO - [2024-12-19T03:02:46.785-0800] {dag.py:4180} INFO - Setting next_dagrun for example_params_ui_tutorial to None, run_after=None
[2024-12-19T03:02:46.801-0800] {processor.py:208} INFO - Processing /Users/rishukhurana/anaconda3/lib/python3.11/site-packages/airflow/example_dags/example_params_ui_tutorial.py took 0.332 seconds
[2024-12-19T05:06:47.972-0800] {processor.py:186} INFO - Started process (PID=62337) to work on /Users/rishukhurana/anaconda3/lib/python3.11/site-packages/airflow/example_dags/example_params_ui_tutorial.py
[2024-12-19T05:06:47.981-0800] {processor.py:914} INFO - Processing file /Users/rishukhurana/anaconda3/lib/python3.11/site-packages/airflow/example_dags/example_params_ui_tutorial.py for tasks to queue
[2024-12-19T05:06:47.993-0800] {logging_mixin.py:190} INFO - [2024-12-19T05:06:47.991-0800] {dagbag.py:588} INFO - Filling up the DagBag from /Users/rishukhurana/anaconda3/lib/python3.11/site-packages/airflow/example_dags/example_params_ui_tutorial.py
[2024-12-19T05:06:48.248-0800] {processor.py:925} INFO - DAG(s) 'example_params_ui_tutorial' retrieved from /Users/rishukhurana/anaconda3/lib/python3.11/site-packages/airflow/example_dags/example_params_ui_tutorial.py
[2024-12-19T05:06:49.171-0800] {logging_mixin.py:190} INFO - [2024-12-19T05:06:49.170-0800] {dag.py:3239} INFO - Sync 1 DAGs
[2024-12-19T05:06:49.248-0800] {logging_mixin.py:190} INFO - [2024-12-19T05:06:49.247-0800] {dag.py:4180} INFO - Setting next_dagrun for example_params_ui_tutorial to None, run_after=None
[2024-12-19T05:06:49.370-0800] {processor.py:208} INFO - Processing /Users/rishukhurana/anaconda3/lib/python3.11/site-packages/airflow/example_dags/example_params_ui_tutorial.py took 1.454 seconds
[2024-12-19T05:53:49.383-0800] {processor.py:186} INFO - Started process (PID=62590) to work on /Users/rishukhurana/anaconda3/lib/python3.11/site-packages/airflow/example_dags/example_params_ui_tutorial.py
[2024-12-19T05:53:49.385-0800] {processor.py:914} INFO - Processing file /Users/rishukhurana/anaconda3/lib/python3.11/site-packages/airflow/example_dags/example_params_ui_tutorial.py for tasks to queue
[2024-12-19T05:53:49.386-0800] {logging_mixin.py:190} INFO - [2024-12-19T05:53:49.386-0800] {dagbag.py:588} INFO - Filling up the DagBag from /Users/rishukhurana/anaconda3/lib/python3.11/site-packages/airflow/example_dags/example_params_ui_tutorial.py
[2024-12-19T05:53:49.436-0800] {processor.py:925} INFO - DAG(s) 'example_params_ui_tutorial' retrieved from /Users/rishukhurana/anaconda3/lib/python3.11/site-packages/airflow/example_dags/example_params_ui_tutorial.py
[2024-12-19T05:53:49.592-0800] {logging_mixin.py:190} INFO - [2024-12-19T05:53:49.589-0800] {dag.py:3239} INFO - Sync 1 DAGs
[2024-12-19T05:53:49.608-0800] {logging_mixin.py:190} INFO - [2024-12-19T05:53:49.608-0800] {dag.py:4180} INFO - Setting next_dagrun for example_params_ui_tutorial to None, run_after=None
[2024-12-19T05:53:49.645-0800] {processor.py:208} INFO - Processing /Users/rishukhurana/anaconda3/lib/python3.11/site-packages/airflow/example_dags/example_params_ui_tutorial.py took 0.270 seconds
[2024-12-19T07:33:56.027-0800] {processor.py:186} INFO - Started process (PID=62832) to work on /Users/rishukhurana/anaconda3/lib/python3.11/site-packages/airflow/example_dags/example_params_ui_tutorial.py
[2024-12-19T07:33:56.029-0800] {processor.py:914} INFO - Processing file /Users/rishukhurana/anaconda3/lib/python3.11/site-packages/airflow/example_dags/example_params_ui_tutorial.py for tasks to queue
[2024-12-19T07:33:56.031-0800] {logging_mixin.py:190} INFO - [2024-12-19T07:33:56.030-0800] {dagbag.py:588} INFO - Filling up the DagBag from /Users/rishukhurana/anaconda3/lib/python3.11/site-packages/airflow/example_dags/example_params_ui_tutorial.py
[2024-12-19T07:33:56.063-0800] {processor.py:925} INFO - DAG(s) 'example_params_ui_tutorial' retrieved from /Users/rishukhurana/anaconda3/lib/python3.11/site-packages/airflow/example_dags/example_params_ui_tutorial.py
[2024-12-19T07:33:56.163-0800] {logging_mixin.py:190} INFO - [2024-12-19T07:33:56.163-0800] {dag.py:3239} INFO - Sync 1 DAGs
[2024-12-19T07:33:56.172-0800] {logging_mixin.py:190} INFO - [2024-12-19T07:33:56.171-0800] {dag.py:4180} INFO - Setting next_dagrun for example_params_ui_tutorial to None, run_after=None
[2024-12-19T07:33:56.196-0800] {processor.py:208} INFO - Processing /Users/rishukhurana/anaconda3/lib/python3.11/site-packages/airflow/example_dags/example_params_ui_tutorial.py took 0.176 seconds
[2024-12-19T07:37:16.250-0800] {processor.py:186} INFO - Started process (PID=62992) to work on /Users/rishukhurana/anaconda3/lib/python3.11/site-packages/airflow/example_dags/example_params_ui_tutorial.py
[2024-12-19T07:37:16.252-0800] {processor.py:914} INFO - Processing file /Users/rishukhurana/anaconda3/lib/python3.11/site-packages/airflow/example_dags/example_params_ui_tutorial.py for tasks to queue
[2024-12-19T07:37:16.254-0800] {logging_mixin.py:190} INFO - [2024-12-19T07:37:16.253-0800] {dagbag.py:588} INFO - Filling up the DagBag from /Users/rishukhurana/anaconda3/lib/python3.11/site-packages/airflow/example_dags/example_params_ui_tutorial.py
[2024-12-19T07:37:16.284-0800] {processor.py:925} INFO - DAG(s) 'example_params_ui_tutorial' retrieved from /Users/rishukhurana/anaconda3/lib/python3.11/site-packages/airflow/example_dags/example_params_ui_tutorial.py
[2024-12-19T07:37:16.393-0800] {logging_mixin.py:190} INFO - [2024-12-19T07:37:16.393-0800] {dag.py:3239} INFO - Sync 1 DAGs
[2024-12-19T07:37:16.402-0800] {logging_mixin.py:190} INFO - [2024-12-19T07:37:16.402-0800] {dag.py:4180} INFO - Setting next_dagrun for example_params_ui_tutorial to None, run_after=None
[2024-12-19T07:37:16.424-0800] {processor.py:208} INFO - Processing /Users/rishukhurana/anaconda3/lib/python3.11/site-packages/airflow/example_dags/example_params_ui_tutorial.py took 0.181 seconds
[2024-12-19T07:40:12.669-0800] {processor.py:186} INFO - Started process (PID=63134) to work on /Users/rishukhurana/anaconda3/lib/python3.11/site-packages/airflow/example_dags/example_params_ui_tutorial.py
[2024-12-19T07:40:12.672-0800] {processor.py:914} INFO - Processing file /Users/rishukhurana/anaconda3/lib/python3.11/site-packages/airflow/example_dags/example_params_ui_tutorial.py for tasks to queue
[2024-12-19T07:40:12.673-0800] {logging_mixin.py:190} INFO - [2024-12-19T07:40:12.673-0800] {dagbag.py:588} INFO - Filling up the DagBag from /Users/rishukhurana/anaconda3/lib/python3.11/site-packages/airflow/example_dags/example_params_ui_tutorial.py
[2024-12-19T07:40:12.705-0800] {processor.py:925} INFO - DAG(s) 'example_params_ui_tutorial' retrieved from /Users/rishukhurana/anaconda3/lib/python3.11/site-packages/airflow/example_dags/example_params_ui_tutorial.py
[2024-12-19T07:40:12.813-0800] {logging_mixin.py:190} INFO - [2024-12-19T07:40:12.813-0800] {dag.py:3239} INFO - Sync 1 DAGs
[2024-12-19T07:40:12.822-0800] {logging_mixin.py:190} INFO - [2024-12-19T07:40:12.821-0800] {dag.py:4180} INFO - Setting next_dagrun for example_params_ui_tutorial to None, run_after=None
[2024-12-19T07:40:12.844-0800] {processor.py:208} INFO - Processing /Users/rishukhurana/anaconda3/lib/python3.11/site-packages/airflow/example_dags/example_params_ui_tutorial.py took 0.181 seconds
[2024-12-19T07:43:09.566-0800] {processor.py:186} INFO - Started process (PID=63278) to work on /Users/rishukhurana/anaconda3/lib/python3.11/site-packages/airflow/example_dags/example_params_ui_tutorial.py
[2024-12-19T07:43:09.568-0800] {processor.py:914} INFO - Processing file /Users/rishukhurana/anaconda3/lib/python3.11/site-packages/airflow/example_dags/example_params_ui_tutorial.py for tasks to queue
[2024-12-19T07:43:09.569-0800] {logging_mixin.py:190} INFO - [2024-12-19T07:43:09.569-0800] {dagbag.py:588} INFO - Filling up the DagBag from /Users/rishukhurana/anaconda3/lib/python3.11/site-packages/airflow/example_dags/example_params_ui_tutorial.py
[2024-12-19T07:43:09.601-0800] {processor.py:925} INFO - DAG(s) 'example_params_ui_tutorial' retrieved from /Users/rishukhurana/anaconda3/lib/python3.11/site-packages/airflow/example_dags/example_params_ui_tutorial.py
[2024-12-19T07:43:09.700-0800] {logging_mixin.py:190} INFO - [2024-12-19T07:43:09.700-0800] {dag.py:3239} INFO - Sync 1 DAGs
[2024-12-19T07:43:09.708-0800] {logging_mixin.py:190} INFO - [2024-12-19T07:43:09.708-0800] {dag.py:4180} INFO - Setting next_dagrun for example_params_ui_tutorial to None, run_after=None
[2024-12-19T07:43:09.730-0800] {processor.py:208} INFO - Processing /Users/rishukhurana/anaconda3/lib/python3.11/site-packages/airflow/example_dags/example_params_ui_tutorial.py took 0.171 seconds
[2024-12-19T07:46:06.835-0800] {processor.py:186} INFO - Started process (PID=63425) to work on /Users/rishukhurana/anaconda3/lib/python3.11/site-packages/airflow/example_dags/example_params_ui_tutorial.py
[2024-12-19T07:46:06.837-0800] {processor.py:914} INFO - Processing file /Users/rishukhurana/anaconda3/lib/python3.11/site-packages/airflow/example_dags/example_params_ui_tutorial.py for tasks to queue
[2024-12-19T07:46:06.838-0800] {logging_mixin.py:190} INFO - [2024-12-19T07:46:06.838-0800] {dagbag.py:588} INFO - Filling up the DagBag from /Users/rishukhurana/anaconda3/lib/python3.11/site-packages/airflow/example_dags/example_params_ui_tutorial.py
[2024-12-19T07:46:06.871-0800] {processor.py:925} INFO - DAG(s) 'example_params_ui_tutorial' retrieved from /Users/rishukhurana/anaconda3/lib/python3.11/site-packages/airflow/example_dags/example_params_ui_tutorial.py
[2024-12-19T07:46:06.978-0800] {logging_mixin.py:190} INFO - [2024-12-19T07:46:06.978-0800] {dag.py:3239} INFO - Sync 1 DAGs
[2024-12-19T07:46:06.986-0800] {logging_mixin.py:190} INFO - [2024-12-19T07:46:06.986-0800] {dag.py:4180} INFO - Setting next_dagrun for example_params_ui_tutorial to None, run_after=None
[2024-12-19T07:46:07.005-0800] {processor.py:208} INFO - Processing /Users/rishukhurana/anaconda3/lib/python3.11/site-packages/airflow/example_dags/example_params_ui_tutorial.py took 0.176 seconds
[2024-12-19T07:48:58.788-0800] {processor.py:186} INFO - Started process (PID=63598) to work on /Users/rishukhurana/anaconda3/lib/python3.11/site-packages/airflow/example_dags/example_params_ui_tutorial.py
[2024-12-19T07:48:58.790-0800] {processor.py:914} INFO - Processing file /Users/rishukhurana/anaconda3/lib/python3.11/site-packages/airflow/example_dags/example_params_ui_tutorial.py for tasks to queue
[2024-12-19T07:48:58.792-0800] {logging_mixin.py:190} INFO - [2024-12-19T07:48:58.791-0800] {dagbag.py:588} INFO - Filling up the DagBag from /Users/rishukhurana/anaconda3/lib/python3.11/site-packages/airflow/example_dags/example_params_ui_tutorial.py
[2024-12-19T07:48:58.824-0800] {processor.py:925} INFO - DAG(s) 'example_params_ui_tutorial' retrieved from /Users/rishukhurana/anaconda3/lib/python3.11/site-packages/airflow/example_dags/example_params_ui_tutorial.py
[2024-12-19T07:48:58.923-0800] {logging_mixin.py:190} INFO - [2024-12-19T07:48:58.923-0800] {dag.py:3239} INFO - Sync 1 DAGs
[2024-12-19T07:48:58.931-0800] {logging_mixin.py:190} INFO - [2024-12-19T07:48:58.931-0800] {dag.py:4180} INFO - Setting next_dagrun for example_params_ui_tutorial to None, run_after=None
[2024-12-19T07:48:58.955-0800] {processor.py:208} INFO - Processing /Users/rishukhurana/anaconda3/lib/python3.11/site-packages/airflow/example_dags/example_params_ui_tutorial.py took 0.174 seconds
[2024-12-19T07:51:56.642-0800] {processor.py:186} INFO - Started process (PID=63742) to work on /Users/rishukhurana/anaconda3/lib/python3.11/site-packages/airflow/example_dags/example_params_ui_tutorial.py
[2024-12-19T07:51:56.644-0800] {processor.py:914} INFO - Processing file /Users/rishukhurana/anaconda3/lib/python3.11/site-packages/airflow/example_dags/example_params_ui_tutorial.py for tasks to queue
[2024-12-19T07:51:56.646-0800] {logging_mixin.py:190} INFO - [2024-12-19T07:51:56.645-0800] {dagbag.py:588} INFO - Filling up the DagBag from /Users/rishukhurana/anaconda3/lib/python3.11/site-packages/airflow/example_dags/example_params_ui_tutorial.py
[2024-12-19T07:51:56.677-0800] {processor.py:925} INFO - DAG(s) 'example_params_ui_tutorial' retrieved from /Users/rishukhurana/anaconda3/lib/python3.11/site-packages/airflow/example_dags/example_params_ui_tutorial.py
[2024-12-19T07:51:56.793-0800] {logging_mixin.py:190} INFO - [2024-12-19T07:51:56.793-0800] {dag.py:3239} INFO - Sync 1 DAGs
[2024-12-19T07:51:56.803-0800] {logging_mixin.py:190} INFO - [2024-12-19T07:51:56.802-0800] {dag.py:4180} INFO - Setting next_dagrun for example_params_ui_tutorial to None, run_after=None
[2024-12-19T07:51:56.819-0800] {processor.py:208} INFO - Processing /Users/rishukhurana/anaconda3/lib/python3.11/site-packages/airflow/example_dags/example_params_ui_tutorial.py took 0.183 seconds
[2024-12-19T07:54:56.451-0800] {processor.py:186} INFO - Started process (PID=63885) to work on /Users/rishukhurana/anaconda3/lib/python3.11/site-packages/airflow/example_dags/example_params_ui_tutorial.py
[2024-12-19T07:54:56.453-0800] {processor.py:914} INFO - Processing file /Users/rishukhurana/anaconda3/lib/python3.11/site-packages/airflow/example_dags/example_params_ui_tutorial.py for tasks to queue
[2024-12-19T07:54:56.454-0800] {logging_mixin.py:190} INFO - [2024-12-19T07:54:56.453-0800] {dagbag.py:588} INFO - Filling up the DagBag from /Users/rishukhurana/anaconda3/lib/python3.11/site-packages/airflow/example_dags/example_params_ui_tutorial.py
[2024-12-19T07:54:56.486-0800] {processor.py:925} INFO - DAG(s) 'example_params_ui_tutorial' retrieved from /Users/rishukhurana/anaconda3/lib/python3.11/site-packages/airflow/example_dags/example_params_ui_tutorial.py
[2024-12-19T07:54:56.599-0800] {logging_mixin.py:190} INFO - [2024-12-19T07:54:56.598-0800] {dag.py:3239} INFO - Sync 1 DAGs
[2024-12-19T07:54:56.607-0800] {logging_mixin.py:190} INFO - [2024-12-19T07:54:56.607-0800] {dag.py:4180} INFO - Setting next_dagrun for example_params_ui_tutorial to None, run_after=None
[2024-12-19T07:54:56.626-0800] {processor.py:208} INFO - Processing /Users/rishukhurana/anaconda3/lib/python3.11/site-packages/airflow/example_dags/example_params_ui_tutorial.py took 0.182 seconds
[2024-12-19T07:57:55.505-0800] {processor.py:186} INFO - Started process (PID=64028) to work on /Users/rishukhurana/anaconda3/lib/python3.11/site-packages/airflow/example_dags/example_params_ui_tutorial.py
[2024-12-19T07:57:55.507-0800] {processor.py:914} INFO - Processing file /Users/rishukhurana/anaconda3/lib/python3.11/site-packages/airflow/example_dags/example_params_ui_tutorial.py for tasks to queue
[2024-12-19T07:57:55.508-0800] {logging_mixin.py:190} INFO - [2024-12-19T07:57:55.508-0800] {dagbag.py:588} INFO - Filling up the DagBag from /Users/rishukhurana/anaconda3/lib/python3.11/site-packages/airflow/example_dags/example_params_ui_tutorial.py
[2024-12-19T07:57:55.542-0800] {processor.py:925} INFO - DAG(s) 'example_params_ui_tutorial' retrieved from /Users/rishukhurana/anaconda3/lib/python3.11/site-packages/airflow/example_dags/example_params_ui_tutorial.py
[2024-12-19T07:57:55.657-0800] {logging_mixin.py:190} INFO - [2024-12-19T07:57:55.657-0800] {dag.py:3239} INFO - Sync 1 DAGs
[2024-12-19T07:57:55.666-0800] {logging_mixin.py:190} INFO - [2024-12-19T07:57:55.666-0800] {dag.py:4180} INFO - Setting next_dagrun for example_params_ui_tutorial to None, run_after=None
[2024-12-19T07:57:55.690-0800] {processor.py:208} INFO - Processing /Users/rishukhurana/anaconda3/lib/python3.11/site-packages/airflow/example_dags/example_params_ui_tutorial.py took 0.192 seconds
[2024-12-19T08:00:55.103-0800] {processor.py:186} INFO - Started process (PID=64173) to work on /Users/rishukhurana/anaconda3/lib/python3.11/site-packages/airflow/example_dags/example_params_ui_tutorial.py
[2024-12-19T08:00:55.105-0800] {processor.py:914} INFO - Processing file /Users/rishukhurana/anaconda3/lib/python3.11/site-packages/airflow/example_dags/example_params_ui_tutorial.py for tasks to queue
[2024-12-19T08:00:55.107-0800] {logging_mixin.py:190} INFO - [2024-12-19T08:00:55.106-0800] {dagbag.py:588} INFO - Filling up the DagBag from /Users/rishukhurana/anaconda3/lib/python3.11/site-packages/airflow/example_dags/example_params_ui_tutorial.py
[2024-12-19T08:00:55.143-0800] {processor.py:925} INFO - DAG(s) 'example_params_ui_tutorial' retrieved from /Users/rishukhurana/anaconda3/lib/python3.11/site-packages/airflow/example_dags/example_params_ui_tutorial.py
[2024-12-19T08:00:55.256-0800] {logging_mixin.py:190} INFO - [2024-12-19T08:00:55.255-0800] {dag.py:3239} INFO - Sync 1 DAGs
[2024-12-19T08:00:55.265-0800] {logging_mixin.py:190} INFO - [2024-12-19T08:00:55.265-0800] {dag.py:4180} INFO - Setting next_dagrun for example_params_ui_tutorial to None, run_after=None
[2024-12-19T08:00:55.283-0800] {processor.py:208} INFO - Processing /Users/rishukhurana/anaconda3/lib/python3.11/site-packages/airflow/example_dags/example_params_ui_tutorial.py took 0.187 seconds
[2024-12-19T08:04:02.616-0800] {processor.py:186} INFO - Started process (PID=64320) to work on /Users/rishukhurana/anaconda3/lib/python3.11/site-packages/airflow/example_dags/example_params_ui_tutorial.py
[2024-12-19T08:04:02.618-0800] {processor.py:914} INFO - Processing file /Users/rishukhurana/anaconda3/lib/python3.11/site-packages/airflow/example_dags/example_params_ui_tutorial.py for tasks to queue
[2024-12-19T08:04:02.619-0800] {logging_mixin.py:190} INFO - [2024-12-19T08:04:02.619-0800] {dagbag.py:588} INFO - Filling up the DagBag from /Users/rishukhurana/anaconda3/lib/python3.11/site-packages/airflow/example_dags/example_params_ui_tutorial.py
[2024-12-19T08:04:02.667-0800] {processor.py:925} INFO - DAG(s) 'example_params_ui_tutorial' retrieved from /Users/rishukhurana/anaconda3/lib/python3.11/site-packages/airflow/example_dags/example_params_ui_tutorial.py
[2024-12-19T08:04:02.794-0800] {logging_mixin.py:190} INFO - [2024-12-19T08:04:02.794-0800] {dag.py:3239} INFO - Sync 1 DAGs
[2024-12-19T08:04:02.805-0800] {logging_mixin.py:190} INFO - [2024-12-19T08:04:02.805-0800] {dag.py:4180} INFO - Setting next_dagrun for example_params_ui_tutorial to None, run_after=None
[2024-12-19T08:04:02.824-0800] {processor.py:208} INFO - Processing /Users/rishukhurana/anaconda3/lib/python3.11/site-packages/airflow/example_dags/example_params_ui_tutorial.py took 0.216 seconds
[2024-12-19T08:07:21.111-0800] {processor.py:186} INFO - Started process (PID=64473) to work on /Users/rishukhurana/anaconda3/lib/python3.11/site-packages/airflow/example_dags/example_params_ui_tutorial.py
[2024-12-19T08:07:21.113-0800] {processor.py:914} INFO - Processing file /Users/rishukhurana/anaconda3/lib/python3.11/site-packages/airflow/example_dags/example_params_ui_tutorial.py for tasks to queue
[2024-12-19T08:07:21.114-0800] {logging_mixin.py:190} INFO - [2024-12-19T08:07:21.114-0800] {dagbag.py:588} INFO - Filling up the DagBag from /Users/rishukhurana/anaconda3/lib/python3.11/site-packages/airflow/example_dags/example_params_ui_tutorial.py
[2024-12-19T08:07:21.147-0800] {processor.py:925} INFO - DAG(s) 'example_params_ui_tutorial' retrieved from /Users/rishukhurana/anaconda3/lib/python3.11/site-packages/airflow/example_dags/example_params_ui_tutorial.py
[2024-12-19T08:07:21.256-0800] {logging_mixin.py:190} INFO - [2024-12-19T08:07:21.255-0800] {dag.py:3239} INFO - Sync 1 DAGs
[2024-12-19T08:07:21.265-0800] {logging_mixin.py:190} INFO - [2024-12-19T08:07:21.265-0800] {dag.py:4180} INFO - Setting next_dagrun for example_params_ui_tutorial to None, run_after=None
[2024-12-19T08:07:21.282-0800] {processor.py:208} INFO - Processing /Users/rishukhurana/anaconda3/lib/python3.11/site-packages/airflow/example_dags/example_params_ui_tutorial.py took 0.177 seconds
[2024-12-19T08:10:40.089-0800] {processor.py:186} INFO - Started process (PID=64623) to work on /Users/rishukhurana/anaconda3/lib/python3.11/site-packages/airflow/example_dags/example_params_ui_tutorial.py
[2024-12-19T08:10:40.091-0800] {processor.py:914} INFO - Processing file /Users/rishukhurana/anaconda3/lib/python3.11/site-packages/airflow/example_dags/example_params_ui_tutorial.py for tasks to queue
[2024-12-19T08:10:40.092-0800] {logging_mixin.py:190} INFO - [2024-12-19T08:10:40.092-0800] {dagbag.py:588} INFO - Filling up the DagBag from /Users/rishukhurana/anaconda3/lib/python3.11/site-packages/airflow/example_dags/example_params_ui_tutorial.py
[2024-12-19T08:10:40.127-0800] {processor.py:925} INFO - DAG(s) 'example_params_ui_tutorial' retrieved from /Users/rishukhurana/anaconda3/lib/python3.11/site-packages/airflow/example_dags/example_params_ui_tutorial.py
[2024-12-19T08:10:40.235-0800] {logging_mixin.py:190} INFO - [2024-12-19T08:10:40.235-0800] {dag.py:3239} INFO - Sync 1 DAGs
[2024-12-19T08:10:40.245-0800] {logging_mixin.py:190} INFO - [2024-12-19T08:10:40.244-0800] {dag.py:4180} INFO - Setting next_dagrun for example_params_ui_tutorial to None, run_after=None
[2024-12-19T08:10:40.267-0800] {processor.py:208} INFO - Processing /Users/rishukhurana/anaconda3/lib/python3.11/site-packages/airflow/example_dags/example_params_ui_tutorial.py took 0.186 seconds
[2024-12-19T08:13:52.096-0800] {processor.py:186} INFO - Started process (PID=64770) to work on /Users/rishukhurana/anaconda3/lib/python3.11/site-packages/airflow/example_dags/example_params_ui_tutorial.py
[2024-12-19T08:13:52.099-0800] {processor.py:914} INFO - Processing file /Users/rishukhurana/anaconda3/lib/python3.11/site-packages/airflow/example_dags/example_params_ui_tutorial.py for tasks to queue
[2024-12-19T08:13:52.100-0800] {logging_mixin.py:190} INFO - [2024-12-19T08:13:52.100-0800] {dagbag.py:588} INFO - Filling up the DagBag from /Users/rishukhurana/anaconda3/lib/python3.11/site-packages/airflow/example_dags/example_params_ui_tutorial.py
[2024-12-19T08:13:52.135-0800] {processor.py:925} INFO - DAG(s) 'example_params_ui_tutorial' retrieved from /Users/rishukhurana/anaconda3/lib/python3.11/site-packages/airflow/example_dags/example_params_ui_tutorial.py
[2024-12-19T08:13:52.248-0800] {logging_mixin.py:190} INFO - [2024-12-19T08:13:52.248-0800] {dag.py:3239} INFO - Sync 1 DAGs
[2024-12-19T08:13:52.258-0800] {logging_mixin.py:190} INFO - [2024-12-19T08:13:52.258-0800] {dag.py:4180} INFO - Setting next_dagrun for example_params_ui_tutorial to None, run_after=None
[2024-12-19T08:13:52.281-0800] {processor.py:208} INFO - Processing /Users/rishukhurana/anaconda3/lib/python3.11/site-packages/airflow/example_dags/example_params_ui_tutorial.py took 0.191 seconds
[2024-12-19T08:17:19.427-0800] {processor.py:186} INFO - Started process (PID=64924) to work on /Users/rishukhurana/anaconda3/lib/python3.11/site-packages/airflow/example_dags/example_params_ui_tutorial.py
[2024-12-19T08:17:19.429-0800] {processor.py:914} INFO - Processing file /Users/rishukhurana/anaconda3/lib/python3.11/site-packages/airflow/example_dags/example_params_ui_tutorial.py for tasks to queue
[2024-12-19T08:17:19.431-0800] {logging_mixin.py:190} INFO - [2024-12-19T08:17:19.430-0800] {dagbag.py:588} INFO - Filling up the DagBag from /Users/rishukhurana/anaconda3/lib/python3.11/site-packages/airflow/example_dags/example_params_ui_tutorial.py
[2024-12-19T08:17:19.465-0800] {processor.py:925} INFO - DAG(s) 'example_params_ui_tutorial' retrieved from /Users/rishukhurana/anaconda3/lib/python3.11/site-packages/airflow/example_dags/example_params_ui_tutorial.py
[2024-12-19T08:17:19.576-0800] {logging_mixin.py:190} INFO - [2024-12-19T08:17:19.576-0800] {dag.py:3239} INFO - Sync 1 DAGs
[2024-12-19T08:17:19.585-0800] {logging_mixin.py:190} INFO - [2024-12-19T08:17:19.585-0800] {dag.py:4180} INFO - Setting next_dagrun for example_params_ui_tutorial to None, run_after=None
[2024-12-19T08:17:19.602-0800] {processor.py:208} INFO - Processing /Users/rishukhurana/anaconda3/lib/python3.11/site-packages/airflow/example_dags/example_params_ui_tutorial.py took 0.181 seconds
[2024-12-19T08:20:40.019-0800] {processor.py:186} INFO - Started process (PID=65085) to work on /Users/rishukhurana/anaconda3/lib/python3.11/site-packages/airflow/example_dags/example_params_ui_tutorial.py
[2024-12-19T08:20:40.021-0800] {processor.py:914} INFO - Processing file /Users/rishukhurana/anaconda3/lib/python3.11/site-packages/airflow/example_dags/example_params_ui_tutorial.py for tasks to queue
[2024-12-19T08:20:40.023-0800] {logging_mixin.py:190} INFO - [2024-12-19T08:20:40.023-0800] {dagbag.py:588} INFO - Filling up the DagBag from /Users/rishukhurana/anaconda3/lib/python3.11/site-packages/airflow/example_dags/example_params_ui_tutorial.py
[2024-12-19T08:20:40.059-0800] {processor.py:925} INFO - DAG(s) 'example_params_ui_tutorial' retrieved from /Users/rishukhurana/anaconda3/lib/python3.11/site-packages/airflow/example_dags/example_params_ui_tutorial.py
[2024-12-19T08:20:40.176-0800] {logging_mixin.py:190} INFO - [2024-12-19T08:20:40.175-0800] {dag.py:3239} INFO - Sync 1 DAGs
[2024-12-19T08:20:40.185-0800] {logging_mixin.py:190} INFO - [2024-12-19T08:20:40.185-0800] {dag.py:4180} INFO - Setting next_dagrun for example_params_ui_tutorial to None, run_after=None
[2024-12-19T08:20:40.208-0800] {processor.py:208} INFO - Processing /Users/rishukhurana/anaconda3/lib/python3.11/site-packages/airflow/example_dags/example_params_ui_tutorial.py took 0.195 seconds
[2024-12-19T08:23:50.321-0800] {processor.py:186} INFO - Started process (PID=65237) to work on /Users/rishukhurana/anaconda3/lib/python3.11/site-packages/airflow/example_dags/example_params_ui_tutorial.py
[2024-12-19T08:23:50.323-0800] {processor.py:914} INFO - Processing file /Users/rishukhurana/anaconda3/lib/python3.11/site-packages/airflow/example_dags/example_params_ui_tutorial.py for tasks to queue
[2024-12-19T08:23:50.324-0800] {logging_mixin.py:190} INFO - [2024-12-19T08:23:50.324-0800] {dagbag.py:588} INFO - Filling up the DagBag from /Users/rishukhurana/anaconda3/lib/python3.11/site-packages/airflow/example_dags/example_params_ui_tutorial.py
[2024-12-19T08:23:50.362-0800] {processor.py:925} INFO - DAG(s) 'example_params_ui_tutorial' retrieved from /Users/rishukhurana/anaconda3/lib/python3.11/site-packages/airflow/example_dags/example_params_ui_tutorial.py
[2024-12-19T08:23:50.475-0800] {logging_mixin.py:190} INFO - [2024-12-19T08:23:50.475-0800] {dag.py:3239} INFO - Sync 1 DAGs
[2024-12-19T08:23:50.484-0800] {logging_mixin.py:190} INFO - [2024-12-19T08:23:50.484-0800] {dag.py:4180} INFO - Setting next_dagrun for example_params_ui_tutorial to None, run_after=None
[2024-12-19T08:23:50.500-0800] {processor.py:208} INFO - Processing /Users/rishukhurana/anaconda3/lib/python3.11/site-packages/airflow/example_dags/example_params_ui_tutorial.py took 0.188 seconds
[2024-12-19T08:27:05.701-0800] {processor.py:186} INFO - Started process (PID=65389) to work on /Users/rishukhurana/anaconda3/lib/python3.11/site-packages/airflow/example_dags/example_params_ui_tutorial.py
[2024-12-19T08:27:05.703-0800] {processor.py:914} INFO - Processing file /Users/rishukhurana/anaconda3/lib/python3.11/site-packages/airflow/example_dags/example_params_ui_tutorial.py for tasks to queue
[2024-12-19T08:27:05.705-0800] {logging_mixin.py:190} INFO - [2024-12-19T08:27:05.705-0800] {dagbag.py:588} INFO - Filling up the DagBag from /Users/rishukhurana/anaconda3/lib/python3.11/site-packages/airflow/example_dags/example_params_ui_tutorial.py
[2024-12-19T08:27:05.740-0800] {processor.py:925} INFO - DAG(s) 'example_params_ui_tutorial' retrieved from /Users/rishukhurana/anaconda3/lib/python3.11/site-packages/airflow/example_dags/example_params_ui_tutorial.py
[2024-12-19T08:27:05.853-0800] {logging_mixin.py:190} INFO - [2024-12-19T08:27:05.853-0800] {dag.py:3239} INFO - Sync 1 DAGs
[2024-12-19T08:27:05.863-0800] {logging_mixin.py:190} INFO - [2024-12-19T08:27:05.862-0800] {dag.py:4180} INFO - Setting next_dagrun for example_params_ui_tutorial to None, run_after=None
[2024-12-19T08:27:05.880-0800] {processor.py:208} INFO - Processing /Users/rishukhurana/anaconda3/lib/python3.11/site-packages/airflow/example_dags/example_params_ui_tutorial.py took 0.186 seconds
[2024-12-19T08:30:40.205-0800] {processor.py:186} INFO - Started process (PID=65542) to work on /Users/rishukhurana/anaconda3/lib/python3.11/site-packages/airflow/example_dags/example_params_ui_tutorial.py
[2024-12-19T08:30:40.206-0800] {processor.py:914} INFO - Processing file /Users/rishukhurana/anaconda3/lib/python3.11/site-packages/airflow/example_dags/example_params_ui_tutorial.py for tasks to queue
[2024-12-19T08:30:40.208-0800] {logging_mixin.py:190} INFO - [2024-12-19T08:30:40.207-0800] {dagbag.py:588} INFO - Filling up the DagBag from /Users/rishukhurana/anaconda3/lib/python3.11/site-packages/airflow/example_dags/example_params_ui_tutorial.py
[2024-12-19T08:30:40.243-0800] {processor.py:925} INFO - DAG(s) 'example_params_ui_tutorial' retrieved from /Users/rishukhurana/anaconda3/lib/python3.11/site-packages/airflow/example_dags/example_params_ui_tutorial.py
[2024-12-19T08:30:40.360-0800] {logging_mixin.py:190} INFO - [2024-12-19T08:30:40.360-0800] {dag.py:3239} INFO - Sync 1 DAGs
[2024-12-19T08:30:40.369-0800] {logging_mixin.py:190} INFO - [2024-12-19T08:30:40.369-0800] {dag.py:4180} INFO - Setting next_dagrun for example_params_ui_tutorial to None, run_after=None
[2024-12-19T08:30:40.390-0800] {processor.py:208} INFO - Processing /Users/rishukhurana/anaconda3/lib/python3.11/site-packages/airflow/example_dags/example_params_ui_tutorial.py took 0.193 seconds
[2024-12-19T10:09:32.005-0800] {processor.py:186} INFO - Started process (PID=65780) to work on /Users/rishukhurana/anaconda3/lib/python3.11/site-packages/airflow/example_dags/example_params_ui_tutorial.py
[2024-12-19T10:09:32.019-0800] {processor.py:914} INFO - Processing file /Users/rishukhurana/anaconda3/lib/python3.11/site-packages/airflow/example_dags/example_params_ui_tutorial.py for tasks to queue
[2024-12-19T10:09:32.029-0800] {logging_mixin.py:190} INFO - [2024-12-19T10:09:32.028-0800] {dagbag.py:588} INFO - Filling up the DagBag from /Users/rishukhurana/anaconda3/lib/python3.11/site-packages/airflow/example_dags/example_params_ui_tutorial.py
[2024-12-19T10:09:32.331-0800] {processor.py:925} INFO - DAG(s) 'example_params_ui_tutorial' retrieved from /Users/rishukhurana/anaconda3/lib/python3.11/site-packages/airflow/example_dags/example_params_ui_tutorial.py
[2024-12-19T10:09:33.621-0800] {logging_mixin.py:190} INFO - [2024-12-19T10:09:33.619-0800] {dag.py:3239} INFO - Sync 1 DAGs
[2024-12-19T10:09:33.715-0800] {logging_mixin.py:190} INFO - [2024-12-19T10:09:33.713-0800] {dag.py:4180} INFO - Setting next_dagrun for example_params_ui_tutorial to None, run_after=None
[2024-12-19T10:09:33.855-0800] {processor.py:208} INFO - Processing /Users/rishukhurana/anaconda3/lib/python3.11/site-packages/airflow/example_dags/example_params_ui_tutorial.py took 1.903 seconds
[2024-12-19T13:42:20.071-0800] {processor.py:186} INFO - Started process (PID=66446) to work on /Users/rishukhurana/anaconda3/lib/python3.11/site-packages/airflow/example_dags/example_params_ui_tutorial.py
[2024-12-19T13:42:20.073-0800] {processor.py:914} INFO - Processing file /Users/rishukhurana/anaconda3/lib/python3.11/site-packages/airflow/example_dags/example_params_ui_tutorial.py for tasks to queue
[2024-12-19T13:42:20.074-0800] {logging_mixin.py:190} INFO - [2024-12-19T13:42:20.074-0800] {dagbag.py:588} INFO - Filling up the DagBag from /Users/rishukhurana/anaconda3/lib/python3.11/site-packages/airflow/example_dags/example_params_ui_tutorial.py
[2024-12-19T13:42:20.108-0800] {processor.py:925} INFO - DAG(s) 'example_params_ui_tutorial' retrieved from /Users/rishukhurana/anaconda3/lib/python3.11/site-packages/airflow/example_dags/example_params_ui_tutorial.py
[2024-12-19T13:42:20.220-0800] {logging_mixin.py:190} INFO - [2024-12-19T13:42:20.219-0800] {dag.py:3239} INFO - Sync 1 DAGs
[2024-12-19T13:42:20.229-0800] {logging_mixin.py:190} INFO - [2024-12-19T13:42:20.229-0800] {dag.py:4180} INFO - Setting next_dagrun for example_params_ui_tutorial to None, run_after=None
[2024-12-19T13:42:20.244-0800] {processor.py:208} INFO - Processing /Users/rishukhurana/anaconda3/lib/python3.11/site-packages/airflow/example_dags/example_params_ui_tutorial.py took 0.179 seconds
