[2024-12-18T16:12:55.826-0800] {processor.py:186} INFO - Started process (PID=60778) to work on /Users/rishukhurana/anaconda3/lib/python3.11/site-packages/airflow/example_dags/example_bash_decorator.py
[2024-12-18T16:12:55.827-0800] {processor.py:914} INFO - Processing file /Users/rishukhurana/anaconda3/lib/python3.11/site-packages/airflow/example_dags/example_bash_decorator.py for tasks to queue
[2024-12-18T16:12:55.829-0800] {logging_mixin.py:190} INFO - [2024-12-18T16:12:55.828-0800] {dagbag.py:588} INFO - Filling up the DagBag from /Users/rishukhurana/anaconda3/lib/python3.11/site-packages/airflow/example_dags/example_bash_decorator.py
[2024-12-18T16:12:55.879-0800] {processor.py:925} INFO - DAG(s) 'example_bash_decorator' retrieved from /Users/rishukhurana/anaconda3/lib/python3.11/site-packages/airflow/example_dags/example_bash_decorator.py
[2024-12-18T16:12:56.139-0800] {logging_mixin.py:190} INFO - [2024-12-18T16:12:56.139-0800] {dag.py:3239} INFO - Sync 1 DAGs
[2024-12-18T16:12:56.148-0800] {logging_mixin.py:190} INFO - [2024-12-18T16:12:56.148-0800] {dag.py:4180} INFO - Setting next_dagrun for example_bash_decorator to None, run_after=None
[2024-12-18T16:12:56.164-0800] {processor.py:208} INFO - Processing /Users/rishukhurana/anaconda3/lib/python3.11/site-packages/airflow/example_dags/example_bash_decorator.py took 0.342 seconds
[2024-12-18T20:40:26.118-0800] {processor.py:186} INFO - Started process (PID=61357) to work on /Users/rishukhurana/anaconda3/lib/python3.11/site-packages/airflow/example_dags/example_bash_decorator.py
[2024-12-18T20:40:26.120-0800] {processor.py:914} INFO - Processing file /Users/rishukhurana/anaconda3/lib/python3.11/site-packages/airflow/example_dags/example_bash_decorator.py for tasks to queue
[2024-12-18T20:40:26.122-0800] {logging_mixin.py:190} INFO - [2024-12-18T20:40:26.121-0800] {dagbag.py:588} INFO - Filling up the DagBag from /Users/rishukhurana/anaconda3/lib/python3.11/site-packages/airflow/example_dags/example_bash_decorator.py
[2024-12-18T20:40:26.185-0800] {processor.py:925} INFO - DAG(s) 'example_bash_decorator' retrieved from /Users/rishukhurana/anaconda3/lib/python3.11/site-packages/airflow/example_dags/example_bash_decorator.py
[2024-12-18T20:40:26.449-0800] {logging_mixin.py:190} INFO - [2024-12-18T20:40:26.449-0800] {dag.py:3239} INFO - Sync 1 DAGs
[2024-12-18T20:40:26.459-0800] {logging_mixin.py:190} INFO - [2024-12-18T20:40:26.459-0800] {dag.py:4180} INFO - Setting next_dagrun for example_bash_decorator to None, run_after=None
[2024-12-18T20:40:26.485-0800] {processor.py:208} INFO - Processing /Users/rishukhurana/anaconda3/lib/python3.11/site-packages/airflow/example_dags/example_bash_decorator.py took 0.374 seconds
[2024-12-19T04:19:58.227-0800] {processor.py:186} INFO - Started process (PID=62156) to work on /Users/rishukhurana/anaconda3/lib/python3.11/site-packages/airflow/example_dags/example_bash_decorator.py
[2024-12-19T04:19:58.242-0800] {processor.py:914} INFO - Processing file /Users/rishukhurana/anaconda3/lib/python3.11/site-packages/airflow/example_dags/example_bash_decorator.py for tasks to queue
[2024-12-19T04:19:58.250-0800] {logging_mixin.py:190} INFO - [2024-12-19T04:19:58.249-0800] {dagbag.py:588} INFO - Filling up the DagBag from /Users/rishukhurana/anaconda3/lib/python3.11/site-packages/airflow/example_dags/example_bash_decorator.py
[2024-12-19T04:19:58.598-0800] {processor.py:925} INFO - DAG(s) 'example_bash_decorator' retrieved from /Users/rishukhurana/anaconda3/lib/python3.11/site-packages/airflow/example_dags/example_bash_decorator.py
[2024-12-19T04:20:00.128-0800] {logging_mixin.py:190} INFO - [2024-12-19T04:20:00.126-0800] {dag.py:3239} INFO - Sync 1 DAGs
[2024-12-19T04:20:00.194-0800] {logging_mixin.py:190} INFO - [2024-12-19T04:20:00.193-0800] {dag.py:4180} INFO - Setting next_dagrun for example_bash_decorator to None, run_after=None
[2024-12-19T04:20:00.313-0800] {processor.py:208} INFO - Processing /Users/rishukhurana/anaconda3/lib/python3.11/site-packages/airflow/example_dags/example_bash_decorator.py took 2.143 seconds
[2024-12-19T06:26:18.702-0800] {processor.py:186} INFO - Started process (PID=62667) to work on /Users/rishukhurana/anaconda3/lib/python3.11/site-packages/airflow/example_dags/example_bash_decorator.py
[2024-12-19T06:26:18.704-0800] {processor.py:914} INFO - Processing file /Users/rishukhurana/anaconda3/lib/python3.11/site-packages/airflow/example_dags/example_bash_decorator.py for tasks to queue
[2024-12-19T06:26:18.705-0800] {logging_mixin.py:190} INFO - [2024-12-19T06:26:18.705-0800] {dagbag.py:588} INFO - Filling up the DagBag from /Users/rishukhurana/anaconda3/lib/python3.11/site-packages/airflow/example_dags/example_bash_decorator.py
[2024-12-19T06:26:18.769-0800] {processor.py:925} INFO - DAG(s) 'example_bash_decorator' retrieved from /Users/rishukhurana/anaconda3/lib/python3.11/site-packages/airflow/example_dags/example_bash_decorator.py
[2024-12-19T06:26:18.999-0800] {logging_mixin.py:190} INFO - [2024-12-19T06:26:18.999-0800] {dag.py:3239} INFO - Sync 1 DAGs
[2024-12-19T06:26:19.007-0800] {logging_mixin.py:190} INFO - [2024-12-19T06:26:19.007-0800] {dag.py:4180} INFO - Setting next_dagrun for example_bash_decorator to None, run_after=None
[2024-12-19T06:26:19.022-0800] {processor.py:208} INFO - Processing /Users/rishukhurana/anaconda3/lib/python3.11/site-packages/airflow/example_dags/example_bash_decorator.py took 0.326 seconds
[2024-12-19T07:38:11.640-0800] {processor.py:186} INFO - Started process (PID=63035) to work on /Users/rishukhurana/anaconda3/lib/python3.11/site-packages/airflow/example_dags/example_bash_decorator.py
[2024-12-19T07:38:11.642-0800] {processor.py:914} INFO - Processing file /Users/rishukhurana/anaconda3/lib/python3.11/site-packages/airflow/example_dags/example_bash_decorator.py for tasks to queue
[2024-12-19T07:38:11.644-0800] {logging_mixin.py:190} INFO - [2024-12-19T07:38:11.643-0800] {dagbag.py:588} INFO - Filling up the DagBag from /Users/rishukhurana/anaconda3/lib/python3.11/site-packages/airflow/example_dags/example_bash_decorator.py
[2024-12-19T07:38:11.706-0800] {processor.py:925} INFO - DAG(s) 'example_bash_decorator' retrieved from /Users/rishukhurana/anaconda3/lib/python3.11/site-packages/airflow/example_dags/example_bash_decorator.py
[2024-12-19T07:38:12.010-0800] {logging_mixin.py:190} INFO - [2024-12-19T07:38:12.010-0800] {dag.py:3239} INFO - Sync 1 DAGs
[2024-12-19T07:38:12.018-0800] {logging_mixin.py:190} INFO - [2024-12-19T07:38:12.018-0800] {dag.py:4180} INFO - Setting next_dagrun for example_bash_decorator to None, run_after=None
[2024-12-19T07:38:12.040-0800] {processor.py:208} INFO - Processing /Users/rishukhurana/anaconda3/lib/python3.11/site-packages/airflow/example_dags/example_bash_decorator.py took 0.406 seconds
[2024-12-19T07:44:04.018-0800] {processor.py:186} INFO - Started process (PID=63321) to work on /Users/rishukhurana/anaconda3/lib/python3.11/site-packages/airflow/example_dags/example_bash_decorator.py
[2024-12-19T07:44:04.021-0800] {processor.py:914} INFO - Processing file /Users/rishukhurana/anaconda3/lib/python3.11/site-packages/airflow/example_dags/example_bash_decorator.py for tasks to queue
[2024-12-19T07:44:04.022-0800] {logging_mixin.py:190} INFO - [2024-12-19T07:44:04.022-0800] {dagbag.py:588} INFO - Filling up the DagBag from /Users/rishukhurana/anaconda3/lib/python3.11/site-packages/airflow/example_dags/example_bash_decorator.py
[2024-12-19T07:44:04.064-0800] {processor.py:925} INFO - DAG(s) 'example_bash_decorator' retrieved from /Users/rishukhurana/anaconda3/lib/python3.11/site-packages/airflow/example_dags/example_bash_decorator.py
[2024-12-19T07:44:04.373-0800] {logging_mixin.py:190} INFO - [2024-12-19T07:44:04.373-0800] {dag.py:3239} INFO - Sync 1 DAGs
[2024-12-19T07:44:04.383-0800] {logging_mixin.py:190} INFO - [2024-12-19T07:44:04.383-0800] {dag.py:4180} INFO - Setting next_dagrun for example_bash_decorator to None, run_after=None
[2024-12-19T07:44:04.406-0800] {processor.py:208} INFO - Processing /Users/rishukhurana/anaconda3/lib/python3.11/site-packages/airflow/example_dags/example_bash_decorator.py took 0.392 seconds
[2024-12-19T07:49:52.030-0800] {processor.py:186} INFO - Started process (PID=63639) to work on /Users/rishukhurana/anaconda3/lib/python3.11/site-packages/airflow/example_dags/example_bash_decorator.py
[2024-12-19T07:49:52.032-0800] {processor.py:914} INFO - Processing file /Users/rishukhurana/anaconda3/lib/python3.11/site-packages/airflow/example_dags/example_bash_decorator.py for tasks to queue
[2024-12-19T07:49:52.034-0800] {logging_mixin.py:190} INFO - [2024-12-19T07:49:52.034-0800] {dagbag.py:588} INFO - Filling up the DagBag from /Users/rishukhurana/anaconda3/lib/python3.11/site-packages/airflow/example_dags/example_bash_decorator.py
[2024-12-19T07:49:52.073-0800] {processor.py:925} INFO - DAG(s) 'example_bash_decorator' retrieved from /Users/rishukhurana/anaconda3/lib/python3.11/site-packages/airflow/example_dags/example_bash_decorator.py
[2024-12-19T07:49:52.341-0800] {logging_mixin.py:190} INFO - [2024-12-19T07:49:52.341-0800] {dag.py:3239} INFO - Sync 1 DAGs
[2024-12-19T07:49:52.349-0800] {logging_mixin.py:190} INFO - [2024-12-19T07:49:52.349-0800] {dag.py:4180} INFO - Setting next_dagrun for example_bash_decorator to None, run_after=None
[2024-12-19T07:49:52.363-0800] {processor.py:208} INFO - Processing /Users/rishukhurana/anaconda3/lib/python3.11/site-packages/airflow/example_dags/example_bash_decorator.py took 0.339 seconds
[2024-12-19T07:55:49.311-0800] {processor.py:186} INFO - Started process (PID=63928) to work on /Users/rishukhurana/anaconda3/lib/python3.11/site-packages/airflow/example_dags/example_bash_decorator.py
[2024-12-19T07:55:49.313-0800] {processor.py:914} INFO - Processing file /Users/rishukhurana/anaconda3/lib/python3.11/site-packages/airflow/example_dags/example_bash_decorator.py for tasks to queue
[2024-12-19T07:55:49.314-0800] {logging_mixin.py:190} INFO - [2024-12-19T07:55:49.314-0800] {dagbag.py:588} INFO - Filling up the DagBag from /Users/rishukhurana/anaconda3/lib/python3.11/site-packages/airflow/example_dags/example_bash_decorator.py
[2024-12-19T07:55:49.355-0800] {processor.py:925} INFO - DAG(s) 'example_bash_decorator' retrieved from /Users/rishukhurana/anaconda3/lib/python3.11/site-packages/airflow/example_dags/example_bash_decorator.py
[2024-12-19T07:55:49.617-0800] {logging_mixin.py:190} INFO - [2024-12-19T07:55:49.616-0800] {dag.py:3239} INFO - Sync 1 DAGs
[2024-12-19T07:55:49.626-0800] {logging_mixin.py:190} INFO - [2024-12-19T07:55:49.625-0800] {dag.py:4180} INFO - Setting next_dagrun for example_bash_decorator to None, run_after=None
[2024-12-19T07:55:49.641-0800] {processor.py:208} INFO - Processing /Users/rishukhurana/anaconda3/lib/python3.11/site-packages/airflow/example_dags/example_bash_decorator.py took 0.338 seconds
[2024-12-19T08:01:50.018-0800] {processor.py:186} INFO - Started process (PID=64219) to work on /Users/rishukhurana/anaconda3/lib/python3.11/site-packages/airflow/example_dags/example_bash_decorator.py
[2024-12-19T08:01:50.020-0800] {processor.py:914} INFO - Processing file /Users/rishukhurana/anaconda3/lib/python3.11/site-packages/airflow/example_dags/example_bash_decorator.py for tasks to queue
[2024-12-19T08:01:50.021-0800] {logging_mixin.py:190} INFO - [2024-12-19T08:01:50.021-0800] {dagbag.py:588} INFO - Filling up the DagBag from /Users/rishukhurana/anaconda3/lib/python3.11/site-packages/airflow/example_dags/example_bash_decorator.py
[2024-12-19T08:01:50.066-0800] {processor.py:925} INFO - DAG(s) 'example_bash_decorator' retrieved from /Users/rishukhurana/anaconda3/lib/python3.11/site-packages/airflow/example_dags/example_bash_decorator.py
[2024-12-19T08:01:50.357-0800] {logging_mixin.py:190} INFO - [2024-12-19T08:01:50.357-0800] {dag.py:3239} INFO - Sync 1 DAGs
[2024-12-19T08:01:50.366-0800] {logging_mixin.py:190} INFO - [2024-12-19T08:01:50.366-0800] {dag.py:4180} INFO - Setting next_dagrun for example_bash_decorator to None, run_after=None
[2024-12-19T08:01:50.384-0800] {processor.py:208} INFO - Processing /Users/rishukhurana/anaconda3/lib/python3.11/site-packages/airflow/example_dags/example_bash_decorator.py took 0.374 seconds
[2024-12-19T08:08:25.153-0800] {processor.py:186} INFO - Started process (PID=64520) to work on /Users/rishukhurana/anaconda3/lib/python3.11/site-packages/airflow/example_dags/example_bash_decorator.py
[2024-12-19T08:08:25.156-0800] {processor.py:914} INFO - Processing file /Users/rishukhurana/anaconda3/lib/python3.11/site-packages/airflow/example_dags/example_bash_decorator.py for tasks to queue
[2024-12-19T08:08:25.157-0800] {logging_mixin.py:190} INFO - [2024-12-19T08:08:25.157-0800] {dagbag.py:588} INFO - Filling up the DagBag from /Users/rishukhurana/anaconda3/lib/python3.11/site-packages/airflow/example_dags/example_bash_decorator.py
[2024-12-19T08:08:25.198-0800] {processor.py:925} INFO - DAG(s) 'example_bash_decorator' retrieved from /Users/rishukhurana/anaconda3/lib/python3.11/site-packages/airflow/example_dags/example_bash_decorator.py
[2024-12-19T08:08:25.486-0800] {logging_mixin.py:190} INFO - [2024-12-19T08:08:25.486-0800] {dag.py:3239} INFO - Sync 1 DAGs
[2024-12-19T08:08:25.495-0800] {logging_mixin.py:190} INFO - [2024-12-19T08:08:25.495-0800] {dag.py:4180} INFO - Setting next_dagrun for example_bash_decorator to None, run_after=None
[2024-12-19T08:08:25.512-0800] {processor.py:208} INFO - Processing /Users/rishukhurana/anaconda3/lib/python3.11/site-packages/airflow/example_dags/example_bash_decorator.py took 0.365 seconds
[2024-12-19T08:14:58.979-0800] {processor.py:186} INFO - Started process (PID=64816) to work on /Users/rishukhurana/anaconda3/lib/python3.11/site-packages/airflow/example_dags/example_bash_decorator.py
[2024-12-19T08:14:58.981-0800] {processor.py:914} INFO - Processing file /Users/rishukhurana/anaconda3/lib/python3.11/site-packages/airflow/example_dags/example_bash_decorator.py for tasks to queue
[2024-12-19T08:14:58.982-0800] {logging_mixin.py:190} INFO - [2024-12-19T08:14:58.982-0800] {dagbag.py:588} INFO - Filling up the DagBag from /Users/rishukhurana/anaconda3/lib/python3.11/site-packages/airflow/example_dags/example_bash_decorator.py
[2024-12-19T08:14:59.047-0800] {processor.py:925} INFO - DAG(s) 'example_bash_decorator' retrieved from /Users/rishukhurana/anaconda3/lib/python3.11/site-packages/airflow/example_dags/example_bash_decorator.py
[2024-12-19T08:14:59.343-0800] {logging_mixin.py:190} INFO - [2024-12-19T08:14:59.343-0800] {dag.py:3239} INFO - Sync 1 DAGs
[2024-12-19T08:14:59.352-0800] {logging_mixin.py:190} INFO - [2024-12-19T08:14:59.352-0800] {dag.py:4180} INFO - Setting next_dagrun for example_bash_decorator to None, run_after=None
[2024-12-19T08:14:59.373-0800] {processor.py:208} INFO - Processing /Users/rishukhurana/anaconda3/lib/python3.11/site-packages/airflow/example_dags/example_bash_decorator.py took 0.402 seconds
[2024-12-19T08:21:41.263-0800] {processor.py:186} INFO - Started process (PID=65135) to work on /Users/rishukhurana/anaconda3/lib/python3.11/site-packages/airflow/example_dags/example_bash_decorator.py
[2024-12-19T08:21:41.265-0800] {processor.py:914} INFO - Processing file /Users/rishukhurana/anaconda3/lib/python3.11/site-packages/airflow/example_dags/example_bash_decorator.py for tasks to queue
[2024-12-19T08:21:41.266-0800] {logging_mixin.py:190} INFO - [2024-12-19T08:21:41.266-0800] {dagbag.py:588} INFO - Filling up the DagBag from /Users/rishukhurana/anaconda3/lib/python3.11/site-packages/airflow/example_dags/example_bash_decorator.py
[2024-12-19T08:21:41.310-0800] {processor.py:925} INFO - DAG(s) 'example_bash_decorator' retrieved from /Users/rishukhurana/anaconda3/lib/python3.11/site-packages/airflow/example_dags/example_bash_decorator.py
[2024-12-19T08:21:41.576-0800] {logging_mixin.py:190} INFO - [2024-12-19T08:21:41.576-0800] {dag.py:3239} INFO - Sync 1 DAGs
[2024-12-19T08:21:41.588-0800] {logging_mixin.py:190} INFO - [2024-12-19T08:21:41.588-0800] {dag.py:4180} INFO - Setting next_dagrun for example_bash_decorator to None, run_after=None
[2024-12-19T08:21:41.604-0800] {processor.py:208} INFO - Processing /Users/rishukhurana/anaconda3/lib/python3.11/site-packages/airflow/example_dags/example_bash_decorator.py took 0.349 seconds
[2024-12-19T08:28:08.808-0800] {processor.py:186} INFO - Started process (PID=65436) to work on /Users/rishukhurana/anaconda3/lib/python3.11/site-packages/airflow/example_dags/example_bash_decorator.py
[2024-12-19T08:28:08.810-0800] {processor.py:914} INFO - Processing file /Users/rishukhurana/anaconda3/lib/python3.11/site-packages/airflow/example_dags/example_bash_decorator.py for tasks to queue
[2024-12-19T08:28:08.811-0800] {logging_mixin.py:190} INFO - [2024-12-19T08:28:08.811-0800] {dagbag.py:588} INFO - Filling up the DagBag from /Users/rishukhurana/anaconda3/lib/python3.11/site-packages/airflow/example_dags/example_bash_decorator.py
[2024-12-19T08:28:08.852-0800] {processor.py:925} INFO - DAG(s) 'example_bash_decorator' retrieved from /Users/rishukhurana/anaconda3/lib/python3.11/site-packages/airflow/example_dags/example_bash_decorator.py
[2024-12-19T08:28:09.158-0800] {logging_mixin.py:190} INFO - [2024-12-19T08:28:09.158-0800] {dag.py:3239} INFO - Sync 1 DAGs
[2024-12-19T08:28:09.167-0800] {logging_mixin.py:190} INFO - [2024-12-19T08:28:09.167-0800] {dag.py:4180} INFO - Setting next_dagrun for example_bash_decorator to None, run_after=None
[2024-12-19T08:28:09.184-0800] {processor.py:208} INFO - Processing /Users/rishukhurana/anaconda3/lib/python3.11/site-packages/airflow/example_dags/example_bash_decorator.py took 0.383 seconds
[2024-12-19T11:29:43.326-0800] {processor.py:186} INFO - Started process (PID=65889) to work on /Users/rishukhurana/anaconda3/lib/python3.11/site-packages/airflow/example_dags/example_bash_decorator.py
[2024-12-19T11:29:43.328-0800] {processor.py:914} INFO - Processing file /Users/rishukhurana/anaconda3/lib/python3.11/site-packages/airflow/example_dags/example_bash_decorator.py for tasks to queue
[2024-12-19T11:29:43.330-0800] {logging_mixin.py:190} INFO - [2024-12-19T11:29:43.330-0800] {dagbag.py:588} INFO - Filling up the DagBag from /Users/rishukhurana/anaconda3/lib/python3.11/site-packages/airflow/example_dags/example_bash_decorator.py
[2024-12-19T11:29:43.380-0800] {processor.py:925} INFO - DAG(s) 'example_bash_decorator' retrieved from /Users/rishukhurana/anaconda3/lib/python3.11/site-packages/airflow/example_dags/example_bash_decorator.py
[2024-12-19T11:29:43.628-0800] {logging_mixin.py:190} INFO - [2024-12-19T11:29:43.628-0800] {dag.py:3239} INFO - Sync 1 DAGs
[2024-12-19T11:29:43.641-0800] {logging_mixin.py:190} INFO - [2024-12-19T11:29:43.640-0800] {dag.py:4180} INFO - Setting next_dagrun for example_bash_decorator to None, run_after=None
[2024-12-19T11:29:43.657-0800] {processor.py:208} INFO - Processing /Users/rishukhurana/anaconda3/lib/python3.11/site-packages/airflow/example_dags/example_bash_decorator.py took 0.337 seconds
