[2024-12-18T16:14:40.577-0800] {processor.py:186} INFO - Started process (PID=60869) to work on /Users/rishukhurana/anaconda3/lib/python3.11/site-packages/airflow/example_dags/example_time_delta_sensor_async.py
[2024-12-18T16:14:40.584-0800] {processor.py:914} INFO - Processing file /Users/rishukhurana/anaconda3/lib/python3.11/site-packages/airflow/example_dags/example_time_delta_sensor_async.py for tasks to queue
[2024-12-18T16:14:40.588-0800] {logging_mixin.py:190} INFO - [2024-12-18T16:14:40.587-0800] {dagbag.py:588} INFO - Filling up the DagBag from /Users/rishukhurana/anaconda3/lib/python3.11/site-packages/airflow/example_dags/example_time_delta_sensor_async.py
[2024-12-18T16:14:40.610-0800] {processor.py:925} INFO - DAG(s) 'example_time_delta_sensor_async' retrieved from /Users/rishukhurana/anaconda3/lib/python3.11/site-packages/airflow/example_dags/example_time_delta_sensor_async.py
[2024-12-18T16:14:41.252-0800] {logging_mixin.py:190} INFO - [2024-12-18T16:14:41.252-0800] {utils.py:160} INFO - NumExpr defaulting to 8 threads.
[2024-12-18T16:14:42.095-0800] {logging_mixin.py:190} INFO - [2024-12-18T16:14:42.094-0800] {dag.py:3239} INFO - Sync 1 DAGs
[2024-12-18T16:14:42.109-0800] {logging_mixin.py:190} INFO - [2024-12-18T16:14:42.109-0800] {dag.py:4180} INFO - Setting next_dagrun for example_time_delta_sensor_async to None, run_after=None
[2024-12-18T16:14:42.129-0800] {processor.py:208} INFO - Processing /Users/rishukhurana/anaconda3/lib/python3.11/site-packages/airflow/example_dags/example_time_delta_sensor_async.py took 1.565 seconds
[2024-12-18T18:09:54.884-0800] {processor.py:186} INFO - Started process (PID=61133) to work on /Users/rishukhurana/anaconda3/lib/python3.11/site-packages/airflow/example_dags/example_time_delta_sensor_async.py
[2024-12-18T18:09:54.887-0800] {processor.py:914} INFO - Processing file /Users/rishukhurana/anaconda3/lib/python3.11/site-packages/airflow/example_dags/example_time_delta_sensor_async.py for tasks to queue
[2024-12-18T18:09:54.888-0800] {logging_mixin.py:190} INFO - [2024-12-18T18:09:54.888-0800] {dagbag.py:588} INFO - Filling up the DagBag from /Users/rishukhurana/anaconda3/lib/python3.11/site-packages/airflow/example_dags/example_time_delta_sensor_async.py
[2024-12-18T18:09:54.896-0800] {processor.py:925} INFO - DAG(s) 'example_time_delta_sensor_async' retrieved from /Users/rishukhurana/anaconda3/lib/python3.11/site-packages/airflow/example_dags/example_time_delta_sensor_async.py
[2024-12-18T18:09:57.870-0800] {logging_mixin.py:190} INFO - [2024-12-18T18:09:57.868-0800] {utils.py:160} INFO - NumExpr defaulting to 8 threads.
[2024-12-18T18:10:00.643-0800] {logging_mixin.py:190} INFO - [2024-12-18T18:10:00.641-0800] {dag.py:3239} INFO - Sync 1 DAGs
[2024-12-18T18:10:00.720-0800] {logging_mixin.py:190} INFO - [2024-12-18T18:10:00.718-0800] {dag.py:4180} INFO - Setting next_dagrun for example_time_delta_sensor_async to None, run_after=None
[2024-12-18T18:10:00.843-0800] {processor.py:208} INFO - Processing /Users/rishukhurana/anaconda3/lib/python3.11/site-packages/airflow/example_dags/example_time_delta_sensor_async.py took 5.965 seconds
[2024-12-18T22:42:24.434-0800] {processor.py:186} INFO - Started process (PID=61540) to work on /Users/rishukhurana/anaconda3/lib/python3.11/site-packages/airflow/example_dags/example_time_delta_sensor_async.py
[2024-12-18T22:42:24.438-0800] {processor.py:914} INFO - Processing file /Users/rishukhurana/anaconda3/lib/python3.11/site-packages/airflow/example_dags/example_time_delta_sensor_async.py for tasks to queue
[2024-12-18T22:42:24.446-0800] {logging_mixin.py:190} INFO - [2024-12-18T22:42:24.445-0800] {dagbag.py:588} INFO - Filling up the DagBag from /Users/rishukhurana/anaconda3/lib/python3.11/site-packages/airflow/example_dags/example_time_delta_sensor_async.py
[2024-12-18T22:42:24.467-0800] {processor.py:925} INFO - DAG(s) 'example_time_delta_sensor_async' retrieved from /Users/rishukhurana/anaconda3/lib/python3.11/site-packages/airflow/example_dags/example_time_delta_sensor_async.py
[2024-12-18T22:42:25.261-0800] {logging_mixin.py:190} INFO - [2024-12-18T22:42:25.248-0800] {utils.py:160} INFO - NumExpr defaulting to 8 threads.
[2024-12-18T22:42:26.637-0800] {logging_mixin.py:190} INFO - [2024-12-18T22:42:26.631-0800] {dag.py:3239} INFO - Sync 1 DAGs
[2024-12-18T22:42:26.667-0800] {logging_mixin.py:190} INFO - [2024-12-18T22:42:26.666-0800] {dag.py:4180} INFO - Setting next_dagrun for example_time_delta_sensor_async to None, run_after=None
[2024-12-18T22:42:26.696-0800] {processor.py:208} INFO - Processing /Users/rishukhurana/anaconda3/lib/python3.11/site-packages/airflow/example_dags/example_time_delta_sensor_async.py took 2.268 seconds
[2024-12-19T02:01:50.416-0800] {processor.py:186} INFO - Started process (PID=61921) to work on /Users/rishukhurana/anaconda3/lib/python3.11/site-packages/airflow/example_dags/example_time_delta_sensor_async.py
[2024-12-19T02:01:50.428-0800] {processor.py:914} INFO - Processing file /Users/rishukhurana/anaconda3/lib/python3.11/site-packages/airflow/example_dags/example_time_delta_sensor_async.py for tasks to queue
[2024-12-19T02:01:50.441-0800] {logging_mixin.py:190} INFO - [2024-12-19T02:01:50.438-0800] {dagbag.py:588} INFO - Filling up the DagBag from /Users/rishukhurana/anaconda3/lib/python3.11/site-packages/airflow/example_dags/example_time_delta_sensor_async.py
[2024-12-19T02:01:50.500-0800] {processor.py:925} INFO - DAG(s) 'example_time_delta_sensor_async' retrieved from /Users/rishukhurana/anaconda3/lib/python3.11/site-packages/airflow/example_dags/example_time_delta_sensor_async.py
[2024-12-19T02:01:54.387-0800] {logging_mixin.py:190} INFO - [2024-12-19T02:01:54.386-0800] {utils.py:160} INFO - NumExpr defaulting to 8 threads.
[2024-12-19T02:01:57.196-0800] {logging_mixin.py:190} INFO - [2024-12-19T02:01:57.194-0800] {dag.py:3239} INFO - Sync 1 DAGs
[2024-12-19T02:01:57.270-0800] {logging_mixin.py:190} INFO - [2024-12-19T02:01:57.269-0800] {dag.py:4180} INFO - Setting next_dagrun for example_time_delta_sensor_async to None, run_after=None
[2024-12-19T02:01:57.381-0800] {processor.py:208} INFO - Processing /Users/rishukhurana/anaconda3/lib/python3.11/site-packages/airflow/example_dags/example_time_delta_sensor_async.py took 7.010 seconds
[2024-12-19T04:50:16.031-0800] {processor.py:186} INFO - Started process (PID=62267) to work on /Users/rishukhurana/anaconda3/lib/python3.11/site-packages/airflow/example_dags/example_time_delta_sensor_async.py
[2024-12-19T04:50:16.033-0800] {processor.py:914} INFO - Processing file /Users/rishukhurana/anaconda3/lib/python3.11/site-packages/airflow/example_dags/example_time_delta_sensor_async.py for tasks to queue
[2024-12-19T04:50:16.034-0800] {logging_mixin.py:190} INFO - [2024-12-19T04:50:16.034-0800] {dagbag.py:588} INFO - Filling up the DagBag from /Users/rishukhurana/anaconda3/lib/python3.11/site-packages/airflow/example_dags/example_time_delta_sensor_async.py
[2024-12-19T04:50:16.043-0800] {processor.py:925} INFO - DAG(s) 'example_time_delta_sensor_async' retrieved from /Users/rishukhurana/anaconda3/lib/python3.11/site-packages/airflow/example_dags/example_time_delta_sensor_async.py
[2024-12-19T04:50:16.620-0800] {logging_mixin.py:190} INFO - [2024-12-19T04:50:16.620-0800] {utils.py:160} INFO - NumExpr defaulting to 8 threads.
[2024-12-19T04:50:17.149-0800] {logging_mixin.py:190} INFO - [2024-12-19T04:50:17.148-0800] {dag.py:3239} INFO - Sync 1 DAGs
[2024-12-19T04:50:17.159-0800] {logging_mixin.py:190} INFO - [2024-12-19T04:50:17.159-0800] {dag.py:4180} INFO - Setting next_dagrun for example_time_delta_sensor_async to None, run_after=None
[2024-12-19T04:50:17.176-0800] {processor.py:208} INFO - Processing /Users/rishukhurana/anaconda3/lib/python3.11/site-packages/airflow/example_dags/example_time_delta_sensor_async.py took 1.153 seconds
[2024-12-19T05:52:41.815-0800] {processor.py:186} INFO - Started process (PID=62543) to work on /Users/rishukhurana/anaconda3/lib/python3.11/site-packages/airflow/example_dags/example_time_delta_sensor_async.py
[2024-12-19T05:52:41.818-0800] {processor.py:914} INFO - Processing file /Users/rishukhurana/anaconda3/lib/python3.11/site-packages/airflow/example_dags/example_time_delta_sensor_async.py for tasks to queue
[2024-12-19T05:52:41.819-0800] {logging_mixin.py:190} INFO - [2024-12-19T05:52:41.819-0800] {dagbag.py:588} INFO - Filling up the DagBag from /Users/rishukhurana/anaconda3/lib/python3.11/site-packages/airflow/example_dags/example_time_delta_sensor_async.py
[2024-12-19T05:52:41.832-0800] {processor.py:925} INFO - DAG(s) 'example_time_delta_sensor_async' retrieved from /Users/rishukhurana/anaconda3/lib/python3.11/site-packages/airflow/example_dags/example_time_delta_sensor_async.py
[2024-12-19T05:52:42.428-0800] {logging_mixin.py:190} INFO - [2024-12-19T05:52:42.426-0800] {utils.py:160} INFO - NumExpr defaulting to 8 threads.
[2024-12-19T05:52:43.126-0800] {logging_mixin.py:190} INFO - [2024-12-19T05:52:43.123-0800] {dag.py:3239} INFO - Sync 1 DAGs
[2024-12-19T05:52:43.140-0800] {logging_mixin.py:190} INFO - [2024-12-19T05:52:43.140-0800] {dag.py:4180} INFO - Setting next_dagrun for example_time_delta_sensor_async to None, run_after=None
[2024-12-19T05:52:43.170-0800] {processor.py:208} INFO - Processing /Users/rishukhurana/anaconda3/lib/python3.11/site-packages/airflow/example_dags/example_time_delta_sensor_async.py took 1.363 seconds
[2024-12-19T07:32:55.255-0800] {processor.py:186} INFO - Started process (PID=62785) to work on /Users/rishukhurana/anaconda3/lib/python3.11/site-packages/airflow/example_dags/example_time_delta_sensor_async.py
[2024-12-19T07:32:55.268-0800] {processor.py:914} INFO - Processing file /Users/rishukhurana/anaconda3/lib/python3.11/site-packages/airflow/example_dags/example_time_delta_sensor_async.py for tasks to queue
[2024-12-19T07:32:55.276-0800] {logging_mixin.py:190} INFO - [2024-12-19T07:32:55.275-0800] {dagbag.py:588} INFO - Filling up the DagBag from /Users/rishukhurana/anaconda3/lib/python3.11/site-packages/airflow/example_dags/example_time_delta_sensor_async.py
[2024-12-19T07:32:55.352-0800] {processor.py:925} INFO - DAG(s) 'example_time_delta_sensor_async' retrieved from /Users/rishukhurana/anaconda3/lib/python3.11/site-packages/airflow/example_dags/example_time_delta_sensor_async.py
[2024-12-19T07:32:58.645-0800] {logging_mixin.py:190} INFO - [2024-12-19T07:32:58.644-0800] {utils.py:160} INFO - NumExpr defaulting to 8 threads.
[2024-12-19T07:33:00.084-0800] {logging_mixin.py:190} INFO - [2024-12-19T07:33:00.083-0800] {dag.py:3239} INFO - Sync 1 DAGs
[2024-12-19T07:33:00.120-0800] {logging_mixin.py:190} INFO - [2024-12-19T07:33:00.120-0800] {dag.py:4180} INFO - Setting next_dagrun for example_time_delta_sensor_async to None, run_after=None
[2024-12-19T07:33:00.174-0800] {processor.py:208} INFO - Processing /Users/rishukhurana/anaconda3/lib/python3.11/site-packages/airflow/example_dags/example_time_delta_sensor_async.py took 4.962 seconds
[2024-12-19T07:36:23.408-0800] {processor.py:186} INFO - Started process (PID=62951) to work on /Users/rishukhurana/anaconda3/lib/python3.11/site-packages/airflow/example_dags/example_time_delta_sensor_async.py
[2024-12-19T07:36:23.410-0800] {processor.py:914} INFO - Processing file /Users/rishukhurana/anaconda3/lib/python3.11/site-packages/airflow/example_dags/example_time_delta_sensor_async.py for tasks to queue
[2024-12-19T07:36:23.412-0800] {logging_mixin.py:190} INFO - [2024-12-19T07:36:23.412-0800] {dagbag.py:588} INFO - Filling up the DagBag from /Users/rishukhurana/anaconda3/lib/python3.11/site-packages/airflow/example_dags/example_time_delta_sensor_async.py
[2024-12-19T07:36:23.423-0800] {processor.py:925} INFO - DAG(s) 'example_time_delta_sensor_async' retrieved from /Users/rishukhurana/anaconda3/lib/python3.11/site-packages/airflow/example_dags/example_time_delta_sensor_async.py
[2024-12-19T07:36:23.824-0800] {logging_mixin.py:190} INFO - [2024-12-19T07:36:23.824-0800] {utils.py:160} INFO - NumExpr defaulting to 8 threads.
[2024-12-19T07:36:24.196-0800] {logging_mixin.py:190} INFO - [2024-12-19T07:36:24.195-0800] {dag.py:3239} INFO - Sync 1 DAGs
[2024-12-19T07:36:24.206-0800] {logging_mixin.py:190} INFO - [2024-12-19T07:36:24.206-0800] {dag.py:4180} INFO - Setting next_dagrun for example_time_delta_sensor_async to None, run_after=None
[2024-12-19T07:36:24.221-0800] {processor.py:208} INFO - Processing /Users/rishukhurana/anaconda3/lib/python3.11/site-packages/airflow/example_dags/example_time_delta_sensor_async.py took 0.820 seconds
[2024-12-19T07:39:22.008-0800] {processor.py:186} INFO - Started process (PID=63093) to work on /Users/rishukhurana/anaconda3/lib/python3.11/site-packages/airflow/example_dags/example_time_delta_sensor_async.py
[2024-12-19T07:39:22.011-0800] {processor.py:914} INFO - Processing file /Users/rishukhurana/anaconda3/lib/python3.11/site-packages/airflow/example_dags/example_time_delta_sensor_async.py for tasks to queue
[2024-12-19T07:39:22.012-0800] {logging_mixin.py:190} INFO - [2024-12-19T07:39:22.012-0800] {dagbag.py:588} INFO - Filling up the DagBag from /Users/rishukhurana/anaconda3/lib/python3.11/site-packages/airflow/example_dags/example_time_delta_sensor_async.py
[2024-12-19T07:39:22.024-0800] {processor.py:925} INFO - DAG(s) 'example_time_delta_sensor_async' retrieved from /Users/rishukhurana/anaconda3/lib/python3.11/site-packages/airflow/example_dags/example_time_delta_sensor_async.py
[2024-12-19T07:39:22.498-0800] {logging_mixin.py:190} INFO - [2024-12-19T07:39:22.497-0800] {utils.py:160} INFO - NumExpr defaulting to 8 threads.
[2024-12-19T07:39:23.037-0800] {logging_mixin.py:190} INFO - [2024-12-19T07:39:23.036-0800] {dag.py:3239} INFO - Sync 1 DAGs
[2024-12-19T07:39:23.045-0800] {logging_mixin.py:190} INFO - [2024-12-19T07:39:23.045-0800] {dag.py:4180} INFO - Setting next_dagrun for example_time_delta_sensor_async to None, run_after=None
[2024-12-19T07:39:23.059-0800] {processor.py:208} INFO - Processing /Users/rishukhurana/anaconda3/lib/python3.11/site-packages/airflow/example_dags/example_time_delta_sensor_async.py took 1.058 seconds
[2024-12-19T07:42:16.708-0800] {processor.py:186} INFO - Started process (PID=63238) to work on /Users/rishukhurana/anaconda3/lib/python3.11/site-packages/airflow/example_dags/example_time_delta_sensor_async.py
[2024-12-19T07:42:16.710-0800] {processor.py:914} INFO - Processing file /Users/rishukhurana/anaconda3/lib/python3.11/site-packages/airflow/example_dags/example_time_delta_sensor_async.py for tasks to queue
[2024-12-19T07:42:16.712-0800] {logging_mixin.py:190} INFO - [2024-12-19T07:42:16.712-0800] {dagbag.py:588} INFO - Filling up the DagBag from /Users/rishukhurana/anaconda3/lib/python3.11/site-packages/airflow/example_dags/example_time_delta_sensor_async.py
[2024-12-19T07:42:16.722-0800] {processor.py:925} INFO - DAG(s) 'example_time_delta_sensor_async' retrieved from /Users/rishukhurana/anaconda3/lib/python3.11/site-packages/airflow/example_dags/example_time_delta_sensor_async.py
[2024-12-19T07:42:17.127-0800] {logging_mixin.py:190} INFO - [2024-12-19T07:42:17.126-0800] {utils.py:160} INFO - NumExpr defaulting to 8 threads.
[2024-12-19T07:42:17.724-0800] {logging_mixin.py:190} INFO - [2024-12-19T07:42:17.723-0800] {dag.py:3239} INFO - Sync 1 DAGs
[2024-12-19T07:42:17.738-0800] {logging_mixin.py:190} INFO - [2024-12-19T07:42:17.737-0800] {dag.py:4180} INFO - Setting next_dagrun for example_time_delta_sensor_async to None, run_after=None
[2024-12-19T07:42:17.759-0800] {processor.py:208} INFO - Processing /Users/rishukhurana/anaconda3/lib/python3.11/site-packages/airflow/example_dags/example_time_delta_sensor_async.py took 1.058 seconds
[2024-12-19T07:45:15.925-0800] {processor.py:186} INFO - Started process (PID=63384) to work on /Users/rishukhurana/anaconda3/lib/python3.11/site-packages/airflow/example_dags/example_time_delta_sensor_async.py
[2024-12-19T07:45:15.927-0800] {processor.py:914} INFO - Processing file /Users/rishukhurana/anaconda3/lib/python3.11/site-packages/airflow/example_dags/example_time_delta_sensor_async.py for tasks to queue
[2024-12-19T07:45:15.929-0800] {logging_mixin.py:190} INFO - [2024-12-19T07:45:15.929-0800] {dagbag.py:588} INFO - Filling up the DagBag from /Users/rishukhurana/anaconda3/lib/python3.11/site-packages/airflow/example_dags/example_time_delta_sensor_async.py
[2024-12-19T07:45:15.939-0800] {processor.py:925} INFO - DAG(s) 'example_time_delta_sensor_async' retrieved from /Users/rishukhurana/anaconda3/lib/python3.11/site-packages/airflow/example_dags/example_time_delta_sensor_async.py
[2024-12-19T07:45:16.344-0800] {logging_mixin.py:190} INFO - [2024-12-19T07:45:16.343-0800] {utils.py:160} INFO - NumExpr defaulting to 8 threads.
[2024-12-19T07:45:16.667-0800] {logging_mixin.py:190} INFO - [2024-12-19T07:45:16.666-0800] {dag.py:3239} INFO - Sync 1 DAGs
[2024-12-19T07:45:16.675-0800] {logging_mixin.py:190} INFO - [2024-12-19T07:45:16.675-0800] {dag.py:4180} INFO - Setting next_dagrun for example_time_delta_sensor_async to None, run_after=None
[2024-12-19T07:45:16.691-0800] {processor.py:208} INFO - Processing /Users/rishukhurana/anaconda3/lib/python3.11/site-packages/airflow/example_dags/example_time_delta_sensor_async.py took 0.772 seconds
[2024-12-19T07:48:09.424-0800] {processor.py:186} INFO - Started process (PID=63536) to work on /Users/rishukhurana/anaconda3/lib/python3.11/site-packages/airflow/example_dags/example_time_delta_sensor_async.py
[2024-12-19T07:48:09.427-0800] {processor.py:914} INFO - Processing file /Users/rishukhurana/anaconda3/lib/python3.11/site-packages/airflow/example_dags/example_time_delta_sensor_async.py for tasks to queue
[2024-12-19T07:48:09.428-0800] {logging_mixin.py:190} INFO - [2024-12-19T07:48:09.428-0800] {dagbag.py:588} INFO - Filling up the DagBag from /Users/rishukhurana/anaconda3/lib/python3.11/site-packages/airflow/example_dags/example_time_delta_sensor_async.py
[2024-12-19T07:48:09.439-0800] {processor.py:925} INFO - DAG(s) 'example_time_delta_sensor_async' retrieved from /Users/rishukhurana/anaconda3/lib/python3.11/site-packages/airflow/example_dags/example_time_delta_sensor_async.py
[2024-12-19T07:48:09.854-0800] {logging_mixin.py:190} INFO - [2024-12-19T07:48:09.853-0800] {utils.py:160} INFO - NumExpr defaulting to 8 threads.
[2024-12-19T07:48:10.184-0800] {logging_mixin.py:190} INFO - [2024-12-19T07:48:10.183-0800] {dag.py:3239} INFO - Sync 1 DAGs
[2024-12-19T07:48:10.192-0800] {logging_mixin.py:190} INFO - [2024-12-19T07:48:10.192-0800] {dag.py:4180} INFO - Setting next_dagrun for example_time_delta_sensor_async to None, run_after=None
[2024-12-19T07:48:10.207-0800] {processor.py:208} INFO - Processing /Users/rishukhurana/anaconda3/lib/python3.11/site-packages/airflow/example_dags/example_time_delta_sensor_async.py took 0.789 seconds
[2024-12-19T07:51:04.402-0800] {processor.py:186} INFO - Started process (PID=63698) to work on /Users/rishukhurana/anaconda3/lib/python3.11/site-packages/airflow/example_dags/example_time_delta_sensor_async.py
[2024-12-19T07:51:04.405-0800] {processor.py:914} INFO - Processing file /Users/rishukhurana/anaconda3/lib/python3.11/site-packages/airflow/example_dags/example_time_delta_sensor_async.py for tasks to queue
[2024-12-19T07:51:04.406-0800] {logging_mixin.py:190} INFO - [2024-12-19T07:51:04.406-0800] {dagbag.py:588} INFO - Filling up the DagBag from /Users/rishukhurana/anaconda3/lib/python3.11/site-packages/airflow/example_dags/example_time_delta_sensor_async.py
[2024-12-19T07:51:04.418-0800] {processor.py:925} INFO - DAG(s) 'example_time_delta_sensor_async' retrieved from /Users/rishukhurana/anaconda3/lib/python3.11/site-packages/airflow/example_dags/example_time_delta_sensor_async.py
[2024-12-19T07:51:04.825-0800] {logging_mixin.py:190} INFO - [2024-12-19T07:51:04.824-0800] {utils.py:160} INFO - NumExpr defaulting to 8 threads.
[2024-12-19T07:51:05.144-0800] {logging_mixin.py:190} INFO - [2024-12-19T07:51:05.144-0800] {dag.py:3239} INFO - Sync 1 DAGs
[2024-12-19T07:51:05.152-0800] {logging_mixin.py:190} INFO - [2024-12-19T07:51:05.152-0800] {dag.py:4180} INFO - Setting next_dagrun for example_time_delta_sensor_async to None, run_after=None
[2024-12-19T07:51:05.170-0800] {processor.py:208} INFO - Processing /Users/rishukhurana/anaconda3/lib/python3.11/site-packages/airflow/example_dags/example_time_delta_sensor_async.py took 0.773 seconds
[2024-12-19T07:54:05.082-0800] {processor.py:186} INFO - Started process (PID=63843) to work on /Users/rishukhurana/anaconda3/lib/python3.11/site-packages/airflow/example_dags/example_time_delta_sensor_async.py
[2024-12-19T07:54:05.085-0800] {processor.py:914} INFO - Processing file /Users/rishukhurana/anaconda3/lib/python3.11/site-packages/airflow/example_dags/example_time_delta_sensor_async.py for tasks to queue
[2024-12-19T07:54:05.086-0800] {logging_mixin.py:190} INFO - [2024-12-19T07:54:05.085-0800] {dagbag.py:588} INFO - Filling up the DagBag from /Users/rishukhurana/anaconda3/lib/python3.11/site-packages/airflow/example_dags/example_time_delta_sensor_async.py
[2024-12-19T07:54:05.096-0800] {processor.py:925} INFO - DAG(s) 'example_time_delta_sensor_async' retrieved from /Users/rishukhurana/anaconda3/lib/python3.11/site-packages/airflow/example_dags/example_time_delta_sensor_async.py
[2024-12-19T07:54:05.526-0800] {logging_mixin.py:190} INFO - [2024-12-19T07:54:05.526-0800] {utils.py:160} INFO - NumExpr defaulting to 8 threads.
[2024-12-19T07:54:05.866-0800] {logging_mixin.py:190} INFO - [2024-12-19T07:54:05.866-0800] {dag.py:3239} INFO - Sync 1 DAGs
[2024-12-19T07:54:05.875-0800] {logging_mixin.py:190} INFO - [2024-12-19T07:54:05.875-0800] {dag.py:4180} INFO - Setting next_dagrun for example_time_delta_sensor_async to None, run_after=None
[2024-12-19T07:54:05.896-0800] {processor.py:208} INFO - Processing /Users/rishukhurana/anaconda3/lib/python3.11/site-packages/airflow/example_dags/example_time_delta_sensor_async.py took 0.820 seconds
[2024-12-19T07:57:03.560-0800] {processor.py:186} INFO - Started process (PID=63987) to work on /Users/rishukhurana/anaconda3/lib/python3.11/site-packages/airflow/example_dags/example_time_delta_sensor_async.py
[2024-12-19T07:57:03.562-0800] {processor.py:914} INFO - Processing file /Users/rishukhurana/anaconda3/lib/python3.11/site-packages/airflow/example_dags/example_time_delta_sensor_async.py for tasks to queue
[2024-12-19T07:57:03.563-0800] {logging_mixin.py:190} INFO - [2024-12-19T07:57:03.563-0800] {dagbag.py:588} INFO - Filling up the DagBag from /Users/rishukhurana/anaconda3/lib/python3.11/site-packages/airflow/example_dags/example_time_delta_sensor_async.py
[2024-12-19T07:57:03.573-0800] {processor.py:925} INFO - DAG(s) 'example_time_delta_sensor_async' retrieved from /Users/rishukhurana/anaconda3/lib/python3.11/site-packages/airflow/example_dags/example_time_delta_sensor_async.py
[2024-12-19T07:57:04.015-0800] {logging_mixin.py:190} INFO - [2024-12-19T07:57:04.015-0800] {utils.py:160} INFO - NumExpr defaulting to 8 threads.
[2024-12-19T07:57:04.363-0800] {logging_mixin.py:190} INFO - [2024-12-19T07:57:04.362-0800] {dag.py:3239} INFO - Sync 1 DAGs
[2024-12-19T07:57:04.372-0800] {logging_mixin.py:190} INFO - [2024-12-19T07:57:04.372-0800] {dag.py:4180} INFO - Setting next_dagrun for example_time_delta_sensor_async to None, run_after=None
[2024-12-19T07:57:04.391-0800] {processor.py:208} INFO - Processing /Users/rishukhurana/anaconda3/lib/python3.11/site-packages/airflow/example_dags/example_time_delta_sensor_async.py took 0.835 seconds
[2024-12-19T08:00:03.883-0800] {processor.py:186} INFO - Started process (PID=64132) to work on /Users/rishukhurana/anaconda3/lib/python3.11/site-packages/airflow/example_dags/example_time_delta_sensor_async.py
[2024-12-19T08:00:03.885-0800] {processor.py:914} INFO - Processing file /Users/rishukhurana/anaconda3/lib/python3.11/site-packages/airflow/example_dags/example_time_delta_sensor_async.py for tasks to queue
[2024-12-19T08:00:03.886-0800] {logging_mixin.py:190} INFO - [2024-12-19T08:00:03.886-0800] {dagbag.py:588} INFO - Filling up the DagBag from /Users/rishukhurana/anaconda3/lib/python3.11/site-packages/airflow/example_dags/example_time_delta_sensor_async.py
[2024-12-19T08:00:03.895-0800] {processor.py:925} INFO - DAG(s) 'example_time_delta_sensor_async' retrieved from /Users/rishukhurana/anaconda3/lib/python3.11/site-packages/airflow/example_dags/example_time_delta_sensor_async.py
[2024-12-19T08:00:04.331-0800] {logging_mixin.py:190} INFO - [2024-12-19T08:00:04.330-0800] {utils.py:160} INFO - NumExpr defaulting to 8 threads.
[2024-12-19T08:00:04.684-0800] {logging_mixin.py:190} INFO - [2024-12-19T08:00:04.684-0800] {dag.py:3239} INFO - Sync 1 DAGs
[2024-12-19T08:00:04.694-0800] {logging_mixin.py:190} INFO - [2024-12-19T08:00:04.694-0800] {dag.py:4180} INFO - Setting next_dagrun for example_time_delta_sensor_async to None, run_after=None
[2024-12-19T08:00:04.709-0800] {processor.py:208} INFO - Processing /Users/rishukhurana/anaconda3/lib/python3.11/site-packages/airflow/example_dags/example_time_delta_sensor_async.py took 0.833 seconds
[2024-12-19T08:03:06.309-0800] {processor.py:186} INFO - Started process (PID=64277) to work on /Users/rishukhurana/anaconda3/lib/python3.11/site-packages/airflow/example_dags/example_time_delta_sensor_async.py
[2024-12-19T08:03:06.311-0800] {processor.py:914} INFO - Processing file /Users/rishukhurana/anaconda3/lib/python3.11/site-packages/airflow/example_dags/example_time_delta_sensor_async.py for tasks to queue
[2024-12-19T08:03:06.312-0800] {logging_mixin.py:190} INFO - [2024-12-19T08:03:06.312-0800] {dagbag.py:588} INFO - Filling up the DagBag from /Users/rishukhurana/anaconda3/lib/python3.11/site-packages/airflow/example_dags/example_time_delta_sensor_async.py
[2024-12-19T08:03:06.323-0800] {processor.py:925} INFO - DAG(s) 'example_time_delta_sensor_async' retrieved from /Users/rishukhurana/anaconda3/lib/python3.11/site-packages/airflow/example_dags/example_time_delta_sensor_async.py
[2024-12-19T08:03:06.762-0800] {logging_mixin.py:190} INFO - [2024-12-19T08:03:06.762-0800] {utils.py:160} INFO - NumExpr defaulting to 8 threads.
[2024-12-19T08:03:07.107-0800] {logging_mixin.py:190} INFO - [2024-12-19T08:03:07.106-0800] {dag.py:3239} INFO - Sync 1 DAGs
[2024-12-19T08:03:07.116-0800] {logging_mixin.py:190} INFO - [2024-12-19T08:03:07.116-0800] {dag.py:4180} INFO - Setting next_dagrun for example_time_delta_sensor_async to None, run_after=None
[2024-12-19T08:03:07.138-0800] {processor.py:208} INFO - Processing /Users/rishukhurana/anaconda3/lib/python3.11/site-packages/airflow/example_dags/example_time_delta_sensor_async.py took 0.834 seconds
[2024-12-19T08:06:24.850-0800] {processor.py:186} INFO - Started process (PID=64426) to work on /Users/rishukhurana/anaconda3/lib/python3.11/site-packages/airflow/example_dags/example_time_delta_sensor_async.py
[2024-12-19T08:06:24.853-0800] {processor.py:914} INFO - Processing file /Users/rishukhurana/anaconda3/lib/python3.11/site-packages/airflow/example_dags/example_time_delta_sensor_async.py for tasks to queue
[2024-12-19T08:06:24.855-0800] {logging_mixin.py:190} INFO - [2024-12-19T08:06:24.854-0800] {dagbag.py:588} INFO - Filling up the DagBag from /Users/rishukhurana/anaconda3/lib/python3.11/site-packages/airflow/example_dags/example_time_delta_sensor_async.py
[2024-12-19T08:06:24.867-0800] {processor.py:925} INFO - DAG(s) 'example_time_delta_sensor_async' retrieved from /Users/rishukhurana/anaconda3/lib/python3.11/site-packages/airflow/example_dags/example_time_delta_sensor_async.py
[2024-12-19T08:06:25.557-0800] {logging_mixin.py:190} INFO - [2024-12-19T08:06:25.557-0800] {utils.py:160} INFO - NumExpr defaulting to 8 threads.
[2024-12-19T08:06:26.207-0800] {logging_mixin.py:190} INFO - [2024-12-19T08:06:26.207-0800] {dag.py:3239} INFO - Sync 1 DAGs
[2024-12-19T08:06:26.224-0800] {logging_mixin.py:190} INFO - [2024-12-19T08:06:26.223-0800] {dag.py:4180} INFO - Setting next_dagrun for example_time_delta_sensor_async to None, run_after=None
[2024-12-19T08:06:26.249-0800] {processor.py:208} INFO - Processing /Users/rishukhurana/anaconda3/lib/python3.11/site-packages/airflow/example_dags/example_time_delta_sensor_async.py took 1.406 seconds
[2024-12-19T08:09:46.769-0800] {processor.py:186} INFO - Started process (PID=64581) to work on /Users/rishukhurana/anaconda3/lib/python3.11/site-packages/airflow/example_dags/example_time_delta_sensor_async.py
[2024-12-19T08:09:46.771-0800] {processor.py:914} INFO - Processing file /Users/rishukhurana/anaconda3/lib/python3.11/site-packages/airflow/example_dags/example_time_delta_sensor_async.py for tasks to queue
[2024-12-19T08:09:46.772-0800] {logging_mixin.py:190} INFO - [2024-12-19T08:09:46.772-0800] {dagbag.py:588} INFO - Filling up the DagBag from /Users/rishukhurana/anaconda3/lib/python3.11/site-packages/airflow/example_dags/example_time_delta_sensor_async.py
[2024-12-19T08:09:46.782-0800] {processor.py:925} INFO - DAG(s) 'example_time_delta_sensor_async' retrieved from /Users/rishukhurana/anaconda3/lib/python3.11/site-packages/airflow/example_dags/example_time_delta_sensor_async.py
[2024-12-19T08:09:47.344-0800] {logging_mixin.py:190} INFO - [2024-12-19T08:09:47.344-0800] {utils.py:160} INFO - NumExpr defaulting to 8 threads.
[2024-12-19T08:09:48.049-0800] {logging_mixin.py:190} INFO - [2024-12-19T08:09:48.048-0800] {dag.py:3239} INFO - Sync 1 DAGs
[2024-12-19T08:09:48.059-0800] {logging_mixin.py:190} INFO - [2024-12-19T08:09:48.059-0800] {dag.py:4180} INFO - Setting next_dagrun for example_time_delta_sensor_async to None, run_after=None
[2024-12-19T08:09:48.075-0800] {processor.py:208} INFO - Processing /Users/rishukhurana/anaconda3/lib/python3.11/site-packages/airflow/example_dags/example_time_delta_sensor_async.py took 1.314 seconds
[2024-12-19T08:12:58.851-0800] {processor.py:186} INFO - Started process (PID=64727) to work on /Users/rishukhurana/anaconda3/lib/python3.11/site-packages/airflow/example_dags/example_time_delta_sensor_async.py
[2024-12-19T08:12:58.854-0800] {processor.py:914} INFO - Processing file /Users/rishukhurana/anaconda3/lib/python3.11/site-packages/airflow/example_dags/example_time_delta_sensor_async.py for tasks to queue
[2024-12-19T08:12:58.855-0800] {logging_mixin.py:190} INFO - [2024-12-19T08:12:58.855-0800] {dagbag.py:588} INFO - Filling up the DagBag from /Users/rishukhurana/anaconda3/lib/python3.11/site-packages/airflow/example_dags/example_time_delta_sensor_async.py
[2024-12-19T08:12:58.865-0800] {processor.py:925} INFO - DAG(s) 'example_time_delta_sensor_async' retrieved from /Users/rishukhurana/anaconda3/lib/python3.11/site-packages/airflow/example_dags/example_time_delta_sensor_async.py
[2024-12-19T08:12:59.395-0800] {logging_mixin.py:190} INFO - [2024-12-19T08:12:59.394-0800] {utils.py:160} INFO - NumExpr defaulting to 8 threads.
[2024-12-19T08:12:59.991-0800] {logging_mixin.py:190} INFO - [2024-12-19T08:12:59.991-0800] {dag.py:3239} INFO - Sync 1 DAGs
[2024-12-19T08:13:00.002-0800] {logging_mixin.py:190} INFO - [2024-12-19T08:13:00.002-0800] {dag.py:4180} INFO - Setting next_dagrun for example_time_delta_sensor_async to None, run_after=None
[2024-12-19T08:13:00.019-0800] {processor.py:208} INFO - Processing /Users/rishukhurana/anaconda3/lib/python3.11/site-packages/airflow/example_dags/example_time_delta_sensor_async.py took 1.174 seconds
[2024-12-19T08:16:23.972-0800] {processor.py:186} INFO - Started process (PID=64882) to work on /Users/rishukhurana/anaconda3/lib/python3.11/site-packages/airflow/example_dags/example_time_delta_sensor_async.py
[2024-12-19T08:16:23.974-0800] {processor.py:914} INFO - Processing file /Users/rishukhurana/anaconda3/lib/python3.11/site-packages/airflow/example_dags/example_time_delta_sensor_async.py for tasks to queue
[2024-12-19T08:16:23.975-0800] {logging_mixin.py:190} INFO - [2024-12-19T08:16:23.975-0800] {dagbag.py:588} INFO - Filling up the DagBag from /Users/rishukhurana/anaconda3/lib/python3.11/site-packages/airflow/example_dags/example_time_delta_sensor_async.py
[2024-12-19T08:16:23.985-0800] {processor.py:925} INFO - DAG(s) 'example_time_delta_sensor_async' retrieved from /Users/rishukhurana/anaconda3/lib/python3.11/site-packages/airflow/example_dags/example_time_delta_sensor_async.py
[2024-12-19T08:16:24.578-0800] {logging_mixin.py:190} INFO - [2024-12-19T08:16:24.578-0800] {utils.py:160} INFO - NumExpr defaulting to 8 threads.
[2024-12-19T08:16:25.300-0800] {logging_mixin.py:190} INFO - [2024-12-19T08:16:25.300-0800] {dag.py:3239} INFO - Sync 1 DAGs
[2024-12-19T08:16:25.310-0800] {logging_mixin.py:190} INFO - [2024-12-19T08:16:25.310-0800] {dag.py:4180} INFO - Setting next_dagrun for example_time_delta_sensor_async to None, run_after=None
[2024-12-19T08:16:25.327-0800] {processor.py:208} INFO - Processing /Users/rishukhurana/anaconda3/lib/python3.11/site-packages/airflow/example_dags/example_time_delta_sensor_async.py took 1.362 seconds
[2024-12-19T08:19:43.229-0800] {processor.py:186} INFO - Started process (PID=65043) to work on /Users/rishukhurana/anaconda3/lib/python3.11/site-packages/airflow/example_dags/example_time_delta_sensor_async.py
[2024-12-19T08:19:43.231-0800] {processor.py:914} INFO - Processing file /Users/rishukhurana/anaconda3/lib/python3.11/site-packages/airflow/example_dags/example_time_delta_sensor_async.py for tasks to queue
[2024-12-19T08:19:43.233-0800] {logging_mixin.py:190} INFO - [2024-12-19T08:19:43.232-0800] {dagbag.py:588} INFO - Filling up the DagBag from /Users/rishukhurana/anaconda3/lib/python3.11/site-packages/airflow/example_dags/example_time_delta_sensor_async.py
[2024-12-19T08:19:43.243-0800] {processor.py:925} INFO - DAG(s) 'example_time_delta_sensor_async' retrieved from /Users/rishukhurana/anaconda3/lib/python3.11/site-packages/airflow/example_dags/example_time_delta_sensor_async.py
[2024-12-19T08:19:43.686-0800] {logging_mixin.py:190} INFO - [2024-12-19T08:19:43.686-0800] {utils.py:160} INFO - NumExpr defaulting to 8 threads.
[2024-12-19T08:19:44.225-0800] {logging_mixin.py:190} INFO - [2024-12-19T08:19:44.225-0800] {dag.py:3239} INFO - Sync 1 DAGs
[2024-12-19T08:19:44.236-0800] {logging_mixin.py:190} INFO - [2024-12-19T08:19:44.236-0800] {dag.py:4180} INFO - Setting next_dagrun for example_time_delta_sensor_async to None, run_after=None
[2024-12-19T08:19:44.254-0800] {processor.py:208} INFO - Processing /Users/rishukhurana/anaconda3/lib/python3.11/site-packages/airflow/example_dags/example_time_delta_sensor_async.py took 1.032 seconds
[2024-12-19T08:22:57.564-0800] {processor.py:186} INFO - Started process (PID=65196) to work on /Users/rishukhurana/anaconda3/lib/python3.11/site-packages/airflow/example_dags/example_time_delta_sensor_async.py
[2024-12-19T08:22:57.566-0800] {processor.py:914} INFO - Processing file /Users/rishukhurana/anaconda3/lib/python3.11/site-packages/airflow/example_dags/example_time_delta_sensor_async.py for tasks to queue
[2024-12-19T08:22:57.567-0800] {logging_mixin.py:190} INFO - [2024-12-19T08:22:57.567-0800] {dagbag.py:588} INFO - Filling up the DagBag from /Users/rishukhurana/anaconda3/lib/python3.11/site-packages/airflow/example_dags/example_time_delta_sensor_async.py
[2024-12-19T08:22:57.577-0800] {processor.py:925} INFO - DAG(s) 'example_time_delta_sensor_async' retrieved from /Users/rishukhurana/anaconda3/lib/python3.11/site-packages/airflow/example_dags/example_time_delta_sensor_async.py
[2024-12-19T08:22:58.022-0800] {logging_mixin.py:190} INFO - [2024-12-19T08:22:58.021-0800] {utils.py:160} INFO - NumExpr defaulting to 8 threads.
[2024-12-19T08:22:58.367-0800] {logging_mixin.py:190} INFO - [2024-12-19T08:22:58.367-0800] {dag.py:3239} INFO - Sync 1 DAGs
[2024-12-19T08:22:58.377-0800] {logging_mixin.py:190} INFO - [2024-12-19T08:22:58.376-0800] {dag.py:4180} INFO - Setting next_dagrun for example_time_delta_sensor_async to None, run_after=None
[2024-12-19T08:22:58.398-0800] {processor.py:208} INFO - Processing /Users/rishukhurana/anaconda3/lib/python3.11/site-packages/airflow/example_dags/example_time_delta_sensor_async.py took 0.843 seconds
[2024-12-19T08:26:13.462-0800] {processor.py:186} INFO - Started process (PID=65348) to work on /Users/rishukhurana/anaconda3/lib/python3.11/site-packages/airflow/example_dags/example_time_delta_sensor_async.py
[2024-12-19T08:26:13.465-0800] {processor.py:914} INFO - Processing file /Users/rishukhurana/anaconda3/lib/python3.11/site-packages/airflow/example_dags/example_time_delta_sensor_async.py for tasks to queue
[2024-12-19T08:26:13.466-0800] {logging_mixin.py:190} INFO - [2024-12-19T08:26:13.466-0800] {dagbag.py:588} INFO - Filling up the DagBag from /Users/rishukhurana/anaconda3/lib/python3.11/site-packages/airflow/example_dags/example_time_delta_sensor_async.py
[2024-12-19T08:26:13.476-0800] {processor.py:925} INFO - DAG(s) 'example_time_delta_sensor_async' retrieved from /Users/rishukhurana/anaconda3/lib/python3.11/site-packages/airflow/example_dags/example_time_delta_sensor_async.py
[2024-12-19T08:26:13.934-0800] {logging_mixin.py:190} INFO - [2024-12-19T08:26:13.934-0800] {utils.py:160} INFO - NumExpr defaulting to 8 threads.
[2024-12-19T08:26:14.311-0800] {logging_mixin.py:190} INFO - [2024-12-19T08:26:14.311-0800] {dag.py:3239} INFO - Sync 1 DAGs
[2024-12-19T08:26:14.321-0800] {logging_mixin.py:190} INFO - [2024-12-19T08:26:14.320-0800] {dag.py:4180} INFO - Setting next_dagrun for example_time_delta_sensor_async to None, run_after=None
[2024-12-19T08:26:14.338-0800] {processor.py:208} INFO - Processing /Users/rishukhurana/anaconda3/lib/python3.11/site-packages/airflow/example_dags/example_time_delta_sensor_async.py took 0.882 seconds
[2024-12-19T08:29:34.801-0800] {processor.py:186} INFO - Started process (PID=65498) to work on /Users/rishukhurana/anaconda3/lib/python3.11/site-packages/airflow/example_dags/example_time_delta_sensor_async.py
[2024-12-19T08:29:34.803-0800] {processor.py:914} INFO - Processing file /Users/rishukhurana/anaconda3/lib/python3.11/site-packages/airflow/example_dags/example_time_delta_sensor_async.py for tasks to queue
[2024-12-19T08:29:34.805-0800] {logging_mixin.py:190} INFO - [2024-12-19T08:29:34.804-0800] {dagbag.py:588} INFO - Filling up the DagBag from /Users/rishukhurana/anaconda3/lib/python3.11/site-packages/airflow/example_dags/example_time_delta_sensor_async.py
[2024-12-19T08:29:34.814-0800] {processor.py:925} INFO - DAG(s) 'example_time_delta_sensor_async' retrieved from /Users/rishukhurana/anaconda3/lib/python3.11/site-packages/airflow/example_dags/example_time_delta_sensor_async.py
[2024-12-19T08:29:35.432-0800] {logging_mixin.py:190} INFO - [2024-12-19T08:29:35.432-0800] {utils.py:160} INFO - NumExpr defaulting to 8 threads.
[2024-12-19T08:29:36.075-0800] {logging_mixin.py:190} INFO - [2024-12-19T08:29:36.075-0800] {dag.py:3239} INFO - Sync 1 DAGs
[2024-12-19T08:29:36.087-0800] {logging_mixin.py:190} INFO - [2024-12-19T08:29:36.086-0800] {dag.py:4180} INFO - Setting next_dagrun for example_time_delta_sensor_async to None, run_after=None
[2024-12-19T08:29:36.109-0800] {processor.py:208} INFO - Processing /Users/rishukhurana/anaconda3/lib/python3.11/site-packages/airflow/example_dags/example_time_delta_sensor_async.py took 1.316 seconds
[2024-12-19T09:30:21.950-0800] {processor.py:186} INFO - Started process (PID=65703) to work on /Users/rishukhurana/anaconda3/lib/python3.11/site-packages/airflow/example_dags/example_time_delta_sensor_async.py
[2024-12-19T09:30:21.963-0800] {processor.py:914} INFO - Processing file /Users/rishukhurana/anaconda3/lib/python3.11/site-packages/airflow/example_dags/example_time_delta_sensor_async.py for tasks to queue
[2024-12-19T09:30:21.971-0800] {logging_mixin.py:190} INFO - [2024-12-19T09:30:21.969-0800] {dagbag.py:588} INFO - Filling up the DagBag from /Users/rishukhurana/anaconda3/lib/python3.11/site-packages/airflow/example_dags/example_time_delta_sensor_async.py
[2024-12-19T09:30:22.043-0800] {processor.py:925} INFO - DAG(s) 'example_time_delta_sensor_async' retrieved from /Users/rishukhurana/anaconda3/lib/python3.11/site-packages/airflow/example_dags/example_time_delta_sensor_async.py
[2024-12-19T09:30:25.905-0800] {logging_mixin.py:190} INFO - [2024-12-19T09:30:25.903-0800] {utils.py:160} INFO - NumExpr defaulting to 8 threads.
[2024-12-19T09:30:28.882-0800] {logging_mixin.py:190} INFO - [2024-12-19T09:30:28.879-0800] {dag.py:3239} INFO - Sync 1 DAGs
[2024-12-19T09:30:28.954-0800] {logging_mixin.py:190} INFO - [2024-12-19T09:30:28.952-0800] {dag.py:4180} INFO - Setting next_dagrun for example_time_delta_sensor_async to None, run_after=None
[2024-12-19T09:30:29.066-0800] {processor.py:208} INFO - Processing /Users/rishukhurana/anaconda3/lib/python3.11/site-packages/airflow/example_dags/example_time_delta_sensor_async.py took 7.162 seconds
[2024-12-19T12:51:02.395-0800] {processor.py:186} INFO - Started process (PID=66000) to work on /Users/rishukhurana/anaconda3/lib/python3.11/site-packages/airflow/example_dags/example_time_delta_sensor_async.py
[2024-12-19T12:51:02.399-0800] {processor.py:914} INFO - Processing file /Users/rishukhurana/anaconda3/lib/python3.11/site-packages/airflow/example_dags/example_time_delta_sensor_async.py for tasks to queue
[2024-12-19T12:51:02.400-0800] {logging_mixin.py:190} INFO - [2024-12-19T12:51:02.400-0800] {dagbag.py:588} INFO - Filling up the DagBag from /Users/rishukhurana/anaconda3/lib/python3.11/site-packages/airflow/example_dags/example_time_delta_sensor_async.py
[2024-12-19T12:51:02.413-0800] {processor.py:925} INFO - DAG(s) 'example_time_delta_sensor_async' retrieved from /Users/rishukhurana/anaconda3/lib/python3.11/site-packages/airflow/example_dags/example_time_delta_sensor_async.py
[2024-12-19T12:51:03.027-0800] {logging_mixin.py:190} INFO - [2024-12-19T12:51:03.026-0800] {utils.py:160} INFO - NumExpr defaulting to 8 threads.
[2024-12-19T12:51:03.464-0800] {logging_mixin.py:190} INFO - [2024-12-19T12:51:03.463-0800] {dag.py:3239} INFO - Sync 1 DAGs
[2024-12-19T12:51:03.475-0800] {logging_mixin.py:190} INFO - [2024-12-19T12:51:03.475-0800] {dag.py:4180} INFO - Setting next_dagrun for example_time_delta_sensor_async to None, run_after=None
[2024-12-19T12:51:03.494-0800] {processor.py:208} INFO - Processing /Users/rishukhurana/anaconda3/lib/python3.11/site-packages/airflow/example_dags/example_time_delta_sensor_async.py took 1.109 seconds
