[2024-12-18T16:09:02.536-0800] {processor.py:186} INFO - Started process (PID=60697) to work on /Users/rishukhurana/anaconda3/lib/python3.11/site-packages/airflow/example_dags/example_latest_only_with_trigger.py
[2024-12-18T16:09:02.539-0800] {processor.py:914} INFO - Processing file /Users/rishukhurana/anaconda3/lib/python3.11/site-packages/airflow/example_dags/example_latest_only_with_trigger.py for tasks to queue
[2024-12-18T16:09:02.540-0800] {logging_mixin.py:190} INFO - [2024-12-18T16:09:02.540-0800] {dagbag.py:588} INFO - Filling up the DagBag from /Users/rishukhurana/anaconda3/lib/python3.11/site-packages/airflow/example_dags/example_latest_only_with_trigger.py
[2024-12-18T16:09:02.553-0800] {processor.py:925} INFO - DAG(s) 'latest_only_with_trigger' retrieved from /Users/rishukhurana/anaconda3/lib/python3.11/site-packages/airflow/example_dags/example_latest_only_with_trigger.py
[2024-12-18T16:09:02.666-0800] {logging_mixin.py:190} INFO - [2024-12-18T16:09:02.665-0800] {dag.py:3239} INFO - Sync 1 DAGs
[2024-12-18T16:09:02.689-0800] {logging_mixin.py:190} INFO - [2024-12-18T16:09:02.688-0800] {dag.py:4180} INFO - Setting next_dagrun for latest_only_with_trigger to 2024-12-18 20:00:00+00:00, run_after=2024-12-19 00:00:00+00:00
[2024-12-18T16:09:02.708-0800] {processor.py:208} INFO - Processing /Users/rishukhurana/anaconda3/lib/python3.11/site-packages/airflow/example_dags/example_latest_only_with_trigger.py took 0.181 seconds
[2024-12-18T16:16:15.942-0800] {processor.py:186} INFO - Started process (PID=60931) to work on /Users/rishukhurana/anaconda3/lib/python3.11/site-packages/airflow/example_dags/example_latest_only_with_trigger.py
[2024-12-18T16:16:15.946-0800] {processor.py:914} INFO - Processing file /Users/rishukhurana/anaconda3/lib/python3.11/site-packages/airflow/example_dags/example_latest_only_with_trigger.py for tasks to queue
[2024-12-18T16:16:15.947-0800] {logging_mixin.py:190} INFO - [2024-12-18T16:16:15.947-0800] {dagbag.py:588} INFO - Filling up the DagBag from /Users/rishukhurana/anaconda3/lib/python3.11/site-packages/airflow/example_dags/example_latest_only_with_trigger.py
[2024-12-18T16:16:15.962-0800] {processor.py:925} INFO - DAG(s) 'latest_only_with_trigger' retrieved from /Users/rishukhurana/anaconda3/lib/python3.11/site-packages/airflow/example_dags/example_latest_only_with_trigger.py
[2024-12-18T16:16:16.061-0800] {logging_mixin.py:190} INFO - [2024-12-18T16:16:16.060-0800] {dag.py:3239} INFO - Sync 1 DAGs
[2024-12-18T16:16:16.084-0800] {logging_mixin.py:190} INFO - [2024-12-18T16:16:16.083-0800] {dag.py:4180} INFO - Setting next_dagrun for latest_only_with_trigger to 2024-12-18 20:00:00+00:00, run_after=2024-12-19 00:00:00+00:00
[2024-12-18T16:16:16.105-0800] {processor.py:208} INFO - Processing /Users/rishukhurana/anaconda3/lib/python3.11/site-packages/airflow/example_dags/example_latest_only_with_trigger.py took 0.169 seconds
[2024-12-18T19:27:10.994-0800] {processor.py:186} INFO - Started process (PID=61242) to work on /Users/rishukhurana/anaconda3/lib/python3.11/site-packages/airflow/example_dags/example_latest_only_with_trigger.py
[2024-12-18T19:27:10.997-0800] {processor.py:914} INFO - Processing file /Users/rishukhurana/anaconda3/lib/python3.11/site-packages/airflow/example_dags/example_latest_only_with_trigger.py for tasks to queue
[2024-12-18T19:27:10.998-0800] {logging_mixin.py:190} INFO - [2024-12-18T19:27:10.998-0800] {dagbag.py:588} INFO - Filling up the DagBag from /Users/rishukhurana/anaconda3/lib/python3.11/site-packages/airflow/example_dags/example_latest_only_with_trigger.py
[2024-12-18T19:27:11.014-0800] {processor.py:925} INFO - DAG(s) 'latest_only_with_trigger' retrieved from /Users/rishukhurana/anaconda3/lib/python3.11/site-packages/airflow/example_dags/example_latest_only_with_trigger.py
[2024-12-18T19:27:11.107-0800] {logging_mixin.py:190} INFO - [2024-12-18T19:27:11.107-0800] {dag.py:3239} INFO - Sync 1 DAGs
[2024-12-18T19:27:11.128-0800] {logging_mixin.py:190} INFO - [2024-12-18T19:27:11.128-0800] {dag.py:4180} INFO - Setting next_dagrun for latest_only_with_trigger to 2024-12-18 20:00:00+00:00, run_after=2024-12-19 00:00:00+00:00
[2024-12-18T19:27:11.148-0800] {processor.py:208} INFO - Processing /Users/rishukhurana/anaconda3/lib/python3.11/site-packages/airflow/example_dags/example_latest_only_with_trigger.py took 0.161 seconds
[2024-12-18T23:32:42.419-0800] {processor.py:186} INFO - Started process (PID=61660) to work on /Users/rishukhurana/anaconda3/lib/python3.11/site-packages/airflow/example_dags/example_latest_only_with_trigger.py
[2024-12-18T23:32:42.465-0800] {processor.py:914} INFO - Processing file /Users/rishukhurana/anaconda3/lib/python3.11/site-packages/airflow/example_dags/example_latest_only_with_trigger.py for tasks to queue
[2024-12-18T23:32:42.508-0800] {logging_mixin.py:190} INFO - [2024-12-18T23:32:42.505-0800] {dagbag.py:588} INFO - Filling up the DagBag from /Users/rishukhurana/anaconda3/lib/python3.11/site-packages/airflow/example_dags/example_latest_only_with_trigger.py
[2024-12-18T23:32:42.684-0800] {processor.py:925} INFO - DAG(s) 'latest_only_with_trigger' retrieved from /Users/rishukhurana/anaconda3/lib/python3.11/site-packages/airflow/example_dags/example_latest_only_with_trigger.py
[2024-12-18T23:32:44.386-0800] {logging_mixin.py:190} INFO - [2024-12-18T23:32:44.377-0800] {dag.py:3239} INFO - Sync 1 DAGs
[2024-12-18T23:32:44.552-0800] {logging_mixin.py:190} INFO - [2024-12-18T23:32:44.550-0800] {dag.py:4180} INFO - Setting next_dagrun for latest_only_with_trigger to 2024-12-19 00:00:00+00:00, run_after=2024-12-19 04:00:00+00:00
[2024-12-18T23:32:44.798-0800] {processor.py:208} INFO - Processing /Users/rishukhurana/anaconda3/lib/python3.11/site-packages/airflow/example_dags/example_latest_only_with_trigger.py took 2.419 seconds
[2024-12-19T03:19:03.872-0800] {processor.py:186} INFO - Started process (PID=62027) to work on /Users/rishukhurana/anaconda3/lib/python3.11/site-packages/airflow/example_dags/example_latest_only_with_trigger.py
[2024-12-19T03:19:03.874-0800] {processor.py:914} INFO - Processing file /Users/rishukhurana/anaconda3/lib/python3.11/site-packages/airflow/example_dags/example_latest_only_with_trigger.py for tasks to queue
[2024-12-19T03:19:03.875-0800] {logging_mixin.py:190} INFO - [2024-12-19T03:19:03.875-0800] {dagbag.py:588} INFO - Filling up the DagBag from /Users/rishukhurana/anaconda3/lib/python3.11/site-packages/airflow/example_dags/example_latest_only_with_trigger.py
[2024-12-19T03:19:03.890-0800] {processor.py:925} INFO - DAG(s) 'latest_only_with_trigger' retrieved from /Users/rishukhurana/anaconda3/lib/python3.11/site-packages/airflow/example_dags/example_latest_only_with_trigger.py
[2024-12-19T03:19:03.983-0800] {logging_mixin.py:190} INFO - [2024-12-19T03:19:03.982-0800] {dag.py:3239} INFO - Sync 1 DAGs
[2024-12-19T03:19:04.004-0800] {logging_mixin.py:190} INFO - [2024-12-19T03:19:04.004-0800] {dag.py:4180} INFO - Setting next_dagrun for latest_only_with_trigger to 2024-12-19 04:00:00+00:00, run_after=2024-12-19 08:00:00+00:00
[2024-12-19T03:19:04.022-0800] {processor.py:208} INFO - Processing /Users/rishukhurana/anaconda3/lib/python3.11/site-packages/airflow/example_dags/example_latest_only_with_trigger.py took 0.157 seconds
[2024-12-19T05:23:20.184-0800] {processor.py:186} INFO - Started process (PID=62359) to work on /Users/rishukhurana/anaconda3/lib/python3.11/site-packages/airflow/example_dags/example_latest_only_with_trigger.py
[2024-12-19T05:23:20.210-0800] {processor.py:914} INFO - Processing file /Users/rishukhurana/anaconda3/lib/python3.11/site-packages/airflow/example_dags/example_latest_only_with_trigger.py for tasks to queue
[2024-12-19T05:23:20.235-0800] {logging_mixin.py:190} INFO - [2024-12-19T05:23:20.229-0800] {dagbag.py:588} INFO - Filling up the DagBag from /Users/rishukhurana/anaconda3/lib/python3.11/site-packages/airflow/example_dags/example_latest_only_with_trigger.py
[2024-12-19T05:23:20.379-0800] {processor.py:925} INFO - DAG(s) 'latest_only_with_trigger' retrieved from /Users/rishukhurana/anaconda3/lib/python3.11/site-packages/airflow/example_dags/example_latest_only_with_trigger.py
[2024-12-19T05:23:21.285-0800] {logging_mixin.py:190} INFO - [2024-12-19T05:23:21.282-0800] {dag.py:3239} INFO - Sync 1 DAGs
[2024-12-19T05:23:21.437-0800] {logging_mixin.py:190} INFO - [2024-12-19T05:23:21.436-0800] {dag.py:4180} INFO - Setting next_dagrun for latest_only_with_trigger to 2024-12-19 08:00:00+00:00, run_after=2024-12-19 12:00:00+00:00
[2024-12-19T05:23:21.572-0800] {processor.py:208} INFO - Processing /Users/rishukhurana/anaconda3/lib/python3.11/site-packages/airflow/example_dags/example_latest_only_with_trigger.py took 1.457 seconds
[2024-12-19T05:54:08.448-0800] {processor.py:186} INFO - Started process (PID=62605) to work on /Users/rishukhurana/anaconda3/lib/python3.11/site-packages/airflow/example_dags/example_latest_only_with_trigger.py
[2024-12-19T05:54:08.449-0800] {processor.py:914} INFO - Processing file /Users/rishukhurana/anaconda3/lib/python3.11/site-packages/airflow/example_dags/example_latest_only_with_trigger.py for tasks to queue
[2024-12-19T05:54:08.451-0800] {logging_mixin.py:190} INFO - [2024-12-19T05:54:08.451-0800] {dagbag.py:588} INFO - Filling up the DagBag from /Users/rishukhurana/anaconda3/lib/python3.11/site-packages/airflow/example_dags/example_latest_only_with_trigger.py
[2024-12-19T05:54:08.460-0800] {processor.py:925} INFO - DAG(s) 'latest_only_with_trigger' retrieved from /Users/rishukhurana/anaconda3/lib/python3.11/site-packages/airflow/example_dags/example_latest_only_with_trigger.py
[2024-12-19T05:54:08.567-0800] {logging_mixin.py:190} INFO - [2024-12-19T05:54:08.567-0800] {dag.py:3239} INFO - Sync 1 DAGs
[2024-12-19T05:54:08.588-0800] {logging_mixin.py:190} INFO - [2024-12-19T05:54:08.587-0800] {dag.py:4180} INFO - Setting next_dagrun for latest_only_with_trigger to 2024-12-19 08:00:00+00:00, run_after=2024-12-19 12:00:00+00:00
[2024-12-19T05:54:08.612-0800] {processor.py:208} INFO - Processing /Users/rishukhurana/anaconda3/lib/python3.11/site-packages/airflow/example_dags/example_latest_only_with_trigger.py took 0.172 seconds
[2024-12-19T07:34:13.458-0800] {processor.py:186} INFO - Started process (PID=62846) to work on /Users/rishukhurana/anaconda3/lib/python3.11/site-packages/airflow/example_dags/example_latest_only_with_trigger.py
[2024-12-19T07:34:13.460-0800] {processor.py:914} INFO - Processing file /Users/rishukhurana/anaconda3/lib/python3.11/site-packages/airflow/example_dags/example_latest_only_with_trigger.py for tasks to queue
[2024-12-19T07:34:13.461-0800] {logging_mixin.py:190} INFO - [2024-12-19T07:34:13.461-0800] {dagbag.py:588} INFO - Filling up the DagBag from /Users/rishukhurana/anaconda3/lib/python3.11/site-packages/airflow/example_dags/example_latest_only_with_trigger.py
[2024-12-19T07:34:13.468-0800] {processor.py:925} INFO - DAG(s) 'latest_only_with_trigger' retrieved from /Users/rishukhurana/anaconda3/lib/python3.11/site-packages/airflow/example_dags/example_latest_only_with_trigger.py
[2024-12-19T07:34:13.555-0800] {logging_mixin.py:190} INFO - [2024-12-19T07:34:13.554-0800] {dag.py:3239} INFO - Sync 1 DAGs
[2024-12-19T07:34:13.570-0800] {logging_mixin.py:190} INFO - [2024-12-19T07:34:13.570-0800] {dag.py:4180} INFO - Setting next_dagrun for latest_only_with_trigger to 2024-12-19 08:00:00+00:00, run_after=2024-12-19 12:00:00+00:00
[2024-12-19T07:34:13.588-0800] {processor.py:208} INFO - Processing /Users/rishukhurana/anaconda3/lib/python3.11/site-packages/airflow/example_dags/example_latest_only_with_trigger.py took 0.138 seconds
[2024-12-19T07:37:33.094-0800] {processor.py:186} INFO - Started process (PID=63004) to work on /Users/rishukhurana/anaconda3/lib/python3.11/site-packages/airflow/example_dags/example_latest_only_with_trigger.py
[2024-12-19T07:37:33.097-0800] {processor.py:914} INFO - Processing file /Users/rishukhurana/anaconda3/lib/python3.11/site-packages/airflow/example_dags/example_latest_only_with_trigger.py for tasks to queue
[2024-12-19T07:37:33.098-0800] {logging_mixin.py:190} INFO - [2024-12-19T07:37:33.098-0800] {dagbag.py:588} INFO - Filling up the DagBag from /Users/rishukhurana/anaconda3/lib/python3.11/site-packages/airflow/example_dags/example_latest_only_with_trigger.py
[2024-12-19T07:37:33.107-0800] {processor.py:925} INFO - DAG(s) 'latest_only_with_trigger' retrieved from /Users/rishukhurana/anaconda3/lib/python3.11/site-packages/airflow/example_dags/example_latest_only_with_trigger.py
[2024-12-19T07:37:33.194-0800] {logging_mixin.py:190} INFO - [2024-12-19T07:37:33.194-0800] {dag.py:3239} INFO - Sync 1 DAGs
[2024-12-19T07:37:33.213-0800] {logging_mixin.py:190} INFO - [2024-12-19T07:37:33.213-0800] {dag.py:4180} INFO - Setting next_dagrun for latest_only_with_trigger to 2024-12-19 08:00:00+00:00, run_after=2024-12-19 12:00:00+00:00
[2024-12-19T07:37:33.228-0800] {processor.py:208} INFO - Processing /Users/rishukhurana/anaconda3/lib/python3.11/site-packages/airflow/example_dags/example_latest_only_with_trigger.py took 0.140 seconds
[2024-12-19T07:40:29.881-0800] {processor.py:186} INFO - Started process (PID=63149) to work on /Users/rishukhurana/anaconda3/lib/python3.11/site-packages/airflow/example_dags/example_latest_only_with_trigger.py
[2024-12-19T07:40:29.884-0800] {processor.py:914} INFO - Processing file /Users/rishukhurana/anaconda3/lib/python3.11/site-packages/airflow/example_dags/example_latest_only_with_trigger.py for tasks to queue
[2024-12-19T07:40:29.885-0800] {logging_mixin.py:190} INFO - [2024-12-19T07:40:29.885-0800] {dagbag.py:588} INFO - Filling up the DagBag from /Users/rishukhurana/anaconda3/lib/python3.11/site-packages/airflow/example_dags/example_latest_only_with_trigger.py
[2024-12-19T07:40:29.894-0800] {processor.py:925} INFO - DAG(s) 'latest_only_with_trigger' retrieved from /Users/rishukhurana/anaconda3/lib/python3.11/site-packages/airflow/example_dags/example_latest_only_with_trigger.py
[2024-12-19T07:40:29.975-0800] {logging_mixin.py:190} INFO - [2024-12-19T07:40:29.974-0800] {dag.py:3239} INFO - Sync 1 DAGs
[2024-12-19T07:40:29.991-0800] {logging_mixin.py:190} INFO - [2024-12-19T07:40:29.991-0800] {dag.py:4180} INFO - Setting next_dagrun for latest_only_with_trigger to 2024-12-19 08:00:00+00:00, run_after=2024-12-19 12:00:00+00:00
[2024-12-19T07:40:30.012-0800] {processor.py:208} INFO - Processing /Users/rishukhurana/anaconda3/lib/python3.11/site-packages/airflow/example_dags/example_latest_only_with_trigger.py took 0.138 seconds
[2024-12-19T07:43:26.635-0800] {processor.py:186} INFO - Started process (PID=63292) to work on /Users/rishukhurana/anaconda3/lib/python3.11/site-packages/airflow/example_dags/example_latest_only_with_trigger.py
[2024-12-19T07:43:26.638-0800] {processor.py:914} INFO - Processing file /Users/rishukhurana/anaconda3/lib/python3.11/site-packages/airflow/example_dags/example_latest_only_with_trigger.py for tasks to queue
[2024-12-19T07:43:26.639-0800] {logging_mixin.py:190} INFO - [2024-12-19T07:43:26.639-0800] {dagbag.py:588} INFO - Filling up the DagBag from /Users/rishukhurana/anaconda3/lib/python3.11/site-packages/airflow/example_dags/example_latest_only_with_trigger.py
[2024-12-19T07:43:26.647-0800] {processor.py:925} INFO - DAG(s) 'latest_only_with_trigger' retrieved from /Users/rishukhurana/anaconda3/lib/python3.11/site-packages/airflow/example_dags/example_latest_only_with_trigger.py
[2024-12-19T07:43:26.731-0800] {logging_mixin.py:190} INFO - [2024-12-19T07:43:26.730-0800] {dag.py:3239} INFO - Sync 1 DAGs
[2024-12-19T07:43:26.747-0800] {logging_mixin.py:190} INFO - [2024-12-19T07:43:26.747-0800] {dag.py:4180} INFO - Setting next_dagrun for latest_only_with_trigger to 2024-12-19 08:00:00+00:00, run_after=2024-12-19 12:00:00+00:00
[2024-12-19T07:43:26.761-0800] {processor.py:208} INFO - Processing /Users/rishukhurana/anaconda3/lib/python3.11/site-packages/airflow/example_dags/example_latest_only_with_trigger.py took 0.131 seconds
[2024-12-19T07:46:23.604-0800] {processor.py:186} INFO - Started process (PID=63437) to work on /Users/rishukhurana/anaconda3/lib/python3.11/site-packages/airflow/example_dags/example_latest_only_with_trigger.py
[2024-12-19T07:46:23.606-0800] {processor.py:914} INFO - Processing file /Users/rishukhurana/anaconda3/lib/python3.11/site-packages/airflow/example_dags/example_latest_only_with_trigger.py for tasks to queue
[2024-12-19T07:46:23.607-0800] {logging_mixin.py:190} INFO - [2024-12-19T07:46:23.607-0800] {dagbag.py:588} INFO - Filling up the DagBag from /Users/rishukhurana/anaconda3/lib/python3.11/site-packages/airflow/example_dags/example_latest_only_with_trigger.py
[2024-12-19T07:46:23.617-0800] {processor.py:925} INFO - DAG(s) 'latest_only_with_trigger' retrieved from /Users/rishukhurana/anaconda3/lib/python3.11/site-packages/airflow/example_dags/example_latest_only_with_trigger.py
[2024-12-19T07:46:23.700-0800] {logging_mixin.py:190} INFO - [2024-12-19T07:46:23.700-0800] {dag.py:3239} INFO - Sync 1 DAGs
[2024-12-19T07:46:23.718-0800] {logging_mixin.py:190} INFO - [2024-12-19T07:46:23.717-0800] {dag.py:4180} INFO - Setting next_dagrun for latest_only_with_trigger to 2024-12-19 08:00:00+00:00, run_after=2024-12-19 12:00:00+00:00
[2024-12-19T07:46:23.739-0800] {processor.py:208} INFO - Processing /Users/rishukhurana/anaconda3/lib/python3.11/site-packages/airflow/example_dags/example_latest_only_with_trigger.py took 0.142 seconds
[2024-12-19T07:49:17.910-0800] {processor.py:186} INFO - Started process (PID=63612) to work on /Users/rishukhurana/anaconda3/lib/python3.11/site-packages/airflow/example_dags/example_latest_only_with_trigger.py
[2024-12-19T07:49:17.912-0800] {processor.py:914} INFO - Processing file /Users/rishukhurana/anaconda3/lib/python3.11/site-packages/airflow/example_dags/example_latest_only_with_trigger.py for tasks to queue
[2024-12-19T07:49:17.914-0800] {logging_mixin.py:190} INFO - [2024-12-19T07:49:17.914-0800] {dagbag.py:588} INFO - Filling up the DagBag from /Users/rishukhurana/anaconda3/lib/python3.11/site-packages/airflow/example_dags/example_latest_only_with_trigger.py
[2024-12-19T07:49:17.923-0800] {processor.py:925} INFO - DAG(s) 'latest_only_with_trigger' retrieved from /Users/rishukhurana/anaconda3/lib/python3.11/site-packages/airflow/example_dags/example_latest_only_with_trigger.py
[2024-12-19T07:49:18.004-0800] {logging_mixin.py:190} INFO - [2024-12-19T07:49:18.004-0800] {dag.py:3239} INFO - Sync 1 DAGs
[2024-12-19T07:49:18.022-0800] {logging_mixin.py:190} INFO - [2024-12-19T07:49:18.022-0800] {dag.py:4180} INFO - Setting next_dagrun for latest_only_with_trigger to 2024-12-19 08:00:00+00:00, run_after=2024-12-19 12:00:00+00:00
[2024-12-19T07:49:18.041-0800] {processor.py:208} INFO - Processing /Users/rishukhurana/anaconda3/lib/python3.11/site-packages/airflow/example_dags/example_latest_only_with_trigger.py took 0.138 seconds
[2024-12-19T07:52:13.443-0800] {processor.py:186} INFO - Started process (PID=63754) to work on /Users/rishukhurana/anaconda3/lib/python3.11/site-packages/airflow/example_dags/example_latest_only_with_trigger.py
[2024-12-19T07:52:13.445-0800] {processor.py:914} INFO - Processing file /Users/rishukhurana/anaconda3/lib/python3.11/site-packages/airflow/example_dags/example_latest_only_with_trigger.py for tasks to queue
[2024-12-19T07:52:13.446-0800] {logging_mixin.py:190} INFO - [2024-12-19T07:52:13.446-0800] {dagbag.py:588} INFO - Filling up the DagBag from /Users/rishukhurana/anaconda3/lib/python3.11/site-packages/airflow/example_dags/example_latest_only_with_trigger.py
[2024-12-19T07:52:13.454-0800] {processor.py:925} INFO - DAG(s) 'latest_only_with_trigger' retrieved from /Users/rishukhurana/anaconda3/lib/python3.11/site-packages/airflow/example_dags/example_latest_only_with_trigger.py
[2024-12-19T07:52:13.549-0800] {logging_mixin.py:190} INFO - [2024-12-19T07:52:13.548-0800] {dag.py:3239} INFO - Sync 1 DAGs
[2024-12-19T07:52:13.567-0800] {logging_mixin.py:190} INFO - [2024-12-19T07:52:13.567-0800] {dag.py:4180} INFO - Setting next_dagrun for latest_only_with_trigger to 2024-12-19 08:00:00+00:00, run_after=2024-12-19 12:00:00+00:00
[2024-12-19T07:52:13.583-0800] {processor.py:208} INFO - Processing /Users/rishukhurana/anaconda3/lib/python3.11/site-packages/airflow/example_dags/example_latest_only_with_trigger.py took 0.148 seconds
[2024-12-19T07:55:13.115-0800] {processor.py:186} INFO - Started process (PID=63897) to work on /Users/rishukhurana/anaconda3/lib/python3.11/site-packages/airflow/example_dags/example_latest_only_with_trigger.py
[2024-12-19T07:55:13.118-0800] {processor.py:914} INFO - Processing file /Users/rishukhurana/anaconda3/lib/python3.11/site-packages/airflow/example_dags/example_latest_only_with_trigger.py for tasks to queue
[2024-12-19T07:55:13.119-0800] {logging_mixin.py:190} INFO - [2024-12-19T07:55:13.118-0800] {dagbag.py:588} INFO - Filling up the DagBag from /Users/rishukhurana/anaconda3/lib/python3.11/site-packages/airflow/example_dags/example_latest_only_with_trigger.py
[2024-12-19T07:55:13.127-0800] {processor.py:925} INFO - DAG(s) 'latest_only_with_trigger' retrieved from /Users/rishukhurana/anaconda3/lib/python3.11/site-packages/airflow/example_dags/example_latest_only_with_trigger.py
[2024-12-19T07:55:13.212-0800] {logging_mixin.py:190} INFO - [2024-12-19T07:55:13.212-0800] {dag.py:3239} INFO - Sync 1 DAGs
[2024-12-19T07:55:13.231-0800] {logging_mixin.py:190} INFO - [2024-12-19T07:55:13.230-0800] {dag.py:4180} INFO - Setting next_dagrun for latest_only_with_trigger to 2024-12-19 08:00:00+00:00, run_after=2024-12-19 12:00:00+00:00
[2024-12-19T07:55:13.253-0800] {processor.py:208} INFO - Processing /Users/rishukhurana/anaconda3/lib/python3.11/site-packages/airflow/example_dags/example_latest_only_with_trigger.py took 0.145 seconds
[2024-12-19T07:58:13.987-0800] {processor.py:186} INFO - Started process (PID=64042) to work on /Users/rishukhurana/anaconda3/lib/python3.11/site-packages/airflow/example_dags/example_latest_only_with_trigger.py
[2024-12-19T07:58:13.990-0800] {processor.py:914} INFO - Processing file /Users/rishukhurana/anaconda3/lib/python3.11/site-packages/airflow/example_dags/example_latest_only_with_trigger.py for tasks to queue
[2024-12-19T07:58:13.991-0800] {logging_mixin.py:190} INFO - [2024-12-19T07:58:13.991-0800] {dagbag.py:588} INFO - Filling up the DagBag from /Users/rishukhurana/anaconda3/lib/python3.11/site-packages/airflow/example_dags/example_latest_only_with_trigger.py
[2024-12-19T07:58:14.001-0800] {processor.py:925} INFO - DAG(s) 'latest_only_with_trigger' retrieved from /Users/rishukhurana/anaconda3/lib/python3.11/site-packages/airflow/example_dags/example_latest_only_with_trigger.py
[2024-12-19T07:58:14.083-0800] {logging_mixin.py:190} INFO - [2024-12-19T07:58:14.083-0800] {dag.py:3239} INFO - Sync 1 DAGs
[2024-12-19T07:58:14.101-0800] {logging_mixin.py:190} INFO - [2024-12-19T07:58:14.100-0800] {dag.py:4180} INFO - Setting next_dagrun for latest_only_with_trigger to 2024-12-19 08:00:00+00:00, run_after=2024-12-19 12:00:00+00:00
[2024-12-19T07:58:14.118-0800] {processor.py:208} INFO - Processing /Users/rishukhurana/anaconda3/lib/python3.11/site-packages/airflow/example_dags/example_latest_only_with_trigger.py took 0.136 seconds
[2024-12-19T08:01:11.824-0800] {processor.py:186} INFO - Started process (PID=64189) to work on /Users/rishukhurana/anaconda3/lib/python3.11/site-packages/airflow/example_dags/example_latest_only_with_trigger.py
[2024-12-19T08:01:11.826-0800] {processor.py:914} INFO - Processing file /Users/rishukhurana/anaconda3/lib/python3.11/site-packages/airflow/example_dags/example_latest_only_with_trigger.py for tasks to queue
[2024-12-19T08:01:11.827-0800] {logging_mixin.py:190} INFO - [2024-12-19T08:01:11.827-0800] {dagbag.py:588} INFO - Filling up the DagBag from /Users/rishukhurana/anaconda3/lib/python3.11/site-packages/airflow/example_dags/example_latest_only_with_trigger.py
[2024-12-19T08:01:11.834-0800] {processor.py:925} INFO - DAG(s) 'latest_only_with_trigger' retrieved from /Users/rishukhurana/anaconda3/lib/python3.11/site-packages/airflow/example_dags/example_latest_only_with_trigger.py
[2024-12-19T08:01:11.920-0800] {logging_mixin.py:190} INFO - [2024-12-19T08:01:11.920-0800] {dag.py:3239} INFO - Sync 1 DAGs
[2024-12-19T08:01:11.938-0800] {logging_mixin.py:190} INFO - [2024-12-19T08:01:11.938-0800] {dag.py:4180} INFO - Setting next_dagrun for latest_only_with_trigger to 2024-12-19 12:00:00+00:00, run_after=2024-12-19 16:00:00+00:00
[2024-12-19T08:01:11.954-0800] {processor.py:208} INFO - Processing /Users/rishukhurana/anaconda3/lib/python3.11/site-packages/airflow/example_dags/example_latest_only_with_trigger.py took 0.138 seconds
[2024-12-19T08:04:20.407-0800] {processor.py:186} INFO - Started process (PID=64334) to work on /Users/rishukhurana/anaconda3/lib/python3.11/site-packages/airflow/example_dags/example_latest_only_with_trigger.py
[2024-12-19T08:04:20.410-0800] {processor.py:914} INFO - Processing file /Users/rishukhurana/anaconda3/lib/python3.11/site-packages/airflow/example_dags/example_latest_only_with_trigger.py for tasks to queue
[2024-12-19T08:04:20.411-0800] {logging_mixin.py:190} INFO - [2024-12-19T08:04:20.411-0800] {dagbag.py:588} INFO - Filling up the DagBag from /Users/rishukhurana/anaconda3/lib/python3.11/site-packages/airflow/example_dags/example_latest_only_with_trigger.py
[2024-12-19T08:04:20.419-0800] {processor.py:925} INFO - DAG(s) 'latest_only_with_trigger' retrieved from /Users/rishukhurana/anaconda3/lib/python3.11/site-packages/airflow/example_dags/example_latest_only_with_trigger.py
[2024-12-19T08:04:20.506-0800] {logging_mixin.py:190} INFO - [2024-12-19T08:04:20.506-0800] {dag.py:3239} INFO - Sync 1 DAGs
[2024-12-19T08:04:20.527-0800] {logging_mixin.py:190} INFO - [2024-12-19T08:04:20.527-0800] {dag.py:4180} INFO - Setting next_dagrun for latest_only_with_trigger to 2024-12-19 12:00:00+00:00, run_after=2024-12-19 16:00:00+00:00
[2024-12-19T08:04:20.548-0800] {processor.py:208} INFO - Processing /Users/rishukhurana/anaconda3/lib/python3.11/site-packages/airflow/example_dags/example_latest_only_with_trigger.py took 0.147 seconds
[2024-12-19T08:07:40.764-0800] {processor.py:186} INFO - Started process (PID=64488) to work on /Users/rishukhurana/anaconda3/lib/python3.11/site-packages/airflow/example_dags/example_latest_only_with_trigger.py
[2024-12-19T08:07:40.767-0800] {processor.py:914} INFO - Processing file /Users/rishukhurana/anaconda3/lib/python3.11/site-packages/airflow/example_dags/example_latest_only_with_trigger.py for tasks to queue
[2024-12-19T08:07:40.769-0800] {logging_mixin.py:190} INFO - [2024-12-19T08:07:40.768-0800] {dagbag.py:588} INFO - Filling up the DagBag from /Users/rishukhurana/anaconda3/lib/python3.11/site-packages/airflow/example_dags/example_latest_only_with_trigger.py
[2024-12-19T08:07:40.782-0800] {processor.py:925} INFO - DAG(s) 'latest_only_with_trigger' retrieved from /Users/rishukhurana/anaconda3/lib/python3.11/site-packages/airflow/example_dags/example_latest_only_with_trigger.py
[2024-12-19T08:07:40.888-0800] {logging_mixin.py:190} INFO - [2024-12-19T08:07:40.887-0800] {dag.py:3239} INFO - Sync 1 DAGs
[2024-12-19T08:07:40.910-0800] {logging_mixin.py:190} INFO - [2024-12-19T08:07:40.910-0800] {dag.py:4180} INFO - Setting next_dagrun for latest_only_with_trigger to 2024-12-19 12:00:00+00:00, run_after=2024-12-19 16:00:00+00:00
[2024-12-19T08:07:40.933-0800] {processor.py:208} INFO - Processing /Users/rishukhurana/anaconda3/lib/python3.11/site-packages/airflow/example_dags/example_latest_only_with_trigger.py took 0.175 seconds
[2024-12-19T08:10:57.702-0800] {processor.py:186} INFO - Started process (PID=64636) to work on /Users/rishukhurana/anaconda3/lib/python3.11/site-packages/airflow/example_dags/example_latest_only_with_trigger.py
[2024-12-19T08:10:57.704-0800] {processor.py:914} INFO - Processing file /Users/rishukhurana/anaconda3/lib/python3.11/site-packages/airflow/example_dags/example_latest_only_with_trigger.py for tasks to queue
[2024-12-19T08:10:57.705-0800] {logging_mixin.py:190} INFO - [2024-12-19T08:10:57.705-0800] {dagbag.py:588} INFO - Filling up the DagBag from /Users/rishukhurana/anaconda3/lib/python3.11/site-packages/airflow/example_dags/example_latest_only_with_trigger.py
[2024-12-19T08:10:57.714-0800] {processor.py:925} INFO - DAG(s) 'latest_only_with_trigger' retrieved from /Users/rishukhurana/anaconda3/lib/python3.11/site-packages/airflow/example_dags/example_latest_only_with_trigger.py
[2024-12-19T08:10:57.805-0800] {logging_mixin.py:190} INFO - [2024-12-19T08:10:57.804-0800] {dag.py:3239} INFO - Sync 1 DAGs
[2024-12-19T08:10:57.826-0800] {logging_mixin.py:190} INFO - [2024-12-19T08:10:57.826-0800] {dag.py:4180} INFO - Setting next_dagrun for latest_only_with_trigger to 2024-12-19 12:00:00+00:00, run_after=2024-12-19 16:00:00+00:00
[2024-12-19T08:10:57.843-0800] {processor.py:208} INFO - Processing /Users/rishukhurana/anaconda3/lib/python3.11/site-packages/airflow/example_dags/example_latest_only_with_trigger.py took 0.149 seconds
[2024-12-19T08:14:10.819-0800] {processor.py:186} INFO - Started process (PID=64784) to work on /Users/rishukhurana/anaconda3/lib/python3.11/site-packages/airflow/example_dags/example_latest_only_with_trigger.py
[2024-12-19T08:14:10.821-0800] {processor.py:914} INFO - Processing file /Users/rishukhurana/anaconda3/lib/python3.11/site-packages/airflow/example_dags/example_latest_only_with_trigger.py for tasks to queue
[2024-12-19T08:14:10.822-0800] {logging_mixin.py:190} INFO - [2024-12-19T08:14:10.822-0800] {dagbag.py:588} INFO - Filling up the DagBag from /Users/rishukhurana/anaconda3/lib/python3.11/site-packages/airflow/example_dags/example_latest_only_with_trigger.py
[2024-12-19T08:14:10.831-0800] {processor.py:925} INFO - DAG(s) 'latest_only_with_trigger' retrieved from /Users/rishukhurana/anaconda3/lib/python3.11/site-packages/airflow/example_dags/example_latest_only_with_trigger.py
[2024-12-19T08:14:10.923-0800] {logging_mixin.py:190} INFO - [2024-12-19T08:14:10.922-0800] {dag.py:3239} INFO - Sync 1 DAGs
[2024-12-19T08:14:10.940-0800] {logging_mixin.py:190} INFO - [2024-12-19T08:14:10.940-0800] {dag.py:4180} INFO - Setting next_dagrun for latest_only_with_trigger to 2024-12-19 12:00:00+00:00, run_after=2024-12-19 16:00:00+00:00
[2024-12-19T08:14:10.957-0800] {processor.py:208} INFO - Processing /Users/rishukhurana/anaconda3/lib/python3.11/site-packages/airflow/example_dags/example_latest_only_with_trigger.py took 0.146 seconds
[2024-12-19T08:17:36.601-0800] {processor.py:186} INFO - Started process (PID=64937) to work on /Users/rishukhurana/anaconda3/lib/python3.11/site-packages/airflow/example_dags/example_latest_only_with_trigger.py
[2024-12-19T08:17:36.603-0800] {processor.py:914} INFO - Processing file /Users/rishukhurana/anaconda3/lib/python3.11/site-packages/airflow/example_dags/example_latest_only_with_trigger.py for tasks to queue
[2024-12-19T08:17:36.604-0800] {logging_mixin.py:190} INFO - [2024-12-19T08:17:36.604-0800] {dagbag.py:588} INFO - Filling up the DagBag from /Users/rishukhurana/anaconda3/lib/python3.11/site-packages/airflow/example_dags/example_latest_only_with_trigger.py
[2024-12-19T08:17:36.612-0800] {processor.py:925} INFO - DAG(s) 'latest_only_with_trigger' retrieved from /Users/rishukhurana/anaconda3/lib/python3.11/site-packages/airflow/example_dags/example_latest_only_with_trigger.py
[2024-12-19T08:17:36.700-0800] {logging_mixin.py:190} INFO - [2024-12-19T08:17:36.700-0800] {dag.py:3239} INFO - Sync 1 DAGs
[2024-12-19T08:17:36.720-0800] {logging_mixin.py:190} INFO - [2024-12-19T08:17:36.719-0800] {dag.py:4180} INFO - Setting next_dagrun for latest_only_with_trigger to 2024-12-19 12:00:00+00:00, run_after=2024-12-19 16:00:00+00:00
[2024-12-19T08:17:36.741-0800] {processor.py:208} INFO - Processing /Users/rishukhurana/anaconda3/lib/python3.11/site-packages/airflow/example_dags/example_latest_only_with_trigger.py took 0.148 seconds
[2024-12-19T08:20:57.406-0800] {processor.py:186} INFO - Started process (PID=65098) to work on /Users/rishukhurana/anaconda3/lib/python3.11/site-packages/airflow/example_dags/example_latest_only_with_trigger.py
[2024-12-19T08:20:57.409-0800] {processor.py:914} INFO - Processing file /Users/rishukhurana/anaconda3/lib/python3.11/site-packages/airflow/example_dags/example_latest_only_with_trigger.py for tasks to queue
[2024-12-19T08:20:57.410-0800] {logging_mixin.py:190} INFO - [2024-12-19T08:20:57.410-0800] {dagbag.py:588} INFO - Filling up the DagBag from /Users/rishukhurana/anaconda3/lib/python3.11/site-packages/airflow/example_dags/example_latest_only_with_trigger.py
[2024-12-19T08:20:57.419-0800] {processor.py:925} INFO - DAG(s) 'latest_only_with_trigger' retrieved from /Users/rishukhurana/anaconda3/lib/python3.11/site-packages/airflow/example_dags/example_latest_only_with_trigger.py
[2024-12-19T08:20:57.512-0800] {logging_mixin.py:190} INFO - [2024-12-19T08:20:57.512-0800] {dag.py:3239} INFO - Sync 1 DAGs
[2024-12-19T08:20:57.532-0800] {logging_mixin.py:190} INFO - [2024-12-19T08:20:57.532-0800] {dag.py:4180} INFO - Setting next_dagrun for latest_only_with_trigger to 2024-12-19 12:00:00+00:00, run_after=2024-12-19 16:00:00+00:00
[2024-12-19T08:20:57.550-0800] {processor.py:208} INFO - Processing /Users/rishukhurana/anaconda3/lib/python3.11/site-packages/airflow/example_dags/example_latest_only_with_trigger.py took 0.151 seconds
[2024-12-19T08:24:08.758-0800] {processor.py:186} INFO - Started process (PID=65251) to work on /Users/rishukhurana/anaconda3/lib/python3.11/site-packages/airflow/example_dags/example_latest_only_with_trigger.py
[2024-12-19T08:24:08.760-0800] {processor.py:914} INFO - Processing file /Users/rishukhurana/anaconda3/lib/python3.11/site-packages/airflow/example_dags/example_latest_only_with_trigger.py for tasks to queue
[2024-12-19T08:24:08.761-0800] {logging_mixin.py:190} INFO - [2024-12-19T08:24:08.761-0800] {dagbag.py:588} INFO - Filling up the DagBag from /Users/rishukhurana/anaconda3/lib/python3.11/site-packages/airflow/example_dags/example_latest_only_with_trigger.py
[2024-12-19T08:24:08.772-0800] {processor.py:925} INFO - DAG(s) 'latest_only_with_trigger' retrieved from /Users/rishukhurana/anaconda3/lib/python3.11/site-packages/airflow/example_dags/example_latest_only_with_trigger.py
[2024-12-19T08:24:08.871-0800] {logging_mixin.py:190} INFO - [2024-12-19T08:24:08.870-0800] {dag.py:3239} INFO - Sync 1 DAGs
[2024-12-19T08:24:08.890-0800] {logging_mixin.py:190} INFO - [2024-12-19T08:24:08.890-0800] {dag.py:4180} INFO - Setting next_dagrun for latest_only_with_trigger to 2024-12-19 12:00:00+00:00, run_after=2024-12-19 16:00:00+00:00
[2024-12-19T08:24:08.906-0800] {processor.py:208} INFO - Processing /Users/rishukhurana/anaconda3/lib/python3.11/site-packages/airflow/example_dags/example_latest_only_with_trigger.py took 0.153 seconds
[2024-12-19T08:27:23.883-0800] {processor.py:186} INFO - Started process (PID=65403) to work on /Users/rishukhurana/anaconda3/lib/python3.11/site-packages/airflow/example_dags/example_latest_only_with_trigger.py
[2024-12-19T08:27:23.886-0800] {processor.py:914} INFO - Processing file /Users/rishukhurana/anaconda3/lib/python3.11/site-packages/airflow/example_dags/example_latest_only_with_trigger.py for tasks to queue
[2024-12-19T08:27:23.887-0800] {logging_mixin.py:190} INFO - [2024-12-19T08:27:23.887-0800] {dagbag.py:588} INFO - Filling up the DagBag from /Users/rishukhurana/anaconda3/lib/python3.11/site-packages/airflow/example_dags/example_latest_only_with_trigger.py
[2024-12-19T08:27:23.898-0800] {processor.py:925} INFO - DAG(s) 'latest_only_with_trigger' retrieved from /Users/rishukhurana/anaconda3/lib/python3.11/site-packages/airflow/example_dags/example_latest_only_with_trigger.py
[2024-12-19T08:27:23.992-0800] {logging_mixin.py:190} INFO - [2024-12-19T08:27:23.992-0800] {dag.py:3239} INFO - Sync 1 DAGs
[2024-12-19T08:27:24.012-0800] {logging_mixin.py:190} INFO - [2024-12-19T08:27:24.012-0800] {dag.py:4180} INFO - Setting next_dagrun for latest_only_with_trigger to 2024-12-19 12:00:00+00:00, run_after=2024-12-19 16:00:00+00:00
[2024-12-19T08:27:24.034-0800] {processor.py:208} INFO - Processing /Users/rishukhurana/anaconda3/lib/python3.11/site-packages/airflow/example_dags/example_latest_only_with_trigger.py took 0.155 seconds
[2024-12-19T08:31:01.394-0800] {processor.py:186} INFO - Started process (PID=65557) to work on /Users/rishukhurana/anaconda3/lib/python3.11/site-packages/airflow/example_dags/example_latest_only_with_trigger.py
[2024-12-19T08:31:01.397-0800] {processor.py:914} INFO - Processing file /Users/rishukhurana/anaconda3/lib/python3.11/site-packages/airflow/example_dags/example_latest_only_with_trigger.py for tasks to queue
[2024-12-19T08:31:01.398-0800] {logging_mixin.py:190} INFO - [2024-12-19T08:31:01.397-0800] {dagbag.py:588} INFO - Filling up the DagBag from /Users/rishukhurana/anaconda3/lib/python3.11/site-packages/airflow/example_dags/example_latest_only_with_trigger.py
[2024-12-19T08:31:01.414-0800] {processor.py:925} INFO - DAG(s) 'latest_only_with_trigger' retrieved from /Users/rishukhurana/anaconda3/lib/python3.11/site-packages/airflow/example_dags/example_latest_only_with_trigger.py
[2024-12-19T08:31:01.515-0800] {logging_mixin.py:190} INFO - [2024-12-19T08:31:01.514-0800] {dag.py:3239} INFO - Sync 1 DAGs
[2024-12-19T08:31:01.540-0800] {logging_mixin.py:190} INFO - [2024-12-19T08:31:01.539-0800] {dag.py:4180} INFO - Setting next_dagrun for latest_only_with_trigger to 2024-12-19 12:00:00+00:00, run_after=2024-12-19 16:00:00+00:00
[2024-12-19T08:31:01.563-0800] {processor.py:208} INFO - Processing /Users/rishukhurana/anaconda3/lib/python3.11/site-packages/airflow/example_dags/example_latest_only_with_trigger.py took 0.176 seconds
[2024-12-19T10:41:19.186-0800] {processor.py:186} INFO - Started process (PID=65811) to work on /Users/rishukhurana/anaconda3/lib/python3.11/site-packages/airflow/example_dags/example_latest_only_with_trigger.py
[2024-12-19T10:41:19.189-0800] {processor.py:914} INFO - Processing file /Users/rishukhurana/anaconda3/lib/python3.11/site-packages/airflow/example_dags/example_latest_only_with_trigger.py for tasks to queue
[2024-12-19T10:41:19.190-0800] {logging_mixin.py:190} INFO - [2024-12-19T10:41:19.190-0800] {dagbag.py:588} INFO - Filling up the DagBag from /Users/rishukhurana/anaconda3/lib/python3.11/site-packages/airflow/example_dags/example_latest_only_with_trigger.py
[2024-12-19T10:41:19.207-0800] {processor.py:925} INFO - DAG(s) 'latest_only_with_trigger' retrieved from /Users/rishukhurana/anaconda3/lib/python3.11/site-packages/airflow/example_dags/example_latest_only_with_trigger.py
[2024-12-19T10:41:19.296-0800] {logging_mixin.py:190} INFO - [2024-12-19T10:41:19.296-0800] {dag.py:3239} INFO - Sync 1 DAGs
[2024-12-19T10:41:19.322-0800] {logging_mixin.py:190} INFO - [2024-12-19T10:41:19.321-0800] {dag.py:4180} INFO - Setting next_dagrun for latest_only_with_trigger to 2024-12-19 12:00:00+00:00, run_after=2024-12-19 16:00:00+00:00
[2024-12-19T10:41:19.345-0800] {processor.py:208} INFO - Processing /Users/rishukhurana/anaconda3/lib/python3.11/site-packages/airflow/example_dags/example_latest_only_with_trigger.py took 0.166 seconds
[2024-12-19T13:43:20.279-0800] {processor.py:186} INFO - Started process (PID=67827) to work on /Users/rishukhurana/anaconda3/lib/python3.11/site-packages/airflow/example_dags/example_latest_only_with_trigger.py
[2024-12-19T13:43:20.281-0800] {processor.py:914} INFO - Processing file /Users/rishukhurana/anaconda3/lib/python3.11/site-packages/airflow/example_dags/example_latest_only_with_trigger.py for tasks to queue
[2024-12-19T13:43:20.282-0800] {logging_mixin.py:190} INFO - [2024-12-19T13:43:20.282-0800] {dagbag.py:588} INFO - Filling up the DagBag from /Users/rishukhurana/anaconda3/lib/python3.11/site-packages/airflow/example_dags/example_latest_only_with_trigger.py
[2024-12-19T13:43:20.292-0800] {processor.py:925} INFO - DAG(s) 'latest_only_with_trigger' retrieved from /Users/rishukhurana/anaconda3/lib/python3.11/site-packages/airflow/example_dags/example_latest_only_with_trigger.py
[2024-12-19T13:43:20.401-0800] {logging_mixin.py:190} INFO - [2024-12-19T13:43:20.401-0800] {dag.py:3239} INFO - Sync 1 DAGs
[2024-12-19T13:43:20.424-0800] {logging_mixin.py:190} INFO - [2024-12-19T13:43:20.423-0800] {dag.py:4180} INFO - Setting next_dagrun for latest_only_with_trigger to 2024-12-19 16:00:00+00:00, run_after=2024-12-19 20:00:00+00:00
[2024-12-19T13:43:20.444-0800] {processor.py:208} INFO - Processing /Users/rishukhurana/anaconda3/lib/python3.11/site-packages/airflow/example_dags/example_latest_only_with_trigger.py took 0.174 seconds
