[2024-12-18T16:14:46.937-0800] {processor.py:186} INFO - Started process (PID=60871) to work on /Users/rishukhurana/anaconda3/lib/python3.11/site-packages/airflow/example_dags/example_task_group_decorator.py
[2024-12-18T16:14:46.941-0800] {processor.py:914} INFO - Processing file /Users/rishukhurana/anaconda3/lib/python3.11/site-packages/airflow/example_dags/example_task_group_decorator.py for tasks to queue
[2024-12-18T16:14:46.943-0800] {logging_mixin.py:190} INFO - [2024-12-18T16:14:46.943-0800] {dagbag.py:588} INFO - Filling up the DagBag from /Users/rishukhurana/anaconda3/lib/python3.11/site-packages/airflow/example_dags/example_task_group_decorator.py
[2024-12-18T16:14:47.048-0800] {processor.py:925} INFO - DAG(s) 'example_task_group_decorator' retrieved from /Users/rishukhurana/anaconda3/lib/python3.11/site-packages/airflow/example_dags/example_task_group_decorator.py
[2024-12-18T16:14:47.364-0800] {logging_mixin.py:190} INFO - [2024-12-18T16:14:47.362-0800] {dag.py:3239} INFO - Sync 1 DAGs
[2024-12-18T16:14:47.375-0800] {logging_mixin.py:190} INFO - [2024-12-18T16:14:47.374-0800] {dag.py:4180} INFO - Setting next_dagrun for example_task_group_decorator to None, run_after=None
[2024-12-18T16:14:47.403-0800] {processor.py:208} INFO - Processing /Users/rishukhurana/anaconda3/lib/python3.11/site-packages/airflow/example_dags/example_task_group_decorator.py took 0.484 seconds
[2024-12-18T18:10:18.276-0800] {processor.py:186} INFO - Started process (PID=61137) to work on /Users/rishukhurana/anaconda3/lib/python3.11/site-packages/airflow/example_dags/example_task_group_decorator.py
[2024-12-18T18:10:18.290-0800] {processor.py:914} INFO - Processing file /Users/rishukhurana/anaconda3/lib/python3.11/site-packages/airflow/example_dags/example_task_group_decorator.py for tasks to queue
[2024-12-18T18:10:18.300-0800] {logging_mixin.py:190} INFO - [2024-12-18T18:10:18.299-0800] {dagbag.py:588} INFO - Filling up the DagBag from /Users/rishukhurana/anaconda3/lib/python3.11/site-packages/airflow/example_dags/example_task_group_decorator.py
[2024-12-18T18:10:18.669-0800] {processor.py:925} INFO - DAG(s) 'example_task_group_decorator' retrieved from /Users/rishukhurana/anaconda3/lib/python3.11/site-packages/airflow/example_dags/example_task_group_decorator.py
[2024-12-18T18:10:19.433-0800] {logging_mixin.py:190} INFO - [2024-12-18T18:10:19.431-0800] {dag.py:3239} INFO - Sync 1 DAGs
[2024-12-18T18:10:19.512-0800] {logging_mixin.py:190} INFO - [2024-12-18T18:10:19.510-0800] {dag.py:4180} INFO - Setting next_dagrun for example_task_group_decorator to None, run_after=None
[2024-12-18T18:10:19.631-0800] {processor.py:208} INFO - Processing /Users/rishukhurana/anaconda3/lib/python3.11/site-packages/airflow/example_dags/example_task_group_decorator.py took 1.409 seconds
[2024-12-18T22:42:44.772-0800] {processor.py:186} INFO - Started process (PID=61548) to work on /Users/rishukhurana/anaconda3/lib/python3.11/site-packages/airflow/example_dags/example_task_group_decorator.py
[2024-12-18T22:42:44.799-0800] {processor.py:914} INFO - Processing file /Users/rishukhurana/anaconda3/lib/python3.11/site-packages/airflow/example_dags/example_task_group_decorator.py for tasks to queue
[2024-12-18T22:42:44.850-0800] {logging_mixin.py:190} INFO - [2024-12-18T22:42:44.833-0800] {dagbag.py:588} INFO - Filling up the DagBag from /Users/rishukhurana/anaconda3/lib/python3.11/site-packages/airflow/example_dags/example_task_group_decorator.py
[2024-12-18T22:42:45.337-0800] {processor.py:925} INFO - DAG(s) 'example_task_group_decorator' retrieved from /Users/rishukhurana/anaconda3/lib/python3.11/site-packages/airflow/example_dags/example_task_group_decorator.py
[2024-12-18T22:42:46.386-0800] {logging_mixin.py:190} INFO - [2024-12-18T22:42:46.381-0800] {dag.py:3239} INFO - Sync 1 DAGs
[2024-12-18T22:42:46.480-0800] {logging_mixin.py:190} INFO - [2024-12-18T22:42:46.478-0800] {dag.py:4180} INFO - Setting next_dagrun for example_task_group_decorator to None, run_after=None
[2024-12-18T22:42:46.630-0800] {processor.py:208} INFO - Processing /Users/rishukhurana/anaconda3/lib/python3.11/site-packages/airflow/example_dags/example_task_group_decorator.py took 1.911 seconds
[2024-12-19T02:02:16.351-0800] {processor.py:186} INFO - Started process (PID=61926) to work on /Users/rishukhurana/anaconda3/lib/python3.11/site-packages/airflow/example_dags/example_task_group_decorator.py
[2024-12-19T02:02:16.367-0800] {processor.py:914} INFO - Processing file /Users/rishukhurana/anaconda3/lib/python3.11/site-packages/airflow/example_dags/example_task_group_decorator.py for tasks to queue
[2024-12-19T02:02:16.375-0800] {logging_mixin.py:190} INFO - [2024-12-19T02:02:16.374-0800] {dagbag.py:588} INFO - Filling up the DagBag from /Users/rishukhurana/anaconda3/lib/python3.11/site-packages/airflow/example_dags/example_task_group_decorator.py
[2024-12-19T02:02:16.731-0800] {processor.py:925} INFO - DAG(s) 'example_task_group_decorator' retrieved from /Users/rishukhurana/anaconda3/lib/python3.11/site-packages/airflow/example_dags/example_task_group_decorator.py
[2024-12-19T02:02:17.492-0800] {logging_mixin.py:190} INFO - [2024-12-19T02:02:17.490-0800] {dag.py:3239} INFO - Sync 1 DAGs
[2024-12-19T02:02:17.573-0800] {logging_mixin.py:190} INFO - [2024-12-19T02:02:17.571-0800] {dag.py:4180} INFO - Setting next_dagrun for example_task_group_decorator to None, run_after=None
[2024-12-19T02:02:17.694-0800] {processor.py:208} INFO - Processing /Users/rishukhurana/anaconda3/lib/python3.11/site-packages/airflow/example_dags/example_task_group_decorator.py took 1.432 seconds
[2024-12-19T04:50:20.507-0800] {processor.py:186} INFO - Started process (PID=62273) to work on /Users/rishukhurana/anaconda3/lib/python3.11/site-packages/airflow/example_dags/example_task_group_decorator.py
[2024-12-19T04:50:20.510-0800] {processor.py:914} INFO - Processing file /Users/rishukhurana/anaconda3/lib/python3.11/site-packages/airflow/example_dags/example_task_group_decorator.py for tasks to queue
[2024-12-19T04:50:20.511-0800] {logging_mixin.py:190} INFO - [2024-12-19T04:50:20.510-0800] {dagbag.py:588} INFO - Filling up the DagBag from /Users/rishukhurana/anaconda3/lib/python3.11/site-packages/airflow/example_dags/example_task_group_decorator.py
[2024-12-19T04:50:20.552-0800] {processor.py:925} INFO - DAG(s) 'example_task_group_decorator' retrieved from /Users/rishukhurana/anaconda3/lib/python3.11/site-packages/airflow/example_dags/example_task_group_decorator.py
[2024-12-19T04:50:20.654-0800] {logging_mixin.py:190} INFO - [2024-12-19T04:50:20.654-0800] {dag.py:3239} INFO - Sync 1 DAGs
[2024-12-19T04:50:20.664-0800] {logging_mixin.py:190} INFO - [2024-12-19T04:50:20.664-0800] {dag.py:4180} INFO - Setting next_dagrun for example_task_group_decorator to None, run_after=None
[2024-12-19T04:50:20.690-0800] {processor.py:208} INFO - Processing /Users/rishukhurana/anaconda3/lib/python3.11/site-packages/airflow/example_dags/example_task_group_decorator.py took 0.188 seconds
[2024-12-19T05:52:47.920-0800] {processor.py:186} INFO - Started process (PID=62546) to work on /Users/rishukhurana/anaconda3/lib/python3.11/site-packages/airflow/example_dags/example_task_group_decorator.py
[2024-12-19T05:52:47.927-0800] {processor.py:914} INFO - Processing file /Users/rishukhurana/anaconda3/lib/python3.11/site-packages/airflow/example_dags/example_task_group_decorator.py for tasks to queue
[2024-12-19T05:52:47.929-0800] {logging_mixin.py:190} INFO - [2024-12-19T05:52:47.928-0800] {dagbag.py:588} INFO - Filling up the DagBag from /Users/rishukhurana/anaconda3/lib/python3.11/site-packages/airflow/example_dags/example_task_group_decorator.py
[2024-12-19T05:52:48.020-0800] {processor.py:925} INFO - DAG(s) 'example_task_group_decorator' retrieved from /Users/rishukhurana/anaconda3/lib/python3.11/site-packages/airflow/example_dags/example_task_group_decorator.py
[2024-12-19T05:52:48.116-0800] {logging_mixin.py:190} INFO - [2024-12-19T05:52:48.115-0800] {dag.py:3239} INFO - Sync 1 DAGs
[2024-12-19T05:52:48.125-0800] {logging_mixin.py:190} INFO - [2024-12-19T05:52:48.125-0800] {dag.py:4180} INFO - Setting next_dagrun for example_task_group_decorator to None, run_after=None
[2024-12-19T05:52:48.142-0800] {processor.py:208} INFO - Processing /Users/rishukhurana/anaconda3/lib/python3.11/site-packages/airflow/example_dags/example_task_group_decorator.py took 0.229 seconds
[2024-12-19T07:33:07.781-0800] {processor.py:186} INFO - Started process (PID=62793) to work on /Users/rishukhurana/anaconda3/lib/python3.11/site-packages/airflow/example_dags/example_task_group_decorator.py
[2024-12-19T07:33:07.784-0800] {processor.py:914} INFO - Processing file /Users/rishukhurana/anaconda3/lib/python3.11/site-packages/airflow/example_dags/example_task_group_decorator.py for tasks to queue
[2024-12-19T07:33:07.786-0800] {logging_mixin.py:190} INFO - [2024-12-19T07:33:07.785-0800] {dagbag.py:588} INFO - Filling up the DagBag from /Users/rishukhurana/anaconda3/lib/python3.11/site-packages/airflow/example_dags/example_task_group_decorator.py
[2024-12-19T07:33:07.873-0800] {processor.py:925} INFO - DAG(s) 'example_task_group_decorator' retrieved from /Users/rishukhurana/anaconda3/lib/python3.11/site-packages/airflow/example_dags/example_task_group_decorator.py
[2024-12-19T07:33:08.016-0800] {logging_mixin.py:190} INFO - [2024-12-19T07:33:08.016-0800] {dag.py:3239} INFO - Sync 1 DAGs
[2024-12-19T07:33:08.030-0800] {logging_mixin.py:190} INFO - [2024-12-19T07:33:08.030-0800] {dag.py:4180} INFO - Setting next_dagrun for example_task_group_decorator to None, run_after=None
[2024-12-19T07:33:08.053-0800] {processor.py:208} INFO - Processing /Users/rishukhurana/anaconda3/lib/python3.11/site-packages/airflow/example_dags/example_task_group_decorator.py took 0.279 seconds
[2024-12-19T07:36:26.793-0800] {processor.py:186} INFO - Started process (PID=62953) to work on /Users/rishukhurana/anaconda3/lib/python3.11/site-packages/airflow/example_dags/example_task_group_decorator.py
[2024-12-19T07:36:26.795-0800] {processor.py:914} INFO - Processing file /Users/rishukhurana/anaconda3/lib/python3.11/site-packages/airflow/example_dags/example_task_group_decorator.py for tasks to queue
[2024-12-19T07:36:26.796-0800] {logging_mixin.py:190} INFO - [2024-12-19T07:36:26.796-0800] {dagbag.py:588} INFO - Filling up the DagBag from /Users/rishukhurana/anaconda3/lib/python3.11/site-packages/airflow/example_dags/example_task_group_decorator.py
[2024-12-19T07:36:26.835-0800] {processor.py:925} INFO - DAG(s) 'example_task_group_decorator' retrieved from /Users/rishukhurana/anaconda3/lib/python3.11/site-packages/airflow/example_dags/example_task_group_decorator.py
[2024-12-19T07:36:26.928-0800] {logging_mixin.py:190} INFO - [2024-12-19T07:36:26.928-0800] {dag.py:3239} INFO - Sync 1 DAGs
[2024-12-19T07:36:26.937-0800] {logging_mixin.py:190} INFO - [2024-12-19T07:36:26.936-0800] {dag.py:4180} INFO - Setting next_dagrun for example_task_group_decorator to None, run_after=None
[2024-12-19T07:36:26.953-0800] {processor.py:208} INFO - Processing /Users/rishukhurana/anaconda3/lib/python3.11/site-packages/airflow/example_dags/example_task_group_decorator.py took 0.167 seconds
[2024-12-19T07:39:26.343-0800] {processor.py:186} INFO - Started process (PID=63097) to work on /Users/rishukhurana/anaconda3/lib/python3.11/site-packages/airflow/example_dags/example_task_group_decorator.py
[2024-12-19T07:39:26.346-0800] {processor.py:914} INFO - Processing file /Users/rishukhurana/anaconda3/lib/python3.11/site-packages/airflow/example_dags/example_task_group_decorator.py for tasks to queue
[2024-12-19T07:39:26.347-0800] {logging_mixin.py:190} INFO - [2024-12-19T07:39:26.347-0800] {dagbag.py:588} INFO - Filling up the DagBag from /Users/rishukhurana/anaconda3/lib/python3.11/site-packages/airflow/example_dags/example_task_group_decorator.py
[2024-12-19T07:39:26.394-0800] {processor.py:925} INFO - DAG(s) 'example_task_group_decorator' retrieved from /Users/rishukhurana/anaconda3/lib/python3.11/site-packages/airflow/example_dags/example_task_group_decorator.py
[2024-12-19T07:39:26.483-0800] {logging_mixin.py:190} INFO - [2024-12-19T07:39:26.483-0800] {dag.py:3239} INFO - Sync 1 DAGs
[2024-12-19T07:39:26.491-0800] {logging_mixin.py:190} INFO - [2024-12-19T07:39:26.491-0800] {dag.py:4180} INFO - Setting next_dagrun for example_task_group_decorator to None, run_after=None
[2024-12-19T07:39:26.506-0800] {processor.py:208} INFO - Processing /Users/rishukhurana/anaconda3/lib/python3.11/site-packages/airflow/example_dags/example_task_group_decorator.py took 0.171 seconds
[2024-12-19T07:42:21.218-0800] {processor.py:186} INFO - Started process (PID=63240) to work on /Users/rishukhurana/anaconda3/lib/python3.11/site-packages/airflow/example_dags/example_task_group_decorator.py
[2024-12-19T07:42:21.221-0800] {processor.py:914} INFO - Processing file /Users/rishukhurana/anaconda3/lib/python3.11/site-packages/airflow/example_dags/example_task_group_decorator.py for tasks to queue
[2024-12-19T07:42:21.223-0800] {logging_mixin.py:190} INFO - [2024-12-19T07:42:21.222-0800] {dagbag.py:588} INFO - Filling up the DagBag from /Users/rishukhurana/anaconda3/lib/python3.11/site-packages/airflow/example_dags/example_task_group_decorator.py
[2024-12-19T07:42:21.258-0800] {processor.py:925} INFO - DAG(s) 'example_task_group_decorator' retrieved from /Users/rishukhurana/anaconda3/lib/python3.11/site-packages/airflow/example_dags/example_task_group_decorator.py
[2024-12-19T07:42:21.349-0800] {logging_mixin.py:190} INFO - [2024-12-19T07:42:21.348-0800] {dag.py:3239} INFO - Sync 1 DAGs
[2024-12-19T07:42:21.357-0800] {logging_mixin.py:190} INFO - [2024-12-19T07:42:21.357-0800] {dag.py:4180} INFO - Setting next_dagrun for example_task_group_decorator to None, run_after=None
[2024-12-19T07:42:21.378-0800] {processor.py:208} INFO - Processing /Users/rishukhurana/anaconda3/lib/python3.11/site-packages/airflow/example_dags/example_task_group_decorator.py took 0.165 seconds
[2024-12-19T07:45:19.950-0800] {processor.py:186} INFO - Started process (PID=63386) to work on /Users/rishukhurana/anaconda3/lib/python3.11/site-packages/airflow/example_dags/example_task_group_decorator.py
[2024-12-19T07:45:19.953-0800] {processor.py:914} INFO - Processing file /Users/rishukhurana/anaconda3/lib/python3.11/site-packages/airflow/example_dags/example_task_group_decorator.py for tasks to queue
[2024-12-19T07:45:19.954-0800] {logging_mixin.py:190} INFO - [2024-12-19T07:45:19.954-0800] {dagbag.py:588} INFO - Filling up the DagBag from /Users/rishukhurana/anaconda3/lib/python3.11/site-packages/airflow/example_dags/example_task_group_decorator.py
[2024-12-19T07:45:20.006-0800] {processor.py:925} INFO - DAG(s) 'example_task_group_decorator' retrieved from /Users/rishukhurana/anaconda3/lib/python3.11/site-packages/airflow/example_dags/example_task_group_decorator.py
[2024-12-19T07:45:20.099-0800] {logging_mixin.py:190} INFO - [2024-12-19T07:45:20.098-0800] {dag.py:3239} INFO - Sync 1 DAGs
[2024-12-19T07:45:20.109-0800] {logging_mixin.py:190} INFO - [2024-12-19T07:45:20.109-0800] {dag.py:4180} INFO - Setting next_dagrun for example_task_group_decorator to None, run_after=None
[2024-12-19T07:45:20.124-0800] {processor.py:208} INFO - Processing /Users/rishukhurana/anaconda3/lib/python3.11/site-packages/airflow/example_dags/example_task_group_decorator.py took 0.181 seconds
[2024-12-19T07:48:12.331-0800] {processor.py:186} INFO - Started process (PID=63538) to work on /Users/rishukhurana/anaconda3/lib/python3.11/site-packages/airflow/example_dags/example_task_group_decorator.py
[2024-12-19T07:48:12.333-0800] {processor.py:914} INFO - Processing file /Users/rishukhurana/anaconda3/lib/python3.11/site-packages/airflow/example_dags/example_task_group_decorator.py for tasks to queue
[2024-12-19T07:48:12.335-0800] {logging_mixin.py:190} INFO - [2024-12-19T07:48:12.334-0800] {dagbag.py:588} INFO - Filling up the DagBag from /Users/rishukhurana/anaconda3/lib/python3.11/site-packages/airflow/example_dags/example_task_group_decorator.py
[2024-12-19T07:48:12.371-0800] {processor.py:925} INFO - DAG(s) 'example_task_group_decorator' retrieved from /Users/rishukhurana/anaconda3/lib/python3.11/site-packages/airflow/example_dags/example_task_group_decorator.py
[2024-12-19T07:48:12.464-0800] {logging_mixin.py:190} INFO - [2024-12-19T07:48:12.463-0800] {dag.py:3239} INFO - Sync 1 DAGs
[2024-12-19T07:48:12.472-0800] {logging_mixin.py:190} INFO - [2024-12-19T07:48:12.472-0800] {dag.py:4180} INFO - Setting next_dagrun for example_task_group_decorator to None, run_after=None
[2024-12-19T07:48:12.489-0800] {processor.py:208} INFO - Processing /Users/rishukhurana/anaconda3/lib/python3.11/site-packages/airflow/example_dags/example_task_group_decorator.py took 0.165 seconds
[2024-12-19T07:51:08.277-0800] {processor.py:186} INFO - Started process (PID=63702) to work on /Users/rishukhurana/anaconda3/lib/python3.11/site-packages/airflow/example_dags/example_task_group_decorator.py
[2024-12-19T07:51:08.280-0800] {processor.py:914} INFO - Processing file /Users/rishukhurana/anaconda3/lib/python3.11/site-packages/airflow/example_dags/example_task_group_decorator.py for tasks to queue
[2024-12-19T07:51:08.282-0800] {logging_mixin.py:190} INFO - [2024-12-19T07:51:08.282-0800] {dagbag.py:588} INFO - Filling up the DagBag from /Users/rishukhurana/anaconda3/lib/python3.11/site-packages/airflow/example_dags/example_task_group_decorator.py
[2024-12-19T07:51:08.319-0800] {processor.py:925} INFO - DAG(s) 'example_task_group_decorator' retrieved from /Users/rishukhurana/anaconda3/lib/python3.11/site-packages/airflow/example_dags/example_task_group_decorator.py
[2024-12-19T07:51:08.410-0800] {logging_mixin.py:190} INFO - [2024-12-19T07:51:08.410-0800] {dag.py:3239} INFO - Sync 1 DAGs
[2024-12-19T07:51:08.418-0800] {logging_mixin.py:190} INFO - [2024-12-19T07:51:08.418-0800] {dag.py:4180} INFO - Setting next_dagrun for example_task_group_decorator to None, run_after=None
[2024-12-19T07:51:08.435-0800] {processor.py:208} INFO - Processing /Users/rishukhurana/anaconda3/lib/python3.11/site-packages/airflow/example_dags/example_task_group_decorator.py took 0.163 seconds
[2024-12-19T07:54:09.117-0800] {processor.py:186} INFO - Started process (PID=63847) to work on /Users/rishukhurana/anaconda3/lib/python3.11/site-packages/airflow/example_dags/example_task_group_decorator.py
[2024-12-19T07:54:09.119-0800] {processor.py:914} INFO - Processing file /Users/rishukhurana/anaconda3/lib/python3.11/site-packages/airflow/example_dags/example_task_group_decorator.py for tasks to queue
[2024-12-19T07:54:09.120-0800] {logging_mixin.py:190} INFO - [2024-12-19T07:54:09.120-0800] {dagbag.py:588} INFO - Filling up the DagBag from /Users/rishukhurana/anaconda3/lib/python3.11/site-packages/airflow/example_dags/example_task_group_decorator.py
[2024-12-19T07:54:09.159-0800] {processor.py:925} INFO - DAG(s) 'example_task_group_decorator' retrieved from /Users/rishukhurana/anaconda3/lib/python3.11/site-packages/airflow/example_dags/example_task_group_decorator.py
[2024-12-19T07:54:09.257-0800] {logging_mixin.py:190} INFO - [2024-12-19T07:54:09.256-0800] {dag.py:3239} INFO - Sync 1 DAGs
[2024-12-19T07:54:09.266-0800] {logging_mixin.py:190} INFO - [2024-12-19T07:54:09.266-0800] {dag.py:4180} INFO - Setting next_dagrun for example_task_group_decorator to None, run_after=None
[2024-12-19T07:54:09.289-0800] {processor.py:208} INFO - Processing /Users/rishukhurana/anaconda3/lib/python3.11/site-packages/airflow/example_dags/example_task_group_decorator.py took 0.177 seconds
[2024-12-19T07:57:07.779-0800] {processor.py:186} INFO - Started process (PID=63991) to work on /Users/rishukhurana/anaconda3/lib/python3.11/site-packages/airflow/example_dags/example_task_group_decorator.py
[2024-12-19T07:57:07.781-0800] {processor.py:914} INFO - Processing file /Users/rishukhurana/anaconda3/lib/python3.11/site-packages/airflow/example_dags/example_task_group_decorator.py for tasks to queue
[2024-12-19T07:57:07.783-0800] {logging_mixin.py:190} INFO - [2024-12-19T07:57:07.782-0800] {dagbag.py:588} INFO - Filling up the DagBag from /Users/rishukhurana/anaconda3/lib/python3.11/site-packages/airflow/example_dags/example_task_group_decorator.py
[2024-12-19T07:57:07.826-0800] {processor.py:925} INFO - DAG(s) 'example_task_group_decorator' retrieved from /Users/rishukhurana/anaconda3/lib/python3.11/site-packages/airflow/example_dags/example_task_group_decorator.py
[2024-12-19T07:57:07.934-0800] {logging_mixin.py:190} INFO - [2024-12-19T07:57:07.933-0800] {dag.py:3239} INFO - Sync 1 DAGs
[2024-12-19T07:57:07.944-0800] {logging_mixin.py:190} INFO - [2024-12-19T07:57:07.944-0800] {dag.py:4180} INFO - Setting next_dagrun for example_task_group_decorator to None, run_after=None
[2024-12-19T07:57:07.964-0800] {processor.py:208} INFO - Processing /Users/rishukhurana/anaconda3/lib/python3.11/site-packages/airflow/example_dags/example_task_group_decorator.py took 0.193 seconds
[2024-12-19T08:00:07.991-0800] {processor.py:186} INFO - Started process (PID=64136) to work on /Users/rishukhurana/anaconda3/lib/python3.11/site-packages/airflow/example_dags/example_task_group_decorator.py
[2024-12-19T08:00:07.993-0800] {processor.py:914} INFO - Processing file /Users/rishukhurana/anaconda3/lib/python3.11/site-packages/airflow/example_dags/example_task_group_decorator.py for tasks to queue
[2024-12-19T08:00:07.995-0800] {logging_mixin.py:190} INFO - [2024-12-19T08:00:07.994-0800] {dagbag.py:588} INFO - Filling up the DagBag from /Users/rishukhurana/anaconda3/lib/python3.11/site-packages/airflow/example_dags/example_task_group_decorator.py
[2024-12-19T08:00:08.036-0800] {processor.py:925} INFO - DAG(s) 'example_task_group_decorator' retrieved from /Users/rishukhurana/anaconda3/lib/python3.11/site-packages/airflow/example_dags/example_task_group_decorator.py
[2024-12-19T08:00:08.132-0800] {logging_mixin.py:190} INFO - [2024-12-19T08:00:08.131-0800] {dag.py:3239} INFO - Sync 1 DAGs
[2024-12-19T08:00:08.141-0800] {logging_mixin.py:190} INFO - [2024-12-19T08:00:08.141-0800] {dag.py:4180} INFO - Setting next_dagrun for example_task_group_decorator to None, run_after=None
[2024-12-19T08:00:08.163-0800] {processor.py:208} INFO - Processing /Users/rishukhurana/anaconda3/lib/python3.11/site-packages/airflow/example_dags/example_task_group_decorator.py took 0.179 seconds
[2024-12-19T08:03:10.417-0800] {processor.py:186} INFO - Started process (PID=64281) to work on /Users/rishukhurana/anaconda3/lib/python3.11/site-packages/airflow/example_dags/example_task_group_decorator.py
[2024-12-19T08:03:10.420-0800] {processor.py:914} INFO - Processing file /Users/rishukhurana/anaconda3/lib/python3.11/site-packages/airflow/example_dags/example_task_group_decorator.py for tasks to queue
[2024-12-19T08:03:10.421-0800] {logging_mixin.py:190} INFO - [2024-12-19T08:03:10.421-0800] {dagbag.py:588} INFO - Filling up the DagBag from /Users/rishukhurana/anaconda3/lib/python3.11/site-packages/airflow/example_dags/example_task_group_decorator.py
[2024-12-19T08:03:10.463-0800] {processor.py:925} INFO - DAG(s) 'example_task_group_decorator' retrieved from /Users/rishukhurana/anaconda3/lib/python3.11/site-packages/airflow/example_dags/example_task_group_decorator.py
[2024-12-19T08:03:10.554-0800] {logging_mixin.py:190} INFO - [2024-12-19T08:03:10.554-0800] {dag.py:3239} INFO - Sync 1 DAGs
[2024-12-19T08:03:10.564-0800] {logging_mixin.py:190} INFO - [2024-12-19T08:03:10.564-0800] {dag.py:4180} INFO - Setting next_dagrun for example_task_group_decorator to None, run_after=None
[2024-12-19T08:03:10.580-0800] {processor.py:208} INFO - Processing /Users/rishukhurana/anaconda3/lib/python3.11/site-packages/airflow/example_dags/example_task_group_decorator.py took 0.167 seconds
[2024-12-19T08:06:31.523-0800] {processor.py:186} INFO - Started process (PID=64435) to work on /Users/rishukhurana/anaconda3/lib/python3.11/site-packages/airflow/example_dags/example_task_group_decorator.py
[2024-12-19T08:06:31.526-0800] {processor.py:914} INFO - Processing file /Users/rishukhurana/anaconda3/lib/python3.11/site-packages/airflow/example_dags/example_task_group_decorator.py for tasks to queue
[2024-12-19T08:06:31.527-0800] {logging_mixin.py:190} INFO - [2024-12-19T08:06:31.527-0800] {dagbag.py:588} INFO - Filling up the DagBag from /Users/rishukhurana/anaconda3/lib/python3.11/site-packages/airflow/example_dags/example_task_group_decorator.py
[2024-12-19T08:06:31.601-0800] {processor.py:925} INFO - DAG(s) 'example_task_group_decorator' retrieved from /Users/rishukhurana/anaconda3/lib/python3.11/site-packages/airflow/example_dags/example_task_group_decorator.py
[2024-12-19T08:06:31.723-0800] {logging_mixin.py:190} INFO - [2024-12-19T08:06:31.723-0800] {dag.py:3239} INFO - Sync 1 DAGs
[2024-12-19T08:06:31.739-0800] {logging_mixin.py:190} INFO - [2024-12-19T08:06:31.738-0800] {dag.py:4180} INFO - Setting next_dagrun for example_task_group_decorator to None, run_after=None
[2024-12-19T08:06:31.762-0800] {processor.py:208} INFO - Processing /Users/rishukhurana/anaconda3/lib/python3.11/site-packages/airflow/example_dags/example_task_group_decorator.py took 0.248 seconds
[2024-12-19T08:09:51.593-0800] {processor.py:186} INFO - Started process (PID=64585) to work on /Users/rishukhurana/anaconda3/lib/python3.11/site-packages/airflow/example_dags/example_task_group_decorator.py
[2024-12-19T08:09:51.595-0800] {processor.py:914} INFO - Processing file /Users/rishukhurana/anaconda3/lib/python3.11/site-packages/airflow/example_dags/example_task_group_decorator.py for tasks to queue
[2024-12-19T08:09:51.596-0800] {logging_mixin.py:190} INFO - [2024-12-19T08:09:51.596-0800] {dagbag.py:588} INFO - Filling up the DagBag from /Users/rishukhurana/anaconda3/lib/python3.11/site-packages/airflow/example_dags/example_task_group_decorator.py
[2024-12-19T08:09:51.651-0800] {processor.py:925} INFO - DAG(s) 'example_task_group_decorator' retrieved from /Users/rishukhurana/anaconda3/lib/python3.11/site-packages/airflow/example_dags/example_task_group_decorator.py
[2024-12-19T08:09:51.750-0800] {logging_mixin.py:190} INFO - [2024-12-19T08:09:51.750-0800] {dag.py:3239} INFO - Sync 1 DAGs
[2024-12-19T08:09:51.760-0800] {logging_mixin.py:190} INFO - [2024-12-19T08:09:51.759-0800] {dag.py:4180} INFO - Setting next_dagrun for example_task_group_decorator to None, run_after=None
[2024-12-19T08:09:51.779-0800] {processor.py:208} INFO - Processing /Users/rishukhurana/anaconda3/lib/python3.11/site-packages/airflow/example_dags/example_task_group_decorator.py took 0.192 seconds
[2024-12-19T08:13:03.766-0800] {processor.py:186} INFO - Started process (PID=64731) to work on /Users/rishukhurana/anaconda3/lib/python3.11/site-packages/airflow/example_dags/example_task_group_decorator.py
[2024-12-19T08:13:03.768-0800] {processor.py:914} INFO - Processing file /Users/rishukhurana/anaconda3/lib/python3.11/site-packages/airflow/example_dags/example_task_group_decorator.py for tasks to queue
[2024-12-19T08:13:03.769-0800] {logging_mixin.py:190} INFO - [2024-12-19T08:13:03.769-0800] {dagbag.py:588} INFO - Filling up the DagBag from /Users/rishukhurana/anaconda3/lib/python3.11/site-packages/airflow/example_dags/example_task_group_decorator.py
[2024-12-19T08:13:03.822-0800] {processor.py:925} INFO - DAG(s) 'example_task_group_decorator' retrieved from /Users/rishukhurana/anaconda3/lib/python3.11/site-packages/airflow/example_dags/example_task_group_decorator.py
[2024-12-19T08:13:03.921-0800] {logging_mixin.py:190} INFO - [2024-12-19T08:13:03.921-0800] {dag.py:3239} INFO - Sync 1 DAGs
[2024-12-19T08:13:03.931-0800] {logging_mixin.py:190} INFO - [2024-12-19T08:13:03.930-0800] {dag.py:4180} INFO - Setting next_dagrun for example_task_group_decorator to None, run_after=None
[2024-12-19T08:13:03.953-0800] {processor.py:208} INFO - Processing /Users/rishukhurana/anaconda3/lib/python3.11/site-packages/airflow/example_dags/example_task_group_decorator.py took 0.195 seconds
[2024-12-19T08:16:29.444-0800] {processor.py:186} INFO - Started process (PID=64884) to work on /Users/rishukhurana/anaconda3/lib/python3.11/site-packages/airflow/example_dags/example_task_group_decorator.py
[2024-12-19T08:16:29.447-0800] {processor.py:914} INFO - Processing file /Users/rishukhurana/anaconda3/lib/python3.11/site-packages/airflow/example_dags/example_task_group_decorator.py for tasks to queue
[2024-12-19T08:16:29.448-0800] {logging_mixin.py:190} INFO - [2024-12-19T08:16:29.448-0800] {dagbag.py:588} INFO - Filling up the DagBag from /Users/rishukhurana/anaconda3/lib/python3.11/site-packages/airflow/example_dags/example_task_group_decorator.py
[2024-12-19T08:16:29.520-0800] {processor.py:925} INFO - DAG(s) 'example_task_group_decorator' retrieved from /Users/rishukhurana/anaconda3/lib/python3.11/site-packages/airflow/example_dags/example_task_group_decorator.py
[2024-12-19T08:16:29.626-0800] {logging_mixin.py:190} INFO - [2024-12-19T08:16:29.625-0800] {dag.py:3239} INFO - Sync 1 DAGs
[2024-12-19T08:16:29.635-0800] {logging_mixin.py:190} INFO - [2024-12-19T08:16:29.635-0800] {dag.py:4180} INFO - Setting next_dagrun for example_task_group_decorator to None, run_after=None
[2024-12-19T08:16:29.651-0800] {processor.py:208} INFO - Processing /Users/rishukhurana/anaconda3/lib/python3.11/site-packages/airflow/example_dags/example_task_group_decorator.py took 0.216 seconds
[2024-12-19T08:19:47.932-0800] {processor.py:186} INFO - Started process (PID=65045) to work on /Users/rishukhurana/anaconda3/lib/python3.11/site-packages/airflow/example_dags/example_task_group_decorator.py
[2024-12-19T08:19:47.934-0800] {processor.py:914} INFO - Processing file /Users/rishukhurana/anaconda3/lib/python3.11/site-packages/airflow/example_dags/example_task_group_decorator.py for tasks to queue
[2024-12-19T08:19:47.936-0800] {logging_mixin.py:190} INFO - [2024-12-19T08:19:47.936-0800] {dagbag.py:588} INFO - Filling up the DagBag from /Users/rishukhurana/anaconda3/lib/python3.11/site-packages/airflow/example_dags/example_task_group_decorator.py
[2024-12-19T08:19:47.981-0800] {processor.py:925} INFO - DAG(s) 'example_task_group_decorator' retrieved from /Users/rishukhurana/anaconda3/lib/python3.11/site-packages/airflow/example_dags/example_task_group_decorator.py
[2024-12-19T08:19:48.084-0800] {logging_mixin.py:190} INFO - [2024-12-19T08:19:48.084-0800] {dag.py:3239} INFO - Sync 1 DAGs
[2024-12-19T08:19:48.094-0800] {logging_mixin.py:190} INFO - [2024-12-19T08:19:48.094-0800] {dag.py:4180} INFO - Setting next_dagrun for example_task_group_decorator to None, run_after=None
[2024-12-19T08:19:48.116-0800] {processor.py:208} INFO - Processing /Users/rishukhurana/anaconda3/lib/python3.11/site-packages/airflow/example_dags/example_task_group_decorator.py took 0.191 seconds
[2024-12-19T08:23:01.721-0800] {processor.py:186} INFO - Started process (PID=65200) to work on /Users/rishukhurana/anaconda3/lib/python3.11/site-packages/airflow/example_dags/example_task_group_decorator.py
[2024-12-19T08:23:01.723-0800] {processor.py:914} INFO - Processing file /Users/rishukhurana/anaconda3/lib/python3.11/site-packages/airflow/example_dags/example_task_group_decorator.py for tasks to queue
[2024-12-19T08:23:01.725-0800] {logging_mixin.py:190} INFO - [2024-12-19T08:23:01.724-0800] {dagbag.py:588} INFO - Filling up the DagBag from /Users/rishukhurana/anaconda3/lib/python3.11/site-packages/airflow/example_dags/example_task_group_decorator.py
[2024-12-19T08:23:01.765-0800] {processor.py:925} INFO - DAG(s) 'example_task_group_decorator' retrieved from /Users/rishukhurana/anaconda3/lib/python3.11/site-packages/airflow/example_dags/example_task_group_decorator.py
[2024-12-19T08:23:01.868-0800] {logging_mixin.py:190} INFO - [2024-12-19T08:23:01.867-0800] {dag.py:3239} INFO - Sync 1 DAGs
[2024-12-19T08:23:01.877-0800] {logging_mixin.py:190} INFO - [2024-12-19T08:23:01.877-0800] {dag.py:4180} INFO - Setting next_dagrun for example_task_group_decorator to None, run_after=None
[2024-12-19T08:23:01.900-0800] {processor.py:208} INFO - Processing /Users/rishukhurana/anaconda3/lib/python3.11/site-packages/airflow/example_dags/example_task_group_decorator.py took 0.186 seconds
[2024-12-19T08:26:17.549-0800] {processor.py:186} INFO - Started process (PID=65350) to work on /Users/rishukhurana/anaconda3/lib/python3.11/site-packages/airflow/example_dags/example_task_group_decorator.py
[2024-12-19T08:26:17.551-0800] {processor.py:914} INFO - Processing file /Users/rishukhurana/anaconda3/lib/python3.11/site-packages/airflow/example_dags/example_task_group_decorator.py for tasks to queue
[2024-12-19T08:26:17.552-0800] {logging_mixin.py:190} INFO - [2024-12-19T08:26:17.552-0800] {dagbag.py:588} INFO - Filling up the DagBag from /Users/rishukhurana/anaconda3/lib/python3.11/site-packages/airflow/example_dags/example_task_group_decorator.py
[2024-12-19T08:26:17.594-0800] {processor.py:925} INFO - DAG(s) 'example_task_group_decorator' retrieved from /Users/rishukhurana/anaconda3/lib/python3.11/site-packages/airflow/example_dags/example_task_group_decorator.py
[2024-12-19T08:26:17.689-0800] {logging_mixin.py:190} INFO - [2024-12-19T08:26:17.689-0800] {dag.py:3239} INFO - Sync 1 DAGs
[2024-12-19T08:26:17.699-0800] {logging_mixin.py:190} INFO - [2024-12-19T08:26:17.699-0800] {dag.py:4180} INFO - Setting next_dagrun for example_task_group_decorator to None, run_after=None
[2024-12-19T08:26:17.722-0800] {processor.py:208} INFO - Processing /Users/rishukhurana/anaconda3/lib/python3.11/site-packages/airflow/example_dags/example_task_group_decorator.py took 0.180 seconds
[2024-12-19T08:29:40.887-0800] {processor.py:186} INFO - Started process (PID=65501) to work on /Users/rishukhurana/anaconda3/lib/python3.11/site-packages/airflow/example_dags/example_task_group_decorator.py
[2024-12-19T08:29:40.891-0800] {processor.py:914} INFO - Processing file /Users/rishukhurana/anaconda3/lib/python3.11/site-packages/airflow/example_dags/example_task_group_decorator.py for tasks to queue
[2024-12-19T08:29:40.892-0800] {logging_mixin.py:190} INFO - [2024-12-19T08:29:40.892-0800] {dagbag.py:588} INFO - Filling up the DagBag from /Users/rishukhurana/anaconda3/lib/python3.11/site-packages/airflow/example_dags/example_task_group_decorator.py
[2024-12-19T08:29:41.003-0800] {processor.py:925} INFO - DAG(s) 'example_task_group_decorator' retrieved from /Users/rishukhurana/anaconda3/lib/python3.11/site-packages/airflow/example_dags/example_task_group_decorator.py
[2024-12-19T08:29:41.134-0800] {logging_mixin.py:190} INFO - [2024-12-19T08:29:41.133-0800] {dag.py:3239} INFO - Sync 1 DAGs
[2024-12-19T08:29:41.147-0800] {logging_mixin.py:190} INFO - [2024-12-19T08:29:41.146-0800] {dag.py:4180} INFO - Setting next_dagrun for example_task_group_decorator to None, run_after=None
[2024-12-19T08:29:41.167-0800] {processor.py:208} INFO - Processing /Users/rishukhurana/anaconda3/lib/python3.11/site-packages/airflow/example_dags/example_task_group_decorator.py took 0.287 seconds
[2024-12-19T09:30:47.801-0800] {processor.py:186} INFO - Started process (PID=65709) to work on /Users/rishukhurana/anaconda3/lib/python3.11/site-packages/airflow/example_dags/example_task_group_decorator.py
[2024-12-19T09:30:47.816-0800] {processor.py:914} INFO - Processing file /Users/rishukhurana/anaconda3/lib/python3.11/site-packages/airflow/example_dags/example_task_group_decorator.py for tasks to queue
[2024-12-19T09:30:47.823-0800] {logging_mixin.py:190} INFO - [2024-12-19T09:30:47.822-0800] {dagbag.py:588} INFO - Filling up the DagBag from /Users/rishukhurana/anaconda3/lib/python3.11/site-packages/airflow/example_dags/example_task_group_decorator.py
[2024-12-19T09:30:48.173-0800] {processor.py:925} INFO - DAG(s) 'example_task_group_decorator' retrieved from /Users/rishukhurana/anaconda3/lib/python3.11/site-packages/airflow/example_dags/example_task_group_decorator.py
[2024-12-19T09:30:48.910-0800] {logging_mixin.py:190} INFO - [2024-12-19T09:30:48.908-0800] {dag.py:3239} INFO - Sync 1 DAGs
[2024-12-19T09:30:48.987-0800] {logging_mixin.py:190} INFO - [2024-12-19T09:30:48.985-0800] {dag.py:4180} INFO - Setting next_dagrun for example_task_group_decorator to None, run_after=None
[2024-12-19T09:30:49.108-0800] {processor.py:208} INFO - Processing /Users/rishukhurana/anaconda3/lib/python3.11/site-packages/airflow/example_dags/example_task_group_decorator.py took 1.341 seconds
[2024-12-19T12:51:07.842-0800] {processor.py:186} INFO - Started process (PID=66008) to work on /Users/rishukhurana/anaconda3/lib/python3.11/site-packages/airflow/example_dags/example_task_group_decorator.py
[2024-12-19T12:51:07.844-0800] {processor.py:914} INFO - Processing file /Users/rishukhurana/anaconda3/lib/python3.11/site-packages/airflow/example_dags/example_task_group_decorator.py for tasks to queue
[2024-12-19T12:51:07.846-0800] {logging_mixin.py:190} INFO - [2024-12-19T12:51:07.846-0800] {dagbag.py:588} INFO - Filling up the DagBag from /Users/rishukhurana/anaconda3/lib/python3.11/site-packages/airflow/example_dags/example_task_group_decorator.py
[2024-12-19T12:51:07.903-0800] {processor.py:925} INFO - DAG(s) 'example_task_group_decorator' retrieved from /Users/rishukhurana/anaconda3/lib/python3.11/site-packages/airflow/example_dags/example_task_group_decorator.py
[2024-12-19T12:51:07.984-0800] {logging_mixin.py:190} INFO - [2024-12-19T12:51:07.983-0800] {dag.py:3239} INFO - Sync 1 DAGs
[2024-12-19T12:51:07.992-0800] {logging_mixin.py:190} INFO - [2024-12-19T12:51:07.991-0800] {dag.py:4180} INFO - Setting next_dagrun for example_task_group_decorator to None, run_after=None
[2024-12-19T12:51:08.006-0800] {processor.py:208} INFO - Processing /Users/rishukhurana/anaconda3/lib/python3.11/site-packages/airflow/example_dags/example_task_group_decorator.py took 0.171 seconds
