[2024-12-18T16:13:49.094-0800] {processor.py:186} INFO - Started process (PID=60820) to work on /Users/rishukhurana/anaconda3/lib/python3.11/site-packages/airflow/example_dags/tutorial_taskflow_templates.py
[2024-12-18T16:13:49.098-0800] {processor.py:914} INFO - Processing file /Users/rishukhurana/anaconda3/lib/python3.11/site-packages/airflow/example_dags/tutorial_taskflow_templates.py for tasks to queue
[2024-12-18T16:13:49.100-0800] {logging_mixin.py:190} INFO - [2024-12-18T16:13:49.100-0800] {dagbag.py:588} INFO - Filling up the DagBag from /Users/rishukhurana/anaconda3/lib/python3.11/site-packages/airflow/example_dags/tutorial_taskflow_templates.py
[2024-12-18T16:13:49.173-0800] {processor.py:925} INFO - DAG(s) 'tutorial_taskflow_templates' retrieved from /Users/rishukhurana/anaconda3/lib/python3.11/site-packages/airflow/example_dags/tutorial_taskflow_templates.py
[2024-12-18T16:13:49.320-0800] {logging_mixin.py:190} INFO - [2024-12-18T16:13:49.319-0800] {dag.py:3239} INFO - Sync 1 DAGs
[2024-12-18T16:13:49.360-0800] {logging_mixin.py:190} INFO - [2024-12-18T16:13:49.358-0800] {dag.py:4180} INFO - Setting next_dagrun for tutorial_taskflow_templates to 2024-12-18 00:00:00+00:00, run_after=2024-12-19 00:00:00+00:00
[2024-12-18T16:13:49.390-0800] {processor.py:208} INFO - Processing /Users/rishukhurana/anaconda3/lib/python3.11/site-packages/airflow/example_dags/tutorial_taskflow_templates.py took 0.301 seconds
[2024-12-18T17:24:59.441-0800] {processor.py:186} INFO - Started process (PID=61062) to work on /Users/rishukhurana/anaconda3/lib/python3.11/site-packages/airflow/example_dags/tutorial_taskflow_templates.py
[2024-12-18T17:24:59.465-0800] {processor.py:914} INFO - Processing file /Users/rishukhurana/anaconda3/lib/python3.11/site-packages/airflow/example_dags/tutorial_taskflow_templates.py for tasks to queue
[2024-12-18T17:24:59.475-0800] {logging_mixin.py:190} INFO - [2024-12-18T17:24:59.473-0800] {dagbag.py:588} INFO - Filling up the DagBag from /Users/rishukhurana/anaconda3/lib/python3.11/site-packages/airflow/example_dags/tutorial_taskflow_templates.py
[2024-12-18T17:24:59.851-0800] {processor.py:925} INFO - DAG(s) 'tutorial_taskflow_templates' retrieved from /Users/rishukhurana/anaconda3/lib/python3.11/site-packages/airflow/example_dags/tutorial_taskflow_templates.py
[2024-12-18T17:25:00.707-0800] {logging_mixin.py:190} INFO - [2024-12-18T17:25:00.703-0800] {dag.py:3239} INFO - Sync 1 DAGs
[2024-12-18T17:25:00.851-0800] {logging_mixin.py:190} INFO - [2024-12-18T17:25:00.849-0800] {dag.py:4180} INFO - Setting next_dagrun for tutorial_taskflow_templates to 2024-12-18 00:00:00+00:00, run_after=2024-12-19 00:00:00+00:00
[2024-12-18T17:25:00.979-0800] {processor.py:208} INFO - Processing /Users/rishukhurana/anaconda3/lib/python3.11/site-packages/airflow/example_dags/tutorial_taskflow_templates.py took 1.606 seconds
[2024-12-18T21:41:29.390-0800] {processor.py:186} INFO - Started process (PID=61466) to work on /Users/rishukhurana/anaconda3/lib/python3.11/site-packages/airflow/example_dags/tutorial_taskflow_templates.py
[2024-12-18T21:41:29.393-0800] {processor.py:914} INFO - Processing file /Users/rishukhurana/anaconda3/lib/python3.11/site-packages/airflow/example_dags/tutorial_taskflow_templates.py for tasks to queue
[2024-12-18T21:41:29.395-0800] {logging_mixin.py:190} INFO - [2024-12-18T21:41:29.395-0800] {dagbag.py:588} INFO - Filling up the DagBag from /Users/rishukhurana/anaconda3/lib/python3.11/site-packages/airflow/example_dags/tutorial_taskflow_templates.py
[2024-12-18T21:41:29.481-0800] {processor.py:925} INFO - DAG(s) 'tutorial_taskflow_templates' retrieved from /Users/rishukhurana/anaconda3/lib/python3.11/site-packages/airflow/example_dags/tutorial_taskflow_templates.py
[2024-12-18T21:41:29.573-0800] {logging_mixin.py:190} INFO - [2024-12-18T21:41:29.573-0800] {dag.py:3239} INFO - Sync 1 DAGs
[2024-12-18T21:41:29.590-0800] {logging_mixin.py:190} INFO - [2024-12-18T21:41:29.589-0800] {dag.py:4180} INFO - Setting next_dagrun for tutorial_taskflow_templates to 2024-12-18 00:00:00+00:00, run_after=2024-12-19 00:00:00+00:00
[2024-12-18T21:41:29.605-0800] {processor.py:208} INFO - Processing /Users/rishukhurana/anaconda3/lib/python3.11/site-packages/airflow/example_dags/tutorial_taskflow_templates.py took 0.222 seconds
[2024-12-19T01:32:53.270-0800] {processor.py:186} INFO - Started process (PID=61860) to work on /Users/rishukhurana/anaconda3/lib/python3.11/site-packages/airflow/example_dags/tutorial_taskflow_templates.py
[2024-12-19T01:32:53.273-0800] {processor.py:914} INFO - Processing file /Users/rishukhurana/anaconda3/lib/python3.11/site-packages/airflow/example_dags/tutorial_taskflow_templates.py for tasks to queue
[2024-12-19T01:32:53.274-0800] {logging_mixin.py:190} INFO - [2024-12-19T01:32:53.274-0800] {dagbag.py:588} INFO - Filling up the DagBag from /Users/rishukhurana/anaconda3/lib/python3.11/site-packages/airflow/example_dags/tutorial_taskflow_templates.py
[2024-12-19T01:32:53.362-0800] {processor.py:925} INFO - DAG(s) 'tutorial_taskflow_templates' retrieved from /Users/rishukhurana/anaconda3/lib/python3.11/site-packages/airflow/example_dags/tutorial_taskflow_templates.py
[2024-12-19T01:32:53.464-0800] {logging_mixin.py:190} INFO - [2024-12-19T01:32:53.464-0800] {dag.py:3239} INFO - Sync 1 DAGs
[2024-12-19T01:32:53.483-0800] {logging_mixin.py:190} INFO - [2024-12-19T01:32:53.482-0800] {dag.py:4180} INFO - Setting next_dagrun for tutorial_taskflow_templates to 2024-12-18 00:00:00+00:00, run_after=2024-12-19 00:00:00+00:00
[2024-12-19T01:32:53.499-0800] {processor.py:208} INFO - Processing /Users/rishukhurana/anaconda3/lib/python3.11/site-packages/airflow/example_dags/tutorial_taskflow_templates.py took 0.239 seconds
[2024-12-19T04:49:32.175-0800] {processor.py:186} INFO - Started process (PID=62235) to work on /Users/rishukhurana/anaconda3/lib/python3.11/site-packages/airflow/example_dags/tutorial_taskflow_templates.py
[2024-12-19T04:49:32.177-0800] {processor.py:914} INFO - Processing file /Users/rishukhurana/anaconda3/lib/python3.11/site-packages/airflow/example_dags/tutorial_taskflow_templates.py for tasks to queue
[2024-12-19T04:49:32.178-0800] {logging_mixin.py:190} INFO - [2024-12-19T04:49:32.178-0800] {dagbag.py:588} INFO - Filling up the DagBag from /Users/rishukhurana/anaconda3/lib/python3.11/site-packages/airflow/example_dags/tutorial_taskflow_templates.py
[2024-12-19T04:49:32.256-0800] {processor.py:925} INFO - DAG(s) 'tutorial_taskflow_templates' retrieved from /Users/rishukhurana/anaconda3/lib/python3.11/site-packages/airflow/example_dags/tutorial_taskflow_templates.py
[2024-12-19T04:49:32.371-0800] {logging_mixin.py:190} INFO - [2024-12-19T04:49:32.370-0800] {dag.py:3239} INFO - Sync 1 DAGs
[2024-12-19T04:49:32.393-0800] {logging_mixin.py:190} INFO - [2024-12-19T04:49:32.392-0800] {dag.py:4180} INFO - Setting next_dagrun for tutorial_taskflow_templates to 2024-12-18 00:00:00+00:00, run_after=2024-12-19 00:00:00+00:00
[2024-12-19T04:49:32.415-0800] {processor.py:208} INFO - Processing /Users/rishukhurana/anaconda3/lib/python3.11/site-packages/airflow/example_dags/tutorial_taskflow_templates.py took 0.246 seconds
[2024-12-19T05:51:54.174-0800] {processor.py:186} INFO - Started process (PID=62505) to work on /Users/rishukhurana/anaconda3/lib/python3.11/site-packages/airflow/example_dags/tutorial_taskflow_templates.py
[2024-12-19T05:51:54.179-0800] {processor.py:914} INFO - Processing file /Users/rishukhurana/anaconda3/lib/python3.11/site-packages/airflow/example_dags/tutorial_taskflow_templates.py for tasks to queue
[2024-12-19T05:51:54.183-0800] {logging_mixin.py:190} INFO - [2024-12-19T05:51:54.183-0800] {dagbag.py:588} INFO - Filling up the DagBag from /Users/rishukhurana/anaconda3/lib/python3.11/site-packages/airflow/example_dags/tutorial_taskflow_templates.py
[2024-12-19T05:51:54.263-0800] {processor.py:925} INFO - DAG(s) 'tutorial_taskflow_templates' retrieved from /Users/rishukhurana/anaconda3/lib/python3.11/site-packages/airflow/example_dags/tutorial_taskflow_templates.py
[2024-12-19T05:51:54.374-0800] {logging_mixin.py:190} INFO - [2024-12-19T05:51:54.373-0800] {dag.py:3239} INFO - Sync 1 DAGs
[2024-12-19T05:51:54.399-0800] {logging_mixin.py:190} INFO - [2024-12-19T05:51:54.398-0800] {dag.py:4180} INFO - Setting next_dagrun for tutorial_taskflow_templates to 2024-12-18 00:00:00+00:00, run_after=2024-12-19 00:00:00+00:00
[2024-12-19T05:51:54.418-0800] {processor.py:208} INFO - Processing /Users/rishukhurana/anaconda3/lib/python3.11/site-packages/airflow/example_dags/tutorial_taskflow_templates.py took 0.251 seconds
[2024-12-19T07:06:53.553-0800] {processor.py:186} INFO - Started process (PID=62730) to work on /Users/rishukhurana/anaconda3/lib/python3.11/site-packages/airflow/example_dags/tutorial_taskflow_templates.py
[2024-12-19T07:06:53.555-0800] {processor.py:914} INFO - Processing file /Users/rishukhurana/anaconda3/lib/python3.11/site-packages/airflow/example_dags/tutorial_taskflow_templates.py for tasks to queue
[2024-12-19T07:06:53.557-0800] {logging_mixin.py:190} INFO - [2024-12-19T07:06:53.557-0800] {dagbag.py:588} INFO - Filling up the DagBag from /Users/rishukhurana/anaconda3/lib/python3.11/site-packages/airflow/example_dags/tutorial_taskflow_templates.py
[2024-12-19T07:06:53.631-0800] {processor.py:925} INFO - DAG(s) 'tutorial_taskflow_templates' retrieved from /Users/rishukhurana/anaconda3/lib/python3.11/site-packages/airflow/example_dags/tutorial_taskflow_templates.py
[2024-12-19T07:06:53.726-0800] {logging_mixin.py:190} INFO - [2024-12-19T07:06:53.726-0800] {dag.py:3239} INFO - Sync 1 DAGs
[2024-12-19T07:06:53.746-0800] {logging_mixin.py:190} INFO - [2024-12-19T07:06:53.746-0800] {dag.py:4180} INFO - Setting next_dagrun for tutorial_taskflow_templates to 2024-12-18 00:00:00+00:00, run_after=2024-12-19 00:00:00+00:00
[2024-12-19T07:06:53.762-0800] {processor.py:208} INFO - Processing /Users/rishukhurana/anaconda3/lib/python3.11/site-packages/airflow/example_dags/tutorial_taskflow_templates.py took 0.215 seconds
[2024-12-19T07:35:49.362-0800] {processor.py:186} INFO - Started process (PID=62921) to work on /Users/rishukhurana/anaconda3/lib/python3.11/site-packages/airflow/example_dags/tutorial_taskflow_templates.py
[2024-12-19T07:35:49.364-0800] {processor.py:914} INFO - Processing file /Users/rishukhurana/anaconda3/lib/python3.11/site-packages/airflow/example_dags/tutorial_taskflow_templates.py for tasks to queue
[2024-12-19T07:35:49.366-0800] {logging_mixin.py:190} INFO - [2024-12-19T07:35:49.366-0800] {dagbag.py:588} INFO - Filling up the DagBag from /Users/rishukhurana/anaconda3/lib/python3.11/site-packages/airflow/example_dags/tutorial_taskflow_templates.py
[2024-12-19T07:35:49.454-0800] {processor.py:925} INFO - DAG(s) 'tutorial_taskflow_templates' retrieved from /Users/rishukhurana/anaconda3/lib/python3.11/site-packages/airflow/example_dags/tutorial_taskflow_templates.py
[2024-12-19T07:35:49.549-0800] {logging_mixin.py:190} INFO - [2024-12-19T07:35:49.548-0800] {dag.py:3239} INFO - Sync 1 DAGs
[2024-12-19T07:35:49.564-0800] {logging_mixin.py:190} INFO - [2024-12-19T07:35:49.564-0800] {dag.py:4180} INFO - Setting next_dagrun for tutorial_taskflow_templates to 2024-12-18 00:00:00+00:00, run_after=2024-12-19 00:00:00+00:00
[2024-12-19T07:35:49.578-0800] {processor.py:208} INFO - Processing /Users/rishukhurana/anaconda3/lib/python3.11/site-packages/airflow/example_dags/tutorial_taskflow_templates.py took 0.223 seconds
[2024-12-19T07:38:46.599-0800] {processor.py:186} INFO - Started process (PID=63065) to work on /Users/rishukhurana/anaconda3/lib/python3.11/site-packages/airflow/example_dags/tutorial_taskflow_templates.py
[2024-12-19T07:38:46.601-0800] {processor.py:914} INFO - Processing file /Users/rishukhurana/anaconda3/lib/python3.11/site-packages/airflow/example_dags/tutorial_taskflow_templates.py for tasks to queue
[2024-12-19T07:38:46.602-0800] {logging_mixin.py:190} INFO - [2024-12-19T07:38:46.602-0800] {dagbag.py:588} INFO - Filling up the DagBag from /Users/rishukhurana/anaconda3/lib/python3.11/site-packages/airflow/example_dags/tutorial_taskflow_templates.py
[2024-12-19T07:38:46.658-0800] {processor.py:925} INFO - DAG(s) 'tutorial_taskflow_templates' retrieved from /Users/rishukhurana/anaconda3/lib/python3.11/site-packages/airflow/example_dags/tutorial_taskflow_templates.py
[2024-12-19T07:38:46.739-0800] {logging_mixin.py:190} INFO - [2024-12-19T07:38:46.739-0800] {dag.py:3239} INFO - Sync 1 DAGs
[2024-12-19T07:38:46.754-0800] {logging_mixin.py:190} INFO - [2024-12-19T07:38:46.753-0800] {dag.py:4180} INFO - Setting next_dagrun for tutorial_taskflow_templates to 2024-12-18 00:00:00+00:00, run_after=2024-12-19 00:00:00+00:00
[2024-12-19T07:38:46.770-0800] {processor.py:208} INFO - Processing /Users/rishukhurana/anaconda3/lib/python3.11/site-packages/airflow/example_dags/tutorial_taskflow_templates.py took 0.178 seconds
[2024-12-19T07:41:43.076-0800] {processor.py:186} INFO - Started process (PID=63208) to work on /Users/rishukhurana/anaconda3/lib/python3.11/site-packages/airflow/example_dags/tutorial_taskflow_templates.py
[2024-12-19T07:41:43.079-0800] {processor.py:914} INFO - Processing file /Users/rishukhurana/anaconda3/lib/python3.11/site-packages/airflow/example_dags/tutorial_taskflow_templates.py for tasks to queue
[2024-12-19T07:41:43.080-0800] {logging_mixin.py:190} INFO - [2024-12-19T07:41:43.080-0800] {dagbag.py:588} INFO - Filling up the DagBag from /Users/rishukhurana/anaconda3/lib/python3.11/site-packages/airflow/example_dags/tutorial_taskflow_templates.py
[2024-12-19T07:41:43.140-0800] {processor.py:925} INFO - DAG(s) 'tutorial_taskflow_templates' retrieved from /Users/rishukhurana/anaconda3/lib/python3.11/site-packages/airflow/example_dags/tutorial_taskflow_templates.py
[2024-12-19T07:41:43.223-0800] {logging_mixin.py:190} INFO - [2024-12-19T07:41:43.223-0800] {dag.py:3239} INFO - Sync 1 DAGs
[2024-12-19T07:41:43.238-0800] {logging_mixin.py:190} INFO - [2024-12-19T07:41:43.238-0800] {dag.py:4180} INFO - Setting next_dagrun for tutorial_taskflow_templates to 2024-12-18 00:00:00+00:00, run_after=2024-12-19 00:00:00+00:00
[2024-12-19T07:41:43.251-0800] {processor.py:208} INFO - Processing /Users/rishukhurana/anaconda3/lib/python3.11/site-packages/airflow/example_dags/tutorial_taskflow_templates.py took 0.182 seconds
[2024-12-19T07:44:40.618-0800] {processor.py:186} INFO - Started process (PID=63351) to work on /Users/rishukhurana/anaconda3/lib/python3.11/site-packages/airflow/example_dags/tutorial_taskflow_templates.py
[2024-12-19T07:44:40.620-0800] {processor.py:914} INFO - Processing file /Users/rishukhurana/anaconda3/lib/python3.11/site-packages/airflow/example_dags/tutorial_taskflow_templates.py for tasks to queue
[2024-12-19T07:44:40.622-0800] {logging_mixin.py:190} INFO - [2024-12-19T07:44:40.621-0800] {dagbag.py:588} INFO - Filling up the DagBag from /Users/rishukhurana/anaconda3/lib/python3.11/site-packages/airflow/example_dags/tutorial_taskflow_templates.py
[2024-12-19T07:44:40.702-0800] {processor.py:925} INFO - DAG(s) 'tutorial_taskflow_templates' retrieved from /Users/rishukhurana/anaconda3/lib/python3.11/site-packages/airflow/example_dags/tutorial_taskflow_templates.py
[2024-12-19T07:44:40.803-0800] {logging_mixin.py:190} INFO - [2024-12-19T07:44:40.803-0800] {dag.py:3239} INFO - Sync 1 DAGs
[2024-12-19T07:44:40.819-0800] {logging_mixin.py:190} INFO - [2024-12-19T07:44:40.818-0800] {dag.py:4180} INFO - Setting next_dagrun for tutorial_taskflow_templates to 2024-12-18 00:00:00+00:00, run_after=2024-12-19 00:00:00+00:00
[2024-12-19T07:44:40.833-0800] {processor.py:208} INFO - Processing /Users/rishukhurana/anaconda3/lib/python3.11/site-packages/airflow/example_dags/tutorial_taskflow_templates.py took 0.221 seconds
[2024-12-19T07:47:35.150-0800] {processor.py:186} INFO - Started process (PID=63508) to work on /Users/rishukhurana/anaconda3/lib/python3.11/site-packages/airflow/example_dags/tutorial_taskflow_templates.py
[2024-12-19T07:47:35.152-0800] {processor.py:914} INFO - Processing file /Users/rishukhurana/anaconda3/lib/python3.11/site-packages/airflow/example_dags/tutorial_taskflow_templates.py for tasks to queue
[2024-12-19T07:47:35.153-0800] {logging_mixin.py:190} INFO - [2024-12-19T07:47:35.153-0800] {dagbag.py:588} INFO - Filling up the DagBag from /Users/rishukhurana/anaconda3/lib/python3.11/site-packages/airflow/example_dags/tutorial_taskflow_templates.py
[2024-12-19T07:47:35.209-0800] {processor.py:925} INFO - DAG(s) 'tutorial_taskflow_templates' retrieved from /Users/rishukhurana/anaconda3/lib/python3.11/site-packages/airflow/example_dags/tutorial_taskflow_templates.py
[2024-12-19T07:47:35.295-0800] {logging_mixin.py:190} INFO - [2024-12-19T07:47:35.294-0800] {dag.py:3239} INFO - Sync 1 DAGs
[2024-12-19T07:47:35.310-0800] {logging_mixin.py:190} INFO - [2024-12-19T07:47:35.310-0800] {dag.py:4180} INFO - Setting next_dagrun for tutorial_taskflow_templates to 2024-12-18 00:00:00+00:00, run_after=2024-12-19 00:00:00+00:00
[2024-12-19T07:47:35.324-0800] {processor.py:208} INFO - Processing /Users/rishukhurana/anaconda3/lib/python3.11/site-packages/airflow/example_dags/tutorial_taskflow_templates.py took 0.181 seconds
[2024-12-19T07:50:29.662-0800] {processor.py:186} INFO - Started process (PID=63669) to work on /Users/rishukhurana/anaconda3/lib/python3.11/site-packages/airflow/example_dags/tutorial_taskflow_templates.py
[2024-12-19T07:50:29.664-0800] {processor.py:914} INFO - Processing file /Users/rishukhurana/anaconda3/lib/python3.11/site-packages/airflow/example_dags/tutorial_taskflow_templates.py for tasks to queue
[2024-12-19T07:50:29.666-0800] {logging_mixin.py:190} INFO - [2024-12-19T07:50:29.665-0800] {dagbag.py:588} INFO - Filling up the DagBag from /Users/rishukhurana/anaconda3/lib/python3.11/site-packages/airflow/example_dags/tutorial_taskflow_templates.py
[2024-12-19T07:50:29.736-0800] {processor.py:925} INFO - DAG(s) 'tutorial_taskflow_templates' retrieved from /Users/rishukhurana/anaconda3/lib/python3.11/site-packages/airflow/example_dags/tutorial_taskflow_templates.py
[2024-12-19T07:50:29.814-0800] {logging_mixin.py:190} INFO - [2024-12-19T07:50:29.813-0800] {dag.py:3239} INFO - Sync 1 DAGs
[2024-12-19T07:50:29.828-0800] {logging_mixin.py:190} INFO - [2024-12-19T07:50:29.828-0800] {dag.py:4180} INFO - Setting next_dagrun for tutorial_taskflow_templates to 2024-12-18 00:00:00+00:00, run_after=2024-12-19 00:00:00+00:00
[2024-12-19T07:50:29.848-0800] {processor.py:208} INFO - Processing /Users/rishukhurana/anaconda3/lib/python3.11/site-packages/airflow/example_dags/tutorial_taskflow_templates.py took 0.194 seconds
[2024-12-19T07:53:28.503-0800] {processor.py:186} INFO - Started process (PID=63814) to work on /Users/rishukhurana/anaconda3/lib/python3.11/site-packages/airflow/example_dags/tutorial_taskflow_templates.py
[2024-12-19T07:53:28.505-0800] {processor.py:914} INFO - Processing file /Users/rishukhurana/anaconda3/lib/python3.11/site-packages/airflow/example_dags/tutorial_taskflow_templates.py for tasks to queue
[2024-12-19T07:53:28.506-0800] {logging_mixin.py:190} INFO - [2024-12-19T07:53:28.506-0800] {dagbag.py:588} INFO - Filling up the DagBag from /Users/rishukhurana/anaconda3/lib/python3.11/site-packages/airflow/example_dags/tutorial_taskflow_templates.py
[2024-12-19T07:53:28.559-0800] {processor.py:925} INFO - DAG(s) 'tutorial_taskflow_templates' retrieved from /Users/rishukhurana/anaconda3/lib/python3.11/site-packages/airflow/example_dags/tutorial_taskflow_templates.py
[2024-12-19T07:53:28.642-0800] {logging_mixin.py:190} INFO - [2024-12-19T07:53:28.642-0800] {dag.py:3239} INFO - Sync 1 DAGs
[2024-12-19T07:53:28.658-0800] {logging_mixin.py:190} INFO - [2024-12-19T07:53:28.658-0800] {dag.py:4180} INFO - Setting next_dagrun for tutorial_taskflow_templates to 2024-12-18 00:00:00+00:00, run_after=2024-12-19 00:00:00+00:00
[2024-12-19T07:53:28.673-0800] {processor.py:208} INFO - Processing /Users/rishukhurana/anaconda3/lib/python3.11/site-packages/airflow/example_dags/tutorial_taskflow_templates.py took 0.175 seconds
[2024-12-19T07:56:27.365-0800] {processor.py:186} INFO - Started process (PID=63958) to work on /Users/rishukhurana/anaconda3/lib/python3.11/site-packages/airflow/example_dags/tutorial_taskflow_templates.py
[2024-12-19T07:56:27.367-0800] {processor.py:914} INFO - Processing file /Users/rishukhurana/anaconda3/lib/python3.11/site-packages/airflow/example_dags/tutorial_taskflow_templates.py for tasks to queue
[2024-12-19T07:56:27.368-0800] {logging_mixin.py:190} INFO - [2024-12-19T07:56:27.368-0800] {dagbag.py:588} INFO - Filling up the DagBag from /Users/rishukhurana/anaconda3/lib/python3.11/site-packages/airflow/example_dags/tutorial_taskflow_templates.py
[2024-12-19T07:56:27.407-0800] {processor.py:925} INFO - DAG(s) 'tutorial_taskflow_templates' retrieved from /Users/rishukhurana/anaconda3/lib/python3.11/site-packages/airflow/example_dags/tutorial_taskflow_templates.py
[2024-12-19T07:56:27.499-0800] {logging_mixin.py:190} INFO - [2024-12-19T07:56:27.499-0800] {dag.py:3239} INFO - Sync 1 DAGs
[2024-12-19T07:56:27.516-0800] {logging_mixin.py:190} INFO - [2024-12-19T07:56:27.516-0800] {dag.py:4180} INFO - Setting next_dagrun for tutorial_taskflow_templates to 2024-12-18 00:00:00+00:00, run_after=2024-12-19 00:00:00+00:00
[2024-12-19T07:56:27.533-0800] {processor.py:208} INFO - Processing /Users/rishukhurana/anaconda3/lib/python3.11/site-packages/airflow/example_dags/tutorial_taskflow_templates.py took 0.176 seconds
[2024-12-19T07:59:29.883-0800] {processor.py:186} INFO - Started process (PID=64103) to work on /Users/rishukhurana/anaconda3/lib/python3.11/site-packages/airflow/example_dags/tutorial_taskflow_templates.py
[2024-12-19T07:59:29.885-0800] {processor.py:914} INFO - Processing file /Users/rishukhurana/anaconda3/lib/python3.11/site-packages/airflow/example_dags/tutorial_taskflow_templates.py for tasks to queue
[2024-12-19T07:59:29.886-0800] {logging_mixin.py:190} INFO - [2024-12-19T07:59:29.886-0800] {dagbag.py:588} INFO - Filling up the DagBag from /Users/rishukhurana/anaconda3/lib/python3.11/site-packages/airflow/example_dags/tutorial_taskflow_templates.py
[2024-12-19T07:59:29.964-0800] {processor.py:925} INFO - DAG(s) 'tutorial_taskflow_templates' retrieved from /Users/rishukhurana/anaconda3/lib/python3.11/site-packages/airflow/example_dags/tutorial_taskflow_templates.py
[2024-12-19T07:59:30.064-0800] {logging_mixin.py:190} INFO - [2024-12-19T07:59:30.064-0800] {dag.py:3239} INFO - Sync 1 DAGs
[2024-12-19T07:59:30.081-0800] {logging_mixin.py:190} INFO - [2024-12-19T07:59:30.080-0800] {dag.py:4180} INFO - Setting next_dagrun for tutorial_taskflow_templates to 2024-12-18 00:00:00+00:00, run_after=2024-12-19 00:00:00+00:00
[2024-12-19T07:59:30.095-0800] {processor.py:208} INFO - Processing /Users/rishukhurana/anaconda3/lib/python3.11/site-packages/airflow/example_dags/tutorial_taskflow_templates.py took 0.217 seconds
[2024-12-19T08:02:28.213-0800] {processor.py:186} INFO - Started process (PID=64249) to work on /Users/rishukhurana/anaconda3/lib/python3.11/site-packages/airflow/example_dags/tutorial_taskflow_templates.py
[2024-12-19T08:02:28.215-0800] {processor.py:914} INFO - Processing file /Users/rishukhurana/anaconda3/lib/python3.11/site-packages/airflow/example_dags/tutorial_taskflow_templates.py for tasks to queue
[2024-12-19T08:02:28.216-0800] {logging_mixin.py:190} INFO - [2024-12-19T08:02:28.216-0800] {dagbag.py:588} INFO - Filling up the DagBag from /Users/rishukhurana/anaconda3/lib/python3.11/site-packages/airflow/example_dags/tutorial_taskflow_templates.py
[2024-12-19T08:02:28.253-0800] {processor.py:925} INFO - DAG(s) 'tutorial_taskflow_templates' retrieved from /Users/rishukhurana/anaconda3/lib/python3.11/site-packages/airflow/example_dags/tutorial_taskflow_templates.py
[2024-12-19T08:02:28.342-0800] {logging_mixin.py:190} INFO - [2024-12-19T08:02:28.341-0800] {dag.py:3239} INFO - Sync 1 DAGs
[2024-12-19T08:02:28.358-0800] {logging_mixin.py:190} INFO - [2024-12-19T08:02:28.358-0800] {dag.py:4180} INFO - Setting next_dagrun for tutorial_taskflow_templates to 2024-12-18 00:00:00+00:00, run_after=2024-12-19 00:00:00+00:00
[2024-12-19T08:02:28.380-0800] {processor.py:208} INFO - Processing /Users/rishukhurana/anaconda3/lib/python3.11/site-packages/airflow/example_dags/tutorial_taskflow_templates.py took 0.174 seconds
[2024-12-19T08:05:42.896-0800] {processor.py:186} INFO - Started process (PID=64395) to work on /Users/rishukhurana/anaconda3/lib/python3.11/site-packages/airflow/example_dags/tutorial_taskflow_templates.py
[2024-12-19T08:05:42.898-0800] {processor.py:914} INFO - Processing file /Users/rishukhurana/anaconda3/lib/python3.11/site-packages/airflow/example_dags/tutorial_taskflow_templates.py for tasks to queue
[2024-12-19T08:05:42.899-0800] {logging_mixin.py:190} INFO - [2024-12-19T08:05:42.899-0800] {dagbag.py:588} INFO - Filling up the DagBag from /Users/rishukhurana/anaconda3/lib/python3.11/site-packages/airflow/example_dags/tutorial_taskflow_templates.py
[2024-12-19T08:05:42.969-0800] {processor.py:925} INFO - DAG(s) 'tutorial_taskflow_templates' retrieved from /Users/rishukhurana/anaconda3/lib/python3.11/site-packages/airflow/example_dags/tutorial_taskflow_templates.py
[2024-12-19T08:05:43.059-0800] {logging_mixin.py:190} INFO - [2024-12-19T08:05:43.058-0800] {dag.py:3239} INFO - Sync 1 DAGs
[2024-12-19T08:05:43.075-0800] {logging_mixin.py:190} INFO - [2024-12-19T08:05:43.074-0800] {dag.py:4180} INFO - Setting next_dagrun for tutorial_taskflow_templates to 2024-12-18 00:00:00+00:00, run_after=2024-12-19 00:00:00+00:00
[2024-12-19T08:05:43.091-0800] {processor.py:208} INFO - Processing /Users/rishukhurana/anaconda3/lib/python3.11/site-packages/airflow/example_dags/tutorial_taskflow_templates.py took 0.202 seconds
[2024-12-19T08:09:06.048-0800] {processor.py:186} INFO - Started process (PID=64550) to work on /Users/rishukhurana/anaconda3/lib/python3.11/site-packages/airflow/example_dags/tutorial_taskflow_templates.py
[2024-12-19T08:09:06.050-0800] {processor.py:914} INFO - Processing file /Users/rishukhurana/anaconda3/lib/python3.11/site-packages/airflow/example_dags/tutorial_taskflow_templates.py for tasks to queue
[2024-12-19T08:09:06.052-0800] {logging_mixin.py:190} INFO - [2024-12-19T08:09:06.051-0800] {dagbag.py:588} INFO - Filling up the DagBag from /Users/rishukhurana/anaconda3/lib/python3.11/site-packages/airflow/example_dags/tutorial_taskflow_templates.py
[2024-12-19T08:09:06.140-0800] {processor.py:925} INFO - DAG(s) 'tutorial_taskflow_templates' retrieved from /Users/rishukhurana/anaconda3/lib/python3.11/site-packages/airflow/example_dags/tutorial_taskflow_templates.py
[2024-12-19T08:09:06.247-0800] {logging_mixin.py:190} INFO - [2024-12-19T08:09:06.246-0800] {dag.py:3239} INFO - Sync 1 DAGs
[2024-12-19T08:09:06.271-0800] {logging_mixin.py:190} INFO - [2024-12-19T08:09:06.271-0800] {dag.py:4180} INFO - Setting next_dagrun for tutorial_taskflow_templates to 2024-12-18 00:00:00+00:00, run_after=2024-12-19 00:00:00+00:00
[2024-12-19T08:09:06.292-0800] {processor.py:208} INFO - Processing /Users/rishukhurana/anaconda3/lib/python3.11/site-packages/airflow/example_dags/tutorial_taskflow_templates.py took 0.250 seconds
[2024-12-19T08:12:19.592-0800] {processor.py:186} INFO - Started process (PID=64699) to work on /Users/rishukhurana/anaconda3/lib/python3.11/site-packages/airflow/example_dags/tutorial_taskflow_templates.py
[2024-12-19T08:12:19.595-0800] {processor.py:914} INFO - Processing file /Users/rishukhurana/anaconda3/lib/python3.11/site-packages/airflow/example_dags/tutorial_taskflow_templates.py for tasks to queue
[2024-12-19T08:12:19.596-0800] {logging_mixin.py:190} INFO - [2024-12-19T08:12:19.596-0800] {dagbag.py:588} INFO - Filling up the DagBag from /Users/rishukhurana/anaconda3/lib/python3.11/site-packages/airflow/example_dags/tutorial_taskflow_templates.py
[2024-12-19T08:12:19.675-0800] {processor.py:925} INFO - DAG(s) 'tutorial_taskflow_templates' retrieved from /Users/rishukhurana/anaconda3/lib/python3.11/site-packages/airflow/example_dags/tutorial_taskflow_templates.py
[2024-12-19T08:12:19.762-0800] {logging_mixin.py:190} INFO - [2024-12-19T08:12:19.761-0800] {dag.py:3239} INFO - Sync 1 DAGs
[2024-12-19T08:12:19.778-0800] {logging_mixin.py:190} INFO - [2024-12-19T08:12:19.778-0800] {dag.py:4180} INFO - Setting next_dagrun for tutorial_taskflow_templates to 2024-12-18 00:00:00+00:00, run_after=2024-12-19 00:00:00+00:00
[2024-12-19T08:12:19.794-0800] {processor.py:208} INFO - Processing /Users/rishukhurana/anaconda3/lib/python3.11/site-packages/airflow/example_dags/tutorial_taskflow_templates.py took 0.209 seconds
[2024-12-19T08:15:45.141-0800] {processor.py:186} INFO - Started process (PID=64850) to work on /Users/rishukhurana/anaconda3/lib/python3.11/site-packages/airflow/example_dags/tutorial_taskflow_templates.py
[2024-12-19T08:15:45.144-0800] {processor.py:914} INFO - Processing file /Users/rishukhurana/anaconda3/lib/python3.11/site-packages/airflow/example_dags/tutorial_taskflow_templates.py for tasks to queue
[2024-12-19T08:15:45.145-0800] {logging_mixin.py:190} INFO - [2024-12-19T08:15:45.145-0800] {dagbag.py:588} INFO - Filling up the DagBag from /Users/rishukhurana/anaconda3/lib/python3.11/site-packages/airflow/example_dags/tutorial_taskflow_templates.py
[2024-12-19T08:15:45.227-0800] {processor.py:925} INFO - DAG(s) 'tutorial_taskflow_templates' retrieved from /Users/rishukhurana/anaconda3/lib/python3.11/site-packages/airflow/example_dags/tutorial_taskflow_templates.py
[2024-12-19T08:15:45.334-0800] {logging_mixin.py:190} INFO - [2024-12-19T08:15:45.334-0800] {dag.py:3239} INFO - Sync 1 DAGs
[2024-12-19T08:15:45.360-0800] {logging_mixin.py:190} INFO - [2024-12-19T08:15:45.359-0800] {dag.py:4180} INFO - Setting next_dagrun for tutorial_taskflow_templates to 2024-12-18 00:00:00+00:00, run_after=2024-12-19 00:00:00+00:00
[2024-12-19T08:15:45.384-0800] {processor.py:208} INFO - Processing /Users/rishukhurana/anaconda3/lib/python3.11/site-packages/airflow/example_dags/tutorial_taskflow_templates.py took 0.249 seconds
[2024-12-19T08:19:04.918-0800] {processor.py:186} INFO - Started process (PID=65011) to work on /Users/rishukhurana/anaconda3/lib/python3.11/site-packages/airflow/example_dags/tutorial_taskflow_templates.py
[2024-12-19T08:19:04.920-0800] {processor.py:914} INFO - Processing file /Users/rishukhurana/anaconda3/lib/python3.11/site-packages/airflow/example_dags/tutorial_taskflow_templates.py for tasks to queue
[2024-12-19T08:19:04.921-0800] {logging_mixin.py:190} INFO - [2024-12-19T08:19:04.921-0800] {dagbag.py:588} INFO - Filling up the DagBag from /Users/rishukhurana/anaconda3/lib/python3.11/site-packages/airflow/example_dags/tutorial_taskflow_templates.py
[2024-12-19T08:19:05.005-0800] {processor.py:925} INFO - DAG(s) 'tutorial_taskflow_templates' retrieved from /Users/rishukhurana/anaconda3/lib/python3.11/site-packages/airflow/example_dags/tutorial_taskflow_templates.py
[2024-12-19T08:19:05.118-0800] {logging_mixin.py:190} INFO - [2024-12-19T08:19:05.118-0800] {dag.py:3239} INFO - Sync 1 DAGs
[2024-12-19T08:19:05.141-0800] {logging_mixin.py:190} INFO - [2024-12-19T08:19:05.141-0800] {dag.py:4180} INFO - Setting next_dagrun for tutorial_taskflow_templates to 2024-12-18 00:00:00+00:00, run_after=2024-12-19 00:00:00+00:00
[2024-12-19T08:19:05.163-0800] {processor.py:208} INFO - Processing /Users/rishukhurana/anaconda3/lib/python3.11/site-packages/airflow/example_dags/tutorial_taskflow_templates.py took 0.252 seconds
[2024-12-19T08:22:19.930-0800] {processor.py:186} INFO - Started process (PID=65163) to work on /Users/rishukhurana/anaconda3/lib/python3.11/site-packages/airflow/example_dags/tutorial_taskflow_templates.py
[2024-12-19T08:22:19.932-0800] {processor.py:914} INFO - Processing file /Users/rishukhurana/anaconda3/lib/python3.11/site-packages/airflow/example_dags/tutorial_taskflow_templates.py for tasks to queue
[2024-12-19T08:22:19.933-0800] {logging_mixin.py:190} INFO - [2024-12-19T08:22:19.933-0800] {dagbag.py:588} INFO - Filling up the DagBag from /Users/rishukhurana/anaconda3/lib/python3.11/site-packages/airflow/example_dags/tutorial_taskflow_templates.py
[2024-12-19T08:22:19.972-0800] {processor.py:925} INFO - DAG(s) 'tutorial_taskflow_templates' retrieved from /Users/rishukhurana/anaconda3/lib/python3.11/site-packages/airflow/example_dags/tutorial_taskflow_templates.py
[2024-12-19T08:22:20.064-0800] {logging_mixin.py:190} INFO - [2024-12-19T08:22:20.063-0800] {dag.py:3239} INFO - Sync 1 DAGs
[2024-12-19T08:22:20.081-0800] {logging_mixin.py:190} INFO - [2024-12-19T08:22:20.081-0800] {dag.py:4180} INFO - Setting next_dagrun for tutorial_taskflow_templates to 2024-12-18 00:00:00+00:00, run_after=2024-12-19 00:00:00+00:00
[2024-12-19T08:22:20.106-0800] {processor.py:208} INFO - Processing /Users/rishukhurana/anaconda3/lib/python3.11/site-packages/airflow/example_dags/tutorial_taskflow_templates.py took 0.183 seconds
[2024-12-19T08:25:35.684-0800] {processor.py:186} INFO - Started process (PID=65318) to work on /Users/rishukhurana/anaconda3/lib/python3.11/site-packages/airflow/example_dags/tutorial_taskflow_templates.py
[2024-12-19T08:25:35.687-0800] {processor.py:914} INFO - Processing file /Users/rishukhurana/anaconda3/lib/python3.11/site-packages/airflow/example_dags/tutorial_taskflow_templates.py for tasks to queue
[2024-12-19T08:25:35.688-0800] {logging_mixin.py:190} INFO - [2024-12-19T08:25:35.688-0800] {dagbag.py:588} INFO - Filling up the DagBag from /Users/rishukhurana/anaconda3/lib/python3.11/site-packages/airflow/example_dags/tutorial_taskflow_templates.py
[2024-12-19T08:25:35.743-0800] {processor.py:925} INFO - DAG(s) 'tutorial_taskflow_templates' retrieved from /Users/rishukhurana/anaconda3/lib/python3.11/site-packages/airflow/example_dags/tutorial_taskflow_templates.py
[2024-12-19T08:25:35.834-0800] {logging_mixin.py:190} INFO - [2024-12-19T08:25:35.834-0800] {dag.py:3239} INFO - Sync 1 DAGs
[2024-12-19T08:25:35.851-0800] {logging_mixin.py:190} INFO - [2024-12-19T08:25:35.851-0800] {dag.py:4180} INFO - Setting next_dagrun for tutorial_taskflow_templates to 2024-12-18 00:00:00+00:00, run_after=2024-12-19 00:00:00+00:00
[2024-12-19T08:25:35.867-0800] {processor.py:208} INFO - Processing /Users/rishukhurana/anaconda3/lib/python3.11/site-packages/airflow/example_dags/tutorial_taskflow_templates.py took 0.191 seconds
[2024-12-19T08:28:48.748-0800] {processor.py:186} INFO - Started process (PID=65466) to work on /Users/rishukhurana/anaconda3/lib/python3.11/site-packages/airflow/example_dags/tutorial_taskflow_templates.py
[2024-12-19T08:28:48.750-0800] {processor.py:914} INFO - Processing file /Users/rishukhurana/anaconda3/lib/python3.11/site-packages/airflow/example_dags/tutorial_taskflow_templates.py for tasks to queue
[2024-12-19T08:28:48.751-0800] {logging_mixin.py:190} INFO - [2024-12-19T08:28:48.751-0800] {dagbag.py:588} INFO - Filling up the DagBag from /Users/rishukhurana/anaconda3/lib/python3.11/site-packages/airflow/example_dags/tutorial_taskflow_templates.py
[2024-12-19T08:28:48.802-0800] {processor.py:925} INFO - DAG(s) 'tutorial_taskflow_templates' retrieved from /Users/rishukhurana/anaconda3/lib/python3.11/site-packages/airflow/example_dags/tutorial_taskflow_templates.py
[2024-12-19T08:28:48.891-0800] {logging_mixin.py:190} INFO - [2024-12-19T08:28:48.891-0800] {dag.py:3239} INFO - Sync 1 DAGs
[2024-12-19T08:28:48.908-0800] {logging_mixin.py:190} INFO - [2024-12-19T08:28:48.907-0800] {dag.py:4180} INFO - Setting next_dagrun for tutorial_taskflow_templates to 2024-12-18 00:00:00+00:00, run_after=2024-12-19 00:00:00+00:00
[2024-12-19T08:28:48.934-0800] {processor.py:208} INFO - Processing /Users/rishukhurana/anaconda3/lib/python3.11/site-packages/airflow/example_dags/tutorial_taskflow_templates.py took 0.193 seconds
[2024-12-19T09:07:51.376-0800] {processor.py:186} INFO - Started process (PID=65650) to work on /Users/rishukhurana/anaconda3/lib/python3.11/site-packages/airflow/example_dags/tutorial_taskflow_templates.py
[2024-12-19T09:07:51.377-0800] {processor.py:914} INFO - Processing file /Users/rishukhurana/anaconda3/lib/python3.11/site-packages/airflow/example_dags/tutorial_taskflow_templates.py for tasks to queue
[2024-12-19T09:07:51.379-0800] {logging_mixin.py:190} INFO - [2024-12-19T09:07:51.379-0800] {dagbag.py:588} INFO - Filling up the DagBag from /Users/rishukhurana/anaconda3/lib/python3.11/site-packages/airflow/example_dags/tutorial_taskflow_templates.py
[2024-12-19T09:07:51.448-0800] {processor.py:925} INFO - DAG(s) 'tutorial_taskflow_templates' retrieved from /Users/rishukhurana/anaconda3/lib/python3.11/site-packages/airflow/example_dags/tutorial_taskflow_templates.py
[2024-12-19T09:07:51.538-0800] {logging_mixin.py:190} INFO - [2024-12-19T09:07:51.537-0800] {dag.py:3239} INFO - Sync 1 DAGs
[2024-12-19T09:07:51.554-0800] {logging_mixin.py:190} INFO - [2024-12-19T09:07:51.553-0800] {dag.py:4180} INFO - Setting next_dagrun for tutorial_taskflow_templates to 2024-12-18 00:00:00+00:00, run_after=2024-12-19 00:00:00+00:00
[2024-12-19T09:07:51.568-0800] {processor.py:208} INFO - Processing /Users/rishukhurana/anaconda3/lib/python3.11/site-packages/airflow/example_dags/tutorial_taskflow_templates.py took 0.199 seconds
[2024-12-19T12:02:32.666-0800] {processor.py:186} INFO - Started process (PID=65943) to work on /Users/rishukhurana/anaconda3/lib/python3.11/site-packages/airflow/example_dags/tutorial_taskflow_templates.py
[2024-12-19T12:02:32.674-0800] {processor.py:914} INFO - Processing file /Users/rishukhurana/anaconda3/lib/python3.11/site-packages/airflow/example_dags/tutorial_taskflow_templates.py for tasks to queue
[2024-12-19T12:02:32.681-0800] {logging_mixin.py:190} INFO - [2024-12-19T12:02:32.680-0800] {dagbag.py:588} INFO - Filling up the DagBag from /Users/rishukhurana/anaconda3/lib/python3.11/site-packages/airflow/example_dags/tutorial_taskflow_templates.py
[2024-12-19T12:02:33.027-0800] {processor.py:925} INFO - DAG(s) 'tutorial_taskflow_templates' retrieved from /Users/rishukhurana/anaconda3/lib/python3.11/site-packages/airflow/example_dags/tutorial_taskflow_templates.py
[2024-12-19T12:02:33.823-0800] {logging_mixin.py:190} INFO - [2024-12-19T12:02:33.821-0800] {dag.py:3239} INFO - Sync 1 DAGs
[2024-12-19T12:02:33.954-0800] {logging_mixin.py:190} INFO - [2024-12-19T12:02:33.952-0800] {dag.py:4180} INFO - Setting next_dagrun for tutorial_taskflow_templates to 2024-12-18 00:00:00+00:00, run_after=2024-12-19 00:00:00+00:00
[2024-12-19T12:02:34.071-0800] {processor.py:208} INFO - Processing /Users/rishukhurana/anaconda3/lib/python3.11/site-packages/airflow/example_dags/tutorial_taskflow_templates.py took 1.461 seconds
